Namespace(K=3, backbone_type='gat', causal_align_weight=0.1, causal_hidden_channels=0, causal_loss_weight=1.0, combine_result=True, cpu=False, data_dir='./data/', dataset='pubmed', device=0, display_step=1, dropout=0.1, env_type='graph', epochs=500, expert_agg='mean', gate_hidden=64, hidden_channels=64, infer_env=False, infer_env_components=64, infer_env_iters=30, infer_env_num=3, lamda=0.5, lr=0.005, num_layers=2, other_env_irm_lambda=1.0, other_env_loss_agg='mean', other_env_loss_temp=1.0, other_env_objective='irm', other_env_reduce='env', pos_weight=5.0, result_name='pubmed_stage1_gat_reduced_lr0.005_weight_decay5e-05_dropout0.1_lamda0.5_K3_hidden_channels64_other_env_reduceenv', runs=2, seed=2024, store_result=True, tau=1.0, use_bn=False, use_causal_head=False, variant=False, weight_decay=5e-05)
using existing synthetic data...
dataset pubmed: all nodes 118302 | edges 531888 | classes 3 | feats 510
train nodes 29575 | valid nodes 14788 | test in nodes 14788
test ood1 nodes 59151 
[INFO] env numbers: 6 train env numbers: 3
MODEL: CaNet(
  (experts): ModuleList(
    (0): ExpertNet(
      (convs): ModuleList(
        (0): CaNetConv(
          (leakyrelu): LeakyReLU(negative_slope=0.01)
        )
        (1): CaNetConv(
          (leakyrelu): LeakyReLU(negative_slope=0.01)
        )
      )
      (fcs): ModuleList(
        (0): Linear(in_features=510, out_features=64, bias=True)
        (1): Linear(in_features=64, out_features=3, bias=True)
      )
      (act_fn): ReLU()
    )
    (1): ExpertNet(
      (convs): ModuleList(
        (0): CaNetConv(
          (leakyrelu): LeakyReLU(negative_slope=0.01)
        )
        (1): CaNetConv(
          (leakyrelu): LeakyReLU(negative_slope=0.01)
        )
      )
      (fcs): ModuleList(
        (0): Linear(in_features=510, out_features=64, bias=True)
        (1): Linear(in_features=64, out_features=3, bias=True)
      )
      (act_fn): ReLU()
    )
    (2): ExpertNet(
      (convs): ModuleList(
        (0): CaNetConv(
          (leakyrelu): LeakyReLU(negative_slope=0.01)
        )
        (1): CaNetConv(
          (leakyrelu): LeakyReLU(negative_slope=0.01)
        )
      )
      (fcs): ModuleList(
        (0): Linear(in_features=510, out_features=64, bias=True)
        (1): Linear(in_features=64, out_features=3, bias=True)
      )
      (act_fn): ReLU()
    )
  )
  (gate): Sequential(
    (0): Linear(in_features=510, out_features=64, bias=True)
    (1): ReLU()
    (2): Linear(in_features=64, out_features=3, bias=True)
  )
)
[INFO] TensorBoard logging activated. Logs will be saved to: ./runs/pubmed/Apr19_16-00-36_lamda_0.5_otheragg_mean
Epoch: 00, Loss: 4.9689, Train: 45.18%, Valid: 44.68%, Test In: 45.43% Test OOD1: 39.25% 
Epoch: 01, Loss: 4.8641, Train: 59.97%, Valid: 59.65%, Test In: 60.19% Test OOD1: 39.80% 
Epoch: 02, Loss: 4.7506, Train: 64.84%, Valid: 64.48%, Test In: 65.47% Test OOD1: 42.23% 
Epoch: 03, Loss: 4.6075, Train: 67.16%, Valid: 66.73%, Test In: 67.78% Test OOD1: 44.68% 
Epoch: 04, Loss: 4.4293, Train: 68.63%, Valid: 68.15%, Test In: 69.11% Test OOD1: 46.63% 
Epoch: 05, Loss: 4.2178, Train: 69.63%, Valid: 69.25%, Test In: 70.21% Test OOD1: 48.10% 
Epoch: 06, Loss: 3.9778, Train: 70.64%, Valid: 70.31%, Test In: 71.06% Test OOD1: 49.39% 
Epoch: 07, Loss: 3.7007, Train: 71.37%, Valid: 71.09%, Test In: 71.97% Test OOD1: 50.77% 
Epoch: 08, Loss: 3.4068, Train: 72.02%, Valid: 71.69%, Test In: 72.42% Test OOD1: 52.57% 
Epoch: 09, Loss: 3.1086, Train: 72.50%, Valid: 72.20%, Test In: 72.89% Test OOD1: 55.32% 
Epoch: 10, Loss: 2.8380, Train: 74.05%, Valid: 73.55%, Test In: 74.43% Test OOD1: 59.20% 
Epoch: 11, Loss: 2.6139, Train: 76.76%, Valid: 76.14%, Test In: 77.22% Test OOD1: 62.00% 
Epoch: 12, Loss: 2.4314, Train: 80.97%, Valid: 80.61%, Test In: 81.19% Test OOD1: 63.34% 
Epoch: 13, Loss: 2.2717, Train: 84.57%, Valid: 84.54%, Test In: 84.85% Test OOD1: 63.49% 
Epoch: 14, Loss: 2.1598, Train: 86.10%, Valid: 86.16%, Test In: 86.18% Test OOD1: 63.50% 
Epoch: 15, Loss: 2.0668, Train: 86.55%, Valid: 86.73%, Test In: 86.87% Test OOD1: 64.27% 
Epoch: 16, Loss: 2.0078, Train: 86.83%, Valid: 86.97%, Test In: 87.26% Test OOD1: 65.89% 
Epoch: 17, Loss: 1.9478, Train: 87.19%, Valid: 87.27%, Test In: 87.37% Test OOD1: 67.10% 
Epoch: 18, Loss: 1.9057, Train: 87.43%, Valid: 87.50%, Test In: 87.70% Test OOD1: 67.69% 
Epoch: 19, Loss: 1.8381, Train: 87.64%, Valid: 87.77%, Test In: 87.81% Test OOD1: 67.95% 
Epoch: 20, Loss: 1.7849, Train: 87.75%, Valid: 87.93%, Test In: 88.10% Test OOD1: 68.55% 
Epoch: 21, Loss: 1.7223, Train: 87.97%, Valid: 88.11%, Test In: 88.32% Test OOD1: 69.00% 
Epoch: 22, Loss: 1.6627, Train: 88.29%, Valid: 88.32%, Test In: 88.46% Test OOD1: 69.51% 
Epoch: 23, Loss: 1.6094, Train: 88.47%, Valid: 88.54%, Test In: 88.56% Test OOD1: 69.86% 
Epoch: 24, Loss: 1.5802, Train: 88.51%, Valid: 88.66%, Test In: 88.61% Test OOD1: 69.40% 
Epoch: 25, Loss: 1.5401, Train: 88.66%, Valid: 88.74%, Test In: 88.61% Test OOD1: 69.35% 
Epoch: 26, Loss: 1.5273, Train: 88.71%, Valid: 88.82%, Test In: 88.75% Test OOD1: 69.72% 
Epoch: 27, Loss: 1.5072, Train: 88.84%, Valid: 89.00%, Test In: 88.71% Test OOD1: 69.07% 
Epoch: 28, Loss: 1.4949, Train: 88.97%, Valid: 89.08%, Test In: 88.87% Test OOD1: 68.10% 
Epoch: 29, Loss: 1.4841, Train: 89.03%, Valid: 89.32%, Test In: 89.05% Test OOD1: 67.85% 
Epoch: 30, Loss: 1.4788, Train: 89.27%, Valid: 89.30%, Test In: 89.27% Test OOD1: 67.78% 
Epoch: 31, Loss: 1.4698, Train: 89.31%, Valid: 89.34%, Test In: 89.26% Test OOD1: 67.06% 
Epoch: 32, Loss: 1.4438, Train: 89.32%, Valid: 89.38%, Test In: 89.42% Test OOD1: 66.10% 
Epoch: 33, Loss: 1.4215, Train: 89.52%, Valid: 89.47%, Test In: 89.61% Test OOD1: 65.88% 
Epoch: 34, Loss: 1.4045, Train: 89.77%, Valid: 89.52%, Test In: 89.76% Test OOD1: 65.95% 
Epoch: 35, Loss: 1.3859, Train: 89.85%, Valid: 89.68%, Test In: 89.86% Test OOD1: 65.34% 
Epoch: 36, Loss: 1.3647, Train: 90.04%, Valid: 89.84%, Test In: 89.95% Test OOD1: 64.57% 
Epoch: 37, Loss: 1.3574, Train: 90.17%, Valid: 89.94%, Test In: 90.03% Test OOD1: 64.22% 
Epoch: 38, Loss: 1.3387, Train: 90.24%, Valid: 90.11%, Test In: 90.18% Test OOD1: 63.90% 
Epoch: 39, Loss: 1.3299, Train: 90.34%, Valid: 90.22%, Test In: 90.30% Test OOD1: 63.82% 
Epoch: 40, Loss: 1.3192, Train: 90.45%, Valid: 90.24%, Test In: 90.31% Test OOD1: 63.40% 
Epoch: 41, Loss: 1.3225, Train: 90.50%, Valid: 90.32%, Test In: 90.36% Test OOD1: 63.36% 
Epoch: 42, Loss: 1.3039, Train: 90.57%, Valid: 90.32%, Test In: 90.40% Test OOD1: 63.58% 
Epoch: 43, Loss: 1.2969, Train: 90.62%, Valid: 90.39%, Test In: 90.44% Test OOD1: 63.79% 
Epoch: 44, Loss: 1.2865, Train: 90.66%, Valid: 90.44%, Test In: 90.48% Test OOD1: 64.07% 
Epoch: 45, Loss: 1.2749, Train: 90.68%, Valid: 90.49%, Test In: 90.50% Test OOD1: 64.37% 
Epoch: 46, Loss: 1.2705, Train: 90.70%, Valid: 90.55%, Test In: 90.54% Test OOD1: 64.55% 
Epoch: 47, Loss: 1.2565, Train: 90.72%, Valid: 90.57%, Test In: 90.56% Test OOD1: 64.74% 
Epoch: 48, Loss: 1.2509, Train: 90.76%, Valid: 90.67%, Test In: 90.61% Test OOD1: 64.84% 
Epoch: 49, Loss: 1.2524, Train: 90.79%, Valid: 90.74%, Test In: 90.70% Test OOD1: 65.07% 
Epoch: 50, Loss: 1.2385, Train: 90.88%, Valid: 90.82%, Test In: 90.78% Test OOD1: 65.17% 
Epoch: 51, Loss: 1.2320, Train: 90.93%, Valid: 90.87%, Test In: 90.79% Test OOD1: 64.94% 
Epoch: 52, Loss: 1.2322, Train: 90.99%, Valid: 90.91%, Test In: 90.90% Test OOD1: 64.61% 
Epoch: 53, Loss: 1.2245, Train: 91.05%, Valid: 90.93%, Test In: 90.89% Test OOD1: 64.38% 
Epoch: 54, Loss: 1.2155, Train: 91.10%, Valid: 91.01%, Test In: 91.06% Test OOD1: 64.42% 
Epoch: 55, Loss: 1.2107, Train: 91.19%, Valid: 91.06%, Test In: 91.13% Test OOD1: 64.48% 
Epoch: 56, Loss: 1.2057, Train: 91.20%, Valid: 91.07%, Test In: 91.18% Test OOD1: 64.37% 
Epoch: 57, Loss: 1.1979, Train: 91.20%, Valid: 91.10%, Test In: 91.16% Test OOD1: 64.09% 
Epoch: 58, Loss: 1.1914, Train: 91.25%, Valid: 91.09%, Test In: 91.17% Test OOD1: 64.04% 
Epoch: 59, Loss: 1.1860, Train: 91.28%, Valid: 91.05%, Test In: 91.21% Test OOD1: 64.13% 
Epoch: 60, Loss: 1.1799, Train: 91.35%, Valid: 91.12%, Test In: 91.23% Test OOD1: 64.21% 
Epoch: 61, Loss: 1.1788, Train: 91.39%, Valid: 91.20%, Test In: 91.22% Test OOD1: 64.07% 
Epoch: 62, Loss: 1.1788, Train: 91.41%, Valid: 91.22%, Test In: 91.26% Test OOD1: 63.94% 
Epoch: 63, Loss: 1.1721, Train: 91.44%, Valid: 91.27%, Test In: 91.30% Test OOD1: 64.04% 
Epoch: 64, Loss: 1.1633, Train: 91.50%, Valid: 91.28%, Test In: 91.37% Test OOD1: 64.06% 
Epoch: 65, Loss: 1.1586, Train: 91.53%, Valid: 91.34%, Test In: 91.47% Test OOD1: 64.06% 
Epoch: 66, Loss: 1.1571, Train: 91.55%, Valid: 91.37%, Test In: 91.50% Test OOD1: 63.93% 
Epoch: 67, Loss: 1.1505, Train: 91.58%, Valid: 91.42%, Test In: 91.53% Test OOD1: 64.08% 
Epoch: 68, Loss: 1.1449, Train: 91.67%, Valid: 91.43%, Test In: 91.55% Test OOD1: 64.37% 
Epoch: 69, Loss: 1.1422, Train: 91.71%, Valid: 91.47%, Test In: 91.59% Test OOD1: 64.47% 
Epoch: 70, Loss: 1.1368, Train: 91.73%, Valid: 91.50%, Test In: 91.55% Test OOD1: 64.39% 
Epoch: 71, Loss: 1.1279, Train: 91.78%, Valid: 91.49%, Test In: 91.51% Test OOD1: 64.39% 
Epoch: 72, Loss: 1.1294, Train: 91.84%, Valid: 91.53%, Test In: 91.59% Test OOD1: 64.50% 
Epoch: 73, Loss: 1.1225, Train: 91.85%, Valid: 91.55%, Test In: 91.61% Test OOD1: 64.65% 
Epoch: 74, Loss: 1.1186, Train: 91.92%, Valid: 91.57%, Test In: 91.61% Test OOD1: 64.76% 
Epoch: 75, Loss: 1.1165, Train: 91.95%, Valid: 91.59%, Test In: 91.65% Test OOD1: 64.69% 
Epoch: 76, Loss: 1.1125, Train: 91.98%, Valid: 91.57%, Test In: 91.68% Test OOD1: 64.62% 
Epoch: 77, Loss: 1.1053, Train: 92.04%, Valid: 91.57%, Test In: 91.66% Test OOD1: 64.73% 
Epoch: 78, Loss: 1.1058, Train: 92.13%, Valid: 91.64%, Test In: 91.72% Test OOD1: 64.91% 
Epoch: 79, Loss: 1.1017, Train: 92.14%, Valid: 91.65%, Test In: 91.73% Test OOD1: 64.86% 
Epoch: 80, Loss: 1.0999, Train: 92.17%, Valid: 91.66%, Test In: 91.78% Test OOD1: 64.81% 
Epoch: 81, Loss: 1.0987, Train: 92.18%, Valid: 91.65%, Test In: 91.76% Test OOD1: 64.75% 
Epoch: 82, Loss: 1.0900, Train: 92.20%, Valid: 91.65%, Test In: 91.80% Test OOD1: 64.82% 
Epoch: 83, Loss: 1.0897, Train: 92.26%, Valid: 91.68%, Test In: 91.80% Test OOD1: 65.07% 
Epoch: 84, Loss: 1.0852, Train: 92.25%, Valid: 91.70%, Test In: 91.80% Test OOD1: 64.90% 
Epoch: 85, Loss: 1.0812, Train: 92.26%, Valid: 91.74%, Test In: 91.80% Test OOD1: 64.78% 
Epoch: 86, Loss: 1.0767, Train: 92.33%, Valid: 91.71%, Test In: 91.87% Test OOD1: 65.11% 
Epoch: 87, Loss: 1.0657, Train: 92.37%, Valid: 91.78%, Test In: 91.84% Test OOD1: 65.36% 
Epoch: 88, Loss: 1.0707, Train: 92.38%, Valid: 91.81%, Test In: 91.89% Test OOD1: 65.20% 
Epoch: 89, Loss: 1.0641, Train: 92.42%, Valid: 91.81%, Test In: 91.92% Test OOD1: 65.14% 
Epoch: 90, Loss: 1.0606, Train: 92.46%, Valid: 91.80%, Test In: 91.97% Test OOD1: 65.39% 
Epoch: 91, Loss: 1.0599, Train: 92.46%, Valid: 91.86%, Test In: 91.95% Test OOD1: 65.48% 
Epoch: 92, Loss: 1.0574, Train: 92.52%, Valid: 91.89%, Test In: 91.94% Test OOD1: 65.59% 
Epoch: 93, Loss: 1.0510, Train: 92.53%, Valid: 91.92%, Test In: 92.02% Test OOD1: 65.76% 
Epoch: 94, Loss: 1.0474, Train: 92.56%, Valid: 91.95%, Test In: 91.99% Test OOD1: 65.69% 
Epoch: 95, Loss: 1.0484, Train: 92.56%, Valid: 92.01%, Test In: 91.91% Test OOD1: 65.56% 
Epoch: 96, Loss: 1.0447, Train: 92.61%, Valid: 91.99%, Test In: 91.96% Test OOD1: 65.76% 
Epoch: 97, Loss: 1.0429, Train: 92.61%, Valid: 92.00%, Test In: 92.04% Test OOD1: 65.93% 
Epoch: 98, Loss: 1.0372, Train: 92.63%, Valid: 92.01%, Test In: 91.98% Test OOD1: 66.17% 
Epoch: 99, Loss: 1.0358, Train: 92.68%, Valid: 92.05%, Test In: 92.00% Test OOD1: 66.28% 
Epoch: 100, Loss: 1.0352, Train: 92.68%, Valid: 92.08%, Test In: 92.00% Test OOD1: 66.09% 
Epoch: 101, Loss: 1.0283, Train: 92.73%, Valid: 92.07%, Test In: 92.06% Test OOD1: 66.32% 
Epoch: 102, Loss: 1.0292, Train: 92.75%, Valid: 92.12%, Test In: 92.09% Test OOD1: 66.89% 
Epoch: 103, Loss: 1.0231, Train: 92.78%, Valid: 92.16%, Test In: 92.10% Test OOD1: 66.61% 
Epoch: 104, Loss: 1.0208, Train: 92.77%, Valid: 92.17%, Test In: 92.06% Test OOD1: 65.99% 
Epoch: 105, Loss: 1.0213, Train: 92.79%, Valid: 92.16%, Test In: 92.16% Test OOD1: 67.20% 
Epoch: 106, Loss: 1.0144, Train: 92.85%, Valid: 92.14%, Test In: 92.17% Test OOD1: 67.18% 
Epoch: 107, Loss: 1.0077, Train: 92.85%, Valid: 92.21%, Test In: 92.18% Test OOD1: 66.51% 
Epoch: 108, Loss: 1.0086, Train: 92.90%, Valid: 92.19%, Test In: 92.17% Test OOD1: 67.23% 
Epoch: 109, Loss: 1.0068, Train: 92.92%, Valid: 92.16%, Test In: 92.20% Test OOD1: 67.57% 
Epoch: 110, Loss: 1.0065, Train: 92.94%, Valid: 92.18%, Test In: 92.19% Test OOD1: 67.06% 
Epoch: 111, Loss: 0.9958, Train: 92.94%, Valid: 92.20%, Test In: 92.19% Test OOD1: 67.44% 
Epoch: 112, Loss: 0.9964, Train: 92.96%, Valid: 92.21%, Test In: 92.20% Test OOD1: 68.00% 
Epoch: 113, Loss: 0.9899, Train: 92.96%, Valid: 92.23%, Test In: 92.22% Test OOD1: 67.58% 
Epoch: 114, Loss: 0.9953, Train: 93.00%, Valid: 92.26%, Test In: 92.26% Test OOD1: 67.78% 
Epoch: 115, Loss: 0.9885, Train: 93.04%, Valid: 92.26%, Test In: 92.30% Test OOD1: 68.28% 
Epoch: 116, Loss: 0.9896, Train: 93.07%, Valid: 92.30%, Test In: 92.37% Test OOD1: 67.93% 
Epoch: 117, Loss: 0.9854, Train: 93.12%, Valid: 92.35%, Test In: 92.36% Test OOD1: 68.13% 
Epoch: 118, Loss: 0.9800, Train: 93.13%, Valid: 92.39%, Test In: 92.37% Test OOD1: 68.45% 
Epoch: 119, Loss: 0.9818, Train: 93.15%, Valid: 92.40%, Test In: 92.39% Test OOD1: 68.35% 
Epoch: 120, Loss: 0.9739, Train: 93.15%, Valid: 92.43%, Test In: 92.36% Test OOD1: 68.71% 
Epoch: 121, Loss: 0.9725, Train: 93.16%, Valid: 92.41%, Test In: 92.38% Test OOD1: 68.69% 
Epoch: 122, Loss: 0.9670, Train: 93.18%, Valid: 92.43%, Test In: 92.41% Test OOD1: 68.86% 
Epoch: 123, Loss: 0.9658, Train: 93.20%, Valid: 92.42%, Test In: 92.43% Test OOD1: 68.79% 
Epoch: 124, Loss: 0.9663, Train: 93.24%, Valid: 92.42%, Test In: 92.43% Test OOD1: 69.02% 
Epoch: 125, Loss: 0.9615, Train: 93.20%, Valid: 92.43%, Test In: 92.50% Test OOD1: 69.10% 
Epoch: 126, Loss: 0.9580, Train: 93.27%, Valid: 92.44%, Test In: 92.47% Test OOD1: 69.32% 
Epoch: 127, Loss: 0.9555, Train: 93.29%, Valid: 92.43%, Test In: 92.53% Test OOD1: 69.28% 
Epoch: 128, Loss: 0.9577, Train: 93.30%, Valid: 92.50%, Test In: 92.58% Test OOD1: 69.54% 
Epoch: 129, Loss: 0.9537, Train: 93.34%, Valid: 92.47%, Test In: 92.56% Test OOD1: 69.46% 
Epoch: 130, Loss: 0.9474, Train: 93.38%, Valid: 92.48%, Test In: 92.55% Test OOD1: 69.69% 
Epoch: 131, Loss: 0.9534, Train: 93.37%, Valid: 92.54%, Test In: 92.57% Test OOD1: 69.85% 
Epoch: 132, Loss: 0.9461, Train: 93.42%, Valid: 92.55%, Test In: 92.58% Test OOD1: 69.83% 
Epoch: 133, Loss: 0.9432, Train: 93.45%, Valid: 92.55%, Test In: 92.63% Test OOD1: 69.94% 
Epoch: 134, Loss: 0.9458, Train: 93.48%, Valid: 92.53%, Test In: 92.66% Test OOD1: 70.09% 
Epoch: 135, Loss: 0.9444, Train: 93.51%, Valid: 92.58%, Test In: 92.70% Test OOD1: 69.94% 
Epoch: 136, Loss: 0.9384, Train: 93.51%, Valid: 92.61%, Test In: 92.72% Test OOD1: 70.66% 
Epoch: 137, Loss: 0.9380, Train: 93.59%, Valid: 92.59%, Test In: 92.68% Test OOD1: 70.13% 
Epoch: 138, Loss: 0.9362, Train: 93.61%, Valid: 92.62%, Test In: 92.70% Test OOD1: 70.66% 
Epoch: 139, Loss: 0.9281, Train: 93.57%, Valid: 92.62%, Test In: 92.73% Test OOD1: 70.64% 
Epoch: 140, Loss: 0.9302, Train: 93.67%, Valid: 92.69%, Test In: 92.74% Test OOD1: 70.61% 
Epoch: 141, Loss: 0.9196, Train: 93.67%, Valid: 92.67%, Test In: 92.73% Test OOD1: 70.43% 
Epoch: 142, Loss: 0.9209, Train: 93.72%, Valid: 92.64%, Test In: 92.78% Test OOD1: 71.28% 
Epoch: 143, Loss: 0.9217, Train: 93.75%, Valid: 92.68%, Test In: 92.78% Test OOD1: 70.67% 
Epoch: 144, Loss: 0.9211, Train: 93.81%, Valid: 92.69%, Test In: 92.83% Test OOD1: 71.01% 
Epoch: 145, Loss: 0.9146, Train: 93.81%, Valid: 92.65%, Test In: 92.78% Test OOD1: 71.47% 
Epoch: 146, Loss: 0.9124, Train: 93.84%, Valid: 92.77%, Test In: 92.75% Test OOD1: 70.56% 
Epoch: 147, Loss: 0.9105, Train: 93.88%, Valid: 92.85%, Test In: 92.83% Test OOD1: 71.73% 
Epoch: 148, Loss: 0.9101, Train: 93.85%, Valid: 92.76%, Test In: 92.83% Test OOD1: 70.93% 
Epoch: 149, Loss: 0.9034, Train: 93.89%, Valid: 92.81%, Test In: 92.85% Test OOD1: 70.70% 
Epoch: 150, Loss: 0.9025, Train: 93.96%, Valid: 92.85%, Test In: 92.93% Test OOD1: 71.93% 
Epoch: 151, Loss: 0.9057, Train: 93.94%, Valid: 92.82%, Test In: 92.87% Test OOD1: 71.08% 
Epoch: 152, Loss: 0.8968, Train: 93.97%, Valid: 92.82%, Test In: 92.88% Test OOD1: 71.26% 
Epoch: 153, Loss: 0.8948, Train: 94.03%, Valid: 92.85%, Test In: 92.97% Test OOD1: 72.07% 
Epoch: 154, Loss: 0.8972, Train: 93.98%, Valid: 92.83%, Test In: 92.87% Test OOD1: 71.26% 
Epoch: 155, Loss: 0.8906, Train: 94.09%, Valid: 92.86%, Test In: 92.98% Test OOD1: 71.46% 
Epoch: 156, Loss: 0.8904, Train: 94.12%, Valid: 92.86%, Test In: 92.98% Test OOD1: 72.34% 
Epoch: 157, Loss: 0.8793, Train: 94.09%, Valid: 92.90%, Test In: 92.92% Test OOD1: 71.10% 
Epoch: 158, Loss: 0.8868, Train: 94.13%, Valid: 92.90%, Test In: 93.01% Test OOD1: 72.12% 
Epoch: 159, Loss: 0.8834, Train: 94.16%, Valid: 92.89%, Test In: 93.03% Test OOD1: 72.42% 
Epoch: 160, Loss: 0.8765, Train: 94.17%, Valid: 92.94%, Test In: 93.00% Test OOD1: 71.83% 
Epoch: 161, Loss: 0.8770, Train: 94.18%, Valid: 92.93%, Test In: 93.09% Test OOD1: 72.02% 
Epoch: 162, Loss: 0.8812, Train: 94.23%, Valid: 92.89%, Test In: 92.99% Test OOD1: 72.81% 
Epoch: 163, Loss: 0.8742, Train: 94.24%, Valid: 92.95%, Test In: 93.06% Test OOD1: 71.76% 
Epoch: 164, Loss: 0.8675, Train: 94.22%, Valid: 92.98%, Test In: 93.12% Test OOD1: 72.61% 
Epoch: 165, Loss: 0.8622, Train: 94.26%, Valid: 92.91%, Test In: 93.07% Test OOD1: 73.09% 
Epoch: 166, Loss: 0.8698, Train: 94.27%, Valid: 93.00%, Test In: 92.97% Test OOD1: 71.57% 
Epoch: 167, Loss: 0.8755, Train: 94.35%, Valid: 93.01%, Test In: 93.11% Test OOD1: 72.86% 
Epoch: 168, Loss: 0.8629, Train: 94.39%, Valid: 92.94%, Test In: 93.10% Test OOD1: 73.27% 
Epoch: 169, Loss: 0.8644, Train: 94.31%, Valid: 93.05%, Test In: 92.98% Test OOD1: 71.59% 
Epoch: 170, Loss: 0.8652, Train: 94.40%, Valid: 93.05%, Test In: 93.14% Test OOD1: 73.28% 
Epoch: 171, Loss: 0.8599, Train: 94.45%, Valid: 93.06%, Test In: 93.05% Test OOD1: 73.43% 
Epoch: 172, Loss: 0.8561, Train: 94.47%, Valid: 93.06%, Test In: 93.11% Test OOD1: 72.44% 
Epoch: 173, Loss: 0.8487, Train: 94.54%, Valid: 93.10%, Test In: 93.17% Test OOD1: 72.98% 
Epoch: 174, Loss: 0.8501, Train: 94.54%, Valid: 93.09%, Test In: 93.11% Test OOD1: 73.15% 
Epoch: 175, Loss: 0.8564, Train: 94.56%, Valid: 93.10%, Test In: 93.10% Test OOD1: 73.30% 
Epoch: 176, Loss: 0.8533, Train: 94.50%, Valid: 93.08%, Test In: 93.16% Test OOD1: 72.65% 
Epoch: 177, Loss: 0.8469, Train: 94.58%, Valid: 93.06%, Test In: 93.14% Test OOD1: 73.60% 
Epoch: 178, Loss: 0.8417, Train: 94.62%, Valid: 93.06%, Test In: 93.16% Test OOD1: 73.71% 
Epoch: 179, Loss: 0.8430, Train: 94.56%, Valid: 93.10%, Test In: 93.14% Test OOD1: 72.78% 
Epoch: 180, Loss: 0.8455, Train: 94.66%, Valid: 93.05%, Test In: 93.16% Test OOD1: 73.70% 
Epoch: 181, Loss: 0.8318, Train: 94.64%, Valid: 93.08%, Test In: 93.19% Test OOD1: 73.88% 
Epoch: 182, Loss: 0.8359, Train: 94.63%, Valid: 93.18%, Test In: 93.20% Test OOD1: 73.39% 
Epoch: 183, Loss: 0.8359, Train: 94.67%, Valid: 93.17%, Test In: 93.19% Test OOD1: 73.26% 
Epoch: 184, Loss: 0.8283, Train: 94.68%, Valid: 93.10%, Test In: 93.26% Test OOD1: 74.80% 
Epoch: 185, Loss: 0.8352, Train: 94.73%, Valid: 93.18%, Test In: 93.24% Test OOD1: 73.30% 
Epoch: 186, Loss: 0.8249, Train: 94.77%, Valid: 93.22%, Test In: 93.27% Test OOD1: 73.85% 
Epoch: 187, Loss: 0.8277, Train: 94.78%, Valid: 93.17%, Test In: 93.21% Test OOD1: 74.53% 
Epoch: 188, Loss: 0.8187, Train: 94.82%, Valid: 93.24%, Test In: 93.29% Test OOD1: 73.68% 
Epoch: 189, Loss: 0.8171, Train: 94.83%, Valid: 93.22%, Test In: 93.30% Test OOD1: 74.15% 
Epoch: 190, Loss: 0.8197, Train: 94.87%, Valid: 93.25%, Test In: 93.25% Test OOD1: 74.46% 
Epoch: 191, Loss: 0.8154, Train: 94.91%, Valid: 93.29%, Test In: 93.30% Test OOD1: 74.59% 
Epoch: 192, Loss: 0.8087, Train: 94.92%, Valid: 93.29%, Test In: 93.28% Test OOD1: 74.38% 
Epoch: 193, Loss: 0.8147, Train: 94.94%, Valid: 93.32%, Test In: 93.21% Test OOD1: 74.44% 
Epoch: 194, Loss: 0.8132, Train: 94.95%, Valid: 93.18%, Test In: 93.37% Test OOD1: 75.61% 
Epoch: 195, Loss: 0.8132, Train: 94.96%, Valid: 93.37%, Test In: 93.33% Test OOD1: 73.44% 
Epoch: 196, Loss: 0.8174, Train: 94.98%, Valid: 93.23%, Test In: 93.32% Test OOD1: 75.54% 
Epoch: 197, Loss: 0.8124, Train: 95.08%, Valid: 93.31%, Test In: 93.30% Test OOD1: 74.63% 
Epoch: 198, Loss: 0.8026, Train: 95.09%, Valid: 93.29%, Test In: 93.34% Test OOD1: 75.24% 
Epoch: 199, Loss: 0.7954, Train: 95.12%, Valid: 93.33%, Test In: 93.34% Test OOD1: 75.45% 
Epoch: 200, Loss: 0.8044, Train: 95.15%, Valid: 93.41%, Test In: 93.37% Test OOD1: 74.78% 
Epoch: 201, Loss: 0.7968, Train: 95.14%, Valid: 93.29%, Test In: 93.43% Test OOD1: 75.38% 
Epoch: 202, Loss: 0.7869, Train: 95.10%, Valid: 93.35%, Test In: 93.35% Test OOD1: 75.21% 
Epoch: 203, Loss: 0.7956, Train: 95.12%, Valid: 93.38%, Test In: 93.34% Test OOD1: 74.24% 
Epoch: 204, Loss: 0.7845, Train: 95.21%, Valid: 93.23%, Test In: 93.54% Test OOD1: 76.29% 
Epoch: 205, Loss: 0.7879, Train: 95.22%, Valid: 93.41%, Test In: 93.37% Test OOD1: 74.81% 
Epoch: 206, Loss: 0.7843, Train: 95.28%, Valid: 93.39%, Test In: 93.45% Test OOD1: 75.03% 
Epoch: 207, Loss: 0.7798, Train: 95.31%, Valid: 93.35%, Test In: 93.56% Test OOD1: 76.76% 
Epoch: 208, Loss: 0.7798, Train: 95.30%, Valid: 93.52%, Test In: 93.43% Test OOD1: 74.68% 
Epoch: 209, Loss: 0.7761, Train: 95.35%, Valid: 93.43%, Test In: 93.48% Test OOD1: 76.11% 
Epoch: 210, Loss: 0.7784, Train: 95.34%, Valid: 93.45%, Test In: 93.45% Test OOD1: 75.26% 
Epoch: 211, Loss: 0.7810, Train: 95.39%, Valid: 93.41%, Test In: 93.58% Test OOD1: 75.99% 
Epoch: 212, Loss: 0.7760, Train: 95.44%, Valid: 93.48%, Test In: 93.51% Test OOD1: 75.93% 
Epoch: 213, Loss: 0.7740, Train: 95.45%, Valid: 93.56%, Test In: 93.52% Test OOD1: 75.73% 
Epoch: 214, Loss: 0.7684, Train: 95.49%, Valid: 93.47%, Test In: 93.59% Test OOD1: 76.12% 
Epoch: 215, Loss: 0.7670, Train: 95.52%, Valid: 93.54%, Test In: 93.51% Test OOD1: 75.86% 
Epoch: 216, Loss: 0.7659, Train: 95.53%, Valid: 93.54%, Test In: 93.56% Test OOD1: 75.98% 
Epoch: 217, Loss: 0.7600, Train: 95.63%, Valid: 93.54%, Test In: 93.61% Test OOD1: 76.54% 
Epoch: 218, Loss: 0.7603, Train: 95.59%, Valid: 93.60%, Test In: 93.62% Test OOD1: 75.97% 
Epoch: 219, Loss: 0.7569, Train: 95.67%, Valid: 93.57%, Test In: 93.60% Test OOD1: 76.60% 
Epoch: 220, Loss: 0.7534, Train: 95.68%, Valid: 93.56%, Test In: 93.63% Test OOD1: 76.89% 
Epoch: 221, Loss: 0.7541, Train: 95.64%, Valid: 93.62%, Test In: 93.51% Test OOD1: 76.66% 
Epoch: 222, Loss: 0.7569, Train: 95.74%, Valid: 93.56%, Test In: 93.62% Test OOD1: 76.95% 
Epoch: 223, Loss: 0.7609, Train: 95.71%, Valid: 93.59%, Test In: 93.66% Test OOD1: 77.19% 
Epoch: 224, Loss: 0.7573, Train: 95.75%, Valid: 93.61%, Test In: 93.61% Test OOD1: 75.83% 
Epoch: 225, Loss: 0.7546, Train: 95.78%, Valid: 93.60%, Test In: 93.65% Test OOD1: 78.00% 
Epoch: 226, Loss: 0.7483, Train: 95.78%, Valid: 93.57%, Test In: 93.68% Test OOD1: 76.16% 
Epoch: 227, Loss: 0.7461, Train: 95.86%, Valid: 93.59%, Test In: 93.62% Test OOD1: 76.63% 
Epoch: 228, Loss: 0.7533, Train: 95.84%, Valid: 93.59%, Test In: 93.68% Test OOD1: 78.06% 
Epoch: 229, Loss: 0.7417, Train: 95.85%, Valid: 93.70%, Test In: 93.70% Test OOD1: 76.37% 
Epoch: 230, Loss: 0.7386, Train: 95.95%, Valid: 93.64%, Test In: 93.66% Test OOD1: 77.51% 
Epoch: 231, Loss: 0.7447, Train: 95.98%, Valid: 93.58%, Test In: 93.74% Test OOD1: 78.10% 
Epoch: 232, Loss: 0.7406, Train: 95.95%, Valid: 93.71%, Test In: 93.72% Test OOD1: 76.61% 
Epoch: 233, Loss: 0.7342, Train: 95.96%, Valid: 93.64%, Test In: 93.67% Test OOD1: 78.07% 
Epoch: 234, Loss: 0.7358, Train: 96.02%, Valid: 93.67%, Test In: 93.73% Test OOD1: 77.94% 
Epoch: 235, Loss: 0.7343, Train: 96.06%, Valid: 93.74%, Test In: 93.74% Test OOD1: 77.59% 
Epoch: 236, Loss: 0.7280, Train: 96.03%, Valid: 93.70%, Test In: 93.70% Test OOD1: 78.57% 
Epoch: 237, Loss: 0.7282, Train: 96.06%, Valid: 93.72%, Test In: 93.77% Test OOD1: 78.17% 
Epoch: 238, Loss: 0.7244, Train: 96.09%, Valid: 93.72%, Test In: 93.77% Test OOD1: 78.29% 
Epoch: 239, Loss: 0.7283, Train: 96.10%, Valid: 93.69%, Test In: 93.73% Test OOD1: 78.34% 
Epoch: 240, Loss: 0.7105, Train: 96.16%, Valid: 93.72%, Test In: 93.81% Test OOD1: 78.16% 
Epoch: 241, Loss: 0.7149, Train: 96.20%, Valid: 93.81%, Test In: 93.81% Test OOD1: 78.60% 
Epoch: 242, Loss: 0.7183, Train: 96.18%, Valid: 93.74%, Test In: 93.81% Test OOD1: 77.95% 
Epoch: 243, Loss: 0.7041, Train: 96.21%, Valid: 93.76%, Test In: 93.79% Test OOD1: 78.99% 
Epoch: 244, Loss: 0.7118, Train: 96.21%, Valid: 93.77%, Test In: 93.81% Test OOD1: 78.22% 
Epoch: 245, Loss: 0.7023, Train: 96.22%, Valid: 93.76%, Test In: 93.74% Test OOD1: 77.91% 
Epoch: 246, Loss: 0.7071, Train: 96.29%, Valid: 93.78%, Test In: 93.85% Test OOD1: 80.06% 
Epoch: 247, Loss: 0.7153, Train: 96.27%, Valid: 93.81%, Test In: 93.91% Test OOD1: 77.91% 
Epoch: 248, Loss: 0.6993, Train: 96.27%, Valid: 93.87%, Test In: 93.81% Test OOD1: 79.01% 
Epoch: 249, Loss: 0.7010, Train: 96.36%, Valid: 93.85%, Test In: 93.84% Test OOD1: 79.56% 
Epoch: 250, Loss: 0.7005, Train: 96.32%, Valid: 93.84%, Test In: 93.91% Test OOD1: 77.95% 
Epoch: 251, Loss: 0.6951, Train: 96.35%, Valid: 93.89%, Test In: 93.82% Test OOD1: 80.15% 
Epoch: 252, Loss: 0.6969, Train: 96.39%, Valid: 93.89%, Test In: 93.94% Test OOD1: 78.42% 
Epoch: 253, Loss: 0.6903, Train: 96.47%, Valid: 93.98%, Test In: 93.96% Test OOD1: 79.02% 
Epoch: 254, Loss: 0.6878, Train: 96.48%, Valid: 93.92%, Test In: 93.94% Test OOD1: 79.82% 
Epoch: 255, Loss: 0.6948, Train: 96.41%, Valid: 93.95%, Test In: 93.95% Test OOD1: 78.32% 
Epoch: 256, Loss: 0.6856, Train: 96.52%, Valid: 93.97%, Test In: 93.95% Test OOD1: 80.07% 
Epoch: 257, Loss: 0.6903, Train: 96.56%, Valid: 93.97%, Test In: 93.96% Test OOD1: 79.73% 
Epoch: 258, Loss: 0.6759, Train: 96.54%, Valid: 93.98%, Test In: 93.99% Test OOD1: 79.35% 
Epoch: 259, Loss: 0.6754, Train: 96.55%, Valid: 94.04%, Test In: 93.93% Test OOD1: 79.81% 
Epoch: 260, Loss: 0.6860, Train: 96.60%, Valid: 94.02%, Test In: 93.99% Test OOD1: 79.44% 
Epoch: 261, Loss: 0.6783, Train: 96.65%, Valid: 93.99%, Test In: 94.06% Test OOD1: 79.75% 
Epoch: 262, Loss: 0.6781, Train: 96.60%, Valid: 94.09%, Test In: 93.91% Test OOD1: 80.13% 
Epoch: 263, Loss: 0.6818, Train: 96.62%, Valid: 94.05%, Test In: 94.01% Test OOD1: 79.38% 
Epoch: 264, Loss: 0.6723, Train: 96.70%, Valid: 93.99%, Test In: 94.02% Test OOD1: 81.03% 
Epoch: 265, Loss: 0.6697, Train: 96.63%, Valid: 94.08%, Test In: 94.01% Test OOD1: 79.22% 
Epoch: 266, Loss: 0.6694, Train: 96.70%, Valid: 94.05%, Test In: 94.07% Test OOD1: 80.22% 
Epoch: 267, Loss: 0.6658, Train: 96.75%, Valid: 94.09%, Test In: 94.03% Test OOD1: 80.48% 
Epoch: 268, Loss: 0.6624, Train: 96.71%, Valid: 94.11%, Test In: 94.07% Test OOD1: 79.25% 
Epoch: 269, Loss: 0.6615, Train: 96.74%, Valid: 94.06%, Test In: 94.06% Test OOD1: 80.84% 
Epoch: 270, Loss: 0.6571, Train: 96.80%, Valid: 94.18%, Test In: 94.07% Test OOD1: 79.88% 
Epoch: 271, Loss: 0.6537, Train: 96.79%, Valid: 94.14%, Test In: 94.12% Test OOD1: 80.04% 
Epoch: 272, Loss: 0.6535, Train: 96.93%, Valid: 94.20%, Test In: 94.29% Test OOD1: 80.50% 
Epoch: 273, Loss: 0.6644, Train: 96.87%, Valid: 94.20%, Test In: 94.16% Test OOD1: 79.98% 
Epoch: 274, Loss: 0.6592, Train: 96.93%, Valid: 94.17%, Test In: 94.20% Test OOD1: 80.22% 
Epoch: 275, Loss: 0.6611, Train: 96.88%, Valid: 94.19%, Test In: 94.19% Test OOD1: 80.79% 
Epoch: 276, Loss: 0.6666, Train: 96.88%, Valid: 94.19%, Test In: 94.15% Test OOD1: 79.54% 
Epoch: 277, Loss: 0.6528, Train: 96.94%, Valid: 94.18%, Test In: 94.05% Test OOD1: 81.58% 
Epoch: 278, Loss: 0.6475, Train: 96.92%, Valid: 94.21%, Test In: 94.19% Test OOD1: 79.48% 
Epoch: 279, Loss: 0.6495, Train: 97.01%, Valid: 94.25%, Test In: 94.17% Test OOD1: 80.63% 
Epoch: 280, Loss: 0.6459, Train: 96.99%, Valid: 94.20%, Test In: 94.16% Test OOD1: 81.69% 
Epoch: 281, Loss: 0.6408, Train: 96.87%, Valid: 94.25%, Test In: 94.20% Test OOD1: 79.57% 
Epoch: 282, Loss: 0.6409, Train: 97.01%, Valid: 94.24%, Test In: 94.14% Test OOD1: 81.81% 
Epoch: 283, Loss: 0.6404, Train: 97.00%, Valid: 94.37%, Test In: 94.25% Test OOD1: 80.92% 
Epoch: 284, Loss: 0.6393, Train: 97.03%, Valid: 94.35%, Test In: 94.23% Test OOD1: 80.37% 
Epoch: 285, Loss: 0.6346, Train: 97.11%, Valid: 94.28%, Test In: 94.17% Test OOD1: 82.51% 
Epoch: 286, Loss: 0.6370, Train: 97.01%, Valid: 94.39%, Test In: 94.32% Test OOD1: 79.53% 
Epoch: 287, Loss: 0.6377, Train: 97.12%, Valid: 94.29%, Test In: 94.12% Test OOD1: 82.26% 
Epoch: 288, Loss: 0.6355, Train: 97.08%, Valid: 94.41%, Test In: 94.31% Test OOD1: 80.81% 
Epoch: 289, Loss: 0.6344, Train: 97.10%, Valid: 94.36%, Test In: 94.16% Test OOD1: 81.76% 
Epoch: 290, Loss: 0.6249, Train: 97.13%, Valid: 94.46%, Test In: 94.31% Test OOD1: 80.50% 
Epoch: 291, Loss: 0.6379, Train: 97.12%, Valid: 94.31%, Test In: 94.25% Test OOD1: 82.99% 
Epoch: 292, Loss: 0.6659, Train: 97.14%, Valid: 94.44%, Test In: 94.25% Test OOD1: 80.95% 
Epoch: 293, Loss: 0.6469, Train: 97.16%, Valid: 94.37%, Test In: 94.24% Test OOD1: 81.30% 
Epoch: 294, Loss: 0.6204, Train: 97.17%, Valid: 94.36%, Test In: 94.31% Test OOD1: 83.20% 
Epoch: 295, Loss: 0.6304, Train: 97.23%, Valid: 94.46%, Test In: 94.35% Test OOD1: 81.46% 
Epoch: 296, Loss: 0.6173, Train: 97.17%, Valid: 94.44%, Test In: 94.36% Test OOD1: 81.00% 
Epoch: 297, Loss: 0.6149, Train: 97.24%, Valid: 94.40%, Test In: 94.31% Test OOD1: 83.50% 
Epoch: 298, Loss: 0.6274, Train: 97.30%, Valid: 94.53%, Test In: 94.39% Test OOD1: 81.76% 
Epoch: 299, Loss: 0.6204, Train: 97.21%, Valid: 94.45%, Test In: 94.30% Test OOD1: 80.50% 
Epoch: 300, Loss: 0.6120, Train: 97.31%, Valid: 94.38%, Test In: 94.33% Test OOD1: 83.19% 
Epoch: 301, Loss: 0.6131, Train: 97.30%, Valid: 94.52%, Test In: 94.48% Test OOD1: 81.93% 
Epoch: 302, Loss: 0.6121, Train: 97.25%, Valid: 94.52%, Test In: 94.42% Test OOD1: 80.58% 
Epoch: 303, Loss: 0.6082, Train: 97.37%, Valid: 94.50%, Test In: 94.42% Test OOD1: 82.85% 
Epoch: 304, Loss: 0.6103, Train: 97.42%, Valid: 94.54%, Test In: 94.50% Test OOD1: 82.18% 
Epoch: 305, Loss: 0.6031, Train: 97.37%, Valid: 94.59%, Test In: 94.46% Test OOD1: 80.60% 
Epoch: 306, Loss: 0.6038, Train: 97.39%, Valid: 94.50%, Test In: 94.32% Test OOD1: 83.37% 
Epoch: 307, Loss: 0.5967, Train: 97.41%, Valid: 94.62%, Test In: 94.56% Test OOD1: 82.26% 
Epoch: 308, Loss: 0.5904, Train: 97.43%, Valid: 94.66%, Test In: 94.51% Test OOD1: 81.19% 
Epoch: 309, Loss: 0.5946, Train: 97.42%, Valid: 94.51%, Test In: 94.41% Test OOD1: 83.55% 
Epoch: 310, Loss: 0.5996, Train: 97.42%, Valid: 94.66%, Test In: 94.63% Test OOD1: 81.59% 
Epoch: 311, Loss: 0.5936, Train: 97.51%, Valid: 94.61%, Test In: 94.59% Test OOD1: 82.10% 
Epoch: 312, Loss: 0.5838, Train: 97.51%, Valid: 94.56%, Test In: 94.47% Test OOD1: 83.36% 
Epoch: 313, Loss: 0.5883, Train: 97.46%, Valid: 94.63%, Test In: 94.59% Test OOD1: 82.14% 
Epoch: 314, Loss: 0.5896, Train: 97.56%, Valid: 94.59%, Test In: 94.56% Test OOD1: 83.12% 
Epoch: 315, Loss: 0.5830, Train: 97.60%, Valid: 94.65%, Test In: 94.56% Test OOD1: 83.46% 
Epoch: 316, Loss: 0.5819, Train: 97.53%, Valid: 94.72%, Test In: 94.71% Test OOD1: 81.52% 
Epoch: 317, Loss: 0.5861, Train: 97.60%, Valid: 94.68%, Test In: 94.57% Test OOD1: 83.32% 
Epoch: 318, Loss: 0.5830, Train: 97.63%, Valid: 94.73%, Test In: 94.62% Test OOD1: 81.83% 
Epoch: 319, Loss: 0.5835, Train: 97.57%, Valid: 94.73%, Test In: 94.66% Test OOD1: 82.66% 
Epoch: 320, Loss: 0.5776, Train: 97.58%, Valid: 94.64%, Test In: 94.58% Test OOD1: 83.29% 
Epoch: 321, Loss: 0.5781, Train: 97.54%, Valid: 94.71%, Test In: 94.67% Test OOD1: 81.04% 
Epoch: 322, Loss: 0.5796, Train: 97.67%, Valid: 94.71%, Test In: 94.68% Test OOD1: 83.17% 
Epoch: 323, Loss: 0.5743, Train: 97.64%, Valid: 94.68%, Test In: 94.62% Test OOD1: 83.64% 
Epoch: 324, Loss: 0.5731, Train: 97.65%, Valid: 94.80%, Test In: 94.73% Test OOD1: 82.03% 
Epoch: 325, Loss: 0.5844, Train: 97.67%, Valid: 94.76%, Test In: 94.72% Test OOD1: 83.56% 
Epoch: 326, Loss: 0.5640, Train: 97.71%, Valid: 94.72%, Test In: 94.69% Test OOD1: 83.43% 
Epoch: 327, Loss: 0.5707, Train: 97.73%, Valid: 94.84%, Test In: 94.77% Test OOD1: 82.74% 
Epoch: 328, Loss: 0.5761, Train: 97.65%, Valid: 94.84%, Test In: 94.75% Test OOD1: 83.06% 
Epoch: 329, Loss: 0.5690, Train: 97.70%, Valid: 94.68%, Test In: 94.65% Test OOD1: 84.49% 
Epoch: 330, Loss: 0.5669, Train: 97.70%, Valid: 94.91%, Test In: 94.75% Test OOD1: 82.82% 
Epoch: 331, Loss: 0.5719, Train: 97.67%, Valid: 94.90%, Test In: 94.87% Test OOD1: 82.83% 
Epoch: 332, Loss: 0.5603, Train: 97.68%, Valid: 94.58%, Test In: 94.55% Test OOD1: 85.19% 
Epoch: 333, Loss: 0.5691, Train: 97.59%, Valid: 94.75%, Test In: 94.86% Test OOD1: 81.69% 
Epoch: 334, Loss: 0.5670, Train: 97.76%, Valid: 94.81%, Test In: 94.73% Test OOD1: 83.92% 
Epoch: 335, Loss: 0.5547, Train: 97.83%, Valid: 94.86%, Test In: 94.81% Test OOD1: 84.28% 
Epoch: 336, Loss: 0.5594, Train: 97.85%, Valid: 95.00%, Test In: 94.87% Test OOD1: 83.34% 
Epoch: 337, Loss: 0.5549, Train: 97.85%, Valid: 95.00%, Test In: 94.91% Test OOD1: 83.38% 
Epoch: 338, Loss: 0.5520, Train: 97.82%, Valid: 94.88%, Test In: 94.77% Test OOD1: 84.47% 
Epoch: 339, Loss: 0.5412, Train: 97.85%, Valid: 94.91%, Test In: 94.81% Test OOD1: 83.85% 
Epoch: 340, Loss: 0.5527, Train: 97.83%, Valid: 94.93%, Test In: 94.87% Test OOD1: 82.76% 
Epoch: 341, Loss: 0.5614, Train: 97.91%, Valid: 94.84%, Test In: 94.87% Test OOD1: 85.06% 
Epoch: 342, Loss: 0.5483, Train: 97.87%, Valid: 94.94%, Test In: 94.98% Test OOD1: 83.85% 
Epoch: 343, Loss: 0.5479, Train: 97.84%, Valid: 94.91%, Test In: 94.85% Test OOD1: 84.15% 
Epoch: 344, Loss: 0.5520, Train: 97.87%, Valid: 94.98%, Test In: 94.87% Test OOD1: 83.41% 
Epoch: 345, Loss: 0.5442, Train: 97.90%, Valid: 94.86%, Test In: 94.85% Test OOD1: 85.01% 
Epoch: 346, Loss: 0.5354, Train: 97.95%, Valid: 94.88%, Test In: 94.98% Test OOD1: 83.66% 
Epoch: 347, Loss: 0.5504, Train: 97.91%, Valid: 95.00%, Test In: 95.06% Test OOD1: 83.44% 
Epoch: 348, Loss: 0.5382, Train: 97.97%, Valid: 94.96%, Test In: 94.91% Test OOD1: 85.29% 
Epoch: 349, Loss: 0.5300, Train: 97.93%, Valid: 94.99%, Test In: 94.91% Test OOD1: 83.77% 
Epoch: 350, Loss: 0.5388, Train: 97.95%, Valid: 95.06%, Test In: 94.96% Test OOD1: 83.31% 
Epoch: 351, Loss: 0.5294, Train: 97.98%, Valid: 94.90%, Test In: 94.94% Test OOD1: 85.30% 
Epoch: 352, Loss: 0.5317, Train: 97.99%, Valid: 95.00%, Test In: 94.95% Test OOD1: 83.74% 
Epoch: 353, Loss: 0.5335, Train: 98.02%, Valid: 95.04%, Test In: 95.02% Test OOD1: 84.14% 
Epoch: 354, Loss: 0.5263, Train: 98.02%, Valid: 95.02%, Test In: 94.99% Test OOD1: 84.98% 
Epoch: 355, Loss: 0.5297, Train: 98.02%, Valid: 95.00%, Test In: 95.06% Test OOD1: 84.65% 
Epoch: 356, Loss: 0.5177, Train: 98.05%, Valid: 95.03%, Test In: 95.05% Test OOD1: 84.37% 
Epoch: 357, Loss: 0.5154, Train: 98.03%, Valid: 95.10%, Test In: 95.04% Test OOD1: 85.02% 
Epoch: 358, Loss: 0.5270, Train: 98.04%, Valid: 95.03%, Test In: 95.09% Test OOD1: 84.58% 
Epoch: 359, Loss: 0.5219, Train: 98.05%, Valid: 95.06%, Test In: 95.04% Test OOD1: 84.49% 
Epoch: 360, Loss: 0.5123, Train: 98.14%, Valid: 95.08%, Test In: 95.06% Test OOD1: 85.96% 
Epoch: 361, Loss: 0.5130, Train: 98.09%, Valid: 95.10%, Test In: 95.15% Test OOD1: 84.66% 
Epoch: 362, Loss: 0.5163, Train: 98.13%, Valid: 95.10%, Test In: 95.16% Test OOD1: 85.59% 
Epoch: 363, Loss: 0.5193, Train: 98.18%, Valid: 95.12%, Test In: 95.10% Test OOD1: 86.11% 
Epoch: 364, Loss: 0.5125, Train: 98.10%, Valid: 95.09%, Test In: 95.12% Test OOD1: 84.89% 
Epoch: 365, Loss: 0.5181, Train: 98.12%, Valid: 95.10%, Test In: 95.04% Test OOD1: 86.34% 
Epoch: 366, Loss: 0.5104, Train: 98.10%, Valid: 95.19%, Test In: 95.16% Test OOD1: 84.60% 
Epoch: 367, Loss: 0.5273, Train: 98.10%, Valid: 95.03%, Test In: 94.94% Test OOD1: 85.66% 
Epoch: 368, Loss: 0.5216, Train: 98.09%, Valid: 95.25%, Test In: 95.17% Test OOD1: 84.49% 
Epoch: 369, Loss: 0.5247, Train: 98.17%, Valid: 95.16%, Test In: 94.98% Test OOD1: 86.04% 
Epoch: 370, Loss: 0.5236, Train: 98.18%, Valid: 95.21%, Test In: 95.17% Test OOD1: 84.93% 
Epoch: 371, Loss: 0.5119, Train: 98.18%, Valid: 95.20%, Test In: 95.18% Test OOD1: 84.68% 
Epoch: 372, Loss: 0.5022, Train: 98.18%, Valid: 95.10%, Test In: 95.08% Test OOD1: 85.26% 
Epoch: 373, Loss: 0.5074, Train: 98.20%, Valid: 95.21%, Test In: 95.12% Test OOD1: 85.34% 
Epoch: 374, Loss: 0.5131, Train: 98.13%, Valid: 95.14%, Test In: 95.02% Test OOD1: 84.32% 
Epoch: 375, Loss: 0.5103, Train: 98.22%, Valid: 95.16%, Test In: 95.20% Test OOD1: 86.43% 
Epoch: 376, Loss: 0.5062, Train: 98.22%, Valid: 95.19%, Test In: 95.19% Test OOD1: 84.70% 
Epoch: 377, Loss: 0.4997, Train: 98.23%, Valid: 95.28%, Test In: 95.14% Test OOD1: 84.69% 
Epoch: 378, Loss: 0.5018, Train: 98.19%, Valid: 95.03%, Test In: 95.15% Test OOD1: 86.94% 
Epoch: 379, Loss: 0.5063, Train: 98.16%, Valid: 95.24%, Test In: 95.17% Test OOD1: 84.27% 
Epoch: 380, Loss: 0.5071, Train: 98.29%, Valid: 95.26%, Test In: 95.16% Test OOD1: 85.11% 
Epoch: 381, Loss: 0.4990, Train: 98.30%, Valid: 95.24%, Test In: 95.15% Test OOD1: 86.65% 
Epoch: 382, Loss: 0.4999, Train: 98.25%, Valid: 95.31%, Test In: 95.16% Test OOD1: 84.20% 
Epoch: 383, Loss: 0.4939, Train: 98.31%, Valid: 95.27%, Test In: 95.15% Test OOD1: 85.85% 
Epoch: 384, Loss: 0.4931, Train: 98.31%, Valid: 95.24%, Test In: 95.13% Test OOD1: 86.06% 
Epoch: 385, Loss: 0.5008, Train: 98.30%, Valid: 95.28%, Test In: 95.23% Test OOD1: 85.29% 
Epoch: 386, Loss: 0.4990, Train: 98.32%, Valid: 95.29%, Test In: 95.19% Test OOD1: 85.82% 
Epoch: 387, Loss: 0.4925, Train: 98.34%, Valid: 95.35%, Test In: 95.29% Test OOD1: 86.01% 
Epoch: 388, Loss: 0.5011, Train: 98.31%, Valid: 95.23%, Test In: 95.12% Test OOD1: 85.58% 
Epoch: 389, Loss: 0.4891, Train: 98.28%, Valid: 95.28%, Test In: 95.25% Test OOD1: 84.57% 
Epoch: 390, Loss: 0.4937, Train: 98.35%, Valid: 95.23%, Test In: 95.16% Test OOD1: 85.97% 
Epoch: 391, Loss: 0.4917, Train: 98.35%, Valid: 95.31%, Test In: 95.22% Test OOD1: 85.62% 
Epoch: 392, Loss: 0.4853, Train: 98.35%, Valid: 95.34%, Test In: 95.35% Test OOD1: 84.42% 
Epoch: 393, Loss: 0.4851, Train: 98.41%, Valid: 95.26%, Test In: 95.26% Test OOD1: 86.19% 
Epoch: 394, Loss: 0.4766, Train: 98.42%, Valid: 95.28%, Test In: 95.26% Test OOD1: 86.44% 
Epoch: 395, Loss: 0.4784, Train: 98.35%, Valid: 95.35%, Test In: 95.39% Test OOD1: 85.13% 
Epoch: 396, Loss: 0.4854, Train: 98.36%, Valid: 95.18%, Test In: 95.14% Test OOD1: 86.02% 
Epoch: 397, Loss: 0.4753, Train: 98.37%, Valid: 95.32%, Test In: 95.37% Test OOD1: 86.73% 
Epoch: 398, Loss: 0.4844, Train: 98.40%, Valid: 95.35%, Test In: 95.37% Test OOD1: 85.60% 
Epoch: 399, Loss: 0.4758, Train: 98.39%, Valid: 95.27%, Test In: 95.19% Test OOD1: 85.66% 
Epoch: 400, Loss: 0.4820, Train: 98.39%, Valid: 95.23%, Test In: 95.39% Test OOD1: 87.55% 
Epoch: 401, Loss: 0.4917, Train: 98.38%, Valid: 95.39%, Test In: 95.35% Test OOD1: 85.16% 
Epoch: 402, Loss: 0.4716, Train: 98.43%, Valid: 95.37%, Test In: 95.25% Test OOD1: 85.73% 
Epoch: 403, Loss: 0.4776, Train: 98.43%, Valid: 95.34%, Test In: 95.37% Test OOD1: 86.91% 
Epoch: 404, Loss: 0.4788, Train: 98.37%, Valid: 95.34%, Test In: 95.23% Test OOD1: 85.39% 
Epoch: 405, Loss: 0.4776, Train: 98.44%, Valid: 95.41%, Test In: 95.37% Test OOD1: 85.99% 
Epoch: 406, Loss: 0.4685, Train: 98.43%, Valid: 95.34%, Test In: 95.38% Test OOD1: 86.15% 
Epoch: 407, Loss: 0.4661, Train: 98.44%, Valid: 95.36%, Test In: 95.32% Test OOD1: 86.51% 
Epoch: 408, Loss: 0.4750, Train: 98.51%, Valid: 95.51%, Test In: 95.41% Test OOD1: 86.64% 
Epoch: 409, Loss: 0.4670, Train: 98.51%, Valid: 95.55%, Test In: 95.38% Test OOD1: 86.01% 
Epoch: 410, Loss: 0.4624, Train: 98.55%, Valid: 95.50%, Test In: 95.44% Test OOD1: 87.18% 
Epoch: 411, Loss: 0.4627, Train: 98.54%, Valid: 95.51%, Test In: 95.44% Test OOD1: 87.12% 
Epoch: 412, Loss: 0.4594, Train: 98.50%, Valid: 95.50%, Test In: 95.39% Test OOD1: 85.91% 
Epoch: 413, Loss: 0.4652, Train: 98.50%, Valid: 95.44%, Test In: 95.39% Test OOD1: 87.16% 
Epoch: 414, Loss: 0.4588, Train: 98.53%, Valid: 95.57%, Test In: 95.45% Test OOD1: 86.50% 
Epoch: 415, Loss: 0.4593, Train: 98.54%, Valid: 95.58%, Test In: 95.47% Test OOD1: 86.55% 
Epoch: 416, Loss: 0.4494, Train: 98.52%, Valid: 95.57%, Test In: 95.44% Test OOD1: 86.57% 
Epoch: 417, Loss: 0.4579, Train: 98.53%, Valid: 95.52%, Test In: 95.50% Test OOD1: 86.97% 
Epoch: 418, Loss: 0.4574, Train: 98.53%, Valid: 95.46%, Test In: 95.39% Test OOD1: 86.11% 
Epoch: 419, Loss: 0.4388, Train: 98.54%, Valid: 95.43%, Test In: 95.44% Test OOD1: 86.31% 
Epoch: 420, Loss: 0.4481, Train: 98.57%, Valid: 95.45%, Test In: 95.47% Test OOD1: 87.30% 
Epoch: 421, Loss: 0.4585, Train: 98.50%, Valid: 95.50%, Test In: 95.41% Test OOD1: 85.81% 
Epoch: 422, Loss: 0.4574, Train: 98.55%, Valid: 95.41%, Test In: 95.50% Test OOD1: 87.24% 
Epoch: 423, Loss: 0.4505, Train: 98.59%, Valid: 95.50%, Test In: 95.55% Test OOD1: 87.48% 
Epoch: 424, Loss: 0.4582, Train: 98.55%, Valid: 95.44%, Test In: 95.46% Test OOD1: 86.96% 
Epoch: 425, Loss: 0.4669, Train: 98.55%, Valid: 95.55%, Test In: 95.46% Test OOD1: 86.14% 
Epoch: 426, Loss: 0.4512, Train: 98.63%, Valid: 95.52%, Test In: 95.52% Test OOD1: 87.71% 
Epoch: 427, Loss: 0.4438, Train: 98.57%, Valid: 95.53%, Test In: 95.47% Test OOD1: 86.58% 
Epoch: 428, Loss: 0.4565, Train: 98.59%, Valid: 95.58%, Test In: 95.47% Test OOD1: 86.01% 
Epoch: 429, Loss: 0.4507, Train: 98.58%, Valid: 95.51%, Test In: 95.47% Test OOD1: 87.13% 
Epoch: 430, Loss: 0.4388, Train: 98.56%, Valid: 95.58%, Test In: 95.50% Test OOD1: 86.40% 
Epoch: 431, Loss: 0.4456, Train: 98.64%, Valid: 95.61%, Test In: 95.54% Test OOD1: 86.94% 
Epoch: 432, Loss: 0.4337, Train: 98.59%, Valid: 95.52%, Test In: 95.46% Test OOD1: 86.87% 
Epoch: 433, Loss: 0.4480, Train: 98.61%, Valid: 95.63%, Test In: 95.47% Test OOD1: 86.01% 
Epoch: 434, Loss: 0.4425, Train: 98.62%, Valid: 95.51%, Test In: 95.53% Test OOD1: 87.61% 
Epoch: 435, Loss: 0.4366, Train: 98.60%, Valid: 95.55%, Test In: 95.45% Test OOD1: 86.67% 
Epoch: 436, Loss: 0.4433, Train: 98.66%, Valid: 95.75%, Test In: 95.58% Test OOD1: 86.72% 
Epoch: 437, Loss: 0.4341, Train: 98.62%, Valid: 95.61%, Test In: 95.58% Test OOD1: 87.00% 
Epoch: 438, Loss: 0.4258, Train: 98.61%, Valid: 95.50%, Test In: 95.44% Test OOD1: 86.83% 
Epoch: 439, Loss: 0.4334, Train: 98.66%, Valid: 95.71%, Test In: 95.49% Test OOD1: 86.58% 
Epoch: 440, Loss: 0.4365, Train: 98.65%, Valid: 95.73%, Test In: 95.51% Test OOD1: 86.31% 
Epoch: 441, Loss: 0.4343, Train: 98.68%, Valid: 95.63%, Test In: 95.60% Test OOD1: 87.97% 
Epoch: 442, Loss: 0.4426, Train: 98.72%, Valid: 95.77%, Test In: 95.53% Test OOD1: 86.41% 
Epoch: 443, Loss: 0.4382, Train: 98.67%, Valid: 95.73%, Test In: 95.56% Test OOD1: 85.88% 
Epoch: 444, Loss: 0.4336, Train: 98.60%, Valid: 95.40%, Test In: 95.38% Test OOD1: 88.86% 
Epoch: 445, Loss: 0.4538, Train: 98.51%, Valid: 95.60%, Test In: 95.54% Test OOD1: 84.67% 
Epoch: 446, Loss: 0.4532, Train: 98.74%, Valid: 95.69%, Test In: 95.55% Test OOD1: 87.60% 
Epoch: 447, Loss: 0.4323, Train: 98.72%, Valid: 95.66%, Test In: 95.60% Test OOD1: 87.96% 
Epoch: 448, Loss: 0.4301, Train: 98.62%, Valid: 95.73%, Test In: 95.58% Test OOD1: 85.72% 
Epoch: 449, Loss: 0.4278, Train: 98.73%, Valid: 95.70%, Test In: 95.62% Test OOD1: 86.93% 
Epoch: 450, Loss: 0.4214, Train: 98.69%, Valid: 95.62%, Test In: 95.54% Test OOD1: 87.62% 
Epoch: 451, Loss: 0.4256, Train: 98.61%, Valid: 95.62%, Test In: 95.62% Test OOD1: 85.26% 
Epoch: 452, Loss: 0.4377, Train: 98.74%, Valid: 95.73%, Test In: 95.64% Test OOD1: 87.30% 
Epoch: 453, Loss: 0.4200, Train: 98.75%, Valid: 95.75%, Test In: 95.62% Test OOD1: 87.60% 
Epoch: 454, Loss: 0.4223, Train: 98.66%, Valid: 95.75%, Test In: 95.62% Test OOD1: 86.49% 
Epoch: 455, Loss: 0.4250, Train: 98.74%, Valid: 95.73%, Test In: 95.64% Test OOD1: 87.68% 
Epoch: 456, Loss: 0.4198, Train: 98.77%, Valid: 95.73%, Test In: 95.67% Test OOD1: 88.21% 
Epoch: 457, Loss: 0.4235, Train: 98.69%, Valid: 95.67%, Test In: 95.56% Test OOD1: 85.94% 
Epoch: 458, Loss: 0.4263, Train: 98.76%, Valid: 95.75%, Test In: 95.66% Test OOD1: 87.55% 
Epoch: 459, Loss: 0.4206, Train: 98.78%, Valid: 95.78%, Test In: 95.71% Test OOD1: 87.82% 
Epoch: 460, Loss: 0.4233, Train: 98.74%, Valid: 95.81%, Test In: 95.60% Test OOD1: 86.32% 
Epoch: 461, Loss: 0.4246, Train: 98.75%, Valid: 95.75%, Test In: 95.61% Test OOD1: 86.79% 
Epoch: 462, Loss: 0.4263, Train: 98.81%, Valid: 95.62%, Test In: 95.67% Test OOD1: 88.43% 
Epoch: 463, Loss: 0.4250, Train: 98.69%, Valid: 95.75%, Test In: 95.60% Test OOD1: 86.12% 
Epoch: 464, Loss: 0.4134, Train: 98.72%, Valid: 95.74%, Test In: 95.65% Test OOD1: 86.71% 
Epoch: 465, Loss: 0.4278, Train: 98.81%, Valid: 95.69%, Test In: 95.68% Test OOD1: 88.27% 
Epoch: 466, Loss: 0.4142, Train: 98.79%, Valid: 95.86%, Test In: 95.66% Test OOD1: 86.88% 
Epoch: 467, Loss: 0.4135, Train: 98.72%, Valid: 95.78%, Test In: 95.68% Test OOD1: 85.92% 
Epoch: 468, Loss: 0.4233, Train: 98.82%, Valid: 95.77%, Test In: 95.64% Test OOD1: 87.80% 
Epoch: 469, Loss: 0.4064, Train: 98.81%, Valid: 95.79%, Test In: 95.69% Test OOD1: 87.45% 
Epoch: 470, Loss: 0.4161, Train: 98.79%, Valid: 95.85%, Test In: 95.72% Test OOD1: 86.30% 
Epoch: 471, Loss: 0.4188, Train: 98.83%, Valid: 95.88%, Test In: 95.73% Test OOD1: 87.52% 
Epoch: 472, Loss: 0.4092, Train: 98.84%, Valid: 95.74%, Test In: 95.75% Test OOD1: 88.54% 
Epoch: 473, Loss: 0.4080, Train: 98.76%, Valid: 95.85%, Test In: 95.71% Test OOD1: 85.99% 
Epoch: 474, Loss: 0.4130, Train: 98.82%, Valid: 95.72%, Test In: 95.66% Test OOD1: 87.89% 
Epoch: 475, Loss: 0.4063, Train: 98.82%, Valid: 95.81%, Test In: 95.72% Test OOD1: 88.40% 
Epoch: 476, Loss: 0.4073, Train: 98.74%, Valid: 95.87%, Test In: 95.72% Test OOD1: 85.95% 
Epoch: 477, Loss: 0.4102, Train: 98.82%, Valid: 95.68%, Test In: 95.75% Test OOD1: 88.11% 
Epoch: 478, Loss: 0.4077, Train: 98.83%, Valid: 95.87%, Test In: 95.85% Test OOD1: 87.49% 
Epoch: 479, Loss: 0.4064, Train: 98.85%, Valid: 95.85%, Test In: 95.78% Test OOD1: 87.12% 
Epoch: 480, Loss: 0.4156, Train: 98.81%, Valid: 95.73%, Test In: 95.68% Test OOD1: 87.69% 
Epoch: 481, Loss: 0.4095, Train: 98.87%, Valid: 95.80%, Test In: 95.73% Test OOD1: 88.46% 
Epoch: 482, Loss: 0.4037, Train: 98.77%, Valid: 95.81%, Test In: 95.79% Test OOD1: 87.53% 
Epoch: 483, Loss: 0.4100, Train: 98.87%, Valid: 95.83%, Test In: 95.79% Test OOD1: 87.59% 
Epoch: 484, Loss: 0.4004, Train: 98.88%, Valid: 95.81%, Test In: 95.88% Test OOD1: 88.60% 
Epoch: 485, Loss: 0.3963, Train: 98.77%, Valid: 95.80%, Test In: 95.79% Test OOD1: 87.03% 
Epoch: 486, Loss: 0.4084, Train: 98.84%, Valid: 95.81%, Test In: 95.74% Test OOD1: 88.00% 
Epoch: 487, Loss: 0.3857, Train: 98.85%, Valid: 95.87%, Test In: 95.80% Test OOD1: 88.46% 
Epoch: 488, Loss: 0.3998, Train: 98.83%, Valid: 95.91%, Test In: 95.76% Test OOD1: 87.27% 
Epoch: 489, Loss: 0.3987, Train: 98.89%, Valid: 95.89%, Test In: 95.83% Test OOD1: 88.65% 
Epoch: 490, Loss: 0.3924, Train: 98.86%, Valid: 95.83%, Test In: 95.89% Test OOD1: 88.00% 
Epoch: 491, Loss: 0.4002, Train: 98.85%, Valid: 95.90%, Test In: 95.84% Test OOD1: 86.88% 
Epoch: 492, Loss: 0.4001, Train: 98.90%, Valid: 95.75%, Test In: 95.89% Test OOD1: 89.13% 
Epoch: 493, Loss: 0.3982, Train: 98.82%, Valid: 95.85%, Test In: 95.76% Test OOD1: 87.60% 
Epoch: 494, Loss: 0.3946, Train: 98.88%, Valid: 95.87%, Test In: 95.81% Test OOD1: 87.44% 
Epoch: 495, Loss: 0.3898, Train: 98.87%, Valid: 95.85%, Test In: 95.88% Test OOD1: 88.89% 
Epoch: 496, Loss: 0.4004, Train: 98.87%, Valid: 95.82%, Test In: 95.82% Test OOD1: 87.16% 
Epoch: 497, Loss: 0.3931, Train: 98.94%, Valid: 95.92%, Test In: 95.88% Test OOD1: 87.95% 
Epoch: 498, Loss: 0.3856, Train: 98.96%, Valid: 95.89%, Test In: 95.93% Test OOD1: 88.16% 
Epoch: 499, Loss: 0.3820, Train: 98.91%, Valid: 95.90%, Test In: 95.87% Test OOD1: 88.33% 
Run 01:
Highest Train: 98.96
Highest Valid: 95.92
Highest In Test: 95.93
Highest OOD Test: 89.13
Chosen epoch: 498
Final Train: 98.94
Final In Test: 95.88
Final OOD Test: 87.95
Epoch: 00, Loss: 4.8978, Train: 39.27%, Valid: 38.92%, Test In: 39.55% Test OOD1: 39.25% 
Epoch: 01, Loss: 4.8177, Train: 39.27%, Valid: 38.92%, Test In: 39.55% Test OOD1: 39.25% 
Epoch: 02, Loss: 4.7312, Train: 40.04%, Valid: 39.72%, Test In: 40.35% Test OOD1: 39.25% 
Epoch: 03, Loss: 4.6147, Train: 55.83%, Valid: 55.63%, Test In: 56.31% Test OOD1: 40.78% 
Epoch: 04, Loss: 4.4600, Train: 65.43%, Valid: 65.32%, Test In: 66.13% Test OOD1: 45.48% 
Epoch: 05, Loss: 4.2669, Train: 69.10%, Valid: 68.79%, Test In: 69.66% Test OOD1: 47.97% 
Epoch: 06, Loss: 4.0385, Train: 70.66%, Valid: 70.33%, Test In: 71.16% Test OOD1: 49.24% 
Epoch: 07, Loss: 3.7681, Train: 71.55%, Valid: 71.28%, Test In: 72.05% Test OOD1: 50.22% 
Epoch: 08, Loss: 3.4680, Train: 71.99%, Valid: 71.77%, Test In: 72.46% Test OOD1: 51.46% 
Epoch: 09, Loss: 3.1513, Train: 72.15%, Valid: 71.92%, Test In: 72.57% Test OOD1: 53.44% 
Epoch: 10, Loss: 2.8557, Train: 73.31%, Valid: 73.00%, Test In: 73.65% Test OOD1: 56.78% 
Epoch: 11, Loss: 2.6134, Train: 76.23%, Valid: 75.68%, Test In: 76.85% Test OOD1: 60.44% 
Epoch: 12, Loss: 2.4270, Train: 81.52%, Valid: 81.40%, Test In: 81.86% Test OOD1: 63.06% 
Epoch: 13, Loss: 2.2578, Train: 85.27%, Valid: 85.33%, Test In: 85.62% Test OOD1: 64.18% 
Epoch: 14, Loss: 2.1315, Train: 86.48%, Valid: 86.58%, Test In: 86.92% Test OOD1: 64.39% 
Epoch: 15, Loss: 2.0471, Train: 86.85%, Valid: 86.92%, Test In: 87.05% Test OOD1: 64.75% 
Epoch: 16, Loss: 1.9833, Train: 87.09%, Valid: 87.23%, Test In: 87.33% Test OOD1: 65.66% 
Epoch: 17, Loss: 1.9376, Train: 87.28%, Valid: 87.44%, Test In: 87.63% Test OOD1: 67.07% 
Epoch: 18, Loss: 1.8968, Train: 87.53%, Valid: 87.69%, Test In: 87.79% Test OOD1: 68.10% 
Epoch: 19, Loss: 1.8397, Train: 87.80%, Valid: 87.85%, Test In: 87.98% Test OOD1: 68.15% 
Epoch: 20, Loss: 1.7898, Train: 88.07%, Valid: 88.03%, Test In: 88.19% Test OOD1: 68.33% 
Epoch: 21, Loss: 1.7184, Train: 88.28%, Valid: 88.22%, Test In: 88.50% Test OOD1: 68.59% 
Epoch: 22, Loss: 1.6645, Train: 88.45%, Valid: 88.52%, Test In: 88.67% Test OOD1: 69.14% 
Epoch: 23, Loss: 1.6040, Train: 88.64%, Valid: 88.71%, Test In: 88.79% Test OOD1: 69.32% 
Epoch: 24, Loss: 1.5601, Train: 88.79%, Valid: 88.82%, Test In: 88.88% Test OOD1: 69.09% 
Epoch: 25, Loss: 1.5290, Train: 88.84%, Valid: 89.00%, Test In: 88.87% Test OOD1: 68.59% 
Epoch: 26, Loss: 1.5062, Train: 88.98%, Valid: 89.19%, Test In: 89.04% Test OOD1: 68.25% 
Epoch: 27, Loss: 1.4968, Train: 89.05%, Valid: 89.25%, Test In: 89.05% Test OOD1: 67.72% 
Epoch: 28, Loss: 1.4782, Train: 89.11%, Valid: 89.29%, Test In: 89.12% Test OOD1: 67.22% 
Epoch: 29, Loss: 1.4713, Train: 89.25%, Valid: 89.27%, Test In: 89.10% Test OOD1: 66.57% 
Epoch: 30, Loss: 1.4479, Train: 89.38%, Valid: 89.45%, Test In: 89.35% Test OOD1: 66.04% 
Epoch: 31, Loss: 1.4377, Train: 89.56%, Valid: 89.56%, Test In: 89.47% Test OOD1: 65.65% 
Epoch: 32, Loss: 1.4205, Train: 89.67%, Valid: 89.61%, Test In: 89.58% Test OOD1: 65.19% 
Epoch: 33, Loss: 1.4025, Train: 89.78%, Valid: 89.63%, Test In: 89.67% Test OOD1: 64.63% 
Epoch: 34, Loss: 1.3934, Train: 89.90%, Valid: 89.66%, Test In: 89.76% Test OOD1: 64.41% 
Epoch: 35, Loss: 1.3703, Train: 89.98%, Valid: 89.80%, Test In: 89.85% Test OOD1: 63.98% 
Epoch: 36, Loss: 1.3639, Train: 90.02%, Valid: 89.86%, Test In: 89.92% Test OOD1: 63.46% 
Epoch: 37, Loss: 1.3500, Train: 90.18%, Valid: 89.98%, Test In: 90.01% Test OOD1: 63.37% 
Epoch: 38, Loss: 1.3297, Train: 90.37%, Valid: 90.17%, Test In: 90.09% Test OOD1: 63.75% 
Epoch: 39, Loss: 1.3202, Train: 90.46%, Valid: 90.28%, Test In: 90.22% Test OOD1: 63.70% 
Epoch: 40, Loss: 1.3094, Train: 90.54%, Valid: 90.28%, Test In: 90.32% Test OOD1: 63.41% 
Epoch: 41, Loss: 1.2959, Train: 90.61%, Valid: 90.35%, Test In: 90.37% Test OOD1: 63.17% 
Epoch: 42, Loss: 1.2866, Train: 90.74%, Valid: 90.38%, Test In: 90.50% Test OOD1: 63.26% 
Epoch: 43, Loss: 1.2799, Train: 90.78%, Valid: 90.49%, Test In: 90.61% Test OOD1: 63.78% 
Epoch: 44, Loss: 1.2714, Train: 90.81%, Valid: 90.54%, Test In: 90.71% Test OOD1: 64.37% 
Epoch: 45, Loss: 1.2629, Train: 90.87%, Valid: 90.59%, Test In: 90.74% Test OOD1: 64.59% 
Epoch: 46, Loss: 1.2562, Train: 90.92%, Valid: 90.73%, Test In: 90.68% Test OOD1: 64.44% 
Epoch: 47, Loss: 1.2485, Train: 90.92%, Valid: 90.80%, Test In: 90.76% Test OOD1: 64.42% 
Epoch: 48, Loss: 1.2378, Train: 90.93%, Valid: 90.88%, Test In: 90.84% Test OOD1: 64.71% 
Epoch: 49, Loss: 1.2292, Train: 91.02%, Valid: 90.97%, Test In: 90.94% Test OOD1: 64.97% 
Epoch: 50, Loss: 1.2306, Train: 91.10%, Valid: 91.05%, Test In: 90.98% Test OOD1: 64.96% 
Epoch: 51, Loss: 1.2173, Train: 91.15%, Valid: 91.01%, Test In: 91.02% Test OOD1: 64.58% 
Epoch: 52, Loss: 1.2193, Train: 91.19%, Valid: 91.05%, Test In: 91.09% Test OOD1: 64.26% 
Epoch: 53, Loss: 1.2090, Train: 91.24%, Valid: 91.13%, Test In: 91.10% Test OOD1: 64.15% 
Epoch: 54, Loss: 1.1899, Train: 91.31%, Valid: 91.18%, Test In: 91.18% Test OOD1: 63.91% 
Epoch: 55, Loss: 1.1948, Train: 91.36%, Valid: 91.24%, Test In: 91.25% Test OOD1: 63.46% 
Epoch: 56, Loss: 1.1853, Train: 91.41%, Valid: 91.26%, Test In: 91.28% Test OOD1: 63.28% 
Epoch: 57, Loss: 1.1822, Train: 91.43%, Valid: 91.28%, Test In: 91.33% Test OOD1: 63.16% 
Epoch: 58, Loss: 1.1794, Train: 91.46%, Valid: 91.30%, Test In: 91.32% Test OOD1: 63.10% 
Epoch: 59, Loss: 1.1741, Train: 91.48%, Valid: 91.34%, Test In: 91.36% Test OOD1: 63.01% 
Epoch: 60, Loss: 1.1689, Train: 91.50%, Valid: 91.39%, Test In: 91.38% Test OOD1: 62.97% 
Epoch: 61, Loss: 1.1590, Train: 91.56%, Valid: 91.41%, Test In: 91.43% Test OOD1: 63.05% 
Epoch: 62, Loss: 1.1466, Train: 91.59%, Valid: 91.45%, Test In: 91.45% Test OOD1: 63.25% 
Epoch: 63, Loss: 1.1504, Train: 91.64%, Valid: 91.47%, Test In: 91.45% Test OOD1: 63.35% 
Epoch: 64, Loss: 1.1436, Train: 91.68%, Valid: 91.48%, Test In: 91.50% Test OOD1: 63.33% 
Epoch: 65, Loss: 1.1432, Train: 91.75%, Valid: 91.51%, Test In: 91.54% Test OOD1: 63.48% 
Epoch: 66, Loss: 1.1415, Train: 91.83%, Valid: 91.53%, Test In: 91.54% Test OOD1: 63.78% 
Epoch: 67, Loss: 1.1412, Train: 91.83%, Valid: 91.53%, Test In: 91.57% Test OOD1: 63.92% 
Epoch: 68, Loss: 1.1314, Train: 91.88%, Valid: 91.55%, Test In: 91.59% Test OOD1: 63.77% 
Epoch: 69, Loss: 1.1238, Train: 91.92%, Valid: 91.56%, Test In: 91.60% Test OOD1: 63.77% 
Epoch: 70, Loss: 1.1228, Train: 91.97%, Valid: 91.60%, Test In: 91.64% Test OOD1: 63.91% 
Epoch: 71, Loss: 1.1196, Train: 92.02%, Valid: 91.59%, Test In: 91.68% Test OOD1: 63.99% 
Epoch: 72, Loss: 1.1115, Train: 92.05%, Valid: 91.60%, Test In: 91.70% Test OOD1: 64.01% 
Epoch: 73, Loss: 1.1058, Train: 92.06%, Valid: 91.57%, Test In: 91.71% Test OOD1: 64.00% 
Epoch: 74, Loss: 1.1031, Train: 92.08%, Valid: 91.61%, Test In: 91.74% Test OOD1: 64.07% 
Epoch: 75, Loss: 1.0984, Train: 92.14%, Valid: 91.67%, Test In: 91.81% Test OOD1: 64.29% 
Epoch: 76, Loss: 1.0977, Train: 92.16%, Valid: 91.73%, Test In: 91.84% Test OOD1: 64.33% 
Epoch: 77, Loss: 1.0936, Train: 92.20%, Valid: 91.77%, Test In: 91.86% Test OOD1: 64.37% 
Epoch: 78, Loss: 1.0869, Train: 92.25%, Valid: 91.79%, Test In: 91.84% Test OOD1: 64.08% 
Epoch: 79, Loss: 1.0878, Train: 92.27%, Valid: 91.80%, Test In: 91.84% Test OOD1: 63.98% 
Epoch: 80, Loss: 1.0717, Train: 92.32%, Valid: 91.86%, Test In: 91.95% Test OOD1: 64.43% 
Epoch: 81, Loss: 1.0707, Train: 92.39%, Valid: 91.85%, Test In: 91.93% Test OOD1: 64.91% 
Epoch: 82, Loss: 1.0710, Train: 92.39%, Valid: 91.87%, Test In: 91.94% Test OOD1: 64.67% 
Epoch: 83, Loss: 1.0625, Train: 92.39%, Valid: 91.86%, Test In: 91.99% Test OOD1: 64.27% 
Epoch: 84, Loss: 1.0686, Train: 92.45%, Valid: 91.91%, Test In: 91.98% Test OOD1: 64.64% 
Epoch: 85, Loss: 1.0632, Train: 92.48%, Valid: 91.99%, Test In: 92.01% Test OOD1: 65.00% 
Epoch: 86, Loss: 1.0571, Train: 92.54%, Valid: 92.01%, Test In: 92.11% Test OOD1: 64.71% 
Epoch: 87, Loss: 1.0437, Train: 92.49%, Valid: 92.02%, Test In: 92.08% Test OOD1: 64.49% 
Epoch: 88, Loss: 1.0506, Train: 92.54%, Valid: 92.11%, Test In: 92.08% Test OOD1: 64.92% 
Epoch: 89, Loss: 1.0439, Train: 92.59%, Valid: 92.12%, Test In: 92.08% Test OOD1: 65.07% 
Epoch: 90, Loss: 1.0445, Train: 92.64%, Valid: 92.16%, Test In: 92.10% Test OOD1: 65.02% 
Epoch: 91, Loss: 1.0376, Train: 92.64%, Valid: 92.16%, Test In: 92.05% Test OOD1: 65.09% 
Epoch: 92, Loss: 1.0344, Train: 92.67%, Valid: 92.18%, Test In: 92.07% Test OOD1: 65.26% 
Epoch: 93, Loss: 1.0347, Train: 92.69%, Valid: 92.19%, Test In: 92.09% Test OOD1: 65.38% 
Epoch: 94, Loss: 1.0323, Train: 92.73%, Valid: 92.24%, Test In: 92.11% Test OOD1: 65.61% 
Epoch: 95, Loss: 1.0268, Train: 92.77%, Valid: 92.21%, Test In: 92.20% Test OOD1: 65.74% 
Epoch: 96, Loss: 1.0230, Train: 92.79%, Valid: 92.28%, Test In: 92.19% Test OOD1: 66.00% 
Epoch: 97, Loss: 1.0245, Train: 92.80%, Valid: 92.29%, Test In: 92.13% Test OOD1: 65.87% 
Epoch: 98, Loss: 1.0142, Train: 92.80%, Valid: 92.31%, Test In: 92.14% Test OOD1: 65.81% 
Epoch: 99, Loss: 1.0096, Train: 92.91%, Valid: 92.29%, Test In: 92.26% Test OOD1: 66.13% 
Epoch: 100, Loss: 1.0181, Train: 92.93%, Valid: 92.33%, Test In: 92.22% Test OOD1: 66.54% 
Epoch: 101, Loss: 1.0030, Train: 92.94%, Valid: 92.32%, Test In: 92.24% Test OOD1: 66.42% 
Epoch: 102, Loss: 0.9950, Train: 92.99%, Valid: 92.36%, Test In: 92.30% Test OOD1: 66.35% 
Epoch: 103, Loss: 0.9995, Train: 93.00%, Valid: 92.39%, Test In: 92.28% Test OOD1: 66.92% 
Epoch: 104, Loss: 0.9974, Train: 93.06%, Valid: 92.45%, Test In: 92.34% Test OOD1: 66.97% 
Epoch: 105, Loss: 0.9954, Train: 93.09%, Valid: 92.48%, Test In: 92.37% Test OOD1: 67.03% 
Epoch: 106, Loss: 0.9926, Train: 93.12%, Valid: 92.49%, Test In: 92.42% Test OOD1: 67.12% 
Epoch: 107, Loss: 0.9851, Train: 93.17%, Valid: 92.51%, Test In: 92.35% Test OOD1: 67.58% 
Epoch: 108, Loss: 0.9868, Train: 93.23%, Valid: 92.53%, Test In: 92.39% Test OOD1: 67.68% 
Epoch: 109, Loss: 0.9796, Train: 93.23%, Valid: 92.47%, Test In: 92.47% Test OOD1: 67.58% 
Epoch: 110, Loss: 0.9754, Train: 93.26%, Valid: 92.56%, Test In: 92.46% Test OOD1: 68.00% 
Epoch: 111, Loss: 0.9728, Train: 93.25%, Valid: 92.58%, Test In: 92.37% Test OOD1: 68.51% 
Epoch: 112, Loss: 0.9758, Train: 93.31%, Valid: 92.55%, Test In: 92.47% Test OOD1: 68.15% 
Epoch: 113, Loss: 0.9711, Train: 93.36%, Valid: 92.58%, Test In: 92.49% Test OOD1: 68.04% 
Epoch: 114, Loss: 0.9663, Train: 93.34%, Valid: 92.56%, Test In: 92.44% Test OOD1: 68.88% 
Epoch: 115, Loss: 0.9686, Train: 93.38%, Valid: 92.63%, Test In: 92.41% Test OOD1: 68.64% 
Epoch: 116, Loss: 0.9595, Train: 93.42%, Valid: 92.60%, Test In: 92.55% Test OOD1: 68.10% 
Epoch: 117, Loss: 0.9550, Train: 93.48%, Valid: 92.65%, Test In: 92.56% Test OOD1: 68.84% 
Epoch: 118, Loss: 0.9556, Train: 93.43%, Valid: 92.66%, Test In: 92.47% Test OOD1: 69.51% 
Epoch: 119, Loss: 0.9499, Train: 93.52%, Valid: 92.69%, Test In: 92.56% Test OOD1: 68.85% 
Epoch: 120, Loss: 0.9508, Train: 93.57%, Valid: 92.68%, Test In: 92.59% Test OOD1: 68.90% 
Epoch: 121, Loss: 0.9506, Train: 93.54%, Valid: 92.68%, Test In: 92.56% Test OOD1: 69.72% 
Epoch: 122, Loss: 0.9481, Train: 93.60%, Valid: 92.72%, Test In: 92.60% Test OOD1: 69.45% 
Epoch: 123, Loss: 0.9389, Train: 93.65%, Valid: 92.68%, Test In: 92.69% Test OOD1: 69.31% 
Epoch: 124, Loss: 0.9404, Train: 93.63%, Valid: 92.72%, Test In: 92.66% Test OOD1: 69.98% 
Epoch: 125, Loss: 0.9355, Train: 93.63%, Valid: 92.75%, Test In: 92.65% Test OOD1: 70.24% 
Epoch: 126, Loss: 0.9361, Train: 93.66%, Valid: 92.72%, Test In: 92.67% Test OOD1: 69.97% 
Epoch: 127, Loss: 0.9259, Train: 93.70%, Valid: 92.73%, Test In: 92.68% Test OOD1: 70.21% 
Epoch: 128, Loss: 0.9297, Train: 93.71%, Valid: 92.76%, Test In: 92.72% Test OOD1: 70.57% 
Epoch: 129, Loss: 0.9270, Train: 93.73%, Valid: 92.79%, Test In: 92.72% Test OOD1: 70.81% 
Epoch: 130, Loss: 0.9223, Train: 93.76%, Valid: 92.83%, Test In: 92.76% Test OOD1: 70.74% 
Epoch: 131, Loss: 0.9153, Train: 93.77%, Valid: 92.81%, Test In: 92.78% Test OOD1: 70.71% 
Epoch: 132, Loss: 0.9205, Train: 93.83%, Valid: 92.87%, Test In: 92.70% Test OOD1: 71.14% 
Epoch: 133, Loss: 0.9146, Train: 93.85%, Valid: 92.90%, Test In: 92.73% Test OOD1: 71.17% 
Epoch: 134, Loss: 0.9164, Train: 93.88%, Valid: 92.88%, Test In: 92.75% Test OOD1: 71.03% 
Epoch: 135, Loss: 0.9092, Train: 93.95%, Valid: 92.86%, Test In: 92.86% Test OOD1: 70.94% 
Epoch: 136, Loss: 0.8995, Train: 93.87%, Valid: 92.91%, Test In: 92.87% Test OOD1: 72.14% 
Epoch: 137, Loss: 0.9044, Train: 93.92%, Valid: 92.91%, Test In: 92.83% Test OOD1: 71.52% 
Epoch: 138, Loss: 0.8974, Train: 93.96%, Valid: 92.89%, Test In: 92.91% Test OOD1: 71.12% 
Epoch: 139, Loss: 0.9024, Train: 93.96%, Valid: 92.95%, Test In: 92.94% Test OOD1: 72.42% 
Epoch: 140, Loss: 0.8935, Train: 93.99%, Valid: 92.95%, Test In: 92.88% Test OOD1: 72.08% 
Epoch: 141, Loss: 0.8941, Train: 94.07%, Valid: 92.92%, Test In: 92.97% Test OOD1: 71.70% 
Epoch: 142, Loss: 0.8926, Train: 94.06%, Valid: 93.01%, Test In: 92.93% Test OOD1: 72.58% 
Epoch: 143, Loss: 0.8931, Train: 94.10%, Valid: 92.98%, Test In: 92.94% Test OOD1: 72.45% 
Epoch: 144, Loss: 0.8851, Train: 94.13%, Valid: 92.97%, Test In: 93.03% Test OOD1: 72.19% 
Epoch: 145, Loss: 0.8840, Train: 94.10%, Valid: 93.02%, Test In: 92.98% Test OOD1: 72.61% 
Epoch: 146, Loss: 0.8793, Train: 94.15%, Valid: 92.95%, Test In: 93.03% Test OOD1: 72.74% 
Epoch: 147, Loss: 0.8740, Train: 94.20%, Valid: 92.98%, Test In: 93.03% Test OOD1: 72.40% 
Epoch: 148, Loss: 0.8747, Train: 94.23%, Valid: 93.09%, Test In: 93.03% Test OOD1: 73.18% 
Epoch: 149, Loss: 0.8729, Train: 94.23%, Valid: 93.07%, Test In: 93.03% Test OOD1: 72.53% 
Epoch: 150, Loss: 0.8754, Train: 94.29%, Valid: 93.06%, Test In: 93.03% Test OOD1: 72.82% 
Epoch: 151, Loss: 0.8607, Train: 94.33%, Valid: 93.08%, Test In: 93.10% Test OOD1: 73.39% 
Epoch: 152, Loss: 0.8749, Train: 94.29%, Valid: 93.10%, Test In: 93.06% Test OOD1: 72.77% 
Epoch: 153, Loss: 0.8613, Train: 94.38%, Valid: 93.09%, Test In: 93.03% Test OOD1: 73.21% 
Epoch: 154, Loss: 0.8526, Train: 94.41%, Valid: 93.16%, Test In: 93.08% Test OOD1: 73.78% 
Epoch: 155, Loss: 0.8569, Train: 94.40%, Valid: 93.17%, Test In: 93.09% Test OOD1: 73.70% 
Epoch: 156, Loss: 0.8549, Train: 94.37%, Valid: 93.14%, Test In: 93.13% Test OOD1: 73.18% 
Epoch: 157, Loss: 0.8559, Train: 94.43%, Valid: 93.13%, Test In: 93.12% Test OOD1: 74.58% 
Epoch: 158, Loss: 0.8504, Train: 94.43%, Valid: 93.14%, Test In: 93.18% Test OOD1: 73.74% 
Epoch: 159, Loss: 0.8527, Train: 94.52%, Valid: 93.16%, Test In: 93.14% Test OOD1: 74.10% 
Epoch: 160, Loss: 0.8463, Train: 94.53%, Valid: 93.25%, Test In: 93.16% Test OOD1: 74.47% 
Epoch: 161, Loss: 0.8487, Train: 94.48%, Valid: 93.24%, Test In: 93.14% Test OOD1: 73.93% 
Epoch: 162, Loss: 0.8399, Train: 94.58%, Valid: 93.23%, Test In: 93.20% Test OOD1: 74.86% 
Epoch: 163, Loss: 0.8337, Train: 94.57%, Valid: 93.22%, Test In: 93.24% Test OOD1: 74.38% 
Epoch: 164, Loss: 0.8348, Train: 94.61%, Valid: 93.27%, Test In: 93.26% Test OOD1: 74.15% 
Epoch: 165, Loss: 0.8361, Train: 94.66%, Valid: 93.27%, Test In: 93.22% Test OOD1: 75.43% 
Epoch: 166, Loss: 0.8265, Train: 94.72%, Valid: 93.26%, Test In: 93.25% Test OOD1: 74.49% 
Epoch: 167, Loss: 0.8277, Train: 94.73%, Valid: 93.26%, Test In: 93.24% Test OOD1: 74.39% 
Epoch: 168, Loss: 0.8175, Train: 94.81%, Valid: 93.35%, Test In: 93.24% Test OOD1: 75.12% 
Epoch: 169, Loss: 0.8238, Train: 94.80%, Valid: 93.29%, Test In: 93.27% Test OOD1: 75.02% 
Epoch: 170, Loss: 0.8180, Train: 94.79%, Valid: 93.33%, Test In: 93.26% Test OOD1: 75.09% 
Epoch: 171, Loss: 0.8127, Train: 94.86%, Valid: 93.36%, Test In: 93.25% Test OOD1: 75.30% 
Epoch: 172, Loss: 0.8178, Train: 94.91%, Valid: 93.38%, Test In: 93.28% Test OOD1: 75.48% 
Epoch: 173, Loss: 0.8126, Train: 94.89%, Valid: 93.28%, Test In: 93.29% Test OOD1: 75.09% 
Epoch: 174, Loss: 0.8045, Train: 94.97%, Valid: 93.39%, Test In: 93.31% Test OOD1: 75.52% 
Epoch: 175, Loss: 0.8100, Train: 94.98%, Valid: 93.36%, Test In: 93.32% Test OOD1: 75.39% 
Epoch: 176, Loss: 0.8005, Train: 95.01%, Valid: 93.37%, Test In: 93.31% Test OOD1: 75.38% 
Epoch: 177, Loss: 0.8005, Train: 95.04%, Valid: 93.39%, Test In: 93.23% Test OOD1: 75.90% 
Epoch: 178, Loss: 0.7966, Train: 95.05%, Valid: 93.38%, Test In: 93.38% Test OOD1: 75.31% 
Epoch: 179, Loss: 0.7913, Train: 95.13%, Valid: 93.39%, Test In: 93.30% Test OOD1: 75.59% 
Epoch: 180, Loss: 0.7897, Train: 95.13%, Valid: 93.40%, Test In: 93.31% Test OOD1: 75.88% 
Epoch: 181, Loss: 0.7871, Train: 95.13%, Valid: 93.47%, Test In: 93.37% Test OOD1: 75.84% 
Epoch: 182, Loss: 0.7899, Train: 95.19%, Valid: 93.41%, Test In: 93.33% Test OOD1: 75.42% 
Epoch: 183, Loss: 0.7884, Train: 95.13%, Valid: 93.39%, Test In: 93.37% Test OOD1: 76.85% 
Epoch: 184, Loss: 0.7817, Train: 95.26%, Valid: 93.41%, Test In: 93.41% Test OOD1: 75.67% 
Epoch: 185, Loss: 0.7795, Train: 95.29%, Valid: 93.43%, Test In: 93.42% Test OOD1: 76.21% 
Epoch: 186, Loss: 0.7786, Train: 95.31%, Valid: 93.45%, Test In: 93.37% Test OOD1: 76.51% 
Epoch: 187, Loss: 0.7789, Train: 95.35%, Valid: 93.49%, Test In: 93.43% Test OOD1: 76.00% 
Epoch: 188, Loss: 0.7704, Train: 95.36%, Valid: 93.44%, Test In: 93.44% Test OOD1: 76.73% 
Epoch: 189, Loss: 0.7755, Train: 95.39%, Valid: 93.47%, Test In: 93.43% Test OOD1: 76.25% 
Epoch: 190, Loss: 0.7699, Train: 95.46%, Valid: 93.46%, Test In: 93.47% Test OOD1: 76.97% 
Epoch: 191, Loss: 0.7678, Train: 95.43%, Valid: 93.56%, Test In: 93.51% Test OOD1: 76.31% 
Epoch: 192, Loss: 0.7734, Train: 95.50%, Valid: 93.47%, Test In: 93.48% Test OOD1: 76.91% 
Epoch: 193, Loss: 0.7634, Train: 95.49%, Valid: 93.52%, Test In: 93.45% Test OOD1: 76.76% 
Epoch: 194, Loss: 0.7596, Train: 95.50%, Valid: 93.54%, Test In: 93.49% Test OOD1: 76.09% 
Epoch: 195, Loss: 0.7539, Train: 95.53%, Valid: 93.49%, Test In: 93.46% Test OOD1: 77.21% 
Epoch: 196, Loss: 0.7580, Train: 95.55%, Valid: 93.58%, Test In: 93.52% Test OOD1: 76.61% 
Epoch: 197, Loss: 0.7630, Train: 95.54%, Valid: 93.54%, Test In: 93.52% Test OOD1: 75.91% 
Epoch: 198, Loss: 0.7450, Train: 95.58%, Valid: 93.48%, Test In: 93.47% Test OOD1: 77.70% 
Epoch: 199, Loss: 0.7514, Train: 95.70%, Valid: 93.68%, Test In: 93.58% Test OOD1: 76.48% 
Epoch: 200, Loss: 0.7382, Train: 95.61%, Valid: 93.66%, Test In: 93.66% Test OOD1: 76.06% 
Epoch: 201, Loss: 0.7472, Train: 95.57%, Valid: 93.47%, Test In: 93.47% Test OOD1: 78.65% 
Epoch: 202, Loss: 0.7502, Train: 95.70%, Valid: 93.70%, Test In: 93.61% Test OOD1: 76.22% 
Epoch: 203, Loss: 0.7337, Train: 95.79%, Valid: 93.68%, Test In: 93.56% Test OOD1: 77.02% 
Epoch: 204, Loss: 0.7350, Train: 95.79%, Valid: 93.64%, Test In: 93.56% Test OOD1: 78.32% 
Epoch: 205, Loss: 0.7409, Train: 95.81%, Valid: 93.64%, Test In: 93.67% Test OOD1: 76.63% 
Epoch: 206, Loss: 0.7329, Train: 95.89%, Valid: 93.70%, Test In: 93.58% Test OOD1: 77.78% 
Epoch: 207, Loss: 0.7354, Train: 95.93%, Valid: 93.77%, Test In: 93.60% Test OOD1: 77.72% 
Epoch: 208, Loss: 0.7294, Train: 95.90%, Valid: 93.70%, Test In: 93.72% Test OOD1: 77.46% 
Epoch: 209, Loss: 0.7218, Train: 95.97%, Valid: 93.76%, Test In: 93.68% Test OOD1: 78.09% 
Epoch: 210, Loss: 0.7149, Train: 96.00%, Valid: 93.83%, Test In: 93.66% Test OOD1: 77.59% 
Epoch: 211, Loss: 0.7174, Train: 96.02%, Valid: 93.76%, Test In: 93.78% Test OOD1: 77.91% 
Epoch: 212, Loss: 0.7212, Train: 96.08%, Valid: 93.87%, Test In: 93.75% Test OOD1: 78.43% 
Epoch: 213, Loss: 0.7049, Train: 96.09%, Valid: 93.85%, Test In: 93.70% Test OOD1: 77.66% 
Epoch: 214, Loss: 0.7106, Train: 96.10%, Valid: 93.70%, Test In: 93.80% Test OOD1: 78.23% 
Epoch: 215, Loss: 0.7048, Train: 96.14%, Valid: 93.77%, Test In: 93.77% Test OOD1: 78.40% 
Epoch: 216, Loss: 0.7051, Train: 96.17%, Valid: 93.87%, Test In: 93.71% Test OOD1: 77.65% 
Epoch: 217, Loss: 0.7007, Train: 96.21%, Valid: 93.77%, Test In: 93.81% Test OOD1: 77.92% 
Epoch: 218, Loss: 0.7015, Train: 96.21%, Valid: 93.75%, Test In: 93.81% Test OOD1: 78.50% 
Epoch: 219, Loss: 0.6995, Train: 96.22%, Valid: 93.91%, Test In: 93.74% Test OOD1: 77.70% 
Epoch: 220, Loss: 0.6941, Train: 96.31%, Valid: 93.84%, Test In: 93.87% Test OOD1: 78.31% 
Epoch: 221, Loss: 0.6838, Train: 96.27%, Valid: 93.78%, Test In: 93.92% Test OOD1: 78.83% 
Epoch: 222, Loss: 0.6954, Train: 96.37%, Valid: 93.94%, Test In: 93.89% Test OOD1: 78.36% 
Epoch: 223, Loss: 0.6880, Train: 96.38%, Valid: 93.95%, Test In: 93.95% Test OOD1: 78.33% 
Epoch: 224, Loss: 0.6826, Train: 96.35%, Valid: 93.86%, Test In: 93.93% Test OOD1: 79.28% 
Epoch: 225, Loss: 0.6797, Train: 96.41%, Valid: 93.85%, Test In: 93.93% Test OOD1: 78.08% 
Epoch: 226, Loss: 0.6841, Train: 96.43%, Valid: 93.97%, Test In: 93.93% Test OOD1: 78.65% 
Epoch: 227, Loss: 0.6799, Train: 96.43%, Valid: 93.80%, Test In: 93.97% Test OOD1: 78.65% 
Epoch: 228, Loss: 0.6795, Train: 96.49%, Valid: 93.96%, Test In: 94.00% Test OOD1: 79.12% 
Epoch: 229, Loss: 0.6698, Train: 96.51%, Valid: 94.04%, Test In: 94.06% Test OOD1: 78.82% 
Epoch: 230, Loss: 0.6723, Train: 96.58%, Valid: 93.99%, Test In: 94.10% Test OOD1: 79.19% 
Epoch: 231, Loss: 0.6632, Train: 96.57%, Valid: 94.04%, Test In: 94.00% Test OOD1: 79.80% 
Epoch: 232, Loss: 0.6622, Train: 96.56%, Valid: 93.98%, Test In: 94.11% Test OOD1: 79.21% 
Epoch: 233, Loss: 0.6644, Train: 96.61%, Valid: 94.04%, Test In: 94.08% Test OOD1: 79.67% 
Epoch: 234, Loss: 0.6585, Train: 96.63%, Valid: 93.99%, Test In: 94.06% Test OOD1: 80.17% 
Epoch: 235, Loss: 0.6580, Train: 96.72%, Valid: 94.04%, Test In: 94.10% Test OOD1: 79.08% 
Epoch: 236, Loss: 0.6562, Train: 96.72%, Valid: 94.10%, Test In: 94.09% Test OOD1: 79.97% 
Epoch: 237, Loss: 0.6508, Train: 96.72%, Valid: 94.08%, Test In: 94.15% Test OOD1: 79.84% 
Epoch: 238, Loss: 0.6573, Train: 96.72%, Valid: 94.08%, Test In: 94.02% Test OOD1: 78.63% 
Epoch: 239, Loss: 0.6551, Train: 96.74%, Valid: 94.00%, Test In: 94.00% Test OOD1: 81.10% 
Epoch: 240, Loss: 0.6562, Train: 96.61%, Valid: 93.94%, Test In: 94.07% Test OOD1: 78.27% 
Epoch: 241, Loss: 0.6667, Train: 96.75%, Valid: 93.99%, Test In: 93.97% Test OOD1: 81.37% 
Epoch: 242, Loss: 0.6592, Train: 96.80%, Valid: 94.20%, Test In: 94.07% Test OOD1: 79.37% 
Epoch: 243, Loss: 0.6427, Train: 96.79%, Valid: 94.08%, Test In: 94.14% Test OOD1: 79.52% 
Epoch: 244, Loss: 0.6410, Train: 96.87%, Valid: 94.07%, Test In: 94.08% Test OOD1: 81.46% 
Epoch: 245, Loss: 0.6431, Train: 96.90%, Valid: 94.18%, Test In: 94.13% Test OOD1: 79.38% 
Epoch: 246, Loss: 0.6356, Train: 96.94%, Valid: 94.14%, Test In: 94.21% Test OOD1: 80.22% 
Epoch: 247, Loss: 0.6397, Train: 97.00%, Valid: 94.15%, Test In: 94.16% Test OOD1: 81.21% 
Epoch: 248, Loss: 0.6287, Train: 97.02%, Valid: 94.25%, Test In: 94.22% Test OOD1: 80.52% 
Epoch: 249, Loss: 0.6287, Train: 97.03%, Valid: 94.14%, Test In: 94.29% Test OOD1: 80.72% 
Epoch: 250, Loss: 0.6323, Train: 97.09%, Valid: 94.22%, Test In: 94.27% Test OOD1: 80.59% 
Epoch: 251, Loss: 0.6239, Train: 97.12%, Valid: 94.25%, Test In: 94.23% Test OOD1: 81.60% 
Epoch: 252, Loss: 0.6203, Train: 97.01%, Valid: 94.20%, Test In: 94.31% Test OOD1: 79.77% 
Epoch: 253, Loss: 0.6251, Train: 97.08%, Valid: 94.25%, Test In: 94.27% Test OOD1: 81.07% 
Epoch: 254, Loss: 0.6258, Train: 97.15%, Valid: 94.28%, Test In: 94.33% Test OOD1: 81.07% 
Epoch: 255, Loss: 0.6176, Train: 97.25%, Valid: 94.32%, Test In: 94.34% Test OOD1: 80.60% 
Epoch: 256, Loss: 0.6119, Train: 97.25%, Valid: 94.31%, Test In: 94.38% Test OOD1: 80.65% 
Epoch: 257, Loss: 0.6167, Train: 97.23%, Valid: 94.29%, Test In: 94.27% Test OOD1: 82.11% 
Epoch: 258, Loss: 0.6094, Train: 97.21%, Valid: 94.31%, Test In: 94.42% Test OOD1: 80.07% 
Epoch: 259, Loss: 0.6150, Train: 97.27%, Valid: 94.34%, Test In: 94.35% Test OOD1: 81.30% 
Epoch: 260, Loss: 0.6046, Train: 97.30%, Valid: 94.39%, Test In: 94.41% Test OOD1: 81.78% 
Epoch: 261, Loss: 0.6056, Train: 97.31%, Valid: 94.35%, Test In: 94.37% Test OOD1: 80.62% 
Epoch: 262, Loss: 0.5975, Train: 97.37%, Valid: 94.39%, Test In: 94.37% Test OOD1: 81.55% 
Epoch: 263, Loss: 0.5971, Train: 97.34%, Valid: 94.43%, Test In: 94.37% Test OOD1: 82.12% 
Epoch: 264, Loss: 0.6001, Train: 97.36%, Valid: 94.37%, Test In: 94.39% Test OOD1: 81.58% 
Epoch: 265, Loss: 0.5932, Train: 97.38%, Valid: 94.42%, Test In: 94.46% Test OOD1: 81.39% 
Epoch: 266, Loss: 0.5863, Train: 97.40%, Valid: 94.48%, Test In: 94.37% Test OOD1: 82.37% 
Epoch: 267, Loss: 0.5865, Train: 97.44%, Valid: 94.46%, Test In: 94.45% Test OOD1: 81.54% 
Epoch: 268, Loss: 0.5929, Train: 97.48%, Valid: 94.54%, Test In: 94.51% Test OOD1: 81.17% 
Epoch: 269, Loss: 0.5747, Train: 97.48%, Valid: 94.53%, Test In: 94.43% Test OOD1: 82.24% 
Epoch: 270, Loss: 0.5846, Train: 97.52%, Valid: 94.56%, Test In: 94.39% Test OOD1: 82.07% 
Epoch: 271, Loss: 0.5886, Train: 97.34%, Valid: 94.39%, Test In: 94.50% Test OOD1: 79.85% 
Epoch: 272, Loss: 0.6319, Train: 97.40%, Valid: 94.29%, Test In: 94.11% Test OOD1: 84.42% 
Epoch: 273, Loss: 0.6135, Train: 97.39%, Valid: 94.31%, Test In: 94.57% Test OOD1: 80.71% 
Epoch: 274, Loss: 0.5856, Train: 97.47%, Valid: 94.53%, Test In: 94.57% Test OOD1: 81.14% 
Epoch: 275, Loss: 0.5890, Train: 97.50%, Valid: 94.58%, Test In: 94.50% Test OOD1: 82.10% 
Epoch: 276, Loss: 0.5986, Train: 97.48%, Valid: 94.58%, Test In: 94.34% Test OOD1: 83.13% 
Epoch: 277, Loss: 0.5850, Train: 97.43%, Valid: 94.44%, Test In: 94.60% Test OOD1: 80.76% 
Epoch: 278, Loss: 0.5762, Train: 97.48%, Valid: 94.56%, Test In: 94.54% Test OOD1: 81.42% 
Epoch: 279, Loss: 0.5712, Train: 97.57%, Valid: 94.61%, Test In: 94.50% Test OOD1: 83.25% 
Epoch: 280, Loss: 0.5777, Train: 97.53%, Valid: 94.57%, Test In: 94.62% Test OOD1: 82.45% 
Epoch: 281, Loss: 0.5734, Train: 97.67%, Valid: 94.70%, Test In: 94.61% Test OOD1: 82.65% 
Epoch: 282, Loss: 0.5774, Train: 97.57%, Valid: 94.52%, Test In: 94.59% Test OOD1: 80.63% 
Epoch: 283, Loss: 0.5660, Train: 97.67%, Valid: 94.66%, Test In: 94.49% Test OOD1: 83.88% 
Epoch: 284, Loss: 0.5590, Train: 97.70%, Valid: 94.75%, Test In: 94.63% Test OOD1: 83.22% 
Epoch: 285, Loss: 0.5517, Train: 97.59%, Valid: 94.58%, Test In: 94.56% Test OOD1: 80.22% 
Epoch: 286, Loss: 0.5634, Train: 97.71%, Valid: 94.75%, Test In: 94.60% Test OOD1: 83.34% 
Epoch: 287, Loss: 0.5472, Train: 97.68%, Valid: 94.73%, Test In: 94.62% Test OOD1: 82.97% 
Epoch: 288, Loss: 0.5550, Train: 97.74%, Valid: 94.68%, Test In: 94.72% Test OOD1: 81.67% 
Epoch: 289, Loss: 0.5473, Train: 97.75%, Valid: 94.73%, Test In: 94.66% Test OOD1: 82.66% 
Epoch: 290, Loss: 0.5509, Train: 97.79%, Valid: 94.73%, Test In: 94.79% Test OOD1: 82.25% 
Epoch: 291, Loss: 0.5460, Train: 97.82%, Valid: 94.75%, Test In: 94.71% Test OOD1: 83.45% 
Epoch: 292, Loss: 0.5445, Train: 97.85%, Valid: 94.81%, Test In: 94.72% Test OOD1: 83.31% 
Epoch: 293, Loss: 0.5331, Train: 97.86%, Valid: 94.81%, Test In: 94.77% Test OOD1: 82.53% 
Epoch: 294, Loss: 0.5436, Train: 97.83%, Valid: 94.82%, Test In: 94.67% Test OOD1: 84.15% 
Epoch: 295, Loss: 0.5443, Train: 97.86%, Valid: 94.81%, Test In: 94.76% Test OOD1: 83.05% 
Epoch: 296, Loss: 0.5313, Train: 97.90%, Valid: 94.83%, Test In: 94.81% Test OOD1: 83.18% 
Epoch: 297, Loss: 0.5297, Train: 97.88%, Valid: 94.87%, Test In: 94.79% Test OOD1: 83.72% 
Epoch: 298, Loss: 0.5311, Train: 97.92%, Valid: 94.83%, Test In: 94.78% Test OOD1: 82.86% 
Epoch: 299, Loss: 0.5292, Train: 97.96%, Valid: 94.83%, Test In: 94.78% Test OOD1: 83.18% 
Epoch: 300, Loss: 0.5277, Train: 97.94%, Valid: 94.95%, Test In: 94.79% Test OOD1: 84.01% 
Epoch: 301, Loss: 0.5273, Train: 97.96%, Valid: 94.82%, Test In: 94.80% Test OOD1: 82.91% 
Epoch: 302, Loss: 0.5161, Train: 97.95%, Valid: 94.87%, Test In: 94.83% Test OOD1: 82.81% 
Epoch: 303, Loss: 0.5224, Train: 97.97%, Valid: 94.96%, Test In: 94.71% Test OOD1: 84.37% 
Epoch: 304, Loss: 0.5095, Train: 98.01%, Valid: 94.92%, Test In: 94.83% Test OOD1: 83.48% 
Epoch: 305, Loss: 0.5136, Train: 98.07%, Valid: 95.04%, Test In: 94.83% Test OOD1: 83.53% 
Epoch: 306, Loss: 0.5179, Train: 98.08%, Valid: 95.00%, Test In: 94.84% Test OOD1: 83.68% 
Epoch: 307, Loss: 0.5123, Train: 98.08%, Valid: 95.01%, Test In: 94.85% Test OOD1: 84.52% 
Epoch: 308, Loss: 0.5039, Train: 98.05%, Valid: 94.92%, Test In: 94.93% Test OOD1: 83.60% 
Epoch: 309, Loss: 0.5034, Train: 98.07%, Valid: 95.02%, Test In: 94.79% Test OOD1: 84.05% 
Epoch: 310, Loss: 0.5125, Train: 98.05%, Valid: 94.87%, Test In: 94.96% Test OOD1: 82.80% 
Epoch: 311, Loss: 0.5133, Train: 98.09%, Valid: 95.02%, Test In: 94.73% Test OOD1: 84.91% 
Epoch: 312, Loss: 0.5173, Train: 98.06%, Valid: 94.96%, Test In: 94.99% Test OOD1: 82.61% 
Epoch: 313, Loss: 0.5138, Train: 98.11%, Valid: 95.06%, Test In: 94.88% Test OOD1: 83.49% 
Epoch: 314, Loss: 0.5006, Train: 98.12%, Valid: 95.12%, Test In: 94.85% Test OOD1: 84.56% 
Epoch: 315, Loss: 0.5005, Train: 98.05%, Valid: 94.95%, Test In: 95.02% Test OOD1: 82.90% 
Epoch: 316, Loss: 0.5107, Train: 98.16%, Valid: 95.06%, Test In: 94.85% Test OOD1: 84.76% 
Epoch: 317, Loss: 0.4945, Train: 98.14%, Valid: 95.09%, Test In: 94.98% Test OOD1: 84.04% 
Epoch: 318, Loss: 0.5041, Train: 98.12%, Valid: 94.93%, Test In: 95.02% Test OOD1: 83.23% 
Epoch: 319, Loss: 0.5072, Train: 98.18%, Valid: 95.10%, Test In: 94.96% Test OOD1: 84.11% 
Epoch: 320, Loss: 0.4896, Train: 98.16%, Valid: 95.08%, Test In: 95.02% Test OOD1: 84.12% 
Epoch: 321, Loss: 0.4931, Train: 98.16%, Valid: 95.03%, Test In: 95.02% Test OOD1: 83.71% 
Epoch: 322, Loss: 0.4979, Train: 98.19%, Valid: 95.06%, Test In: 95.02% Test OOD1: 83.73% 
Epoch: 323, Loss: 0.4996, Train: 98.20%, Valid: 95.06%, Test In: 94.90% Test OOD1: 85.13% 
Epoch: 324, Loss: 0.4931, Train: 98.18%, Valid: 94.92%, Test In: 95.05% Test OOD1: 82.70% 
Epoch: 325, Loss: 0.4877, Train: 98.25%, Valid: 95.03%, Test In: 95.10% Test OOD1: 83.42% 
Epoch: 326, Loss: 0.4857, Train: 98.21%, Valid: 95.06%, Test In: 94.96% Test OOD1: 85.37% 
Epoch: 327, Loss: 0.4896, Train: 98.18%, Valid: 94.98%, Test In: 95.07% Test OOD1: 83.33% 
Epoch: 328, Loss: 0.4841, Train: 98.24%, Valid: 95.03%, Test In: 95.05% Test OOD1: 84.35% 
Epoch: 329, Loss: 0.4868, Train: 98.23%, Valid: 95.08%, Test In: 95.04% Test OOD1: 85.33% 
Epoch: 330, Loss: 0.4694, Train: 98.21%, Valid: 95.04%, Test In: 95.12% Test OOD1: 84.52% 
Epoch: 331, Loss: 0.4794, Train: 98.32%, Valid: 95.13%, Test In: 95.11% Test OOD1: 85.46% 
Epoch: 332, Loss: 0.4809, Train: 98.31%, Valid: 95.10%, Test In: 95.19% Test OOD1: 85.16% 
Epoch: 333, Loss: 0.4767, Train: 98.32%, Valid: 95.10%, Test In: 95.10% Test OOD1: 85.02% 
Epoch: 334, Loss: 0.4708, Train: 98.34%, Valid: 95.20%, Test In: 95.10% Test OOD1: 85.38% 
Epoch: 335, Loss: 0.4610, Train: 98.33%, Valid: 95.14%, Test In: 95.19% Test OOD1: 84.36% 
Epoch: 336, Loss: 0.4769, Train: 98.40%, Valid: 95.23%, Test In: 95.11% Test OOD1: 85.13% 
Epoch: 337, Loss: 0.4676, Train: 98.39%, Valid: 95.26%, Test In: 95.16% Test OOD1: 84.68% 
Epoch: 338, Loss: 0.4613, Train: 98.38%, Valid: 95.18%, Test In: 95.13% Test OOD1: 84.99% 
Epoch: 339, Loss: 0.4586, Train: 98.39%, Valid: 95.19%, Test In: 95.18% Test OOD1: 84.89% 
Epoch: 340, Loss: 0.4607, Train: 98.36%, Valid: 95.16%, Test In: 95.08% Test OOD1: 84.55% 
Epoch: 341, Loss: 0.4581, Train: 98.40%, Valid: 95.22%, Test In: 95.14% Test OOD1: 85.57% 
Epoch: 342, Loss: 0.4550, Train: 98.40%, Valid: 95.17%, Test In: 95.25% Test OOD1: 83.89% 
Epoch: 343, Loss: 0.4645, Train: 98.39%, Valid: 95.15%, Test In: 95.19% Test OOD1: 84.51% 
Epoch: 344, Loss: 0.4598, Train: 98.41%, Valid: 95.18%, Test In: 95.19% Test OOD1: 85.77% 
Epoch: 345, Loss: 0.4582, Train: 98.40%, Valid: 95.18%, Test In: 95.24% Test OOD1: 83.95% 
Epoch: 346, Loss: 0.4595, Train: 98.47%, Valid: 95.28%, Test In: 95.19% Test OOD1: 85.38% 
Epoch: 347, Loss: 0.4478, Train: 98.44%, Valid: 95.20%, Test In: 95.19% Test OOD1: 85.75% 
Epoch: 348, Loss: 0.4486, Train: 98.41%, Valid: 95.21%, Test In: 95.23% Test OOD1: 84.62% 
Epoch: 349, Loss: 0.4512, Train: 98.49%, Valid: 95.25%, Test In: 95.27% Test OOD1: 85.47% 
Epoch: 350, Loss: 0.4465, Train: 98.49%, Valid: 95.27%, Test In: 95.25% Test OOD1: 85.93% 
Epoch: 351, Loss: 0.4480, Train: 98.44%, Valid: 95.22%, Test In: 95.29% Test OOD1: 84.20% 
Epoch: 352, Loss: 0.4512, Train: 98.53%, Valid: 95.26%, Test In: 95.31% Test OOD1: 85.84% 
Epoch: 353, Loss: 0.4397, Train: 98.52%, Valid: 95.36%, Test In: 95.35% Test OOD1: 85.23% 
Epoch: 354, Loss: 0.4414, Train: 98.50%, Valid: 95.33%, Test In: 95.31% Test OOD1: 84.68% 
Epoch: 355, Loss: 0.4365, Train: 98.52%, Valid: 95.35%, Test In: 95.37% Test OOD1: 85.48% 
Epoch: 356, Loss: 0.4360, Train: 98.54%, Valid: 95.33%, Test In: 95.35% Test OOD1: 85.31% 
Epoch: 357, Loss: 0.4371, Train: 98.54%, Valid: 95.34%, Test In: 95.37% Test OOD1: 85.09% 
Epoch: 358, Loss: 0.4378, Train: 98.52%, Valid: 95.34%, Test In: 95.41% Test OOD1: 85.54% 
Epoch: 359, Loss: 0.4288, Train: 98.61%, Valid: 95.29%, Test In: 95.36% Test OOD1: 85.82% 
Epoch: 360, Loss: 0.4340, Train: 98.61%, Valid: 95.33%, Test In: 95.39% Test OOD1: 85.41% 
Epoch: 361, Loss: 0.4348, Train: 98.57%, Valid: 95.31%, Test In: 95.39% Test OOD1: 85.33% 
Epoch: 362, Loss: 0.4309, Train: 98.61%, Valid: 95.28%, Test In: 95.39% Test OOD1: 86.04% 
Epoch: 363, Loss: 0.4322, Train: 98.54%, Valid: 95.33%, Test In: 95.32% Test OOD1: 85.10% 
Epoch: 364, Loss: 0.4390, Train: 98.59%, Valid: 95.31%, Test In: 95.36% Test OOD1: 85.83% 
Epoch: 365, Loss: 0.4355, Train: 98.59%, Valid: 95.34%, Test In: 95.38% Test OOD1: 85.42% 
Epoch: 366, Loss: 0.4268, Train: 98.63%, Valid: 95.37%, Test In: 95.40% Test OOD1: 85.94% 
Epoch: 367, Loss: 0.4291, Train: 98.62%, Valid: 95.38%, Test In: 95.42% Test OOD1: 85.18% 
Epoch: 368, Loss: 0.4220, Train: 98.65%, Valid: 95.41%, Test In: 95.47% Test OOD1: 85.68% 
Epoch: 369, Loss: 0.4130, Train: 98.65%, Valid: 95.37%, Test In: 95.42% Test OOD1: 85.77% 
Epoch: 370, Loss: 0.4255, Train: 98.62%, Valid: 95.43%, Test In: 95.48% Test OOD1: 84.44% 
Epoch: 371, Loss: 0.4281, Train: 98.71%, Valid: 95.37%, Test In: 95.50% Test OOD1: 85.93% 
Epoch: 372, Loss: 0.4285, Train: 98.62%, Valid: 95.42%, Test In: 95.42% Test OOD1: 84.88% 
Epoch: 373, Loss: 0.4219, Train: 98.70%, Valid: 95.47%, Test In: 95.48% Test OOD1: 85.71% 
Epoch: 374, Loss: 0.4175, Train: 98.71%, Valid: 95.48%, Test In: 95.52% Test OOD1: 85.74% 
Epoch: 375, Loss: 0.4201, Train: 98.62%, Valid: 95.48%, Test In: 95.49% Test OOD1: 85.40% 
Epoch: 376, Loss: 0.4212, Train: 98.74%, Valid: 95.39%, Test In: 95.54% Test OOD1: 86.75% 
Epoch: 377, Loss: 0.4128, Train: 98.65%, Valid: 95.45%, Test In: 95.48% Test OOD1: 84.55% 
Epoch: 378, Loss: 0.4223, Train: 98.75%, Valid: 95.44%, Test In: 95.51% Test OOD1: 86.85% 
Epoch: 379, Loss: 0.4180, Train: 98.71%, Valid: 95.57%, Test In: 95.50% Test OOD1: 85.68% 
Epoch: 380, Loss: 0.4039, Train: 98.70%, Valid: 95.55%, Test In: 95.51% Test OOD1: 85.27% 
Epoch: 381, Loss: 0.4107, Train: 98.76%, Valid: 95.49%, Test In: 95.56% Test OOD1: 86.15% 
Epoch: 382, Loss: 0.4049, Train: 98.76%, Valid: 95.60%, Test In: 95.50% Test OOD1: 85.75% 
Epoch: 383, Loss: 0.4026, Train: 98.75%, Valid: 95.58%, Test In: 95.43% Test OOD1: 85.25% 
Epoch: 384, Loss: 0.4029, Train: 98.79%, Valid: 95.59%, Test In: 95.52% Test OOD1: 85.67% 
Epoch: 385, Loss: 0.4015, Train: 98.80%, Valid: 95.57%, Test In: 95.56% Test OOD1: 86.06% 
Epoch: 386, Loss: 0.4068, Train: 98.76%, Valid: 95.59%, Test In: 95.54% Test OOD1: 84.86% 
Epoch: 387, Loss: 0.4076, Train: 98.78%, Valid: 95.53%, Test In: 95.50% Test OOD1: 85.93% 
Epoch: 388, Loss: 0.4049, Train: 98.78%, Valid: 95.51%, Test In: 95.55% Test OOD1: 85.74% 
Epoch: 389, Loss: 0.4041, Train: 98.79%, Valid: 95.57%, Test In: 95.60% Test OOD1: 85.43% 
Epoch: 390, Loss: 0.4013, Train: 98.85%, Valid: 95.55%, Test In: 95.56% Test OOD1: 86.30% 
Epoch: 391, Loss: 0.4061, Train: 98.78%, Valid: 95.56%, Test In: 95.60% Test OOD1: 85.36% 
Epoch: 392, Loss: 0.3952, Train: 98.83%, Valid: 95.52%, Test In: 95.54% Test OOD1: 87.07% 
Epoch: 393, Loss: 0.4041, Train: 98.74%, Valid: 95.56%, Test In: 95.60% Test OOD1: 84.25% 
Epoch: 394, Loss: 0.4070, Train: 98.79%, Valid: 95.58%, Test In: 95.52% Test OOD1: 85.99% 
Epoch: 395, Loss: 0.4025, Train: 98.83%, Valid: 95.48%, Test In: 95.54% Test OOD1: 86.74% 
Epoch: 396, Loss: 0.3934, Train: 98.77%, Valid: 95.53%, Test In: 95.59% Test OOD1: 83.75% 
Epoch: 397, Loss: 0.3994, Train: 98.89%, Valid: 95.54%, Test In: 95.54% Test OOD1: 87.05% 
Epoch: 398, Loss: 0.4029, Train: 98.83%, Valid: 95.71%, Test In: 95.59% Test OOD1: 85.75% 
Epoch: 399, Loss: 0.3916, Train: 98.81%, Valid: 95.66%, Test In: 95.63% Test OOD1: 84.99% 
Epoch: 400, Loss: 0.3957, Train: 98.84%, Valid: 95.61%, Test In: 95.58% Test OOD1: 85.81% 
Epoch: 401, Loss: 0.3887, Train: 98.82%, Valid: 95.63%, Test In: 95.59% Test OOD1: 86.32% 
Epoch: 402, Loss: 0.3832, Train: 98.84%, Valid: 95.69%, Test In: 95.62% Test OOD1: 84.74% 
Epoch: 403, Loss: 0.3933, Train: 98.90%, Valid: 95.69%, Test In: 95.64% Test OOD1: 86.06% 
Epoch: 404, Loss: 0.3890, Train: 98.87%, Valid: 95.64%, Test In: 95.60% Test OOD1: 86.50% 
Epoch: 405, Loss: 0.3813, Train: 98.85%, Valid: 95.71%, Test In: 95.68% Test OOD1: 85.58% 
Epoch: 406, Loss: 0.3729, Train: 98.85%, Valid: 95.62%, Test In: 95.59% Test OOD1: 86.14% 
Epoch: 407, Loss: 0.3783, Train: 98.89%, Valid: 95.72%, Test In: 95.69% Test OOD1: 85.95% 
Epoch: 408, Loss: 0.3741, Train: 98.95%, Valid: 95.75%, Test In: 95.66% Test OOD1: 86.47% 
Epoch: 409, Loss: 0.3747, Train: 98.93%, Valid: 95.68%, Test In: 95.70% Test OOD1: 86.09% 
Epoch: 410, Loss: 0.3801, Train: 98.89%, Valid: 95.73%, Test In: 95.73% Test OOD1: 85.81% 
Epoch: 411, Loss: 0.3733, Train: 98.93%, Valid: 95.65%, Test In: 95.58% Test OOD1: 86.82% 
Epoch: 412, Loss: 0.3756, Train: 98.93%, Valid: 95.73%, Test In: 95.75% Test OOD1: 85.31% 
Epoch: 413, Loss: 0.3645, Train: 98.95%, Valid: 95.77%, Test In: 95.74% Test OOD1: 85.90% 
Epoch: 414, Loss: 0.3726, Train: 98.97%, Valid: 95.60%, Test In: 95.67% Test OOD1: 86.87% 
Epoch: 415, Loss: 0.3697, Train: 98.99%, Valid: 95.71%, Test In: 95.75% Test OOD1: 84.90% 
Epoch: 416, Loss: 0.3714, Train: 99.01%, Valid: 95.65%, Test In: 95.68% Test OOD1: 86.69% 
Epoch: 417, Loss: 0.3724, Train: 99.01%, Valid: 95.75%, Test In: 95.74% Test OOD1: 86.07% 
Epoch: 418, Loss: 0.3675, Train: 99.01%, Valid: 95.77%, Test In: 95.79% Test OOD1: 85.28% 
Epoch: 419, Loss: 0.3645, Train: 98.99%, Valid: 95.62%, Test In: 95.68% Test OOD1: 87.02% 
Epoch: 420, Loss: 0.3688, Train: 98.95%, Valid: 95.75%, Test In: 95.76% Test OOD1: 85.24% 
Epoch: 421, Loss: 0.3793, Train: 98.99%, Valid: 95.67%, Test In: 95.73% Test OOD1: 85.88% 
Epoch: 422, Loss: 0.3693, Train: 99.02%, Valid: 95.74%, Test In: 95.77% Test OOD1: 85.46% 
Epoch: 423, Loss: 0.3580, Train: 99.02%, Valid: 95.76%, Test In: 95.78% Test OOD1: 85.65% 
Epoch: 424, Loss: 0.3610, Train: 98.98%, Valid: 95.68%, Test In: 95.83% Test OOD1: 86.31% 
Epoch: 425, Loss: 0.3667, Train: 99.00%, Valid: 95.78%, Test In: 95.80% Test OOD1: 85.65% 
Epoch: 426, Loss: 0.3627, Train: 98.99%, Valid: 95.64%, Test In: 95.68% Test OOD1: 86.63% 
Epoch: 427, Loss: 0.3722, Train: 99.01%, Valid: 95.79%, Test In: 95.84% Test OOD1: 85.78% 
Epoch: 428, Loss: 0.3621, Train: 99.08%, Valid: 95.75%, Test In: 95.83% Test OOD1: 86.17% 
Epoch: 429, Loss: 0.3592, Train: 99.02%, Valid: 95.69%, Test In: 95.77% Test OOD1: 86.52% 
Epoch: 430, Loss: 0.3607, Train: 99.04%, Valid: 95.81%, Test In: 95.90% Test OOD1: 85.55% 
Epoch: 431, Loss: 0.3537, Train: 99.07%, Valid: 95.76%, Test In: 95.80% Test OOD1: 86.64% 
Epoch: 432, Loss: 0.3684, Train: 99.05%, Valid: 95.72%, Test In: 95.77% Test OOD1: 86.77% 
Epoch: 433, Loss: 0.3531, Train: 99.06%, Valid: 95.81%, Test In: 95.86% Test OOD1: 85.92% 
Epoch: 434, Loss: 0.3597, Train: 99.05%, Valid: 95.70%, Test In: 95.90% Test OOD1: 87.04% 
Epoch: 435, Loss: 0.3631, Train: 99.06%, Valid: 95.72%, Test In: 95.85% Test OOD1: 86.05% 
Epoch: 436, Loss: 0.3563, Train: 99.04%, Valid: 95.79%, Test In: 95.88% Test OOD1: 86.72% 
Epoch: 437, Loss: 0.3514, Train: 99.07%, Valid: 95.75%, Test In: 95.82% Test OOD1: 86.88% 
Epoch: 438, Loss: 0.3605, Train: 99.12%, Valid: 95.81%, Test In: 95.83% Test OOD1: 86.80% 
Epoch: 439, Loss: 0.3624, Train: 99.09%, Valid: 95.77%, Test In: 95.84% Test OOD1: 87.31% 
Epoch: 440, Loss: 0.3641, Train: 99.09%, Valid: 95.80%, Test In: 95.94% Test OOD1: 86.43% 
Epoch: 441, Loss: 0.3525, Train: 99.09%, Valid: 95.80%, Test In: 95.85% Test OOD1: 87.02% 
Epoch: 442, Loss: 0.3494, Train: 99.08%, Valid: 95.81%, Test In: 95.84% Test OOD1: 86.73% 
Epoch: 443, Loss: 0.3593, Train: 99.09%, Valid: 95.81%, Test In: 95.86% Test OOD1: 86.79% 
Epoch: 444, Loss: 0.3561, Train: 99.10%, Valid: 95.83%, Test In: 95.88% Test OOD1: 86.68% 
Epoch: 445, Loss: 0.3524, Train: 99.11%, Valid: 95.85%, Test In: 95.83% Test OOD1: 85.67% 
Epoch: 446, Loss: 0.3463, Train: 99.13%, Valid: 95.69%, Test In: 95.84% Test OOD1: 87.16% 
Epoch: 447, Loss: 0.3601, Train: 99.11%, Valid: 95.83%, Test In: 95.86% Test OOD1: 85.70% 
Epoch: 448, Loss: 0.3489, Train: 99.09%, Valid: 95.90%, Test In: 95.91% Test OOD1: 84.88% 
Epoch: 449, Loss: 0.3463, Train: 99.13%, Valid: 95.63%, Test In: 95.67% Test OOD1: 87.81% 
Epoch: 450, Loss: 0.3552, Train: 99.08%, Valid: 95.85%, Test In: 95.90% Test OOD1: 85.12% 
Epoch: 451, Loss: 0.3534, Train: 99.12%, Valid: 95.92%, Test In: 95.91% Test OOD1: 85.51% 
Epoch: 452, Loss: 0.3408, Train: 99.16%, Valid: 95.70%, Test In: 95.81% Test OOD1: 87.06% 
Epoch: 453, Loss: 0.3373, Train: 99.15%, Valid: 95.88%, Test In: 95.94% Test OOD1: 86.35% 
Epoch: 454, Loss: 0.3436, Train: 99.16%, Valid: 95.92%, Test In: 95.96% Test OOD1: 86.07% 
Epoch: 455, Loss: 0.3385, Train: 99.16%, Valid: 95.78%, Test In: 95.86% Test OOD1: 87.60% 
Epoch: 456, Loss: 0.3408, Train: 99.14%, Valid: 95.89%, Test In: 95.93% Test OOD1: 86.46% 
Epoch: 457, Loss: 0.3440, Train: 99.18%, Valid: 95.84%, Test In: 95.92% Test OOD1: 87.33% 
Epoch: 458, Loss: 0.3297, Train: 99.20%, Valid: 95.81%, Test In: 95.83% Test OOD1: 87.90% 
Epoch: 459, Loss: 0.3352, Train: 99.17%, Valid: 95.88%, Test In: 96.01% Test OOD1: 86.50% 
Epoch: 460, Loss: 0.3333, Train: 99.19%, Valid: 95.85%, Test In: 95.89% Test OOD1: 88.05% 
Epoch: 461, Loss: 0.3425, Train: 99.16%, Valid: 95.86%, Test In: 95.88% Test OOD1: 88.06% 
Epoch: 462, Loss: 0.3340, Train: 99.12%, Valid: 95.93%, Test In: 95.91% Test OOD1: 86.29% 
Epoch: 463, Loss: 0.3463, Train: 99.15%, Valid: 95.83%, Test In: 95.77% Test OOD1: 87.40% 
Epoch: 464, Loss: 0.3381, Train: 99.17%, Valid: 95.89%, Test In: 95.87% Test OOD1: 87.86% 
Epoch: 465, Loss: 0.3376, Train: 99.16%, Valid: 95.87%, Test In: 95.98% Test OOD1: 86.03% 
Epoch: 466, Loss: 0.3389, Train: 99.19%, Valid: 95.71%, Test In: 95.71% Test OOD1: 88.29% 
Epoch: 467, Loss: 0.3472, Train: 99.20%, Valid: 95.98%, Test In: 95.98% Test OOD1: 87.19% 
Epoch: 468, Loss: 0.3390, Train: 99.19%, Valid: 95.94%, Test In: 95.94% Test OOD1: 87.20% 
Epoch: 469, Loss: 0.3239, Train: 99.17%, Valid: 95.81%, Test In: 95.90% Test OOD1: 86.48% 
Epoch: 470, Loss: 0.3335, Train: 99.22%, Valid: 95.92%, Test In: 95.99% Test OOD1: 86.99% 
Epoch: 471, Loss: 0.3382, Train: 99.16%, Valid: 95.85%, Test In: 95.90% Test OOD1: 87.86% 
Epoch: 472, Loss: 0.3337, Train: 99.19%, Valid: 95.90%, Test In: 96.06% Test OOD1: 86.50% 
Epoch: 473, Loss: 0.3318, Train: 99.22%, Valid: 95.90%, Test In: 95.96% Test OOD1: 88.01% 
Epoch: 474, Loss: 0.3252, Train: 99.21%, Valid: 95.88%, Test In: 95.93% Test OOD1: 88.01% 
Epoch: 475, Loss: 0.3233, Train: 99.21%, Valid: 95.96%, Test In: 96.15% Test OOD1: 86.60% 
Epoch: 476, Loss: 0.3274, Train: 99.25%, Valid: 95.88%, Test In: 95.93% Test OOD1: 87.68% 
Epoch: 477, Loss: 0.3291, Train: 99.25%, Valid: 95.92%, Test In: 96.02% Test OOD1: 87.64% 
Epoch: 478, Loss: 0.3240, Train: 99.21%, Valid: 95.90%, Test In: 96.08% Test OOD1: 86.18% 
Epoch: 479, Loss: 0.3256, Train: 99.23%, Valid: 95.81%, Test In: 95.93% Test OOD1: 87.76% 
Epoch: 480, Loss: 0.3189, Train: 99.24%, Valid: 95.94%, Test In: 96.09% Test OOD1: 87.15% 
Epoch: 481, Loss: 0.3238, Train: 99.24%, Valid: 95.98%, Test In: 96.05% Test OOD1: 87.36% 
Epoch: 482, Loss: 0.3223, Train: 99.25%, Valid: 95.91%, Test In: 95.99% Test OOD1: 87.29% 
Epoch: 483, Loss: 0.3141, Train: 99.29%, Valid: 95.93%, Test In: 96.07% Test OOD1: 86.95% 
Epoch: 484, Loss: 0.3189, Train: 99.29%, Valid: 95.99%, Test In: 96.07% Test OOD1: 87.11% 
Epoch: 485, Loss: 0.3166, Train: 99.29%, Valid: 95.92%, Test In: 96.06% Test OOD1: 87.39% 
Epoch: 486, Loss: 0.3173, Train: 99.28%, Valid: 95.94%, Test In: 96.09% Test OOD1: 87.47% 
Epoch: 487, Loss: 0.3198, Train: 99.28%, Valid: 96.00%, Test In: 96.06% Test OOD1: 86.82% 
Epoch: 488, Loss: 0.3133, Train: 99.32%, Valid: 95.92%, Test In: 96.04% Test OOD1: 87.58% 
Epoch: 489, Loss: 0.3120, Train: 99.31%, Valid: 95.94%, Test In: 96.11% Test OOD1: 87.13% 
Epoch: 490, Loss: 0.3163, Train: 99.30%, Valid: 95.92%, Test In: 96.10% Test OOD1: 87.00% 
Epoch: 491, Loss: 0.3151, Train: 99.32%, Valid: 96.00%, Test In: 96.03% Test OOD1: 87.31% 
Epoch: 492, Loss: 0.3120, Train: 99.32%, Valid: 95.91%, Test In: 96.06% Test OOD1: 88.03% 
Epoch: 493, Loss: 0.3132, Train: 99.32%, Valid: 95.89%, Test In: 96.09% Test OOD1: 87.55% 
Epoch: 494, Loss: 0.3104, Train: 99.31%, Valid: 96.00%, Test In: 96.03% Test OOD1: 87.54% 
Epoch: 495, Loss: 0.3191, Train: 99.32%, Valid: 96.04%, Test In: 96.12% Test OOD1: 87.15% 
Epoch: 496, Loss: 0.3099, Train: 99.31%, Valid: 96.02%, Test In: 96.15% Test OOD1: 87.06% 
Epoch: 497, Loss: 0.3228, Train: 99.31%, Valid: 95.98%, Test In: 96.03% Test OOD1: 87.41% 
Epoch: 498, Loss: 0.3077, Train: 99.32%, Valid: 95.96%, Test In: 96.12% Test OOD1: 87.50% 
Epoch: 499, Loss: 0.3015, Train: 99.30%, Valid: 95.95%, Test In: 96.10% Test OOD1: 88.02% 
Run 02:
Highest Train: 99.32
Highest Valid: 96.04
Highest In Test: 96.15
Highest OOD Test: 88.29
Chosen epoch: 496
Final Train: 99.32
Final In Test: 96.12
Final OOD Test: 87.15
All runs:
Highest Train: 99.14 ± 0.25
Highest Valid: 95.98 ± 0.08
Highest In Test: 96.04 ± 0.16
Highest OOD Test: 88.71 ± 0.60
  Final Train: 99.13 ± 0.27
   Final In  Test: 96.00 ± 0.17
   Final OOD Test: 87.55 ± 0.56
[INFO] TensorBoard writer closed.

Command: python main.py --dataset pubmed --backbone_type gat --env_type graph --combine_result --store_result --epochs 500 --runs 2 --num_layers 2 --expert_agg mean --tau 1 --device 0 --other_env_objective irm --lr 0.005 --weight_decay 5e-05 --dropout 0.1 --lamda 0.5 --K 3 --hidden_channels 64 --other_env_reduce env --result_name pubmed_stage1_gat_reduced_lr0.005_weight_decay5e-05_dropout0.1_lamda0.5_K3_hidden_channels64_other_env_reduceenv
Return code: 0
Elapsed: 647.09s
