Namespace(K=3, backbone_type='gat', causal_align_weight=0.1, causal_hidden_channels=0, causal_loss_weight=1.0, combine_result=True, cpu=False, data_dir='./data/', dataset='cora', device=1, display_step=1, dropout=0.1, env_type='graph', epochs=500, expert_agg='mean', gate_hidden=64, hidden_channels=64, infer_env=False, infer_env_components=64, infer_env_iters=30, infer_env_num=3, lamda=1.0, lr=0.01, num_layers=2, other_env_irm_lambda=1.0, other_env_loss_agg='mean', other_env_loss_temp=1.0, other_env_objective='irm', other_env_reduce='env', pos_weight=5.0, result_name='cora_stage1_gat_reduced_lr0.01_weight_decay5e-05_dropout0.1_lamda1.0_K3_hidden_channels64_other_env_reduceenv', runs=2, seed=2024, store_result=True, tau=3.0, use_bn=False, use_causal_head=False, variant=False, weight_decay=5e-05)
using existing synthetic data...
dataset cora: all nodes 16248 | edges 63336 | classes 7 | feats 1443
train nodes 4062 | valid nodes 2031 | test in nodes 2031
test ood1 nodes 8124 
[INFO] env numbers: 6 train env numbers: 3
MODEL: CaNet(
  (experts): ModuleList(
    (0): ExpertNet(
      (convs): ModuleList(
        (0): CaNetConv(
          (leakyrelu): LeakyReLU(negative_slope=0.01)
        )
        (1): CaNetConv(
          (leakyrelu): LeakyReLU(negative_slope=0.01)
        )
      )
      (fcs): ModuleList(
        (0): Linear(in_features=1443, out_features=64, bias=True)
        (1): Linear(in_features=64, out_features=7, bias=True)
      )
      (act_fn): ReLU()
    )
    (1): ExpertNet(
      (convs): ModuleList(
        (0): CaNetConv(
          (leakyrelu): LeakyReLU(negative_slope=0.01)
        )
        (1): CaNetConv(
          (leakyrelu): LeakyReLU(negative_slope=0.01)
        )
      )
      (fcs): ModuleList(
        (0): Linear(in_features=1443, out_features=64, bias=True)
        (1): Linear(in_features=64, out_features=7, bias=True)
      )
      (act_fn): ReLU()
    )
    (2): ExpertNet(
      (convs): ModuleList(
        (0): CaNetConv(
          (leakyrelu): LeakyReLU(negative_slope=0.01)
        )
        (1): CaNetConv(
          (leakyrelu): LeakyReLU(negative_slope=0.01)
        )
      )
      (fcs): ModuleList(
        (0): Linear(in_features=1443, out_features=64, bias=True)
        (1): Linear(in_features=64, out_features=7, bias=True)
      )
      (act_fn): ReLU()
    )
  )
  (gate): Sequential(
    (0): Linear(in_features=1443, out_features=64, bias=True)
    (1): ReLU()
    (2): Linear(in_features=64, out_features=3, bias=True)
  )
)
[INFO] TensorBoard logging activated. Logs will be saved to: ./runs/cora/Apr19_15-23-38_lamda_1.0_otheragg_mean
Epoch: 00, Loss: 11.6847, Train: 29.96%, Valid: 30.82%, Test In: 30.58% Test OOD1: 30.24% 
Epoch: 01, Loss: 11.4328, Train: 33.90%, Valid: 34.42%, Test In: 34.56% Test OOD1: 34.13% 
Epoch: 02, Loss: 11.0265, Train: 34.44%, Valid: 35.20%, Test In: 35.25% Test OOD1: 35.87% 
Epoch: 03, Loss: 10.4990, Train: 35.20%, Valid: 36.34%, Test In: 35.99% Test OOD1: 38.85% 
Epoch: 04, Loss: 10.2380, Train: 41.24%, Valid: 41.41%, Test In: 40.72% Test OOD1: 43.73% 
Epoch: 05, Loss: 9.6477, Train: 42.59%, Valid: 43.23%, Test In: 42.49% Test OOD1: 43.44% 
Epoch: 06, Loss: 9.2495, Train: 43.13%, Valid: 43.72%, Test In: 42.89% Test OOD1: 47.69% 
Epoch: 07, Loss: 8.8092, Train: 49.58%, Valid: 49.63%, Test In: 48.45% Test OOD1: 48.71% 
Epoch: 08, Loss: 8.3355, Train: 51.85%, Valid: 51.90%, Test In: 50.76% Test OOD1: 48.90% 
Epoch: 09, Loss: 7.8995, Train: 53.87%, Valid: 54.21%, Test In: 52.98% Test OOD1: 50.28% 
Epoch: 10, Loss: 7.5448, Train: 57.43%, Valid: 57.75%, Test In: 56.38% Test OOD1: 54.47% 
Epoch: 11, Loss: 7.0770, Train: 60.98%, Valid: 60.91%, Test In: 59.43% Test OOD1: 56.20% 
Epoch: 12, Loss: 6.6570, Train: 64.70%, Valid: 64.06%, Test In: 62.68% Test OOD1: 56.09% 
Epoch: 13, Loss: 6.2780, Train: 68.22%, Valid: 67.01%, Test In: 66.72% Test OOD1: 55.65% 
Epoch: 14, Loss: 5.9397, Train: 70.80%, Valid: 70.90%, Test In: 69.92% Test OOD1: 55.05% 
Epoch: 15, Loss: 5.6199, Train: 73.73%, Valid: 74.54%, Test In: 73.61% Test OOD1: 53.82% 
Epoch: 16, Loss: 5.2952, Train: 75.80%, Valid: 76.66%, Test In: 75.38% Test OOD1: 52.78% 
Epoch: 17, Loss: 5.0120, Train: 76.19%, Valid: 76.91%, Test In: 75.68% Test OOD1: 54.04% 
Epoch: 18, Loss: 4.8226, Train: 77.70%, Valid: 78.14%, Test In: 76.46% Test OOD1: 54.39% 
Epoch: 19, Loss: 4.5542, Train: 80.33%, Valid: 80.35%, Test In: 79.42% Test OOD1: 53.77% 
Epoch: 20, Loss: 4.3299, Train: 83.16%, Valid: 83.65%, Test In: 81.83% Test OOD1: 53.30% 
Epoch: 21, Loss: 4.0696, Train: 85.18%, Valid: 84.88%, Test In: 84.49% Test OOD1: 52.82% 
Epoch: 22, Loss: 3.9807, Train: 86.56%, Valid: 86.46%, Test In: 85.87% Test OOD1: 53.00% 
Epoch: 23, Loss: 3.7226, Train: 88.38%, Valid: 87.79%, Test In: 86.95% Test OOD1: 53.82% 
Epoch: 24, Loss: 3.4408, Train: 88.75%, Valid: 88.68%, Test In: 87.79% Test OOD1: 54.35% 
Epoch: 25, Loss: 3.3108, Train: 89.32%, Valid: 88.48%, Test In: 88.38% Test OOD1: 55.00% 
Epoch: 26, Loss: 3.1854, Train: 89.78%, Valid: 89.27%, Test In: 88.43% Test OOD1: 56.28% 
Epoch: 27, Loss: 2.9900, Train: 90.08%, Valid: 89.66%, Test In: 89.02% Test OOD1: 56.84% 
Epoch: 28, Loss: 2.8858, Train: 90.55%, Valid: 90.00%, Test In: 89.32% Test OOD1: 56.92% 
Epoch: 29, Loss: 2.6788, Train: 91.33%, Valid: 90.25%, Test In: 89.76% Test OOD1: 56.71% 
Epoch: 30, Loss: 2.5771, Train: 91.85%, Valid: 90.84%, Test In: 90.05% Test OOD1: 57.27% 
Epoch: 31, Loss: 2.4203, Train: 92.20%, Valid: 90.15%, Test In: 90.69% Test OOD1: 58.92% 
Epoch: 32, Loss: 2.3146, Train: 92.59%, Valid: 90.20%, Test In: 90.79% Test OOD1: 60.38% 
Epoch: 33, Loss: 2.1478, Train: 93.03%, Valid: 90.55%, Test In: 91.48% Test OOD1: 60.43% 
Epoch: 34, Loss: 2.0750, Train: 93.43%, Valid: 90.65%, Test In: 91.58% Test OOD1: 60.44% 
Epoch: 35, Loss: 1.9709, Train: 93.55%, Valid: 90.69%, Test In: 91.53% Test OOD1: 61.80% 
Epoch: 36, Loss: 1.9029, Train: 93.77%, Valid: 90.65%, Test In: 91.93% Test OOD1: 63.42% 
Epoch: 37, Loss: 1.7677, Train: 93.85%, Valid: 90.84%, Test In: 92.27% Test OOD1: 64.12% 
Epoch: 38, Loss: 1.7112, Train: 93.97%, Valid: 90.94%, Test In: 92.37% Test OOD1: 64.06% 
Epoch: 39, Loss: 1.6916, Train: 93.92%, Valid: 90.94%, Test In: 92.02% Test OOD1: 64.81% 
Epoch: 40, Loss: 1.5859, Train: 93.97%, Valid: 90.89%, Test In: 92.27% Test OOD1: 66.54% 
Epoch: 41, Loss: 1.5942, Train: 94.07%, Valid: 90.79%, Test In: 92.37% Test OOD1: 67.91% 
Epoch: 42, Loss: 1.4939, Train: 94.36%, Valid: 90.74%, Test In: 92.32% Test OOD1: 67.82% 
Epoch: 43, Loss: 1.4257, Train: 94.46%, Valid: 91.14%, Test In: 92.47% Test OOD1: 67.66% 
Epoch: 44, Loss: 1.4064, Train: 94.51%, Valid: 91.19%, Test In: 92.47% Test OOD1: 67.69% 
Epoch: 45, Loss: 1.3901, Train: 94.73%, Valid: 91.38%, Test In: 92.71% Test OOD1: 67.89% 
Epoch: 46, Loss: 1.2981, Train: 94.93%, Valid: 91.48%, Test In: 92.66% Test OOD1: 68.35% 
Epoch: 47, Loss: 1.2765, Train: 95.03%, Valid: 91.78%, Test In: 92.81% Test OOD1: 68.86% 
Epoch: 48, Loss: 1.2491, Train: 95.00%, Valid: 91.33%, Test In: 92.81% Test OOD1: 69.26% 
Epoch: 49, Loss: 1.2113, Train: 95.13%, Valid: 91.33%, Test In: 92.96% Test OOD1: 69.65% 
Epoch: 50, Loss: 1.1889, Train: 95.35%, Valid: 91.73%, Test In: 92.96% Test OOD1: 70.03% 
Epoch: 51, Loss: 1.1585, Train: 95.54%, Valid: 91.83%, Test In: 93.01% Test OOD1: 69.99% 
Epoch: 52, Loss: 1.1178, Train: 95.62%, Valid: 91.97%, Test In: 93.06% Test OOD1: 70.24% 
Epoch: 53, Loss: 1.0877, Train: 95.77%, Valid: 91.68%, Test In: 93.25% Test OOD1: 70.62% 
Epoch: 54, Loss: 1.0695, Train: 95.99%, Valid: 91.93%, Test In: 93.21% Test OOD1: 70.88% 
Epoch: 55, Loss: 1.0045, Train: 95.96%, Valid: 92.22%, Test In: 93.16% Test OOD1: 70.97% 
Epoch: 56, Loss: 1.0047, Train: 96.04%, Valid: 92.17%, Test In: 93.25% Test OOD1: 71.31% 
Epoch: 57, Loss: 0.9762, Train: 96.31%, Valid: 92.22%, Test In: 93.21% Test OOD1: 71.34% 
Epoch: 58, Loss: 0.9543, Train: 96.50%, Valid: 92.27%, Test In: 93.06% Test OOD1: 71.41% 
Epoch: 59, Loss: 0.9332, Train: 96.53%, Valid: 92.37%, Test In: 93.25% Test OOD1: 71.55% 
Epoch: 60, Loss: 0.9261, Train: 96.53%, Valid: 92.47%, Test In: 93.25% Test OOD1: 71.23% 
Epoch: 61, Loss: 0.8988, Train: 96.68%, Valid: 92.47%, Test In: 93.35% Test OOD1: 71.37% 
Epoch: 62, Loss: 0.8683, Train: 96.65%, Valid: 92.42%, Test In: 93.30% Test OOD1: 71.66% 
Epoch: 63, Loss: 0.8654, Train: 96.77%, Valid: 92.47%, Test In: 93.40% Test OOD1: 71.45% 
Epoch: 64, Loss: 0.8284, Train: 96.80%, Valid: 92.71%, Test In: 93.50% Test OOD1: 71.41% 
Epoch: 65, Loss: 0.8169, Train: 96.90%, Valid: 92.61%, Test In: 93.60% Test OOD1: 72.29% 
Epoch: 66, Loss: 0.8075, Train: 97.19%, Valid: 92.76%, Test In: 93.50% Test OOD1: 72.90% 
Epoch: 67, Loss: 0.7775, Train: 97.44%, Valid: 93.06%, Test In: 93.60% Test OOD1: 72.71% 
Epoch: 68, Loss: 0.7640, Train: 97.44%, Valid: 93.11%, Test In: 93.65% Test OOD1: 72.53% 
Epoch: 69, Loss: 0.7571, Train: 97.46%, Valid: 93.30%, Test In: 93.70% Test OOD1: 72.37% 
Epoch: 70, Loss: 0.7346, Train: 97.54%, Valid: 93.25%, Test In: 93.70% Test OOD1: 73.44% 
Epoch: 71, Loss: 0.7344, Train: 97.78%, Valid: 93.25%, Test In: 93.70% Test OOD1: 74.43% 
Epoch: 72, Loss: 0.7060, Train: 97.93%, Valid: 93.25%, Test In: 93.60% Test OOD1: 74.77% 
Epoch: 73, Loss: 0.7286, Train: 98.01%, Valid: 93.50%, Test In: 93.94% Test OOD1: 74.68% 
Epoch: 74, Loss: 0.6856, Train: 97.76%, Valid: 93.50%, Test In: 93.85% Test OOD1: 74.06% 
Epoch: 75, Loss: 0.6894, Train: 97.83%, Valid: 93.45%, Test In: 93.99% Test OOD1: 74.74% 
Epoch: 76, Loss: 0.6672, Train: 98.08%, Valid: 93.40%, Test In: 93.80% Test OOD1: 76.08% 
Epoch: 77, Loss: 0.6483, Train: 98.18%, Valid: 93.45%, Test In: 94.19% Test OOD1: 76.45% 
Epoch: 78, Loss: 0.6597, Train: 98.01%, Valid: 93.55%, Test In: 93.80% Test OOD1: 76.05% 
Epoch: 79, Loss: 0.6545, Train: 98.03%, Valid: 93.55%, Test In: 93.94% Test OOD1: 76.01% 
Epoch: 80, Loss: 0.6590, Train: 98.06%, Valid: 93.65%, Test In: 94.04% Test OOD1: 76.22% 
Epoch: 81, Loss: 0.6398, Train: 98.13%, Valid: 93.65%, Test In: 94.09% Test OOD1: 76.72% 
Epoch: 82, Loss: 0.6300, Train: 98.08%, Valid: 93.75%, Test In: 93.99% Test OOD1: 76.97% 
Epoch: 83, Loss: 0.5987, Train: 98.20%, Valid: 93.80%, Test In: 94.14% Test OOD1: 77.58% 
Epoch: 84, Loss: 0.6005, Train: 98.13%, Valid: 93.94%, Test In: 94.19% Test OOD1: 77.66% 
Epoch: 85, Loss: 0.5916, Train: 98.33%, Valid: 93.89%, Test In: 94.39% Test OOD1: 77.65% 
Epoch: 86, Loss: 0.5712, Train: 98.28%, Valid: 93.94%, Test In: 94.14% Test OOD1: 77.18% 
Epoch: 87, Loss: 0.5782, Train: 98.23%, Valid: 93.85%, Test In: 94.19% Test OOD1: 78.13% 
Epoch: 88, Loss: 0.5759, Train: 98.42%, Valid: 93.80%, Test In: 94.29% Test OOD1: 78.68% 
Epoch: 89, Loss: 0.5820, Train: 98.47%, Valid: 94.24%, Test In: 94.34% Test OOD1: 78.51% 
Epoch: 90, Loss: 0.5322, Train: 98.55%, Valid: 93.99%, Test In: 94.19% Test OOD1: 78.00% 
Epoch: 91, Loss: 0.5530, Train: 98.45%, Valid: 93.94%, Test In: 94.04% Test OOD1: 78.56% 
Epoch: 92, Loss: 0.5481, Train: 98.52%, Valid: 94.14%, Test In: 94.29% Test OOD1: 79.42% 
Epoch: 93, Loss: 0.5305, Train: 98.50%, Valid: 94.24%, Test In: 94.44% Test OOD1: 79.63% 
Epoch: 94, Loss: 0.5051, Train: 98.55%, Valid: 94.24%, Test In: 94.44% Test OOD1: 80.02% 
Epoch: 95, Loss: 0.5109, Train: 98.50%, Valid: 94.29%, Test In: 94.39% Test OOD1: 80.11% 
Epoch: 96, Loss: 0.5106, Train: 98.70%, Valid: 94.63%, Test In: 94.58% Test OOD1: 80.32% 
Epoch: 97, Loss: 0.5062, Train: 98.74%, Valid: 94.53%, Test In: 94.58% Test OOD1: 80.17% 
Epoch: 98, Loss: 0.5111, Train: 98.79%, Valid: 94.14%, Test In: 94.39% Test OOD1: 80.10% 
Epoch: 99, Loss: 0.4704, Train: 98.84%, Valid: 94.09%, Test In: 94.49% Test OOD1: 80.90% 
Epoch: 100, Loss: 0.5012, Train: 98.84%, Valid: 94.34%, Test In: 94.63% Test OOD1: 81.14% 
Epoch: 101, Loss: 0.5038, Train: 99.02%, Valid: 94.58%, Test In: 94.68% Test OOD1: 80.54% 
Epoch: 102, Loss: 0.4748, Train: 98.89%, Valid: 94.53%, Test In: 94.58% Test OOD1: 80.86% 
Epoch: 103, Loss: 0.4712, Train: 98.92%, Valid: 94.39%, Test In: 94.53% Test OOD1: 81.18% 
Epoch: 104, Loss: 0.4685, Train: 99.02%, Valid: 94.68%, Test In: 94.53% Test OOD1: 81.67% 
Epoch: 105, Loss: 0.4465, Train: 98.97%, Valid: 94.29%, Test In: 94.44% Test OOD1: 81.98% 
Epoch: 106, Loss: 0.4402, Train: 99.04%, Valid: 94.44%, Test In: 94.49% Test OOD1: 81.70% 
Epoch: 107, Loss: 0.4544, Train: 99.16%, Valid: 94.39%, Test In: 94.78% Test OOD1: 81.36% 
Epoch: 108, Loss: 0.4460, Train: 99.09%, Valid: 94.49%, Test In: 94.68% Test OOD1: 81.72% 
Epoch: 109, Loss: 0.4334, Train: 99.04%, Valid: 94.44%, Test In: 94.58% Test OOD1: 82.52% 
Epoch: 110, Loss: 0.4231, Train: 99.02%, Valid: 94.53%, Test In: 94.39% Test OOD1: 82.63% 
Epoch: 111, Loss: 0.4657, Train: 99.09%, Valid: 94.73%, Test In: 94.68% Test OOD1: 82.43% 
Epoch: 112, Loss: 0.4447, Train: 99.02%, Valid: 94.53%, Test In: 94.73% Test OOD1: 82.37% 
Epoch: 113, Loss: 0.4369, Train: 99.16%, Valid: 94.49%, Test In: 94.68% Test OOD1: 82.43% 
Epoch: 114, Loss: 0.4155, Train: 99.21%, Valid: 94.49%, Test In: 94.78% Test OOD1: 82.88% 
Epoch: 115, Loss: 0.4051, Train: 99.16%, Valid: 94.44%, Test In: 94.58% Test OOD1: 83.48% 
Epoch: 116, Loss: 0.4093, Train: 99.26%, Valid: 94.53%, Test In: 94.53% Test OOD1: 83.48% 
Epoch: 117, Loss: 0.3985, Train: 99.24%, Valid: 94.73%, Test In: 94.53% Test OOD1: 82.93% 
Epoch: 118, Loss: 0.3804, Train: 99.26%, Valid: 94.73%, Test In: 94.78% Test OOD1: 83.28% 
Epoch: 119, Loss: 0.4120, Train: 99.34%, Valid: 94.73%, Test In: 94.68% Test OOD1: 83.57% 
Epoch: 120, Loss: 0.3938, Train: 99.36%, Valid: 94.53%, Test In: 94.88% Test OOD1: 83.41% 
Epoch: 121, Loss: 0.3858, Train: 99.36%, Valid: 94.53%, Test In: 94.44% Test OOD1: 83.97% 
Epoch: 122, Loss: 0.3852, Train: 99.31%, Valid: 94.58%, Test In: 94.44% Test OOD1: 84.40% 
Epoch: 123, Loss: 0.3946, Train: 99.38%, Valid: 94.63%, Test In: 94.63% Test OOD1: 83.80% 
Epoch: 124, Loss: 0.3812, Train: 99.36%, Valid: 94.68%, Test In: 94.49% Test OOD1: 83.73% 
Epoch: 125, Loss: 0.3827, Train: 99.34%, Valid: 94.78%, Test In: 94.49% Test OOD1: 84.59% 
Epoch: 126, Loss: 0.3751, Train: 99.46%, Valid: 94.58%, Test In: 94.34% Test OOD1: 84.54% 
Epoch: 127, Loss: 0.3537, Train: 99.48%, Valid: 94.44%, Test In: 94.53% Test OOD1: 84.50% 
Epoch: 128, Loss: 0.3625, Train: 99.41%, Valid: 94.29%, Test In: 94.53% Test OOD1: 84.81% 
Epoch: 129, Loss: 0.3881, Train: 99.48%, Valid: 94.39%, Test In: 94.93% Test OOD1: 84.63% 
Epoch: 130, Loss: 0.3797, Train: 99.46%, Valid: 94.19%, Test In: 94.73% Test OOD1: 85.12% 
Epoch: 131, Loss: 0.3858, Train: 99.53%, Valid: 94.68%, Test In: 94.78% Test OOD1: 85.38% 
Epoch: 132, Loss: 0.3619, Train: 99.58%, Valid: 94.49%, Test In: 94.83% Test OOD1: 85.11% 
Epoch: 133, Loss: 0.3371, Train: 99.56%, Valid: 94.39%, Test In: 94.68% Test OOD1: 84.69% 
Epoch: 134, Loss: 0.3552, Train: 99.46%, Valid: 94.44%, Test In: 94.68% Test OOD1: 85.23% 
Epoch: 135, Loss: 0.3797, Train: 99.51%, Valid: 94.78%, Test In: 94.44% Test OOD1: 85.80% 
Epoch: 136, Loss: 0.3428, Train: 99.48%, Valid: 94.44%, Test In: 94.68% Test OOD1: 85.71% 
Epoch: 137, Loss: 0.3581, Train: 99.41%, Valid: 94.44%, Test In: 94.88% Test OOD1: 85.29% 
Epoch: 138, Loss: 0.3447, Train: 99.38%, Valid: 94.34%, Test In: 94.58% Test OOD1: 85.50% 
Epoch: 139, Loss: 0.3561, Train: 99.36%, Valid: 94.44%, Test In: 94.73% Test OOD1: 86.12% 
Epoch: 140, Loss: 0.3456, Train: 99.53%, Valid: 94.83%, Test In: 94.93% Test OOD1: 85.96% 
Epoch: 141, Loss: 0.3399, Train: 99.48%, Valid: 94.58%, Test In: 94.58% Test OOD1: 85.92% 
Epoch: 142, Loss: 0.3407, Train: 99.46%, Valid: 94.44%, Test In: 94.39% Test OOD1: 86.18% 
Epoch: 143, Loss: 0.3240, Train: 99.41%, Valid: 94.44%, Test In: 94.29% Test OOD1: 86.28% 
Epoch: 144, Loss: 0.3486, Train: 99.51%, Valid: 94.63%, Test In: 94.44% Test OOD1: 86.07% 
Epoch: 145, Loss: 0.3249, Train: 99.46%, Valid: 94.63%, Test In: 94.63% Test OOD1: 86.23% 
Epoch: 146, Loss: 0.3476, Train: 99.43%, Valid: 94.83%, Test In: 94.78% Test OOD1: 86.77% 
Epoch: 147, Loss: 0.3351, Train: 99.68%, Valid: 94.63%, Test In: 94.53% Test OOD1: 86.60% 
Epoch: 148, Loss: 0.3291, Train: 99.53%, Valid: 94.44%, Test In: 94.58% Test OOD1: 86.16% 
Epoch: 149, Loss: 0.3318, Train: 99.63%, Valid: 94.34%, Test In: 94.73% Test OOD1: 86.53% 
Epoch: 150, Loss: 0.3408, Train: 99.61%, Valid: 94.44%, Test In: 94.78% Test OOD1: 86.44% 
Epoch: 151, Loss: 0.3342, Train: 99.70%, Valid: 94.63%, Test In: 94.58% Test OOD1: 86.26% 
Epoch: 152, Loss: 0.3291, Train: 99.66%, Valid: 94.44%, Test In: 94.34% Test OOD1: 86.77% 
Epoch: 153, Loss: 0.3232, Train: 99.66%, Valid: 94.83%, Test In: 94.58% Test OOD1: 86.46% 
Epoch: 154, Loss: 0.3232, Train: 99.48%, Valid: 94.68%, Test In: 94.53% Test OOD1: 86.34% 
Epoch: 155, Loss: 0.3141, Train: 99.46%, Valid: 94.68%, Test In: 94.63% Test OOD1: 86.48% 
Epoch: 156, Loss: 0.3304, Train: 99.48%, Valid: 94.83%, Test In: 94.49% Test OOD1: 86.89% 
Epoch: 157, Loss: 0.2982, Train: 99.58%, Valid: 94.68%, Test In: 94.44% Test OOD1: 86.61% 
Epoch: 158, Loss: 0.3290, Train: 99.61%, Valid: 94.88%, Test In: 94.63% Test OOD1: 86.52% 
Epoch: 159, Loss: 0.3206, Train: 99.61%, Valid: 94.83%, Test In: 94.68% Test OOD1: 86.87% 
Epoch: 160, Loss: 0.3192, Train: 99.66%, Valid: 94.83%, Test In: 94.73% Test OOD1: 87.12% 
Epoch: 161, Loss: 0.3001, Train: 99.66%, Valid: 94.88%, Test In: 94.44% Test OOD1: 86.84% 
Epoch: 162, Loss: 0.3182, Train: 99.66%, Valid: 94.53%, Test In: 94.34% Test OOD1: 86.68% 
Epoch: 163, Loss: 0.2934, Train: 99.73%, Valid: 94.58%, Test In: 94.68% Test OOD1: 86.93% 
Epoch: 164, Loss: 0.3173, Train: 99.63%, Valid: 94.19%, Test In: 94.63% Test OOD1: 87.16% 
Epoch: 165, Loss: 0.2882, Train: 99.75%, Valid: 94.53%, Test In: 94.83% Test OOD1: 86.52% 
Epoch: 166, Loss: 0.2939, Train: 99.68%, Valid: 94.53%, Test In: 94.53% Test OOD1: 86.61% 
Epoch: 167, Loss: 0.2828, Train: 99.68%, Valid: 94.49%, Test In: 94.73% Test OOD1: 87.33% 
Epoch: 168, Loss: 0.3106, Train: 99.70%, Valid: 94.73%, Test In: 94.93% Test OOD1: 86.92% 
Epoch: 169, Loss: 0.2900, Train: 99.68%, Valid: 94.58%, Test In: 94.98% Test OOD1: 86.02% 
Epoch: 170, Loss: 0.3102, Train: 99.58%, Valid: 94.39%, Test In: 94.73% Test OOD1: 86.68% 
Epoch: 171, Loss: 0.3119, Train: 99.58%, Valid: 94.24%, Test In: 94.49% Test OOD1: 87.37% 
Epoch: 172, Loss: 0.2932, Train: 99.70%, Valid: 94.68%, Test In: 95.03% Test OOD1: 86.78% 
Epoch: 173, Loss: 0.2783, Train: 99.68%, Valid: 94.58%, Test In: 94.68% Test OOD1: 86.71% 
Epoch: 174, Loss: 0.3172, Train: 99.68%, Valid: 94.49%, Test In: 94.58% Test OOD1: 87.42% 
Epoch: 175, Loss: 0.2738, Train: 99.68%, Valid: 94.04%, Test In: 94.44% Test OOD1: 87.43% 
Epoch: 176, Loss: 0.3084, Train: 99.63%, Valid: 94.34%, Test In: 94.78% Test OOD1: 87.09% 
Epoch: 177, Loss: 0.2621, Train: 99.70%, Valid: 94.63%, Test In: 94.78% Test OOD1: 86.93% 
Epoch: 178, Loss: 0.3138, Train: 99.70%, Valid: 94.49%, Test In: 94.58% Test OOD1: 87.75% 
Epoch: 179, Loss: 0.2744, Train: 99.70%, Valid: 94.34%, Test In: 94.34% Test OOD1: 88.24% 
Epoch: 180, Loss: 0.2777, Train: 99.66%, Valid: 94.58%, Test In: 94.44% Test OOD1: 87.99% 
Epoch: 181, Loss: 0.2752, Train: 99.63%, Valid: 94.58%, Test In: 94.49% Test OOD1: 87.59% 
Epoch: 182, Loss: 0.2820, Train: 99.73%, Valid: 94.63%, Test In: 94.58% Test OOD1: 87.57% 
Epoch: 183, Loss: 0.2711, Train: 99.73%, Valid: 94.53%, Test In: 94.53% Test OOD1: 88.11% 
Epoch: 184, Loss: 0.2444, Train: 99.73%, Valid: 94.29%, Test In: 94.19% Test OOD1: 88.45% 
Epoch: 185, Loss: 0.3005, Train: 99.66%, Valid: 94.29%, Test In: 94.73% Test OOD1: 87.80% 
Epoch: 186, Loss: 0.2586, Train: 99.68%, Valid: 94.63%, Test In: 94.58% Test OOD1: 87.53% 
Epoch: 187, Loss: 0.2918, Train: 99.70%, Valid: 94.58%, Test In: 94.53% Test OOD1: 87.88% 
Epoch: 188, Loss: 0.2527, Train: 99.70%, Valid: 94.49%, Test In: 94.24% Test OOD1: 88.55% 
Epoch: 189, Loss: 0.2829, Train: 99.75%, Valid: 94.53%, Test In: 94.63% Test OOD1: 87.92% 
Epoch: 190, Loss: 0.2508, Train: 99.73%, Valid: 94.19%, Test In: 94.58% Test OOD1: 87.22% 
Epoch: 191, Loss: 0.2784, Train: 99.75%, Valid: 94.29%, Test In: 94.68% Test OOD1: 87.69% 
Epoch: 192, Loss: 0.2535, Train: 99.73%, Valid: 94.39%, Test In: 94.44% Test OOD1: 88.29% 
Epoch: 193, Loss: 0.2499, Train: 99.73%, Valid: 94.49%, Test In: 94.44% Test OOD1: 88.26% 
Epoch: 194, Loss: 0.2576, Train: 99.66%, Valid: 94.53%, Test In: 94.58% Test OOD1: 87.58% 
Epoch: 195, Loss: 0.2633, Train: 99.75%, Valid: 94.29%, Test In: 94.68% Test OOD1: 87.65% 
Epoch: 196, Loss: 0.2444, Train: 99.80%, Valid: 94.09%, Test In: 94.24% Test OOD1: 88.36% 
Epoch: 197, Loss: 0.2470, Train: 99.73%, Valid: 93.94%, Test In: 94.19% Test OOD1: 88.72% 
Epoch: 198, Loss: 0.2535, Train: 99.75%, Valid: 94.29%, Test In: 94.53% Test OOD1: 88.04% 
Epoch: 199, Loss: 0.2524, Train: 99.78%, Valid: 94.44%, Test In: 94.78% Test OOD1: 87.75% 
Epoch: 200, Loss: 0.2699, Train: 99.85%, Valid: 94.19%, Test In: 94.34% Test OOD1: 88.45% 
Epoch: 201, Loss: 0.2409, Train: 99.83%, Valid: 94.29%, Test In: 94.44% Test OOD1: 88.42% 
Epoch: 202, Loss: 0.2558, Train: 99.75%, Valid: 94.53%, Test In: 94.63% Test OOD1: 88.07% 
Epoch: 203, Loss: 0.2348, Train: 99.73%, Valid: 94.44%, Test In: 94.58% Test OOD1: 87.84% 
Epoch: 204, Loss: 0.2424, Train: 99.80%, Valid: 94.39%, Test In: 94.53% Test OOD1: 88.66% 
Epoch: 205, Loss: 0.2657, Train: 99.70%, Valid: 94.09%, Test In: 94.34% Test OOD1: 89.35% 
Epoch: 206, Loss: 0.2588, Train: 99.73%, Valid: 94.34%, Test In: 94.29% Test OOD1: 88.59% 
Epoch: 207, Loss: 0.2315, Train: 99.75%, Valid: 94.34%, Test In: 94.39% Test OOD1: 88.28% 
Epoch: 208, Loss: 0.2273, Train: 99.75%, Valid: 94.44%, Test In: 94.24% Test OOD1: 88.60% 
Epoch: 209, Loss: 0.2499, Train: 99.83%, Valid: 94.39%, Test In: 94.44% Test OOD1: 89.20% 
Epoch: 210, Loss: 0.2438, Train: 99.78%, Valid: 94.34%, Test In: 94.39% Test OOD1: 89.28% 
Epoch: 211, Loss: 0.2757, Train: 99.75%, Valid: 94.49%, Test In: 94.58% Test OOD1: 89.30% 
Epoch: 212, Loss: 0.2410, Train: 99.75%, Valid: 94.53%, Test In: 94.58% Test OOD1: 89.13% 
Epoch: 213, Loss: 0.2483, Train: 99.75%, Valid: 94.49%, Test In: 94.44% Test OOD1: 88.77% 
Epoch: 214, Loss: 0.2346, Train: 99.80%, Valid: 94.29%, Test In: 94.49% Test OOD1: 88.93% 
Epoch: 215, Loss: 0.2484, Train: 99.83%, Valid: 94.39%, Test In: 94.44% Test OOD1: 89.08% 
Epoch: 216, Loss: 0.2300, Train: 99.80%, Valid: 94.53%, Test In: 94.53% Test OOD1: 89.49% 
Epoch: 217, Loss: 0.2390, Train: 99.83%, Valid: 94.63%, Test In: 94.34% Test OOD1: 89.29% 
Epoch: 218, Loss: 0.2320, Train: 99.83%, Valid: 94.49%, Test In: 94.44% Test OOD1: 89.39% 
Epoch: 219, Loss: 0.2309, Train: 99.80%, Valid: 94.04%, Test In: 94.29% Test OOD1: 89.60% 
Epoch: 220, Loss: 0.2457, Train: 99.78%, Valid: 94.14%, Test In: 94.68% Test OOD1: 89.11% 
Epoch: 221, Loss: 0.2260, Train: 99.80%, Valid: 94.73%, Test In: 94.83% Test OOD1: 88.70% 
Epoch: 222, Loss: 0.2425, Train: 99.85%, Valid: 94.34%, Test In: 94.39% Test OOD1: 89.39% 
Epoch: 223, Loss: 0.2319, Train: 99.78%, Valid: 94.19%, Test In: 94.34% Test OOD1: 89.43% 
Epoch: 224, Loss: 0.2268, Train: 99.83%, Valid: 94.29%, Test In: 94.53% Test OOD1: 88.84% 
Epoch: 225, Loss: 0.2298, Train: 99.83%, Valid: 94.24%, Test In: 94.34% Test OOD1: 88.47% 
Epoch: 226, Loss: 0.2444, Train: 99.85%, Valid: 94.44%, Test In: 94.34% Test OOD1: 89.14% 
Epoch: 227, Loss: 0.2201, Train: 99.88%, Valid: 94.04%, Test In: 94.34% Test OOD1: 89.40% 
Epoch: 228, Loss: 0.2295, Train: 99.83%, Valid: 94.04%, Test In: 94.44% Test OOD1: 88.59% 
Epoch: 229, Loss: 0.2460, Train: 99.78%, Valid: 94.09%, Test In: 94.49% Test OOD1: 88.77% 
Epoch: 230, Loss: 0.2337, Train: 99.83%, Valid: 93.80%, Test In: 94.34% Test OOD1: 89.67% 
Epoch: 231, Loss: 0.2197, Train: 99.70%, Valid: 94.14%, Test In: 94.24% Test OOD1: 89.28% 
Epoch: 232, Loss: 0.2319, Train: 99.78%, Valid: 94.24%, Test In: 94.29% Test OOD1: 88.86% 
Epoch: 233, Loss: 0.2466, Train: 99.83%, Valid: 94.14%, Test In: 94.29% Test OOD1: 89.09% 
Epoch: 234, Loss: 0.2189, Train: 99.83%, Valid: 94.19%, Test In: 94.34% Test OOD1: 89.02% 
Epoch: 235, Loss: 0.2188, Train: 99.78%, Valid: 94.49%, Test In: 94.49% Test OOD1: 89.20% 
Epoch: 236, Loss: 0.2298, Train: 99.83%, Valid: 94.34%, Test In: 94.24% Test OOD1: 89.19% 
Epoch: 237, Loss: 0.2153, Train: 99.83%, Valid: 94.09%, Test In: 94.24% Test OOD1: 89.14% 
Epoch: 238, Loss: 0.2284, Train: 99.80%, Valid: 93.99%, Test In: 94.29% Test OOD1: 89.07% 
Epoch: 239, Loss: 0.2209, Train: 99.78%, Valid: 94.29%, Test In: 94.49% Test OOD1: 88.77% 
Epoch: 240, Loss: 0.2349, Train: 99.88%, Valid: 94.04%, Test In: 94.29% Test OOD1: 89.72% 
Epoch: 241, Loss: 0.1995, Train: 99.80%, Valid: 94.04%, Test In: 94.34% Test OOD1: 90.07% 
Epoch: 242, Loss: 0.2105, Train: 99.83%, Valid: 94.34%, Test In: 94.39% Test OOD1: 89.54% 
Epoch: 243, Loss: 0.2200, Train: 99.80%, Valid: 94.29%, Test In: 94.53% Test OOD1: 89.46% 
Epoch: 244, Loss: 0.2192, Train: 99.80%, Valid: 94.19%, Test In: 94.34% Test OOD1: 89.92% 
Epoch: 245, Loss: 0.2163, Train: 99.80%, Valid: 94.09%, Test In: 94.39% Test OOD1: 90.10% 
Epoch: 246, Loss: 0.2246, Train: 99.83%, Valid: 94.24%, Test In: 94.68% Test OOD1: 89.35% 
Epoch: 247, Loss: 0.2091, Train: 99.80%, Valid: 94.34%, Test In: 94.44% Test OOD1: 88.92% 
Epoch: 248, Loss: 0.2376, Train: 99.78%, Valid: 94.19%, Test In: 94.39% Test OOD1: 89.89% 
Epoch: 249, Loss: 0.1990, Train: 99.75%, Valid: 94.04%, Test In: 94.29% Test OOD1: 89.78% 
Epoch: 250, Loss: 0.2303, Train: 99.78%, Valid: 94.39%, Test In: 94.58% Test OOD1: 89.13% 
Epoch: 251, Loss: 0.2034, Train: 99.75%, Valid: 94.19%, Test In: 94.24% Test OOD1: 89.09% 
Epoch: 252, Loss: 0.2240, Train: 99.85%, Valid: 94.19%, Test In: 94.53% Test OOD1: 89.22% 
Epoch: 253, Loss: 0.2137, Train: 99.83%, Valid: 94.19%, Test In: 94.49% Test OOD1: 88.95% 
Epoch: 254, Loss: 0.2087, Train: 99.83%, Valid: 94.19%, Test In: 94.78% Test OOD1: 89.28% 
Epoch: 255, Loss: 0.1929, Train: 99.80%, Valid: 93.99%, Test In: 94.39% Test OOD1: 89.49% 
Epoch: 256, Loss: 0.1986, Train: 99.88%, Valid: 93.99%, Test In: 94.44% Test OOD1: 89.41% 
Epoch: 257, Loss: 0.2174, Train: 99.80%, Valid: 94.49%, Test In: 94.58% Test OOD1: 89.44% 
Epoch: 258, Loss: 0.2123, Train: 99.80%, Valid: 94.24%, Test In: 94.49% Test OOD1: 89.17% 
Epoch: 259, Loss: 0.2154, Train: 99.78%, Valid: 94.29%, Test In: 94.09% Test OOD1: 89.67% 
Epoch: 260, Loss: 0.2254, Train: 99.85%, Valid: 94.24%, Test In: 94.24% Test OOD1: 89.94% 
Epoch: 261, Loss: 0.2029, Train: 99.85%, Valid: 94.14%, Test In: 94.44% Test OOD1: 90.00% 
Epoch: 262, Loss: 0.2058, Train: 99.80%, Valid: 94.19%, Test In: 94.24% Test OOD1: 89.82% 
Epoch: 263, Loss: 0.2094, Train: 99.83%, Valid: 94.53%, Test In: 94.49% Test OOD1: 89.80% 
Epoch: 264, Loss: 0.2098, Train: 99.83%, Valid: 94.49%, Test In: 94.49% Test OOD1: 90.23% 
Epoch: 265, Loss: 0.1976, Train: 99.88%, Valid: 94.39%, Test In: 94.14% Test OOD1: 90.19% 
Epoch: 266, Loss: 0.1988, Train: 99.90%, Valid: 94.24%, Test In: 94.29% Test OOD1: 89.67% 
Epoch: 267, Loss: 0.1982, Train: 99.88%, Valid: 94.44%, Test In: 94.53% Test OOD1: 89.51% 
Epoch: 268, Loss: 0.2008, Train: 99.80%, Valid: 94.44%, Test In: 94.49% Test OOD1: 89.82% 
Epoch: 269, Loss: 0.2086, Train: 99.80%, Valid: 94.39%, Test In: 94.44% Test OOD1: 90.40% 
Epoch: 270, Loss: 0.1885, Train: 99.85%, Valid: 94.24%, Test In: 94.53% Test OOD1: 90.61% 
Epoch: 271, Loss: 0.1924, Train: 99.83%, Valid: 94.29%, Test In: 94.63% Test OOD1: 89.80% 
Epoch: 272, Loss: 0.1926, Train: 99.80%, Valid: 94.34%, Test In: 94.53% Test OOD1: 89.06% 
Epoch: 273, Loss: 0.1888, Train: 99.90%, Valid: 94.44%, Test In: 94.34% Test OOD1: 90.16% 
Epoch: 274, Loss: 0.1920, Train: 99.83%, Valid: 94.34%, Test In: 94.39% Test OOD1: 90.66% 
Epoch: 275, Loss: 0.2147, Train: 99.85%, Valid: 94.29%, Test In: 94.73% Test OOD1: 89.89% 
Epoch: 276, Loss: 0.1837, Train: 99.83%, Valid: 94.29%, Test In: 94.58% Test OOD1: 89.78% 
Epoch: 277, Loss: 0.1798, Train: 99.80%, Valid: 94.24%, Test In: 94.63% Test OOD1: 90.55% 
Epoch: 278, Loss: 0.1819, Train: 99.80%, Valid: 94.49%, Test In: 94.34% Test OOD1: 90.63% 
Epoch: 279, Loss: 0.1961, Train: 99.75%, Valid: 94.44%, Test In: 94.68% Test OOD1: 89.80% 
Epoch: 280, Loss: 0.2177, Train: 99.83%, Valid: 94.68%, Test In: 94.78% Test OOD1: 90.19% 
Epoch: 281, Loss: 0.1798, Train: 99.90%, Valid: 94.53%, Test In: 94.39% Test OOD1: 90.77% 
Epoch: 282, Loss: 0.1802, Train: 99.88%, Valid: 94.44%, Test In: 94.34% Test OOD1: 90.73% 
Epoch: 283, Loss: 0.1844, Train: 99.83%, Valid: 94.44%, Test In: 94.63% Test OOD1: 89.82% 
Epoch: 284, Loss: 0.1887, Train: 99.85%, Valid: 94.49%, Test In: 94.58% Test OOD1: 90.13% 
Epoch: 285, Loss: 0.1976, Train: 99.88%, Valid: 94.34%, Test In: 94.39% Test OOD1: 90.05% 
Epoch: 286, Loss: 0.1830, Train: 99.85%, Valid: 94.19%, Test In: 94.44% Test OOD1: 89.82% 
Epoch: 287, Loss: 0.1823, Train: 99.88%, Valid: 94.34%, Test In: 94.78% Test OOD1: 89.51% 
Epoch: 288, Loss: 0.1720, Train: 99.80%, Valid: 94.34%, Test In: 94.63% Test OOD1: 89.89% 
Epoch: 289, Loss: 0.1709, Train: 99.88%, Valid: 94.34%, Test In: 94.58% Test OOD1: 90.32% 
Epoch: 290, Loss: 0.1725, Train: 99.83%, Valid: 93.94%, Test In: 94.19% Test OOD1: 90.41% 
Epoch: 291, Loss: 0.1912, Train: 99.93%, Valid: 94.83%, Test In: 94.68% Test OOD1: 89.94% 
Epoch: 292, Loss: 0.1717, Train: 99.90%, Valid: 94.49%, Test In: 94.34% Test OOD1: 89.39% 
Epoch: 293, Loss: 0.1934, Train: 99.88%, Valid: 94.49%, Test In: 94.58% Test OOD1: 89.84% 
Epoch: 294, Loss: 0.1719, Train: 99.95%, Valid: 94.24%, Test In: 94.39% Test OOD1: 90.23% 
Epoch: 295, Loss: 0.1957, Train: 99.93%, Valid: 94.58%, Test In: 94.63% Test OOD1: 90.37% 
Epoch: 296, Loss: 0.1721, Train: 99.88%, Valid: 94.44%, Test In: 94.78% Test OOD1: 90.30% 
Epoch: 297, Loss: 0.1727, Train: 99.85%, Valid: 94.34%, Test In: 94.63% Test OOD1: 90.48% 
Epoch: 298, Loss: 0.1912, Train: 99.85%, Valid: 94.14%, Test In: 94.49% Test OOD1: 90.93% 
Epoch: 299, Loss: 0.1765, Train: 99.85%, Valid: 94.29%, Test In: 94.73% Test OOD1: 90.09% 
Epoch: 300, Loss: 0.1877, Train: 99.88%, Valid: 94.39%, Test In: 94.83% Test OOD1: 90.23% 
Epoch: 301, Loss: 0.1703, Train: 99.88%, Valid: 94.09%, Test In: 94.39% Test OOD1: 90.99% 
Epoch: 302, Loss: 0.1985, Train: 99.90%, Valid: 94.49%, Test In: 94.68% Test OOD1: 90.56% 
Epoch: 303, Loss: 0.1769, Train: 99.85%, Valid: 94.24%, Test In: 94.49% Test OOD1: 90.76% 
Epoch: 304, Loss: 0.2036, Train: 99.85%, Valid: 94.24%, Test In: 94.78% Test OOD1: 90.72% 
Epoch: 305, Loss: 0.1642, Train: 99.85%, Valid: 94.44%, Test In: 94.63% Test OOD1: 90.74% 
Epoch: 306, Loss: 0.2014, Train: 99.88%, Valid: 94.44%, Test In: 94.49% Test OOD1: 90.53% 
Epoch: 307, Loss: 0.1753, Train: 99.93%, Valid: 94.44%, Test In: 94.39% Test OOD1: 90.45% 
Epoch: 308, Loss: 0.1776, Train: 99.88%, Valid: 94.24%, Test In: 94.39% Test OOD1: 90.48% 
Epoch: 309, Loss: 0.1609, Train: 99.88%, Valid: 94.34%, Test In: 94.53% Test OOD1: 90.12% 
Epoch: 310, Loss: 0.1807, Train: 99.88%, Valid: 94.39%, Test In: 94.68% Test OOD1: 90.24% 
Epoch: 311, Loss: 0.1738, Train: 99.93%, Valid: 94.29%, Test In: 94.63% Test OOD1: 90.65% 
Epoch: 312, Loss: 0.1548, Train: 99.93%, Valid: 94.34%, Test In: 94.24% Test OOD1: 90.60% 
Epoch: 313, Loss: 0.1724, Train: 99.90%, Valid: 94.39%, Test In: 94.44% Test OOD1: 90.41% 
Epoch: 314, Loss: 0.1796, Train: 99.88%, Valid: 94.39%, Test In: 94.58% Test OOD1: 90.58% 
Epoch: 315, Loss: 0.1928, Train: 99.83%, Valid: 94.53%, Test In: 94.29% Test OOD1: 90.85% 
Epoch: 316, Loss: 0.1688, Train: 99.90%, Valid: 94.49%, Test In: 94.29% Test OOD1: 91.00% 
Epoch: 317, Loss: 0.1769, Train: 99.93%, Valid: 94.44%, Test In: 94.44% Test OOD1: 91.05% 
Epoch: 318, Loss: 0.1768, Train: 99.83%, Valid: 94.53%, Test In: 94.53% Test OOD1: 90.93% 
Epoch: 319, Loss: 0.1707, Train: 99.83%, Valid: 94.78%, Test In: 94.49% Test OOD1: 90.93% 
Epoch: 320, Loss: 0.1569, Train: 99.78%, Valid: 94.83%, Test In: 94.58% Test OOD1: 91.03% 
Epoch: 321, Loss: 0.1708, Train: 99.90%, Valid: 94.44%, Test In: 94.44% Test OOD1: 91.29% 
Epoch: 322, Loss: 0.1572, Train: 99.85%, Valid: 94.83%, Test In: 94.19% Test OOD1: 91.38% 
Epoch: 323, Loss: 0.1623, Train: 99.90%, Valid: 94.93%, Test In: 94.29% Test OOD1: 91.10% 
Epoch: 324, Loss: 0.1653, Train: 99.90%, Valid: 94.49%, Test In: 94.63% Test OOD1: 90.60% 
Epoch: 325, Loss: 0.1564, Train: 99.85%, Valid: 94.53%, Test In: 94.73% Test OOD1: 90.44% 
Epoch: 326, Loss: 0.1638, Train: 99.88%, Valid: 94.58%, Test In: 94.34% Test OOD1: 90.84% 
Epoch: 327, Loss: 0.1658, Train: 99.88%, Valid: 94.44%, Test In: 93.99% Test OOD1: 91.35% 
Epoch: 328, Loss: 0.1589, Train: 99.85%, Valid: 94.68%, Test In: 94.34% Test OOD1: 91.08% 
Epoch: 329, Loss: 0.1516, Train: 99.88%, Valid: 94.63%, Test In: 94.73% Test OOD1: 90.68% 
Epoch: 330, Loss: 0.1547, Train: 99.90%, Valid: 94.58%, Test In: 94.68% Test OOD1: 90.93% 
Epoch: 331, Loss: 0.1515, Train: 99.88%, Valid: 94.49%, Test In: 94.44% Test OOD1: 91.52% 
Epoch: 332, Loss: 0.1580, Train: 99.90%, Valid: 94.29%, Test In: 94.29% Test OOD1: 91.61% 
Epoch: 333, Loss: 0.1489, Train: 99.95%, Valid: 94.58%, Test In: 94.53% Test OOD1: 90.88% 
Epoch: 334, Loss: 0.1387, Train: 99.95%, Valid: 94.68%, Test In: 94.53% Test OOD1: 90.36% 
Epoch: 335, Loss: 0.1711, Train: 99.95%, Valid: 94.53%, Test In: 94.58% Test OOD1: 91.06% 
Epoch: 336, Loss: 0.1426, Train: 99.93%, Valid: 94.19%, Test In: 94.24% Test OOD1: 91.48% 
Epoch: 337, Loss: 0.1609, Train: 99.85%, Valid: 94.44%, Test In: 94.34% Test OOD1: 91.19% 
Epoch: 338, Loss: 0.1565, Train: 99.88%, Valid: 94.39%, Test In: 94.29% Test OOD1: 91.29% 
Epoch: 339, Loss: 0.1651, Train: 99.88%, Valid: 94.73%, Test In: 94.34% Test OOD1: 91.51% 
Epoch: 340, Loss: 0.1354, Train: 99.90%, Valid: 94.78%, Test In: 94.44% Test OOD1: 91.64% 
Epoch: 341, Loss: 0.1699, Train: 99.88%, Valid: 94.73%, Test In: 94.63% Test OOD1: 91.14% 
Epoch: 342, Loss: 0.1393, Train: 99.90%, Valid: 94.44%, Test In: 94.44% Test OOD1: 90.87% 
Epoch: 343, Loss: 0.1584, Train: 99.93%, Valid: 94.49%, Test In: 94.44% Test OOD1: 91.89% 
Epoch: 344, Loss: 0.1387, Train: 99.90%, Valid: 94.24%, Test In: 94.49% Test OOD1: 92.22% 
Epoch: 345, Loss: 0.1563, Train: 99.83%, Valid: 94.68%, Test In: 94.58% Test OOD1: 91.77% 
Epoch: 346, Loss: 0.1474, Train: 99.83%, Valid: 94.29%, Test In: 94.58% Test OOD1: 91.40% 
Epoch: 347, Loss: 0.1439, Train: 99.78%, Valid: 94.34%, Test In: 94.78% Test OOD1: 91.77% 
Epoch: 348, Loss: 0.1486, Train: 99.83%, Valid: 94.44%, Test In: 94.44% Test OOD1: 91.88% 
Epoch: 349, Loss: 0.1565, Train: 99.83%, Valid: 94.49%, Test In: 94.34% Test OOD1: 91.93% 
Epoch: 350, Loss: 0.1380, Train: 99.85%, Valid: 94.49%, Test In: 94.44% Test OOD1: 91.45% 
Epoch: 351, Loss: 0.1593, Train: 99.88%, Valid: 94.49%, Test In: 94.44% Test OOD1: 91.11% 
Epoch: 352, Loss: 0.1367, Train: 99.93%, Valid: 94.09%, Test In: 94.53% Test OOD1: 91.59% 
Epoch: 353, Loss: 0.1497, Train: 99.93%, Valid: 94.19%, Test In: 94.49% Test OOD1: 91.62% 
Epoch: 354, Loss: 0.1361, Train: 99.95%, Valid: 94.63%, Test In: 94.44% Test OOD1: 91.31% 
Epoch: 355, Loss: 0.1558, Train: 99.93%, Valid: 94.63%, Test In: 94.53% Test OOD1: 91.67% 
Epoch: 356, Loss: 0.1453, Train: 99.90%, Valid: 94.39%, Test In: 94.39% Test OOD1: 91.41% 
Epoch: 357, Loss: 0.1505, Train: 99.88%, Valid: 94.49%, Test In: 94.49% Test OOD1: 91.15% 
Epoch: 358, Loss: 0.1548, Train: 99.90%, Valid: 94.49%, Test In: 94.53% Test OOD1: 90.67% 
Epoch: 359, Loss: 0.1446, Train: 99.93%, Valid: 94.88%, Test In: 94.49% Test OOD1: 90.42% 
Epoch: 360, Loss: 0.1564, Train: 99.90%, Valid: 94.19%, Test In: 94.44% Test OOD1: 91.32% 
Epoch: 361, Loss: 0.1547, Train: 99.85%, Valid: 94.73%, Test In: 94.78% Test OOD1: 90.97% 
Epoch: 362, Loss: 0.1536, Train: 99.88%, Valid: 94.78%, Test In: 94.78% Test OOD1: 89.62% 
Epoch: 363, Loss: 0.1529, Train: 99.88%, Valid: 94.68%, Test In: 94.78% Test OOD1: 90.40% 
Epoch: 364, Loss: 0.1499, Train: 99.88%, Valid: 94.44%, Test In: 94.14% Test OOD1: 91.51% 
Epoch: 365, Loss: 0.1483, Train: 99.93%, Valid: 94.44%, Test In: 94.29% Test OOD1: 91.05% 
Epoch: 366, Loss: 0.1509, Train: 99.85%, Valid: 94.34%, Test In: 94.58% Test OOD1: 90.40% 
Epoch: 367, Loss: 0.1473, Train: 99.85%, Valid: 94.34%, Test In: 94.68% Test OOD1: 90.63% 
Epoch: 368, Loss: 0.1588, Train: 99.90%, Valid: 94.39%, Test In: 94.58% Test OOD1: 91.37% 
Epoch: 369, Loss: 0.1493, Train: 99.95%, Valid: 94.49%, Test In: 94.24% Test OOD1: 92.17% 
Epoch: 370, Loss: 0.1391, Train: 99.95%, Valid: 94.49%, Test In: 94.58% Test OOD1: 91.37% 
Epoch: 371, Loss: 0.1497, Train: 99.83%, Valid: 94.34%, Test In: 94.63% Test OOD1: 90.82% 
Epoch: 372, Loss: 0.1575, Train: 99.88%, Valid: 94.63%, Test In: 94.88% Test OOD1: 90.83% 
Epoch: 373, Loss: 0.1504, Train: 99.93%, Valid: 94.68%, Test In: 94.73% Test OOD1: 91.33% 
Epoch: 374, Loss: 0.1436, Train: 99.95%, Valid: 94.49%, Test In: 94.63% Test OOD1: 91.90% 
Epoch: 375, Loss: 0.1540, Train: 99.93%, Valid: 94.49%, Test In: 94.34% Test OOD1: 91.97% 
Epoch: 376, Loss: 0.1460, Train: 99.90%, Valid: 94.44%, Test In: 94.58% Test OOD1: 91.79% 
Epoch: 377, Loss: 0.1644, Train: 99.85%, Valid: 94.44%, Test In: 94.68% Test OOD1: 91.21% 
Epoch: 378, Loss: 0.1515, Train: 99.93%, Valid: 94.53%, Test In: 94.68% Test OOD1: 91.41% 
Epoch: 379, Loss: 0.1507, Train: 99.90%, Valid: 94.34%, Test In: 94.09% Test OOD1: 91.99% 
Epoch: 380, Loss: 0.1485, Train: 99.90%, Valid: 94.34%, Test In: 94.29% Test OOD1: 91.99% 
Epoch: 381, Loss: 0.1263, Train: 99.88%, Valid: 94.19%, Test In: 94.44% Test OOD1: 91.32% 
Epoch: 382, Loss: 0.1410, Train: 99.88%, Valid: 94.19%, Test In: 94.68% Test OOD1: 90.84% 
Epoch: 383, Loss: 0.1320, Train: 99.95%, Valid: 94.34%, Test In: 94.49% Test OOD1: 91.42% 
Epoch: 384, Loss: 0.1474, Train: 99.93%, Valid: 94.58%, Test In: 94.04% Test OOD1: 91.88% 
Epoch: 385, Loss: 0.1564, Train: 99.93%, Valid: 94.34%, Test In: 94.49% Test OOD1: 91.62% 
Epoch: 386, Loss: 0.1390, Train: 99.90%, Valid: 94.19%, Test In: 94.49% Test OOD1: 90.85% 
Epoch: 387, Loss: 0.1420, Train: 99.95%, Valid: 94.29%, Test In: 94.58% Test OOD1: 91.25% 
Epoch: 388, Loss: 0.1468, Train: 99.98%, Valid: 94.53%, Test In: 94.29% Test OOD1: 91.49% 
Epoch: 389, Loss: 0.1401, Train: 99.98%, Valid: 94.53%, Test In: 94.53% Test OOD1: 91.14% 
Epoch: 390, Loss: 0.1534, Train: 99.95%, Valid: 94.53%, Test In: 94.44% Test OOD1: 90.92% 
Epoch: 391, Loss: 0.1368, Train: 99.95%, Valid: 94.68%, Test In: 94.34% Test OOD1: 90.71% 
Epoch: 392, Loss: 0.1253, Train: 99.95%, Valid: 94.34%, Test In: 94.63% Test OOD1: 90.36% 
Epoch: 393, Loss: 0.1504, Train: 99.90%, Valid: 94.83%, Test In: 94.49% Test OOD1: 91.21% 
Epoch: 394, Loss: 0.1194, Train: 99.90%, Valid: 94.68%, Test In: 94.39% Test OOD1: 91.29% 
Epoch: 395, Loss: 0.1392, Train: 99.90%, Valid: 94.63%, Test In: 94.44% Test OOD1: 91.32% 
Epoch: 396, Loss: 0.1310, Train: 99.83%, Valid: 94.73%, Test In: 94.73% Test OOD1: 90.56% 
Epoch: 397, Loss: 0.1597, Train: 99.85%, Valid: 94.49%, Test In: 94.44% Test OOD1: 91.11% 
Epoch: 398, Loss: 0.1418, Train: 99.85%, Valid: 94.53%, Test In: 94.29% Test OOD1: 91.59% 
Epoch: 399, Loss: 0.1343, Train: 99.95%, Valid: 94.78%, Test In: 94.73% Test OOD1: 91.45% 
Epoch: 400, Loss: 0.1290, Train: 99.95%, Valid: 94.73%, Test In: 94.58% Test OOD1: 91.43% 
Epoch: 401, Loss: 0.1213, Train: 99.95%, Valid: 94.49%, Test In: 94.49% Test OOD1: 91.67% 
Epoch: 402, Loss: 0.1331, Train: 99.95%, Valid: 94.63%, Test In: 94.39% Test OOD1: 91.40% 
Epoch: 403, Loss: 0.1408, Train: 99.95%, Valid: 94.78%, Test In: 94.58% Test OOD1: 91.74% 
Epoch: 404, Loss: 0.1378, Train: 99.95%, Valid: 94.93%, Test In: 94.63% Test OOD1: 91.89% 
Epoch: 405, Loss: 0.1285, Train: 99.93%, Valid: 94.83%, Test In: 94.44% Test OOD1: 91.93% 
Epoch: 406, Loss: 0.1299, Train: 99.95%, Valid: 94.58%, Test In: 94.39% Test OOD1: 91.83% 
Epoch: 407, Loss: 0.1290, Train: 99.93%, Valid: 94.63%, Test In: 94.49% Test OOD1: 92.05% 
Epoch: 408, Loss: 0.1312, Train: 99.93%, Valid: 94.83%, Test In: 94.58% Test OOD1: 91.79% 
Epoch: 409, Loss: 0.1283, Train: 99.93%, Valid: 94.88%, Test In: 94.78% Test OOD1: 91.77% 
Epoch: 410, Loss: 0.1246, Train: 99.93%, Valid: 95.03%, Test In: 94.68% Test OOD1: 91.73% 
Epoch: 411, Loss: 0.1252, Train: 99.95%, Valid: 94.78%, Test In: 94.63% Test OOD1: 92.15% 
Epoch: 412, Loss: 0.1385, Train: 99.95%, Valid: 94.88%, Test In: 94.73% Test OOD1: 92.38% 
Epoch: 413, Loss: 0.1144, Train: 99.95%, Valid: 94.58%, Test In: 94.68% Test OOD1: 92.32% 
Epoch: 414, Loss: 0.1378, Train: 99.98%, Valid: 94.73%, Test In: 94.78% Test OOD1: 91.93% 
Epoch: 415, Loss: 0.1199, Train: 99.93%, Valid: 94.78%, Test In: 94.83% Test OOD1: 91.22% 
Epoch: 416, Loss: 0.1293, Train: 99.95%, Valid: 95.03%, Test In: 94.58% Test OOD1: 91.91% 
Epoch: 417, Loss: 0.1218, Train: 99.90%, Valid: 94.98%, Test In: 94.53% Test OOD1: 92.41% 
Epoch: 418, Loss: 0.1420, Train: 99.95%, Valid: 94.88%, Test In: 94.63% Test OOD1: 92.01% 
Epoch: 419, Loss: 0.1356, Train: 99.95%, Valid: 95.08%, Test In: 94.78% Test OOD1: 90.94% 
Epoch: 420, Loss: 0.1420, Train: 99.95%, Valid: 95.22%, Test In: 94.83% Test OOD1: 91.90% 
Epoch: 421, Loss: 0.1265, Train: 99.90%, Valid: 94.58%, Test In: 94.39% Test OOD1: 92.54% 
Epoch: 422, Loss: 0.1406, Train: 99.93%, Valid: 95.03%, Test In: 94.63% Test OOD1: 92.45% 
Epoch: 423, Loss: 0.1313, Train: 99.95%, Valid: 95.03%, Test In: 94.83% Test OOD1: 90.93% 
Epoch: 424, Loss: 0.1409, Train: 99.98%, Valid: 95.17%, Test In: 94.49% Test OOD1: 91.42% 
Epoch: 425, Loss: 0.1193, Train: 99.93%, Valid: 94.83%, Test In: 94.49% Test OOD1: 91.83% 
Epoch: 426, Loss: 0.1387, Train: 99.95%, Valid: 94.58%, Test In: 94.49% Test OOD1: 91.86% 
Epoch: 427, Loss: 0.1217, Train: 99.93%, Valid: 94.78%, Test In: 94.44% Test OOD1: 91.25% 
Epoch: 428, Loss: 0.1589, Train: 99.93%, Valid: 94.98%, Test In: 94.63% Test OOD1: 91.31% 
Epoch: 429, Loss: 0.1295, Train: 99.93%, Valid: 95.13%, Test In: 94.58% Test OOD1: 91.63% 
Epoch: 430, Loss: 0.1343, Train: 99.93%, Valid: 94.88%, Test In: 94.53% Test OOD1: 91.97% 
Epoch: 431, Loss: 0.1378, Train: 99.95%, Valid: 94.88%, Test In: 94.34% Test OOD1: 92.06% 
Epoch: 432, Loss: 0.1464, Train: 99.95%, Valid: 94.93%, Test In: 94.53% Test OOD1: 91.49% 
Epoch: 433, Loss: 0.1095, Train: 99.95%, Valid: 94.63%, Test In: 94.49% Test OOD1: 90.71% 
Epoch: 434, Loss: 0.1522, Train: 99.98%, Valid: 94.63%, Test In: 94.53% Test OOD1: 90.66% 
Epoch: 435, Loss: 0.1227, Train: 99.98%, Valid: 94.98%, Test In: 94.53% Test OOD1: 91.03% 
Epoch: 436, Loss: 0.1290, Train: 99.98%, Valid: 94.93%, Test In: 94.29% Test OOD1: 91.77% 
Epoch: 437, Loss: 0.1287, Train: 99.95%, Valid: 94.58%, Test In: 94.49% Test OOD1: 92.15% 
Epoch: 438, Loss: 0.1309, Train: 99.95%, Valid: 94.68%, Test In: 94.68% Test OOD1: 91.99% 
Epoch: 439, Loss: 0.1304, Train: 99.95%, Valid: 94.68%, Test In: 94.58% Test OOD1: 91.57% 
Epoch: 440, Loss: 0.1506, Train: 99.98%, Valid: 94.88%, Test In: 94.53% Test OOD1: 91.68% 
Epoch: 441, Loss: 0.1243, Train: 99.98%, Valid: 94.83%, Test In: 94.63% Test OOD1: 91.94% 
Epoch: 442, Loss: 0.1524, Train: 99.95%, Valid: 94.73%, Test In: 94.63% Test OOD1: 91.84% 
Epoch: 443, Loss: 0.1341, Train: 99.95%, Valid: 94.58%, Test In: 94.68% Test OOD1: 91.26% 
Epoch: 444, Loss: 0.1282, Train: 99.93%, Valid: 94.39%, Test In: 94.83% Test OOD1: 91.08% 
Epoch: 445, Loss: 0.1423, Train: 99.93%, Valid: 94.49%, Test In: 94.34% Test OOD1: 91.86% 
Epoch: 446, Loss: 0.1227, Train: 99.98%, Valid: 94.73%, Test In: 94.68% Test OOD1: 91.69% 
Epoch: 447, Loss: 0.1367, Train: 99.98%, Valid: 94.78%, Test In: 94.83% Test OOD1: 91.32% 
Epoch: 448, Loss: 0.1175, Train: 99.93%, Valid: 94.58%, Test In: 94.58% Test OOD1: 91.45% 
Epoch: 449, Loss: 0.1352, Train: 99.93%, Valid: 94.68%, Test In: 94.63% Test OOD1: 92.10% 
Epoch: 450, Loss: 0.1422, Train: 99.95%, Valid: 94.78%, Test In: 94.63% Test OOD1: 91.97% 
Epoch: 451, Loss: 0.1193, Train: 99.98%, Valid: 94.83%, Test In: 94.49% Test OOD1: 90.89% 
Epoch: 452, Loss: 0.1279, Train: 99.95%, Valid: 94.78%, Test In: 94.44% Test OOD1: 91.45% 
Epoch: 453, Loss: 0.1175, Train: 99.93%, Valid: 94.63%, Test In: 94.49% Test OOD1: 92.10% 
Epoch: 454, Loss: 0.1136, Train: 99.93%, Valid: 94.44%, Test In: 94.39% Test OOD1: 92.34% 
Epoch: 455, Loss: 0.1182, Train: 99.95%, Valid: 94.68%, Test In: 94.53% Test OOD1: 92.09% 
Epoch: 456, Loss: 0.1134, Train: 99.98%, Valid: 94.73%, Test In: 94.63% Test OOD1: 92.12% 
Epoch: 457, Loss: 0.1095, Train: 99.98%, Valid: 94.68%, Test In: 94.73% Test OOD1: 92.21% 
Epoch: 458, Loss: 0.1186, Train: 99.95%, Valid: 94.73%, Test In: 94.44% Test OOD1: 92.68% 
Epoch: 459, Loss: 0.1064, Train: 99.95%, Valid: 94.49%, Test In: 94.39% Test OOD1: 92.42% 
Epoch: 460, Loss: 0.1389, Train: 99.95%, Valid: 94.73%, Test In: 94.83% Test OOD1: 92.22% 
Epoch: 461, Loss: 0.1224, Train: 99.98%, Valid: 94.63%, Test In: 94.73% Test OOD1: 92.34% 
Epoch: 462, Loss: 0.1128, Train: 99.98%, Valid: 94.93%, Test In: 94.73% Test OOD1: 92.48% 
Epoch: 463, Loss: 0.1167, Train: 99.98%, Valid: 94.88%, Test In: 94.63% Test OOD1: 92.58% 
Epoch: 464, Loss: 0.1142, Train: 99.98%, Valid: 94.88%, Test In: 94.63% Test OOD1: 92.55% 
Epoch: 465, Loss: 0.1260, Train: 99.98%, Valid: 94.93%, Test In: 94.58% Test OOD1: 92.43% 
Epoch: 466, Loss: 0.1177, Train: 99.98%, Valid: 94.98%, Test In: 94.58% Test OOD1: 92.50% 
Epoch: 467, Loss: 0.1018, Train: 99.98%, Valid: 94.98%, Test In: 94.58% Test OOD1: 92.75% 
Epoch: 468, Loss: 0.1082, Train: 99.98%, Valid: 94.78%, Test In: 94.58% Test OOD1: 92.60% 
Epoch: 469, Loss: 0.1064, Train: 99.98%, Valid: 94.78%, Test In: 94.78% Test OOD1: 92.31% 
Epoch: 470, Loss: 0.1115, Train: 99.98%, Valid: 95.08%, Test In: 94.73% Test OOD1: 91.97% 
Epoch: 471, Loss: 0.0911, Train: 99.98%, Valid: 95.17%, Test In: 94.68% Test OOD1: 92.11% 
Epoch: 472, Loss: 0.1183, Train: 99.98%, Valid: 95.32%, Test In: 94.63% Test OOD1: 92.44% 
Epoch: 473, Loss: 0.1055, Train: 99.98%, Valid: 94.88%, Test In: 94.49% Test OOD1: 92.27% 
Epoch: 474, Loss: 0.1127, Train: 99.98%, Valid: 94.93%, Test In: 94.88% Test OOD1: 91.90% 
Epoch: 475, Loss: 0.1049, Train: 99.98%, Valid: 94.98%, Test In: 94.68% Test OOD1: 92.09% 
Epoch: 476, Loss: 0.1042, Train: 99.98%, Valid: 95.22%, Test In: 94.49% Test OOD1: 91.99% 
Epoch: 477, Loss: 0.1118, Train: 99.95%, Valid: 94.93%, Test In: 94.63% Test OOD1: 91.52% 
Epoch: 478, Loss: 0.1122, Train: 99.95%, Valid: 95.03%, Test In: 94.63% Test OOD1: 91.68% 
Epoch: 479, Loss: 0.1099, Train: 99.95%, Valid: 95.08%, Test In: 94.49% Test OOD1: 92.27% 
Epoch: 480, Loss: 0.0918, Train: 99.95%, Valid: 94.93%, Test In: 94.58% Test OOD1: 92.05% 
Epoch: 481, Loss: 0.1174, Train: 99.98%, Valid: 94.88%, Test In: 94.73% Test OOD1: 91.37% 
Epoch: 482, Loss: 0.1074, Train: 99.95%, Valid: 94.93%, Test In: 94.73% Test OOD1: 91.41% 
Epoch: 483, Loss: 0.1139, Train: 99.93%, Valid: 94.98%, Test In: 94.73% Test OOD1: 91.43% 
Epoch: 484, Loss: 0.1142, Train: 99.93%, Valid: 95.17%, Test In: 94.63% Test OOD1: 91.48% 
Epoch: 485, Loss: 0.1104, Train: 99.95%, Valid: 95.27%, Test In: 94.44% Test OOD1: 92.00% 
Epoch: 486, Loss: 0.1093, Train: 99.98%, Valid: 95.03%, Test In: 94.78% Test OOD1: 91.85% 
Epoch: 487, Loss: 0.1176, Train: 99.98%, Valid: 94.98%, Test In: 94.78% Test OOD1: 92.05% 
Epoch: 488, Loss: 0.1271, Train: 99.95%, Valid: 95.03%, Test In: 94.73% Test OOD1: 92.33% 
Epoch: 489, Loss: 0.1195, Train: 99.93%, Valid: 94.58%, Test In: 94.58% Test OOD1: 92.43% 
Epoch: 490, Loss: 0.1081, Train: 99.95%, Valid: 94.98%, Test In: 94.73% Test OOD1: 92.02% 
Epoch: 491, Loss: 0.1070, Train: 100.00%, Valid: 95.17%, Test In: 94.73% Test OOD1: 91.37% 
Epoch: 492, Loss: 0.1116, Train: 99.98%, Valid: 94.98%, Test In: 94.93% Test OOD1: 92.09% 
Epoch: 493, Loss: 0.0955, Train: 99.95%, Valid: 94.93%, Test In: 94.63% Test OOD1: 92.91% 
Epoch: 494, Loss: 0.1038, Train: 99.93%, Valid: 94.88%, Test In: 94.78% Test OOD1: 92.61% 
Epoch: 495, Loss: 0.0908, Train: 99.93%, Valid: 95.13%, Test In: 94.93% Test OOD1: 91.90% 
Epoch: 496, Loss: 0.1105, Train: 99.98%, Valid: 94.93%, Test In: 94.63% Test OOD1: 92.07% 
Epoch: 497, Loss: 0.1183, Train: 99.98%, Valid: 95.03%, Test In: 94.73% Test OOD1: 92.37% 
Epoch: 498, Loss: 0.1143, Train: 99.98%, Valid: 94.78%, Test In: 94.53% Test OOD1: 92.22% 
Epoch: 499, Loss: 0.0974, Train: 99.98%, Valid: 94.78%, Test In: 94.83% Test OOD1: 91.63% 
Run 01:
Highest Train: 100.00
Highest Valid: 95.32
Highest In Test: 95.03
Highest OOD Test: 92.91
Chosen epoch: 473
Final Train: 99.98
Final In Test: 94.63
Final OOD Test: 92.44
Epoch: 00, Loss: 11.6540, Train: 29.81%, Valid: 30.82%, Test In: 30.38% Test OOD1: 30.21% 
Epoch: 01, Loss: 11.4490, Train: 30.45%, Valid: 31.12%, Test In: 31.17% Test OOD1: 30.29% 
Epoch: 02, Loss: 11.1153, Train: 33.33%, Valid: 34.02%, Test In: 34.02% Test OOD1: 32.88% 
Epoch: 03, Loss: 10.6311, Train: 34.96%, Valid: 35.99%, Test In: 35.70% Test OOD1: 37.79% 
Epoch: 04, Loss: 10.2663, Train: 38.87%, Valid: 39.24%, Test In: 38.65% Test OOD1: 41.80% 
Epoch: 05, Loss: 9.9072, Train: 44.56%, Valid: 44.71%, Test In: 43.48% Test OOD1: 49.42% 
Epoch: 06, Loss: 9.3871, Train: 55.66%, Valid: 55.69%, Test In: 55.10% Test OOD1: 52.18% 
Epoch: 07, Loss: 9.0033, Train: 56.11%, Valid: 56.28%, Test In: 55.74% Test OOD1: 49.95% 
Epoch: 08, Loss: 8.5584, Train: 56.79%, Valid: 56.82%, Test In: 56.57% Test OOD1: 49.67% 
Epoch: 09, Loss: 8.0491, Train: 57.68%, Valid: 57.61%, Test In: 57.07% Test OOD1: 52.03% 
Epoch: 10, Loss: 7.4945, Train: 57.66%, Valid: 58.05%, Test In: 56.62% Test OOD1: 53.02% 
Epoch: 11, Loss: 7.0599, Train: 58.99%, Valid: 59.48%, Test In: 58.64% Test OOD1: 53.55% 
Epoch: 12, Loss: 6.6209, Train: 63.05%, Valid: 63.42%, Test In: 61.30% Test OOD1: 54.15% 
Epoch: 13, Loss: 6.1694, Train: 67.33%, Valid: 68.24%, Test In: 66.62% Test OOD1: 52.36% 
Epoch: 14, Loss: 5.8329, Train: 71.00%, Valid: 70.90%, Test In: 70.31% Test OOD1: 52.20% 
Epoch: 15, Loss: 5.4951, Train: 72.97%, Valid: 72.87%, Test In: 71.94% Test OOD1: 53.04% 
Epoch: 16, Loss: 5.1465, Train: 74.00%, Valid: 74.00%, Test In: 73.07% Test OOD1: 53.48% 
Epoch: 17, Loss: 4.8545, Train: 75.38%, Valid: 76.66%, Test In: 74.79% Test OOD1: 53.10% 
Epoch: 18, Loss: 4.6206, Train: 78.83%, Valid: 79.71%, Test In: 77.60% Test OOD1: 52.94% 
Epoch: 19, Loss: 4.4176, Train: 82.23%, Valid: 83.11%, Test In: 81.34% Test OOD1: 54.22% 
Epoch: 20, Loss: 4.1636, Train: 85.60%, Valid: 85.18%, Test In: 84.15% Test OOD1: 55.24% 
Epoch: 21, Loss: 3.9520, Train: 87.12%, Valid: 87.05%, Test In: 85.67% Test OOD1: 55.12% 
Epoch: 22, Loss: 3.7435, Train: 88.40%, Valid: 88.38%, Test In: 87.94% Test OOD1: 55.97% 
Epoch: 23, Loss: 3.5217, Train: 89.44%, Valid: 89.22%, Test In: 89.17% Test OOD1: 56.13% 
Epoch: 24, Loss: 3.3451, Train: 90.10%, Valid: 89.32%, Test In: 89.51% Test OOD1: 56.72% 
Epoch: 25, Loss: 3.1445, Train: 90.45%, Valid: 89.86%, Test In: 89.71% Test OOD1: 57.10% 
Epoch: 26, Loss: 2.9812, Train: 90.69%, Valid: 89.71%, Test In: 89.41% Test OOD1: 57.27% 
Epoch: 27, Loss: 2.8863, Train: 90.94%, Valid: 90.00%, Test In: 89.96% Test OOD1: 58.44% 
Epoch: 28, Loss: 2.7561, Train: 91.53%, Valid: 89.96%, Test In: 90.45% Test OOD1: 59.76% 
Epoch: 29, Loss: 2.6409, Train: 91.97%, Valid: 89.81%, Test In: 90.65% Test OOD1: 60.56% 
Epoch: 30, Loss: 2.4788, Train: 92.44%, Valid: 90.35%, Test In: 90.84% Test OOD1: 60.50% 
Epoch: 31, Loss: 2.3020, Train: 92.93%, Valid: 90.74%, Test In: 91.19% Test OOD1: 60.88% 
Epoch: 32, Loss: 2.2342, Train: 92.96%, Valid: 90.55%, Test In: 91.09% Test OOD1: 61.37% 
Epoch: 33, Loss: 2.1408, Train: 93.13%, Valid: 90.55%, Test In: 91.19% Test OOD1: 62.22% 
Epoch: 34, Loss: 2.0152, Train: 93.50%, Valid: 90.65%, Test In: 91.78% Test OOD1: 63.84% 
Epoch: 35, Loss: 1.8892, Train: 93.89%, Valid: 90.84%, Test In: 92.07% Test OOD1: 65.28% 
Epoch: 36, Loss: 1.8585, Train: 93.92%, Valid: 91.09%, Test In: 92.22% Test OOD1: 64.34% 
Epoch: 37, Loss: 1.7928, Train: 94.02%, Valid: 90.94%, Test In: 91.97% Test OOD1: 63.82% 
Epoch: 38, Loss: 1.7240, Train: 94.07%, Valid: 90.84%, Test In: 92.12% Test OOD1: 64.97% 
Epoch: 39, Loss: 1.6263, Train: 94.19%, Valid: 90.69%, Test In: 92.07% Test OOD1: 67.27% 
Epoch: 40, Loss: 1.6000, Train: 94.26%, Valid: 90.65%, Test In: 92.52% Test OOD1: 68.27% 
Epoch: 41, Loss: 1.5440, Train: 94.44%, Valid: 90.99%, Test In: 92.66% Test OOD1: 67.69% 
Epoch: 42, Loss: 1.4501, Train: 94.51%, Valid: 91.14%, Test In: 92.81% Test OOD1: 67.06% 
Epoch: 43, Loss: 1.4324, Train: 94.68%, Valid: 91.33%, Test In: 92.81% Test OOD1: 66.94% 
Epoch: 44, Loss: 1.4044, Train: 94.71%, Valid: 91.38%, Test In: 92.71% Test OOD1: 67.47% 
Epoch: 45, Loss: 1.3443, Train: 94.53%, Valid: 91.14%, Test In: 92.66% Test OOD1: 68.35% 
Epoch: 46, Loss: 1.3179, Train: 94.85%, Valid: 91.09%, Test In: 92.52% Test OOD1: 68.99% 
Epoch: 47, Loss: 1.2672, Train: 94.93%, Valid: 91.29%, Test In: 92.66% Test OOD1: 68.81% 
Epoch: 48, Loss: 1.2142, Train: 95.22%, Valid: 91.53%, Test In: 93.01% Test OOD1: 68.14% 
Epoch: 49, Loss: 1.1879, Train: 95.32%, Valid: 91.97%, Test In: 93.01% Test OOD1: 68.07% 
Epoch: 50, Loss: 1.1741, Train: 95.47%, Valid: 91.78%, Test In: 93.01% Test OOD1: 68.80% 
Epoch: 51, Loss: 1.1432, Train: 95.64%, Valid: 91.93%, Test In: 92.66% Test OOD1: 69.93% 
Epoch: 52, Loss: 1.0784, Train: 95.86%, Valid: 91.93%, Test In: 92.71% Test OOD1: 70.83% 
Epoch: 53, Loss: 1.0530, Train: 96.09%, Valid: 92.02%, Test In: 92.71% Test OOD1: 70.72% 
Epoch: 54, Loss: 1.0533, Train: 96.36%, Valid: 92.37%, Test In: 93.01% Test OOD1: 69.79% 
Epoch: 55, Loss: 0.9923, Train: 96.45%, Valid: 92.76%, Test In: 93.06% Test OOD1: 69.31% 
Epoch: 56, Loss: 1.0064, Train: 96.63%, Valid: 92.47%, Test In: 92.96% Test OOD1: 69.77% 
Epoch: 57, Loss: 0.9658, Train: 96.63%, Valid: 92.22%, Test In: 93.21% Test OOD1: 70.16% 
Epoch: 58, Loss: 0.9313, Train: 96.73%, Valid: 92.27%, Test In: 93.40% Test OOD1: 70.73% 
Epoch: 59, Loss: 0.9150, Train: 96.92%, Valid: 92.32%, Test In: 93.65% Test OOD1: 71.10% 
Epoch: 60, Loss: 0.9063, Train: 97.10%, Valid: 92.42%, Test In: 93.55% Test OOD1: 71.82% 
Epoch: 61, Loss: 0.8960, Train: 97.17%, Valid: 92.96%, Test In: 93.55% Test OOD1: 71.94% 
Epoch: 62, Loss: 0.8599, Train: 97.27%, Valid: 93.06%, Test In: 93.70% Test OOD1: 71.87% 
Epoch: 63, Loss: 0.8651, Train: 97.22%, Valid: 92.81%, Test In: 93.50% Test OOD1: 72.51% 
Epoch: 64, Loss: 0.8338, Train: 97.17%, Valid: 92.61%, Test In: 93.70% Test OOD1: 73.08% 
Epoch: 65, Loss: 0.8029, Train: 97.22%, Valid: 92.86%, Test In: 93.80% Test OOD1: 73.39% 
Epoch: 66, Loss: 0.8007, Train: 97.37%, Valid: 92.86%, Test In: 93.45% Test OOD1: 73.28% 
Epoch: 67, Loss: 0.7834, Train: 97.59%, Valid: 93.21%, Test In: 93.75% Test OOD1: 73.02% 
Epoch: 68, Loss: 0.7457, Train: 97.61%, Valid: 93.06%, Test In: 93.75% Test OOD1: 73.18% 
Epoch: 69, Loss: 0.7774, Train: 97.81%, Valid: 93.40%, Test In: 93.80% Test OOD1: 73.77% 
Epoch: 70, Loss: 0.7370, Train: 97.61%, Valid: 93.25%, Test In: 93.60% Test OOD1: 74.21% 
Epoch: 71, Loss: 0.7397, Train: 97.61%, Valid: 93.06%, Test In: 93.94% Test OOD1: 74.48% 
Epoch: 72, Loss: 0.7135, Train: 97.76%, Valid: 93.30%, Test In: 93.99% Test OOD1: 74.08% 
Epoch: 73, Loss: 0.7140, Train: 97.86%, Valid: 93.50%, Test In: 94.04% Test OOD1: 73.90% 
Epoch: 74, Loss: 0.6864, Train: 98.03%, Valid: 93.45%, Test In: 94.24% Test OOD1: 74.64% 
Epoch: 75, Loss: 0.6590, Train: 98.03%, Valid: 93.45%, Test In: 93.94% Test OOD1: 75.47% 
Epoch: 76, Loss: 0.6713, Train: 98.15%, Valid: 93.55%, Test In: 94.04% Test OOD1: 75.94% 
Epoch: 77, Loss: 0.6662, Train: 98.08%, Valid: 93.25%, Test In: 94.24% Test OOD1: 75.18% 
Epoch: 78, Loss: 0.6656, Train: 98.15%, Valid: 93.65%, Test In: 94.14% Test OOD1: 74.83% 
Epoch: 79, Loss: 0.6223, Train: 98.18%, Valid: 93.60%, Test In: 94.29% Test OOD1: 75.65% 
Epoch: 80, Loss: 0.6189, Train: 98.20%, Valid: 93.55%, Test In: 94.34% Test OOD1: 76.38% 
Epoch: 81, Loss: 0.6267, Train: 98.33%, Valid: 93.75%, Test In: 94.44% Test OOD1: 76.78% 
Epoch: 82, Loss: 0.6213, Train: 98.45%, Valid: 93.89%, Test In: 94.29% Test OOD1: 76.44% 
Epoch: 83, Loss: 0.6025, Train: 98.33%, Valid: 93.99%, Test In: 93.99% Test OOD1: 75.94% 
Epoch: 84, Loss: 0.6005, Train: 98.35%, Valid: 93.94%, Test In: 94.24% Test OOD1: 76.12% 
Epoch: 85, Loss: 0.5739, Train: 98.47%, Valid: 94.14%, Test In: 94.14% Test OOD1: 77.18% 
Epoch: 86, Loss: 0.5922, Train: 98.38%, Valid: 94.04%, Test In: 94.14% Test OOD1: 77.86% 
Epoch: 87, Loss: 0.5666, Train: 98.62%, Valid: 94.04%, Test In: 94.34% Test OOD1: 77.68% 
Epoch: 88, Loss: 0.5667, Train: 98.55%, Valid: 94.09%, Test In: 94.29% Test OOD1: 77.47% 
Epoch: 89, Loss: 0.5351, Train: 98.67%, Valid: 93.99%, Test In: 94.24% Test OOD1: 77.44% 
Epoch: 90, Loss: 0.5228, Train: 98.65%, Valid: 94.04%, Test In: 94.24% Test OOD1: 77.77% 
Epoch: 91, Loss: 0.5503, Train: 98.60%, Valid: 94.19%, Test In: 94.53% Test OOD1: 78.11% 
Epoch: 92, Loss: 0.5167, Train: 98.67%, Valid: 94.24%, Test In: 94.39% Test OOD1: 78.00% 
Epoch: 93, Loss: 0.5026, Train: 98.72%, Valid: 94.04%, Test In: 94.44% Test OOD1: 78.25% 
Epoch: 94, Loss: 0.5215, Train: 98.79%, Valid: 94.09%, Test In: 94.39% Test OOD1: 78.37% 
Epoch: 95, Loss: 0.4990, Train: 98.84%, Valid: 94.39%, Test In: 94.39% Test OOD1: 78.37% 
Epoch: 96, Loss: 0.4894, Train: 98.89%, Valid: 94.34%, Test In: 94.49% Test OOD1: 78.52% 
Epoch: 97, Loss: 0.4933, Train: 98.84%, Valid: 94.34%, Test In: 94.49% Test OOD1: 79.28% 
Epoch: 98, Loss: 0.4769, Train: 98.99%, Valid: 94.24%, Test In: 94.53% Test OOD1: 79.58% 
Epoch: 99, Loss: 0.4655, Train: 99.04%, Valid: 94.19%, Test In: 94.63% Test OOD1: 79.41% 
Epoch: 100, Loss: 0.4639, Train: 99.02%, Valid: 94.14%, Test In: 94.83% Test OOD1: 79.19% 
Epoch: 101, Loss: 0.4537, Train: 99.11%, Valid: 94.24%, Test In: 94.88% Test OOD1: 79.58% 
Epoch: 102, Loss: 0.4771, Train: 98.94%, Valid: 94.09%, Test In: 94.58% Test OOD1: 79.87% 
Epoch: 103, Loss: 0.4550, Train: 98.92%, Valid: 94.44%, Test In: 94.44% Test OOD1: 79.97% 
Epoch: 104, Loss: 0.4544, Train: 99.04%, Valid: 94.29%, Test In: 94.24% Test OOD1: 80.18% 
Epoch: 105, Loss: 0.4532, Train: 99.16%, Valid: 94.24%, Test In: 94.53% Test OOD1: 80.51% 
Epoch: 106, Loss: 0.4324, Train: 99.09%, Valid: 93.85%, Test In: 94.68% Test OOD1: 80.88% 
Epoch: 107, Loss: 0.4319, Train: 99.16%, Valid: 94.04%, Test In: 94.63% Test OOD1: 81.09% 
Epoch: 108, Loss: 0.4388, Train: 99.24%, Valid: 94.34%, Test In: 94.53% Test OOD1: 81.49% 
Epoch: 109, Loss: 0.4043, Train: 99.21%, Valid: 94.58%, Test In: 94.58% Test OOD1: 81.59% 
Epoch: 110, Loss: 0.4306, Train: 99.29%, Valid: 94.58%, Test In: 94.49% Test OOD1: 81.02% 
Epoch: 111, Loss: 0.4234, Train: 99.31%, Valid: 94.49%, Test In: 94.49% Test OOD1: 80.93% 
Epoch: 112, Loss: 0.4101, Train: 99.41%, Valid: 94.49%, Test In: 94.63% Test OOD1: 81.94% 
Epoch: 113, Loss: 0.4103, Train: 99.34%, Valid: 94.09%, Test In: 94.44% Test OOD1: 82.23% 
Epoch: 114, Loss: 0.4188, Train: 99.36%, Valid: 94.58%, Test In: 94.53% Test OOD1: 81.95% 
Epoch: 115, Loss: 0.3802, Train: 99.34%, Valid: 94.58%, Test In: 94.44% Test OOD1: 81.31% 
Epoch: 116, Loss: 0.4001, Train: 99.43%, Valid: 94.53%, Test In: 94.63% Test OOD1: 82.11% 
Epoch: 117, Loss: 0.3849, Train: 99.41%, Valid: 94.14%, Test In: 94.58% Test OOD1: 82.95% 
Epoch: 118, Loss: 0.3920, Train: 99.41%, Valid: 93.94%, Test In: 94.88% Test OOD1: 82.35% 
Epoch: 119, Loss: 0.3668, Train: 99.43%, Valid: 94.39%, Test In: 94.73% Test OOD1: 81.54% 
Epoch: 120, Loss: 0.3776, Train: 99.46%, Valid: 94.68%, Test In: 94.58% Test OOD1: 82.11% 
Epoch: 121, Loss: 0.3686, Train: 99.46%, Valid: 94.58%, Test In: 94.44% Test OOD1: 83.00% 
Epoch: 122, Loss: 0.3853, Train: 99.34%, Valid: 94.44%, Test In: 94.24% Test OOD1: 82.78% 
Epoch: 123, Loss: 0.4067, Train: 99.34%, Valid: 94.53%, Test In: 94.63% Test OOD1: 82.46% 
Epoch: 124, Loss: 0.3951, Train: 99.46%, Valid: 94.24%, Test In: 94.73% Test OOD1: 82.71% 
Epoch: 125, Loss: 0.3614, Train: 99.51%, Valid: 94.09%, Test In: 94.44% Test OOD1: 82.93% 
Epoch: 126, Loss: 0.3506, Train: 99.48%, Valid: 94.39%, Test In: 94.58% Test OOD1: 83.05% 
Epoch: 127, Loss: 0.3562, Train: 99.41%, Valid: 94.44%, Test In: 94.49% Test OOD1: 83.33% 
Epoch: 128, Loss: 0.3730, Train: 99.43%, Valid: 94.58%, Test In: 94.83% Test OOD1: 83.44% 
Epoch: 129, Loss: 0.3774, Train: 99.51%, Valid: 94.53%, Test In: 94.68% Test OOD1: 83.31% 
Epoch: 130, Loss: 0.3524, Train: 99.58%, Valid: 94.44%, Test In: 94.58% Test OOD1: 83.09% 
Epoch: 131, Loss: 0.3682, Train: 99.61%, Valid: 94.39%, Test In: 94.83% Test OOD1: 83.68% 
Epoch: 132, Loss: 0.3372, Train: 99.61%, Valid: 94.09%, Test In: 94.63% Test OOD1: 84.37% 
Epoch: 133, Loss: 0.3353, Train: 99.61%, Valid: 94.29%, Test In: 94.68% Test OOD1: 84.12% 
Epoch: 134, Loss: 0.3372, Train: 99.56%, Valid: 94.34%, Test In: 94.73% Test OOD1: 83.70% 
Epoch: 135, Loss: 0.3444, Train: 99.56%, Valid: 94.53%, Test In: 94.78% Test OOD1: 84.11% 
Epoch: 136, Loss: 0.3241, Train: 99.53%, Valid: 94.44%, Test In: 94.58% Test OOD1: 84.60% 
Epoch: 137, Loss: 0.3292, Train: 99.53%, Valid: 94.58%, Test In: 94.49% Test OOD1: 84.76% 
Epoch: 138, Loss: 0.3134, Train: 99.53%, Valid: 94.24%, Test In: 94.63% Test OOD1: 84.28% 
Epoch: 139, Loss: 0.3435, Train: 99.56%, Valid: 94.39%, Test In: 94.58% Test OOD1: 84.70% 
Epoch: 140, Loss: 0.3187, Train: 99.63%, Valid: 94.53%, Test In: 94.68% Test OOD1: 84.95% 
Epoch: 141, Loss: 0.3239, Train: 99.53%, Valid: 94.29%, Test In: 94.58% Test OOD1: 84.76% 
Epoch: 142, Loss: 0.3344, Train: 99.68%, Valid: 94.53%, Test In: 94.68% Test OOD1: 84.66% 
Epoch: 143, Loss: 0.3207, Train: 99.61%, Valid: 94.39%, Test In: 94.58% Test OOD1: 84.56% 
Epoch: 144, Loss: 0.3300, Train: 99.70%, Valid: 94.39%, Test In: 94.58% Test OOD1: 85.46% 
Epoch: 145, Loss: 0.3285, Train: 99.53%, Valid: 93.94%, Test In: 94.24% Test OOD1: 86.24% 
Epoch: 146, Loss: 0.3379, Train: 99.66%, Valid: 94.44%, Test In: 94.63% Test OOD1: 84.74% 
Epoch: 147, Loss: 0.3165, Train: 99.66%, Valid: 94.24%, Test In: 94.73% Test OOD1: 84.63% 
Epoch: 148, Loss: 0.3227, Train: 99.68%, Valid: 94.24%, Test In: 94.49% Test OOD1: 85.61% 
Epoch: 149, Loss: 0.3294, Train: 99.68%, Valid: 94.24%, Test In: 94.24% Test OOD1: 85.27% 
Epoch: 150, Loss: 0.3346, Train: 99.58%, Valid: 94.44%, Test In: 94.44% Test OOD1: 84.74% 
Epoch: 151, Loss: 0.3059, Train: 99.61%, Valid: 94.58%, Test In: 94.29% Test OOD1: 85.75% 
Epoch: 152, Loss: 0.3175, Train: 99.70%, Valid: 94.39%, Test In: 94.29% Test OOD1: 86.45% 
Epoch: 153, Loss: 0.3070, Train: 99.61%, Valid: 94.24%, Test In: 94.24% Test OOD1: 86.21% 
Epoch: 154, Loss: 0.3265, Train: 99.63%, Valid: 94.34%, Test In: 94.93% Test OOD1: 85.52% 
Epoch: 155, Loss: 0.2784, Train: 99.61%, Valid: 94.39%, Test In: 94.53% Test OOD1: 85.89% 
Epoch: 156, Loss: 0.3125, Train: 99.73%, Valid: 94.39%, Test In: 94.53% Test OOD1: 86.19% 
Epoch: 157, Loss: 0.2965, Train: 99.68%, Valid: 94.49%, Test In: 94.19% Test OOD1: 85.17% 
Epoch: 158, Loss: 0.2826, Train: 99.68%, Valid: 94.58%, Test In: 94.68% Test OOD1: 85.07% 
Epoch: 159, Loss: 0.2850, Train: 99.66%, Valid: 94.44%, Test In: 94.09% Test OOD1: 86.21% 
Epoch: 160, Loss: 0.2843, Train: 99.66%, Valid: 94.53%, Test In: 94.34% Test OOD1: 86.52% 
Epoch: 161, Loss: 0.2981, Train: 99.68%, Valid: 94.53%, Test In: 94.53% Test OOD1: 85.67% 
Epoch: 162, Loss: 0.2932, Train: 99.70%, Valid: 94.49%, Test In: 94.49% Test OOD1: 85.35% 
Epoch: 163, Loss: 0.2601, Train: 99.73%, Valid: 94.39%, Test In: 94.34% Test OOD1: 85.82% 
Epoch: 164, Loss: 0.2867, Train: 99.70%, Valid: 94.34%, Test In: 94.44% Test OOD1: 86.55% 
Epoch: 165, Loss: 0.2934, Train: 99.70%, Valid: 94.24%, Test In: 94.53% Test OOD1: 86.39% 
Epoch: 166, Loss: 0.2746, Train: 99.68%, Valid: 94.29%, Test In: 94.44% Test OOD1: 86.20% 
Epoch: 167, Loss: 0.2646, Train: 99.73%, Valid: 93.94%, Test In: 94.58% Test OOD1: 86.21% 
Epoch: 168, Loss: 0.2614, Train: 99.78%, Valid: 94.04%, Test In: 94.29% Test OOD1: 86.72% 
Epoch: 169, Loss: 0.2576, Train: 99.75%, Valid: 94.34%, Test In: 94.44% Test OOD1: 86.80% 
Epoch: 170, Loss: 0.2754, Train: 99.78%, Valid: 94.34%, Test In: 94.34% Test OOD1: 86.76% 
Epoch: 171, Loss: 0.2630, Train: 99.73%, Valid: 94.14%, Test In: 94.09% Test OOD1: 87.49% 
Epoch: 172, Loss: 0.2810, Train: 99.70%, Valid: 94.34%, Test In: 94.24% Test OOD1: 87.99% 
Epoch: 173, Loss: 0.2562, Train: 99.68%, Valid: 93.99%, Test In: 94.09% Test OOD1: 87.89% 
Epoch: 174, Loss: 0.2944, Train: 99.75%, Valid: 94.19%, Test In: 94.44% Test OOD1: 87.17% 
Epoch: 175, Loss: 0.2522, Train: 99.66%, Valid: 94.29%, Test In: 94.04% Test OOD1: 86.82% 
Epoch: 176, Loss: 0.2807, Train: 99.80%, Valid: 94.29%, Test In: 94.19% Test OOD1: 87.40% 
Epoch: 177, Loss: 0.2544, Train: 99.75%, Valid: 94.53%, Test In: 93.89% Test OOD1: 87.97% 
Epoch: 178, Loss: 0.2527, Train: 99.80%, Valid: 94.53%, Test In: 94.19% Test OOD1: 87.92% 
Epoch: 179, Loss: 0.2556, Train: 99.83%, Valid: 94.04%, Test In: 94.29% Test OOD1: 87.95% 
Epoch: 180, Loss: 0.2479, Train: 99.73%, Valid: 94.24%, Test In: 93.89% Test OOD1: 87.88% 
Epoch: 181, Loss: 0.2829, Train: 99.75%, Valid: 94.39%, Test In: 94.19% Test OOD1: 88.10% 
Epoch: 182, Loss: 0.2621, Train: 99.70%, Valid: 94.53%, Test In: 94.14% Test OOD1: 87.79% 
Epoch: 183, Loss: 0.2529, Train: 99.70%, Valid: 94.34%, Test In: 94.34% Test OOD1: 87.90% 
Epoch: 184, Loss: 0.2432, Train: 99.75%, Valid: 94.39%, Test In: 94.14% Test OOD1: 88.32% 
Epoch: 185, Loss: 0.2429, Train: 99.73%, Valid: 94.53%, Test In: 94.44% Test OOD1: 87.85% 
Epoch: 186, Loss: 0.2350, Train: 99.73%, Valid: 94.68%, Test In: 94.49% Test OOD1: 86.93% 
Epoch: 187, Loss: 0.2532, Train: 99.80%, Valid: 94.49%, Test In: 94.53% Test OOD1: 87.86% 
Epoch: 188, Loss: 0.2370, Train: 99.80%, Valid: 94.44%, Test In: 94.44% Test OOD1: 87.94% 
Epoch: 189, Loss: 0.2581, Train: 99.73%, Valid: 94.63%, Test In: 94.73% Test OOD1: 87.27% 
Epoch: 190, Loss: 0.2458, Train: 99.78%, Valid: 94.58%, Test In: 94.63% Test OOD1: 87.27% 
Epoch: 191, Loss: 0.2511, Train: 99.80%, Valid: 94.34%, Test In: 94.63% Test OOD1: 87.90% 
Epoch: 192, Loss: 0.2522, Train: 99.75%, Valid: 94.44%, Test In: 94.34% Test OOD1: 88.05% 
Epoch: 193, Loss: 0.2567, Train: 99.80%, Valid: 94.44%, Test In: 94.44% Test OOD1: 87.76% 
Epoch: 194, Loss: 0.2392, Train: 99.80%, Valid: 94.49%, Test In: 94.44% Test OOD1: 87.58% 
Epoch: 195, Loss: 0.2361, Train: 99.80%, Valid: 94.58%, Test In: 94.39% Test OOD1: 88.36% 
Epoch: 196, Loss: 0.2314, Train: 99.75%, Valid: 94.63%, Test In: 94.29% Test OOD1: 88.54% 
Epoch: 197, Loss: 0.2442, Train: 99.73%, Valid: 94.58%, Test In: 94.34% Test OOD1: 88.65% 
Epoch: 198, Loss: 0.2361, Train: 99.80%, Valid: 94.39%, Test In: 94.19% Test OOD1: 88.79% 
Epoch: 199, Loss: 0.2452, Train: 99.78%, Valid: 94.49%, Test In: 93.99% Test OOD1: 88.56% 
Epoch: 200, Loss: 0.2473, Train: 99.73%, Valid: 94.29%, Test In: 94.49% Test OOD1: 87.16% 
Epoch: 201, Loss: 0.2627, Train: 99.78%, Valid: 94.78%, Test In: 94.44% Test OOD1: 87.35% 
Epoch: 202, Loss: 0.2330, Train: 99.83%, Valid: 94.14%, Test In: 93.89% Test OOD1: 88.34% 
Epoch: 203, Loss: 0.2433, Train: 99.85%, Valid: 94.14%, Test In: 94.09% Test OOD1: 88.52% 
Epoch: 204, Loss: 0.2514, Train: 99.78%, Valid: 94.63%, Test In: 94.63% Test OOD1: 87.31% 
Epoch: 205, Loss: 0.2492, Train: 99.78%, Valid: 94.49%, Test In: 94.49% Test OOD1: 88.37% 
Epoch: 206, Loss: 0.2255, Train: 99.78%, Valid: 94.29%, Test In: 94.14% Test OOD1: 89.06% 
Epoch: 207, Loss: 0.2161, Train: 99.80%, Valid: 94.39%, Test In: 94.14% Test OOD1: 88.87% 
Epoch: 208, Loss: 0.2201, Train: 99.80%, Valid: 94.58%, Test In: 94.68% Test OOD1: 87.76% 
Epoch: 209, Loss: 0.2230, Train: 99.80%, Valid: 94.63%, Test In: 94.39% Test OOD1: 87.17% 
Epoch: 210, Loss: 0.2336, Train: 99.83%, Valid: 94.34%, Test In: 94.39% Test OOD1: 88.50% 
Epoch: 211, Loss: 0.2487, Train: 99.83%, Valid: 94.29%, Test In: 94.39% Test OOD1: 89.14% 
Epoch: 212, Loss: 0.2376, Train: 99.78%, Valid: 94.58%, Test In: 94.34% Test OOD1: 88.38% 
Epoch: 213, Loss: 0.2098, Train: 99.78%, Valid: 94.39%, Test In: 94.29% Test OOD1: 88.01% 
Epoch: 214, Loss: 0.2553, Train: 99.78%, Valid: 94.39%, Test In: 94.29% Test OOD1: 89.57% 
Epoch: 215, Loss: 0.2184, Train: 99.80%, Valid: 94.14%, Test In: 94.29% Test OOD1: 89.92% 
Epoch: 216, Loss: 0.2120, Train: 99.78%, Valid: 94.53%, Test In: 94.29% Test OOD1: 89.18% 
Epoch: 217, Loss: 0.2193, Train: 99.83%, Valid: 94.49%, Test In: 94.53% Test OOD1: 88.17% 
Epoch: 218, Loss: 0.2296, Train: 99.88%, Valid: 94.53%, Test In: 94.49% Test OOD1: 88.58% 
Epoch: 219, Loss: 0.2227, Train: 99.85%, Valid: 94.49%, Test In: 94.34% Test OOD1: 89.75% 
Epoch: 220, Loss: 0.2173, Train: 99.78%, Valid: 94.44%, Test In: 94.39% Test OOD1: 89.60% 
Epoch: 221, Loss: 0.1984, Train: 99.73%, Valid: 94.53%, Test In: 94.29% Test OOD1: 89.22% 
Epoch: 222, Loss: 0.2183, Train: 99.83%, Valid: 94.44%, Test In: 94.14% Test OOD1: 89.97% 
Epoch: 223, Loss: 0.2097, Train: 99.85%, Valid: 94.44%, Test In: 94.14% Test OOD1: 90.35% 
Epoch: 224, Loss: 0.2002, Train: 99.85%, Valid: 94.63%, Test In: 94.34% Test OOD1: 89.65% 
Epoch: 225, Loss: 0.2186, Train: 99.88%, Valid: 94.73%, Test In: 94.63% Test OOD1: 89.17% 
Epoch: 226, Loss: 0.2209, Train: 99.78%, Valid: 94.68%, Test In: 94.34% Test OOD1: 89.88% 
Epoch: 227, Loss: 0.2016, Train: 99.83%, Valid: 94.49%, Test In: 94.24% Test OOD1: 90.10% 
Epoch: 228, Loss: 0.2023, Train: 99.85%, Valid: 94.19%, Test In: 94.29% Test OOD1: 89.72% 
Epoch: 229, Loss: 0.2244, Train: 99.85%, Valid: 94.58%, Test In: 94.04% Test OOD1: 89.75% 
Epoch: 230, Loss: 0.2145, Train: 99.83%, Valid: 94.63%, Test In: 94.29% Test OOD1: 90.05% 
Epoch: 231, Loss: 0.2039, Train: 99.85%, Valid: 94.24%, Test In: 93.99% Test OOD1: 90.41% 
Epoch: 232, Loss: 0.2255, Train: 99.80%, Valid: 94.44%, Test In: 94.14% Test OOD1: 90.57% 
Epoch: 233, Loss: 0.2108, Train: 99.78%, Valid: 94.44%, Test In: 94.24% Test OOD1: 89.46% 
Epoch: 234, Loss: 0.2135, Train: 99.83%, Valid: 94.44%, Test In: 94.09% Test OOD1: 89.23% 
Epoch: 235, Loss: 0.2144, Train: 99.88%, Valid: 94.09%, Test In: 93.89% Test OOD1: 90.37% 
Epoch: 236, Loss: 0.2298, Train: 99.83%, Valid: 94.09%, Test In: 94.24% Test OOD1: 90.55% 
Epoch: 237, Loss: 0.1919, Train: 99.80%, Valid: 94.49%, Test In: 94.04% Test OOD1: 89.92% 
Epoch: 238, Loss: 0.2091, Train: 99.75%, Valid: 94.63%, Test In: 94.34% Test OOD1: 89.50% 
Epoch: 239, Loss: 0.2249, Train: 99.80%, Valid: 94.73%, Test In: 94.24% Test OOD1: 90.39% 
Epoch: 240, Loss: 0.1974, Train: 99.83%, Valid: 94.44%, Test In: 94.19% Test OOD1: 90.45% 
Epoch: 241, Loss: 0.2139, Train: 99.83%, Valid: 94.73%, Test In: 94.49% Test OOD1: 90.08% 
Epoch: 242, Loss: 0.1905, Train: 99.85%, Valid: 94.83%, Test In: 94.58% Test OOD1: 89.96% 
Epoch: 243, Loss: 0.2223, Train: 99.90%, Valid: 94.44%, Test In: 94.14% Test OOD1: 90.21% 
Epoch: 244, Loss: 0.2140, Train: 99.88%, Valid: 94.39%, Test In: 94.24% Test OOD1: 90.31% 
Epoch: 245, Loss: 0.2004, Train: 99.88%, Valid: 94.78%, Test In: 94.34% Test OOD1: 89.46% 
Epoch: 246, Loss: 0.2001, Train: 99.88%, Valid: 94.93%, Test In: 94.44% Test OOD1: 89.70% 
Epoch: 247, Loss: 0.2071, Train: 99.85%, Valid: 94.39%, Test In: 94.34% Test OOD1: 90.89% 
Epoch: 248, Loss: 0.2031, Train: 99.88%, Valid: 94.44%, Test In: 94.34% Test OOD1: 90.26% 
Epoch: 249, Loss: 0.1960, Train: 99.80%, Valid: 94.44%, Test In: 94.68% Test OOD1: 88.72% 
Epoch: 250, Loss: 0.2254, Train: 99.80%, Valid: 94.49%, Test In: 94.58% Test OOD1: 89.98% 
Epoch: 251, Loss: 0.2050, Train: 99.83%, Valid: 94.19%, Test In: 94.44% Test OOD1: 90.62% 
Epoch: 252, Loss: 0.2108, Train: 99.85%, Valid: 94.58%, Test In: 94.58% Test OOD1: 89.84% 
Epoch: 253, Loss: 0.2067, Train: 99.83%, Valid: 94.58%, Test In: 94.44% Test OOD1: 89.61% 
Epoch: 254, Loss: 0.2176, Train: 99.83%, Valid: 94.39%, Test In: 94.14% Test OOD1: 90.40% 
Epoch: 255, Loss: 0.2089, Train: 99.80%, Valid: 94.44%, Test In: 94.04% Test OOD1: 90.18% 
Epoch: 256, Loss: 0.2154, Train: 99.83%, Valid: 94.24%, Test In: 94.44% Test OOD1: 88.86% 
Epoch: 257, Loss: 0.2135, Train: 99.78%, Valid: 94.19%, Test In: 94.14% Test OOD1: 89.80% 
Epoch: 258, Loss: 0.2426, Train: 99.78%, Valid: 94.14%, Test In: 94.14% Test OOD1: 91.11% 
Epoch: 259, Loss: 0.2112, Train: 99.80%, Valid: 94.29%, Test In: 94.39% Test OOD1: 90.82% 
Epoch: 260, Loss: 0.2066, Train: 99.73%, Valid: 94.49%, Test In: 94.39% Test OOD1: 89.59% 
Epoch: 261, Loss: 0.2145, Train: 99.75%, Valid: 94.44%, Test In: 94.53% Test OOD1: 89.76% 
Epoch: 262, Loss: 0.1983, Train: 99.83%, Valid: 94.39%, Test In: 94.39% Test OOD1: 90.28% 
Epoch: 263, Loss: 0.2170, Train: 99.93%, Valid: 94.49%, Test In: 94.34% Test OOD1: 89.86% 
Epoch: 264, Loss: 0.1791, Train: 99.85%, Valid: 94.58%, Test In: 94.53% Test OOD1: 89.25% 
Epoch: 265, Loss: 0.2278, Train: 99.80%, Valid: 94.49%, Test In: 94.29% Test OOD1: 89.67% 
Epoch: 266, Loss: 0.1912, Train: 99.83%, Valid: 94.53%, Test In: 94.34% Test OOD1: 90.18% 
Epoch: 267, Loss: 0.2051, Train: 99.85%, Valid: 94.49%, Test In: 94.29% Test OOD1: 90.55% 
Epoch: 268, Loss: 0.1758, Train: 99.88%, Valid: 94.44%, Test In: 94.49% Test OOD1: 90.42% 
Epoch: 269, Loss: 0.2160, Train: 99.85%, Valid: 94.68%, Test In: 94.73% Test OOD1: 89.91% 
Epoch: 270, Loss: 0.1591, Train: 99.90%, Valid: 94.83%, Test In: 94.68% Test OOD1: 89.70% 
Epoch: 271, Loss: 0.1898, Train: 99.85%, Valid: 94.68%, Test In: 94.63% Test OOD1: 90.04% 
Epoch: 272, Loss: 0.1887, Train: 99.83%, Valid: 94.39%, Test In: 94.58% Test OOD1: 90.15% 
Epoch: 273, Loss: 0.1934, Train: 99.83%, Valid: 94.39%, Test In: 94.34% Test OOD1: 89.89% 
Epoch: 274, Loss: 0.1870, Train: 99.83%, Valid: 94.63%, Test In: 94.58% Test OOD1: 89.66% 
Epoch: 275, Loss: 0.1823, Train: 99.83%, Valid: 94.53%, Test In: 94.44% Test OOD1: 90.12% 
Epoch: 276, Loss: 0.1721, Train: 99.80%, Valid: 94.49%, Test In: 94.49% Test OOD1: 90.40% 
Epoch: 277, Loss: 0.1636, Train: 99.83%, Valid: 94.53%, Test In: 94.49% Test OOD1: 90.53% 
Epoch: 278, Loss: 0.1572, Train: 99.83%, Valid: 94.44%, Test In: 94.19% Test OOD1: 90.28% 
Epoch: 279, Loss: 0.1689, Train: 99.80%, Valid: 94.53%, Test In: 94.29% Test OOD1: 90.58% 
Epoch: 280, Loss: 0.1481, Train: 99.85%, Valid: 94.39%, Test In: 94.09% Test OOD1: 90.84% 
Epoch: 281, Loss: 0.1819, Train: 99.88%, Valid: 94.44%, Test In: 94.19% Test OOD1: 90.45% 
Epoch: 282, Loss: 0.1761, Train: 99.88%, Valid: 94.44%, Test In: 94.09% Test OOD1: 90.63% 
Epoch: 283, Loss: 0.1717, Train: 99.93%, Valid: 94.39%, Test In: 94.34% Test OOD1: 90.88% 
Epoch: 284, Loss: 0.1728, Train: 99.90%, Valid: 94.49%, Test In: 94.39% Test OOD1: 90.39% 
Epoch: 285, Loss: 0.1737, Train: 99.80%, Valid: 94.24%, Test In: 94.34% Test OOD1: 90.09% 
Epoch: 286, Loss: 0.1706, Train: 99.83%, Valid: 94.24%, Test In: 94.44% Test OOD1: 90.36% 
Epoch: 287, Loss: 0.1744, Train: 99.80%, Valid: 94.49%, Test In: 94.34% Test OOD1: 91.08% 
Epoch: 288, Loss: 0.1568, Train: 99.85%, Valid: 94.49%, Test In: 94.29% Test OOD1: 91.13% 
Epoch: 289, Loss: 0.1603, Train: 99.85%, Valid: 94.68%, Test In: 94.34% Test OOD1: 90.44% 
Epoch: 290, Loss: 0.1608, Train: 99.85%, Valid: 94.39%, Test In: 94.49% Test OOD1: 89.77% 
Epoch: 291, Loss: 0.1798, Train: 99.88%, Valid: 94.29%, Test In: 94.39% Test OOD1: 90.29% 
Epoch: 292, Loss: 0.1632, Train: 99.90%, Valid: 94.44%, Test In: 94.29% Test OOD1: 90.90% 
Epoch: 293, Loss: 0.1752, Train: 99.93%, Valid: 94.78%, Test In: 94.44% Test OOD1: 90.67% 
Epoch: 294, Loss: 0.1619, Train: 99.85%, Valid: 94.78%, Test In: 94.49% Test OOD1: 90.51% 
Epoch: 295, Loss: 0.1607, Train: 99.83%, Valid: 94.68%, Test In: 94.58% Test OOD1: 90.76% 
Epoch: 296, Loss: 0.1569, Train: 99.90%, Valid: 94.88%, Test In: 94.49% Test OOD1: 91.69% 
Epoch: 297, Loss: 0.1780, Train: 99.85%, Valid: 94.83%, Test In: 94.29% Test OOD1: 91.72% 
Epoch: 298, Loss: 0.1598, Train: 99.88%, Valid: 94.78%, Test In: 94.44% Test OOD1: 90.87% 
Epoch: 299, Loss: 0.1567, Train: 99.88%, Valid: 94.83%, Test In: 94.44% Test OOD1: 90.37% 
Epoch: 300, Loss: 0.1556, Train: 99.90%, Valid: 94.63%, Test In: 94.49% Test OOD1: 91.08% 
Epoch: 301, Loss: 0.1620, Train: 99.93%, Valid: 94.39%, Test In: 94.78% Test OOD1: 91.43% 
Epoch: 302, Loss: 0.1632, Train: 99.90%, Valid: 94.53%, Test In: 94.68% Test OOD1: 91.19% 
Epoch: 303, Loss: 0.1460, Train: 99.80%, Valid: 94.68%, Test In: 94.49% Test OOD1: 91.04% 
Epoch: 304, Loss: 0.1768, Train: 99.83%, Valid: 94.63%, Test In: 94.49% Test OOD1: 91.52% 
Epoch: 305, Loss: 0.1643, Train: 99.85%, Valid: 94.44%, Test In: 94.53% Test OOD1: 91.46% 
Epoch: 306, Loss: 0.1585, Train: 99.80%, Valid: 94.44%, Test In: 94.34% Test OOD1: 90.76% 
Epoch: 307, Loss: 0.1658, Train: 99.83%, Valid: 94.24%, Test In: 94.44% Test OOD1: 90.94% 
Epoch: 308, Loss: 0.1570, Train: 99.90%, Valid: 94.29%, Test In: 94.39% Test OOD1: 90.95% 
Epoch: 309, Loss: 0.1629, Train: 99.88%, Valid: 94.39%, Test In: 94.44% Test OOD1: 90.87% 
Epoch: 310, Loss: 0.1537, Train: 99.83%, Valid: 94.39%, Test In: 94.49% Test OOD1: 90.69% 
Epoch: 311, Loss: 0.1427, Train: 99.83%, Valid: 94.58%, Test In: 94.34% Test OOD1: 90.65% 
Epoch: 312, Loss: 0.1565, Train: 99.83%, Valid: 94.63%, Test In: 94.34% Test OOD1: 91.25% 
Epoch: 313, Loss: 0.1583, Train: 99.85%, Valid: 94.44%, Test In: 94.49% Test OOD1: 91.56% 
Epoch: 314, Loss: 0.1475, Train: 99.90%, Valid: 94.49%, Test In: 94.24% Test OOD1: 91.30% 
Epoch: 315, Loss: 0.1650, Train: 99.93%, Valid: 94.53%, Test In: 94.44% Test OOD1: 90.82% 
Epoch: 316, Loss: 0.1460, Train: 99.88%, Valid: 94.49%, Test In: 94.39% Test OOD1: 90.89% 
Epoch: 317, Loss: 0.1563, Train: 99.88%, Valid: 94.44%, Test In: 94.29% Test OOD1: 91.95% 
Epoch: 318, Loss: 0.1523, Train: 99.88%, Valid: 94.44%, Test In: 94.34% Test OOD1: 91.97% 
Epoch: 319, Loss: 0.1532, Train: 99.88%, Valid: 94.53%, Test In: 94.58% Test OOD1: 91.52% 
Epoch: 320, Loss: 0.1664, Train: 99.88%, Valid: 94.58%, Test In: 94.44% Test OOD1: 92.15% 
Epoch: 321, Loss: 0.1578, Train: 99.85%, Valid: 94.44%, Test In: 94.39% Test OOD1: 92.37% 
Epoch: 322, Loss: 0.1584, Train: 99.88%, Valid: 94.58%, Test In: 94.24% Test OOD1: 91.81% 
Epoch: 323, Loss: 0.1611, Train: 99.85%, Valid: 94.78%, Test In: 94.44% Test OOD1: 91.45% 
Epoch: 324, Loss: 0.1740, Train: 99.88%, Valid: 94.68%, Test In: 94.49% Test OOD1: 91.69% 
Epoch: 325, Loss: 0.1612, Train: 99.90%, Valid: 94.53%, Test In: 94.34% Test OOD1: 92.07% 
Epoch: 326, Loss: 0.1466, Train: 99.83%, Valid: 94.44%, Test In: 94.39% Test OOD1: 92.54% 
Epoch: 327, Loss: 0.1490, Train: 99.85%, Valid: 94.44%, Test In: 94.49% Test OOD1: 92.26% 
Epoch: 328, Loss: 0.1451, Train: 99.90%, Valid: 94.49%, Test In: 94.49% Test OOD1: 92.31% 
Epoch: 329, Loss: 0.1571, Train: 99.93%, Valid: 94.58%, Test In: 94.63% Test OOD1: 92.10% 
Epoch: 330, Loss: 0.1501, Train: 99.93%, Valid: 94.58%, Test In: 94.44% Test OOD1: 91.47% 
Epoch: 331, Loss: 0.1535, Train: 99.93%, Valid: 94.39%, Test In: 94.09% Test OOD1: 91.54% 
Epoch: 332, Loss: 0.1425, Train: 99.90%, Valid: 94.39%, Test In: 94.19% Test OOD1: 91.38% 
Epoch: 333, Loss: 0.1578, Train: 99.90%, Valid: 94.24%, Test In: 94.39% Test OOD1: 91.75% 
Epoch: 334, Loss: 0.1516, Train: 99.90%, Valid: 94.44%, Test In: 94.53% Test OOD1: 92.17% 
Epoch: 335, Loss: 0.1608, Train: 99.88%, Valid: 94.53%, Test In: 94.44% Test OOD1: 92.28% 
Epoch: 336, Loss: 0.1345, Train: 99.88%, Valid: 94.53%, Test In: 94.68% Test OOD1: 92.00% 
Epoch: 337, Loss: 0.1402, Train: 99.90%, Valid: 94.44%, Test In: 94.53% Test OOD1: 91.91% 
Epoch: 338, Loss: 0.1434, Train: 99.93%, Valid: 94.09%, Test In: 94.49% Test OOD1: 92.12% 
Epoch: 339, Loss: 0.1456, Train: 99.93%, Valid: 94.04%, Test In: 94.58% Test OOD1: 91.97% 
Epoch: 340, Loss: 0.1353, Train: 99.90%, Valid: 94.44%, Test In: 94.44% Test OOD1: 91.80% 
Epoch: 341, Loss: 0.1389, Train: 99.95%, Valid: 94.34%, Test In: 94.29% Test OOD1: 91.78% 
Epoch: 342, Loss: 0.1383, Train: 99.93%, Valid: 94.04%, Test In: 94.44% Test OOD1: 91.65% 
Epoch: 343, Loss: 0.1493, Train: 99.90%, Valid: 94.14%, Test In: 94.49% Test OOD1: 91.46% 
Epoch: 344, Loss: 0.1341, Train: 99.88%, Valid: 94.19%, Test In: 94.39% Test OOD1: 91.58% 
Epoch: 345, Loss: 0.1335, Train: 99.90%, Valid: 94.44%, Test In: 94.44% Test OOD1: 91.45% 
Epoch: 346, Loss: 0.1432, Train: 99.93%, Valid: 94.44%, Test In: 94.24% Test OOD1: 91.37% 
Epoch: 347, Loss: 0.1502, Train: 99.95%, Valid: 94.29%, Test In: 94.29% Test OOD1: 91.73% 
Epoch: 348, Loss: 0.1308, Train: 99.95%, Valid: 94.09%, Test In: 94.44% Test OOD1: 91.78% 
Epoch: 349, Loss: 0.1439, Train: 99.83%, Valid: 94.09%, Test In: 94.58% Test OOD1: 90.87% 
Epoch: 350, Loss: 0.1455, Train: 99.85%, Valid: 94.44%, Test In: 94.49% Test OOD1: 91.31% 
Epoch: 351, Loss: 0.1399, Train: 99.90%, Valid: 94.09%, Test In: 94.39% Test OOD1: 91.78% 
Epoch: 352, Loss: 0.1244, Train: 99.93%, Valid: 94.34%, Test In: 94.53% Test OOD1: 91.77% 
Epoch: 353, Loss: 0.1458, Train: 99.93%, Valid: 94.29%, Test In: 94.58% Test OOD1: 91.48% 
Epoch: 354, Loss: 0.1457, Train: 99.93%, Valid: 94.24%, Test In: 94.63% Test OOD1: 91.51% 
Epoch: 355, Loss: 0.1193, Train: 99.88%, Valid: 94.24%, Test In: 94.63% Test OOD1: 91.62% 
Epoch: 356, Loss: 0.1396, Train: 99.90%, Valid: 94.29%, Test In: 94.39% Test OOD1: 91.53% 
Epoch: 357, Loss: 0.1345, Train: 99.90%, Valid: 94.29%, Test In: 94.68% Test OOD1: 91.43% 
Epoch: 358, Loss: 0.1273, Train: 99.95%, Valid: 94.09%, Test In: 94.49% Test OOD1: 91.42% 
Epoch: 359, Loss: 0.1445, Train: 99.93%, Valid: 94.44%, Test In: 94.44% Test OOD1: 91.25% 
Epoch: 360, Loss: 0.1418, Train: 99.93%, Valid: 94.44%, Test In: 94.39% Test OOD1: 91.24% 
Epoch: 361, Loss: 0.1429, Train: 99.90%, Valid: 94.34%, Test In: 94.24% Test OOD1: 91.49% 
Epoch: 362, Loss: 0.1419, Train: 99.93%, Valid: 94.39%, Test In: 94.39% Test OOD1: 91.37% 
Epoch: 363, Loss: 0.1495, Train: 99.90%, Valid: 94.63%, Test In: 94.24% Test OOD1: 91.05% 
Epoch: 364, Loss: 0.1464, Train: 99.90%, Valid: 94.68%, Test In: 94.53% Test OOD1: 91.59% 
Epoch: 365, Loss: 0.1352, Train: 99.93%, Valid: 94.24%, Test In: 94.24% Test OOD1: 92.36% 
Epoch: 366, Loss: 0.1514, Train: 99.95%, Valid: 94.39%, Test In: 94.39% Test OOD1: 92.45% 
Epoch: 367, Loss: 0.1413, Train: 99.90%, Valid: 94.83%, Test In: 94.24% Test OOD1: 91.80% 
Epoch: 368, Loss: 0.1599, Train: 99.93%, Valid: 94.83%, Test In: 94.14% Test OOD1: 92.12% 
Epoch: 369, Loss: 0.1633, Train: 99.93%, Valid: 94.68%, Test In: 94.39% Test OOD1: 92.58% 
Epoch: 370, Loss: 0.1474, Train: 99.90%, Valid: 94.34%, Test In: 94.34% Test OOD1: 92.27% 
Epoch: 371, Loss: 0.1589, Train: 99.93%, Valid: 94.44%, Test In: 94.29% Test OOD1: 92.59% 
Epoch: 372, Loss: 0.1294, Train: 99.95%, Valid: 94.24%, Test In: 94.34% Test OOD1: 92.77% 
Epoch: 373, Loss: 0.1488, Train: 99.95%, Valid: 94.29%, Test In: 94.24% Test OOD1: 92.34% 
Epoch: 374, Loss: 0.1562, Train: 99.93%, Valid: 94.68%, Test In: 94.09% Test OOD1: 92.42% 
Epoch: 375, Loss: 0.1341, Train: 99.90%, Valid: 94.39%, Test In: 94.09% Test OOD1: 92.53% 
Epoch: 376, Loss: 0.1543, Train: 99.93%, Valid: 94.68%, Test In: 94.19% Test OOD1: 92.33% 
Epoch: 377, Loss: 0.1293, Train: 99.93%, Valid: 94.58%, Test In: 94.44% Test OOD1: 91.96% 
Epoch: 378, Loss: 0.1511, Train: 99.93%, Valid: 94.49%, Test In: 94.49% Test OOD1: 92.09% 
Epoch: 379, Loss: 0.1311, Train: 99.93%, Valid: 94.44%, Test In: 94.58% Test OOD1: 92.53% 
Epoch: 380, Loss: 0.1487, Train: 99.93%, Valid: 94.63%, Test In: 94.73% Test OOD1: 92.86% 
Epoch: 381, Loss: 0.1309, Train: 99.93%, Valid: 94.73%, Test In: 94.73% Test OOD1: 92.96% 
Epoch: 382, Loss: 0.1246, Train: 99.95%, Valid: 94.63%, Test In: 94.68% Test OOD1: 92.89% 
Epoch: 383, Loss: 0.1356, Train: 99.95%, Valid: 94.83%, Test In: 94.78% Test OOD1: 92.31% 
Epoch: 384, Loss: 0.1319, Train: 99.90%, Valid: 94.68%, Test In: 94.63% Test OOD1: 91.95% 
Epoch: 385, Loss: 0.1405, Train: 99.95%, Valid: 94.68%, Test In: 94.63% Test OOD1: 92.45% 
Epoch: 386, Loss: 0.1220, Train: 99.90%, Valid: 94.53%, Test In: 94.39% Test OOD1: 93.12% 
Epoch: 387, Loss: 0.1352, Train: 99.93%, Valid: 94.49%, Test In: 94.39% Test OOD1: 92.20% 
Epoch: 388, Loss: 0.1344, Train: 99.83%, Valid: 94.29%, Test In: 94.24% Test OOD1: 91.79% 
Epoch: 389, Loss: 0.1318, Train: 99.95%, Valid: 94.49%, Test In: 94.63% Test OOD1: 92.37% 
Epoch: 390, Loss: 0.1167, Train: 99.93%, Valid: 94.34%, Test In: 94.53% Test OOD1: 93.12% 
Epoch: 391, Loss: 0.1362, Train: 99.95%, Valid: 94.34%, Test In: 94.58% Test OOD1: 92.97% 
Epoch: 392, Loss: 0.1264, Train: 99.95%, Valid: 94.53%, Test In: 94.44% Test OOD1: 92.13% 
Epoch: 393, Loss: 0.1301, Train: 99.98%, Valid: 94.53%, Test In: 94.49% Test OOD1: 92.15% 
Epoch: 394, Loss: 0.1265, Train: 99.95%, Valid: 94.53%, Test In: 94.53% Test OOD1: 92.49% 
Epoch: 395, Loss: 0.1223, Train: 99.95%, Valid: 94.39%, Test In: 94.39% Test OOD1: 93.24% 
Epoch: 396, Loss: 0.1326, Train: 99.95%, Valid: 94.44%, Test In: 94.53% Test OOD1: 93.06% 
Epoch: 397, Loss: 0.1319, Train: 99.95%, Valid: 94.88%, Test In: 94.44% Test OOD1: 93.06% 
Epoch: 398, Loss: 0.1196, Train: 99.93%, Valid: 94.44%, Test In: 94.29% Test OOD1: 92.92% 
Epoch: 399, Loss: 0.1346, Train: 99.95%, Valid: 94.58%, Test In: 94.68% Test OOD1: 93.25% 
Epoch: 400, Loss: 0.1217, Train: 99.95%, Valid: 94.29%, Test In: 94.49% Test OOD1: 92.70% 
Epoch: 401, Loss: 0.1424, Train: 99.93%, Valid: 94.24%, Test In: 94.53% Test OOD1: 92.16% 
Epoch: 402, Loss: 0.1494, Train: 99.93%, Valid: 94.68%, Test In: 94.68% Test OOD1: 93.08% 
Epoch: 403, Loss: 0.1276, Train: 99.93%, Valid: 94.49%, Test In: 94.58% Test OOD1: 93.27% 
Epoch: 404, Loss: 0.1433, Train: 99.93%, Valid: 94.53%, Test In: 94.63% Test OOD1: 92.93% 
Epoch: 405, Loss: 0.1202, Train: 99.93%, Valid: 94.34%, Test In: 94.73% Test OOD1: 92.61% 
Epoch: 406, Loss: 0.1343, Train: 99.93%, Valid: 94.29%, Test In: 94.68% Test OOD1: 92.61% 
Epoch: 407, Loss: 0.1333, Train: 99.95%, Valid: 94.44%, Test In: 94.58% Test OOD1: 92.80% 
Epoch: 408, Loss: 0.1412, Train: 99.93%, Valid: 94.58%, Test In: 94.58% Test OOD1: 92.25% 
Epoch: 409, Loss: 0.1180, Train: 99.95%, Valid: 94.49%, Test In: 94.53% Test OOD1: 92.11% 
Epoch: 410, Loss: 0.1613, Train: 99.93%, Valid: 94.53%, Test In: 94.63% Test OOD1: 92.27% 
Epoch: 411, Loss: 0.1241, Train: 99.95%, Valid: 94.44%, Test In: 94.53% Test OOD1: 92.34% 
Epoch: 412, Loss: 0.1414, Train: 99.98%, Valid: 94.29%, Test In: 94.34% Test OOD1: 91.74% 
Epoch: 413, Loss: 0.1397, Train: 99.98%, Valid: 94.73%, Test In: 94.34% Test OOD1: 91.79% 
Epoch: 414, Loss: 0.1399, Train: 99.98%, Valid: 94.39%, Test In: 94.29% Test OOD1: 92.26% 
Epoch: 415, Loss: 0.1291, Train: 99.93%, Valid: 94.24%, Test In: 94.39% Test OOD1: 92.82% 
Epoch: 416, Loss: 0.1460, Train: 99.93%, Valid: 94.39%, Test In: 94.63% Test OOD1: 92.13% 
Epoch: 417, Loss: 0.1152, Train: 99.93%, Valid: 94.34%, Test In: 94.19% Test OOD1: 91.00% 
Epoch: 418, Loss: 0.1467, Train: 99.88%, Valid: 94.39%, Test In: 94.39% Test OOD1: 91.21% 
Epoch: 419, Loss: 0.1124, Train: 99.88%, Valid: 94.44%, Test In: 94.34% Test OOD1: 91.94% 
Epoch: 420, Loss: 0.1351, Train: 99.93%, Valid: 94.19%, Test In: 94.29% Test OOD1: 92.49% 
Epoch: 421, Loss: 0.1322, Train: 99.90%, Valid: 94.63%, Test In: 94.29% Test OOD1: 91.94% 
Epoch: 422, Loss: 0.1242, Train: 99.93%, Valid: 94.53%, Test In: 94.34% Test OOD1: 91.06% 
Epoch: 423, Loss: 0.1337, Train: 99.95%, Valid: 94.58%, Test In: 94.53% Test OOD1: 91.46% 
Epoch: 424, Loss: 0.1149, Train: 99.93%, Valid: 94.29%, Test In: 94.58% Test OOD1: 92.10% 
Epoch: 425, Loss: 0.1319, Train: 99.95%, Valid: 94.34%, Test In: 94.49% Test OOD1: 92.54% 
Epoch: 426, Loss: 0.1227, Train: 99.95%, Valid: 94.09%, Test In: 94.44% Test OOD1: 92.26% 
Epoch: 427, Loss: 0.1177, Train: 99.93%, Valid: 94.14%, Test In: 94.53% Test OOD1: 91.90% 
Epoch: 428, Loss: 0.1335, Train: 99.93%, Valid: 94.53%, Test In: 94.58% Test OOD1: 92.07% 
Epoch: 429, Loss: 0.1183, Train: 99.98%, Valid: 94.44%, Test In: 94.49% Test OOD1: 92.34% 
Epoch: 430, Loss: 0.1278, Train: 99.98%, Valid: 94.49%, Test In: 94.44% Test OOD1: 92.27% 
Epoch: 431, Loss: 0.1209, Train: 99.98%, Valid: 94.49%, Test In: 94.39% Test OOD1: 92.28% 
Epoch: 432, Loss: 0.1195, Train: 99.90%, Valid: 94.53%, Test In: 94.44% Test OOD1: 92.32% 
Epoch: 433, Loss: 0.1193, Train: 99.90%, Valid: 94.73%, Test In: 94.49% Test OOD1: 92.29% 
Epoch: 434, Loss: 0.1145, Train: 99.93%, Valid: 94.53%, Test In: 94.58% Test OOD1: 92.66% 
Epoch: 435, Loss: 0.0996, Train: 99.95%, Valid: 94.53%, Test In: 94.34% Test OOD1: 92.91% 
Epoch: 436, Loss: 0.1029, Train: 99.95%, Valid: 94.53%, Test In: 94.19% Test OOD1: 92.59% 
Epoch: 437, Loss: 0.1124, Train: 99.98%, Valid: 94.39%, Test In: 94.34% Test OOD1: 92.27% 
Epoch: 438, Loss: 0.1163, Train: 99.98%, Valid: 94.29%, Test In: 94.39% Test OOD1: 92.29% 
Epoch: 439, Loss: 0.1053, Train: 99.95%, Valid: 93.94%, Test In: 94.29% Test OOD1: 92.82% 
Epoch: 440, Loss: 0.1265, Train: 99.98%, Valid: 94.09%, Test In: 94.34% Test OOD1: 93.17% 
Epoch: 441, Loss: 0.1125, Train: 99.98%, Valid: 94.34%, Test In: 94.53% Test OOD1: 92.82% 
Epoch: 442, Loss: 0.1240, Train: 99.98%, Valid: 94.29%, Test In: 94.24% Test OOD1: 92.33% 
Epoch: 443, Loss: 0.1145, Train: 99.93%, Valid: 94.34%, Test In: 94.29% Test OOD1: 92.74% 
Epoch: 444, Loss: 0.1211, Train: 99.93%, Valid: 94.29%, Test In: 94.58% Test OOD1: 93.34% 
Epoch: 445, Loss: 0.1307, Train: 99.95%, Valid: 94.34%, Test In: 94.53% Test OOD1: 93.17% 
Epoch: 446, Loss: 0.1162, Train: 99.98%, Valid: 94.14%, Test In: 94.49% Test OOD1: 92.25% 
Epoch: 447, Loss: 0.1274, Train: 99.95%, Valid: 94.14%, Test In: 94.63% Test OOD1: 92.28% 
Epoch: 448, Loss: 0.1158, Train: 99.95%, Valid: 94.19%, Test In: 94.78% Test OOD1: 92.63% 
Epoch: 449, Loss: 0.1172, Train: 99.93%, Valid: 94.29%, Test In: 94.73% Test OOD1: 92.80% 
Epoch: 450, Loss: 0.1217, Train: 99.93%, Valid: 94.04%, Test In: 94.63% Test OOD1: 92.41% 
Epoch: 451, Loss: 0.1226, Train: 99.93%, Valid: 94.19%, Test In: 94.53% Test OOD1: 92.59% 
Epoch: 452, Loss: 0.1021, Train: 99.93%, Valid: 94.24%, Test In: 94.53% Test OOD1: 92.90% 
Epoch: 453, Loss: 0.1305, Train: 99.95%, Valid: 94.49%, Test In: 94.49% Test OOD1: 93.00% 
Epoch: 454, Loss: 0.1204, Train: 99.98%, Valid: 94.29%, Test In: 94.73% Test OOD1: 93.09% 
Epoch: 455, Loss: 0.1339, Train: 99.98%, Valid: 94.44%, Test In: 94.44% Test OOD1: 92.82% 
Epoch: 456, Loss: 0.1150, Train: 99.98%, Valid: 94.29%, Test In: 94.53% Test OOD1: 92.41% 
Epoch: 457, Loss: 0.1225, Train: 99.93%, Valid: 94.19%, Test In: 94.53% Test OOD1: 92.85% 
Epoch: 458, Loss: 0.1098, Train: 99.93%, Valid: 94.39%, Test In: 94.63% Test OOD1: 93.08% 
Epoch: 459, Loss: 0.1241, Train: 99.95%, Valid: 94.44%, Test In: 94.73% Test OOD1: 93.00% 
Epoch: 460, Loss: 0.1134, Train: 99.98%, Valid: 94.73%, Test In: 94.63% Test OOD1: 92.43% 
Epoch: 461, Loss: 0.1081, Train: 99.98%, Valid: 94.93%, Test In: 94.49% Test OOD1: 92.10% 
Epoch: 462, Loss: 0.1350, Train: 99.90%, Valid: 94.53%, Test In: 94.58% Test OOD1: 92.68% 
Epoch: 463, Loss: 0.1094, Train: 99.90%, Valid: 94.44%, Test In: 94.49% Test OOD1: 93.06% 
Epoch: 464, Loss: 0.1242, Train: 99.93%, Valid: 94.73%, Test In: 94.49% Test OOD1: 92.73% 
Epoch: 465, Loss: 0.1036, Train: 99.95%, Valid: 94.63%, Test In: 94.44% Test OOD1: 92.90% 
Epoch: 466, Loss: 0.1234, Train: 99.93%, Valid: 94.88%, Test In: 94.39% Test OOD1: 92.61% 
Epoch: 467, Loss: 0.1055, Train: 99.95%, Valid: 94.63%, Test In: 94.49% Test OOD1: 92.58% 
Epoch: 468, Loss: 0.1034, Train: 99.95%, Valid: 94.49%, Test In: 94.44% Test OOD1: 93.22% 
Epoch: 469, Loss: 0.0972, Train: 99.95%, Valid: 94.53%, Test In: 94.44% Test OOD1: 93.27% 
Epoch: 470, Loss: 0.1217, Train: 99.95%, Valid: 94.53%, Test In: 94.44% Test OOD1: 93.70% 
Epoch: 471, Loss: 0.1110, Train: 99.95%, Valid: 94.44%, Test In: 94.68% Test OOD1: 93.34% 
Epoch: 472, Loss: 0.1148, Train: 99.95%, Valid: 94.34%, Test In: 94.58% Test OOD1: 92.84% 
Epoch: 473, Loss: 0.1089, Train: 99.95%, Valid: 94.58%, Test In: 94.39% Test OOD1: 93.25% 
Epoch: 474, Loss: 0.1097, Train: 99.98%, Valid: 94.53%, Test In: 94.39% Test OOD1: 93.44% 
Epoch: 475, Loss: 0.1184, Train: 99.98%, Valid: 94.44%, Test In: 94.39% Test OOD1: 92.79% 
Epoch: 476, Loss: 0.1091, Train: 99.98%, Valid: 94.63%, Test In: 94.39% Test OOD1: 92.63% 
Epoch: 477, Loss: 0.1083, Train: 99.95%, Valid: 94.63%, Test In: 94.24% Test OOD1: 92.87% 
Epoch: 478, Loss: 0.1140, Train: 99.95%, Valid: 94.39%, Test In: 94.44% Test OOD1: 93.22% 
Epoch: 479, Loss: 0.1041, Train: 99.95%, Valid: 94.53%, Test In: 94.73% Test OOD1: 92.97% 
Epoch: 480, Loss: 0.1254, Train: 99.90%, Valid: 94.63%, Test In: 94.63% Test OOD1: 91.67% 
Epoch: 481, Loss: 0.1186, Train: 99.93%, Valid: 94.49%, Test In: 94.58% Test OOD1: 91.86% 
Epoch: 482, Loss: 0.1268, Train: 99.95%, Valid: 94.19%, Test In: 94.34% Test OOD1: 93.08% 
Epoch: 483, Loss: 0.1156, Train: 99.95%, Valid: 94.44%, Test In: 94.58% Test OOD1: 93.33% 
Epoch: 484, Loss: 0.1314, Train: 99.90%, Valid: 94.73%, Test In: 94.58% Test OOD1: 92.55% 
Epoch: 485, Loss: 0.1400, Train: 99.90%, Valid: 94.78%, Test In: 94.73% Test OOD1: 92.02% 
Epoch: 486, Loss: 0.1217, Train: 99.95%, Valid: 94.44%, Test In: 94.29% Test OOD1: 92.36% 
Epoch: 487, Loss: 0.1050, Train: 99.95%, Valid: 94.44%, Test In: 94.24% Test OOD1: 93.03% 
Epoch: 488, Loss: 0.1122, Train: 99.98%, Valid: 94.49%, Test In: 94.24% Test OOD1: 93.37% 
Epoch: 489, Loss: 0.1060, Train: 99.95%, Valid: 94.49%, Test In: 94.44% Test OOD1: 92.95% 
Epoch: 490, Loss: 0.1107, Train: 99.95%, Valid: 94.53%, Test In: 94.63% Test OOD1: 92.76% 
Epoch: 491, Loss: 0.1257, Train: 99.98%, Valid: 94.58%, Test In: 94.58% Test OOD1: 93.18% 
Epoch: 492, Loss: 0.1141, Train: 99.95%, Valid: 94.49%, Test In: 94.58% Test OOD1: 93.37% 
Epoch: 493, Loss: 0.1077, Train: 99.95%, Valid: 94.73%, Test In: 94.49% Test OOD1: 92.65% 
Epoch: 494, Loss: 0.1143, Train: 99.98%, Valid: 94.68%, Test In: 94.29% Test OOD1: 92.43% 
Epoch: 495, Loss: 0.1125, Train: 99.98%, Valid: 94.73%, Test In: 94.39% Test OOD1: 93.11% 
Epoch: 496, Loss: 0.1131, Train: 99.95%, Valid: 94.63%, Test In: 94.34% Test OOD1: 92.95% 
Epoch: 497, Loss: 0.1087, Train: 99.95%, Valid: 94.58%, Test In: 94.53% Test OOD1: 92.89% 
Epoch: 498, Loss: 0.1274, Train: 99.93%, Valid: 94.63%, Test In: 94.73% Test OOD1: 93.55% 
Epoch: 499, Loss: 0.1041, Train: 99.93%, Valid: 94.49%, Test In: 94.68% Test OOD1: 93.21% 
Run 02:
Highest Train: 99.98
Highest Valid: 94.93
Highest In Test: 94.93
Highest OOD Test: 93.70
Chosen epoch: 247
Final Train: 99.88
Final In Test: 94.44
Final OOD Test: 89.70
All runs:
Highest Train: 99.99 ± 0.02
Highest Valid: 95.13 ± 0.28
Highest In Test: 94.98 ± 0.07
Highest OOD Test: 93.30 ± 0.56
  Final Train: 99.93 ± 0.07
   Final In  Test: 94.53 ± 0.14
   Final OOD Test: 91.07 ± 1.94
[INFO] TensorBoard writer closed.

Command: python main.py --dataset cora --backbone_type gat --env_type graph --combine_result --store_result --epochs 500 --runs 2 --num_layers 2 --expert_agg mean --tau 3 --device 1 --other_env_objective irm --lr 0.01 --weight_decay 5e-05 --dropout 0.1 --lamda 1.0 --K 3 --hidden_channels 64 --other_env_reduce env --result_name cora_stage1_gat_reduced_lr0.01_weight_decay5e-05_dropout0.1_lamda1.0_K3_hidden_channels64_other_env_reduceenv
Return code: 0
Elapsed: 450.03s
