Namespace(K=3, backbone_type='gat', causal_align_weight=0.1, causal_hidden_channels=0, causal_loss_weight=1.0, combine_result=True, cpu=False, data_dir='./data/', dataset='cora', device=1, display_step=1, dropout=0.2, env_type='graph', epochs=500, expert_agg='mean', gate_hidden=64, hidden_channels=64, infer_env=False, infer_env_components=64, infer_env_iters=30, infer_env_num=3, lamda=0.5, lr=0.01, num_layers=2, other_env_irm_lambda=1.0, other_env_loss_agg='mean', other_env_loss_temp=1.0, other_env_objective='irm', other_env_reduce='env', pos_weight=5.0, result_name='cora_stage1_gat_reduced_lr0.01_weight_decay5e-05_dropout0.2_lamda0.5_K3_hidden_channels64_other_env_reduceenv', runs=2, seed=2024, store_result=True, tau=3.0, use_bn=False, use_causal_head=False, variant=False, weight_decay=5e-05)
using existing synthetic data...
dataset cora: all nodes 16248 | edges 63336 | classes 7 | feats 1443
train nodes 4062 | valid nodes 2031 | test in nodes 2031
test ood1 nodes 8124 
[INFO] env numbers: 6 train env numbers: 3
MODEL: CaNet(
  (experts): ModuleList(
    (0): ExpertNet(
      (convs): ModuleList(
        (0): CaNetConv(
          (leakyrelu): LeakyReLU(negative_slope=0.01)
        )
        (1): CaNetConv(
          (leakyrelu): LeakyReLU(negative_slope=0.01)
        )
      )
      (fcs): ModuleList(
        (0): Linear(in_features=1443, out_features=64, bias=True)
        (1): Linear(in_features=64, out_features=7, bias=True)
      )
      (act_fn): ReLU()
    )
    (1): ExpertNet(
      (convs): ModuleList(
        (0): CaNetConv(
          (leakyrelu): LeakyReLU(negative_slope=0.01)
        )
        (1): CaNetConv(
          (leakyrelu): LeakyReLU(negative_slope=0.01)
        )
      )
      (fcs): ModuleList(
        (0): Linear(in_features=1443, out_features=64, bias=True)
        (1): Linear(in_features=64, out_features=7, bias=True)
      )
      (act_fn): ReLU()
    )
    (2): ExpertNet(
      (convs): ModuleList(
        (0): CaNetConv(
          (leakyrelu): LeakyReLU(negative_slope=0.01)
        )
        (1): CaNetConv(
          (leakyrelu): LeakyReLU(negative_slope=0.01)
        )
      )
      (fcs): ModuleList(
        (0): Linear(in_features=1443, out_features=64, bias=True)
        (1): Linear(in_features=64, out_features=7, bias=True)
      )
      (act_fn): ReLU()
    )
  )
  (gate): Sequential(
    (0): Linear(in_features=1443, out_features=64, bias=True)
    (1): ReLU()
    (2): Linear(in_features=64, out_features=3, bias=True)
  )
)
[INFO] TensorBoard logging activated. Logs will be saved to: ./runs/cora/Apr19_15-38-36_lamda_0.5_otheragg_mean
Epoch: 00, Loss: 8.7637, Train: 29.86%, Valid: 30.82%, Test In: 30.43% Test OOD1: 30.24% 
Epoch: 01, Loss: 8.5712, Train: 33.16%, Valid: 33.87%, Test In: 33.92% Test OOD1: 32.14% 
Epoch: 02, Loss: 8.2627, Train: 34.02%, Valid: 34.66%, Test In: 34.71% Test OOD1: 33.71% 
Epoch: 03, Loss: 7.8803, Train: 34.81%, Valid: 35.80%, Test In: 35.40% Test OOD1: 37.59% 
Epoch: 04, Loss: 7.7487, Train: 40.99%, Valid: 41.31%, Test In: 40.72% Test OOD1: 43.65% 
Epoch: 05, Loss: 7.2800, Train: 42.37%, Valid: 43.08%, Test In: 42.15% Test OOD1: 43.77% 
Epoch: 06, Loss: 7.0397, Train: 45.00%, Valid: 45.00%, Test In: 44.26% Test OOD1: 47.76% 
Epoch: 07, Loss: 6.7567, Train: 54.43%, Valid: 54.65%, Test In: 53.87% Test OOD1: 50.81% 
Epoch: 08, Loss: 6.3735, Train: 55.47%, Valid: 56.38%, Test In: 54.90% Test OOD1: 51.14% 
Epoch: 09, Loss: 6.1004, Train: 52.78%, Valid: 53.08%, Test In: 51.99% Test OOD1: 49.26% 
Epoch: 10, Loss: 5.8759, Train: 53.79%, Valid: 54.26%, Test In: 52.93% Test OOD1: 50.86% 
Epoch: 11, Loss: 5.5204, Train: 59.31%, Valid: 59.33%, Test In: 57.95% Test OOD1: 55.05% 
Epoch: 12, Loss: 5.2016, Train: 62.33%, Valid: 62.38%, Test In: 60.96% Test OOD1: 56.39% 
Epoch: 13, Loss: 5.0120, Train: 65.76%, Valid: 65.63%, Test In: 63.52% Test OOD1: 56.17% 
Epoch: 14, Loss: 4.7636, Train: 69.47%, Valid: 69.77%, Test In: 68.54% Test OOD1: 54.99% 
Epoch: 15, Loss: 4.5138, Train: 73.63%, Valid: 73.41%, Test In: 72.62% Test OOD1: 53.85% 
Epoch: 16, Loss: 4.2878, Train: 74.42%, Valid: 75.04%, Test In: 73.81% Test OOD1: 53.24% 
Epoch: 17, Loss: 4.0951, Train: 75.80%, Valid: 76.46%, Test In: 75.14% Test OOD1: 53.26% 
Epoch: 18, Loss: 3.9518, Train: 77.03%, Valid: 77.60%, Test In: 76.22% Test OOD1: 53.14% 
Epoch: 19, Loss: 3.8015, Train: 77.82%, Valid: 78.34%, Test In: 77.10% Test OOD1: 53.23% 
Epoch: 20, Loss: 3.6773, Train: 79.12%, Valid: 79.07%, Test In: 78.19% Test OOD1: 54.37% 
Epoch: 21, Loss: 3.6336, Train: 81.51%, Valid: 81.04%, Test In: 80.06% Test OOD1: 54.65% 
Epoch: 22, Loss: 3.5374, Train: 83.60%, Valid: 83.06%, Test In: 82.03% Test OOD1: 54.67% 
Epoch: 23, Loss: 3.2551, Train: 85.13%, Valid: 85.52%, Test In: 84.59% Test OOD1: 54.60% 
Epoch: 24, Loss: 3.1188, Train: 87.10%, Valid: 87.49%, Test In: 86.26% Test OOD1: 54.48% 
Epoch: 25, Loss: 3.0300, Train: 88.21%, Valid: 88.04%, Test In: 87.30% Test OOD1: 54.78% 
Epoch: 26, Loss: 2.8706, Train: 88.77%, Valid: 88.23%, Test In: 87.89% Test OOD1: 55.83% 
Epoch: 27, Loss: 2.7299, Train: 89.24%, Valid: 88.53%, Test In: 88.58% Test OOD1: 56.38% 
Epoch: 28, Loss: 2.6574, Train: 89.61%, Valid: 89.17%, Test In: 88.63% Test OOD1: 57.75% 
Epoch: 29, Loss: 2.5575, Train: 90.40%, Valid: 89.76%, Test In: 89.12% Test OOD1: 58.57% 
Epoch: 30, Loss: 2.4415, Train: 90.67%, Valid: 89.71%, Test In: 89.91% Test OOD1: 59.32% 
Epoch: 31, Loss: 2.3301, Train: 90.89%, Valid: 89.46%, Test In: 89.71% Test OOD1: 60.73% 
Epoch: 32, Loss: 2.2620, Train: 91.41%, Valid: 89.96%, Test In: 90.20% Test OOD1: 62.35% 
Epoch: 33, Loss: 2.0968, Train: 92.12%, Valid: 90.60%, Test In: 90.10% Test OOD1: 62.95% 
Epoch: 34, Loss: 2.0375, Train: 92.39%, Valid: 90.40%, Test In: 90.99% Test OOD1: 63.34% 
Epoch: 35, Loss: 1.9137, Train: 92.69%, Valid: 90.45%, Test In: 91.09% Test OOD1: 64.41% 
Epoch: 36, Loss: 1.8748, Train: 92.81%, Valid: 90.50%, Test In: 91.29% Test OOD1: 65.76% 
Epoch: 37, Loss: 1.7697, Train: 93.18%, Valid: 90.50%, Test In: 91.48% Test OOD1: 67.42% 
Epoch: 38, Loss: 1.6965, Train: 93.35%, Valid: 90.50%, Test In: 91.63% Test OOD1: 68.07% 
Epoch: 39, Loss: 1.6679, Train: 93.33%, Valid: 90.79%, Test In: 91.73% Test OOD1: 68.33% 
Epoch: 40, Loss: 1.5956, Train: 93.35%, Valid: 90.94%, Test In: 91.93% Test OOD1: 69.02% 
Epoch: 41, Loss: 1.6045, Train: 93.65%, Valid: 90.99%, Test In: 92.22% Test OOD1: 70.49% 
Epoch: 42, Loss: 1.4713, Train: 93.67%, Valid: 91.09%, Test In: 92.02% Test OOD1: 71.58% 
Epoch: 43, Loss: 1.4304, Train: 93.85%, Valid: 91.19%, Test In: 92.27% Test OOD1: 72.35% 
Epoch: 44, Loss: 1.3969, Train: 93.92%, Valid: 91.04%, Test In: 92.37% Test OOD1: 72.58% 
Epoch: 45, Loss: 1.3581, Train: 93.89%, Valid: 90.79%, Test In: 92.12% Test OOD1: 72.28% 
Epoch: 46, Loss: 1.2829, Train: 93.97%, Valid: 90.84%, Test In: 92.17% Test OOD1: 72.10% 
Epoch: 47, Loss: 1.3011, Train: 94.21%, Valid: 91.33%, Test In: 92.32% Test OOD1: 72.18% 
Epoch: 48, Loss: 1.2241, Train: 94.39%, Valid: 91.24%, Test In: 92.37% Test OOD1: 72.29% 
Epoch: 49, Loss: 1.1947, Train: 94.21%, Valid: 90.99%, Test In: 92.27% Test OOD1: 72.72% 
Epoch: 50, Loss: 1.1329, Train: 94.19%, Valid: 90.74%, Test In: 92.37% Test OOD1: 73.08% 
Epoch: 51, Loss: 1.1255, Train: 94.53%, Valid: 90.84%, Test In: 92.57% Test OOD1: 73.62% 
Epoch: 52, Loss: 1.0908, Train: 94.53%, Valid: 91.09%, Test In: 92.76% Test OOD1: 73.88% 
Epoch: 53, Loss: 1.0738, Train: 94.85%, Valid: 91.24%, Test In: 92.57% Test OOD1: 74.05% 
Epoch: 54, Loss: 1.0621, Train: 95.00%, Valid: 91.24%, Test In: 92.86% Test OOD1: 74.04% 
Epoch: 55, Loss: 1.0059, Train: 95.17%, Valid: 91.19%, Test In: 92.96% Test OOD1: 74.72% 
Epoch: 56, Loss: 1.0126, Train: 95.10%, Valid: 91.09%, Test In: 93.06% Test OOD1: 75.55% 
Epoch: 57, Loss: 0.9598, Train: 95.05%, Valid: 91.38%, Test In: 92.76% Test OOD1: 75.66% 
Epoch: 58, Loss: 0.9631, Train: 95.25%, Valid: 91.68%, Test In: 93.01% Test OOD1: 75.49% 
Epoch: 59, Loss: 0.9300, Train: 95.40%, Valid: 92.12%, Test In: 93.06% Test OOD1: 75.58% 
Epoch: 60, Loss: 0.9194, Train: 95.54%, Valid: 91.97%, Test In: 93.01% Test OOD1: 75.90% 
Epoch: 61, Loss: 0.9025, Train: 95.47%, Valid: 91.63%, Test In: 93.16% Test OOD1: 76.58% 
Epoch: 62, Loss: 0.8751, Train: 95.49%, Valid: 91.68%, Test In: 92.91% Test OOD1: 76.97% 
Epoch: 63, Loss: 0.8910, Train: 95.74%, Valid: 92.12%, Test In: 93.01% Test OOD1: 76.82% 
Epoch: 64, Loss: 0.8306, Train: 96.04%, Valid: 92.27%, Test In: 93.11% Test OOD1: 76.71% 
Epoch: 65, Loss: 0.8141, Train: 96.21%, Valid: 92.27%, Test In: 93.21% Test OOD1: 77.42% 
Epoch: 66, Loss: 0.8063, Train: 96.36%, Valid: 92.07%, Test In: 93.25% Test OOD1: 78.26% 
Epoch: 67, Loss: 0.7980, Train: 96.31%, Valid: 92.12%, Test In: 93.25% Test OOD1: 78.71% 
Epoch: 68, Loss: 0.7685, Train: 96.36%, Valid: 92.32%, Test In: 93.16% Test OOD1: 79.05% 
Epoch: 69, Loss: 0.7742, Train: 96.50%, Valid: 92.66%, Test In: 93.40% Test OOD1: 79.41% 
Epoch: 70, Loss: 0.7661, Train: 96.65%, Valid: 92.61%, Test In: 93.45% Test OOD1: 79.68% 
Epoch: 71, Loss: 0.7293, Train: 96.63%, Valid: 92.57%, Test In: 93.45% Test OOD1: 80.06% 
Epoch: 72, Loss: 0.7486, Train: 96.87%, Valid: 92.52%, Test In: 93.50% Test OOD1: 80.72% 
Epoch: 73, Loss: 0.6895, Train: 97.00%, Valid: 92.71%, Test In: 93.65% Test OOD1: 80.93% 
Epoch: 74, Loss: 0.7153, Train: 97.07%, Valid: 92.91%, Test In: 93.70% Test OOD1: 81.04% 
Epoch: 75, Loss: 0.6955, Train: 97.12%, Valid: 93.21%, Test In: 93.94% Test OOD1: 81.40% 
Epoch: 76, Loss: 0.6747, Train: 97.07%, Valid: 92.91%, Test In: 93.80% Test OOD1: 82.18% 
Epoch: 77, Loss: 0.6755, Train: 97.32%, Valid: 92.91%, Test In: 93.80% Test OOD1: 82.78% 
Epoch: 78, Loss: 0.6624, Train: 97.46%, Valid: 93.30%, Test In: 93.85% Test OOD1: 82.57% 
Epoch: 79, Loss: 0.6638, Train: 97.61%, Valid: 93.21%, Test In: 94.09% Test OOD1: 82.77% 
Epoch: 80, Loss: 0.6674, Train: 97.74%, Valid: 93.06%, Test In: 93.99% Test OOD1: 83.32% 
Epoch: 81, Loss: 0.6350, Train: 97.64%, Valid: 93.16%, Test In: 93.99% Test OOD1: 84.16% 
Epoch: 82, Loss: 0.6341, Train: 97.71%, Valid: 93.06%, Test In: 94.09% Test OOD1: 83.96% 
Epoch: 83, Loss: 0.6235, Train: 97.71%, Valid: 93.45%, Test In: 93.99% Test OOD1: 83.60% 
Epoch: 84, Loss: 0.6223, Train: 97.76%, Valid: 93.50%, Test In: 94.24% Test OOD1: 84.31% 
Epoch: 85, Loss: 0.5893, Train: 97.93%, Valid: 93.45%, Test In: 94.04% Test OOD1: 85.01% 
Epoch: 86, Loss: 0.5875, Train: 97.96%, Valid: 93.45%, Test In: 94.29% Test OOD1: 85.20% 
Epoch: 87, Loss: 0.5766, Train: 97.83%, Valid: 93.45%, Test In: 94.44% Test OOD1: 84.75% 
Epoch: 88, Loss: 0.5979, Train: 98.06%, Valid: 93.45%, Test In: 94.34% Test OOD1: 84.96% 
Epoch: 89, Loss: 0.5604, Train: 98.10%, Valid: 93.65%, Test In: 94.34% Test OOD1: 85.35% 
Epoch: 90, Loss: 0.5564, Train: 98.15%, Valid: 93.80%, Test In: 94.53% Test OOD1: 85.70% 
Epoch: 91, Loss: 0.5698, Train: 98.15%, Valid: 93.70%, Test In: 94.19% Test OOD1: 85.91% 
Epoch: 92, Loss: 0.5372, Train: 98.15%, Valid: 93.35%, Test In: 93.99% Test OOD1: 86.13% 
Epoch: 93, Loss: 0.5434, Train: 98.13%, Valid: 93.75%, Test In: 94.44% Test OOD1: 85.62% 
Epoch: 94, Loss: 0.5414, Train: 98.20%, Valid: 93.94%, Test In: 94.39% Test OOD1: 85.86% 
Epoch: 95, Loss: 0.5411, Train: 98.28%, Valid: 93.80%, Test In: 94.19% Test OOD1: 86.96% 
Epoch: 96, Loss: 0.5297, Train: 98.33%, Valid: 93.75%, Test In: 94.24% Test OOD1: 87.22% 
Epoch: 97, Loss: 0.5234, Train: 98.15%, Valid: 93.65%, Test In: 94.39% Test OOD1: 86.77% 
Epoch: 98, Loss: 0.5366, Train: 98.18%, Valid: 93.75%, Test In: 94.63% Test OOD1: 86.87% 
Epoch: 99, Loss: 0.5142, Train: 98.30%, Valid: 94.04%, Test In: 94.44% Test OOD1: 87.83% 
Epoch: 100, Loss: 0.5132, Train: 98.25%, Valid: 93.85%, Test In: 94.63% Test OOD1: 88.05% 
Epoch: 101, Loss: 0.5179, Train: 98.38%, Valid: 94.09%, Test In: 94.63% Test OOD1: 87.19% 
Epoch: 102, Loss: 0.5170, Train: 98.35%, Valid: 93.85%, Test In: 94.44% Test OOD1: 86.98% 
Epoch: 103, Loss: 0.5005, Train: 98.45%, Valid: 94.34%, Test In: 94.39% Test OOD1: 87.94% 
Epoch: 104, Loss: 0.5267, Train: 98.42%, Valid: 94.49%, Test In: 94.58% Test OOD1: 87.88% 
Epoch: 105, Loss: 0.4912, Train: 98.45%, Valid: 94.14%, Test In: 94.83% Test OOD1: 88.10% 
Epoch: 106, Loss: 0.4812, Train: 98.38%, Valid: 93.85%, Test In: 94.78% Test OOD1: 88.40% 
Epoch: 107, Loss: 0.4854, Train: 98.55%, Valid: 93.89%, Test In: 94.39% Test OOD1: 88.63% 
Epoch: 108, Loss: 0.4776, Train: 98.72%, Valid: 94.49%, Test In: 94.78% Test OOD1: 88.27% 
Epoch: 109, Loss: 0.4767, Train: 98.62%, Valid: 94.58%, Test In: 94.58% Test OOD1: 87.88% 
Epoch: 110, Loss: 0.4576, Train: 98.67%, Valid: 94.34%, Test In: 94.53% Test OOD1: 88.16% 
Epoch: 111, Loss: 0.4752, Train: 98.60%, Valid: 94.29%, Test In: 94.39% Test OOD1: 88.75% 
Epoch: 112, Loss: 0.4746, Train: 98.72%, Valid: 94.24%, Test In: 94.63% Test OOD1: 88.65% 
Epoch: 113, Loss: 0.4699, Train: 98.72%, Valid: 94.44%, Test In: 94.93% Test OOD1: 88.44% 
Epoch: 114, Loss: 0.4491, Train: 98.87%, Valid: 94.49%, Test In: 94.98% Test OOD1: 88.91% 
Epoch: 115, Loss: 0.4741, Train: 98.94%, Valid: 94.34%, Test In: 94.78% Test OOD1: 89.09% 
Epoch: 116, Loss: 0.4492, Train: 98.84%, Valid: 93.99%, Test In: 94.53% Test OOD1: 89.32% 
Epoch: 117, Loss: 0.4512, Train: 98.79%, Valid: 94.09%, Test In: 94.68% Test OOD1: 89.35% 
Epoch: 118, Loss: 0.4397, Train: 98.79%, Valid: 94.39%, Test In: 94.68% Test OOD1: 89.56% 
Epoch: 119, Loss: 0.4338, Train: 98.87%, Valid: 94.44%, Test In: 94.68% Test OOD1: 89.41% 
Epoch: 120, Loss: 0.4363, Train: 98.84%, Valid: 94.44%, Test In: 94.53% Test OOD1: 89.40% 
Epoch: 121, Loss: 0.4377, Train: 98.94%, Valid: 94.78%, Test In: 94.44% Test OOD1: 89.87% 
Epoch: 122, Loss: 0.4286, Train: 98.89%, Valid: 94.63%, Test In: 94.29% Test OOD1: 90.24% 
Epoch: 123, Loss: 0.4402, Train: 98.92%, Valid: 94.73%, Test In: 94.44% Test OOD1: 89.71% 
Epoch: 124, Loss: 0.4334, Train: 98.84%, Valid: 94.68%, Test In: 94.44% Test OOD1: 89.57% 
Epoch: 125, Loss: 0.4206, Train: 98.87%, Valid: 94.68%, Test In: 94.63% Test OOD1: 89.98% 
Epoch: 126, Loss: 0.4231, Train: 98.92%, Valid: 94.53%, Test In: 94.63% Test OOD1: 90.25% 
Epoch: 127, Loss: 0.4101, Train: 98.99%, Valid: 94.49%, Test In: 94.78% Test OOD1: 90.07% 
Epoch: 128, Loss: 0.4003, Train: 98.84%, Valid: 94.29%, Test In: 94.29% Test OOD1: 90.41% 
Epoch: 129, Loss: 0.4170, Train: 98.99%, Valid: 94.63%, Test In: 94.73% Test OOD1: 90.63% 
Epoch: 130, Loss: 0.4070, Train: 99.02%, Valid: 94.63%, Test In: 94.68% Test OOD1: 90.57% 
Epoch: 131, Loss: 0.4082, Train: 99.06%, Valid: 94.49%, Test In: 95.03% Test OOD1: 89.92% 
Epoch: 132, Loss: 0.4068, Train: 99.16%, Valid: 94.58%, Test In: 94.73% Test OOD1: 90.04% 
Epoch: 133, Loss: 0.3825, Train: 99.09%, Valid: 94.63%, Test In: 94.44% Test OOD1: 90.67% 
Epoch: 134, Loss: 0.3737, Train: 99.09%, Valid: 94.58%, Test In: 94.44% Test OOD1: 90.74% 
Epoch: 135, Loss: 0.4065, Train: 99.16%, Valid: 94.73%, Test In: 94.63% Test OOD1: 90.24% 
Epoch: 136, Loss: 0.3880, Train: 99.21%, Valid: 94.83%, Test In: 94.63% Test OOD1: 90.28% 
Epoch: 137, Loss: 0.4036, Train: 99.21%, Valid: 94.53%, Test In: 94.68% Test OOD1: 90.63% 
Epoch: 138, Loss: 0.3827, Train: 99.21%, Valid: 94.73%, Test In: 94.88% Test OOD1: 90.55% 
Epoch: 139, Loss: 0.3887, Train: 99.04%, Valid: 94.68%, Test In: 95.03% Test OOD1: 90.58% 
Epoch: 140, Loss: 0.3802, Train: 99.14%, Valid: 94.73%, Test In: 95.08% Test OOD1: 90.98% 
Epoch: 141, Loss: 0.3732, Train: 99.29%, Valid: 94.63%, Test In: 94.78% Test OOD1: 90.99% 
Epoch: 142, Loss: 0.3858, Train: 99.14%, Valid: 94.68%, Test In: 94.63% Test OOD1: 90.47% 
Epoch: 143, Loss: 0.3774, Train: 99.21%, Valid: 95.03%, Test In: 94.78% Test OOD1: 90.61% 
Epoch: 144, Loss: 0.3672, Train: 99.34%, Valid: 94.88%, Test In: 94.78% Test OOD1: 90.89% 
Epoch: 145, Loss: 0.3758, Train: 99.26%, Valid: 94.53%, Test In: 94.68% Test OOD1: 90.81% 
Epoch: 146, Loss: 0.3661, Train: 99.24%, Valid: 94.39%, Test In: 94.83% Test OOD1: 90.72% 
Epoch: 147, Loss: 0.3687, Train: 99.29%, Valid: 94.78%, Test In: 94.88% Test OOD1: 90.98% 
Epoch: 148, Loss: 0.3789, Train: 99.26%, Valid: 94.83%, Test In: 94.73% Test OOD1: 91.41% 
Epoch: 149, Loss: 0.3888, Train: 99.26%, Valid: 94.73%, Test In: 94.88% Test OOD1: 91.75% 
Epoch: 150, Loss: 0.3833, Train: 99.34%, Valid: 94.53%, Test In: 94.83% Test OOD1: 91.65% 
Epoch: 151, Loss: 0.3736, Train: 99.34%, Valid: 94.98%, Test In: 94.98% Test OOD1: 91.48% 
Epoch: 152, Loss: 0.3516, Train: 99.38%, Valid: 94.83%, Test In: 95.08% Test OOD1: 91.57% 
Epoch: 153, Loss: 0.3637, Train: 99.34%, Valid: 94.88%, Test In: 95.13% Test OOD1: 91.64% 
Epoch: 154, Loss: 0.3613, Train: 99.43%, Valid: 94.68%, Test In: 95.13% Test OOD1: 91.94% 
Epoch: 155, Loss: 0.3701, Train: 99.43%, Valid: 94.73%, Test In: 95.08% Test OOD1: 92.07% 
Epoch: 156, Loss: 0.3393, Train: 99.38%, Valid: 94.88%, Test In: 95.22% Test OOD1: 92.15% 
Epoch: 157, Loss: 0.3648, Train: 99.36%, Valid: 94.68%, Test In: 95.13% Test OOD1: 92.06% 
Epoch: 158, Loss: 0.3493, Train: 99.34%, Valid: 94.88%, Test In: 95.27% Test OOD1: 91.85% 
Epoch: 159, Loss: 0.3520, Train: 99.38%, Valid: 94.53%, Test In: 95.22% Test OOD1: 91.51% 
Epoch: 160, Loss: 0.3523, Train: 99.43%, Valid: 94.68%, Test In: 94.98% Test OOD1: 92.18% 
Epoch: 161, Loss: 0.3497, Train: 99.48%, Valid: 94.98%, Test In: 95.03% Test OOD1: 92.49% 
Epoch: 162, Loss: 0.3495, Train: 99.46%, Valid: 94.83%, Test In: 94.98% Test OOD1: 92.12% 
Epoch: 163, Loss: 0.3540, Train: 99.41%, Valid: 94.73%, Test In: 95.13% Test OOD1: 92.10% 
Epoch: 164, Loss: 0.3422, Train: 99.53%, Valid: 94.73%, Test In: 95.42% Test OOD1: 92.49% 
Epoch: 165, Loss: 0.3299, Train: 99.53%, Valid: 95.13%, Test In: 95.22% Test OOD1: 92.68% 
Epoch: 166, Loss: 0.3253, Train: 99.48%, Valid: 95.13%, Test In: 95.13% Test OOD1: 92.74% 
Epoch: 167, Loss: 0.3393, Train: 99.43%, Valid: 94.88%, Test In: 95.13% Test OOD1: 92.53% 
Epoch: 168, Loss: 0.3321, Train: 99.41%, Valid: 94.73%, Test In: 95.17% Test OOD1: 92.52% 
Epoch: 169, Loss: 0.3281, Train: 99.46%, Valid: 95.03%, Test In: 95.13% Test OOD1: 92.55% 
Epoch: 170, Loss: 0.3396, Train: 99.51%, Valid: 94.68%, Test In: 95.32% Test OOD1: 92.57% 
Epoch: 171, Loss: 0.3376, Train: 99.48%, Valid: 94.68%, Test In: 95.37% Test OOD1: 92.70% 
Epoch: 172, Loss: 0.3263, Train: 99.43%, Valid: 94.78%, Test In: 95.27% Test OOD1: 92.52% 
Epoch: 173, Loss: 0.3159, Train: 99.53%, Valid: 94.93%, Test In: 95.32% Test OOD1: 92.85% 
Epoch: 174, Loss: 0.3301, Train: 99.58%, Valid: 95.13%, Test In: 95.27% Test OOD1: 92.82% 
Epoch: 175, Loss: 0.3128, Train: 99.53%, Valid: 95.17%, Test In: 95.27% Test OOD1: 92.53% 
Epoch: 176, Loss: 0.3425, Train: 99.58%, Valid: 94.68%, Test In: 95.17% Test OOD1: 92.41% 
Epoch: 177, Loss: 0.3129, Train: 99.46%, Valid: 94.68%, Test In: 95.17% Test OOD1: 92.96% 
Epoch: 178, Loss: 0.3310, Train: 99.53%, Valid: 95.08%, Test In: 95.13% Test OOD1: 93.14% 
Epoch: 179, Loss: 0.3045, Train: 99.43%, Valid: 95.17%, Test In: 95.17% Test OOD1: 92.97% 
Epoch: 180, Loss: 0.2881, Train: 99.46%, Valid: 94.88%, Test In: 95.37% Test OOD1: 93.02% 
Epoch: 181, Loss: 0.3110, Train: 99.43%, Valid: 94.83%, Test In: 95.42% Test OOD1: 92.95% 
Epoch: 182, Loss: 0.2901, Train: 99.51%, Valid: 95.03%, Test In: 95.67% Test OOD1: 92.90% 
Epoch: 183, Loss: 0.3079, Train: 99.58%, Valid: 94.93%, Test In: 95.37% Test OOD1: 92.84% 
Epoch: 184, Loss: 0.2978, Train: 99.61%, Valid: 95.22%, Test In: 95.57% Test OOD1: 93.21% 
Epoch: 185, Loss: 0.3238, Train: 99.41%, Valid: 94.93%, Test In: 95.08% Test OOD1: 93.01% 
Epoch: 186, Loss: 0.2997, Train: 99.41%, Valid: 95.08%, Test In: 95.17% Test OOD1: 92.97% 
Epoch: 187, Loss: 0.3020, Train: 99.53%, Valid: 95.27%, Test In: 95.37% Test OOD1: 93.35% 
Epoch: 188, Loss: 0.2883, Train: 99.41%, Valid: 95.08%, Test In: 95.13% Test OOD1: 93.54% 
Epoch: 189, Loss: 0.2992, Train: 99.46%, Valid: 95.17%, Test In: 95.32% Test OOD1: 93.22% 
Epoch: 190, Loss: 0.3081, Train: 99.56%, Valid: 95.17%, Test In: 95.22% Test OOD1: 93.13% 
Epoch: 191, Loss: 0.2986, Train: 99.56%, Valid: 95.37%, Test In: 95.42% Test OOD1: 93.48% 
Epoch: 192, Loss: 0.3033, Train: 99.56%, Valid: 95.08%, Test In: 95.13% Test OOD1: 93.35% 
Epoch: 193, Loss: 0.2915, Train: 99.58%, Valid: 94.98%, Test In: 95.13% Test OOD1: 93.70% 
Epoch: 194, Loss: 0.2912, Train: 99.61%, Valid: 94.78%, Test In: 95.13% Test OOD1: 94.08% 
Epoch: 195, Loss: 0.3005, Train: 99.63%, Valid: 95.13%, Test In: 95.27% Test OOD1: 93.92% 
Epoch: 196, Loss: 0.2890, Train: 99.53%, Valid: 94.83%, Test In: 95.17% Test OOD1: 93.70% 
Epoch: 197, Loss: 0.3080, Train: 99.66%, Valid: 95.17%, Test In: 95.52% Test OOD1: 93.87% 
Epoch: 198, Loss: 0.2812, Train: 99.63%, Valid: 94.93%, Test In: 95.37% Test OOD1: 94.23% 
Epoch: 199, Loss: 0.2848, Train: 99.58%, Valid: 94.98%, Test In: 95.37% Test OOD1: 94.29% 
Epoch: 200, Loss: 0.2892, Train: 99.58%, Valid: 95.22%, Test In: 95.52% Test OOD1: 94.24% 
Epoch: 201, Loss: 0.2763, Train: 99.51%, Valid: 94.98%, Test In: 95.37% Test OOD1: 93.71% 
Epoch: 202, Loss: 0.3236, Train: 99.48%, Valid: 95.13%, Test In: 95.52% Test OOD1: 93.81% 
Epoch: 203, Loss: 0.2800, Train: 99.63%, Valid: 95.22%, Test In: 95.57% Test OOD1: 94.03% 
Epoch: 204, Loss: 0.2826, Train: 99.63%, Valid: 95.22%, Test In: 95.57% Test OOD1: 94.15% 
Epoch: 205, Loss: 0.3092, Train: 99.66%, Valid: 95.42%, Test In: 95.52% Test OOD1: 94.18% 
Epoch: 206, Loss: 0.2697, Train: 99.61%, Valid: 95.42%, Test In: 95.57% Test OOD1: 94.18% 
Epoch: 207, Loss: 0.2865, Train: 99.56%, Valid: 94.98%, Test In: 95.42% Test OOD1: 93.93% 
Epoch: 208, Loss: 0.2665, Train: 99.56%, Valid: 95.27%, Test In: 95.57% Test OOD1: 93.78% 
Epoch: 209, Loss: 0.2831, Train: 99.58%, Valid: 95.13%, Test In: 95.37% Test OOD1: 93.62% 
Epoch: 210, Loss: 0.2889, Train: 99.51%, Valid: 95.22%, Test In: 95.17% Test OOD1: 93.96% 
Epoch: 211, Loss: 0.3067, Train: 99.56%, Valid: 95.32%, Test In: 95.42% Test OOD1: 93.72% 
Epoch: 212, Loss: 0.3026, Train: 99.58%, Valid: 95.17%, Test In: 95.37% Test OOD1: 93.46% 
Epoch: 213, Loss: 0.2857, Train: 99.68%, Valid: 95.32%, Test In: 95.67% Test OOD1: 93.59% 
Epoch: 214, Loss: 0.3080, Train: 99.75%, Valid: 95.03%, Test In: 95.37% Test OOD1: 94.10% 
Epoch: 215, Loss: 0.2699, Train: 99.66%, Valid: 95.13%, Test In: 95.57% Test OOD1: 94.19% 
Epoch: 216, Loss: 0.2823, Train: 99.66%, Valid: 95.13%, Test In: 95.52% Test OOD1: 93.93% 
Epoch: 217, Loss: 0.2625, Train: 99.66%, Valid: 95.03%, Test In: 95.62% Test OOD1: 93.94% 
Epoch: 218, Loss: 0.2871, Train: 99.66%, Valid: 95.08%, Test In: 95.42% Test OOD1: 94.35% 
Epoch: 219, Loss: 0.2618, Train: 99.68%, Valid: 95.13%, Test In: 95.37% Test OOD1: 94.35% 
Epoch: 220, Loss: 0.3131, Train: 99.70%, Valid: 95.32%, Test In: 95.81% Test OOD1: 93.98% 
Epoch: 221, Loss: 0.2672, Train: 99.70%, Valid: 95.17%, Test In: 95.62% Test OOD1: 94.28% 
Epoch: 222, Loss: 0.3006, Train: 99.66%, Valid: 95.03%, Test In: 95.57% Test OOD1: 94.40% 
Epoch: 223, Loss: 0.2508, Train: 99.70%, Valid: 95.08%, Test In: 95.57% Test OOD1: 94.47% 
Epoch: 224, Loss: 0.2948, Train: 99.70%, Valid: 95.13%, Test In: 95.62% Test OOD1: 94.61% 
Epoch: 225, Loss: 0.2606, Train: 99.68%, Valid: 95.17%, Test In: 95.67% Test OOD1: 94.31% 
Epoch: 226, Loss: 0.2678, Train: 99.63%, Valid: 95.42%, Test In: 95.32% Test OOD1: 94.47% 
Epoch: 227, Loss: 0.2650, Train: 99.58%, Valid: 95.27%, Test In: 95.37% Test OOD1: 94.39% 
Epoch: 228, Loss: 0.2837, Train: 99.68%, Valid: 95.27%, Test In: 95.47% Test OOD1: 94.24% 
Epoch: 229, Loss: 0.2652, Train: 99.70%, Valid: 95.08%, Test In: 95.42% Test OOD1: 94.49% 
Epoch: 230, Loss: 0.2616, Train: 99.66%, Valid: 95.17%, Test In: 95.57% Test OOD1: 94.50% 
Epoch: 231, Loss: 0.2398, Train: 99.58%, Valid: 95.13%, Test In: 95.42% Test OOD1: 94.01% 
Epoch: 232, Loss: 0.2621, Train: 99.56%, Valid: 94.83%, Test In: 95.37% Test OOD1: 93.89% 
Epoch: 233, Loss: 0.2643, Train: 99.63%, Valid: 94.83%, Test In: 95.62% Test OOD1: 94.29% 
Epoch: 234, Loss: 0.2635, Train: 99.66%, Valid: 95.08%, Test In: 95.57% Test OOD1: 94.44% 
Epoch: 235, Loss: 0.2475, Train: 99.70%, Valid: 95.08%, Test In: 95.62% Test OOD1: 94.53% 
Epoch: 236, Loss: 0.2381, Train: 99.70%, Valid: 95.03%, Test In: 95.57% Test OOD1: 94.26% 
Epoch: 237, Loss: 0.2575, Train: 99.68%, Valid: 95.13%, Test In: 95.86% Test OOD1: 94.44% 
Epoch: 238, Loss: 0.2414, Train: 99.66%, Valid: 95.13%, Test In: 95.81% Test OOD1: 94.50% 
Epoch: 239, Loss: 0.2389, Train: 99.73%, Valid: 95.03%, Test In: 95.62% Test OOD1: 94.53% 
Epoch: 240, Loss: 0.2330, Train: 99.75%, Valid: 95.08%, Test In: 95.52% Test OOD1: 94.56% 
Epoch: 241, Loss: 0.2506, Train: 99.78%, Valid: 95.17%, Test In: 95.62% Test OOD1: 94.76% 
Epoch: 242, Loss: 0.2516, Train: 99.73%, Valid: 95.32%, Test In: 95.77% Test OOD1: 94.51% 
Epoch: 243, Loss: 0.2546, Train: 99.73%, Valid: 95.22%, Test In: 95.57% Test OOD1: 94.55% 
Epoch: 244, Loss: 0.2382, Train: 99.83%, Valid: 95.13%, Test In: 95.67% Test OOD1: 94.61% 
Epoch: 245, Loss: 0.2409, Train: 99.75%, Valid: 95.03%, Test In: 95.42% Test OOD1: 94.74% 
Epoch: 246, Loss: 0.2362, Train: 99.73%, Valid: 95.22%, Test In: 95.57% Test OOD1: 94.56% 
Epoch: 247, Loss: 0.2415, Train: 99.80%, Valid: 95.17%, Test In: 95.67% Test OOD1: 94.13% 
Epoch: 248, Loss: 0.2556, Train: 99.85%, Valid: 95.17%, Test In: 95.62% Test OOD1: 94.23% 
Epoch: 249, Loss: 0.2371, Train: 99.88%, Valid: 95.13%, Test In: 95.47% Test OOD1: 94.65% 
Epoch: 250, Loss: 0.2268, Train: 99.78%, Valid: 94.98%, Test In: 95.32% Test OOD1: 94.92% 
Epoch: 251, Loss: 0.2648, Train: 99.73%, Valid: 94.93%, Test In: 95.27% Test OOD1: 94.87% 
Epoch: 252, Loss: 0.2326, Train: 99.80%, Valid: 95.03%, Test In: 95.42% Test OOD1: 94.52% 
Epoch: 253, Loss: 0.2365, Train: 99.75%, Valid: 95.27%, Test In: 95.27% Test OOD1: 94.73% 
Epoch: 254, Loss: 0.2413, Train: 99.80%, Valid: 95.13%, Test In: 95.42% Test OOD1: 94.69% 
Epoch: 255, Loss: 0.2476, Train: 99.75%, Valid: 95.22%, Test In: 95.32% Test OOD1: 94.55% 
Epoch: 256, Loss: 0.2085, Train: 99.80%, Valid: 95.37%, Test In: 95.37% Test OOD1: 94.63% 
Epoch: 257, Loss: 0.2285, Train: 99.73%, Valid: 95.22%, Test In: 95.57% Test OOD1: 95.05% 
Epoch: 258, Loss: 0.2394, Train: 99.75%, Valid: 95.27%, Test In: 95.57% Test OOD1: 95.01% 
Epoch: 259, Loss: 0.2282, Train: 99.70%, Valid: 95.08%, Test In: 95.52% Test OOD1: 94.47% 
Epoch: 260, Loss: 0.2397, Train: 99.73%, Valid: 95.03%, Test In: 95.52% Test OOD1: 94.34% 
Epoch: 261, Loss: 0.2324, Train: 99.73%, Valid: 95.17%, Test In: 95.47% Test OOD1: 95.11% 
Epoch: 262, Loss: 0.2446, Train: 99.75%, Valid: 95.37%, Test In: 95.52% Test OOD1: 95.03% 
Epoch: 263, Loss: 0.2445, Train: 99.73%, Valid: 95.47%, Test In: 95.67% Test OOD1: 94.56% 
Epoch: 264, Loss: 0.2345, Train: 99.70%, Valid: 95.22%, Test In: 95.42% Test OOD1: 94.45% 
Epoch: 265, Loss: 0.2298, Train: 99.78%, Valid: 94.88%, Test In: 95.22% Test OOD1: 95.01% 
Epoch: 266, Loss: 0.2417, Train: 99.78%, Valid: 95.22%, Test In: 95.22% Test OOD1: 95.11% 
Epoch: 267, Loss: 0.2295, Train: 99.83%, Valid: 95.13%, Test In: 95.52% Test OOD1: 94.85% 
Epoch: 268, Loss: 0.2375, Train: 99.73%, Valid: 95.17%, Test In: 95.57% Test OOD1: 94.08% 
Epoch: 269, Loss: 0.2386, Train: 99.73%, Valid: 95.03%, Test In: 95.47% Test OOD1: 94.51% 
Epoch: 270, Loss: 0.2427, Train: 99.75%, Valid: 95.03%, Test In: 95.32% Test OOD1: 94.76% 
Epoch: 271, Loss: 0.2329, Train: 99.73%, Valid: 94.98%, Test In: 95.32% Test OOD1: 94.87% 
Epoch: 272, Loss: 0.2080, Train: 99.70%, Valid: 95.13%, Test In: 95.62% Test OOD1: 94.76% 
Epoch: 273, Loss: 0.2210, Train: 99.70%, Valid: 95.22%, Test In: 95.62% Test OOD1: 94.97% 
Epoch: 274, Loss: 0.2353, Train: 99.75%, Valid: 95.22%, Test In: 95.62% Test OOD1: 94.89% 
Epoch: 275, Loss: 0.2507, Train: 99.70%, Valid: 95.27%, Test In: 95.67% Test OOD1: 94.66% 
Epoch: 276, Loss: 0.2354, Train: 99.75%, Valid: 95.08%, Test In: 95.52% Test OOD1: 95.17% 
Epoch: 277, Loss: 0.2328, Train: 99.73%, Valid: 95.32%, Test In: 95.52% Test OOD1: 95.42% 
Epoch: 278, Loss: 0.2633, Train: 99.78%, Valid: 95.27%, Test In: 95.52% Test OOD1: 95.45% 
Epoch: 279, Loss: 0.2237, Train: 99.68%, Valid: 95.13%, Test In: 95.62% Test OOD1: 95.06% 
Epoch: 280, Loss: 0.2367, Train: 99.68%, Valid: 95.17%, Test In: 95.62% Test OOD1: 94.97% 
Epoch: 281, Loss: 0.2472, Train: 99.73%, Valid: 95.17%, Test In: 95.47% Test OOD1: 95.54% 
Epoch: 282, Loss: 0.2349, Train: 99.75%, Valid: 95.08%, Test In: 95.42% Test OOD1: 95.62% 
Epoch: 283, Loss: 0.2333, Train: 99.78%, Valid: 95.27%, Test In: 95.72% Test OOD1: 95.42% 
Epoch: 284, Loss: 0.2124, Train: 99.83%, Valid: 95.22%, Test In: 95.67% Test OOD1: 94.97% 
Epoch: 285, Loss: 0.2374, Train: 99.80%, Valid: 95.32%, Test In: 95.72% Test OOD1: 94.77% 
Epoch: 286, Loss: 0.2179, Train: 99.78%, Valid: 95.22%, Test In: 95.81% Test OOD1: 94.99% 
Epoch: 287, Loss: 0.2124, Train: 99.80%, Valid: 95.17%, Test In: 95.81% Test OOD1: 95.36% 
Epoch: 288, Loss: 0.2039, Train: 99.75%, Valid: 95.37%, Test In: 95.81% Test OOD1: 95.31% 
Epoch: 289, Loss: 0.2356, Train: 99.80%, Valid: 95.32%, Test In: 95.81% Test OOD1: 95.45% 
Epoch: 290, Loss: 0.2067, Train: 99.80%, Valid: 95.22%, Test In: 95.62% Test OOD1: 95.38% 
Epoch: 291, Loss: 0.2208, Train: 99.85%, Valid: 95.17%, Test In: 95.81% Test OOD1: 95.25% 
Epoch: 292, Loss: 0.2152, Train: 99.80%, Valid: 95.37%, Test In: 95.96% Test OOD1: 94.52% 
Epoch: 293, Loss: 0.2326, Train: 99.80%, Valid: 95.37%, Test In: 95.86% Test OOD1: 94.72% 
Epoch: 294, Loss: 0.2180, Train: 99.85%, Valid: 95.22%, Test In: 95.52% Test OOD1: 95.38% 
Epoch: 295, Loss: 0.2142, Train: 99.85%, Valid: 95.08%, Test In: 95.52% Test OOD1: 95.64% 
Epoch: 296, Loss: 0.2202, Train: 99.85%, Valid: 95.27%, Test In: 95.77% Test OOD1: 95.38% 
Epoch: 297, Loss: 0.2104, Train: 99.83%, Valid: 95.08%, Test In: 95.96% Test OOD1: 94.58% 
Epoch: 298, Loss: 0.2085, Train: 99.80%, Valid: 95.32%, Test In: 95.91% Test OOD1: 95.00% 
Epoch: 299, Loss: 0.1995, Train: 99.83%, Valid: 95.17%, Test In: 95.72% Test OOD1: 95.25% 
Epoch: 300, Loss: 0.2194, Train: 99.80%, Valid: 94.88%, Test In: 95.57% Test OOD1: 95.54% 
Epoch: 301, Loss: 0.2060, Train: 99.80%, Valid: 95.08%, Test In: 95.57% Test OOD1: 95.22% 
Epoch: 302, Loss: 0.2200, Train: 99.80%, Valid: 95.47%, Test In: 95.77% Test OOD1: 95.30% 
Epoch: 303, Loss: 0.1969, Train: 99.85%, Valid: 95.22%, Test In: 95.67% Test OOD1: 95.46% 
Epoch: 304, Loss: 0.2051, Train: 99.85%, Valid: 95.17%, Test In: 95.67% Test OOD1: 95.42% 
Epoch: 305, Loss: 0.2011, Train: 99.85%, Valid: 95.27%, Test In: 95.47% Test OOD1: 95.38% 
Epoch: 306, Loss: 0.2097, Train: 99.88%, Valid: 95.17%, Test In: 95.77% Test OOD1: 95.36% 
Epoch: 307, Loss: 0.2008, Train: 99.80%, Valid: 95.27%, Test In: 95.72% Test OOD1: 95.21% 
Epoch: 308, Loss: 0.2024, Train: 99.78%, Valid: 95.32%, Test In: 95.96% Test OOD1: 95.06% 
Epoch: 309, Loss: 0.1903, Train: 99.75%, Valid: 95.32%, Test In: 95.91% Test OOD1: 95.16% 
Epoch: 310, Loss: 0.2001, Train: 99.78%, Valid: 95.27%, Test In: 95.67% Test OOD1: 94.95% 
Epoch: 311, Loss: 0.2095, Train: 99.83%, Valid: 95.27%, Test In: 95.86% Test OOD1: 95.01% 
Epoch: 312, Loss: 0.1898, Train: 99.83%, Valid: 95.27%, Test In: 95.77% Test OOD1: 95.29% 
Epoch: 313, Loss: 0.1958, Train: 99.78%, Valid: 95.37%, Test In: 95.81% Test OOD1: 95.41% 
Epoch: 314, Loss: 0.2096, Train: 99.78%, Valid: 95.32%, Test In: 95.91% Test OOD1: 95.17% 
Epoch: 315, Loss: 0.1935, Train: 99.80%, Valid: 95.17%, Test In: 96.11% Test OOD1: 94.71% 
Epoch: 316, Loss: 0.1949, Train: 99.83%, Valid: 95.27%, Test In: 96.11% Test OOD1: 94.45% 
Epoch: 317, Loss: 0.2133, Train: 99.80%, Valid: 95.22%, Test In: 95.81% Test OOD1: 95.24% 
Epoch: 318, Loss: 0.1823, Train: 99.80%, Valid: 95.27%, Test In: 95.62% Test OOD1: 95.69% 
Epoch: 319, Loss: 0.2184, Train: 99.83%, Valid: 95.37%, Test In: 95.91% Test OOD1: 95.09% 
Epoch: 320, Loss: 0.1959, Train: 99.80%, Valid: 95.42%, Test In: 95.96% Test OOD1: 94.49% 
Epoch: 321, Loss: 0.1965, Train: 99.80%, Valid: 95.37%, Test In: 96.06% Test OOD1: 94.50% 
Epoch: 322, Loss: 0.1934, Train: 99.85%, Valid: 95.42%, Test In: 95.72% Test OOD1: 95.25% 
Epoch: 323, Loss: 0.1968, Train: 99.88%, Valid: 95.17%, Test In: 95.72% Test OOD1: 95.45% 
Epoch: 324, Loss: 0.2172, Train: 99.85%, Valid: 95.17%, Test In: 95.77% Test OOD1: 95.01% 
Epoch: 325, Loss: 0.2047, Train: 99.85%, Valid: 95.47%, Test In: 95.91% Test OOD1: 94.21% 
Epoch: 326, Loss: 0.1950, Train: 99.80%, Valid: 95.37%, Test In: 95.81% Test OOD1: 94.39% 
Epoch: 327, Loss: 0.2044, Train: 99.80%, Valid: 95.08%, Test In: 95.81% Test OOD1: 95.24% 
Epoch: 328, Loss: 0.2059, Train: 99.85%, Valid: 95.13%, Test In: 95.86% Test OOD1: 95.40% 
Epoch: 329, Loss: 0.1990, Train: 99.85%, Valid: 95.13%, Test In: 95.96% Test OOD1: 95.19% 
Epoch: 330, Loss: 0.2090, Train: 99.83%, Valid: 95.27%, Test In: 95.77% Test OOD1: 95.15% 
Epoch: 331, Loss: 0.1770, Train: 99.78%, Valid: 95.22%, Test In: 95.47% Test OOD1: 95.25% 
Epoch: 332, Loss: 0.2254, Train: 99.83%, Valid: 95.42%, Test In: 95.77% Test OOD1: 95.38% 
Epoch: 333, Loss: 0.1838, Train: 99.85%, Valid: 95.37%, Test In: 95.81% Test OOD1: 95.53% 
Epoch: 334, Loss: 0.2019, Train: 99.80%, Valid: 95.27%, Test In: 95.96% Test OOD1: 95.48% 
Epoch: 335, Loss: 0.2180, Train: 99.90%, Valid: 95.37%, Test In: 95.77% Test OOD1: 95.70% 
Epoch: 336, Loss: 0.1922, Train: 99.83%, Valid: 95.47%, Test In: 95.47% Test OOD1: 95.77% 
Epoch: 337, Loss: 0.2130, Train: 99.85%, Valid: 95.47%, Test In: 95.57% Test OOD1: 95.75% 
Epoch: 338, Loss: 0.1990, Train: 99.85%, Valid: 95.47%, Test In: 95.81% Test OOD1: 95.13% 
Epoch: 339, Loss: 0.1941, Train: 99.85%, Valid: 95.32%, Test In: 95.67% Test OOD1: 95.11% 
Epoch: 340, Loss: 0.1870, Train: 99.85%, Valid: 95.27%, Test In: 95.86% Test OOD1: 95.33% 
Epoch: 341, Loss: 0.1867, Train: 99.88%, Valid: 95.47%, Test In: 95.86% Test OOD1: 95.72% 
Epoch: 342, Loss: 0.1830, Train: 99.83%, Valid: 95.57%, Test In: 95.81% Test OOD1: 95.80% 
Epoch: 343, Loss: 0.1985, Train: 99.83%, Valid: 95.62%, Test In: 95.96% Test OOD1: 95.90% 
Epoch: 344, Loss: 0.1957, Train: 99.83%, Valid: 95.52%, Test In: 96.01% Test OOD1: 95.89% 
Epoch: 345, Loss: 0.1758, Train: 99.85%, Valid: 95.47%, Test In: 95.91% Test OOD1: 95.83% 
Epoch: 346, Loss: 0.1791, Train: 99.88%, Valid: 95.57%, Test In: 95.81% Test OOD1: 95.59% 
Epoch: 347, Loss: 0.1886, Train: 99.85%, Valid: 95.67%, Test In: 95.81% Test OOD1: 95.73% 
Epoch: 348, Loss: 0.1854, Train: 99.88%, Valid: 95.42%, Test In: 95.81% Test OOD1: 96.00% 
Epoch: 349, Loss: 0.1803, Train: 99.83%, Valid: 95.42%, Test In: 96.21% Test OOD1: 96.16% 
Epoch: 350, Loss: 0.1897, Train: 99.85%, Valid: 95.52%, Test In: 95.96% Test OOD1: 95.90% 
Epoch: 351, Loss: 0.1812, Train: 99.80%, Valid: 95.13%, Test In: 95.86% Test OOD1: 95.88% 
Epoch: 352, Loss: 0.1780, Train: 99.93%, Valid: 95.22%, Test In: 95.77% Test OOD1: 96.10% 
Epoch: 353, Loss: 0.1835, Train: 99.88%, Valid: 95.17%, Test In: 95.72% Test OOD1: 96.27% 
Epoch: 354, Loss: 0.1935, Train: 99.85%, Valid: 95.27%, Test In: 96.06% Test OOD1: 96.10% 
Epoch: 355, Loss: 0.1915, Train: 99.85%, Valid: 95.32%, Test In: 96.16% Test OOD1: 95.99% 
Epoch: 356, Loss: 0.1778, Train: 99.88%, Valid: 95.52%, Test In: 96.01% Test OOD1: 95.77% 
Epoch: 357, Loss: 0.1682, Train: 99.85%, Valid: 95.17%, Test In: 95.77% Test OOD1: 95.84% 
Epoch: 358, Loss: 0.2030, Train: 99.83%, Valid: 95.13%, Test In: 95.81% Test OOD1: 96.22% 
Epoch: 359, Loss: 0.1739, Train: 99.85%, Valid: 95.47%, Test In: 96.01% Test OOD1: 96.09% 
Epoch: 360, Loss: 0.1825, Train: 99.83%, Valid: 95.57%, Test In: 96.06% Test OOD1: 95.94% 
Epoch: 361, Loss: 0.1981, Train: 99.83%, Valid: 95.37%, Test In: 96.31% Test OOD1: 95.78% 
Epoch: 362, Loss: 0.1776, Train: 99.88%, Valid: 95.22%, Test In: 96.31% Test OOD1: 95.47% 
Epoch: 363, Loss: 0.1909, Train: 99.90%, Valid: 95.27%, Test In: 96.26% Test OOD1: 95.56% 
Epoch: 364, Loss: 0.2046, Train: 99.88%, Valid: 95.62%, Test In: 96.36% Test OOD1: 96.04% 
Epoch: 365, Loss: 0.1708, Train: 99.85%, Valid: 95.37%, Test In: 96.16% Test OOD1: 95.96% 
Epoch: 366, Loss: 0.1837, Train: 99.85%, Valid: 95.32%, Test In: 96.01% Test OOD1: 95.95% 
Epoch: 367, Loss: 0.1886, Train: 99.80%, Valid: 95.37%, Test In: 96.21% Test OOD1: 95.65% 
Epoch: 368, Loss: 0.1855, Train: 99.85%, Valid: 95.32%, Test In: 96.16% Test OOD1: 95.61% 
Epoch: 369, Loss: 0.1855, Train: 99.85%, Valid: 95.13%, Test In: 95.96% Test OOD1: 96.12% 
Epoch: 370, Loss: 0.1630, Train: 99.83%, Valid: 95.27%, Test In: 96.16% Test OOD1: 96.18% 
Epoch: 371, Loss: 0.1736, Train: 99.88%, Valid: 95.42%, Test In: 96.21% Test OOD1: 95.99% 
Epoch: 372, Loss: 0.1984, Train: 99.88%, Valid: 95.22%, Test In: 96.11% Test OOD1: 95.91% 
Epoch: 373, Loss: 0.1641, Train: 99.85%, Valid: 95.17%, Test In: 96.01% Test OOD1: 95.67% 
Epoch: 374, Loss: 0.1537, Train: 99.85%, Valid: 95.17%, Test In: 96.01% Test OOD1: 95.91% 
Epoch: 375, Loss: 0.1903, Train: 99.88%, Valid: 95.52%, Test In: 96.11% Test OOD1: 95.80% 
Epoch: 376, Loss: 0.1598, Train: 99.88%, Valid: 95.42%, Test In: 96.26% Test OOD1: 95.56% 
Epoch: 377, Loss: 0.1719, Train: 99.88%, Valid: 95.62%, Test In: 96.06% Test OOD1: 95.13% 
Epoch: 378, Loss: 0.1875, Train: 99.88%, Valid: 95.32%, Test In: 96.01% Test OOD1: 95.62% 
Epoch: 379, Loss: 0.1802, Train: 99.88%, Valid: 95.32%, Test In: 95.91% Test OOD1: 96.06% 
Epoch: 380, Loss: 0.1713, Train: 99.85%, Valid: 95.52%, Test In: 96.16% Test OOD1: 95.99% 
Epoch: 381, Loss: 0.1669, Train: 99.88%, Valid: 95.52%, Test In: 96.16% Test OOD1: 95.58% 
Epoch: 382, Loss: 0.1737, Train: 99.88%, Valid: 95.42%, Test In: 96.26% Test OOD1: 95.54% 
Epoch: 383, Loss: 0.1555, Train: 99.93%, Valid: 95.32%, Test In: 95.77% Test OOD1: 96.02% 
Epoch: 384, Loss: 0.1725, Train: 99.93%, Valid: 95.42%, Test In: 95.91% Test OOD1: 96.06% 
Epoch: 385, Loss: 0.1677, Train: 99.90%, Valid: 95.37%, Test In: 95.86% Test OOD1: 96.06% 
Epoch: 386, Loss: 0.1658, Train: 99.90%, Valid: 95.37%, Test In: 95.96% Test OOD1: 96.06% 
Epoch: 387, Loss: 0.1697, Train: 99.90%, Valid: 95.32%, Test In: 95.91% Test OOD1: 95.91% 
Epoch: 388, Loss: 0.1699, Train: 99.90%, Valid: 95.62%, Test In: 96.01% Test OOD1: 95.64% 
Epoch: 389, Loss: 0.1575, Train: 99.88%, Valid: 95.52%, Test In: 96.26% Test OOD1: 95.83% 
Epoch: 390, Loss: 0.1746, Train: 99.85%, Valid: 95.27%, Test In: 96.06% Test OOD1: 96.28% 
Epoch: 391, Loss: 0.1696, Train: 99.90%, Valid: 95.37%, Test In: 96.11% Test OOD1: 96.15% 
Epoch: 392, Loss: 0.1464, Train: 99.90%, Valid: 95.62%, Test In: 96.16% Test OOD1: 95.64% 
Epoch: 393, Loss: 0.1633, Train: 99.93%, Valid: 95.62%, Test In: 96.01% Test OOD1: 95.79% 
Epoch: 394, Loss: 0.1565, Train: 99.93%, Valid: 95.47%, Test In: 96.16% Test OOD1: 96.12% 
Epoch: 395, Loss: 0.1656, Train: 99.93%, Valid: 95.27%, Test In: 96.06% Test OOD1: 96.25% 
Epoch: 396, Loss: 0.1572, Train: 99.90%, Valid: 95.22%, Test In: 95.86% Test OOD1: 96.22% 
Epoch: 397, Loss: 0.1594, Train: 99.88%, Valid: 95.72%, Test In: 96.06% Test OOD1: 95.91% 
Epoch: 398, Loss: 0.1662, Train: 99.90%, Valid: 95.47%, Test In: 96.01% Test OOD1: 96.34% 
Epoch: 399, Loss: 0.1649, Train: 99.88%, Valid: 95.47%, Test In: 96.11% Test OOD1: 96.48% 
Epoch: 400, Loss: 0.1712, Train: 99.90%, Valid: 95.47%, Test In: 96.01% Test OOD1: 96.38% 
Epoch: 401, Loss: 0.1539, Train: 99.95%, Valid: 95.57%, Test In: 96.16% Test OOD1: 96.04% 
Epoch: 402, Loss: 0.1512, Train: 99.93%, Valid: 95.67%, Test In: 96.21% Test OOD1: 96.05% 
Epoch: 403, Loss: 0.1737, Train: 99.90%, Valid: 95.27%, Test In: 95.96% Test OOD1: 96.31% 
Epoch: 404, Loss: 0.1455, Train: 99.90%, Valid: 95.47%, Test In: 95.91% Test OOD1: 96.26% 
Epoch: 405, Loss: 0.1548, Train: 99.90%, Valid: 95.62%, Test In: 95.96% Test OOD1: 96.02% 
Epoch: 406, Loss: 0.1656, Train: 99.88%, Valid: 95.42%, Test In: 96.01% Test OOD1: 96.25% 
Epoch: 407, Loss: 0.1489, Train: 99.88%, Valid: 95.37%, Test In: 96.01% Test OOD1: 96.63% 
Epoch: 408, Loss: 0.1799, Train: 99.88%, Valid: 95.57%, Test In: 96.06% Test OOD1: 96.31% 
Epoch: 409, Loss: 0.1442, Train: 99.93%, Valid: 95.47%, Test In: 96.16% Test OOD1: 95.97% 
Epoch: 410, Loss: 0.1573, Train: 99.88%, Valid: 95.22%, Test In: 96.06% Test OOD1: 96.32% 
Epoch: 411, Loss: 0.1479, Train: 99.85%, Valid: 95.08%, Test In: 96.11% Test OOD1: 96.57% 
Epoch: 412, Loss: 0.1764, Train: 99.88%, Valid: 95.52%, Test In: 96.16% Test OOD1: 96.45% 
Epoch: 413, Loss: 0.1679, Train: 99.93%, Valid: 95.52%, Test In: 96.06% Test OOD1: 96.41% 
Epoch: 414, Loss: 0.1491, Train: 99.93%, Valid: 95.52%, Test In: 96.21% Test OOD1: 96.36% 
Epoch: 415, Loss: 0.1625, Train: 99.93%, Valid: 95.47%, Test In: 96.06% Test OOD1: 96.59% 
Epoch: 416, Loss: 0.1706, Train: 99.93%, Valid: 95.27%, Test In: 95.96% Test OOD1: 96.70% 
Epoch: 417, Loss: 0.1821, Train: 99.93%, Valid: 95.27%, Test In: 95.96% Test OOD1: 96.59% 
Epoch: 418, Loss: 0.1479, Train: 99.90%, Valid: 95.47%, Test In: 96.16% Test OOD1: 96.07% 
Epoch: 419, Loss: 0.1880, Train: 99.93%, Valid: 95.62%, Test In: 95.86% Test OOD1: 96.09% 
Epoch: 420, Loss: 0.1627, Train: 99.95%, Valid: 95.47%, Test In: 95.86% Test OOD1: 96.02% 
Epoch: 421, Loss: 0.1623, Train: 99.90%, Valid: 95.42%, Test In: 95.91% Test OOD1: 96.45% 
Epoch: 422, Loss: 0.1570, Train: 99.90%, Valid: 95.17%, Test In: 96.06% Test OOD1: 96.64% 
Epoch: 423, Loss: 0.1785, Train: 99.90%, Valid: 95.17%, Test In: 96.06% Test OOD1: 96.76% 
Epoch: 424, Loss: 0.1692, Train: 99.88%, Valid: 95.62%, Test In: 96.06% Test OOD1: 96.55% 
Epoch: 425, Loss: 0.1744, Train: 99.88%, Valid: 95.72%, Test In: 95.86% Test OOD1: 95.90% 
Epoch: 426, Loss: 0.1768, Train: 99.85%, Valid: 95.57%, Test In: 95.91% Test OOD1: 96.05% 
Epoch: 427, Loss: 0.1958, Train: 99.90%, Valid: 95.32%, Test In: 95.91% Test OOD1: 96.41% 
Epoch: 428, Loss: 0.1797, Train: 99.90%, Valid: 95.42%, Test In: 95.96% Test OOD1: 96.42% 
Epoch: 429, Loss: 0.1628, Train: 99.93%, Valid: 95.37%, Test In: 96.11% Test OOD1: 95.95% 
Epoch: 430, Loss: 0.1717, Train: 99.93%, Valid: 95.52%, Test In: 96.06% Test OOD1: 96.22% 
Epoch: 431, Loss: 0.1807, Train: 99.95%, Valid: 95.32%, Test In: 95.96% Test OOD1: 96.47% 
Epoch: 432, Loss: 0.1601, Train: 99.90%, Valid: 95.32%, Test In: 95.81% Test OOD1: 96.48% 
Epoch: 433, Loss: 0.1786, Train: 99.98%, Valid: 95.47%, Test In: 96.06% Test OOD1: 95.93% 
Epoch: 434, Loss: 0.1736, Train: 99.93%, Valid: 95.72%, Test In: 96.45% Test OOD1: 95.96% 
Epoch: 435, Loss: 0.1618, Train: 99.95%, Valid: 95.57%, Test In: 96.16% Test OOD1: 96.38% 
Epoch: 436, Loss: 0.1767, Train: 99.93%, Valid: 95.42%, Test In: 96.26% Test OOD1: 96.49% 
Epoch: 437, Loss: 0.1529, Train: 99.90%, Valid: 95.57%, Test In: 95.96% Test OOD1: 96.25% 
Epoch: 438, Loss: 0.1807, Train: 99.93%, Valid: 95.67%, Test In: 95.96% Test OOD1: 95.88% 
Epoch: 439, Loss: 0.1546, Train: 99.95%, Valid: 95.67%, Test In: 96.01% Test OOD1: 95.63% 
Epoch: 440, Loss: 0.1505, Train: 99.93%, Valid: 95.72%, Test In: 96.11% Test OOD1: 96.17% 
Epoch: 441, Loss: 0.1653, Train: 99.95%, Valid: 95.47%, Test In: 95.81% Test OOD1: 96.54% 
Epoch: 442, Loss: 0.1342, Train: 99.88%, Valid: 95.47%, Test In: 95.91% Test OOD1: 96.47% 
Epoch: 443, Loss: 0.1364, Train: 99.93%, Valid: 95.52%, Test In: 96.01% Test OOD1: 96.45% 
Epoch: 444, Loss: 0.1516, Train: 99.93%, Valid: 95.86%, Test In: 96.06% Test OOD1: 96.10% 
Epoch: 445, Loss: 0.1386, Train: 99.95%, Valid: 95.81%, Test In: 96.31% Test OOD1: 96.20% 
Epoch: 446, Loss: 0.1585, Train: 99.93%, Valid: 95.81%, Test In: 96.26% Test OOD1: 96.53% 
Epoch: 447, Loss: 0.1571, Train: 99.93%, Valid: 95.47%, Test In: 95.81% Test OOD1: 96.66% 
Epoch: 448, Loss: 0.1462, Train: 99.95%, Valid: 95.52%, Test In: 96.06% Test OOD1: 96.53% 
Epoch: 449, Loss: 0.1399, Train: 99.93%, Valid: 95.77%, Test In: 96.16% Test OOD1: 96.42% 
Epoch: 450, Loss: 0.1495, Train: 99.90%, Valid: 95.67%, Test In: 96.36% Test OOD1: 96.53% 
Epoch: 451, Loss: 0.1672, Train: 99.88%, Valid: 95.62%, Test In: 96.21% Test OOD1: 96.71% 
Epoch: 452, Loss: 0.1409, Train: 99.90%, Valid: 95.67%, Test In: 96.21% Test OOD1: 96.75% 
Epoch: 453, Loss: 0.1696, Train: 99.93%, Valid: 95.67%, Test In: 96.36% Test OOD1: 96.64% 
Epoch: 454, Loss: 0.1592, Train: 99.93%, Valid: 95.67%, Test In: 95.96% Test OOD1: 96.81% 
Epoch: 455, Loss: 0.1483, Train: 99.93%, Valid: 95.57%, Test In: 96.21% Test OOD1: 96.33% 
Epoch: 456, Loss: 0.1552, Train: 99.93%, Valid: 95.57%, Test In: 96.06% Test OOD1: 96.53% 
Epoch: 457, Loss: 0.1515, Train: 99.95%, Valid: 95.67%, Test In: 96.16% Test OOD1: 96.87% 
Epoch: 458, Loss: 0.1488, Train: 99.95%, Valid: 95.67%, Test In: 96.11% Test OOD1: 96.86% 
Epoch: 459, Loss: 0.1410, Train: 99.95%, Valid: 95.72%, Test In: 96.06% Test OOD1: 96.87% 
Epoch: 460, Loss: 0.1491, Train: 99.95%, Valid: 95.47%, Test In: 95.96% Test OOD1: 96.70% 
Epoch: 461, Loss: 0.1357, Train: 99.93%, Valid: 95.32%, Test In: 95.91% Test OOD1: 96.71% 
Epoch: 462, Loss: 0.1436, Train: 99.90%, Valid: 95.42%, Test In: 95.96% Test OOD1: 96.74% 
Epoch: 463, Loss: 0.1605, Train: 99.93%, Valid: 95.67%, Test In: 96.16% Test OOD1: 96.64% 
Epoch: 464, Loss: 0.1591, Train: 99.93%, Valid: 95.72%, Test In: 96.16% Test OOD1: 96.48% 
Epoch: 465, Loss: 0.1385, Train: 99.93%, Valid: 95.86%, Test In: 95.96% Test OOD1: 96.22% 
Epoch: 466, Loss: 0.1599, Train: 99.98%, Valid: 95.37%, Test In: 95.91% Test OOD1: 96.58% 
Epoch: 467, Loss: 0.1366, Train: 99.95%, Valid: 95.37%, Test In: 95.86% Test OOD1: 96.73% 
Epoch: 468, Loss: 0.1464, Train: 99.98%, Valid: 95.57%, Test In: 96.31% Test OOD1: 96.68% 
Epoch: 469, Loss: 0.1646, Train: 99.98%, Valid: 95.77%, Test In: 96.41% Test OOD1: 96.41% 
Epoch: 470, Loss: 0.1341, Train: 99.98%, Valid: 95.67%, Test In: 96.21% Test OOD1: 96.20% 
Epoch: 471, Loss: 0.1369, Train: 99.98%, Valid: 95.52%, Test In: 96.21% Test OOD1: 96.66% 
Epoch: 472, Loss: 0.1402, Train: 99.93%, Valid: 95.42%, Test In: 96.26% Test OOD1: 96.95% 
Epoch: 473, Loss: 0.1476, Train: 99.95%, Valid: 95.42%, Test In: 96.11% Test OOD1: 97.03% 
Epoch: 474, Loss: 0.1496, Train: 99.95%, Valid: 95.57%, Test In: 96.16% Test OOD1: 96.86% 
Epoch: 475, Loss: 0.1438, Train: 99.95%, Valid: 95.52%, Test In: 96.26% Test OOD1: 96.91% 
Epoch: 476, Loss: 0.1535, Train: 99.95%, Valid: 95.42%, Test In: 96.11% Test OOD1: 96.97% 
Epoch: 477, Loss: 0.1324, Train: 99.93%, Valid: 95.47%, Test In: 96.21% Test OOD1: 96.97% 
Epoch: 478, Loss: 0.1301, Train: 99.93%, Valid: 95.32%, Test In: 96.06% Test OOD1: 97.06% 
Epoch: 479, Loss: 0.1299, Train: 99.93%, Valid: 95.42%, Test In: 95.96% Test OOD1: 97.12% 
Epoch: 480, Loss: 0.1412, Train: 99.95%, Valid: 95.47%, Test In: 95.91% Test OOD1: 97.10% 
Epoch: 481, Loss: 0.1665, Train: 99.93%, Valid: 95.42%, Test In: 96.01% Test OOD1: 97.06% 
Epoch: 482, Loss: 0.1339, Train: 99.93%, Valid: 95.47%, Test In: 96.31% Test OOD1: 97.02% 
Epoch: 483, Loss: 0.1395, Train: 99.90%, Valid: 95.47%, Test In: 96.06% Test OOD1: 97.06% 
Epoch: 484, Loss: 0.1362, Train: 99.93%, Valid: 95.42%, Test In: 96.01% Test OOD1: 96.96% 
Epoch: 485, Loss: 0.1510, Train: 99.95%, Valid: 95.37%, Test In: 96.01% Test OOD1: 96.91% 
Epoch: 486, Loss: 0.1404, Train: 99.98%, Valid: 95.32%, Test In: 96.06% Test OOD1: 96.71% 
Epoch: 487, Loss: 0.1311, Train: 99.98%, Valid: 95.42%, Test In: 96.11% Test OOD1: 96.41% 
Epoch: 488, Loss: 0.1227, Train: 99.98%, Valid: 95.42%, Test In: 95.96% Test OOD1: 96.58% 
Epoch: 489, Loss: 0.1577, Train: 99.98%, Valid: 95.57%, Test In: 96.06% Test OOD1: 96.82% 
Epoch: 490, Loss: 0.1298, Train: 99.98%, Valid: 95.62%, Test In: 96.16% Test OOD1: 96.87% 
Epoch: 491, Loss: 0.1536, Train: 99.95%, Valid: 95.52%, Test In: 95.96% Test OOD1: 96.60% 
Epoch: 492, Loss: 0.1435, Train: 99.98%, Valid: 95.57%, Test In: 96.01% Test OOD1: 96.41% 
Epoch: 493, Loss: 0.1368, Train: 99.98%, Valid: 95.52%, Test In: 96.21% Test OOD1: 96.79% 
Epoch: 494, Loss: 0.1221, Train: 99.98%, Valid: 95.47%, Test In: 96.01% Test OOD1: 96.82% 
Epoch: 495, Loss: 0.1376, Train: 99.98%, Valid: 95.62%, Test In: 96.31% Test OOD1: 96.73% 
Epoch: 496, Loss: 0.1435, Train: 99.98%, Valid: 95.62%, Test In: 96.36% Test OOD1: 96.76% 
Epoch: 497, Loss: 0.1357, Train: 99.98%, Valid: 95.42%, Test In: 96.16% Test OOD1: 96.77% 
Epoch: 498, Loss: 0.1302, Train: 99.98%, Valid: 95.32%, Test In: 95.86% Test OOD1: 96.87% 
Epoch: 499, Loss: 0.1308, Train: 99.98%, Valid: 95.37%, Test In: 96.21% Test OOD1: 96.90% 
Run 01:
Highest Train: 99.98
Highest Valid: 95.86
Highest In Test: 96.45
Highest OOD Test: 97.12
Chosen epoch: 445
Final Train: 99.93
Final In Test: 96.06
Final OOD Test: 96.10
Epoch: 00, Loss: 8.7408, Train: 29.81%, Valid: 30.82%, Test In: 30.38% Test OOD1: 30.22% 
Epoch: 01, Loss: 8.5864, Train: 30.21%, Valid: 31.02%, Test In: 30.92% Test OOD1: 30.26% 
Epoch: 02, Loss: 8.3351, Train: 33.21%, Valid: 33.83%, Test In: 33.87% Test OOD1: 32.29% 
Epoch: 03, Loss: 7.9788, Train: 34.88%, Valid: 35.80%, Test In: 35.65% Test OOD1: 37.81% 
Epoch: 04, Loss: 7.6950, Train: 39.29%, Valid: 39.98%, Test In: 38.95% Test OOD1: 41.90% 
Epoch: 05, Loss: 7.4127, Train: 46.38%, Valid: 46.53%, Test In: 45.54% Test OOD1: 49.58% 
Epoch: 06, Loss: 7.0342, Train: 55.83%, Valid: 55.93%, Test In: 55.39% Test OOD1: 52.06% 
Epoch: 07, Loss: 6.6982, Train: 56.62%, Valid: 56.72%, Test In: 56.03% Test OOD1: 50.74% 
Epoch: 08, Loss: 6.3231, Train: 57.26%, Valid: 57.51%, Test In: 56.52% Test OOD1: 51.06% 
Epoch: 09, Loss: 5.9339, Train: 57.09%, Valid: 57.31%, Test In: 56.38% Test OOD1: 52.51% 
Epoch: 10, Loss: 5.5910, Train: 57.75%, Valid: 58.00%, Test In: 56.97% Test OOD1: 52.83% 
Epoch: 11, Loss: 5.2725, Train: 59.97%, Valid: 60.36%, Test In: 58.99% Test OOD1: 53.74% 
Epoch: 12, Loss: 4.9391, Train: 65.29%, Valid: 65.29%, Test In: 63.56% Test OOD1: 53.87% 
Epoch: 13, Loss: 4.6917, Train: 68.27%, Valid: 69.03%, Test In: 67.60% Test OOD1: 53.25% 
Epoch: 14, Loss: 4.4404, Train: 70.29%, Valid: 70.95%, Test In: 69.87% Test OOD1: 53.87% 
Epoch: 15, Loss: 4.2155, Train: 71.32%, Valid: 72.08%, Test In: 70.65% Test OOD1: 54.41% 
Epoch: 16, Loss: 4.0323, Train: 72.48%, Valid: 74.15%, Test In: 72.23% Test OOD1: 54.73% 
Epoch: 17, Loss: 3.8835, Train: 75.70%, Valid: 76.61%, Test In: 74.64% Test OOD1: 54.26% 
Epoch: 18, Loss: 3.7085, Train: 79.00%, Valid: 79.71%, Test In: 77.74% Test OOD1: 54.22% 
Epoch: 19, Loss: 3.5400, Train: 82.25%, Valid: 82.91%, Test In: 81.54% Test OOD1: 55.00% 
Epoch: 20, Loss: 3.4072, Train: 84.86%, Valid: 84.79%, Test In: 84.00% Test OOD1: 55.81% 
Epoch: 21, Loss: 3.2340, Train: 86.93%, Valid: 86.66%, Test In: 85.57% Test OOD1: 55.92% 
Epoch: 22, Loss: 3.1200, Train: 87.54%, Valid: 87.54%, Test In: 86.71% Test OOD1: 56.14% 
Epoch: 23, Loss: 2.9539, Train: 87.99%, Valid: 87.54%, Test In: 86.90% Test OOD1: 56.65% 
Epoch: 24, Loss: 2.8663, Train: 88.92%, Valid: 88.53%, Test In: 87.84% Test OOD1: 57.77% 
Epoch: 25, Loss: 2.7645, Train: 89.66%, Valid: 88.82%, Test In: 88.38% Test OOD1: 58.21% 
Epoch: 26, Loss: 2.6240, Train: 90.03%, Valid: 89.07%, Test In: 89.22% Test OOD1: 58.48% 
Epoch: 27, Loss: 2.5329, Train: 90.52%, Valid: 89.66%, Test In: 89.61% Test OOD1: 58.97% 
Epoch: 28, Loss: 2.4243, Train: 91.04%, Valid: 90.10%, Test In: 90.60% Test OOD1: 60.20% 
Epoch: 29, Loss: 2.3087, Train: 91.53%, Valid: 89.76%, Test In: 90.94% Test OOD1: 61.92% 
Epoch: 30, Loss: 2.2019, Train: 92.15%, Valid: 89.81%, Test In: 91.33% Test OOD1: 62.83% 
Epoch: 31, Loss: 2.0698, Train: 92.44%, Valid: 90.45%, Test In: 91.29% Test OOD1: 62.74% 
Epoch: 32, Loss: 1.9632, Train: 92.66%, Valid: 90.89%, Test In: 91.24% Test OOD1: 62.84% 
Epoch: 33, Loss: 1.9858, Train: 93.08%, Valid: 91.09%, Test In: 91.43% Test OOD1: 64.18% 
Epoch: 34, Loss: 1.8216, Train: 93.11%, Valid: 90.74%, Test In: 91.53% Test OOD1: 65.83% 
Epoch: 35, Loss: 1.7344, Train: 93.40%, Valid: 90.65%, Test In: 92.12% Test OOD1: 66.79% 
Epoch: 36, Loss: 1.6991, Train: 93.50%, Valid: 90.65%, Test In: 92.07% Test OOD1: 67.80% 
Epoch: 37, Loss: 1.5853, Train: 93.28%, Valid: 90.74%, Test In: 91.97% Test OOD1: 68.87% 
Epoch: 38, Loss: 1.5604, Train: 93.48%, Valid: 90.74%, Test In: 91.93% Test OOD1: 70.35% 
Epoch: 39, Loss: 1.4995, Train: 93.67%, Valid: 90.89%, Test In: 92.17% Test OOD1: 71.43% 
Epoch: 40, Loss: 1.4744, Train: 93.67%, Valid: 90.94%, Test In: 92.12% Test OOD1: 72.14% 
Epoch: 41, Loss: 1.3987, Train: 93.89%, Valid: 90.99%, Test In: 92.27% Test OOD1: 72.27% 
Epoch: 42, Loss: 1.3692, Train: 94.09%, Valid: 90.94%, Test In: 92.42% Test OOD1: 72.48% 
Epoch: 43, Loss: 1.3053, Train: 94.09%, Valid: 90.99%, Test In: 92.47% Test OOD1: 72.33% 
Epoch: 44, Loss: 1.2654, Train: 94.14%, Valid: 91.19%, Test In: 92.22% Test OOD1: 71.84% 
Epoch: 45, Loss: 1.2579, Train: 94.17%, Valid: 91.24%, Test In: 92.47% Test OOD1: 71.48% 
Epoch: 46, Loss: 1.2219, Train: 94.29%, Valid: 91.14%, Test In: 92.52% Test OOD1: 71.91% 
Epoch: 47, Loss: 1.1984, Train: 94.44%, Valid: 91.14%, Test In: 92.42% Test OOD1: 72.43% 
Epoch: 48, Loss: 1.1513, Train: 94.49%, Valid: 91.29%, Test In: 92.47% Test OOD1: 72.70% 
Epoch: 49, Loss: 1.1359, Train: 94.58%, Valid: 91.53%, Test In: 92.57% Test OOD1: 72.74% 
Epoch: 50, Loss: 1.1122, Train: 94.88%, Valid: 91.58%, Test In: 92.71% Test OOD1: 73.15% 
Epoch: 51, Loss: 1.0536, Train: 94.88%, Valid: 91.53%, Test In: 92.81% Test OOD1: 73.67% 
Epoch: 52, Loss: 1.0503, Train: 94.95%, Valid: 91.58%, Test In: 92.91% Test OOD1: 74.27% 
Epoch: 53, Loss: 1.0120, Train: 94.98%, Valid: 91.68%, Test In: 92.86% Test OOD1: 74.79% 
Epoch: 54, Loss: 1.0115, Train: 95.17%, Valid: 91.83%, Test In: 92.86% Test OOD1: 74.89% 
Epoch: 55, Loss: 0.9810, Train: 95.13%, Valid: 91.93%, Test In: 93.06% Test OOD1: 75.10% 
Epoch: 56, Loss: 0.9723, Train: 95.27%, Valid: 91.73%, Test In: 92.81% Test OOD1: 75.44% 
Epoch: 57, Loss: 0.9564, Train: 95.37%, Valid: 91.97%, Test In: 92.81% Test OOD1: 75.54% 
Epoch: 58, Loss: 0.9180, Train: 95.49%, Valid: 91.88%, Test In: 92.71% Test OOD1: 75.71% 
Epoch: 59, Loss: 0.9114, Train: 95.57%, Valid: 92.12%, Test In: 92.61% Test OOD1: 76.07% 
Epoch: 60, Loss: 0.8744, Train: 95.84%, Valid: 92.17%, Test In: 92.91% Test OOD1: 76.48% 
Epoch: 61, Loss: 0.8956, Train: 95.99%, Valid: 92.27%, Test In: 93.01% Test OOD1: 77.01% 
Epoch: 62, Loss: 0.8643, Train: 96.06%, Valid: 92.32%, Test In: 93.11% Test OOD1: 77.50% 
Epoch: 63, Loss: 0.8344, Train: 96.33%, Valid: 92.07%, Test In: 93.11% Test OOD1: 78.13% 
Epoch: 64, Loss: 0.8163, Train: 96.28%, Valid: 92.22%, Test In: 93.21% Test OOD1: 78.35% 
Epoch: 65, Loss: 0.7802, Train: 96.38%, Valid: 92.22%, Test In: 93.11% Test OOD1: 78.16% 
Epoch: 66, Loss: 0.8183, Train: 96.50%, Valid: 92.61%, Test In: 93.06% Test OOD1: 78.25% 
Epoch: 67, Loss: 0.7661, Train: 96.90%, Valid: 92.76%, Test In: 93.21% Test OOD1: 78.62% 
Epoch: 68, Loss: 0.7368, Train: 96.97%, Valid: 92.61%, Test In: 93.01% Test OOD1: 79.16% 
Epoch: 69, Loss: 0.7619, Train: 96.97%, Valid: 92.66%, Test In: 93.11% Test OOD1: 79.81% 
Epoch: 70, Loss: 0.7385, Train: 96.92%, Valid: 92.76%, Test In: 93.25% Test OOD1: 80.18% 
Epoch: 71, Loss: 0.7221, Train: 96.90%, Valid: 92.81%, Test In: 93.21% Test OOD1: 80.24% 
Epoch: 72, Loss: 0.7043, Train: 97.00%, Valid: 92.86%, Test In: 93.50% Test OOD1: 80.23% 
Epoch: 73, Loss: 0.7025, Train: 97.07%, Valid: 93.21%, Test In: 93.50% Test OOD1: 80.33% 
Epoch: 74, Loss: 0.6884, Train: 97.42%, Valid: 93.25%, Test In: 93.75% Test OOD1: 81.07% 
Epoch: 75, Loss: 0.6761, Train: 97.61%, Valid: 93.40%, Test In: 93.75% Test OOD1: 81.66% 
Epoch: 76, Loss: 0.6783, Train: 97.49%, Valid: 93.11%, Test In: 93.80% Test OOD1: 81.86% 
Epoch: 77, Loss: 0.6565, Train: 97.49%, Valid: 93.11%, Test In: 93.80% Test OOD1: 81.55% 
Epoch: 78, Loss: 0.6696, Train: 97.56%, Valid: 93.21%, Test In: 93.80% Test OOD1: 82.02% 
Epoch: 79, Loss: 0.6308, Train: 97.54%, Valid: 93.11%, Test In: 93.45% Test OOD1: 82.78% 
Epoch: 80, Loss: 0.6333, Train: 97.66%, Valid: 93.16%, Test In: 93.85% Test OOD1: 83.05% 
Epoch: 81, Loss: 0.6387, Train: 97.74%, Valid: 93.25%, Test In: 94.04% Test OOD1: 83.17% 
Epoch: 82, Loss: 0.6273, Train: 97.81%, Valid: 93.25%, Test In: 93.94% Test OOD1: 83.76% 
Epoch: 83, Loss: 0.6272, Train: 97.83%, Valid: 93.75%, Test In: 93.85% Test OOD1: 83.74% 
Epoch: 84, Loss: 0.5974, Train: 97.83%, Valid: 93.65%, Test In: 93.94% Test OOD1: 83.97% 
Epoch: 85, Loss: 0.5746, Train: 97.81%, Valid: 93.35%, Test In: 93.99% Test OOD1: 84.23% 
Epoch: 86, Loss: 0.5967, Train: 98.08%, Valid: 93.16%, Test In: 94.09% Test OOD1: 84.72% 
Epoch: 87, Loss: 0.5839, Train: 98.13%, Valid: 93.60%, Test In: 94.19% Test OOD1: 85.13% 
Epoch: 88, Loss: 0.5645, Train: 98.20%, Valid: 93.60%, Test In: 94.09% Test OOD1: 85.62% 
Epoch: 89, Loss: 0.5600, Train: 98.20%, Valid: 93.65%, Test In: 94.14% Test OOD1: 85.52% 
Epoch: 90, Loss: 0.5495, Train: 98.20%, Valid: 93.35%, Test In: 94.24% Test OOD1: 85.80% 
Epoch: 91, Loss: 0.5688, Train: 98.23%, Valid: 93.35%, Test In: 94.14% Test OOD1: 85.71% 
Epoch: 92, Loss: 0.5420, Train: 98.23%, Valid: 93.35%, Test In: 93.99% Test OOD1: 85.29% 
Epoch: 93, Loss: 0.5192, Train: 98.42%, Valid: 93.85%, Test In: 94.04% Test OOD1: 85.71% 
Epoch: 94, Loss: 0.5529, Train: 98.40%, Valid: 93.94%, Test In: 94.09% Test OOD1: 86.05% 
Epoch: 95, Loss: 0.5102, Train: 98.40%, Valid: 93.94%, Test In: 94.09% Test OOD1: 86.03% 
Epoch: 96, Loss: 0.5285, Train: 98.45%, Valid: 94.04%, Test In: 94.24% Test OOD1: 86.42% 
Epoch: 97, Loss: 0.5090, Train: 98.47%, Valid: 93.75%, Test In: 94.09% Test OOD1: 86.55% 
Epoch: 98, Loss: 0.5058, Train: 98.38%, Valid: 93.60%, Test In: 94.29% Test OOD1: 86.56% 
Epoch: 99, Loss: 0.5151, Train: 98.57%, Valid: 94.04%, Test In: 94.19% Test OOD1: 86.64% 
Epoch: 100, Loss: 0.5023, Train: 98.70%, Valid: 94.29%, Test In: 94.34% Test OOD1: 87.11% 
Epoch: 101, Loss: 0.5069, Train: 98.72%, Valid: 94.19%, Test In: 94.44% Test OOD1: 87.30% 
Epoch: 102, Loss: 0.4965, Train: 98.62%, Valid: 94.09%, Test In: 94.63% Test OOD1: 87.05% 
Epoch: 103, Loss: 0.5120, Train: 98.62%, Valid: 94.24%, Test In: 94.53% Test OOD1: 87.79% 
Epoch: 104, Loss: 0.4738, Train: 98.70%, Valid: 94.19%, Test In: 94.44% Test OOD1: 87.74% 
Epoch: 105, Loss: 0.4956, Train: 98.67%, Valid: 94.14%, Test In: 94.29% Test OOD1: 87.32% 
Epoch: 106, Loss: 0.4750, Train: 98.70%, Valid: 93.80%, Test In: 94.44% Test OOD1: 87.54% 
Epoch: 107, Loss: 0.4543, Train: 98.74%, Valid: 93.94%, Test In: 94.44% Test OOD1: 88.12% 
Epoch: 108, Loss: 0.4680, Train: 98.77%, Valid: 94.29%, Test In: 94.63% Test OOD1: 88.50% 
Epoch: 109, Loss: 0.4891, Train: 98.84%, Valid: 94.49%, Test In: 94.78% Test OOD1: 88.34% 
Epoch: 110, Loss: 0.4590, Train: 98.70%, Valid: 93.99%, Test In: 94.49% Test OOD1: 87.63% 
Epoch: 111, Loss: 0.4739, Train: 98.82%, Valid: 94.04%, Test In: 94.53% Test OOD1: 87.88% 
Epoch: 112, Loss: 0.4361, Train: 98.84%, Valid: 94.34%, Test In: 94.58% Test OOD1: 88.77% 
Epoch: 113, Loss: 0.4662, Train: 98.77%, Valid: 93.99%, Test In: 94.58% Test OOD1: 89.04% 
Epoch: 114, Loss: 0.4513, Train: 98.77%, Valid: 93.94%, Test In: 94.53% Test OOD1: 88.76% 
Epoch: 115, Loss: 0.4491, Train: 98.94%, Valid: 94.14%, Test In: 94.44% Test OOD1: 88.85% 
Epoch: 116, Loss: 0.4342, Train: 98.99%, Valid: 93.94%, Test In: 94.09% Test OOD1: 89.04% 
Epoch: 117, Loss: 0.4462, Train: 98.94%, Valid: 93.65%, Test In: 94.24% Test OOD1: 88.66% 
Epoch: 118, Loss: 0.4349, Train: 98.92%, Valid: 93.89%, Test In: 94.39% Test OOD1: 89.17% 
Epoch: 119, Loss: 0.4253, Train: 98.84%, Valid: 94.24%, Test In: 94.39% Test OOD1: 89.24% 
Epoch: 120, Loss: 0.4034, Train: 98.92%, Valid: 94.19%, Test In: 94.49% Test OOD1: 89.49% 
Epoch: 121, Loss: 0.4198, Train: 98.97%, Valid: 94.29%, Test In: 94.29% Test OOD1: 89.87% 
Epoch: 122, Loss: 0.4334, Train: 99.02%, Valid: 93.75%, Test In: 94.39% Test OOD1: 89.89% 
Epoch: 123, Loss: 0.4142, Train: 99.02%, Valid: 93.89%, Test In: 94.29% Test OOD1: 89.71% 
Epoch: 124, Loss: 0.4106, Train: 99.04%, Valid: 94.04%, Test In: 94.19% Test OOD1: 89.60% 
Epoch: 125, Loss: 0.4102, Train: 98.99%, Valid: 94.29%, Test In: 93.99% Test OOD1: 90.24% 
Epoch: 126, Loss: 0.4262, Train: 99.02%, Valid: 94.19%, Test In: 94.09% Test OOD1: 90.41% 
Epoch: 127, Loss: 0.4185, Train: 98.87%, Valid: 93.99%, Test In: 94.39% Test OOD1: 90.15% 
Epoch: 128, Loss: 0.4168, Train: 99.06%, Valid: 94.14%, Test In: 94.44% Test OOD1: 90.28% 
Epoch: 129, Loss: 0.4090, Train: 99.06%, Valid: 94.14%, Test In: 94.53% Test OOD1: 90.50% 
Epoch: 130, Loss: 0.3967, Train: 99.06%, Valid: 93.94%, Test In: 94.73% Test OOD1: 90.46% 
Epoch: 131, Loss: 0.3753, Train: 99.04%, Valid: 93.85%, Test In: 94.78% Test OOD1: 90.41% 
Epoch: 132, Loss: 0.3858, Train: 99.06%, Valid: 93.99%, Test In: 94.88% Test OOD1: 90.74% 
Epoch: 133, Loss: 0.3784, Train: 99.16%, Valid: 94.24%, Test In: 94.49% Test OOD1: 91.05% 
Epoch: 134, Loss: 0.3846, Train: 99.16%, Valid: 94.19%, Test In: 94.53% Test OOD1: 91.13% 
Epoch: 135, Loss: 0.3808, Train: 99.14%, Valid: 94.34%, Test In: 94.39% Test OOD1: 91.10% 
Epoch: 136, Loss: 0.3777, Train: 99.24%, Valid: 94.24%, Test In: 94.53% Test OOD1: 90.90% 
Epoch: 137, Loss: 0.3726, Train: 99.24%, Valid: 94.34%, Test In: 94.58% Test OOD1: 91.30% 
Epoch: 138, Loss: 0.3692, Train: 99.31%, Valid: 94.29%, Test In: 94.73% Test OOD1: 91.52% 
Epoch: 139, Loss: 0.3796, Train: 99.31%, Valid: 94.34%, Test In: 94.83% Test OOD1: 91.49% 
Epoch: 140, Loss: 0.3906, Train: 99.26%, Valid: 94.29%, Test In: 94.78% Test OOD1: 91.37% 
Epoch: 141, Loss: 0.3493, Train: 99.31%, Valid: 94.34%, Test In: 94.68% Test OOD1: 91.33% 
Epoch: 142, Loss: 0.3869, Train: 99.41%, Valid: 94.39%, Test In: 94.63% Test OOD1: 91.75% 
Epoch: 143, Loss: 0.3382, Train: 99.21%, Valid: 93.94%, Test In: 94.63% Test OOD1: 91.62% 
Epoch: 144, Loss: 0.3716, Train: 99.26%, Valid: 94.24%, Test In: 94.49% Test OOD1: 91.80% 
Epoch: 145, Loss: 0.3646, Train: 99.24%, Valid: 94.44%, Test In: 94.53% Test OOD1: 91.95% 
Epoch: 146, Loss: 0.3676, Train: 99.31%, Valid: 94.53%, Test In: 94.68% Test OOD1: 91.81% 
Epoch: 147, Loss: 0.3543, Train: 99.43%, Valid: 94.14%, Test In: 94.53% Test OOD1: 91.91% 
Epoch: 148, Loss: 0.3627, Train: 99.38%, Valid: 93.80%, Test In: 94.29% Test OOD1: 91.96% 
Epoch: 149, Loss: 0.3474, Train: 99.41%, Valid: 94.24%, Test In: 94.63% Test OOD1: 92.10% 
Epoch: 150, Loss: 0.3438, Train: 99.29%, Valid: 94.09%, Test In: 94.63% Test OOD1: 91.51% 
Epoch: 151, Loss: 0.3518, Train: 99.26%, Valid: 94.49%, Test In: 94.53% Test OOD1: 92.11% 
Epoch: 152, Loss: 0.3550, Train: 99.41%, Valid: 94.49%, Test In: 94.44% Test OOD1: 92.54% 
Epoch: 153, Loss: 0.3516, Train: 99.36%, Valid: 94.19%, Test In: 94.49% Test OOD1: 92.53% 
Epoch: 154, Loss: 0.3571, Train: 99.41%, Valid: 94.44%, Test In: 94.83% Test OOD1: 92.20% 
Epoch: 155, Loss: 0.3321, Train: 99.41%, Valid: 94.49%, Test In: 94.88% Test OOD1: 91.96% 
Epoch: 156, Loss: 0.3251, Train: 99.51%, Valid: 94.24%, Test In: 95.08% Test OOD1: 92.23% 
Epoch: 157, Loss: 0.3369, Train: 99.43%, Valid: 94.09%, Test In: 94.98% Test OOD1: 92.28% 
Epoch: 158, Loss: 0.3494, Train: 99.38%, Valid: 93.75%, Test In: 94.73% Test OOD1: 91.89% 
Epoch: 159, Loss: 0.3353, Train: 99.36%, Valid: 94.68%, Test In: 94.78% Test OOD1: 92.28% 
Epoch: 160, Loss: 0.3517, Train: 99.41%, Valid: 94.44%, Test In: 94.83% Test OOD1: 92.18% 
Epoch: 161, Loss: 0.3513, Train: 99.31%, Valid: 94.53%, Test In: 94.83% Test OOD1: 92.10% 
Epoch: 162, Loss: 0.3430, Train: 99.48%, Valid: 94.44%, Test In: 95.03% Test OOD1: 92.00% 
Epoch: 163, Loss: 0.3282, Train: 99.43%, Valid: 94.49%, Test In: 94.93% Test OOD1: 91.94% 
Epoch: 164, Loss: 0.3357, Train: 99.51%, Valid: 94.68%, Test In: 94.98% Test OOD1: 92.10% 
Epoch: 165, Loss: 0.3423, Train: 99.46%, Valid: 94.63%, Test In: 94.93% Test OOD1: 92.18% 
Epoch: 166, Loss: 0.3232, Train: 99.48%, Valid: 94.53%, Test In: 94.98% Test OOD1: 92.29% 
Epoch: 167, Loss: 0.3257, Train: 99.51%, Valid: 94.49%, Test In: 94.98% Test OOD1: 92.45% 
Epoch: 168, Loss: 0.3401, Train: 99.43%, Valid: 94.24%, Test In: 95.03% Test OOD1: 92.29% 
Epoch: 169, Loss: 0.3286, Train: 99.46%, Valid: 94.34%, Test In: 94.83% Test OOD1: 92.21% 
Epoch: 170, Loss: 0.3299, Train: 99.46%, Valid: 94.24%, Test In: 94.83% Test OOD1: 92.69% 
Epoch: 171, Loss: 0.3248, Train: 99.38%, Valid: 94.49%, Test In: 94.98% Test OOD1: 92.60% 
Epoch: 172, Loss: 0.3491, Train: 99.41%, Valid: 94.24%, Test In: 94.98% Test OOD1: 92.16% 
Epoch: 173, Loss: 0.3383, Train: 99.48%, Valid: 94.34%, Test In: 94.98% Test OOD1: 92.27% 
Epoch: 174, Loss: 0.3378, Train: 99.43%, Valid: 94.44%, Test In: 94.63% Test OOD1: 92.69% 
Epoch: 175, Loss: 0.3180, Train: 99.53%, Valid: 94.53%, Test In: 94.78% Test OOD1: 92.71% 
Epoch: 176, Loss: 0.3347, Train: 99.51%, Valid: 94.34%, Test In: 94.73% Test OOD1: 92.58% 
Epoch: 177, Loss: 0.2940, Train: 99.46%, Valid: 94.29%, Test In: 94.88% Test OOD1: 92.50% 
Epoch: 178, Loss: 0.3149, Train: 99.46%, Valid: 94.34%, Test In: 94.78% Test OOD1: 92.74% 
Epoch: 179, Loss: 0.3186, Train: 99.46%, Valid: 94.39%, Test In: 95.13% Test OOD1: 93.21% 
Epoch: 180, Loss: 0.3225, Train: 99.58%, Valid: 94.58%, Test In: 94.78% Test OOD1: 93.14% 
Epoch: 181, Loss: 0.3229, Train: 99.56%, Valid: 94.53%, Test In: 95.08% Test OOD1: 92.73% 
Epoch: 182, Loss: 0.3181, Train: 99.61%, Valid: 94.24%, Test In: 94.73% Test OOD1: 92.52% 
Epoch: 183, Loss: 0.3085, Train: 99.66%, Valid: 94.34%, Test In: 94.83% Test OOD1: 93.08% 
Epoch: 184, Loss: 0.3056, Train: 99.61%, Valid: 94.53%, Test In: 94.78% Test OOD1: 93.21% 
Epoch: 185, Loss: 0.2970, Train: 99.61%, Valid: 94.73%, Test In: 95.03% Test OOD1: 93.00% 
Epoch: 186, Loss: 0.3201, Train: 99.53%, Valid: 94.44%, Test In: 94.98% Test OOD1: 92.79% 
Epoch: 187, Loss: 0.3028, Train: 99.56%, Valid: 94.34%, Test In: 95.03% Test OOD1: 92.70% 
Epoch: 188, Loss: 0.3065, Train: 99.63%, Valid: 94.44%, Test In: 94.93% Test OOD1: 92.70% 
Epoch: 189, Loss: 0.3179, Train: 99.63%, Valid: 94.44%, Test In: 94.88% Test OOD1: 92.86% 
Epoch: 190, Loss: 0.2952, Train: 99.68%, Valid: 94.63%, Test In: 94.83% Test OOD1: 92.84% 
Epoch: 191, Loss: 0.2976, Train: 99.56%, Valid: 94.83%, Test In: 95.08% Test OOD1: 93.05% 
Epoch: 192, Loss: 0.3078, Train: 99.51%, Valid: 94.44%, Test In: 95.03% Test OOD1: 93.22% 
Epoch: 193, Loss: 0.3232, Train: 99.63%, Valid: 94.44%, Test In: 95.13% Test OOD1: 93.34% 
Epoch: 194, Loss: 0.2841, Train: 99.63%, Valid: 94.53%, Test In: 94.78% Test OOD1: 93.56% 
Epoch: 195, Loss: 0.2877, Train: 99.66%, Valid: 94.34%, Test In: 95.08% Test OOD1: 93.34% 
Epoch: 196, Loss: 0.2954, Train: 99.56%, Valid: 94.29%, Test In: 95.13% Test OOD1: 93.17% 
Epoch: 197, Loss: 0.2805, Train: 99.56%, Valid: 94.44%, Test In: 94.93% Test OOD1: 93.48% 
Epoch: 198, Loss: 0.2940, Train: 99.68%, Valid: 94.63%, Test In: 94.68% Test OOD1: 94.05% 
Epoch: 199, Loss: 0.2696, Train: 99.75%, Valid: 94.68%, Test In: 94.73% Test OOD1: 93.80% 
Epoch: 200, Loss: 0.2907, Train: 99.61%, Valid: 94.53%, Test In: 94.93% Test OOD1: 93.33% 
Epoch: 201, Loss: 0.2717, Train: 99.68%, Valid: 94.44%, Test In: 94.93% Test OOD1: 93.29% 
Epoch: 202, Loss: 0.2735, Train: 99.68%, Valid: 94.24%, Test In: 94.78% Test OOD1: 93.61% 
Epoch: 203, Loss: 0.2709, Train: 99.70%, Valid: 94.44%, Test In: 94.68% Test OOD1: 93.61% 
Epoch: 204, Loss: 0.2919, Train: 99.63%, Valid: 94.58%, Test In: 94.83% Test OOD1: 93.24% 
Epoch: 205, Loss: 0.2723, Train: 99.61%, Valid: 94.44%, Test In: 94.93% Test OOD1: 92.97% 
Epoch: 206, Loss: 0.3034, Train: 99.75%, Valid: 94.63%, Test In: 94.78% Test OOD1: 93.88% 
Epoch: 207, Loss: 0.2757, Train: 99.75%, Valid: 94.58%, Test In: 94.73% Test OOD1: 93.87% 
Epoch: 208, Loss: 0.2911, Train: 99.66%, Valid: 94.78%, Test In: 94.73% Test OOD1: 92.90% 
Epoch: 209, Loss: 0.2627, Train: 99.70%, Valid: 94.68%, Test In: 94.88% Test OOD1: 93.16% 
Epoch: 210, Loss: 0.2899, Train: 99.68%, Valid: 94.73%, Test In: 94.98% Test OOD1: 93.85% 
Epoch: 211, Loss: 0.2630, Train: 99.70%, Valid: 94.68%, Test In: 95.22% Test OOD1: 93.87% 
Epoch: 212, Loss: 0.2884, Train: 99.73%, Valid: 94.68%, Test In: 94.83% Test OOD1: 93.51% 
Epoch: 213, Loss: 0.2640, Train: 99.63%, Valid: 94.63%, Test In: 94.93% Test OOD1: 93.37% 
Epoch: 214, Loss: 0.2680, Train: 99.73%, Valid: 94.68%, Test In: 94.83% Test OOD1: 93.73% 
Epoch: 215, Loss: 0.2614, Train: 99.70%, Valid: 94.73%, Test In: 94.98% Test OOD1: 93.73% 
Epoch: 216, Loss: 0.2646, Train: 99.68%, Valid: 94.88%, Test In: 94.93% Test OOD1: 93.37% 
Epoch: 217, Loss: 0.2649, Train: 99.73%, Valid: 95.08%, Test In: 95.03% Test OOD1: 93.43% 
Epoch: 218, Loss: 0.2629, Train: 99.75%, Valid: 94.98%, Test In: 94.93% Test OOD1: 93.69% 
Epoch: 219, Loss: 0.2599, Train: 99.75%, Valid: 94.93%, Test In: 95.08% Test OOD1: 93.99% 
Epoch: 220, Loss: 0.2605, Train: 99.66%, Valid: 94.78%, Test In: 95.03% Test OOD1: 94.03% 
Epoch: 221, Loss: 0.2563, Train: 99.63%, Valid: 94.58%, Test In: 95.13% Test OOD1: 94.04% 
Epoch: 222, Loss: 0.2487, Train: 99.66%, Valid: 94.63%, Test In: 95.32% Test OOD1: 93.94% 
Epoch: 223, Loss: 0.2473, Train: 99.68%, Valid: 94.88%, Test In: 95.27% Test OOD1: 93.77% 
Epoch: 224, Loss: 0.2558, Train: 99.68%, Valid: 94.78%, Test In: 95.13% Test OOD1: 93.46% 
Epoch: 225, Loss: 0.2483, Train: 99.75%, Valid: 94.63%, Test In: 95.08% Test OOD1: 94.13% 
Epoch: 226, Loss: 0.2786, Train: 99.78%, Valid: 94.58%, Test In: 95.08% Test OOD1: 94.30% 
Epoch: 227, Loss: 0.2613, Train: 99.78%, Valid: 94.78%, Test In: 95.37% Test OOD1: 94.09% 
Epoch: 228, Loss: 0.2739, Train: 99.80%, Valid: 94.78%, Test In: 95.17% Test OOD1: 93.73% 
Epoch: 229, Loss: 0.2641, Train: 99.75%, Valid: 94.63%, Test In: 95.27% Test OOD1: 93.93% 
Epoch: 230, Loss: 0.2430, Train: 99.83%, Valid: 94.68%, Test In: 95.17% Test OOD1: 93.98% 
Epoch: 231, Loss: 0.2586, Train: 99.83%, Valid: 94.68%, Test In: 95.08% Test OOD1: 93.86% 
Epoch: 232, Loss: 0.2276, Train: 99.75%, Valid: 94.88%, Test In: 95.17% Test OOD1: 93.50% 
Epoch: 233, Loss: 0.2549, Train: 99.70%, Valid: 94.68%, Test In: 95.03% Test OOD1: 93.76% 
Epoch: 234, Loss: 0.2244, Train: 99.66%, Valid: 94.73%, Test In: 95.13% Test OOD1: 93.93% 
Epoch: 235, Loss: 0.2544, Train: 99.63%, Valid: 94.53%, Test In: 95.03% Test OOD1: 93.97% 
Epoch: 236, Loss: 0.2263, Train: 99.78%, Valid: 94.58%, Test In: 94.98% Test OOD1: 93.94% 
Epoch: 237, Loss: 0.2407, Train: 99.80%, Valid: 94.29%, Test In: 95.08% Test OOD1: 93.88% 
Epoch: 238, Loss: 0.2405, Train: 99.75%, Valid: 94.68%, Test In: 94.98% Test OOD1: 93.76% 
Epoch: 239, Loss: 0.2328, Train: 99.70%, Valid: 94.68%, Test In: 95.08% Test OOD1: 94.03% 
Epoch: 240, Loss: 0.2490, Train: 99.78%, Valid: 94.73%, Test In: 95.08% Test OOD1: 94.10% 
Epoch: 241, Loss: 0.2467, Train: 99.83%, Valid: 94.63%, Test In: 94.98% Test OOD1: 94.05% 
Epoch: 242, Loss: 0.2558, Train: 99.78%, Valid: 94.44%, Test In: 95.03% Test OOD1: 94.15% 
Epoch: 243, Loss: 0.2586, Train: 99.68%, Valid: 94.29%, Test In: 94.93% Test OOD1: 94.19% 
Epoch: 244, Loss: 0.2467, Train: 99.78%, Valid: 94.39%, Test In: 94.88% Test OOD1: 94.51% 
Epoch: 245, Loss: 0.2433, Train: 99.80%, Valid: 94.63%, Test In: 95.17% Test OOD1: 94.46% 
Epoch: 246, Loss: 0.2400, Train: 99.73%, Valid: 94.83%, Test In: 95.13% Test OOD1: 93.78% 
Epoch: 247, Loss: 0.2553, Train: 99.78%, Valid: 95.03%, Test In: 95.32% Test OOD1: 94.23% 
Epoch: 248, Loss: 0.2225, Train: 99.73%, Valid: 94.34%, Test In: 94.83% Test OOD1: 94.71% 
Epoch: 249, Loss: 0.2293, Train: 99.73%, Valid: 94.29%, Test In: 94.93% Test OOD1: 94.39% 
Epoch: 250, Loss: 0.2266, Train: 99.78%, Valid: 94.98%, Test In: 95.22% Test OOD1: 93.87% 
Epoch: 251, Loss: 0.2394, Train: 99.70%, Valid: 94.73%, Test In: 95.27% Test OOD1: 94.18% 
Epoch: 252, Loss: 0.2284, Train: 99.75%, Valid: 94.63%, Test In: 95.08% Test OOD1: 94.57% 
Epoch: 253, Loss: 0.2311, Train: 99.68%, Valid: 94.73%, Test In: 95.03% Test OOD1: 94.13% 
Epoch: 254, Loss: 0.2283, Train: 99.68%, Valid: 94.63%, Test In: 95.03% Test OOD1: 93.92% 
Epoch: 255, Loss: 0.2389, Train: 99.78%, Valid: 94.63%, Test In: 95.27% Test OOD1: 93.93% 
Epoch: 256, Loss: 0.2282, Train: 99.83%, Valid: 94.49%, Test In: 95.27% Test OOD1: 93.97% 
Epoch: 257, Loss: 0.2252, Train: 99.78%, Valid: 94.49%, Test In: 95.17% Test OOD1: 94.17% 
Epoch: 258, Loss: 0.2236, Train: 99.80%, Valid: 94.53%, Test In: 95.17% Test OOD1: 94.25% 
Epoch: 259, Loss: 0.2314, Train: 99.78%, Valid: 94.44%, Test In: 95.03% Test OOD1: 94.49% 
Epoch: 260, Loss: 0.2309, Train: 99.75%, Valid: 94.58%, Test In: 95.22% Test OOD1: 94.25% 
Epoch: 261, Loss: 0.2280, Train: 99.75%, Valid: 94.63%, Test In: 94.93% Test OOD1: 93.96% 
Epoch: 262, Loss: 0.2254, Train: 99.83%, Valid: 94.73%, Test In: 95.13% Test OOD1: 94.03% 
Epoch: 263, Loss: 0.2173, Train: 99.80%, Valid: 94.68%, Test In: 95.22% Test OOD1: 94.25% 
Epoch: 264, Loss: 0.2146, Train: 99.80%, Valid: 94.53%, Test In: 95.13% Test OOD1: 94.56% 
Epoch: 265, Loss: 0.2155, Train: 99.75%, Valid: 94.53%, Test In: 94.93% Test OOD1: 94.61% 
Epoch: 266, Loss: 0.2147, Train: 99.78%, Valid: 94.68%, Test In: 94.88% Test OOD1: 94.61% 
Epoch: 267, Loss: 0.2186, Train: 99.80%, Valid: 94.98%, Test In: 95.22% Test OOD1: 94.45% 
Epoch: 268, Loss: 0.2077, Train: 99.80%, Valid: 94.78%, Test In: 95.47% Test OOD1: 94.37% 
Epoch: 269, Loss: 0.2054, Train: 99.75%, Valid: 94.68%, Test In: 95.13% Test OOD1: 94.40% 
Epoch: 270, Loss: 0.2107, Train: 99.73%, Valid: 94.73%, Test In: 95.08% Test OOD1: 94.34% 
Epoch: 271, Loss: 0.2097, Train: 99.75%, Valid: 94.83%, Test In: 95.37% Test OOD1: 94.19% 
Epoch: 272, Loss: 0.1887, Train: 99.83%, Valid: 94.88%, Test In: 95.47% Test OOD1: 94.14% 
Epoch: 273, Loss: 0.2319, Train: 99.73%, Valid: 94.78%, Test In: 95.32% Test OOD1: 94.88% 
Epoch: 274, Loss: 0.2276, Train: 99.73%, Valid: 94.44%, Test In: 95.03% Test OOD1: 95.16% 
Epoch: 275, Loss: 0.2126, Train: 99.73%, Valid: 94.63%, Test In: 95.32% Test OOD1: 95.00% 
Epoch: 276, Loss: 0.2183, Train: 99.80%, Valid: 94.73%, Test In: 95.37% Test OOD1: 94.60% 
Epoch: 277, Loss: 0.2137, Train: 99.83%, Valid: 94.88%, Test In: 95.32% Test OOD1: 94.66% 
Epoch: 278, Loss: 0.1998, Train: 99.78%, Valid: 94.73%, Test In: 95.32% Test OOD1: 94.82% 
Epoch: 279, Loss: 0.2153, Train: 99.78%, Valid: 94.63%, Test In: 95.22% Test OOD1: 95.31% 
Epoch: 280, Loss: 0.2100, Train: 99.75%, Valid: 94.53%, Test In: 95.42% Test OOD1: 94.99% 
Epoch: 281, Loss: 0.2201, Train: 99.70%, Valid: 94.44%, Test In: 95.27% Test OOD1: 94.58% 
Epoch: 282, Loss: 0.2177, Train: 99.70%, Valid: 94.49%, Test In: 95.37% Test OOD1: 95.20% 
Epoch: 283, Loss: 0.2131, Train: 99.68%, Valid: 94.49%, Test In: 95.17% Test OOD1: 95.61% 
Epoch: 284, Loss: 0.2297, Train: 99.75%, Valid: 94.73%, Test In: 95.47% Test OOD1: 95.27% 
Epoch: 285, Loss: 0.1929, Train: 99.80%, Valid: 94.63%, Test In: 95.22% Test OOD1: 94.88% 
Epoch: 286, Loss: 0.2047, Train: 99.80%, Valid: 94.49%, Test In: 95.08% Test OOD1: 95.06% 
Epoch: 287, Loss: 0.2168, Train: 99.75%, Valid: 94.44%, Test In: 94.88% Test OOD1: 95.51% 
Epoch: 288, Loss: 0.2032, Train: 99.78%, Valid: 94.44%, Test In: 95.22% Test OOD1: 95.47% 
Epoch: 289, Loss: 0.1915, Train: 99.83%, Valid: 94.63%, Test In: 95.22% Test OOD1: 95.10% 
Epoch: 290, Loss: 0.1962, Train: 99.83%, Valid: 94.63%, Test In: 95.03% Test OOD1: 94.82% 
Epoch: 291, Loss: 0.2224, Train: 99.75%, Valid: 94.63%, Test In: 95.17% Test OOD1: 95.58% 
Epoch: 292, Loss: 0.2206, Train: 99.78%, Valid: 94.68%, Test In: 94.88% Test OOD1: 95.68% 
Epoch: 293, Loss: 0.2102, Train: 99.78%, Valid: 94.68%, Test In: 95.27% Test OOD1: 95.36% 
Epoch: 294, Loss: 0.2058, Train: 99.80%, Valid: 95.03%, Test In: 95.03% Test OOD1: 94.97% 
Epoch: 295, Loss: 0.2080, Train: 99.78%, Valid: 94.83%, Test In: 95.13% Test OOD1: 95.49% 
Epoch: 296, Loss: 0.2024, Train: 99.75%, Valid: 94.49%, Test In: 95.03% Test OOD1: 95.72% 
Epoch: 297, Loss: 0.2097, Train: 99.75%, Valid: 94.34%, Test In: 94.93% Test OOD1: 95.62% 
Epoch: 298, Loss: 0.2225, Train: 99.75%, Valid: 94.53%, Test In: 95.08% Test OOD1: 95.30% 
Epoch: 299, Loss: 0.1984, Train: 99.80%, Valid: 94.88%, Test In: 95.03% Test OOD1: 95.32% 
Epoch: 300, Loss: 0.1938, Train: 99.83%, Valid: 94.68%, Test In: 95.22% Test OOD1: 95.49% 
Epoch: 301, Loss: 0.1948, Train: 99.83%, Valid: 94.73%, Test In: 95.27% Test OOD1: 95.54% 
Epoch: 302, Loss: 0.1979, Train: 99.83%, Valid: 94.34%, Test In: 95.13% Test OOD1: 95.11% 
Epoch: 303, Loss: 0.2065, Train: 99.80%, Valid: 94.63%, Test In: 94.98% Test OOD1: 95.04% 
Epoch: 304, Loss: 0.2043, Train: 99.83%, Valid: 94.63%, Test In: 95.17% Test OOD1: 95.37% 
Epoch: 305, Loss: 0.2112, Train: 99.78%, Valid: 94.49%, Test In: 95.22% Test OOD1: 95.43% 
Epoch: 306, Loss: 0.2047, Train: 99.83%, Valid: 94.34%, Test In: 95.13% Test OOD1: 95.24% 
Epoch: 307, Loss: 0.1983, Train: 99.78%, Valid: 94.34%, Test In: 95.13% Test OOD1: 95.14% 
Epoch: 308, Loss: 0.2118, Train: 99.78%, Valid: 94.44%, Test In: 95.42% Test OOD1: 95.27% 
Epoch: 309, Loss: 0.2043, Train: 99.80%, Valid: 94.49%, Test In: 95.37% Test OOD1: 95.32% 
Epoch: 310, Loss: 0.1918, Train: 99.83%, Valid: 94.44%, Test In: 95.17% Test OOD1: 94.93% 
Epoch: 311, Loss: 0.1943, Train: 99.78%, Valid: 94.63%, Test In: 95.03% Test OOD1: 94.99% 
Epoch: 312, Loss: 0.2080, Train: 99.80%, Valid: 94.58%, Test In: 94.98% Test OOD1: 95.22% 
Epoch: 313, Loss: 0.2031, Train: 99.78%, Valid: 94.53%, Test In: 95.13% Test OOD1: 95.17% 
Epoch: 314, Loss: 0.2231, Train: 99.78%, Valid: 94.58%, Test In: 95.32% Test OOD1: 95.73% 
Epoch: 315, Loss: 0.2165, Train: 99.78%, Valid: 94.58%, Test In: 95.27% Test OOD1: 95.61% 
Epoch: 316, Loss: 0.2206, Train: 99.80%, Valid: 94.53%, Test In: 95.03% Test OOD1: 95.05% 
Epoch: 317, Loss: 0.1916, Train: 99.80%, Valid: 94.78%, Test In: 95.17% Test OOD1: 95.27% 
Epoch: 318, Loss: 0.2219, Train: 99.78%, Valid: 94.73%, Test In: 94.93% Test OOD1: 95.45% 
Epoch: 319, Loss: 0.1941, Train: 99.80%, Valid: 94.63%, Test In: 95.08% Test OOD1: 95.73% 
Epoch: 320, Loss: 0.2153, Train: 99.78%, Valid: 94.93%, Test In: 95.37% Test OOD1: 95.65% 
Epoch: 321, Loss: 0.2038, Train: 99.80%, Valid: 94.73%, Test In: 95.22% Test OOD1: 94.99% 
Epoch: 322, Loss: 0.1895, Train: 99.80%, Valid: 94.68%, Test In: 95.27% Test OOD1: 95.16% 
Epoch: 323, Loss: 0.2203, Train: 99.83%, Valid: 94.58%, Test In: 94.98% Test OOD1: 95.77% 
Epoch: 324, Loss: 0.1929, Train: 99.83%, Valid: 94.58%, Test In: 95.08% Test OOD1: 95.81% 
Epoch: 325, Loss: 0.1899, Train: 99.83%, Valid: 95.03%, Test In: 95.27% Test OOD1: 95.35% 
Epoch: 326, Loss: 0.1990, Train: 99.80%, Valid: 94.78%, Test In: 95.17% Test OOD1: 95.14% 
Epoch: 327, Loss: 0.1989, Train: 99.75%, Valid: 94.73%, Test In: 95.22% Test OOD1: 95.47% 
Epoch: 328, Loss: 0.1786, Train: 99.75%, Valid: 94.73%, Test In: 95.08% Test OOD1: 95.52% 
Epoch: 329, Loss: 0.2148, Train: 99.75%, Valid: 94.44%, Test In: 95.32% Test OOD1: 95.49% 
Epoch: 330, Loss: 0.2086, Train: 99.80%, Valid: 95.03%, Test In: 95.22% Test OOD1: 95.11% 
Epoch: 331, Loss: 0.1888, Train: 99.78%, Valid: 94.98%, Test In: 95.22% Test OOD1: 94.82% 
Epoch: 332, Loss: 0.2122, Train: 99.83%, Valid: 94.73%, Test In: 95.32% Test OOD1: 95.63% 
Epoch: 333, Loss: 0.2026, Train: 99.75%, Valid: 94.44%, Test In: 94.88% Test OOD1: 95.86% 
Epoch: 334, Loss: 0.2207, Train: 99.73%, Valid: 94.53%, Test In: 94.83% Test OOD1: 95.90% 
Epoch: 335, Loss: 0.1980, Train: 99.78%, Valid: 94.93%, Test In: 95.42% Test OOD1: 95.83% 
Epoch: 336, Loss: 0.1875, Train: 99.78%, Valid: 95.03%, Test In: 95.42% Test OOD1: 95.73% 
Epoch: 337, Loss: 0.2181, Train: 99.78%, Valid: 94.83%, Test In: 95.27% Test OOD1: 95.89% 
Epoch: 338, Loss: 0.1786, Train: 99.75%, Valid: 94.49%, Test In: 94.83% Test OOD1: 95.89% 
Epoch: 339, Loss: 0.2199, Train: 99.80%, Valid: 94.73%, Test In: 95.08% Test OOD1: 95.81% 
Epoch: 340, Loss: 0.1876, Train: 99.80%, Valid: 94.83%, Test In: 95.57% Test OOD1: 95.74% 
Epoch: 341, Loss: 0.2032, Train: 99.80%, Valid: 94.83%, Test In: 95.57% Test OOD1: 95.78% 
Epoch: 342, Loss: 0.2080, Train: 99.75%, Valid: 94.83%, Test In: 94.98% Test OOD1: 95.74% 
Epoch: 343, Loss: 0.1823, Train: 99.75%, Valid: 94.98%, Test In: 94.88% Test OOD1: 95.79% 
Epoch: 344, Loss: 0.1960, Train: 99.78%, Valid: 94.73%, Test In: 95.27% Test OOD1: 95.95% 
Epoch: 345, Loss: 0.1851, Train: 99.80%, Valid: 95.03%, Test In: 95.57% Test OOD1: 95.61% 
Epoch: 346, Loss: 0.1919, Train: 99.85%, Valid: 95.08%, Test In: 95.32% Test OOD1: 95.09% 
Epoch: 347, Loss: 0.2143, Train: 99.83%, Valid: 94.83%, Test In: 95.13% Test OOD1: 95.74% 
Epoch: 348, Loss: 0.1713, Train: 99.78%, Valid: 94.58%, Test In: 95.27% Test OOD1: 95.99% 
Epoch: 349, Loss: 0.1963, Train: 99.78%, Valid: 94.98%, Test In: 95.22% Test OOD1: 95.74% 
Epoch: 350, Loss: 0.1863, Train: 99.83%, Valid: 95.22%, Test In: 95.47% Test OOD1: 95.45% 
Epoch: 351, Loss: 0.1823, Train: 99.83%, Valid: 95.22%, Test In: 95.52% Test OOD1: 95.65% 
Epoch: 352, Loss: 0.1703, Train: 99.78%, Valid: 94.83%, Test In: 95.27% Test OOD1: 96.17% 
Epoch: 353, Loss: 0.1984, Train: 99.83%, Valid: 94.83%, Test In: 95.47% Test OOD1: 96.10% 
Epoch: 354, Loss: 0.1847, Train: 99.78%, Valid: 95.13%, Test In: 95.32% Test OOD1: 95.53% 
Epoch: 355, Loss: 0.1771, Train: 99.78%, Valid: 95.08%, Test In: 95.32% Test OOD1: 95.36% 
Epoch: 356, Loss: 0.1959, Train: 99.83%, Valid: 95.03%, Test In: 95.22% Test OOD1: 95.56% 
Epoch: 357, Loss: 0.1887, Train: 99.80%, Valid: 95.03%, Test In: 95.57% Test OOD1: 95.56% 
Epoch: 358, Loss: 0.2037, Train: 99.80%, Valid: 94.73%, Test In: 95.62% Test OOD1: 95.91% 
Epoch: 359, Loss: 0.1871, Train: 99.88%, Valid: 94.78%, Test In: 95.47% Test OOD1: 95.77% 
Epoch: 360, Loss: 0.1686, Train: 99.78%, Valid: 94.83%, Test In: 95.17% Test OOD1: 95.41% 
Epoch: 361, Loss: 0.1924, Train: 99.78%, Valid: 95.08%, Test In: 95.52% Test OOD1: 95.33% 
Epoch: 362, Loss: 0.1872, Train: 99.80%, Valid: 95.13%, Test In: 95.42% Test OOD1: 95.56% 
Epoch: 363, Loss: 0.1758, Train: 99.83%, Valid: 94.98%, Test In: 95.17% Test OOD1: 95.72% 
Epoch: 364, Loss: 0.1851, Train: 99.80%, Valid: 94.83%, Test In: 95.37% Test OOD1: 95.88% 
Epoch: 365, Loss: 0.1714, Train: 99.85%, Valid: 94.68%, Test In: 95.52% Test OOD1: 95.57% 
Epoch: 366, Loss: 0.1816, Train: 99.83%, Valid: 94.98%, Test In: 95.52% Test OOD1: 95.16% 
Epoch: 367, Loss: 0.1800, Train: 99.78%, Valid: 94.68%, Test In: 95.57% Test OOD1: 95.53% 
Epoch: 368, Loss: 0.1824, Train: 99.78%, Valid: 94.63%, Test In: 95.47% Test OOD1: 95.83% 
Epoch: 369, Loss: 0.1826, Train: 99.78%, Valid: 94.73%, Test In: 95.52% Test OOD1: 95.86% 
Epoch: 370, Loss: 0.1713, Train: 99.83%, Valid: 94.88%, Test In: 95.42% Test OOD1: 95.53% 
Epoch: 371, Loss: 0.1639, Train: 99.88%, Valid: 95.13%, Test In: 95.42% Test OOD1: 95.32% 
Epoch: 372, Loss: 0.1916, Train: 99.85%, Valid: 94.93%, Test In: 95.47% Test OOD1: 95.69% 
Epoch: 373, Loss: 0.1612, Train: 99.83%, Valid: 94.93%, Test In: 95.47% Test OOD1: 95.88% 
Epoch: 374, Loss: 0.2022, Train: 99.83%, Valid: 94.93%, Test In: 95.67% Test OOD1: 95.65% 
Epoch: 375, Loss: 0.1887, Train: 99.80%, Valid: 95.13%, Test In: 95.62% Test OOD1: 95.21% 
Epoch: 376, Loss: 0.1916, Train: 99.80%, Valid: 95.17%, Test In: 95.47% Test OOD1: 95.10% 
Epoch: 377, Loss: 0.1847, Train: 99.88%, Valid: 94.98%, Test In: 95.32% Test OOD1: 95.45% 
Epoch: 378, Loss: 0.1790, Train: 99.85%, Valid: 95.03%, Test In: 95.32% Test OOD1: 95.64% 
Epoch: 379, Loss: 0.1648, Train: 99.83%, Valid: 95.08%, Test In: 95.72% Test OOD1: 95.75% 
Epoch: 380, Loss: 0.1813, Train: 99.83%, Valid: 94.88%, Test In: 95.52% Test OOD1: 95.83% 
Epoch: 381, Loss: 0.1602, Train: 99.85%, Valid: 94.88%, Test In: 95.32% Test OOD1: 95.49% 
Epoch: 382, Loss: 0.1716, Train: 99.85%, Valid: 94.83%, Test In: 95.13% Test OOD1: 95.35% 
Epoch: 383, Loss: 0.1628, Train: 99.83%, Valid: 94.83%, Test In: 95.22% Test OOD1: 95.56% 
Epoch: 384, Loss: 0.1669, Train: 99.83%, Valid: 94.83%, Test In: 95.52% Test OOD1: 95.83% 
Epoch: 385, Loss: 0.1563, Train: 99.85%, Valid: 94.83%, Test In: 95.42% Test OOD1: 95.81% 
Epoch: 386, Loss: 0.1551, Train: 99.83%, Valid: 94.98%, Test In: 95.47% Test OOD1: 95.79% 
Epoch: 387, Loss: 0.1480, Train: 99.83%, Valid: 95.03%, Test In: 95.42% Test OOD1: 95.41% 
Epoch: 388, Loss: 0.1789, Train: 99.83%, Valid: 95.42%, Test In: 95.67% Test OOD1: 95.95% 
Epoch: 389, Loss: 0.1561, Train: 99.83%, Valid: 95.52%, Test In: 95.62% Test OOD1: 96.17% 
Epoch: 390, Loss: 0.1689, Train: 99.80%, Valid: 95.32%, Test In: 95.62% Test OOD1: 96.18% 
Epoch: 391, Loss: 0.1736, Train: 99.83%, Valid: 95.17%, Test In: 95.47% Test OOD1: 96.00% 
Epoch: 392, Loss: 0.1673, Train: 99.83%, Valid: 95.03%, Test In: 95.62% Test OOD1: 95.77% 
Epoch: 393, Loss: 0.1629, Train: 99.85%, Valid: 94.93%, Test In: 95.57% Test OOD1: 95.65% 
Epoch: 394, Loss: 0.1677, Train: 99.83%, Valid: 94.73%, Test In: 95.52% Test OOD1: 95.72% 
Epoch: 395, Loss: 0.1609, Train: 99.80%, Valid: 95.03%, Test In: 95.42% Test OOD1: 95.53% 
Epoch: 396, Loss: 0.1559, Train: 99.80%, Valid: 94.93%, Test In: 95.17% Test OOD1: 95.52% 
Epoch: 397, Loss: 0.1930, Train: 99.80%, Valid: 95.13%, Test In: 95.47% Test OOD1: 95.79% 
Epoch: 398, Loss: 0.1574, Train: 99.80%, Valid: 95.32%, Test In: 95.47% Test OOD1: 96.00% 
Epoch: 399, Loss: 0.1761, Train: 99.88%, Valid: 95.03%, Test In: 95.57% Test OOD1: 96.02% 
Epoch: 400, Loss: 0.1590, Train: 99.80%, Valid: 94.98%, Test In: 95.32% Test OOD1: 95.69% 
Epoch: 401, Loss: 0.1820, Train: 99.85%, Valid: 94.88%, Test In: 95.32% Test OOD1: 95.47% 
Epoch: 402, Loss: 0.1653, Train: 99.80%, Valid: 95.32%, Test In: 95.96% Test OOD1: 95.59% 
Epoch: 403, Loss: 0.2093, Train: 99.80%, Valid: 95.32%, Test In: 95.72% Test OOD1: 95.68% 
Epoch: 404, Loss: 0.1670, Train: 99.80%, Valid: 94.93%, Test In: 95.52% Test OOD1: 95.94% 
Epoch: 405, Loss: 0.2260, Train: 99.83%, Valid: 95.08%, Test In: 95.52% Test OOD1: 95.63% 
Epoch: 406, Loss: 0.2457, Train: 99.83%, Valid: 94.78%, Test In: 95.67% Test OOD1: 95.86% 
Epoch: 407, Loss: 0.2345, Train: 99.83%, Valid: 95.08%, Test In: 95.67% Test OOD1: 96.02% 
Epoch: 408, Loss: 0.2595, Train: 99.80%, Valid: 95.22%, Test In: 95.62% Test OOD1: 95.63% 
Epoch: 409, Loss: 0.2656, Train: 99.83%, Valid: 95.27%, Test In: 95.57% Test OOD1: 95.41% 
Epoch: 410, Loss: 0.2726, Train: 99.83%, Valid: 95.17%, Test In: 95.77% Test OOD1: 95.78% 
Epoch: 411, Loss: 0.2436, Train: 99.80%, Valid: 94.98%, Test In: 96.01% Test OOD1: 95.89% 
Epoch: 412, Loss: 0.2866, Train: 99.73%, Valid: 95.13%, Test In: 95.77% Test OOD1: 95.10% 
Epoch: 413, Loss: 0.2275, Train: 99.73%, Valid: 95.13%, Test In: 95.42% Test OOD1: 94.83% 
Epoch: 414, Loss: 0.2642, Train: 99.80%, Valid: 95.13%, Test In: 95.81% Test OOD1: 95.20% 
Epoch: 415, Loss: 0.2485, Train: 99.85%, Valid: 95.27%, Test In: 95.67% Test OOD1: 95.53% 
Epoch: 416, Loss: 0.2262, Train: 99.85%, Valid: 95.27%, Test In: 95.57% Test OOD1: 95.48% 
Epoch: 417, Loss: 0.2448, Train: 99.80%, Valid: 95.32%, Test In: 95.57% Test OOD1: 95.36% 
Epoch: 418, Loss: 0.2343, Train: 99.85%, Valid: 95.13%, Test In: 95.67% Test OOD1: 95.99% 
Epoch: 419, Loss: 0.2244, Train: 99.78%, Valid: 95.08%, Test In: 95.62% Test OOD1: 96.01% 
Epoch: 420, Loss: 0.2431, Train: 99.85%, Valid: 95.17%, Test In: 95.62% Test OOD1: 95.24% 
Epoch: 421, Loss: 0.2299, Train: 99.83%, Valid: 95.42%, Test In: 95.62% Test OOD1: 94.50% 
Epoch: 422, Loss: 0.2516, Train: 99.83%, Valid: 94.98%, Test In: 95.57% Test OOD1: 95.52% 
Epoch: 423, Loss: 0.2095, Train: 99.85%, Valid: 95.03%, Test In: 95.67% Test OOD1: 95.97% 
Epoch: 424, Loss: 0.2059, Train: 99.83%, Valid: 95.17%, Test In: 95.77% Test OOD1: 95.85% 
Epoch: 425, Loss: 0.2224, Train: 99.83%, Valid: 95.27%, Test In: 95.67% Test OOD1: 95.57% 
Epoch: 426, Loss: 0.2316, Train: 99.83%, Valid: 95.37%, Test In: 95.52% Test OOD1: 95.32% 
Epoch: 427, Loss: 0.2032, Train: 99.83%, Valid: 95.17%, Test In: 95.81% Test OOD1: 95.65% 
Epoch: 428, Loss: 0.2110, Train: 99.83%, Valid: 95.22%, Test In: 95.72% Test OOD1: 95.72% 
Epoch: 429, Loss: 0.2081, Train: 99.83%, Valid: 95.37%, Test In: 95.52% Test OOD1: 95.52% 
Epoch: 430, Loss: 0.1979, Train: 99.83%, Valid: 95.37%, Test In: 95.52% Test OOD1: 95.57% 
Epoch: 431, Loss: 0.1842, Train: 99.83%, Valid: 95.17%, Test In: 95.62% Test OOD1: 95.59% 
Epoch: 432, Loss: 0.1937, Train: 99.83%, Valid: 95.13%, Test In: 95.57% Test OOD1: 95.86% 
Epoch: 433, Loss: 0.2069, Train: 99.80%, Valid: 95.08%, Test In: 95.72% Test OOD1: 96.20% 
Epoch: 434, Loss: 0.1859, Train: 99.83%, Valid: 94.93%, Test In: 95.52% Test OOD1: 96.13% 
Epoch: 435, Loss: 0.1831, Train: 99.80%, Valid: 95.08%, Test In: 95.32% Test OOD1: 95.78% 
Epoch: 436, Loss: 0.1869, Train: 99.83%, Valid: 95.27%, Test In: 95.37% Test OOD1: 95.72% 
Epoch: 437, Loss: 0.1851, Train: 99.85%, Valid: 95.13%, Test In: 95.67% Test OOD1: 95.86% 
Epoch: 438, Loss: 0.1758, Train: 99.83%, Valid: 94.68%, Test In: 95.67% Test OOD1: 95.93% 
Epoch: 439, Loss: 0.1857, Train: 99.85%, Valid: 94.83%, Test In: 95.81% Test OOD1: 95.91% 
Epoch: 440, Loss: 0.1753, Train: 99.83%, Valid: 95.08%, Test In: 95.57% Test OOD1: 95.85% 
Epoch: 441, Loss: 0.1623, Train: 99.85%, Valid: 95.03%, Test In: 95.47% Test OOD1: 95.94% 
Epoch: 442, Loss: 0.1875, Train: 99.83%, Valid: 94.93%, Test In: 95.62% Test OOD1: 96.05% 
Epoch: 443, Loss: 0.1927, Train: 99.80%, Valid: 94.88%, Test In: 95.77% Test OOD1: 96.11% 
Epoch: 444, Loss: 0.1744, Train: 99.85%, Valid: 94.83%, Test In: 95.62% Test OOD1: 95.96% 
Epoch: 445, Loss: 0.1667, Train: 99.83%, Valid: 95.03%, Test In: 95.47% Test OOD1: 95.86% 
Epoch: 446, Loss: 0.1830, Train: 99.88%, Valid: 95.13%, Test In: 95.37% Test OOD1: 95.56% 
Epoch: 447, Loss: 0.1623, Train: 99.93%, Valid: 95.13%, Test In: 95.52% Test OOD1: 95.72% 
Epoch: 448, Loss: 0.1624, Train: 99.90%, Valid: 95.17%, Test In: 95.52% Test OOD1: 95.95% 
Epoch: 449, Loss: 0.1715, Train: 99.90%, Valid: 95.03%, Test In: 95.47% Test OOD1: 96.00% 
Epoch: 450, Loss: 0.1719, Train: 99.93%, Valid: 95.27%, Test In: 95.62% Test OOD1: 95.91% 
Epoch: 451, Loss: 0.1645, Train: 99.90%, Valid: 95.13%, Test In: 95.32% Test OOD1: 95.91% 
Epoch: 452, Loss: 0.1716, Train: 99.88%, Valid: 95.08%, Test In: 95.47% Test OOD1: 95.99% 
Epoch: 453, Loss: 0.1746, Train: 99.88%, Valid: 95.27%, Test In: 95.67% Test OOD1: 95.95% 
Epoch: 454, Loss: 0.1731, Train: 99.88%, Valid: 95.08%, Test In: 95.27% Test OOD1: 96.05% 
Epoch: 455, Loss: 0.1586, Train: 99.93%, Valid: 95.22%, Test In: 95.37% Test OOD1: 96.20% 
Epoch: 456, Loss: 0.1684, Train: 99.88%, Valid: 95.08%, Test In: 95.37% Test OOD1: 96.29% 
Epoch: 457, Loss: 0.1689, Train: 99.90%, Valid: 94.98%, Test In: 95.37% Test OOD1: 96.26% 
Epoch: 458, Loss: 0.1614, Train: 99.90%, Valid: 95.03%, Test In: 95.57% Test OOD1: 96.06% 
Epoch: 459, Loss: 0.1739, Train: 99.88%, Valid: 94.78%, Test In: 95.62% Test OOD1: 96.00% 
Epoch: 460, Loss: 0.1572, Train: 99.88%, Valid: 94.88%, Test In: 95.32% Test OOD1: 96.13% 
Epoch: 461, Loss: 0.1867, Train: 99.83%, Valid: 94.88%, Test In: 95.72% Test OOD1: 96.11% 
Epoch: 462, Loss: 0.1577, Train: 99.83%, Valid: 95.08%, Test In: 95.67% Test OOD1: 96.22% 
Epoch: 463, Loss: 0.1617, Train: 99.83%, Valid: 95.08%, Test In: 95.77% Test OOD1: 96.34% 
Epoch: 464, Loss: 0.1628, Train: 99.83%, Valid: 95.03%, Test In: 95.67% Test OOD1: 96.22% 
Epoch: 465, Loss: 0.1604, Train: 99.85%, Valid: 94.98%, Test In: 95.81% Test OOD1: 96.09% 
Epoch: 466, Loss: 0.1903, Train: 99.85%, Valid: 94.88%, Test In: 95.67% Test OOD1: 96.27% 
Epoch: 467, Loss: 0.1655, Train: 99.85%, Valid: 94.93%, Test In: 95.72% Test OOD1: 96.31% 
Epoch: 468, Loss: 0.1629, Train: 99.83%, Valid: 95.22%, Test In: 95.72% Test OOD1: 96.12% 
Epoch: 469, Loss: 0.1674, Train: 99.80%, Valid: 95.17%, Test In: 95.57% Test OOD1: 95.99% 
Epoch: 470, Loss: 0.1688, Train: 99.85%, Valid: 95.08%, Test In: 95.67% Test OOD1: 95.99% 
Epoch: 471, Loss: 0.1705, Train: 99.85%, Valid: 95.22%, Test In: 95.62% Test OOD1: 95.89% 
Epoch: 472, Loss: 0.1785, Train: 99.85%, Valid: 95.03%, Test In: 95.77% Test OOD1: 95.84% 
Epoch: 473, Loss: 0.1536, Train: 99.90%, Valid: 95.22%, Test In: 96.01% Test OOD1: 96.00% 
Epoch: 474, Loss: 0.1601, Train: 99.90%, Valid: 95.13%, Test In: 95.72% Test OOD1: 95.96% 
Epoch: 475, Loss: 0.1670, Train: 99.93%, Valid: 95.13%, Test In: 95.72% Test OOD1: 95.68% 
Epoch: 476, Loss: 0.1532, Train: 99.93%, Valid: 95.13%, Test In: 95.72% Test OOD1: 95.65% 
Epoch: 477, Loss: 0.1852, Train: 99.90%, Valid: 95.22%, Test In: 95.77% Test OOD1: 95.64% 
Epoch: 478, Loss: 0.1790, Train: 99.85%, Valid: 95.27%, Test In: 95.67% Test OOD1: 95.80% 
Epoch: 479, Loss: 0.1687, Train: 99.85%, Valid: 95.42%, Test In: 95.77% Test OOD1: 95.59% 
Epoch: 480, Loss: 0.1714, Train: 99.88%, Valid: 95.42%, Test In: 95.77% Test OOD1: 95.17% 
Epoch: 481, Loss: 0.1881, Train: 99.93%, Valid: 95.42%, Test In: 95.86% Test OOD1: 95.63% 
Epoch: 482, Loss: 0.1582, Train: 99.90%, Valid: 95.08%, Test In: 95.81% Test OOD1: 95.89% 
Epoch: 483, Loss: 0.1634, Train: 99.88%, Valid: 95.27%, Test In: 95.81% Test OOD1: 95.61% 
Epoch: 484, Loss: 0.1688, Train: 99.83%, Valid: 95.22%, Test In: 95.91% Test OOD1: 95.46% 
Epoch: 485, Loss: 0.1617, Train: 99.85%, Valid: 95.03%, Test In: 96.06% Test OOD1: 95.69% 
Epoch: 486, Loss: 0.1682, Train: 99.85%, Valid: 95.08%, Test In: 95.96% Test OOD1: 95.99% 
Epoch: 487, Loss: 0.1567, Train: 99.85%, Valid: 95.03%, Test In: 95.81% Test OOD1: 96.04% 
Epoch: 488, Loss: 0.1604, Train: 99.85%, Valid: 95.08%, Test In: 95.77% Test OOD1: 96.10% 
Epoch: 489, Loss: 0.1447, Train: 99.88%, Valid: 95.22%, Test In: 95.62% Test OOD1: 96.05% 
Epoch: 490, Loss: 0.1650, Train: 99.85%, Valid: 95.08%, Test In: 95.96% Test OOD1: 95.67% 
Epoch: 491, Loss: 0.1710, Train: 99.88%, Valid: 95.13%, Test In: 96.01% Test OOD1: 95.72% 
Epoch: 492, Loss: 0.1496, Train: 99.88%, Valid: 95.17%, Test In: 95.91% Test OOD1: 95.86% 
Epoch: 493, Loss: 0.1510, Train: 99.88%, Valid: 95.17%, Test In: 96.21% Test OOD1: 95.97% 
Epoch: 494, Loss: 0.1350, Train: 99.90%, Valid: 95.27%, Test In: 96.01% Test OOD1: 95.86% 
Epoch: 495, Loss: 0.1510, Train: 99.93%, Valid: 95.27%, Test In: 95.96% Test OOD1: 96.17% 
Epoch: 496, Loss: 0.1612, Train: 99.90%, Valid: 95.22%, Test In: 95.81% Test OOD1: 96.07% 
Epoch: 497, Loss: 0.1491, Train: 99.90%, Valid: 95.37%, Test In: 95.72% Test OOD1: 96.09% 
Epoch: 498, Loss: 0.1536, Train: 99.90%, Valid: 95.32%, Test In: 95.77% Test OOD1: 96.20% 
Epoch: 499, Loss: 0.1507, Train: 99.93%, Valid: 95.22%, Test In: 95.72% Test OOD1: 95.93% 
Run 02:
Highest Train: 99.93
Highest Valid: 95.52
Highest In Test: 96.21
Highest OOD Test: 96.34
Chosen epoch: 390
Final Train: 99.83
Final In Test: 95.62
Final OOD Test: 96.17
All runs:
Highest Train: 99.95 ± 0.03
Highest Valid: 95.69 ± 0.24
Highest In Test: 96.33 ± 0.17
Highest OOD Test: 96.73 ± 0.55
  Final Train: 99.88 ± 0.07
   Final In  Test: 95.84 ± 0.31
   Final OOD Test: 96.13 ± 0.05
[INFO] TensorBoard writer closed.

Command: python main.py --dataset cora --backbone_type gat --env_type graph --combine_result --store_result --epochs 500 --runs 2 --num_layers 2 --expert_agg mean --tau 3 --device 1 --other_env_objective irm --lr 0.01 --weight_decay 5e-05 --dropout 0.2 --lamda 0.5 --K 3 --hidden_channels 64 --other_env_reduce env --result_name cora_stage1_gat_reduced_lr0.01_weight_decay5e-05_dropout0.2_lamda0.5_K3_hidden_channels64_other_env_reduceenv
Return code: 0
Elapsed: 486.51s
