Namespace(K=3, backbone_type='gcn', causal_align_weight=0.1, causal_hidden_channels=0, causal_loss_weight=1.0, combine_result=True, cpu=False, data_dir='./data/', dataset='cora', device=1, display_step=1, dropout=0.2, env_type='graph', epochs=500, expert_agg='mean', gate_hidden=64, hidden_channels=32, infer_env=False, infer_env_components=64, infer_env_iters=30, infer_env_num=3, lamda=2.0, lr=0.01, num_layers=2, other_env_irm_lambda=1.0, other_env_loss_agg='mean', other_env_loss_temp=1.0, other_env_objective='irm', other_env_reduce='env', pos_weight=5.0, result_name='cora_stage1_lr0.01_weight_decay5e-05_dropout0.2_lamda2.0_K3_hidden_channels32_other_env_reduceenv', runs=2, seed=2024, store_result=True, tau=1.0, use_bn=False, use_causal_head=False, variant=False, weight_decay=5e-05)
using existing synthetic data...
dataset cora: all nodes 16248 | edges 63336 | classes 7 | feats 1443
train nodes 4062 | valid nodes 2031 | test in nodes 2031
test ood1 nodes 8124 
[INFO] env numbers: 6 train env numbers: 3
MODEL: CaNet(
  (experts): ModuleList(
    (0): ExpertNet(
      (convs): ModuleList(
        (0): CaNetConv()
        (1): CaNetConv()
      )
      (fcs): ModuleList(
        (0): Linear(in_features=1443, out_features=32, bias=True)
        (1): Linear(in_features=32, out_features=7, bias=True)
      )
      (act_fn): ReLU()
    )
    (1): ExpertNet(
      (convs): ModuleList(
        (0): CaNetConv()
        (1): CaNetConv()
      )
      (fcs): ModuleList(
        (0): Linear(in_features=1443, out_features=32, bias=True)
        (1): Linear(in_features=32, out_features=7, bias=True)
      )
      (act_fn): ReLU()
    )
    (2): ExpertNet(
      (convs): ModuleList(
        (0): CaNetConv()
        (1): CaNetConv()
      )
      (fcs): ModuleList(
        (0): Linear(in_features=1443, out_features=32, bias=True)
        (1): Linear(in_features=32, out_features=7, bias=True)
      )
      (act_fn): ReLU()
    )
  )
  (gate): Sequential(
    (0): Linear(in_features=1443, out_features=64, bias=True)
    (1): ReLU()
    (2): Linear(in_features=64, out_features=3, bias=True)
  )
)
[INFO] TensorBoard logging activated. Logs will be saved to: ./runs/cora/Apr19_14-12-37_lamda_2.0_otheragg_mean
Epoch: 00, Loss: 17.4645, Train: 29.84%, Valid: 30.82%, Test In: 30.48% Test OOD1: 30.23% 
Epoch: 01, Loss: 17.1506, Train: 30.18%, Valid: 31.17%, Test In: 30.67% Test OOD1: 30.29% 
Epoch: 02, Loss: 16.7024, Train: 31.34%, Valid: 32.10%, Test In: 32.00% Test OOD1: 30.50% 
Epoch: 03, Loss: 16.1310, Train: 33.14%, Valid: 33.68%, Test In: 33.78% Test OOD1: 31.78% 
Epoch: 04, Loss: 15.9000, Train: 36.76%, Valid: 37.96%, Test In: 36.83% Test OOD1: 39.96% 
Epoch: 05, Loss: 15.2789, Train: 41.19%, Valid: 41.36%, Test In: 40.23% Test OOD1: 42.87% 
Epoch: 06, Loss: 14.8118, Train: 42.71%, Valid: 43.23%, Test In: 42.39% Test OOD1: 43.57% 
Epoch: 07, Loss: 14.4117, Train: 43.21%, Valid: 43.57%, Test In: 42.64% Test OOD1: 43.78% 
Epoch: 08, Loss: 13.8237, Train: 43.53%, Valid: 44.07%, Test In: 43.03% Test OOD1: 44.21% 
Epoch: 09, Loss: 13.1720, Train: 44.21%, Valid: 44.46%, Test In: 43.97% Test OOD1: 45.41% 
Epoch: 10, Loss: 12.6635, Train: 47.39%, Valid: 47.42%, Test In: 46.73% Test OOD1: 49.04% 
Epoch: 11, Loss: 12.1386, Train: 58.07%, Valid: 57.80%, Test In: 56.43% Test OOD1: 50.94% 
Epoch: 12, Loss: 11.4689, Train: 62.43%, Valid: 62.48%, Test In: 60.91% Test OOD1: 53.55% 
Epoch: 13, Loss: 10.8227, Train: 64.13%, Valid: 64.65%, Test In: 63.22% Test OOD1: 54.00% 
Epoch: 14, Loss: 10.3628, Train: 66.17%, Valid: 67.26%, Test In: 65.44% Test OOD1: 54.55% 
Epoch: 15, Loss: 9.8429, Train: 68.59%, Valid: 70.36%, Test In: 68.24% Test OOD1: 55.00% 
Epoch: 16, Loss: 9.3430, Train: 70.95%, Valid: 71.98%, Test In: 70.31% Test OOD1: 55.01% 
Epoch: 17, Loss: 8.9334, Train: 72.72%, Valid: 73.12%, Test In: 71.79% Test OOD1: 54.39% 
Epoch: 18, Loss: 8.6071, Train: 74.84%, Valid: 75.73%, Test In: 74.05% Test OOD1: 53.63% 
Epoch: 19, Loss: 8.3277, Train: 76.81%, Valid: 77.35%, Test In: 75.78% Test OOD1: 53.51% 
Epoch: 20, Loss: 7.9521, Train: 78.85%, Valid: 79.07%, Test In: 77.99% Test OOD1: 54.05% 
Epoch: 21, Loss: 7.6842, Train: 80.33%, Valid: 80.95%, Test In: 79.32% Test OOD1: 54.62% 
Epoch: 22, Loss: 7.3872, Train: 81.59%, Valid: 81.98%, Test In: 80.50% Test OOD1: 54.70% 
Epoch: 23, Loss: 7.1334, Train: 82.64%, Valid: 83.01%, Test In: 81.44% Test OOD1: 55.02% 
Epoch: 24, Loss: 6.7764, Train: 83.23%, Valid: 83.46%, Test In: 82.32% Test OOD1: 56.04% 
Epoch: 25, Loss: 6.5447, Train: 83.85%, Valid: 83.85%, Test In: 82.82% Test OOD1: 57.34% 
Epoch: 26, Loss: 6.3438, Train: 84.74%, Valid: 84.24%, Test In: 83.36% Test OOD1: 58.09% 
Epoch: 27, Loss: 6.0985, Train: 85.20%, Valid: 84.24%, Test In: 84.24% Test OOD1: 58.48% 
Epoch: 28, Loss: 5.8805, Train: 86.36%, Valid: 85.57%, Test In: 85.33% Test OOD1: 59.60% 
Epoch: 29, Loss: 5.7181, Train: 88.16%, Valid: 86.95%, Test In: 87.15% Test OOD1: 60.72% 
Epoch: 30, Loss: 5.5112, Train: 89.07%, Valid: 87.79%, Test In: 88.77% Test OOD1: 61.85% 
Epoch: 31, Loss: 5.2848, Train: 90.30%, Valid: 88.68%, Test In: 89.32% Test OOD1: 62.51% 
Epoch: 32, Loss: 5.1071, Train: 91.21%, Valid: 89.27%, Test In: 90.15% Test OOD1: 62.85% 
Epoch: 33, Loss: 4.9442, Train: 92.15%, Valid: 90.10%, Test In: 90.50% Test OOD1: 63.26% 
Epoch: 34, Loss: 4.7528, Train: 92.69%, Valid: 90.40%, Test In: 91.09% Test OOD1: 63.92% 
Epoch: 35, Loss: 4.5245, Train: 93.06%, Valid: 90.69%, Test In: 91.43% Test OOD1: 65.57% 
Epoch: 36, Loss: 4.3897, Train: 93.43%, Valid: 90.84%, Test In: 91.68% Test OOD1: 66.89% 
Epoch: 37, Loss: 4.2384, Train: 93.60%, Valid: 91.29%, Test In: 91.83% Test OOD1: 68.49% 
Epoch: 38, Loss: 4.0191, Train: 93.89%, Valid: 91.63%, Test In: 92.07% Test OOD1: 70.33% 
Epoch: 39, Loss: 3.9156, Train: 94.24%, Valid: 91.48%, Test In: 92.27% Test OOD1: 72.17% 
Epoch: 40, Loss: 3.7951, Train: 94.56%, Valid: 91.29%, Test In: 92.22% Test OOD1: 74.05% 
Epoch: 41, Loss: 3.7085, Train: 94.61%, Valid: 91.63%, Test In: 92.61% Test OOD1: 74.82% 
Epoch: 42, Loss: 3.4998, Train: 94.85%, Valid: 91.63%, Test In: 92.42% Test OOD1: 75.50% 
Epoch: 43, Loss: 3.3482, Train: 94.88%, Valid: 91.73%, Test In: 92.76% Test OOD1: 75.97% 
Epoch: 44, Loss: 3.2729, Train: 95.15%, Valid: 91.73%, Test In: 92.81% Test OOD1: 76.27% 
Epoch: 45, Loss: 3.1284, Train: 95.10%, Valid: 91.73%, Test In: 92.86% Test OOD1: 76.43% 
Epoch: 46, Loss: 3.1326, Train: 95.17%, Valid: 91.88%, Test In: 92.96% Test OOD1: 76.65% 
Epoch: 47, Loss: 2.9150, Train: 95.35%, Valid: 91.83%, Test In: 93.06% Test OOD1: 76.98% 
Epoch: 48, Loss: 2.8653, Train: 95.47%, Valid: 92.02%, Test In: 93.11% Test OOD1: 77.51% 
Epoch: 49, Loss: 2.7489, Train: 95.54%, Valid: 92.12%, Test In: 93.01% Test OOD1: 77.83% 
Epoch: 50, Loss: 2.6264, Train: 95.77%, Valid: 92.22%, Test In: 93.01% Test OOD1: 78.42% 
Epoch: 51, Loss: 2.6901, Train: 95.86%, Valid: 92.27%, Test In: 93.16% Test OOD1: 78.77% 
Epoch: 52, Loss: 2.5215, Train: 96.01%, Valid: 92.37%, Test In: 93.30% Test OOD1: 79.36% 
Epoch: 53, Loss: 2.5014, Train: 96.23%, Valid: 92.42%, Test In: 93.55% Test OOD1: 79.83% 
Epoch: 54, Loss: 2.4565, Train: 96.31%, Valid: 92.47%, Test In: 93.50% Test OOD1: 80.15% 
Epoch: 55, Loss: 2.3222, Train: 96.41%, Valid: 92.42%, Test In: 93.60% Test OOD1: 80.26% 
Epoch: 56, Loss: 2.2327, Train: 96.48%, Valid: 92.76%, Test In: 93.60% Test OOD1: 80.49% 
Epoch: 57, Loss: 2.1353, Train: 96.45%, Valid: 92.91%, Test In: 93.85% Test OOD1: 80.65% 
Epoch: 58, Loss: 2.0580, Train: 96.53%, Valid: 92.91%, Test In: 93.85% Test OOD1: 81.12% 
Epoch: 59, Loss: 2.0504, Train: 96.77%, Valid: 92.86%, Test In: 93.89% Test OOD1: 81.65% 
Epoch: 60, Loss: 2.0088, Train: 96.97%, Valid: 93.01%, Test In: 93.60% Test OOD1: 81.88% 
Epoch: 61, Loss: 1.9355, Train: 97.05%, Valid: 93.30%, Test In: 93.89% Test OOD1: 81.89% 
Epoch: 62, Loss: 1.9225, Train: 97.12%, Valid: 93.21%, Test In: 94.14% Test OOD1: 81.73% 
Epoch: 63, Loss: 1.9211, Train: 97.32%, Valid: 93.25%, Test In: 94.39% Test OOD1: 82.23% 
Epoch: 64, Loss: 1.8630, Train: 97.56%, Valid: 93.45%, Test In: 94.29% Test OOD1: 83.32% 
Epoch: 65, Loss: 1.7904, Train: 97.76%, Valid: 93.35%, Test In: 94.14% Test OOD1: 84.00% 
Epoch: 66, Loss: 1.7438, Train: 97.91%, Valid: 93.55%, Test In: 94.29% Test OOD1: 84.16% 
Epoch: 67, Loss: 1.6674, Train: 97.86%, Valid: 93.80%, Test In: 94.39% Test OOD1: 84.45% 
Epoch: 68, Loss: 1.6436, Train: 97.93%, Valid: 93.70%, Test In: 94.73% Test OOD1: 84.23% 
Epoch: 69, Loss: 1.5957, Train: 98.20%, Valid: 93.85%, Test In: 94.68% Test OOD1: 84.28% 
Epoch: 70, Loss: 1.6350, Train: 98.35%, Valid: 93.80%, Test In: 94.83% Test OOD1: 84.59% 
Epoch: 71, Loss: 1.5547, Train: 98.42%, Valid: 93.99%, Test In: 94.73% Test OOD1: 85.30% 
Epoch: 72, Loss: 1.4997, Train: 98.45%, Valid: 94.09%, Test In: 94.83% Test OOD1: 85.64% 
Epoch: 73, Loss: 1.4608, Train: 98.57%, Valid: 94.53%, Test In: 94.88% Test OOD1: 85.73% 
Epoch: 74, Loss: 1.4258, Train: 98.67%, Valid: 94.34%, Test In: 95.08% Test OOD1: 85.66% 
Epoch: 75, Loss: 1.3814, Train: 98.72%, Valid: 94.44%, Test In: 95.08% Test OOD1: 86.05% 
Epoch: 76, Loss: 1.3858, Train: 98.82%, Valid: 94.58%, Test In: 95.17% Test OOD1: 86.55% 
Epoch: 77, Loss: 1.3749, Train: 98.82%, Valid: 94.58%, Test In: 95.03% Test OOD1: 87.40% 
Epoch: 78, Loss: 1.3050, Train: 98.92%, Valid: 94.49%, Test In: 95.13% Test OOD1: 87.74% 
Epoch: 79, Loss: 1.3529, Train: 98.99%, Valid: 94.98%, Test In: 95.22% Test OOD1: 87.33% 
Epoch: 80, Loss: 1.3042, Train: 99.06%, Valid: 94.88%, Test In: 95.22% Test OOD1: 86.88% 
Epoch: 81, Loss: 1.2573, Train: 99.04%, Valid: 94.98%, Test In: 95.27% Test OOD1: 87.26% 
Epoch: 82, Loss: 1.2100, Train: 99.04%, Valid: 95.08%, Test In: 95.42% Test OOD1: 88.10% 
Epoch: 83, Loss: 1.1797, Train: 99.16%, Valid: 94.78%, Test In: 95.22% Test OOD1: 88.74% 
Epoch: 84, Loss: 1.2036, Train: 99.11%, Valid: 95.08%, Test In: 95.32% Test OOD1: 88.96% 
Epoch: 85, Loss: 1.1249, Train: 99.21%, Valid: 95.27%, Test In: 95.62% Test OOD1: 88.79% 
Epoch: 86, Loss: 1.1595, Train: 99.19%, Valid: 95.27%, Test In: 95.72% Test OOD1: 88.68% 
Epoch: 87, Loss: 1.0794, Train: 99.21%, Valid: 95.22%, Test In: 95.77% Test OOD1: 88.88% 
Epoch: 88, Loss: 1.1100, Train: 99.24%, Valid: 95.22%, Test In: 95.81% Test OOD1: 89.24% 
Epoch: 89, Loss: 1.0866, Train: 99.24%, Valid: 95.22%, Test In: 95.86% Test OOD1: 89.57% 
Epoch: 90, Loss: 1.0002, Train: 99.26%, Valid: 95.17%, Test In: 95.62% Test OOD1: 89.70% 
Epoch: 91, Loss: 1.0498, Train: 99.29%, Valid: 95.27%, Test In: 95.62% Test OOD1: 89.75% 
Epoch: 92, Loss: 1.0662, Train: 99.34%, Valid: 95.42%, Test In: 95.67% Test OOD1: 90.18% 
Epoch: 93, Loss: 0.9278, Train: 99.36%, Valid: 95.42%, Test In: 95.72% Test OOD1: 90.34% 
Epoch: 94, Loss: 1.0046, Train: 99.46%, Valid: 95.52%, Test In: 95.96% Test OOD1: 90.31% 
Epoch: 95, Loss: 0.9033, Train: 99.48%, Valid: 95.42%, Test In: 95.91% Test OOD1: 90.34% 
Epoch: 96, Loss: 0.9842, Train: 99.58%, Valid: 95.17%, Test In: 96.01% Test OOD1: 90.56% 
Epoch: 97, Loss: 0.9597, Train: 99.53%, Valid: 95.57%, Test In: 95.91% Test OOD1: 91.04% 
Epoch: 98, Loss: 0.9602, Train: 99.56%, Valid: 95.67%, Test In: 96.06% Test OOD1: 91.20% 
Epoch: 99, Loss: 0.8993, Train: 99.61%, Valid: 95.62%, Test In: 95.96% Test OOD1: 90.92% 
Epoch: 100, Loss: 0.8841, Train: 99.53%, Valid: 95.62%, Test In: 96.11% Test OOD1: 90.88% 
Epoch: 101, Loss: 0.8938, Train: 99.56%, Valid: 95.77%, Test In: 96.06% Test OOD1: 91.35% 
Epoch: 102, Loss: 0.8524, Train: 99.63%, Valid: 95.67%, Test In: 96.16% Test OOD1: 92.20% 
Epoch: 103, Loss: 0.8530, Train: 99.68%, Valid: 95.57%, Test In: 96.01% Test OOD1: 92.52% 
Epoch: 104, Loss: 0.8365, Train: 99.70%, Valid: 95.57%, Test In: 96.01% Test OOD1: 92.43% 
Epoch: 105, Loss: 0.8496, Train: 99.70%, Valid: 95.77%, Test In: 96.11% Test OOD1: 91.94% 
Epoch: 106, Loss: 0.8148, Train: 99.73%, Valid: 95.81%, Test In: 96.16% Test OOD1: 91.86% 
Epoch: 107, Loss: 0.7890, Train: 99.70%, Valid: 95.86%, Test In: 96.50% Test OOD1: 91.99% 
Epoch: 108, Loss: 0.7650, Train: 99.73%, Valid: 95.91%, Test In: 96.55% Test OOD1: 92.12% 
Epoch: 109, Loss: 0.7700, Train: 99.73%, Valid: 96.01%, Test In: 96.50% Test OOD1: 92.34% 
Epoch: 110, Loss: 0.7322, Train: 99.75%, Valid: 95.86%, Test In: 96.45% Test OOD1: 92.66% 
Epoch: 111, Loss: 0.7302, Train: 99.80%, Valid: 95.86%, Test In: 96.45% Test OOD1: 92.66% 
Epoch: 112, Loss: 0.6825, Train: 99.78%, Valid: 95.91%, Test In: 96.31% Test OOD1: 92.63% 
Epoch: 113, Loss: 0.7297, Train: 99.78%, Valid: 95.96%, Test In: 96.36% Test OOD1: 92.75% 
Epoch: 114, Loss: 0.6288, Train: 99.80%, Valid: 96.26%, Test In: 96.60% Test OOD1: 92.85% 
Epoch: 115, Loss: 0.6964, Train: 99.78%, Valid: 96.16%, Test In: 96.60% Test OOD1: 92.95% 
Epoch: 116, Loss: 0.7065, Train: 99.80%, Valid: 96.21%, Test In: 96.65% Test OOD1: 93.09% 
Epoch: 117, Loss: 0.7000, Train: 99.85%, Valid: 96.36%, Test In: 96.70% Test OOD1: 93.17% 
Epoch: 118, Loss: 0.6463, Train: 99.88%, Valid: 96.11%, Test In: 96.65% Test OOD1: 93.17% 
Epoch: 119, Loss: 0.6102, Train: 99.88%, Valid: 96.06%, Test In: 96.60% Test OOD1: 93.33% 
Epoch: 120, Loss: 0.6380, Train: 99.88%, Valid: 96.16%, Test In: 96.60% Test OOD1: 93.59% 
Epoch: 121, Loss: 0.6634, Train: 99.88%, Valid: 96.21%, Test In: 96.80% Test OOD1: 93.78% 
Epoch: 122, Loss: 0.6297, Train: 99.88%, Valid: 96.11%, Test In: 96.85% Test OOD1: 93.87% 
Epoch: 123, Loss: 0.5970, Train: 99.88%, Valid: 96.21%, Test In: 96.85% Test OOD1: 93.93% 
Epoch: 124, Loss: 0.5859, Train: 99.88%, Valid: 96.26%, Test In: 96.95% Test OOD1: 94.03% 
Epoch: 125, Loss: 0.5980, Train: 99.88%, Valid: 96.26%, Test In: 96.90% Test OOD1: 94.14% 
Epoch: 126, Loss: 0.6284, Train: 99.88%, Valid: 96.21%, Test In: 97.00% Test OOD1: 94.18% 
Epoch: 127, Loss: 0.5641, Train: 99.90%, Valid: 96.36%, Test In: 97.05% Test OOD1: 94.24% 
Epoch: 128, Loss: 0.5899, Train: 99.90%, Valid: 96.31%, Test In: 96.90% Test OOD1: 94.31% 
Epoch: 129, Loss: 0.6109, Train: 99.90%, Valid: 96.31%, Test In: 96.85% Test OOD1: 94.45% 
Epoch: 130, Loss: 0.5655, Train: 99.90%, Valid: 96.26%, Test In: 96.90% Test OOD1: 94.51% 
Epoch: 131, Loss: 0.5602, Train: 99.90%, Valid: 96.31%, Test In: 96.90% Test OOD1: 94.51% 
Epoch: 132, Loss: 0.5554, Train: 99.90%, Valid: 96.31%, Test In: 96.85% Test OOD1: 94.63% 
Epoch: 133, Loss: 0.5516, Train: 99.93%, Valid: 96.36%, Test In: 96.85% Test OOD1: 94.61% 
Epoch: 134, Loss: 0.5504, Train: 99.93%, Valid: 96.41%, Test In: 96.80% Test OOD1: 94.78% 
Epoch: 135, Loss: 0.5074, Train: 99.90%, Valid: 96.31%, Test In: 96.65% Test OOD1: 94.90% 
Epoch: 136, Loss: 0.5007, Train: 99.90%, Valid: 96.41%, Test In: 96.70% Test OOD1: 95.05% 
Epoch: 137, Loss: 0.5453, Train: 99.93%, Valid: 96.26%, Test In: 96.80% Test OOD1: 94.78% 
Epoch: 138, Loss: 0.4957, Train: 99.95%, Valid: 96.21%, Test In: 96.85% Test OOD1: 94.55% 
Epoch: 139, Loss: 0.4868, Train: 99.95%, Valid: 96.36%, Test In: 96.90% Test OOD1: 94.72% 
Epoch: 140, Loss: 0.5053, Train: 99.95%, Valid: 96.31%, Test In: 96.80% Test OOD1: 94.92% 
Epoch: 141, Loss: 0.4951, Train: 99.95%, Valid: 96.26%, Test In: 96.75% Test OOD1: 95.13% 
Epoch: 142, Loss: 0.5308, Train: 99.98%, Valid: 96.26%, Test In: 96.80% Test OOD1: 95.31% 
Epoch: 143, Loss: 0.4874, Train: 99.95%, Valid: 96.45%, Test In: 96.85% Test OOD1: 95.36% 
Epoch: 144, Loss: 0.4642, Train: 99.95%, Valid: 96.45%, Test In: 97.00% Test OOD1: 95.26% 
Epoch: 145, Loss: 0.4985, Train: 99.98%, Valid: 96.50%, Test In: 97.00% Test OOD1: 95.20% 
Epoch: 146, Loss: 0.4383, Train: 99.98%, Valid: 96.60%, Test In: 96.95% Test OOD1: 95.29% 
Epoch: 147, Loss: 0.4750, Train: 99.98%, Valid: 96.55%, Test In: 97.00% Test OOD1: 95.38% 
Epoch: 148, Loss: 0.4983, Train: 99.98%, Valid: 96.60%, Test In: 96.95% Test OOD1: 95.43% 
Epoch: 149, Loss: 0.4672, Train: 99.98%, Valid: 96.50%, Test In: 96.90% Test OOD1: 95.49% 
Epoch: 150, Loss: 0.4604, Train: 99.98%, Valid: 96.65%, Test In: 96.90% Test OOD1: 95.40% 
Epoch: 151, Loss: 0.4535, Train: 99.98%, Valid: 96.60%, Test In: 96.95% Test OOD1: 95.40% 
Epoch: 152, Loss: 0.4341, Train: 99.98%, Valid: 96.60%, Test In: 96.95% Test OOD1: 95.29% 
Epoch: 153, Loss: 0.5111, Train: 99.98%, Valid: 96.60%, Test In: 96.90% Test OOD1: 95.36% 
Epoch: 154, Loss: 0.4308, Train: 99.98%, Valid: 96.45%, Test In: 96.80% Test OOD1: 95.45% 
Epoch: 155, Loss: 0.4664, Train: 99.98%, Valid: 96.50%, Test In: 96.95% Test OOD1: 95.53% 
Epoch: 156, Loss: 0.3982, Train: 99.98%, Valid: 96.65%, Test In: 97.10% Test OOD1: 95.67% 
Epoch: 157, Loss: 0.3883, Train: 99.98%, Valid: 96.65%, Test In: 97.19% Test OOD1: 95.69% 
Epoch: 158, Loss: 0.3849, Train: 99.98%, Valid: 96.55%, Test In: 97.10% Test OOD1: 95.78% 
Epoch: 159, Loss: 0.4260, Train: 99.98%, Valid: 96.41%, Test In: 97.05% Test OOD1: 95.85% 
Epoch: 160, Loss: 0.3760, Train: 99.98%, Valid: 96.55%, Test In: 97.00% Test OOD1: 95.83% 
Epoch: 161, Loss: 0.4163, Train: 99.98%, Valid: 96.55%, Test In: 96.95% Test OOD1: 95.86% 
Epoch: 162, Loss: 0.4006, Train: 99.98%, Valid: 96.55%, Test In: 97.10% Test OOD1: 95.73% 
Epoch: 163, Loss: 0.4154, Train: 99.98%, Valid: 96.60%, Test In: 97.19% Test OOD1: 95.63% 
Epoch: 164, Loss: 0.4021, Train: 99.98%, Valid: 96.65%, Test In: 97.29% Test OOD1: 95.78% 
Epoch: 165, Loss: 0.3977, Train: 99.98%, Valid: 96.65%, Test In: 97.24% Test OOD1: 95.99% 
Epoch: 166, Loss: 0.3620, Train: 99.98%, Valid: 96.65%, Test In: 97.24% Test OOD1: 96.04% 
Epoch: 167, Loss: 0.3787, Train: 99.98%, Valid: 96.65%, Test In: 97.19% Test OOD1: 95.94% 
Epoch: 168, Loss: 0.3547, Train: 100.00%, Valid: 96.70%, Test In: 97.24% Test OOD1: 95.88% 
Epoch: 169, Loss: 0.3819, Train: 100.00%, Valid: 96.75%, Test In: 97.34% Test OOD1: 95.74% 
Epoch: 170, Loss: 0.3702, Train: 100.00%, Valid: 96.70%, Test In: 97.34% Test OOD1: 95.97% 
Epoch: 171, Loss: 0.3804, Train: 100.00%, Valid: 96.60%, Test In: 97.24% Test OOD1: 96.01% 
Epoch: 172, Loss: 0.4021, Train: 100.00%, Valid: 96.55%, Test In: 97.19% Test OOD1: 96.22% 
Epoch: 173, Loss: 0.3981, Train: 100.00%, Valid: 96.60%, Test In: 97.14% Test OOD1: 96.39% 
Epoch: 174, Loss: 0.3773, Train: 100.00%, Valid: 96.70%, Test In: 97.19% Test OOD1: 96.63% 
Epoch: 175, Loss: 0.3729, Train: 100.00%, Valid: 96.70%, Test In: 97.24% Test OOD1: 96.52% 
Epoch: 176, Loss: 0.3884, Train: 100.00%, Valid: 96.75%, Test In: 97.44% Test OOD1: 96.34% 
Epoch: 177, Loss: 0.3882, Train: 100.00%, Valid: 96.70%, Test In: 97.39% Test OOD1: 96.32% 
Epoch: 178, Loss: 0.3368, Train: 100.00%, Valid: 96.70%, Test In: 97.39% Test OOD1: 96.31% 
Epoch: 179, Loss: 0.3948, Train: 100.00%, Valid: 96.70%, Test In: 97.34% Test OOD1: 96.45% 
Epoch: 180, Loss: 0.3609, Train: 100.00%, Valid: 96.75%, Test In: 97.29% Test OOD1: 96.71% 
Epoch: 181, Loss: 0.3691, Train: 100.00%, Valid: 96.65%, Test In: 97.29% Test OOD1: 96.86% 
Epoch: 182, Loss: 0.3626, Train: 100.00%, Valid: 96.65%, Test In: 97.10% Test OOD1: 96.92% 
Epoch: 183, Loss: 0.3390, Train: 100.00%, Valid: 96.65%, Test In: 97.14% Test OOD1: 96.85% 
Epoch: 184, Loss: 0.3650, Train: 100.00%, Valid: 96.65%, Test In: 97.29% Test OOD1: 96.73% 
Epoch: 185, Loss: 0.3444, Train: 100.00%, Valid: 96.60%, Test In: 97.39% Test OOD1: 96.63% 
Epoch: 186, Loss: 0.3068, Train: 100.00%, Valid: 96.65%, Test In: 97.34% Test OOD1: 96.55% 
Epoch: 187, Loss: 0.3605, Train: 100.00%, Valid: 96.65%, Test In: 97.24% Test OOD1: 96.57% 
Epoch: 188, Loss: 0.3409, Train: 100.00%, Valid: 96.65%, Test In: 97.14% Test OOD1: 96.55% 
Epoch: 189, Loss: 0.3281, Train: 100.00%, Valid: 96.60%, Test In: 97.14% Test OOD1: 96.58% 
Epoch: 190, Loss: 0.3265, Train: 100.00%, Valid: 96.75%, Test In: 97.14% Test OOD1: 96.60% 
Epoch: 191, Loss: 0.3096, Train: 100.00%, Valid: 96.60%, Test In: 97.14% Test OOD1: 96.70% 
Epoch: 192, Loss: 0.2978, Train: 100.00%, Valid: 96.65%, Test In: 97.14% Test OOD1: 96.73% 
Epoch: 193, Loss: 0.3306, Train: 100.00%, Valid: 96.70%, Test In: 97.29% Test OOD1: 96.59% 
Epoch: 194, Loss: 0.2994, Train: 100.00%, Valid: 96.60%, Test In: 97.29% Test OOD1: 96.49% 
Epoch: 195, Loss: 0.3347, Train: 100.00%, Valid: 96.55%, Test In: 97.39% Test OOD1: 96.55% 
Epoch: 196, Loss: 0.3656, Train: 100.00%, Valid: 96.65%, Test In: 97.44% Test OOD1: 96.66% 
Epoch: 197, Loss: 0.2913, Train: 100.00%, Valid: 96.75%, Test In: 97.44% Test OOD1: 96.66% 
Epoch: 198, Loss: 0.3413, Train: 100.00%, Valid: 96.60%, Test In: 97.39% Test OOD1: 96.80% 
Epoch: 199, Loss: 0.3119, Train: 100.00%, Valid: 96.70%, Test In: 97.29% Test OOD1: 96.95% 
Epoch: 200, Loss: 0.3193, Train: 100.00%, Valid: 96.70%, Test In: 97.24% Test OOD1: 97.00% 
Epoch: 201, Loss: 0.3087, Train: 100.00%, Valid: 96.70%, Test In: 97.24% Test OOD1: 96.89% 
Epoch: 202, Loss: 0.3292, Train: 100.00%, Valid: 96.75%, Test In: 97.24% Test OOD1: 96.81% 
Epoch: 203, Loss: 0.3063, Train: 100.00%, Valid: 96.70%, Test In: 97.24% Test OOD1: 96.71% 
Epoch: 204, Loss: 0.2777, Train: 100.00%, Valid: 96.70%, Test In: 97.19% Test OOD1: 96.74% 
Epoch: 205, Loss: 0.2776, Train: 100.00%, Valid: 96.65%, Test In: 97.24% Test OOD1: 96.90% 
Epoch: 206, Loss: 0.2767, Train: 100.00%, Valid: 96.65%, Test In: 97.24% Test OOD1: 96.91% 
Epoch: 207, Loss: 0.3160, Train: 100.00%, Valid: 96.70%, Test In: 97.24% Test OOD1: 96.94% 
Epoch: 208, Loss: 0.3011, Train: 100.00%, Valid: 96.65%, Test In: 97.29% Test OOD1: 96.91% 
Epoch: 209, Loss: 0.3011, Train: 100.00%, Valid: 96.65%, Test In: 97.29% Test OOD1: 96.92% 
Epoch: 210, Loss: 0.2631, Train: 100.00%, Valid: 96.60%, Test In: 97.34% Test OOD1: 96.90% 
Epoch: 211, Loss: 0.3167, Train: 100.00%, Valid: 96.65%, Test In: 97.29% Test OOD1: 96.91% 
Epoch: 212, Loss: 0.2340, Train: 100.00%, Valid: 96.65%, Test In: 97.39% Test OOD1: 96.91% 
Epoch: 213, Loss: 0.3166, Train: 100.00%, Valid: 96.60%, Test In: 97.29% Test OOD1: 96.60% 
Epoch: 214, Loss: 0.2862, Train: 100.00%, Valid: 96.55%, Test In: 97.19% Test OOD1: 96.70% 
Epoch: 215, Loss: 0.2903, Train: 100.00%, Valid: 96.70%, Test In: 97.24% Test OOD1: 96.79% 
Epoch: 216, Loss: 0.2751, Train: 100.00%, Valid: 96.70%, Test In: 97.24% Test OOD1: 96.89% 
Epoch: 217, Loss: 0.2500, Train: 100.00%, Valid: 96.70%, Test In: 97.24% Test OOD1: 96.94% 
Epoch: 218, Loss: 0.3016, Train: 100.00%, Valid: 96.55%, Test In: 97.29% Test OOD1: 96.91% 
Epoch: 219, Loss: 0.2790, Train: 100.00%, Valid: 96.65%, Test In: 97.29% Test OOD1: 96.90% 
Epoch: 220, Loss: 0.2571, Train: 100.00%, Valid: 96.65%, Test In: 97.39% Test OOD1: 96.77% 
Epoch: 221, Loss: 0.2681, Train: 100.00%, Valid: 96.60%, Test In: 97.44% Test OOD1: 96.69% 
Epoch: 222, Loss: 0.2775, Train: 100.00%, Valid: 96.55%, Test In: 97.39% Test OOD1: 96.70% 
Epoch: 223, Loss: 0.2746, Train: 100.00%, Valid: 96.60%, Test In: 97.34% Test OOD1: 96.84% 
Epoch: 224, Loss: 0.2572, Train: 100.00%, Valid: 96.60%, Test In: 97.34% Test OOD1: 96.95% 
Epoch: 225, Loss: 0.2472, Train: 100.00%, Valid: 96.60%, Test In: 97.34% Test OOD1: 97.01% 
Epoch: 226, Loss: 0.2540, Train: 100.00%, Valid: 96.55%, Test In: 97.44% Test OOD1: 97.05% 
Epoch: 227, Loss: 0.2378, Train: 100.00%, Valid: 96.50%, Test In: 97.49% Test OOD1: 96.87% 
Epoch: 228, Loss: 0.2506, Train: 100.00%, Valid: 96.60%, Test In: 97.44% Test OOD1: 96.90% 
Epoch: 229, Loss: 0.3133, Train: 100.00%, Valid: 96.60%, Test In: 97.44% Test OOD1: 96.97% 
Epoch: 230, Loss: 0.2556, Train: 100.00%, Valid: 96.75%, Test In: 97.34% Test OOD1: 97.03% 
Epoch: 231, Loss: 0.2651, Train: 100.00%, Valid: 96.70%, Test In: 97.19% Test OOD1: 97.08% 
Epoch: 232, Loss: 0.2578, Train: 100.00%, Valid: 96.70%, Test In: 97.19% Test OOD1: 96.98% 
Epoch: 233, Loss: 0.2691, Train: 100.00%, Valid: 96.70%, Test In: 97.34% Test OOD1: 96.92% 
Epoch: 234, Loss: 0.2620, Train: 100.00%, Valid: 96.70%, Test In: 97.34% Test OOD1: 96.92% 
Epoch: 235, Loss: 0.2914, Train: 100.00%, Valid: 96.80%, Test In: 97.24% Test OOD1: 97.07% 
Epoch: 236, Loss: 0.2764, Train: 100.00%, Valid: 96.75%, Test In: 97.29% Test OOD1: 97.13% 
Epoch: 237, Loss: 0.2840, Train: 100.00%, Valid: 96.75%, Test In: 97.29% Test OOD1: 97.21% 
Epoch: 238, Loss: 0.2511, Train: 100.00%, Valid: 96.80%, Test In: 97.34% Test OOD1: 97.29% 
Epoch: 239, Loss: 0.2379, Train: 100.00%, Valid: 96.80%, Test In: 97.39% Test OOD1: 97.38% 
Epoch: 240, Loss: 0.2700, Train: 100.00%, Valid: 96.70%, Test In: 97.44% Test OOD1: 97.35% 
Epoch: 241, Loss: 0.2707, Train: 100.00%, Valid: 96.60%, Test In: 97.34% Test OOD1: 97.27% 
Epoch: 242, Loss: 0.2511, Train: 100.00%, Valid: 96.75%, Test In: 97.29% Test OOD1: 97.27% 
Epoch: 243, Loss: 0.2705, Train: 100.00%, Valid: 96.75%, Test In: 97.34% Test OOD1: 97.38% 
Epoch: 244, Loss: 0.2774, Train: 100.00%, Valid: 96.70%, Test In: 97.39% Test OOD1: 97.45% 
Epoch: 245, Loss: 0.2381, Train: 100.00%, Valid: 96.80%, Test In: 97.39% Test OOD1: 97.46% 
Epoch: 246, Loss: 0.2650, Train: 100.00%, Valid: 96.85%, Test In: 97.39% Test OOD1: 97.28% 
Epoch: 247, Loss: 0.2556, Train: 100.00%, Valid: 96.95%, Test In: 97.34% Test OOD1: 97.32% 
Epoch: 248, Loss: 0.2763, Train: 100.00%, Valid: 96.95%, Test In: 97.39% Test OOD1: 97.45% 
Epoch: 249, Loss: 0.2525, Train: 100.00%, Valid: 96.75%, Test In: 97.39% Test OOD1: 97.56% 
Epoch: 250, Loss: 0.2727, Train: 100.00%, Valid: 96.75%, Test In: 97.44% Test OOD1: 97.50% 
Epoch: 251, Loss: 0.2171, Train: 100.00%, Valid: 96.85%, Test In: 97.34% Test OOD1: 97.35% 
Epoch: 252, Loss: 0.2349, Train: 100.00%, Valid: 96.80%, Test In: 97.39% Test OOD1: 97.23% 
Epoch: 253, Loss: 0.2325, Train: 100.00%, Valid: 96.80%, Test In: 97.49% Test OOD1: 97.24% 
Epoch: 254, Loss: 0.2586, Train: 100.00%, Valid: 96.80%, Test In: 97.44% Test OOD1: 97.34% 
Epoch: 255, Loss: 0.2526, Train: 100.00%, Valid: 96.90%, Test In: 97.49% Test OOD1: 97.37% 
Epoch: 256, Loss: 0.2598, Train: 100.00%, Valid: 96.85%, Test In: 97.49% Test OOD1: 97.30% 
Epoch: 257, Loss: 0.2648, Train: 100.00%, Valid: 96.90%, Test In: 97.49% Test OOD1: 97.29% 
Epoch: 258, Loss: 0.2451, Train: 100.00%, Valid: 96.75%, Test In: 97.39% Test OOD1: 97.29% 
Epoch: 259, Loss: 0.2537, Train: 100.00%, Valid: 96.80%, Test In: 97.39% Test OOD1: 97.33% 
Epoch: 260, Loss: 0.2474, Train: 100.00%, Valid: 96.80%, Test In: 97.39% Test OOD1: 97.34% 
Epoch: 261, Loss: 0.2365, Train: 100.00%, Valid: 96.80%, Test In: 97.34% Test OOD1: 97.27% 
Epoch: 262, Loss: 0.2326, Train: 100.00%, Valid: 96.80%, Test In: 97.44% Test OOD1: 97.28% 
Epoch: 263, Loss: 0.2088, Train: 100.00%, Valid: 96.70%, Test In: 97.44% Test OOD1: 97.34% 
Epoch: 264, Loss: 0.2437, Train: 100.00%, Valid: 96.60%, Test In: 97.44% Test OOD1: 97.42% 
Epoch: 265, Loss: 0.1940, Train: 100.00%, Valid: 96.65%, Test In: 97.39% Test OOD1: 97.40% 
Epoch: 266, Loss: 0.2388, Train: 100.00%, Valid: 96.70%, Test In: 97.39% Test OOD1: 97.30% 
Epoch: 267, Loss: 0.2042, Train: 100.00%, Valid: 96.70%, Test In: 97.59% Test OOD1: 96.96% 
Epoch: 268, Loss: 0.2428, Train: 100.00%, Valid: 96.70%, Test In: 97.54% Test OOD1: 96.80% 
Epoch: 269, Loss: 0.2173, Train: 100.00%, Valid: 96.75%, Test In: 97.54% Test OOD1: 97.03% 
Epoch: 270, Loss: 0.2368, Train: 100.00%, Valid: 96.55%, Test In: 97.44% Test OOD1: 97.37% 
Epoch: 271, Loss: 0.2404, Train: 100.00%, Valid: 96.60%, Test In: 97.34% Test OOD1: 97.32% 
Epoch: 272, Loss: 0.2154, Train: 100.00%, Valid: 96.70%, Test In: 97.39% Test OOD1: 97.35% 
Epoch: 273, Loss: 0.2336, Train: 100.00%, Valid: 96.75%, Test In: 97.39% Test OOD1: 97.44% 
Epoch: 274, Loss: 0.2329, Train: 100.00%, Valid: 96.85%, Test In: 97.49% Test OOD1: 97.29% 
Epoch: 275, Loss: 0.2532, Train: 100.00%, Valid: 96.85%, Test In: 97.49% Test OOD1: 97.34% 
Epoch: 276, Loss: 0.2348, Train: 100.00%, Valid: 96.85%, Test In: 97.39% Test OOD1: 97.39% 
Epoch: 277, Loss: 0.2230, Train: 100.00%, Valid: 96.80%, Test In: 97.39% Test OOD1: 97.54% 
Epoch: 278, Loss: 0.2595, Train: 100.00%, Valid: 96.70%, Test In: 97.24% Test OOD1: 97.55% 
Epoch: 279, Loss: 0.2445, Train: 100.00%, Valid: 96.65%, Test In: 97.34% Test OOD1: 97.48% 
Epoch: 280, Loss: 0.2183, Train: 100.00%, Valid: 96.80%, Test In: 97.49% Test OOD1: 97.34% 
Epoch: 281, Loss: 0.2667, Train: 100.00%, Valid: 96.90%, Test In: 97.39% Test OOD1: 97.26% 
Epoch: 282, Loss: 0.2323, Train: 100.00%, Valid: 96.90%, Test In: 97.39% Test OOD1: 97.24% 
Epoch: 283, Loss: 0.2536, Train: 100.00%, Valid: 96.80%, Test In: 97.24% Test OOD1: 97.32% 
Epoch: 284, Loss: 0.2210, Train: 100.00%, Valid: 96.70%, Test In: 97.19% Test OOD1: 97.40% 
Epoch: 285, Loss: 0.2130, Train: 100.00%, Valid: 96.65%, Test In: 97.24% Test OOD1: 97.38% 
Epoch: 286, Loss: 0.2411, Train: 100.00%, Valid: 96.65%, Test In: 97.24% Test OOD1: 97.19% 
Epoch: 287, Loss: 0.2224, Train: 100.00%, Valid: 96.65%, Test In: 97.34% Test OOD1: 97.18% 
Epoch: 288, Loss: 0.2268, Train: 100.00%, Valid: 96.75%, Test In: 97.34% Test OOD1: 97.12% 
Epoch: 289, Loss: 0.2387, Train: 100.00%, Valid: 96.75%, Test In: 97.39% Test OOD1: 97.03% 
Epoch: 290, Loss: 0.2147, Train: 100.00%, Valid: 96.95%, Test In: 97.39% Test OOD1: 97.07% 
Epoch: 291, Loss: 0.1960, Train: 100.00%, Valid: 96.95%, Test In: 97.39% Test OOD1: 97.11% 
Epoch: 292, Loss: 0.2403, Train: 100.00%, Valid: 96.90%, Test In: 97.39% Test OOD1: 97.29% 
Epoch: 293, Loss: 0.2006, Train: 100.00%, Valid: 96.85%, Test In: 97.34% Test OOD1: 97.30% 
Epoch: 294, Loss: 0.2179, Train: 100.00%, Valid: 96.85%, Test In: 97.39% Test OOD1: 97.16% 
Epoch: 295, Loss: 0.2181, Train: 100.00%, Valid: 96.90%, Test In: 97.39% Test OOD1: 96.75% 
Epoch: 296, Loss: 0.2345, Train: 100.00%, Valid: 96.95%, Test In: 97.49% Test OOD1: 96.59% 
Epoch: 297, Loss: 0.2131, Train: 100.00%, Valid: 96.95%, Test In: 97.39% Test OOD1: 96.86% 
Epoch: 298, Loss: 0.2044, Train: 100.00%, Valid: 96.80%, Test In: 97.44% Test OOD1: 97.12% 
Epoch: 299, Loss: 0.2202, Train: 100.00%, Valid: 96.80%, Test In: 97.39% Test OOD1: 97.17% 
Epoch: 300, Loss: 0.2221, Train: 100.00%, Valid: 96.75%, Test In: 97.44% Test OOD1: 97.19% 
Epoch: 301, Loss: 0.2066, Train: 100.00%, Valid: 96.85%, Test In: 97.44% Test OOD1: 97.06% 
Epoch: 302, Loss: 0.1833, Train: 100.00%, Valid: 96.90%, Test In: 97.44% Test OOD1: 97.00% 
Epoch: 303, Loss: 0.1843, Train: 100.00%, Valid: 96.80%, Test In: 97.34% Test OOD1: 97.16% 
Epoch: 304, Loss: 0.2076, Train: 100.00%, Valid: 96.90%, Test In: 97.34% Test OOD1: 97.22% 
Epoch: 305, Loss: 0.1681, Train: 100.00%, Valid: 96.95%, Test In: 97.34% Test OOD1: 97.08% 
Epoch: 306, Loss: 0.2039, Train: 100.00%, Valid: 96.95%, Test In: 97.39% Test OOD1: 96.95% 
Epoch: 307, Loss: 0.1962, Train: 100.00%, Valid: 96.90%, Test In: 97.39% Test OOD1: 96.94% 
Epoch: 308, Loss: 0.2061, Train: 100.00%, Valid: 96.90%, Test In: 97.34% Test OOD1: 97.07% 
Epoch: 309, Loss: 0.2335, Train: 100.00%, Valid: 96.90%, Test In: 97.29% Test OOD1: 97.21% 
Epoch: 310, Loss: 0.1867, Train: 100.00%, Valid: 96.90%, Test In: 97.34% Test OOD1: 97.14% 
Epoch: 311, Loss: 0.1918, Train: 100.00%, Valid: 97.00%, Test In: 97.34% Test OOD1: 96.96% 
Epoch: 312, Loss: 0.1942, Train: 100.00%, Valid: 97.00%, Test In: 97.39% Test OOD1: 96.94% 
Epoch: 313, Loss: 0.2028, Train: 100.00%, Valid: 97.00%, Test In: 97.39% Test OOD1: 96.95% 
Epoch: 314, Loss: 0.1831, Train: 100.00%, Valid: 96.95%, Test In: 97.49% Test OOD1: 97.03% 
Epoch: 315, Loss: 0.2096, Train: 100.00%, Valid: 97.00%, Test In: 97.39% Test OOD1: 97.27% 
Epoch: 316, Loss: 0.1784, Train: 100.00%, Valid: 97.00%, Test In: 97.34% Test OOD1: 97.48% 
Epoch: 317, Loss: 0.2096, Train: 100.00%, Valid: 97.00%, Test In: 97.34% Test OOD1: 97.54% 
Epoch: 318, Loss: 0.2430, Train: 100.00%, Valid: 96.85%, Test In: 97.34% Test OOD1: 97.55% 
Epoch: 319, Loss: 0.1986, Train: 100.00%, Valid: 96.95%, Test In: 97.29% Test OOD1: 97.40% 
Epoch: 320, Loss: 0.1816, Train: 100.00%, Valid: 96.95%, Test In: 97.34% Test OOD1: 97.27% 
Epoch: 321, Loss: 0.1753, Train: 100.00%, Valid: 97.00%, Test In: 97.29% Test OOD1: 97.14% 
Epoch: 322, Loss: 0.2141, Train: 100.00%, Valid: 97.00%, Test In: 97.24% Test OOD1: 97.26% 
Epoch: 323, Loss: 0.2565, Train: 100.00%, Valid: 96.90%, Test In: 97.29% Test OOD1: 97.50% 
Epoch: 324, Loss: 0.1933, Train: 100.00%, Valid: 96.95%, Test In: 97.34% Test OOD1: 97.69% 
Epoch: 325, Loss: 0.1903, Train: 100.00%, Valid: 96.95%, Test In: 97.39% Test OOD1: 97.76% 
Epoch: 326, Loss: 0.1697, Train: 100.00%, Valid: 96.95%, Test In: 97.39% Test OOD1: 97.70% 
Epoch: 327, Loss: 0.2009, Train: 100.00%, Valid: 96.90%, Test In: 97.49% Test OOD1: 97.48% 
Epoch: 328, Loss: 0.2390, Train: 100.00%, Valid: 97.00%, Test In: 97.49% Test OOD1: 97.17% 
Epoch: 329, Loss: 0.2168, Train: 100.00%, Valid: 97.00%, Test In: 97.49% Test OOD1: 97.07% 
Epoch: 330, Loss: 0.2068, Train: 100.00%, Valid: 96.90%, Test In: 97.39% Test OOD1: 97.32% 
Epoch: 331, Loss: 0.2199, Train: 100.00%, Valid: 96.90%, Test In: 97.44% Test OOD1: 97.56% 
Epoch: 332, Loss: 0.2180, Train: 100.00%, Valid: 96.80%, Test In: 97.44% Test OOD1: 97.69% 
Epoch: 333, Loss: 0.1862, Train: 100.00%, Valid: 96.85%, Test In: 97.34% Test OOD1: 97.71% 
Epoch: 334, Loss: 0.2227, Train: 100.00%, Valid: 97.00%, Test In: 97.34% Test OOD1: 97.44% 
Epoch: 335, Loss: 0.2076, Train: 100.00%, Valid: 97.05%, Test In: 97.34% Test OOD1: 97.28% 
Epoch: 336, Loss: 0.1911, Train: 100.00%, Valid: 97.05%, Test In: 97.44% Test OOD1: 97.18% 
Epoch: 337, Loss: 0.2308, Train: 100.00%, Valid: 96.85%, Test In: 97.39% Test OOD1: 97.46% 
Epoch: 338, Loss: 0.1851, Train: 100.00%, Valid: 96.85%, Test In: 97.29% Test OOD1: 97.65% 
Epoch: 339, Loss: 0.1883, Train: 100.00%, Valid: 96.85%, Test In: 97.24% Test OOD1: 97.75% 
Epoch: 340, Loss: 0.2161, Train: 100.00%, Valid: 96.95%, Test In: 97.24% Test OOD1: 97.74% 
Epoch: 341, Loss: 0.1871, Train: 100.00%, Valid: 96.95%, Test In: 97.39% Test OOD1: 97.62% 
Epoch: 342, Loss: 0.1587, Train: 100.00%, Valid: 97.00%, Test In: 97.49% Test OOD1: 97.45% 
Epoch: 343, Loss: 0.1947, Train: 100.00%, Valid: 96.95%, Test In: 97.54% Test OOD1: 97.46% 
Epoch: 344, Loss: 0.2056, Train: 100.00%, Valid: 96.95%, Test In: 97.49% Test OOD1: 97.59% 
Epoch: 345, Loss: 0.1736, Train: 100.00%, Valid: 96.95%, Test In: 97.49% Test OOD1: 97.71% 
Epoch: 346, Loss: 0.2019, Train: 100.00%, Valid: 96.90%, Test In: 97.29% Test OOD1: 97.72% 
Epoch: 347, Loss: 0.1910, Train: 100.00%, Valid: 96.85%, Test In: 97.29% Test OOD1: 97.80% 
Epoch: 348, Loss: 0.1743, Train: 100.00%, Valid: 96.95%, Test In: 97.34% Test OOD1: 97.74% 
Epoch: 349, Loss: 0.1854, Train: 100.00%, Valid: 97.10%, Test In: 97.44% Test OOD1: 97.62% 
Epoch: 350, Loss: 0.1721, Train: 100.00%, Valid: 97.10%, Test In: 97.44% Test OOD1: 97.54% 
Epoch: 351, Loss: 0.1821, Train: 100.00%, Valid: 97.14%, Test In: 97.44% Test OOD1: 97.70% 
Epoch: 352, Loss: 0.2055, Train: 100.00%, Valid: 97.10%, Test In: 97.34% Test OOD1: 97.78% 
Epoch: 353, Loss: 0.1464, Train: 100.00%, Valid: 97.10%, Test In: 97.29% Test OOD1: 97.83% 
Epoch: 354, Loss: 0.1741, Train: 100.00%, Valid: 96.90%, Test In: 97.34% Test OOD1: 97.80% 
Epoch: 355, Loss: 0.1435, Train: 100.00%, Valid: 96.95%, Test In: 97.49% Test OOD1: 97.72% 
Epoch: 356, Loss: 0.1843, Train: 100.00%, Valid: 97.00%, Test In: 97.54% Test OOD1: 97.75% 
Epoch: 357, Loss: 0.1978, Train: 100.00%, Valid: 97.10%, Test In: 97.29% Test OOD1: 97.82% 
Epoch: 358, Loss: 0.1604, Train: 100.00%, Valid: 97.14%, Test In: 97.24% Test OOD1: 97.70% 
Epoch: 359, Loss: 0.1534, Train: 100.00%, Valid: 97.10%, Test In: 97.39% Test OOD1: 97.60% 
Epoch: 360, Loss: 0.1599, Train: 100.00%, Valid: 97.14%, Test In: 97.34% Test OOD1: 97.69% 
Epoch: 361, Loss: 0.1988, Train: 100.00%, Valid: 97.00%, Test In: 97.19% Test OOD1: 97.82% 
Epoch: 362, Loss: 0.1956, Train: 100.00%, Valid: 96.95%, Test In: 97.10% Test OOD1: 97.91% 
Epoch: 363, Loss: 0.1637, Train: 100.00%, Valid: 97.00%, Test In: 97.19% Test OOD1: 97.83% 
Epoch: 364, Loss: 0.1803, Train: 100.00%, Valid: 97.05%, Test In: 97.24% Test OOD1: 97.76% 
Epoch: 365, Loss: 0.1665, Train: 100.00%, Valid: 97.05%, Test In: 97.44% Test OOD1: 97.69% 
Epoch: 366, Loss: 0.1685, Train: 100.00%, Valid: 97.05%, Test In: 97.49% Test OOD1: 97.74% 
Epoch: 367, Loss: 0.1708, Train: 100.00%, Valid: 97.14%, Test In: 97.49% Test OOD1: 97.62% 
Epoch: 368, Loss: 0.1781, Train: 100.00%, Valid: 97.14%, Test In: 97.49% Test OOD1: 97.53% 
Epoch: 369, Loss: 0.1761, Train: 100.00%, Valid: 97.14%, Test In: 97.34% Test OOD1: 97.60% 
Epoch: 370, Loss: 0.1506, Train: 100.00%, Valid: 97.10%, Test In: 97.24% Test OOD1: 97.62% 
Epoch: 371, Loss: 0.1920, Train: 100.00%, Valid: 97.10%, Test In: 97.29% Test OOD1: 97.55% 
Epoch: 372, Loss: 0.1655, Train: 100.00%, Valid: 97.00%, Test In: 97.39% Test OOD1: 97.61% 
Epoch: 373, Loss: 0.1750, Train: 100.00%, Valid: 97.00%, Test In: 97.44% Test OOD1: 97.62% 
Epoch: 374, Loss: 0.1902, Train: 100.00%, Valid: 96.95%, Test In: 97.54% Test OOD1: 97.58% 
Epoch: 375, Loss: 0.1711, Train: 100.00%, Valid: 97.00%, Test In: 97.49% Test OOD1: 97.62% 
Epoch: 376, Loss: 0.1800, Train: 100.00%, Valid: 96.95%, Test In: 97.44% Test OOD1: 97.64% 
Epoch: 377, Loss: 0.1461, Train: 100.00%, Valid: 96.95%, Test In: 97.44% Test OOD1: 97.59% 
Epoch: 378, Loss: 0.1729, Train: 100.00%, Valid: 97.00%, Test In: 97.34% Test OOD1: 97.53% 
Epoch: 379, Loss: 0.2023, Train: 100.00%, Valid: 97.05%, Test In: 97.34% Test OOD1: 97.62% 
Epoch: 380, Loss: 0.1600, Train: 100.00%, Valid: 97.05%, Test In: 97.39% Test OOD1: 97.71% 
Epoch: 381, Loss: 0.2005, Train: 100.00%, Valid: 97.05%, Test In: 97.34% Test OOD1: 97.62% 
Epoch: 382, Loss: 0.1653, Train: 100.00%, Valid: 97.00%, Test In: 97.39% Test OOD1: 97.50% 
Epoch: 383, Loss: 0.1785, Train: 100.00%, Valid: 97.05%, Test In: 97.39% Test OOD1: 97.54% 
Epoch: 384, Loss: 0.1781, Train: 100.00%, Valid: 97.05%, Test In: 97.44% Test OOD1: 97.50% 
Epoch: 385, Loss: 0.1620, Train: 100.00%, Valid: 97.05%, Test In: 97.44% Test OOD1: 97.48% 
Epoch: 386, Loss: 0.1682, Train: 100.00%, Valid: 97.05%, Test In: 97.49% Test OOD1: 97.56% 
Epoch: 387, Loss: 0.1751, Train: 100.00%, Valid: 97.05%, Test In: 97.34% Test OOD1: 97.64% 
Epoch: 388, Loss: 0.2099, Train: 100.00%, Valid: 96.95%, Test In: 97.34% Test OOD1: 97.64% 
Epoch: 389, Loss: 0.1934, Train: 100.00%, Valid: 96.95%, Test In: 97.34% Test OOD1: 97.66% 
Epoch: 390, Loss: 0.2114, Train: 100.00%, Valid: 97.05%, Test In: 97.44% Test OOD1: 97.49% 
Epoch: 391, Loss: 0.1653, Train: 100.00%, Valid: 97.10%, Test In: 97.39% Test OOD1: 97.10% 
Epoch: 392, Loss: 0.2284, Train: 100.00%, Valid: 97.14%, Test In: 97.39% Test OOD1: 97.17% 
Epoch: 393, Loss: 0.1893, Train: 100.00%, Valid: 97.14%, Test In: 97.44% Test OOD1: 97.56% 
Epoch: 394, Loss: 0.1815, Train: 100.00%, Valid: 97.05%, Test In: 97.39% Test OOD1: 97.70% 
Epoch: 395, Loss: 0.1684, Train: 100.00%, Valid: 97.05%, Test In: 97.39% Test OOD1: 97.69% 
Epoch: 396, Loss: 0.2237, Train: 100.00%, Valid: 96.90%, Test In: 97.44% Test OOD1: 97.69% 
Epoch: 397, Loss: 0.1953, Train: 100.00%, Valid: 97.05%, Test In: 97.44% Test OOD1: 97.72% 
Epoch: 398, Loss: 0.2010, Train: 100.00%, Valid: 97.05%, Test In: 97.44% Test OOD1: 97.62% 
Epoch: 399, Loss: 0.1698, Train: 100.00%, Valid: 97.05%, Test In: 97.49% Test OOD1: 97.61% 
Epoch: 400, Loss: 0.1988, Train: 100.00%, Valid: 97.10%, Test In: 97.44% Test OOD1: 97.77% 
Epoch: 401, Loss: 0.1866, Train: 100.00%, Valid: 97.05%, Test In: 97.39% Test OOD1: 97.99% 
Epoch: 402, Loss: 0.1622, Train: 100.00%, Valid: 97.00%, Test In: 97.19% Test OOD1: 98.06% 
Epoch: 403, Loss: 0.1823, Train: 100.00%, Valid: 97.00%, Test In: 97.19% Test OOD1: 98.03% 
Epoch: 404, Loss: 0.1855, Train: 100.00%, Valid: 97.14%, Test In: 97.44% Test OOD1: 97.93% 
Epoch: 405, Loss: 0.1931, Train: 100.00%, Valid: 97.10%, Test In: 97.39% Test OOD1: 97.91% 
Epoch: 406, Loss: 0.1730, Train: 100.00%, Valid: 97.10%, Test In: 97.34% Test OOD1: 97.87% 
Epoch: 407, Loss: 0.1903, Train: 100.00%, Valid: 97.10%, Test In: 97.34% Test OOD1: 97.91% 
Epoch: 408, Loss: 0.1902, Train: 100.00%, Valid: 97.10%, Test In: 97.44% Test OOD1: 97.82% 
Epoch: 409, Loss: 0.1862, Train: 100.00%, Valid: 97.10%, Test In: 97.44% Test OOD1: 97.65% 
Epoch: 410, Loss: 0.2026, Train: 100.00%, Valid: 97.14%, Test In: 97.49% Test OOD1: 97.43% 
Epoch: 411, Loss: 0.1575, Train: 100.00%, Valid: 97.05%, Test In: 97.49% Test OOD1: 97.34% 
Epoch: 412, Loss: 0.2362, Train: 100.00%, Valid: 97.00%, Test In: 97.54% Test OOD1: 97.37% 
Epoch: 413, Loss: 0.1803, Train: 100.00%, Valid: 97.05%, Test In: 97.54% Test OOD1: 97.42% 
Epoch: 414, Loss: 0.1533, Train: 100.00%, Valid: 96.90%, Test In: 97.49% Test OOD1: 97.69% 
Epoch: 415, Loss: 0.1616, Train: 100.00%, Valid: 96.95%, Test In: 97.49% Test OOD1: 97.78% 
Epoch: 416, Loss: 0.2006, Train: 100.00%, Valid: 97.00%, Test In: 97.49% Test OOD1: 97.83% 
Epoch: 417, Loss: 0.1917, Train: 100.00%, Valid: 97.00%, Test In: 97.54% Test OOD1: 97.80% 
Epoch: 418, Loss: 0.1912, Train: 100.00%, Valid: 97.10%, Test In: 97.49% Test OOD1: 97.62% 
Epoch: 419, Loss: 0.1769, Train: 100.00%, Valid: 97.10%, Test In: 97.59% Test OOD1: 97.49% 
Epoch: 420, Loss: 0.1704, Train: 100.00%, Valid: 97.10%, Test In: 97.64% Test OOD1: 97.33% 
Epoch: 421, Loss: 0.1817, Train: 100.00%, Valid: 97.10%, Test In: 97.64% Test OOD1: 97.21% 
Epoch: 422, Loss: 0.2106, Train: 100.00%, Valid: 97.14%, Test In: 97.64% Test OOD1: 97.39% 
Epoch: 423, Loss: 0.2108, Train: 100.00%, Valid: 97.10%, Test In: 97.54% Test OOD1: 97.53% 
Epoch: 424, Loss: 0.1583, Train: 100.00%, Valid: 97.10%, Test In: 97.54% Test OOD1: 97.66% 
Epoch: 425, Loss: 0.1692, Train: 100.00%, Valid: 97.05%, Test In: 97.54% Test OOD1: 97.72% 
Epoch: 426, Loss: 0.1951, Train: 100.00%, Valid: 97.14%, Test In: 97.49% Test OOD1: 97.72% 
Epoch: 427, Loss: 0.1886, Train: 100.00%, Valid: 97.14%, Test In: 97.44% Test OOD1: 97.45% 
Epoch: 428, Loss: 0.1643, Train: 100.00%, Valid: 97.05%, Test In: 97.59% Test OOD1: 97.35% 
Epoch: 429, Loss: 0.1750, Train: 100.00%, Valid: 97.14%, Test In: 97.59% Test OOD1: 97.35% 
Epoch: 430, Loss: 0.1929, Train: 100.00%, Valid: 97.14%, Test In: 97.54% Test OOD1: 97.60% 
Epoch: 431, Loss: 0.1792, Train: 100.00%, Valid: 97.19%, Test In: 97.49% Test OOD1: 97.66% 
Epoch: 432, Loss: 0.1848, Train: 100.00%, Valid: 97.05%, Test In: 97.39% Test OOD1: 97.82% 
Epoch: 433, Loss: 0.1869, Train: 100.00%, Valid: 97.05%, Test In: 97.49% Test OOD1: 97.76% 
Epoch: 434, Loss: 0.1662, Train: 100.00%, Valid: 97.14%, Test In: 97.49% Test OOD1: 97.45% 
Epoch: 435, Loss: 0.1860, Train: 100.00%, Valid: 97.19%, Test In: 97.59% Test OOD1: 97.07% 
Epoch: 436, Loss: 0.1878, Train: 100.00%, Valid: 97.24%, Test In: 97.64% Test OOD1: 96.82% 
Epoch: 437, Loss: 0.1609, Train: 100.00%, Valid: 97.24%, Test In: 97.69% Test OOD1: 97.00% 
Epoch: 438, Loss: 0.1978, Train: 100.00%, Valid: 97.24%, Test In: 97.44% Test OOD1: 97.42% 
Epoch: 439, Loss: 0.1611, Train: 100.00%, Valid: 97.24%, Test In: 97.49% Test OOD1: 97.51% 
Epoch: 440, Loss: 0.1853, Train: 100.00%, Valid: 97.24%, Test In: 97.54% Test OOD1: 97.35% 
Epoch: 441, Loss: 0.1638, Train: 100.00%, Valid: 97.24%, Test In: 97.64% Test OOD1: 97.17% 
Epoch: 442, Loss: 0.1876, Train: 100.00%, Valid: 97.19%, Test In: 97.54% Test OOD1: 97.19% 
Epoch: 443, Loss: 0.1670, Train: 100.00%, Valid: 97.19%, Test In: 97.49% Test OOD1: 97.40% 
Epoch: 444, Loss: 0.1663, Train: 100.00%, Valid: 97.14%, Test In: 97.39% Test OOD1: 97.60% 
Epoch: 445, Loss: 0.1791, Train: 100.00%, Valid: 97.14%, Test In: 97.49% Test OOD1: 97.74% 
Epoch: 446, Loss: 0.1665, Train: 100.00%, Valid: 97.10%, Test In: 97.59% Test OOD1: 97.72% 
Epoch: 447, Loss: 0.1510, Train: 100.00%, Valid: 97.24%, Test In: 97.64% Test OOD1: 97.65% 
Epoch: 448, Loss: 0.1835, Train: 100.00%, Valid: 97.29%, Test In: 97.64% Test OOD1: 97.61% 
Epoch: 449, Loss: 0.2183, Train: 100.00%, Valid: 97.14%, Test In: 97.64% Test OOD1: 97.35% 
Epoch: 450, Loss: 0.1677, Train: 100.00%, Valid: 97.14%, Test In: 97.59% Test OOD1: 97.26% 
Epoch: 451, Loss: 0.1490, Train: 100.00%, Valid: 97.10%, Test In: 97.59% Test OOD1: 97.13% 
Epoch: 452, Loss: 0.1627, Train: 100.00%, Valid: 97.14%, Test In: 97.44% Test OOD1: 97.22% 
Epoch: 453, Loss: 0.1993, Train: 100.00%, Valid: 97.14%, Test In: 97.44% Test OOD1: 97.43% 
Epoch: 454, Loss: 0.1515, Train: 100.00%, Valid: 97.10%, Test In: 97.49% Test OOD1: 97.46% 
Epoch: 455, Loss: 0.1761, Train: 100.00%, Valid: 97.14%, Test In: 97.59% Test OOD1: 97.29% 
Epoch: 456, Loss: 0.1860, Train: 100.00%, Valid: 97.10%, Test In: 97.54% Test OOD1: 97.16% 
Epoch: 457, Loss: 0.1523, Train: 100.00%, Valid: 97.10%, Test In: 97.54% Test OOD1: 97.08% 
Epoch: 458, Loss: 0.1749, Train: 100.00%, Valid: 97.10%, Test In: 97.59% Test OOD1: 97.27% 
Epoch: 459, Loss: 0.1288, Train: 100.00%, Valid: 97.10%, Test In: 97.54% Test OOD1: 97.51% 
Epoch: 460, Loss: 0.1404, Train: 100.00%, Valid: 97.14%, Test In: 97.64% Test OOD1: 97.60% 
Epoch: 461, Loss: 0.1721, Train: 100.00%, Valid: 97.10%, Test In: 97.59% Test OOD1: 97.48% 
Epoch: 462, Loss: 0.1510, Train: 100.00%, Valid: 97.10%, Test In: 97.59% Test OOD1: 97.32% 
Epoch: 463, Loss: 0.1741, Train: 100.00%, Valid: 97.14%, Test In: 97.59% Test OOD1: 97.51% 
Epoch: 464, Loss: 0.1527, Train: 100.00%, Valid: 97.10%, Test In: 97.59% Test OOD1: 97.62% 
Epoch: 465, Loss: 0.1698, Train: 100.00%, Valid: 97.00%, Test In: 97.54% Test OOD1: 97.80% 
Epoch: 466, Loss: 0.1908, Train: 100.00%, Valid: 97.10%, Test In: 97.54% Test OOD1: 97.76% 
Epoch: 467, Loss: 0.1554, Train: 100.00%, Valid: 97.10%, Test In: 97.54% Test OOD1: 97.62% 
Epoch: 468, Loss: 0.1698, Train: 100.00%, Valid: 97.10%, Test In: 97.59% Test OOD1: 97.34% 
Epoch: 469, Loss: 0.1914, Train: 100.00%, Valid: 97.19%, Test In: 97.64% Test OOD1: 97.27% 
Epoch: 470, Loss: 0.1777, Train: 100.00%, Valid: 97.24%, Test In: 97.64% Test OOD1: 97.28% 
Epoch: 471, Loss: 0.1482, Train: 100.00%, Valid: 97.14%, Test In: 97.49% Test OOD1: 97.35% 
Epoch: 472, Loss: 0.1920, Train: 100.00%, Valid: 97.14%, Test In: 97.39% Test OOD1: 97.55% 
Epoch: 473, Loss: 0.1556, Train: 100.00%, Valid: 97.14%, Test In: 97.39% Test OOD1: 97.65% 
Epoch: 474, Loss: 0.1627, Train: 100.00%, Valid: 97.10%, Test In: 97.34% Test OOD1: 97.70% 
Epoch: 475, Loss: 0.1398, Train: 100.00%, Valid: 97.14%, Test In: 97.24% Test OOD1: 97.70% 
Epoch: 476, Loss: 0.1769, Train: 100.00%, Valid: 97.05%, Test In: 97.34% Test OOD1: 97.59% 
Epoch: 477, Loss: 0.1330, Train: 100.00%, Valid: 97.10%, Test In: 97.49% Test OOD1: 97.42% 
Epoch: 478, Loss: 0.1688, Train: 100.00%, Valid: 97.14%, Test In: 97.54% Test OOD1: 97.21% 
Epoch: 479, Loss: 0.1362, Train: 100.00%, Valid: 97.05%, Test In: 97.54% Test OOD1: 97.29% 
Epoch: 480, Loss: 0.1364, Train: 100.00%, Valid: 97.00%, Test In: 97.54% Test OOD1: 97.56% 
Epoch: 481, Loss: 0.1966, Train: 100.00%, Valid: 97.05%, Test In: 97.59% Test OOD1: 97.71% 
Epoch: 482, Loss: 0.1589, Train: 100.00%, Valid: 97.10%, Test In: 97.69% Test OOD1: 97.80% 
Epoch: 483, Loss: 0.1646, Train: 100.00%, Valid: 97.00%, Test In: 97.64% Test OOD1: 97.82% 
Epoch: 484, Loss: 0.1630, Train: 100.00%, Valid: 97.00%, Test In: 97.54% Test OOD1: 97.74% 
Epoch: 485, Loss: 0.1737, Train: 100.00%, Valid: 97.00%, Test In: 97.49% Test OOD1: 97.60% 
Epoch: 486, Loss: 0.1828, Train: 100.00%, Valid: 97.14%, Test In: 97.49% Test OOD1: 97.60% 
Epoch: 487, Loss: 0.2073, Train: 100.00%, Valid: 97.10%, Test In: 97.34% Test OOD1: 97.80% 
Epoch: 488, Loss: 0.1543, Train: 100.00%, Valid: 97.14%, Test In: 97.34% Test OOD1: 97.92% 
Epoch: 489, Loss: 0.1586, Train: 100.00%, Valid: 97.00%, Test In: 97.24% Test OOD1: 98.03% 
Epoch: 490, Loss: 0.1620, Train: 100.00%, Valid: 97.00%, Test In: 97.29% Test OOD1: 98.06% 
Epoch: 491, Loss: 0.1291, Train: 100.00%, Valid: 97.10%, Test In: 97.34% Test OOD1: 98.07% 
Epoch: 492, Loss: 0.1489, Train: 100.00%, Valid: 97.14%, Test In: 97.34% Test OOD1: 97.91% 
Epoch: 493, Loss: 0.1603, Train: 100.00%, Valid: 97.10%, Test In: 97.39% Test OOD1: 97.74% 
Epoch: 494, Loss: 0.1688, Train: 100.00%, Valid: 97.05%, Test In: 97.44% Test OOD1: 97.71% 
Epoch: 495, Loss: 0.1417, Train: 100.00%, Valid: 97.10%, Test In: 97.44% Test OOD1: 97.72% 
Epoch: 496, Loss: 0.1558, Train: 100.00%, Valid: 97.14%, Test In: 97.44% Test OOD1: 97.83% 
Epoch: 497, Loss: 0.1774, Train: 100.00%, Valid: 97.24%, Test In: 97.39% Test OOD1: 97.86% 
Epoch: 498, Loss: 0.1504, Train: 100.00%, Valid: 97.14%, Test In: 97.44% Test OOD1: 97.78% 
Epoch: 499, Loss: 0.1479, Train: 100.00%, Valid: 97.00%, Test In: 97.39% Test OOD1: 97.46% 
Run 01:
Highest Train: 100.00
Highest Valid: 97.29
Highest In Test: 97.69
Highest OOD Test: 98.07
Chosen epoch: 449
Final Train: 100.00
Final In Test: 97.64
Final OOD Test: 97.61
Epoch: 00, Loss: 17.6811, Train: 35.99%, Valid: 34.66%, Test In: 37.03% Test OOD1: 33.76% 
Epoch: 01, Loss: 17.3959, Train: 32.89%, Valid: 33.33%, Test In: 33.33% Test OOD1: 31.91% 
Epoch: 02, Loss: 16.9751, Train: 29.86%, Valid: 30.82%, Test In: 30.43% Test OOD1: 30.21% 
Epoch: 03, Loss: 16.3517, Train: 29.81%, Valid: 30.82%, Test In: 30.38% Test OOD1: 30.21% 
Epoch: 04, Loss: 15.7890, Train: 31.09%, Valid: 31.76%, Test In: 31.91% Test OOD1: 30.42% 
Epoch: 05, Loss: 15.5085, Train: 36.68%, Valid: 37.76%, Test In: 36.78% Test OOD1: 39.82% 
Epoch: 06, Loss: 14.9030, Train: 41.43%, Valid: 41.75%, Test In: 40.82% Test OOD1: 45.24% 
Epoch: 07, Loss: 14.4900, Train: 51.30%, Valid: 51.85%, Test In: 51.26% Test OOD1: 52.49% 
Epoch: 08, Loss: 14.0169, Train: 54.78%, Valid: 54.95%, Test In: 53.96% Test OOD1: 52.68% 
Epoch: 09, Loss: 13.5477, Train: 54.78%, Valid: 54.75%, Test In: 53.82% Test OOD1: 52.66% 
Epoch: 10, Loss: 12.9503, Train: 51.77%, Valid: 51.80%, Test In: 51.21% Test OOD1: 50.94% 
Epoch: 11, Loss: 12.3812, Train: 51.43%, Valid: 51.01%, Test In: 50.07% Test OOD1: 49.68% 
Epoch: 12, Loss: 11.8427, Train: 56.77%, Valid: 57.26%, Test In: 56.03% Test OOD1: 51.61% 
Epoch: 13, Loss: 11.2306, Train: 61.50%, Valid: 61.84%, Test In: 59.97% Test OOD1: 52.57% 
Epoch: 14, Loss: 10.6327, Train: 63.47%, Valid: 64.01%, Test In: 63.02% Test OOD1: 51.33% 
Epoch: 15, Loss: 10.0861, Train: 64.75%, Valid: 65.73%, Test In: 64.45% Test OOD1: 50.36% 
Epoch: 16, Loss: 9.6752, Train: 66.08%, Valid: 67.16%, Test In: 65.39% Test OOD1: 50.75% 
Epoch: 17, Loss: 9.1708, Train: 67.36%, Valid: 68.83%, Test In: 67.21% Test OOD1: 51.28% 
Epoch: 18, Loss: 8.8575, Train: 69.45%, Valid: 70.56%, Test In: 68.64% Test OOD1: 51.59% 
Epoch: 19, Loss: 8.5597, Train: 70.51%, Valid: 71.25%, Test In: 70.46% Test OOD1: 51.21% 
Epoch: 20, Loss: 8.2279, Train: 71.89%, Valid: 72.72%, Test In: 71.84% Test OOD1: 51.44% 
Epoch: 21, Loss: 7.8826, Train: 74.00%, Valid: 74.35%, Test In: 74.00% Test OOD1: 52.82% 
Epoch: 22, Loss: 7.6935, Train: 76.56%, Valid: 76.42%, Test In: 75.38% Test OOD1: 53.84% 
Epoch: 23, Loss: 7.4134, Train: 78.71%, Valid: 78.68%, Test In: 77.20% Test OOD1: 54.07% 
Epoch: 24, Loss: 7.2104, Train: 80.95%, Valid: 80.50%, Test In: 79.12% Test OOD1: 54.22% 
Epoch: 25, Loss: 6.9367, Train: 82.96%, Valid: 82.67%, Test In: 81.78% Test OOD1: 54.03% 
Epoch: 26, Loss: 6.7761, Train: 84.54%, Valid: 83.65%, Test In: 83.36% Test OOD1: 53.82% 
Epoch: 27, Loss: 6.6690, Train: 85.70%, Valid: 84.44%, Test In: 84.64% Test OOD1: 53.69% 
Epoch: 28, Loss: 6.4387, Train: 87.67%, Valid: 85.77%, Test In: 85.97% Test OOD1: 54.22% 
Epoch: 29, Loss: 6.1647, Train: 88.77%, Valid: 87.00%, Test In: 87.30% Test OOD1: 55.10% 
Epoch: 30, Loss: 5.9901, Train: 89.41%, Valid: 87.69%, Test In: 87.99% Test OOD1: 55.63% 
Epoch: 31, Loss: 5.9136, Train: 90.08%, Valid: 88.48%, Test In: 88.68% Test OOD1: 55.99% 
Epoch: 32, Loss: 5.6704, Train: 90.60%, Valid: 88.53%, Test In: 88.97% Test OOD1: 56.12% 
Epoch: 33, Loss: 5.4740, Train: 90.89%, Valid: 88.72%, Test In: 89.02% Test OOD1: 56.59% 
Epoch: 34, Loss: 5.2714, Train: 91.38%, Valid: 89.36%, Test In: 89.22% Test OOD1: 57.29% 
Epoch: 35, Loss: 5.1483, Train: 91.83%, Valid: 89.61%, Test In: 89.71% Test OOD1: 57.93% 
Epoch: 36, Loss: 4.8942, Train: 92.22%, Valid: 89.81%, Test In: 90.15% Test OOD1: 58.58% 
Epoch: 37, Loss: 4.7141, Train: 92.47%, Valid: 90.00%, Test In: 90.35% Test OOD1: 59.98% 
Epoch: 38, Loss: 4.6610, Train: 93.03%, Valid: 90.15%, Test In: 90.50% Test OOD1: 61.48% 
Epoch: 39, Loss: 4.4997, Train: 93.28%, Valid: 90.00%, Test In: 91.14% Test OOD1: 62.11% 
Epoch: 40, Loss: 4.1904, Train: 93.45%, Valid: 90.10%, Test In: 91.53% Test OOD1: 62.99% 
Epoch: 41, Loss: 4.2406, Train: 93.75%, Valid: 90.20%, Test In: 91.58% Test OOD1: 64.61% 
Epoch: 42, Loss: 3.9980, Train: 93.75%, Valid: 90.94%, Test In: 91.48% Test OOD1: 65.93% 
Epoch: 43, Loss: 3.8835, Train: 93.94%, Valid: 90.89%, Test In: 91.58% Test OOD1: 66.86% 
Epoch: 44, Loss: 3.7207, Train: 94.34%, Valid: 90.79%, Test In: 91.88% Test OOD1: 67.15% 
Epoch: 45, Loss: 3.5944, Train: 94.39%, Valid: 91.04%, Test In: 91.97% Test OOD1: 68.01% 
Epoch: 46, Loss: 3.4542, Train: 94.51%, Valid: 91.14%, Test In: 92.12% Test OOD1: 68.66% 
Epoch: 47, Loss: 3.3556, Train: 94.78%, Valid: 91.43%, Test In: 92.22% Test OOD1: 69.74% 
Epoch: 48, Loss: 3.2152, Train: 94.90%, Valid: 91.48%, Test In: 92.42% Test OOD1: 70.49% 
Epoch: 49, Loss: 2.9834, Train: 95.05%, Valid: 91.63%, Test In: 92.47% Test OOD1: 70.49% 
Epoch: 50, Loss: 2.9503, Train: 95.22%, Valid: 91.83%, Test In: 92.42% Test OOD1: 70.75% 
Epoch: 51, Loss: 2.8726, Train: 95.27%, Valid: 91.63%, Test In: 92.57% Test OOD1: 71.41% 
Epoch: 52, Loss: 2.7902, Train: 95.47%, Valid: 91.48%, Test In: 92.71% Test OOD1: 72.37% 
Epoch: 53, Loss: 2.6437, Train: 95.54%, Valid: 91.63%, Test In: 92.81% Test OOD1: 73.34% 
Epoch: 54, Loss: 2.5873, Train: 95.77%, Valid: 91.88%, Test In: 92.81% Test OOD1: 74.11% 
Epoch: 55, Loss: 2.5011, Train: 95.79%, Valid: 92.02%, Test In: 93.06% Test OOD1: 74.48% 
Epoch: 56, Loss: 2.4353, Train: 95.84%, Valid: 92.47%, Test In: 92.86% Test OOD1: 74.53% 
Epoch: 57, Loss: 2.3740, Train: 96.09%, Valid: 92.37%, Test In: 93.01% Test OOD1: 75.44% 
Epoch: 58, Loss: 2.3062, Train: 96.36%, Valid: 92.37%, Test In: 93.60% Test OOD1: 77.28% 
Epoch: 59, Loss: 2.2093, Train: 96.38%, Valid: 92.17%, Test In: 93.80% Test OOD1: 78.53% 
Epoch: 60, Loss: 2.1911, Train: 96.50%, Valid: 92.27%, Test In: 93.65% Test OOD1: 79.17% 
Epoch: 61, Loss: 2.1339, Train: 96.63%, Valid: 92.71%, Test In: 93.70% Test OOD1: 79.54% 
Epoch: 62, Loss: 2.0720, Train: 96.77%, Valid: 92.66%, Test In: 93.65% Test OOD1: 80.01% 
Epoch: 63, Loss: 1.9891, Train: 96.90%, Valid: 92.66%, Test In: 93.89% Test OOD1: 80.71% 
Epoch: 64, Loss: 1.9051, Train: 97.05%, Valid: 92.91%, Test In: 93.89% Test OOD1: 81.49% 
Epoch: 65, Loss: 1.8373, Train: 97.12%, Valid: 93.01%, Test In: 94.14% Test OOD1: 81.77% 
Epoch: 66, Loss: 1.7605, Train: 97.14%, Valid: 92.96%, Test In: 93.99% Test OOD1: 82.14% 
Epoch: 67, Loss: 1.7993, Train: 97.37%, Valid: 93.25%, Test In: 94.19% Test OOD1: 82.93% 
Epoch: 68, Loss: 1.7825, Train: 97.64%, Valid: 93.40%, Test In: 94.44% Test OOD1: 83.63% 
Epoch: 69, Loss: 1.6228, Train: 97.71%, Valid: 93.45%, Test In: 94.04% Test OOD1: 84.82% 
Epoch: 70, Loss: 1.6976, Train: 97.78%, Valid: 93.35%, Test In: 94.29% Test OOD1: 85.71% 
Epoch: 71, Loss: 1.5965, Train: 97.88%, Valid: 93.50%, Test In: 94.24% Test OOD1: 85.89% 
Epoch: 72, Loss: 1.5151, Train: 98.06%, Valid: 93.60%, Test In: 94.29% Test OOD1: 85.94% 
Epoch: 73, Loss: 1.5700, Train: 98.13%, Valid: 93.75%, Test In: 94.53% Test OOD1: 86.02% 
Epoch: 74, Loss: 1.5116, Train: 98.23%, Valid: 93.60%, Test In: 94.58% Test OOD1: 86.47% 
Epoch: 75, Loss: 1.4355, Train: 98.35%, Valid: 93.60%, Test In: 94.53% Test OOD1: 87.26% 
Epoch: 76, Loss: 1.4467, Train: 98.57%, Valid: 93.89%, Test In: 94.63% Test OOD1: 87.92% 
Epoch: 77, Loss: 1.3422, Train: 98.70%, Valid: 94.19%, Test In: 94.68% Test OOD1: 88.27% 
Epoch: 78, Loss: 1.3578, Train: 98.82%, Valid: 94.39%, Test In: 95.03% Test OOD1: 88.21% 
Epoch: 79, Loss: 1.3027, Train: 98.87%, Valid: 94.29%, Test In: 95.17% Test OOD1: 88.40% 
Epoch: 80, Loss: 1.2827, Train: 98.89%, Valid: 94.34%, Test In: 95.13% Test OOD1: 88.87% 
Epoch: 81, Loss: 1.2691, Train: 98.92%, Valid: 94.29%, Test In: 95.13% Test OOD1: 89.25% 
Epoch: 82, Loss: 1.2091, Train: 98.94%, Valid: 94.53%, Test In: 95.13% Test OOD1: 89.36% 
Epoch: 83, Loss: 1.1954, Train: 99.09%, Valid: 94.78%, Test In: 95.13% Test OOD1: 89.17% 
Epoch: 84, Loss: 1.1840, Train: 99.09%, Valid: 94.98%, Test In: 95.22% Test OOD1: 89.18% 
Epoch: 85, Loss: 1.1804, Train: 99.14%, Valid: 94.93%, Test In: 95.47% Test OOD1: 89.20% 
Epoch: 86, Loss: 1.1293, Train: 99.19%, Valid: 95.03%, Test In: 95.37% Test OOD1: 89.56% 
Epoch: 87, Loss: 1.1169, Train: 99.21%, Valid: 94.98%, Test In: 95.32% Test OOD1: 90.42% 
Epoch: 88, Loss: 1.0754, Train: 99.19%, Valid: 95.17%, Test In: 95.32% Test OOD1: 90.63% 
Epoch: 89, Loss: 1.0707, Train: 99.24%, Valid: 94.98%, Test In: 95.42% Test OOD1: 90.76% 
Epoch: 90, Loss: 1.0818, Train: 99.31%, Valid: 95.03%, Test In: 95.62% Test OOD1: 90.66% 
Epoch: 91, Loss: 1.0226, Train: 99.34%, Valid: 95.32%, Test In: 95.72% Test OOD1: 90.57% 
Epoch: 92, Loss: 0.9737, Train: 99.36%, Valid: 95.37%, Test In: 95.52% Test OOD1: 90.76% 
Epoch: 93, Loss: 0.9345, Train: 99.36%, Valid: 95.52%, Test In: 95.47% Test OOD1: 91.30% 
Epoch: 94, Loss: 0.9354, Train: 99.38%, Valid: 95.42%, Test In: 95.42% Test OOD1: 91.30% 
Epoch: 95, Loss: 0.9506, Train: 99.41%, Valid: 95.37%, Test In: 95.77% Test OOD1: 91.15% 
Epoch: 96, Loss: 0.9224, Train: 99.56%, Valid: 95.47%, Test In: 95.86% Test OOD1: 91.10% 
Epoch: 97, Loss: 0.9297, Train: 99.56%, Valid: 95.47%, Test In: 95.72% Test OOD1: 91.67% 
Epoch: 98, Loss: 0.8660, Train: 99.58%, Valid: 95.52%, Test In: 95.77% Test OOD1: 92.06% 
Epoch: 99, Loss: 0.9129, Train: 99.56%, Valid: 95.47%, Test In: 95.77% Test OOD1: 92.50% 
Epoch: 100, Loss: 0.8579, Train: 99.61%, Valid: 95.62%, Test In: 95.77% Test OOD1: 92.60% 
Epoch: 101, Loss: 0.8578, Train: 99.68%, Valid: 95.67%, Test In: 95.72% Test OOD1: 92.71% 
Epoch: 102, Loss: 0.8211, Train: 99.66%, Valid: 95.62%, Test In: 95.91% Test OOD1: 92.50% 
Epoch: 103, Loss: 0.7990, Train: 99.68%, Valid: 95.72%, Test In: 96.06% Test OOD1: 92.20% 
Epoch: 104, Loss: 0.8308, Train: 99.70%, Valid: 95.77%, Test In: 96.16% Test OOD1: 92.41% 
Epoch: 105, Loss: 0.8009, Train: 99.68%, Valid: 95.91%, Test In: 96.06% Test OOD1: 92.59% 
Epoch: 106, Loss: 0.7798, Train: 99.75%, Valid: 95.91%, Test In: 95.96% Test OOD1: 93.05% 
Epoch: 107, Loss: 0.7477, Train: 99.78%, Valid: 95.96%, Test In: 96.06% Test OOD1: 93.23% 
Epoch: 108, Loss: 0.7698, Train: 99.78%, Valid: 96.06%, Test In: 96.06% Test OOD1: 93.38% 
Epoch: 109, Loss: 0.7635, Train: 99.78%, Valid: 96.01%, Test In: 96.21% Test OOD1: 93.35% 
Epoch: 110, Loss: 0.7547, Train: 99.80%, Valid: 96.11%, Test In: 96.26% Test OOD1: 93.44% 
Epoch: 111, Loss: 0.7467, Train: 99.83%, Valid: 96.06%, Test In: 96.36% Test OOD1: 93.37% 
Epoch: 112, Loss: 0.6535, Train: 99.85%, Valid: 96.11%, Test In: 96.21% Test OOD1: 93.60% 
Epoch: 113, Loss: 0.7001, Train: 99.85%, Valid: 96.01%, Test In: 96.31% Test OOD1: 93.89% 
Epoch: 114, Loss: 0.6706, Train: 99.85%, Valid: 96.06%, Test In: 96.36% Test OOD1: 94.01% 
Epoch: 115, Loss: 0.6947, Train: 99.83%, Valid: 96.01%, Test In: 96.31% Test OOD1: 94.08% 
Epoch: 116, Loss: 0.6376, Train: 99.83%, Valid: 96.01%, Test In: 96.41% Test OOD1: 94.23% 
Epoch: 117, Loss: 0.6449, Train: 99.83%, Valid: 96.26%, Test In: 96.36% Test OOD1: 94.28% 
Epoch: 118, Loss: 0.6451, Train: 99.85%, Valid: 96.16%, Test In: 96.36% Test OOD1: 94.24% 
Epoch: 119, Loss: 0.6117, Train: 99.83%, Valid: 96.21%, Test In: 96.41% Test OOD1: 94.50% 
Epoch: 120, Loss: 0.5968, Train: 99.85%, Valid: 96.11%, Test In: 96.60% Test OOD1: 94.56% 
Epoch: 121, Loss: 0.6436, Train: 99.88%, Valid: 96.26%, Test In: 96.41% Test OOD1: 94.52% 
Epoch: 122, Loss: 0.5889, Train: 99.93%, Valid: 96.21%, Test In: 96.55% Test OOD1: 94.52% 
Epoch: 123, Loss: 0.6179, Train: 99.90%, Valid: 96.26%, Test In: 96.60% Test OOD1: 94.58% 
Epoch: 124, Loss: 0.5972, Train: 99.88%, Valid: 96.31%, Test In: 96.45% Test OOD1: 94.84% 
Epoch: 125, Loss: 0.5991, Train: 99.88%, Valid: 96.21%, Test In: 96.41% Test OOD1: 94.93% 
Epoch: 126, Loss: 0.6026, Train: 99.85%, Valid: 96.26%, Test In: 96.55% Test OOD1: 94.87% 
Epoch: 127, Loss: 0.5361, Train: 99.90%, Valid: 96.26%, Test In: 96.70% Test OOD1: 94.71% 
Epoch: 128, Loss: 0.6063, Train: 99.93%, Valid: 96.21%, Test In: 96.75% Test OOD1: 94.62% 
Epoch: 129, Loss: 0.5774, Train: 99.90%, Valid: 96.26%, Test In: 96.80% Test OOD1: 94.68% 
Epoch: 130, Loss: 0.6033, Train: 99.90%, Valid: 96.31%, Test In: 96.75% Test OOD1: 94.93% 
Epoch: 131, Loss: 0.5829, Train: 99.95%, Valid: 96.36%, Test In: 96.60% Test OOD1: 95.21% 
Epoch: 132, Loss: 0.5604, Train: 99.95%, Valid: 96.31%, Test In: 96.70% Test OOD1: 95.29% 
Epoch: 133, Loss: 0.5288, Train: 99.95%, Valid: 96.41%, Test In: 96.75% Test OOD1: 95.17% 
Epoch: 134, Loss: 0.5432, Train: 99.98%, Valid: 96.31%, Test In: 96.85% Test OOD1: 95.09% 
Epoch: 135, Loss: 0.5253, Train: 99.95%, Valid: 96.41%, Test In: 96.95% Test OOD1: 95.11% 
Epoch: 136, Loss: 0.5038, Train: 99.95%, Valid: 96.45%, Test In: 96.80% Test OOD1: 95.11% 
Epoch: 137, Loss: 0.5252, Train: 99.98%, Valid: 96.50%, Test In: 96.85% Test OOD1: 95.42% 
Epoch: 138, Loss: 0.5319, Train: 99.98%, Valid: 96.45%, Test In: 96.80% Test OOD1: 95.68% 
Epoch: 139, Loss: 0.5069, Train: 99.98%, Valid: 96.55%, Test In: 96.80% Test OOD1: 95.80% 
Epoch: 140, Loss: 0.4737, Train: 99.98%, Valid: 96.50%, Test In: 96.90% Test OOD1: 95.79% 
Epoch: 141, Loss: 0.4961, Train: 99.98%, Valid: 96.50%, Test In: 97.05% Test OOD1: 95.77% 
Epoch: 142, Loss: 0.5426, Train: 99.98%, Valid: 96.50%, Test In: 97.00% Test OOD1: 95.83% 
Epoch: 143, Loss: 0.4491, Train: 99.98%, Valid: 96.60%, Test In: 96.95% Test OOD1: 95.96% 
Epoch: 144, Loss: 0.5284, Train: 99.98%, Valid: 96.60%, Test In: 97.00% Test OOD1: 95.81% 
Epoch: 145, Loss: 0.4741, Train: 99.98%, Valid: 96.70%, Test In: 97.19% Test OOD1: 95.68% 
Epoch: 146, Loss: 0.4782, Train: 99.98%, Valid: 96.55%, Test In: 97.19% Test OOD1: 95.57% 
Epoch: 147, Loss: 0.4705, Train: 99.98%, Valid: 96.50%, Test In: 97.00% Test OOD1: 95.70% 
Epoch: 148, Loss: 0.4674, Train: 99.98%, Valid: 96.50%, Test In: 96.95% Test OOD1: 95.85% 
Epoch: 149, Loss: 0.4467, Train: 99.98%, Valid: 96.45%, Test In: 97.05% Test OOD1: 95.94% 
Epoch: 150, Loss: 0.4411, Train: 99.98%, Valid: 96.45%, Test In: 97.05% Test OOD1: 95.81% 
Epoch: 151, Loss: 0.4679, Train: 100.00%, Valid: 96.41%, Test In: 97.10% Test OOD1: 95.84% 
Epoch: 152, Loss: 0.4585, Train: 100.00%, Valid: 96.45%, Test In: 97.10% Test OOD1: 95.97% 
Epoch: 153, Loss: 0.4654, Train: 100.00%, Valid: 96.55%, Test In: 97.05% Test OOD1: 96.16% 
Epoch: 154, Loss: 0.4158, Train: 100.00%, Valid: 96.45%, Test In: 96.95% Test OOD1: 96.27% 
Epoch: 155, Loss: 0.4534, Train: 99.98%, Valid: 96.55%, Test In: 96.90% Test OOD1: 96.36% 
Epoch: 156, Loss: 0.4111, Train: 99.98%, Valid: 96.55%, Test In: 96.90% Test OOD1: 96.34% 
Epoch: 157, Loss: 0.4153, Train: 99.98%, Valid: 96.45%, Test In: 97.05% Test OOD1: 95.90% 
Epoch: 158, Loss: 0.4346, Train: 99.98%, Valid: 96.45%, Test In: 97.14% Test OOD1: 95.46% 
Epoch: 159, Loss: 0.4370, Train: 99.98%, Valid: 96.41%, Test In: 97.14% Test OOD1: 95.59% 
Epoch: 160, Loss: 0.4249, Train: 99.98%, Valid: 96.36%, Test In: 97.05% Test OOD1: 95.96% 
Epoch: 161, Loss: 0.4323, Train: 100.00%, Valid: 96.41%, Test In: 96.95% Test OOD1: 96.23% 
Epoch: 162, Loss: 0.3764, Train: 100.00%, Valid: 96.50%, Test In: 97.10% Test OOD1: 96.16% 
Epoch: 163, Loss: 0.3917, Train: 100.00%, Valid: 96.55%, Test In: 97.24% Test OOD1: 96.01% 
Epoch: 164, Loss: 0.4297, Train: 100.00%, Valid: 96.65%, Test In: 97.24% Test OOD1: 95.69% 
Epoch: 165, Loss: 0.3937, Train: 100.00%, Valid: 96.45%, Test In: 97.24% Test OOD1: 95.62% 
Epoch: 166, Loss: 0.3587, Train: 100.00%, Valid: 96.45%, Test In: 97.10% Test OOD1: 95.81% 
Epoch: 167, Loss: 0.3894, Train: 99.98%, Valid: 96.50%, Test In: 97.00% Test OOD1: 96.11% 
Epoch: 168, Loss: 0.4011, Train: 100.00%, Valid: 96.55%, Test In: 96.95% Test OOD1: 96.21% 
Epoch: 169, Loss: 0.4295, Train: 100.00%, Valid: 96.65%, Test In: 97.19% Test OOD1: 96.00% 
Epoch: 170, Loss: 0.3685, Train: 100.00%, Valid: 96.65%, Test In: 97.24% Test OOD1: 95.69% 
Epoch: 171, Loss: 0.4123, Train: 100.00%, Valid: 96.55%, Test In: 97.19% Test OOD1: 95.78% 
Epoch: 172, Loss: 0.3738, Train: 100.00%, Valid: 96.55%, Test In: 97.19% Test OOD1: 96.06% 
Epoch: 173, Loss: 0.3796, Train: 100.00%, Valid: 96.60%, Test In: 97.10% Test OOD1: 96.38% 
Epoch: 174, Loss: 0.3443, Train: 100.00%, Valid: 96.60%, Test In: 97.05% Test OOD1: 96.45% 
Epoch: 175, Loss: 0.3354, Train: 100.00%, Valid: 96.60%, Test In: 96.95% Test OOD1: 96.37% 
Epoch: 176, Loss: 0.3569, Train: 100.00%, Valid: 96.55%, Test In: 97.05% Test OOD1: 96.36% 
Epoch: 177, Loss: 0.3887, Train: 100.00%, Valid: 96.55%, Test In: 97.14% Test OOD1: 96.28% 
Epoch: 178, Loss: 0.3315, Train: 100.00%, Valid: 96.65%, Test In: 97.14% Test OOD1: 96.15% 
Epoch: 179, Loss: 0.3705, Train: 100.00%, Valid: 96.65%, Test In: 97.24% Test OOD1: 96.22% 
Epoch: 180, Loss: 0.3978, Train: 100.00%, Valid: 96.65%, Test In: 97.00% Test OOD1: 96.39% 
Epoch: 181, Loss: 0.3252, Train: 100.00%, Valid: 96.70%, Test In: 97.05% Test OOD1: 96.32% 
Epoch: 182, Loss: 0.3621, Train: 100.00%, Valid: 96.70%, Test In: 97.19% Test OOD1: 96.25% 
Epoch: 183, Loss: 0.3028, Train: 100.00%, Valid: 96.60%, Test In: 97.19% Test OOD1: 96.26% 
Epoch: 184, Loss: 0.3028, Train: 100.00%, Valid: 96.55%, Test In: 97.19% Test OOD1: 96.37% 
Epoch: 185, Loss: 0.3387, Train: 100.00%, Valid: 96.50%, Test In: 97.24% Test OOD1: 96.54% 
Epoch: 186, Loss: 0.3577, Train: 100.00%, Valid: 96.50%, Test In: 97.24% Test OOD1: 96.64% 
Epoch: 187, Loss: 0.3426, Train: 100.00%, Valid: 96.55%, Test In: 97.19% Test OOD1: 96.77% 
Epoch: 188, Loss: 0.3469, Train: 100.00%, Valid: 96.50%, Test In: 97.14% Test OOD1: 96.66% 
Epoch: 189, Loss: 0.3140, Train: 100.00%, Valid: 96.45%, Test In: 97.10% Test OOD1: 96.54% 
Epoch: 190, Loss: 0.3496, Train: 100.00%, Valid: 96.45%, Test In: 97.19% Test OOD1: 96.41% 
Epoch: 191, Loss: 0.3593, Train: 100.00%, Valid: 96.50%, Test In: 97.19% Test OOD1: 96.41% 
Epoch: 192, Loss: 0.3393, Train: 100.00%, Valid: 96.50%, Test In: 97.19% Test OOD1: 96.55% 
Epoch: 193, Loss: 0.3271, Train: 100.00%, Valid: 96.55%, Test In: 97.29% Test OOD1: 96.61% 
Epoch: 194, Loss: 0.3426, Train: 100.00%, Valid: 96.70%, Test In: 97.24% Test OOD1: 96.87% 
Epoch: 195, Loss: 0.3522, Train: 100.00%, Valid: 96.75%, Test In: 97.14% Test OOD1: 97.11% 
Epoch: 196, Loss: 0.3237, Train: 100.00%, Valid: 96.50%, Test In: 97.10% Test OOD1: 97.12% 
Epoch: 197, Loss: 0.3269, Train: 100.00%, Valid: 96.65%, Test In: 97.24% Test OOD1: 97.08% 
Epoch: 198, Loss: 0.3222, Train: 100.00%, Valid: 96.60%, Test In: 97.14% Test OOD1: 97.12% 
Epoch: 199, Loss: 0.3451, Train: 100.00%, Valid: 96.65%, Test In: 97.19% Test OOD1: 97.22% 
Epoch: 200, Loss: 0.3115, Train: 100.00%, Valid: 96.65%, Test In: 97.19% Test OOD1: 97.27% 
Epoch: 201, Loss: 0.3495, Train: 100.00%, Valid: 96.75%, Test In: 97.14% Test OOD1: 97.34% 
Epoch: 202, Loss: 0.3030, Train: 100.00%, Valid: 96.75%, Test In: 97.14% Test OOD1: 97.42% 
Epoch: 203, Loss: 0.3667, Train: 100.00%, Valid: 96.60%, Test In: 97.00% Test OOD1: 97.40% 
Epoch: 204, Loss: 0.3224, Train: 100.00%, Valid: 96.60%, Test In: 97.00% Test OOD1: 97.37% 
Epoch: 205, Loss: 0.2794, Train: 100.00%, Valid: 96.60%, Test In: 97.00% Test OOD1: 97.39% 
Epoch: 206, Loss: 0.2926, Train: 100.00%, Valid: 96.55%, Test In: 97.10% Test OOD1: 97.39% 
Epoch: 207, Loss: 0.3165, Train: 100.00%, Valid: 96.65%, Test In: 97.10% Test OOD1: 97.34% 
Epoch: 208, Loss: 0.2747, Train: 100.00%, Valid: 96.65%, Test In: 97.14% Test OOD1: 97.33% 
Epoch: 209, Loss: 0.2738, Train: 100.00%, Valid: 96.70%, Test In: 97.24% Test OOD1: 97.35% 
Epoch: 210, Loss: 0.2796, Train: 100.00%, Valid: 96.80%, Test In: 97.14% Test OOD1: 97.43% 
Epoch: 211, Loss: 0.2900, Train: 100.00%, Valid: 96.85%, Test In: 97.19% Test OOD1: 97.53% 
Epoch: 212, Loss: 0.2818, Train: 100.00%, Valid: 96.75%, Test In: 97.14% Test OOD1: 97.59% 
Epoch: 213, Loss: 0.3036, Train: 100.00%, Valid: 96.70%, Test In: 97.19% Test OOD1: 97.53% 
Epoch: 214, Loss: 0.2553, Train: 100.00%, Valid: 96.75%, Test In: 97.14% Test OOD1: 97.38% 
Epoch: 215, Loss: 0.2748, Train: 100.00%, Valid: 96.70%, Test In: 97.14% Test OOD1: 97.23% 
Epoch: 216, Loss: 0.2800, Train: 100.00%, Valid: 96.70%, Test In: 97.19% Test OOD1: 97.33% 
Epoch: 217, Loss: 0.2661, Train: 100.00%, Valid: 96.80%, Test In: 97.19% Test OOD1: 97.39% 
Epoch: 218, Loss: 0.3026, Train: 100.00%, Valid: 96.85%, Test In: 97.19% Test OOD1: 97.37% 
Epoch: 219, Loss: 0.3077, Train: 100.00%, Valid: 96.85%, Test In: 97.29% Test OOD1: 97.38% 
Epoch: 220, Loss: 0.2882, Train: 100.00%, Valid: 96.85%, Test In: 97.19% Test OOD1: 97.33% 
Epoch: 221, Loss: 0.3173, Train: 100.00%, Valid: 96.80%, Test In: 97.19% Test OOD1: 97.22% 
Epoch: 222, Loss: 0.2946, Train: 100.00%, Valid: 96.75%, Test In: 97.10% Test OOD1: 97.00% 
Epoch: 223, Loss: 0.2614, Train: 100.00%, Valid: 96.85%, Test In: 97.10% Test OOD1: 96.98% 
Epoch: 224, Loss: 0.3116, Train: 100.00%, Valid: 96.85%, Test In: 97.10% Test OOD1: 97.08% 
Epoch: 225, Loss: 0.2814, Train: 100.00%, Valid: 96.80%, Test In: 97.19% Test OOD1: 97.17% 
Epoch: 226, Loss: 0.2752, Train: 100.00%, Valid: 96.80%, Test In: 97.14% Test OOD1: 97.22% 
Epoch: 227, Loss: 0.2875, Train: 100.00%, Valid: 96.80%, Test In: 97.10% Test OOD1: 97.37% 
Epoch: 228, Loss: 0.2845, Train: 100.00%, Valid: 96.80%, Test In: 97.24% Test OOD1: 97.38% 
Epoch: 229, Loss: 0.2741, Train: 100.00%, Valid: 96.85%, Test In: 97.24% Test OOD1: 97.30% 
Epoch: 230, Loss: 0.2980, Train: 100.00%, Valid: 96.75%, Test In: 97.24% Test OOD1: 97.37% 
Epoch: 231, Loss: 0.3022, Train: 100.00%, Valid: 96.70%, Test In: 97.29% Test OOD1: 97.23% 
Epoch: 232, Loss: 0.3002, Train: 100.00%, Valid: 96.75%, Test In: 97.34% Test OOD1: 97.13% 
Epoch: 233, Loss: 0.2990, Train: 100.00%, Valid: 96.75%, Test In: 97.29% Test OOD1: 97.22% 
Epoch: 234, Loss: 0.2749, Train: 100.00%, Valid: 96.70%, Test In: 97.14% Test OOD1: 97.42% 
Epoch: 235, Loss: 0.2785, Train: 100.00%, Valid: 96.85%, Test In: 97.05% Test OOD1: 97.53% 
Epoch: 236, Loss: 0.2816, Train: 100.00%, Valid: 96.80%, Test In: 97.14% Test OOD1: 97.54% 
Epoch: 237, Loss: 0.2555, Train: 100.00%, Valid: 96.70%, Test In: 97.14% Test OOD1: 97.42% 
Epoch: 238, Loss: 0.2596, Train: 100.00%, Valid: 96.90%, Test In: 97.14% Test OOD1: 97.27% 
Epoch: 239, Loss: 0.2994, Train: 100.00%, Valid: 97.00%, Test In: 97.14% Test OOD1: 97.28% 
Epoch: 240, Loss: 0.2441, Train: 100.00%, Valid: 96.95%, Test In: 97.14% Test OOD1: 97.17% 
Epoch: 241, Loss: 0.2587, Train: 100.00%, Valid: 96.85%, Test In: 97.14% Test OOD1: 97.28% 
Epoch: 242, Loss: 0.2668, Train: 100.00%, Valid: 96.70%, Test In: 97.14% Test OOD1: 97.26% 
Epoch: 243, Loss: 0.2684, Train: 100.00%, Valid: 96.70%, Test In: 97.14% Test OOD1: 97.19% 
Epoch: 244, Loss: 0.2681, Train: 100.00%, Valid: 96.65%, Test In: 97.10% Test OOD1: 97.16% 
Epoch: 245, Loss: 0.2609, Train: 100.00%, Valid: 96.70%, Test In: 97.10% Test OOD1: 97.16% 
Epoch: 246, Loss: 0.2917, Train: 100.00%, Valid: 96.70%, Test In: 97.19% Test OOD1: 97.21% 
Epoch: 247, Loss: 0.2694, Train: 100.00%, Valid: 96.80%, Test In: 97.29% Test OOD1: 97.21% 
Epoch: 248, Loss: 0.2418, Train: 100.00%, Valid: 96.85%, Test In: 97.19% Test OOD1: 97.21% 
Epoch: 249, Loss: 0.2320, Train: 100.00%, Valid: 96.75%, Test In: 97.14% Test OOD1: 97.40% 
Epoch: 250, Loss: 0.2389, Train: 100.00%, Valid: 96.65%, Test In: 97.14% Test OOD1: 97.50% 
Epoch: 251, Loss: 0.2250, Train: 100.00%, Valid: 96.75%, Test In: 97.10% Test OOD1: 97.53% 
Epoch: 252, Loss: 0.2354, Train: 100.00%, Valid: 96.75%, Test In: 97.05% Test OOD1: 97.34% 
Epoch: 253, Loss: 0.2347, Train: 100.00%, Valid: 96.70%, Test In: 97.10% Test OOD1: 97.05% 
Epoch: 254, Loss: 0.2579, Train: 100.00%, Valid: 96.65%, Test In: 97.00% Test OOD1: 96.90% 
Epoch: 255, Loss: 0.2598, Train: 100.00%, Valid: 96.70%, Test In: 97.00% Test OOD1: 97.05% 
Epoch: 256, Loss: 0.2415, Train: 100.00%, Valid: 96.75%, Test In: 97.05% Test OOD1: 97.32% 
Epoch: 257, Loss: 0.2850, Train: 100.00%, Valid: 96.75%, Test In: 97.00% Test OOD1: 97.39% 
Epoch: 258, Loss: 0.2737, Train: 100.00%, Valid: 96.75%, Test In: 97.05% Test OOD1: 97.42% 
Epoch: 259, Loss: 0.2791, Train: 100.00%, Valid: 96.65%, Test In: 97.10% Test OOD1: 97.38% 
Epoch: 260, Loss: 0.2264, Train: 100.00%, Valid: 96.60%, Test In: 97.14% Test OOD1: 97.21% 
Epoch: 261, Loss: 0.2370, Train: 100.00%, Valid: 96.60%, Test In: 97.10% Test OOD1: 97.19% 
Epoch: 262, Loss: 0.3088, Train: 100.00%, Valid: 96.60%, Test In: 97.00% Test OOD1: 97.38% 
Epoch: 263, Loss: 0.2588, Train: 100.00%, Valid: 96.65%, Test In: 96.95% Test OOD1: 97.39% 
Epoch: 264, Loss: 0.2414, Train: 100.00%, Valid: 96.70%, Test In: 97.00% Test OOD1: 97.42% 
Epoch: 265, Loss: 0.2615, Train: 100.00%, Valid: 96.65%, Test In: 97.00% Test OOD1: 97.44% 
Epoch: 266, Loss: 0.2175, Train: 100.00%, Valid: 96.65%, Test In: 97.10% Test OOD1: 97.43% 
Epoch: 267, Loss: 0.2224, Train: 100.00%, Valid: 96.65%, Test In: 97.10% Test OOD1: 97.40% 
Epoch: 268, Loss: 0.2558, Train: 100.00%, Valid: 96.75%, Test In: 97.19% Test OOD1: 97.37% 
Epoch: 269, Loss: 0.2401, Train: 100.00%, Valid: 96.70%, Test In: 97.14% Test OOD1: 97.16% 
Epoch: 270, Loss: 0.2423, Train: 100.00%, Valid: 96.70%, Test In: 97.19% Test OOD1: 96.94% 
Epoch: 271, Loss: 0.2546, Train: 100.00%, Valid: 96.70%, Test In: 97.19% Test OOD1: 97.12% 
Epoch: 272, Loss: 0.1931, Train: 100.00%, Valid: 96.75%, Test In: 97.24% Test OOD1: 97.38% 
Epoch: 273, Loss: 0.2590, Train: 100.00%, Valid: 96.70%, Test In: 97.10% Test OOD1: 97.53% 
Epoch: 274, Loss: 0.2279, Train: 100.00%, Valid: 96.70%, Test In: 97.10% Test OOD1: 97.64% 
Epoch: 275, Loss: 0.2195, Train: 100.00%, Valid: 96.65%, Test In: 97.10% Test OOD1: 97.66% 
Epoch: 276, Loss: 0.2421, Train: 100.00%, Valid: 96.70%, Test In: 97.10% Test OOD1: 97.58% 
Epoch: 277, Loss: 0.2530, Train: 100.00%, Valid: 96.75%, Test In: 97.05% Test OOD1: 97.19% 
Epoch: 278, Loss: 0.2419, Train: 100.00%, Valid: 96.80%, Test In: 97.19% Test OOD1: 96.98% 
Epoch: 279, Loss: 0.2539, Train: 100.00%, Valid: 96.70%, Test In: 97.05% Test OOD1: 97.08% 
Epoch: 280, Loss: 0.2763, Train: 100.00%, Valid: 96.80%, Test In: 97.10% Test OOD1: 97.44% 
Epoch: 281, Loss: 0.2114, Train: 100.00%, Valid: 96.80%, Test In: 97.10% Test OOD1: 97.59% 
Epoch: 282, Loss: 0.2277, Train: 100.00%, Valid: 96.85%, Test In: 97.10% Test OOD1: 97.64% 
Epoch: 283, Loss: 0.2617, Train: 100.00%, Valid: 96.80%, Test In: 97.10% Test OOD1: 97.48% 
Epoch: 284, Loss: 0.2789, Train: 100.00%, Valid: 96.70%, Test In: 97.14% Test OOD1: 97.22% 
Epoch: 285, Loss: 0.2506, Train: 100.00%, Valid: 96.65%, Test In: 97.14% Test OOD1: 96.94% 
Epoch: 286, Loss: 0.2274, Train: 100.00%, Valid: 96.70%, Test In: 97.14% Test OOD1: 97.08% 
Epoch: 287, Loss: 0.2256, Train: 100.00%, Valid: 96.70%, Test In: 97.19% Test OOD1: 97.42% 
Epoch: 288, Loss: 0.2324, Train: 100.00%, Valid: 96.70%, Test In: 97.14% Test OOD1: 97.51% 
Epoch: 289, Loss: 0.2164, Train: 100.00%, Valid: 96.75%, Test In: 97.14% Test OOD1: 97.53% 
Epoch: 290, Loss: 0.2577, Train: 100.00%, Valid: 96.80%, Test In: 97.19% Test OOD1: 97.45% 
Epoch: 291, Loss: 0.2448, Train: 100.00%, Valid: 96.80%, Test In: 97.19% Test OOD1: 97.29% 
Epoch: 292, Loss: 0.2418, Train: 100.00%, Valid: 96.70%, Test In: 97.24% Test OOD1: 97.27% 
Epoch: 293, Loss: 0.2194, Train: 100.00%, Valid: 96.65%, Test In: 97.19% Test OOD1: 97.23% 
Epoch: 294, Loss: 0.2362, Train: 100.00%, Valid: 96.65%, Test In: 97.19% Test OOD1: 97.42% 
Epoch: 295, Loss: 0.2119, Train: 100.00%, Valid: 96.65%, Test In: 97.10% Test OOD1: 97.50% 
Epoch: 296, Loss: 0.2276, Train: 100.00%, Valid: 96.65%, Test In: 97.10% Test OOD1: 97.39% 
Epoch: 297, Loss: 0.2267, Train: 100.00%, Valid: 96.65%, Test In: 97.14% Test OOD1: 97.37% 
Epoch: 298, Loss: 0.2304, Train: 100.00%, Valid: 96.70%, Test In: 97.14% Test OOD1: 97.38% 
Epoch: 299, Loss: 0.2198, Train: 100.00%, Valid: 96.75%, Test In: 97.14% Test OOD1: 97.33% 
Epoch: 300, Loss: 0.2023, Train: 100.00%, Valid: 96.80%, Test In: 97.14% Test OOD1: 97.37% 
Epoch: 301, Loss: 0.2236, Train: 100.00%, Valid: 96.80%, Test In: 97.14% Test OOD1: 97.44% 
Epoch: 302, Loss: 0.2226, Train: 100.00%, Valid: 96.70%, Test In: 97.19% Test OOD1: 97.49% 
Epoch: 303, Loss: 0.2279, Train: 100.00%, Valid: 96.70%, Test In: 97.14% Test OOD1: 97.53% 
Epoch: 304, Loss: 0.2522, Train: 100.00%, Valid: 96.65%, Test In: 97.19% Test OOD1: 97.50% 
Epoch: 305, Loss: 0.2275, Train: 100.00%, Valid: 96.70%, Test In: 97.19% Test OOD1: 97.49% 
Epoch: 306, Loss: 0.2260, Train: 100.00%, Valid: 96.65%, Test In: 96.95% Test OOD1: 97.44% 
Epoch: 307, Loss: 0.2433, Train: 100.00%, Valid: 96.60%, Test In: 96.95% Test OOD1: 97.54% 
Epoch: 308, Loss: 0.2070, Train: 100.00%, Valid: 96.65%, Test In: 96.95% Test OOD1: 97.67% 
Epoch: 309, Loss: 0.2158, Train: 100.00%, Valid: 96.60%, Test In: 97.00% Test OOD1: 97.70% 
Epoch: 310, Loss: 0.2220, Train: 100.00%, Valid: 96.55%, Test In: 97.00% Test OOD1: 97.67% 
Epoch: 311, Loss: 0.2066, Train: 100.00%, Valid: 96.65%, Test In: 97.10% Test OOD1: 97.43% 
Epoch: 312, Loss: 0.2074, Train: 100.00%, Valid: 96.70%, Test In: 97.29% Test OOD1: 97.29% 
Epoch: 313, Loss: 0.2285, Train: 100.00%, Valid: 96.75%, Test In: 97.24% Test OOD1: 97.34% 
Epoch: 314, Loss: 0.2031, Train: 100.00%, Valid: 96.65%, Test In: 97.19% Test OOD1: 97.61% 
Epoch: 315, Loss: 0.1976, Train: 100.00%, Valid: 96.65%, Test In: 97.10% Test OOD1: 97.80% 
Epoch: 316, Loss: 0.2078, Train: 100.00%, Valid: 96.55%, Test In: 97.10% Test OOD1: 97.82% 
Epoch: 317, Loss: 0.2087, Train: 100.00%, Valid: 96.65%, Test In: 97.10% Test OOD1: 97.66% 
Epoch: 318, Loss: 0.2279, Train: 100.00%, Valid: 96.75%, Test In: 97.19% Test OOD1: 97.27% 
Epoch: 319, Loss: 0.1878, Train: 100.00%, Valid: 96.85%, Test In: 97.34% Test OOD1: 96.91% 
Epoch: 320, Loss: 0.2075, Train: 100.00%, Valid: 96.75%, Test In: 97.24% Test OOD1: 97.12% 
Epoch: 321, Loss: 0.2051, Train: 100.00%, Valid: 96.85%, Test In: 97.24% Test OOD1: 97.49% 
Epoch: 322, Loss: 0.2251, Train: 100.00%, Valid: 96.80%, Test In: 97.19% Test OOD1: 97.70% 
Epoch: 323, Loss: 0.1740, Train: 100.00%, Valid: 96.80%, Test In: 97.14% Test OOD1: 97.81% 
Epoch: 324, Loss: 0.2114, Train: 100.00%, Valid: 96.65%, Test In: 97.14% Test OOD1: 97.78% 
Epoch: 325, Loss: 0.1952, Train: 100.00%, Valid: 96.65%, Test In: 97.14% Test OOD1: 97.74% 
Epoch: 326, Loss: 0.2259, Train: 100.00%, Valid: 96.70%, Test In: 97.14% Test OOD1: 97.59% 
Epoch: 327, Loss: 0.2111, Train: 100.00%, Valid: 96.75%, Test In: 97.05% Test OOD1: 97.46% 
Epoch: 328, Loss: 0.2375, Train: 100.00%, Valid: 96.90%, Test In: 97.14% Test OOD1: 97.42% 
Epoch: 329, Loss: 0.2094, Train: 100.00%, Valid: 96.85%, Test In: 97.29% Test OOD1: 97.62% 
Epoch: 330, Loss: 0.2460, Train: 100.00%, Valid: 96.90%, Test In: 97.10% Test OOD1: 97.80% 
Epoch: 331, Loss: 0.2289, Train: 100.00%, Valid: 96.75%, Test In: 97.10% Test OOD1: 97.92% 
Epoch: 332, Loss: 0.2128, Train: 100.00%, Valid: 96.65%, Test In: 97.14% Test OOD1: 97.98% 
Epoch: 333, Loss: 0.2113, Train: 100.00%, Valid: 96.60%, Test In: 97.10% Test OOD1: 97.74% 
Epoch: 334, Loss: 0.2239, Train: 100.00%, Valid: 96.80%, Test In: 97.10% Test OOD1: 97.51% 
Epoch: 335, Loss: 0.2314, Train: 100.00%, Valid: 96.85%, Test In: 97.19% Test OOD1: 97.45% 
Epoch: 336, Loss: 0.1970, Train: 100.00%, Valid: 96.80%, Test In: 97.34% Test OOD1: 97.49% 
Epoch: 337, Loss: 0.2022, Train: 100.00%, Valid: 96.85%, Test In: 97.29% Test OOD1: 97.66% 
Epoch: 338, Loss: 0.2056, Train: 100.00%, Valid: 96.85%, Test In: 97.14% Test OOD1: 97.87% 
Epoch: 339, Loss: 0.1974, Train: 100.00%, Valid: 96.90%, Test In: 97.10% Test OOD1: 97.90% 
Epoch: 340, Loss: 0.1968, Train: 100.00%, Valid: 96.85%, Test In: 97.14% Test OOD1: 97.86% 
Epoch: 341, Loss: 0.1748, Train: 100.00%, Valid: 96.85%, Test In: 97.10% Test OOD1: 97.71% 
Epoch: 342, Loss: 0.1631, Train: 100.00%, Valid: 96.80%, Test In: 97.10% Test OOD1: 97.59% 
Epoch: 343, Loss: 0.2093, Train: 100.00%, Valid: 96.75%, Test In: 97.00% Test OOD1: 97.71% 
Epoch: 344, Loss: 0.2376, Train: 100.00%, Valid: 96.90%, Test In: 97.24% Test OOD1: 97.87% 
Epoch: 345, Loss: 0.1663, Train: 100.00%, Valid: 96.90%, Test In: 97.14% Test OOD1: 98.03% 
Epoch: 346, Loss: 0.2234, Train: 100.00%, Valid: 97.00%, Test In: 97.14% Test OOD1: 98.01% 
Epoch: 347, Loss: 0.2215, Train: 100.00%, Valid: 97.00%, Test In: 97.29% Test OOD1: 97.93% 
Epoch: 348, Loss: 0.2034, Train: 100.00%, Valid: 96.85%, Test In: 97.14% Test OOD1: 97.85% 
Epoch: 349, Loss: 0.1869, Train: 100.00%, Valid: 96.85%, Test In: 97.14% Test OOD1: 97.77% 
Epoch: 350, Loss: 0.1894, Train: 100.00%, Valid: 96.85%, Test In: 97.14% Test OOD1: 97.72% 
Epoch: 351, Loss: 0.2202, Train: 100.00%, Valid: 96.80%, Test In: 97.14% Test OOD1: 97.86% 
Epoch: 352, Loss: 0.1839, Train: 100.00%, Valid: 96.85%, Test In: 97.29% Test OOD1: 97.83% 
Epoch: 353, Loss: 0.2070, Train: 100.00%, Valid: 96.90%, Test In: 97.34% Test OOD1: 97.91% 
Epoch: 354, Loss: 0.2149, Train: 100.00%, Valid: 96.95%, Test In: 97.39% Test OOD1: 98.01% 
Epoch: 355, Loss: 0.2052, Train: 100.00%, Valid: 96.90%, Test In: 97.29% Test OOD1: 98.07% 
Epoch: 356, Loss: 0.2047, Train: 100.00%, Valid: 96.75%, Test In: 97.29% Test OOD1: 98.04% 
Epoch: 357, Loss: 0.2010, Train: 100.00%, Valid: 96.75%, Test In: 97.24% Test OOD1: 97.93% 
Epoch: 358, Loss: 0.2014, Train: 100.00%, Valid: 96.75%, Test In: 97.39% Test OOD1: 97.80% 
Epoch: 359, Loss: 0.1791, Train: 100.00%, Valid: 96.75%, Test In: 97.44% Test OOD1: 97.91% 
Epoch: 360, Loss: 0.1660, Train: 100.00%, Valid: 96.80%, Test In: 97.39% Test OOD1: 97.98% 
Epoch: 361, Loss: 0.1938, Train: 100.00%, Valid: 96.90%, Test In: 97.49% Test OOD1: 98.02% 
Epoch: 362, Loss: 0.2086, Train: 100.00%, Valid: 96.85%, Test In: 97.49% Test OOD1: 97.97% 
Epoch: 363, Loss: 0.1847, Train: 100.00%, Valid: 96.80%, Test In: 97.29% Test OOD1: 97.90% 
Epoch: 364, Loss: 0.1818, Train: 100.00%, Valid: 96.85%, Test In: 97.29% Test OOD1: 97.85% 
Epoch: 365, Loss: 0.2024, Train: 100.00%, Valid: 96.85%, Test In: 97.19% Test OOD1: 97.86% 
Epoch: 366, Loss: 0.1763, Train: 100.00%, Valid: 96.75%, Test In: 97.19% Test OOD1: 97.78% 
Epoch: 367, Loss: 0.1862, Train: 100.00%, Valid: 96.75%, Test In: 97.24% Test OOD1: 97.78% 
Epoch: 368, Loss: 0.1817, Train: 100.00%, Valid: 96.80%, Test In: 97.34% Test OOD1: 97.81% 
Epoch: 369, Loss: 0.1949, Train: 100.00%, Valid: 96.90%, Test In: 97.24% Test OOD1: 97.87% 
Epoch: 370, Loss: 0.2344, Train: 100.00%, Valid: 96.85%, Test In: 97.19% Test OOD1: 97.80% 
Epoch: 371, Loss: 0.1803, Train: 100.00%, Valid: 96.85%, Test In: 97.24% Test OOD1: 97.75% 
Epoch: 372, Loss: 0.2381, Train: 100.00%, Valid: 96.85%, Test In: 97.39% Test OOD1: 97.60% 
Epoch: 373, Loss: 0.1994, Train: 100.00%, Valid: 96.90%, Test In: 97.34% Test OOD1: 97.61% 
Epoch: 374, Loss: 0.1871, Train: 100.00%, Valid: 96.85%, Test In: 97.29% Test OOD1: 97.62% 
Epoch: 375, Loss: 0.1886, Train: 100.00%, Valid: 96.85%, Test In: 97.44% Test OOD1: 97.74% 
Epoch: 376, Loss: 0.1911, Train: 100.00%, Valid: 96.85%, Test In: 97.44% Test OOD1: 97.83% 
Epoch: 377, Loss: 0.2114, Train: 100.00%, Valid: 96.95%, Test In: 97.49% Test OOD1: 97.87% 
Epoch: 378, Loss: 0.1926, Train: 100.00%, Valid: 96.85%, Test In: 97.34% Test OOD1: 97.78% 
Epoch: 379, Loss: 0.1781, Train: 100.00%, Valid: 96.80%, Test In: 97.34% Test OOD1: 97.82% 
Epoch: 380, Loss: 0.1950, Train: 100.00%, Valid: 96.80%, Test In: 97.29% Test OOD1: 97.87% 
Epoch: 381, Loss: 0.1807, Train: 100.00%, Valid: 96.85%, Test In: 97.29% Test OOD1: 97.93% 
Epoch: 382, Loss: 0.2083, Train: 100.00%, Valid: 96.90%, Test In: 97.29% Test OOD1: 97.98% 
Epoch: 383, Loss: 0.1782, Train: 100.00%, Valid: 96.80%, Test In: 97.19% Test OOD1: 98.04% 
Epoch: 384, Loss: 0.2089, Train: 100.00%, Valid: 96.85%, Test In: 97.24% Test OOD1: 98.01% 
Epoch: 385, Loss: 0.2002, Train: 100.00%, Valid: 96.75%, Test In: 97.19% Test OOD1: 98.01% 
Epoch: 386, Loss: 0.1743, Train: 100.00%, Valid: 96.80%, Test In: 97.24% Test OOD1: 97.99% 
Epoch: 387, Loss: 0.2272, Train: 100.00%, Valid: 96.80%, Test In: 97.24% Test OOD1: 97.88% 
Epoch: 388, Loss: 0.1825, Train: 100.00%, Valid: 96.75%, Test In: 97.19% Test OOD1: 97.88% 
Epoch: 389, Loss: 0.2303, Train: 100.00%, Valid: 96.85%, Test In: 97.14% Test OOD1: 97.96% 
Epoch: 390, Loss: 0.1873, Train: 100.00%, Valid: 96.90%, Test In: 97.14% Test OOD1: 98.03% 
Epoch: 391, Loss: 0.2227, Train: 100.00%, Valid: 96.85%, Test In: 97.14% Test OOD1: 97.97% 
Epoch: 392, Loss: 0.1500, Train: 100.00%, Valid: 96.85%, Test In: 97.24% Test OOD1: 97.88% 
Epoch: 393, Loss: 0.1848, Train: 100.00%, Valid: 96.85%, Test In: 97.24% Test OOD1: 97.86% 
Epoch: 394, Loss: 0.2336, Train: 100.00%, Valid: 96.75%, Test In: 97.19% Test OOD1: 97.91% 
Epoch: 395, Loss: 0.2039, Train: 100.00%, Valid: 96.75%, Test In: 97.10% Test OOD1: 97.94% 
Epoch: 396, Loss: 0.2015, Train: 100.00%, Valid: 96.70%, Test In: 97.14% Test OOD1: 97.97% 
Epoch: 397, Loss: 0.1996, Train: 100.00%, Valid: 96.70%, Test In: 97.14% Test OOD1: 97.86% 
Epoch: 398, Loss: 0.1758, Train: 100.00%, Valid: 96.80%, Test In: 97.14% Test OOD1: 97.81% 
Epoch: 399, Loss: 0.2019, Train: 100.00%, Valid: 96.85%, Test In: 97.19% Test OOD1: 97.94% 
Epoch: 400, Loss: 0.2113, Train: 100.00%, Valid: 96.75%, Test In: 97.05% Test OOD1: 97.96% 
Epoch: 401, Loss: 0.1601, Train: 100.00%, Valid: 96.90%, Test In: 97.10% Test OOD1: 97.92% 
Epoch: 402, Loss: 0.1863, Train: 100.00%, Valid: 96.90%, Test In: 97.05% Test OOD1: 97.85% 
Epoch: 403, Loss: 0.1915, Train: 100.00%, Valid: 96.85%, Test In: 97.10% Test OOD1: 97.74% 
Epoch: 404, Loss: 0.1842, Train: 100.00%, Valid: 96.75%, Test In: 97.10% Test OOD1: 97.66% 
Epoch: 405, Loss: 0.1842, Train: 100.00%, Valid: 96.85%, Test In: 97.05% Test OOD1: 97.60% 
Epoch: 406, Loss: 0.1889, Train: 100.00%, Valid: 96.85%, Test In: 97.05% Test OOD1: 97.51% 
Epoch: 407, Loss: 0.1717, Train: 100.00%, Valid: 96.90%, Test In: 97.10% Test OOD1: 97.46% 
Epoch: 408, Loss: 0.1723, Train: 100.00%, Valid: 96.90%, Test In: 97.14% Test OOD1: 97.48% 
Epoch: 409, Loss: 0.2095, Train: 100.00%, Valid: 96.90%, Test In: 97.19% Test OOD1: 97.46% 
Epoch: 410, Loss: 0.2497, Train: 100.00%, Valid: 96.85%, Test In: 97.14% Test OOD1: 97.54% 
Epoch: 411, Loss: 0.1880, Train: 100.00%, Valid: 96.85%, Test In: 97.00% Test OOD1: 97.67% 
Epoch: 412, Loss: 0.1261, Train: 100.00%, Valid: 96.75%, Test In: 96.95% Test OOD1: 97.72% 
Epoch: 413, Loss: 0.2163, Train: 100.00%, Valid: 96.70%, Test In: 96.95% Test OOD1: 97.77% 
Epoch: 414, Loss: 0.2093, Train: 100.00%, Valid: 96.75%, Test In: 97.14% Test OOD1: 97.72% 
Epoch: 415, Loss: 0.1920, Train: 100.00%, Valid: 96.85%, Test In: 97.24% Test OOD1: 97.65% 
Epoch: 416, Loss: 0.1796, Train: 100.00%, Valid: 96.85%, Test In: 97.24% Test OOD1: 97.65% 
Epoch: 417, Loss: 0.2138, Train: 100.00%, Valid: 96.85%, Test In: 97.00% Test OOD1: 97.81% 
Epoch: 418, Loss: 0.1493, Train: 100.00%, Valid: 96.85%, Test In: 97.00% Test OOD1: 97.82% 
Epoch: 419, Loss: 0.2045, Train: 100.00%, Valid: 96.75%, Test In: 96.90% Test OOD1: 97.78% 
Epoch: 420, Loss: 0.1800, Train: 100.00%, Valid: 96.80%, Test In: 96.90% Test OOD1: 97.61% 
Epoch: 421, Loss: 0.1896, Train: 100.00%, Valid: 96.75%, Test In: 97.00% Test OOD1: 97.49% 
Epoch: 422, Loss: 0.1897, Train: 100.00%, Valid: 96.75%, Test In: 97.10% Test OOD1: 97.43% 
Epoch: 423, Loss: 0.1882, Train: 100.00%, Valid: 96.80%, Test In: 97.10% Test OOD1: 97.50% 
Epoch: 424, Loss: 0.1622, Train: 100.00%, Valid: 96.80%, Test In: 97.10% Test OOD1: 97.58% 
Epoch: 425, Loss: 0.1630, Train: 100.00%, Valid: 96.85%, Test In: 97.14% Test OOD1: 97.74% 
Epoch: 426, Loss: 0.2063, Train: 100.00%, Valid: 96.80%, Test In: 97.10% Test OOD1: 97.80% 
Epoch: 427, Loss: 0.1738, Train: 100.00%, Valid: 96.70%, Test In: 97.14% Test OOD1: 97.76% 
Epoch: 428, Loss: 0.1975, Train: 100.00%, Valid: 96.70%, Test In: 97.10% Test OOD1: 97.58% 
Epoch: 429, Loss: 0.1621, Train: 100.00%, Valid: 96.70%, Test In: 97.14% Test OOD1: 97.43% 
Epoch: 430, Loss: 0.1989, Train: 100.00%, Valid: 96.80%, Test In: 97.24% Test OOD1: 97.39% 
Epoch: 431, Loss: 0.1691, Train: 100.00%, Valid: 97.00%, Test In: 97.34% Test OOD1: 97.35% 
Epoch: 432, Loss: 0.2014, Train: 100.00%, Valid: 97.00%, Test In: 97.29% Test OOD1: 97.46% 
Epoch: 433, Loss: 0.1764, Train: 100.00%, Valid: 96.95%, Test In: 97.05% Test OOD1: 97.58% 
Epoch: 434, Loss: 0.1830, Train: 100.00%, Valid: 96.95%, Test In: 97.00% Test OOD1: 97.66% 
Epoch: 435, Loss: 0.1727, Train: 100.00%, Valid: 96.85%, Test In: 96.95% Test OOD1: 97.50% 
Epoch: 436, Loss: 0.1607, Train: 100.00%, Valid: 96.90%, Test In: 97.05% Test OOD1: 97.28% 
Epoch: 437, Loss: 0.2145, Train: 100.00%, Valid: 96.85%, Test In: 97.05% Test OOD1: 97.33% 
Epoch: 438, Loss: 0.1633, Train: 100.00%, Valid: 96.80%, Test In: 97.10% Test OOD1: 97.46% 
Epoch: 439, Loss: 0.1819, Train: 100.00%, Valid: 96.90%, Test In: 97.14% Test OOD1: 97.51% 
Epoch: 440, Loss: 0.1851, Train: 100.00%, Valid: 96.95%, Test In: 97.19% Test OOD1: 97.29% 
Epoch: 441, Loss: 0.2013, Train: 100.00%, Valid: 96.95%, Test In: 97.24% Test OOD1: 97.24% 
Epoch: 442, Loss: 0.1780, Train: 100.00%, Valid: 96.95%, Test In: 97.10% Test OOD1: 97.27% 
Epoch: 443, Loss: 0.1464, Train: 100.00%, Valid: 96.90%, Test In: 97.10% Test OOD1: 97.29% 
Epoch: 444, Loss: 0.1841, Train: 100.00%, Valid: 96.80%, Test In: 97.10% Test OOD1: 97.51% 
Epoch: 445, Loss: 0.1902, Train: 100.00%, Valid: 96.85%, Test In: 97.05% Test OOD1: 97.66% 
Epoch: 446, Loss: 0.1623, Train: 100.00%, Valid: 96.90%, Test In: 97.10% Test OOD1: 97.70% 
Epoch: 447, Loss: 0.1592, Train: 100.00%, Valid: 96.95%, Test In: 97.14% Test OOD1: 97.61% 
Epoch: 448, Loss: 0.1732, Train: 100.00%, Valid: 96.90%, Test In: 97.24% Test OOD1: 97.37% 
Epoch: 449, Loss: 0.1731, Train: 100.00%, Valid: 96.90%, Test In: 97.24% Test OOD1: 97.49% 
Epoch: 450, Loss: 0.1672, Train: 100.00%, Valid: 96.90%, Test In: 97.34% Test OOD1: 97.66% 
Epoch: 451, Loss: 0.1545, Train: 100.00%, Valid: 96.90%, Test In: 97.19% Test OOD1: 97.74% 
Epoch: 452, Loss: 0.1649, Train: 100.00%, Valid: 96.90%, Test In: 97.10% Test OOD1: 97.85% 
Epoch: 453, Loss: 0.1910, Train: 100.00%, Valid: 96.75%, Test In: 97.14% Test OOD1: 97.76% 
Epoch: 454, Loss: 0.1565, Train: 100.00%, Valid: 96.75%, Test In: 97.10% Test OOD1: 97.69% 
Epoch: 455, Loss: 0.1942, Train: 100.00%, Valid: 96.75%, Test In: 97.10% Test OOD1: 97.59% 
Epoch: 456, Loss: 0.1667, Train: 100.00%, Valid: 96.80%, Test In: 97.14% Test OOD1: 97.62% 
Epoch: 457, Loss: 0.1821, Train: 100.00%, Valid: 96.85%, Test In: 97.19% Test OOD1: 97.75% 
Epoch: 458, Loss: 0.1653, Train: 100.00%, Valid: 96.80%, Test In: 97.34% Test OOD1: 97.82% 
Epoch: 459, Loss: 0.1575, Train: 100.00%, Valid: 96.95%, Test In: 97.19% Test OOD1: 97.87% 
Epoch: 460, Loss: 0.1774, Train: 100.00%, Valid: 96.95%, Test In: 97.10% Test OOD1: 97.92% 
Epoch: 461, Loss: 0.1840, Train: 100.00%, Valid: 96.80%, Test In: 97.19% Test OOD1: 97.77% 
Epoch: 462, Loss: 0.1842, Train: 100.00%, Valid: 96.80%, Test In: 97.10% Test OOD1: 97.74% 
Epoch: 463, Loss: 0.1745, Train: 100.00%, Valid: 96.80%, Test In: 97.19% Test OOD1: 97.67% 
Epoch: 464, Loss: 0.1604, Train: 100.00%, Valid: 96.90%, Test In: 97.14% Test OOD1: 97.58% 
Epoch: 465, Loss: 0.1651, Train: 100.00%, Valid: 96.95%, Test In: 97.29% Test OOD1: 97.59% 
Epoch: 466, Loss: 0.1777, Train: 100.00%, Valid: 96.90%, Test In: 97.24% Test OOD1: 97.77% 
Epoch: 467, Loss: 0.1446, Train: 100.00%, Valid: 96.95%, Test In: 97.19% Test OOD1: 97.83% 
Epoch: 468, Loss: 0.1494, Train: 100.00%, Valid: 96.90%, Test In: 97.29% Test OOD1: 97.86% 
Epoch: 469, Loss: 0.1440, Train: 100.00%, Valid: 96.85%, Test In: 97.19% Test OOD1: 97.85% 
Epoch: 470, Loss: 0.1729, Train: 100.00%, Valid: 96.90%, Test In: 97.29% Test OOD1: 97.78% 
Epoch: 471, Loss: 0.1603, Train: 100.00%, Valid: 97.00%, Test In: 97.34% Test OOD1: 97.58% 
Epoch: 472, Loss: 0.1863, Train: 100.00%, Valid: 96.95%, Test In: 97.34% Test OOD1: 97.32% 
Epoch: 473, Loss: 0.1874, Train: 100.00%, Valid: 97.00%, Test In: 97.34% Test OOD1: 97.42% 
Epoch: 474, Loss: 0.1897, Train: 100.00%, Valid: 96.85%, Test In: 97.34% Test OOD1: 97.67% 
Epoch: 475, Loss: 0.1456, Train: 100.00%, Valid: 96.90%, Test In: 97.19% Test OOD1: 97.82% 
Epoch: 476, Loss: 0.1757, Train: 100.00%, Valid: 96.90%, Test In: 97.24% Test OOD1: 97.86% 
Epoch: 477, Loss: 0.2133, Train: 100.00%, Valid: 96.90%, Test In: 97.14% Test OOD1: 97.88% 
Epoch: 478, Loss: 0.1933, Train: 100.00%, Valid: 96.85%, Test In: 97.14% Test OOD1: 97.82% 
Epoch: 479, Loss: 0.1540, Train: 100.00%, Valid: 96.90%, Test In: 97.24% Test OOD1: 97.61% 
Epoch: 480, Loss: 0.1704, Train: 100.00%, Valid: 96.95%, Test In: 97.29% Test OOD1: 97.34% 
Epoch: 481, Loss: 0.1639, Train: 100.00%, Valid: 96.85%, Test In: 97.29% Test OOD1: 97.08% 
Epoch: 482, Loss: 0.1981, Train: 100.00%, Valid: 96.95%, Test In: 97.14% Test OOD1: 97.26% 
Epoch: 483, Loss: 0.1834, Train: 100.00%, Valid: 96.85%, Test In: 97.19% Test OOD1: 97.55% 
Epoch: 484, Loss: 0.1926, Train: 100.00%, Valid: 96.90%, Test In: 97.05% Test OOD1: 97.75% 
Epoch: 485, Loss: 0.1589, Train: 100.00%, Valid: 96.90%, Test In: 97.00% Test OOD1: 97.78% 
Epoch: 486, Loss: 0.1607, Train: 100.00%, Valid: 96.85%, Test In: 97.10% Test OOD1: 97.75% 
Epoch: 487, Loss: 0.1696, Train: 100.00%, Valid: 96.80%, Test In: 97.14% Test OOD1: 97.55% 
Epoch: 488, Loss: 0.1631, Train: 100.00%, Valid: 96.75%, Test In: 97.24% Test OOD1: 97.30% 
Epoch: 489, Loss: 0.1797, Train: 100.00%, Valid: 96.80%, Test In: 97.29% Test OOD1: 97.18% 
Epoch: 490, Loss: 0.1798, Train: 100.00%, Valid: 96.90%, Test In: 97.29% Test OOD1: 97.43% 
Epoch: 491, Loss: 0.1637, Train: 100.00%, Valid: 96.90%, Test In: 97.19% Test OOD1: 97.80% 
Epoch: 492, Loss: 0.1510, Train: 100.00%, Valid: 96.95%, Test In: 97.24% Test OOD1: 97.90% 
Epoch: 493, Loss: 0.1735, Train: 100.00%, Valid: 96.85%, Test In: 97.19% Test OOD1: 97.91% 
Epoch: 494, Loss: 0.1471, Train: 100.00%, Valid: 96.90%, Test In: 97.14% Test OOD1: 97.86% 
Epoch: 495, Loss: 0.1544, Train: 100.00%, Valid: 96.75%, Test In: 97.19% Test OOD1: 97.86% 
Epoch: 496, Loss: 0.1685, Train: 100.00%, Valid: 96.85%, Test In: 97.14% Test OOD1: 97.56% 
Epoch: 497, Loss: 0.1643, Train: 100.00%, Valid: 96.75%, Test In: 97.19% Test OOD1: 97.35% 
Epoch: 498, Loss: 0.1626, Train: 100.00%, Valid: 96.80%, Test In: 97.14% Test OOD1: 97.46% 
Epoch: 499, Loss: 0.1523, Train: 100.00%, Valid: 96.90%, Test In: 97.14% Test OOD1: 97.71% 
Run 02:
Highest Train: 100.00
Highest Valid: 97.00
Highest In Test: 97.49
Highest OOD Test: 98.07
Chosen epoch: 240
Final Train: 100.00
Final In Test: 97.14
Final OOD Test: 97.28
All runs:
Highest Train: 100.00 ± 0.00
Highest Valid: 97.14 ± 0.21
Highest In Test: 97.59 ± 0.14
Highest OOD Test: 98.07 ± 0.00
  Final Train: 100.00 ± 0.00
   Final In  Test: 97.39 ± 0.35
   Final OOD Test: 97.45 ± 0.24
[INFO] TensorBoard writer closed.

Command: python main.py --dataset cora --backbone_type gcn --env_type graph --combine_result --store_result --epochs 500 --runs 2 --num_layers 2 --expert_agg mean --tau 1 --device 1 --other_env_objective irm --lr 0.01 --weight_decay 5e-05 --dropout 0.2 --lamda 2.0 --K 3 --hidden_channels 32 --other_env_reduce env --result_name cora_stage1_lr0.01_weight_decay5e-05_dropout0.2_lamda2.0_K3_hidden_channels32_other_env_reduceenv
Return code: 0
Elapsed: 184.92s
