Namespace(K=3, backbone_type='gcn', causal_align_weight=0.1, causal_hidden_channels=0, causal_loss_weight=1.0, combine_result=True, cpu=False, data_dir='./data/', dataset='pubmed', device=1, display_step=1, dropout=0.2, env_type='graph', epochs=500, expert_agg='mean', gate_hidden=64, hidden_channels=64, infer_env=False, infer_env_components=64, infer_env_iters=30, infer_env_num=3, lamda=1.0, lr=0.01, num_layers=2, other_env_irm_lambda=1.0, other_env_loss_agg='mean', other_env_loss_temp=1.0, other_env_objective='irm', other_env_reduce='env', pos_weight=5.0, result_name='pubmed_stage1_lr0.01_weight_decay5e-05_dropout0.2_lamda1.0_K3_hidden_channels64_other_env_reduceenv', runs=2, seed=2024, store_result=True, tau=2.0, use_bn=False, use_causal_head=False, variant=False, weight_decay=5e-05)
using existing synthetic data...
dataset pubmed: all nodes 118302 | edges 531888 | classes 3 | feats 510
train nodes 29575 | valid nodes 14788 | test in nodes 14788
test ood1 nodes 59151 
[INFO] env numbers: 6 train env numbers: 3
MODEL: CaNet(
  (experts): ModuleList(
    (0): ExpertNet(
      (convs): ModuleList(
        (0): CaNetConv()
        (1): CaNetConv()
      )
      (fcs): ModuleList(
        (0): Linear(in_features=510, out_features=64, bias=True)
        (1): Linear(in_features=64, out_features=3, bias=True)
      )
      (act_fn): ReLU()
    )
    (1): ExpertNet(
      (convs): ModuleList(
        (0): CaNetConv()
        (1): CaNetConv()
      )
      (fcs): ModuleList(
        (0): Linear(in_features=510, out_features=64, bias=True)
        (1): Linear(in_features=64, out_features=3, bias=True)
      )
      (act_fn): ReLU()
    )
    (2): ExpertNet(
      (convs): ModuleList(
        (0): CaNetConv()
        (1): CaNetConv()
      )
      (fcs): ModuleList(
        (0): Linear(in_features=510, out_features=64, bias=True)
        (1): Linear(in_features=64, out_features=3, bias=True)
      )
      (act_fn): ReLU()
    )
  )
  (gate): Sequential(
    (0): Linear(in_features=510, out_features=64, bias=True)
    (1): ReLU()
    (2): Linear(in_features=64, out_features=3, bias=True)
  )
)
[INFO] TensorBoard logging activated. Logs will be saved to: ./runs/pubmed/Apr19_15-40-14_lamda_1.0_otheragg_mean
Epoch: 00, Loss: 6.5929, Train: 67.33%, Valid: 66.61%, Test In: 67.30% Test OOD1: 46.30% 
Epoch: 01, Loss: 6.3163, Train: 71.52%, Valid: 71.08%, Test In: 71.81% Test OOD1: 50.28% 
Epoch: 02, Loss: 5.9145, Train: 72.81%, Valid: 72.27%, Test In: 73.09% Test OOD1: 52.39% 
Epoch: 03, Loss: 5.3106, Train: 73.32%, Valid: 72.88%, Test In: 73.54% Test OOD1: 54.11% 
Epoch: 04, Loss: 4.6010, Train: 73.49%, Valid: 73.16%, Test In: 73.79% Test OOD1: 54.94% 
Epoch: 05, Loss: 3.8919, Train: 77.08%, Valid: 76.39%, Test In: 77.16% Test OOD1: 57.28% 
Epoch: 06, Loss: 3.4176, Train: 81.34%, Valid: 80.62%, Test In: 81.69% Test OOD1: 59.41% 
Epoch: 07, Loss: 3.1976, Train: 85.31%, Valid: 85.09%, Test In: 85.79% Test OOD1: 62.54% 
Epoch: 08, Loss: 3.0226, Train: 87.81%, Valid: 87.96%, Test In: 88.30% Test OOD1: 62.50% 
Epoch: 09, Loss: 2.9307, Train: 88.40%, Valid: 88.70%, Test In: 88.74% Test OOD1: 62.61% 
Epoch: 10, Loss: 2.8390, Train: 88.79%, Valid: 89.31%, Test In: 89.07% Test OOD1: 66.48% 
Epoch: 11, Loss: 2.7437, Train: 89.26%, Valid: 89.68%, Test In: 89.44% Test OOD1: 66.89% 
Epoch: 12, Loss: 2.6030, Train: 89.64%, Valid: 89.97%, Test In: 89.83% Test OOD1: 65.68% 
Epoch: 13, Loss: 2.5151, Train: 90.04%, Valid: 90.15%, Test In: 89.85% Test OOD1: 68.11% 
Epoch: 14, Loss: 2.3936, Train: 90.01%, Valid: 90.09%, Test In: 89.86% Test OOD1: 67.11% 
Epoch: 15, Loss: 2.2716, Train: 90.14%, Valid: 90.15%, Test In: 90.07% Test OOD1: 67.93% 
Epoch: 16, Loss: 2.1795, Train: 90.27%, Valid: 90.38%, Test In: 90.34% Test OOD1: 68.15% 
Epoch: 17, Loss: 2.1685, Train: 90.01%, Valid: 89.90%, Test In: 90.11% Test OOD1: 66.73% 
Epoch: 18, Loss: 2.1393, Train: 90.17%, Valid: 90.10%, Test In: 90.19% Test OOD1: 67.22% 
Epoch: 19, Loss: 2.1283, Train: 90.46%, Valid: 90.42%, Test In: 90.51% Test OOD1: 68.62% 
Epoch: 20, Loss: 2.0969, Train: 90.52%, Valid: 90.49%, Test In: 90.59% Test OOD1: 68.54% 
Epoch: 21, Loss: 2.0397, Train: 90.60%, Valid: 90.59%, Test In: 90.60% Test OOD1: 68.16% 
Epoch: 22, Loss: 1.9714, Train: 90.86%, Valid: 90.65%, Test In: 90.88% Test OOD1: 68.16% 
Epoch: 23, Loss: 1.9202, Train: 91.01%, Valid: 90.96%, Test In: 91.09% Test OOD1: 68.33% 
Epoch: 24, Loss: 1.8690, Train: 91.11%, Valid: 91.15%, Test In: 91.28% Test OOD1: 68.36% 
Epoch: 25, Loss: 1.8260, Train: 91.24%, Valid: 91.30%, Test In: 91.40% Test OOD1: 68.01% 
Epoch: 26, Loss: 1.8195, Train: 91.35%, Valid: 91.32%, Test In: 91.46% Test OOD1: 67.77% 
Epoch: 27, Loss: 1.7990, Train: 91.48%, Valid: 91.49%, Test In: 91.57% Test OOD1: 67.63% 
Epoch: 28, Loss: 1.7698, Train: 91.59%, Valid: 91.56%, Test In: 91.60% Test OOD1: 67.88% 
Epoch: 29, Loss: 1.7462, Train: 91.70%, Valid: 91.67%, Test In: 91.67% Test OOD1: 68.37% 
Epoch: 30, Loss: 1.7195, Train: 91.77%, Valid: 91.79%, Test In: 91.73% Test OOD1: 69.14% 
Epoch: 31, Loss: 1.6999, Train: 91.94%, Valid: 91.80%, Test In: 91.87% Test OOD1: 70.05% 
Epoch: 32, Loss: 1.6649, Train: 92.05%, Valid: 91.89%, Test In: 91.98% Test OOD1: 70.93% 
Epoch: 33, Loss: 1.6480, Train: 92.15%, Valid: 92.01%, Test In: 92.00% Test OOD1: 71.37% 
Epoch: 34, Loss: 1.6399, Train: 92.17%, Valid: 91.97%, Test In: 92.15% Test OOD1: 71.64% 
Epoch: 35, Loss: 1.6200, Train: 92.25%, Valid: 92.01%, Test In: 92.26% Test OOD1: 71.81% 
Epoch: 36, Loss: 1.5954, Train: 92.34%, Valid: 92.08%, Test In: 92.37% Test OOD1: 71.96% 
Epoch: 37, Loss: 1.5854, Train: 92.46%, Valid: 92.24%, Test In: 92.50% Test OOD1: 72.22% 
Epoch: 38, Loss: 1.5700, Train: 92.55%, Valid: 92.35%, Test In: 92.60% Test OOD1: 72.61% 
Epoch: 39, Loss: 1.5549, Train: 92.59%, Valid: 92.38%, Test In: 92.63% Test OOD1: 72.70% 
Epoch: 40, Loss: 1.5389, Train: 92.68%, Valid: 92.35%, Test In: 92.65% Test OOD1: 72.69% 
Epoch: 41, Loss: 1.5288, Train: 92.71%, Valid: 92.39%, Test In: 92.66% Test OOD1: 73.10% 
Epoch: 42, Loss: 1.5201, Train: 92.75%, Valid: 92.45%, Test In: 92.72% Test OOD1: 73.41% 
Epoch: 43, Loss: 1.5057, Train: 92.78%, Valid: 92.56%, Test In: 92.72% Test OOD1: 73.83% 
Epoch: 44, Loss: 1.4791, Train: 92.85%, Valid: 92.55%, Test In: 92.74% Test OOD1: 74.41% 
Epoch: 45, Loss: 1.4726, Train: 92.91%, Valid: 92.53%, Test In: 92.77% Test OOD1: 74.82% 
Epoch: 46, Loss: 1.4499, Train: 92.94%, Valid: 92.57%, Test In: 92.82% Test OOD1: 75.20% 
Epoch: 47, Loss: 1.4401, Train: 92.94%, Valid: 92.67%, Test In: 92.83% Test OOD1: 75.47% 
Epoch: 48, Loss: 1.4240, Train: 93.01%, Valid: 92.72%, Test In: 92.80% Test OOD1: 76.01% 
Epoch: 49, Loss: 1.4269, Train: 93.12%, Valid: 92.75%, Test In: 92.84% Test OOD1: 76.41% 
Epoch: 50, Loss: 1.4083, Train: 93.11%, Valid: 92.78%, Test In: 92.89% Test OOD1: 76.43% 
Epoch: 51, Loss: 1.3810, Train: 93.21%, Valid: 92.85%, Test In: 92.90% Test OOD1: 76.89% 
Epoch: 52, Loss: 1.3905, Train: 93.26%, Valid: 92.79%, Test In: 92.95% Test OOD1: 77.40% 
Epoch: 53, Loss: 1.3807, Train: 93.32%, Valid: 92.89%, Test In: 92.96% Test OOD1: 77.04% 
Epoch: 54, Loss: 1.3725, Train: 93.37%, Valid: 92.87%, Test In: 93.03% Test OOD1: 77.71% 
Epoch: 55, Loss: 1.3604, Train: 93.44%, Valid: 92.93%, Test In: 93.15% Test OOD1: 78.29% 
Epoch: 56, Loss: 1.3502, Train: 93.49%, Valid: 92.99%, Test In: 93.13% Test OOD1: 78.08% 
Epoch: 57, Loss: 1.3413, Train: 93.55%, Valid: 93.01%, Test In: 93.20% Test OOD1: 78.50% 
Epoch: 58, Loss: 1.3463, Train: 93.61%, Valid: 92.95%, Test In: 93.22% Test OOD1: 78.99% 
Epoch: 59, Loss: 1.3220, Train: 93.70%, Valid: 93.08%, Test In: 93.23% Test OOD1: 78.79% 
Epoch: 60, Loss: 1.3190, Train: 93.73%, Valid: 93.12%, Test In: 93.26% Test OOD1: 78.64% 
Epoch: 61, Loss: 1.2972, Train: 93.80%, Valid: 93.12%, Test In: 93.32% Test OOD1: 79.26% 
Epoch: 62, Loss: 1.3064, Train: 93.90%, Valid: 93.14%, Test In: 93.35% Test OOD1: 79.36% 
Epoch: 63, Loss: 1.2911, Train: 93.90%, Valid: 93.20%, Test In: 93.38% Test OOD1: 79.08% 
Epoch: 64, Loss: 1.2886, Train: 93.97%, Valid: 93.20%, Test In: 93.37% Test OOD1: 79.77% 
Epoch: 65, Loss: 1.2746, Train: 94.03%, Valid: 93.23%, Test In: 93.39% Test OOD1: 80.08% 
Epoch: 66, Loss: 1.2590, Train: 94.07%, Valid: 93.29%, Test In: 93.42% Test OOD1: 80.02% 
Epoch: 67, Loss: 1.2562, Train: 94.14%, Valid: 93.33%, Test In: 93.44% Test OOD1: 80.27% 
Epoch: 68, Loss: 1.2621, Train: 94.22%, Valid: 93.36%, Test In: 93.54% Test OOD1: 80.37% 
Epoch: 69, Loss: 1.2442, Train: 94.26%, Valid: 93.37%, Test In: 93.54% Test OOD1: 80.62% 
Epoch: 70, Loss: 1.2392, Train: 94.34%, Valid: 93.39%, Test In: 93.61% Test OOD1: 80.07% 
Epoch: 71, Loss: 1.2221, Train: 94.37%, Valid: 93.41%, Test In: 93.59% Test OOD1: 80.21% 
Epoch: 72, Loss: 1.2335, Train: 94.44%, Valid: 93.41%, Test In: 93.66% Test OOD1: 81.31% 
Epoch: 73, Loss: 1.2094, Train: 94.48%, Valid: 93.47%, Test In: 93.56% Test OOD1: 80.38% 
Epoch: 74, Loss: 1.2072, Train: 94.56%, Valid: 93.54%, Test In: 93.62% Test OOD1: 80.63% 
Epoch: 75, Loss: 1.1928, Train: 94.59%, Valid: 93.58%, Test In: 93.68% Test OOD1: 81.44% 
Epoch: 76, Loss: 1.1913, Train: 94.69%, Valid: 93.60%, Test In: 93.72% Test OOD1: 80.09% 
Epoch: 77, Loss: 1.1878, Train: 94.77%, Valid: 93.60%, Test In: 93.70% Test OOD1: 80.42% 
Epoch: 78, Loss: 1.1717, Train: 94.81%, Valid: 93.69%, Test In: 93.79% Test OOD1: 81.32% 
Epoch: 79, Loss: 1.1691, Train: 94.82%, Valid: 93.70%, Test In: 93.78% Test OOD1: 79.66% 
Epoch: 80, Loss: 1.1761, Train: 94.86%, Valid: 93.66%, Test In: 93.88% Test OOD1: 82.48% 
Epoch: 81, Loss: 1.1908, Train: 94.90%, Valid: 93.74%, Test In: 93.83% Test OOD1: 79.76% 
Epoch: 82, Loss: 1.1740, Train: 95.01%, Valid: 93.85%, Test In: 93.92% Test OOD1: 80.81% 
Epoch: 83, Loss: 1.1439, Train: 94.99%, Valid: 93.80%, Test In: 93.95% Test OOD1: 82.40% 
Epoch: 84, Loss: 1.1556, Train: 95.03%, Valid: 93.82%, Test In: 93.90% Test OOD1: 79.75% 
Epoch: 85, Loss: 1.1351, Train: 95.15%, Valid: 93.85%, Test In: 94.07% Test OOD1: 80.64% 
Epoch: 86, Loss: 1.1304, Train: 95.17%, Valid: 93.93%, Test In: 94.04% Test OOD1: 81.89% 
Epoch: 87, Loss: 1.1279, Train: 95.28%, Valid: 93.96%, Test In: 94.04% Test OOD1: 80.96% 
Epoch: 88, Loss: 1.1071, Train: 95.36%, Valid: 93.87%, Test In: 94.13% Test OOD1: 80.64% 
Epoch: 89, Loss: 1.1084, Train: 95.42%, Valid: 94.03%, Test In: 94.23% Test OOD1: 81.54% 
Epoch: 90, Loss: 1.0912, Train: 95.48%, Valid: 94.06%, Test In: 94.18% Test OOD1: 82.37% 
Epoch: 91, Loss: 1.1029, Train: 95.60%, Valid: 94.12%, Test In: 94.29% Test OOD1: 81.10% 
Epoch: 92, Loss: 1.0806, Train: 95.68%, Valid: 94.10%, Test In: 94.33% Test OOD1: 80.95% 
Epoch: 93, Loss: 1.0797, Train: 95.67%, Valid: 94.04%, Test In: 94.38% Test OOD1: 82.35% 
Epoch: 94, Loss: 1.0646, Train: 95.78%, Valid: 94.18%, Test In: 94.37% Test OOD1: 81.52% 
Epoch: 95, Loss: 1.0575, Train: 95.82%, Valid: 94.29%, Test In: 94.42% Test OOD1: 81.38% 
Epoch: 96, Loss: 1.0613, Train: 95.88%, Valid: 94.23%, Test In: 94.48% Test OOD1: 82.28% 
Epoch: 97, Loss: 1.0361, Train: 95.94%, Valid: 94.33%, Test In: 94.50% Test OOD1: 82.09% 
Epoch: 98, Loss: 1.0396, Train: 96.05%, Valid: 94.28%, Test In: 94.60% Test OOD1: 83.00% 
Epoch: 99, Loss: 1.0398, Train: 96.00%, Valid: 94.43%, Test In: 94.54% Test OOD1: 81.11% 
Epoch: 100, Loss: 1.0309, Train: 96.18%, Valid: 94.25%, Test In: 94.58% Test OOD1: 83.77% 
Epoch: 101, Loss: 1.0348, Train: 96.27%, Valid: 94.41%, Test In: 94.59% Test OOD1: 82.39% 
Epoch: 102, Loss: 1.0108, Train: 96.18%, Valid: 94.43%, Test In: 94.66% Test OOD1: 81.28% 
Epoch: 103, Loss: 1.0249, Train: 96.20%, Valid: 94.34%, Test In: 94.48% Test OOD1: 83.94% 
Epoch: 104, Loss: 1.0162, Train: 96.34%, Valid: 94.47%, Test In: 94.55% Test OOD1: 82.35% 
Epoch: 105, Loss: 1.0098, Train: 96.40%, Valid: 94.58%, Test In: 94.67% Test OOD1: 82.14% 
Epoch: 106, Loss: 0.9942, Train: 96.48%, Valid: 94.48%, Test In: 94.76% Test OOD1: 83.05% 
Epoch: 107, Loss: 0.9899, Train: 96.48%, Valid: 94.48%, Test In: 94.79% Test OOD1: 84.08% 
Epoch: 108, Loss: 0.9816, Train: 96.45%, Valid: 94.51%, Test In: 94.77% Test OOD1: 81.87% 
Epoch: 109, Loss: 0.9980, Train: 96.60%, Valid: 94.58%, Test In: 94.75% Test OOD1: 84.28% 
Epoch: 110, Loss: 0.9748, Train: 96.72%, Valid: 94.62%, Test In: 94.87% Test OOD1: 83.46% 
Epoch: 111, Loss: 0.9672, Train: 96.76%, Valid: 94.67%, Test In: 94.85% Test OOD1: 83.19% 
Epoch: 112, Loss: 0.9558, Train: 96.84%, Valid: 94.77%, Test In: 95.00% Test OOD1: 83.32% 
Epoch: 113, Loss: 0.9670, Train: 96.91%, Valid: 94.83%, Test In: 95.02% Test OOD1: 83.56% 
Epoch: 114, Loss: 0.9505, Train: 96.81%, Valid: 94.61%, Test In: 94.74% Test OOD1: 84.88% 
Epoch: 115, Loss: 0.9477, Train: 96.98%, Valid: 94.92%, Test In: 95.08% Test OOD1: 82.26% 
Epoch: 116, Loss: 0.9444, Train: 97.02%, Valid: 94.83%, Test In: 94.98% Test OOD1: 84.60% 
Epoch: 117, Loss: 0.9068, Train: 97.03%, Valid: 94.82%, Test In: 94.91% Test OOD1: 84.86% 
Epoch: 118, Loss: 0.9218, Train: 97.19%, Valid: 95.07%, Test In: 95.19% Test OOD1: 82.89% 
Epoch: 119, Loss: 0.9084, Train: 97.23%, Valid: 94.97%, Test In: 95.00% Test OOD1: 85.20% 
Epoch: 120, Loss: 0.9001, Train: 97.31%, Valid: 94.89%, Test In: 95.08% Test OOD1: 84.93% 
Epoch: 121, Loss: 0.8891, Train: 97.44%, Valid: 95.11%, Test In: 95.31% Test OOD1: 83.68% 
Epoch: 122, Loss: 0.8972, Train: 97.43%, Valid: 95.10%, Test In: 95.17% Test OOD1: 84.89% 
Epoch: 123, Loss: 0.8861, Train: 97.39%, Valid: 94.98%, Test In: 95.19% Test OOD1: 84.42% 
Epoch: 124, Loss: 0.8868, Train: 97.57%, Valid: 95.15%, Test In: 95.27% Test OOD1: 84.21% 
Epoch: 125, Loss: 0.8660, Train: 97.59%, Valid: 95.16%, Test In: 95.32% Test OOD1: 84.34% 
Epoch: 126, Loss: 0.8755, Train: 97.59%, Valid: 95.11%, Test In: 95.32% Test OOD1: 85.16% 
Epoch: 127, Loss: 0.8700, Train: 97.66%, Valid: 95.24%, Test In: 95.35% Test OOD1: 84.95% 
Epoch: 128, Loss: 0.8778, Train: 97.83%, Valid: 95.45%, Test In: 95.52% Test OOD1: 83.76% 
Epoch: 129, Loss: 0.8707, Train: 97.66%, Valid: 95.16%, Test In: 95.39% Test OOD1: 85.99% 
Epoch: 130, Loss: 0.8485, Train: 97.82%, Valid: 95.34%, Test In: 95.52% Test OOD1: 83.95% 
Epoch: 131, Loss: 0.8671, Train: 97.93%, Valid: 95.51%, Test In: 95.60% Test OOD1: 84.45% 
Epoch: 132, Loss: 0.8363, Train: 97.89%, Valid: 95.31%, Test In: 95.53% Test OOD1: 85.89% 
Epoch: 133, Loss: 0.8431, Train: 97.90%, Valid: 95.37%, Test In: 95.59% Test OOD1: 84.18% 
Epoch: 134, Loss: 0.8487, Train: 98.03%, Valid: 95.48%, Test In: 95.62% Test OOD1: 85.99% 
Epoch: 135, Loss: 0.8013, Train: 98.08%, Valid: 95.56%, Test In: 95.69% Test OOD1: 85.72% 
Epoch: 136, Loss: 0.8215, Train: 98.14%, Valid: 95.71%, Test In: 95.82% Test OOD1: 84.63% 
Epoch: 137, Loss: 0.8287, Train: 98.07%, Valid: 95.54%, Test In: 95.77% Test OOD1: 85.41% 
Epoch: 138, Loss: 0.8203, Train: 98.10%, Valid: 95.52%, Test In: 95.64% Test OOD1: 86.40% 
Epoch: 139, Loss: 0.8435, Train: 98.12%, Valid: 95.74%, Test In: 95.70% Test OOD1: 82.08% 
Epoch: 140, Loss: 0.8828, Train: 97.98%, Valid: 95.24%, Test In: 95.48% Test OOD1: 86.77% 
Epoch: 141, Loss: 0.8194, Train: 98.31%, Valid: 95.73%, Test In: 95.85% Test OOD1: 85.28% 
Epoch: 142, Loss: 0.7975, Train: 98.34%, Valid: 95.82%, Test In: 95.90% Test OOD1: 82.88% 
Epoch: 143, Loss: 0.8162, Train: 98.33%, Valid: 95.65%, Test In: 95.92% Test OOD1: 85.53% 
Epoch: 144, Loss: 0.8079, Train: 98.32%, Valid: 95.63%, Test In: 95.92% Test OOD1: 85.17% 
Epoch: 145, Loss: 0.8019, Train: 98.36%, Valid: 95.77%, Test In: 95.98% Test OOD1: 85.26% 
Epoch: 146, Loss: 0.7893, Train: 98.44%, Valid: 95.85%, Test In: 96.08% Test OOD1: 85.10% 
Epoch: 147, Loss: 0.7793, Train: 98.51%, Valid: 95.83%, Test In: 96.17% Test OOD1: 83.77% 
Epoch: 148, Loss: 0.7857, Train: 98.55%, Valid: 95.80%, Test In: 96.04% Test OOD1: 85.99% 
Epoch: 149, Loss: 0.7527, Train: 98.50%, Valid: 95.75%, Test In: 96.01% Test OOD1: 86.43% 
Epoch: 150, Loss: 0.7697, Train: 98.60%, Valid: 95.96%, Test In: 96.15% Test OOD1: 84.12% 
Epoch: 151, Loss: 0.7708, Train: 98.68%, Valid: 96.05%, Test In: 96.24% Test OOD1: 85.46% 
Epoch: 152, Loss: 0.7522, Train: 98.75%, Valid: 96.03%, Test In: 96.16% Test OOD1: 86.20% 
Epoch: 153, Loss: 0.7411, Train: 98.77%, Valid: 96.09%, Test In: 96.33% Test OOD1: 85.34% 
Epoch: 154, Loss: 0.7498, Train: 98.67%, Valid: 95.96%, Test In: 96.27% Test OOD1: 85.84% 
Epoch: 155, Loss: 0.7510, Train: 98.76%, Valid: 96.14%, Test In: 96.41% Test OOD1: 84.80% 
Epoch: 156, Loss: 0.7242, Train: 98.82%, Valid: 96.13%, Test In: 96.31% Test OOD1: 85.74% 
Epoch: 157, Loss: 0.7327, Train: 98.74%, Valid: 95.98%, Test In: 96.17% Test OOD1: 86.79% 
Epoch: 158, Loss: 0.7142, Train: 98.87%, Valid: 96.28%, Test In: 96.43% Test OOD1: 85.40% 
Epoch: 159, Loss: 0.7122, Train: 98.97%, Valid: 96.29%, Test In: 96.50% Test OOD1: 85.58% 
Epoch: 160, Loss: 0.7073, Train: 98.95%, Valid: 96.20%, Test In: 96.38% Test OOD1: 86.36% 
Epoch: 161, Loss: 0.7155, Train: 98.90%, Valid: 96.09%, Test In: 96.31% Test OOD1: 86.91% 
Epoch: 162, Loss: 0.7281, Train: 99.00%, Valid: 96.42%, Test In: 96.63% Test OOD1: 85.09% 
Epoch: 163, Loss: 0.7107, Train: 99.01%, Valid: 96.15%, Test In: 96.48% Test OOD1: 86.99% 
Epoch: 164, Loss: 0.6954, Train: 99.05%, Valid: 96.28%, Test In: 96.56% Test OOD1: 86.58% 
Epoch: 165, Loss: 0.6915, Train: 99.10%, Valid: 96.33%, Test In: 96.54% Test OOD1: 86.24% 
Epoch: 166, Loss: 0.6933, Train: 99.08%, Valid: 96.34%, Test In: 96.51% Test OOD1: 86.76% 
Epoch: 167, Loss: 0.6976, Train: 99.08%, Valid: 96.57%, Test In: 96.54% Test OOD1: 85.06% 
Epoch: 168, Loss: 0.6901, Train: 99.11%, Valid: 96.37%, Test In: 96.54% Test OOD1: 86.52% 
Epoch: 169, Loss: 0.6797, Train: 99.10%, Valid: 96.40%, Test In: 96.57% Test OOD1: 86.28% 
Epoch: 170, Loss: 0.6876, Train: 99.18%, Valid: 96.63%, Test In: 96.61% Test OOD1: 85.16% 
Epoch: 171, Loss: 0.6688, Train: 99.20%, Valid: 96.46%, Test In: 96.67% Test OOD1: 87.22% 
Epoch: 172, Loss: 0.6644, Train: 99.23%, Valid: 96.53%, Test In: 96.75% Test OOD1: 86.61% 
Epoch: 173, Loss: 0.6666, Train: 99.26%, Valid: 96.65%, Test In: 96.77% Test OOD1: 85.33% 
Epoch: 174, Loss: 0.6590, Train: 99.25%, Valid: 96.46%, Test In: 96.69% Test OOD1: 86.77% 
Epoch: 175, Loss: 0.6480, Train: 99.22%, Valid: 96.42%, Test In: 96.66% Test OOD1: 87.20% 
Epoch: 176, Loss: 0.6507, Train: 99.33%, Valid: 96.69%, Test In: 96.84% Test OOD1: 85.57% 
Epoch: 177, Loss: 0.6550, Train: 99.34%, Valid: 96.67%, Test In: 96.94% Test OOD1: 86.59% 
Epoch: 178, Loss: 0.6421, Train: 99.32%, Valid: 96.56%, Test In: 96.90% Test OOD1: 87.48% 
Epoch: 179, Loss: 0.6485, Train: 99.34%, Valid: 96.66%, Test In: 96.92% Test OOD1: 86.25% 
Epoch: 180, Loss: 0.6443, Train: 99.38%, Valid: 96.79%, Test In: 96.93% Test OOD1: 84.80% 
Epoch: 181, Loss: 0.6494, Train: 99.30%, Valid: 96.42%, Test In: 96.73% Test OOD1: 87.75% 
Epoch: 182, Loss: 0.6382, Train: 99.40%, Valid: 96.71%, Test In: 96.93% Test OOD1: 86.40% 
Epoch: 183, Loss: 0.6330, Train: 99.45%, Valid: 96.91%, Test In: 97.04% Test OOD1: 85.50% 
Epoch: 184, Loss: 0.6398, Train: 99.37%, Valid: 96.45%, Test In: 96.79% Test OOD1: 88.57% 
Epoch: 185, Loss: 0.6404, Train: 99.45%, Valid: 97.00%, Test In: 96.91% Test OOD1: 86.25% 
Epoch: 186, Loss: 0.6201, Train: 99.50%, Valid: 96.92%, Test In: 97.10% Test OOD1: 86.96% 
Epoch: 187, Loss: 0.6137, Train: 99.49%, Valid: 96.76%, Test In: 97.06% Test OOD1: 87.23% 
Epoch: 188, Loss: 0.6203, Train: 99.43%, Valid: 96.93%, Test In: 96.90% Test OOD1: 86.16% 
Epoch: 189, Loss: 0.6234, Train: 99.45%, Valid: 96.76%, Test In: 97.00% Test OOD1: 87.62% 
Epoch: 190, Loss: 0.6140, Train: 99.54%, Valid: 97.03%, Test In: 97.13% Test OOD1: 86.10% 
Epoch: 191, Loss: 0.6071, Train: 99.54%, Valid: 96.88%, Test In: 97.05% Test OOD1: 87.17% 
Epoch: 192, Loss: 0.6022, Train: 99.55%, Valid: 96.88%, Test In: 97.11% Test OOD1: 87.52% 
Epoch: 193, Loss: 0.5834, Train: 99.56%, Valid: 97.11%, Test In: 97.14% Test OOD1: 85.84% 
Epoch: 194, Loss: 0.6021, Train: 99.50%, Valid: 96.95%, Test In: 97.08% Test OOD1: 87.83% 
Epoch: 195, Loss: 0.6051, Train: 99.49%, Valid: 96.93%, Test In: 97.06% Test OOD1: 87.33% 
Epoch: 196, Loss: 0.5918, Train: 99.59%, Valid: 97.17%, Test In: 97.22% Test OOD1: 86.91% 
Epoch: 197, Loss: 0.5896, Train: 99.58%, Valid: 97.02%, Test In: 97.16% Test OOD1: 88.38% 
Epoch: 198, Loss: 0.5853, Train: 99.54%, Valid: 97.04%, Test In: 97.03% Test OOD1: 87.03% 
Epoch: 199, Loss: 0.5890, Train: 99.63%, Valid: 97.12%, Test In: 97.19% Test OOD1: 87.73% 
Epoch: 200, Loss: 0.5747, Train: 99.63%, Valid: 97.10%, Test In: 97.18% Test OOD1: 88.19% 
Epoch: 201, Loss: 0.5801, Train: 99.58%, Valid: 97.04%, Test In: 97.09% Test OOD1: 86.67% 
Epoch: 202, Loss: 0.5753, Train: 99.60%, Valid: 96.87%, Test In: 97.02% Test OOD1: 88.67% 
Epoch: 203, Loss: 0.5818, Train: 99.64%, Valid: 97.11%, Test In: 97.18% Test OOD1: 86.84% 
Epoch: 204, Loss: 0.5704, Train: 99.63%, Valid: 97.02%, Test In: 97.17% Test OOD1: 88.12% 
Epoch: 205, Loss: 0.5653, Train: 99.66%, Valid: 97.07%, Test In: 97.14% Test OOD1: 88.54% 
Epoch: 206, Loss: 0.5663, Train: 99.70%, Valid: 97.28%, Test In: 97.16% Test OOD1: 87.15% 
Epoch: 207, Loss: 0.5568, Train: 99.67%, Valid: 97.11%, Test In: 97.16% Test OOD1: 88.44% 
Epoch: 208, Loss: 0.5575, Train: 99.67%, Valid: 97.11%, Test In: 97.12% Test OOD1: 88.36% 
Epoch: 209, Loss: 0.5592, Train: 99.71%, Valid: 97.20%, Test In: 97.21% Test OOD1: 87.90% 
Epoch: 210, Loss: 0.5672, Train: 99.70%, Valid: 97.21%, Test In: 97.38% Test OOD1: 88.27% 
Epoch: 211, Loss: 0.5525, Train: 99.70%, Valid: 97.21%, Test In: 97.27% Test OOD1: 88.29% 
Epoch: 212, Loss: 0.5442, Train: 99.70%, Valid: 97.15%, Test In: 97.25% Test OOD1: 88.18% 
Epoch: 213, Loss: 0.5609, Train: 99.70%, Valid: 97.26%, Test In: 97.32% Test OOD1: 87.81% 
Epoch: 214, Loss: 0.5513, Train: 99.70%, Valid: 97.21%, Test In: 97.30% Test OOD1: 88.40% 
Epoch: 215, Loss: 0.5529, Train: 99.71%, Valid: 97.35%, Test In: 97.32% Test OOD1: 87.64% 
Epoch: 216, Loss: 0.5545, Train: 99.72%, Valid: 97.34%, Test In: 97.42% Test OOD1: 87.84% 
Epoch: 217, Loss: 0.5377, Train: 99.71%, Valid: 97.27%, Test In: 97.27% Test OOD1: 88.26% 
Epoch: 218, Loss: 0.5537, Train: 99.72%, Valid: 97.24%, Test In: 97.25% Test OOD1: 88.10% 
Epoch: 219, Loss: 0.5564, Train: 99.78%, Valid: 97.38%, Test In: 97.32% Test OOD1: 88.36% 
Epoch: 220, Loss: 0.5370, Train: 99.78%, Valid: 97.36%, Test In: 97.32% Test OOD1: 88.33% 
Epoch: 221, Loss: 0.5322, Train: 99.74%, Valid: 97.38%, Test In: 97.28% Test OOD1: 88.19% 
Epoch: 222, Loss: 0.5307, Train: 99.77%, Valid: 97.42%, Test In: 97.35% Test OOD1: 88.12% 
Epoch: 223, Loss: 0.5224, Train: 99.76%, Valid: 97.45%, Test In: 97.40% Test OOD1: 87.40% 
Epoch: 224, Loss: 0.5304, Train: 99.69%, Valid: 97.23%, Test In: 97.34% Test OOD1: 88.25% 
Epoch: 225, Loss: 0.5362, Train: 99.77%, Valid: 97.40%, Test In: 97.43% Test OOD1: 87.39% 
Epoch: 226, Loss: 0.5246, Train: 99.78%, Valid: 97.45%, Test In: 97.47% Test OOD1: 87.14% 
Epoch: 227, Loss: 0.5278, Train: 99.75%, Valid: 97.17%, Test In: 97.34% Test OOD1: 88.82% 
Epoch: 228, Loss: 0.5334, Train: 99.79%, Valid: 97.40%, Test In: 97.39% Test OOD1: 87.26% 
Epoch: 229, Loss: 0.5252, Train: 99.78%, Valid: 97.32%, Test In: 97.36% Test OOD1: 88.47% 
Epoch: 230, Loss: 0.5114, Train: 99.76%, Valid: 97.34%, Test In: 97.34% Test OOD1: 88.47% 
Epoch: 231, Loss: 0.5143, Train: 99.79%, Valid: 97.44%, Test In: 97.42% Test OOD1: 88.63% 
Epoch: 232, Loss: 0.5212, Train: 99.83%, Valid: 97.57%, Test In: 97.59% Test OOD1: 88.50% 
Epoch: 233, Loss: 0.5040, Train: 99.82%, Valid: 97.46%, Test In: 97.49% Test OOD1: 89.11% 
Epoch: 234, Loss: 0.5062, Train: 99.80%, Valid: 97.46%, Test In: 97.46% Test OOD1: 88.31% 
Epoch: 235, Loss: 0.5356, Train: 99.81%, Valid: 97.42%, Test In: 97.50% Test OOD1: 88.60% 
Epoch: 236, Loss: 0.5240, Train: 99.82%, Valid: 97.51%, Test In: 97.48% Test OOD1: 88.20% 
Epoch: 237, Loss: 0.5161, Train: 99.83%, Valid: 97.46%, Test In: 97.44% Test OOD1: 88.84% 
Epoch: 238, Loss: 0.5097, Train: 99.84%, Valid: 97.53%, Test In: 97.45% Test OOD1: 89.32% 
Epoch: 239, Loss: 0.4971, Train: 99.82%, Valid: 97.59%, Test In: 97.44% Test OOD1: 88.24% 
Epoch: 240, Loss: 0.5047, Train: 99.82%, Valid: 97.50%, Test In: 97.41% Test OOD1: 88.64% 
Epoch: 241, Loss: 0.4926, Train: 99.80%, Valid: 97.48%, Test In: 97.45% Test OOD1: 88.53% 
Epoch: 242, Loss: 0.4941, Train: 99.81%, Valid: 97.62%, Test In: 97.46% Test OOD1: 88.29% 
Epoch: 243, Loss: 0.4980, Train: 99.84%, Valid: 97.63%, Test In: 97.47% Test OOD1: 88.37% 
Epoch: 244, Loss: 0.4869, Train: 99.84%, Valid: 97.60%, Test In: 97.50% Test OOD1: 89.16% 
Epoch: 245, Loss: 0.4982, Train: 99.83%, Valid: 97.65%, Test In: 97.53% Test OOD1: 88.76% 
Epoch: 246, Loss: 0.4804, Train: 99.83%, Valid: 97.59%, Test In: 97.51% Test OOD1: 88.93% 
Epoch: 247, Loss: 0.4916, Train: 99.84%, Valid: 97.55%, Test In: 97.48% Test OOD1: 89.29% 
Epoch: 248, Loss: 0.4963, Train: 99.84%, Valid: 97.61%, Test In: 97.53% Test OOD1: 88.72% 
Epoch: 249, Loss: 0.4890, Train: 99.83%, Valid: 97.61%, Test In: 97.47% Test OOD1: 88.63% 
Epoch: 250, Loss: 0.4903, Train: 99.84%, Valid: 97.58%, Test In: 97.46% Test OOD1: 88.71% 
Epoch: 251, Loss: 0.4926, Train: 99.86%, Valid: 97.65%, Test In: 97.54% Test OOD1: 88.11% 
Epoch: 252, Loss: 0.4723, Train: 99.87%, Valid: 97.67%, Test In: 97.53% Test OOD1: 88.22% 
Epoch: 253, Loss: 0.4808, Train: 99.86%, Valid: 97.59%, Test In: 97.55% Test OOD1: 89.88% 
Epoch: 254, Loss: 0.4883, Train: 99.88%, Valid: 97.66%, Test In: 97.58% Test OOD1: 87.65% 
Epoch: 255, Loss: 0.4998, Train: 99.84%, Valid: 97.44%, Test In: 97.59% Test OOD1: 90.54% 
Epoch: 256, Loss: 0.5068, Train: 99.88%, Valid: 97.69%, Test In: 97.69% Test OOD1: 87.99% 
Epoch: 257, Loss: 0.4872, Train: 99.82%, Valid: 97.52%, Test In: 97.55% Test OOD1: 88.78% 
Epoch: 258, Loss: 0.5081, Train: 99.85%, Valid: 97.57%, Test In: 97.59% Test OOD1: 88.01% 
Epoch: 259, Loss: 0.5125, Train: 99.86%, Valid: 97.61%, Test In: 97.60% Test OOD1: 88.62% 
Epoch: 260, Loss: 0.5033, Train: 99.87%, Valid: 97.56%, Test In: 97.69% Test OOD1: 88.48% 
Epoch: 261, Loss: 0.4728, Train: 99.82%, Valid: 97.53%, Test In: 97.52% Test OOD1: 89.30% 
Epoch: 262, Loss: 0.4927, Train: 99.87%, Valid: 97.63%, Test In: 97.61% Test OOD1: 88.84% 
Epoch: 263, Loss: 0.4762, Train: 99.87%, Valid: 97.65%, Test In: 97.63% Test OOD1: 88.37% 
Epoch: 264, Loss: 0.4810, Train: 99.84%, Valid: 97.38%, Test In: 97.46% Test OOD1: 89.47% 
Epoch: 265, Loss: 0.4642, Train: 99.88%, Valid: 97.74%, Test In: 97.66% Test OOD1: 88.21% 
Epoch: 266, Loss: 0.4806, Train: 99.89%, Valid: 97.75%, Test In: 97.67% Test OOD1: 88.63% 
Epoch: 267, Loss: 0.4801, Train: 99.88%, Valid: 97.64%, Test In: 97.67% Test OOD1: 89.56% 
Epoch: 268, Loss: 0.4742, Train: 99.87%, Valid: 97.65%, Test In: 97.66% Test OOD1: 88.96% 
Epoch: 269, Loss: 0.4739, Train: 99.88%, Valid: 97.63%, Test In: 97.67% Test OOD1: 89.19% 
Epoch: 270, Loss: 0.4645, Train: 99.86%, Valid: 97.61%, Test In: 97.71% Test OOD1: 89.41% 
Epoch: 271, Loss: 0.4755, Train: 99.89%, Valid: 97.72%, Test In: 97.77% Test OOD1: 89.02% 
Epoch: 272, Loss: 0.4564, Train: 99.83%, Valid: 97.63%, Test In: 97.59% Test OOD1: 88.88% 
Epoch: 273, Loss: 0.4631, Train: 99.88%, Valid: 97.64%, Test In: 97.70% Test OOD1: 89.24% 
Epoch: 274, Loss: 0.4606, Train: 99.90%, Valid: 97.62%, Test In: 97.66% Test OOD1: 88.66% 
Epoch: 275, Loss: 0.4647, Train: 99.88%, Valid: 97.60%, Test In: 97.69% Test OOD1: 89.72% 
Epoch: 276, Loss: 0.4615, Train: 99.88%, Valid: 97.57%, Test In: 97.73% Test OOD1: 89.30% 
Epoch: 277, Loss: 0.4561, Train: 99.90%, Valid: 97.72%, Test In: 97.73% Test OOD1: 89.34% 
Epoch: 278, Loss: 0.4596, Train: 99.90%, Valid: 97.65%, Test In: 97.77% Test OOD1: 89.26% 
Epoch: 279, Loss: 0.4552, Train: 99.90%, Valid: 97.65%, Test In: 97.67% Test OOD1: 89.48% 
Epoch: 280, Loss: 0.4494, Train: 99.92%, Valid: 97.78%, Test In: 97.78% Test OOD1: 89.06% 
Epoch: 281, Loss: 0.4386, Train: 99.90%, Valid: 97.69%, Test In: 97.78% Test OOD1: 89.44% 
Epoch: 282, Loss: 0.4546, Train: 99.90%, Valid: 97.73%, Test In: 97.82% Test OOD1: 88.77% 
Epoch: 283, Loss: 0.4481, Train: 99.90%, Valid: 97.63%, Test In: 97.66% Test OOD1: 89.62% 
Epoch: 284, Loss: 0.4407, Train: 99.93%, Valid: 97.74%, Test In: 97.80% Test OOD1: 89.64% 
Epoch: 285, Loss: 0.4415, Train: 99.94%, Valid: 97.75%, Test In: 97.82% Test OOD1: 89.42% 
Epoch: 286, Loss: 0.4507, Train: 99.93%, Valid: 97.65%, Test In: 97.75% Test OOD1: 89.65% 
Epoch: 287, Loss: 0.4342, Train: 99.93%, Valid: 97.65%, Test In: 97.74% Test OOD1: 89.29% 
Epoch: 288, Loss: 0.4520, Train: 99.91%, Valid: 97.66%, Test In: 97.82% Test OOD1: 89.76% 
Epoch: 289, Loss: 0.4505, Train: 99.92%, Valid: 97.84%, Test In: 97.87% Test OOD1: 89.86% 
Epoch: 290, Loss: 0.4448, Train: 99.93%, Valid: 97.77%, Test In: 97.80% Test OOD1: 90.53% 
Epoch: 291, Loss: 0.4225, Train: 99.94%, Valid: 97.80%, Test In: 97.84% Test OOD1: 90.10% 
Epoch: 292, Loss: 0.4456, Train: 99.93%, Valid: 97.75%, Test In: 97.82% Test OOD1: 90.40% 
Epoch: 293, Loss: 0.4428, Train: 99.95%, Valid: 97.82%, Test In: 97.84% Test OOD1: 88.88% 
Epoch: 294, Loss: 0.4556, Train: 99.93%, Valid: 97.65%, Test In: 97.69% Test OOD1: 90.41% 
Epoch: 295, Loss: 0.4562, Train: 99.93%, Valid: 97.75%, Test In: 97.82% Test OOD1: 88.84% 
Epoch: 296, Loss: 0.4486, Train: 99.93%, Valid: 97.82%, Test In: 97.81% Test OOD1: 89.51% 
Epoch: 297, Loss: 0.4546, Train: 99.92%, Valid: 97.64%, Test In: 97.77% Test OOD1: 90.69% 
Epoch: 298, Loss: 0.4378, Train: 99.91%, Valid: 97.73%, Test In: 97.77% Test OOD1: 88.98% 
Epoch: 299, Loss: 0.4394, Train: 99.92%, Valid: 97.76%, Test In: 97.81% Test OOD1: 90.62% 
Epoch: 300, Loss: 0.4415, Train: 99.94%, Valid: 97.75%, Test In: 97.80% Test OOD1: 90.19% 
Epoch: 301, Loss: 0.4365, Train: 99.94%, Valid: 97.73%, Test In: 97.80% Test OOD1: 88.91% 
Epoch: 302, Loss: 0.4455, Train: 99.94%, Valid: 97.80%, Test In: 97.84% Test OOD1: 90.02% 
Epoch: 303, Loss: 0.4361, Train: 99.94%, Valid: 97.75%, Test In: 97.88% Test OOD1: 89.40% 
Epoch: 304, Loss: 0.4228, Train: 99.94%, Valid: 97.80%, Test In: 97.88% Test OOD1: 88.33% 
Epoch: 305, Loss: 0.4546, Train: 99.94%, Valid: 97.69%, Test In: 97.80% Test OOD1: 90.40% 
Epoch: 306, Loss: 0.4171, Train: 99.96%, Valid: 97.84%, Test In: 97.90% Test OOD1: 89.63% 
Epoch: 307, Loss: 0.4560, Train: 99.94%, Valid: 97.82%, Test In: 97.78% Test OOD1: 89.75% 
Epoch: 308, Loss: 0.4238, Train: 99.94%, Valid: 97.75%, Test In: 97.82% Test OOD1: 90.91% 
Epoch: 309, Loss: 0.4178, Train: 99.96%, Valid: 97.84%, Test In: 97.90% Test OOD1: 89.20% 
Epoch: 310, Loss: 0.4299, Train: 99.96%, Valid: 97.77%, Test In: 97.86% Test OOD1: 89.98% 
Epoch: 311, Loss: 0.4178, Train: 99.93%, Valid: 97.62%, Test In: 97.80% Test OOD1: 89.92% 
Epoch: 312, Loss: 0.4299, Train: 99.96%, Valid: 97.74%, Test In: 97.94% Test OOD1: 89.05% 
Epoch: 313, Loss: 0.4127, Train: 99.95%, Valid: 97.75%, Test In: 97.88% Test OOD1: 89.61% 
Epoch: 314, Loss: 0.4175, Train: 99.94%, Valid: 97.73%, Test In: 97.93% Test OOD1: 90.33% 
Epoch: 315, Loss: 0.4231, Train: 99.96%, Valid: 97.78%, Test In: 97.94% Test OOD1: 89.55% 
Epoch: 316, Loss: 0.4133, Train: 99.94%, Valid: 97.78%, Test In: 97.86% Test OOD1: 90.12% 
Epoch: 317, Loss: 0.4255, Train: 99.93%, Valid: 97.73%, Test In: 97.86% Test OOD1: 90.46% 
Epoch: 318, Loss: 0.4107, Train: 99.96%, Valid: 97.84%, Test In: 97.90% Test OOD1: 89.14% 
Epoch: 319, Loss: 0.4135, Train: 99.96%, Valid: 97.81%, Test In: 97.86% Test OOD1: 90.10% 
Epoch: 320, Loss: 0.3893, Train: 99.96%, Valid: 97.80%, Test In: 97.84% Test OOD1: 90.04% 
Epoch: 321, Loss: 0.4083, Train: 99.97%, Valid: 97.86%, Test In: 97.96% Test OOD1: 88.99% 
Epoch: 322, Loss: 0.4144, Train: 99.93%, Valid: 97.69%, Test In: 97.88% Test OOD1: 91.12% 
Epoch: 323, Loss: 0.4292, Train: 99.96%, Valid: 97.81%, Test In: 97.90% Test OOD1: 89.73% 
Epoch: 324, Loss: 0.4183, Train: 99.96%, Valid: 97.82%, Test In: 97.97% Test OOD1: 90.17% 
Epoch: 325, Loss: 0.4008, Train: 99.95%, Valid: 97.76%, Test In: 97.82% Test OOD1: 90.32% 
Epoch: 326, Loss: 0.4214, Train: 99.96%, Valid: 97.88%, Test In: 97.96% Test OOD1: 90.10% 
Epoch: 327, Loss: 0.4031, Train: 99.95%, Valid: 97.88%, Test In: 97.89% Test OOD1: 89.44% 
Epoch: 328, Loss: 0.4256, Train: 99.96%, Valid: 97.84%, Test In: 97.90% Test OOD1: 89.84% 
Epoch: 329, Loss: 0.4150, Train: 99.96%, Valid: 97.84%, Test In: 97.90% Test OOD1: 90.80% 
Epoch: 330, Loss: 0.4200, Train: 99.98%, Valid: 97.83%, Test In: 97.98% Test OOD1: 89.39% 
Epoch: 331, Loss: 0.4191, Train: 99.97%, Valid: 97.87%, Test In: 97.98% Test OOD1: 89.94% 
Epoch: 332, Loss: 0.3947, Train: 99.95%, Valid: 97.67%, Test In: 97.85% Test OOD1: 90.83% 
Epoch: 333, Loss: 0.4142, Train: 99.96%, Valid: 97.90%, Test In: 97.94% Test OOD1: 89.35% 
Epoch: 334, Loss: 0.3978, Train: 99.96%, Valid: 97.96%, Test In: 97.92% Test OOD1: 89.46% 
Epoch: 335, Loss: 0.4077, Train: 99.96%, Valid: 97.63%, Test In: 97.84% Test OOD1: 91.32% 
Epoch: 336, Loss: 0.4088, Train: 99.97%, Valid: 97.89%, Test In: 97.91% Test OOD1: 88.81% 
Epoch: 337, Loss: 0.4173, Train: 99.96%, Valid: 97.83%, Test In: 97.88% Test OOD1: 90.78% 
Epoch: 338, Loss: 0.4068, Train: 99.97%, Valid: 97.92%, Test In: 97.96% Test OOD1: 91.13% 
Epoch: 339, Loss: 0.4098, Train: 99.98%, Valid: 97.94%, Test In: 98.00% Test OOD1: 89.91% 
Epoch: 340, Loss: 0.4025, Train: 99.95%, Valid: 97.87%, Test In: 97.94% Test OOD1: 91.42% 
Epoch: 341, Loss: 0.4139, Train: 99.98%, Valid: 97.97%, Test In: 98.04% Test OOD1: 90.52% 
Epoch: 342, Loss: 0.4050, Train: 99.99%, Valid: 97.94%, Test In: 98.03% Test OOD1: 89.63% 
Epoch: 343, Loss: 0.3905, Train: 99.95%, Valid: 97.67%, Test In: 97.90% Test OOD1: 91.67% 
Epoch: 344, Loss: 0.4126, Train: 99.99%, Valid: 97.91%, Test In: 97.96% Test OOD1: 88.11% 
Epoch: 345, Loss: 0.4121, Train: 99.96%, Valid: 97.71%, Test In: 97.87% Test OOD1: 91.02% 
Epoch: 346, Loss: 0.4037, Train: 99.97%, Valid: 97.92%, Test In: 97.94% Test OOD1: 90.19% 
Epoch: 347, Loss: 0.3954, Train: 99.98%, Valid: 98.03%, Test In: 97.99% Test OOD1: 88.37% 
Epoch: 348, Loss: 0.4107, Train: 99.96%, Valid: 97.80%, Test In: 97.88% Test OOD1: 90.98% 
Epoch: 349, Loss: 0.4067, Train: 99.98%, Valid: 97.96%, Test In: 97.98% Test OOD1: 89.69% 
Epoch: 350, Loss: 0.3917, Train: 99.98%, Valid: 97.97%, Test In: 98.01% Test OOD1: 89.47% 
Epoch: 351, Loss: 0.4160, Train: 99.95%, Valid: 97.80%, Test In: 97.93% Test OOD1: 91.92% 
Epoch: 352, Loss: 0.4141, Train: 99.99%, Valid: 97.99%, Test In: 97.98% Test OOD1: 89.09% 
Epoch: 353, Loss: 0.4186, Train: 99.97%, Valid: 97.89%, Test In: 97.94% Test OOD1: 91.28% 
Epoch: 354, Loss: 0.4013, Train: 99.96%, Valid: 97.84%, Test In: 97.94% Test OOD1: 91.25% 
Epoch: 355, Loss: 0.3935, Train: 99.98%, Valid: 97.98%, Test In: 97.98% Test OOD1: 89.94% 
Epoch: 356, Loss: 0.4116, Train: 99.97%, Valid: 97.78%, Test In: 97.86% Test OOD1: 92.19% 
Epoch: 357, Loss: 0.3984, Train: 99.99%, Valid: 97.92%, Test In: 97.92% Test OOD1: 91.11% 
Epoch: 358, Loss: 0.3954, Train: 99.98%, Valid: 97.87%, Test In: 98.00% Test OOD1: 91.12% 
Epoch: 359, Loss: 0.3982, Train: 99.97%, Valid: 97.83%, Test In: 97.93% Test OOD1: 91.41% 
Epoch: 360, Loss: 0.3983, Train: 99.98%, Valid: 97.90%, Test In: 98.01% Test OOD1: 90.70% 
Epoch: 361, Loss: 0.3928, Train: 99.98%, Valid: 97.88%, Test In: 97.99% Test OOD1: 90.77% 
Epoch: 362, Loss: 0.3895, Train: 99.99%, Valid: 97.93%, Test In: 97.98% Test OOD1: 90.36% 
Epoch: 363, Loss: 0.3865, Train: 99.99%, Valid: 97.94%, Test In: 97.92% Test OOD1: 90.59% 
Epoch: 364, Loss: 0.3939, Train: 99.98%, Valid: 97.90%, Test In: 98.01% Test OOD1: 90.84% 
Epoch: 365, Loss: 0.3826, Train: 99.99%, Valid: 97.95%, Test In: 97.98% Test OOD1: 89.66% 
Epoch: 366, Loss: 0.3988, Train: 99.97%, Valid: 97.84%, Test In: 97.97% Test OOD1: 91.18% 
Epoch: 367, Loss: 0.3864, Train: 99.98%, Valid: 97.96%, Test In: 97.97% Test OOD1: 90.45% 
Epoch: 368, Loss: 0.4000, Train: 99.98%, Valid: 98.03%, Test In: 97.99% Test OOD1: 90.28% 
Epoch: 369, Loss: 0.4046, Train: 99.97%, Valid: 97.84%, Test In: 97.95% Test OOD1: 92.02% 
Epoch: 370, Loss: 0.3862, Train: 99.99%, Valid: 97.94%, Test In: 98.06% Test OOD1: 89.84% 
Epoch: 371, Loss: 0.3887, Train: 99.98%, Valid: 97.95%, Test In: 98.08% Test OOD1: 91.01% 
Epoch: 372, Loss: 0.3809, Train: 99.98%, Valid: 97.98%, Test In: 98.02% Test OOD1: 91.03% 
Epoch: 373, Loss: 0.3880, Train: 99.98%, Valid: 98.00%, Test In: 98.07% Test OOD1: 90.46% 
Epoch: 374, Loss: 0.3825, Train: 99.98%, Valid: 97.93%, Test In: 97.95% Test OOD1: 89.95% 
Epoch: 375, Loss: 0.3926, Train: 99.97%, Valid: 97.78%, Test In: 97.88% Test OOD1: 91.33% 
Epoch: 376, Loss: 0.3883, Train: 99.99%, Valid: 97.93%, Test In: 98.03% Test OOD1: 90.02% 
Epoch: 377, Loss: 0.3818, Train: 99.98%, Valid: 97.99%, Test In: 97.96% Test OOD1: 91.07% 
Epoch: 378, Loss: 0.3717, Train: 99.99%, Valid: 97.98%, Test In: 98.03% Test OOD1: 90.97% 
Epoch: 379, Loss: 0.3771, Train: 99.99%, Valid: 97.97%, Test In: 98.05% Test OOD1: 90.08% 
Epoch: 380, Loss: 0.3808, Train: 99.99%, Valid: 97.94%, Test In: 97.96% Test OOD1: 90.94% 
Epoch: 381, Loss: 0.3842, Train: 99.99%, Valid: 97.92%, Test In: 97.98% Test OOD1: 90.36% 
Epoch: 382, Loss: 0.3734, Train: 99.99%, Valid: 97.93%, Test In: 98.01% Test OOD1: 89.96% 
Epoch: 383, Loss: 0.3742, Train: 99.99%, Valid: 97.95%, Test In: 98.02% Test OOD1: 90.55% 
Epoch: 384, Loss: 0.3773, Train: 99.99%, Valid: 98.01%, Test In: 98.00% Test OOD1: 90.79% 
Epoch: 385, Loss: 0.3641, Train: 99.99%, Valid: 97.95%, Test In: 98.04% Test OOD1: 90.61% 
Epoch: 386, Loss: 0.3829, Train: 99.98%, Valid: 97.87%, Test In: 98.01% Test OOD1: 91.69% 
Epoch: 387, Loss: 0.3842, Train: 99.99%, Valid: 97.96%, Test In: 98.03% Test OOD1: 89.88% 
Epoch: 388, Loss: 0.3970, Train: 99.99%, Valid: 97.96%, Test In: 98.05% Test OOD1: 90.99% 
Epoch: 389, Loss: 0.3932, Train: 99.99%, Valid: 97.91%, Test In: 98.01% Test OOD1: 91.13% 
Epoch: 390, Loss: 0.3851, Train: 99.99%, Valid: 97.92%, Test In: 98.03% Test OOD1: 89.86% 
Epoch: 391, Loss: 0.3800, Train: 99.98%, Valid: 97.89%, Test In: 97.96% Test OOD1: 91.23% 
Epoch: 392, Loss: 0.3783, Train: 99.99%, Valid: 97.96%, Test In: 98.05% Test OOD1: 89.70% 
Epoch: 393, Loss: 0.3930, Train: 99.99%, Valid: 98.03%, Test In: 98.07% Test OOD1: 90.50% 
Epoch: 394, Loss: 0.3771, Train: 99.99%, Valid: 97.88%, Test In: 98.02% Test OOD1: 91.63% 
Epoch: 395, Loss: 0.3794, Train: 99.99%, Valid: 97.96%, Test In: 98.09% Test OOD1: 91.02% 
Epoch: 396, Loss: 0.3754, Train: 99.99%, Valid: 97.98%, Test In: 98.07% Test OOD1: 91.25% 
Epoch: 397, Loss: 0.3832, Train: 99.98%, Valid: 98.01%, Test In: 98.03% Test OOD1: 92.26% 
Epoch: 398, Loss: 0.3792, Train: 99.99%, Valid: 98.03%, Test In: 98.09% Test OOD1: 90.27% 
Epoch: 399, Loss: 0.3823, Train: 99.99%, Valid: 97.94%, Test In: 97.98% Test OOD1: 91.65% 
Epoch: 400, Loss: 0.3849, Train: 99.99%, Valid: 97.94%, Test In: 98.00% Test OOD1: 91.53% 
Epoch: 401, Loss: 0.3708, Train: 99.99%, Valid: 98.05%, Test In: 98.11% Test OOD1: 90.30% 
Epoch: 402, Loss: 0.3837, Train: 99.99%, Valid: 97.94%, Test In: 98.02% Test OOD1: 92.37% 
Epoch: 403, Loss: 0.3861, Train: 99.99%, Valid: 98.03%, Test In: 98.14% Test OOD1: 91.01% 
Epoch: 404, Loss: 0.3884, Train: 99.98%, Valid: 97.98%, Test In: 98.09% Test OOD1: 91.11% 
Epoch: 405, Loss: 0.3837, Train: 99.98%, Valid: 97.93%, Test In: 98.07% Test OOD1: 91.58% 
Epoch: 406, Loss: 0.3667, Train: 99.99%, Valid: 97.95%, Test In: 98.03% Test OOD1: 90.92% 
Epoch: 407, Loss: 0.3841, Train: 99.99%, Valid: 97.96%, Test In: 98.01% Test OOD1: 91.01% 
Epoch: 408, Loss: 0.3759, Train: 99.99%, Valid: 97.92%, Test In: 97.99% Test OOD1: 91.96% 
Epoch: 409, Loss: 0.3837, Train: 99.99%, Valid: 97.98%, Test In: 97.99% Test OOD1: 90.04% 
Epoch: 410, Loss: 0.3836, Train: 99.98%, Valid: 97.87%, Test In: 97.96% Test OOD1: 92.29% 
Epoch: 411, Loss: 0.3848, Train: 99.98%, Valid: 98.02%, Test In: 98.08% Test OOD1: 91.60% 
Epoch: 412, Loss: 0.3754, Train: 99.99%, Valid: 98.07%, Test In: 98.12% Test OOD1: 90.89% 
Epoch: 413, Loss: 0.3865, Train: 99.98%, Valid: 97.85%, Test In: 98.03% Test OOD1: 92.92% 
Epoch: 414, Loss: 0.3858, Train: 99.99%, Valid: 98.02%, Test In: 98.14% Test OOD1: 90.84% 
Epoch: 415, Loss: 0.3718, Train: 99.98%, Valid: 97.96%, Test In: 98.05% Test OOD1: 91.36% 
Epoch: 416, Loss: 0.3687, Train: 99.98%, Valid: 97.77%, Test In: 97.94% Test OOD1: 92.43% 
Epoch: 417, Loss: 0.3750, Train: 99.99%, Valid: 98.06%, Test In: 98.06% Test OOD1: 89.68% 
Epoch: 418, Loss: 0.3799, Train: 99.98%, Valid: 98.01%, Test In: 98.08% Test OOD1: 91.18% 
Epoch: 419, Loss: 0.3810, Train: 99.98%, Valid: 97.85%, Test In: 97.98% Test OOD1: 92.48% 
Epoch: 420, Loss: 0.3683, Train: 99.99%, Valid: 98.11%, Test In: 98.08% Test OOD1: 90.08% 
Epoch: 421, Loss: 0.3891, Train: 99.98%, Valid: 97.87%, Test In: 98.03% Test OOD1: 91.96% 
Epoch: 422, Loss: 0.3644, Train: 99.99%, Valid: 97.86%, Test In: 98.03% Test OOD1: 91.71% 
Epoch: 423, Loss: 0.3591, Train: 99.98%, Valid: 97.94%, Test In: 98.04% Test OOD1: 90.24% 
Epoch: 424, Loss: 0.3749, Train: 99.99%, Valid: 97.94%, Test In: 98.09% Test OOD1: 91.75% 
Epoch: 425, Loss: 0.3740, Train: 99.99%, Valid: 97.90%, Test In: 98.08% Test OOD1: 92.01% 
Epoch: 426, Loss: 0.3476, Train: 99.99%, Valid: 97.98%, Test In: 98.09% Test OOD1: 90.82% 
Epoch: 427, Loss: 0.3873, Train: 99.98%, Valid: 97.96%, Test In: 98.07% Test OOD1: 91.98% 
Epoch: 428, Loss: 0.3739, Train: 99.99%, Valid: 97.98%, Test In: 98.05% Test OOD1: 91.50% 
Epoch: 429, Loss: 0.3625, Train: 99.99%, Valid: 97.95%, Test In: 97.99% Test OOD1: 90.77% 
Epoch: 430, Loss: 0.3654, Train: 99.99%, Valid: 97.92%, Test In: 98.05% Test OOD1: 91.82% 
Epoch: 431, Loss: 0.3545, Train: 99.99%, Valid: 97.96%, Test In: 98.01% Test OOD1: 91.74% 
Epoch: 432, Loss: 0.3639, Train: 99.99%, Valid: 97.98%, Test In: 98.09% Test OOD1: 90.60% 
Epoch: 433, Loss: 0.3628, Train: 99.99%, Valid: 97.88%, Test In: 98.01% Test OOD1: 92.29% 
Epoch: 434, Loss: 0.3495, Train: 99.99%, Valid: 98.03%, Test In: 98.07% Test OOD1: 91.08% 
Epoch: 435, Loss: 0.3566, Train: 99.99%, Valid: 97.94%, Test In: 98.02% Test OOD1: 91.75% 
Epoch: 436, Loss: 0.3754, Train: 99.99%, Valid: 98.01%, Test In: 98.07% Test OOD1: 90.80% 
Epoch: 437, Loss: 0.3629, Train: 100.00%, Valid: 97.92%, Test In: 98.05% Test OOD1: 91.78% 
Epoch: 438, Loss: 0.3654, Train: 99.99%, Valid: 97.93%, Test In: 98.07% Test OOD1: 91.31% 
Epoch: 439, Loss: 0.3519, Train: 99.99%, Valid: 97.96%, Test In: 98.08% Test OOD1: 90.97% 
Epoch: 440, Loss: 0.3610, Train: 99.99%, Valid: 97.86%, Test In: 98.05% Test OOD1: 92.14% 
Epoch: 441, Loss: 0.3650, Train: 99.99%, Valid: 97.97%, Test In: 98.09% Test OOD1: 91.23% 
Epoch: 442, Loss: 0.3530, Train: 99.99%, Valid: 97.96%, Test In: 98.09% Test OOD1: 91.62% 
Epoch: 443, Loss: 0.3635, Train: 99.99%, Valid: 97.87%, Test In: 98.02% Test OOD1: 92.38% 
Epoch: 444, Loss: 0.3630, Train: 99.99%, Valid: 98.01%, Test In: 98.11% Test OOD1: 91.34% 
Epoch: 445, Loss: 0.3488, Train: 99.99%, Valid: 97.90%, Test In: 98.04% Test OOD1: 91.88% 
Epoch: 446, Loss: 0.3579, Train: 99.99%, Valid: 98.03%, Test In: 98.01% Test OOD1: 90.95% 
Epoch: 447, Loss: 0.3592, Train: 99.99%, Valid: 98.01%, Test In: 98.03% Test OOD1: 90.88% 
Epoch: 448, Loss: 0.3781, Train: 99.99%, Valid: 97.89%, Test In: 97.98% Test OOD1: 92.28% 
Epoch: 449, Loss: 0.3528, Train: 99.99%, Valid: 98.04%, Test In: 98.10% Test OOD1: 90.82% 
Epoch: 450, Loss: 0.3555, Train: 100.00%, Valid: 97.98%, Test In: 98.05% Test OOD1: 92.05% 
Epoch: 451, Loss: 0.3570, Train: 99.99%, Valid: 98.00%, Test In: 98.00% Test OOD1: 91.57% 
Epoch: 452, Loss: 0.3612, Train: 99.99%, Valid: 98.00%, Test In: 97.99% Test OOD1: 91.45% 
Epoch: 453, Loss: 0.3502, Train: 99.99%, Valid: 97.98%, Test In: 98.00% Test OOD1: 91.25% 
Epoch: 454, Loss: 0.3478, Train: 99.99%, Valid: 97.98%, Test In: 98.08% Test OOD1: 91.70% 
Epoch: 455, Loss: 0.3699, Train: 99.99%, Valid: 97.96%, Test In: 98.06% Test OOD1: 91.50% 
Epoch: 456, Loss: 0.3536, Train: 99.99%, Valid: 97.98%, Test In: 98.07% Test OOD1: 91.63% 
Epoch: 457, Loss: 0.3442, Train: 99.99%, Valid: 98.02%, Test In: 98.09% Test OOD1: 91.19% 
Epoch: 458, Loss: 0.3737, Train: 99.99%, Valid: 97.94%, Test In: 98.05% Test OOD1: 92.10% 
Epoch: 459, Loss: 0.3580, Train: 99.99%, Valid: 98.03%, Test In: 98.05% Test OOD1: 91.39% 
Epoch: 460, Loss: 0.3455, Train: 99.99%, Valid: 97.99%, Test In: 98.02% Test OOD1: 91.96% 
Epoch: 461, Loss: 0.3521, Train: 99.99%, Valid: 98.07%, Test In: 98.07% Test OOD1: 91.66% 
Epoch: 462, Loss: 0.3614, Train: 99.98%, Valid: 97.90%, Test In: 97.98% Test OOD1: 92.20% 
Epoch: 463, Loss: 0.3570, Train: 99.99%, Valid: 98.07%, Test In: 98.07% Test OOD1: 91.56% 
Epoch: 464, Loss: 0.3581, Train: 99.99%, Valid: 98.00%, Test In: 98.10% Test OOD1: 91.57% 
Epoch: 465, Loss: 0.3560, Train: 99.98%, Valid: 97.89%, Test In: 98.01% Test OOD1: 92.07% 
Epoch: 466, Loss: 0.3788, Train: 99.99%, Valid: 98.00%, Test In: 98.09% Test OOD1: 91.72% 
Epoch: 467, Loss: 0.3599, Train: 99.99%, Valid: 98.02%, Test In: 98.04% Test OOD1: 91.35% 
Epoch: 468, Loss: 0.3473, Train: 99.99%, Valid: 97.91%, Test In: 97.99% Test OOD1: 92.05% 
Epoch: 469, Loss: 0.3534, Train: 99.99%, Valid: 97.98%, Test In: 98.03% Test OOD1: 91.04% 
Epoch: 470, Loss: 0.3633, Train: 99.99%, Valid: 97.97%, Test In: 98.04% Test OOD1: 91.30% 
Epoch: 471, Loss: 0.3609, Train: 99.99%, Valid: 98.02%, Test In: 98.09% Test OOD1: 91.78% 
Epoch: 472, Loss: 0.3365, Train: 99.99%, Valid: 97.90%, Test In: 98.05% Test OOD1: 92.09% 
Epoch: 473, Loss: 0.3539, Train: 99.99%, Valid: 98.08%, Test In: 98.12% Test OOD1: 91.17% 
Epoch: 474, Loss: 0.3518, Train: 99.99%, Valid: 98.01%, Test In: 98.13% Test OOD1: 91.69% 
Epoch: 475, Loss: 0.3587, Train: 99.99%, Valid: 97.98%, Test In: 98.10% Test OOD1: 91.77% 
Epoch: 476, Loss: 0.3390, Train: 99.99%, Valid: 98.05%, Test In: 98.12% Test OOD1: 91.36% 
Epoch: 477, Loss: 0.3492, Train: 100.00%, Valid: 97.98%, Test In: 98.10% Test OOD1: 92.19% 
Epoch: 478, Loss: 0.3610, Train: 99.99%, Valid: 98.00%, Test In: 98.10% Test OOD1: 90.77% 
Epoch: 479, Loss: 0.3586, Train: 99.99%, Valid: 97.98%, Test In: 98.07% Test OOD1: 91.50% 
Epoch: 480, Loss: 0.3503, Train: 99.99%, Valid: 97.94%, Test In: 98.06% Test OOD1: 91.19% 
Epoch: 481, Loss: 0.3436, Train: 99.99%, Valid: 98.07%, Test In: 98.07% Test OOD1: 90.38% 
Epoch: 482, Loss: 0.3444, Train: 99.99%, Valid: 97.96%, Test In: 98.08% Test OOD1: 92.60% 
Epoch: 483, Loss: 0.3493, Train: 99.99%, Valid: 98.05%, Test In: 98.19% Test OOD1: 91.91% 
Epoch: 484, Loss: 0.3582, Train: 99.99%, Valid: 98.09%, Test In: 98.14% Test OOD1: 91.18% 
Epoch: 485, Loss: 0.3469, Train: 99.99%, Valid: 97.88%, Test In: 98.03% Test OOD1: 92.82% 
Epoch: 486, Loss: 0.3541, Train: 99.99%, Valid: 98.10%, Test In: 98.10% Test OOD1: 90.67% 
Epoch: 487, Loss: 0.3515, Train: 99.99%, Valid: 98.01%, Test In: 98.03% Test OOD1: 91.48% 
Epoch: 488, Loss: 0.3347, Train: 99.98%, Valid: 97.94%, Test In: 98.01% Test OOD1: 92.64% 
Epoch: 489, Loss: 0.3409, Train: 99.98%, Valid: 98.01%, Test In: 98.03% Test OOD1: 91.85% 
Epoch: 490, Loss: 0.3519, Train: 99.99%, Valid: 98.03%, Test In: 98.07% Test OOD1: 92.07% 
Epoch: 491, Loss: 0.3544, Train: 99.99%, Valid: 97.86%, Test In: 98.01% Test OOD1: 93.34% 
Epoch: 492, Loss: 0.3494, Train: 99.99%, Valid: 98.11%, Test In: 98.09% Test OOD1: 91.15% 
Epoch: 493, Loss: 0.3536, Train: 100.00%, Valid: 97.90%, Test In: 98.07% Test OOD1: 92.96% 
Epoch: 494, Loss: 0.3495, Train: 99.99%, Valid: 98.05%, Test In: 98.10% Test OOD1: 91.64% 
Epoch: 495, Loss: 0.3416, Train: 99.99%, Valid: 98.09%, Test In: 98.09% Test OOD1: 91.33% 
Epoch: 496, Loss: 0.3584, Train: 99.99%, Valid: 97.86%, Test In: 98.07% Test OOD1: 92.94% 
Epoch: 497, Loss: 0.3568, Train: 99.99%, Valid: 98.09%, Test In: 98.08% Test OOD1: 90.98% 
Epoch: 498, Loss: 0.3668, Train: 99.99%, Valid: 98.09%, Test In: 98.13% Test OOD1: 91.81% 
Epoch: 499, Loss: 0.3503, Train: 100.00%, Valid: 97.88%, Test In: 98.08% Test OOD1: 93.30% 
Run 01:
Highest Train: 100.00
Highest Valid: 98.11
Highest In Test: 98.19
Highest OOD Test: 93.34
Chosen epoch: 421
Final Train: 99.99
Final In Test: 98.08
Final OOD Test: 90.08
Epoch: 00, Loss: 6.6317, Train: 72.11%, Valid: 71.77%, Test In: 72.34% Test OOD1: 55.92% 
Epoch: 01, Loss: 6.3147, Train: 72.13%, Valid: 71.65%, Test In: 72.26% Test OOD1: 53.10% 
Epoch: 02, Loss: 5.8634, Train: 72.93%, Valid: 72.36%, Test In: 73.15% Test OOD1: 54.74% 
Epoch: 03, Loss: 5.2506, Train: 73.37%, Valid: 72.86%, Test In: 73.70% Test OOD1: 57.61% 
Epoch: 04, Loss: 4.4564, Train: 74.20%, Valid: 73.74%, Test In: 74.61% Test OOD1: 58.19% 
Epoch: 05, Loss: 3.7383, Train: 79.04%, Valid: 78.43%, Test In: 79.44% Test OOD1: 58.89% 
Epoch: 06, Loss: 3.2782, Train: 83.44%, Valid: 82.88%, Test In: 83.77% Test OOD1: 62.59% 
Epoch: 07, Loss: 3.0154, Train: 87.27%, Valid: 87.42%, Test In: 87.67% Test OOD1: 63.23% 
Epoch: 08, Loss: 2.8676, Train: 88.29%, Valid: 88.58%, Test In: 88.57% Test OOD1: 65.45% 
Epoch: 09, Loss: 2.8123, Train: 88.98%, Valid: 89.26%, Test In: 89.28% Test OOD1: 65.29% 
Epoch: 10, Loss: 2.7159, Train: 89.34%, Valid: 89.76%, Test In: 89.52% Test OOD1: 68.74% 
Epoch: 11, Loss: 2.6364, Train: 89.43%, Valid: 89.78%, Test In: 89.59% Test OOD1: 67.12% 
Epoch: 12, Loss: 2.4910, Train: 89.69%, Valid: 89.99%, Test In: 89.74% Test OOD1: 68.64% 
Epoch: 13, Loss: 2.3795, Train: 90.06%, Valid: 90.09%, Test In: 90.06% Test OOD1: 69.70% 
Epoch: 14, Loss: 2.2917, Train: 89.82%, Valid: 89.73%, Test In: 89.92% Test OOD1: 67.42% 
Epoch: 15, Loss: 2.2421, Train: 90.13%, Valid: 90.15%, Test In: 90.27% Test OOD1: 69.37% 
Epoch: 16, Loss: 2.2175, Train: 89.94%, Valid: 89.87%, Test In: 90.01% Test OOD1: 68.26% 
Epoch: 17, Loss: 2.1598, Train: 90.07%, Valid: 89.96%, Test In: 90.09% Test OOD1: 68.27% 
Epoch: 18, Loss: 2.1483, Train: 90.32%, Valid: 90.17%, Test In: 90.41% Test OOD1: 69.11% 
Epoch: 19, Loss: 2.0947, Train: 90.54%, Valid: 90.36%, Test In: 90.49% Test OOD1: 69.57% 
Epoch: 20, Loss: 2.0470, Train: 90.61%, Valid: 90.47%, Test In: 90.55% Test OOD1: 69.47% 
Epoch: 21, Loss: 1.9843, Train: 90.65%, Valid: 90.59%, Test In: 90.68% Test OOD1: 68.85% 
Epoch: 22, Loss: 1.9428, Train: 90.78%, Valid: 90.79%, Test In: 90.86% Test OOD1: 68.33% 
Epoch: 23, Loss: 1.8978, Train: 91.03%, Valid: 91.07%, Test In: 91.00% Test OOD1: 68.38% 
Epoch: 24, Loss: 1.8472, Train: 91.21%, Valid: 91.29%, Test In: 91.26% Test OOD1: 68.79% 
Epoch: 25, Loss: 1.8180, Train: 91.30%, Valid: 91.40%, Test In: 91.45% Test OOD1: 69.04% 
Epoch: 26, Loss: 1.8159, Train: 91.46%, Valid: 91.47%, Test In: 91.54% Test OOD1: 68.88% 
Epoch: 27, Loss: 1.7823, Train: 91.54%, Valid: 91.51%, Test In: 91.61% Test OOD1: 68.84% 
Epoch: 28, Loss: 1.7624, Train: 91.66%, Valid: 91.66%, Test In: 91.66% Test OOD1: 69.28% 
Epoch: 29, Loss: 1.7202, Train: 91.68%, Valid: 91.64%, Test In: 91.71% Test OOD1: 70.49% 
Epoch: 30, Loss: 1.6964, Train: 91.75%, Valid: 91.70%, Test In: 91.77% Test OOD1: 71.39% 
Epoch: 31, Loss: 1.6656, Train: 91.86%, Valid: 91.81%, Test In: 91.88% Test OOD1: 71.75% 
Epoch: 32, Loss: 1.6532, Train: 92.01%, Valid: 91.93%, Test In: 91.98% Test OOD1: 71.72% 
Epoch: 33, Loss: 1.6443, Train: 92.15%, Valid: 91.97%, Test In: 92.05% Test OOD1: 71.76% 
Epoch: 34, Loss: 1.6162, Train: 92.23%, Valid: 91.99%, Test In: 92.20% Test OOD1: 72.00% 
Epoch: 35, Loss: 1.6063, Train: 92.32%, Valid: 92.07%, Test In: 92.32% Test OOD1: 72.09% 
Epoch: 36, Loss: 1.5910, Train: 92.41%, Valid: 92.12%, Test In: 92.45% Test OOD1: 72.06% 
Epoch: 37, Loss: 1.5820, Train: 92.42%, Valid: 92.18%, Test In: 92.49% Test OOD1: 72.08% 
Epoch: 38, Loss: 1.5608, Train: 92.48%, Valid: 92.21%, Test In: 92.46% Test OOD1: 72.29% 
Epoch: 39, Loss: 1.5546, Train: 92.50%, Valid: 92.21%, Test In: 92.51% Test OOD1: 72.54% 
Epoch: 40, Loss: 1.5331, Train: 92.56%, Valid: 92.20%, Test In: 92.50% Test OOD1: 72.64% 
Epoch: 41, Loss: 1.5309, Train: 92.56%, Valid: 92.35%, Test In: 92.52% Test OOD1: 72.88% 
Epoch: 42, Loss: 1.5046, Train: 92.64%, Valid: 92.39%, Test In: 92.59% Test OOD1: 73.20% 
Epoch: 43, Loss: 1.5010, Train: 92.69%, Valid: 92.40%, Test In: 92.63% Test OOD1: 73.34% 
Epoch: 44, Loss: 1.4936, Train: 92.76%, Valid: 92.50%, Test In: 92.64% Test OOD1: 73.74% 
Epoch: 45, Loss: 1.4717, Train: 92.83%, Valid: 92.53%, Test In: 92.65% Test OOD1: 74.29% 
Epoch: 46, Loss: 1.4663, Train: 92.86%, Valid: 92.56%, Test In: 92.73% Test OOD1: 74.80% 
Epoch: 47, Loss: 1.4595, Train: 92.89%, Valid: 92.71%, Test In: 92.74% Test OOD1: 74.96% 
Epoch: 48, Loss: 1.4453, Train: 92.90%, Valid: 92.73%, Test In: 92.76% Test OOD1: 75.22% 
Epoch: 49, Loss: 1.4269, Train: 92.95%, Valid: 92.74%, Test In: 92.80% Test OOD1: 75.70% 
Epoch: 50, Loss: 1.4184, Train: 93.01%, Valid: 92.73%, Test In: 92.85% Test OOD1: 76.06% 
Epoch: 51, Loss: 1.4182, Train: 93.05%, Valid: 92.74%, Test In: 92.87% Test OOD1: 75.79% 
Epoch: 52, Loss: 1.3918, Train: 93.09%, Valid: 92.79%, Test In: 92.87% Test OOD1: 75.69% 
Epoch: 53, Loss: 1.3913, Train: 93.09%, Valid: 92.82%, Test In: 92.87% Test OOD1: 76.27% 
Epoch: 54, Loss: 1.3673, Train: 93.18%, Valid: 92.86%, Test In: 92.89% Test OOD1: 76.27% 
Epoch: 55, Loss: 1.3674, Train: 93.27%, Valid: 92.84%, Test In: 92.95% Test OOD1: 75.67% 
Epoch: 56, Loss: 1.3767, Train: 93.30%, Valid: 92.96%, Test In: 92.95% Test OOD1: 76.41% 
Epoch: 57, Loss: 1.3487, Train: 93.39%, Valid: 93.02%, Test In: 93.04% Test OOD1: 76.68% 
Epoch: 58, Loss: 1.3533, Train: 93.48%, Valid: 93.00%, Test In: 93.06% Test OOD1: 76.52% 
Epoch: 59, Loss: 1.3485, Train: 93.57%, Valid: 92.99%, Test In: 93.09% Test OOD1: 76.85% 
Epoch: 60, Loss: 1.3303, Train: 93.63%, Valid: 93.04%, Test In: 93.12% Test OOD1: 76.94% 
Epoch: 61, Loss: 1.3394, Train: 93.68%, Valid: 93.07%, Test In: 93.14% Test OOD1: 76.94% 
Epoch: 62, Loss: 1.3143, Train: 93.71%, Valid: 93.12%, Test In: 93.16% Test OOD1: 77.23% 
Epoch: 63, Loss: 1.3181, Train: 93.76%, Valid: 93.12%, Test In: 93.19% Test OOD1: 77.08% 
Epoch: 64, Loss: 1.3020, Train: 93.79%, Valid: 93.12%, Test In: 93.22% Test OOD1: 77.12% 
Epoch: 65, Loss: 1.2929, Train: 93.84%, Valid: 93.16%, Test In: 93.22% Test OOD1: 77.41% 
Epoch: 66, Loss: 1.2932, Train: 93.87%, Valid: 93.27%, Test In: 93.27% Test OOD1: 77.80% 
Epoch: 67, Loss: 1.2725, Train: 93.92%, Valid: 93.20%, Test In: 93.33% Test OOD1: 76.94% 
Epoch: 68, Loss: 1.2703, Train: 94.03%, Valid: 93.19%, Test In: 93.31% Test OOD1: 77.32% 
Epoch: 69, Loss: 1.2688, Train: 94.04%, Valid: 93.32%, Test In: 93.37% Test OOD1: 78.45% 
Epoch: 70, Loss: 1.2551, Train: 94.03%, Valid: 93.29%, Test In: 93.41% Test OOD1: 77.01% 
Epoch: 71, Loss: 1.2522, Train: 94.12%, Valid: 93.27%, Test In: 93.41% Test OOD1: 78.02% 
Epoch: 72, Loss: 1.2438, Train: 94.16%, Valid: 93.41%, Test In: 93.46% Test OOD1: 79.07% 
Epoch: 73, Loss: 1.2379, Train: 94.25%, Valid: 93.31%, Test In: 93.53% Test OOD1: 78.09% 
Epoch: 74, Loss: 1.2340, Train: 94.32%, Valid: 93.39%, Test In: 93.57% Test OOD1: 79.07% 
Epoch: 75, Loss: 1.2319, Train: 94.44%, Valid: 93.48%, Test In: 93.58% Test OOD1: 79.07% 
Epoch: 76, Loss: 1.2135, Train: 94.42%, Valid: 93.49%, Test In: 93.60% Test OOD1: 78.59% 
Epoch: 77, Loss: 1.2126, Train: 94.48%, Valid: 93.58%, Test In: 93.70% Test OOD1: 79.53% 
Epoch: 78, Loss: 1.2027, Train: 94.48%, Valid: 93.52%, Test In: 93.69% Test OOD1: 78.91% 
Epoch: 79, Loss: 1.1921, Train: 94.56%, Valid: 93.61%, Test In: 93.80% Test OOD1: 79.09% 
Epoch: 80, Loss: 1.2003, Train: 94.65%, Valid: 93.64%, Test In: 93.80% Test OOD1: 79.59% 
Epoch: 81, Loss: 1.1798, Train: 94.69%, Valid: 93.72%, Test In: 93.79% Test OOD1: 79.86% 
Epoch: 82, Loss: 1.1783, Train: 94.76%, Valid: 93.68%, Test In: 93.85% Test OOD1: 79.55% 
Epoch: 83, Loss: 1.1691, Train: 94.83%, Valid: 93.74%, Test In: 93.87% Test OOD1: 79.45% 
Epoch: 84, Loss: 1.1659, Train: 94.77%, Valid: 93.74%, Test In: 93.87% Test OOD1: 80.31% 
Epoch: 85, Loss: 1.1539, Train: 94.82%, Valid: 93.73%, Test In: 93.85% Test OOD1: 78.69% 
Epoch: 86, Loss: 1.1498, Train: 94.90%, Valid: 93.70%, Test In: 93.98% Test OOD1: 80.42% 
Epoch: 87, Loss: 1.1400, Train: 95.01%, Valid: 93.82%, Test In: 94.07% Test OOD1: 79.98% 
Epoch: 88, Loss: 1.1354, Train: 95.05%, Valid: 93.88%, Test In: 94.07% Test OOD1: 79.35% 
Epoch: 89, Loss: 1.1275, Train: 95.15%, Valid: 93.96%, Test In: 94.10% Test OOD1: 80.42% 
Epoch: 90, Loss: 1.1090, Train: 95.20%, Valid: 93.95%, Test In: 94.15% Test OOD1: 80.05% 
Epoch: 91, Loss: 1.1131, Train: 95.26%, Valid: 94.00%, Test In: 94.10% Test OOD1: 79.78% 
Epoch: 92, Loss: 1.1008, Train: 95.29%, Valid: 94.01%, Test In: 94.15% Test OOD1: 80.62% 
Epoch: 93, Loss: 1.0913, Train: 95.26%, Valid: 94.06%, Test In: 94.16% Test OOD1: 79.28% 
Epoch: 94, Loss: 1.0929, Train: 95.45%, Valid: 94.06%, Test In: 94.26% Test OOD1: 80.98% 
Epoch: 95, Loss: 1.0978, Train: 95.41%, Valid: 94.16%, Test In: 94.24% Test OOD1: 79.05% 
Epoch: 96, Loss: 1.0963, Train: 95.57%, Valid: 94.18%, Test In: 94.23% Test OOD1: 80.48% 
Epoch: 97, Loss: 1.0798, Train: 95.59%, Valid: 94.19%, Test In: 94.26% Test OOD1: 81.03% 
Epoch: 98, Loss: 1.0564, Train: 95.48%, Valid: 94.15%, Test In: 94.24% Test OOD1: 78.99% 
Epoch: 99, Loss: 1.0860, Train: 95.55%, Valid: 94.08%, Test In: 94.12% Test OOD1: 82.03% 
Epoch: 100, Loss: 1.0727, Train: 95.59%, Valid: 94.18%, Test In: 94.25% Test OOD1: 78.94% 
Epoch: 101, Loss: 1.0679, Train: 95.80%, Valid: 94.20%, Test In: 94.40% Test OOD1: 81.22% 
Epoch: 102, Loss: 1.0659, Train: 95.85%, Valid: 94.23%, Test In: 94.48% Test OOD1: 80.79% 
Epoch: 103, Loss: 1.0538, Train: 95.91%, Valid: 94.30%, Test In: 94.50% Test OOD1: 80.52% 
Epoch: 104, Loss: 1.0623, Train: 95.87%, Valid: 94.31%, Test In: 94.51% Test OOD1: 80.34% 
Epoch: 105, Loss: 1.0348, Train: 95.96%, Valid: 94.25%, Test In: 94.38% Test OOD1: 81.95% 
Epoch: 106, Loss: 1.0462, Train: 96.05%, Valid: 94.42%, Test In: 94.56% Test OOD1: 80.88% 
Epoch: 107, Loss: 1.0456, Train: 96.14%, Valid: 94.42%, Test In: 94.69% Test OOD1: 80.36% 
Epoch: 108, Loss: 1.0358, Train: 96.22%, Valid: 94.35%, Test In: 94.55% Test OOD1: 82.38% 
Epoch: 109, Loss: 1.0016, Train: 96.22%, Valid: 94.45%, Test In: 94.63% Test OOD1: 80.90% 
Epoch: 110, Loss: 1.0157, Train: 96.23%, Valid: 94.56%, Test In: 94.72% Test OOD1: 80.52% 
Epoch: 111, Loss: 1.0067, Train: 96.17%, Valid: 94.33%, Test In: 94.56% Test OOD1: 83.26% 
Epoch: 112, Loss: 0.9838, Train: 96.30%, Valid: 94.43%, Test In: 94.63% Test OOD1: 81.14% 
Epoch: 113, Loss: 0.9948, Train: 96.45%, Valid: 94.65%, Test In: 94.86% Test OOD1: 81.20% 
Epoch: 114, Loss: 0.9988, Train: 96.58%, Valid: 94.56%, Test In: 94.80% Test OOD1: 82.98% 
Epoch: 115, Loss: 0.9878, Train: 96.61%, Valid: 94.62%, Test In: 94.86% Test OOD1: 81.28% 
Epoch: 116, Loss: 0.9603, Train: 96.60%, Valid: 94.70%, Test In: 94.90% Test OOD1: 81.50% 
Epoch: 117, Loss: 0.9751, Train: 96.62%, Valid: 94.64%, Test In: 94.85% Test OOD1: 82.89% 
Epoch: 118, Loss: 0.9688, Train: 96.74%, Valid: 94.81%, Test In: 94.96% Test OOD1: 81.94% 
Epoch: 119, Loss: 0.9518, Train: 96.89%, Valid: 94.88%, Test In: 95.01% Test OOD1: 81.64% 
Epoch: 120, Loss: 0.9432, Train: 96.95%, Valid: 94.84%, Test In: 95.04% Test OOD1: 82.86% 
Epoch: 121, Loss: 0.9425, Train: 97.00%, Valid: 94.91%, Test In: 95.07% Test OOD1: 81.95% 
Epoch: 122, Loss: 0.9336, Train: 96.97%, Valid: 94.94%, Test In: 95.08% Test OOD1: 82.34% 
Epoch: 123, Loss: 0.9219, Train: 96.96%, Valid: 94.91%, Test In: 95.00% Test OOD1: 83.06% 
Epoch: 124, Loss: 0.9247, Train: 97.08%, Valid: 94.90%, Test In: 95.11% Test OOD1: 82.18% 
Epoch: 125, Loss: 0.9169, Train: 97.13%, Valid: 94.98%, Test In: 95.10% Test OOD1: 83.40% 
Epoch: 126, Loss: 0.9089, Train: 97.30%, Valid: 95.08%, Test In: 95.29% Test OOD1: 82.22% 
Epoch: 127, Loss: 0.9181, Train: 97.31%, Valid: 95.05%, Test In: 95.27% Test OOD1: 83.11% 
Epoch: 128, Loss: 0.8937, Train: 97.29%, Valid: 95.05%, Test In: 95.31% Test OOD1: 83.24% 
Epoch: 129, Loss: 0.9039, Train: 97.35%, Valid: 95.11%, Test In: 95.33% Test OOD1: 82.33% 
Epoch: 130, Loss: 0.9016, Train: 97.36%, Valid: 95.06%, Test In: 95.29% Test OOD1: 84.02% 
Epoch: 131, Loss: 0.8849, Train: 97.37%, Valid: 95.08%, Test In: 95.33% Test OOD1: 82.72% 
Epoch: 132, Loss: 0.8782, Train: 97.57%, Valid: 95.16%, Test In: 95.37% Test OOD1: 83.69% 
Epoch: 133, Loss: 0.8786, Train: 97.64%, Valid: 95.21%, Test In: 95.50% Test OOD1: 83.29% 
Epoch: 134, Loss: 0.8786, Train: 97.59%, Valid: 95.11%, Test In: 95.53% Test OOD1: 83.31% 
Epoch: 135, Loss: 0.8515, Train: 97.67%, Valid: 95.25%, Test In: 95.53% Test OOD1: 83.34% 
Epoch: 136, Loss: 0.8587, Train: 97.68%, Valid: 95.27%, Test In: 95.46% Test OOD1: 84.31% 
Epoch: 137, Loss: 0.8455, Train: 97.77%, Valid: 95.39%, Test In: 95.65% Test OOD1: 82.96% 
Epoch: 138, Loss: 0.8571, Train: 97.86%, Valid: 95.29%, Test In: 95.56% Test OOD1: 84.60% 
Epoch: 139, Loss: 0.8361, Train: 97.90%, Valid: 95.56%, Test In: 95.76% Test OOD1: 83.70% 
Epoch: 140, Loss: 0.8184, Train: 97.93%, Valid: 95.55%, Test In: 95.74% Test OOD1: 83.35% 
Epoch: 141, Loss: 0.8237, Train: 97.84%, Valid: 95.36%, Test In: 95.56% Test OOD1: 85.06% 
Epoch: 142, Loss: 0.8247, Train: 97.99%, Valid: 95.58%, Test In: 95.76% Test OOD1: 82.76% 
Epoch: 143, Loss: 0.8296, Train: 98.03%, Valid: 95.45%, Test In: 95.69% Test OOD1: 85.04% 
Epoch: 144, Loss: 0.8114, Train: 98.10%, Valid: 95.48%, Test In: 95.77% Test OOD1: 83.87% 
Epoch: 145, Loss: 0.8149, Train: 98.21%, Valid: 95.66%, Test In: 95.90% Test OOD1: 83.80% 
Epoch: 146, Loss: 0.8140, Train: 98.15%, Valid: 95.54%, Test In: 95.78% Test OOD1: 85.44% 
Epoch: 147, Loss: 0.7915, Train: 98.17%, Valid: 95.58%, Test In: 95.83% Test OOD1: 83.68% 
Epoch: 148, Loss: 0.7989, Train: 98.23%, Valid: 95.67%, Test In: 95.92% Test OOD1: 85.40% 
Epoch: 149, Loss: 0.7978, Train: 98.41%, Valid: 95.85%, Test In: 96.03% Test OOD1: 83.75% 
Epoch: 150, Loss: 0.7761, Train: 98.36%, Valid: 95.80%, Test In: 96.02% Test OOD1: 84.82% 
Epoch: 151, Loss: 0.7992, Train: 98.45%, Valid: 95.81%, Test In: 96.10% Test OOD1: 84.50% 
Epoch: 152, Loss: 0.7873, Train: 98.56%, Valid: 95.87%, Test In: 96.09% Test OOD1: 84.07% 
Epoch: 153, Loss: 0.7545, Train: 98.41%, Valid: 95.77%, Test In: 96.06% Test OOD1: 85.32% 
Epoch: 154, Loss: 0.7599, Train: 98.55%, Valid: 95.90%, Test In: 96.08% Test OOD1: 84.69% 
Epoch: 155, Loss: 0.7689, Train: 98.60%, Valid: 95.96%, Test In: 96.23% Test OOD1: 83.88% 
Epoch: 156, Loss: 0.7864, Train: 98.42%, Valid: 95.73%, Test In: 95.84% Test OOD1: 86.93% 
Epoch: 157, Loss: 0.7783, Train: 98.43%, Valid: 95.83%, Test In: 95.97% Test OOD1: 82.89% 
Epoch: 158, Loss: 0.8041, Train: 98.50%, Valid: 95.81%, Test In: 96.00% Test OOD1: 87.07% 
Epoch: 159, Loss: 0.7701, Train: 98.64%, Valid: 95.95%, Test In: 96.25% Test OOD1: 85.13% 
Epoch: 160, Loss: 0.7545, Train: 98.67%, Valid: 96.05%, Test In: 96.28% Test OOD1: 84.44% 
Epoch: 161, Loss: 0.7321, Train: 98.71%, Valid: 95.94%, Test In: 96.25% Test OOD1: 86.55% 
Epoch: 162, Loss: 0.7534, Train: 98.72%, Valid: 96.12%, Test In: 96.29% Test OOD1: 84.38% 
Epoch: 163, Loss: 0.7326, Train: 98.69%, Valid: 96.07%, Test In: 96.29% Test OOD1: 85.19% 
Epoch: 164, Loss: 0.7111, Train: 98.81%, Valid: 96.06%, Test In: 96.38% Test OOD1: 86.19% 
Epoch: 165, Loss: 0.7199, Train: 98.88%, Valid: 96.26%, Test In: 96.52% Test OOD1: 84.52% 
Epoch: 166, Loss: 0.7129, Train: 98.89%, Valid: 96.27%, Test In: 96.42% Test OOD1: 85.08% 
Epoch: 167, Loss: 0.7085, Train: 98.89%, Valid: 96.12%, Test In: 96.39% Test OOD1: 86.12% 
Epoch: 168, Loss: 0.7181, Train: 98.94%, Valid: 96.33%, Test In: 96.50% Test OOD1: 84.50% 
Epoch: 169, Loss: 0.7206, Train: 98.91%, Valid: 96.14%, Test In: 96.44% Test OOD1: 85.81% 
Epoch: 170, Loss: 0.7031, Train: 98.98%, Valid: 96.31%, Test In: 96.46% Test OOD1: 85.91% 
Epoch: 171, Loss: 0.7066, Train: 99.02%, Valid: 96.43%, Test In: 96.66% Test OOD1: 84.84% 
Epoch: 172, Loss: 0.6990, Train: 98.97%, Valid: 96.41%, Test In: 96.50% Test OOD1: 85.20% 
Epoch: 173, Loss: 0.6719, Train: 99.00%, Valid: 96.46%, Test In: 96.56% Test OOD1: 85.46% 
Epoch: 174, Loss: 0.7024, Train: 99.00%, Valid: 96.48%, Test In: 96.67% Test OOD1: 84.94% 
Epoch: 175, Loss: 0.6875, Train: 98.93%, Valid: 96.35%, Test In: 96.48% Test OOD1: 85.32% 
Epoch: 176, Loss: 0.6940, Train: 99.11%, Valid: 96.48%, Test In: 96.63% Test OOD1: 86.42% 
Epoch: 177, Loss: 0.6926, Train: 99.24%, Valid: 96.67%, Test In: 96.79% Test OOD1: 86.11% 
Epoch: 178, Loss: 0.6684, Train: 99.05%, Valid: 96.41%, Test In: 96.54% Test OOD1: 85.46% 
Epoch: 179, Loss: 0.6662, Train: 99.20%, Valid: 96.50%, Test In: 96.61% Test OOD1: 87.30% 
Epoch: 180, Loss: 0.6685, Train: 99.14%, Valid: 96.66%, Test In: 96.73% Test OOD1: 85.91% 
Epoch: 181, Loss: 0.6544, Train: 99.13%, Valid: 96.63%, Test In: 96.64% Test OOD1: 85.78% 
Epoch: 182, Loss: 0.6631, Train: 99.26%, Valid: 96.63%, Test In: 96.73% Test OOD1: 86.73% 
Epoch: 183, Loss: 0.6515, Train: 99.34%, Valid: 96.83%, Test In: 96.87% Test OOD1: 86.67% 
Epoch: 184, Loss: 0.6430, Train: 99.32%, Valid: 96.79%, Test In: 96.84% Test OOD1: 85.74% 
Epoch: 185, Loss: 0.6426, Train: 99.32%, Valid: 96.68%, Test In: 96.83% Test OOD1: 87.33% 
Epoch: 186, Loss: 0.6383, Train: 99.35%, Valid: 96.79%, Test In: 96.84% Test OOD1: 86.80% 
Epoch: 187, Loss: 0.6255, Train: 99.32%, Valid: 96.87%, Test In: 96.93% Test OOD1: 85.97% 
Epoch: 188, Loss: 0.6305, Train: 99.39%, Valid: 96.80%, Test In: 96.86% Test OOD1: 87.16% 
Epoch: 189, Loss: 0.6253, Train: 99.42%, Valid: 96.96%, Test In: 96.93% Test OOD1: 86.34% 
Epoch: 190, Loss: 0.6112, Train: 99.39%, Valid: 96.86%, Test In: 96.81% Test OOD1: 87.17% 
Epoch: 191, Loss: 0.6245, Train: 99.44%, Valid: 96.95%, Test In: 96.90% Test OOD1: 86.32% 
Epoch: 192, Loss: 0.6128, Train: 99.41%, Valid: 96.84%, Test In: 96.85% Test OOD1: 87.71% 
Epoch: 193, Loss: 0.6182, Train: 99.46%, Valid: 96.98%, Test In: 96.96% Test OOD1: 86.57% 
Epoch: 194, Loss: 0.6176, Train: 99.54%, Valid: 97.05%, Test In: 97.06% Test OOD1: 86.80% 
Epoch: 195, Loss: 0.6198, Train: 99.50%, Valid: 96.98%, Test In: 96.99% Test OOD1: 87.60% 
Epoch: 196, Loss: 0.6189, Train: 99.52%, Valid: 97.05%, Test In: 96.98% Test OOD1: 86.56% 
Epoch: 197, Loss: 0.6185, Train: 99.54%, Valid: 97.04%, Test In: 97.01% Test OOD1: 86.91% 
Epoch: 198, Loss: 0.5891, Train: 99.51%, Valid: 96.83%, Test In: 96.82% Test OOD1: 88.22% 
Epoch: 199, Loss: 0.6073, Train: 99.50%, Valid: 96.93%, Test In: 96.92% Test OOD1: 85.64% 
Epoch: 200, Loss: 0.6110, Train: 99.56%, Valid: 96.91%, Test In: 96.97% Test OOD1: 87.82% 
Epoch: 201, Loss: 0.6091, Train: 99.56%, Valid: 97.10%, Test In: 96.96% Test OOD1: 86.21% 
Epoch: 202, Loss: 0.6010, Train: 99.59%, Valid: 97.11%, Test In: 97.00% Test OOD1: 86.47% 
Epoch: 203, Loss: 0.5869, Train: 99.59%, Valid: 96.94%, Test In: 97.07% Test OOD1: 87.13% 
Epoch: 204, Loss: 0.5900, Train: 99.58%, Valid: 97.16%, Test In: 97.08% Test OOD1: 86.64% 
Epoch: 205, Loss: 0.5897, Train: 99.56%, Valid: 97.09%, Test In: 97.05% Test OOD1: 86.80% 
Epoch: 206, Loss: 0.6008, Train: 99.62%, Valid: 97.03%, Test In: 97.10% Test OOD1: 88.03% 
Epoch: 207, Loss: 0.5827, Train: 99.57%, Valid: 97.11%, Test In: 97.02% Test OOD1: 86.00% 
Epoch: 208, Loss: 0.5929, Train: 99.62%, Valid: 97.09%, Test In: 97.09% Test OOD1: 87.58% 
Epoch: 209, Loss: 0.5860, Train: 99.64%, Valid: 97.18%, Test In: 97.19% Test OOD1: 86.78% 
Epoch: 210, Loss: 0.5866, Train: 99.63%, Valid: 97.13%, Test In: 97.15% Test OOD1: 87.64% 
Epoch: 211, Loss: 0.6102, Train: 99.61%, Valid: 97.15%, Test In: 97.11% Test OOD1: 86.88% 
Epoch: 212, Loss: 0.6056, Train: 99.68%, Valid: 97.20%, Test In: 97.21% Test OOD1: 87.35% 
Epoch: 213, Loss: 0.5765, Train: 99.65%, Valid: 97.21%, Test In: 97.23% Test OOD1: 87.64% 
Epoch: 214, Loss: 0.5655, Train: 99.64%, Valid: 97.26%, Test In: 97.08% Test OOD1: 86.60% 
Epoch: 215, Loss: 0.5634, Train: 99.68%, Valid: 97.30%, Test In: 97.21% Test OOD1: 87.59% 
Epoch: 216, Loss: 0.5731, Train: 99.70%, Valid: 97.29%, Test In: 97.20% Test OOD1: 87.99% 
Epoch: 217, Loss: 0.5703, Train: 99.67%, Valid: 97.32%, Test In: 97.21% Test OOD1: 86.78% 
Epoch: 218, Loss: 0.5627, Train: 99.69%, Valid: 97.28%, Test In: 97.29% Test OOD1: 88.03% 
Epoch: 219, Loss: 0.5723, Train: 99.68%, Valid: 97.31%, Test In: 97.25% Test OOD1: 87.79% 
Epoch: 220, Loss: 0.5516, Train: 99.71%, Valid: 97.32%, Test In: 97.24% Test OOD1: 87.19% 
Epoch: 221, Loss: 0.5618, Train: 99.74%, Valid: 97.23%, Test In: 97.25% Test OOD1: 88.24% 
Epoch: 222, Loss: 0.5437, Train: 99.71%, Valid: 97.40%, Test In: 97.32% Test OOD1: 87.17% 
Epoch: 223, Loss: 0.5721, Train: 99.74%, Valid: 97.36%, Test In: 97.39% Test OOD1: 87.88% 
Epoch: 224, Loss: 0.5654, Train: 99.74%, Valid: 97.40%, Test In: 97.40% Test OOD1: 87.60% 
Epoch: 225, Loss: 0.5270, Train: 99.76%, Valid: 97.36%, Test In: 97.48% Test OOD1: 87.80% 
Epoch: 226, Loss: 0.5453, Train: 99.77%, Valid: 97.41%, Test In: 97.48% Test OOD1: 87.85% 
Epoch: 227, Loss: 0.5547, Train: 99.77%, Valid: 97.43%, Test In: 97.50% Test OOD1: 87.64% 
Epoch: 228, Loss: 0.5349, Train: 99.76%, Valid: 97.42%, Test In: 97.44% Test OOD1: 88.35% 
Epoch: 229, Loss: 0.5420, Train: 99.77%, Valid: 97.47%, Test In: 97.46% Test OOD1: 87.94% 
Epoch: 230, Loss: 0.5533, Train: 99.76%, Valid: 97.40%, Test In: 97.46% Test OOD1: 87.55% 
Epoch: 231, Loss: 0.5239, Train: 99.76%, Valid: 97.36%, Test In: 97.42% Test OOD1: 87.95% 
Epoch: 232, Loss: 0.5194, Train: 99.78%, Valid: 97.36%, Test In: 97.45% Test OOD1: 87.10% 
Epoch: 233, Loss: 0.5375, Train: 99.76%, Valid: 97.40%, Test In: 97.46% Test OOD1: 87.85% 
Epoch: 234, Loss: 0.5204, Train: 99.80%, Valid: 97.48%, Test In: 97.49% Test OOD1: 87.69% 
Epoch: 235, Loss: 0.5193, Train: 99.79%, Valid: 97.48%, Test In: 97.51% Test OOD1: 87.62% 
Epoch: 236, Loss: 0.5080, Train: 99.78%, Valid: 97.45%, Test In: 97.51% Test OOD1: 88.61% 
Epoch: 237, Loss: 0.5195, Train: 99.80%, Valid: 97.49%, Test In: 97.60% Test OOD1: 88.00% 
Epoch: 238, Loss: 0.5243, Train: 99.78%, Valid: 97.48%, Test In: 97.50% Test OOD1: 88.91% 
Epoch: 239, Loss: 0.5079, Train: 99.80%, Valid: 97.55%, Test In: 97.57% Test OOD1: 88.22% 
Epoch: 240, Loss: 0.5061, Train: 99.81%, Valid: 97.61%, Test In: 97.55% Test OOD1: 87.35% 
Epoch: 241, Loss: 0.5075, Train: 99.78%, Valid: 97.46%, Test In: 97.46% Test OOD1: 88.62% 
Epoch: 242, Loss: 0.5077, Train: 99.79%, Valid: 97.52%, Test In: 97.56% Test OOD1: 88.18% 
Epoch: 243, Loss: 0.4946, Train: 99.80%, Valid: 97.57%, Test In: 97.55% Test OOD1: 87.48% 
Epoch: 244, Loss: 0.5079, Train: 99.82%, Valid: 97.55%, Test In: 97.62% Test OOD1: 88.71% 
Epoch: 245, Loss: 0.5002, Train: 99.81%, Valid: 97.50%, Test In: 97.56% Test OOD1: 88.96% 
Epoch: 246, Loss: 0.5094, Train: 99.82%, Valid: 97.56%, Test In: 97.55% Test OOD1: 87.22% 
Epoch: 247, Loss: 0.4912, Train: 99.82%, Valid: 97.51%, Test In: 97.53% Test OOD1: 88.61% 
Epoch: 248, Loss: 0.5112, Train: 99.83%, Valid: 97.55%, Test In: 97.57% Test OOD1: 88.78% 
Epoch: 249, Loss: 0.4966, Train: 99.82%, Valid: 97.61%, Test In: 97.48% Test OOD1: 87.03% 
Epoch: 250, Loss: 0.4951, Train: 99.80%, Valid: 97.55%, Test In: 97.53% Test OOD1: 89.95% 
Epoch: 251, Loss: 0.5016, Train: 99.84%, Valid: 97.63%, Test In: 97.57% Test OOD1: 88.94% 
Epoch: 252, Loss: 0.5045, Train: 99.84%, Valid: 97.67%, Test In: 97.59% Test OOD1: 87.78% 
Epoch: 253, Loss: 0.5204, Train: 99.82%, Valid: 97.53%, Test In: 97.57% Test OOD1: 89.47% 
Epoch: 254, Loss: 0.4947, Train: 99.84%, Valid: 97.68%, Test In: 97.61% Test OOD1: 88.01% 
Epoch: 255, Loss: 0.4847, Train: 99.84%, Valid: 97.62%, Test In: 97.58% Test OOD1: 88.32% 
Epoch: 256, Loss: 0.4923, Train: 99.83%, Valid: 97.56%, Test In: 97.54% Test OOD1: 89.19% 
Epoch: 257, Loss: 0.4922, Train: 99.87%, Valid: 97.66%, Test In: 97.71% Test OOD1: 89.12% 
Epoch: 258, Loss: 0.4903, Train: 99.86%, Valid: 97.64%, Test In: 97.65% Test OOD1: 89.46% 
Epoch: 259, Loss: 0.4932, Train: 99.81%, Valid: 97.57%, Test In: 97.62% Test OOD1: 89.38% 
Epoch: 260, Loss: 0.4906, Train: 99.80%, Valid: 97.50%, Test In: 97.48% Test OOD1: 90.25% 
Epoch: 261, Loss: 0.5015, Train: 99.83%, Valid: 97.65%, Test In: 97.52% Test OOD1: 87.81% 
Epoch: 262, Loss: 0.4958, Train: 99.87%, Valid: 97.65%, Test In: 97.62% Test OOD1: 89.81% 
Epoch: 263, Loss: 0.4833, Train: 99.89%, Valid: 97.70%, Test In: 97.79% Test OOD1: 89.53% 
Epoch: 264, Loss: 0.4888, Train: 99.87%, Valid: 97.61%, Test In: 97.59% Test OOD1: 88.89% 
Epoch: 265, Loss: 0.4704, Train: 99.85%, Valid: 97.64%, Test In: 97.60% Test OOD1: 89.85% 
Epoch: 266, Loss: 0.4636, Train: 99.89%, Valid: 97.73%, Test In: 97.63% Test OOD1: 88.54% 
Epoch: 267, Loss: 0.4861, Train: 99.85%, Valid: 97.61%, Test In: 97.61% Test OOD1: 89.23% 
Epoch: 268, Loss: 0.4757, Train: 99.87%, Valid: 97.71%, Test In: 97.59% Test OOD1: 88.40% 
Epoch: 269, Loss: 0.4757, Train: 99.89%, Valid: 97.71%, Test In: 97.68% Test OOD1: 89.26% 
Epoch: 270, Loss: 0.4778, Train: 99.86%, Valid: 97.76%, Test In: 97.61% Test OOD1: 89.33% 
Epoch: 271, Loss: 0.4788, Train: 99.87%, Valid: 97.74%, Test In: 97.65% Test OOD1: 89.33% 
Epoch: 272, Loss: 0.4741, Train: 99.89%, Valid: 97.82%, Test In: 97.72% Test OOD1: 89.59% 
Epoch: 273, Loss: 0.4698, Train: 99.87%, Valid: 97.75%, Test In: 97.67% Test OOD1: 89.05% 
Epoch: 274, Loss: 0.4670, Train: 99.88%, Valid: 97.78%, Test In: 97.70% Test OOD1: 89.49% 
Epoch: 275, Loss: 0.4698, Train: 99.88%, Valid: 97.77%, Test In: 97.66% Test OOD1: 89.43% 
Epoch: 276, Loss: 0.4793, Train: 99.89%, Valid: 97.79%, Test In: 97.76% Test OOD1: 89.48% 
Epoch: 277, Loss: 0.4574, Train: 99.87%, Valid: 97.71%, Test In: 97.62% Test OOD1: 90.04% 
Epoch: 278, Loss: 0.4746, Train: 99.90%, Valid: 97.83%, Test In: 97.82% Test OOD1: 89.04% 
Epoch: 279, Loss: 0.4656, Train: 99.89%, Valid: 97.80%, Test In: 97.75% Test OOD1: 89.25% 
Epoch: 280, Loss: 0.4562, Train: 99.87%, Valid: 97.69%, Test In: 97.57% Test OOD1: 89.41% 
Epoch: 281, Loss: 0.4647, Train: 99.90%, Valid: 97.78%, Test In: 97.67% Test OOD1: 89.29% 
Epoch: 282, Loss: 0.4805, Train: 99.91%, Valid: 97.77%, Test In: 97.68% Test OOD1: 88.69% 
Epoch: 283, Loss: 0.4584, Train: 99.86%, Valid: 97.64%, Test In: 97.53% Test OOD1: 90.42% 
Epoch: 284, Loss: 0.4639, Train: 99.91%, Valid: 97.79%, Test In: 97.79% Test OOD1: 89.23% 
Epoch: 285, Loss: 0.4681, Train: 99.89%, Valid: 97.75%, Test In: 97.79% Test OOD1: 90.02% 
Epoch: 286, Loss: 0.4642, Train: 99.87%, Valid: 97.60%, Test In: 97.65% Test OOD1: 90.66% 
Epoch: 287, Loss: 0.4656, Train: 99.89%, Valid: 97.75%, Test In: 97.77% Test OOD1: 88.12% 
Epoch: 288, Loss: 0.4477, Train: 99.88%, Valid: 97.63%, Test In: 97.65% Test OOD1: 90.98% 
Epoch: 289, Loss: 0.4576, Train: 99.87%, Valid: 97.67%, Test In: 97.70% Test OOD1: 89.10% 
Epoch: 290, Loss: 0.4614, Train: 99.90%, Valid: 97.71%, Test In: 97.78% Test OOD1: 89.74% 
Epoch: 291, Loss: 0.4459, Train: 99.91%, Valid: 97.76%, Test In: 97.73% Test OOD1: 90.16% 
Epoch: 292, Loss: 0.4488, Train: 99.90%, Valid: 97.76%, Test In: 97.78% Test OOD1: 89.50% 
Epoch: 293, Loss: 0.4465, Train: 99.91%, Valid: 97.78%, Test In: 97.84% Test OOD1: 90.07% 
Epoch: 294, Loss: 0.4562, Train: 99.91%, Valid: 97.82%, Test In: 97.80% Test OOD1: 89.40% 
Epoch: 295, Loss: 0.4320, Train: 99.90%, Valid: 97.73%, Test In: 97.74% Test OOD1: 89.31% 
Epoch: 296, Loss: 0.4435, Train: 99.92%, Valid: 97.77%, Test In: 97.84% Test OOD1: 89.34% 
Epoch: 297, Loss: 0.4374, Train: 99.91%, Valid: 97.78%, Test In: 97.82% Test OOD1: 89.48% 
Epoch: 298, Loss: 0.4403, Train: 99.91%, Valid: 97.69%, Test In: 97.75% Test OOD1: 90.77% 
Epoch: 299, Loss: 0.4462, Train: 99.92%, Valid: 97.75%, Test In: 97.85% Test OOD1: 90.45% 
Epoch: 300, Loss: 0.4433, Train: 99.92%, Valid: 97.71%, Test In: 97.75% Test OOD1: 91.27% 
Epoch: 301, Loss: 0.4367, Train: 99.91%, Valid: 97.75%, Test In: 97.81% Test OOD1: 89.97% 
Epoch: 302, Loss: 0.4270, Train: 99.92%, Valid: 97.80%, Test In: 97.84% Test OOD1: 89.87% 
Epoch: 303, Loss: 0.4319, Train: 99.91%, Valid: 97.67%, Test In: 97.78% Test OOD1: 90.65% 
Epoch: 304, Loss: 0.4427, Train: 99.90%, Valid: 97.84%, Test In: 97.73% Test OOD1: 88.97% 
Epoch: 305, Loss: 0.4434, Train: 99.91%, Valid: 97.77%, Test In: 97.86% Test OOD1: 90.41% 
Epoch: 306, Loss: 0.4321, Train: 99.92%, Valid: 97.79%, Test In: 97.82% Test OOD1: 90.55% 
Epoch: 307, Loss: 0.4269, Train: 99.93%, Valid: 97.84%, Test In: 97.83% Test OOD1: 89.00% 
Epoch: 308, Loss: 0.4369, Train: 99.91%, Valid: 97.67%, Test In: 97.67% Test OOD1: 91.58% 
Epoch: 309, Loss: 0.4594, Train: 99.91%, Valid: 97.68%, Test In: 97.76% Test OOD1: 88.58% 
Epoch: 310, Loss: 0.4590, Train: 99.93%, Valid: 97.75%, Test In: 97.82% Test OOD1: 90.27% 
Epoch: 311, Loss: 0.4458, Train: 99.92%, Valid: 97.73%, Test In: 97.77% Test OOD1: 90.63% 
Epoch: 312, Loss: 0.4444, Train: 99.91%, Valid: 97.83%, Test In: 97.79% Test OOD1: 88.49% 
Epoch: 313, Loss: 0.4498, Train: 99.91%, Valid: 97.67%, Test In: 97.69% Test OOD1: 91.14% 
Epoch: 314, Loss: 0.4529, Train: 99.93%, Valid: 97.86%, Test In: 97.86% Test OOD1: 90.04% 
Epoch: 315, Loss: 0.4352, Train: 99.93%, Valid: 97.82%, Test In: 97.84% Test OOD1: 89.96% 
Epoch: 316, Loss: 0.4194, Train: 99.92%, Valid: 97.73%, Test In: 97.76% Test OOD1: 91.57% 
Epoch: 317, Loss: 0.4340, Train: 99.92%, Valid: 97.82%, Test In: 97.75% Test OOD1: 89.93% 
Epoch: 318, Loss: 0.4246, Train: 99.93%, Valid: 97.82%, Test In: 97.86% Test OOD1: 90.57% 
Epoch: 319, Loss: 0.4264, Train: 99.93%, Valid: 97.75%, Test In: 97.73% Test OOD1: 91.69% 
Epoch: 320, Loss: 0.4397, Train: 99.92%, Valid: 97.81%, Test In: 97.73% Test OOD1: 90.17% 
Epoch: 321, Loss: 0.4301, Train: 99.94%, Valid: 97.90%, Test In: 97.87% Test OOD1: 90.05% 
Epoch: 322, Loss: 0.4294, Train: 99.93%, Valid: 97.83%, Test In: 97.78% Test OOD1: 90.97% 
Epoch: 323, Loss: 0.4301, Train: 99.93%, Valid: 97.83%, Test In: 97.78% Test OOD1: 89.46% 
Epoch: 324, Loss: 0.4329, Train: 99.94%, Valid: 97.83%, Test In: 97.85% Test OOD1: 90.25% 
Epoch: 325, Loss: 0.4216, Train: 99.94%, Valid: 97.84%, Test In: 97.86% Test OOD1: 89.78% 
Epoch: 326, Loss: 0.4399, Train: 99.94%, Valid: 97.80%, Test In: 97.82% Test OOD1: 89.93% 
Epoch: 327, Loss: 0.4406, Train: 99.93%, Valid: 97.82%, Test In: 97.85% Test OOD1: 90.50% 
Epoch: 328, Loss: 0.4007, Train: 99.95%, Valid: 97.86%, Test In: 97.90% Test OOD1: 90.08% 
Epoch: 329, Loss: 0.4168, Train: 99.94%, Valid: 97.78%, Test In: 97.76% Test OOD1: 90.82% 
Epoch: 330, Loss: 0.4260, Train: 99.95%, Valid: 97.85%, Test In: 97.89% Test OOD1: 90.94% 
Epoch: 331, Loss: 0.4163, Train: 99.93%, Valid: 97.76%, Test In: 97.90% Test OOD1: 91.37% 
Epoch: 332, Loss: 0.4170, Train: 99.95%, Valid: 97.85%, Test In: 97.93% Test OOD1: 90.08% 
Epoch: 333, Loss: 0.4226, Train: 99.93%, Valid: 97.79%, Test In: 97.95% Test OOD1: 90.73% 
Epoch: 334, Loss: 0.4084, Train: 99.95%, Valid: 97.86%, Test In: 97.94% Test OOD1: 90.06% 
Epoch: 335, Loss: 0.4150, Train: 99.96%, Valid: 97.92%, Test In: 97.96% Test OOD1: 89.50% 
Epoch: 336, Loss: 0.4182, Train: 99.94%, Valid: 97.79%, Test In: 97.86% Test OOD1: 90.77% 
Epoch: 337, Loss: 0.4159, Train: 99.96%, Valid: 97.93%, Test In: 97.97% Test OOD1: 89.51% 
Epoch: 338, Loss: 0.4233, Train: 99.95%, Valid: 97.88%, Test In: 97.86% Test OOD1: 91.00% 
Epoch: 339, Loss: 0.4182, Train: 99.95%, Valid: 97.81%, Test In: 97.97% Test OOD1: 89.70% 
Epoch: 340, Loss: 0.4080, Train: 99.95%, Valid: 97.83%, Test In: 97.90% Test OOD1: 90.55% 
Epoch: 341, Loss: 0.4120, Train: 99.95%, Valid: 97.86%, Test In: 97.93% Test OOD1: 90.98% 
Epoch: 342, Loss: 0.4299, Train: 99.96%, Valid: 97.94%, Test In: 97.95% Test OOD1: 90.20% 
Epoch: 343, Loss: 0.4335, Train: 99.95%, Valid: 97.88%, Test In: 97.94% Test OOD1: 91.60% 
Epoch: 344, Loss: 0.4177, Train: 99.96%, Valid: 98.03%, Test In: 97.98% Test OOD1: 90.78% 
Epoch: 345, Loss: 0.4080, Train: 99.96%, Valid: 97.92%, Test In: 97.95% Test OOD1: 91.05% 
Epoch: 346, Loss: 0.4101, Train: 99.96%, Valid: 97.93%, Test In: 97.86% Test OOD1: 90.83% 
Epoch: 347, Loss: 0.4203, Train: 99.96%, Valid: 97.90%, Test In: 97.85% Test OOD1: 90.39% 
Epoch: 348, Loss: 0.3994, Train: 99.96%, Valid: 97.92%, Test In: 97.86% Test OOD1: 90.32% 
Epoch: 349, Loss: 0.3977, Train: 99.94%, Valid: 97.87%, Test In: 97.91% Test OOD1: 90.63% 
Epoch: 350, Loss: 0.4335, Train: 99.95%, Valid: 97.88%, Test In: 97.85% Test OOD1: 90.15% 
Epoch: 351, Loss: 0.4357, Train: 99.96%, Valid: 97.92%, Test In: 97.86% Test OOD1: 90.21% 
Epoch: 352, Loss: 0.4260, Train: 99.95%, Valid: 97.84%, Test In: 97.88% Test OOD1: 90.89% 
Epoch: 353, Loss: 0.4122, Train: 99.96%, Valid: 97.92%, Test In: 97.92% Test OOD1: 90.90% 
Epoch: 354, Loss: 0.4111, Train: 99.96%, Valid: 97.88%, Test In: 97.97% Test OOD1: 91.04% 
Epoch: 355, Loss: 0.4030, Train: 99.95%, Valid: 97.87%, Test In: 97.98% Test OOD1: 91.22% 
Epoch: 356, Loss: 0.4022, Train: 99.95%, Valid: 97.94%, Test In: 97.94% Test OOD1: 90.81% 
Epoch: 357, Loss: 0.4122, Train: 99.96%, Valid: 97.87%, Test In: 97.95% Test OOD1: 90.94% 
Epoch: 358, Loss: 0.4197, Train: 99.97%, Valid: 97.91%, Test In: 97.98% Test OOD1: 90.02% 
Epoch: 359, Loss: 0.4030, Train: 99.96%, Valid: 97.90%, Test In: 97.96% Test OOD1: 91.00% 
Epoch: 360, Loss: 0.4121, Train: 99.97%, Valid: 97.91%, Test In: 97.94% Test OOD1: 90.34% 
Epoch: 361, Loss: 0.4143, Train: 99.95%, Valid: 97.91%, Test In: 97.96% Test OOD1: 90.09% 
Epoch: 362, Loss: 0.3957, Train: 99.96%, Valid: 97.87%, Test In: 97.90% Test OOD1: 91.47% 
Epoch: 363, Loss: 0.4118, Train: 99.97%, Valid: 97.96%, Test In: 97.97% Test OOD1: 90.59% 
Epoch: 364, Loss: 0.4016, Train: 99.97%, Valid: 97.98%, Test In: 98.04% Test OOD1: 90.43% 
Epoch: 365, Loss: 0.3953, Train: 99.96%, Valid: 97.90%, Test In: 98.01% Test OOD1: 91.43% 
Epoch: 366, Loss: 0.4066, Train: 99.96%, Valid: 97.99%, Test In: 98.00% Test OOD1: 90.45% 
Epoch: 367, Loss: 0.3989, Train: 99.96%, Valid: 97.95%, Test In: 98.01% Test OOD1: 91.07% 
Epoch: 368, Loss: 0.4182, Train: 99.97%, Valid: 98.01%, Test In: 97.99% Test OOD1: 90.69% 
Epoch: 369, Loss: 0.4015, Train: 99.97%, Valid: 97.95%, Test In: 97.98% Test OOD1: 90.75% 
Epoch: 370, Loss: 0.4055, Train: 99.95%, Valid: 97.94%, Test In: 97.95% Test OOD1: 91.51% 
Epoch: 371, Loss: 0.4163, Train: 99.97%, Valid: 98.01%, Test In: 98.00% Test OOD1: 90.57% 
Epoch: 372, Loss: 0.4215, Train: 99.96%, Valid: 97.92%, Test In: 97.98% Test OOD1: 91.89% 
Epoch: 373, Loss: 0.3997, Train: 99.94%, Valid: 97.95%, Test In: 97.96% Test OOD1: 91.33% 
Epoch: 374, Loss: 0.4034, Train: 99.96%, Valid: 98.00%, Test In: 98.08% Test OOD1: 91.07% 
Epoch: 375, Loss: 0.4040, Train: 99.97%, Valid: 97.99%, Test In: 98.06% Test OOD1: 90.84% 
Epoch: 376, Loss: 0.4043, Train: 99.95%, Valid: 97.82%, Test In: 97.86% Test OOD1: 90.96% 
Epoch: 377, Loss: 0.3974, Train: 99.95%, Valid: 97.93%, Test In: 97.91% Test OOD1: 90.21% 
Epoch: 378, Loss: 0.3917, Train: 99.97%, Valid: 98.00%, Test In: 98.01% Test OOD1: 90.31% 
Epoch: 379, Loss: 0.3948, Train: 99.97%, Valid: 97.92%, Test In: 98.01% Test OOD1: 91.39% 
Epoch: 380, Loss: 0.3962, Train: 99.97%, Valid: 97.80%, Test In: 97.94% Test OOD1: 90.96% 
Epoch: 381, Loss: 0.4006, Train: 99.97%, Valid: 97.99%, Test In: 98.05% Test OOD1: 90.61% 
Epoch: 382, Loss: 0.3908, Train: 99.97%, Valid: 97.96%, Test In: 98.01% Test OOD1: 91.05% 
Epoch: 383, Loss: 0.3830, Train: 99.96%, Valid: 97.88%, Test In: 97.91% Test OOD1: 90.01% 
Epoch: 384, Loss: 0.4101, Train: 99.97%, Valid: 97.88%, Test In: 97.96% Test OOD1: 91.47% 
Epoch: 385, Loss: 0.4099, Train: 99.98%, Valid: 98.03%, Test In: 98.03% Test OOD1: 89.87% 
Epoch: 386, Loss: 0.4141, Train: 99.97%, Valid: 97.95%, Test In: 97.93% Test OOD1: 91.32% 
Epoch: 387, Loss: 0.3938, Train: 99.97%, Valid: 98.00%, Test In: 97.98% Test OOD1: 90.83% 
Epoch: 388, Loss: 0.3994, Train: 99.97%, Valid: 97.94%, Test In: 98.07% Test OOD1: 91.54% 
Epoch: 389, Loss: 0.4116, Train: 99.97%, Valid: 98.01%, Test In: 98.09% Test OOD1: 91.58% 
Epoch: 390, Loss: 0.4006, Train: 99.96%, Valid: 98.01%, Test In: 98.01% Test OOD1: 91.27% 
Epoch: 391, Loss: 0.4033, Train: 99.96%, Valid: 97.94%, Test In: 97.98% Test OOD1: 91.50% 
Epoch: 392, Loss: 0.3852, Train: 99.97%, Valid: 97.92%, Test In: 98.01% Test OOD1: 91.32% 
Epoch: 393, Loss: 0.4090, Train: 99.97%, Valid: 97.96%, Test In: 97.99% Test OOD1: 91.39% 
Epoch: 394, Loss: 0.3847, Train: 99.97%, Valid: 97.89%, Test In: 98.03% Test OOD1: 92.06% 
Epoch: 395, Loss: 0.3928, Train: 99.98%, Valid: 98.05%, Test In: 98.00% Test OOD1: 90.73% 
Epoch: 396, Loss: 0.4640, Train: 99.97%, Valid: 97.84%, Test In: 97.86% Test OOD1: 92.93% 
Epoch: 397, Loss: 0.5321, Train: 99.95%, Valid: 97.80%, Test In: 97.77% Test OOD1: 88.30% 
Epoch: 398, Loss: 0.6002, Train: 99.97%, Valid: 97.88%, Test In: 97.87% Test OOD1: 91.68% 
Epoch: 399, Loss: 0.4298, Train: 99.95%, Valid: 97.82%, Test In: 97.86% Test OOD1: 92.14% 
Epoch: 400, Loss: 0.5304, Train: 99.97%, Valid: 97.90%, Test In: 98.00% Test OOD1: 90.16% 
Epoch: 401, Loss: 0.4559, Train: 99.96%, Valid: 97.82%, Test In: 98.00% Test OOD1: 88.50% 
Epoch: 402, Loss: 0.5377, Train: 99.95%, Valid: 97.84%, Test In: 97.86% Test OOD1: 90.65% 
Epoch: 403, Loss: 0.4319, Train: 99.94%, Valid: 97.77%, Test In: 97.76% Test OOD1: 91.43% 
Epoch: 404, Loss: 0.5254, Train: 99.96%, Valid: 97.94%, Test In: 97.96% Test OOD1: 90.47% 
Epoch: 405, Loss: 0.4227, Train: 99.94%, Valid: 97.90%, Test In: 97.92% Test OOD1: 89.18% 
Epoch: 406, Loss: 0.4923, Train: 99.96%, Valid: 97.91%, Test In: 97.90% Test OOD1: 89.57% 
Epoch: 407, Loss: 0.4450, Train: 99.96%, Valid: 97.82%, Test In: 97.84% Test OOD1: 91.18% 
Epoch: 408, Loss: 0.4403, Train: 99.95%, Valid: 97.85%, Test In: 97.90% Test OOD1: 90.68% 
Epoch: 409, Loss: 0.4473, Train: 99.95%, Valid: 97.87%, Test In: 97.99% Test OOD1: 90.08% 
Epoch: 410, Loss: 0.4141, Train: 99.96%, Valid: 97.86%, Test In: 97.98% Test OOD1: 89.91% 
Epoch: 411, Loss: 0.4452, Train: 99.96%, Valid: 97.92%, Test In: 98.07% Test OOD1: 89.07% 
Epoch: 412, Loss: 0.4520, Train: 99.96%, Valid: 97.99%, Test In: 97.99% Test OOD1: 90.67% 
Epoch: 413, Loss: 0.4175, Train: 99.96%, Valid: 97.95%, Test In: 97.96% Test OOD1: 90.82% 
Epoch: 414, Loss: 0.4372, Train: 99.96%, Valid: 97.94%, Test In: 98.01% Test OOD1: 90.43% 
Epoch: 415, Loss: 0.4184, Train: 99.96%, Valid: 97.84%, Test In: 97.97% Test OOD1: 89.83% 
Epoch: 416, Loss: 0.4189, Train: 99.96%, Valid: 97.92%, Test In: 98.02% Test OOD1: 90.00% 
Epoch: 417, Loss: 0.4160, Train: 99.95%, Valid: 97.93%, Test In: 98.03% Test OOD1: 91.29% 
Epoch: 418, Loss: 0.3979, Train: 99.96%, Valid: 97.91%, Test In: 98.02% Test OOD1: 91.18% 
Epoch: 419, Loss: 0.4086, Train: 99.98%, Valid: 97.95%, Test In: 98.06% Test OOD1: 90.70% 
Epoch: 420, Loss: 0.3945, Train: 99.98%, Valid: 97.92%, Test In: 98.05% Test OOD1: 90.46% 
Epoch: 421, Loss: 0.3927, Train: 99.98%, Valid: 97.94%, Test In: 98.02% Test OOD1: 89.43% 
Epoch: 422, Loss: 0.4062, Train: 99.97%, Valid: 97.93%, Test In: 98.01% Test OOD1: 90.61% 
Epoch: 423, Loss: 0.3865, Train: 99.97%, Valid: 97.96%, Test In: 98.03% Test OOD1: 90.53% 
Epoch: 424, Loss: 0.3879, Train: 99.97%, Valid: 98.03%, Test In: 98.12% Test OOD1: 89.61% 
Epoch: 425, Loss: 0.3875, Train: 99.98%, Valid: 97.97%, Test In: 98.05% Test OOD1: 90.78% 
Epoch: 426, Loss: 0.3877, Train: 99.98%, Valid: 98.05%, Test In: 98.07% Test OOD1: 90.01% 
Epoch: 427, Loss: 0.3916, Train: 99.96%, Valid: 97.91%, Test In: 98.02% Test OOD1: 91.46% 
Epoch: 428, Loss: 0.3956, Train: 99.96%, Valid: 97.90%, Test In: 98.06% Test OOD1: 91.58% 
Epoch: 429, Loss: 0.3890, Train: 99.98%, Valid: 97.94%, Test In: 98.05% Test OOD1: 90.27% 
Epoch: 430, Loss: 0.3869, Train: 99.98%, Valid: 97.94%, Test In: 98.01% Test OOD1: 91.47% 
Epoch: 431, Loss: 0.3840, Train: 99.99%, Valid: 97.92%, Test In: 98.09% Test OOD1: 91.13% 
Epoch: 432, Loss: 0.3870, Train: 99.99%, Valid: 97.91%, Test In: 98.10% Test OOD1: 90.86% 
Epoch: 433, Loss: 0.3891, Train: 99.98%, Valid: 97.87%, Test In: 98.07% Test OOD1: 91.15% 
Epoch: 434, Loss: 0.3909, Train: 99.98%, Valid: 97.97%, Test In: 98.03% Test OOD1: 89.24% 
Epoch: 435, Loss: 0.3765, Train: 99.97%, Valid: 97.94%, Test In: 98.03% Test OOD1: 90.04% 
Epoch: 436, Loss: 0.3910, Train: 99.96%, Valid: 97.79%, Test In: 98.03% Test OOD1: 92.00% 
Epoch: 437, Loss: 0.3915, Train: 99.98%, Valid: 98.01%, Test In: 98.02% Test OOD1: 89.89% 
Epoch: 438, Loss: 0.3931, Train: 99.98%, Valid: 97.96%, Test In: 98.02% Test OOD1: 91.11% 
Epoch: 439, Loss: 0.3856, Train: 99.98%, Valid: 98.02%, Test In: 98.01% Test OOD1: 90.46% 
Epoch: 440, Loss: 0.3752, Train: 99.98%, Valid: 98.05%, Test In: 98.04% Test OOD1: 90.63% 
Epoch: 441, Loss: 0.3773, Train: 99.97%, Valid: 97.94%, Test In: 97.96% Test OOD1: 92.44% 
Epoch: 442, Loss: 0.3814, Train: 99.98%, Valid: 98.05%, Test In: 98.06% Test OOD1: 90.74% 
Epoch: 443, Loss: 0.3861, Train: 99.98%, Valid: 98.02%, Test In: 98.05% Test OOD1: 91.12% 
Epoch: 444, Loss: 0.3880, Train: 99.98%, Valid: 98.01%, Test In: 98.07% Test OOD1: 91.27% 
Epoch: 445, Loss: 0.3745, Train: 99.98%, Valid: 98.01%, Test In: 98.06% Test OOD1: 90.71% 
Epoch: 446, Loss: 0.3683, Train: 99.98%, Valid: 97.94%, Test In: 98.03% Test OOD1: 90.89% 
Epoch: 447, Loss: 0.3742, Train: 99.99%, Valid: 97.98%, Test In: 98.11% Test OOD1: 91.36% 
Epoch: 448, Loss: 0.3719, Train: 99.98%, Valid: 98.10%, Test In: 98.09% Test OOD1: 90.30% 
Epoch: 449, Loss: 0.3624, Train: 99.98%, Valid: 98.01%, Test In: 98.07% Test OOD1: 91.89% 
Epoch: 450, Loss: 0.3688, Train: 99.98%, Valid: 98.07%, Test In: 98.11% Test OOD1: 91.26% 
Epoch: 451, Loss: 0.3617, Train: 99.98%, Valid: 98.01%, Test In: 98.11% Test OOD1: 91.18% 
Epoch: 452, Loss: 0.3660, Train: 99.98%, Valid: 98.02%, Test In: 98.03% Test OOD1: 91.13% 
Epoch: 453, Loss: 0.3672, Train: 99.98%, Valid: 98.03%, Test In: 98.13% Test OOD1: 91.10% 
Epoch: 454, Loss: 0.3646, Train: 99.98%, Valid: 97.98%, Test In: 98.12% Test OOD1: 91.80% 
Epoch: 455, Loss: 0.3642, Train: 99.98%, Valid: 97.98%, Test In: 98.07% Test OOD1: 91.44% 
Epoch: 456, Loss: 0.3707, Train: 99.99%, Valid: 97.98%, Test In: 98.16% Test OOD1: 91.28% 
Epoch: 457, Loss: 0.3641, Train: 99.98%, Valid: 97.95%, Test In: 98.10% Test OOD1: 91.50% 
Epoch: 458, Loss: 0.3561, Train: 99.98%, Valid: 97.94%, Test In: 98.08% Test OOD1: 91.21% 
Epoch: 459, Loss: 0.3649, Train: 99.98%, Valid: 97.99%, Test In: 98.08% Test OOD1: 91.26% 
Epoch: 460, Loss: 0.3586, Train: 99.98%, Valid: 98.03%, Test In: 98.07% Test OOD1: 90.49% 
Epoch: 461, Loss: 0.3663, Train: 99.97%, Valid: 97.99%, Test In: 97.99% Test OOD1: 91.03% 
Epoch: 462, Loss: 0.3760, Train: 99.97%, Valid: 97.92%, Test In: 97.97% Test OOD1: 92.04% 
Epoch: 463, Loss: 0.3894, Train: 99.98%, Valid: 98.03%, Test In: 98.04% Test OOD1: 90.64% 
Epoch: 464, Loss: 0.3710, Train: 99.99%, Valid: 97.95%, Test In: 98.06% Test OOD1: 92.21% 
Epoch: 465, Loss: 0.3652, Train: 99.98%, Valid: 98.01%, Test In: 98.10% Test OOD1: 91.29% 
Epoch: 466, Loss: 0.3665, Train: 99.97%, Valid: 98.00%, Test In: 98.10% Test OOD1: 91.61% 
Epoch: 467, Loss: 0.3759, Train: 99.97%, Valid: 98.03%, Test In: 98.09% Test OOD1: 92.26% 
Epoch: 468, Loss: 0.3651, Train: 99.98%, Valid: 98.11%, Test In: 98.09% Test OOD1: 90.76% 
Epoch: 469, Loss: 0.3529, Train: 99.98%, Valid: 98.01%, Test In: 98.09% Test OOD1: 91.48% 
Epoch: 470, Loss: 0.3588, Train: 99.97%, Valid: 97.92%, Test In: 98.03% Test OOD1: 92.17% 
Epoch: 471, Loss: 0.3696, Train: 99.98%, Valid: 97.99%, Test In: 98.13% Test OOD1: 89.73% 
Epoch: 472, Loss: 0.3706, Train: 99.98%, Valid: 97.96%, Test In: 98.07% Test OOD1: 91.78% 
Epoch: 473, Loss: 0.3668, Train: 99.98%, Valid: 97.97%, Test In: 98.09% Test OOD1: 91.40% 
Epoch: 474, Loss: 0.3622, Train: 99.99%, Valid: 98.12%, Test In: 98.11% Test OOD1: 90.58% 
Epoch: 475, Loss: 0.3627, Train: 99.99%, Valid: 98.02%, Test In: 98.08% Test OOD1: 92.12% 
Epoch: 476, Loss: 0.3828, Train: 99.99%, Valid: 98.01%, Test In: 98.07% Test OOD1: 91.26% 
Epoch: 477, Loss: 0.3620, Train: 99.99%, Valid: 98.06%, Test In: 98.11% Test OOD1: 91.63% 
Epoch: 478, Loss: 0.3721, Train: 99.99%, Valid: 97.92%, Test In: 98.04% Test OOD1: 92.88% 
Epoch: 479, Loss: 0.3651, Train: 99.99%, Valid: 98.06%, Test In: 98.06% Test OOD1: 90.74% 
Epoch: 480, Loss: 0.3697, Train: 99.98%, Valid: 98.04%, Test In: 98.03% Test OOD1: 91.10% 
Epoch: 481, Loss: 0.3528, Train: 99.98%, Valid: 97.88%, Test In: 97.99% Test OOD1: 92.43% 
Epoch: 482, Loss: 0.3710, Train: 99.98%, Valid: 97.98%, Test In: 98.10% Test OOD1: 90.42% 
Epoch: 483, Loss: 0.3637, Train: 99.98%, Valid: 98.03%, Test In: 98.05% Test OOD1: 90.90% 
Epoch: 484, Loss: 0.3580, Train: 99.98%, Valid: 97.88%, Test In: 98.11% Test OOD1: 91.99% 
Epoch: 485, Loss: 0.3665, Train: 99.99%, Valid: 98.01%, Test In: 98.14% Test OOD1: 90.62% 
Epoch: 486, Loss: 0.3498, Train: 99.98%, Valid: 98.01%, Test In: 98.08% Test OOD1: 91.08% 
Epoch: 487, Loss: 0.3635, Train: 99.99%, Valid: 98.01%, Test In: 98.07% Test OOD1: 91.76% 
Epoch: 488, Loss: 0.3641, Train: 99.99%, Valid: 98.06%, Test In: 98.10% Test OOD1: 90.38% 
Epoch: 489, Loss: 0.3657, Train: 99.99%, Valid: 98.01%, Test In: 98.03% Test OOD1: 91.97% 
Epoch: 490, Loss: 0.3672, Train: 99.99%, Valid: 98.04%, Test In: 98.05% Test OOD1: 92.19% 
Epoch: 491, Loss: 0.3583, Train: 99.99%, Valid: 98.11%, Test In: 98.13% Test OOD1: 90.91% 
Epoch: 492, Loss: 0.3650, Train: 99.99%, Valid: 98.00%, Test In: 98.10% Test OOD1: 91.97% 
Epoch: 493, Loss: 0.3585, Train: 99.99%, Valid: 98.01%, Test In: 98.06% Test OOD1: 91.98% 
Epoch: 494, Loss: 0.3598, Train: 99.99%, Valid: 98.01%, Test In: 98.14% Test OOD1: 91.07% 
Epoch: 495, Loss: 0.3639, Train: 99.99%, Valid: 98.03%, Test In: 98.16% Test OOD1: 91.99% 
Epoch: 496, Loss: 0.3564, Train: 99.99%, Valid: 98.07%, Test In: 98.19% Test OOD1: 91.29% 
Epoch: 497, Loss: 0.3551, Train: 99.99%, Valid: 97.97%, Test In: 98.15% Test OOD1: 91.54% 
Epoch: 498, Loss: 0.3609, Train: 99.99%, Valid: 97.99%, Test In: 98.17% Test OOD1: 91.59% 
Epoch: 499, Loss: 0.3572, Train: 99.99%, Valid: 98.03%, Test In: 98.15% Test OOD1: 90.75% 
Run 02:
Highest Train: 99.99
Highest Valid: 98.12
Highest In Test: 98.19
Highest OOD Test: 92.93
Chosen epoch: 475
Final Train: 99.99
Final In Test: 98.11
Final OOD Test: 90.58
All runs:
Highest Train: 99.99 ± 0.00
Highest Valid: 98.12 ± 0.00
Highest In Test: 98.19 ± 0.00
Highest OOD Test: 93.14 ± 0.29
  Final Train: 99.99 ± 0.00
   Final In  Test: 98.10 ± 0.02
   Final OOD Test: 90.33 ± 0.35
[INFO] TensorBoard writer closed.

Command: python main.py --dataset pubmed --backbone_type gcn --env_type graph --combine_result --store_result --epochs 500 --runs 2 --num_layers 2 --expert_agg mean --tau 2 --device 1 --other_env_objective irm --lr 0.01 --weight_decay 5e-05 --dropout 0.2 --lamda 1.0 --K 3 --hidden_channels 64 --other_env_reduce env --result_name pubmed_stage1_lr0.01_weight_decay5e-05_dropout0.2_lamda1.0_K3_hidden_channels64_other_env_reduceenv
Return code: 0
Elapsed: 404.47s
