Namespace(K=3, backbone_type='gcn', causal_align_weight=0.1, causal_hidden_channels=0, causal_loss_weight=1.0, combine_result=True, cpu=False, data_dir='./data/', dataset='pubmed', device=1, display_step=1, dropout=0.2, env_type='graph', epochs=500, expert_agg='mean', gate_hidden=64, hidden_channels=64, infer_env=False, infer_env_components=64, infer_env_iters=30, infer_env_num=3, lamda=1.0, lr=0.001, num_layers=2, other_env_irm_lambda=1.0, other_env_loss_agg='mean', other_env_loss_temp=1.0, other_env_objective='irm', other_env_reduce='env', pos_weight=5.0, result_name='pubmed_stage1_lr0.001_weight_decay5e-05_dropout0.2_lamda1.0_K3_hidden_channels64_other_env_reduceenv', runs=2, seed=2024, store_result=True, tau=2.0, use_bn=False, use_causal_head=False, variant=False, weight_decay=5e-05)
using existing synthetic data...
dataset pubmed: all nodes 118302 | edges 531888 | classes 3 | feats 510
train nodes 29575 | valid nodes 14788 | test in nodes 14788
test ood1 nodes 59151 
[INFO] env numbers: 6 train env numbers: 3
MODEL: CaNet(
  (experts): ModuleList(
    (0): ExpertNet(
      (convs): ModuleList(
        (0): CaNetConv()
        (1): CaNetConv()
      )
      (fcs): ModuleList(
        (0): Linear(in_features=510, out_features=64, bias=True)
        (1): Linear(in_features=64, out_features=3, bias=True)
      )
      (act_fn): ReLU()
    )
    (1): ExpertNet(
      (convs): ModuleList(
        (0): CaNetConv()
        (1): CaNetConv()
      )
      (fcs): ModuleList(
        (0): Linear(in_features=510, out_features=64, bias=True)
        (1): Linear(in_features=64, out_features=3, bias=True)
      )
      (act_fn): ReLU()
    )
    (2): ExpertNet(
      (convs): ModuleList(
        (0): CaNetConv()
        (1): CaNetConv()
      )
      (fcs): ModuleList(
        (0): Linear(in_features=510, out_features=64, bias=True)
        (1): Linear(in_features=64, out_features=3, bias=True)
      )
      (act_fn): ReLU()
    )
  )
  (gate): Sequential(
    (0): Linear(in_features=510, out_features=64, bias=True)
    (1): ReLU()
    (2): Linear(in_features=64, out_features=3, bias=True)
  )
)
[INFO] TensorBoard logging activated. Logs will be saved to: ./runs/pubmed/Apr19_19-17-22_lamda_1.0_otheragg_mean
Epoch: 00, Loss: 6.5929, Train: 56.58%, Valid: 56.14%, Test In: 56.98% Test OOD1: 48.40% 
Epoch: 01, Loss: 6.5595, Train: 60.40%, Valid: 59.97%, Test In: 60.59% Test OOD1: 48.04% 
Epoch: 02, Loss: 6.5286, Train: 62.94%, Valid: 62.12%, Test In: 63.28% Test OOD1: 47.71% 
Epoch: 03, Loss: 6.4962, Train: 64.79%, Valid: 64.15%, Test In: 64.88% Test OOD1: 47.46% 
Epoch: 04, Loss: 6.4652, Train: 66.17%, Valid: 65.46%, Test In: 66.30% Test OOD1: 47.39% 
Epoch: 05, Loss: 6.4310, Train: 67.26%, Valid: 66.41%, Test In: 67.28% Test OOD1: 47.39% 
Epoch: 06, Loss: 6.3955, Train: 68.23%, Valid: 67.54%, Test In: 68.20% Test OOD1: 47.50% 
Epoch: 07, Loss: 6.3559, Train: 68.98%, Valid: 68.50%, Test In: 69.17% Test OOD1: 47.75% 
Epoch: 08, Loss: 6.3141, Train: 69.70%, Valid: 69.33%, Test In: 69.96% Test OOD1: 48.08% 
Epoch: 09, Loss: 6.2671, Train: 70.25%, Valid: 69.96%, Test In: 70.62% Test OOD1: 48.50% 
Epoch: 10, Loss: 6.2165, Train: 70.75%, Valid: 70.44%, Test In: 71.16% Test OOD1: 48.91% 
Epoch: 11, Loss: 6.1604, Train: 71.17%, Valid: 70.92%, Test In: 71.59% Test OOD1: 49.35% 
Epoch: 12, Loss: 6.0994, Train: 71.61%, Valid: 71.21%, Test In: 71.87% Test OOD1: 49.70% 
Epoch: 13, Loss: 6.0328, Train: 71.93%, Valid: 71.54%, Test In: 72.20% Test OOD1: 50.09% 
Epoch: 14, Loss: 5.9635, Train: 72.19%, Valid: 71.79%, Test In: 72.51% Test OOD1: 50.44% 
Epoch: 15, Loss: 5.8849, Train: 72.38%, Valid: 71.91%, Test In: 72.72% Test OOD1: 50.78% 
Epoch: 16, Loss: 5.8028, Train: 72.55%, Valid: 72.15%, Test In: 72.89% Test OOD1: 51.09% 
Epoch: 17, Loss: 5.7110, Train: 72.71%, Valid: 72.22%, Test In: 73.07% Test OOD1: 51.38% 
Epoch: 18, Loss: 5.6155, Train: 72.86%, Valid: 72.40%, Test In: 73.18% Test OOD1: 51.67% 
Epoch: 19, Loss: 5.5096, Train: 73.00%, Valid: 72.52%, Test In: 73.22% Test OOD1: 51.99% 
Epoch: 20, Loss: 5.3995, Train: 73.06%, Valid: 72.59%, Test In: 73.37% Test OOD1: 52.27% 
Epoch: 21, Loss: 5.2822, Train: 73.14%, Valid: 72.69%, Test In: 73.44% Test OOD1: 52.49% 
Epoch: 22, Loss: 5.1619, Train: 73.21%, Valid: 72.82%, Test In: 73.50% Test OOD1: 52.69% 
Epoch: 23, Loss: 5.0369, Train: 73.26%, Valid: 72.88%, Test In: 73.53% Test OOD1: 52.88% 
Epoch: 24, Loss: 4.9057, Train: 73.28%, Valid: 72.91%, Test In: 73.57% Test OOD1: 53.06% 
Epoch: 25, Loss: 4.7728, Train: 73.31%, Valid: 72.91%, Test In: 73.63% Test OOD1: 53.19% 
Epoch: 26, Loss: 4.6430, Train: 73.33%, Valid: 72.90%, Test In: 73.64% Test OOD1: 53.29% 
Epoch: 27, Loss: 4.5028, Train: 73.34%, Valid: 72.94%, Test In: 73.63% Test OOD1: 53.42% 
Epoch: 28, Loss: 4.3654, Train: 73.42%, Valid: 73.06%, Test In: 73.72% Test OOD1: 53.55% 
Epoch: 29, Loss: 4.2268, Train: 73.68%, Valid: 73.34%, Test In: 74.05% Test OOD1: 53.77% 
Epoch: 30, Loss: 4.1024, Train: 74.35%, Valid: 73.95%, Test In: 74.70% Test OOD1: 54.20% 
Epoch: 31, Loss: 3.9732, Train: 75.36%, Valid: 74.89%, Test In: 75.60% Test OOD1: 54.87% 
Epoch: 32, Loss: 3.8442, Train: 76.49%, Valid: 76.07%, Test In: 76.69% Test OOD1: 55.66% 
Epoch: 33, Loss: 3.7220, Train: 77.64%, Valid: 77.14%, Test In: 77.87% Test OOD1: 56.48% 
Epoch: 34, Loss: 3.6083, Train: 78.71%, Valid: 78.38%, Test In: 79.00% Test OOD1: 57.25% 
Epoch: 35, Loss: 3.5015, Train: 79.78%, Valid: 79.21%, Test In: 79.97% Test OOD1: 57.90% 
Epoch: 36, Loss: 3.3937, Train: 80.80%, Valid: 80.19%, Test In: 80.99% Test OOD1: 58.41% 
Epoch: 37, Loss: 3.3019, Train: 81.88%, Valid: 81.24%, Test In: 82.13% Test OOD1: 58.79% 
Epoch: 38, Loss: 3.2134, Train: 82.82%, Valid: 82.28%, Test In: 83.07% Test OOD1: 59.13% 
Epoch: 39, Loss: 3.1317, Train: 83.74%, Valid: 83.42%, Test In: 84.07% Test OOD1: 59.36% 
Epoch: 40, Loss: 3.0566, Train: 84.67%, Valid: 84.24%, Test In: 84.99% Test OOD1: 59.57% 
Epoch: 41, Loss: 2.9997, Train: 85.44%, Valid: 85.29%, Test In: 85.77% Test OOD1: 59.82% 
Epoch: 42, Loss: 2.9242, Train: 86.14%, Valid: 85.91%, Test In: 86.46% Test OOD1: 60.14% 
Epoch: 43, Loss: 2.8671, Train: 86.68%, Valid: 86.69%, Test In: 86.98% Test OOD1: 60.41% 
Epoch: 44, Loss: 2.8018, Train: 87.16%, Valid: 87.23%, Test In: 87.37% Test OOD1: 60.76% 
Epoch: 45, Loss: 2.7564, Train: 87.55%, Valid: 87.57%, Test In: 87.69% Test OOD1: 61.07% 
Epoch: 46, Loss: 2.6921, Train: 87.86%, Valid: 87.94%, Test In: 88.11% Test OOD1: 61.47% 
Epoch: 47, Loss: 2.6500, Train: 88.20%, Valid: 88.24%, Test In: 88.42% Test OOD1: 61.79% 
Epoch: 48, Loss: 2.5913, Train: 88.36%, Valid: 88.44%, Test In: 88.61% Test OOD1: 62.08% 
Epoch: 49, Loss: 2.5531, Train: 88.55%, Valid: 88.57%, Test In: 88.86% Test OOD1: 62.30% 
Epoch: 50, Loss: 2.4968, Train: 88.73%, Valid: 88.75%, Test In: 88.98% Test OOD1: 62.44% 
Epoch: 51, Loss: 2.4587, Train: 88.87%, Valid: 88.95%, Test In: 89.11% Test OOD1: 62.60% 
Epoch: 52, Loss: 2.4160, Train: 88.97%, Valid: 89.01%, Test In: 89.27% Test OOD1: 62.89% 
Epoch: 53, Loss: 2.3833, Train: 89.07%, Valid: 89.07%, Test In: 89.38% Test OOD1: 63.29% 
Epoch: 54, Loss: 2.3616, Train: 89.17%, Valid: 89.24%, Test In: 89.46% Test OOD1: 63.69% 
Epoch: 55, Loss: 2.3202, Train: 89.26%, Valid: 89.29%, Test In: 89.45% Test OOD1: 64.03% 
Epoch: 56, Loss: 2.2857, Train: 89.37%, Valid: 89.42%, Test In: 89.53% Test OOD1: 64.23% 
Epoch: 57, Loss: 2.2798, Train: 89.45%, Valid: 89.50%, Test In: 89.58% Test OOD1: 64.38% 
Epoch: 58, Loss: 2.2554, Train: 89.50%, Valid: 89.56%, Test In: 89.65% Test OOD1: 64.58% 
Epoch: 59, Loss: 2.2221, Train: 89.54%, Valid: 89.61%, Test In: 89.65% Test OOD1: 64.77% 
Epoch: 60, Loss: 2.2043, Train: 89.60%, Valid: 89.73%, Test In: 89.61% Test OOD1: 64.94% 
Epoch: 61, Loss: 2.1738, Train: 89.68%, Valid: 89.80%, Test In: 89.65% Test OOD1: 65.21% 
Epoch: 62, Loss: 2.1880, Train: 89.74%, Valid: 89.86%, Test In: 89.73% Test OOD1: 65.51% 
Epoch: 63, Loss: 2.1515, Train: 89.75%, Valid: 89.92%, Test In: 89.81% Test OOD1: 65.75% 
Epoch: 64, Loss: 2.1372, Train: 89.78%, Valid: 89.96%, Test In: 89.89% Test OOD1: 65.94% 
Epoch: 65, Loss: 2.1304, Train: 89.80%, Valid: 89.99%, Test In: 89.90% Test OOD1: 65.99% 
Epoch: 66, Loss: 2.1054, Train: 89.88%, Valid: 90.04%, Test In: 89.99% Test OOD1: 66.03% 
Epoch: 67, Loss: 2.1104, Train: 89.95%, Valid: 90.05%, Test In: 90.02% Test OOD1: 66.19% 
Epoch: 68, Loss: 2.1137, Train: 89.99%, Valid: 90.09%, Test In: 90.05% Test OOD1: 66.37% 
Epoch: 69, Loss: 2.0822, Train: 90.05%, Valid: 90.08%, Test In: 90.07% Test OOD1: 66.48% 
Epoch: 70, Loss: 2.0709, Train: 90.07%, Valid: 90.12%, Test In: 90.11% Test OOD1: 66.50% 
Epoch: 71, Loss: 2.0654, Train: 90.10%, Valid: 90.13%, Test In: 90.09% Test OOD1: 66.42% 
Epoch: 72, Loss: 2.0567, Train: 90.15%, Valid: 90.15%, Test In: 90.11% Test OOD1: 66.38% 
Epoch: 73, Loss: 2.0458, Train: 90.19%, Valid: 90.13%, Test In: 90.15% Test OOD1: 66.37% 
Epoch: 74, Loss: 2.0419, Train: 90.26%, Valid: 90.28%, Test In: 90.22% Test OOD1: 66.56% 
Epoch: 75, Loss: 2.0387, Train: 90.30%, Valid: 90.31%, Test In: 90.27% Test OOD1: 66.79% 
Epoch: 76, Loss: 2.0304, Train: 90.36%, Valid: 90.36%, Test In: 90.31% Test OOD1: 66.88% 
Epoch: 77, Loss: 2.0154, Train: 90.39%, Valid: 90.38%, Test In: 90.32% Test OOD1: 66.86% 
Epoch: 78, Loss: 2.0112, Train: 90.41%, Valid: 90.35%, Test In: 90.37% Test OOD1: 66.85% 
Epoch: 79, Loss: 2.0140, Train: 90.43%, Valid: 90.40%, Test In: 90.38% Test OOD1: 66.88% 
Epoch: 80, Loss: 1.9973, Train: 90.46%, Valid: 90.44%, Test In: 90.44% Test OOD1: 66.91% 
Epoch: 81, Loss: 1.9926, Train: 90.50%, Valid: 90.44%, Test In: 90.49% Test OOD1: 66.90% 
Epoch: 82, Loss: 1.9713, Train: 90.53%, Valid: 90.45%, Test In: 90.56% Test OOD1: 66.97% 
Epoch: 83, Loss: 1.9698, Train: 90.57%, Valid: 90.50%, Test In: 90.59% Test OOD1: 66.98% 
Epoch: 84, Loss: 1.9562, Train: 90.58%, Valid: 90.56%, Test In: 90.60% Test OOD1: 67.00% 
Epoch: 85, Loss: 1.9412, Train: 90.63%, Valid: 90.63%, Test In: 90.63% Test OOD1: 67.06% 
Epoch: 86, Loss: 1.9484, Train: 90.65%, Valid: 90.64%, Test In: 90.67% Test OOD1: 67.16% 
Epoch: 87, Loss: 1.9338, Train: 90.69%, Valid: 90.64%, Test In: 90.74% Test OOD1: 67.26% 
Epoch: 88, Loss: 1.9140, Train: 90.74%, Valid: 90.64%, Test In: 90.78% Test OOD1: 67.31% 
Epoch: 89, Loss: 1.9140, Train: 90.78%, Valid: 90.67%, Test In: 90.82% Test OOD1: 67.33% 
Epoch: 90, Loss: 1.9132, Train: 90.81%, Valid: 90.73%, Test In: 90.86% Test OOD1: 67.31% 
Epoch: 91, Loss: 1.9080, Train: 90.85%, Valid: 90.78%, Test In: 90.85% Test OOD1: 67.23% 
Epoch: 92, Loss: 1.8915, Train: 90.88%, Valid: 90.78%, Test In: 90.88% Test OOD1: 67.17% 
Epoch: 93, Loss: 1.8929, Train: 90.93%, Valid: 90.82%, Test In: 90.93% Test OOD1: 67.21% 
Epoch: 94, Loss: 1.8739, Train: 90.95%, Valid: 90.88%, Test In: 90.95% Test OOD1: 67.29% 
Epoch: 95, Loss: 1.8646, Train: 91.03%, Valid: 90.98%, Test In: 91.02% Test OOD1: 67.49% 
Epoch: 96, Loss: 1.8577, Train: 91.06%, Valid: 91.03%, Test In: 91.04% Test OOD1: 67.66% 
Epoch: 97, Loss: 1.8642, Train: 91.07%, Valid: 91.07%, Test In: 91.09% Test OOD1: 67.79% 
Epoch: 98, Loss: 1.8683, Train: 91.11%, Valid: 91.08%, Test In: 91.11% Test OOD1: 67.85% 
Epoch: 99, Loss: 1.8502, Train: 91.16%, Valid: 91.12%, Test In: 91.13% Test OOD1: 67.75% 
Epoch: 100, Loss: 1.8460, Train: 91.19%, Valid: 91.09%, Test In: 91.12% Test OOD1: 67.63% 
Epoch: 101, Loss: 1.8368, Train: 91.22%, Valid: 91.09%, Test In: 91.17% Test OOD1: 67.61% 
Epoch: 102, Loss: 1.8233, Train: 91.24%, Valid: 91.13%, Test In: 91.17% Test OOD1: 67.63% 
Epoch: 103, Loss: 1.8269, Train: 91.27%, Valid: 91.20%, Test In: 91.22% Test OOD1: 67.71% 
Epoch: 104, Loss: 1.8206, Train: 91.32%, Valid: 91.24%, Test In: 91.30% Test OOD1: 67.91% 
Epoch: 105, Loss: 1.8106, Train: 91.36%, Valid: 91.29%, Test In: 91.32% Test OOD1: 68.07% 
Epoch: 106, Loss: 1.8011, Train: 91.39%, Valid: 91.30%, Test In: 91.34% Test OOD1: 68.12% 
Epoch: 107, Loss: 1.7991, Train: 91.43%, Valid: 91.34%, Test In: 91.38% Test OOD1: 68.11% 
Epoch: 108, Loss: 1.7986, Train: 91.44%, Valid: 91.36%, Test In: 91.38% Test OOD1: 68.01% 
Epoch: 109, Loss: 1.7974, Train: 91.47%, Valid: 91.36%, Test In: 91.39% Test OOD1: 67.87% 
Epoch: 110, Loss: 1.7776, Train: 91.50%, Valid: 91.38%, Test In: 91.41% Test OOD1: 67.87% 
Epoch: 111, Loss: 1.7815, Train: 91.53%, Valid: 91.44%, Test In: 91.45% Test OOD1: 67.99% 
Epoch: 112, Loss: 1.7730, Train: 91.58%, Valid: 91.51%, Test In: 91.47% Test OOD1: 68.16% 
Epoch: 113, Loss: 1.7764, Train: 91.63%, Valid: 91.53%, Test In: 91.52% Test OOD1: 68.38% 
Epoch: 114, Loss: 1.7655, Train: 91.68%, Valid: 91.52%, Test In: 91.58% Test OOD1: 68.51% 
Epoch: 115, Loss: 1.7580, Train: 91.72%, Valid: 91.55%, Test In: 91.61% Test OOD1: 68.54% 
Epoch: 116, Loss: 1.7566, Train: 91.75%, Valid: 91.55%, Test In: 91.59% Test OOD1: 68.52% 
Epoch: 117, Loss: 1.7316, Train: 91.76%, Valid: 91.59%, Test In: 91.59% Test OOD1: 68.52% 
Epoch: 118, Loss: 1.7466, Train: 91.80%, Valid: 91.65%, Test In: 91.61% Test OOD1: 68.55% 
Epoch: 119, Loss: 1.7247, Train: 91.82%, Valid: 91.65%, Test In: 91.65% Test OOD1: 68.65% 
Epoch: 120, Loss: 1.7255, Train: 91.85%, Valid: 91.63%, Test In: 91.68% Test OOD1: 68.77% 
Epoch: 121, Loss: 1.7091, Train: 91.90%, Valid: 91.65%, Test In: 91.74% Test OOD1: 68.88% 
Epoch: 122, Loss: 1.7034, Train: 91.92%, Valid: 91.66%, Test In: 91.74% Test OOD1: 68.91% 
Epoch: 123, Loss: 1.7017, Train: 91.94%, Valid: 91.70%, Test In: 91.76% Test OOD1: 68.95% 
Epoch: 124, Loss: 1.6992, Train: 91.97%, Valid: 91.72%, Test In: 91.81% Test OOD1: 69.03% 
Epoch: 125, Loss: 1.7014, Train: 92.00%, Valid: 91.73%, Test In: 91.84% Test OOD1: 69.09% 
Epoch: 126, Loss: 1.7053, Train: 92.04%, Valid: 91.76%, Test In: 91.87% Test OOD1: 69.19% 
Epoch: 127, Loss: 1.6942, Train: 92.07%, Valid: 91.78%, Test In: 91.87% Test OOD1: 69.28% 
Epoch: 128, Loss: 1.6799, Train: 92.07%, Valid: 91.82%, Test In: 91.92% Test OOD1: 69.29% 
Epoch: 129, Loss: 1.6802, Train: 92.10%, Valid: 91.91%, Test In: 91.95% Test OOD1: 69.30% 
Epoch: 130, Loss: 1.6639, Train: 92.10%, Valid: 91.90%, Test In: 91.99% Test OOD1: 69.40% 
Epoch: 131, Loss: 1.6809, Train: 92.11%, Valid: 91.91%, Test In: 92.00% Test OOD1: 69.48% 
Epoch: 132, Loss: 1.6672, Train: 92.14%, Valid: 91.92%, Test In: 92.01% Test OOD1: 69.57% 
Epoch: 133, Loss: 1.6636, Train: 92.16%, Valid: 91.94%, Test In: 92.02% Test OOD1: 69.67% 
Epoch: 134, Loss: 1.6525, Train: 92.18%, Valid: 91.96%, Test In: 92.02% Test OOD1: 69.79% 
Epoch: 135, Loss: 1.6413, Train: 92.19%, Valid: 92.00%, Test In: 92.05% Test OOD1: 69.84% 
Epoch: 136, Loss: 1.6382, Train: 92.22%, Valid: 92.01%, Test In: 92.06% Test OOD1: 69.88% 
Epoch: 137, Loss: 1.6453, Train: 92.22%, Valid: 92.03%, Test In: 92.09% Test OOD1: 69.89% 
Epoch: 138, Loss: 1.6269, Train: 92.23%, Valid: 92.05%, Test In: 92.13% Test OOD1: 69.99% 
Epoch: 139, Loss: 1.6333, Train: 92.25%, Valid: 92.05%, Test In: 92.14% Test OOD1: 70.15% 
Epoch: 140, Loss: 1.6299, Train: 92.27%, Valid: 92.07%, Test In: 92.16% Test OOD1: 70.30% 
Epoch: 141, Loss: 1.6160, Train: 92.30%, Valid: 92.12%, Test In: 92.20% Test OOD1: 70.42% 
Epoch: 142, Loss: 1.6104, Train: 92.31%, Valid: 92.14%, Test In: 92.24% Test OOD1: 70.38% 
Epoch: 143, Loss: 1.5992, Train: 92.32%, Valid: 92.14%, Test In: 92.25% Test OOD1: 70.36% 
Epoch: 144, Loss: 1.6073, Train: 92.33%, Valid: 92.16%, Test In: 92.26% Test OOD1: 70.41% 
Epoch: 145, Loss: 1.6007, Train: 92.35%, Valid: 92.16%, Test In: 92.30% Test OOD1: 70.45% 
Epoch: 146, Loss: 1.5928, Train: 92.37%, Valid: 92.18%, Test In: 92.31% Test OOD1: 70.53% 
Epoch: 147, Loss: 1.5891, Train: 92.39%, Valid: 92.16%, Test In: 92.31% Test OOD1: 70.65% 
Epoch: 148, Loss: 1.5952, Train: 92.41%, Valid: 92.21%, Test In: 92.31% Test OOD1: 70.87% 
Epoch: 149, Loss: 1.5845, Train: 92.43%, Valid: 92.21%, Test In: 92.34% Test OOD1: 71.00% 
Epoch: 150, Loss: 1.5905, Train: 92.44%, Valid: 92.19%, Test In: 92.33% Test OOD1: 71.03% 
Epoch: 151, Loss: 1.5855, Train: 92.49%, Valid: 92.25%, Test In: 92.39% Test OOD1: 70.96% 
Epoch: 152, Loss: 1.5768, Train: 92.49%, Valid: 92.25%, Test In: 92.39% Test OOD1: 70.94% 
Epoch: 153, Loss: 1.5719, Train: 92.51%, Valid: 92.27%, Test In: 92.42% Test OOD1: 71.08% 
Epoch: 154, Loss: 1.5654, Train: 92.53%, Valid: 92.27%, Test In: 92.43% Test OOD1: 71.23% 
Epoch: 155, Loss: 1.5710, Train: 92.55%, Valid: 92.28%, Test In: 92.40% Test OOD1: 71.41% 
Epoch: 156, Loss: 1.5610, Train: 92.58%, Valid: 92.32%, Test In: 92.44% Test OOD1: 71.52% 
Epoch: 157, Loss: 1.5638, Train: 92.60%, Valid: 92.32%, Test In: 92.44% Test OOD1: 71.59% 
Epoch: 158, Loss: 1.5420, Train: 92.60%, Valid: 92.30%, Test In: 92.50% Test OOD1: 71.56% 
Epoch: 159, Loss: 1.5439, Train: 92.60%, Valid: 92.31%, Test In: 92.51% Test OOD1: 71.63% 
Epoch: 160, Loss: 1.5373, Train: 92.61%, Valid: 92.32%, Test In: 92.51% Test OOD1: 71.73% 
Epoch: 161, Loss: 1.5377, Train: 92.66%, Valid: 92.34%, Test In: 92.51% Test OOD1: 71.88% 
Epoch: 162, Loss: 1.5455, Train: 92.65%, Valid: 92.38%, Test In: 92.52% Test OOD1: 72.02% 
Epoch: 163, Loss: 1.5470, Train: 92.67%, Valid: 92.38%, Test In: 92.53% Test OOD1: 72.10% 
Epoch: 164, Loss: 1.5272, Train: 92.69%, Valid: 92.41%, Test In: 92.53% Test OOD1: 72.12% 
Epoch: 165, Loss: 1.5198, Train: 92.70%, Valid: 92.42%, Test In: 92.55% Test OOD1: 72.06% 
Epoch: 166, Loss: 1.5295, Train: 92.71%, Valid: 92.42%, Test In: 92.55% Test OOD1: 72.15% 
Epoch: 167, Loss: 1.5220, Train: 92.75%, Valid: 92.43%, Test In: 92.57% Test OOD1: 72.28% 
Epoch: 168, Loss: 1.5238, Train: 92.76%, Valid: 92.45%, Test In: 92.60% Test OOD1: 72.39% 
Epoch: 169, Loss: 1.5111, Train: 92.81%, Valid: 92.46%, Test In: 92.59% Test OOD1: 72.52% 
Epoch: 170, Loss: 1.5054, Train: 92.84%, Valid: 92.47%, Test In: 92.59% Test OOD1: 72.58% 
Epoch: 171, Loss: 1.4995, Train: 92.84%, Valid: 92.46%, Test In: 92.60% Test OOD1: 72.67% 
Epoch: 172, Loss: 1.5065, Train: 92.84%, Valid: 92.49%, Test In: 92.60% Test OOD1: 72.64% 
Epoch: 173, Loss: 1.5080, Train: 92.83%, Valid: 92.49%, Test In: 92.63% Test OOD1: 72.66% 
Epoch: 174, Loss: 1.4953, Train: 92.84%, Valid: 92.51%, Test In: 92.64% Test OOD1: 72.74% 
Epoch: 175, Loss: 1.4922, Train: 92.86%, Valid: 92.49%, Test In: 92.65% Test OOD1: 72.85% 
Epoch: 176, Loss: 1.4930, Train: 92.87%, Valid: 92.53%, Test In: 92.65% Test OOD1: 73.00% 
Epoch: 177, Loss: 1.4859, Train: 92.87%, Valid: 92.56%, Test In: 92.64% Test OOD1: 73.12% 
Epoch: 178, Loss: 1.4926, Train: 92.87%, Valid: 92.60%, Test In: 92.64% Test OOD1: 73.20% 
Epoch: 179, Loss: 1.4780, Train: 92.89%, Valid: 92.62%, Test In: 92.64% Test OOD1: 73.30% 
Epoch: 180, Loss: 1.4764, Train: 92.91%, Valid: 92.61%, Test In: 92.67% Test OOD1: 73.25% 
Epoch: 181, Loss: 1.4753, Train: 92.93%, Valid: 92.61%, Test In: 92.65% Test OOD1: 73.27% 
Epoch: 182, Loss: 1.4769, Train: 92.92%, Valid: 92.62%, Test In: 92.68% Test OOD1: 73.39% 
Epoch: 183, Loss: 1.4763, Train: 92.94%, Valid: 92.66%, Test In: 92.66% Test OOD1: 73.56% 
Epoch: 184, Loss: 1.4713, Train: 92.95%, Valid: 92.64%, Test In: 92.67% Test OOD1: 73.72% 
Epoch: 185, Loss: 1.4654, Train: 92.98%, Valid: 92.65%, Test In: 92.68% Test OOD1: 73.76% 
Epoch: 186, Loss: 1.4509, Train: 92.99%, Valid: 92.69%, Test In: 92.70% Test OOD1: 73.77% 
Epoch: 187, Loss: 1.4643, Train: 93.01%, Valid: 92.69%, Test In: 92.72% Test OOD1: 73.81% 
Epoch: 188, Loss: 1.4575, Train: 93.01%, Valid: 92.71%, Test In: 92.74% Test OOD1: 73.86% 
Epoch: 189, Loss: 1.4480, Train: 93.01%, Valid: 92.71%, Test In: 92.75% Test OOD1: 74.00% 
Epoch: 190, Loss: 1.4506, Train: 93.02%, Valid: 92.70%, Test In: 92.76% Test OOD1: 74.12% 
Epoch: 191, Loss: 1.4573, Train: 93.04%, Valid: 92.70%, Test In: 92.78% Test OOD1: 74.28% 
Epoch: 192, Loss: 1.4457, Train: 93.05%, Valid: 92.72%, Test In: 92.80% Test OOD1: 74.29% 
Epoch: 193, Loss: 1.4439, Train: 93.07%, Valid: 92.76%, Test In: 92.81% Test OOD1: 74.25% 
Epoch: 194, Loss: 1.4439, Train: 93.10%, Valid: 92.76%, Test In: 92.81% Test OOD1: 74.21% 
Epoch: 195, Loss: 1.4417, Train: 93.12%, Valid: 92.76%, Test In: 92.83% Test OOD1: 74.34% 
Epoch: 196, Loss: 1.4501, Train: 93.10%, Valid: 92.80%, Test In: 92.85% Test OOD1: 74.60% 
Epoch: 197, Loss: 1.4451, Train: 93.13%, Valid: 92.84%, Test In: 92.87% Test OOD1: 74.82% 
Epoch: 198, Loss: 1.4287, Train: 93.14%, Valid: 92.84%, Test In: 92.87% Test OOD1: 74.86% 
Epoch: 199, Loss: 1.4450, Train: 93.16%, Valid: 92.78%, Test In: 92.85% Test OOD1: 74.68% 
Epoch: 200, Loss: 1.4402, Train: 93.17%, Valid: 92.80%, Test In: 92.87% Test OOD1: 74.61% 
Epoch: 201, Loss: 1.4228, Train: 93.19%, Valid: 92.83%, Test In: 92.88% Test OOD1: 74.60% 
Epoch: 202, Loss: 1.4047, Train: 93.17%, Valid: 92.80%, Test In: 92.90% Test OOD1: 74.82% 
Epoch: 203, Loss: 1.4264, Train: 93.18%, Valid: 92.89%, Test In: 92.89% Test OOD1: 75.08% 
Epoch: 204, Loss: 1.4192, Train: 93.17%, Valid: 92.87%, Test In: 92.92% Test OOD1: 75.16% 
Epoch: 205, Loss: 1.4062, Train: 93.20%, Valid: 92.88%, Test In: 92.93% Test OOD1: 75.03% 
Epoch: 206, Loss: 1.4056, Train: 93.25%, Valid: 92.85%, Test In: 92.94% Test OOD1: 74.91% 
Epoch: 207, Loss: 1.4126, Train: 93.26%, Valid: 92.86%, Test In: 92.95% Test OOD1: 74.99% 
Epoch: 208, Loss: 1.4043, Train: 93.30%, Valid: 92.85%, Test In: 92.96% Test OOD1: 75.18% 
Epoch: 209, Loss: 1.4048, Train: 93.28%, Valid: 92.85%, Test In: 92.98% Test OOD1: 75.46% 
Epoch: 210, Loss: 1.4103, Train: 93.28%, Valid: 92.85%, Test In: 92.95% Test OOD1: 75.60% 
Epoch: 211, Loss: 1.4043, Train: 93.30%, Valid: 92.89%, Test In: 92.95% Test OOD1: 75.63% 
Epoch: 212, Loss: 1.3957, Train: 93.33%, Valid: 92.91%, Test In: 92.97% Test OOD1: 75.49% 
Epoch: 213, Loss: 1.3965, Train: 93.36%, Valid: 92.89%, Test In: 92.98% Test OOD1: 75.41% 
Epoch: 214, Loss: 1.3809, Train: 93.36%, Valid: 92.91%, Test In: 93.00% Test OOD1: 75.46% 
Epoch: 215, Loss: 1.3901, Train: 93.36%, Valid: 92.96%, Test In: 92.97% Test OOD1: 75.65% 
Epoch: 216, Loss: 1.3972, Train: 93.34%, Valid: 92.93%, Test In: 93.00% Test OOD1: 75.75% 
Epoch: 217, Loss: 1.3891, Train: 93.38%, Valid: 92.91%, Test In: 92.99% Test OOD1: 75.87% 
Epoch: 218, Loss: 1.3931, Train: 93.39%, Valid: 92.89%, Test In: 93.01% Test OOD1: 75.94% 
Epoch: 219, Loss: 1.3953, Train: 93.43%, Valid: 92.92%, Test In: 93.02% Test OOD1: 75.93% 
Epoch: 220, Loss: 1.3925, Train: 93.46%, Valid: 92.95%, Test In: 93.05% Test OOD1: 75.83% 
Epoch: 221, Loss: 1.3734, Train: 93.46%, Valid: 92.97%, Test In: 93.04% Test OOD1: 75.84% 
Epoch: 222, Loss: 1.3803, Train: 93.48%, Valid: 92.96%, Test In: 93.09% Test OOD1: 75.93% 
Epoch: 223, Loss: 1.3732, Train: 93.47%, Valid: 92.93%, Test In: 93.10% Test OOD1: 76.04% 
Epoch: 224, Loss: 1.3787, Train: 93.49%, Valid: 92.94%, Test In: 93.13% Test OOD1: 76.23% 
Epoch: 225, Loss: 1.3839, Train: 93.52%, Valid: 92.94%, Test In: 93.15% Test OOD1: 76.27% 
Epoch: 226, Loss: 1.3703, Train: 93.56%, Valid: 92.95%, Test In: 93.14% Test OOD1: 76.25% 
Epoch: 227, Loss: 1.3722, Train: 93.55%, Valid: 92.95%, Test In: 93.13% Test OOD1: 76.25% 
Epoch: 228, Loss: 1.3639, Train: 93.56%, Valid: 92.95%, Test In: 93.12% Test OOD1: 76.24% 
Epoch: 229, Loss: 1.3668, Train: 93.58%, Valid: 92.97%, Test In: 93.14% Test OOD1: 76.40% 
Epoch: 230, Loss: 1.3557, Train: 93.59%, Valid: 92.97%, Test In: 93.18% Test OOD1: 76.51% 
Epoch: 231, Loss: 1.3656, Train: 93.59%, Valid: 92.97%, Test In: 93.20% Test OOD1: 76.62% 
Epoch: 232, Loss: 1.3611, Train: 93.61%, Valid: 93.00%, Test In: 93.20% Test OOD1: 76.67% 
Epoch: 233, Loss: 1.3556, Train: 93.61%, Valid: 93.01%, Test In: 93.19% Test OOD1: 76.62% 
Epoch: 234, Loss: 1.3558, Train: 93.62%, Valid: 93.01%, Test In: 93.20% Test OOD1: 76.60% 
Epoch: 235, Loss: 1.3569, Train: 93.65%, Valid: 93.01%, Test In: 93.22% Test OOD1: 76.68% 
Epoch: 236, Loss: 1.3550, Train: 93.64%, Valid: 93.04%, Test In: 93.24% Test OOD1: 76.79% 
Epoch: 237, Loss: 1.3483, Train: 93.66%, Valid: 93.06%, Test In: 93.25% Test OOD1: 76.84% 
Epoch: 238, Loss: 1.3502, Train: 93.68%, Valid: 93.07%, Test In: 93.26% Test OOD1: 76.80% 
Epoch: 239, Loss: 1.3337, Train: 93.72%, Valid: 93.08%, Test In: 93.25% Test OOD1: 76.63% 
Epoch: 240, Loss: 1.3327, Train: 93.74%, Valid: 93.12%, Test In: 93.29% Test OOD1: 76.73% 
Epoch: 241, Loss: 1.3383, Train: 93.76%, Valid: 93.10%, Test In: 93.31% Test OOD1: 77.08% 
Epoch: 242, Loss: 1.3352, Train: 93.72%, Valid: 93.06%, Test In: 93.29% Test OOD1: 77.39% 
Epoch: 243, Loss: 1.3316, Train: 93.73%, Valid: 93.06%, Test In: 93.30% Test OOD1: 77.44% 
Epoch: 244, Loss: 1.3227, Train: 93.79%, Valid: 93.10%, Test In: 93.31% Test OOD1: 77.19% 
Epoch: 245, Loss: 1.3231, Train: 93.80%, Valid: 93.10%, Test In: 93.27% Test OOD1: 76.98% 
Epoch: 246, Loss: 1.3280, Train: 93.78%, Valid: 93.10%, Test In: 93.29% Test OOD1: 77.12% 
Epoch: 247, Loss: 1.3332, Train: 93.80%, Valid: 93.12%, Test In: 93.35% Test OOD1: 77.38% 
Epoch: 248, Loss: 1.3191, Train: 93.82%, Valid: 93.15%, Test In: 93.33% Test OOD1: 77.53% 
Epoch: 249, Loss: 1.3228, Train: 93.82%, Valid: 93.12%, Test In: 93.33% Test OOD1: 77.55% 
Epoch: 250, Loss: 1.3106, Train: 93.82%, Valid: 93.10%, Test In: 93.33% Test OOD1: 77.46% 
Epoch: 251, Loss: 1.3272, Train: 93.87%, Valid: 93.14%, Test In: 93.35% Test OOD1: 77.38% 
Epoch: 252, Loss: 1.3253, Train: 93.89%, Valid: 93.16%, Test In: 93.33% Test OOD1: 77.34% 
Epoch: 253, Loss: 1.3076, Train: 93.90%, Valid: 93.18%, Test In: 93.36% Test OOD1: 77.47% 
Epoch: 254, Loss: 1.3154, Train: 93.90%, Valid: 93.17%, Test In: 93.39% Test OOD1: 77.63% 
Epoch: 255, Loss: 1.3030, Train: 93.88%, Valid: 93.18%, Test In: 93.39% Test OOD1: 77.82% 
Epoch: 256, Loss: 1.3008, Train: 93.92%, Valid: 93.20%, Test In: 93.35% Test OOD1: 77.78% 
Epoch: 257, Loss: 1.3098, Train: 93.94%, Valid: 93.18%, Test In: 93.35% Test OOD1: 77.74% 
Epoch: 258, Loss: 1.3092, Train: 93.94%, Valid: 93.18%, Test In: 93.34% Test OOD1: 77.67% 
Epoch: 259, Loss: 1.3029, Train: 93.94%, Valid: 93.19%, Test In: 93.36% Test OOD1: 77.65% 
Epoch: 260, Loss: 1.2938, Train: 93.95%, Valid: 93.19%, Test In: 93.35% Test OOD1: 77.76% 
Epoch: 261, Loss: 1.2847, Train: 93.96%, Valid: 93.21%, Test In: 93.37% Test OOD1: 77.97% 
Epoch: 262, Loss: 1.2986, Train: 93.95%, Valid: 93.20%, Test In: 93.39% Test OOD1: 78.11% 
Epoch: 263, Loss: 1.2917, Train: 93.98%, Valid: 93.21%, Test In: 93.41% Test OOD1: 77.99% 
Epoch: 264, Loss: 1.3011, Train: 94.01%, Valid: 93.20%, Test In: 93.40% Test OOD1: 77.87% 
Epoch: 265, Loss: 1.2781, Train: 94.02%, Valid: 93.21%, Test In: 93.41% Test OOD1: 77.92% 
Epoch: 266, Loss: 1.2930, Train: 94.03%, Valid: 93.21%, Test In: 93.39% Test OOD1: 78.07% 
Epoch: 267, Loss: 1.2906, Train: 94.04%, Valid: 93.27%, Test In: 93.45% Test OOD1: 78.29% 
Epoch: 268, Loss: 1.2970, Train: 94.04%, Valid: 93.29%, Test In: 93.42% Test OOD1: 78.43% 
Epoch: 269, Loss: 1.2841, Train: 94.05%, Valid: 93.29%, Test In: 93.43% Test OOD1: 78.43% 
Epoch: 270, Loss: 1.2818, Train: 94.07%, Valid: 93.30%, Test In: 93.45% Test OOD1: 78.37% 
Epoch: 271, Loss: 1.2845, Train: 94.10%, Valid: 93.29%, Test In: 93.44% Test OOD1: 78.28% 
Epoch: 272, Loss: 1.2851, Train: 94.12%, Valid: 93.27%, Test In: 93.46% Test OOD1: 78.32% 
Epoch: 273, Loss: 1.2780, Train: 94.13%, Valid: 93.32%, Test In: 93.46% Test OOD1: 78.54% 
Epoch: 274, Loss: 1.2810, Train: 94.11%, Valid: 93.33%, Test In: 93.43% Test OOD1: 78.75% 
Epoch: 275, Loss: 1.2770, Train: 94.11%, Valid: 93.35%, Test In: 93.46% Test OOD1: 78.89% 
Epoch: 276, Loss: 1.2855, Train: 94.13%, Valid: 93.33%, Test In: 93.45% Test OOD1: 78.83% 
Epoch: 277, Loss: 1.2789, Train: 94.15%, Valid: 93.32%, Test In: 93.48% Test OOD1: 78.73% 
Epoch: 278, Loss: 1.2730, Train: 94.17%, Valid: 93.33%, Test In: 93.49% Test OOD1: 78.70% 
Epoch: 279, Loss: 1.2862, Train: 94.17%, Valid: 93.35%, Test In: 93.48% Test OOD1: 78.89% 
Epoch: 280, Loss: 1.2704, Train: 94.18%, Valid: 93.35%, Test In: 93.49% Test OOD1: 79.04% 
Epoch: 281, Loss: 1.2615, Train: 94.19%, Valid: 93.35%, Test In: 93.49% Test OOD1: 79.09% 
Epoch: 282, Loss: 1.2607, Train: 94.19%, Valid: 93.35%, Test In: 93.49% Test OOD1: 79.05% 
Epoch: 283, Loss: 1.2639, Train: 94.22%, Valid: 93.35%, Test In: 93.52% Test OOD1: 79.04% 
Epoch: 284, Loss: 1.2695, Train: 94.23%, Valid: 93.36%, Test In: 93.52% Test OOD1: 79.09% 
Epoch: 285, Loss: 1.2624, Train: 94.25%, Valid: 93.35%, Test In: 93.54% Test OOD1: 79.18% 
Epoch: 286, Loss: 1.2604, Train: 94.26%, Valid: 93.37%, Test In: 93.54% Test OOD1: 79.23% 
Epoch: 287, Loss: 1.2570, Train: 94.28%, Valid: 93.37%, Test In: 93.56% Test OOD1: 79.22% 
Epoch: 288, Loss: 1.2433, Train: 94.31%, Valid: 93.38%, Test In: 93.54% Test OOD1: 79.10% 
Epoch: 289, Loss: 1.2584, Train: 94.32%, Valid: 93.37%, Test In: 93.54% Test OOD1: 79.13% 
Epoch: 290, Loss: 1.2534, Train: 94.33%, Valid: 93.39%, Test In: 93.56% Test OOD1: 79.16% 
Epoch: 291, Loss: 1.2422, Train: 94.34%, Valid: 93.40%, Test In: 93.58% Test OOD1: 79.24% 
Epoch: 292, Loss: 1.2491, Train: 94.34%, Valid: 93.40%, Test In: 93.55% Test OOD1: 79.36% 
Epoch: 293, Loss: 1.2509, Train: 94.36%, Valid: 93.40%, Test In: 93.56% Test OOD1: 79.40% 
Epoch: 294, Loss: 1.2447, Train: 94.35%, Valid: 93.42%, Test In: 93.58% Test OOD1: 79.45% 
Epoch: 295, Loss: 1.2446, Train: 94.38%, Valid: 93.43%, Test In: 93.60% Test OOD1: 79.48% 
Epoch: 296, Loss: 1.2357, Train: 94.41%, Valid: 93.43%, Test In: 93.61% Test OOD1: 79.55% 
Epoch: 297, Loss: 1.2328, Train: 94.47%, Valid: 93.44%, Test In: 93.63% Test OOD1: 79.58% 
Epoch: 298, Loss: 1.2347, Train: 94.50%, Valid: 93.45%, Test In: 93.62% Test OOD1: 79.57% 
Epoch: 299, Loss: 1.2410, Train: 94.51%, Valid: 93.45%, Test In: 93.65% Test OOD1: 79.65% 
Epoch: 300, Loss: 1.2290, Train: 94.49%, Valid: 93.46%, Test In: 93.67% Test OOD1: 79.81% 
Epoch: 301, Loss: 1.2306, Train: 94.46%, Valid: 93.46%, Test In: 93.69% Test OOD1: 79.95% 
Epoch: 302, Loss: 1.2309, Train: 94.49%, Valid: 93.45%, Test In: 93.66% Test OOD1: 79.82% 
Epoch: 303, Loss: 1.2317, Train: 94.52%, Valid: 93.47%, Test In: 93.68% Test OOD1: 79.74% 
Epoch: 304, Loss: 1.2189, Train: 94.53%, Valid: 93.49%, Test In: 93.69% Test OOD1: 79.76% 
Epoch: 305, Loss: 1.2274, Train: 94.54%, Valid: 93.48%, Test In: 93.74% Test OOD1: 79.91% 
Epoch: 306, Loss: 1.2096, Train: 94.57%, Valid: 93.47%, Test In: 93.73% Test OOD1: 80.14% 
Epoch: 307, Loss: 1.2216, Train: 94.59%, Valid: 93.48%, Test In: 93.74% Test OOD1: 80.21% 
Epoch: 308, Loss: 1.2083, Train: 94.60%, Valid: 93.49%, Test In: 93.76% Test OOD1: 79.99% 
Epoch: 309, Loss: 1.2065, Train: 94.63%, Valid: 93.51%, Test In: 93.74% Test OOD1: 79.83% 
Epoch: 310, Loss: 1.2090, Train: 94.65%, Valid: 93.51%, Test In: 93.74% Test OOD1: 80.00% 
Epoch: 311, Loss: 1.2198, Train: 94.68%, Valid: 93.50%, Test In: 93.74% Test OOD1: 80.17% 
Epoch: 312, Loss: 1.2049, Train: 94.68%, Valid: 93.54%, Test In: 93.73% Test OOD1: 80.21% 
Epoch: 313, Loss: 1.2094, Train: 94.70%, Valid: 93.54%, Test In: 93.78% Test OOD1: 80.06% 
Epoch: 314, Loss: 1.2081, Train: 94.70%, Valid: 93.56%, Test In: 93.78% Test OOD1: 80.00% 
Epoch: 315, Loss: 1.2131, Train: 94.74%, Valid: 93.59%, Test In: 93.78% Test OOD1: 80.21% 
Epoch: 316, Loss: 1.1950, Train: 94.77%, Valid: 93.60%, Test In: 93.81% Test OOD1: 80.35% 
Epoch: 317, Loss: 1.2051, Train: 94.79%, Valid: 93.60%, Test In: 93.83% Test OOD1: 80.37% 
Epoch: 318, Loss: 1.1917, Train: 94.78%, Valid: 93.60%, Test In: 93.83% Test OOD1: 80.41% 
Epoch: 319, Loss: 1.1881, Train: 94.79%, Valid: 93.62%, Test In: 93.82% Test OOD1: 80.40% 
Epoch: 320, Loss: 1.1912, Train: 94.76%, Valid: 93.58%, Test In: 93.83% Test OOD1: 80.27% 
Epoch: 321, Loss: 1.1875, Train: 94.77%, Valid: 93.59%, Test In: 93.83% Test OOD1: 80.16% 
Epoch: 322, Loss: 1.1835, Train: 94.78%, Valid: 93.58%, Test In: 93.83% Test OOD1: 80.13% 
Epoch: 323, Loss: 1.1917, Train: 94.79%, Valid: 93.62%, Test In: 93.85% Test OOD1: 80.28% 
Epoch: 324, Loss: 1.1934, Train: 94.85%, Valid: 93.66%, Test In: 93.85% Test OOD1: 80.52% 
Epoch: 325, Loss: 1.1875, Train: 94.89%, Valid: 93.72%, Test In: 93.81% Test OOD1: 80.71% 
Epoch: 326, Loss: 1.1768, Train: 94.91%, Valid: 93.68%, Test In: 93.87% Test OOD1: 80.64% 
Epoch: 327, Loss: 1.1836, Train: 94.91%, Valid: 93.67%, Test In: 93.91% Test OOD1: 80.48% 
Epoch: 328, Loss: 1.1872, Train: 94.93%, Valid: 93.70%, Test In: 93.90% Test OOD1: 80.50% 
Epoch: 329, Loss: 1.1830, Train: 94.96%, Valid: 93.74%, Test In: 93.88% Test OOD1: 80.98% 
Epoch: 330, Loss: 1.1776, Train: 94.95%, Valid: 93.76%, Test In: 93.86% Test OOD1: 81.30% 
Epoch: 331, Loss: 1.1729, Train: 94.96%, Valid: 93.76%, Test In: 93.86% Test OOD1: 81.03% 
Epoch: 332, Loss: 1.1787, Train: 94.92%, Valid: 93.70%, Test In: 93.91% Test OOD1: 80.73% 
Epoch: 333, Loss: 1.1796, Train: 94.96%, Valid: 93.68%, Test In: 93.87% Test OOD1: 80.87% 
Epoch: 334, Loss: 1.1686, Train: 94.95%, Valid: 93.75%, Test In: 93.85% Test OOD1: 81.08% 
Epoch: 335, Loss: 1.1703, Train: 94.96%, Valid: 93.74%, Test In: 93.89% Test OOD1: 81.30% 
Epoch: 336, Loss: 1.1588, Train: 94.97%, Valid: 93.77%, Test In: 93.87% Test OOD1: 81.21% 
Epoch: 337, Loss: 1.1625, Train: 94.99%, Valid: 93.75%, Test In: 93.86% Test OOD1: 80.93% 
Epoch: 338, Loss: 1.1541, Train: 94.96%, Valid: 93.78%, Test In: 93.91% Test OOD1: 80.76% 
Epoch: 339, Loss: 1.1753, Train: 95.02%, Valid: 93.78%, Test In: 93.91% Test OOD1: 80.94% 
Epoch: 340, Loss: 1.1615, Train: 95.03%, Valid: 93.80%, Test In: 93.94% Test OOD1: 81.33% 
Epoch: 341, Loss: 1.1621, Train: 95.06%, Valid: 93.80%, Test In: 93.95% Test OOD1: 81.39% 
Epoch: 342, Loss: 1.1528, Train: 95.08%, Valid: 93.81%, Test In: 93.98% Test OOD1: 81.21% 
Epoch: 343, Loss: 1.1482, Train: 95.08%, Valid: 93.83%, Test In: 93.96% Test OOD1: 81.10% 
Epoch: 344, Loss: 1.1597, Train: 95.09%, Valid: 93.85%, Test In: 94.00% Test OOD1: 81.20% 
Epoch: 345, Loss: 1.1528, Train: 95.08%, Valid: 93.80%, Test In: 94.01% Test OOD1: 81.41% 
Epoch: 346, Loss: 1.1559, Train: 95.09%, Valid: 93.81%, Test In: 94.00% Test OOD1: 81.36% 
Epoch: 347, Loss: 1.1546, Train: 95.10%, Valid: 93.85%, Test In: 93.98% Test OOD1: 81.18% 
Epoch: 348, Loss: 1.1567, Train: 95.11%, Valid: 93.86%, Test In: 93.97% Test OOD1: 81.15% 
Epoch: 349, Loss: 1.1482, Train: 95.12%, Valid: 93.87%, Test In: 93.95% Test OOD1: 81.24% 
Epoch: 350, Loss: 1.1504, Train: 95.15%, Valid: 93.87%, Test In: 94.04% Test OOD1: 81.41% 
Epoch: 351, Loss: 1.1486, Train: 95.16%, Valid: 93.88%, Test In: 94.02% Test OOD1: 81.44% 
Epoch: 352, Loss: 1.1397, Train: 95.15%, Valid: 93.89%, Test In: 94.04% Test OOD1: 81.30% 
Epoch: 353, Loss: 1.1337, Train: 95.16%, Valid: 93.85%, Test In: 94.05% Test OOD1: 81.17% 
Epoch: 354, Loss: 1.1527, Train: 95.19%, Valid: 93.87%, Test In: 94.04% Test OOD1: 81.17% 
Epoch: 355, Loss: 1.1380, Train: 95.23%, Valid: 93.88%, Test In: 94.07% Test OOD1: 81.35% 
Epoch: 356, Loss: 1.1456, Train: 95.24%, Valid: 93.92%, Test In: 94.03% Test OOD1: 81.58% 
Epoch: 357, Loss: 1.1390, Train: 95.27%, Valid: 93.93%, Test In: 94.05% Test OOD1: 81.61% 
Epoch: 358, Loss: 1.1330, Train: 95.28%, Valid: 93.92%, Test In: 94.10% Test OOD1: 81.43% 
Epoch: 359, Loss: 1.1289, Train: 95.26%, Valid: 93.95%, Test In: 94.11% Test OOD1: 81.29% 
Epoch: 360, Loss: 1.1293, Train: 95.28%, Valid: 93.94%, Test In: 94.09% Test OOD1: 81.42% 
Epoch: 361, Loss: 1.1293, Train: 95.31%, Valid: 94.00%, Test In: 94.12% Test OOD1: 81.65% 
Epoch: 362, Loss: 1.1249, Train: 95.32%, Valid: 93.98%, Test In: 94.12% Test OOD1: 81.76% 
Epoch: 363, Loss: 1.1278, Train: 95.36%, Valid: 94.00%, Test In: 94.13% Test OOD1: 81.69% 
Epoch: 364, Loss: 1.1316, Train: 95.36%, Valid: 93.98%, Test In: 94.10% Test OOD1: 81.63% 
Epoch: 365, Loss: 1.1314, Train: 95.37%, Valid: 93.99%, Test In: 94.12% Test OOD1: 81.68% 
Epoch: 366, Loss: 1.1117, Train: 95.39%, Valid: 94.01%, Test In: 94.12% Test OOD1: 81.75% 
Epoch: 367, Loss: 1.1185, Train: 95.40%, Valid: 94.02%, Test In: 94.15% Test OOD1: 81.76% 
Epoch: 368, Loss: 1.1246, Train: 95.42%, Valid: 94.03%, Test In: 94.11% Test OOD1: 81.72% 
Epoch: 369, Loss: 1.1242, Train: 95.43%, Valid: 94.03%, Test In: 94.16% Test OOD1: 81.82% 
Epoch: 370, Loss: 1.1107, Train: 95.43%, Valid: 94.02%, Test In: 94.16% Test OOD1: 81.86% 
Epoch: 371, Loss: 1.1086, Train: 95.43%, Valid: 94.00%, Test In: 94.21% Test OOD1: 81.83% 
Epoch: 372, Loss: 1.1194, Train: 95.44%, Valid: 94.03%, Test In: 94.18% Test OOD1: 81.77% 
Epoch: 373, Loss: 1.1076, Train: 95.47%, Valid: 94.01%, Test In: 94.17% Test OOD1: 81.84% 
Epoch: 374, Loss: 1.0950, Train: 95.49%, Valid: 94.04%, Test In: 94.20% Test OOD1: 81.90% 
Epoch: 375, Loss: 1.0987, Train: 95.51%, Valid: 94.08%, Test In: 94.21% Test OOD1: 81.92% 
Epoch: 376, Loss: 1.1049, Train: 95.53%, Valid: 94.09%, Test In: 94.23% Test OOD1: 81.95% 
Epoch: 377, Loss: 1.1097, Train: 95.52%, Valid: 94.08%, Test In: 94.27% Test OOD1: 82.18% 
Epoch: 378, Loss: 1.0995, Train: 95.55%, Valid: 94.09%, Test In: 94.26% Test OOD1: 82.20% 
Epoch: 379, Loss: 1.0922, Train: 95.57%, Valid: 94.11%, Test In: 94.23% Test OOD1: 82.10% 
Epoch: 380, Loss: 1.0973, Train: 95.61%, Valid: 94.16%, Test In: 94.19% Test OOD1: 81.99% 
Epoch: 381, Loss: 1.1024, Train: 95.61%, Valid: 94.16%, Test In: 94.25% Test OOD1: 82.08% 
Epoch: 382, Loss: 1.0884, Train: 95.61%, Valid: 94.12%, Test In: 94.30% Test OOD1: 82.32% 
Epoch: 383, Loss: 1.0989, Train: 95.62%, Valid: 94.13%, Test In: 94.32% Test OOD1: 82.41% 
Epoch: 384, Loss: 1.0952, Train: 95.67%, Valid: 94.17%, Test In: 94.29% Test OOD1: 82.25% 
Epoch: 385, Loss: 1.0851, Train: 95.71%, Valid: 94.20%, Test In: 94.26% Test OOD1: 81.97% 
Epoch: 386, Loss: 1.0915, Train: 95.71%, Valid: 94.23%, Test In: 94.29% Test OOD1: 82.02% 
Epoch: 387, Loss: 1.0867, Train: 95.70%, Valid: 94.18%, Test In: 94.31% Test OOD1: 82.27% 
Epoch: 388, Loss: 1.0879, Train: 95.73%, Valid: 94.18%, Test In: 94.32% Test OOD1: 82.38% 
Epoch: 389, Loss: 1.0816, Train: 95.73%, Valid: 94.19%, Test In: 94.39% Test OOD1: 82.26% 
Epoch: 390, Loss: 1.0754, Train: 95.77%, Valid: 94.17%, Test In: 94.35% Test OOD1: 82.05% 
Epoch: 391, Loss: 1.0822, Train: 95.78%, Valid: 94.21%, Test In: 94.42% Test OOD1: 82.25% 
Epoch: 392, Loss: 1.0772, Train: 95.79%, Valid: 94.20%, Test In: 94.37% Test OOD1: 82.51% 
Epoch: 393, Loss: 1.0774, Train: 95.81%, Valid: 94.23%, Test In: 94.38% Test OOD1: 82.49% 
Epoch: 394, Loss: 1.0771, Train: 95.83%, Valid: 94.26%, Test In: 94.41% Test OOD1: 82.44% 
Epoch: 395, Loss: 1.0782, Train: 95.86%, Valid: 94.28%, Test In: 94.41% Test OOD1: 82.46% 
Epoch: 396, Loss: 1.0653, Train: 95.86%, Valid: 94.28%, Test In: 94.43% Test OOD1: 82.58% 
Epoch: 397, Loss: 1.0611, Train: 95.88%, Valid: 94.24%, Test In: 94.43% Test OOD1: 82.72% 
Epoch: 398, Loss: 1.0717, Train: 95.88%, Valid: 94.24%, Test In: 94.40% Test OOD1: 82.80% 
Epoch: 399, Loss: 1.0602, Train: 95.89%, Valid: 94.27%, Test In: 94.45% Test OOD1: 82.60% 
Epoch: 400, Loss: 1.0678, Train: 95.92%, Valid: 94.31%, Test In: 94.44% Test OOD1: 82.46% 
Epoch: 401, Loss: 1.0528, Train: 95.93%, Valid: 94.29%, Test In: 94.50% Test OOD1: 82.48% 
Epoch: 402, Loss: 1.0585, Train: 95.97%, Valid: 94.27%, Test In: 94.46% Test OOD1: 82.56% 
Epoch: 403, Loss: 1.0659, Train: 95.97%, Valid: 94.28%, Test In: 94.51% Test OOD1: 82.74% 
Epoch: 404, Loss: 1.0686, Train: 95.96%, Valid: 94.29%, Test In: 94.50% Test OOD1: 83.07% 
Epoch: 405, Loss: 1.0588, Train: 96.02%, Valid: 94.31%, Test In: 94.53% Test OOD1: 82.87% 
Epoch: 406, Loss: 1.0495, Train: 96.01%, Valid: 94.42%, Test In: 94.54% Test OOD1: 82.58% 
Epoch: 407, Loss: 1.0526, Train: 96.03%, Valid: 94.44%, Test In: 94.53% Test OOD1: 82.62% 
Epoch: 408, Loss: 1.0474, Train: 96.01%, Valid: 94.37%, Test In: 94.56% Test OOD1: 83.22% 
Epoch: 409, Loss: 1.0532, Train: 96.01%, Valid: 94.36%, Test In: 94.58% Test OOD1: 83.39% 
Epoch: 410, Loss: 1.0428, Train: 96.07%, Valid: 94.37%, Test In: 94.54% Test OOD1: 83.24% 
Epoch: 411, Loss: 1.0416, Train: 96.07%, Valid: 94.37%, Test In: 94.54% Test OOD1: 83.18% 
Epoch: 412, Loss: 1.0420, Train: 96.11%, Valid: 94.40%, Test In: 94.53% Test OOD1: 83.19% 
Epoch: 413, Loss: 1.0439, Train: 96.08%, Valid: 94.39%, Test In: 94.60% Test OOD1: 83.26% 
Epoch: 414, Loss: 1.0397, Train: 96.07%, Valid: 94.40%, Test In: 94.54% Test OOD1: 83.17% 
Epoch: 415, Loss: 1.0238, Train: 96.10%, Valid: 94.43%, Test In: 94.58% Test OOD1: 83.02% 
Epoch: 416, Loss: 1.0409, Train: 96.15%, Valid: 94.43%, Test In: 94.58% Test OOD1: 83.04% 
Epoch: 417, Loss: 1.0320, Train: 96.13%, Valid: 94.41%, Test In: 94.64% Test OOD1: 83.22% 
Epoch: 418, Loss: 1.0355, Train: 96.14%, Valid: 94.45%, Test In: 94.67% Test OOD1: 83.21% 
Epoch: 419, Loss: 1.0339, Train: 96.20%, Valid: 94.50%, Test In: 94.68% Test OOD1: 83.04% 
Epoch: 420, Loss: 1.0332, Train: 96.23%, Valid: 94.51%, Test In: 94.68% Test OOD1: 83.05% 
Epoch: 421, Loss: 1.0258, Train: 96.20%, Valid: 94.43%, Test In: 94.73% Test OOD1: 83.28% 
Epoch: 422, Loss: 1.0119, Train: 96.21%, Valid: 94.41%, Test In: 94.75% Test OOD1: 83.40% 
Epoch: 423, Loss: 1.0366, Train: 96.25%, Valid: 94.45%, Test In: 94.73% Test OOD1: 83.33% 
Epoch: 424, Loss: 1.0291, Train: 96.28%, Valid: 94.54%, Test In: 94.80% Test OOD1: 83.17% 
Epoch: 425, Loss: 1.0327, Train: 96.28%, Valid: 94.43%, Test In: 94.78% Test OOD1: 83.42% 
Epoch: 426, Loss: 1.0117, Train: 96.24%, Valid: 94.45%, Test In: 94.76% Test OOD1: 83.61% 
Epoch: 427, Loss: 1.0242, Train: 96.28%, Valid: 94.49%, Test In: 94.77% Test OOD1: 83.64% 
Epoch: 428, Loss: 1.0150, Train: 96.34%, Valid: 94.61%, Test In: 94.81% Test OOD1: 83.38% 
Epoch: 429, Loss: 1.0153, Train: 96.36%, Valid: 94.56%, Test In: 94.83% Test OOD1: 83.49% 
Epoch: 430, Loss: 1.0087, Train: 96.37%, Valid: 94.52%, Test In: 94.83% Test OOD1: 83.68% 
Epoch: 431, Loss: 1.0050, Train: 96.38%, Valid: 94.50%, Test In: 94.86% Test OOD1: 83.76% 
Epoch: 432, Loss: 1.0026, Train: 96.41%, Valid: 94.54%, Test In: 94.87% Test OOD1: 83.57% 
Epoch: 433, Loss: 1.0094, Train: 96.43%, Valid: 94.57%, Test In: 94.90% Test OOD1: 83.31% 
Epoch: 434, Loss: 1.0015, Train: 96.46%, Valid: 94.62%, Test In: 94.89% Test OOD1: 83.17% 
Epoch: 435, Loss: 1.0062, Train: 96.43%, Valid: 94.56%, Test In: 94.86% Test OOD1: 83.51% 
Epoch: 436, Loss: 1.0174, Train: 96.45%, Valid: 94.56%, Test In: 94.87% Test OOD1: 83.55% 
Epoch: 437, Loss: 1.0105, Train: 96.48%, Valid: 94.56%, Test In: 94.93% Test OOD1: 83.42% 
Epoch: 438, Loss: 0.9976, Train: 96.51%, Valid: 94.62%, Test In: 94.94% Test OOD1: 83.32% 
Epoch: 439, Loss: 1.0007, Train: 96.46%, Valid: 94.48%, Test In: 94.86% Test OOD1: 83.73% 
Epoch: 440, Loss: 0.9904, Train: 96.48%, Valid: 94.50%, Test In: 94.85% Test OOD1: 83.86% 
Epoch: 441, Loss: 1.0005, Train: 96.52%, Valid: 94.59%, Test In: 94.87% Test OOD1: 83.54% 
Epoch: 442, Loss: 0.9934, Train: 96.55%, Valid: 94.66%, Test In: 94.99% Test OOD1: 83.15% 
Epoch: 443, Loss: 0.9916, Train: 96.58%, Valid: 94.64%, Test In: 95.00% Test OOD1: 83.40% 
Epoch: 444, Loss: 0.9859, Train: 96.56%, Valid: 94.57%, Test In: 94.91% Test OOD1: 83.89% 
Epoch: 445, Loss: 0.9945, Train: 96.61%, Valid: 94.56%, Test In: 94.97% Test OOD1: 83.96% 
Epoch: 446, Loss: 0.9820, Train: 96.66%, Valid: 94.64%, Test In: 95.00% Test OOD1: 83.72% 
Epoch: 447, Loss: 0.9881, Train: 96.68%, Valid: 94.71%, Test In: 95.06% Test OOD1: 83.47% 
Epoch: 448, Loss: 0.9831, Train: 96.66%, Valid: 94.60%, Test In: 95.02% Test OOD1: 83.83% 
Epoch: 449, Loss: 0.9765, Train: 96.63%, Valid: 94.60%, Test In: 94.94% Test OOD1: 84.20% 
Epoch: 450, Loss: 0.9702, Train: 96.67%, Valid: 94.58%, Test In: 95.01% Test OOD1: 83.98% 
Epoch: 451, Loss: 0.9728, Train: 96.70%, Valid: 94.66%, Test In: 95.08% Test OOD1: 83.63% 
Epoch: 452, Loss: 0.9829, Train: 96.70%, Valid: 94.63%, Test In: 95.05% Test OOD1: 83.82% 
Epoch: 453, Loss: 0.9722, Train: 96.69%, Valid: 94.60%, Test In: 95.00% Test OOD1: 84.00% 
Epoch: 454, Loss: 0.9896, Train: 96.70%, Valid: 94.64%, Test In: 94.98% Test OOD1: 84.01% 
Epoch: 455, Loss: 0.9810, Train: 96.77%, Valid: 94.70%, Test In: 95.08% Test OOD1: 83.61% 
Epoch: 456, Loss: 0.9709, Train: 96.80%, Valid: 94.69%, Test In: 95.12% Test OOD1: 83.55% 
Epoch: 457, Loss: 0.9685, Train: 96.79%, Valid: 94.67%, Test In: 95.09% Test OOD1: 83.89% 
Epoch: 458, Loss: 0.9681, Train: 96.73%, Valid: 94.71%, Test In: 94.94% Test OOD1: 84.34% 
Epoch: 459, Loss: 0.9661, Train: 96.76%, Valid: 94.69%, Test In: 95.03% Test OOD1: 84.19% 
Epoch: 460, Loss: 0.9592, Train: 96.81%, Valid: 94.69%, Test In: 95.16% Test OOD1: 83.97% 
Epoch: 461, Loss: 0.9598, Train: 96.82%, Valid: 94.73%, Test In: 95.14% Test OOD1: 83.91% 
Epoch: 462, Loss: 0.9597, Train: 96.82%, Valid: 94.73%, Test In: 95.10% Test OOD1: 84.35% 
Epoch: 463, Loss: 0.9563, Train: 96.76%, Valid: 94.71%, Test In: 95.02% Test OOD1: 84.75% 
Epoch: 464, Loss: 0.9498, Train: 96.82%, Valid: 94.70%, Test In: 95.14% Test OOD1: 84.48% 
Epoch: 465, Loss: 0.9497, Train: 96.87%, Valid: 94.77%, Test In: 95.19% Test OOD1: 84.08% 
Epoch: 466, Loss: 0.9383, Train: 96.90%, Valid: 94.76%, Test In: 95.21% Test OOD1: 84.06% 
Epoch: 467, Loss: 0.9539, Train: 96.86%, Valid: 94.74%, Test In: 95.09% Test OOD1: 84.42% 
Epoch: 468, Loss: 0.9552, Train: 96.87%, Valid: 94.76%, Test In: 95.07% Test OOD1: 84.62% 
Epoch: 469, Loss: 0.9592, Train: 96.90%, Valid: 94.80%, Test In: 95.18% Test OOD1: 84.47% 
Epoch: 470, Loss: 0.9589, Train: 96.97%, Valid: 94.79%, Test In: 95.28% Test OOD1: 84.23% 
Epoch: 471, Loss: 0.9503, Train: 96.96%, Valid: 94.82%, Test In: 95.23% Test OOD1: 84.41% 
Epoch: 472, Loss: 0.9436, Train: 96.95%, Valid: 94.83%, Test In: 95.19% Test OOD1: 84.64% 
Epoch: 473, Loss: 0.9437, Train: 96.94%, Valid: 94.83%, Test In: 95.17% Test OOD1: 84.72% 
Epoch: 474, Loss: 0.9455, Train: 96.96%, Valid: 94.83%, Test In: 95.25% Test OOD1: 84.53% 
Epoch: 475, Loss: 0.9487, Train: 96.99%, Valid: 94.81%, Test In: 95.27% Test OOD1: 84.44% 
Epoch: 476, Loss: 0.9326, Train: 97.01%, Valid: 94.84%, Test In: 95.27% Test OOD1: 84.48% 
Epoch: 477, Loss: 0.9353, Train: 96.96%, Valid: 94.83%, Test In: 95.10% Test OOD1: 84.86% 
Epoch: 478, Loss: 0.9416, Train: 96.99%, Valid: 94.86%, Test In: 95.14% Test OOD1: 84.82% 
Epoch: 479, Loss: 0.9422, Train: 97.05%, Valid: 94.85%, Test In: 95.29% Test OOD1: 84.37% 
Epoch: 480, Loss: 0.9409, Train: 97.06%, Valid: 94.91%, Test In: 95.29% Test OOD1: 84.14% 
Epoch: 481, Loss: 0.9367, Train: 97.07%, Valid: 94.87%, Test In: 95.26% Test OOD1: 84.44% 
Epoch: 482, Loss: 0.9260, Train: 97.04%, Valid: 94.87%, Test In: 95.19% Test OOD1: 84.71% 
Epoch: 483, Loss: 0.9281, Train: 97.08%, Valid: 94.90%, Test In: 95.21% Test OOD1: 84.56% 
Epoch: 484, Loss: 0.9300, Train: 97.13%, Valid: 94.89%, Test In: 95.30% Test OOD1: 84.17% 
Epoch: 485, Loss: 0.9231, Train: 97.13%, Valid: 94.93%, Test In: 95.32% Test OOD1: 84.26% 
Epoch: 486, Loss: 0.9204, Train: 97.10%, Valid: 94.90%, Test In: 95.22% Test OOD1: 84.61% 
Epoch: 487, Loss: 0.9294, Train: 97.11%, Valid: 94.91%, Test In: 95.18% Test OOD1: 84.71% 
Epoch: 488, Loss: 0.9168, Train: 97.17%, Valid: 94.91%, Test In: 95.29% Test OOD1: 84.32% 
Epoch: 489, Loss: 0.9188, Train: 97.17%, Valid: 94.91%, Test In: 95.29% Test OOD1: 84.39% 
Epoch: 490, Loss: 0.9240, Train: 97.16%, Valid: 94.90%, Test In: 95.27% Test OOD1: 84.63% 
Epoch: 491, Loss: 0.9136, Train: 97.11%, Valid: 94.83%, Test In: 95.25% Test OOD1: 84.87% 
Epoch: 492, Loss: 0.9167, Train: 97.15%, Valid: 94.90%, Test In: 95.26% Test OOD1: 84.69% 
Epoch: 493, Loss: 0.9021, Train: 97.21%, Valid: 95.00%, Test In: 95.35% Test OOD1: 84.21% 
Epoch: 494, Loss: 0.9092, Train: 97.23%, Valid: 95.00%, Test In: 95.39% Test OOD1: 84.04% 
Epoch: 495, Loss: 0.9170, Train: 97.23%, Valid: 95.02%, Test In: 95.37% Test OOD1: 84.35% 
Epoch: 496, Loss: 0.9043, Train: 97.18%, Valid: 94.94%, Test In: 95.26% Test OOD1: 84.92% 
Epoch: 497, Loss: 0.9012, Train: 97.24%, Valid: 94.97%, Test In: 95.42% Test OOD1: 84.60% 
Epoch: 498, Loss: 0.9171, Train: 97.31%, Valid: 95.04%, Test In: 95.46% Test OOD1: 84.15% 
Epoch: 499, Loss: 0.8925, Train: 97.32%, Valid: 95.05%, Test In: 95.46% Test OOD1: 84.30% 
Run 01:
Highest Train: 97.32
Highest Valid: 95.05
Highest In Test: 95.46
Highest OOD Test: 84.92
Chosen epoch: 500
Final Train: 97.32
Final In Test: 95.46
Final OOD Test: 84.30
Epoch: 00, Loss: 6.6317, Train: 22.19%, Valid: 22.46%, Test In: 21.81% Test OOD1: 22.57% 
Epoch: 01, Loss: 6.5975, Train: 43.86%, Valid: 44.41%, Test In: 43.85% Test OOD1: 30.38% 
Epoch: 02, Loss: 6.5637, Train: 66.01%, Valid: 65.59%, Test In: 65.78% Test OOD1: 63.53% 
Epoch: 03, Loss: 6.5301, Train: 67.27%, Valid: 66.63%, Test In: 67.30% Test OOD1: 64.82% 
Epoch: 04, Loss: 6.4948, Train: 70.01%, Valid: 69.53%, Test In: 70.21% Test OOD1: 61.15% 
Epoch: 05, Loss: 6.4569, Train: 71.33%, Valid: 70.99%, Test In: 71.54% Test OOD1: 59.23% 
Epoch: 06, Loss: 6.4174, Train: 72.10%, Valid: 71.73%, Test In: 72.46% Test OOD1: 57.93% 
Epoch: 07, Loss: 6.3747, Train: 72.57%, Valid: 72.07%, Test In: 72.90% Test OOD1: 56.95% 
Epoch: 08, Loss: 6.3275, Train: 72.76%, Valid: 72.27%, Test In: 73.02% Test OOD1: 56.23% 
Epoch: 09, Loss: 6.2771, Train: 72.87%, Valid: 72.31%, Test In: 73.19% Test OOD1: 55.66% 
Epoch: 10, Loss: 6.2222, Train: 72.93%, Valid: 72.27%, Test In: 73.26% Test OOD1: 55.29% 
Epoch: 11, Loss: 6.1613, Train: 72.94%, Valid: 72.40%, Test In: 73.17% Test OOD1: 54.99% 
Epoch: 12, Loss: 6.0947, Train: 72.91%, Valid: 72.47%, Test In: 73.23% Test OOD1: 54.77% 
Epoch: 13, Loss: 6.0235, Train: 72.93%, Valid: 72.40%, Test In: 73.18% Test OOD1: 54.60% 
Epoch: 14, Loss: 5.9460, Train: 72.95%, Valid: 72.45%, Test In: 73.19% Test OOD1: 54.51% 
Epoch: 15, Loss: 5.8614, Train: 72.97%, Valid: 72.46%, Test In: 73.18% Test OOD1: 54.47% 
Epoch: 16, Loss: 5.7779, Train: 73.01%, Valid: 72.47%, Test In: 73.24% Test OOD1: 54.50% 
Epoch: 17, Loss: 5.6814, Train: 73.09%, Valid: 72.48%, Test In: 73.26% Test OOD1: 54.57% 
Epoch: 18, Loss: 5.5844, Train: 73.16%, Valid: 72.55%, Test In: 73.32% Test OOD1: 54.69% 
Epoch: 19, Loss: 5.4782, Train: 73.15%, Valid: 72.63%, Test In: 73.35% Test OOD1: 54.89% 
Epoch: 20, Loss: 5.3678, Train: 73.27%, Valid: 72.71%, Test In: 73.38% Test OOD1: 55.12% 
Epoch: 21, Loss: 5.2462, Train: 73.36%, Valid: 72.80%, Test In: 73.52% Test OOD1: 55.37% 
Epoch: 22, Loss: 5.1254, Train: 73.40%, Valid: 72.94%, Test In: 73.65% Test OOD1: 55.60% 
Epoch: 23, Loss: 4.9980, Train: 73.43%, Valid: 72.98%, Test In: 73.72% Test OOD1: 55.80% 
Epoch: 24, Loss: 4.8622, Train: 73.46%, Valid: 73.01%, Test In: 73.80% Test OOD1: 55.99% 
Epoch: 25, Loss: 4.7253, Train: 73.48%, Valid: 73.05%, Test In: 73.86% Test OOD1: 56.11% 
Epoch: 26, Loss: 4.5968, Train: 73.52%, Valid: 73.08%, Test In: 73.90% Test OOD1: 56.15% 
Epoch: 27, Loss: 4.4556, Train: 73.64%, Valid: 73.19%, Test In: 73.95% Test OOD1: 56.19% 
Epoch: 28, Loss: 4.3207, Train: 73.84%, Valid: 73.46%, Test In: 74.28% Test OOD1: 56.24% 
Epoch: 29, Loss: 4.1746, Train: 74.39%, Valid: 74.01%, Test In: 74.80% Test OOD1: 56.48% 
Epoch: 30, Loss: 4.0331, Train: 75.30%, Valid: 74.86%, Test In: 75.66% Test OOD1: 56.85% 
Epoch: 31, Loss: 3.9020, Train: 76.37%, Valid: 76.03%, Test In: 76.76% Test OOD1: 57.40% 
Epoch: 32, Loss: 3.7744, Train: 77.46%, Valid: 77.13%, Test In: 77.89% Test OOD1: 57.92% 
Epoch: 33, Loss: 3.6528, Train: 78.66%, Valid: 78.20%, Test In: 78.90% Test OOD1: 58.47% 
Epoch: 34, Loss: 3.5342, Train: 79.61%, Valid: 79.15%, Test In: 79.88% Test OOD1: 58.95% 
Epoch: 35, Loss: 3.4239, Train: 80.71%, Valid: 80.11%, Test In: 80.92% Test OOD1: 59.41% 
Epoch: 36, Loss: 3.3244, Train: 81.70%, Valid: 81.11%, Test In: 81.86% Test OOD1: 59.82% 
Epoch: 37, Loss: 3.2251, Train: 82.69%, Valid: 82.11%, Test In: 82.95% Test OOD1: 60.17% 
Epoch: 38, Loss: 3.1343, Train: 83.67%, Valid: 83.20%, Test In: 84.00% Test OOD1: 60.44% 
Epoch: 39, Loss: 3.0580, Train: 84.57%, Valid: 84.08%, Test In: 84.96% Test OOD1: 60.69% 
Epoch: 40, Loss: 2.9846, Train: 85.35%, Valid: 85.08%, Test In: 85.60% Test OOD1: 60.89% 
Epoch: 41, Loss: 2.9175, Train: 86.08%, Valid: 85.89%, Test In: 86.32% Test OOD1: 61.11% 
Epoch: 42, Loss: 2.8411, Train: 86.66%, Valid: 86.51%, Test In: 86.92% Test OOD1: 61.22% 
Epoch: 43, Loss: 2.7877, Train: 87.17%, Valid: 87.16%, Test In: 87.31% Test OOD1: 61.41% 
Epoch: 44, Loss: 2.7327, Train: 87.60%, Valid: 87.54%, Test In: 87.64% Test OOD1: 61.71% 
Epoch: 45, Loss: 2.6675, Train: 87.94%, Valid: 87.96%, Test In: 88.06% Test OOD1: 61.95% 
Epoch: 46, Loss: 2.6252, Train: 88.20%, Valid: 88.25%, Test In: 88.38% Test OOD1: 62.27% 
Epoch: 47, Loss: 2.5729, Train: 88.40%, Valid: 88.42%, Test In: 88.63% Test OOD1: 62.62% 
Epoch: 48, Loss: 2.5300, Train: 88.63%, Valid: 88.67%, Test In: 88.85% Test OOD1: 62.95% 
Epoch: 49, Loss: 2.4823, Train: 88.76%, Valid: 88.85%, Test In: 89.08% Test OOD1: 63.12% 
Epoch: 50, Loss: 2.4402, Train: 88.96%, Valid: 89.00%, Test In: 89.25% Test OOD1: 63.25% 
Epoch: 51, Loss: 2.4010, Train: 89.11%, Valid: 89.15%, Test In: 89.36% Test OOD1: 63.41% 
Epoch: 52, Loss: 2.3632, Train: 89.16%, Valid: 89.32%, Test In: 89.47% Test OOD1: 63.56% 
Epoch: 53, Loss: 2.3351, Train: 89.18%, Valid: 89.32%, Test In: 89.51% Test OOD1: 63.78% 
Epoch: 54, Loss: 2.2900, Train: 89.27%, Valid: 89.36%, Test In: 89.59% Test OOD1: 64.15% 
Epoch: 55, Loss: 2.2692, Train: 89.38%, Valid: 89.48%, Test In: 89.61% Test OOD1: 64.50% 
Epoch: 56, Loss: 2.2604, Train: 89.52%, Valid: 89.60%, Test In: 89.67% Test OOD1: 64.84% 
Epoch: 57, Loss: 2.2213, Train: 89.55%, Valid: 89.65%, Test In: 89.68% Test OOD1: 65.09% 
Epoch: 58, Loss: 2.2072, Train: 89.61%, Valid: 89.73%, Test In: 89.74% Test OOD1: 65.23% 
Epoch: 59, Loss: 2.1907, Train: 89.70%, Valid: 89.79%, Test In: 89.78% Test OOD1: 65.38% 
Epoch: 60, Loss: 2.1727, Train: 89.76%, Valid: 89.86%, Test In: 89.82% Test OOD1: 65.56% 
Epoch: 61, Loss: 2.1664, Train: 89.75%, Valid: 89.89%, Test In: 89.86% Test OOD1: 65.75% 
Epoch: 62, Loss: 2.1446, Train: 89.78%, Valid: 89.94%, Test In: 89.93% Test OOD1: 65.97% 
Epoch: 63, Loss: 2.1414, Train: 89.83%, Valid: 89.99%, Test In: 90.02% Test OOD1: 66.15% 
Epoch: 64, Loss: 2.1142, Train: 89.86%, Valid: 90.05%, Test In: 90.03% Test OOD1: 66.30% 
Epoch: 65, Loss: 2.1127, Train: 89.96%, Valid: 90.12%, Test In: 90.03% Test OOD1: 66.40% 
Epoch: 66, Loss: 2.1049, Train: 89.99%, Valid: 90.13%, Test In: 90.11% Test OOD1: 66.46% 
Epoch: 67, Loss: 2.0721, Train: 90.04%, Valid: 90.14%, Test In: 90.13% Test OOD1: 66.56% 
Epoch: 68, Loss: 2.0847, Train: 90.08%, Valid: 90.11%, Test In: 90.15% Test OOD1: 66.64% 
Epoch: 69, Loss: 2.0623, Train: 90.12%, Valid: 90.13%, Test In: 90.20% Test OOD1: 66.76% 
Epoch: 70, Loss: 2.0520, Train: 90.18%, Valid: 90.17%, Test In: 90.24% Test OOD1: 66.93% 
Epoch: 71, Loss: 2.0474, Train: 90.22%, Valid: 90.24%, Test In: 90.22% Test OOD1: 67.00% 
Epoch: 72, Loss: 2.0478, Train: 90.28%, Valid: 90.30%, Test In: 90.26% Test OOD1: 67.07% 
Epoch: 73, Loss: 2.0364, Train: 90.33%, Valid: 90.34%, Test In: 90.33% Test OOD1: 67.12% 
Epoch: 74, Loss: 2.0210, Train: 90.38%, Valid: 90.37%, Test In: 90.31% Test OOD1: 67.12% 
Epoch: 75, Loss: 2.0339, Train: 90.40%, Valid: 90.39%, Test In: 90.35% Test OOD1: 67.09% 
Epoch: 76, Loss: 2.0107, Train: 90.42%, Valid: 90.38%, Test In: 90.38% Test OOD1: 67.08% 
Epoch: 77, Loss: 2.0065, Train: 90.46%, Valid: 90.40%, Test In: 90.42% Test OOD1: 67.10% 
Epoch: 78, Loss: 1.9917, Train: 90.48%, Valid: 90.43%, Test In: 90.47% Test OOD1: 67.17% 
Epoch: 79, Loss: 1.9952, Train: 90.53%, Valid: 90.48%, Test In: 90.54% Test OOD1: 67.22% 
Epoch: 80, Loss: 1.9801, Train: 90.56%, Valid: 90.49%, Test In: 90.63% Test OOD1: 67.24% 
Epoch: 81, Loss: 1.9790, Train: 90.62%, Valid: 90.55%, Test In: 90.65% Test OOD1: 67.35% 
Epoch: 82, Loss: 1.9668, Train: 90.62%, Valid: 90.57%, Test In: 90.65% Test OOD1: 67.47% 
Epoch: 83, Loss: 1.9558, Train: 90.64%, Valid: 90.63%, Test In: 90.67% Test OOD1: 67.50% 
Epoch: 84, Loss: 1.9451, Train: 90.67%, Valid: 90.66%, Test In: 90.71% Test OOD1: 67.47% 
Epoch: 85, Loss: 1.9343, Train: 90.73%, Valid: 90.70%, Test In: 90.74% Test OOD1: 67.39% 
Epoch: 86, Loss: 1.9344, Train: 90.76%, Valid: 90.70%, Test In: 90.75% Test OOD1: 67.30% 
Epoch: 87, Loss: 1.9224, Train: 90.79%, Valid: 90.74%, Test In: 90.78% Test OOD1: 67.29% 
Epoch: 88, Loss: 1.9180, Train: 90.85%, Valid: 90.76%, Test In: 90.78% Test OOD1: 67.36% 
Epoch: 89, Loss: 1.9058, Train: 90.84%, Valid: 90.79%, Test In: 90.82% Test OOD1: 67.47% 
Epoch: 90, Loss: 1.9012, Train: 90.88%, Valid: 90.84%, Test In: 90.86% Test OOD1: 67.58% 
Epoch: 91, Loss: 1.8953, Train: 90.93%, Valid: 90.88%, Test In: 90.88% Test OOD1: 67.66% 
Epoch: 92, Loss: 1.8935, Train: 90.97%, Valid: 90.91%, Test In: 90.90% Test OOD1: 67.69% 
Epoch: 93, Loss: 1.8794, Train: 91.02%, Valid: 90.96%, Test In: 90.95% Test OOD1: 67.63% 
Epoch: 94, Loss: 1.8747, Train: 91.02%, Valid: 90.97%, Test In: 90.95% Test OOD1: 67.51% 
Epoch: 95, Loss: 1.8688, Train: 91.08%, Valid: 90.99%, Test In: 90.97% Test OOD1: 67.40% 
Epoch: 96, Loss: 1.8755, Train: 91.11%, Valid: 91.01%, Test In: 91.01% Test OOD1: 67.44% 
Epoch: 97, Loss: 1.8538, Train: 91.17%, Valid: 91.05%, Test In: 91.08% Test OOD1: 67.53% 
Epoch: 98, Loss: 1.8463, Train: 91.21%, Valid: 91.11%, Test In: 91.09% Test OOD1: 67.59% 
Epoch: 99, Loss: 1.8559, Train: 91.22%, Valid: 91.14%, Test In: 91.11% Test OOD1: 67.68% 
Epoch: 100, Loss: 1.8312, Train: 91.23%, Valid: 91.18%, Test In: 91.15% Test OOD1: 67.72% 
Epoch: 101, Loss: 1.8209, Train: 91.27%, Valid: 91.20%, Test In: 91.21% Test OOD1: 67.69% 
Epoch: 102, Loss: 1.8209, Train: 91.31%, Valid: 91.22%, Test In: 91.22% Test OOD1: 67.67% 
Epoch: 103, Loss: 1.8180, Train: 91.33%, Valid: 91.27%, Test In: 91.24% Test OOD1: 67.68% 
Epoch: 104, Loss: 1.8100, Train: 91.35%, Valid: 91.32%, Test In: 91.26% Test OOD1: 67.71% 
Epoch: 105, Loss: 1.8048, Train: 91.37%, Valid: 91.36%, Test In: 91.29% Test OOD1: 67.79% 
Epoch: 106, Loss: 1.8165, Train: 91.40%, Valid: 91.37%, Test In: 91.28% Test OOD1: 67.86% 
Epoch: 107, Loss: 1.8033, Train: 91.43%, Valid: 91.38%, Test In: 91.33% Test OOD1: 67.93% 
Epoch: 108, Loss: 1.7984, Train: 91.46%, Valid: 91.43%, Test In: 91.38% Test OOD1: 67.99% 
Epoch: 109, Loss: 1.7698, Train: 91.49%, Valid: 91.47%, Test In: 91.38% Test OOD1: 68.03% 
Epoch: 110, Loss: 1.7751, Train: 91.52%, Valid: 91.49%, Test In: 91.38% Test OOD1: 68.05% 
Epoch: 111, Loss: 1.7711, Train: 91.53%, Valid: 91.51%, Test In: 91.39% Test OOD1: 68.04% 
Epoch: 112, Loss: 1.7502, Train: 91.57%, Valid: 91.55%, Test In: 91.44% Test OOD1: 68.11% 
Epoch: 113, Loss: 1.7659, Train: 91.60%, Valid: 91.55%, Test In: 91.46% Test OOD1: 68.24% 
Epoch: 114, Loss: 1.7631, Train: 91.63%, Valid: 91.55%, Test In: 91.48% Test OOD1: 68.39% 
Epoch: 115, Loss: 1.7434, Train: 91.66%, Valid: 91.57%, Test In: 91.48% Test OOD1: 68.48% 
Epoch: 116, Loss: 1.7376, Train: 91.69%, Valid: 91.59%, Test In: 91.49% Test OOD1: 68.54% 
Epoch: 117, Loss: 1.7386, Train: 91.73%, Valid: 91.60%, Test In: 91.54% Test OOD1: 68.51% 
Epoch: 118, Loss: 1.7321, Train: 91.75%, Valid: 91.62%, Test In: 91.57% Test OOD1: 68.55% 
Epoch: 119, Loss: 1.7147, Train: 91.80%, Valid: 91.66%, Test In: 91.60% Test OOD1: 68.56% 
Epoch: 120, Loss: 1.7266, Train: 91.82%, Valid: 91.71%, Test In: 91.63% Test OOD1: 68.61% 
Epoch: 121, Loss: 1.7187, Train: 91.84%, Valid: 91.71%, Test In: 91.69% Test OOD1: 68.74% 
Epoch: 122, Loss: 1.7113, Train: 91.87%, Valid: 91.71%, Test In: 91.72% Test OOD1: 68.92% 
Epoch: 123, Loss: 1.7063, Train: 91.89%, Valid: 91.75%, Test In: 91.78% Test OOD1: 69.03% 
Epoch: 124, Loss: 1.6950, Train: 91.92%, Valid: 91.80%, Test In: 91.80% Test OOD1: 69.04% 
Epoch: 125, Loss: 1.6974, Train: 91.99%, Valid: 91.83%, Test In: 91.87% Test OOD1: 68.97% 
Epoch: 126, Loss: 1.6838, Train: 91.99%, Valid: 91.84%, Test In: 91.85% Test OOD1: 68.98% 
Epoch: 127, Loss: 1.6977, Train: 92.01%, Valid: 91.85%, Test In: 91.89% Test OOD1: 69.08% 
Epoch: 128, Loss: 1.6748, Train: 92.04%, Valid: 91.91%, Test In: 91.93% Test OOD1: 69.25% 
Epoch: 129, Loss: 1.6706, Train: 92.06%, Valid: 91.93%, Test In: 91.96% Test OOD1: 69.31% 
Epoch: 130, Loss: 1.6802, Train: 92.09%, Valid: 91.95%, Test In: 91.96% Test OOD1: 69.34% 
Epoch: 131, Loss: 1.6634, Train: 92.09%, Valid: 91.99%, Test In: 92.02% Test OOD1: 69.32% 
Epoch: 132, Loss: 1.6573, Train: 92.11%, Valid: 92.00%, Test In: 92.05% Test OOD1: 69.42% 
Epoch: 133, Loss: 1.6588, Train: 92.15%, Valid: 91.97%, Test In: 92.10% Test OOD1: 69.62% 
Epoch: 134, Loss: 1.6595, Train: 92.17%, Valid: 91.97%, Test In: 92.08% Test OOD1: 69.77% 
Epoch: 135, Loss: 1.6403, Train: 92.19%, Valid: 91.99%, Test In: 92.09% Test OOD1: 69.84% 
Epoch: 136, Loss: 1.6527, Train: 92.20%, Valid: 92.06%, Test In: 92.10% Test OOD1: 69.86% 
Epoch: 137, Loss: 1.6269, Train: 92.24%, Valid: 92.06%, Test In: 92.13% Test OOD1: 69.84% 
Epoch: 138, Loss: 1.6347, Train: 92.27%, Valid: 92.04%, Test In: 92.16% Test OOD1: 69.92% 
Epoch: 139, Loss: 1.6368, Train: 92.28%, Valid: 92.06%, Test In: 92.18% Test OOD1: 70.04% 
Epoch: 140, Loss: 1.6125, Train: 92.29%, Valid: 92.07%, Test In: 92.19% Test OOD1: 70.20% 
Epoch: 141, Loss: 1.6135, Train: 92.31%, Valid: 92.09%, Test In: 92.19% Test OOD1: 70.30% 
Epoch: 142, Loss: 1.6170, Train: 92.34%, Valid: 92.10%, Test In: 92.19% Test OOD1: 70.42% 
Epoch: 143, Loss: 1.6219, Train: 92.33%, Valid: 92.10%, Test In: 92.21% Test OOD1: 70.48% 
Epoch: 144, Loss: 1.6100, Train: 92.37%, Valid: 92.13%, Test In: 92.20% Test OOD1: 70.60% 
Epoch: 145, Loss: 1.6027, Train: 92.38%, Valid: 92.16%, Test In: 92.20% Test OOD1: 70.70% 
Epoch: 146, Loss: 1.6086, Train: 92.39%, Valid: 92.14%, Test In: 92.23% Test OOD1: 70.73% 
Epoch: 147, Loss: 1.5884, Train: 92.42%, Valid: 92.15%, Test In: 92.25% Test OOD1: 70.74% 
Epoch: 148, Loss: 1.5908, Train: 92.45%, Valid: 92.16%, Test In: 92.27% Test OOD1: 70.85% 
Epoch: 149, Loss: 1.5933, Train: 92.44%, Valid: 92.20%, Test In: 92.28% Test OOD1: 70.95% 
Epoch: 150, Loss: 1.5879, Train: 92.46%, Valid: 92.19%, Test In: 92.32% Test OOD1: 71.05% 
Epoch: 151, Loss: 1.5879, Train: 92.47%, Valid: 92.20%, Test In: 92.33% Test OOD1: 71.15% 
Epoch: 152, Loss: 1.5869, Train: 92.48%, Valid: 92.20%, Test In: 92.34% Test OOD1: 71.27% 
Epoch: 153, Loss: 1.5727, Train: 92.50%, Valid: 92.22%, Test In: 92.37% Test OOD1: 71.43% 
Epoch: 154, Loss: 1.5667, Train: 92.53%, Valid: 92.22%, Test In: 92.34% Test OOD1: 71.52% 
Epoch: 155, Loss: 1.5720, Train: 92.54%, Valid: 92.25%, Test In: 92.36% Test OOD1: 71.50% 
Epoch: 156, Loss: 1.5595, Train: 92.55%, Valid: 92.27%, Test In: 92.41% Test OOD1: 71.54% 
Epoch: 157, Loss: 1.5471, Train: 92.55%, Valid: 92.27%, Test In: 92.41% Test OOD1: 71.60% 
Epoch: 158, Loss: 1.5675, Train: 92.57%, Valid: 92.27%, Test In: 92.42% Test OOD1: 71.78% 
Epoch: 159, Loss: 1.5500, Train: 92.59%, Valid: 92.28%, Test In: 92.44% Test OOD1: 71.92% 
Epoch: 160, Loss: 1.5471, Train: 92.60%, Valid: 92.26%, Test In: 92.43% Test OOD1: 72.08% 
Epoch: 161, Loss: 1.5447, Train: 92.62%, Valid: 92.28%, Test In: 92.45% Test OOD1: 72.14% 
Epoch: 162, Loss: 1.5554, Train: 92.61%, Valid: 92.32%, Test In: 92.47% Test OOD1: 72.09% 
Epoch: 163, Loss: 1.5356, Train: 92.63%, Valid: 92.35%, Test In: 92.51% Test OOD1: 72.00% 
Epoch: 164, Loss: 1.5260, Train: 92.66%, Valid: 92.37%, Test In: 92.53% Test OOD1: 72.04% 
Epoch: 165, Loss: 1.5280, Train: 92.68%, Valid: 92.41%, Test In: 92.51% Test OOD1: 72.17% 
Epoch: 166, Loss: 1.5279, Train: 92.69%, Valid: 92.42%, Test In: 92.53% Test OOD1: 72.42% 
Epoch: 167, Loss: 1.5236, Train: 92.71%, Valid: 92.39%, Test In: 92.50% Test OOD1: 72.61% 
Epoch: 168, Loss: 1.5120, Train: 92.73%, Valid: 92.38%, Test In: 92.50% Test OOD1: 72.72% 
Epoch: 169, Loss: 1.5279, Train: 92.75%, Valid: 92.41%, Test In: 92.54% Test OOD1: 72.70% 
Epoch: 170, Loss: 1.5176, Train: 92.75%, Valid: 92.42%, Test In: 92.55% Test OOD1: 72.65% 
Epoch: 171, Loss: 1.5116, Train: 92.78%, Valid: 92.43%, Test In: 92.55% Test OOD1: 72.68% 
Epoch: 172, Loss: 1.5111, Train: 92.81%, Valid: 92.45%, Test In: 92.59% Test OOD1: 72.77% 
Epoch: 173, Loss: 1.5023, Train: 92.81%, Valid: 92.47%, Test In: 92.58% Test OOD1: 72.94% 
Epoch: 174, Loss: 1.5058, Train: 92.83%, Valid: 92.48%, Test In: 92.57% Test OOD1: 73.06% 
Epoch: 175, Loss: 1.5116, Train: 92.85%, Valid: 92.49%, Test In: 92.58% Test OOD1: 73.12% 
Epoch: 176, Loss: 1.5106, Train: 92.87%, Valid: 92.50%, Test In: 92.58% Test OOD1: 73.08% 
Epoch: 177, Loss: 1.4903, Train: 92.87%, Valid: 92.47%, Test In: 92.60% Test OOD1: 73.07% 
Epoch: 178, Loss: 1.4935, Train: 92.88%, Valid: 92.50%, Test In: 92.62% Test OOD1: 73.24% 
Epoch: 179, Loss: 1.4833, Train: 92.91%, Valid: 92.52%, Test In: 92.58% Test OOD1: 73.43% 
Epoch: 180, Loss: 1.4906, Train: 92.93%, Valid: 92.56%, Test In: 92.59% Test OOD1: 73.59% 
Epoch: 181, Loss: 1.4884, Train: 92.93%, Valid: 92.55%, Test In: 92.61% Test OOD1: 73.60% 
Epoch: 182, Loss: 1.4843, Train: 92.94%, Valid: 92.55%, Test In: 92.62% Test OOD1: 73.57% 
Epoch: 183, Loss: 1.4765, Train: 92.92%, Valid: 92.54%, Test In: 92.64% Test OOD1: 73.52% 
Epoch: 184, Loss: 1.4789, Train: 92.93%, Valid: 92.55%, Test In: 92.66% Test OOD1: 73.57% 
Epoch: 185, Loss: 1.4635, Train: 92.95%, Valid: 92.56%, Test In: 92.64% Test OOD1: 73.72% 
Epoch: 186, Loss: 1.4738, Train: 92.97%, Valid: 92.58%, Test In: 92.68% Test OOD1: 73.88% 
Epoch: 187, Loss: 1.4752, Train: 92.99%, Valid: 92.62%, Test In: 92.67% Test OOD1: 74.01% 
Epoch: 188, Loss: 1.4698, Train: 93.01%, Valid: 92.60%, Test In: 92.68% Test OOD1: 74.10% 
Epoch: 189, Loss: 1.4673, Train: 93.01%, Valid: 92.61%, Test In: 92.66% Test OOD1: 74.05% 
Epoch: 190, Loss: 1.4520, Train: 93.01%, Valid: 92.62%, Test In: 92.72% Test OOD1: 73.90% 
Epoch: 191, Loss: 1.4599, Train: 92.99%, Valid: 92.60%, Test In: 92.72% Test OOD1: 73.85% 
Epoch: 192, Loss: 1.4516, Train: 93.02%, Valid: 92.62%, Test In: 92.76% Test OOD1: 73.91% 
Epoch: 193, Loss: 1.4487, Train: 93.04%, Valid: 92.66%, Test In: 92.75% Test OOD1: 74.07% 
Epoch: 194, Loss: 1.4587, Train: 93.07%, Valid: 92.70%, Test In: 92.74% Test OOD1: 74.28% 
Epoch: 195, Loss: 1.4483, Train: 93.08%, Valid: 92.72%, Test In: 92.76% Test OOD1: 74.31% 
Epoch: 196, Loss: 1.4478, Train: 93.08%, Valid: 92.71%, Test In: 92.78% Test OOD1: 74.31% 
Epoch: 197, Loss: 1.4428, Train: 93.08%, Valid: 92.72%, Test In: 92.82% Test OOD1: 74.35% 
Epoch: 198, Loss: 1.4308, Train: 93.10%, Valid: 92.74%, Test In: 92.82% Test OOD1: 74.41% 
Epoch: 199, Loss: 1.4418, Train: 93.10%, Valid: 92.74%, Test In: 92.83% Test OOD1: 74.48% 
Epoch: 200, Loss: 1.4327, Train: 93.11%, Valid: 92.72%, Test In: 92.84% Test OOD1: 74.56% 
Epoch: 201, Loss: 1.4372, Train: 93.12%, Valid: 92.77%, Test In: 92.87% Test OOD1: 74.58% 
Epoch: 202, Loss: 1.4265, Train: 93.15%, Valid: 92.75%, Test In: 92.92% Test OOD1: 74.55% 
Epoch: 203, Loss: 1.4338, Train: 93.16%, Valid: 92.78%, Test In: 92.92% Test OOD1: 74.60% 
Epoch: 204, Loss: 1.4268, Train: 93.17%, Valid: 92.83%, Test In: 92.89% Test OOD1: 74.87% 
Epoch: 205, Loss: 1.4209, Train: 93.19%, Valid: 92.84%, Test In: 92.87% Test OOD1: 75.04% 
Epoch: 206, Loss: 1.4277, Train: 93.22%, Valid: 92.80%, Test In: 92.84% Test OOD1: 75.19% 
Epoch: 207, Loss: 1.4194, Train: 93.21%, Valid: 92.80%, Test In: 92.88% Test OOD1: 75.26% 
Epoch: 208, Loss: 1.4105, Train: 93.22%, Valid: 92.81%, Test In: 92.89% Test OOD1: 75.33% 
Epoch: 209, Loss: 1.4204, Train: 93.23%, Valid: 92.82%, Test In: 92.92% Test OOD1: 75.29% 
Epoch: 210, Loss: 1.4033, Train: 93.22%, Valid: 92.83%, Test In: 92.94% Test OOD1: 75.25% 
Epoch: 211, Loss: 1.4112, Train: 93.22%, Valid: 92.83%, Test In: 92.94% Test OOD1: 75.28% 
Epoch: 212, Loss: 1.4046, Train: 93.26%, Valid: 92.85%, Test In: 92.93% Test OOD1: 75.28% 
Epoch: 213, Loss: 1.4111, Train: 93.27%, Valid: 92.85%, Test In: 92.97% Test OOD1: 75.39% 
Epoch: 214, Loss: 1.4084, Train: 93.28%, Valid: 92.87%, Test In: 92.96% Test OOD1: 75.52% 
Epoch: 215, Loss: 1.3933, Train: 93.29%, Valid: 92.87%, Test In: 92.95% Test OOD1: 75.59% 
Epoch: 216, Loss: 1.3991, Train: 93.28%, Valid: 92.89%, Test In: 92.97% Test OOD1: 75.56% 
Epoch: 217, Loss: 1.4027, Train: 93.30%, Valid: 92.88%, Test In: 92.98% Test OOD1: 75.42% 
Epoch: 218, Loss: 1.3928, Train: 93.32%, Valid: 92.89%, Test In: 92.99% Test OOD1: 75.37% 
Epoch: 219, Loss: 1.4051, Train: 93.33%, Valid: 92.89%, Test In: 93.00% Test OOD1: 75.43% 
Epoch: 220, Loss: 1.3835, Train: 93.35%, Valid: 92.91%, Test In: 93.01% Test OOD1: 75.66% 
Epoch: 221, Loss: 1.3790, Train: 93.37%, Valid: 92.89%, Test In: 92.97% Test OOD1: 75.88% 
Epoch: 222, Loss: 1.3784, Train: 93.40%, Valid: 92.92%, Test In: 92.99% Test OOD1: 75.95% 
Epoch: 223, Loss: 1.3985, Train: 93.39%, Valid: 92.91%, Test In: 93.01% Test OOD1: 75.92% 
Epoch: 224, Loss: 1.3892, Train: 93.42%, Valid: 92.92%, Test In: 93.03% Test OOD1: 75.84% 
Epoch: 225, Loss: 1.3762, Train: 93.42%, Valid: 92.89%, Test In: 93.03% Test OOD1: 75.97% 
Epoch: 226, Loss: 1.3863, Train: 93.43%, Valid: 92.91%, Test In: 93.03% Test OOD1: 76.13% 
Epoch: 227, Loss: 1.3867, Train: 93.43%, Valid: 92.93%, Test In: 93.06% Test OOD1: 76.17% 
Epoch: 228, Loss: 1.3763, Train: 93.45%, Valid: 92.95%, Test In: 93.08% Test OOD1: 76.17% 
Epoch: 229, Loss: 1.3701, Train: 93.46%, Valid: 92.94%, Test In: 93.06% Test OOD1: 76.18% 
Epoch: 230, Loss: 1.3771, Train: 93.47%, Valid: 92.94%, Test In: 93.08% Test OOD1: 76.26% 
Epoch: 231, Loss: 1.3600, Train: 93.48%, Valid: 92.93%, Test In: 93.11% Test OOD1: 76.37% 
Epoch: 232, Loss: 1.3595, Train: 93.50%, Valid: 92.91%, Test In: 93.10% Test OOD1: 76.46% 
Epoch: 233, Loss: 1.3680, Train: 93.50%, Valid: 92.95%, Test In: 93.13% Test OOD1: 76.44% 
Epoch: 234, Loss: 1.3561, Train: 93.49%, Valid: 92.97%, Test In: 93.11% Test OOD1: 76.35% 
Epoch: 235, Loss: 1.3598, Train: 93.51%, Valid: 92.97%, Test In: 93.13% Test OOD1: 76.26% 
Epoch: 236, Loss: 1.3582, Train: 93.53%, Valid: 93.01%, Test In: 93.15% Test OOD1: 76.38% 
Epoch: 237, Loss: 1.3555, Train: 93.56%, Valid: 92.99%, Test In: 93.13% Test OOD1: 76.51% 
Epoch: 238, Loss: 1.3455, Train: 93.57%, Valid: 93.00%, Test In: 93.13% Test OOD1: 76.56% 
Epoch: 239, Loss: 1.3507, Train: 93.58%, Valid: 93.01%, Test In: 93.14% Test OOD1: 76.63% 
Epoch: 240, Loss: 1.3479, Train: 93.60%, Valid: 93.03%, Test In: 93.16% Test OOD1: 76.63% 
Epoch: 241, Loss: 1.3431, Train: 93.62%, Valid: 93.05%, Test In: 93.20% Test OOD1: 76.61% 
Epoch: 242, Loss: 1.3436, Train: 93.63%, Valid: 93.08%, Test In: 93.19% Test OOD1: 76.75% 
Epoch: 243, Loss: 1.3460, Train: 93.63%, Valid: 93.07%, Test In: 93.24% Test OOD1: 76.94% 
Epoch: 244, Loss: 1.3399, Train: 93.65%, Valid: 93.08%, Test In: 93.26% Test OOD1: 76.96% 
Epoch: 245, Loss: 1.3345, Train: 93.64%, Valid: 93.10%, Test In: 93.26% Test OOD1: 76.97% 
Epoch: 246, Loss: 1.3398, Train: 93.66%, Valid: 93.09%, Test In: 93.24% Test OOD1: 77.04% 
Epoch: 247, Loss: 1.3234, Train: 93.68%, Valid: 93.10%, Test In: 93.24% Test OOD1: 77.06% 
Epoch: 248, Loss: 1.3300, Train: 93.71%, Valid: 93.12%, Test In: 93.26% Test OOD1: 77.10% 
Epoch: 249, Loss: 1.3324, Train: 93.70%, Valid: 93.13%, Test In: 93.28% Test OOD1: 77.05% 
Epoch: 250, Loss: 1.3254, Train: 93.72%, Valid: 93.14%, Test In: 93.26% Test OOD1: 77.06% 
Epoch: 251, Loss: 1.3361, Train: 93.73%, Valid: 93.14%, Test In: 93.29% Test OOD1: 77.01% 
Epoch: 252, Loss: 1.3297, Train: 93.75%, Valid: 93.12%, Test In: 93.31% Test OOD1: 77.11% 
Epoch: 253, Loss: 1.3373, Train: 93.75%, Valid: 93.11%, Test In: 93.31% Test OOD1: 77.31% 
Epoch: 254, Loss: 1.3215, Train: 93.73%, Valid: 93.12%, Test In: 93.29% Test OOD1: 77.36% 
Epoch: 255, Loss: 1.3182, Train: 93.76%, Valid: 93.16%, Test In: 93.30% Test OOD1: 77.28% 
Epoch: 256, Loss: 1.3203, Train: 93.79%, Valid: 93.15%, Test In: 93.30% Test OOD1: 77.21% 
Epoch: 257, Loss: 1.3191, Train: 93.79%, Valid: 93.16%, Test In: 93.31% Test OOD1: 77.24% 
Epoch: 258, Loss: 1.3207, Train: 93.81%, Valid: 93.16%, Test In: 93.30% Test OOD1: 77.35% 
Epoch: 259, Loss: 1.3078, Train: 93.82%, Valid: 93.16%, Test In: 93.28% Test OOD1: 77.45% 
Epoch: 260, Loss: 1.3036, Train: 93.85%, Valid: 93.18%, Test In: 93.34% Test OOD1: 77.51% 
Epoch: 261, Loss: 1.3148, Train: 93.88%, Valid: 93.18%, Test In: 93.32% Test OOD1: 77.54% 
Epoch: 262, Loss: 1.3051, Train: 93.88%, Valid: 93.18%, Test In: 93.32% Test OOD1: 77.55% 
Epoch: 263, Loss: 1.2959, Train: 93.87%, Valid: 93.20%, Test In: 93.31% Test OOD1: 77.72% 
Epoch: 264, Loss: 1.2999, Train: 93.85%, Valid: 93.16%, Test In: 93.31% Test OOD1: 77.96% 
Epoch: 265, Loss: 1.2983, Train: 93.87%, Valid: 93.18%, Test In: 93.37% Test OOD1: 78.04% 
Epoch: 266, Loss: 1.2944, Train: 93.90%, Valid: 93.20%, Test In: 93.39% Test OOD1: 77.97% 
Epoch: 267, Loss: 1.3063, Train: 93.92%, Valid: 93.24%, Test In: 93.40% Test OOD1: 77.77% 
Epoch: 268, Loss: 1.2961, Train: 93.95%, Valid: 93.23%, Test In: 93.41% Test OOD1: 77.68% 
Epoch: 269, Loss: 1.2988, Train: 93.94%, Valid: 93.24%, Test In: 93.41% Test OOD1: 77.89% 
Epoch: 270, Loss: 1.3006, Train: 93.95%, Valid: 93.24%, Test In: 93.43% Test OOD1: 78.23% 
Epoch: 271, Loss: 1.2990, Train: 93.95%, Valid: 93.20%, Test In: 93.39% Test OOD1: 78.43% 
Epoch: 272, Loss: 1.2882, Train: 93.96%, Valid: 93.20%, Test In: 93.41% Test OOD1: 78.38% 
Epoch: 273, Loss: 1.2927, Train: 94.00%, Valid: 93.25%, Test In: 93.39% Test OOD1: 78.11% 
Epoch: 274, Loss: 1.2974, Train: 93.99%, Valid: 93.24%, Test In: 93.43% Test OOD1: 77.92% 
Epoch: 275, Loss: 1.2833, Train: 93.99%, Valid: 93.22%, Test In: 93.37% Test OOD1: 78.04% 
Epoch: 276, Loss: 1.2853, Train: 93.99%, Valid: 93.22%, Test In: 93.39% Test OOD1: 78.30% 
Epoch: 277, Loss: 1.2822, Train: 94.01%, Valid: 93.21%, Test In: 93.39% Test OOD1: 78.47% 
Epoch: 278, Loss: 1.2815, Train: 94.03%, Valid: 93.22%, Test In: 93.41% Test OOD1: 78.57% 
Epoch: 279, Loss: 1.2794, Train: 94.03%, Valid: 93.23%, Test In: 93.41% Test OOD1: 78.51% 
Epoch: 280, Loss: 1.2748, Train: 94.06%, Valid: 93.22%, Test In: 93.41% Test OOD1: 78.41% 
Epoch: 281, Loss: 1.2755, Train: 94.08%, Valid: 93.28%, Test In: 93.39% Test OOD1: 78.38% 
Epoch: 282, Loss: 1.2725, Train: 94.07%, Valid: 93.25%, Test In: 93.43% Test OOD1: 78.60% 
Epoch: 283, Loss: 1.2650, Train: 94.08%, Valid: 93.27%, Test In: 93.44% Test OOD1: 78.78% 
Epoch: 284, Loss: 1.2644, Train: 94.11%, Valid: 93.31%, Test In: 93.42% Test OOD1: 78.83% 
Epoch: 285, Loss: 1.2626, Train: 94.15%, Valid: 93.29%, Test In: 93.47% Test OOD1: 78.69% 
Epoch: 286, Loss: 1.2659, Train: 94.16%, Valid: 93.31%, Test In: 93.49% Test OOD1: 78.72% 
Epoch: 287, Loss: 1.2673, Train: 94.17%, Valid: 93.30%, Test In: 93.46% Test OOD1: 78.86% 
Epoch: 288, Loss: 1.2573, Train: 94.18%, Valid: 93.33%, Test In: 93.47% Test OOD1: 78.99% 
Epoch: 289, Loss: 1.2596, Train: 94.20%, Valid: 93.31%, Test In: 93.46% Test OOD1: 78.93% 
Epoch: 290, Loss: 1.2526, Train: 94.22%, Valid: 93.32%, Test In: 93.47% Test OOD1: 78.89% 
Epoch: 291, Loss: 1.2597, Train: 94.23%, Valid: 93.33%, Test In: 93.45% Test OOD1: 78.86% 
Epoch: 292, Loss: 1.2596, Train: 94.27%, Valid: 93.34%, Test In: 93.50% Test OOD1: 78.93% 
Epoch: 293, Loss: 1.2465, Train: 94.27%, Valid: 93.35%, Test In: 93.51% Test OOD1: 79.08% 
Epoch: 294, Loss: 1.2575, Train: 94.28%, Valid: 93.38%, Test In: 93.51% Test OOD1: 79.17% 
Epoch: 295, Loss: 1.2326, Train: 94.28%, Valid: 93.40%, Test In: 93.55% Test OOD1: 79.36% 
Epoch: 296, Loss: 1.2455, Train: 94.29%, Valid: 93.41%, Test In: 93.56% Test OOD1: 79.36% 
Epoch: 297, Loss: 1.2427, Train: 94.30%, Valid: 93.38%, Test In: 93.54% Test OOD1: 79.19% 
Epoch: 298, Loss: 1.2529, Train: 94.31%, Valid: 93.38%, Test In: 93.54% Test OOD1: 79.08% 
Epoch: 299, Loss: 1.2358, Train: 94.34%, Valid: 93.39%, Test In: 93.57% Test OOD1: 79.12% 
Epoch: 300, Loss: 1.2380, Train: 94.34%, Valid: 93.41%, Test In: 93.58% Test OOD1: 79.29% 
Epoch: 301, Loss: 1.2350, Train: 94.37%, Valid: 93.45%, Test In: 93.60% Test OOD1: 79.51% 
Epoch: 302, Loss: 1.2388, Train: 94.37%, Valid: 93.44%, Test In: 93.60% Test OOD1: 79.53% 
Epoch: 303, Loss: 1.2297, Train: 94.40%, Valid: 93.43%, Test In: 93.60% Test OOD1: 79.27% 
Epoch: 304, Loss: 1.2286, Train: 94.39%, Valid: 93.43%, Test In: 93.60% Test OOD1: 79.08% 
Epoch: 305, Loss: 1.2339, Train: 94.39%, Valid: 93.45%, Test In: 93.62% Test OOD1: 79.19% 
Epoch: 306, Loss: 1.2316, Train: 94.41%, Valid: 93.45%, Test In: 93.66% Test OOD1: 79.52% 
Epoch: 307, Loss: 1.2304, Train: 94.41%, Valid: 93.49%, Test In: 93.66% Test OOD1: 79.70% 
Epoch: 308, Loss: 1.2239, Train: 94.41%, Valid: 93.46%, Test In: 93.66% Test OOD1: 79.60% 
Epoch: 309, Loss: 1.2290, Train: 94.43%, Valid: 93.48%, Test In: 93.67% Test OOD1: 79.44% 
Epoch: 310, Loss: 1.2233, Train: 94.44%, Valid: 93.49%, Test In: 93.68% Test OOD1: 79.44% 
Epoch: 311, Loss: 1.2251, Train: 94.46%, Valid: 93.49%, Test In: 93.68% Test OOD1: 79.61% 
Epoch: 312, Loss: 1.2071, Train: 94.50%, Valid: 93.52%, Test In: 93.68% Test OOD1: 79.77% 
Epoch: 313, Loss: 1.2151, Train: 94.51%, Valid: 93.52%, Test In: 93.69% Test OOD1: 79.77% 
Epoch: 314, Loss: 1.2195, Train: 94.52%, Valid: 93.51%, Test In: 93.68% Test OOD1: 79.69% 
Epoch: 315, Loss: 1.2186, Train: 94.55%, Valid: 93.50%, Test In: 93.67% Test OOD1: 79.65% 
Epoch: 316, Loss: 1.2074, Train: 94.56%, Valid: 93.49%, Test In: 93.70% Test OOD1: 79.62% 
Epoch: 317, Loss: 1.2116, Train: 94.59%, Valid: 93.49%, Test In: 93.70% Test OOD1: 79.72% 
Epoch: 318, Loss: 1.2148, Train: 94.63%, Valid: 93.48%, Test In: 93.70% Test OOD1: 79.85% 
Epoch: 319, Loss: 1.2104, Train: 94.64%, Valid: 93.49%, Test In: 93.73% Test OOD1: 79.90% 
Epoch: 320, Loss: 1.2127, Train: 94.68%, Valid: 93.50%, Test In: 93.74% Test OOD1: 79.96% 
Epoch: 321, Loss: 1.2051, Train: 94.68%, Valid: 93.50%, Test In: 93.72% Test OOD1: 79.95% 
Epoch: 322, Loss: 1.1939, Train: 94.67%, Valid: 93.51%, Test In: 93.72% Test OOD1: 79.88% 
Epoch: 323, Loss: 1.2027, Train: 94.68%, Valid: 93.54%, Test In: 93.72% Test OOD1: 79.88% 
Epoch: 324, Loss: 1.2019, Train: 94.72%, Valid: 93.54%, Test In: 93.72% Test OOD1: 79.94% 
Epoch: 325, Loss: 1.1971, Train: 94.74%, Valid: 93.56%, Test In: 93.73% Test OOD1: 80.00% 
Epoch: 326, Loss: 1.2078, Train: 94.75%, Valid: 93.54%, Test In: 93.76% Test OOD1: 80.03% 
Epoch: 327, Loss: 1.2027, Train: 94.76%, Valid: 93.56%, Test In: 93.75% Test OOD1: 80.07% 
Epoch: 328, Loss: 1.1938, Train: 94.75%, Valid: 93.54%, Test In: 93.72% Test OOD1: 80.24% 
Epoch: 329, Loss: 1.1808, Train: 94.79%, Valid: 93.58%, Test In: 93.77% Test OOD1: 80.11% 
Epoch: 330, Loss: 1.1892, Train: 94.76%, Valid: 93.64%, Test In: 93.77% Test OOD1: 79.84% 
Epoch: 331, Loss: 1.1801, Train: 94.80%, Valid: 93.62%, Test In: 93.80% Test OOD1: 79.95% 
Epoch: 332, Loss: 1.1930, Train: 94.82%, Valid: 93.62%, Test In: 93.79% Test OOD1: 80.16% 
Epoch: 333, Loss: 1.1987, Train: 94.85%, Valid: 93.60%, Test In: 93.79% Test OOD1: 80.35% 
Epoch: 334, Loss: 1.1871, Train: 94.87%, Valid: 93.59%, Test In: 93.81% Test OOD1: 80.40% 
Epoch: 335, Loss: 1.1871, Train: 94.89%, Valid: 93.64%, Test In: 93.85% Test OOD1: 80.18% 
Epoch: 336, Loss: 1.1882, Train: 94.87%, Valid: 93.67%, Test In: 93.83% Test OOD1: 80.07% 
Epoch: 337, Loss: 1.1784, Train: 94.88%, Valid: 93.63%, Test In: 93.86% Test OOD1: 80.30% 
Epoch: 338, Loss: 1.1734, Train: 94.89%, Valid: 93.68%, Test In: 93.77% Test OOD1: 80.53% 
Epoch: 339, Loss: 1.1744, Train: 94.89%, Valid: 93.64%, Test In: 93.81% Test OOD1: 80.41% 
Epoch: 340, Loss: 1.1695, Train: 94.91%, Valid: 93.70%, Test In: 93.83% Test OOD1: 80.19% 
Epoch: 341, Loss: 1.1666, Train: 94.94%, Valid: 93.70%, Test In: 93.86% Test OOD1: 80.23% 
Epoch: 342, Loss: 1.1666, Train: 94.92%, Valid: 93.68%, Test In: 93.84% Test OOD1: 80.52% 
Epoch: 343, Loss: 1.1728, Train: 94.96%, Valid: 93.73%, Test In: 93.86% Test OOD1: 80.54% 
Epoch: 344, Loss: 1.1763, Train: 94.97%, Valid: 93.72%, Test In: 93.87% Test OOD1: 80.41% 
Epoch: 345, Loss: 1.1623, Train: 94.97%, Valid: 93.75%, Test In: 93.91% Test OOD1: 80.17% 
Epoch: 346, Loss: 1.1543, Train: 94.99%, Valid: 93.77%, Test In: 93.92% Test OOD1: 80.26% 
Epoch: 347, Loss: 1.1591, Train: 95.02%, Valid: 93.75%, Test In: 93.87% Test OOD1: 80.55% 
Epoch: 348, Loss: 1.1660, Train: 95.02%, Valid: 93.79%, Test In: 93.89% Test OOD1: 80.75% 
Epoch: 349, Loss: 1.1534, Train: 95.06%, Valid: 93.79%, Test In: 93.94% Test OOD1: 80.61% 
Epoch: 350, Loss: 1.1502, Train: 95.07%, Valid: 93.81%, Test In: 93.98% Test OOD1: 80.40% 
Epoch: 351, Loss: 1.1722, Train: 95.08%, Valid: 93.79%, Test In: 93.97% Test OOD1: 80.55% 
Epoch: 352, Loss: 1.1588, Train: 95.08%, Valid: 93.79%, Test In: 93.92% Test OOD1: 80.90% 
Epoch: 353, Loss: 1.1610, Train: 95.11%, Valid: 93.79%, Test In: 93.93% Test OOD1: 80.92% 
Epoch: 354, Loss: 1.1454, Train: 95.07%, Valid: 93.82%, Test In: 93.96% Test OOD1: 80.77% 
Epoch: 355, Loss: 1.1463, Train: 95.10%, Valid: 93.83%, Test In: 94.01% Test OOD1: 80.62% 
Epoch: 356, Loss: 1.1472, Train: 95.10%, Valid: 93.82%, Test In: 94.00% Test OOD1: 80.63% 
Epoch: 357, Loss: 1.1464, Train: 95.11%, Valid: 93.81%, Test In: 93.93% Test OOD1: 80.73% 
Epoch: 358, Loss: 1.1535, Train: 95.15%, Valid: 93.81%, Test In: 93.97% Test OOD1: 80.71% 
Epoch: 359, Loss: 1.1412, Train: 95.13%, Valid: 93.85%, Test In: 93.94% Test OOD1: 80.60% 
Epoch: 360, Loss: 1.1410, Train: 95.17%, Valid: 93.87%, Test In: 93.94% Test OOD1: 80.61% 
Epoch: 361, Loss: 1.1310, Train: 95.16%, Valid: 93.88%, Test In: 94.00% Test OOD1: 80.55% 
Epoch: 362, Loss: 1.1418, Train: 95.21%, Valid: 93.87%, Test In: 94.03% Test OOD1: 80.66% 
Epoch: 363, Loss: 1.1302, Train: 95.20%, Valid: 93.89%, Test In: 93.97% Test OOD1: 80.75% 
Epoch: 364, Loss: 1.1330, Train: 95.23%, Valid: 93.91%, Test In: 93.98% Test OOD1: 80.84% 
Epoch: 365, Loss: 1.1262, Train: 95.24%, Valid: 93.95%, Test In: 93.98% Test OOD1: 80.72% 
Epoch: 366, Loss: 1.1405, Train: 95.25%, Valid: 93.95%, Test In: 94.01% Test OOD1: 80.67% 
Epoch: 367, Loss: 1.1286, Train: 95.30%, Valid: 93.93%, Test In: 94.04% Test OOD1: 80.76% 
Epoch: 368, Loss: 1.1321, Train: 95.36%, Valid: 93.94%, Test In: 94.05% Test OOD1: 80.89% 
Epoch: 369, Loss: 1.1271, Train: 95.32%, Valid: 93.91%, Test In: 94.09% Test OOD1: 81.10% 
Epoch: 370, Loss: 1.1261, Train: 95.35%, Valid: 93.93%, Test In: 94.08% Test OOD1: 81.11% 
Epoch: 371, Loss: 1.1155, Train: 95.38%, Valid: 94.02%, Test In: 94.06% Test OOD1: 80.92% 
Epoch: 372, Loss: 1.1123, Train: 95.37%, Valid: 94.01%, Test In: 94.10% Test OOD1: 80.83% 
Epoch: 373, Loss: 1.1227, Train: 95.38%, Valid: 94.02%, Test In: 94.08% Test OOD1: 80.86% 
Epoch: 374, Loss: 1.1253, Train: 95.37%, Valid: 93.97%, Test In: 94.10% Test OOD1: 81.01% 
Epoch: 375, Loss: 1.1215, Train: 95.39%, Valid: 93.96%, Test In: 94.10% Test OOD1: 81.16% 
Epoch: 376, Loss: 1.1094, Train: 95.39%, Valid: 94.00%, Test In: 94.08% Test OOD1: 81.17% 
Epoch: 377, Loss: 1.1113, Train: 95.40%, Valid: 94.00%, Test In: 94.12% Test OOD1: 80.94% 
Epoch: 378, Loss: 1.1083, Train: 95.41%, Valid: 94.06%, Test In: 94.13% Test OOD1: 80.93% 
Epoch: 379, Loss: 1.1095, Train: 95.43%, Valid: 94.06%, Test In: 94.14% Test OOD1: 81.13% 
Epoch: 380, Loss: 1.1054, Train: 95.47%, Valid: 94.05%, Test In: 94.14% Test OOD1: 81.22% 
Epoch: 381, Loss: 1.1015, Train: 95.47%, Valid: 93.97%, Test In: 94.17% Test OOD1: 81.29% 
Epoch: 382, Loss: 1.1152, Train: 95.51%, Valid: 94.04%, Test In: 94.18% Test OOD1: 81.25% 
Epoch: 383, Loss: 1.1033, Train: 95.52%, Valid: 94.04%, Test In: 94.17% Test OOD1: 81.38% 
Epoch: 384, Loss: 1.1108, Train: 95.51%, Valid: 94.04%, Test In: 94.18% Test OOD1: 81.48% 
Epoch: 385, Loss: 1.0983, Train: 95.55%, Valid: 94.12%, Test In: 94.18% Test OOD1: 81.37% 
Epoch: 386, Loss: 1.1007, Train: 95.56%, Valid: 94.14%, Test In: 94.20% Test OOD1: 81.24% 
Epoch: 387, Loss: 1.1051, Train: 95.53%, Valid: 94.15%, Test In: 94.18% Test OOD1: 81.15% 
Epoch: 388, Loss: 1.1059, Train: 95.54%, Valid: 94.08%, Test In: 94.18% Test OOD1: 81.37% 
Epoch: 389, Loss: 1.1083, Train: 95.56%, Valid: 94.06%, Test In: 94.25% Test OOD1: 81.50% 
Epoch: 390, Loss: 1.1074, Train: 95.59%, Valid: 94.09%, Test In: 94.27% Test OOD1: 81.54% 
Epoch: 391, Loss: 1.1008, Train: 95.61%, Valid: 94.14%, Test In: 94.24% Test OOD1: 81.50% 
Epoch: 392, Loss: 1.0854, Train: 95.64%, Valid: 94.18%, Test In: 94.25% Test OOD1: 81.20% 
Epoch: 393, Loss: 1.0989, Train: 95.65%, Valid: 94.24%, Test In: 94.27% Test OOD1: 81.03% 
Epoch: 394, Loss: 1.0870, Train: 95.69%, Valid: 94.21%, Test In: 94.27% Test OOD1: 81.33% 
Epoch: 395, Loss: 1.0770, Train: 95.69%, Valid: 94.16%, Test In: 94.33% Test OOD1: 81.71% 
Epoch: 396, Loss: 1.0910, Train: 95.69%, Valid: 94.17%, Test In: 94.37% Test OOD1: 81.60% 
Epoch: 397, Loss: 1.0859, Train: 95.67%, Valid: 94.21%, Test In: 94.33% Test OOD1: 81.29% 
Epoch: 398, Loss: 1.0876, Train: 95.67%, Valid: 94.25%, Test In: 94.30% Test OOD1: 81.17% 
Epoch: 399, Loss: 1.0752, Train: 95.68%, Valid: 94.27%, Test In: 94.36% Test OOD1: 81.55% 
Epoch: 400, Loss: 1.0857, Train: 95.68%, Valid: 94.20%, Test In: 94.39% Test OOD1: 82.01% 
Epoch: 401, Loss: 1.0830, Train: 95.73%, Valid: 94.21%, Test In: 94.38% Test OOD1: 81.85% 
Epoch: 402, Loss: 1.0784, Train: 95.80%, Valid: 94.25%, Test In: 94.36% Test OOD1: 81.43% 
Epoch: 403, Loss: 1.0718, Train: 95.79%, Valid: 94.22%, Test In: 94.39% Test OOD1: 81.24% 
Epoch: 404, Loss: 1.0729, Train: 95.83%, Valid: 94.28%, Test In: 94.40% Test OOD1: 81.53% 
Epoch: 405, Loss: 1.0711, Train: 95.78%, Valid: 94.28%, Test In: 94.42% Test OOD1: 81.81% 
Epoch: 406, Loss: 1.0722, Train: 95.77%, Valid: 94.26%, Test In: 94.40% Test OOD1: 81.79% 
Epoch: 407, Loss: 1.0630, Train: 95.84%, Valid: 94.35%, Test In: 94.39% Test OOD1: 81.47% 
Epoch: 408, Loss: 1.0684, Train: 95.87%, Valid: 94.35%, Test In: 94.44% Test OOD1: 81.42% 
Epoch: 409, Loss: 1.0629, Train: 95.87%, Valid: 94.32%, Test In: 94.46% Test OOD1: 81.61% 
Epoch: 410, Loss: 1.0599, Train: 95.88%, Valid: 94.29%, Test In: 94.52% Test OOD1: 81.88% 
Epoch: 411, Loss: 1.0581, Train: 95.89%, Valid: 94.33%, Test In: 94.56% Test OOD1: 81.91% 
Epoch: 412, Loss: 1.0578, Train: 95.90%, Valid: 94.37%, Test In: 94.47% Test OOD1: 81.73% 
Epoch: 413, Loss: 1.0597, Train: 95.90%, Valid: 94.41%, Test In: 94.51% Test OOD1: 81.71% 
Epoch: 414, Loss: 1.0551, Train: 95.93%, Valid: 94.39%, Test In: 94.54% Test OOD1: 81.90% 
Epoch: 415, Loss: 1.0551, Train: 95.96%, Valid: 94.37%, Test In: 94.54% Test OOD1: 82.06% 
Epoch: 416, Loss: 1.0519, Train: 95.96%, Valid: 94.43%, Test In: 94.56% Test OOD1: 82.13% 
Epoch: 417, Loss: 1.0542, Train: 95.96%, Valid: 94.41%, Test In: 94.59% Test OOD1: 82.25% 
Epoch: 418, Loss: 1.0530, Train: 96.01%, Valid: 94.39%, Test In: 94.64% Test OOD1: 82.22% 
Epoch: 419, Loss: 1.0382, Train: 96.01%, Valid: 94.40%, Test In: 94.61% Test OOD1: 82.15% 
Epoch: 420, Loss: 1.0480, Train: 96.02%, Valid: 94.41%, Test In: 94.62% Test OOD1: 82.05% 
Epoch: 421, Loss: 1.0423, Train: 96.02%, Valid: 94.43%, Test In: 94.64% Test OOD1: 81.95% 
Epoch: 422, Loss: 1.0466, Train: 96.04%, Valid: 94.44%, Test In: 94.63% Test OOD1: 81.99% 
Epoch: 423, Loss: 1.0420, Train: 96.05%, Valid: 94.46%, Test In: 94.65% Test OOD1: 82.17% 
Epoch: 424, Loss: 1.0407, Train: 96.06%, Valid: 94.47%, Test In: 94.64% Test OOD1: 82.14% 
Epoch: 425, Loss: 1.0410, Train: 96.07%, Valid: 94.47%, Test In: 94.64% Test OOD1: 82.15% 
Epoch: 426, Loss: 1.0292, Train: 96.08%, Valid: 94.48%, Test In: 94.68% Test OOD1: 82.23% 
Epoch: 427, Loss: 1.0266, Train: 96.11%, Valid: 94.48%, Test In: 94.68% Test OOD1: 82.29% 
Epoch: 428, Loss: 1.0352, Train: 96.12%, Valid: 94.48%, Test In: 94.68% Test OOD1: 82.14% 
Epoch: 429, Loss: 1.0217, Train: 96.14%, Valid: 94.44%, Test In: 94.69% Test OOD1: 82.25% 
Epoch: 430, Loss: 1.0362, Train: 96.17%, Valid: 94.51%, Test In: 94.71% Test OOD1: 82.39% 
Epoch: 431, Loss: 1.0241, Train: 96.20%, Valid: 94.50%, Test In: 94.72% Test OOD1: 82.32% 
Epoch: 432, Loss: 1.0289, Train: 96.22%, Valid: 94.48%, Test In: 94.71% Test OOD1: 82.12% 
Epoch: 433, Loss: 1.0177, Train: 96.22%, Valid: 94.50%, Test In: 94.71% Test OOD1: 81.96% 
Epoch: 434, Loss: 1.0217, Train: 96.21%, Valid: 94.53%, Test In: 94.68% Test OOD1: 82.00% 
Epoch: 435, Loss: 1.0160, Train: 96.25%, Valid: 94.56%, Test In: 94.75% Test OOD1: 82.22% 
Epoch: 436, Loss: 1.0304, Train: 96.29%, Valid: 94.56%, Test In: 94.72% Test OOD1: 82.30% 
Epoch: 437, Loss: 1.0164, Train: 96.31%, Valid: 94.49%, Test In: 94.70% Test OOD1: 82.17% 
Epoch: 438, Loss: 1.0112, Train: 96.31%, Valid: 94.50%, Test In: 94.68% Test OOD1: 82.13% 
Epoch: 439, Loss: 1.0108, Train: 96.32%, Valid: 94.54%, Test In: 94.68% Test OOD1: 82.15% 
Epoch: 440, Loss: 1.0136, Train: 96.33%, Valid: 94.56%, Test In: 94.70% Test OOD1: 82.27% 
Epoch: 441, Loss: 1.0137, Train: 96.33%, Valid: 94.56%, Test In: 94.74% Test OOD1: 82.46% 
Epoch: 442, Loss: 1.0154, Train: 96.37%, Valid: 94.55%, Test In: 94.69% Test OOD1: 82.25% 
Epoch: 443, Loss: 1.0165, Train: 96.38%, Valid: 94.56%, Test In: 94.75% Test OOD1: 82.02% 
Epoch: 444, Loss: 1.0097, Train: 96.40%, Valid: 94.54%, Test In: 94.77% Test OOD1: 82.07% 
Epoch: 445, Loss: 1.0133, Train: 96.42%, Valid: 94.59%, Test In: 94.77% Test OOD1: 82.31% 
Epoch: 446, Loss: 1.0036, Train: 96.41%, Valid: 94.61%, Test In: 94.77% Test OOD1: 82.32% 
Epoch: 447, Loss: 1.0090, Train: 96.44%, Valid: 94.65%, Test In: 94.81% Test OOD1: 82.26% 
Epoch: 448, Loss: 1.0044, Train: 96.44%, Valid: 94.62%, Test In: 94.83% Test OOD1: 82.14% 
Epoch: 449, Loss: 0.9958, Train: 96.47%, Valid: 94.63%, Test In: 94.84% Test OOD1: 82.31% 
Epoch: 450, Loss: 1.0095, Train: 96.48%, Valid: 94.61%, Test In: 94.88% Test OOD1: 82.45% 
Epoch: 451, Loss: 0.9838, Train: 96.50%, Valid: 94.64%, Test In: 94.86% Test OOD1: 82.49% 
Epoch: 452, Loss: 1.0011, Train: 96.48%, Valid: 94.65%, Test In: 94.87% Test OOD1: 82.47% 
Epoch: 453, Loss: 0.9880, Train: 96.50%, Valid: 94.66%, Test In: 94.89% Test OOD1: 82.47% 
Epoch: 454, Loss: 0.9983, Train: 96.50%, Valid: 94.64%, Test In: 94.87% Test OOD1: 82.27% 
Epoch: 455, Loss: 0.9916, Train: 96.51%, Valid: 94.60%, Test In: 94.87% Test OOD1: 82.17% 
Epoch: 456, Loss: 1.0025, Train: 96.52%, Valid: 94.58%, Test In: 94.92% Test OOD1: 82.38% 
Epoch: 457, Loss: 0.9915, Train: 96.54%, Valid: 94.58%, Test In: 94.89% Test OOD1: 82.48% 
Epoch: 458, Loss: 0.9851, Train: 96.58%, Valid: 94.62%, Test In: 94.91% Test OOD1: 82.48% 
Epoch: 459, Loss: 0.9763, Train: 96.60%, Valid: 94.63%, Test In: 94.97% Test OOD1: 82.35% 
Epoch: 460, Loss: 0.9877, Train: 96.61%, Valid: 94.68%, Test In: 94.94% Test OOD1: 82.37% 
Epoch: 461, Loss: 0.9837, Train: 96.63%, Valid: 94.71%, Test In: 94.97% Test OOD1: 82.37% 
Epoch: 462, Loss: 0.9733, Train: 96.63%, Valid: 94.70%, Test In: 94.96% Test OOD1: 82.45% 
Epoch: 463, Loss: 0.9773, Train: 96.64%, Valid: 94.75%, Test In: 94.94% Test OOD1: 82.42% 
Epoch: 464, Loss: 0.9716, Train: 96.65%, Valid: 94.73%, Test In: 94.94% Test OOD1: 82.61% 
Epoch: 465, Loss: 0.9659, Train: 96.69%, Valid: 94.74%, Test In: 94.94% Test OOD1: 82.85% 
Epoch: 466, Loss: 0.9814, Train: 96.70%, Valid: 94.74%, Test In: 94.97% Test OOD1: 82.81% 
Epoch: 467, Loss: 0.9818, Train: 96.72%, Valid: 94.77%, Test In: 95.01% Test OOD1: 82.83% 
Epoch: 468, Loss: 0.9628, Train: 96.74%, Valid: 94.76%, Test In: 95.02% Test OOD1: 82.82% 
Epoch: 469, Loss: 0.9580, Train: 96.77%, Valid: 94.76%, Test In: 95.03% Test OOD1: 82.94% 
Epoch: 470, Loss: 0.9697, Train: 96.77%, Valid: 94.80%, Test In: 95.01% Test OOD1: 83.01% 
Epoch: 471, Loss: 0.9686, Train: 96.78%, Valid: 94.81%, Test In: 95.04% Test OOD1: 82.81% 
Epoch: 472, Loss: 0.9595, Train: 96.77%, Valid: 94.79%, Test In: 95.03% Test OOD1: 82.71% 
Epoch: 473, Loss: 0.9595, Train: 96.80%, Valid: 94.75%, Test In: 95.00% Test OOD1: 82.88% 
Epoch: 474, Loss: 0.9620, Train: 96.80%, Valid: 94.69%, Test In: 95.00% Test OOD1: 82.90% 
Epoch: 475, Loss: 0.9568, Train: 96.80%, Valid: 94.77%, Test In: 95.03% Test OOD1: 82.73% 
Epoch: 476, Loss: 0.9639, Train: 96.83%, Valid: 94.79%, Test In: 95.01% Test OOD1: 82.58% 
Epoch: 477, Loss: 0.9547, Train: 96.83%, Valid: 94.83%, Test In: 95.05% Test OOD1: 82.78% 
Epoch: 478, Loss: 0.9572, Train: 96.84%, Valid: 94.83%, Test In: 95.06% Test OOD1: 82.77% 
Epoch: 479, Loss: 0.9507, Train: 96.85%, Valid: 94.81%, Test In: 95.12% Test OOD1: 82.67% 
Epoch: 480, Loss: 0.9504, Train: 96.88%, Valid: 94.81%, Test In: 95.12% Test OOD1: 82.73% 
Epoch: 481, Loss: 0.9519, Train: 96.90%, Valid: 94.87%, Test In: 95.15% Test OOD1: 82.77% 
Epoch: 482, Loss: 0.9509, Train: 96.91%, Valid: 94.84%, Test In: 95.18% Test OOD1: 83.04% 
Epoch: 483, Loss: 0.9413, Train: 96.92%, Valid: 94.88%, Test In: 95.14% Test OOD1: 83.20% 
Epoch: 484, Loss: 0.9385, Train: 96.94%, Valid: 94.89%, Test In: 95.16% Test OOD1: 82.96% 
Epoch: 485, Loss: 0.9463, Train: 96.93%, Valid: 94.91%, Test In: 95.14% Test OOD1: 83.15% 
Epoch: 486, Loss: 0.9445, Train: 96.92%, Valid: 94.89%, Test In: 95.14% Test OOD1: 83.33% 
Epoch: 487, Loss: 0.9483, Train: 96.94%, Valid: 94.89%, Test In: 95.10% Test OOD1: 83.21% 
Epoch: 488, Loss: 0.9426, Train: 96.99%, Valid: 94.84%, Test In: 95.16% Test OOD1: 82.91% 
Epoch: 489, Loss: 0.9370, Train: 97.00%, Valid: 94.87%, Test In: 95.12% Test OOD1: 82.92% 
Epoch: 490, Loss: 0.9323, Train: 96.98%, Valid: 94.89%, Test In: 95.21% Test OOD1: 83.18% 
Epoch: 491, Loss: 0.9366, Train: 97.00%, Valid: 94.91%, Test In: 95.27% Test OOD1: 83.31% 
Epoch: 492, Loss: 0.9287, Train: 97.02%, Valid: 94.91%, Test In: 95.23% Test OOD1: 83.20% 
Epoch: 493, Loss: 0.9384, Train: 97.05%, Valid: 94.87%, Test In: 95.23% Test OOD1: 83.05% 
Epoch: 494, Loss: 0.9273, Train: 97.07%, Valid: 94.89%, Test In: 95.25% Test OOD1: 82.98% 
Epoch: 495, Loss: 0.9246, Train: 97.08%, Valid: 94.91%, Test In: 95.26% Test OOD1: 83.13% 
Epoch: 496, Loss: 0.9291, Train: 97.10%, Valid: 94.90%, Test In: 95.25% Test OOD1: 83.24% 
Epoch: 497, Loss: 0.9201, Train: 97.11%, Valid: 94.98%, Test In: 95.23% Test OOD1: 83.13% 
Epoch: 498, Loss: 0.9250, Train: 97.11%, Valid: 95.00%, Test In: 95.27% Test OOD1: 83.11% 
Epoch: 499, Loss: 0.9315, Train: 97.13%, Valid: 94.98%, Test In: 95.28% Test OOD1: 83.27% 
Run 02:
Highest Train: 97.13
Highest Valid: 95.00
Highest In Test: 95.28
Highest OOD Test: 83.33
Chosen epoch: 499
Final Train: 97.11
Final In Test: 95.27
Final OOD Test: 83.11
All runs:
Highest Train: 97.22 ± 0.13
Highest Valid: 95.02 ± 0.04
Highest In Test: 95.37 ± 0.13
Highest OOD Test: 84.13 ± 1.12
  Final Train: 97.21 ± 0.15
   Final In  Test: 95.37 ± 0.13
   Final OOD Test: 83.71 ± 0.84
[INFO] TensorBoard writer closed.

Command: python main.py --dataset pubmed --backbone_type gcn --env_type graph --combine_result --store_result --epochs 500 --runs 2 --num_layers 2 --expert_agg mean --tau 2 --device 1 --other_env_objective irm --lr 0.001 --weight_decay 5e-05 --dropout 0.2 --lamda 1.0 --K 3 --hidden_channels 64 --other_env_reduce env --result_name pubmed_stage1_lr0.001_weight_decay5e-05_dropout0.2_lamda1.0_K3_hidden_channels64_other_env_reduceenv
Return code: 0
Elapsed: 450.38s
