Namespace(K=4, backbone_type='gcn', causal_align_weight=0.1, causal_hidden_channels=0, causal_loss_weight=1.0, combine_result=True, cpu=False, data_dir='./data/', dataset='citeseer', device=1, display_step=1, dropout=0.2, env_type='node', epochs=500, expert_agg='mean', gate_hidden=64, hidden_channels=32, infer_env=False, infer_env_components=64, infer_env_iters=30, infer_env_num=3, lamda=2.0, lr=0.01, num_layers=2, other_env_irm_lambda=1.0, other_env_loss_agg='mean', other_env_loss_temp=1.0, other_env_objective='irm', other_env_reduce='env', pos_weight=5.0, result_name='citeseer_stage1_lr0.01_weight_decay5e-05_dropout0.2_lamda2.0_K4_hidden_channels32_other_env_reduceenv', runs=2, seed=2024, store_result=True, tau=1, use_bn=False, use_causal_head=False, variant=False, weight_decay=5e-05)
using existing synthetic data...
dataset citeseer: all nodes 19962 | edges 54624 | classes 6 | feats 3713
train nodes 4990 | valid nodes 2495 | test in nodes 2496
test ood1 nodes 9981 
[INFO] env numbers: 6 train env numbers: 3
MODEL: CaNet(
  (experts): ModuleList(
    (0): ExpertNet(
      (convs): ModuleList(
        (0): CaNetConv()
        (1): CaNetConv()
      )
      (fcs): ModuleList(
        (0): Linear(in_features=3713, out_features=32, bias=True)
        (1): Linear(in_features=32, out_features=6, bias=True)
      )
      (act_fn): ReLU()
    )
    (1): ExpertNet(
      (convs): ModuleList(
        (0): CaNetConv()
        (1): CaNetConv()
      )
      (fcs): ModuleList(
        (0): Linear(in_features=3713, out_features=32, bias=True)
        (1): Linear(in_features=32, out_features=6, bias=True)
      )
      (act_fn): ReLU()
    )
    (2): ExpertNet(
      (convs): ModuleList(
        (0): CaNetConv()
        (1): CaNetConv()
      )
      (fcs): ModuleList(
        (0): Linear(in_features=3713, out_features=32, bias=True)
        (1): Linear(in_features=32, out_features=6, bias=True)
      )
      (act_fn): ReLU()
    )
    (3): ExpertNet(
      (convs): ModuleList(
        (0): CaNetConv()
        (1): CaNetConv()
      )
      (fcs): ModuleList(
        (0): Linear(in_features=3713, out_features=32, bias=True)
        (1): Linear(in_features=32, out_features=6, bias=True)
      )
      (act_fn): ReLU()
    )
  )
  (gate): Sequential(
    (0): Linear(in_features=3713, out_features=64, bias=True)
    (1): ReLU()
    (2): Linear(in_features=64, out_features=4, bias=True)
  )
)
[INFO] TensorBoard logging activated. Logs will be saved to: ./runs/citeseer/Apr19_22-37-29_lamda_2.0_otheragg_mean
Epoch: 00, Loss: 16.1540, Train: 21.10%, Valid: 20.76%, Test In: 21.31% Test OOD1: 21.07% 
Epoch: 01, Loss: 15.9843, Train: 21.10%, Valid: 20.76%, Test In: 21.31% Test OOD1: 21.44% 
Epoch: 02, Loss: 15.7283, Train: 21.14%, Valid: 20.80%, Test In: 21.31% Test OOD1: 25.63% 
Epoch: 03, Loss: 15.3911, Train: 21.96%, Valid: 21.40%, Test In: 21.83% Test OOD1: 29.46% 
Epoch: 04, Loss: 15.0414, Train: 40.22%, Valid: 38.84%, Test In: 38.98% Test OOD1: 46.06% 
Epoch: 05, Loss: 14.5562, Train: 62.26%, Valid: 59.16%, Test In: 60.46% Test OOD1: 57.85% 
Epoch: 06, Loss: 14.0172, Train: 69.54%, Valid: 67.62%, Test In: 68.43% Test OOD1: 61.75% 
Epoch: 07, Loss: 13.3955, Train: 72.73%, Valid: 71.70%, Test In: 71.92% Test OOD1: 64.38% 
Epoch: 08, Loss: 12.6530, Train: 75.09%, Valid: 73.79%, Test In: 74.16% Test OOD1: 65.94% 
Epoch: 09, Loss: 11.8071, Train: 78.08%, Valid: 76.75%, Test In: 77.76% Test OOD1: 67.58% 
Epoch: 10, Loss: 10.9584, Train: 79.60%, Valid: 77.52%, Test In: 79.33% Test OOD1: 68.06% 
Epoch: 11, Loss: 10.1248, Train: 80.52%, Valid: 78.60%, Test In: 80.01% Test OOD1: 68.05% 
Epoch: 12, Loss: 9.3929, Train: 81.30%, Valid: 79.12%, Test In: 80.77% Test OOD1: 68.61% 
Epoch: 13, Loss: 8.6994, Train: 81.24%, Valid: 79.36%, Test In: 80.61% Test OOD1: 69.01% 
Epoch: 14, Loss: 8.2633, Train: 81.70%, Valid: 79.84%, Test In: 80.85% Test OOD1: 68.65% 
Epoch: 15, Loss: 7.8289, Train: 82.00%, Valid: 79.88%, Test In: 81.01% Test OOD1: 68.46% 
Epoch: 16, Loss: 7.4422, Train: 82.04%, Valid: 80.04%, Test In: 81.37% Test OOD1: 68.41% 
Epoch: 17, Loss: 7.1018, Train: 82.65%, Valid: 80.12%, Test In: 81.45% Test OOD1: 68.81% 
Epoch: 18, Loss: 6.8503, Train: 83.13%, Valid: 80.52%, Test In: 81.57% Test OOD1: 68.05% 
Epoch: 19, Loss: 6.6480, Train: 83.37%, Valid: 80.88%, Test In: 81.61% Test OOD1: 68.11% 
Epoch: 20, Loss: 6.4172, Train: 83.61%, Valid: 80.96%, Test In: 81.69% Test OOD1: 68.86% 
Epoch: 21, Loss: 6.2303, Train: 83.73%, Valid: 80.84%, Test In: 81.49% Test OOD1: 69.37% 
Epoch: 22, Loss: 5.9456, Train: 83.67%, Valid: 80.60%, Test In: 81.37% Test OOD1: 69.35% 
Epoch: 23, Loss: 5.8115, Train: 83.87%, Valid: 80.64%, Test In: 81.81% Test OOD1: 69.38% 
Epoch: 24, Loss: 5.6001, Train: 84.45%, Valid: 80.56%, Test In: 82.01% Test OOD1: 69.64% 
Epoch: 25, Loss: 5.4709, Train: 84.91%, Valid: 80.72%, Test In: 82.09% Test OOD1: 70.01% 
Epoch: 26, Loss: 5.2869, Train: 85.09%, Valid: 80.76%, Test In: 82.05% Test OOD1: 70.48% 
Epoch: 27, Loss: 5.2243, Train: 85.35%, Valid: 80.68%, Test In: 82.37% Test OOD1: 71.21% 
Epoch: 28, Loss: 5.0904, Train: 85.69%, Valid: 80.76%, Test In: 82.53% Test OOD1: 71.90% 
Epoch: 29, Loss: 4.8996, Train: 86.11%, Valid: 80.96%, Test In: 83.01% Test OOD1: 72.50% 
Epoch: 30, Loss: 4.8426, Train: 86.59%, Valid: 81.20%, Test In: 82.89% Test OOD1: 73.00% 
Epoch: 31, Loss: 4.7094, Train: 87.15%, Valid: 81.36%, Test In: 83.17% Test OOD1: 73.44% 
Epoch: 32, Loss: 4.6552, Train: 87.49%, Valid: 81.76%, Test In: 83.33% Test OOD1: 73.94% 
Epoch: 33, Loss: 4.4634, Train: 87.86%, Valid: 81.92%, Test In: 83.73% Test OOD1: 74.32% 
Epoch: 34, Loss: 4.3731, Train: 88.34%, Valid: 82.12%, Test In: 84.29% Test OOD1: 74.90% 
Epoch: 35, Loss: 4.2949, Train: 89.00%, Valid: 82.48%, Test In: 84.42% Test OOD1: 75.59% 
Epoch: 36, Loss: 4.1587, Train: 89.46%, Valid: 82.85%, Test In: 84.54% Test OOD1: 76.28% 
Epoch: 37, Loss: 4.0720, Train: 89.66%, Valid: 82.97%, Test In: 84.66% Test OOD1: 77.13% 
Epoch: 38, Loss: 3.9648, Train: 90.08%, Valid: 83.09%, Test In: 84.66% Test OOD1: 77.86% 
Epoch: 39, Loss: 3.8230, Train: 90.38%, Valid: 83.53%, Test In: 85.02% Test OOD1: 78.28% 
Epoch: 40, Loss: 3.7370, Train: 90.94%, Valid: 83.81%, Test In: 84.74% Test OOD1: 78.57% 
Epoch: 41, Loss: 3.6435, Train: 91.36%, Valid: 84.05%, Test In: 84.78% Test OOD1: 79.16% 
Epoch: 42, Loss: 3.5427, Train: 91.60%, Valid: 84.01%, Test In: 85.02% Test OOD1: 79.63% 
Epoch: 43, Loss: 3.4851, Train: 92.08%, Valid: 84.01%, Test In: 85.22% Test OOD1: 80.12% 
Epoch: 44, Loss: 3.3472, Train: 92.75%, Valid: 84.21%, Test In: 85.54% Test OOD1: 80.50% 
Epoch: 45, Loss: 3.2526, Train: 93.21%, Valid: 84.45%, Test In: 85.86% Test OOD1: 80.86% 
Epoch: 46, Loss: 3.1356, Train: 93.39%, Valid: 84.53%, Test In: 85.82% Test OOD1: 81.43% 
Epoch: 47, Loss: 3.0750, Train: 93.83%, Valid: 84.93%, Test In: 86.10% Test OOD1: 82.42% 
Epoch: 48, Loss: 2.9431, Train: 94.21%, Valid: 85.17%, Test In: 86.26% Test OOD1: 82.81% 
Epoch: 49, Loss: 2.8698, Train: 94.49%, Valid: 85.29%, Test In: 86.26% Test OOD1: 83.12% 
Epoch: 50, Loss: 2.8167, Train: 94.73%, Valid: 85.49%, Test In: 86.42% Test OOD1: 83.51% 
Epoch: 51, Loss: 2.7327, Train: 95.01%, Valid: 85.37%, Test In: 86.54% Test OOD1: 84.43% 
Epoch: 52, Loss: 2.6424, Train: 95.13%, Valid: 85.29%, Test In: 86.54% Test OOD1: 85.17% 
Epoch: 53, Loss: 2.5181, Train: 95.35%, Valid: 85.57%, Test In: 86.66% Test OOD1: 85.42% 
Epoch: 54, Loss: 2.4852, Train: 95.77%, Valid: 85.97%, Test In: 86.98% Test OOD1: 85.68% 
Epoch: 55, Loss: 2.3848, Train: 95.93%, Valid: 86.37%, Test In: 87.06% Test OOD1: 86.10% 
Epoch: 56, Loss: 2.3354, Train: 96.21%, Valid: 86.57%, Test In: 87.26% Test OOD1: 86.73% 
Epoch: 57, Loss: 2.2416, Train: 96.27%, Valid: 86.57%, Test In: 87.30% Test OOD1: 87.31% 
Epoch: 58, Loss: 2.1872, Train: 96.67%, Valid: 87.01%, Test In: 87.74% Test OOD1: 87.56% 
Epoch: 59, Loss: 2.1042, Train: 97.01%, Valid: 87.37%, Test In: 87.94% Test OOD1: 87.81% 
Epoch: 60, Loss: 2.0430, Train: 97.17%, Valid: 87.58%, Test In: 88.38% Test OOD1: 88.39% 
Epoch: 61, Loss: 1.9713, Train: 97.41%, Valid: 87.90%, Test In: 88.50% Test OOD1: 88.89% 
Epoch: 62, Loss: 1.8635, Train: 97.74%, Valid: 88.02%, Test In: 88.38% Test OOD1: 89.31% 
Epoch: 63, Loss: 1.8677, Train: 97.92%, Valid: 88.10%, Test In: 88.90% Test OOD1: 89.55% 
Epoch: 64, Loss: 1.7756, Train: 98.10%, Valid: 88.30%, Test In: 88.90% Test OOD1: 89.89% 
Epoch: 65, Loss: 1.7431, Train: 98.34%, Valid: 88.66%, Test In: 89.02% Test OOD1: 90.36% 
Epoch: 66, Loss: 1.6712, Train: 98.40%, Valid: 88.82%, Test In: 89.22% Test OOD1: 90.63% 
Epoch: 67, Loss: 1.5901, Train: 98.62%, Valid: 89.34%, Test In: 89.50% Test OOD1: 90.90% 
Epoch: 68, Loss: 1.6138, Train: 98.84%, Valid: 89.38%, Test In: 89.62% Test OOD1: 91.16% 
Epoch: 69, Loss: 1.5217, Train: 98.98%, Valid: 89.62%, Test In: 89.86% Test OOD1: 91.48% 
Epoch: 70, Loss: 1.4587, Train: 99.10%, Valid: 89.86%, Test In: 90.02% Test OOD1: 91.79% 
Epoch: 71, Loss: 1.4418, Train: 99.16%, Valid: 90.02%, Test In: 90.22% Test OOD1: 92.18% 
Epoch: 72, Loss: 1.3757, Train: 99.26%, Valid: 90.30%, Test In: 90.34% Test OOD1: 92.30% 
Epoch: 73, Loss: 1.3523, Train: 99.34%, Valid: 90.58%, Test In: 90.54% Test OOD1: 92.54% 
Epoch: 74, Loss: 1.2848, Train: 99.44%, Valid: 90.58%, Test In: 90.75% Test OOD1: 92.79% 
Epoch: 75, Loss: 1.2507, Train: 99.48%, Valid: 90.90%, Test In: 90.83% Test OOD1: 93.10% 
Epoch: 76, Loss: 1.2056, Train: 99.56%, Valid: 91.02%, Test In: 90.99% Test OOD1: 93.02% 
Epoch: 77, Loss: 1.1508, Train: 99.68%, Valid: 91.14%, Test In: 91.15% Test OOD1: 93.00% 
Epoch: 78, Loss: 1.0942, Train: 99.66%, Valid: 91.34%, Test In: 90.99% Test OOD1: 93.08% 
Epoch: 79, Loss: 1.0876, Train: 99.68%, Valid: 91.46%, Test In: 91.11% Test OOD1: 93.43% 
Epoch: 80, Loss: 1.0382, Train: 99.66%, Valid: 91.66%, Test In: 91.43% Test OOD1: 93.77% 
Epoch: 81, Loss: 1.0049, Train: 99.76%, Valid: 91.82%, Test In: 91.59% Test OOD1: 93.95% 
Epoch: 82, Loss: 0.9884, Train: 99.76%, Valid: 92.02%, Test In: 91.59% Test OOD1: 93.99% 
Epoch: 83, Loss: 0.9843, Train: 99.78%, Valid: 92.22%, Test In: 91.59% Test OOD1: 94.11% 
Epoch: 84, Loss: 0.9759, Train: 99.82%, Valid: 92.51%, Test In: 91.67% Test OOD1: 94.27% 
Epoch: 85, Loss: 0.8896, Train: 99.84%, Valid: 92.38%, Test In: 91.95% Test OOD1: 94.46% 
Epoch: 86, Loss: 0.8600, Train: 99.86%, Valid: 92.63%, Test In: 91.91% Test OOD1: 94.54% 
Epoch: 87, Loss: 0.8575, Train: 99.86%, Valid: 92.75%, Test In: 92.31% Test OOD1: 94.78% 
Epoch: 88, Loss: 0.8294, Train: 99.86%, Valid: 92.83%, Test In: 92.35% Test OOD1: 94.88% 
Epoch: 89, Loss: 0.8076, Train: 99.86%, Valid: 92.75%, Test In: 92.63% Test OOD1: 94.79% 
Epoch: 90, Loss: 0.7851, Train: 99.88%, Valid: 92.83%, Test In: 92.71% Test OOD1: 94.82% 
Epoch: 91, Loss: 0.7534, Train: 99.88%, Valid: 92.87%, Test In: 92.71% Test OOD1: 94.93% 
Epoch: 92, Loss: 0.7462, Train: 99.90%, Valid: 92.91%, Test In: 92.75% Test OOD1: 95.11% 
Epoch: 93, Loss: 0.6991, Train: 99.92%, Valid: 92.95%, Test In: 92.79% Test OOD1: 95.29% 
Epoch: 94, Loss: 0.7084, Train: 99.92%, Valid: 93.11%, Test In: 93.07% Test OOD1: 95.35% 
Epoch: 95, Loss: 0.6673, Train: 99.94%, Valid: 93.23%, Test In: 92.91% Test OOD1: 95.30% 
Epoch: 96, Loss: 0.6725, Train: 99.94%, Valid: 93.27%, Test In: 93.11% Test OOD1: 95.32% 
Epoch: 97, Loss: 0.6291, Train: 99.94%, Valid: 93.27%, Test In: 93.23% Test OOD1: 95.34% 
Epoch: 98, Loss: 0.6005, Train: 99.94%, Valid: 93.15%, Test In: 93.07% Test OOD1: 95.46% 
Epoch: 99, Loss: 0.6338, Train: 99.96%, Valid: 93.07%, Test In: 93.11% Test OOD1: 95.62% 
Epoch: 100, Loss: 0.6061, Train: 99.96%, Valid: 93.07%, Test In: 93.15% Test OOD1: 95.66% 
Epoch: 101, Loss: 0.6037, Train: 99.94%, Valid: 93.11%, Test In: 93.23% Test OOD1: 95.75% 
Epoch: 102, Loss: 0.6081, Train: 99.96%, Valid: 93.19%, Test In: 93.23% Test OOD1: 95.77% 
Epoch: 103, Loss: 0.5845, Train: 99.96%, Valid: 93.23%, Test In: 93.31% Test OOD1: 95.72% 
Epoch: 104, Loss: 0.5811, Train: 99.96%, Valid: 93.35%, Test In: 93.35% Test OOD1: 95.70% 
Epoch: 105, Loss: 0.5352, Train: 99.96%, Valid: 93.27%, Test In: 93.43% Test OOD1: 95.73% 
Epoch: 106, Loss: 0.5310, Train: 99.96%, Valid: 93.43%, Test In: 93.43% Test OOD1: 95.83% 
Epoch: 107, Loss: 0.5192, Train: 99.98%, Valid: 93.47%, Test In: 93.39% Test OOD1: 95.86% 
Epoch: 108, Loss: 0.4927, Train: 99.98%, Valid: 93.39%, Test In: 93.51% Test OOD1: 95.94% 
Epoch: 109, Loss: 0.4841, Train: 99.98%, Valid: 93.31%, Test In: 93.43% Test OOD1: 95.89% 
Epoch: 110, Loss: 0.5141, Train: 99.98%, Valid: 93.27%, Test In: 93.51% Test OOD1: 95.91% 
Epoch: 111, Loss: 0.5021, Train: 99.98%, Valid: 93.31%, Test In: 93.51% Test OOD1: 95.97% 
Epoch: 112, Loss: 0.4726, Train: 99.98%, Valid: 93.39%, Test In: 93.55% Test OOD1: 95.99% 
Epoch: 113, Loss: 0.4641, Train: 99.98%, Valid: 93.43%, Test In: 93.59% Test OOD1: 96.05% 
Epoch: 114, Loss: 0.4752, Train: 99.98%, Valid: 93.31%, Test In: 93.55% Test OOD1: 96.04% 
Epoch: 115, Loss: 0.4715, Train: 99.98%, Valid: 93.27%, Test In: 93.59% Test OOD1: 96.01% 
Epoch: 116, Loss: 0.4395, Train: 99.98%, Valid: 93.23%, Test In: 93.63% Test OOD1: 96.01% 
Epoch: 117, Loss: 0.4237, Train: 99.98%, Valid: 93.35%, Test In: 93.55% Test OOD1: 96.03% 
Epoch: 118, Loss: 0.4264, Train: 99.98%, Valid: 93.39%, Test In: 93.59% Test OOD1: 96.06% 
Epoch: 119, Loss: 0.4474, Train: 99.98%, Valid: 93.31%, Test In: 93.55% Test OOD1: 96.17% 
Epoch: 120, Loss: 0.4171, Train: 99.98%, Valid: 93.39%, Test In: 93.59% Test OOD1: 96.16% 
Epoch: 121, Loss: 0.4266, Train: 99.98%, Valid: 93.43%, Test In: 93.63% Test OOD1: 96.19% 
Epoch: 122, Loss: 0.4108, Train: 99.98%, Valid: 93.39%, Test In: 93.51% Test OOD1: 96.25% 
Epoch: 123, Loss: 0.4203, Train: 99.98%, Valid: 93.27%, Test In: 93.47% Test OOD1: 96.27% 
Epoch: 124, Loss: 0.3953, Train: 99.98%, Valid: 93.19%, Test In: 93.55% Test OOD1: 96.28% 
Epoch: 125, Loss: 0.3944, Train: 99.98%, Valid: 93.23%, Test In: 93.43% Test OOD1: 96.33% 
Epoch: 126, Loss: 0.3899, Train: 99.98%, Valid: 93.23%, Test In: 93.35% Test OOD1: 96.34% 
Epoch: 127, Loss: 0.3873, Train: 99.98%, Valid: 93.11%, Test In: 93.43% Test OOD1: 96.31% 
Epoch: 128, Loss: 0.4264, Train: 99.98%, Valid: 93.19%, Test In: 93.51% Test OOD1: 96.35% 
Epoch: 129, Loss: 0.3741, Train: 99.98%, Valid: 93.31%, Test In: 93.51% Test OOD1: 96.45% 
Epoch: 130, Loss: 0.3678, Train: 99.98%, Valid: 93.39%, Test In: 93.51% Test OOD1: 96.47% 
Epoch: 131, Loss: 0.3700, Train: 99.98%, Valid: 93.31%, Test In: 93.63% Test OOD1: 96.45% 
Epoch: 132, Loss: 0.3750, Train: 99.98%, Valid: 93.31%, Test In: 93.55% Test OOD1: 96.44% 
Epoch: 133, Loss: 0.3892, Train: 99.98%, Valid: 93.43%, Test In: 93.59% Test OOD1: 96.43% 
Epoch: 134, Loss: 0.3559, Train: 99.98%, Valid: 93.43%, Test In: 93.63% Test OOD1: 96.41% 
Epoch: 135, Loss: 0.3739, Train: 99.98%, Valid: 93.51%, Test In: 93.59% Test OOD1: 96.36% 
Epoch: 136, Loss: 0.3565, Train: 99.98%, Valid: 93.51%, Test In: 93.87% Test OOD1: 96.41% 
Epoch: 137, Loss: 0.3627, Train: 99.98%, Valid: 93.51%, Test In: 93.83% Test OOD1: 96.44% 
Epoch: 138, Loss: 0.3388, Train: 99.98%, Valid: 93.55%, Test In: 93.87% Test OOD1: 96.48% 
Epoch: 139, Loss: 0.3936, Train: 99.98%, Valid: 93.59%, Test In: 93.99% Test OOD1: 96.46% 
Epoch: 140, Loss: 0.3438, Train: 99.98%, Valid: 93.71%, Test In: 93.87% Test OOD1: 96.46% 
Epoch: 141, Loss: 0.3740, Train: 99.98%, Valid: 93.59%, Test In: 93.87% Test OOD1: 96.45% 
Epoch: 142, Loss: 0.3457, Train: 99.98%, Valid: 93.59%, Test In: 93.75% Test OOD1: 96.49% 
Epoch: 143, Loss: 0.3403, Train: 99.98%, Valid: 93.55%, Test In: 93.79% Test OOD1: 96.54% 
Epoch: 144, Loss: 0.3401, Train: 99.98%, Valid: 93.63%, Test In: 93.87% Test OOD1: 96.62% 
Epoch: 145, Loss: 0.3297, Train: 99.98%, Valid: 93.71%, Test In: 93.95% Test OOD1: 96.68% 
Epoch: 146, Loss: 0.3359, Train: 99.98%, Valid: 93.75%, Test In: 93.95% Test OOD1: 96.62% 
Epoch: 147, Loss: 0.3549, Train: 99.98%, Valid: 93.67%, Test In: 93.87% Test OOD1: 96.65% 
Epoch: 148, Loss: 0.3346, Train: 99.98%, Valid: 93.75%, Test In: 93.87% Test OOD1: 96.64% 
Epoch: 149, Loss: 0.3222, Train: 99.98%, Valid: 93.63%, Test In: 93.91% Test OOD1: 96.59% 
Epoch: 150, Loss: 0.3242, Train: 99.98%, Valid: 93.59%, Test In: 93.79% Test OOD1: 96.56% 
Epoch: 151, Loss: 0.3436, Train: 99.98%, Valid: 93.75%, Test In: 93.87% Test OOD1: 96.62% 
Epoch: 152, Loss: 0.3295, Train: 99.98%, Valid: 93.71%, Test In: 93.83% Test OOD1: 96.65% 
Epoch: 153, Loss: 0.3034, Train: 99.98%, Valid: 93.79%, Test In: 93.95% Test OOD1: 96.66% 
Epoch: 154, Loss: 0.3194, Train: 99.98%, Valid: 93.75%, Test In: 93.83% Test OOD1: 96.71% 
Epoch: 155, Loss: 0.2957, Train: 99.98%, Valid: 93.83%, Test In: 93.87% Test OOD1: 96.71% 
Epoch: 156, Loss: 0.2932, Train: 99.98%, Valid: 93.75%, Test In: 93.83% Test OOD1: 96.66% 
Epoch: 157, Loss: 0.3007, Train: 99.98%, Valid: 93.83%, Test In: 93.87% Test OOD1: 96.70% 
Epoch: 158, Loss: 0.3067, Train: 99.98%, Valid: 93.83%, Test In: 93.87% Test OOD1: 96.72% 
Epoch: 159, Loss: 0.2787, Train: 99.98%, Valid: 93.87%, Test In: 93.95% Test OOD1: 96.67% 
Epoch: 160, Loss: 0.3123, Train: 99.98%, Valid: 93.83%, Test In: 93.95% Test OOD1: 96.64% 
Epoch: 161, Loss: 0.2942, Train: 99.98%, Valid: 93.71%, Test In: 93.95% Test OOD1: 96.63% 
Epoch: 162, Loss: 0.2946, Train: 99.98%, Valid: 93.67%, Test In: 93.91% Test OOD1: 96.60% 
Epoch: 163, Loss: 0.3023, Train: 99.98%, Valid: 93.75%, Test In: 93.83% Test OOD1: 96.62% 
Epoch: 164, Loss: 0.2889, Train: 99.98%, Valid: 93.79%, Test In: 93.91% Test OOD1: 96.63% 
Epoch: 165, Loss: 0.2941, Train: 99.98%, Valid: 93.87%, Test In: 93.95% Test OOD1: 96.66% 
Epoch: 166, Loss: 0.3148, Train: 99.98%, Valid: 93.87%, Test In: 93.91% Test OOD1: 96.65% 
Epoch: 167, Loss: 0.2908, Train: 99.98%, Valid: 93.83%, Test In: 93.87% Test OOD1: 96.68% 
Epoch: 168, Loss: 0.2807, Train: 99.98%, Valid: 93.79%, Test In: 93.99% Test OOD1: 96.72% 
Epoch: 169, Loss: 0.2837, Train: 99.98%, Valid: 93.71%, Test In: 93.83% Test OOD1: 96.74% 
Epoch: 170, Loss: 0.2826, Train: 99.98%, Valid: 93.71%, Test In: 93.83% Test OOD1: 96.73% 
Epoch: 171, Loss: 0.2863, Train: 99.98%, Valid: 93.75%, Test In: 93.87% Test OOD1: 96.75% 
Epoch: 172, Loss: 0.2940, Train: 99.98%, Valid: 93.79%, Test In: 93.95% Test OOD1: 96.78% 
Epoch: 173, Loss: 0.2709, Train: 99.98%, Valid: 93.75%, Test In: 93.99% Test OOD1: 96.79% 
Epoch: 174, Loss: 0.2716, Train: 99.98%, Valid: 93.79%, Test In: 94.07% Test OOD1: 96.80% 
Epoch: 175, Loss: 0.2872, Train: 99.98%, Valid: 93.75%, Test In: 94.11% Test OOD1: 96.79% 
Epoch: 176, Loss: 0.2691, Train: 99.98%, Valid: 93.75%, Test In: 93.95% Test OOD1: 96.75% 
Epoch: 177, Loss: 0.2953, Train: 99.98%, Valid: 93.71%, Test In: 93.95% Test OOD1: 96.75% 
Epoch: 178, Loss: 0.2721, Train: 99.98%, Valid: 93.83%, Test In: 93.99% Test OOD1: 96.74% 
Epoch: 179, Loss: 0.2445, Train: 99.98%, Valid: 93.83%, Test In: 94.03% Test OOD1: 96.79% 
Epoch: 180, Loss: 0.2899, Train: 99.98%, Valid: 93.75%, Test In: 94.11% Test OOD1: 96.82% 
Epoch: 181, Loss: 0.2828, Train: 99.98%, Valid: 93.79%, Test In: 94.11% Test OOD1: 96.80% 
Epoch: 182, Loss: 0.2430, Train: 99.98%, Valid: 93.91%, Test In: 94.15% Test OOD1: 96.81% 
Epoch: 183, Loss: 0.2790, Train: 99.98%, Valid: 93.95%, Test In: 94.03% Test OOD1: 96.80% 
Epoch: 184, Loss: 0.2542, Train: 99.98%, Valid: 93.87%, Test In: 94.03% Test OOD1: 96.81% 
Epoch: 185, Loss: 0.2543, Train: 99.98%, Valid: 93.83%, Test In: 94.19% Test OOD1: 96.85% 
Epoch: 186, Loss: 0.2573, Train: 99.98%, Valid: 93.87%, Test In: 94.15% Test OOD1: 96.85% 
Epoch: 187, Loss: 0.2644, Train: 99.98%, Valid: 93.91%, Test In: 94.07% Test OOD1: 96.81% 
Epoch: 188, Loss: 0.2627, Train: 99.98%, Valid: 93.75%, Test In: 94.03% Test OOD1: 96.77% 
Epoch: 189, Loss: 0.2750, Train: 99.98%, Valid: 93.75%, Test In: 93.99% Test OOD1: 96.78% 
Epoch: 190, Loss: 0.2352, Train: 99.98%, Valid: 93.91%, Test In: 94.15% Test OOD1: 96.79% 
Epoch: 191, Loss: 0.2576, Train: 99.98%, Valid: 93.83%, Test In: 94.19% Test OOD1: 96.77% 
Epoch: 192, Loss: 0.2775, Train: 99.98%, Valid: 93.83%, Test In: 94.15% Test OOD1: 96.76% 
Epoch: 193, Loss: 0.2604, Train: 99.98%, Valid: 93.91%, Test In: 94.15% Test OOD1: 96.75% 
Epoch: 194, Loss: 0.2666, Train: 99.98%, Valid: 93.83%, Test In: 94.11% Test OOD1: 96.79% 
Epoch: 195, Loss: 0.2562, Train: 99.98%, Valid: 93.75%, Test In: 94.11% Test OOD1: 96.81% 
Epoch: 196, Loss: 0.2659, Train: 99.98%, Valid: 93.75%, Test In: 94.07% Test OOD1: 96.83% 
Epoch: 197, Loss: 0.2719, Train: 99.98%, Valid: 93.75%, Test In: 94.19% Test OOD1: 96.85% 
Epoch: 198, Loss: 0.2516, Train: 99.98%, Valid: 93.79%, Test In: 94.07% Test OOD1: 96.83% 
Epoch: 199, Loss: 0.2748, Train: 99.98%, Valid: 93.71%, Test In: 94.15% Test OOD1: 96.84% 
Epoch: 200, Loss: 0.2710, Train: 99.98%, Valid: 93.67%, Test In: 94.15% Test OOD1: 96.82% 
Epoch: 201, Loss: 0.2302, Train: 99.98%, Valid: 93.63%, Test In: 94.11% Test OOD1: 96.79% 
Epoch: 202, Loss: 0.2512, Train: 99.98%, Valid: 93.71%, Test In: 94.27% Test OOD1: 96.81% 
Epoch: 203, Loss: 0.2873, Train: 99.98%, Valid: 93.87%, Test In: 94.15% Test OOD1: 96.77% 
Epoch: 204, Loss: 0.2418, Train: 99.98%, Valid: 93.87%, Test In: 94.19% Test OOD1: 96.75% 
Epoch: 205, Loss: 0.2480, Train: 99.98%, Valid: 93.83%, Test In: 94.15% Test OOD1: 96.78% 
Epoch: 206, Loss: 0.2668, Train: 99.98%, Valid: 93.71%, Test In: 93.95% Test OOD1: 96.78% 
Epoch: 207, Loss: 0.2577, Train: 99.98%, Valid: 93.63%, Test In: 93.91% Test OOD1: 96.78% 
Epoch: 208, Loss: 0.2584, Train: 99.98%, Valid: 93.87%, Test In: 94.15% Test OOD1: 96.82% 
Epoch: 209, Loss: 0.2620, Train: 99.98%, Valid: 93.99%, Test In: 94.11% Test OOD1: 96.85% 
Epoch: 210, Loss: 0.2534, Train: 99.98%, Valid: 93.95%, Test In: 94.03% Test OOD1: 96.87% 
Epoch: 211, Loss: 0.2692, Train: 99.98%, Valid: 93.75%, Test In: 94.11% Test OOD1: 96.84% 
Epoch: 212, Loss: 0.2696, Train: 99.98%, Valid: 93.79%, Test In: 94.03% Test OOD1: 96.79% 
Epoch: 213, Loss: 0.2635, Train: 99.98%, Valid: 93.79%, Test In: 94.15% Test OOD1: 96.80% 
Epoch: 214, Loss: 0.2553, Train: 99.98%, Valid: 93.87%, Test In: 94.19% Test OOD1: 96.78% 
Epoch: 215, Loss: 0.2593, Train: 99.98%, Valid: 94.07%, Test In: 94.07% Test OOD1: 96.82% 
Epoch: 216, Loss: 0.2542, Train: 99.98%, Valid: 93.99%, Test In: 93.95% Test OOD1: 96.83% 
Epoch: 217, Loss: 0.2493, Train: 99.98%, Valid: 93.95%, Test In: 93.91% Test OOD1: 96.86% 
Epoch: 218, Loss: 0.2643, Train: 99.98%, Valid: 93.87%, Test In: 93.91% Test OOD1: 96.86% 
Epoch: 219, Loss: 0.2260, Train: 99.98%, Valid: 93.91%, Test In: 93.91% Test OOD1: 96.86% 
Epoch: 220, Loss: 0.2583, Train: 99.98%, Valid: 93.87%, Test In: 93.99% Test OOD1: 96.83% 
Epoch: 221, Loss: 0.2474, Train: 99.98%, Valid: 93.87%, Test In: 94.03% Test OOD1: 96.82% 
Epoch: 222, Loss: 0.2400, Train: 99.98%, Valid: 93.99%, Test In: 94.11% Test OOD1: 96.85% 
Epoch: 223, Loss: 0.2291, Train: 99.98%, Valid: 94.07%, Test In: 94.23% Test OOD1: 96.87% 
Epoch: 224, Loss: 0.2717, Train: 99.98%, Valid: 94.03%, Test In: 94.15% Test OOD1: 96.86% 
Epoch: 225, Loss: 0.2263, Train: 99.98%, Valid: 93.99%, Test In: 94.11% Test OOD1: 96.81% 
Epoch: 226, Loss: 0.2278, Train: 99.98%, Valid: 93.79%, Test In: 94.07% Test OOD1: 96.77% 
Epoch: 227, Loss: 0.2882, Train: 99.98%, Valid: 93.75%, Test In: 94.07% Test OOD1: 96.78% 
Epoch: 228, Loss: 0.2519, Train: 99.98%, Valid: 93.75%, Test In: 94.15% Test OOD1: 96.81% 
Epoch: 229, Loss: 0.2025, Train: 99.98%, Valid: 93.75%, Test In: 94.11% Test OOD1: 96.84% 
Epoch: 230, Loss: 0.2594, Train: 99.98%, Valid: 93.83%, Test In: 94.19% Test OOD1: 96.86% 
Epoch: 231, Loss: 0.2500, Train: 99.98%, Valid: 93.79%, Test In: 94.23% Test OOD1: 96.84% 
Epoch: 232, Loss: 0.2561, Train: 99.98%, Valid: 93.83%, Test In: 94.23% Test OOD1: 96.81% 
Epoch: 233, Loss: 0.2343, Train: 99.98%, Valid: 93.83%, Test In: 94.35% Test OOD1: 96.81% 
Epoch: 234, Loss: 0.2417, Train: 99.98%, Valid: 93.91%, Test In: 94.31% Test OOD1: 96.85% 
Epoch: 235, Loss: 0.2439, Train: 99.98%, Valid: 93.95%, Test In: 94.23% Test OOD1: 96.87% 
Epoch: 236, Loss: 0.2221, Train: 99.98%, Valid: 93.83%, Test In: 94.27% Test OOD1: 96.85% 
Epoch: 237, Loss: 0.2291, Train: 99.98%, Valid: 93.79%, Test In: 94.19% Test OOD1: 96.85% 
Epoch: 238, Loss: 0.2339, Train: 99.98%, Valid: 93.71%, Test In: 94.31% Test OOD1: 96.84% 
Epoch: 239, Loss: 0.2170, Train: 99.98%, Valid: 93.99%, Test In: 94.35% Test OOD1: 96.86% 
Epoch: 240, Loss: 0.2298, Train: 99.98%, Valid: 93.91%, Test In: 94.43% Test OOD1: 96.86% 
Epoch: 241, Loss: 0.2423, Train: 99.98%, Valid: 93.83%, Test In: 94.31% Test OOD1: 96.82% 
Epoch: 242, Loss: 0.2409, Train: 99.98%, Valid: 93.87%, Test In: 94.39% Test OOD1: 96.88% 
Epoch: 243, Loss: 0.2356, Train: 99.98%, Valid: 93.83%, Test In: 94.31% Test OOD1: 96.85% 
Epoch: 244, Loss: 0.2430, Train: 99.98%, Valid: 93.87%, Test In: 94.31% Test OOD1: 96.86% 
Epoch: 245, Loss: 0.2667, Train: 99.98%, Valid: 93.83%, Test In: 94.31% Test OOD1: 96.82% 
Epoch: 246, Loss: 0.2236, Train: 99.98%, Valid: 93.95%, Test In: 94.31% Test OOD1: 96.84% 
Epoch: 247, Loss: 0.2272, Train: 99.98%, Valid: 93.91%, Test In: 94.27% Test OOD1: 96.90% 
Epoch: 248, Loss: 0.2314, Train: 99.98%, Valid: 93.91%, Test In: 94.27% Test OOD1: 96.92% 
Epoch: 249, Loss: 0.2138, Train: 99.98%, Valid: 93.87%, Test In: 94.31% Test OOD1: 96.86% 
Epoch: 250, Loss: 0.2150, Train: 99.98%, Valid: 93.87%, Test In: 94.27% Test OOD1: 96.85% 
Epoch: 251, Loss: 0.2082, Train: 99.98%, Valid: 93.91%, Test In: 94.27% Test OOD1: 96.85% 
Epoch: 252, Loss: 0.2225, Train: 99.98%, Valid: 93.99%, Test In: 94.39% Test OOD1: 96.84% 
Epoch: 253, Loss: 0.2263, Train: 99.98%, Valid: 93.83%, Test In: 94.47% Test OOD1: 96.87% 
Epoch: 254, Loss: 0.2333, Train: 99.98%, Valid: 93.99%, Test In: 94.43% Test OOD1: 96.86% 
Epoch: 255, Loss: 0.2372, Train: 99.98%, Valid: 93.91%, Test In: 94.39% Test OOD1: 96.87% 
Epoch: 256, Loss: 0.2087, Train: 99.98%, Valid: 93.91%, Test In: 94.27% Test OOD1: 96.90% 
Epoch: 257, Loss: 0.2268, Train: 99.98%, Valid: 93.79%, Test In: 94.35% Test OOD1: 96.90% 
Epoch: 258, Loss: 0.2351, Train: 99.98%, Valid: 93.83%, Test In: 94.31% Test OOD1: 96.92% 
Epoch: 259, Loss: 0.1920, Train: 99.98%, Valid: 93.91%, Test In: 94.23% Test OOD1: 96.96% 
Epoch: 260, Loss: 0.2376, Train: 99.98%, Valid: 93.87%, Test In: 94.31% Test OOD1: 96.92% 
Epoch: 261, Loss: 0.2396, Train: 99.98%, Valid: 93.91%, Test In: 94.39% Test OOD1: 96.90% 
Epoch: 262, Loss: 0.2215, Train: 99.98%, Valid: 93.83%, Test In: 94.47% Test OOD1: 96.86% 
Epoch: 263, Loss: 0.2230, Train: 99.98%, Valid: 93.87%, Test In: 94.47% Test OOD1: 96.88% 
Epoch: 264, Loss: 0.2132, Train: 100.00%, Valid: 93.83%, Test In: 94.47% Test OOD1: 96.88% 
Epoch: 265, Loss: 0.2069, Train: 99.98%, Valid: 93.91%, Test In: 94.39% Test OOD1: 96.91% 
Epoch: 266, Loss: 0.2166, Train: 99.98%, Valid: 93.79%, Test In: 94.43% Test OOD1: 96.93% 
Epoch: 267, Loss: 0.2105, Train: 99.98%, Valid: 93.95%, Test In: 94.47% Test OOD1: 96.95% 
Epoch: 268, Loss: 0.2171, Train: 99.98%, Valid: 94.11%, Test In: 94.43% Test OOD1: 96.95% 
Epoch: 269, Loss: 0.2032, Train: 99.98%, Valid: 93.95%, Test In: 94.31% Test OOD1: 96.91% 
Epoch: 270, Loss: 0.2287, Train: 99.98%, Valid: 93.95%, Test In: 94.23% Test OOD1: 96.90% 
Epoch: 271, Loss: 0.2351, Train: 99.98%, Valid: 94.07%, Test In: 94.27% Test OOD1: 96.87% 
Epoch: 272, Loss: 0.2047, Train: 99.98%, Valid: 93.99%, Test In: 94.27% Test OOD1: 96.92% 
Epoch: 273, Loss: 0.2252, Train: 99.98%, Valid: 94.03%, Test In: 94.23% Test OOD1: 96.88% 
Epoch: 274, Loss: 0.2341, Train: 99.98%, Valid: 94.07%, Test In: 94.39% Test OOD1: 96.85% 
Epoch: 275, Loss: 0.2096, Train: 99.98%, Valid: 94.03%, Test In: 94.47% Test OOD1: 96.87% 
Epoch: 276, Loss: 0.2150, Train: 99.98%, Valid: 93.95%, Test In: 94.47% Test OOD1: 96.89% 
Epoch: 277, Loss: 0.1967, Train: 99.98%, Valid: 93.91%, Test In: 94.35% Test OOD1: 96.90% 
Epoch: 278, Loss: 0.2146, Train: 99.98%, Valid: 93.99%, Test In: 94.31% Test OOD1: 96.87% 
Epoch: 279, Loss: 0.2142, Train: 99.98%, Valid: 93.95%, Test In: 94.23% Test OOD1: 96.88% 
Epoch: 280, Loss: 0.2162, Train: 100.00%, Valid: 93.83%, Test In: 94.35% Test OOD1: 96.88% 
Epoch: 281, Loss: 0.2152, Train: 99.98%, Valid: 93.67%, Test In: 94.43% Test OOD1: 96.90% 
Epoch: 282, Loss: 0.2124, Train: 99.98%, Valid: 93.71%, Test In: 94.39% Test OOD1: 96.88% 
Epoch: 283, Loss: 0.2121, Train: 99.98%, Valid: 93.75%, Test In: 94.31% Test OOD1: 96.87% 
Epoch: 284, Loss: 0.2211, Train: 99.98%, Valid: 93.79%, Test In: 94.19% Test OOD1: 96.87% 
Epoch: 285, Loss: 0.1897, Train: 99.98%, Valid: 93.75%, Test In: 94.19% Test OOD1: 96.84% 
Epoch: 286, Loss: 0.2122, Train: 99.98%, Valid: 93.79%, Test In: 94.23% Test OOD1: 96.87% 
Epoch: 287, Loss: 0.2012, Train: 99.98%, Valid: 93.79%, Test In: 94.31% Test OOD1: 96.86% 
Epoch: 288, Loss: 0.1983, Train: 99.98%, Valid: 93.83%, Test In: 94.31% Test OOD1: 96.85% 
Epoch: 289, Loss: 0.2295, Train: 99.98%, Valid: 93.79%, Test In: 94.31% Test OOD1: 96.85% 
Epoch: 290, Loss: 0.2208, Train: 99.98%, Valid: 93.79%, Test In: 94.39% Test OOD1: 96.84% 
Epoch: 291, Loss: 0.2037, Train: 99.98%, Valid: 93.75%, Test In: 94.39% Test OOD1: 96.83% 
Epoch: 292, Loss: 0.1904, Train: 99.98%, Valid: 93.71%, Test In: 94.31% Test OOD1: 96.86% 
Epoch: 293, Loss: 0.2196, Train: 99.98%, Valid: 93.87%, Test In: 94.31% Test OOD1: 96.88% 
Epoch: 294, Loss: 0.2114, Train: 99.98%, Valid: 93.87%, Test In: 94.23% Test OOD1: 96.88% 
Epoch: 295, Loss: 0.2063, Train: 99.98%, Valid: 93.95%, Test In: 94.23% Test OOD1: 96.87% 
Epoch: 296, Loss: 0.2043, Train: 99.98%, Valid: 93.91%, Test In: 94.23% Test OOD1: 96.91% 
Epoch: 297, Loss: 0.2268, Train: 99.98%, Valid: 93.95%, Test In: 94.27% Test OOD1: 96.92% 
Epoch: 298, Loss: 0.1991, Train: 99.98%, Valid: 93.87%, Test In: 94.47% Test OOD1: 96.91% 
Epoch: 299, Loss: 0.2184, Train: 100.00%, Valid: 93.95%, Test In: 94.51% Test OOD1: 96.90% 
Epoch: 300, Loss: 0.2091, Train: 99.98%, Valid: 94.03%, Test In: 94.55% Test OOD1: 96.91% 
Epoch: 301, Loss: 0.1940, Train: 100.00%, Valid: 94.07%, Test In: 94.39% Test OOD1: 96.88% 
Epoch: 302, Loss: 0.2261, Train: 99.98%, Valid: 93.91%, Test In: 94.23% Test OOD1: 96.89% 
Epoch: 303, Loss: 0.2276, Train: 99.98%, Valid: 93.91%, Test In: 94.23% Test OOD1: 96.90% 
Epoch: 304, Loss: 0.1786, Train: 99.98%, Valid: 93.91%, Test In: 94.19% Test OOD1: 96.95% 
Epoch: 305, Loss: 0.1980, Train: 99.98%, Valid: 93.99%, Test In: 94.23% Test OOD1: 96.93% 
Epoch: 306, Loss: 0.2165, Train: 99.98%, Valid: 94.03%, Test In: 94.39% Test OOD1: 96.92% 
Epoch: 307, Loss: 0.2081, Train: 99.98%, Valid: 94.27%, Test In: 94.55% Test OOD1: 96.91% 
Epoch: 308, Loss: 0.2001, Train: 99.98%, Valid: 94.35%, Test In: 94.55% Test OOD1: 96.94% 
Epoch: 309, Loss: 0.1938, Train: 99.98%, Valid: 94.27%, Test In: 94.51% Test OOD1: 96.92% 
Epoch: 310, Loss: 0.1975, Train: 99.98%, Valid: 94.11%, Test In: 94.51% Test OOD1: 96.89% 
Epoch: 311, Loss: 0.1906, Train: 99.98%, Valid: 94.15%, Test In: 94.59% Test OOD1: 96.94% 
Epoch: 312, Loss: 0.2048, Train: 99.98%, Valid: 94.23%, Test In: 94.55% Test OOD1: 96.96% 
Epoch: 313, Loss: 0.1917, Train: 99.98%, Valid: 94.27%, Test In: 94.59% Test OOD1: 96.96% 
Epoch: 314, Loss: 0.2236, Train: 99.98%, Valid: 94.27%, Test In: 94.59% Test OOD1: 96.95% 
Epoch: 315, Loss: 0.2179, Train: 99.98%, Valid: 94.23%, Test In: 94.59% Test OOD1: 96.97% 
Epoch: 316, Loss: 0.1810, Train: 99.98%, Valid: 93.99%, Test In: 94.55% Test OOD1: 96.98% 
Epoch: 317, Loss: 0.2074, Train: 99.98%, Valid: 93.95%, Test In: 94.55% Test OOD1: 96.96% 
Epoch: 318, Loss: 0.1936, Train: 99.98%, Valid: 94.07%, Test In: 94.55% Test OOD1: 96.96% 
Epoch: 319, Loss: 0.1950, Train: 99.98%, Valid: 94.11%, Test In: 94.55% Test OOD1: 96.95% 
Epoch: 320, Loss: 0.1919, Train: 99.98%, Valid: 94.07%, Test In: 94.47% Test OOD1: 96.92% 
Epoch: 321, Loss: 0.2052, Train: 99.98%, Valid: 94.07%, Test In: 94.63% Test OOD1: 96.96% 
Epoch: 322, Loss: 0.1902, Train: 99.98%, Valid: 94.07%, Test In: 94.63% Test OOD1: 97.00% 
Epoch: 323, Loss: 0.2106, Train: 99.98%, Valid: 94.23%, Test In: 94.59% Test OOD1: 96.99% 
Epoch: 324, Loss: 0.2151, Train: 99.98%, Valid: 94.23%, Test In: 94.59% Test OOD1: 96.99% 
Epoch: 325, Loss: 0.1920, Train: 99.98%, Valid: 94.23%, Test In: 94.55% Test OOD1: 97.01% 
Epoch: 326, Loss: 0.2096, Train: 99.98%, Valid: 94.15%, Test In: 94.47% Test OOD1: 96.97% 
Epoch: 327, Loss: 0.2156, Train: 99.98%, Valid: 94.15%, Test In: 94.43% Test OOD1: 96.95% 
Epoch: 328, Loss: 0.2127, Train: 99.98%, Valid: 94.15%, Test In: 94.51% Test OOD1: 96.96% 
Epoch: 329, Loss: 0.1862, Train: 99.98%, Valid: 94.07%, Test In: 94.47% Test OOD1: 96.97% 
Epoch: 330, Loss: 0.1935, Train: 99.98%, Valid: 94.07%, Test In: 94.35% Test OOD1: 96.94% 
Epoch: 331, Loss: 0.2110, Train: 99.98%, Valid: 93.95%, Test In: 94.35% Test OOD1: 96.97% 
Epoch: 332, Loss: 0.1989, Train: 99.98%, Valid: 93.87%, Test In: 94.39% Test OOD1: 96.95% 
Epoch: 333, Loss: 0.2069, Train: 99.98%, Valid: 93.87%, Test In: 94.43% Test OOD1: 96.96% 
Epoch: 334, Loss: 0.1897, Train: 99.98%, Valid: 93.95%, Test In: 94.43% Test OOD1: 96.95% 
Epoch: 335, Loss: 0.2044, Train: 99.98%, Valid: 94.03%, Test In: 94.31% Test OOD1: 96.98% 
Epoch: 336, Loss: 0.1603, Train: 99.98%, Valid: 94.07%, Test In: 94.31% Test OOD1: 96.98% 
Epoch: 337, Loss: 0.2009, Train: 99.98%, Valid: 94.15%, Test In: 94.43% Test OOD1: 96.98% 
Epoch: 338, Loss: 0.2169, Train: 99.98%, Valid: 94.19%, Test In: 94.59% Test OOD1: 96.99% 
Epoch: 339, Loss: 0.1951, Train: 99.98%, Valid: 94.31%, Test In: 94.51% Test OOD1: 96.98% 
Epoch: 340, Loss: 0.2039, Train: 99.98%, Valid: 94.19%, Test In: 94.43% Test OOD1: 96.99% 
Epoch: 341, Loss: 0.2070, Train: 99.98%, Valid: 94.15%, Test In: 94.47% Test OOD1: 96.99% 
Epoch: 342, Loss: 0.1953, Train: 99.98%, Valid: 94.19%, Test In: 94.35% Test OOD1: 96.99% 
Epoch: 343, Loss: 0.2292, Train: 99.98%, Valid: 94.27%, Test In: 94.43% Test OOD1: 97.02% 
Epoch: 344, Loss: 0.1945, Train: 99.98%, Valid: 94.39%, Test In: 94.47% Test OOD1: 96.98% 
Epoch: 345, Loss: 0.1881, Train: 99.98%, Valid: 94.27%, Test In: 94.59% Test OOD1: 97.01% 
Epoch: 346, Loss: 0.2066, Train: 99.98%, Valid: 94.31%, Test In: 94.63% Test OOD1: 96.99% 
Epoch: 347, Loss: 0.1959, Train: 99.98%, Valid: 94.23%, Test In: 94.59% Test OOD1: 97.01% 
Epoch: 348, Loss: 0.2005, Train: 99.98%, Valid: 94.43%, Test In: 94.39% Test OOD1: 96.97% 
Epoch: 349, Loss: 0.1975, Train: 99.98%, Valid: 94.27%, Test In: 94.39% Test OOD1: 96.98% 
Epoch: 350, Loss: 0.2275, Train: 99.98%, Valid: 94.35%, Test In: 94.43% Test OOD1: 97.02% 
Epoch: 351, Loss: 0.1792, Train: 99.98%, Valid: 94.23%, Test In: 94.51% Test OOD1: 97.06% 
Epoch: 352, Loss: 0.2039, Train: 99.98%, Valid: 94.15%, Test In: 94.35% Test OOD1: 97.03% 
Epoch: 353, Loss: 0.1822, Train: 99.98%, Valid: 94.15%, Test In: 94.35% Test OOD1: 97.02% 
Epoch: 354, Loss: 0.1737, Train: 99.98%, Valid: 94.23%, Test In: 94.43% Test OOD1: 97.03% 
Epoch: 355, Loss: 0.2084, Train: 99.98%, Valid: 94.19%, Test In: 94.43% Test OOD1: 97.03% 
Epoch: 356, Loss: 0.1745, Train: 99.98%, Valid: 94.31%, Test In: 94.35% Test OOD1: 97.02% 
Epoch: 357, Loss: 0.1858, Train: 99.98%, Valid: 94.39%, Test In: 94.47% Test OOD1: 97.05% 
Epoch: 358, Loss: 0.2129, Train: 99.98%, Valid: 94.39%, Test In: 94.59% Test OOD1: 97.03% 
Epoch: 359, Loss: 0.1889, Train: 99.98%, Valid: 94.39%, Test In: 94.47% Test OOD1: 97.00% 
Epoch: 360, Loss: 0.1863, Train: 99.98%, Valid: 94.31%, Test In: 94.51% Test OOD1: 96.94% 
Epoch: 361, Loss: 0.2060, Train: 99.98%, Valid: 94.35%, Test In: 94.47% Test OOD1: 96.96% 
Epoch: 362, Loss: 0.1841, Train: 99.98%, Valid: 94.31%, Test In: 94.43% Test OOD1: 97.00% 
Epoch: 363, Loss: 0.2056, Train: 99.98%, Valid: 94.35%, Test In: 94.35% Test OOD1: 97.01% 
Epoch: 364, Loss: 0.1965, Train: 99.98%, Valid: 94.35%, Test In: 94.51% Test OOD1: 97.02% 
Epoch: 365, Loss: 0.1898, Train: 99.98%, Valid: 94.31%, Test In: 94.43% Test OOD1: 97.02% 
Epoch: 366, Loss: 0.1742, Train: 99.98%, Valid: 94.27%, Test In: 94.35% Test OOD1: 96.99% 
Epoch: 367, Loss: 0.1920, Train: 99.98%, Valid: 94.19%, Test In: 94.39% Test OOD1: 96.98% 
Epoch: 368, Loss: 0.1820, Train: 99.98%, Valid: 94.11%, Test In: 94.47% Test OOD1: 97.00% 
Epoch: 369, Loss: 0.1604, Train: 99.98%, Valid: 94.51%, Test In: 94.51% Test OOD1: 96.97% 
Epoch: 370, Loss: 0.2028, Train: 99.98%, Valid: 94.55%, Test In: 94.51% Test OOD1: 97.03% 
Epoch: 371, Loss: 0.1782, Train: 99.98%, Valid: 94.43%, Test In: 94.47% Test OOD1: 96.99% 
Epoch: 372, Loss: 0.1892, Train: 99.98%, Valid: 94.31%, Test In: 94.31% Test OOD1: 96.99% 
Epoch: 373, Loss: 0.1897, Train: 99.98%, Valid: 94.31%, Test In: 94.35% Test OOD1: 97.01% 
Epoch: 374, Loss: 0.1966, Train: 99.98%, Valid: 94.31%, Test In: 94.39% Test OOD1: 97.04% 
Epoch: 375, Loss: 0.1689, Train: 99.98%, Valid: 94.51%, Test In: 94.51% Test OOD1: 97.05% 
Epoch: 376, Loss: 0.1991, Train: 99.98%, Valid: 94.47%, Test In: 94.51% Test OOD1: 97.06% 
Epoch: 377, Loss: 0.1613, Train: 99.98%, Valid: 94.39%, Test In: 94.39% Test OOD1: 97.05% 
Epoch: 378, Loss: 0.1708, Train: 99.98%, Valid: 94.47%, Test In: 94.39% Test OOD1: 97.05% 
Epoch: 379, Loss: 0.1881, Train: 99.98%, Valid: 94.43%, Test In: 94.39% Test OOD1: 97.04% 
Epoch: 380, Loss: 0.1982, Train: 99.98%, Valid: 94.39%, Test In: 94.39% Test OOD1: 97.07% 
Epoch: 381, Loss: 0.1767, Train: 99.98%, Valid: 94.27%, Test In: 94.43% Test OOD1: 97.10% 
Epoch: 382, Loss: 0.1876, Train: 99.98%, Valid: 94.31%, Test In: 94.43% Test OOD1: 97.10% 
Epoch: 383, Loss: 0.1998, Train: 99.98%, Valid: 94.31%, Test In: 94.51% Test OOD1: 97.10% 
Epoch: 384, Loss: 0.1717, Train: 99.98%, Valid: 94.11%, Test In: 94.43% Test OOD1: 97.08% 
Epoch: 385, Loss: 0.1825, Train: 99.98%, Valid: 94.23%, Test In: 94.35% Test OOD1: 97.10% 
Epoch: 386, Loss: 0.1859, Train: 99.98%, Valid: 94.11%, Test In: 94.27% Test OOD1: 97.08% 
Epoch: 387, Loss: 0.1891, Train: 99.98%, Valid: 94.31%, Test In: 94.31% Test OOD1: 97.09% 
Epoch: 388, Loss: 0.1906, Train: 99.98%, Valid: 94.27%, Test In: 94.43% Test OOD1: 97.07% 
Epoch: 389, Loss: 0.1674, Train: 99.98%, Valid: 94.23%, Test In: 94.47% Test OOD1: 97.07% 
Epoch: 390, Loss: 0.2000, Train: 99.98%, Valid: 94.23%, Test In: 94.35% Test OOD1: 97.09% 
Epoch: 391, Loss: 0.1964, Train: 99.98%, Valid: 94.11%, Test In: 94.27% Test OOD1: 97.12% 
Epoch: 392, Loss: 0.1609, Train: 99.98%, Valid: 94.07%, Test In: 94.35% Test OOD1: 97.07% 
Epoch: 393, Loss: 0.1812, Train: 99.98%, Valid: 93.99%, Test In: 94.15% Test OOD1: 97.06% 
Epoch: 394, Loss: 0.1866, Train: 99.98%, Valid: 93.99%, Test In: 94.19% Test OOD1: 97.05% 
Epoch: 395, Loss: 0.1963, Train: 99.98%, Valid: 93.99%, Test In: 94.27% Test OOD1: 97.06% 
Epoch: 396, Loss: 0.1941, Train: 99.98%, Valid: 94.15%, Test In: 94.31% Test OOD1: 97.09% 
Epoch: 397, Loss: 0.1865, Train: 99.98%, Valid: 94.39%, Test In: 94.35% Test OOD1: 97.07% 
Epoch: 398, Loss: 0.2194, Train: 99.98%, Valid: 94.39%, Test In: 94.27% Test OOD1: 97.05% 
Epoch: 399, Loss: 0.1735, Train: 99.98%, Valid: 94.27%, Test In: 94.31% Test OOD1: 97.03% 
Epoch: 400, Loss: 0.1901, Train: 99.98%, Valid: 94.31%, Test In: 94.27% Test OOD1: 97.02% 
Epoch: 401, Loss: 0.1927, Train: 99.98%, Valid: 94.27%, Test In: 94.35% Test OOD1: 97.01% 
Epoch: 402, Loss: 0.1919, Train: 99.98%, Valid: 94.03%, Test In: 94.39% Test OOD1: 97.04% 
Epoch: 403, Loss: 0.2007, Train: 100.00%, Valid: 93.99%, Test In: 94.35% Test OOD1: 97.03% 
Epoch: 404, Loss: 0.1771, Train: 100.00%, Valid: 94.27%, Test In: 94.51% Test OOD1: 97.04% 
Epoch: 405, Loss: 0.2117, Train: 100.00%, Valid: 94.35%, Test In: 94.35% Test OOD1: 97.03% 
Epoch: 406, Loss: 0.1822, Train: 100.00%, Valid: 94.19%, Test In: 94.35% Test OOD1: 97.05% 
Epoch: 407, Loss: 0.1777, Train: 100.00%, Valid: 94.27%, Test In: 94.39% Test OOD1: 97.09% 
Epoch: 408, Loss: 0.1886, Train: 99.98%, Valid: 94.35%, Test In: 94.35% Test OOD1: 97.07% 
Epoch: 409, Loss: 0.1942, Train: 99.98%, Valid: 94.31%, Test In: 94.31% Test OOD1: 97.05% 
Epoch: 410, Loss: 0.2071, Train: 99.98%, Valid: 94.31%, Test In: 94.35% Test OOD1: 97.07% 
Epoch: 411, Loss: 0.1773, Train: 99.98%, Valid: 94.15%, Test In: 94.23% Test OOD1: 97.02% 
Epoch: 412, Loss: 0.2163, Train: 99.98%, Valid: 94.39%, Test In: 94.27% Test OOD1: 97.02% 
Epoch: 413, Loss: 0.1930, Train: 99.98%, Valid: 94.35%, Test In: 94.23% Test OOD1: 97.05% 
Epoch: 414, Loss: 0.1903, Train: 99.98%, Valid: 94.47%, Test In: 94.39% Test OOD1: 97.03% 
Epoch: 415, Loss: 0.1827, Train: 99.98%, Valid: 94.27%, Test In: 94.51% Test OOD1: 97.05% 
Epoch: 416, Loss: 0.1968, Train: 99.98%, Valid: 94.03%, Test In: 94.43% Test OOD1: 97.02% 
Epoch: 417, Loss: 0.1760, Train: 99.98%, Valid: 94.11%, Test In: 94.39% Test OOD1: 97.02% 
Epoch: 418, Loss: 0.1812, Train: 99.98%, Valid: 94.07%, Test In: 94.31% Test OOD1: 97.04% 
Epoch: 419, Loss: 0.1841, Train: 99.98%, Valid: 94.07%, Test In: 94.27% Test OOD1: 97.06% 
Epoch: 420, Loss: 0.1847, Train: 99.98%, Valid: 94.07%, Test In: 94.35% Test OOD1: 97.05% 
Epoch: 421, Loss: 0.1504, Train: 99.98%, Valid: 94.15%, Test In: 94.35% Test OOD1: 97.07% 
Epoch: 422, Loss: 0.1980, Train: 99.98%, Valid: 93.99%, Test In: 94.39% Test OOD1: 97.06% 
Epoch: 423, Loss: 0.1833, Train: 100.00%, Valid: 93.91%, Test In: 94.51% Test OOD1: 97.02% 
Epoch: 424, Loss: 0.1716, Train: 100.00%, Valid: 94.11%, Test In: 94.55% Test OOD1: 97.02% 
Epoch: 425, Loss: 0.1723, Train: 100.00%, Valid: 94.19%, Test In: 94.47% Test OOD1: 96.99% 
Epoch: 426, Loss: 0.1836, Train: 100.00%, Valid: 94.19%, Test In: 94.43% Test OOD1: 97.02% 
Epoch: 427, Loss: 0.1925, Train: 100.00%, Valid: 94.11%, Test In: 94.35% Test OOD1: 97.02% 
Epoch: 428, Loss: 0.2044, Train: 99.98%, Valid: 94.19%, Test In: 94.35% Test OOD1: 97.03% 
Epoch: 429, Loss: 0.1864, Train: 99.98%, Valid: 94.07%, Test In: 94.39% Test OOD1: 97.05% 
Epoch: 430, Loss: 0.1872, Train: 99.98%, Valid: 94.15%, Test In: 94.55% Test OOD1: 97.02% 
Epoch: 431, Loss: 0.1717, Train: 99.98%, Valid: 94.15%, Test In: 94.35% Test OOD1: 97.02% 
Epoch: 432, Loss: 0.1660, Train: 99.98%, Valid: 94.03%, Test In: 94.31% Test OOD1: 96.99% 
Epoch: 433, Loss: 0.1547, Train: 99.98%, Valid: 93.91%, Test In: 94.35% Test OOD1: 96.98% 
Epoch: 434, Loss: 0.2106, Train: 99.98%, Valid: 93.91%, Test In: 94.35% Test OOD1: 97.00% 
Epoch: 435, Loss: 0.1854, Train: 99.98%, Valid: 94.03%, Test In: 94.39% Test OOD1: 96.99% 
Epoch: 436, Loss: 0.1746, Train: 99.98%, Valid: 94.07%, Test In: 94.31% Test OOD1: 96.95% 
Epoch: 437, Loss: 0.1974, Train: 99.98%, Valid: 94.11%, Test In: 94.27% Test OOD1: 96.97% 
Epoch: 438, Loss: 0.1799, Train: 99.98%, Valid: 94.15%, Test In: 94.35% Test OOD1: 96.92% 
Epoch: 439, Loss: 0.1879, Train: 99.98%, Valid: 94.07%, Test In: 94.39% Test OOD1: 96.90% 
Epoch: 440, Loss: 0.1809, Train: 99.98%, Valid: 94.03%, Test In: 94.35% Test OOD1: 96.90% 
Epoch: 441, Loss: 0.1726, Train: 99.98%, Valid: 94.11%, Test In: 94.35% Test OOD1: 96.90% 
Epoch: 442, Loss: 0.1771, Train: 99.98%, Valid: 94.15%, Test In: 94.43% Test OOD1: 96.93% 
Epoch: 443, Loss: 0.1927, Train: 99.98%, Valid: 94.07%, Test In: 94.43% Test OOD1: 96.96% 
Epoch: 444, Loss: 0.1766, Train: 99.98%, Valid: 93.99%, Test In: 94.39% Test OOD1: 96.96% 
Epoch: 445, Loss: 0.1773, Train: 99.98%, Valid: 94.07%, Test In: 94.51% Test OOD1: 96.94% 
Epoch: 446, Loss: 0.1779, Train: 99.98%, Valid: 93.99%, Test In: 94.47% Test OOD1: 96.92% 
Epoch: 447, Loss: 0.1983, Train: 99.98%, Valid: 94.11%, Test In: 94.51% Test OOD1: 96.91% 
Epoch: 448, Loss: 0.1916, Train: 99.98%, Valid: 93.99%, Test In: 94.35% Test OOD1: 96.92% 
Epoch: 449, Loss: 0.2036, Train: 99.98%, Valid: 94.07%, Test In: 94.55% Test OOD1: 96.99% 
Epoch: 450, Loss: 0.1739, Train: 99.98%, Valid: 93.95%, Test In: 94.51% Test OOD1: 96.96% 
Epoch: 451, Loss: 0.1733, Train: 99.98%, Valid: 94.03%, Test In: 94.55% Test OOD1: 96.94% 
Epoch: 452, Loss: 0.2005, Train: 99.98%, Valid: 94.11%, Test In: 94.51% Test OOD1: 96.96% 
Epoch: 453, Loss: 0.1980, Train: 99.98%, Valid: 94.31%, Test In: 94.43% Test OOD1: 96.97% 
Epoch: 454, Loss: 0.2079, Train: 99.98%, Valid: 94.07%, Test In: 94.23% Test OOD1: 96.96% 
Epoch: 455, Loss: 0.1960, Train: 99.98%, Valid: 94.03%, Test In: 94.47% Test OOD1: 96.94% 
Epoch: 456, Loss: 0.1927, Train: 99.98%, Valid: 94.15%, Test In: 94.43% Test OOD1: 96.95% 
Epoch: 457, Loss: 0.1870, Train: 99.98%, Valid: 94.07%, Test In: 94.55% Test OOD1: 97.02% 
Epoch: 458, Loss: 0.2018, Train: 99.98%, Valid: 94.11%, Test In: 94.63% Test OOD1: 97.04% 
Epoch: 459, Loss: 0.2092, Train: 99.98%, Valid: 94.23%, Test In: 94.51% Test OOD1: 97.06% 
Epoch: 460, Loss: 0.1746, Train: 100.00%, Valid: 94.27%, Test In: 94.39% Test OOD1: 97.04% 
Epoch: 461, Loss: 0.2008, Train: 100.00%, Valid: 94.23%, Test In: 94.43% Test OOD1: 96.98% 
Epoch: 462, Loss: 0.1902, Train: 100.00%, Valid: 94.15%, Test In: 94.47% Test OOD1: 97.02% 
Epoch: 463, Loss: 0.1780, Train: 99.98%, Valid: 94.19%, Test In: 94.43% Test OOD1: 97.03% 
Epoch: 464, Loss: 0.1898, Train: 99.98%, Valid: 94.11%, Test In: 94.47% Test OOD1: 97.04% 
Epoch: 465, Loss: 0.1958, Train: 99.98%, Valid: 93.99%, Test In: 94.35% Test OOD1: 97.03% 
Epoch: 466, Loss: 0.1921, Train: 99.98%, Valid: 94.15%, Test In: 94.35% Test OOD1: 96.99% 
Epoch: 467, Loss: 0.1962, Train: 99.98%, Valid: 94.15%, Test In: 94.43% Test OOD1: 96.99% 
Epoch: 468, Loss: 0.2031, Train: 99.98%, Valid: 94.11%, Test In: 94.59% Test OOD1: 97.02% 
Epoch: 469, Loss: 0.2033, Train: 99.98%, Valid: 94.15%, Test In: 94.55% Test OOD1: 97.05% 
Epoch: 470, Loss: 0.1810, Train: 99.98%, Valid: 94.23%, Test In: 94.43% Test OOD1: 97.04% 
Epoch: 471, Loss: 0.1931, Train: 99.98%, Valid: 94.23%, Test In: 94.39% Test OOD1: 97.05% 
Epoch: 472, Loss: 0.1667, Train: 99.98%, Valid: 94.11%, Test In: 94.55% Test OOD1: 97.06% 
Epoch: 473, Loss: 0.1954, Train: 99.98%, Valid: 94.19%, Test In: 94.51% Test OOD1: 97.03% 
Epoch: 474, Loss: 0.1937, Train: 99.98%, Valid: 94.27%, Test In: 94.47% Test OOD1: 97.03% 
Epoch: 475, Loss: 0.1560, Train: 99.98%, Valid: 94.19%, Test In: 94.47% Test OOD1: 97.02% 
Epoch: 476, Loss: 0.1946, Train: 99.98%, Valid: 94.27%, Test In: 94.63% Test OOD1: 97.02% 
Epoch: 477, Loss: 0.1992, Train: 99.98%, Valid: 94.19%, Test In: 94.51% Test OOD1: 96.99% 
Epoch: 478, Loss: 0.1947, Train: 100.00%, Valid: 94.03%, Test In: 94.43% Test OOD1: 96.93% 
Epoch: 479, Loss: 0.2119, Train: 100.00%, Valid: 94.07%, Test In: 94.55% Test OOD1: 96.97% 
Epoch: 480, Loss: 0.1991, Train: 100.00%, Valid: 94.15%, Test In: 94.55% Test OOD1: 97.04% 
Epoch: 481, Loss: 0.1770, Train: 99.98%, Valid: 93.91%, Test In: 94.55% Test OOD1: 97.04% 
Epoch: 482, Loss: 0.2020, Train: 99.98%, Valid: 94.03%, Test In: 94.55% Test OOD1: 97.03% 
Epoch: 483, Loss: 0.1989, Train: 99.98%, Valid: 94.19%, Test In: 94.47% Test OOD1: 97.05% 
Epoch: 484, Loss: 0.1639, Train: 99.98%, Valid: 94.31%, Test In: 94.43% Test OOD1: 96.99% 
Epoch: 485, Loss: 0.1615, Train: 99.98%, Valid: 94.27%, Test In: 94.43% Test OOD1: 96.99% 
Epoch: 486, Loss: 0.1952, Train: 99.98%, Valid: 94.23%, Test In: 94.47% Test OOD1: 97.02% 
Epoch: 487, Loss: 0.1727, Train: 99.98%, Valid: 94.23%, Test In: 94.51% Test OOD1: 97.06% 
Epoch: 488, Loss: 0.1611, Train: 99.98%, Valid: 94.15%, Test In: 94.55% Test OOD1: 97.05% 
Epoch: 489, Loss: 0.1744, Train: 99.98%, Valid: 94.15%, Test In: 94.55% Test OOD1: 97.01% 
Epoch: 490, Loss: 0.1525, Train: 99.98%, Valid: 94.19%, Test In: 94.43% Test OOD1: 96.95% 
Epoch: 491, Loss: 0.1940, Train: 99.98%, Valid: 94.19%, Test In: 94.51% Test OOD1: 96.97% 
Epoch: 492, Loss: 0.1959, Train: 99.98%, Valid: 94.27%, Test In: 94.51% Test OOD1: 96.91% 
Epoch: 493, Loss: 0.1835, Train: 99.98%, Valid: 94.23%, Test In: 94.51% Test OOD1: 96.95% 
Epoch: 494, Loss: 0.1701, Train: 99.98%, Valid: 94.23%, Test In: 94.35% Test OOD1: 96.99% 
Epoch: 495, Loss: 0.1848, Train: 99.98%, Valid: 94.31%, Test In: 94.51% Test OOD1: 96.98% 
Epoch: 496, Loss: 0.1805, Train: 99.98%, Valid: 94.27%, Test In: 94.47% Test OOD1: 96.98% 
Epoch: 497, Loss: 0.2253, Train: 100.00%, Valid: 94.31%, Test In: 94.47% Test OOD1: 97.00% 
Epoch: 498, Loss: 0.1948, Train: 99.98%, Valid: 94.39%, Test In: 94.35% Test OOD1: 97.00% 
Epoch: 499, Loss: 0.1793, Train: 99.98%, Valid: 94.19%, Test In: 94.39% Test OOD1: 97.03% 
Run 01:
Highest Train: 100.00
Highest Valid: 94.55
Highest In Test: 94.63
Highest OOD Test: 97.12
Chosen epoch: 371
Final Train: 99.98
Final In Test: 94.51
Final OOD Test: 97.03
Epoch: 00, Loss: 16.1782, Train: 35.59%, Valid: 36.67%, Test In: 36.18% Test OOD1: 28.66% 
Epoch: 01, Loss: 16.0056, Train: 30.94%, Valid: 30.78%, Test In: 30.29% Test OOD1: 39.50% 
Epoch: 02, Loss: 15.7653, Train: 28.16%, Valid: 27.29%, Test In: 27.72% Test OOD1: 38.29% 
Epoch: 03, Loss: 15.5042, Train: 47.11%, Valid: 44.65%, Test In: 45.59% Test OOD1: 50.38% 
Epoch: 04, Loss: 15.1642, Train: 54.63%, Valid: 52.67%, Test In: 53.00% Test OOD1: 54.74% 
Epoch: 05, Loss: 14.7991, Train: 57.05%, Valid: 55.31%, Test In: 56.21% Test OOD1: 57.62% 
Epoch: 06, Loss: 14.2925, Train: 60.62%, Valid: 58.96%, Test In: 59.13% Test OOD1: 62.30% 
Epoch: 07, Loss: 13.7490, Train: 63.25%, Valid: 62.36%, Test In: 62.02% Test OOD1: 64.81% 
Epoch: 08, Loss: 13.1715, Train: 71.02%, Valid: 69.86%, Test In: 69.79% Test OOD1: 63.88% 
Epoch: 09, Loss: 12.5243, Train: 76.47%, Valid: 74.63%, Test In: 75.00% Test OOD1: 60.71% 
Epoch: 10, Loss: 11.8868, Train: 78.88%, Valid: 76.51%, Test In: 77.52% Test OOD1: 58.69% 
Epoch: 11, Loss: 11.1142, Train: 78.98%, Valid: 77.03%, Test In: 78.04% Test OOD1: 60.46% 
Epoch: 12, Loss: 10.3996, Train: 79.86%, Valid: 77.92%, Test In: 78.89% Test OOD1: 60.55% 
Epoch: 13, Loss: 9.7167, Train: 80.82%, Valid: 78.76%, Test In: 79.89% Test OOD1: 60.18% 
Epoch: 14, Loss: 9.0794, Train: 81.36%, Valid: 79.28%, Test In: 79.69% Test OOD1: 61.12% 
Epoch: 15, Loss: 8.5141, Train: 81.22%, Valid: 79.28%, Test In: 79.85% Test OOD1: 62.62% 
Epoch: 16, Loss: 7.9957, Train: 81.70%, Valid: 79.52%, Test In: 80.09% Test OOD1: 63.73% 
Epoch: 17, Loss: 7.5892, Train: 81.76%, Valid: 79.64%, Test In: 80.25% Test OOD1: 64.64% 
Epoch: 18, Loss: 7.1982, Train: 82.00%, Valid: 79.60%, Test In: 80.65% Test OOD1: 65.68% 
Epoch: 19, Loss: 6.8587, Train: 82.51%, Valid: 80.04%, Test In: 81.13% Test OOD1: 66.21% 
Epoch: 20, Loss: 6.6104, Train: 82.81%, Valid: 80.44%, Test In: 81.33% Test OOD1: 67.40% 
Epoch: 21, Loss: 6.3034, Train: 83.05%, Valid: 80.48%, Test In: 81.29% Test OOD1: 68.57% 
Epoch: 22, Loss: 6.1177, Train: 83.43%, Valid: 80.40%, Test In: 81.37% Test OOD1: 69.46% 
Epoch: 23, Loss: 5.8552, Train: 83.53%, Valid: 80.44%, Test In: 81.53% Test OOD1: 70.48% 
Epoch: 24, Loss: 5.6231, Train: 83.73%, Valid: 80.40%, Test In: 81.81% Test OOD1: 71.07% 
Epoch: 25, Loss: 5.5090, Train: 84.07%, Valid: 80.72%, Test In: 82.05% Test OOD1: 71.69% 
Epoch: 26, Loss: 5.3854, Train: 84.57%, Valid: 80.84%, Test In: 82.17% Test OOD1: 72.44% 
Epoch: 27, Loss: 5.2276, Train: 85.13%, Valid: 80.92%, Test In: 82.29% Test OOD1: 72.82% 
Epoch: 28, Loss: 5.1012, Train: 85.73%, Valid: 80.88%, Test In: 82.53% Test OOD1: 73.13% 
Epoch: 29, Loss: 4.9777, Train: 86.19%, Valid: 81.08%, Test In: 82.89% Test OOD1: 73.60% 
Epoch: 30, Loss: 4.9256, Train: 86.55%, Valid: 81.28%, Test In: 83.29% Test OOD1: 74.08% 
Epoch: 31, Loss: 4.7785, Train: 87.01%, Valid: 81.52%, Test In: 83.73% Test OOD1: 74.39% 
Epoch: 32, Loss: 4.6361, Train: 87.54%, Valid: 81.76%, Test In: 83.81% Test OOD1: 74.65% 
Epoch: 33, Loss: 4.5136, Train: 88.20%, Valid: 82.53%, Test In: 84.21% Test OOD1: 75.00% 
Epoch: 34, Loss: 4.4337, Train: 88.68%, Valid: 82.61%, Test In: 84.38% Test OOD1: 75.46% 
Epoch: 35, Loss: 4.2288, Train: 88.88%, Valid: 82.57%, Test In: 84.70% Test OOD1: 75.95% 
Epoch: 36, Loss: 4.1659, Train: 89.30%, Valid: 82.65%, Test In: 84.82% Test OOD1: 76.65% 
Epoch: 37, Loss: 4.0913, Train: 89.74%, Valid: 82.85%, Test In: 84.66% Test OOD1: 77.20% 
Epoch: 38, Loss: 4.0040, Train: 90.16%, Valid: 83.17%, Test In: 84.82% Test OOD1: 77.85% 
Epoch: 39, Loss: 3.8771, Train: 90.50%, Valid: 83.57%, Test In: 84.98% Test OOD1: 78.39% 
Epoch: 40, Loss: 3.7819, Train: 90.56%, Valid: 84.13%, Test In: 85.10% Test OOD1: 78.67% 
Epoch: 41, Loss: 3.6276, Train: 91.16%, Valid: 84.13%, Test In: 85.34% Test OOD1: 79.07% 
Epoch: 42, Loss: 3.5956, Train: 91.76%, Valid: 84.17%, Test In: 85.14% Test OOD1: 79.52% 
Epoch: 43, Loss: 3.4569, Train: 92.18%, Valid: 84.21%, Test In: 85.34% Test OOD1: 80.04% 
Epoch: 44, Loss: 3.3856, Train: 92.32%, Valid: 84.49%, Test In: 85.34% Test OOD1: 80.48% 
Epoch: 45, Loss: 3.3003, Train: 92.85%, Valid: 84.53%, Test In: 85.50% Test OOD1: 80.69% 
Epoch: 46, Loss: 3.2284, Train: 92.99%, Valid: 84.69%, Test In: 85.70% Test OOD1: 81.08% 
Epoch: 47, Loss: 3.1427, Train: 93.45%, Valid: 84.85%, Test In: 85.58% Test OOD1: 81.57% 
Epoch: 48, Loss: 3.0091, Train: 93.99%, Valid: 85.29%, Test In: 86.14% Test OOD1: 82.39% 
Epoch: 49, Loss: 2.9554, Train: 94.35%, Valid: 85.49%, Test In: 86.10% Test OOD1: 83.02% 
Epoch: 50, Loss: 2.8695, Train: 94.49%, Valid: 85.49%, Test In: 86.10% Test OOD1: 83.39% 
Epoch: 51, Loss: 2.7857, Train: 94.59%, Valid: 85.65%, Test In: 86.30% Test OOD1: 83.83% 
Epoch: 52, Loss: 2.6500, Train: 94.83%, Valid: 85.93%, Test In: 86.42% Test OOD1: 84.17% 
Epoch: 53, Loss: 2.6196, Train: 95.13%, Valid: 86.05%, Test In: 86.66% Test OOD1: 84.65% 
Epoch: 54, Loss: 2.5256, Train: 95.47%, Valid: 86.33%, Test In: 86.58% Test OOD1: 85.20% 
Epoch: 55, Loss: 2.4429, Train: 95.75%, Valid: 86.69%, Test In: 87.06% Test OOD1: 85.51% 
Epoch: 56, Loss: 2.3242, Train: 96.05%, Valid: 86.69%, Test In: 87.30% Test OOD1: 85.46% 
Epoch: 57, Loss: 2.3057, Train: 96.21%, Valid: 86.73%, Test In: 87.42% Test OOD1: 85.83% 
Epoch: 58, Loss: 2.2741, Train: 96.35%, Valid: 86.97%, Test In: 87.34% Test OOD1: 86.68% 
Epoch: 59, Loss: 2.1419, Train: 96.71%, Valid: 87.13%, Test In: 87.58% Test OOD1: 87.25% 
Epoch: 60, Loss: 2.0909, Train: 96.95%, Valid: 87.33%, Test In: 87.94% Test OOD1: 87.51% 
Epoch: 61, Loss: 1.9702, Train: 97.09%, Valid: 87.58%, Test In: 88.10% Test OOD1: 87.69% 
Epoch: 62, Loss: 1.9685, Train: 97.37%, Valid: 87.45%, Test In: 88.34% Test OOD1: 88.30% 
Epoch: 63, Loss: 1.8606, Train: 97.74%, Valid: 87.82%, Test In: 88.54% Test OOD1: 88.55% 
Epoch: 64, Loss: 1.8559, Train: 97.82%, Valid: 88.42%, Test In: 88.90% Test OOD1: 88.95% 
Epoch: 65, Loss: 1.7620, Train: 98.02%, Valid: 88.70%, Test In: 89.22% Test OOD1: 89.31% 
Epoch: 66, Loss: 1.6910, Train: 98.28%, Valid: 88.86%, Test In: 89.50% Test OOD1: 89.77% 
Epoch: 67, Loss: 1.6529, Train: 98.38%, Valid: 89.06%, Test In: 89.66% Test OOD1: 90.17% 
Epoch: 68, Loss: 1.5553, Train: 98.68%, Valid: 89.18%, Test In: 89.70% Test OOD1: 90.49% 
Epoch: 69, Loss: 1.5325, Train: 98.78%, Valid: 89.38%, Test In: 89.78% Test OOD1: 90.71% 
Epoch: 70, Loss: 1.4690, Train: 98.84%, Valid: 89.70%, Test In: 90.14% Test OOD1: 91.07% 
Epoch: 71, Loss: 1.4217, Train: 98.94%, Valid: 90.06%, Test In: 90.42% Test OOD1: 91.23% 
Epoch: 72, Loss: 1.3664, Train: 99.10%, Valid: 89.94%, Test In: 90.58% Test OOD1: 91.42% 
Epoch: 73, Loss: 1.2990, Train: 99.24%, Valid: 90.02%, Test In: 90.71% Test OOD1: 91.84% 
Epoch: 74, Loss: 1.2755, Train: 99.36%, Valid: 90.38%, Test In: 90.67% Test OOD1: 92.28% 
Epoch: 75, Loss: 1.2441, Train: 99.46%, Valid: 90.94%, Test In: 91.11% Test OOD1: 92.51% 
Epoch: 76, Loss: 1.2303, Train: 99.56%, Valid: 90.78%, Test In: 91.15% Test OOD1: 92.55% 
Epoch: 77, Loss: 1.1657, Train: 99.56%, Valid: 91.10%, Test In: 91.35% Test OOD1: 92.75% 
Epoch: 78, Loss: 1.1559, Train: 99.64%, Valid: 91.46%, Test In: 91.55% Test OOD1: 93.19% 
Epoch: 79, Loss: 1.0757, Train: 99.62%, Valid: 91.70%, Test In: 91.63% Test OOD1: 93.43% 
Epoch: 80, Loss: 1.0688, Train: 99.66%, Valid: 91.78%, Test In: 91.67% Test OOD1: 93.41% 
Epoch: 81, Loss: 0.9794, Train: 99.78%, Valid: 92.02%, Test In: 91.87% Test OOD1: 93.47% 
Epoch: 82, Loss: 0.9706, Train: 99.78%, Valid: 92.14%, Test In: 91.99% Test OOD1: 93.63% 
Epoch: 83, Loss: 0.9376, Train: 99.80%, Valid: 92.26%, Test In: 92.03% Test OOD1: 93.91% 
Epoch: 84, Loss: 0.9345, Train: 99.82%, Valid: 92.34%, Test In: 91.95% Test OOD1: 94.13% 
Epoch: 85, Loss: 0.8982, Train: 99.86%, Valid: 92.51%, Test In: 92.23% Test OOD1: 94.13% 
Epoch: 86, Loss: 0.8519, Train: 99.88%, Valid: 92.51%, Test In: 92.63% Test OOD1: 94.17% 
Epoch: 87, Loss: 0.8283, Train: 99.90%, Valid: 92.87%, Test In: 92.43% Test OOD1: 94.32% 
Epoch: 88, Loss: 0.7716, Train: 99.96%, Valid: 92.87%, Test In: 92.63% Test OOD1: 94.49% 
Epoch: 89, Loss: 0.7827, Train: 99.96%, Valid: 92.83%, Test In: 92.71% Test OOD1: 94.64% 
Epoch: 90, Loss: 0.7880, Train: 99.96%, Valid: 93.07%, Test In: 92.91% Test OOD1: 94.63% 
Epoch: 91, Loss: 0.7289, Train: 99.96%, Valid: 93.03%, Test In: 92.99% Test OOD1: 94.62% 
Epoch: 92, Loss: 0.6917, Train: 99.96%, Valid: 92.99%, Test In: 92.95% Test OOD1: 94.64% 
Epoch: 93, Loss: 0.7021, Train: 99.94%, Valid: 93.03%, Test In: 93.03% Test OOD1: 94.72% 
Epoch: 94, Loss: 0.7129, Train: 99.96%, Valid: 92.99%, Test In: 93.07% Test OOD1: 94.86% 
Epoch: 95, Loss: 0.6640, Train: 99.96%, Valid: 93.15%, Test In: 93.15% Test OOD1: 95.02% 
Epoch: 96, Loss: 0.6534, Train: 99.96%, Valid: 93.03%, Test In: 93.23% Test OOD1: 95.09% 
Epoch: 97, Loss: 0.6428, Train: 99.96%, Valid: 93.19%, Test In: 93.35% Test OOD1: 95.00% 
Epoch: 98, Loss: 0.5945, Train: 99.96%, Valid: 93.11%, Test In: 93.31% Test OOD1: 95.02% 
Epoch: 99, Loss: 0.5982, Train: 99.98%, Valid: 93.07%, Test In: 93.35% Test OOD1: 95.08% 
Epoch: 100, Loss: 0.6070, Train: 99.98%, Valid: 93.19%, Test In: 93.27% Test OOD1: 95.16% 
Epoch: 101, Loss: 0.5918, Train: 99.98%, Valid: 93.19%, Test In: 93.19% Test OOD1: 95.25% 
Epoch: 102, Loss: 0.5327, Train: 99.98%, Valid: 93.07%, Test In: 93.27% Test OOD1: 95.34% 
Epoch: 103, Loss: 0.5535, Train: 99.96%, Valid: 93.15%, Test In: 93.27% Test OOD1: 95.33% 
Epoch: 104, Loss: 0.5252, Train: 99.96%, Valid: 93.23%, Test In: 93.43% Test OOD1: 95.32% 
Epoch: 105, Loss: 0.5278, Train: 99.96%, Valid: 93.43%, Test In: 93.51% Test OOD1: 95.37% 
Epoch: 106, Loss: 0.5079, Train: 99.96%, Valid: 93.31%, Test In: 93.55% Test OOD1: 95.37% 
Epoch: 107, Loss: 0.5173, Train: 99.96%, Valid: 93.31%, Test In: 93.55% Test OOD1: 95.36% 
Epoch: 108, Loss: 0.5461, Train: 99.96%, Valid: 93.11%, Test In: 93.63% Test OOD1: 95.45% 
Epoch: 109, Loss: 0.5093, Train: 99.98%, Valid: 93.23%, Test In: 93.59% Test OOD1: 95.55% 
Epoch: 110, Loss: 0.4729, Train: 99.98%, Valid: 93.19%, Test In: 93.55% Test OOD1: 95.64% 
Epoch: 111, Loss: 0.4594, Train: 99.98%, Valid: 93.27%, Test In: 93.59% Test OOD1: 95.71% 
Epoch: 112, Loss: 0.4881, Train: 99.98%, Valid: 93.39%, Test In: 93.63% Test OOD1: 95.68% 
Epoch: 113, Loss: 0.4689, Train: 99.98%, Valid: 93.47%, Test In: 93.67% Test OOD1: 95.69% 
Epoch: 114, Loss: 0.4756, Train: 99.98%, Valid: 93.43%, Test In: 93.79% Test OOD1: 95.71% 
Epoch: 115, Loss: 0.4588, Train: 99.98%, Valid: 93.31%, Test In: 93.75% Test OOD1: 95.79% 
Epoch: 116, Loss: 0.4546, Train: 99.98%, Valid: 93.35%, Test In: 93.83% Test OOD1: 95.83% 
Epoch: 117, Loss: 0.4211, Train: 99.98%, Valid: 93.43%, Test In: 93.83% Test OOD1: 95.90% 
Epoch: 118, Loss: 0.4369, Train: 99.98%, Valid: 93.39%, Test In: 93.75% Test OOD1: 95.91% 
Epoch: 119, Loss: 0.4207, Train: 99.98%, Valid: 93.51%, Test In: 93.75% Test OOD1: 95.84% 
Epoch: 120, Loss: 0.4197, Train: 99.98%, Valid: 93.67%, Test In: 93.75% Test OOD1: 95.79% 
Epoch: 121, Loss: 0.4444, Train: 99.98%, Valid: 93.51%, Test In: 93.79% Test OOD1: 95.84% 
Epoch: 122, Loss: 0.4015, Train: 99.98%, Valid: 93.43%, Test In: 93.83% Test OOD1: 95.90% 
Epoch: 123, Loss: 0.4236, Train: 99.98%, Valid: 93.35%, Test In: 93.71% Test OOD1: 96.00% 
Epoch: 124, Loss: 0.4077, Train: 99.98%, Valid: 93.43%, Test In: 93.75% Test OOD1: 96.10% 
Epoch: 125, Loss: 0.4074, Train: 99.98%, Valid: 93.51%, Test In: 93.83% Test OOD1: 96.16% 
Epoch: 126, Loss: 0.4134, Train: 99.98%, Valid: 93.51%, Test In: 93.87% Test OOD1: 96.19% 
Epoch: 127, Loss: 0.3665, Train: 99.98%, Valid: 93.47%, Test In: 93.83% Test OOD1: 96.19% 
Epoch: 128, Loss: 0.3901, Train: 100.00%, Valid: 93.47%, Test In: 93.79% Test OOD1: 96.20% 
Epoch: 129, Loss: 0.4004, Train: 100.00%, Valid: 93.47%, Test In: 93.79% Test OOD1: 96.22% 
Epoch: 130, Loss: 0.3618, Train: 100.00%, Valid: 93.39%, Test In: 93.79% Test OOD1: 96.23% 
Epoch: 131, Loss: 0.3595, Train: 99.98%, Valid: 93.47%, Test In: 93.83% Test OOD1: 96.24% 
Epoch: 132, Loss: 0.3767, Train: 99.98%, Valid: 93.43%, Test In: 93.75% Test OOD1: 96.21% 
Epoch: 133, Loss: 0.3627, Train: 99.98%, Valid: 93.47%, Test In: 93.75% Test OOD1: 96.13% 
Epoch: 134, Loss: 0.3401, Train: 99.98%, Valid: 93.51%, Test In: 93.83% Test OOD1: 96.14% 
Epoch: 135, Loss: 0.3640, Train: 99.96%, Valid: 93.47%, Test In: 93.87% Test OOD1: 96.12% 
Epoch: 136, Loss: 0.3692, Train: 99.98%, Valid: 93.47%, Test In: 93.83% Test OOD1: 96.15% 
Epoch: 137, Loss: 0.3579, Train: 99.98%, Valid: 93.35%, Test In: 93.79% Test OOD1: 96.34% 
Epoch: 138, Loss: 0.3396, Train: 99.98%, Valid: 93.43%, Test In: 93.71% Test OOD1: 96.36% 
Epoch: 139, Loss: 0.3606, Train: 99.98%, Valid: 93.43%, Test In: 93.83% Test OOD1: 96.34% 
Epoch: 140, Loss: 0.3227, Train: 99.98%, Valid: 93.47%, Test In: 93.83% Test OOD1: 96.32% 
Epoch: 141, Loss: 0.3443, Train: 99.98%, Valid: 93.51%, Test In: 93.83% Test OOD1: 96.33% 
Epoch: 142, Loss: 0.3042, Train: 99.98%, Valid: 93.55%, Test In: 93.83% Test OOD1: 96.35% 
Epoch: 143, Loss: 0.3244, Train: 99.98%, Valid: 93.43%, Test In: 93.79% Test OOD1: 96.37% 
Epoch: 144, Loss: 0.3487, Train: 99.98%, Valid: 93.39%, Test In: 93.83% Test OOD1: 96.36% 
Epoch: 145, Loss: 0.3314, Train: 99.98%, Valid: 93.63%, Test In: 93.87% Test OOD1: 96.39% 
Epoch: 146, Loss: 0.3313, Train: 99.98%, Valid: 93.63%, Test In: 94.03% Test OOD1: 96.37% 
Epoch: 147, Loss: 0.3135, Train: 99.98%, Valid: 93.63%, Test In: 93.99% Test OOD1: 96.36% 
Epoch: 148, Loss: 0.3380, Train: 99.98%, Valid: 93.51%, Test In: 93.99% Test OOD1: 96.43% 
Epoch: 149, Loss: 0.3269, Train: 99.98%, Valid: 93.47%, Test In: 93.87% Test OOD1: 96.53% 
Epoch: 150, Loss: 0.3273, Train: 99.98%, Valid: 93.47%, Test In: 93.91% Test OOD1: 96.62% 
Epoch: 151, Loss: 0.3045, Train: 99.98%, Valid: 93.47%, Test In: 93.87% Test OOD1: 96.60% 
Epoch: 152, Loss: 0.3179, Train: 99.98%, Valid: 93.55%, Test In: 93.95% Test OOD1: 96.54% 
Epoch: 153, Loss: 0.3105, Train: 99.98%, Valid: 93.59%, Test In: 93.95% Test OOD1: 96.46% 
Epoch: 154, Loss: 0.3091, Train: 99.98%, Valid: 93.59%, Test In: 93.95% Test OOD1: 96.45% 
Epoch: 155, Loss: 0.3118, Train: 99.98%, Valid: 93.55%, Test In: 93.99% Test OOD1: 96.49% 
Epoch: 156, Loss: 0.3024, Train: 99.98%, Valid: 93.43%, Test In: 93.87% Test OOD1: 96.51% 
Epoch: 157, Loss: 0.2979, Train: 99.98%, Valid: 93.47%, Test In: 93.83% Test OOD1: 96.51% 
Epoch: 158, Loss: 0.3201, Train: 99.98%, Valid: 93.47%, Test In: 93.83% Test OOD1: 96.49% 
Epoch: 159, Loss: 0.3160, Train: 99.98%, Valid: 93.39%, Test In: 93.91% Test OOD1: 96.41% 
Epoch: 160, Loss: 0.3032, Train: 99.98%, Valid: 93.47%, Test In: 93.95% Test OOD1: 96.40% 
Epoch: 161, Loss: 0.2823, Train: 99.98%, Valid: 93.51%, Test In: 94.03% Test OOD1: 96.43% 
Epoch: 162, Loss: 0.3001, Train: 99.98%, Valid: 93.59%, Test In: 94.11% Test OOD1: 96.42% 
Epoch: 163, Loss: 0.2961, Train: 99.98%, Valid: 93.55%, Test In: 94.07% Test OOD1: 96.52% 
Epoch: 164, Loss: 0.2632, Train: 99.98%, Valid: 93.51%, Test In: 93.95% Test OOD1: 96.56% 
Epoch: 165, Loss: 0.2786, Train: 99.98%, Valid: 93.55%, Test In: 93.83% Test OOD1: 96.60% 
Epoch: 166, Loss: 0.2668, Train: 99.98%, Valid: 93.59%, Test In: 93.83% Test OOD1: 96.59% 
Epoch: 167, Loss: 0.3102, Train: 99.98%, Valid: 93.63%, Test In: 93.91% Test OOD1: 96.51% 
Epoch: 168, Loss: 0.2836, Train: 99.98%, Valid: 93.55%, Test In: 93.95% Test OOD1: 96.46% 
Epoch: 169, Loss: 0.2821, Train: 99.98%, Valid: 93.51%, Test In: 94.03% Test OOD1: 96.50% 
Epoch: 170, Loss: 0.2847, Train: 99.98%, Valid: 93.51%, Test In: 93.95% Test OOD1: 96.54% 
Epoch: 171, Loss: 0.3059, Train: 99.98%, Valid: 93.51%, Test In: 93.75% Test OOD1: 96.52% 
Epoch: 172, Loss: 0.2726, Train: 99.98%, Valid: 93.55%, Test In: 93.79% Test OOD1: 96.52% 
Epoch: 173, Loss: 0.3087, Train: 99.98%, Valid: 93.79%, Test In: 93.79% Test OOD1: 96.44% 
Epoch: 174, Loss: 0.2813, Train: 99.98%, Valid: 93.63%, Test In: 93.83% Test OOD1: 96.43% 
Epoch: 175, Loss: 0.2995, Train: 99.98%, Valid: 93.51%, Test In: 93.99% Test OOD1: 96.44% 
Epoch: 176, Loss: 0.2958, Train: 99.98%, Valid: 93.59%, Test In: 93.91% Test OOD1: 96.60% 
Epoch: 177, Loss: 0.2942, Train: 99.98%, Valid: 93.55%, Test In: 93.99% Test OOD1: 96.64% 
Epoch: 178, Loss: 0.3067, Train: 99.98%, Valid: 93.59%, Test In: 94.03% Test OOD1: 96.64% 
Epoch: 179, Loss: 0.2849, Train: 99.98%, Valid: 93.59%, Test In: 93.99% Test OOD1: 96.62% 
Epoch: 180, Loss: 0.2613, Train: 99.98%, Valid: 93.63%, Test In: 93.91% Test OOD1: 96.62% 
Epoch: 181, Loss: 0.2883, Train: 99.98%, Valid: 93.67%, Test In: 93.99% Test OOD1: 96.61% 
Epoch: 182, Loss: 0.2809, Train: 99.98%, Valid: 93.59%, Test In: 94.03% Test OOD1: 96.60% 
Epoch: 183, Loss: 0.2999, Train: 99.98%, Valid: 93.63%, Test In: 94.03% Test OOD1: 96.59% 
Epoch: 184, Loss: 0.2880, Train: 99.98%, Valid: 93.55%, Test In: 93.99% Test OOD1: 96.53% 
Epoch: 185, Loss: 0.2779, Train: 99.98%, Valid: 93.51%, Test In: 93.99% Test OOD1: 96.48% 
Epoch: 186, Loss: 0.2772, Train: 99.98%, Valid: 93.67%, Test In: 93.79% Test OOD1: 96.47% 
Epoch: 187, Loss: 0.3082, Train: 99.98%, Valid: 93.79%, Test In: 93.79% Test OOD1: 96.57% 
Epoch: 188, Loss: 0.2751, Train: 99.98%, Valid: 93.55%, Test In: 93.79% Test OOD1: 96.62% 
Epoch: 189, Loss: 0.2539, Train: 99.98%, Valid: 93.63%, Test In: 93.95% Test OOD1: 96.62% 
Epoch: 190, Loss: 0.2714, Train: 99.98%, Valid: 93.51%, Test In: 93.95% Test OOD1: 96.61% 
Epoch: 191, Loss: 0.2841, Train: 99.98%, Valid: 93.59%, Test In: 93.99% Test OOD1: 96.62% 
Epoch: 192, Loss: 0.2717, Train: 99.98%, Valid: 93.59%, Test In: 93.87% Test OOD1: 96.63% 
Epoch: 193, Loss: 0.2753, Train: 99.98%, Valid: 93.67%, Test In: 93.79% Test OOD1: 96.67% 
Epoch: 194, Loss: 0.2606, Train: 99.98%, Valid: 93.63%, Test In: 93.79% Test OOD1: 96.66% 
Epoch: 195, Loss: 0.2507, Train: 99.98%, Valid: 93.63%, Test In: 93.95% Test OOD1: 96.67% 
Epoch: 196, Loss: 0.2604, Train: 99.98%, Valid: 93.71%, Test In: 93.95% Test OOD1: 96.71% 
Epoch: 197, Loss: 0.2662, Train: 99.98%, Valid: 93.75%, Test In: 94.03% Test OOD1: 96.72% 
Epoch: 198, Loss: 0.2825, Train: 99.98%, Valid: 93.83%, Test In: 93.99% Test OOD1: 96.72% 
Epoch: 199, Loss: 0.2876, Train: 99.98%, Valid: 93.67%, Test In: 93.87% Test OOD1: 96.73% 
Epoch: 200, Loss: 0.2451, Train: 99.98%, Valid: 93.59%, Test In: 93.83% Test OOD1: 96.71% 
Epoch: 201, Loss: 0.2878, Train: 99.98%, Valid: 93.83%, Test In: 93.91% Test OOD1: 96.72% 
Epoch: 202, Loss: 0.2610, Train: 99.98%, Valid: 93.75%, Test In: 93.95% Test OOD1: 96.74% 
Epoch: 203, Loss: 0.2828, Train: 99.98%, Valid: 93.63%, Test In: 93.91% Test OOD1: 96.72% 
Epoch: 204, Loss: 0.2598, Train: 99.98%, Valid: 93.71%, Test In: 93.99% Test OOD1: 96.70% 
Epoch: 205, Loss: 0.2943, Train: 99.98%, Valid: 93.59%, Test In: 94.07% Test OOD1: 96.74% 
Epoch: 206, Loss: 0.2701, Train: 99.98%, Valid: 93.59%, Test In: 94.19% Test OOD1: 96.70% 
Epoch: 207, Loss: 0.2335, Train: 99.98%, Valid: 93.79%, Test In: 94.23% Test OOD1: 96.64% 
Epoch: 208, Loss: 0.2194, Train: 99.98%, Valid: 93.71%, Test In: 94.19% Test OOD1: 96.63% 
Epoch: 209, Loss: 0.2472, Train: 99.98%, Valid: 93.67%, Test In: 93.99% Test OOD1: 96.72% 
Epoch: 210, Loss: 0.2409, Train: 99.98%, Valid: 93.67%, Test In: 93.91% Test OOD1: 96.75% 
Epoch: 211, Loss: 0.2471, Train: 99.98%, Valid: 93.71%, Test In: 93.95% Test OOD1: 96.74% 
Epoch: 212, Loss: 0.2527, Train: 99.98%, Valid: 93.87%, Test In: 94.11% Test OOD1: 96.77% 
Epoch: 213, Loss: 0.2422, Train: 99.98%, Valid: 93.95%, Test In: 94.11% Test OOD1: 96.72% 
Epoch: 214, Loss: 0.2483, Train: 99.98%, Valid: 93.95%, Test In: 94.03% Test OOD1: 96.69% 
Epoch: 215, Loss: 0.2253, Train: 99.98%, Valid: 93.71%, Test In: 94.03% Test OOD1: 96.75% 
Epoch: 216, Loss: 0.2426, Train: 99.98%, Valid: 93.67%, Test In: 93.95% Test OOD1: 96.73% 
Epoch: 217, Loss: 0.2465, Train: 99.98%, Valid: 93.79%, Test In: 94.03% Test OOD1: 96.71% 
Epoch: 218, Loss: 0.2277, Train: 99.98%, Valid: 93.91%, Test In: 94.19% Test OOD1: 96.69% 
Epoch: 219, Loss: 0.2329, Train: 99.98%, Valid: 93.91%, Test In: 94.15% Test OOD1: 96.66% 
Epoch: 220, Loss: 0.2342, Train: 99.98%, Valid: 93.91%, Test In: 94.07% Test OOD1: 96.71% 
Epoch: 221, Loss: 0.2530, Train: 99.98%, Valid: 93.75%, Test In: 94.03% Test OOD1: 96.69% 
Epoch: 222, Loss: 0.2666, Train: 99.98%, Valid: 93.91%, Test In: 93.95% Test OOD1: 96.69% 
Epoch: 223, Loss: 0.2390, Train: 99.98%, Valid: 93.83%, Test In: 93.75% Test OOD1: 96.70% 
Epoch: 224, Loss: 0.2650, Train: 99.98%, Valid: 93.83%, Test In: 93.83% Test OOD1: 96.72% 
Epoch: 225, Loss: 0.2499, Train: 99.98%, Valid: 93.95%, Test In: 93.83% Test OOD1: 96.78% 
Epoch: 226, Loss: 0.2607, Train: 99.98%, Valid: 93.87%, Test In: 94.03% Test OOD1: 96.83% 
Epoch: 227, Loss: 0.2392, Train: 99.98%, Valid: 93.79%, Test In: 94.03% Test OOD1: 96.82% 
Epoch: 228, Loss: 0.2575, Train: 99.98%, Valid: 93.75%, Test In: 93.95% Test OOD1: 96.80% 
Epoch: 229, Loss: 0.2497, Train: 99.98%, Valid: 93.79%, Test In: 93.99% Test OOD1: 96.79% 
Epoch: 230, Loss: 0.2262, Train: 99.98%, Valid: 93.75%, Test In: 94.11% Test OOD1: 96.79% 
Epoch: 231, Loss: 0.2429, Train: 99.98%, Valid: 93.79%, Test In: 94.15% Test OOD1: 96.77% 
Epoch: 232, Loss: 0.2470, Train: 99.98%, Valid: 93.75%, Test In: 94.19% Test OOD1: 96.75% 
Epoch: 233, Loss: 0.2226, Train: 99.98%, Valid: 93.87%, Test In: 94.19% Test OOD1: 96.70% 
Epoch: 234, Loss: 0.2424, Train: 99.98%, Valid: 93.87%, Test In: 94.15% Test OOD1: 96.73% 
Epoch: 235, Loss: 0.2304, Train: 99.98%, Valid: 93.83%, Test In: 94.03% Test OOD1: 96.74% 
Epoch: 236, Loss: 0.2240, Train: 99.98%, Valid: 93.83%, Test In: 94.03% Test OOD1: 96.76% 
Epoch: 237, Loss: 0.2385, Train: 99.98%, Valid: 93.71%, Test In: 94.03% Test OOD1: 96.78% 
Epoch: 238, Loss: 0.2461, Train: 99.98%, Valid: 93.91%, Test In: 94.07% Test OOD1: 96.72% 
Epoch: 239, Loss: 0.2292, Train: 99.98%, Valid: 93.91%, Test In: 94.15% Test OOD1: 96.71% 
Epoch: 240, Loss: 0.2310, Train: 99.98%, Valid: 93.83%, Test In: 94.15% Test OOD1: 96.73% 
Epoch: 241, Loss: 0.2370, Train: 99.98%, Valid: 93.75%, Test In: 94.15% Test OOD1: 96.78% 
Epoch: 242, Loss: 0.2337, Train: 99.98%, Valid: 93.75%, Test In: 94.15% Test OOD1: 96.83% 
Epoch: 243, Loss: 0.2232, Train: 99.98%, Valid: 93.79%, Test In: 94.19% Test OOD1: 96.87% 
Epoch: 244, Loss: 0.2208, Train: 99.98%, Valid: 93.75%, Test In: 94.19% Test OOD1: 96.83% 
Epoch: 245, Loss: 0.2300, Train: 99.98%, Valid: 93.91%, Test In: 94.15% Test OOD1: 96.80% 
Epoch: 246, Loss: 0.2184, Train: 99.98%, Valid: 93.83%, Test In: 94.07% Test OOD1: 96.79% 
Epoch: 247, Loss: 0.2050, Train: 99.98%, Valid: 93.95%, Test In: 93.99% Test OOD1: 96.79% 
Epoch: 248, Loss: 0.2337, Train: 99.98%, Valid: 93.87%, Test In: 93.99% Test OOD1: 96.79% 
Epoch: 249, Loss: 0.1993, Train: 99.98%, Valid: 93.87%, Test In: 94.07% Test OOD1: 96.79% 
Epoch: 250, Loss: 0.2220, Train: 99.98%, Valid: 93.79%, Test In: 93.95% Test OOD1: 96.84% 
Epoch: 251, Loss: 0.2381, Train: 99.98%, Valid: 93.83%, Test In: 94.11% Test OOD1: 96.81% 
Epoch: 252, Loss: 0.2096, Train: 99.98%, Valid: 93.87%, Test In: 94.11% Test OOD1: 96.79% 
Epoch: 253, Loss: 0.2225, Train: 99.98%, Valid: 93.79%, Test In: 94.11% Test OOD1: 96.78% 
Epoch: 254, Loss: 0.2183, Train: 99.98%, Valid: 93.75%, Test In: 93.91% Test OOD1: 96.78% 
Epoch: 255, Loss: 0.2687, Train: 99.98%, Valid: 93.71%, Test In: 93.95% Test OOD1: 96.75% 
Epoch: 256, Loss: 0.2466, Train: 99.98%, Valid: 93.67%, Test In: 93.95% Test OOD1: 96.78% 
Epoch: 257, Loss: 0.2524, Train: 99.98%, Valid: 93.83%, Test In: 93.95% Test OOD1: 96.76% 
Epoch: 258, Loss: 0.2480, Train: 99.98%, Valid: 93.91%, Test In: 94.11% Test OOD1: 96.78% 
Epoch: 259, Loss: 0.2310, Train: 99.98%, Valid: 93.87%, Test In: 94.19% Test OOD1: 96.78% 
Epoch: 260, Loss: 0.2512, Train: 99.98%, Valid: 93.71%, Test In: 94.15% Test OOD1: 96.79% 
Epoch: 261, Loss: 0.2324, Train: 99.98%, Valid: 93.79%, Test In: 94.11% Test OOD1: 96.82% 
Epoch: 262, Loss: 0.2607, Train: 99.98%, Valid: 93.71%, Test In: 94.15% Test OOD1: 96.79% 
Epoch: 263, Loss: 0.2147, Train: 99.98%, Valid: 93.79%, Test In: 94.03% Test OOD1: 96.81% 
Epoch: 264, Loss: 0.2446, Train: 99.98%, Valid: 93.91%, Test In: 94.19% Test OOD1: 96.80% 
Epoch: 265, Loss: 0.2199, Train: 99.98%, Valid: 93.79%, Test In: 94.15% Test OOD1: 96.76% 
Epoch: 266, Loss: 0.2390, Train: 99.98%, Valid: 93.71%, Test In: 94.03% Test OOD1: 96.81% 
Epoch: 267, Loss: 0.2492, Train: 99.98%, Valid: 93.55%, Test In: 94.03% Test OOD1: 96.86% 
Epoch: 268, Loss: 0.2335, Train: 99.98%, Valid: 93.67%, Test In: 93.99% Test OOD1: 96.85% 
Epoch: 269, Loss: 0.2259, Train: 99.98%, Valid: 93.75%, Test In: 93.99% Test OOD1: 96.84% 
Epoch: 270, Loss: 0.2355, Train: 99.98%, Valid: 93.67%, Test In: 93.99% Test OOD1: 96.81% 
Epoch: 271, Loss: 0.2266, Train: 99.98%, Valid: 93.59%, Test In: 93.95% Test OOD1: 96.78% 
Epoch: 272, Loss: 0.1985, Train: 99.98%, Valid: 93.43%, Test In: 93.91% Test OOD1: 96.81% 
Epoch: 273, Loss: 0.2597, Train: 99.98%, Valid: 93.55%, Test In: 93.99% Test OOD1: 96.84% 
Epoch: 274, Loss: 0.2217, Train: 99.98%, Valid: 93.51%, Test In: 93.99% Test OOD1: 96.81% 
Epoch: 275, Loss: 0.2547, Train: 99.98%, Valid: 93.51%, Test In: 94.03% Test OOD1: 96.84% 
Epoch: 276, Loss: 0.2243, Train: 99.98%, Valid: 93.75%, Test In: 93.91% Test OOD1: 96.80% 
Epoch: 277, Loss: 0.2742, Train: 99.98%, Valid: 93.67%, Test In: 94.03% Test OOD1: 96.81% 
Epoch: 278, Loss: 0.2799, Train: 99.98%, Valid: 93.71%, Test In: 94.03% Test OOD1: 96.83% 
Epoch: 279, Loss: 0.2408, Train: 99.98%, Valid: 93.75%, Test In: 93.91% Test OOD1: 96.81% 
Epoch: 280, Loss: 0.2325, Train: 99.98%, Valid: 93.71%, Test In: 93.87% Test OOD1: 96.78% 
Epoch: 281, Loss: 0.2333, Train: 99.98%, Valid: 93.75%, Test In: 93.99% Test OOD1: 96.78% 
Epoch: 282, Loss: 0.2271, Train: 99.98%, Valid: 93.79%, Test In: 93.99% Test OOD1: 96.78% 
Epoch: 283, Loss: 0.2428, Train: 99.98%, Valid: 93.67%, Test In: 94.07% Test OOD1: 96.77% 
Epoch: 284, Loss: 0.1974, Train: 99.98%, Valid: 93.71%, Test In: 94.07% Test OOD1: 96.81% 
Epoch: 285, Loss: 0.2207, Train: 99.98%, Valid: 93.79%, Test In: 94.19% Test OOD1: 96.81% 
Epoch: 286, Loss: 0.2222, Train: 99.98%, Valid: 93.67%, Test In: 94.15% Test OOD1: 96.82% 
Epoch: 287, Loss: 0.2144, Train: 99.98%, Valid: 93.71%, Test In: 93.99% Test OOD1: 96.84% 
Epoch: 288, Loss: 0.2196, Train: 99.98%, Valid: 93.67%, Test In: 93.91% Test OOD1: 96.81% 
Epoch: 289, Loss: 0.2141, Train: 99.98%, Valid: 93.67%, Test In: 94.07% Test OOD1: 96.81% 
Epoch: 290, Loss: 0.2162, Train: 99.98%, Valid: 93.71%, Test In: 94.19% Test OOD1: 96.85% 
Epoch: 291, Loss: 0.2360, Train: 99.98%, Valid: 93.63%, Test In: 94.15% Test OOD1: 96.83% 
Epoch: 292, Loss: 0.1832, Train: 99.98%, Valid: 93.83%, Test In: 93.91% Test OOD1: 96.80% 
Epoch: 293, Loss: 0.2271, Train: 99.98%, Valid: 93.87%, Test In: 93.87% Test OOD1: 96.75% 
Epoch: 294, Loss: 0.2095, Train: 99.98%, Valid: 93.75%, Test In: 93.91% Test OOD1: 96.80% 
Epoch: 295, Loss: 0.2140, Train: 99.98%, Valid: 93.83%, Test In: 94.19% Test OOD1: 96.84% 
Epoch: 296, Loss: 0.2201, Train: 99.98%, Valid: 93.71%, Test In: 94.23% Test OOD1: 96.84% 
Epoch: 297, Loss: 0.2075, Train: 99.98%, Valid: 93.55%, Test In: 94.19% Test OOD1: 96.82% 
Epoch: 298, Loss: 0.2380, Train: 99.98%, Valid: 93.67%, Test In: 94.07% Test OOD1: 96.80% 
Epoch: 299, Loss: 0.1982, Train: 99.98%, Valid: 93.75%, Test In: 93.95% Test OOD1: 96.81% 
Epoch: 300, Loss: 0.2229, Train: 99.98%, Valid: 93.71%, Test In: 94.03% Test OOD1: 96.82% 
Epoch: 301, Loss: 0.1901, Train: 99.98%, Valid: 93.79%, Test In: 94.15% Test OOD1: 96.83% 
Epoch: 302, Loss: 0.1912, Train: 99.98%, Valid: 93.83%, Test In: 94.11% Test OOD1: 96.80% 
Epoch: 303, Loss: 0.2267, Train: 99.98%, Valid: 93.75%, Test In: 93.99% Test OOD1: 96.82% 
Epoch: 304, Loss: 0.2133, Train: 99.98%, Valid: 93.63%, Test In: 93.87% Test OOD1: 96.81% 
Epoch: 305, Loss: 0.1967, Train: 99.98%, Valid: 93.79%, Test In: 93.91% Test OOD1: 96.82% 
Epoch: 306, Loss: 0.2102, Train: 99.98%, Valid: 93.75%, Test In: 93.99% Test OOD1: 96.81% 
Epoch: 307, Loss: 0.2050, Train: 99.98%, Valid: 93.63%, Test In: 94.03% Test OOD1: 96.82% 
Epoch: 308, Loss: 0.2239, Train: 99.98%, Valid: 93.67%, Test In: 94.03% Test OOD1: 96.79% 
Epoch: 309, Loss: 0.2261, Train: 99.98%, Valid: 93.91%, Test In: 94.11% Test OOD1: 96.85% 
Epoch: 310, Loss: 0.2022, Train: 99.98%, Valid: 93.91%, Test In: 94.11% Test OOD1: 96.86% 
Epoch: 311, Loss: 0.2104, Train: 99.98%, Valid: 93.83%, Test In: 94.03% Test OOD1: 96.84% 
Epoch: 312, Loss: 0.2307, Train: 99.98%, Valid: 93.71%, Test In: 94.15% Test OOD1: 96.82% 
Epoch: 313, Loss: 0.2069, Train: 99.98%, Valid: 93.55%, Test In: 94.11% Test OOD1: 96.83% 
Epoch: 314, Loss: 0.2141, Train: 99.98%, Valid: 93.51%, Test In: 93.99% Test OOD1: 96.83% 
Epoch: 315, Loss: 0.1906, Train: 99.98%, Valid: 93.67%, Test In: 94.07% Test OOD1: 96.83% 
Epoch: 316, Loss: 0.1917, Train: 99.98%, Valid: 93.99%, Test In: 94.23% Test OOD1: 96.85% 
Epoch: 317, Loss: 0.2048, Train: 99.98%, Valid: 93.99%, Test In: 94.07% Test OOD1: 96.79% 
Epoch: 318, Loss: 0.2123, Train: 99.98%, Valid: 94.11%, Test In: 94.15% Test OOD1: 96.74% 
Epoch: 319, Loss: 0.2114, Train: 99.98%, Valid: 94.03%, Test In: 94.15% Test OOD1: 96.82% 
Epoch: 320, Loss: 0.2138, Train: 99.98%, Valid: 93.95%, Test In: 94.07% Test OOD1: 96.83% 
Epoch: 321, Loss: 0.2129, Train: 99.98%, Valid: 93.91%, Test In: 94.07% Test OOD1: 96.82% 
Epoch: 322, Loss: 0.2265, Train: 99.98%, Valid: 93.87%, Test In: 93.99% Test OOD1: 96.85% 
Epoch: 323, Loss: 0.2037, Train: 99.98%, Valid: 93.87%, Test In: 94.03% Test OOD1: 96.86% 
Epoch: 324, Loss: 0.1957, Train: 99.98%, Valid: 93.79%, Test In: 94.15% Test OOD1: 96.90% 
Epoch: 325, Loss: 0.2127, Train: 99.98%, Valid: 93.91%, Test In: 94.15% Test OOD1: 96.90% 
Epoch: 326, Loss: 0.1893, Train: 99.98%, Valid: 93.75%, Test In: 94.15% Test OOD1: 96.91% 
Epoch: 327, Loss: 0.2170, Train: 99.98%, Valid: 93.67%, Test In: 94.11% Test OOD1: 96.87% 
Epoch: 328, Loss: 0.1919, Train: 99.98%, Valid: 93.63%, Test In: 93.95% Test OOD1: 96.82% 
Epoch: 329, Loss: 0.1926, Train: 99.98%, Valid: 93.63%, Test In: 93.99% Test OOD1: 96.82% 
Epoch: 330, Loss: 0.2025, Train: 99.98%, Valid: 93.67%, Test In: 94.15% Test OOD1: 96.87% 
Epoch: 331, Loss: 0.1948, Train: 99.98%, Valid: 93.79%, Test In: 94.19% Test OOD1: 96.87% 
Epoch: 332, Loss: 0.1961, Train: 99.98%, Valid: 93.67%, Test In: 94.15% Test OOD1: 96.87% 
Epoch: 333, Loss: 0.1862, Train: 99.98%, Valid: 93.71%, Test In: 94.11% Test OOD1: 96.81% 
Epoch: 334, Loss: 0.2131, Train: 99.98%, Valid: 93.55%, Test In: 93.87% Test OOD1: 96.85% 
Epoch: 335, Loss: 0.2126, Train: 99.98%, Valid: 93.55%, Test In: 93.87% Test OOD1: 96.80% 
Epoch: 336, Loss: 0.2374, Train: 99.98%, Valid: 93.55%, Test In: 94.19% Test OOD1: 96.87% 
Epoch: 337, Loss: 0.2037, Train: 99.98%, Valid: 93.71%, Test In: 94.15% Test OOD1: 96.79% 
Epoch: 338, Loss: 0.2223, Train: 99.98%, Valid: 93.63%, Test In: 94.15% Test OOD1: 96.78% 
Epoch: 339, Loss: 0.2005, Train: 99.98%, Valid: 93.67%, Test In: 94.27% Test OOD1: 96.82% 
Epoch: 340, Loss: 0.1848, Train: 99.98%, Valid: 93.71%, Test In: 93.99% Test OOD1: 96.76% 
Epoch: 341, Loss: 0.2054, Train: 99.98%, Valid: 93.67%, Test In: 94.19% Test OOD1: 96.79% 
Epoch: 342, Loss: 0.2171, Train: 99.98%, Valid: 93.87%, Test In: 94.27% Test OOD1: 96.75% 
Epoch: 343, Loss: 0.2037, Train: 99.98%, Valid: 93.79%, Test In: 94.35% Test OOD1: 96.76% 
Epoch: 344, Loss: 0.2237, Train: 99.98%, Valid: 93.75%, Test In: 94.19% Test OOD1: 96.78% 
Epoch: 345, Loss: 0.1975, Train: 99.98%, Valid: 93.71%, Test In: 93.83% Test OOD1: 96.78% 
Epoch: 346, Loss: 0.1712, Train: 99.98%, Valid: 93.63%, Test In: 93.87% Test OOD1: 96.78% 
Epoch: 347, Loss: 0.2119, Train: 99.98%, Valid: 93.67%, Test In: 93.99% Test OOD1: 96.82% 
Epoch: 348, Loss: 0.1911, Train: 99.98%, Valid: 93.87%, Test In: 93.99% Test OOD1: 96.84% 
Epoch: 349, Loss: 0.2045, Train: 99.98%, Valid: 93.75%, Test In: 94.03% Test OOD1: 96.87% 
Epoch: 350, Loss: 0.2258, Train: 99.98%, Valid: 93.79%, Test In: 94.03% Test OOD1: 96.82% 
Epoch: 351, Loss: 0.1766, Train: 99.98%, Valid: 93.79%, Test In: 94.11% Test OOD1: 96.82% 
Epoch: 352, Loss: 0.1934, Train: 99.98%, Valid: 93.79%, Test In: 93.91% Test OOD1: 96.80% 
Epoch: 353, Loss: 0.2240, Train: 99.98%, Valid: 93.63%, Test In: 93.91% Test OOD1: 96.86% 
Epoch: 354, Loss: 0.1852, Train: 99.98%, Valid: 93.87%, Test In: 93.95% Test OOD1: 96.84% 
Epoch: 355, Loss: 0.2066, Train: 99.98%, Valid: 93.75%, Test In: 94.19% Test OOD1: 96.81% 
Epoch: 356, Loss: 0.1964, Train: 99.98%, Valid: 93.67%, Test In: 94.07% Test OOD1: 96.78% 
Epoch: 357, Loss: 0.2146, Train: 99.98%, Valid: 93.75%, Test In: 94.15% Test OOD1: 96.78% 
Epoch: 358, Loss: 0.1777, Train: 100.00%, Valid: 93.79%, Test In: 94.23% Test OOD1: 96.82% 
Epoch: 359, Loss: 0.2046, Train: 100.00%, Valid: 93.71%, Test In: 94.11% Test OOD1: 96.81% 
Epoch: 360, Loss: 0.2021, Train: 99.98%, Valid: 93.79%, Test In: 94.11% Test OOD1: 96.79% 
Epoch: 361, Loss: 0.2152, Train: 99.98%, Valid: 93.71%, Test In: 94.11% Test OOD1: 96.77% 
Epoch: 362, Loss: 0.1861, Train: 99.98%, Valid: 93.59%, Test In: 94.11% Test OOD1: 96.76% 
Epoch: 363, Loss: 0.1753, Train: 99.98%, Valid: 93.71%, Test In: 94.03% Test OOD1: 96.74% 
Epoch: 364, Loss: 0.2022, Train: 99.98%, Valid: 93.67%, Test In: 93.99% Test OOD1: 96.74% 
Epoch: 365, Loss: 0.2065, Train: 99.98%, Valid: 93.67%, Test In: 94.03% Test OOD1: 96.75% 
Epoch: 366, Loss: 0.1889, Train: 99.98%, Valid: 93.71%, Test In: 94.03% Test OOD1: 96.81% 
Epoch: 367, Loss: 0.2039, Train: 99.98%, Valid: 93.79%, Test In: 94.07% Test OOD1: 96.81% 
Epoch: 368, Loss: 0.1784, Train: 99.98%, Valid: 93.87%, Test In: 94.15% Test OOD1: 96.81% 
Epoch: 369, Loss: 0.2064, Train: 99.98%, Valid: 93.75%, Test In: 94.03% Test OOD1: 96.79% 
Epoch: 370, Loss: 0.1803, Train: 99.98%, Valid: 93.71%, Test In: 94.03% Test OOD1: 96.79% 
Epoch: 371, Loss: 0.1766, Train: 99.98%, Valid: 93.67%, Test In: 93.91% Test OOD1: 96.82% 
Epoch: 372, Loss: 0.2088, Train: 99.98%, Valid: 93.71%, Test In: 94.07% Test OOD1: 96.87% 
Epoch: 373, Loss: 0.1853, Train: 99.98%, Valid: 93.91%, Test In: 94.03% Test OOD1: 96.87% 
Epoch: 374, Loss: 0.1804, Train: 99.98%, Valid: 94.03%, Test In: 94.07% Test OOD1: 96.86% 
Epoch: 375, Loss: 0.1912, Train: 99.98%, Valid: 94.07%, Test In: 94.23% Test OOD1: 96.81% 
Epoch: 376, Loss: 0.2033, Train: 99.98%, Valid: 93.99%, Test In: 94.07% Test OOD1: 96.82% 
Epoch: 377, Loss: 0.1910, Train: 99.98%, Valid: 93.79%, Test In: 93.83% Test OOD1: 96.82% 
Epoch: 378, Loss: 0.1985, Train: 99.98%, Valid: 93.67%, Test In: 93.87% Test OOD1: 96.83% 
Epoch: 379, Loss: 0.2102, Train: 99.98%, Valid: 93.79%, Test In: 93.95% Test OOD1: 96.82% 
Epoch: 380, Loss: 0.1903, Train: 99.98%, Valid: 93.87%, Test In: 94.07% Test OOD1: 96.82% 
Epoch: 381, Loss: 0.1951, Train: 99.98%, Valid: 93.83%, Test In: 94.03% Test OOD1: 96.85% 
Epoch: 382, Loss: 0.1931, Train: 99.98%, Valid: 93.83%, Test In: 93.95% Test OOD1: 96.85% 
Epoch: 383, Loss: 0.2239, Train: 99.98%, Valid: 93.87%, Test In: 93.83% Test OOD1: 96.89% 
Epoch: 384, Loss: 0.1741, Train: 99.98%, Valid: 93.83%, Test In: 93.95% Test OOD1: 96.86% 
Epoch: 385, Loss: 0.2312, Train: 99.98%, Valid: 93.87%, Test In: 94.03% Test OOD1: 96.88% 
Epoch: 386, Loss: 0.1877, Train: 99.98%, Valid: 93.91%, Test In: 94.11% Test OOD1: 96.87% 
Epoch: 387, Loss: 0.1766, Train: 99.98%, Valid: 93.95%, Test In: 93.99% Test OOD1: 96.83% 
Epoch: 388, Loss: 0.2059, Train: 99.98%, Valid: 93.91%, Test In: 93.99% Test OOD1: 96.85% 
Epoch: 389, Loss: 0.1986, Train: 99.98%, Valid: 93.83%, Test In: 94.03% Test OOD1: 96.85% 
Epoch: 390, Loss: 0.2144, Train: 99.98%, Valid: 93.67%, Test In: 94.07% Test OOD1: 96.86% 
Epoch: 391, Loss: 0.2044, Train: 99.98%, Valid: 93.75%, Test In: 93.99% Test OOD1: 96.84% 
Epoch: 392, Loss: 0.1865, Train: 100.00%, Valid: 93.71%, Test In: 93.95% Test OOD1: 96.82% 
Epoch: 393, Loss: 0.1850, Train: 100.00%, Valid: 93.79%, Test In: 93.91% Test OOD1: 96.84% 
Epoch: 394, Loss: 0.2103, Train: 100.00%, Valid: 93.95%, Test In: 93.99% Test OOD1: 96.85% 
Epoch: 395, Loss: 0.1806, Train: 100.00%, Valid: 93.87%, Test In: 93.95% Test OOD1: 96.83% 
Epoch: 396, Loss: 0.2015, Train: 100.00%, Valid: 93.67%, Test In: 94.11% Test OOD1: 96.84% 
Epoch: 397, Loss: 0.1948, Train: 99.98%, Valid: 93.75%, Test In: 94.23% Test OOD1: 96.88% 
Epoch: 398, Loss: 0.2095, Train: 100.00%, Valid: 93.99%, Test In: 94.23% Test OOD1: 96.90% 
Epoch: 399, Loss: 0.1831, Train: 99.98%, Valid: 93.91%, Test In: 94.19% Test OOD1: 96.88% 
Epoch: 400, Loss: 0.2100, Train: 99.98%, Valid: 93.95%, Test In: 94.31% Test OOD1: 96.87% 
Epoch: 401, Loss: 0.2177, Train: 99.98%, Valid: 93.99%, Test In: 94.15% Test OOD1: 96.88% 
Epoch: 402, Loss: 0.1767, Train: 99.98%, Valid: 93.91%, Test In: 94.03% Test OOD1: 96.89% 
Epoch: 403, Loss: 0.1796, Train: 99.98%, Valid: 93.87%, Test In: 94.15% Test OOD1: 96.90% 
Epoch: 404, Loss: 0.1997, Train: 99.98%, Valid: 93.87%, Test In: 94.27% Test OOD1: 96.87% 
Epoch: 405, Loss: 0.1825, Train: 99.98%, Valid: 94.03%, Test In: 94.47% Test OOD1: 96.88% 
Epoch: 406, Loss: 0.1769, Train: 99.98%, Valid: 94.07%, Test In: 94.31% Test OOD1: 96.91% 
Epoch: 407, Loss: 0.1834, Train: 99.98%, Valid: 94.03%, Test In: 94.39% Test OOD1: 96.96% 
Epoch: 408, Loss: 0.1821, Train: 99.98%, Valid: 93.87%, Test In: 94.23% Test OOD1: 96.92% 
Epoch: 409, Loss: 0.1820, Train: 99.98%, Valid: 93.87%, Test In: 94.11% Test OOD1: 96.82% 
Epoch: 410, Loss: 0.1835, Train: 99.98%, Valid: 93.75%, Test In: 94.19% Test OOD1: 96.84% 
Epoch: 411, Loss: 0.2226, Train: 99.98%, Valid: 93.75%, Test In: 94.23% Test OOD1: 96.90% 
Epoch: 412, Loss: 0.1768, Train: 99.98%, Valid: 93.71%, Test In: 94.31% Test OOD1: 96.92% 
Epoch: 413, Loss: 0.1890, Train: 99.98%, Valid: 93.87%, Test In: 94.27% Test OOD1: 96.92% 
Epoch: 414, Loss: 0.2086, Train: 99.98%, Valid: 93.91%, Test In: 94.15% Test OOD1: 96.90% 
Epoch: 415, Loss: 0.1934, Train: 99.98%, Valid: 93.95%, Test In: 94.23% Test OOD1: 96.89% 
Epoch: 416, Loss: 0.1918, Train: 99.98%, Valid: 93.67%, Test In: 94.15% Test OOD1: 96.94% 
Epoch: 417, Loss: 0.1643, Train: 99.98%, Valid: 93.71%, Test In: 93.87% Test OOD1: 96.92% 
Epoch: 418, Loss: 0.1791, Train: 99.98%, Valid: 93.71%, Test In: 93.83% Test OOD1: 96.92% 
Epoch: 419, Loss: 0.2051, Train: 99.98%, Valid: 93.83%, Test In: 93.91% Test OOD1: 96.92% 
Epoch: 420, Loss: 0.2095, Train: 99.98%, Valid: 93.99%, Test In: 94.19% Test OOD1: 96.93% 
Epoch: 421, Loss: 0.1771, Train: 99.98%, Valid: 93.91%, Test In: 93.99% Test OOD1: 96.91% 
Epoch: 422, Loss: 0.1959, Train: 99.98%, Valid: 93.95%, Test In: 93.95% Test OOD1: 96.92% 
Epoch: 423, Loss: 0.1903, Train: 99.98%, Valid: 93.95%, Test In: 94.07% Test OOD1: 96.88% 
Epoch: 424, Loss: 0.2022, Train: 99.98%, Valid: 93.95%, Test In: 94.03% Test OOD1: 96.92% 
Epoch: 425, Loss: 0.1940, Train: 99.98%, Valid: 93.95%, Test In: 94.19% Test OOD1: 96.92% 
Epoch: 426, Loss: 0.1921, Train: 99.98%, Valid: 93.79%, Test In: 94.15% Test OOD1: 96.96% 
Epoch: 427, Loss: 0.1764, Train: 100.00%, Valid: 93.75%, Test In: 94.11% Test OOD1: 96.92% 
Epoch: 428, Loss: 0.1855, Train: 100.00%, Valid: 93.63%, Test In: 94.03% Test OOD1: 96.89% 
Epoch: 429, Loss: 0.1876, Train: 100.00%, Valid: 93.67%, Test In: 94.11% Test OOD1: 96.94% 
Epoch: 430, Loss: 0.1864, Train: 99.98%, Valid: 93.71%, Test In: 94.23% Test OOD1: 96.92% 
Epoch: 431, Loss: 0.1884, Train: 99.98%, Valid: 93.75%, Test In: 94.15% Test OOD1: 96.95% 
Epoch: 432, Loss: 0.2095, Train: 100.00%, Valid: 93.71%, Test In: 94.03% Test OOD1: 96.91% 
Epoch: 433, Loss: 0.1683, Train: 100.00%, Valid: 93.71%, Test In: 93.91% Test OOD1: 96.85% 
Epoch: 434, Loss: 0.1940, Train: 99.98%, Valid: 93.71%, Test In: 93.87% Test OOD1: 96.84% 
Epoch: 435, Loss: 0.1981, Train: 99.98%, Valid: 93.79%, Test In: 93.99% Test OOD1: 96.82% 
Epoch: 436, Loss: 0.1693, Train: 99.98%, Valid: 93.79%, Test In: 94.15% Test OOD1: 96.86% 
Epoch: 437, Loss: 0.1901, Train: 99.98%, Valid: 93.75%, Test In: 94.19% Test OOD1: 96.84% 
Epoch: 438, Loss: 0.1812, Train: 99.98%, Valid: 93.75%, Test In: 93.99% Test OOD1: 96.80% 
Epoch: 439, Loss: 0.1822, Train: 99.98%, Valid: 93.87%, Test In: 93.87% Test OOD1: 96.76% 
Epoch: 440, Loss: 0.2110, Train: 99.98%, Valid: 93.91%, Test In: 93.87% Test OOD1: 96.81% 
Epoch: 441, Loss: 0.1696, Train: 99.98%, Valid: 93.95%, Test In: 93.99% Test OOD1: 96.83% 
Epoch: 442, Loss: 0.1851, Train: 99.98%, Valid: 93.87%, Test In: 94.03% Test OOD1: 96.82% 
Epoch: 443, Loss: 0.1843, Train: 99.98%, Valid: 93.99%, Test In: 94.11% Test OOD1: 96.88% 
Epoch: 444, Loss: 0.2035, Train: 99.98%, Valid: 93.91%, Test In: 93.91% Test OOD1: 96.85% 
Epoch: 445, Loss: 0.1882, Train: 99.98%, Valid: 93.87%, Test In: 93.99% Test OOD1: 96.82% 
Epoch: 446, Loss: 0.1660, Train: 99.98%, Valid: 93.83%, Test In: 93.87% Test OOD1: 96.80% 
Epoch: 447, Loss: 0.1765, Train: 99.98%, Valid: 93.75%, Test In: 93.91% Test OOD1: 96.82% 
Epoch: 448, Loss: 0.1870, Train: 99.98%, Valid: 93.75%, Test In: 94.03% Test OOD1: 96.87% 
Epoch: 449, Loss: 0.1787, Train: 99.98%, Valid: 93.87%, Test In: 94.19% Test OOD1: 96.88% 
Epoch: 450, Loss: 0.1967, Train: 99.98%, Valid: 93.83%, Test In: 94.03% Test OOD1: 96.89% 
Epoch: 451, Loss: 0.1713, Train: 99.98%, Valid: 93.67%, Test In: 93.87% Test OOD1: 96.79% 
Epoch: 452, Loss: 0.1668, Train: 99.98%, Valid: 93.79%, Test In: 93.87% Test OOD1: 96.82% 
Epoch: 453, Loss: 0.1623, Train: 99.98%, Valid: 93.67%, Test In: 94.07% Test OOD1: 96.80% 
Epoch: 454, Loss: 0.1792, Train: 100.00%, Valid: 93.79%, Test In: 94.11% Test OOD1: 96.81% 
Epoch: 455, Loss: 0.1651, Train: 100.00%, Valid: 93.95%, Test In: 94.11% Test OOD1: 96.84% 
Epoch: 456, Loss: 0.1667, Train: 100.00%, Valid: 93.99%, Test In: 94.15% Test OOD1: 96.86% 
Epoch: 457, Loss: 0.1787, Train: 100.00%, Valid: 94.03%, Test In: 94.15% Test OOD1: 96.83% 
Epoch: 458, Loss: 0.1513, Train: 99.98%, Valid: 93.91%, Test In: 94.15% Test OOD1: 96.82% 
Epoch: 459, Loss: 0.1692, Train: 99.98%, Valid: 93.83%, Test In: 94.15% Test OOD1: 96.82% 
Epoch: 460, Loss: 0.1501, Train: 99.98%, Valid: 93.75%, Test In: 94.03% Test OOD1: 96.84% 
Epoch: 461, Loss: 0.1745, Train: 99.98%, Valid: 93.79%, Test In: 94.11% Test OOD1: 96.87% 
Epoch: 462, Loss: 0.1763, Train: 99.98%, Valid: 93.99%, Test In: 94.07% Test OOD1: 96.88% 
Epoch: 463, Loss: 0.1724, Train: 99.98%, Valid: 94.03%, Test In: 94.23% Test OOD1: 96.93% 
Epoch: 464, Loss: 0.1780, Train: 99.98%, Valid: 93.71%, Test In: 94.23% Test OOD1: 96.92% 
Epoch: 465, Loss: 0.1468, Train: 99.98%, Valid: 93.59%, Test In: 94.11% Test OOD1: 96.83% 
Epoch: 466, Loss: 0.1960, Train: 99.98%, Valid: 93.67%, Test In: 93.87% Test OOD1: 96.82% 
Epoch: 467, Loss: 0.1844, Train: 99.98%, Valid: 93.91%, Test In: 93.99% Test OOD1: 96.87% 
Epoch: 468, Loss: 0.1549, Train: 99.98%, Valid: 93.99%, Test In: 94.07% Test OOD1: 96.85% 
Epoch: 469, Loss: 0.2017, Train: 99.98%, Valid: 94.03%, Test In: 94.15% Test OOD1: 96.88% 
Epoch: 470, Loss: 0.1881, Train: 99.98%, Valid: 94.03%, Test In: 94.15% Test OOD1: 96.91% 
Epoch: 471, Loss: 0.1854, Train: 100.00%, Valid: 94.03%, Test In: 94.19% Test OOD1: 96.87% 
Epoch: 472, Loss: 0.1844, Train: 100.00%, Valid: 94.07%, Test In: 94.31% Test OOD1: 96.86% 
Epoch: 473, Loss: 0.1542, Train: 100.00%, Valid: 93.99%, Test In: 94.31% Test OOD1: 96.92% 
Epoch: 474, Loss: 0.1856, Train: 100.00%, Valid: 93.95%, Test In: 94.39% Test OOD1: 96.93% 
Epoch: 475, Loss: 0.2031, Train: 100.00%, Valid: 94.07%, Test In: 94.19% Test OOD1: 96.93% 
Epoch: 476, Loss: 0.1982, Train: 100.00%, Valid: 93.99%, Test In: 94.07% Test OOD1: 96.88% 
Epoch: 477, Loss: 0.1876, Train: 100.00%, Valid: 93.83%, Test In: 93.95% Test OOD1: 96.87% 
Epoch: 478, Loss: 0.1669, Train: 100.00%, Valid: 93.91%, Test In: 93.99% Test OOD1: 96.91% 
Epoch: 479, Loss: 0.1888, Train: 100.00%, Valid: 93.91%, Test In: 94.07% Test OOD1: 96.88% 
Epoch: 480, Loss: 0.1956, Train: 99.98%, Valid: 94.11%, Test In: 94.19% Test OOD1: 96.93% 
Epoch: 481, Loss: 0.1831, Train: 99.98%, Valid: 93.99%, Test In: 94.19% Test OOD1: 96.95% 
Epoch: 482, Loss: 0.1802, Train: 99.98%, Valid: 93.95%, Test In: 94.07% Test OOD1: 96.89% 
Epoch: 483, Loss: 0.2051, Train: 99.98%, Valid: 93.87%, Test In: 94.07% Test OOD1: 96.90% 
Epoch: 484, Loss: 0.1725, Train: 99.98%, Valid: 93.75%, Test In: 94.03% Test OOD1: 96.90% 
Epoch: 485, Loss: 0.1941, Train: 99.98%, Valid: 93.99%, Test In: 94.23% Test OOD1: 96.94% 
Epoch: 486, Loss: 0.1842, Train: 99.98%, Valid: 93.99%, Test In: 94.11% Test OOD1: 97.00% 
Epoch: 487, Loss: 0.1777, Train: 99.98%, Valid: 93.83%, Test In: 93.95% Test OOD1: 96.99% 
Epoch: 488, Loss: 0.1752, Train: 99.98%, Valid: 93.91%, Test In: 94.03% Test OOD1: 96.95% 
Epoch: 489, Loss: 0.2053, Train: 99.98%, Valid: 94.03%, Test In: 94.03% Test OOD1: 96.89% 
Epoch: 490, Loss: 0.1688, Train: 99.98%, Valid: 93.99%, Test In: 93.91% Test OOD1: 96.83% 
Epoch: 491, Loss: 0.1944, Train: 99.98%, Valid: 94.11%, Test In: 93.95% Test OOD1: 96.85% 
Epoch: 492, Loss: 0.2094, Train: 100.00%, Valid: 94.03%, Test In: 94.03% Test OOD1: 96.95% 
Epoch: 493, Loss: 0.1561, Train: 100.00%, Valid: 94.07%, Test In: 94.11% Test OOD1: 96.96% 
Epoch: 494, Loss: 0.1821, Train: 100.00%, Valid: 93.95%, Test In: 94.11% Test OOD1: 96.95% 
Epoch: 495, Loss: 0.1859, Train: 99.98%, Valid: 93.95%, Test In: 94.07% Test OOD1: 96.88% 
Epoch: 496, Loss: 0.1788, Train: 100.00%, Valid: 93.91%, Test In: 93.95% Test OOD1: 96.85% 
Epoch: 497, Loss: 0.2015, Train: 100.00%, Valid: 93.79%, Test In: 93.99% Test OOD1: 96.84% 
Epoch: 498, Loss: 0.1754, Train: 100.00%, Valid: 93.99%, Test In: 94.03% Test OOD1: 96.89% 
Epoch: 499, Loss: 0.1604, Train: 100.00%, Valid: 94.07%, Test In: 94.07% Test OOD1: 96.89% 
Run 02:
Highest Train: 100.00
Highest Valid: 94.11
Highest In Test: 94.47
Highest OOD Test: 97.00
Chosen epoch: 319
Final Train: 99.98
Final In Test: 94.15
Final OOD Test: 96.74
All runs:
Highest Train: 100.00 ± 0.00
Highest Valid: 94.33 ± 0.31
Highest In Test: 94.55 ± 0.11
Highest OOD Test: 97.06 ± 0.09
  Final Train: 99.98 ± 0.00
   Final In  Test: 94.33 ± 0.25
   Final OOD Test: 96.89 ± 0.21
[INFO] TensorBoard writer closed.

Command: python main.py --dataset citeseer --backbone_type gcn --env_type node --combine_result --store_result --epochs 500 --runs 2 --num_layers 2 --expert_agg mean --device 1 --other_env_objective irm --lr 0.01 --weight_decay 5e-05 --dropout 0.2 --lamda 2.0 --K 4 --hidden_channels 32 --other_env_reduce env --result_name citeseer_stage1_lr0.01_weight_decay5e-05_dropout0.2_lamda2.0_K4_hidden_channels32_other_env_reduceenv
Return code: 0
Elapsed: 490.92s
