Namespace(K=4, backbone_type='gcn', causal_align_weight=0.1, causal_hidden_channels=0, causal_loss_weight=1.0, combine_result=True, cpu=False, data_dir='./data/', dataset='citeseer', device=1, display_step=1, dropout=0.2, env_type='node', epochs=500, expert_agg='mean', gate_hidden=64, hidden_channels=32, infer_env=False, infer_env_components=64, infer_env_iters=30, infer_env_num=3, lamda=0.1, lr=0.005, num_layers=2, other_env_irm_lambda=1.0, other_env_loss_agg='mean', other_env_loss_temp=1.0, other_env_objective='irm', other_env_reduce='env', pos_weight=5.0, result_name='citeseer_stage1_lr0.005_weight_decay5e-05_dropout0.2_lamda0.1_K4_hidden_channels32_other_env_reduceenv', runs=2, seed=2024, store_result=True, tau=1, use_bn=False, use_causal_head=False, variant=False, weight_decay=5e-05)
using existing synthetic data...
dataset citeseer: all nodes 19962 | edges 54624 | classes 6 | feats 3713
train nodes 4990 | valid nodes 2495 | test in nodes 2496
test ood1 nodes 9981 
[INFO] env numbers: 6 train env numbers: 3
MODEL: CaNet(
  (experts): ModuleList(
    (0): ExpertNet(
      (convs): ModuleList(
        (0): CaNetConv()
        (1): CaNetConv()
      )
      (fcs): ModuleList(
        (0): Linear(in_features=3713, out_features=32, bias=True)
        (1): Linear(in_features=32, out_features=6, bias=True)
      )
      (act_fn): ReLU()
    )
    (1): ExpertNet(
      (convs): ModuleList(
        (0): CaNetConv()
        (1): CaNetConv()
      )
      (fcs): ModuleList(
        (0): Linear(in_features=3713, out_features=32, bias=True)
        (1): Linear(in_features=32, out_features=6, bias=True)
      )
      (act_fn): ReLU()
    )
    (2): ExpertNet(
      (convs): ModuleList(
        (0): CaNetConv()
        (1): CaNetConv()
      )
      (fcs): ModuleList(
        (0): Linear(in_features=3713, out_features=32, bias=True)
        (1): Linear(in_features=32, out_features=6, bias=True)
      )
      (act_fn): ReLU()
    )
    (3): ExpertNet(
      (convs): ModuleList(
        (0): CaNetConv()
        (1): CaNetConv()
      )
      (fcs): ModuleList(
        (0): Linear(in_features=3713, out_features=32, bias=True)
        (1): Linear(in_features=32, out_features=6, bias=True)
      )
      (act_fn): ReLU()
    )
  )
  (gate): Sequential(
    (0): Linear(in_features=3713, out_features=64, bias=True)
    (1): ReLU()
    (2): Linear(in_features=64, out_features=4, bias=True)
  )
)
[INFO] TensorBoard logging activated. Logs will be saved to: ./runs/citeseer/Apr19_23-29-48_lamda_0.1_otheragg_mean
Epoch: 00, Loss: 5.9231, Train: 21.10%, Valid: 20.76%, Test In: 21.31% Test OOD1: 21.07% 
Epoch: 01, Loss: 5.8917, Train: 21.10%, Valid: 20.76%, Test In: 21.31% Test OOD1: 21.08% 
Epoch: 02, Loss: 5.8530, Train: 21.10%, Valid: 20.76%, Test In: 21.31% Test OOD1: 21.22% 
Epoch: 03, Loss: 5.7982, Train: 21.12%, Valid: 20.76%, Test In: 21.31% Test OOD1: 23.39% 
Epoch: 04, Loss: 5.7360, Train: 21.36%, Valid: 20.96%, Test In: 21.47% Test OOD1: 26.59% 
Epoch: 05, Loss: 5.6625, Train: 22.81%, Valid: 22.04%, Test In: 22.64% Test OOD1: 29.80% 
Epoch: 06, Loss: 5.5849, Train: 26.51%, Valid: 24.77%, Test In: 25.28% Test OOD1: 33.24% 
Epoch: 07, Loss: 5.4990, Train: 36.31%, Valid: 34.87%, Test In: 34.58% Test OOD1: 40.61% 
Epoch: 08, Loss: 5.4048, Train: 46.09%, Valid: 43.73%, Test In: 43.87% Test OOD1: 49.05% 
Epoch: 09, Loss: 5.2873, Train: 57.86%, Valid: 55.15%, Test In: 56.21% Test OOD1: 56.31% 
Epoch: 10, Loss: 5.1667, Train: 65.39%, Valid: 61.88%, Test In: 63.94% Test OOD1: 60.37% 
Epoch: 11, Loss: 5.0394, Train: 69.06%, Valid: 66.37%, Test In: 68.15% Test OOD1: 62.52% 
Epoch: 12, Loss: 4.8918, Train: 71.04%, Valid: 69.58%, Test In: 70.43% Test OOD1: 63.76% 
Epoch: 13, Loss: 4.7150, Train: 72.79%, Valid: 71.86%, Test In: 72.52% Test OOD1: 65.48% 
Epoch: 14, Loss: 4.5570, Train: 75.67%, Valid: 74.31%, Test In: 74.68% Test OOD1: 66.65% 
Epoch: 15, Loss: 4.3661, Train: 77.72%, Valid: 76.07%, Test In: 77.00% Test OOD1: 67.44% 
Epoch: 16, Loss: 4.1765, Train: 78.82%, Valid: 77.07%, Test In: 78.45% Test OOD1: 67.75% 
Epoch: 17, Loss: 3.9831, Train: 79.50%, Valid: 77.52%, Test In: 79.33% Test OOD1: 68.15% 
Epoch: 18, Loss: 3.7948, Train: 80.32%, Valid: 78.44%, Test In: 79.93% Test OOD1: 68.12% 
Epoch: 19, Loss: 3.6196, Train: 80.72%, Valid: 78.92%, Test In: 80.37% Test OOD1: 68.44% 
Epoch: 20, Loss: 3.4632, Train: 81.14%, Valid: 79.28%, Test In: 80.33% Test OOD1: 69.11% 
Epoch: 21, Loss: 3.3318, Train: 81.36%, Valid: 79.40%, Test In: 80.65% Test OOD1: 69.11% 
Epoch: 22, Loss: 3.1834, Train: 81.52%, Valid: 79.76%, Test In: 81.01% Test OOD1: 68.84% 
Epoch: 23, Loss: 3.0585, Train: 81.70%, Valid: 79.88%, Test In: 80.89% Test OOD1: 68.22% 
Epoch: 24, Loss: 2.9634, Train: 81.84%, Valid: 79.84%, Test In: 80.85% Test OOD1: 67.89% 
Epoch: 25, Loss: 2.8555, Train: 82.12%, Valid: 79.80%, Test In: 80.97% Test OOD1: 67.95% 
Epoch: 26, Loss: 2.7567, Train: 82.30%, Valid: 80.08%, Test In: 81.33% Test OOD1: 68.09% 
Epoch: 27, Loss: 2.6725, Train: 82.40%, Valid: 80.32%, Test In: 81.45% Test OOD1: 68.22% 
Epoch: 28, Loss: 2.6011, Train: 82.65%, Valid: 80.36%, Test In: 81.65% Test OOD1: 68.20% 
Epoch: 29, Loss: 2.5003, Train: 82.97%, Valid: 80.88%, Test In: 81.73% Test OOD1: 68.41% 
Epoch: 30, Loss: 2.4587, Train: 83.09%, Valid: 81.16%, Test In: 81.69% Test OOD1: 68.35% 
Epoch: 31, Loss: 2.3915, Train: 83.29%, Valid: 81.12%, Test In: 81.77% Test OOD1: 68.02% 
Epoch: 32, Loss: 2.3481, Train: 83.49%, Valid: 80.96%, Test In: 81.69% Test OOD1: 67.86% 
Epoch: 33, Loss: 2.2841, Train: 83.61%, Valid: 81.12%, Test In: 81.81% Test OOD1: 68.17% 
Epoch: 34, Loss: 2.2434, Train: 83.71%, Valid: 81.20%, Test In: 81.65% Test OOD1: 68.48% 
Epoch: 35, Loss: 2.1959, Train: 83.77%, Valid: 81.12%, Test In: 81.93% Test OOD1: 68.85% 
Epoch: 36, Loss: 2.1398, Train: 84.19%, Valid: 81.28%, Test In: 81.93% Test OOD1: 69.07% 
Epoch: 37, Loss: 2.1233, Train: 84.53%, Valid: 81.12%, Test In: 81.81% Test OOD1: 69.48% 
Epoch: 38, Loss: 2.0541, Train: 84.63%, Valid: 81.20%, Test In: 81.89% Test OOD1: 69.68% 
Epoch: 39, Loss: 2.0270, Train: 84.89%, Valid: 81.20%, Test In: 82.13% Test OOD1: 69.77% 
Epoch: 40, Loss: 1.9855, Train: 85.17%, Valid: 81.32%, Test In: 82.29% Test OOD1: 69.86% 
Epoch: 41, Loss: 1.9598, Train: 85.43%, Valid: 81.24%, Test In: 82.25% Test OOD1: 69.96% 
Epoch: 42, Loss: 1.9285, Train: 85.83%, Valid: 81.64%, Test In: 82.49% Test OOD1: 70.23% 
Epoch: 43, Loss: 1.9098, Train: 86.21%, Valid: 81.60%, Test In: 82.77% Test OOD1: 70.56% 
Epoch: 44, Loss: 1.8658, Train: 86.51%, Valid: 82.00%, Test In: 83.49% Test OOD1: 71.01% 
Epoch: 45, Loss: 1.8185, Train: 87.01%, Valid: 82.24%, Test In: 83.65% Test OOD1: 71.43% 
Epoch: 46, Loss: 1.7915, Train: 87.27%, Valid: 82.24%, Test In: 83.93% Test OOD1: 71.78% 
Epoch: 47, Loss: 1.7800, Train: 87.35%, Valid: 82.16%, Test In: 83.93% Test OOD1: 72.21% 
Epoch: 48, Loss: 1.7450, Train: 87.64%, Valid: 82.32%, Test In: 83.93% Test OOD1: 72.73% 
Epoch: 49, Loss: 1.7141, Train: 88.10%, Valid: 82.57%, Test In: 84.42% Test OOD1: 73.18% 
Epoch: 50, Loss: 1.6885, Train: 88.38%, Valid: 82.97%, Test In: 84.66% Test OOD1: 73.53% 
Epoch: 51, Loss: 1.6489, Train: 88.68%, Valid: 83.13%, Test In: 84.50% Test OOD1: 74.19% 
Epoch: 52, Loss: 1.6183, Train: 88.96%, Valid: 83.05%, Test In: 84.78% Test OOD1: 75.02% 
Epoch: 53, Loss: 1.5889, Train: 89.04%, Valid: 83.01%, Test In: 84.70% Test OOD1: 75.65% 
Epoch: 54, Loss: 1.5691, Train: 89.30%, Valid: 83.01%, Test In: 84.70% Test OOD1: 75.96% 
Epoch: 55, Loss: 1.5326, Train: 89.66%, Valid: 83.25%, Test In: 84.94% Test OOD1: 76.31% 
Epoch: 56, Loss: 1.5062, Train: 89.96%, Valid: 83.45%, Test In: 85.10% Test OOD1: 76.62% 
Epoch: 57, Loss: 1.4918, Train: 90.10%, Valid: 83.33%, Test In: 85.14% Test OOD1: 77.02% 
Epoch: 58, Loss: 1.4606, Train: 90.34%, Valid: 83.21%, Test In: 85.26% Test OOD1: 77.39% 
Epoch: 59, Loss: 1.4373, Train: 90.44%, Valid: 83.49%, Test In: 85.38% Test OOD1: 77.85% 
Epoch: 60, Loss: 1.4304, Train: 90.60%, Valid: 83.77%, Test In: 85.26% Test OOD1: 78.15% 
Epoch: 61, Loss: 1.3968, Train: 90.82%, Valid: 83.93%, Test In: 85.42% Test OOD1: 78.39% 
Epoch: 62, Loss: 1.3548, Train: 91.08%, Valid: 83.77%, Test In: 85.34% Test OOD1: 78.66% 
Epoch: 63, Loss: 1.3412, Train: 91.38%, Valid: 83.93%, Test In: 85.34% Test OOD1: 78.99% 
Epoch: 64, Loss: 1.3181, Train: 91.64%, Valid: 84.05%, Test In: 85.70% Test OOD1: 79.53% 
Epoch: 65, Loss: 1.3094, Train: 91.94%, Valid: 84.05%, Test In: 85.78% Test OOD1: 79.81% 
Epoch: 66, Loss: 1.2811, Train: 92.24%, Valid: 84.17%, Test In: 85.86% Test OOD1: 80.22% 
Epoch: 67, Loss: 1.2373, Train: 92.79%, Valid: 84.57%, Test In: 85.90% Test OOD1: 80.99% 
Epoch: 68, Loss: 1.2453, Train: 92.99%, Valid: 84.73%, Test In: 86.14% Test OOD1: 81.48% 
Epoch: 69, Loss: 1.2033, Train: 93.07%, Valid: 85.21%, Test In: 86.26% Test OOD1: 81.89% 
Epoch: 70, Loss: 1.1884, Train: 93.31%, Valid: 85.09%, Test In: 86.38% Test OOD1: 82.08% 
Epoch: 71, Loss: 1.1738, Train: 93.57%, Valid: 85.45%, Test In: 86.62% Test OOD1: 82.47% 
Epoch: 72, Loss: 1.1370, Train: 93.77%, Valid: 85.21%, Test In: 86.58% Test OOD1: 82.91% 
Epoch: 73, Loss: 1.1389, Train: 94.05%, Valid: 85.45%, Test In: 86.58% Test OOD1: 83.31% 
Epoch: 74, Loss: 1.1091, Train: 94.07%, Valid: 85.65%, Test In: 86.78% Test OOD1: 83.96% 
Epoch: 75, Loss: 1.0948, Train: 94.17%, Valid: 85.73%, Test In: 86.82% Test OOD1: 84.25% 
Epoch: 76, Loss: 1.0759, Train: 94.61%, Valid: 85.93%, Test In: 86.98% Test OOD1: 84.43% 
Epoch: 77, Loss: 1.0535, Train: 94.75%, Valid: 86.21%, Test In: 87.26% Test OOD1: 84.67% 
Epoch: 78, Loss: 1.0269, Train: 94.85%, Valid: 86.41%, Test In: 87.26% Test OOD1: 84.84% 
Epoch: 79, Loss: 1.0173, Train: 94.99%, Valid: 86.53%, Test In: 87.50% Test OOD1: 85.31% 
Epoch: 80, Loss: 0.9862, Train: 95.09%, Valid: 86.57%, Test In: 87.54% Test OOD1: 85.83% 
Epoch: 81, Loss: 0.9616, Train: 95.19%, Valid: 86.69%, Test In: 87.82% Test OOD1: 86.11% 
Epoch: 82, Loss: 0.9548, Train: 95.39%, Valid: 87.01%, Test In: 87.70% Test OOD1: 86.24% 
Epoch: 83, Loss: 0.9496, Train: 95.49%, Valid: 87.09%, Test In: 87.66% Test OOD1: 86.57% 
Epoch: 84, Loss: 0.9326, Train: 95.57%, Valid: 87.21%, Test In: 87.90% Test OOD1: 86.94% 
Epoch: 85, Loss: 0.8996, Train: 95.83%, Valid: 87.21%, Test In: 88.14% Test OOD1: 87.22% 
Epoch: 86, Loss: 0.8776, Train: 96.01%, Valid: 87.49%, Test In: 88.38% Test OOD1: 87.48% 
Epoch: 87, Loss: 0.8670, Train: 96.07%, Valid: 87.66%, Test In: 88.42% Test OOD1: 87.73% 
Epoch: 88, Loss: 0.8473, Train: 96.23%, Valid: 87.98%, Test In: 88.74% Test OOD1: 87.87% 
Epoch: 89, Loss: 0.8453, Train: 96.37%, Valid: 87.98%, Test In: 88.74% Test OOD1: 88.05% 
Epoch: 90, Loss: 0.8254, Train: 96.49%, Valid: 88.10%, Test In: 88.74% Test OOD1: 88.41% 
Epoch: 91, Loss: 0.8084, Train: 96.59%, Valid: 88.14%, Test In: 88.98% Test OOD1: 88.91% 
Epoch: 92, Loss: 0.7916, Train: 97.09%, Valid: 88.42%, Test In: 89.22% Test OOD1: 89.07% 
Epoch: 93, Loss: 0.7835, Train: 97.13%, Valid: 88.50%, Test In: 89.54% Test OOD1: 89.30% 
Epoch: 94, Loss: 0.7739, Train: 97.23%, Valid: 88.78%, Test In: 89.46% Test OOD1: 89.50% 
Epoch: 95, Loss: 0.7414, Train: 97.47%, Valid: 88.98%, Test In: 89.58% Test OOD1: 89.62% 
Epoch: 96, Loss: 0.7382, Train: 97.52%, Valid: 89.02%, Test In: 89.82% Test OOD1: 89.84% 
Epoch: 97, Loss: 0.7243, Train: 97.54%, Valid: 89.06%, Test In: 89.86% Test OOD1: 90.08% 
Epoch: 98, Loss: 0.6928, Train: 97.62%, Valid: 89.14%, Test In: 89.98% Test OOD1: 90.31% 
Epoch: 99, Loss: 0.7017, Train: 97.72%, Valid: 89.34%, Test In: 90.06% Test OOD1: 90.46% 
Epoch: 100, Loss: 0.6877, Train: 97.90%, Valid: 89.42%, Test In: 90.02% Test OOD1: 90.82% 
Epoch: 101, Loss: 0.6691, Train: 97.98%, Valid: 89.38%, Test In: 90.22% Test OOD1: 91.04% 
Epoch: 102, Loss: 0.6594, Train: 98.06%, Valid: 89.34%, Test In: 90.34% Test OOD1: 91.05% 
Epoch: 103, Loss: 0.6441, Train: 98.30%, Valid: 89.78%, Test In: 90.26% Test OOD1: 91.10% 
Epoch: 104, Loss: 0.6367, Train: 98.52%, Valid: 90.02%, Test In: 90.58% Test OOD1: 91.20% 
Epoch: 105, Loss: 0.6173, Train: 98.58%, Valid: 90.06%, Test In: 90.58% Test OOD1: 91.52% 
Epoch: 106, Loss: 0.6093, Train: 98.62%, Valid: 89.94%, Test In: 90.71% Test OOD1: 91.76% 
Epoch: 107, Loss: 0.5819, Train: 98.64%, Valid: 90.06%, Test In: 90.91% Test OOD1: 91.80% 
Epoch: 108, Loss: 0.5814, Train: 98.70%, Valid: 90.58%, Test In: 91.19% Test OOD1: 91.91% 
Epoch: 109, Loss: 0.5800, Train: 98.92%, Valid: 90.98%, Test In: 91.07% Test OOD1: 92.22% 
Epoch: 110, Loss: 0.5637, Train: 99.00%, Valid: 90.86%, Test In: 91.19% Test OOD1: 92.31% 
Epoch: 111, Loss: 0.5573, Train: 99.00%, Valid: 90.78%, Test In: 91.39% Test OOD1: 92.55% 
Epoch: 112, Loss: 0.5430, Train: 99.04%, Valid: 90.82%, Test In: 91.59% Test OOD1: 92.52% 
Epoch: 113, Loss: 0.5172, Train: 99.10%, Valid: 91.02%, Test In: 91.59% Test OOD1: 92.63% 
Epoch: 114, Loss: 0.5331, Train: 99.24%, Valid: 90.98%, Test In: 91.51% Test OOD1: 92.86% 
Epoch: 115, Loss: 0.5146, Train: 99.36%, Valid: 91.26%, Test In: 91.71% Test OOD1: 93.01% 
Epoch: 116, Loss: 0.4940, Train: 99.32%, Valid: 91.34%, Test In: 91.87% Test OOD1: 93.02% 
Epoch: 117, Loss: 0.4865, Train: 99.36%, Valid: 91.58%, Test In: 92.07% Test OOD1: 93.04% 
Epoch: 118, Loss: 0.4833, Train: 99.42%, Valid: 91.58%, Test In: 92.11% Test OOD1: 93.21% 
Epoch: 119, Loss: 0.4665, Train: 99.42%, Valid: 91.82%, Test In: 92.07% Test OOD1: 93.26% 
Epoch: 120, Loss: 0.4670, Train: 99.52%, Valid: 91.94%, Test In: 92.03% Test OOD1: 93.32% 
Epoch: 121, Loss: 0.4586, Train: 99.56%, Valid: 92.02%, Test In: 92.19% Test OOD1: 93.48% 
Epoch: 122, Loss: 0.4455, Train: 99.54%, Valid: 91.86%, Test In: 92.11% Test OOD1: 93.64% 
Epoch: 123, Loss: 0.4385, Train: 99.52%, Valid: 92.18%, Test In: 92.19% Test OOD1: 93.73% 
Epoch: 124, Loss: 0.4240, Train: 99.58%, Valid: 92.26%, Test In: 92.39% Test OOD1: 93.80% 
Epoch: 125, Loss: 0.4243, Train: 99.66%, Valid: 92.34%, Test In: 92.27% Test OOD1: 93.88% 
Epoch: 126, Loss: 0.4175, Train: 99.70%, Valid: 92.38%, Test In: 92.35% Test OOD1: 94.00% 
Epoch: 127, Loss: 0.3996, Train: 99.72%, Valid: 92.51%, Test In: 92.31% Test OOD1: 94.20% 
Epoch: 128, Loss: 0.4016, Train: 99.72%, Valid: 92.63%, Test In: 92.51% Test OOD1: 94.31% 
Epoch: 129, Loss: 0.3935, Train: 99.76%, Valid: 92.75%, Test In: 92.55% Test OOD1: 94.42% 
Epoch: 130, Loss: 0.3790, Train: 99.74%, Valid: 92.79%, Test In: 92.67% Test OOD1: 94.49% 
Epoch: 131, Loss: 0.3817, Train: 99.72%, Valid: 92.91%, Test In: 92.71% Test OOD1: 94.62% 
Epoch: 132, Loss: 0.3678, Train: 99.76%, Valid: 92.95%, Test In: 92.51% Test OOD1: 94.64% 
Epoch: 133, Loss: 0.3775, Train: 99.80%, Valid: 92.95%, Test In: 92.63% Test OOD1: 94.58% 
Epoch: 134, Loss: 0.3560, Train: 99.76%, Valid: 93.03%, Test In: 92.63% Test OOD1: 94.59% 
Epoch: 135, Loss: 0.3568, Train: 99.78%, Valid: 93.11%, Test In: 92.67% Test OOD1: 94.78% 
Epoch: 136, Loss: 0.3465, Train: 99.86%, Valid: 93.07%, Test In: 92.95% Test OOD1: 94.94% 
Epoch: 137, Loss: 0.3430, Train: 99.86%, Valid: 93.15%, Test In: 92.99% Test OOD1: 95.01% 
Epoch: 138, Loss: 0.3222, Train: 99.84%, Valid: 93.11%, Test In: 93.03% Test OOD1: 95.02% 
Epoch: 139, Loss: 0.3370, Train: 99.86%, Valid: 93.11%, Test In: 93.11% Test OOD1: 94.97% 
Epoch: 140, Loss: 0.3284, Train: 99.86%, Valid: 93.27%, Test In: 93.19% Test OOD1: 94.98% 
Epoch: 141, Loss: 0.3135, Train: 99.86%, Valid: 93.27%, Test In: 93.31% Test OOD1: 95.03% 
Epoch: 142, Loss: 0.3043, Train: 99.90%, Valid: 93.27%, Test In: 93.19% Test OOD1: 95.10% 
Epoch: 143, Loss: 0.3176, Train: 99.90%, Valid: 93.35%, Test In: 93.23% Test OOD1: 95.19% 
Epoch: 144, Loss: 0.2871, Train: 99.90%, Valid: 93.35%, Test In: 93.23% Test OOD1: 95.27% 
Epoch: 145, Loss: 0.3000, Train: 99.94%, Valid: 93.43%, Test In: 93.19% Test OOD1: 95.29% 
Epoch: 146, Loss: 0.2991, Train: 99.94%, Valid: 93.47%, Test In: 93.27% Test OOD1: 95.30% 
Epoch: 147, Loss: 0.2870, Train: 99.94%, Valid: 93.35%, Test In: 93.35% Test OOD1: 95.45% 
Epoch: 148, Loss: 0.2881, Train: 99.94%, Valid: 93.35%, Test In: 93.35% Test OOD1: 95.46% 
Epoch: 149, Loss: 0.2780, Train: 99.94%, Valid: 93.39%, Test In: 93.39% Test OOD1: 95.49% 
Epoch: 150, Loss: 0.2703, Train: 99.94%, Valid: 93.51%, Test In: 93.47% Test OOD1: 95.35% 
Epoch: 151, Loss: 0.2699, Train: 99.94%, Valid: 93.35%, Test In: 93.43% Test OOD1: 95.42% 
Epoch: 152, Loss: 0.2794, Train: 99.94%, Valid: 93.39%, Test In: 93.47% Test OOD1: 95.47% 
Epoch: 153, Loss: 0.2705, Train: 99.96%, Valid: 93.39%, Test In: 93.47% Test OOD1: 95.62% 
Epoch: 154, Loss: 0.2628, Train: 99.96%, Valid: 93.51%, Test In: 93.47% Test OOD1: 95.74% 
Epoch: 155, Loss: 0.2598, Train: 99.98%, Valid: 93.47%, Test In: 93.51% Test OOD1: 95.84% 
Epoch: 156, Loss: 0.2656, Train: 99.98%, Valid: 93.35%, Test In: 93.43% Test OOD1: 95.91% 
Epoch: 157, Loss: 0.2484, Train: 99.98%, Valid: 93.43%, Test In: 93.59% Test OOD1: 95.89% 
Epoch: 158, Loss: 0.2467, Train: 99.98%, Valid: 93.43%, Test In: 93.63% Test OOD1: 95.86% 
Epoch: 159, Loss: 0.2435, Train: 99.98%, Valid: 93.39%, Test In: 93.55% Test OOD1: 95.95% 
Epoch: 160, Loss: 0.2387, Train: 99.98%, Valid: 93.51%, Test In: 93.67% Test OOD1: 95.97% 
Epoch: 161, Loss: 0.2345, Train: 99.98%, Valid: 93.47%, Test In: 93.71% Test OOD1: 95.87% 
Epoch: 162, Loss: 0.2352, Train: 99.98%, Valid: 93.43%, Test In: 93.79% Test OOD1: 95.82% 
Epoch: 163, Loss: 0.2485, Train: 99.96%, Valid: 93.51%, Test In: 93.71% Test OOD1: 95.79% 
Epoch: 164, Loss: 0.2347, Train: 99.96%, Valid: 93.43%, Test In: 93.75% Test OOD1: 95.81% 
Epoch: 165, Loss: 0.2295, Train: 99.98%, Valid: 93.43%, Test In: 93.79% Test OOD1: 95.89% 
Epoch: 166, Loss: 0.2368, Train: 99.98%, Valid: 93.47%, Test In: 93.79% Test OOD1: 95.84% 
Epoch: 167, Loss: 0.2268, Train: 99.98%, Valid: 93.43%, Test In: 93.75% Test OOD1: 95.96% 
Epoch: 168, Loss: 0.2349, Train: 99.98%, Valid: 93.35%, Test In: 93.67% Test OOD1: 96.00% 
Epoch: 169, Loss: 0.2233, Train: 99.98%, Valid: 93.31%, Test In: 93.79% Test OOD1: 96.06% 
Epoch: 170, Loss: 0.2209, Train: 99.98%, Valid: 93.27%, Test In: 93.79% Test OOD1: 96.03% 
Epoch: 171, Loss: 0.2229, Train: 99.98%, Valid: 93.43%, Test In: 93.79% Test OOD1: 96.06% 
Epoch: 172, Loss: 0.2110, Train: 99.98%, Valid: 93.43%, Test In: 93.79% Test OOD1: 96.07% 
Epoch: 173, Loss: 0.2138, Train: 99.98%, Valid: 93.55%, Test In: 93.79% Test OOD1: 96.08% 
Epoch: 174, Loss: 0.2077, Train: 99.98%, Valid: 93.51%, Test In: 93.79% Test OOD1: 96.03% 
Epoch: 175, Loss: 0.2105, Train: 99.98%, Valid: 93.55%, Test In: 93.79% Test OOD1: 95.94% 
Epoch: 176, Loss: 0.2099, Train: 99.96%, Valid: 93.59%, Test In: 93.71% Test OOD1: 95.91% 
Epoch: 177, Loss: 0.2130, Train: 99.96%, Valid: 93.67%, Test In: 93.71% Test OOD1: 95.97% 
Epoch: 178, Loss: 0.1995, Train: 99.96%, Valid: 93.51%, Test In: 93.75% Test OOD1: 96.05% 
Epoch: 179, Loss: 0.1950, Train: 99.98%, Valid: 93.55%, Test In: 93.79% Test OOD1: 96.15% 
Epoch: 180, Loss: 0.2071, Train: 99.98%, Valid: 93.43%, Test In: 93.75% Test OOD1: 96.20% 
Epoch: 181, Loss: 0.1990, Train: 99.98%, Valid: 93.43%, Test In: 93.67% Test OOD1: 96.13% 
Epoch: 182, Loss: 0.1782, Train: 99.98%, Valid: 93.59%, Test In: 93.75% Test OOD1: 96.13% 
Epoch: 183, Loss: 0.1975, Train: 99.98%, Valid: 93.47%, Test In: 93.83% Test OOD1: 96.14% 
Epoch: 184, Loss: 0.1919, Train: 99.98%, Valid: 93.59%, Test In: 93.83% Test OOD1: 96.16% 
Epoch: 185, Loss: 0.1892, Train: 99.98%, Valid: 93.47%, Test In: 93.95% Test OOD1: 96.29% 
Epoch: 186, Loss: 0.1871, Train: 99.98%, Valid: 93.55%, Test In: 93.95% Test OOD1: 96.34% 
Epoch: 187, Loss: 0.1913, Train: 99.98%, Valid: 93.43%, Test In: 93.79% Test OOD1: 96.31% 
Epoch: 188, Loss: 0.1897, Train: 99.98%, Valid: 93.67%, Test In: 93.75% Test OOD1: 96.27% 
Epoch: 189, Loss: 0.1867, Train: 99.98%, Valid: 93.67%, Test In: 93.79% Test OOD1: 96.31% 
Epoch: 190, Loss: 0.1800, Train: 99.98%, Valid: 93.67%, Test In: 93.79% Test OOD1: 96.38% 
Epoch: 191, Loss: 0.1890, Train: 99.98%, Valid: 93.67%, Test In: 93.79% Test OOD1: 96.46% 
Epoch: 192, Loss: 0.1806, Train: 99.98%, Valid: 93.55%, Test In: 93.91% Test OOD1: 96.44% 
Epoch: 193, Loss: 0.1773, Train: 99.98%, Valid: 93.51%, Test In: 93.99% Test OOD1: 96.43% 
Epoch: 194, Loss: 0.1846, Train: 99.98%, Valid: 93.63%, Test In: 93.91% Test OOD1: 96.44% 
Epoch: 195, Loss: 0.1791, Train: 99.98%, Valid: 93.51%, Test In: 93.87% Test OOD1: 96.39% 
Epoch: 196, Loss: 0.1843, Train: 99.98%, Valid: 93.55%, Test In: 93.83% Test OOD1: 96.37% 
Epoch: 197, Loss: 0.1695, Train: 99.98%, Valid: 93.59%, Test In: 93.87% Test OOD1: 96.45% 
Epoch: 198, Loss: 0.1730, Train: 99.98%, Valid: 93.55%, Test In: 93.83% Test OOD1: 96.46% 
Epoch: 199, Loss: 0.1764, Train: 99.98%, Valid: 93.55%, Test In: 93.75% Test OOD1: 96.46% 
Epoch: 200, Loss: 0.1794, Train: 99.98%, Valid: 93.59%, Test In: 93.83% Test OOD1: 96.45% 
Epoch: 201, Loss: 0.1626, Train: 99.98%, Valid: 93.67%, Test In: 93.79% Test OOD1: 96.46% 
Epoch: 202, Loss: 0.1680, Train: 99.98%, Valid: 93.59%, Test In: 93.87% Test OOD1: 96.52% 
Epoch: 203, Loss: 0.1822, Train: 99.98%, Valid: 93.67%, Test In: 93.83% Test OOD1: 96.54% 
Epoch: 204, Loss: 0.1651, Train: 99.98%, Valid: 93.59%, Test In: 93.83% Test OOD1: 96.52% 
Epoch: 205, Loss: 0.1625, Train: 99.98%, Valid: 93.63%, Test In: 93.83% Test OOD1: 96.47% 
Epoch: 206, Loss: 0.1654, Train: 99.98%, Valid: 93.71%, Test In: 93.91% Test OOD1: 96.42% 
Epoch: 207, Loss: 0.1635, Train: 99.98%, Valid: 93.63%, Test In: 93.75% Test OOD1: 96.43% 
Epoch: 208, Loss: 0.1545, Train: 99.98%, Valid: 93.67%, Test In: 93.83% Test OOD1: 96.55% 
Epoch: 209, Loss: 0.1642, Train: 99.98%, Valid: 93.63%, Test In: 93.95% Test OOD1: 96.53% 
Epoch: 210, Loss: 0.1600, Train: 99.98%, Valid: 93.55%, Test In: 93.95% Test OOD1: 96.55% 
Epoch: 211, Loss: 0.1613, Train: 99.98%, Valid: 93.67%, Test In: 93.87% Test OOD1: 96.59% 
Epoch: 212, Loss: 0.1617, Train: 99.98%, Valid: 93.79%, Test In: 93.87% Test OOD1: 96.56% 
Epoch: 213, Loss: 0.1585, Train: 99.98%, Valid: 93.83%, Test In: 93.95% Test OOD1: 96.55% 
Epoch: 214, Loss: 0.1611, Train: 99.98%, Valid: 93.83%, Test In: 93.83% Test OOD1: 96.59% 
Epoch: 215, Loss: 0.1551, Train: 99.98%, Valid: 93.79%, Test In: 93.83% Test OOD1: 96.62% 
Epoch: 216, Loss: 0.1574, Train: 99.98%, Valid: 93.83%, Test In: 93.91% Test OOD1: 96.59% 
Epoch: 217, Loss: 0.1571, Train: 99.98%, Valid: 93.83%, Test In: 93.83% Test OOD1: 96.54% 
Epoch: 218, Loss: 0.1564, Train: 99.98%, Valid: 93.91%, Test In: 93.91% Test OOD1: 96.50% 
Epoch: 219, Loss: 0.1572, Train: 99.98%, Valid: 93.91%, Test In: 93.95% Test OOD1: 96.48% 
Epoch: 220, Loss: 0.1624, Train: 99.98%, Valid: 93.79%, Test In: 94.07% Test OOD1: 96.52% 
Epoch: 221, Loss: 0.1563, Train: 99.98%, Valid: 93.83%, Test In: 94.07% Test OOD1: 96.55% 
Epoch: 222, Loss: 0.1544, Train: 99.98%, Valid: 93.79%, Test In: 93.95% Test OOD1: 96.58% 
Epoch: 223, Loss: 0.1435, Train: 99.98%, Valid: 93.75%, Test In: 93.95% Test OOD1: 96.59% 
Epoch: 224, Loss: 0.1549, Train: 99.98%, Valid: 93.67%, Test In: 93.95% Test OOD1: 96.54% 
Epoch: 225, Loss: 0.1450, Train: 99.98%, Valid: 93.91%, Test In: 93.95% Test OOD1: 96.50% 
Epoch: 226, Loss: 0.1435, Train: 99.98%, Valid: 93.91%, Test In: 94.03% Test OOD1: 96.52% 
Epoch: 227, Loss: 0.1667, Train: 99.98%, Valid: 93.83%, Test In: 94.07% Test OOD1: 96.57% 
Epoch: 228, Loss: 0.1520, Train: 99.98%, Valid: 93.75%, Test In: 93.95% Test OOD1: 96.61% 
Epoch: 229, Loss: 0.1364, Train: 99.98%, Valid: 93.87%, Test In: 93.95% Test OOD1: 96.63% 
Epoch: 230, Loss: 0.1485, Train: 99.98%, Valid: 93.83%, Test In: 93.99% Test OOD1: 96.60% 
Epoch: 231, Loss: 0.1489, Train: 99.98%, Valid: 93.95%, Test In: 94.03% Test OOD1: 96.49% 
Epoch: 232, Loss: 0.1551, Train: 99.98%, Valid: 93.99%, Test In: 94.11% Test OOD1: 96.57% 
Epoch: 233, Loss: 0.1497, Train: 99.98%, Valid: 93.99%, Test In: 94.03% Test OOD1: 96.64% 
Epoch: 234, Loss: 0.1427, Train: 99.98%, Valid: 93.63%, Test In: 93.99% Test OOD1: 96.67% 
Epoch: 235, Loss: 0.1450, Train: 99.98%, Valid: 93.79%, Test In: 93.99% Test OOD1: 96.68% 
Epoch: 236, Loss: 0.1374, Train: 99.98%, Valid: 93.71%, Test In: 93.99% Test OOD1: 96.69% 
Epoch: 237, Loss: 0.1335, Train: 99.98%, Valid: 93.71%, Test In: 94.07% Test OOD1: 96.67% 
Epoch: 238, Loss: 0.1399, Train: 99.98%, Valid: 93.79%, Test In: 94.07% Test OOD1: 96.62% 
Epoch: 239, Loss: 0.1359, Train: 99.98%, Valid: 93.79%, Test In: 94.03% Test OOD1: 96.59% 
Epoch: 240, Loss: 0.1399, Train: 99.98%, Valid: 93.67%, Test In: 93.99% Test OOD1: 96.62% 
Epoch: 241, Loss: 0.1350, Train: 99.98%, Valid: 93.59%, Test In: 93.87% Test OOD1: 96.70% 
Epoch: 242, Loss: 0.1417, Train: 99.98%, Valid: 93.87%, Test In: 93.91% Test OOD1: 96.62% 
Epoch: 243, Loss: 0.1417, Train: 99.98%, Valid: 93.91%, Test In: 94.07% Test OOD1: 96.60% 
Epoch: 244, Loss: 0.1361, Train: 99.98%, Valid: 93.83%, Test In: 94.11% Test OOD1: 96.58% 
Epoch: 245, Loss: 0.1444, Train: 99.98%, Valid: 93.95%, Test In: 94.15% Test OOD1: 96.55% 
Epoch: 246, Loss: 0.1364, Train: 99.98%, Valid: 93.83%, Test In: 93.99% Test OOD1: 96.61% 
Epoch: 247, Loss: 0.1369, Train: 99.98%, Valid: 93.91%, Test In: 94.15% Test OOD1: 96.67% 
Epoch: 248, Loss: 0.1465, Train: 99.98%, Valid: 93.99%, Test In: 94.11% Test OOD1: 96.68% 
Epoch: 249, Loss: 0.1394, Train: 99.98%, Valid: 93.95%, Test In: 93.99% Test OOD1: 96.67% 
Epoch: 250, Loss: 0.1302, Train: 99.98%, Valid: 93.91%, Test In: 93.99% Test OOD1: 96.62% 
Epoch: 251, Loss: 0.1315, Train: 99.98%, Valid: 93.87%, Test In: 93.99% Test OOD1: 96.62% 
Epoch: 252, Loss: 0.1379, Train: 99.98%, Valid: 93.95%, Test In: 94.11% Test OOD1: 96.62% 
Epoch: 253, Loss: 0.1394, Train: 99.98%, Valid: 93.87%, Test In: 94.11% Test OOD1: 96.63% 
Epoch: 254, Loss: 0.1422, Train: 99.98%, Valid: 94.03%, Test In: 94.11% Test OOD1: 96.58% 
Epoch: 255, Loss: 0.1316, Train: 99.98%, Valid: 93.83%, Test In: 94.07% Test OOD1: 96.56% 
Epoch: 256, Loss: 0.1336, Train: 99.98%, Valid: 93.75%, Test In: 94.15% Test OOD1: 96.61% 
Epoch: 257, Loss: 0.1358, Train: 99.98%, Valid: 93.79%, Test In: 94.03% Test OOD1: 96.66% 
Epoch: 258, Loss: 0.1360, Train: 99.98%, Valid: 93.91%, Test In: 94.07% Test OOD1: 96.69% 
Epoch: 259, Loss: 0.1319, Train: 99.98%, Valid: 93.95%, Test In: 94.11% Test OOD1: 96.66% 
Epoch: 260, Loss: 0.1333, Train: 99.98%, Valid: 93.91%, Test In: 94.11% Test OOD1: 96.67% 
Epoch: 261, Loss: 0.1360, Train: 99.98%, Valid: 93.83%, Test In: 94.11% Test OOD1: 96.72% 
Epoch: 262, Loss: 0.1327, Train: 99.98%, Valid: 93.91%, Test In: 93.95% Test OOD1: 96.75% 
Epoch: 263, Loss: 0.1273, Train: 99.98%, Valid: 93.99%, Test In: 93.99% Test OOD1: 96.76% 
Epoch: 264, Loss: 0.1222, Train: 99.98%, Valid: 93.99%, Test In: 93.99% Test OOD1: 96.79% 
Epoch: 265, Loss: 0.1227, Train: 99.98%, Valid: 93.91%, Test In: 93.99% Test OOD1: 96.73% 
Epoch: 266, Loss: 0.1270, Train: 99.98%, Valid: 93.95%, Test In: 94.03% Test OOD1: 96.69% 
Epoch: 267, Loss: 0.1199, Train: 99.98%, Valid: 93.95%, Test In: 94.15% Test OOD1: 96.68% 
Epoch: 268, Loss: 0.1225, Train: 99.98%, Valid: 93.99%, Test In: 94.19% Test OOD1: 96.67% 
Epoch: 269, Loss: 0.1248, Train: 99.98%, Valid: 93.95%, Test In: 94.19% Test OOD1: 96.68% 
Epoch: 270, Loss: 0.1268, Train: 99.98%, Valid: 93.87%, Test In: 94.23% Test OOD1: 96.69% 
Epoch: 271, Loss: 0.1239, Train: 99.98%, Valid: 93.95%, Test In: 94.15% Test OOD1: 96.69% 
Epoch: 272, Loss: 0.1269, Train: 99.98%, Valid: 93.95%, Test In: 94.15% Test OOD1: 96.68% 
Epoch: 273, Loss: 0.1301, Train: 99.98%, Valid: 93.95%, Test In: 94.07% Test OOD1: 96.70% 
Epoch: 274, Loss: 0.1254, Train: 99.98%, Valid: 93.99%, Test In: 94.11% Test OOD1: 96.68% 
Epoch: 275, Loss: 0.1210, Train: 99.98%, Valid: 93.95%, Test In: 93.99% Test OOD1: 96.72% 
Epoch: 276, Loss: 0.1183, Train: 99.98%, Valid: 93.91%, Test In: 93.99% Test OOD1: 96.77% 
Epoch: 277, Loss: 0.1217, Train: 99.98%, Valid: 93.83%, Test In: 93.99% Test OOD1: 96.76% 
Epoch: 278, Loss: 0.1190, Train: 99.98%, Valid: 93.83%, Test In: 94.19% Test OOD1: 96.76% 
Epoch: 279, Loss: 0.1122, Train: 99.98%, Valid: 93.95%, Test In: 94.07% Test OOD1: 96.69% 
Epoch: 280, Loss: 0.1125, Train: 99.98%, Valid: 93.79%, Test In: 94.19% Test OOD1: 96.70% 
Epoch: 281, Loss: 0.1228, Train: 99.98%, Valid: 93.83%, Test In: 94.11% Test OOD1: 96.58% 
Epoch: 282, Loss: 0.1195, Train: 99.98%, Valid: 93.83%, Test In: 94.07% Test OOD1: 96.56% 
Epoch: 283, Loss: 0.1176, Train: 99.98%, Valid: 93.71%, Test In: 94.15% Test OOD1: 96.63% 
Epoch: 284, Loss: 0.1141, Train: 99.98%, Valid: 93.83%, Test In: 94.15% Test OOD1: 96.70% 
Epoch: 285, Loss: 0.1141, Train: 99.98%, Valid: 93.87%, Test In: 94.19% Test OOD1: 96.75% 
Epoch: 286, Loss: 0.1100, Train: 99.98%, Valid: 93.87%, Test In: 94.15% Test OOD1: 96.74% 
Epoch: 287, Loss: 0.1109, Train: 99.98%, Valid: 93.79%, Test In: 94.11% Test OOD1: 96.69% 
Epoch: 288, Loss: 0.1154, Train: 99.98%, Valid: 93.75%, Test In: 94.11% Test OOD1: 96.67% 
Epoch: 289, Loss: 0.1148, Train: 99.98%, Valid: 93.71%, Test In: 94.11% Test OOD1: 96.69% 
Epoch: 290, Loss: 0.1179, Train: 99.98%, Valid: 93.79%, Test In: 94.11% Test OOD1: 96.66% 
Epoch: 291, Loss: 0.1151, Train: 99.98%, Valid: 93.71%, Test In: 94.15% Test OOD1: 96.68% 
Epoch: 292, Loss: 0.1186, Train: 99.98%, Valid: 93.75%, Test In: 94.15% Test OOD1: 96.66% 
Epoch: 293, Loss: 0.1179, Train: 99.98%, Valid: 93.75%, Test In: 94.11% Test OOD1: 96.68% 
Epoch: 294, Loss: 0.1172, Train: 99.98%, Valid: 93.83%, Test In: 94.11% Test OOD1: 96.69% 
Epoch: 295, Loss: 0.1127, Train: 99.98%, Valid: 93.79%, Test In: 93.99% Test OOD1: 96.75% 
Epoch: 296, Loss: 0.1164, Train: 99.98%, Valid: 93.87%, Test In: 93.99% Test OOD1: 96.81% 
Epoch: 297, Loss: 0.1125, Train: 99.98%, Valid: 93.79%, Test In: 94.07% Test OOD1: 96.82% 
Epoch: 298, Loss: 0.1201, Train: 99.98%, Valid: 93.83%, Test In: 94.11% Test OOD1: 96.85% 
Epoch: 299, Loss: 0.1147, Train: 99.98%, Valid: 93.83%, Test In: 94.19% Test OOD1: 96.83% 
Epoch: 300, Loss: 0.1205, Train: 99.98%, Valid: 93.79%, Test In: 94.11% Test OOD1: 96.85% 
Epoch: 301, Loss: 0.1029, Train: 99.98%, Valid: 93.87%, Test In: 94.11% Test OOD1: 96.79% 
Epoch: 302, Loss: 0.1177, Train: 99.98%, Valid: 93.87%, Test In: 94.15% Test OOD1: 96.78% 
Epoch: 303, Loss: 0.1235, Train: 99.98%, Valid: 93.79%, Test In: 94.23% Test OOD1: 96.82% 
Epoch: 304, Loss: 0.1059, Train: 99.98%, Valid: 93.75%, Test In: 94.11% Test OOD1: 96.80% 
Epoch: 305, Loss: 0.1092, Train: 99.98%, Valid: 93.75%, Test In: 94.11% Test OOD1: 96.78% 
Epoch: 306, Loss: 0.1131, Train: 99.98%, Valid: 93.75%, Test In: 94.23% Test OOD1: 96.79% 
Epoch: 307, Loss: 0.1193, Train: 99.98%, Valid: 93.99%, Test In: 94.19% Test OOD1: 96.79% 
Epoch: 308, Loss: 0.1028, Train: 99.98%, Valid: 94.03%, Test In: 94.35% Test OOD1: 96.80% 
Epoch: 309, Loss: 0.1044, Train: 99.98%, Valid: 93.83%, Test In: 94.19% Test OOD1: 96.72% 
Epoch: 310, Loss: 0.1112, Train: 99.98%, Valid: 93.75%, Test In: 94.11% Test OOD1: 96.72% 
Epoch: 311, Loss: 0.1051, Train: 99.98%, Valid: 93.75%, Test In: 94.15% Test OOD1: 96.74% 
Epoch: 312, Loss: 0.1134, Train: 99.98%, Valid: 93.71%, Test In: 94.27% Test OOD1: 96.75% 
Epoch: 313, Loss: 0.1069, Train: 99.98%, Valid: 93.67%, Test In: 94.19% Test OOD1: 96.73% 
Epoch: 314, Loss: 0.1135, Train: 99.98%, Valid: 93.83%, Test In: 94.23% Test OOD1: 96.76% 
Epoch: 315, Loss: 0.1140, Train: 99.98%, Valid: 93.95%, Test In: 94.31% Test OOD1: 96.76% 
Epoch: 316, Loss: 0.1041, Train: 99.98%, Valid: 93.91%, Test In: 94.27% Test OOD1: 96.73% 
Epoch: 317, Loss: 0.1067, Train: 99.98%, Valid: 93.95%, Test In: 94.15% Test OOD1: 96.73% 
Epoch: 318, Loss: 0.1058, Train: 99.98%, Valid: 93.91%, Test In: 94.15% Test OOD1: 96.70% 
Epoch: 319, Loss: 0.0964, Train: 99.98%, Valid: 93.91%, Test In: 94.15% Test OOD1: 96.70% 
Epoch: 320, Loss: 0.1012, Train: 99.98%, Valid: 93.99%, Test In: 94.39% Test OOD1: 96.71% 
Epoch: 321, Loss: 0.1120, Train: 99.98%, Valid: 93.95%, Test In: 94.47% Test OOD1: 96.74% 
Epoch: 322, Loss: 0.1071, Train: 99.98%, Valid: 93.83%, Test In: 94.31% Test OOD1: 96.70% 
Epoch: 323, Loss: 0.1115, Train: 99.98%, Valid: 93.83%, Test In: 94.27% Test OOD1: 96.71% 
Epoch: 324, Loss: 0.1080, Train: 99.98%, Valid: 93.67%, Test In: 94.19% Test OOD1: 96.78% 
Epoch: 325, Loss: 0.1118, Train: 99.98%, Valid: 93.79%, Test In: 94.23% Test OOD1: 96.82% 
Epoch: 326, Loss: 0.1064, Train: 99.98%, Valid: 93.87%, Test In: 94.43% Test OOD1: 96.87% 
Epoch: 327, Loss: 0.1060, Train: 99.98%, Valid: 93.95%, Test In: 94.43% Test OOD1: 96.86% 
Epoch: 328, Loss: 0.1127, Train: 99.98%, Valid: 93.79%, Test In: 94.35% Test OOD1: 96.81% 
Epoch: 329, Loss: 0.1071, Train: 99.98%, Valid: 93.75%, Test In: 94.23% Test OOD1: 96.79% 
Epoch: 330, Loss: 0.1068, Train: 99.98%, Valid: 93.87%, Test In: 94.23% Test OOD1: 96.79% 
Epoch: 331, Loss: 0.1043, Train: 99.98%, Valid: 93.87%, Test In: 94.11% Test OOD1: 96.83% 
Epoch: 332, Loss: 0.1027, Train: 99.98%, Valid: 93.91%, Test In: 94.27% Test OOD1: 96.85% 
Epoch: 333, Loss: 0.1118, Train: 99.98%, Valid: 93.87%, Test In: 94.19% Test OOD1: 96.83% 
Epoch: 334, Loss: 0.1084, Train: 99.98%, Valid: 93.95%, Test In: 94.23% Test OOD1: 96.84% 
Epoch: 335, Loss: 0.1129, Train: 99.98%, Valid: 93.95%, Test In: 94.15% Test OOD1: 96.87% 
Epoch: 336, Loss: 0.1012, Train: 99.98%, Valid: 94.03%, Test In: 94.23% Test OOD1: 96.86% 
Epoch: 337, Loss: 0.1095, Train: 99.98%, Valid: 93.95%, Test In: 94.31% Test OOD1: 96.88% 
Epoch: 338, Loss: 0.1110, Train: 99.98%, Valid: 93.95%, Test In: 94.27% Test OOD1: 96.89% 
Epoch: 339, Loss: 0.1034, Train: 99.98%, Valid: 93.95%, Test In: 94.23% Test OOD1: 96.88% 
Epoch: 340, Loss: 0.1111, Train: 99.98%, Valid: 93.99%, Test In: 94.07% Test OOD1: 96.89% 
Epoch: 341, Loss: 0.1065, Train: 99.98%, Valid: 93.91%, Test In: 94.07% Test OOD1: 96.87% 
Epoch: 342, Loss: 0.1059, Train: 99.98%, Valid: 93.71%, Test In: 94.15% Test OOD1: 96.85% 
Epoch: 343, Loss: 0.1113, Train: 99.98%, Valid: 93.99%, Test In: 94.11% Test OOD1: 96.87% 
Epoch: 344, Loss: 0.1012, Train: 99.98%, Valid: 94.27%, Test In: 94.23% Test OOD1: 96.88% 
Epoch: 345, Loss: 0.1011, Train: 99.98%, Valid: 94.23%, Test In: 94.27% Test OOD1: 96.88% 
Epoch: 346, Loss: 0.1095, Train: 99.98%, Valid: 94.31%, Test In: 94.43% Test OOD1: 96.90% 
Epoch: 347, Loss: 0.0928, Train: 99.98%, Valid: 94.03%, Test In: 94.35% Test OOD1: 96.88% 
Epoch: 348, Loss: 0.0947, Train: 99.98%, Valid: 94.15%, Test In: 94.31% Test OOD1: 96.86% 
Epoch: 349, Loss: 0.1025, Train: 99.98%, Valid: 94.15%, Test In: 94.39% Test OOD1: 96.91% 
Epoch: 350, Loss: 0.1020, Train: 99.98%, Valid: 94.07%, Test In: 94.35% Test OOD1: 96.96% 
Epoch: 351, Loss: 0.0963, Train: 99.98%, Valid: 93.99%, Test In: 94.23% Test OOD1: 96.94% 
Epoch: 352, Loss: 0.0996, Train: 99.98%, Valid: 94.23%, Test In: 94.39% Test OOD1: 96.94% 
Epoch: 353, Loss: 0.0997, Train: 99.98%, Valid: 94.19%, Test In: 94.19% Test OOD1: 96.90% 
Epoch: 354, Loss: 0.0959, Train: 99.98%, Valid: 94.23%, Test In: 94.31% Test OOD1: 96.91% 
Epoch: 355, Loss: 0.1053, Train: 99.98%, Valid: 94.31%, Test In: 94.39% Test OOD1: 96.92% 
Epoch: 356, Loss: 0.0957, Train: 99.98%, Valid: 94.11%, Test In: 94.31% Test OOD1: 96.92% 
Epoch: 357, Loss: 0.1005, Train: 99.98%, Valid: 94.11%, Test In: 94.27% Test OOD1: 96.88% 
Epoch: 358, Loss: 0.0971, Train: 99.98%, Valid: 94.19%, Test In: 94.23% Test OOD1: 96.89% 
Epoch: 359, Loss: 0.1007, Train: 99.98%, Valid: 94.15%, Test In: 94.31% Test OOD1: 96.87% 
Epoch: 360, Loss: 0.0909, Train: 99.98%, Valid: 94.15%, Test In: 94.23% Test OOD1: 96.84% 
Epoch: 361, Loss: 0.1005, Train: 99.98%, Valid: 94.23%, Test In: 94.35% Test OOD1: 96.88% 
Epoch: 362, Loss: 0.0944, Train: 99.98%, Valid: 94.07%, Test In: 94.27% Test OOD1: 96.88% 
Epoch: 363, Loss: 0.1004, Train: 99.98%, Valid: 94.11%, Test In: 94.23% Test OOD1: 96.91% 
Epoch: 364, Loss: 0.1009, Train: 99.98%, Valid: 94.07%, Test In: 94.39% Test OOD1: 96.87% 
Epoch: 365, Loss: 0.0935, Train: 99.98%, Valid: 94.03%, Test In: 94.31% Test OOD1: 96.85% 
Epoch: 366, Loss: 0.0946, Train: 99.98%, Valid: 93.95%, Test In: 94.31% Test OOD1: 96.78% 
Epoch: 367, Loss: 0.0998, Train: 99.98%, Valid: 93.91%, Test In: 94.39% Test OOD1: 96.81% 
Epoch: 368, Loss: 0.0886, Train: 99.98%, Valid: 94.15%, Test In: 94.47% Test OOD1: 96.86% 
Epoch: 369, Loss: 0.0945, Train: 99.98%, Valid: 94.19%, Test In: 94.47% Test OOD1: 96.89% 
Epoch: 370, Loss: 0.1004, Train: 99.98%, Valid: 94.23%, Test In: 94.43% Test OOD1: 96.90% 
Epoch: 371, Loss: 0.0980, Train: 99.98%, Valid: 94.23%, Test In: 94.27% Test OOD1: 96.86% 
Epoch: 372, Loss: 0.0965, Train: 99.98%, Valid: 94.19%, Test In: 94.35% Test OOD1: 96.87% 
Epoch: 373, Loss: 0.0949, Train: 99.98%, Valid: 94.07%, Test In: 94.23% Test OOD1: 96.87% 
Epoch: 374, Loss: 0.0946, Train: 99.98%, Valid: 94.03%, Test In: 94.31% Test OOD1: 96.94% 
Epoch: 375, Loss: 0.0916, Train: 99.98%, Valid: 94.07%, Test In: 94.31% Test OOD1: 96.93% 
Epoch: 376, Loss: 0.0981, Train: 99.98%, Valid: 94.07%, Test In: 94.51% Test OOD1: 96.91% 
Epoch: 377, Loss: 0.0899, Train: 99.98%, Valid: 94.07%, Test In: 94.43% Test OOD1: 96.85% 
Epoch: 378, Loss: 0.0968, Train: 99.98%, Valid: 94.11%, Test In: 94.39% Test OOD1: 96.85% 
Epoch: 379, Loss: 0.0942, Train: 99.98%, Valid: 94.07%, Test In: 94.39% Test OOD1: 96.89% 
Epoch: 380, Loss: 0.0926, Train: 99.98%, Valid: 94.11%, Test In: 94.31% Test OOD1: 96.96% 
Epoch: 381, Loss: 0.0914, Train: 99.98%, Valid: 94.15%, Test In: 94.19% Test OOD1: 96.93% 
Epoch: 382, Loss: 0.0935, Train: 99.98%, Valid: 94.07%, Test In: 94.27% Test OOD1: 96.90% 
Epoch: 383, Loss: 0.0982, Train: 99.98%, Valid: 94.15%, Test In: 94.11% Test OOD1: 96.90% 
Epoch: 384, Loss: 0.0927, Train: 99.98%, Valid: 94.11%, Test In: 94.11% Test OOD1: 96.86% 
Epoch: 385, Loss: 0.0889, Train: 99.98%, Valid: 94.11%, Test In: 94.11% Test OOD1: 96.89% 
Epoch: 386, Loss: 0.0889, Train: 99.98%, Valid: 94.15%, Test In: 94.11% Test OOD1: 96.92% 
Epoch: 387, Loss: 0.0962, Train: 99.98%, Valid: 94.15%, Test In: 94.31% Test OOD1: 96.94% 
Epoch: 388, Loss: 0.0950, Train: 99.98%, Valid: 93.95%, Test In: 94.43% Test OOD1: 96.88% 
Epoch: 389, Loss: 0.0839, Train: 99.98%, Valid: 93.95%, Test In: 94.47% Test OOD1: 96.87% 
Epoch: 390, Loss: 0.1041, Train: 99.98%, Valid: 94.03%, Test In: 94.31% Test OOD1: 96.89% 
Epoch: 391, Loss: 0.0945, Train: 99.98%, Valid: 93.95%, Test In: 94.35% Test OOD1: 96.93% 
Epoch: 392, Loss: 0.0934, Train: 99.98%, Valid: 94.07%, Test In: 94.39% Test OOD1: 96.92% 
Epoch: 393, Loss: 0.0855, Train: 99.98%, Valid: 94.07%, Test In: 94.31% Test OOD1: 96.93% 
Epoch: 394, Loss: 0.0910, Train: 99.98%, Valid: 94.11%, Test In: 94.27% Test OOD1: 96.91% 
Epoch: 395, Loss: 0.0938, Train: 99.98%, Valid: 94.11%, Test In: 94.39% Test OOD1: 96.90% 
Epoch: 396, Loss: 0.0938, Train: 99.98%, Valid: 94.03%, Test In: 94.39% Test OOD1: 96.89% 
Epoch: 397, Loss: 0.0890, Train: 99.98%, Valid: 94.03%, Test In: 94.23% Test OOD1: 96.93% 
Epoch: 398, Loss: 0.0992, Train: 99.98%, Valid: 94.15%, Test In: 94.19% Test OOD1: 96.93% 
Epoch: 399, Loss: 0.0894, Train: 99.98%, Valid: 94.27%, Test In: 94.31% Test OOD1: 96.92% 
Epoch: 400, Loss: 0.0929, Train: 99.98%, Valid: 94.31%, Test In: 94.39% Test OOD1: 96.92% 
Epoch: 401, Loss: 0.0884, Train: 99.98%, Valid: 94.07%, Test In: 94.31% Test OOD1: 96.93% 
Epoch: 402, Loss: 0.0909, Train: 99.98%, Valid: 94.03%, Test In: 94.35% Test OOD1: 96.91% 
Epoch: 403, Loss: 0.0907, Train: 99.98%, Valid: 94.07%, Test In: 94.47% Test OOD1: 96.94% 
Epoch: 404, Loss: 0.0900, Train: 99.98%, Valid: 94.03%, Test In: 94.43% Test OOD1: 96.88% 
Epoch: 405, Loss: 0.0856, Train: 99.98%, Valid: 94.07%, Test In: 94.35% Test OOD1: 96.87% 
Epoch: 406, Loss: 0.0837, Train: 99.98%, Valid: 94.07%, Test In: 94.35% Test OOD1: 96.84% 
Epoch: 407, Loss: 0.0838, Train: 99.98%, Valid: 94.03%, Test In: 94.31% Test OOD1: 96.86% 
Epoch: 408, Loss: 0.0969, Train: 99.98%, Valid: 94.03%, Test In: 94.27% Test OOD1: 96.89% 
Epoch: 409, Loss: 0.0832, Train: 99.98%, Valid: 94.03%, Test In: 94.19% Test OOD1: 96.90% 
Epoch: 410, Loss: 0.0867, Train: 99.98%, Valid: 94.03%, Test In: 94.23% Test OOD1: 96.89% 
Epoch: 411, Loss: 0.0983, Train: 99.98%, Valid: 94.07%, Test In: 94.27% Test OOD1: 96.89% 
Epoch: 412, Loss: 0.0916, Train: 99.98%, Valid: 93.99%, Test In: 94.23% Test OOD1: 96.91% 
Epoch: 413, Loss: 0.0944, Train: 99.98%, Valid: 94.11%, Test In: 94.31% Test OOD1: 96.91% 
Epoch: 414, Loss: 0.0859, Train: 99.98%, Valid: 94.03%, Test In: 94.31% Test OOD1: 96.94% 
Epoch: 415, Loss: 0.0840, Train: 99.98%, Valid: 93.87%, Test In: 94.27% Test OOD1: 96.95% 
Epoch: 416, Loss: 0.0854, Train: 99.98%, Valid: 93.91%, Test In: 94.35% Test OOD1: 96.97% 
Epoch: 417, Loss: 0.0812, Train: 99.98%, Valid: 94.03%, Test In: 94.27% Test OOD1: 96.96% 
Epoch: 418, Loss: 0.0821, Train: 99.98%, Valid: 93.99%, Test In: 94.43% Test OOD1: 97.00% 
Epoch: 419, Loss: 0.0885, Train: 99.98%, Valid: 94.11%, Test In: 94.39% Test OOD1: 97.02% 
Epoch: 420, Loss: 0.0851, Train: 99.98%, Valid: 94.07%, Test In: 94.43% Test OOD1: 96.99% 
Epoch: 421, Loss: 0.0809, Train: 99.98%, Valid: 94.11%, Test In: 94.43% Test OOD1: 96.97% 
Epoch: 422, Loss: 0.0966, Train: 99.98%, Valid: 94.03%, Test In: 94.31% Test OOD1: 96.96% 
Epoch: 423, Loss: 0.0843, Train: 99.98%, Valid: 93.91%, Test In: 94.39% Test OOD1: 96.99% 
Epoch: 424, Loss: 0.0844, Train: 99.98%, Valid: 94.03%, Test In: 94.39% Test OOD1: 97.00% 
Epoch: 425, Loss: 0.0857, Train: 99.98%, Valid: 94.07%, Test In: 94.39% Test OOD1: 97.01% 
Epoch: 426, Loss: 0.0835, Train: 99.98%, Valid: 94.19%, Test In: 94.43% Test OOD1: 97.00% 
Epoch: 427, Loss: 0.0860, Train: 99.98%, Valid: 94.11%, Test In: 94.43% Test OOD1: 97.00% 
Epoch: 428, Loss: 0.0851, Train: 99.98%, Valid: 94.07%, Test In: 94.43% Test OOD1: 97.04% 
Epoch: 429, Loss: 0.0925, Train: 99.98%, Valid: 94.11%, Test In: 94.39% Test OOD1: 97.02% 
Epoch: 430, Loss: 0.0860, Train: 99.98%, Valid: 93.99%, Test In: 94.31% Test OOD1: 96.97% 
Epoch: 431, Loss: 0.0935, Train: 99.98%, Valid: 93.99%, Test In: 94.35% Test OOD1: 96.92% 
Epoch: 432, Loss: 0.0840, Train: 99.98%, Valid: 94.03%, Test In: 94.31% Test OOD1: 96.89% 
Epoch: 433, Loss: 0.0877, Train: 99.98%, Valid: 94.11%, Test In: 94.35% Test OOD1: 96.86% 
Epoch: 434, Loss: 0.0863, Train: 99.98%, Valid: 94.15%, Test In: 94.31% Test OOD1: 96.88% 
Epoch: 435, Loss: 0.0864, Train: 99.98%, Valid: 94.27%, Test In: 94.43% Test OOD1: 96.86% 
Epoch: 436, Loss: 0.0858, Train: 99.98%, Valid: 94.07%, Test In: 94.43% Test OOD1: 96.83% 
Epoch: 437, Loss: 0.0921, Train: 99.98%, Valid: 94.11%, Test In: 94.31% Test OOD1: 96.85% 
Epoch: 438, Loss: 0.0846, Train: 99.98%, Valid: 94.11%, Test In: 94.35% Test OOD1: 96.85% 
Epoch: 439, Loss: 0.0780, Train: 99.98%, Valid: 94.11%, Test In: 94.35% Test OOD1: 96.86% 
Epoch: 440, Loss: 0.0757, Train: 99.98%, Valid: 94.23%, Test In: 94.23% Test OOD1: 96.87% 
Epoch: 441, Loss: 0.0791, Train: 99.98%, Valid: 94.19%, Test In: 94.35% Test OOD1: 96.85% 
Epoch: 442, Loss: 0.0824, Train: 99.98%, Valid: 94.23%, Test In: 94.19% Test OOD1: 96.87% 
Epoch: 443, Loss: 0.0879, Train: 99.98%, Valid: 94.15%, Test In: 94.19% Test OOD1: 96.84% 
Epoch: 444, Loss: 0.0741, Train: 99.98%, Valid: 94.07%, Test In: 94.19% Test OOD1: 96.84% 
Epoch: 445, Loss: 0.0831, Train: 99.98%, Valid: 94.19%, Test In: 94.31% Test OOD1: 96.91% 
Epoch: 446, Loss: 0.0889, Train: 99.98%, Valid: 94.23%, Test In: 94.23% Test OOD1: 96.94% 
Epoch: 447, Loss: 0.0852, Train: 99.98%, Valid: 94.23%, Test In: 94.35% Test OOD1: 96.93% 
Epoch: 448, Loss: 0.0839, Train: 99.98%, Valid: 94.23%, Test In: 94.35% Test OOD1: 96.93% 
Epoch: 449, Loss: 0.0797, Train: 99.98%, Valid: 94.23%, Test In: 94.31% Test OOD1: 96.93% 
Epoch: 450, Loss: 0.0900, Train: 99.98%, Valid: 94.11%, Test In: 94.35% Test OOD1: 96.87% 
Epoch: 451, Loss: 0.0797, Train: 99.98%, Valid: 93.91%, Test In: 94.31% Test OOD1: 96.83% 
Epoch: 452, Loss: 0.0846, Train: 99.98%, Valid: 94.03%, Test In: 94.27% Test OOD1: 96.84% 
Epoch: 453, Loss: 0.0912, Train: 99.98%, Valid: 94.03%, Test In: 94.31% Test OOD1: 96.92% 
Epoch: 454, Loss: 0.0865, Train: 99.98%, Valid: 93.99%, Test In: 94.23% Test OOD1: 96.92% 
Epoch: 455, Loss: 0.0861, Train: 99.98%, Valid: 93.95%, Test In: 94.27% Test OOD1: 96.92% 
Epoch: 456, Loss: 0.0755, Train: 99.98%, Valid: 93.91%, Test In: 94.27% Test OOD1: 96.88% 
Epoch: 457, Loss: 0.0796, Train: 99.98%, Valid: 93.99%, Test In: 94.39% Test OOD1: 96.90% 
Epoch: 458, Loss: 0.0822, Train: 99.98%, Valid: 94.07%, Test In: 94.43% Test OOD1: 96.95% 
Epoch: 459, Loss: 0.0878, Train: 99.98%, Valid: 94.23%, Test In: 94.35% Test OOD1: 96.99% 
Epoch: 460, Loss: 0.0774, Train: 99.98%, Valid: 94.23%, Test In: 94.39% Test OOD1: 96.90% 
Epoch: 461, Loss: 0.0878, Train: 99.98%, Valid: 94.07%, Test In: 94.35% Test OOD1: 96.90% 
Epoch: 462, Loss: 0.0806, Train: 99.98%, Valid: 94.03%, Test In: 94.35% Test OOD1: 96.86% 
Epoch: 463, Loss: 0.0827, Train: 99.98%, Valid: 94.03%, Test In: 94.31% Test OOD1: 96.86% 
Epoch: 464, Loss: 0.0771, Train: 99.98%, Valid: 94.07%, Test In: 94.39% Test OOD1: 96.90% 
Epoch: 465, Loss: 0.0810, Train: 99.98%, Valid: 94.03%, Test In: 94.43% Test OOD1: 96.93% 
Epoch: 466, Loss: 0.0863, Train: 99.98%, Valid: 94.03%, Test In: 94.35% Test OOD1: 96.96% 
Epoch: 467, Loss: 0.0829, Train: 99.98%, Valid: 93.99%, Test In: 94.19% Test OOD1: 96.97% 
Epoch: 468, Loss: 0.0828, Train: 99.98%, Valid: 93.95%, Test In: 94.27% Test OOD1: 96.92% 
Epoch: 469, Loss: 0.0789, Train: 99.98%, Valid: 94.03%, Test In: 94.27% Test OOD1: 96.91% 
Epoch: 470, Loss: 0.0839, Train: 99.98%, Valid: 94.03%, Test In: 94.27% Test OOD1: 96.95% 
Epoch: 471, Loss: 0.0865, Train: 99.98%, Valid: 93.99%, Test In: 94.27% Test OOD1: 96.94% 
Epoch: 472, Loss: 0.0797, Train: 99.98%, Valid: 93.91%, Test In: 94.27% Test OOD1: 96.95% 
Epoch: 473, Loss: 0.0853, Train: 99.98%, Valid: 93.91%, Test In: 94.15% Test OOD1: 96.92% 
Epoch: 474, Loss: 0.0725, Train: 99.98%, Valid: 93.95%, Test In: 94.15% Test OOD1: 96.90% 
Epoch: 475, Loss: 0.0793, Train: 99.98%, Valid: 93.91%, Test In: 94.35% Test OOD1: 96.91% 
Epoch: 476, Loss: 0.0817, Train: 99.98%, Valid: 93.87%, Test In: 94.51% Test OOD1: 96.93% 
Epoch: 477, Loss: 0.0824, Train: 99.98%, Valid: 93.95%, Test In: 94.43% Test OOD1: 96.90% 
Epoch: 478, Loss: 0.0832, Train: 99.98%, Valid: 93.95%, Test In: 94.35% Test OOD1: 96.87% 
Epoch: 479, Loss: 0.0766, Train: 99.98%, Valid: 94.03%, Test In: 94.23% Test OOD1: 96.85% 
Epoch: 480, Loss: 0.0845, Train: 99.98%, Valid: 93.99%, Test In: 94.43% Test OOD1: 96.87% 
Epoch: 481, Loss: 0.0883, Train: 99.98%, Valid: 93.95%, Test In: 94.47% Test OOD1: 96.92% 
Epoch: 482, Loss: 0.0846, Train: 99.98%, Valid: 93.99%, Test In: 94.39% Test OOD1: 96.85% 
Epoch: 483, Loss: 0.0911, Train: 99.98%, Valid: 93.91%, Test In: 94.35% Test OOD1: 96.84% 
Epoch: 484, Loss: 0.0743, Train: 99.98%, Valid: 94.07%, Test In: 94.31% Test OOD1: 96.78% 
Epoch: 485, Loss: 0.0709, Train: 99.98%, Valid: 94.07%, Test In: 94.43% Test OOD1: 96.80% 
Epoch: 486, Loss: 0.0834, Train: 99.98%, Valid: 94.15%, Test In: 94.47% Test OOD1: 96.84% 
Epoch: 487, Loss: 0.0854, Train: 99.98%, Valid: 94.07%, Test In: 94.51% Test OOD1: 96.84% 
Epoch: 488, Loss: 0.0807, Train: 99.98%, Valid: 94.23%, Test In: 94.43% Test OOD1: 96.85% 
Epoch: 489, Loss: 0.0902, Train: 99.98%, Valid: 94.03%, Test In: 94.39% Test OOD1: 96.83% 
Epoch: 490, Loss: 0.0720, Train: 99.98%, Valid: 93.91%, Test In: 94.31% Test OOD1: 96.79% 
Epoch: 491, Loss: 0.0867, Train: 99.98%, Valid: 94.03%, Test In: 94.23% Test OOD1: 96.83% 
Epoch: 492, Loss: 0.0852, Train: 99.98%, Valid: 93.99%, Test In: 94.39% Test OOD1: 96.90% 
Epoch: 493, Loss: 0.0787, Train: 99.98%, Valid: 94.03%, Test In: 94.43% Test OOD1: 96.90% 
Epoch: 494, Loss: 0.0835, Train: 99.98%, Valid: 93.95%, Test In: 94.43% Test OOD1: 96.94% 
Epoch: 495, Loss: 0.0822, Train: 99.98%, Valid: 94.07%, Test In: 94.55% Test OOD1: 96.90% 
Epoch: 496, Loss: 0.0808, Train: 99.98%, Valid: 94.03%, Test In: 94.35% Test OOD1: 96.89% 
Epoch: 497, Loss: 0.0791, Train: 99.98%, Valid: 94.11%, Test In: 94.27% Test OOD1: 96.84% 
Epoch: 498, Loss: 0.0911, Train: 99.98%, Valid: 94.07%, Test In: 94.31% Test OOD1: 96.93% 
Epoch: 499, Loss: 0.0854, Train: 99.98%, Valid: 94.03%, Test In: 94.39% Test OOD1: 96.96% 
Run 01:
Highest Train: 99.98
Highest Valid: 94.31
Highest In Test: 94.55
Highest OOD Test: 97.04
Chosen epoch: 347
Final Train: 99.98
Final In Test: 94.43
Final OOD Test: 96.90
Epoch: 00, Loss: 5.9320, Train: 16.93%, Valid: 18.64%, Test In: 18.75% Test OOD1: 17.74% 
Epoch: 01, Loss: 5.9014, Train: 37.86%, Valid: 39.36%, Test In: 38.70% Test OOD1: 30.06% 
Epoch: 02, Loss: 5.8640, Train: 39.84%, Valid: 40.44%, Test In: 39.82% Test OOD1: 49.49% 
Epoch: 03, Loss: 5.8161, Train: 36.27%, Valid: 36.11%, Test In: 35.10% Test OOD1: 47.73% 
Epoch: 04, Loss: 5.7593, Train: 35.71%, Valid: 35.67%, Test In: 34.58% Test OOD1: 48.71% 
Epoch: 05, Loss: 5.7023, Train: 41.64%, Valid: 40.48%, Test In: 39.10% Test OOD1: 50.28% 
Epoch: 06, Loss: 5.6335, Train: 48.46%, Valid: 46.37%, Test In: 47.04% Test OOD1: 52.10% 
Epoch: 07, Loss: 5.5558, Train: 51.22%, Valid: 49.26%, Test In: 50.12% Test OOD1: 54.26% 
Epoch: 08, Loss: 5.4674, Train: 54.45%, Valid: 52.99%, Test In: 52.92% Test OOD1: 55.09% 
Epoch: 09, Loss: 5.3789, Train: 57.31%, Valid: 55.27%, Test In: 55.73% Test OOD1: 56.37% 
Epoch: 10, Loss: 5.2762, Train: 59.74%, Valid: 57.31%, Test In: 58.53% Test OOD1: 58.29% 
Epoch: 11, Loss: 5.1574, Train: 62.61%, Valid: 60.76%, Test In: 61.94% Test OOD1: 61.52% 
Epoch: 12, Loss: 5.0322, Train: 65.55%, Valid: 63.97%, Test In: 65.18% Test OOD1: 63.77% 
Epoch: 13, Loss: 4.8897, Train: 69.10%, Valid: 67.25%, Test In: 67.87% Test OOD1: 64.44% 
Epoch: 14, Loss: 4.7537, Train: 72.91%, Valid: 71.46%, Test In: 71.27% Test OOD1: 63.35% 
Epoch: 15, Loss: 4.6123, Train: 75.69%, Valid: 73.99%, Test In: 74.40% Test OOD1: 61.30% 
Epoch: 16, Loss: 4.4450, Train: 77.35%, Valid: 75.31%, Test In: 76.12% Test OOD1: 59.51% 
Epoch: 17, Loss: 4.3042, Train: 78.24%, Valid: 76.35%, Test In: 77.32% Test OOD1: 58.33% 
Epoch: 18, Loss: 4.1247, Train: 78.78%, Valid: 76.79%, Test In: 78.21% Test OOD1: 58.64% 
Epoch: 19, Loss: 3.9713, Train: 79.44%, Valid: 77.35%, Test In: 78.45% Test OOD1: 58.74% 
Epoch: 20, Loss: 3.8295, Train: 79.82%, Valid: 78.16%, Test In: 79.05% Test OOD1: 58.73% 
Epoch: 21, Loss: 3.6538, Train: 80.54%, Valid: 78.52%, Test In: 79.33% Test OOD1: 58.89% 
Epoch: 22, Loss: 3.5201, Train: 80.90%, Valid: 78.92%, Test In: 79.77% Test OOD1: 59.67% 
Epoch: 23, Loss: 3.3381, Train: 81.06%, Valid: 79.16%, Test In: 79.85% Test OOD1: 60.70% 
Epoch: 24, Loss: 3.1909, Train: 81.36%, Valid: 79.32%, Test In: 80.17% Test OOD1: 61.62% 
Epoch: 25, Loss: 3.0495, Train: 81.42%, Valid: 79.48%, Test In: 80.25% Test OOD1: 62.35% 
Epoch: 26, Loss: 2.9371, Train: 81.60%, Valid: 79.84%, Test In: 80.45% Test OOD1: 62.60% 
Epoch: 27, Loss: 2.7970, Train: 81.80%, Valid: 79.80%, Test In: 80.49% Test OOD1: 63.18% 
Epoch: 28, Loss: 2.6924, Train: 81.94%, Valid: 79.64%, Test In: 80.61% Test OOD1: 64.39% 
Epoch: 29, Loss: 2.6206, Train: 82.10%, Valid: 79.80%, Test In: 80.73% Test OOD1: 65.42% 
Epoch: 30, Loss: 2.5770, Train: 82.42%, Valid: 79.92%, Test In: 80.97% Test OOD1: 66.18% 
Epoch: 31, Loss: 2.4720, Train: 82.63%, Valid: 80.04%, Test In: 81.25% Test OOD1: 66.79% 
Epoch: 32, Loss: 2.3828, Train: 82.93%, Valid: 80.16%, Test In: 81.57% Test OOD1: 67.38% 
Epoch: 33, Loss: 2.3166, Train: 83.29%, Valid: 80.24%, Test In: 81.65% Test OOD1: 67.86% 
Epoch: 34, Loss: 2.2637, Train: 83.51%, Valid: 80.28%, Test In: 81.89% Test OOD1: 68.30% 
Epoch: 35, Loss: 2.1792, Train: 83.69%, Valid: 80.56%, Test In: 81.93% Test OOD1: 68.69% 
Epoch: 36, Loss: 2.1272, Train: 83.69%, Valid: 80.68%, Test In: 82.17% Test OOD1: 68.88% 
Epoch: 37, Loss: 2.1028, Train: 83.97%, Valid: 80.88%, Test In: 82.33% Test OOD1: 69.41% 
Epoch: 38, Loss: 2.0618, Train: 84.23%, Valid: 80.92%, Test In: 82.33% Test OOD1: 70.14% 
Epoch: 39, Loss: 2.0134, Train: 84.57%, Valid: 81.28%, Test In: 82.53% Test OOD1: 70.57% 
Epoch: 40, Loss: 1.9685, Train: 84.81%, Valid: 81.24%, Test In: 82.49% Test OOD1: 70.75% 
Epoch: 41, Loss: 1.9316, Train: 85.21%, Valid: 81.20%, Test In: 82.65% Test OOD1: 71.15% 
Epoch: 42, Loss: 1.9112, Train: 85.53%, Valid: 81.24%, Test In: 82.53% Test OOD1: 71.54% 
Epoch: 43, Loss: 1.8684, Train: 85.69%, Valid: 81.16%, Test In: 82.81% Test OOD1: 71.79% 
Epoch: 44, Loss: 1.8423, Train: 85.87%, Valid: 81.52%, Test In: 82.97% Test OOD1: 72.11% 
Epoch: 45, Loss: 1.8061, Train: 86.21%, Valid: 81.48%, Test In: 82.93% Test OOD1: 72.36% 
Epoch: 46, Loss: 1.8000, Train: 86.67%, Valid: 81.76%, Test In: 83.05% Test OOD1: 72.53% 
Epoch: 47, Loss: 1.7682, Train: 87.21%, Valid: 81.80%, Test In: 83.57% Test OOD1: 72.72% 
Epoch: 48, Loss: 1.7070, Train: 87.60%, Valid: 81.80%, Test In: 84.05% Test OOD1: 73.20% 
Epoch: 49, Loss: 1.7063, Train: 87.78%, Valid: 82.12%, Test In: 84.09% Test OOD1: 73.60% 
Epoch: 50, Loss: 1.6647, Train: 88.14%, Valid: 82.48%, Test In: 84.21% Test OOD1: 73.96% 
Epoch: 51, Loss: 1.6500, Train: 88.44%, Valid: 82.65%, Test In: 84.21% Test OOD1: 74.43% 
Epoch: 52, Loss: 1.6086, Train: 88.80%, Valid: 82.89%, Test In: 84.29% Test OOD1: 74.75% 
Epoch: 53, Loss: 1.6061, Train: 88.92%, Valid: 82.97%, Test In: 84.66% Test OOD1: 75.23% 
Epoch: 54, Loss: 1.5663, Train: 89.18%, Valid: 83.09%, Test In: 84.66% Test OOD1: 75.69% 
Epoch: 55, Loss: 1.5348, Train: 89.48%, Valid: 83.17%, Test In: 84.82% Test OOD1: 76.10% 
Epoch: 56, Loss: 1.5162, Train: 89.80%, Valid: 83.45%, Test In: 85.02% Test OOD1: 76.43% 
Epoch: 57, Loss: 1.4806, Train: 89.84%, Valid: 83.49%, Test In: 85.10% Test OOD1: 76.85% 
Epoch: 58, Loss: 1.4752, Train: 89.94%, Valid: 83.57%, Test In: 84.90% Test OOD1: 77.07% 
Epoch: 59, Loss: 1.4234, Train: 90.34%, Valid: 83.93%, Test In: 85.06% Test OOD1: 77.55% 
Epoch: 60, Loss: 1.4130, Train: 90.68%, Valid: 83.89%, Test In: 85.06% Test OOD1: 78.06% 
Epoch: 61, Loss: 1.3680, Train: 91.04%, Valid: 84.17%, Test In: 85.06% Test OOD1: 78.34% 
Epoch: 62, Loss: 1.3678, Train: 91.36%, Valid: 84.21%, Test In: 85.22% Test OOD1: 78.80% 
Epoch: 63, Loss: 1.3312, Train: 91.58%, Valid: 84.21%, Test In: 85.30% Test OOD1: 79.30% 
Epoch: 64, Loss: 1.3199, Train: 91.76%, Valid: 84.29%, Test In: 85.38% Test OOD1: 79.49% 
Epoch: 65, Loss: 1.2881, Train: 92.16%, Valid: 84.61%, Test In: 85.46% Test OOD1: 79.97% 
Epoch: 66, Loss: 1.2784, Train: 92.38%, Valid: 84.69%, Test In: 85.66% Test OOD1: 80.46% 
Epoch: 67, Loss: 1.2365, Train: 92.69%, Valid: 84.69%, Test In: 85.66% Test OOD1: 81.13% 
Epoch: 68, Loss: 1.2169, Train: 92.93%, Valid: 84.97%, Test In: 85.78% Test OOD1: 81.66% 
Epoch: 69, Loss: 1.2117, Train: 93.09%, Valid: 84.85%, Test In: 86.14% Test OOD1: 82.10% 
Epoch: 70, Loss: 1.1725, Train: 93.21%, Valid: 85.13%, Test In: 86.34% Test OOD1: 82.38% 
Epoch: 71, Loss: 1.1631, Train: 93.41%, Valid: 85.41%, Test In: 86.26% Test OOD1: 82.59% 
Epoch: 72, Loss: 1.1350, Train: 93.61%, Valid: 85.49%, Test In: 86.22% Test OOD1: 82.78% 
Epoch: 73, Loss: 1.1182, Train: 93.81%, Valid: 85.57%, Test In: 86.18% Test OOD1: 83.13% 
Epoch: 74, Loss: 1.0965, Train: 93.99%, Valid: 85.41%, Test In: 86.34% Test OOD1: 83.58% 
Epoch: 75, Loss: 1.0899, Train: 94.33%, Valid: 86.01%, Test In: 86.34% Test OOD1: 83.90% 
Epoch: 76, Loss: 1.0661, Train: 94.49%, Valid: 86.25%, Test In: 86.50% Test OOD1: 84.07% 
Epoch: 77, Loss: 1.0311, Train: 94.63%, Valid: 86.33%, Test In: 86.82% Test OOD1: 84.30% 
Epoch: 78, Loss: 1.0245, Train: 94.77%, Valid: 86.29%, Test In: 86.94% Test OOD1: 84.55% 
Epoch: 79, Loss: 1.0083, Train: 94.89%, Valid: 86.65%, Test In: 86.98% Test OOD1: 84.85% 
Epoch: 80, Loss: 0.9949, Train: 95.13%, Valid: 86.61%, Test In: 87.02% Test OOD1: 85.33% 
Epoch: 81, Loss: 0.9658, Train: 95.27%, Valid: 86.61%, Test In: 87.02% Test OOD1: 85.68% 
Epoch: 82, Loss: 0.9553, Train: 95.37%, Valid: 86.77%, Test In: 87.10% Test OOD1: 86.05% 
Epoch: 83, Loss: 0.9518, Train: 95.57%, Valid: 86.77%, Test In: 87.30% Test OOD1: 86.25% 
Epoch: 84, Loss: 0.9357, Train: 95.55%, Valid: 86.93%, Test In: 87.50% Test OOD1: 86.39% 
Epoch: 85, Loss: 0.8955, Train: 95.75%, Valid: 87.13%, Test In: 87.58% Test OOD1: 86.75% 
Epoch: 86, Loss: 0.8873, Train: 95.83%, Valid: 86.85%, Test In: 87.74% Test OOD1: 87.13% 
Epoch: 87, Loss: 0.8579, Train: 95.93%, Valid: 86.85%, Test In: 87.78% Test OOD1: 87.42% 
Epoch: 88, Loss: 0.8485, Train: 96.07%, Valid: 87.33%, Test In: 87.86% Test OOD1: 87.47% 
Epoch: 89, Loss: 0.8411, Train: 96.23%, Valid: 87.45%, Test In: 87.98% Test OOD1: 87.64% 
Epoch: 90, Loss: 0.8264, Train: 96.39%, Valid: 87.70%, Test In: 88.14% Test OOD1: 88.21% 
Epoch: 91, Loss: 0.8084, Train: 96.47%, Valid: 87.58%, Test In: 88.42% Test OOD1: 88.47% 
Epoch: 92, Loss: 0.7957, Train: 96.67%, Valid: 87.86%, Test In: 88.66% Test OOD1: 88.54% 
Epoch: 93, Loss: 0.7760, Train: 96.81%, Valid: 88.10%, Test In: 88.66% Test OOD1: 88.60% 
Epoch: 94, Loss: 0.7701, Train: 96.99%, Valid: 88.22%, Test In: 88.78% Test OOD1: 88.81% 
Epoch: 95, Loss: 0.7514, Train: 97.23%, Valid: 88.26%, Test In: 88.82% Test OOD1: 89.09% 
Epoch: 96, Loss: 0.7475, Train: 97.47%, Valid: 88.38%, Test In: 88.82% Test OOD1: 89.33% 
Epoch: 97, Loss: 0.7229, Train: 97.62%, Valid: 88.46%, Test In: 88.94% Test OOD1: 89.36% 
Epoch: 98, Loss: 0.7084, Train: 97.76%, Valid: 88.70%, Test In: 88.98% Test OOD1: 89.34% 
Epoch: 99, Loss: 0.6980, Train: 97.72%, Valid: 88.78%, Test In: 89.38% Test OOD1: 89.54% 
Epoch: 100, Loss: 0.6822, Train: 97.76%, Valid: 88.90%, Test In: 89.58% Test OOD1: 89.59% 
Epoch: 101, Loss: 0.6772, Train: 98.00%, Valid: 89.06%, Test In: 89.66% Test OOD1: 89.83% 
Epoch: 102, Loss: 0.6451, Train: 98.24%, Valid: 89.06%, Test In: 89.78% Test OOD1: 89.97% 
Epoch: 103, Loss: 0.6578, Train: 98.42%, Valid: 89.18%, Test In: 90.06% Test OOD1: 90.22% 
Epoch: 104, Loss: 0.6321, Train: 98.44%, Valid: 89.38%, Test In: 90.26% Test OOD1: 90.56% 
Epoch: 105, Loss: 0.6136, Train: 98.48%, Valid: 89.34%, Test In: 90.42% Test OOD1: 90.82% 
Epoch: 106, Loss: 0.6051, Train: 98.58%, Valid: 89.50%, Test In: 90.62% Test OOD1: 90.93% 
Epoch: 107, Loss: 0.5922, Train: 98.64%, Valid: 89.74%, Test In: 90.87% Test OOD1: 91.14% 
Epoch: 108, Loss: 0.5978, Train: 98.76%, Valid: 90.02%, Test In: 90.75% Test OOD1: 91.34% 
Epoch: 109, Loss: 0.5773, Train: 98.78%, Valid: 90.18%, Test In: 90.83% Test OOD1: 91.53% 
Epoch: 110, Loss: 0.5644, Train: 98.90%, Valid: 90.26%, Test In: 90.99% Test OOD1: 91.77% 
Epoch: 111, Loss: 0.5577, Train: 98.96%, Valid: 90.46%, Test In: 91.19% Test OOD1: 91.95% 
Epoch: 112, Loss: 0.5481, Train: 99.04%, Valid: 90.42%, Test In: 91.15% Test OOD1: 92.14% 
Epoch: 113, Loss: 0.5206, Train: 99.26%, Valid: 90.86%, Test In: 91.11% Test OOD1: 92.28% 
Epoch: 114, Loss: 0.5297, Train: 99.26%, Valid: 90.86%, Test In: 91.31% Test OOD1: 92.45% 
Epoch: 115, Loss: 0.5123, Train: 99.28%, Valid: 91.18%, Test In: 91.55% Test OOD1: 92.68% 
Epoch: 116, Loss: 0.5054, Train: 99.26%, Valid: 91.18%, Test In: 91.71% Test OOD1: 92.86% 
Epoch: 117, Loss: 0.4732, Train: 99.34%, Valid: 91.26%, Test In: 91.63% Test OOD1: 92.88% 
Epoch: 118, Loss: 0.4798, Train: 99.40%, Valid: 91.18%, Test In: 91.79% Test OOD1: 92.90% 
Epoch: 119, Loss: 0.4759, Train: 99.42%, Valid: 91.30%, Test In: 91.91% Test OOD1: 92.93% 
Epoch: 120, Loss: 0.4616, Train: 99.46%, Valid: 91.46%, Test In: 91.87% Test OOD1: 92.96% 
Epoch: 121, Loss: 0.4602, Train: 99.54%, Valid: 91.82%, Test In: 91.83% Test OOD1: 93.10% 
Epoch: 122, Loss: 0.4513, Train: 99.58%, Valid: 91.94%, Test In: 91.87% Test OOD1: 93.18% 
Epoch: 123, Loss: 0.4439, Train: 99.60%, Valid: 91.98%, Test In: 91.95% Test OOD1: 93.24% 
Epoch: 124, Loss: 0.4352, Train: 99.58%, Valid: 92.10%, Test In: 92.11% Test OOD1: 93.42% 
Epoch: 125, Loss: 0.4292, Train: 99.66%, Valid: 92.14%, Test In: 91.99% Test OOD1: 93.51% 
Epoch: 126, Loss: 0.4140, Train: 99.74%, Valid: 92.18%, Test In: 92.19% Test OOD1: 93.52% 
Epoch: 127, Loss: 0.3976, Train: 99.74%, Valid: 92.34%, Test In: 92.31% Test OOD1: 93.54% 
Epoch: 128, Loss: 0.4023, Train: 99.72%, Valid: 92.51%, Test In: 92.39% Test OOD1: 93.69% 
Epoch: 129, Loss: 0.4025, Train: 99.74%, Valid: 92.51%, Test In: 92.47% Test OOD1: 93.92% 
Epoch: 130, Loss: 0.3841, Train: 99.80%, Valid: 92.71%, Test In: 92.51% Test OOD1: 93.97% 
Epoch: 131, Loss: 0.3699, Train: 99.82%, Valid: 92.71%, Test In: 92.67% Test OOD1: 93.91% 
Epoch: 132, Loss: 0.3709, Train: 99.82%, Valid: 92.71%, Test In: 92.83% Test OOD1: 93.99% 
Epoch: 133, Loss: 0.3613, Train: 99.82%, Valid: 92.87%, Test In: 92.87% Test OOD1: 94.04% 
Epoch: 134, Loss: 0.3476, Train: 99.78%, Valid: 92.83%, Test In: 92.71% Test OOD1: 94.13% 
Epoch: 135, Loss: 0.3565, Train: 99.78%, Valid: 92.79%, Test In: 92.83% Test OOD1: 94.23% 
Epoch: 136, Loss: 0.3436, Train: 99.84%, Valid: 92.83%, Test In: 92.95% Test OOD1: 94.29% 
Epoch: 137, Loss: 0.3378, Train: 99.84%, Valid: 92.91%, Test In: 92.99% Test OOD1: 94.40% 
Epoch: 138, Loss: 0.3378, Train: 99.88%, Valid: 92.91%, Test In: 93.07% Test OOD1: 94.50% 
Epoch: 139, Loss: 0.3413, Train: 99.86%, Valid: 93.03%, Test In: 93.15% Test OOD1: 94.72% 
Epoch: 140, Loss: 0.3107, Train: 99.86%, Valid: 93.07%, Test In: 93.27% Test OOD1: 94.93% 
Epoch: 141, Loss: 0.3236, Train: 99.86%, Valid: 93.07%, Test In: 93.23% Test OOD1: 94.97% 
Epoch: 142, Loss: 0.3015, Train: 99.86%, Valid: 93.15%, Test In: 93.23% Test OOD1: 95.01% 
Epoch: 143, Loss: 0.3093, Train: 99.88%, Valid: 93.07%, Test In: 93.23% Test OOD1: 94.98% 
Epoch: 144, Loss: 0.3109, Train: 99.86%, Valid: 93.19%, Test In: 93.23% Test OOD1: 94.99% 
Epoch: 145, Loss: 0.3026, Train: 99.90%, Valid: 93.19%, Test In: 93.31% Test OOD1: 94.97% 
Epoch: 146, Loss: 0.2965, Train: 99.92%, Valid: 93.23%, Test In: 93.31% Test OOD1: 94.94% 
Epoch: 147, Loss: 0.2900, Train: 99.92%, Valid: 93.31%, Test In: 93.35% Test OOD1: 95.05% 
Epoch: 148, Loss: 0.2898, Train: 99.92%, Valid: 93.31%, Test In: 93.35% Test OOD1: 95.17% 
Epoch: 149, Loss: 0.2782, Train: 99.94%, Valid: 93.27%, Test In: 93.39% Test OOD1: 95.30% 
Epoch: 150, Loss: 0.2805, Train: 99.94%, Valid: 93.47%, Test In: 93.47% Test OOD1: 95.45% 
Epoch: 151, Loss: 0.2674, Train: 99.96%, Valid: 93.47%, Test In: 93.43% Test OOD1: 95.42% 
Epoch: 152, Loss: 0.2724, Train: 99.92%, Valid: 93.47%, Test In: 93.55% Test OOD1: 95.31% 
Epoch: 153, Loss: 0.2765, Train: 99.96%, Valid: 93.47%, Test In: 93.51% Test OOD1: 95.31% 
Epoch: 154, Loss: 0.2693, Train: 99.96%, Valid: 93.35%, Test In: 93.43% Test OOD1: 95.33% 
Epoch: 155, Loss: 0.2551, Train: 99.92%, Valid: 93.39%, Test In: 93.43% Test OOD1: 95.45% 
Epoch: 156, Loss: 0.2629, Train: 99.94%, Valid: 93.47%, Test In: 93.51% Test OOD1: 95.49% 
Epoch: 157, Loss: 0.2488, Train: 99.98%, Valid: 93.55%, Test In: 93.55% Test OOD1: 95.51% 
Epoch: 158, Loss: 0.2516, Train: 99.98%, Valid: 93.59%, Test In: 93.63% Test OOD1: 95.49% 
Epoch: 159, Loss: 0.2554, Train: 99.98%, Valid: 93.55%, Test In: 93.55% Test OOD1: 95.45% 
Epoch: 160, Loss: 0.2485, Train: 99.98%, Valid: 93.51%, Test In: 93.63% Test OOD1: 95.53% 
Epoch: 161, Loss: 0.2356, Train: 99.96%, Valid: 93.35%, Test In: 93.79% Test OOD1: 95.64% 
Epoch: 162, Loss: 0.2369, Train: 99.96%, Valid: 93.35%, Test In: 93.75% Test OOD1: 95.74% 
Epoch: 163, Loss: 0.2379, Train: 99.98%, Valid: 93.47%, Test In: 93.71% Test OOD1: 95.71% 
Epoch: 164, Loss: 0.2221, Train: 99.98%, Valid: 93.47%, Test In: 93.63% Test OOD1: 95.76% 
Epoch: 165, Loss: 0.2294, Train: 99.98%, Valid: 93.35%, Test In: 93.71% Test OOD1: 95.82% 
Epoch: 166, Loss: 0.2186, Train: 99.98%, Valid: 93.55%, Test In: 93.87% Test OOD1: 95.87% 
Epoch: 167, Loss: 0.2365, Train: 99.98%, Valid: 93.55%, Test In: 93.75% Test OOD1: 95.84% 
Epoch: 168, Loss: 0.2282, Train: 99.98%, Valid: 93.55%, Test In: 93.75% Test OOD1: 95.80% 
Epoch: 169, Loss: 0.2216, Train: 99.98%, Valid: 93.55%, Test In: 93.75% Test OOD1: 95.82% 
Epoch: 170, Loss: 0.2230, Train: 99.98%, Valid: 93.43%, Test In: 93.75% Test OOD1: 95.80% 
Epoch: 171, Loss: 0.2230, Train: 99.98%, Valid: 93.39%, Test In: 93.71% Test OOD1: 95.87% 
Epoch: 172, Loss: 0.2156, Train: 99.98%, Valid: 93.47%, Test In: 93.75% Test OOD1: 95.91% 
Epoch: 173, Loss: 0.2174, Train: 99.98%, Valid: 93.59%, Test In: 93.75% Test OOD1: 95.84% 
Epoch: 174, Loss: 0.2021, Train: 99.96%, Valid: 93.55%, Test In: 93.79% Test OOD1: 95.83% 
Epoch: 175, Loss: 0.2099, Train: 99.96%, Valid: 93.67%, Test In: 93.79% Test OOD1: 95.83% 
Epoch: 176, Loss: 0.2068, Train: 99.98%, Valid: 93.59%, Test In: 93.91% Test OOD1: 95.90% 
Epoch: 177, Loss: 0.2081, Train: 99.98%, Valid: 93.63%, Test In: 93.79% Test OOD1: 96.02% 
Epoch: 178, Loss: 0.1967, Train: 99.98%, Valid: 93.59%, Test In: 93.75% Test OOD1: 96.06% 
Epoch: 179, Loss: 0.1972, Train: 99.98%, Valid: 93.67%, Test In: 93.71% Test OOD1: 96.05% 
Epoch: 180, Loss: 0.1885, Train: 99.98%, Valid: 93.59%, Test In: 93.79% Test OOD1: 96.03% 
Epoch: 181, Loss: 0.1966, Train: 99.98%, Valid: 93.63%, Test In: 93.83% Test OOD1: 96.01% 
Epoch: 182, Loss: 0.1980, Train: 99.98%, Valid: 93.55%, Test In: 93.87% Test OOD1: 95.99% 
Epoch: 183, Loss: 0.2056, Train: 99.98%, Valid: 93.63%, Test In: 93.67% Test OOD1: 96.06% 
Epoch: 184, Loss: 0.1885, Train: 99.98%, Valid: 93.63%, Test In: 93.67% Test OOD1: 96.05% 
Epoch: 185, Loss: 0.1878, Train: 99.98%, Valid: 93.63%, Test In: 93.79% Test OOD1: 96.00% 
Epoch: 186, Loss: 0.1933, Train: 99.98%, Valid: 93.63%, Test In: 93.95% Test OOD1: 95.96% 
Epoch: 187, Loss: 0.2000, Train: 99.98%, Valid: 93.55%, Test In: 93.99% Test OOD1: 95.98% 
Epoch: 188, Loss: 0.1833, Train: 99.98%, Valid: 93.63%, Test In: 93.95% Test OOD1: 96.10% 
Epoch: 189, Loss: 0.1762, Train: 99.98%, Valid: 93.75%, Test In: 93.79% Test OOD1: 96.18% 
Epoch: 190, Loss: 0.1818, Train: 99.98%, Valid: 93.67%, Test In: 93.71% Test OOD1: 96.24% 
Epoch: 191, Loss: 0.1869, Train: 99.98%, Valid: 93.71%, Test In: 93.83% Test OOD1: 96.22% 
Epoch: 192, Loss: 0.1882, Train: 99.98%, Valid: 93.75%, Test In: 93.79% Test OOD1: 96.12% 
Epoch: 193, Loss: 0.1840, Train: 99.98%, Valid: 93.59%, Test In: 93.75% Test OOD1: 96.16% 
Epoch: 194, Loss: 0.1796, Train: 99.98%, Valid: 93.63%, Test In: 93.79% Test OOD1: 96.14% 
Epoch: 195, Loss: 0.1749, Train: 99.98%, Valid: 93.63%, Test In: 93.75% Test OOD1: 96.18% 
Epoch: 196, Loss: 0.1770, Train: 99.98%, Valid: 93.63%, Test In: 93.79% Test OOD1: 96.17% 
Epoch: 197, Loss: 0.1783, Train: 99.98%, Valid: 93.63%, Test In: 93.59% Test OOD1: 96.07% 
Epoch: 198, Loss: 0.1748, Train: 99.98%, Valid: 93.55%, Test In: 93.87% Test OOD1: 96.13% 
Epoch: 199, Loss: 0.1789, Train: 99.98%, Valid: 93.67%, Test In: 93.79% Test OOD1: 96.19% 
Epoch: 200, Loss: 0.1691, Train: 99.98%, Valid: 93.55%, Test In: 93.83% Test OOD1: 96.30% 
Epoch: 201, Loss: 0.1791, Train: 99.98%, Valid: 93.63%, Test In: 94.07% Test OOD1: 96.35% 
Epoch: 202, Loss: 0.1685, Train: 99.98%, Valid: 93.55%, Test In: 94.03% Test OOD1: 96.32% 
Epoch: 203, Loss: 0.1729, Train: 99.98%, Valid: 93.67%, Test In: 93.79% Test OOD1: 96.33% 
Epoch: 204, Loss: 0.1681, Train: 99.98%, Valid: 93.55%, Test In: 93.87% Test OOD1: 96.24% 
Epoch: 205, Loss: 0.1696, Train: 99.98%, Valid: 93.55%, Test In: 93.91% Test OOD1: 96.20% 
Epoch: 206, Loss: 0.1728, Train: 99.98%, Valid: 93.75%, Test In: 93.95% Test OOD1: 96.22% 
Epoch: 207, Loss: 0.1644, Train: 99.98%, Valid: 93.71%, Test In: 93.87% Test OOD1: 96.29% 
Epoch: 208, Loss: 0.1587, Train: 99.98%, Valid: 93.75%, Test In: 93.91% Test OOD1: 96.34% 
Epoch: 209, Loss: 0.1558, Train: 99.98%, Valid: 93.67%, Test In: 93.75% Test OOD1: 96.32% 
Epoch: 210, Loss: 0.1648, Train: 99.98%, Valid: 93.55%, Test In: 93.67% Test OOD1: 96.33% 
Epoch: 211, Loss: 0.1581, Train: 99.98%, Valid: 93.63%, Test In: 93.71% Test OOD1: 96.35% 
Epoch: 212, Loss: 0.1646, Train: 99.98%, Valid: 93.83%, Test In: 93.87% Test OOD1: 96.35% 
Epoch: 213, Loss: 0.1665, Train: 99.98%, Valid: 93.75%, Test In: 93.87% Test OOD1: 96.31% 
Epoch: 214, Loss: 0.1621, Train: 99.98%, Valid: 93.79%, Test In: 93.91% Test OOD1: 96.36% 
Epoch: 215, Loss: 0.1461, Train: 99.98%, Valid: 93.67%, Test In: 93.83% Test OOD1: 96.42% 
Epoch: 216, Loss: 0.1603, Train: 99.98%, Valid: 93.59%, Test In: 93.87% Test OOD1: 96.39% 
Epoch: 217, Loss: 0.1576, Train: 99.98%, Valid: 93.51%, Test In: 93.75% Test OOD1: 96.35% 
Epoch: 218, Loss: 0.1509, Train: 99.98%, Valid: 93.67%, Test In: 93.87% Test OOD1: 96.36% 
Epoch: 219, Loss: 0.1576, Train: 99.98%, Valid: 93.79%, Test In: 93.99% Test OOD1: 96.40% 
Epoch: 220, Loss: 0.1523, Train: 99.98%, Valid: 93.95%, Test In: 93.95% Test OOD1: 96.44% 
Epoch: 221, Loss: 0.1559, Train: 99.98%, Valid: 93.87%, Test In: 93.87% Test OOD1: 96.49% 
Epoch: 222, Loss: 0.1566, Train: 99.98%, Valid: 93.83%, Test In: 93.83% Test OOD1: 96.48% 
Epoch: 223, Loss: 0.1533, Train: 99.98%, Valid: 93.59%, Test In: 93.83% Test OOD1: 96.49% 
Epoch: 224, Loss: 0.1558, Train: 99.98%, Valid: 93.51%, Test In: 93.79% Test OOD1: 96.50% 
Epoch: 225, Loss: 0.1548, Train: 99.98%, Valid: 93.55%, Test In: 93.87% Test OOD1: 96.48% 
Epoch: 226, Loss: 0.1541, Train: 99.98%, Valid: 93.75%, Test In: 93.91% Test OOD1: 96.52% 
Epoch: 227, Loss: 0.1463, Train: 99.98%, Valid: 93.59%, Test In: 93.83% Test OOD1: 96.56% 
Epoch: 228, Loss: 0.1510, Train: 99.98%, Valid: 93.67%, Test In: 93.79% Test OOD1: 96.57% 
Epoch: 229, Loss: 0.1555, Train: 99.98%, Valid: 93.63%, Test In: 93.87% Test OOD1: 96.53% 
Epoch: 230, Loss: 0.1362, Train: 99.98%, Valid: 93.59%, Test In: 93.75% Test OOD1: 96.53% 
Epoch: 231, Loss: 0.1486, Train: 99.98%, Valid: 93.59%, Test In: 93.87% Test OOD1: 96.57% 
Epoch: 232, Loss: 0.1465, Train: 99.98%, Valid: 93.83%, Test In: 94.03% Test OOD1: 96.61% 
Epoch: 233, Loss: 0.1457, Train: 99.98%, Valid: 93.91%, Test In: 94.03% Test OOD1: 96.57% 
Epoch: 234, Loss: 0.1532, Train: 99.98%, Valid: 93.71%, Test In: 93.87% Test OOD1: 96.55% 
Epoch: 235, Loss: 0.1446, Train: 99.98%, Valid: 93.79%, Test In: 93.95% Test OOD1: 96.53% 
Epoch: 236, Loss: 0.1430, Train: 99.98%, Valid: 93.79%, Test In: 93.91% Test OOD1: 96.51% 
Epoch: 237, Loss: 0.1469, Train: 99.98%, Valid: 93.71%, Test In: 94.07% Test OOD1: 96.52% 
Epoch: 238, Loss: 0.1417, Train: 99.98%, Valid: 93.71%, Test In: 94.03% Test OOD1: 96.50% 
Epoch: 239, Loss: 0.1366, Train: 99.98%, Valid: 93.79%, Test In: 94.11% Test OOD1: 96.50% 
Epoch: 240, Loss: 0.1354, Train: 99.98%, Valid: 93.83%, Test In: 94.07% Test OOD1: 96.49% 
Epoch: 241, Loss: 0.1460, Train: 99.98%, Valid: 93.71%, Test In: 93.99% Test OOD1: 96.48% 
Epoch: 242, Loss: 0.1397, Train: 99.98%, Valid: 93.79%, Test In: 93.95% Test OOD1: 96.46% 
Epoch: 243, Loss: 0.1376, Train: 99.98%, Valid: 93.91%, Test In: 94.03% Test OOD1: 96.48% 
Epoch: 244, Loss: 0.1348, Train: 99.98%, Valid: 93.83%, Test In: 94.15% Test OOD1: 96.50% 
Epoch: 245, Loss: 0.1319, Train: 99.98%, Valid: 93.79%, Test In: 94.19% Test OOD1: 96.53% 
Epoch: 246, Loss: 0.1295, Train: 99.98%, Valid: 93.71%, Test In: 94.03% Test OOD1: 96.49% 
Epoch: 247, Loss: 0.1361, Train: 99.98%, Valid: 93.83%, Test In: 93.95% Test OOD1: 96.48% 
Epoch: 248, Loss: 0.1408, Train: 99.98%, Valid: 93.83%, Test In: 93.87% Test OOD1: 96.50% 
Epoch: 249, Loss: 0.1216, Train: 99.98%, Valid: 93.79%, Test In: 93.95% Test OOD1: 96.51% 
Epoch: 250, Loss: 0.1333, Train: 99.98%, Valid: 93.87%, Test In: 93.99% Test OOD1: 96.54% 
Epoch: 251, Loss: 0.1347, Train: 99.98%, Valid: 93.83%, Test In: 94.11% Test OOD1: 96.57% 
Epoch: 252, Loss: 0.1311, Train: 99.98%, Valid: 93.87%, Test In: 94.03% Test OOD1: 96.55% 
Epoch: 253, Loss: 0.1309, Train: 99.98%, Valid: 93.87%, Test In: 93.95% Test OOD1: 96.54% 
Epoch: 254, Loss: 0.1289, Train: 99.98%, Valid: 93.87%, Test In: 93.95% Test OOD1: 96.54% 
Epoch: 255, Loss: 0.1391, Train: 99.98%, Valid: 93.83%, Test In: 94.11% Test OOD1: 96.56% 
Epoch: 256, Loss: 0.1330, Train: 99.98%, Valid: 93.83%, Test In: 93.99% Test OOD1: 96.57% 
Epoch: 257, Loss: 0.1368, Train: 99.98%, Valid: 93.83%, Test In: 93.95% Test OOD1: 96.58% 
Epoch: 258, Loss: 0.1268, Train: 99.98%, Valid: 93.95%, Test In: 93.99% Test OOD1: 96.64% 
Epoch: 259, Loss: 0.1263, Train: 99.98%, Valid: 93.95%, Test In: 93.95% Test OOD1: 96.70% 
Epoch: 260, Loss: 0.1426, Train: 99.98%, Valid: 93.83%, Test In: 94.03% Test OOD1: 96.66% 
Epoch: 261, Loss: 0.1289, Train: 99.98%, Valid: 93.83%, Test In: 94.03% Test OOD1: 96.69% 
Epoch: 262, Loss: 0.1258, Train: 99.98%, Valid: 93.83%, Test In: 94.07% Test OOD1: 96.71% 
Epoch: 263, Loss: 0.1285, Train: 99.98%, Valid: 93.91%, Test In: 93.99% Test OOD1: 96.71% 
Epoch: 264, Loss: 0.1308, Train: 99.98%, Valid: 93.95%, Test In: 93.99% Test OOD1: 96.65% 
Epoch: 265, Loss: 0.1240, Train: 99.98%, Valid: 93.87%, Test In: 93.99% Test OOD1: 96.65% 
Epoch: 266, Loss: 0.1285, Train: 99.98%, Valid: 93.87%, Test In: 93.95% Test OOD1: 96.56% 
Epoch: 267, Loss: 0.1257, Train: 99.98%, Valid: 93.99%, Test In: 93.99% Test OOD1: 96.56% 
Epoch: 268, Loss: 0.1215, Train: 99.98%, Valid: 93.95%, Test In: 94.07% Test OOD1: 96.63% 
Epoch: 269, Loss: 0.1360, Train: 99.98%, Valid: 93.83%, Test In: 94.03% Test OOD1: 96.63% 
Epoch: 270, Loss: 0.1357, Train: 99.98%, Valid: 93.87%, Test In: 94.03% Test OOD1: 96.61% 
Epoch: 271, Loss: 0.1183, Train: 99.98%, Valid: 93.79%, Test In: 93.95% Test OOD1: 96.61% 
Epoch: 272, Loss: 0.1185, Train: 99.98%, Valid: 93.79%, Test In: 93.91% Test OOD1: 96.61% 
Epoch: 273, Loss: 0.1297, Train: 99.98%, Valid: 93.79%, Test In: 93.99% Test OOD1: 96.58% 
Epoch: 274, Loss: 0.1185, Train: 99.98%, Valid: 93.79%, Test In: 94.11% Test OOD1: 96.60% 
Epoch: 275, Loss: 0.1278, Train: 99.98%, Valid: 93.75%, Test In: 94.15% Test OOD1: 96.58% 
Epoch: 276, Loss: 0.1221, Train: 99.98%, Valid: 93.75%, Test In: 94.11% Test OOD1: 96.58% 
Epoch: 277, Loss: 0.1220, Train: 99.98%, Valid: 93.79%, Test In: 94.03% Test OOD1: 96.58% 
Epoch: 278, Loss: 0.1265, Train: 99.98%, Valid: 93.71%, Test In: 93.99% Test OOD1: 96.58% 
Epoch: 279, Loss: 0.1206, Train: 99.98%, Valid: 93.67%, Test In: 93.99% Test OOD1: 96.60% 
Epoch: 280, Loss: 0.1174, Train: 99.98%, Valid: 93.63%, Test In: 94.07% Test OOD1: 96.58% 
Epoch: 281, Loss: 0.1233, Train: 99.98%, Valid: 93.71%, Test In: 94.11% Test OOD1: 96.57% 
Epoch: 282, Loss: 0.1213, Train: 99.98%, Valid: 93.71%, Test In: 94.11% Test OOD1: 96.61% 
Epoch: 283, Loss: 0.1198, Train: 99.98%, Valid: 93.67%, Test In: 94.15% Test OOD1: 96.60% 
Epoch: 284, Loss: 0.1236, Train: 99.98%, Valid: 93.55%, Test In: 94.11% Test OOD1: 96.58% 
Epoch: 285, Loss: 0.1211, Train: 99.98%, Valid: 93.55%, Test In: 94.11% Test OOD1: 96.59% 
Epoch: 286, Loss: 0.1207, Train: 99.98%, Valid: 93.63%, Test In: 94.07% Test OOD1: 96.57% 
Epoch: 287, Loss: 0.1108, Train: 99.98%, Valid: 93.63%, Test In: 94.11% Test OOD1: 96.59% 
Epoch: 288, Loss: 0.1170, Train: 99.98%, Valid: 93.55%, Test In: 93.95% Test OOD1: 96.60% 
Epoch: 289, Loss: 0.1257, Train: 99.98%, Valid: 93.75%, Test In: 94.19% Test OOD1: 96.65% 
Epoch: 290, Loss: 0.1178, Train: 99.98%, Valid: 93.39%, Test In: 94.27% Test OOD1: 96.67% 
Epoch: 291, Loss: 0.1261, Train: 99.98%, Valid: 93.51%, Test In: 94.19% Test OOD1: 96.68% 
Epoch: 292, Loss: 0.1191, Train: 99.98%, Valid: 93.51%, Test In: 94.03% Test OOD1: 96.72% 
Epoch: 293, Loss: 0.1292, Train: 99.98%, Valid: 93.59%, Test In: 93.91% Test OOD1: 96.72% 
Epoch: 294, Loss: 0.1174, Train: 99.98%, Valid: 93.51%, Test In: 93.83% Test OOD1: 96.67% 
Epoch: 295, Loss: 0.1108, Train: 99.98%, Valid: 93.71%, Test In: 93.95% Test OOD1: 96.68% 
Epoch: 296, Loss: 0.1222, Train: 99.98%, Valid: 93.79%, Test In: 94.11% Test OOD1: 96.66% 
Epoch: 297, Loss: 0.1171, Train: 99.98%, Valid: 93.87%, Test In: 94.11% Test OOD1: 96.64% 
Epoch: 298, Loss: 0.1214, Train: 99.98%, Valid: 93.79%, Test In: 94.07% Test OOD1: 96.60% 
Epoch: 299, Loss: 0.1143, Train: 99.98%, Valid: 93.59%, Test In: 94.03% Test OOD1: 96.61% 
Epoch: 300, Loss: 0.1152, Train: 99.98%, Valid: 93.59%, Test In: 94.03% Test OOD1: 96.61% 
Epoch: 301, Loss: 0.1077, Train: 99.98%, Valid: 93.55%, Test In: 93.99% Test OOD1: 96.67% 
Epoch: 302, Loss: 0.1018, Train: 99.98%, Valid: 93.67%, Test In: 94.03% Test OOD1: 96.75% 
Epoch: 303, Loss: 0.1134, Train: 99.98%, Valid: 93.79%, Test In: 94.23% Test OOD1: 96.78% 
Epoch: 304, Loss: 0.1211, Train: 99.98%, Valid: 93.75%, Test In: 94.03% Test OOD1: 96.71% 
Epoch: 305, Loss: 0.1184, Train: 99.98%, Valid: 93.79%, Test In: 94.07% Test OOD1: 96.65% 
Epoch: 306, Loss: 0.1102, Train: 99.98%, Valid: 93.59%, Test In: 93.99% Test OOD1: 96.64% 
Epoch: 307, Loss: 0.1101, Train: 99.98%, Valid: 93.67%, Test In: 93.95% Test OOD1: 96.67% 
Epoch: 308, Loss: 0.1163, Train: 99.98%, Valid: 93.71%, Test In: 93.95% Test OOD1: 96.69% 
Epoch: 309, Loss: 0.1205, Train: 99.98%, Valid: 93.67%, Test In: 94.11% Test OOD1: 96.69% 
Epoch: 310, Loss: 0.1086, Train: 99.98%, Valid: 93.79%, Test In: 94.11% Test OOD1: 96.70% 
Epoch: 311, Loss: 0.0993, Train: 99.98%, Valid: 93.63%, Test In: 94.11% Test OOD1: 96.68% 
Epoch: 312, Loss: 0.1135, Train: 99.98%, Valid: 93.63%, Test In: 93.95% Test OOD1: 96.67% 
Epoch: 313, Loss: 0.1084, Train: 99.98%, Valid: 93.55%, Test In: 94.03% Test OOD1: 96.60% 
Epoch: 314, Loss: 0.1149, Train: 99.98%, Valid: 93.59%, Test In: 93.91% Test OOD1: 96.67% 
Epoch: 315, Loss: 0.1097, Train: 99.98%, Valid: 93.55%, Test In: 93.91% Test OOD1: 96.65% 
Epoch: 316, Loss: 0.1075, Train: 99.98%, Valid: 93.71%, Test In: 93.99% Test OOD1: 96.63% 
Epoch: 317, Loss: 0.1169, Train: 99.98%, Valid: 93.67%, Test In: 93.99% Test OOD1: 96.62% 
Epoch: 318, Loss: 0.1038, Train: 99.98%, Valid: 93.63%, Test In: 94.11% Test OOD1: 96.62% 
Epoch: 319, Loss: 0.1092, Train: 99.98%, Valid: 93.67%, Test In: 94.11% Test OOD1: 96.65% 
Epoch: 320, Loss: 0.1068, Train: 99.98%, Valid: 93.71%, Test In: 93.91% Test OOD1: 96.62% 
Epoch: 321, Loss: 0.1051, Train: 99.98%, Valid: 93.71%, Test In: 93.87% Test OOD1: 96.61% 
Epoch: 322, Loss: 0.1146, Train: 99.98%, Valid: 93.71%, Test In: 93.91% Test OOD1: 96.64% 
Epoch: 323, Loss: 0.1189, Train: 99.98%, Valid: 93.83%, Test In: 94.07% Test OOD1: 96.70% 
Epoch: 324, Loss: 0.0987, Train: 99.98%, Valid: 93.87%, Test In: 94.07% Test OOD1: 96.73% 
Epoch: 325, Loss: 0.1090, Train: 99.98%, Valid: 93.79%, Test In: 93.99% Test OOD1: 96.68% 
Epoch: 326, Loss: 0.1059, Train: 99.98%, Valid: 93.71%, Test In: 93.95% Test OOD1: 96.66% 
Epoch: 327, Loss: 0.1158, Train: 99.98%, Valid: 93.79%, Test In: 93.87% Test OOD1: 96.65% 
Epoch: 328, Loss: 0.1030, Train: 99.98%, Valid: 93.91%, Test In: 93.87% Test OOD1: 96.63% 
Epoch: 329, Loss: 0.1057, Train: 99.98%, Valid: 93.95%, Test In: 93.91% Test OOD1: 96.64% 
Epoch: 330, Loss: 0.1042, Train: 99.98%, Valid: 93.75%, Test In: 93.99% Test OOD1: 96.65% 
Epoch: 331, Loss: 0.1001, Train: 99.98%, Valid: 93.79%, Test In: 94.11% Test OOD1: 96.66% 
Epoch: 332, Loss: 0.0980, Train: 99.98%, Valid: 93.75%, Test In: 94.11% Test OOD1: 96.70% 
Epoch: 333, Loss: 0.1068, Train: 99.98%, Valid: 93.79%, Test In: 93.91% Test OOD1: 96.64% 
Epoch: 334, Loss: 0.1063, Train: 99.98%, Valid: 93.71%, Test In: 93.91% Test OOD1: 96.68% 
Epoch: 335, Loss: 0.1018, Train: 99.98%, Valid: 93.59%, Test In: 93.91% Test OOD1: 96.65% 
Epoch: 336, Loss: 0.0999, Train: 99.98%, Valid: 93.59%, Test In: 93.99% Test OOD1: 96.68% 
Epoch: 337, Loss: 0.1068, Train: 99.98%, Valid: 93.75%, Test In: 93.99% Test OOD1: 96.74% 
Epoch: 338, Loss: 0.1034, Train: 99.98%, Valid: 93.67%, Test In: 94.03% Test OOD1: 96.72% 
Epoch: 339, Loss: 0.0961, Train: 99.98%, Valid: 93.55%, Test In: 93.99% Test OOD1: 96.64% 
Epoch: 340, Loss: 0.1029, Train: 99.98%, Valid: 93.75%, Test In: 93.99% Test OOD1: 96.61% 
Epoch: 341, Loss: 0.1044, Train: 99.98%, Valid: 93.75%, Test In: 93.99% Test OOD1: 96.62% 
Epoch: 342, Loss: 0.0986, Train: 99.98%, Valid: 93.59%, Test In: 94.07% Test OOD1: 96.67% 
Epoch: 343, Loss: 0.1037, Train: 99.98%, Valid: 93.79%, Test In: 94.03% Test OOD1: 96.73% 
Epoch: 344, Loss: 0.0989, Train: 99.98%, Valid: 93.79%, Test In: 94.07% Test OOD1: 96.78% 
Epoch: 345, Loss: 0.1054, Train: 99.98%, Valid: 93.75%, Test In: 93.95% Test OOD1: 96.73% 
Epoch: 346, Loss: 0.0974, Train: 99.98%, Valid: 93.79%, Test In: 93.91% Test OOD1: 96.76% 
Epoch: 347, Loss: 0.1046, Train: 99.98%, Valid: 93.71%, Test In: 93.95% Test OOD1: 96.80% 
Epoch: 348, Loss: 0.1016, Train: 99.98%, Valid: 93.83%, Test In: 93.99% Test OOD1: 96.82% 
Epoch: 349, Loss: 0.1027, Train: 99.98%, Valid: 93.87%, Test In: 93.95% Test OOD1: 96.77% 
Epoch: 350, Loss: 0.0996, Train: 99.98%, Valid: 93.87%, Test In: 93.99% Test OOD1: 96.76% 
Epoch: 351, Loss: 0.0938, Train: 99.98%, Valid: 93.87%, Test In: 94.03% Test OOD1: 96.74% 
Epoch: 352, Loss: 0.0989, Train: 99.98%, Valid: 93.71%, Test In: 93.95% Test OOD1: 96.76% 
Epoch: 353, Loss: 0.1040, Train: 99.98%, Valid: 93.71%, Test In: 93.87% Test OOD1: 96.75% 
Epoch: 354, Loss: 0.0962, Train: 99.98%, Valid: 93.67%, Test In: 93.91% Test OOD1: 96.75% 
Epoch: 355, Loss: 0.0966, Train: 99.98%, Valid: 93.83%, Test In: 93.91% Test OOD1: 96.77% 
Epoch: 356, Loss: 0.0978, Train: 99.98%, Valid: 93.91%, Test In: 93.87% Test OOD1: 96.81% 
Epoch: 357, Loss: 0.0975, Train: 99.98%, Valid: 93.87%, Test In: 93.91% Test OOD1: 96.79% 
Epoch: 358, Loss: 0.0900, Train: 99.98%, Valid: 93.83%, Test In: 93.95% Test OOD1: 96.78% 
Epoch: 359, Loss: 0.0958, Train: 99.98%, Valid: 93.87%, Test In: 94.03% Test OOD1: 96.79% 
Epoch: 360, Loss: 0.0991, Train: 99.98%, Valid: 93.83%, Test In: 94.07% Test OOD1: 96.77% 
Epoch: 361, Loss: 0.1048, Train: 99.98%, Valid: 93.75%, Test In: 94.03% Test OOD1: 96.72% 
Epoch: 362, Loss: 0.0991, Train: 99.98%, Valid: 93.83%, Test In: 94.07% Test OOD1: 96.67% 
Epoch: 363, Loss: 0.0901, Train: 99.98%, Valid: 93.83%, Test In: 94.03% Test OOD1: 96.69% 
Epoch: 364, Loss: 0.0998, Train: 99.98%, Valid: 93.67%, Test In: 94.07% Test OOD1: 96.73% 
Epoch: 365, Loss: 0.0985, Train: 99.98%, Valid: 93.71%, Test In: 93.95% Test OOD1: 96.73% 
Epoch: 366, Loss: 0.0969, Train: 99.98%, Valid: 93.67%, Test In: 93.95% Test OOD1: 96.72% 
Epoch: 367, Loss: 0.0911, Train: 99.98%, Valid: 93.63%, Test In: 93.91% Test OOD1: 96.74% 
Epoch: 368, Loss: 0.0962, Train: 99.98%, Valid: 93.71%, Test In: 93.95% Test OOD1: 96.72% 
Epoch: 369, Loss: 0.0963, Train: 99.98%, Valid: 93.75%, Test In: 93.95% Test OOD1: 96.73% 
Epoch: 370, Loss: 0.1009, Train: 99.98%, Valid: 93.67%, Test In: 94.03% Test OOD1: 96.71% 
Epoch: 371, Loss: 0.0911, Train: 99.98%, Valid: 93.83%, Test In: 94.11% Test OOD1: 96.75% 
Epoch: 372, Loss: 0.0901, Train: 99.98%, Valid: 93.71%, Test In: 93.99% Test OOD1: 96.74% 
Epoch: 373, Loss: 0.1003, Train: 99.98%, Valid: 93.59%, Test In: 93.99% Test OOD1: 96.70% 
Epoch: 374, Loss: 0.0952, Train: 99.98%, Valid: 93.67%, Test In: 93.95% Test OOD1: 96.70% 
Epoch: 375, Loss: 0.0913, Train: 99.98%, Valid: 93.79%, Test In: 93.95% Test OOD1: 96.69% 
Epoch: 376, Loss: 0.1017, Train: 99.98%, Valid: 93.79%, Test In: 93.87% Test OOD1: 96.71% 
Epoch: 377, Loss: 0.0949, Train: 99.98%, Valid: 93.67%, Test In: 93.95% Test OOD1: 96.69% 
Epoch: 378, Loss: 0.0980, Train: 99.98%, Valid: 93.55%, Test In: 93.95% Test OOD1: 96.67% 
Epoch: 379, Loss: 0.0954, Train: 99.98%, Valid: 93.67%, Test In: 94.03% Test OOD1: 96.71% 
Epoch: 380, Loss: 0.0900, Train: 99.98%, Valid: 93.75%, Test In: 93.95% Test OOD1: 96.74% 
Epoch: 381, Loss: 0.0880, Train: 99.98%, Valid: 93.59%, Test In: 93.95% Test OOD1: 96.75% 
Epoch: 382, Loss: 0.0987, Train: 99.98%, Valid: 93.63%, Test In: 93.99% Test OOD1: 96.75% 
Epoch: 383, Loss: 0.0910, Train: 99.98%, Valid: 93.79%, Test In: 93.95% Test OOD1: 96.79% 
Epoch: 384, Loss: 0.0891, Train: 99.98%, Valid: 93.91%, Test In: 94.03% Test OOD1: 96.83% 
Epoch: 385, Loss: 0.0989, Train: 99.98%, Valid: 93.87%, Test In: 93.99% Test OOD1: 96.82% 
Epoch: 386, Loss: 0.0926, Train: 99.98%, Valid: 93.59%, Test In: 94.07% Test OOD1: 96.78% 
Epoch: 387, Loss: 0.0942, Train: 99.98%, Valid: 93.63%, Test In: 93.99% Test OOD1: 96.79% 
Epoch: 388, Loss: 0.0957, Train: 99.98%, Valid: 93.63%, Test In: 94.03% Test OOD1: 96.76% 
Epoch: 389, Loss: 0.0948, Train: 99.98%, Valid: 93.55%, Test In: 93.87% Test OOD1: 96.80% 
Epoch: 390, Loss: 0.0964, Train: 99.98%, Valid: 93.71%, Test In: 93.95% Test OOD1: 96.81% 
Epoch: 391, Loss: 0.0916, Train: 99.98%, Valid: 93.71%, Test In: 93.99% Test OOD1: 96.84% 
Epoch: 392, Loss: 0.0992, Train: 99.98%, Valid: 93.59%, Test In: 93.91% Test OOD1: 96.82% 
Epoch: 393, Loss: 0.1016, Train: 99.98%, Valid: 93.59%, Test In: 93.91% Test OOD1: 96.77% 
Epoch: 394, Loss: 0.0867, Train: 99.98%, Valid: 93.51%, Test In: 93.95% Test OOD1: 96.75% 
Epoch: 395, Loss: 0.0950, Train: 99.98%, Valid: 93.79%, Test In: 93.91% Test OOD1: 96.74% 
Epoch: 396, Loss: 0.0996, Train: 99.98%, Valid: 93.79%, Test In: 94.15% Test OOD1: 96.73% 
Epoch: 397, Loss: 0.0917, Train: 99.98%, Valid: 93.83%, Test In: 94.19% Test OOD1: 96.79% 
Epoch: 398, Loss: 0.0906, Train: 99.98%, Valid: 93.75%, Test In: 94.27% Test OOD1: 96.84% 
Epoch: 399, Loss: 0.0928, Train: 99.98%, Valid: 93.67%, Test In: 94.27% Test OOD1: 96.84% 
Epoch: 400, Loss: 0.0913, Train: 99.98%, Valid: 93.63%, Test In: 94.11% Test OOD1: 96.79% 
Epoch: 401, Loss: 0.0975, Train: 99.98%, Valid: 93.51%, Test In: 93.99% Test OOD1: 96.74% 
Epoch: 402, Loss: 0.0903, Train: 99.98%, Valid: 93.55%, Test In: 93.99% Test OOD1: 96.74% 
Epoch: 403, Loss: 0.0956, Train: 99.98%, Valid: 93.47%, Test In: 94.11% Test OOD1: 96.76% 
Epoch: 404, Loss: 0.0853, Train: 99.98%, Valid: 93.67%, Test In: 94.11% Test OOD1: 96.85% 
Epoch: 405, Loss: 0.0866, Train: 99.98%, Valid: 93.51%, Test In: 94.15% Test OOD1: 96.84% 
Epoch: 406, Loss: 0.0843, Train: 99.98%, Valid: 93.67%, Test In: 93.99% Test OOD1: 96.84% 
Epoch: 407, Loss: 0.0938, Train: 99.98%, Valid: 93.67%, Test In: 94.07% Test OOD1: 96.85% 
Epoch: 408, Loss: 0.0867, Train: 99.98%, Valid: 93.55%, Test In: 94.27% Test OOD1: 96.88% 
Epoch: 409, Loss: 0.0849, Train: 99.98%, Valid: 93.63%, Test In: 94.31% Test OOD1: 96.86% 
Epoch: 410, Loss: 0.0918, Train: 99.98%, Valid: 93.67%, Test In: 94.19% Test OOD1: 96.87% 
Epoch: 411, Loss: 0.0912, Train: 99.98%, Valid: 93.75%, Test In: 94.27% Test OOD1: 96.86% 
Epoch: 412, Loss: 0.0878, Train: 99.98%, Valid: 93.79%, Test In: 94.03% Test OOD1: 96.81% 
Epoch: 413, Loss: 0.0905, Train: 99.98%, Valid: 93.67%, Test In: 93.99% Test OOD1: 96.78% 
Epoch: 414, Loss: 0.0951, Train: 99.98%, Valid: 93.67%, Test In: 94.15% Test OOD1: 96.82% 
Epoch: 415, Loss: 0.0951, Train: 99.98%, Valid: 93.67%, Test In: 94.23% Test OOD1: 96.80% 
Epoch: 416, Loss: 0.0975, Train: 99.98%, Valid: 93.63%, Test In: 94.19% Test OOD1: 96.82% 
Epoch: 417, Loss: 0.0909, Train: 99.98%, Valid: 93.59%, Test In: 94.19% Test OOD1: 96.77% 
Epoch: 418, Loss: 0.0847, Train: 99.98%, Valid: 93.67%, Test In: 94.03% Test OOD1: 96.78% 
Epoch: 419, Loss: 0.0907, Train: 99.98%, Valid: 93.75%, Test In: 93.99% Test OOD1: 96.79% 
Epoch: 420, Loss: 0.0896, Train: 99.98%, Valid: 93.83%, Test In: 94.15% Test OOD1: 96.84% 
Epoch: 421, Loss: 0.0842, Train: 99.98%, Valid: 93.83%, Test In: 94.07% Test OOD1: 96.89% 
Epoch: 422, Loss: 0.0870, Train: 99.98%, Valid: 93.75%, Test In: 94.03% Test OOD1: 96.88% 
Epoch: 423, Loss: 0.0868, Train: 99.98%, Valid: 93.63%, Test In: 94.03% Test OOD1: 96.87% 
Epoch: 424, Loss: 0.0856, Train: 99.98%, Valid: 93.67%, Test In: 94.03% Test OOD1: 96.81% 
Epoch: 425, Loss: 0.0837, Train: 99.98%, Valid: 93.71%, Test In: 94.11% Test OOD1: 96.82% 
Epoch: 426, Loss: 0.0932, Train: 99.98%, Valid: 93.75%, Test In: 94.03% Test OOD1: 96.84% 
Epoch: 427, Loss: 0.0810, Train: 99.98%, Valid: 93.67%, Test In: 94.03% Test OOD1: 96.86% 
Epoch: 428, Loss: 0.0864, Train: 99.98%, Valid: 93.71%, Test In: 93.87% Test OOD1: 96.81% 
Epoch: 429, Loss: 0.0833, Train: 99.98%, Valid: 93.55%, Test In: 93.91% Test OOD1: 96.79% 
Epoch: 430, Loss: 0.0911, Train: 99.98%, Valid: 93.59%, Test In: 93.95% Test OOD1: 96.78% 
Epoch: 431, Loss: 0.0827, Train: 99.98%, Valid: 93.63%, Test In: 93.99% Test OOD1: 96.77% 
Epoch: 432, Loss: 0.0821, Train: 99.98%, Valid: 93.59%, Test In: 93.99% Test OOD1: 96.81% 
Epoch: 433, Loss: 0.0906, Train: 99.98%, Valid: 93.71%, Test In: 93.95% Test OOD1: 96.84% 
Epoch: 434, Loss: 0.0893, Train: 99.98%, Valid: 93.71%, Test In: 93.91% Test OOD1: 96.83% 
Epoch: 435, Loss: 0.0921, Train: 99.98%, Valid: 93.75%, Test In: 93.83% Test OOD1: 96.76% 
Epoch: 436, Loss: 0.0876, Train: 99.98%, Valid: 93.63%, Test In: 93.95% Test OOD1: 96.77% 
Epoch: 437, Loss: 0.0902, Train: 99.98%, Valid: 93.63%, Test In: 94.07% Test OOD1: 96.77% 
Epoch: 438, Loss: 0.0828, Train: 99.98%, Valid: 93.63%, Test In: 94.07% Test OOD1: 96.82% 
Epoch: 439, Loss: 0.0862, Train: 99.98%, Valid: 93.63%, Test In: 94.07% Test OOD1: 96.80% 
Epoch: 440, Loss: 0.0869, Train: 99.98%, Valid: 93.55%, Test In: 93.99% Test OOD1: 96.73% 
Epoch: 441, Loss: 0.0869, Train: 99.98%, Valid: 93.59%, Test In: 93.91% Test OOD1: 96.70% 
Epoch: 442, Loss: 0.0894, Train: 99.98%, Valid: 93.67%, Test In: 93.87% Test OOD1: 96.73% 
Epoch: 443, Loss: 0.0802, Train: 99.98%, Valid: 93.63%, Test In: 93.87% Test OOD1: 96.80% 
Epoch: 444, Loss: 0.0847, Train: 99.98%, Valid: 93.67%, Test In: 93.99% Test OOD1: 96.75% 
Epoch: 445, Loss: 0.0835, Train: 99.98%, Valid: 93.59%, Test In: 93.87% Test OOD1: 96.74% 
Epoch: 446, Loss: 0.0859, Train: 99.98%, Valid: 93.55%, Test In: 93.91% Test OOD1: 96.75% 
Epoch: 447, Loss: 0.0761, Train: 99.98%, Valid: 93.75%, Test In: 93.95% Test OOD1: 96.77% 
Epoch: 448, Loss: 0.0825, Train: 99.98%, Valid: 93.75%, Test In: 93.99% Test OOD1: 96.82% 
Epoch: 449, Loss: 0.0867, Train: 99.98%, Valid: 93.79%, Test In: 93.99% Test OOD1: 96.81% 
Epoch: 450, Loss: 0.0913, Train: 99.98%, Valid: 93.59%, Test In: 93.95% Test OOD1: 96.81% 
Epoch: 451, Loss: 0.0811, Train: 99.98%, Valid: 93.55%, Test In: 94.03% Test OOD1: 96.78% 
Epoch: 452, Loss: 0.0797, Train: 99.98%, Valid: 93.55%, Test In: 93.95% Test OOD1: 96.71% 
Epoch: 453, Loss: 0.0854, Train: 99.98%, Valid: 93.67%, Test In: 93.91% Test OOD1: 96.78% 
Epoch: 454, Loss: 0.0849, Train: 99.98%, Valid: 93.67%, Test In: 93.91% Test OOD1: 96.77% 
Epoch: 455, Loss: 0.0941, Train: 99.98%, Valid: 93.67%, Test In: 93.99% Test OOD1: 96.81% 
Epoch: 456, Loss: 0.0830, Train: 99.98%, Valid: 93.63%, Test In: 94.11% Test OOD1: 96.77% 
Epoch: 457, Loss: 0.0875, Train: 99.98%, Valid: 93.63%, Test In: 94.03% Test OOD1: 96.76% 
Epoch: 458, Loss: 0.0779, Train: 99.98%, Valid: 93.63%, Test In: 94.07% Test OOD1: 96.77% 
Epoch: 459, Loss: 0.0850, Train: 99.98%, Valid: 93.79%, Test In: 94.03% Test OOD1: 96.75% 
Epoch: 460, Loss: 0.0815, Train: 99.98%, Valid: 93.87%, Test In: 94.07% Test OOD1: 96.73% 
Epoch: 461, Loss: 0.0871, Train: 99.98%, Valid: 93.91%, Test In: 94.15% Test OOD1: 96.77% 
Epoch: 462, Loss: 0.0829, Train: 99.98%, Valid: 93.83%, Test In: 94.03% Test OOD1: 96.80% 
Epoch: 463, Loss: 0.0837, Train: 99.98%, Valid: 93.63%, Test In: 94.11% Test OOD1: 96.82% 
Epoch: 464, Loss: 0.0874, Train: 99.98%, Valid: 93.59%, Test In: 94.11% Test OOD1: 96.80% 
Epoch: 465, Loss: 0.0776, Train: 99.98%, Valid: 93.67%, Test In: 94.03% Test OOD1: 96.79% 
Epoch: 466, Loss: 0.0922, Train: 99.98%, Valid: 93.67%, Test In: 93.95% Test OOD1: 96.76% 
Epoch: 467, Loss: 0.0906, Train: 99.98%, Valid: 93.63%, Test In: 94.03% Test OOD1: 96.76% 
Epoch: 468, Loss: 0.0844, Train: 99.98%, Valid: 93.59%, Test In: 94.07% Test OOD1: 96.77% 
Epoch: 469, Loss: 0.0918, Train: 99.98%, Valid: 93.63%, Test In: 94.03% Test OOD1: 96.78% 
Epoch: 470, Loss: 0.0887, Train: 99.98%, Valid: 93.67%, Test In: 94.03% Test OOD1: 96.75% 
Epoch: 471, Loss: 0.0927, Train: 99.98%, Valid: 93.63%, Test In: 93.91% Test OOD1: 96.77% 
Epoch: 472, Loss: 0.0813, Train: 99.98%, Valid: 93.71%, Test In: 94.03% Test OOD1: 96.81% 
Epoch: 473, Loss: 0.0727, Train: 99.98%, Valid: 93.83%, Test In: 93.95% Test OOD1: 96.79% 
Epoch: 474, Loss: 0.0886, Train: 99.98%, Valid: 93.63%, Test In: 94.03% Test OOD1: 96.76% 
Epoch: 475, Loss: 0.0869, Train: 99.98%, Valid: 93.59%, Test In: 94.07% Test OOD1: 96.67% 
Epoch: 476, Loss: 0.0910, Train: 99.98%, Valid: 93.55%, Test In: 94.07% Test OOD1: 96.66% 
Epoch: 477, Loss: 0.0826, Train: 99.98%, Valid: 93.51%, Test In: 93.83% Test OOD1: 96.63% 
Epoch: 478, Loss: 0.0761, Train: 99.98%, Valid: 93.63%, Test In: 93.87% Test OOD1: 96.72% 
Epoch: 479, Loss: 0.0842, Train: 99.98%, Valid: 93.75%, Test In: 93.95% Test OOD1: 96.78% 
Epoch: 480, Loss: 0.0910, Train: 99.98%, Valid: 93.75%, Test In: 93.91% Test OOD1: 96.79% 
Epoch: 481, Loss: 0.0877, Train: 99.98%, Valid: 93.75%, Test In: 93.87% Test OOD1: 96.72% 
Epoch: 482, Loss: 0.0853, Train: 99.98%, Valid: 93.71%, Test In: 93.83% Test OOD1: 96.68% 
Epoch: 483, Loss: 0.0837, Train: 99.98%, Valid: 93.63%, Test In: 93.83% Test OOD1: 96.71% 
Epoch: 484, Loss: 0.0836, Train: 99.98%, Valid: 93.71%, Test In: 93.83% Test OOD1: 96.77% 
Epoch: 485, Loss: 0.0908, Train: 99.98%, Valid: 93.87%, Test In: 93.83% Test OOD1: 96.74% 
Epoch: 486, Loss: 0.0795, Train: 99.98%, Valid: 93.83%, Test In: 93.87% Test OOD1: 96.77% 
Epoch: 487, Loss: 0.0786, Train: 99.98%, Valid: 93.79%, Test In: 93.95% Test OOD1: 96.74% 
Epoch: 488, Loss: 0.0806, Train: 99.98%, Valid: 93.75%, Test In: 93.95% Test OOD1: 96.75% 
Epoch: 489, Loss: 0.0881, Train: 99.98%, Valid: 93.67%, Test In: 93.83% Test OOD1: 96.78% 
Epoch: 490, Loss: 0.0777, Train: 99.98%, Valid: 93.67%, Test In: 93.75% Test OOD1: 96.80% 
Epoch: 491, Loss: 0.0853, Train: 99.98%, Valid: 93.71%, Test In: 93.71% Test OOD1: 96.81% 
Epoch: 492, Loss: 0.0862, Train: 99.98%, Valid: 93.71%, Test In: 93.79% Test OOD1: 96.83% 
Epoch: 493, Loss: 0.0777, Train: 99.98%, Valid: 93.71%, Test In: 93.91% Test OOD1: 96.86% 
Epoch: 494, Loss: 0.0729, Train: 99.98%, Valid: 93.71%, Test In: 93.91% Test OOD1: 96.85% 
Epoch: 495, Loss: 0.0785, Train: 99.98%, Valid: 93.63%, Test In: 93.87% Test OOD1: 96.85% 
Epoch: 496, Loss: 0.0849, Train: 99.98%, Valid: 93.67%, Test In: 93.79% Test OOD1: 96.84% 
Epoch: 497, Loss: 0.0786, Train: 99.98%, Valid: 93.51%, Test In: 93.83% Test OOD1: 96.82% 
Epoch: 498, Loss: 0.0828, Train: 99.98%, Valid: 93.51%, Test In: 93.83% Test OOD1: 96.80% 
Epoch: 499, Loss: 0.0730, Train: 99.98%, Valid: 93.51%, Test In: 93.79% Test OOD1: 96.83% 
Run 02:
Highest Train: 99.98
Highest Valid: 93.99
Highest In Test: 94.31
Highest OOD Test: 96.89
Chosen epoch: 268
Final Train: 99.98
Final In Test: 93.99
Final OOD Test: 96.56
All runs:
Highest Train: 99.98 ± 0.00
Highest Valid: 94.15 ± 0.23
Highest In Test: 94.43 ± 0.17
Highest OOD Test: 96.97 ± 0.11
  Final Train: 99.98 ± 0.00
   Final In  Test: 94.21 ± 0.31
   Final OOD Test: 96.73 ± 0.24
[INFO] TensorBoard writer closed.

Command: python main.py --dataset citeseer --backbone_type gcn --env_type node --combine_result --store_result --epochs 500 --runs 2 --num_layers 2 --expert_agg mean --device 1 --other_env_objective irm --lr 0.005 --weight_decay 5e-05 --dropout 0.2 --lamda 0.1 --K 4 --hidden_channels 32 --other_env_reduce env --result_name citeseer_stage1_lr0.005_weight_decay5e-05_dropout0.2_lamda0.1_K4_hidden_channels32_other_env_reduceenv
Return code: 0
Elapsed: 170.63s
