Namespace(K=3, backbone_type='gcn', causal_align_weight=0.1, causal_hidden_channels=0, causal_loss_weight=1.0, combine_result=True, cpu=False, data_dir='./data/', dataset='citeseer', device=1, display_step=1, dropout=0.2, env_type='node', epochs=500, expert_agg='mean', gate_hidden=64, hidden_channels=32, infer_env=False, infer_env_components=64, infer_env_iters=30, infer_env_num=3, lamda=0.5, lr=0.005, num_layers=2, other_env_irm_lambda=1.0, other_env_loss_agg='mean', other_env_loss_temp=1.0, other_env_objective='irm', other_env_reduce='env', pos_weight=5.0, result_name='citeseer_stage1_lr0.005_weight_decay5e-05_dropout0.2_lamda0.5_K3_hidden_channels32_other_env_reduceenv', runs=2, seed=2024, store_result=True, tau=1, use_bn=False, use_causal_head=False, variant=False, weight_decay=5e-05)
using existing synthetic data...
dataset citeseer: all nodes 19962 | edges 54624 | classes 6 | feats 3713
train nodes 4990 | valid nodes 2495 | test in nodes 2496
test ood1 nodes 9981 
[INFO] env numbers: 6 train env numbers: 3
MODEL: CaNet(
  (experts): ModuleList(
    (0): ExpertNet(
      (convs): ModuleList(
        (0): CaNetConv()
        (1): CaNetConv()
      )
      (fcs): ModuleList(
        (0): Linear(in_features=3713, out_features=32, bias=True)
        (1): Linear(in_features=32, out_features=6, bias=True)
      )
      (act_fn): ReLU()
    )
    (1): ExpertNet(
      (convs): ModuleList(
        (0): CaNetConv()
        (1): CaNetConv()
      )
      (fcs): ModuleList(
        (0): Linear(in_features=3713, out_features=32, bias=True)
        (1): Linear(in_features=32, out_features=6, bias=True)
      )
      (act_fn): ReLU()
    )
    (2): ExpertNet(
      (convs): ModuleList(
        (0): CaNetConv()
        (1): CaNetConv()
      )
      (fcs): ModuleList(
        (0): Linear(in_features=3713, out_features=32, bias=True)
        (1): Linear(in_features=32, out_features=6, bias=True)
      )
      (act_fn): ReLU()
    )
  )
  (gate): Sequential(
    (0): Linear(in_features=3713, out_features=64, bias=True)
    (1): ReLU()
    (2): Linear(in_features=64, out_features=3, bias=True)
  )
)
[INFO] TensorBoard logging activated. Logs will be saved to: ./runs/citeseer/Apr19_23-32-40_lamda_0.5_otheragg_mean
Epoch: 00, Loss: 8.0707, Train: 21.10%, Valid: 20.76%, Test In: 21.31% Test OOD1: 21.07% 
Epoch: 01, Loss: 8.0279, Train: 21.10%, Valid: 20.76%, Test In: 21.31% Test OOD1: 21.08% 
Epoch: 02, Loss: 7.9732, Train: 21.12%, Valid: 20.76%, Test In: 21.31% Test OOD1: 21.43% 
Epoch: 03, Loss: 7.9020, Train: 21.42%, Valid: 21.00%, Test In: 21.47% Test OOD1: 24.23% 
Epoch: 04, Loss: 7.8143, Train: 22.57%, Valid: 22.12%, Test In: 22.48% Test OOD1: 28.03% 
Epoch: 05, Loss: 7.7201, Train: 27.03%, Valid: 25.93%, Test In: 26.60% Test OOD1: 32.23% 
Epoch: 06, Loss: 7.6127, Train: 34.37%, Valid: 33.19%, Test In: 32.73% Test OOD1: 41.47% 
Epoch: 07, Loss: 7.5038, Train: 42.12%, Valid: 40.16%, Test In: 40.02% Test OOD1: 50.09% 
Epoch: 08, Loss: 7.3669, Train: 53.91%, Valid: 51.62%, Test In: 51.40% Test OOD1: 55.52% 
Epoch: 09, Loss: 7.2090, Train: 63.15%, Valid: 61.28%, Test In: 61.98% Test OOD1: 59.65% 
Epoch: 10, Loss: 7.0454, Train: 68.98%, Valid: 67.45%, Test In: 68.43% Test OOD1: 62.35% 
Epoch: 11, Loss: 6.8527, Train: 72.12%, Valid: 70.22%, Test In: 70.95% Test OOD1: 63.78% 
Epoch: 12, Loss: 6.6530, Train: 73.61%, Valid: 72.51%, Test In: 72.52% Test OOD1: 64.61% 
Epoch: 13, Loss: 6.4306, Train: 74.59%, Valid: 74.11%, Test In: 73.72% Test OOD1: 64.95% 
Epoch: 14, Loss: 6.1929, Train: 75.87%, Valid: 75.11%, Test In: 75.20% Test OOD1: 64.96% 
Epoch: 15, Loss: 5.9514, Train: 77.60%, Valid: 76.47%, Test In: 76.72% Test OOD1: 64.79% 
Epoch: 16, Loss: 5.6906, Train: 79.14%, Valid: 77.31%, Test In: 78.45% Test OOD1: 65.03% 
Epoch: 17, Loss: 5.4272, Train: 79.86%, Valid: 77.84%, Test In: 79.33% Test OOD1: 65.31% 
Epoch: 18, Loss: 5.1618, Train: 80.34%, Valid: 78.20%, Test In: 79.57% Test OOD1: 65.30% 
Epoch: 19, Loss: 4.9125, Train: 80.60%, Valid: 78.92%, Test In: 79.81% Test OOD1: 65.31% 
Epoch: 20, Loss: 4.7015, Train: 80.90%, Valid: 79.00%, Test In: 80.09% Test OOD1: 65.63% 
Epoch: 21, Loss: 4.4774, Train: 81.22%, Valid: 79.24%, Test In: 80.37% Test OOD1: 65.80% 
Epoch: 22, Loss: 4.3186, Train: 81.44%, Valid: 79.52%, Test In: 80.41% Test OOD1: 65.57% 
Epoch: 23, Loss: 4.1267, Train: 81.50%, Valid: 79.72%, Test In: 80.41% Test OOD1: 65.68% 
Epoch: 24, Loss: 3.9964, Train: 81.70%, Valid: 79.68%, Test In: 80.65% Test OOD1: 65.89% 
Epoch: 25, Loss: 3.8118, Train: 81.88%, Valid: 79.88%, Test In: 81.05% Test OOD1: 66.23% 
Epoch: 26, Loss: 3.7185, Train: 81.96%, Valid: 79.92%, Test In: 81.09% Test OOD1: 66.59% 
Epoch: 27, Loss: 3.6014, Train: 82.16%, Valid: 80.12%, Test In: 81.25% Test OOD1: 66.86% 
Epoch: 28, Loss: 3.5117, Train: 82.32%, Valid: 80.32%, Test In: 81.05% Test OOD1: 67.59% 
Epoch: 29, Loss: 3.3450, Train: 82.57%, Valid: 80.52%, Test In: 81.13% Test OOD1: 68.01% 
Epoch: 30, Loss: 3.3082, Train: 82.69%, Valid: 80.84%, Test In: 81.45% Test OOD1: 67.94% 
Epoch: 31, Loss: 3.1599, Train: 83.01%, Valid: 80.96%, Test In: 81.61% Test OOD1: 68.13% 
Epoch: 32, Loss: 3.0962, Train: 83.29%, Valid: 80.92%, Test In: 81.81% Test OOD1: 68.54% 
Epoch: 33, Loss: 3.0570, Train: 83.43%, Valid: 81.04%, Test In: 81.61% Test OOD1: 68.74% 
Epoch: 34, Loss: 2.9781, Train: 83.73%, Valid: 81.20%, Test In: 81.57% Test OOD1: 69.07% 
Epoch: 35, Loss: 2.9365, Train: 83.87%, Valid: 81.16%, Test In: 81.57% Test OOD1: 69.38% 
Epoch: 36, Loss: 2.9005, Train: 84.33%, Valid: 80.96%, Test In: 81.97% Test OOD1: 69.90% 
Epoch: 37, Loss: 2.8159, Train: 84.91%, Valid: 81.24%, Test In: 82.05% Test OOD1: 70.00% 
Epoch: 38, Loss: 2.7662, Train: 85.19%, Valid: 81.28%, Test In: 82.37% Test OOD1: 70.27% 
Epoch: 39, Loss: 2.7013, Train: 85.49%, Valid: 81.32%, Test In: 82.41% Test OOD1: 70.65% 
Epoch: 40, Loss: 2.6459, Train: 86.09%, Valid: 81.44%, Test In: 82.65% Test OOD1: 71.09% 
Epoch: 41, Loss: 2.6409, Train: 86.29%, Valid: 81.60%, Test In: 83.05% Test OOD1: 71.50% 
Epoch: 42, Loss: 2.5981, Train: 86.73%, Valid: 81.76%, Test In: 83.29% Test OOD1: 71.83% 
Epoch: 43, Loss: 2.5419, Train: 86.99%, Valid: 81.92%, Test In: 83.37% Test OOD1: 72.27% 
Epoch: 44, Loss: 2.4615, Train: 87.25%, Valid: 81.96%, Test In: 83.53% Test OOD1: 72.63% 
Epoch: 45, Loss: 2.4397, Train: 87.47%, Valid: 82.00%, Test In: 83.93% Test OOD1: 73.04% 
Epoch: 46, Loss: 2.3883, Train: 87.72%, Valid: 82.36%, Test In: 83.97% Test OOD1: 73.64% 
Epoch: 47, Loss: 2.3334, Train: 87.88%, Valid: 82.20%, Test In: 84.17% Test OOD1: 74.04% 
Epoch: 48, Loss: 2.3014, Train: 88.14%, Valid: 82.08%, Test In: 84.25% Test OOD1: 74.45% 
Epoch: 49, Loss: 2.2768, Train: 88.40%, Valid: 82.20%, Test In: 84.42% Test OOD1: 74.98% 
Epoch: 50, Loss: 2.2216, Train: 88.66%, Valid: 82.53%, Test In: 84.42% Test OOD1: 75.45% 
Epoch: 51, Loss: 2.1910, Train: 88.84%, Valid: 82.85%, Test In: 84.70% Test OOD1: 75.93% 
Epoch: 52, Loss: 2.1574, Train: 89.04%, Valid: 82.93%, Test In: 84.98% Test OOD1: 76.38% 
Epoch: 53, Loss: 2.1250, Train: 89.24%, Valid: 82.89%, Test In: 84.86% Test OOD1: 77.09% 
Epoch: 54, Loss: 2.0911, Train: 89.50%, Valid: 83.09%, Test In: 85.14% Test OOD1: 77.46% 
Epoch: 55, Loss: 2.0610, Train: 90.08%, Valid: 83.25%, Test In: 85.10% Test OOD1: 77.67% 
Epoch: 56, Loss: 2.0087, Train: 90.18%, Valid: 83.45%, Test In: 85.02% Test OOD1: 77.97% 
Epoch: 57, Loss: 1.9745, Train: 90.36%, Valid: 83.61%, Test In: 84.94% Test OOD1: 78.49% 
Epoch: 58, Loss: 1.9753, Train: 90.46%, Valid: 83.37%, Test In: 85.02% Test OOD1: 78.92% 
Epoch: 59, Loss: 1.9011, Train: 90.72%, Valid: 83.49%, Test In: 85.10% Test OOD1: 79.13% 
Epoch: 60, Loss: 1.8880, Train: 90.88%, Valid: 83.73%, Test In: 85.34% Test OOD1: 79.36% 
Epoch: 61, Loss: 1.8213, Train: 91.24%, Valid: 83.81%, Test In: 85.30% Test OOD1: 79.57% 
Epoch: 62, Loss: 1.8055, Train: 91.64%, Valid: 84.17%, Test In: 85.26% Test OOD1: 79.85% 
Epoch: 63, Loss: 1.7709, Train: 91.94%, Valid: 84.45%, Test In: 85.42% Test OOD1: 80.23% 
Epoch: 64, Loss: 1.7507, Train: 92.06%, Valid: 84.21%, Test In: 85.38% Test OOD1: 80.64% 
Epoch: 65, Loss: 1.7070, Train: 92.32%, Valid: 84.53%, Test In: 85.38% Test OOD1: 80.92% 
Epoch: 66, Loss: 1.6507, Train: 92.67%, Valid: 84.61%, Test In: 85.58% Test OOD1: 81.33% 
Epoch: 67, Loss: 1.6490, Train: 93.03%, Valid: 84.53%, Test In: 85.98% Test OOD1: 81.56% 
Epoch: 68, Loss: 1.6155, Train: 93.19%, Valid: 84.69%, Test In: 86.02% Test OOD1: 81.77% 
Epoch: 69, Loss: 1.5871, Train: 93.27%, Valid: 84.77%, Test In: 86.14% Test OOD1: 82.20% 
Epoch: 70, Loss: 1.5529, Train: 93.61%, Valid: 84.85%, Test In: 86.26% Test OOD1: 82.83% 
Epoch: 71, Loss: 1.5627, Train: 93.75%, Valid: 85.13%, Test In: 86.22% Test OOD1: 83.37% 
Epoch: 72, Loss: 1.5050, Train: 93.99%, Valid: 85.41%, Test In: 86.46% Test OOD1: 83.63% 
Epoch: 73, Loss: 1.4709, Train: 94.33%, Valid: 85.77%, Test In: 86.74% Test OOD1: 83.94% 
Epoch: 74, Loss: 1.4509, Train: 94.39%, Valid: 85.81%, Test In: 86.78% Test OOD1: 84.37% 
Epoch: 75, Loss: 1.4226, Train: 94.55%, Valid: 85.89%, Test In: 86.82% Test OOD1: 84.89% 
Epoch: 76, Loss: 1.4178, Train: 94.59%, Valid: 86.17%, Test In: 86.86% Test OOD1: 85.41% 
Epoch: 77, Loss: 1.3828, Train: 94.67%, Valid: 86.13%, Test In: 86.98% Test OOD1: 85.68% 
Epoch: 78, Loss: 1.3300, Train: 94.89%, Valid: 86.29%, Test In: 87.30% Test OOD1: 85.92% 
Epoch: 79, Loss: 1.3109, Train: 95.35%, Valid: 86.61%, Test In: 87.70% Test OOD1: 85.91% 
Epoch: 80, Loss: 1.2983, Train: 95.31%, Valid: 86.89%, Test In: 87.70% Test OOD1: 86.00% 
Epoch: 81, Loss: 1.2626, Train: 95.39%, Valid: 86.97%, Test In: 87.74% Test OOD1: 86.46% 
Epoch: 82, Loss: 1.2220, Train: 95.61%, Valid: 86.93%, Test In: 87.70% Test OOD1: 86.99% 
Epoch: 83, Loss: 1.2246, Train: 95.77%, Valid: 86.97%, Test In: 87.94% Test OOD1: 87.30% 
Epoch: 84, Loss: 1.2175, Train: 95.89%, Valid: 87.29%, Test In: 88.10% Test OOD1: 87.53% 
Epoch: 85, Loss: 1.1594, Train: 96.19%, Valid: 87.58%, Test In: 88.06% Test OOD1: 87.51% 
Epoch: 86, Loss: 1.1376, Train: 96.33%, Valid: 87.94%, Test In: 88.18% Test OOD1: 87.74% 
Epoch: 87, Loss: 1.1206, Train: 96.41%, Valid: 88.06%, Test In: 88.50% Test OOD1: 88.09% 
Epoch: 88, Loss: 1.0968, Train: 96.47%, Valid: 87.98%, Test In: 88.62% Test OOD1: 88.40% 
Epoch: 89, Loss: 1.0987, Train: 96.59%, Valid: 87.66%, Test In: 89.06% Test OOD1: 88.60% 
Epoch: 90, Loss: 1.0715, Train: 96.77%, Valid: 88.02%, Test In: 89.02% Test OOD1: 88.84% 
Epoch: 91, Loss: 1.0343, Train: 96.97%, Valid: 88.10%, Test In: 88.98% Test OOD1: 89.06% 
Epoch: 92, Loss: 1.0184, Train: 97.21%, Valid: 88.22%, Test In: 89.02% Test OOD1: 89.33% 
Epoch: 93, Loss: 1.0033, Train: 97.31%, Valid: 88.50%, Test In: 89.10% Test OOD1: 89.46% 
Epoch: 94, Loss: 1.0019, Train: 97.43%, Valid: 88.78%, Test In: 89.18% Test OOD1: 89.69% 
Epoch: 95, Loss: 0.9693, Train: 97.47%, Valid: 88.66%, Test In: 89.18% Test OOD1: 90.03% 
Epoch: 96, Loss: 0.9380, Train: 97.60%, Valid: 88.98%, Test In: 89.38% Test OOD1: 90.30% 
Epoch: 97, Loss: 0.9217, Train: 97.84%, Valid: 89.14%, Test In: 89.62% Test OOD1: 90.45% 
Epoch: 98, Loss: 0.9431, Train: 97.86%, Valid: 89.26%, Test In: 89.58% Test OOD1: 90.54% 
Epoch: 99, Loss: 0.9040, Train: 98.00%, Valid: 89.18%, Test In: 89.78% Test OOD1: 90.63% 
Epoch: 100, Loss: 0.8945, Train: 98.04%, Valid: 88.94%, Test In: 89.82% Test OOD1: 90.76% 
Epoch: 101, Loss: 0.8673, Train: 98.26%, Valid: 89.10%, Test In: 89.94% Test OOD1: 91.00% 
Epoch: 102, Loss: 0.8493, Train: 98.48%, Valid: 89.50%, Test In: 89.98% Test OOD1: 91.14% 
Epoch: 103, Loss: 0.8072, Train: 98.50%, Valid: 89.74%, Test In: 90.06% Test OOD1: 91.36% 
Epoch: 104, Loss: 0.7903, Train: 98.56%, Valid: 89.74%, Test In: 90.18% Test OOD1: 91.50% 
Epoch: 105, Loss: 0.8139, Train: 98.64%, Valid: 90.06%, Test In: 90.30% Test OOD1: 91.56% 
Epoch: 106, Loss: 0.7802, Train: 98.84%, Valid: 90.18%, Test In: 90.42% Test OOD1: 91.68% 
Epoch: 107, Loss: 0.7623, Train: 98.92%, Valid: 90.26%, Test In: 90.62% Test OOD1: 92.03% 
Epoch: 108, Loss: 0.7319, Train: 98.92%, Valid: 90.58%, Test In: 90.62% Test OOD1: 92.26% 
Epoch: 109, Loss: 0.7300, Train: 98.94%, Valid: 90.66%, Test In: 90.50% Test OOD1: 92.41% 
Epoch: 110, Loss: 0.7183, Train: 99.00%, Valid: 90.70%, Test In: 90.95% Test OOD1: 92.48% 
Epoch: 111, Loss: 0.7015, Train: 99.10%, Valid: 90.98%, Test In: 91.03% Test OOD1: 92.54% 
Epoch: 112, Loss: 0.6798, Train: 99.14%, Valid: 91.02%, Test In: 90.99% Test OOD1: 92.76% 
Epoch: 113, Loss: 0.6773, Train: 99.18%, Valid: 91.10%, Test In: 91.15% Test OOD1: 93.03% 
Epoch: 114, Loss: 0.6536, Train: 99.20%, Valid: 91.10%, Test In: 91.15% Test OOD1: 93.24% 
Epoch: 115, Loss: 0.6430, Train: 99.20%, Valid: 91.02%, Test In: 91.23% Test OOD1: 93.49% 
Epoch: 116, Loss: 0.6415, Train: 99.22%, Valid: 90.98%, Test In: 91.31% Test OOD1: 93.59% 
Epoch: 117, Loss: 0.6194, Train: 99.30%, Valid: 91.26%, Test In: 91.51% Test OOD1: 93.59% 
Epoch: 118, Loss: 0.5771, Train: 99.32%, Valid: 91.34%, Test In: 91.59% Test OOD1: 93.49% 
Epoch: 119, Loss: 0.5904, Train: 99.42%, Valid: 91.62%, Test In: 91.67% Test OOD1: 93.52% 
Epoch: 120, Loss: 0.5860, Train: 99.48%, Valid: 91.62%, Test In: 91.67% Test OOD1: 93.78% 
Epoch: 121, Loss: 0.5626, Train: 99.56%, Valid: 91.70%, Test In: 91.63% Test OOD1: 94.09% 
Epoch: 122, Loss: 0.5574, Train: 99.56%, Valid: 91.62%, Test In: 91.67% Test OOD1: 94.17% 
Epoch: 123, Loss: 0.5583, Train: 99.58%, Valid: 91.70%, Test In: 91.91% Test OOD1: 94.17% 
Epoch: 124, Loss: 0.5457, Train: 99.60%, Valid: 91.78%, Test In: 91.87% Test OOD1: 94.15% 
Epoch: 125, Loss: 0.5210, Train: 99.60%, Valid: 91.86%, Test In: 92.07% Test OOD1: 94.23% 
Epoch: 126, Loss: 0.5048, Train: 99.66%, Valid: 92.10%, Test In: 92.03% Test OOD1: 94.34% 
Epoch: 127, Loss: 0.4834, Train: 99.68%, Valid: 92.10%, Test In: 92.11% Test OOD1: 94.41% 
Epoch: 128, Loss: 0.4984, Train: 99.70%, Valid: 92.18%, Test In: 92.11% Test OOD1: 94.50% 
Epoch: 129, Loss: 0.4971, Train: 99.70%, Valid: 92.18%, Test In: 92.23% Test OOD1: 94.55% 
Epoch: 130, Loss: 0.4871, Train: 99.70%, Valid: 92.34%, Test In: 92.15% Test OOD1: 94.60% 
Epoch: 131, Loss: 0.4742, Train: 99.78%, Valid: 92.30%, Test In: 92.15% Test OOD1: 94.79% 
Epoch: 132, Loss: 0.4615, Train: 99.78%, Valid: 92.59%, Test In: 92.31% Test OOD1: 95.01% 
Epoch: 133, Loss: 0.4520, Train: 99.76%, Valid: 92.67%, Test In: 92.31% Test OOD1: 95.05% 
Epoch: 134, Loss: 0.4339, Train: 99.78%, Valid: 92.67%, Test In: 92.35% Test OOD1: 95.07% 
Epoch: 135, Loss: 0.4437, Train: 99.82%, Valid: 92.63%, Test In: 92.43% Test OOD1: 95.06% 
Epoch: 136, Loss: 0.4346, Train: 99.80%, Valid: 92.75%, Test In: 92.35% Test OOD1: 95.01% 
Epoch: 137, Loss: 0.4203, Train: 99.82%, Valid: 92.83%, Test In: 92.51% Test OOD1: 95.17% 
Epoch: 138, Loss: 0.4132, Train: 99.88%, Valid: 92.79%, Test In: 92.71% Test OOD1: 95.24% 
Epoch: 139, Loss: 0.4209, Train: 99.84%, Valid: 92.95%, Test In: 92.75% Test OOD1: 95.34% 
Epoch: 140, Loss: 0.3926, Train: 99.84%, Valid: 92.99%, Test In: 92.75% Test OOD1: 95.31% 
Epoch: 141, Loss: 0.3894, Train: 99.84%, Valid: 92.95%, Test In: 92.67% Test OOD1: 95.23% 
Epoch: 142, Loss: 0.3874, Train: 99.86%, Valid: 92.87%, Test In: 92.79% Test OOD1: 95.26% 
Epoch: 143, Loss: 0.3665, Train: 99.90%, Valid: 92.91%, Test In: 93.03% Test OOD1: 95.37% 
Epoch: 144, Loss: 0.3777, Train: 99.92%, Valid: 92.99%, Test In: 93.23% Test OOD1: 95.54% 
Epoch: 145, Loss: 0.3732, Train: 99.94%, Valid: 93.03%, Test In: 93.11% Test OOD1: 95.60% 
Epoch: 146, Loss: 0.3725, Train: 99.94%, Valid: 93.11%, Test In: 93.23% Test OOD1: 95.60% 
Epoch: 147, Loss: 0.3501, Train: 99.96%, Valid: 93.19%, Test In: 93.19% Test OOD1: 95.54% 
Epoch: 148, Loss: 0.3611, Train: 99.94%, Valid: 93.27%, Test In: 93.23% Test OOD1: 95.59% 
Epoch: 149, Loss: 0.3390, Train: 99.94%, Valid: 93.19%, Test In: 93.19% Test OOD1: 95.62% 
Epoch: 150, Loss: 0.3615, Train: 99.94%, Valid: 93.27%, Test In: 93.19% Test OOD1: 95.70% 
Epoch: 151, Loss: 0.3366, Train: 99.96%, Valid: 93.35%, Test In: 93.23% Test OOD1: 95.75% 
Epoch: 152, Loss: 0.3245, Train: 99.96%, Valid: 93.43%, Test In: 93.31% Test OOD1: 95.79% 
Epoch: 153, Loss: 0.3272, Train: 99.94%, Valid: 93.39%, Test In: 93.35% Test OOD1: 95.82% 
Epoch: 154, Loss: 0.3238, Train: 99.92%, Valid: 93.35%, Test In: 93.35% Test OOD1: 95.81% 
Epoch: 155, Loss: 0.3150, Train: 99.92%, Valid: 93.23%, Test In: 93.43% Test OOD1: 95.88% 
Epoch: 156, Loss: 0.3202, Train: 99.92%, Valid: 93.31%, Test In: 93.31% Test OOD1: 95.91% 
Epoch: 157, Loss: 0.3093, Train: 99.94%, Valid: 93.31%, Test In: 93.31% Test OOD1: 95.93% 
Epoch: 158, Loss: 0.2962, Train: 99.96%, Valid: 93.27%, Test In: 93.35% Test OOD1: 95.93% 
Epoch: 159, Loss: 0.2848, Train: 99.96%, Valid: 93.31%, Test In: 93.39% Test OOD1: 95.98% 
Epoch: 160, Loss: 0.2841, Train: 99.96%, Valid: 93.39%, Test In: 93.43% Test OOD1: 95.95% 
Epoch: 161, Loss: 0.2916, Train: 99.96%, Valid: 93.35%, Test In: 93.43% Test OOD1: 95.93% 
Epoch: 162, Loss: 0.2812, Train: 99.96%, Valid: 93.31%, Test In: 93.51% Test OOD1: 95.92% 
Epoch: 163, Loss: 0.2742, Train: 99.96%, Valid: 93.23%, Test In: 93.55% Test OOD1: 96.00% 
Epoch: 164, Loss: 0.2786, Train: 99.96%, Valid: 93.23%, Test In: 93.43% Test OOD1: 96.06% 
Epoch: 165, Loss: 0.2786, Train: 99.96%, Valid: 93.27%, Test In: 93.47% Test OOD1: 96.06% 
Epoch: 166, Loss: 0.2638, Train: 99.96%, Valid: 93.23%, Test In: 93.47% Test OOD1: 96.02% 
Epoch: 167, Loss: 0.2703, Train: 99.96%, Valid: 93.31%, Test In: 93.63% Test OOD1: 95.90% 
Epoch: 168, Loss: 0.2453, Train: 99.96%, Valid: 93.43%, Test In: 93.71% Test OOD1: 95.89% 
Epoch: 169, Loss: 0.2513, Train: 99.96%, Valid: 93.39%, Test In: 93.67% Test OOD1: 95.88% 
Epoch: 170, Loss: 0.2677, Train: 99.96%, Valid: 93.23%, Test In: 93.59% Test OOD1: 95.95% 
Epoch: 171, Loss: 0.2500, Train: 99.96%, Valid: 93.19%, Test In: 93.71% Test OOD1: 96.07% 
Epoch: 172, Loss: 0.2622, Train: 99.96%, Valid: 93.19%, Test In: 93.71% Test OOD1: 96.11% 
Epoch: 173, Loss: 0.2688, Train: 99.98%, Valid: 93.19%, Test In: 93.59% Test OOD1: 96.15% 
Epoch: 174, Loss: 0.2458, Train: 99.98%, Valid: 93.43%, Test In: 93.55% Test OOD1: 96.08% 
Epoch: 175, Loss: 0.2489, Train: 99.98%, Valid: 93.39%, Test In: 93.59% Test OOD1: 96.09% 
Epoch: 176, Loss: 0.2608, Train: 99.98%, Valid: 93.35%, Test In: 93.67% Test OOD1: 96.16% 
Epoch: 177, Loss: 0.2569, Train: 99.98%, Valid: 93.23%, Test In: 93.67% Test OOD1: 96.20% 
Epoch: 178, Loss: 0.2293, Train: 99.98%, Valid: 93.19%, Test In: 93.67% Test OOD1: 96.27% 
Epoch: 179, Loss: 0.2393, Train: 99.98%, Valid: 93.15%, Test In: 93.59% Test OOD1: 96.28% 
Epoch: 180, Loss: 0.2370, Train: 99.98%, Valid: 93.23%, Test In: 93.71% Test OOD1: 96.29% 
Epoch: 181, Loss: 0.2245, Train: 99.98%, Valid: 93.15%, Test In: 93.67% Test OOD1: 96.28% 
Epoch: 182, Loss: 0.2336, Train: 99.98%, Valid: 93.19%, Test In: 93.71% Test OOD1: 96.29% 
Epoch: 183, Loss: 0.2382, Train: 99.98%, Valid: 93.31%, Test In: 93.71% Test OOD1: 96.30% 
Epoch: 184, Loss: 0.2259, Train: 99.96%, Valid: 93.47%, Test In: 93.83% Test OOD1: 96.29% 
Epoch: 185, Loss: 0.2280, Train: 99.98%, Valid: 93.35%, Test In: 93.71% Test OOD1: 96.28% 
Epoch: 186, Loss: 0.2264, Train: 99.98%, Valid: 93.31%, Test In: 93.63% Test OOD1: 96.28% 
Epoch: 187, Loss: 0.2186, Train: 99.98%, Valid: 93.19%, Test In: 93.67% Test OOD1: 96.26% 
Epoch: 188, Loss: 0.2448, Train: 99.98%, Valid: 93.19%, Test In: 93.59% Test OOD1: 96.34% 
Epoch: 189, Loss: 0.2236, Train: 99.98%, Valid: 93.27%, Test In: 93.71% Test OOD1: 96.37% 
Epoch: 190, Loss: 0.2357, Train: 99.98%, Valid: 93.39%, Test In: 93.63% Test OOD1: 96.37% 
Epoch: 191, Loss: 0.2185, Train: 99.98%, Valid: 93.43%, Test In: 93.83% Test OOD1: 96.41% 
Epoch: 192, Loss: 0.2298, Train: 99.98%, Valid: 93.51%, Test In: 93.91% Test OOD1: 96.45% 
Epoch: 193, Loss: 0.2143, Train: 99.98%, Valid: 93.31%, Test In: 93.79% Test OOD1: 96.45% 
Epoch: 194, Loss: 0.2072, Train: 99.98%, Valid: 93.39%, Test In: 93.67% Test OOD1: 96.44% 
Epoch: 195, Loss: 0.2076, Train: 99.98%, Valid: 93.39%, Test In: 93.67% Test OOD1: 96.38% 
Epoch: 196, Loss: 0.1977, Train: 99.98%, Valid: 93.31%, Test In: 93.71% Test OOD1: 96.44% 
Epoch: 197, Loss: 0.1977, Train: 99.98%, Valid: 93.43%, Test In: 93.75% Test OOD1: 96.44% 
Epoch: 198, Loss: 0.1977, Train: 99.98%, Valid: 93.43%, Test In: 93.79% Test OOD1: 96.43% 
Epoch: 199, Loss: 0.2104, Train: 99.98%, Valid: 93.51%, Test In: 93.83% Test OOD1: 96.43% 
Epoch: 200, Loss: 0.1917, Train: 99.98%, Valid: 93.51%, Test In: 93.71% Test OOD1: 96.43% 
Epoch: 201, Loss: 0.1990, Train: 99.98%, Valid: 93.47%, Test In: 93.71% Test OOD1: 96.42% 
Epoch: 202, Loss: 0.1933, Train: 99.98%, Valid: 93.47%, Test In: 93.79% Test OOD1: 96.45% 
Epoch: 203, Loss: 0.2011, Train: 99.98%, Valid: 93.35%, Test In: 93.91% Test OOD1: 96.48% 
Epoch: 204, Loss: 0.1969, Train: 99.98%, Valid: 93.43%, Test In: 93.95% Test OOD1: 96.51% 
Epoch: 205, Loss: 0.1901, Train: 99.98%, Valid: 93.47%, Test In: 93.99% Test OOD1: 96.55% 
Epoch: 206, Loss: 0.2049, Train: 99.98%, Valid: 93.51%, Test In: 93.79% Test OOD1: 96.53% 
Epoch: 207, Loss: 0.1943, Train: 99.98%, Valid: 93.47%, Test In: 93.79% Test OOD1: 96.52% 
Epoch: 208, Loss: 0.1940, Train: 99.98%, Valid: 93.51%, Test In: 93.83% Test OOD1: 96.52% 
Epoch: 209, Loss: 0.1913, Train: 99.98%, Valid: 93.51%, Test In: 93.83% Test OOD1: 96.53% 
Epoch: 210, Loss: 0.1951, Train: 99.98%, Valid: 93.35%, Test In: 93.83% Test OOD1: 96.51% 
Epoch: 211, Loss: 0.1842, Train: 99.98%, Valid: 93.47%, Test In: 93.87% Test OOD1: 96.50% 
Epoch: 212, Loss: 0.1861, Train: 99.98%, Valid: 93.59%, Test In: 93.83% Test OOD1: 96.54% 
Epoch: 213, Loss: 0.1795, Train: 99.98%, Valid: 93.63%, Test In: 93.87% Test OOD1: 96.59% 
Epoch: 214, Loss: 0.1819, Train: 99.98%, Valid: 93.63%, Test In: 93.83% Test OOD1: 96.54% 
Epoch: 215, Loss: 0.1744, Train: 99.98%, Valid: 93.63%, Test In: 93.83% Test OOD1: 96.49% 
Epoch: 216, Loss: 0.1783, Train: 99.98%, Valid: 93.67%, Test In: 93.79% Test OOD1: 96.47% 
Epoch: 217, Loss: 0.1713, Train: 99.98%, Valid: 93.67%, Test In: 93.83% Test OOD1: 96.49% 
Epoch: 218, Loss: 0.1783, Train: 99.98%, Valid: 93.67%, Test In: 93.83% Test OOD1: 96.54% 
Epoch: 219, Loss: 0.1856, Train: 99.98%, Valid: 93.75%, Test In: 93.87% Test OOD1: 96.62% 
Epoch: 220, Loss: 0.1812, Train: 99.98%, Valid: 93.67%, Test In: 93.83% Test OOD1: 96.62% 
Epoch: 221, Loss: 0.1789, Train: 99.98%, Valid: 93.67%, Test In: 93.87% Test OOD1: 96.64% 
Epoch: 222, Loss: 0.1613, Train: 99.98%, Valid: 93.63%, Test In: 93.83% Test OOD1: 96.59% 
Epoch: 223, Loss: 0.1695, Train: 99.98%, Valid: 93.63%, Test In: 93.87% Test OOD1: 96.58% 
Epoch: 224, Loss: 0.1706, Train: 99.98%, Valid: 93.67%, Test In: 93.83% Test OOD1: 96.56% 
Epoch: 225, Loss: 0.1630, Train: 99.98%, Valid: 93.79%, Test In: 93.87% Test OOD1: 96.56% 
Epoch: 226, Loss: 0.1748, Train: 99.98%, Valid: 93.83%, Test In: 94.07% Test OOD1: 96.61% 
Epoch: 227, Loss: 0.1744, Train: 99.98%, Valid: 93.71%, Test In: 93.95% Test OOD1: 96.65% 
Epoch: 228, Loss: 0.1701, Train: 99.98%, Valid: 93.67%, Test In: 93.95% Test OOD1: 96.69% 
Epoch: 229, Loss: 0.1613, Train: 99.98%, Valid: 93.59%, Test In: 94.03% Test OOD1: 96.74% 
Epoch: 230, Loss: 0.1604, Train: 99.98%, Valid: 93.67%, Test In: 93.99% Test OOD1: 96.63% 
Epoch: 231, Loss: 0.1666, Train: 99.98%, Valid: 93.63%, Test In: 94.07% Test OOD1: 96.57% 
Epoch: 232, Loss: 0.1378, Train: 99.98%, Valid: 93.63%, Test In: 93.99% Test OOD1: 96.50% 
Epoch: 233, Loss: 0.1670, Train: 99.98%, Valid: 93.67%, Test In: 94.03% Test OOD1: 96.52% 
Epoch: 234, Loss: 0.1669, Train: 99.98%, Valid: 93.71%, Test In: 93.95% Test OOD1: 96.59% 
Epoch: 235, Loss: 0.1636, Train: 99.98%, Valid: 93.67%, Test In: 93.95% Test OOD1: 96.60% 
Epoch: 236, Loss: 0.1700, Train: 99.98%, Valid: 93.67%, Test In: 93.91% Test OOD1: 96.57% 
Epoch: 237, Loss: 0.1673, Train: 99.98%, Valid: 93.75%, Test In: 93.99% Test OOD1: 96.58% 
Epoch: 238, Loss: 0.1624, Train: 99.98%, Valid: 93.75%, Test In: 94.03% Test OOD1: 96.56% 
Epoch: 239, Loss: 0.1585, Train: 99.98%, Valid: 93.79%, Test In: 94.03% Test OOD1: 96.60% 
Epoch: 240, Loss: 0.1635, Train: 99.98%, Valid: 93.63%, Test In: 93.99% Test OOD1: 96.59% 
Epoch: 241, Loss: 0.1440, Train: 99.98%, Valid: 93.55%, Test In: 93.99% Test OOD1: 96.61% 
Epoch: 242, Loss: 0.1645, Train: 99.98%, Valid: 93.59%, Test In: 93.99% Test OOD1: 96.61% 
Epoch: 243, Loss: 0.1719, Train: 99.98%, Valid: 93.63%, Test In: 93.95% Test OOD1: 96.59% 
Epoch: 244, Loss: 0.1531, Train: 99.98%, Valid: 93.67%, Test In: 93.99% Test OOD1: 96.60% 
Epoch: 245, Loss: 0.1565, Train: 99.98%, Valid: 93.67%, Test In: 93.99% Test OOD1: 96.53% 
Epoch: 246, Loss: 0.1680, Train: 99.98%, Valid: 93.63%, Test In: 93.99% Test OOD1: 96.55% 
Epoch: 247, Loss: 0.1433, Train: 99.98%, Valid: 93.67%, Test In: 94.03% Test OOD1: 96.56% 
Epoch: 248, Loss: 0.1564, Train: 99.98%, Valid: 93.59%, Test In: 94.03% Test OOD1: 96.57% 
Epoch: 249, Loss: 0.1628, Train: 99.98%, Valid: 93.55%, Test In: 94.07% Test OOD1: 96.63% 
Epoch: 250, Loss: 0.1578, Train: 99.98%, Valid: 93.55%, Test In: 93.95% Test OOD1: 96.65% 
Epoch: 251, Loss: 0.1568, Train: 99.98%, Valid: 93.71%, Test In: 94.03% Test OOD1: 96.61% 
Epoch: 252, Loss: 0.1477, Train: 99.98%, Valid: 93.75%, Test In: 93.91% Test OOD1: 96.61% 
Epoch: 253, Loss: 0.1601, Train: 99.98%, Valid: 93.79%, Test In: 93.95% Test OOD1: 96.58% 
Epoch: 254, Loss: 0.1562, Train: 99.98%, Valid: 93.71%, Test In: 93.91% Test OOD1: 96.60% 
Epoch: 255, Loss: 0.1508, Train: 99.98%, Valid: 93.63%, Test In: 93.95% Test OOD1: 96.59% 
Epoch: 256, Loss: 0.1481, Train: 99.98%, Valid: 93.59%, Test In: 94.07% Test OOD1: 96.62% 
Epoch: 257, Loss: 0.1610, Train: 100.00%, Valid: 93.71%, Test In: 93.95% Test OOD1: 96.64% 
Epoch: 258, Loss: 0.1534, Train: 100.00%, Valid: 93.83%, Test In: 93.95% Test OOD1: 96.62% 
Epoch: 259, Loss: 0.1523, Train: 100.00%, Valid: 93.79%, Test In: 93.99% Test OOD1: 96.57% 
Epoch: 260, Loss: 0.1442, Train: 100.00%, Valid: 93.59%, Test In: 93.95% Test OOD1: 96.52% 
Epoch: 261, Loss: 0.1511, Train: 99.98%, Valid: 93.63%, Test In: 93.95% Test OOD1: 96.47% 
Epoch: 262, Loss: 0.1455, Train: 99.98%, Valid: 93.67%, Test In: 93.91% Test OOD1: 96.50% 
Epoch: 263, Loss: 0.1410, Train: 99.98%, Valid: 93.63%, Test In: 93.83% Test OOD1: 96.55% 
Epoch: 264, Loss: 0.1668, Train: 99.98%, Valid: 93.67%, Test In: 93.87% Test OOD1: 96.60% 
Epoch: 265, Loss: 0.1415, Train: 99.98%, Valid: 93.71%, Test In: 94.03% Test OOD1: 96.72% 
Epoch: 266, Loss: 0.1609, Train: 99.98%, Valid: 93.79%, Test In: 93.99% Test OOD1: 96.72% 
Epoch: 267, Loss: 0.1467, Train: 99.98%, Valid: 93.79%, Test In: 93.87% Test OOD1: 96.63% 
Epoch: 268, Loss: 0.1459, Train: 99.98%, Valid: 93.63%, Test In: 93.83% Test OOD1: 96.62% 
Epoch: 269, Loss: 0.1536, Train: 99.98%, Valid: 93.51%, Test In: 93.71% Test OOD1: 96.63% 
Epoch: 270, Loss: 0.1532, Train: 99.98%, Valid: 93.55%, Test In: 93.79% Test OOD1: 96.64% 
Epoch: 271, Loss: 0.1585, Train: 99.98%, Valid: 93.63%, Test In: 93.83% Test OOD1: 96.64% 
Epoch: 272, Loss: 0.1314, Train: 99.98%, Valid: 93.67%, Test In: 93.79% Test OOD1: 96.64% 
Epoch: 273, Loss: 0.1447, Train: 99.98%, Valid: 93.71%, Test In: 93.75% Test OOD1: 96.64% 
Epoch: 274, Loss: 0.1314, Train: 99.98%, Valid: 93.87%, Test In: 93.71% Test OOD1: 96.65% 
Epoch: 275, Loss: 0.1468, Train: 99.98%, Valid: 93.87%, Test In: 93.83% Test OOD1: 96.69% 
Epoch: 276, Loss: 0.1405, Train: 99.98%, Valid: 93.79%, Test In: 93.91% Test OOD1: 96.69% 
Epoch: 277, Loss: 0.1336, Train: 99.98%, Valid: 93.75%, Test In: 93.87% Test OOD1: 96.65% 
Epoch: 278, Loss: 0.1309, Train: 99.98%, Valid: 93.71%, Test In: 93.79% Test OOD1: 96.66% 
Epoch: 279, Loss: 0.1332, Train: 99.98%, Valid: 93.63%, Test In: 93.71% Test OOD1: 96.68% 
Epoch: 280, Loss: 0.1234, Train: 99.98%, Valid: 93.67%, Test In: 93.67% Test OOD1: 96.70% 
Epoch: 281, Loss: 0.1406, Train: 99.98%, Valid: 93.79%, Test In: 93.79% Test OOD1: 96.68% 
Epoch: 282, Loss: 0.1336, Train: 99.98%, Valid: 93.87%, Test In: 93.83% Test OOD1: 96.68% 
Epoch: 283, Loss: 0.1334, Train: 99.98%, Valid: 93.71%, Test In: 93.79% Test OOD1: 96.71% 
Epoch: 284, Loss: 0.1266, Train: 99.98%, Valid: 93.67%, Test In: 93.83% Test OOD1: 96.70% 
Epoch: 285, Loss: 0.1409, Train: 99.98%, Valid: 93.71%, Test In: 93.83% Test OOD1: 96.71% 
Epoch: 286, Loss: 0.1311, Train: 99.98%, Valid: 93.71%, Test In: 93.83% Test OOD1: 96.71% 
Epoch: 287, Loss: 0.1295, Train: 99.98%, Valid: 93.79%, Test In: 93.79% Test OOD1: 96.77% 
Epoch: 288, Loss: 0.1212, Train: 99.98%, Valid: 93.83%, Test In: 93.87% Test OOD1: 96.78% 
Epoch: 289, Loss: 0.1288, Train: 99.98%, Valid: 93.91%, Test In: 93.91% Test OOD1: 96.80% 
Epoch: 290, Loss: 0.1348, Train: 99.98%, Valid: 93.99%, Test In: 93.95% Test OOD1: 96.79% 
Epoch: 291, Loss: 0.1312, Train: 99.98%, Valid: 94.07%, Test In: 93.95% Test OOD1: 96.76% 
Epoch: 292, Loss: 0.1209, Train: 99.98%, Valid: 93.95%, Test In: 93.87% Test OOD1: 96.76% 
Epoch: 293, Loss: 0.1305, Train: 99.98%, Valid: 93.75%, Test In: 93.91% Test OOD1: 96.77% 
Epoch: 294, Loss: 0.1337, Train: 99.98%, Valid: 93.75%, Test In: 94.03% Test OOD1: 96.79% 
Epoch: 295, Loss: 0.1433, Train: 99.98%, Valid: 93.87%, Test In: 93.99% Test OOD1: 96.78% 
Epoch: 296, Loss: 0.1273, Train: 99.98%, Valid: 93.95%, Test In: 93.99% Test OOD1: 96.79% 
Epoch: 297, Loss: 0.1170, Train: 99.98%, Valid: 93.99%, Test In: 93.87% Test OOD1: 96.78% 
Epoch: 298, Loss: 0.1229, Train: 99.98%, Valid: 93.91%, Test In: 93.91% Test OOD1: 96.80% 
Epoch: 299, Loss: 0.1284, Train: 99.98%, Valid: 93.87%, Test In: 93.83% Test OOD1: 96.77% 
Epoch: 300, Loss: 0.1221, Train: 99.98%, Valid: 93.83%, Test In: 93.83% Test OOD1: 96.77% 
Epoch: 301, Loss: 0.1286, Train: 99.98%, Valid: 93.79%, Test In: 93.87% Test OOD1: 96.80% 
Epoch: 302, Loss: 0.1165, Train: 99.98%, Valid: 93.91%, Test In: 93.83% Test OOD1: 96.81% 
Epoch: 303, Loss: 0.1293, Train: 99.98%, Valid: 93.91%, Test In: 93.83% Test OOD1: 96.80% 
Epoch: 304, Loss: 0.1270, Train: 99.98%, Valid: 93.95%, Test In: 93.87% Test OOD1: 96.80% 
Epoch: 305, Loss: 0.1302, Train: 99.98%, Valid: 93.83%, Test In: 94.03% Test OOD1: 96.81% 
Epoch: 306, Loss: 0.1298, Train: 99.98%, Valid: 93.83%, Test In: 94.03% Test OOD1: 96.78% 
Epoch: 307, Loss: 0.1196, Train: 99.98%, Valid: 93.79%, Test In: 93.91% Test OOD1: 96.75% 
Epoch: 308, Loss: 0.1238, Train: 99.98%, Valid: 93.79%, Test In: 93.95% Test OOD1: 96.73% 
Epoch: 309, Loss: 0.1276, Train: 99.98%, Valid: 93.71%, Test In: 94.03% Test OOD1: 96.72% 
Epoch: 310, Loss: 0.1311, Train: 99.98%, Valid: 93.87%, Test In: 94.07% Test OOD1: 96.75% 
Epoch: 311, Loss: 0.1231, Train: 99.98%, Valid: 93.83%, Test In: 94.07% Test OOD1: 96.74% 
Epoch: 312, Loss: 0.1351, Train: 99.98%, Valid: 93.91%, Test In: 94.07% Test OOD1: 96.68% 
Epoch: 313, Loss: 0.1262, Train: 99.98%, Valid: 93.91%, Test In: 93.95% Test OOD1: 96.70% 
Epoch: 314, Loss: 0.1209, Train: 99.98%, Valid: 93.99%, Test In: 94.07% Test OOD1: 96.69% 
Epoch: 315, Loss: 0.1386, Train: 99.98%, Valid: 93.83%, Test In: 94.07% Test OOD1: 96.75% 
Epoch: 316, Loss: 0.1188, Train: 99.98%, Valid: 93.75%, Test In: 93.95% Test OOD1: 96.81% 
Epoch: 317, Loss: 0.1182, Train: 99.98%, Valid: 93.79%, Test In: 93.99% Test OOD1: 96.78% 
Epoch: 318, Loss: 0.1398, Train: 99.98%, Valid: 93.91%, Test In: 93.95% Test OOD1: 96.72% 
Epoch: 319, Loss: 0.1315, Train: 99.98%, Valid: 93.91%, Test In: 93.99% Test OOD1: 96.70% 
Epoch: 320, Loss: 0.1194, Train: 99.98%, Valid: 93.83%, Test In: 93.87% Test OOD1: 96.69% 
Epoch: 321, Loss: 0.1180, Train: 99.98%, Valid: 93.91%, Test In: 93.87% Test OOD1: 96.69% 
Epoch: 322, Loss: 0.1256, Train: 99.98%, Valid: 93.91%, Test In: 93.99% Test OOD1: 96.70% 
Epoch: 323, Loss: 0.1173, Train: 99.98%, Valid: 93.87%, Test In: 93.99% Test OOD1: 96.67% 
Epoch: 324, Loss: 0.1289, Train: 99.98%, Valid: 93.75%, Test In: 93.91% Test OOD1: 96.63% 
Epoch: 325, Loss: 0.1271, Train: 99.98%, Valid: 93.83%, Test In: 93.99% Test OOD1: 96.69% 
Epoch: 326, Loss: 0.1200, Train: 99.98%, Valid: 93.87%, Test In: 94.03% Test OOD1: 96.72% 
Epoch: 327, Loss: 0.1232, Train: 99.98%, Valid: 93.87%, Test In: 94.07% Test OOD1: 96.73% 
Epoch: 328, Loss: 0.1206, Train: 99.98%, Valid: 94.11%, Test In: 93.95% Test OOD1: 96.75% 
Epoch: 329, Loss: 0.1166, Train: 99.98%, Valid: 94.11%, Test In: 93.87% Test OOD1: 96.70% 
Epoch: 330, Loss: 0.1245, Train: 99.98%, Valid: 93.99%, Test In: 93.95% Test OOD1: 96.76% 
Epoch: 331, Loss: 0.1212, Train: 99.98%, Valid: 93.91%, Test In: 94.07% Test OOD1: 96.78% 
Epoch: 332, Loss: 0.1266, Train: 99.98%, Valid: 93.99%, Test In: 93.95% Test OOD1: 96.78% 
Epoch: 333, Loss: 0.1129, Train: 99.98%, Valid: 93.87%, Test In: 93.99% Test OOD1: 96.74% 
Epoch: 334, Loss: 0.1147, Train: 99.98%, Valid: 93.79%, Test In: 94.03% Test OOD1: 96.76% 
Epoch: 335, Loss: 0.1109, Train: 99.98%, Valid: 93.79%, Test In: 94.07% Test OOD1: 96.78% 
Epoch: 336, Loss: 0.1061, Train: 99.98%, Valid: 93.83%, Test In: 94.11% Test OOD1: 96.80% 
Epoch: 337, Loss: 0.1131, Train: 99.98%, Valid: 93.71%, Test In: 94.15% Test OOD1: 96.81% 
Epoch: 338, Loss: 0.1257, Train: 99.98%, Valid: 93.95%, Test In: 94.11% Test OOD1: 96.81% 
Epoch: 339, Loss: 0.1134, Train: 99.98%, Valid: 93.91%, Test In: 94.03% Test OOD1: 96.85% 
Epoch: 340, Loss: 0.1265, Train: 99.98%, Valid: 93.91%, Test In: 94.07% Test OOD1: 96.79% 
Epoch: 341, Loss: 0.1131, Train: 99.98%, Valid: 93.87%, Test In: 94.07% Test OOD1: 96.77% 
Epoch: 342, Loss: 0.1247, Train: 99.98%, Valid: 93.87%, Test In: 94.07% Test OOD1: 96.78% 
Epoch: 343, Loss: 0.1126, Train: 99.98%, Valid: 93.79%, Test In: 93.95% Test OOD1: 96.80% 
Epoch: 344, Loss: 0.1098, Train: 99.98%, Valid: 93.87%, Test In: 93.99% Test OOD1: 96.85% 
Epoch: 345, Loss: 0.1144, Train: 99.98%, Valid: 93.87%, Test In: 94.15% Test OOD1: 96.88% 
Epoch: 346, Loss: 0.1271, Train: 99.98%, Valid: 93.95%, Test In: 94.15% Test OOD1: 96.89% 
Epoch: 347, Loss: 0.1139, Train: 99.98%, Valid: 93.99%, Test In: 94.15% Test OOD1: 96.86% 
Epoch: 348, Loss: 0.1115, Train: 99.98%, Valid: 94.03%, Test In: 94.15% Test OOD1: 96.83% 
Epoch: 349, Loss: 0.1067, Train: 99.98%, Valid: 93.99%, Test In: 94.15% Test OOD1: 96.85% 
Epoch: 350, Loss: 0.1176, Train: 99.98%, Valid: 93.95%, Test In: 94.03% Test OOD1: 96.83% 
Epoch: 351, Loss: 0.1171, Train: 99.98%, Valid: 93.87%, Test In: 93.99% Test OOD1: 96.82% 
Epoch: 352, Loss: 0.1258, Train: 99.98%, Valid: 94.03%, Test In: 94.07% Test OOD1: 96.80% 
Epoch: 353, Loss: 0.1073, Train: 99.98%, Valid: 94.03%, Test In: 94.07% Test OOD1: 96.78% 
Epoch: 354, Loss: 0.1161, Train: 99.98%, Valid: 94.11%, Test In: 94.03% Test OOD1: 96.77% 
Epoch: 355, Loss: 0.1295, Train: 99.98%, Valid: 94.03%, Test In: 94.03% Test OOD1: 96.75% 
Epoch: 356, Loss: 0.1110, Train: 99.98%, Valid: 93.95%, Test In: 94.03% Test OOD1: 96.75% 
Epoch: 357, Loss: 0.1135, Train: 99.98%, Valid: 93.83%, Test In: 94.11% Test OOD1: 96.75% 
Epoch: 358, Loss: 0.1069, Train: 99.98%, Valid: 93.71%, Test In: 94.11% Test OOD1: 96.80% 
Epoch: 359, Loss: 0.1039, Train: 99.98%, Valid: 93.83%, Test In: 94.07% Test OOD1: 96.83% 
Epoch: 360, Loss: 0.1075, Train: 99.98%, Valid: 93.87%, Test In: 93.87% Test OOD1: 96.81% 
Epoch: 361, Loss: 0.1124, Train: 99.98%, Valid: 94.03%, Test In: 93.87% Test OOD1: 96.82% 
Epoch: 362, Loss: 0.1103, Train: 99.98%, Valid: 93.95%, Test In: 94.11% Test OOD1: 96.86% 
Epoch: 363, Loss: 0.1203, Train: 99.98%, Valid: 93.99%, Test In: 94.15% Test OOD1: 96.86% 
Epoch: 364, Loss: 0.1099, Train: 99.98%, Valid: 93.95%, Test In: 94.23% Test OOD1: 96.85% 
Epoch: 365, Loss: 0.1030, Train: 99.98%, Valid: 94.03%, Test In: 94.07% Test OOD1: 96.81% 
Epoch: 366, Loss: 0.1028, Train: 99.98%, Valid: 93.99%, Test In: 93.95% Test OOD1: 96.81% 
Epoch: 367, Loss: 0.1053, Train: 99.98%, Valid: 93.95%, Test In: 93.95% Test OOD1: 96.80% 
Epoch: 368, Loss: 0.1021, Train: 99.98%, Valid: 93.99%, Test In: 94.07% Test OOD1: 96.83% 
Epoch: 369, Loss: 0.1029, Train: 99.98%, Valid: 93.87%, Test In: 94.07% Test OOD1: 96.81% 
Epoch: 370, Loss: 0.1089, Train: 99.98%, Valid: 93.91%, Test In: 94.15% Test OOD1: 96.79% 
Epoch: 371, Loss: 0.1098, Train: 99.98%, Valid: 93.87%, Test In: 93.99% Test OOD1: 96.77% 
Epoch: 372, Loss: 0.1039, Train: 99.98%, Valid: 93.91%, Test In: 93.99% Test OOD1: 96.77% 
Epoch: 373, Loss: 0.1148, Train: 99.98%, Valid: 93.91%, Test In: 94.03% Test OOD1: 96.78% 
Epoch: 374, Loss: 0.1197, Train: 99.98%, Valid: 93.79%, Test In: 94.03% Test OOD1: 96.87% 
Epoch: 375, Loss: 0.0986, Train: 99.98%, Valid: 93.75%, Test In: 94.23% Test OOD1: 96.90% 
Epoch: 376, Loss: 0.1118, Train: 99.98%, Valid: 93.79%, Test In: 94.07% Test OOD1: 96.87% 
Epoch: 377, Loss: 0.1132, Train: 99.98%, Valid: 93.83%, Test In: 93.99% Test OOD1: 96.80% 
Epoch: 378, Loss: 0.1133, Train: 99.98%, Valid: 93.99%, Test In: 93.87% Test OOD1: 96.78% 
Epoch: 379, Loss: 0.1025, Train: 99.98%, Valid: 94.07%, Test In: 93.87% Test OOD1: 96.75% 
Epoch: 380, Loss: 0.1177, Train: 99.98%, Valid: 93.95%, Test In: 93.87% Test OOD1: 96.75% 
Epoch: 381, Loss: 0.1172, Train: 99.98%, Valid: 93.87%, Test In: 93.99% Test OOD1: 96.77% 
Epoch: 382, Loss: 0.1088, Train: 99.98%, Valid: 93.91%, Test In: 93.99% Test OOD1: 96.77% 
Epoch: 383, Loss: 0.1167, Train: 99.98%, Valid: 93.79%, Test In: 94.07% Test OOD1: 96.77% 
Epoch: 384, Loss: 0.1081, Train: 99.98%, Valid: 93.83%, Test In: 94.11% Test OOD1: 96.72% 
Epoch: 385, Loss: 0.1030, Train: 99.98%, Valid: 93.83%, Test In: 93.99% Test OOD1: 96.72% 
Epoch: 386, Loss: 0.1099, Train: 99.98%, Valid: 93.79%, Test In: 94.11% Test OOD1: 96.81% 
Epoch: 387, Loss: 0.1061, Train: 99.98%, Valid: 93.79%, Test In: 94.03% Test OOD1: 96.86% 
Epoch: 388, Loss: 0.1080, Train: 99.98%, Valid: 93.79%, Test In: 94.15% Test OOD1: 96.83% 
Epoch: 389, Loss: 0.1045, Train: 99.98%, Valid: 93.87%, Test In: 94.03% Test OOD1: 96.83% 
Epoch: 390, Loss: 0.0947, Train: 99.98%, Valid: 93.79%, Test In: 94.03% Test OOD1: 96.83% 
Epoch: 391, Loss: 0.1006, Train: 99.98%, Valid: 93.83%, Test In: 93.99% Test OOD1: 96.84% 
Epoch: 392, Loss: 0.0963, Train: 99.98%, Valid: 93.87%, Test In: 93.99% Test OOD1: 96.83% 
Epoch: 393, Loss: 0.1082, Train: 99.98%, Valid: 93.95%, Test In: 94.03% Test OOD1: 96.82% 
Epoch: 394, Loss: 0.1141, Train: 99.98%, Valid: 94.03%, Test In: 94.07% Test OOD1: 96.80% 
Epoch: 395, Loss: 0.1110, Train: 99.98%, Valid: 93.95%, Test In: 93.99% Test OOD1: 96.75% 
Epoch: 396, Loss: 0.1054, Train: 99.98%, Valid: 93.75%, Test In: 93.99% Test OOD1: 96.78% 
Epoch: 397, Loss: 0.0988, Train: 99.98%, Valid: 93.79%, Test In: 94.11% Test OOD1: 96.79% 
Epoch: 398, Loss: 0.1034, Train: 99.98%, Valid: 93.83%, Test In: 94.07% Test OOD1: 96.76% 
Epoch: 399, Loss: 0.0965, Train: 99.98%, Valid: 93.83%, Test In: 94.03% Test OOD1: 96.77% 
Epoch: 400, Loss: 0.0962, Train: 99.98%, Valid: 93.91%, Test In: 93.99% Test OOD1: 96.76% 
Epoch: 401, Loss: 0.1071, Train: 99.98%, Valid: 93.99%, Test In: 94.11% Test OOD1: 96.78% 
Epoch: 402, Loss: 0.0998, Train: 99.98%, Valid: 93.83%, Test In: 94.11% Test OOD1: 96.76% 
Epoch: 403, Loss: 0.1044, Train: 99.98%, Valid: 93.83%, Test In: 94.03% Test OOD1: 96.78% 
Epoch: 404, Loss: 0.1068, Train: 99.98%, Valid: 93.95%, Test In: 94.03% Test OOD1: 96.73% 
Epoch: 405, Loss: 0.0999, Train: 99.98%, Valid: 93.95%, Test In: 94.03% Test OOD1: 96.74% 
Epoch: 406, Loss: 0.1055, Train: 99.98%, Valid: 93.91%, Test In: 94.15% Test OOD1: 96.75% 
Epoch: 407, Loss: 0.0926, Train: 99.98%, Valid: 93.71%, Test In: 94.03% Test OOD1: 96.79% 
Epoch: 408, Loss: 0.0957, Train: 99.98%, Valid: 93.71%, Test In: 94.07% Test OOD1: 96.78% 
Epoch: 409, Loss: 0.0990, Train: 99.98%, Valid: 93.75%, Test In: 94.07% Test OOD1: 96.79% 
Epoch: 410, Loss: 0.1094, Train: 99.98%, Valid: 93.71%, Test In: 94.03% Test OOD1: 96.81% 
Epoch: 411, Loss: 0.1036, Train: 99.98%, Valid: 93.87%, Test In: 94.11% Test OOD1: 96.75% 
Epoch: 412, Loss: 0.1023, Train: 99.98%, Valid: 93.87%, Test In: 94.07% Test OOD1: 96.76% 
Epoch: 413, Loss: 0.0972, Train: 99.98%, Valid: 93.75%, Test In: 93.99% Test OOD1: 96.77% 
Epoch: 414, Loss: 0.1008, Train: 99.98%, Valid: 93.79%, Test In: 94.07% Test OOD1: 96.83% 
Epoch: 415, Loss: 0.1042, Train: 99.98%, Valid: 93.87%, Test In: 94.19% Test OOD1: 96.80% 
Epoch: 416, Loss: 0.0966, Train: 99.98%, Valid: 93.87%, Test In: 94.23% Test OOD1: 96.81% 
Epoch: 417, Loss: 0.0983, Train: 99.98%, Valid: 93.99%, Test In: 94.23% Test OOD1: 96.80% 
Epoch: 418, Loss: 0.0950, Train: 99.98%, Valid: 94.03%, Test In: 94.23% Test OOD1: 96.80% 
Epoch: 419, Loss: 0.0944, Train: 99.98%, Valid: 94.03%, Test In: 94.27% Test OOD1: 96.84% 
Epoch: 420, Loss: 0.0936, Train: 99.98%, Valid: 93.99%, Test In: 94.19% Test OOD1: 96.83% 
Epoch: 421, Loss: 0.0890, Train: 99.98%, Valid: 94.03%, Test In: 94.15% Test OOD1: 96.83% 
Epoch: 422, Loss: 0.1034, Train: 99.98%, Valid: 94.07%, Test In: 94.15% Test OOD1: 96.83% 
Epoch: 423, Loss: 0.0939, Train: 99.98%, Valid: 93.95%, Test In: 93.95% Test OOD1: 96.86% 
Epoch: 424, Loss: 0.1101, Train: 99.98%, Valid: 93.87%, Test In: 93.95% Test OOD1: 96.85% 
Epoch: 425, Loss: 0.1000, Train: 99.98%, Valid: 93.91%, Test In: 94.11% Test OOD1: 96.88% 
Epoch: 426, Loss: 0.1045, Train: 99.98%, Valid: 93.99%, Test In: 94.19% Test OOD1: 96.82% 
Epoch: 427, Loss: 0.1090, Train: 99.98%, Valid: 94.03%, Test In: 94.19% Test OOD1: 96.83% 
Epoch: 428, Loss: 0.0938, Train: 99.98%, Valid: 93.99%, Test In: 94.11% Test OOD1: 96.83% 
Epoch: 429, Loss: 0.1054, Train: 99.98%, Valid: 93.95%, Test In: 94.19% Test OOD1: 96.84% 
Epoch: 430, Loss: 0.0939, Train: 99.98%, Valid: 93.83%, Test In: 94.23% Test OOD1: 96.83% 
Epoch: 431, Loss: 0.0999, Train: 99.98%, Valid: 93.79%, Test In: 94.07% Test OOD1: 96.85% 
Epoch: 432, Loss: 0.1003, Train: 99.98%, Valid: 93.87%, Test In: 94.11% Test OOD1: 96.84% 
Epoch: 433, Loss: 0.1033, Train: 99.98%, Valid: 93.91%, Test In: 94.23% Test OOD1: 96.81% 
Epoch: 434, Loss: 0.0948, Train: 99.98%, Valid: 93.83%, Test In: 94.11% Test OOD1: 96.80% 
Epoch: 435, Loss: 0.0996, Train: 99.98%, Valid: 93.75%, Test In: 94.03% Test OOD1: 96.81% 
Epoch: 436, Loss: 0.1009, Train: 99.98%, Valid: 93.75%, Test In: 93.99% Test OOD1: 96.81% 
Epoch: 437, Loss: 0.1022, Train: 99.98%, Valid: 93.87%, Test In: 94.23% Test OOD1: 96.80% 
Epoch: 438, Loss: 0.0917, Train: 99.98%, Valid: 93.87%, Test In: 94.27% Test OOD1: 96.85% 
Epoch: 439, Loss: 0.0989, Train: 99.98%, Valid: 93.83%, Test In: 94.23% Test OOD1: 96.88% 
Epoch: 440, Loss: 0.1080, Train: 99.98%, Valid: 93.99%, Test In: 94.15% Test OOD1: 96.86% 
Epoch: 441, Loss: 0.0989, Train: 99.98%, Valid: 93.95%, Test In: 94.07% Test OOD1: 96.84% 
Epoch: 442, Loss: 0.0946, Train: 99.98%, Valid: 93.95%, Test In: 94.07% Test OOD1: 96.86% 
Epoch: 443, Loss: 0.1109, Train: 99.98%, Valid: 93.87%, Test In: 93.95% Test OOD1: 96.86% 
Epoch: 444, Loss: 0.0990, Train: 99.98%, Valid: 93.95%, Test In: 94.19% Test OOD1: 96.86% 
Epoch: 445, Loss: 0.0876, Train: 99.98%, Valid: 93.99%, Test In: 94.15% Test OOD1: 96.85% 
Epoch: 446, Loss: 0.0962, Train: 99.98%, Valid: 93.91%, Test In: 94.07% Test OOD1: 96.83% 
Epoch: 447, Loss: 0.0901, Train: 99.98%, Valid: 93.91%, Test In: 93.99% Test OOD1: 96.75% 
Epoch: 448, Loss: 0.0907, Train: 99.98%, Valid: 93.87%, Test In: 93.99% Test OOD1: 96.75% 
Epoch: 449, Loss: 0.1054, Train: 99.98%, Valid: 93.87%, Test In: 94.03% Test OOD1: 96.75% 
Epoch: 450, Loss: 0.0935, Train: 99.98%, Valid: 93.87%, Test In: 94.19% Test OOD1: 96.84% 
Epoch: 451, Loss: 0.0935, Train: 99.98%, Valid: 93.95%, Test In: 94.31% Test OOD1: 96.86% 
Epoch: 452, Loss: 0.1022, Train: 99.98%, Valid: 93.91%, Test In: 94.23% Test OOD1: 96.83% 
Epoch: 453, Loss: 0.0958, Train: 99.98%, Valid: 93.87%, Test In: 94.23% Test OOD1: 96.82% 
Epoch: 454, Loss: 0.0993, Train: 99.98%, Valid: 93.99%, Test In: 94.15% Test OOD1: 96.78% 
Epoch: 455, Loss: 0.1073, Train: 99.98%, Valid: 93.99%, Test In: 94.19% Test OOD1: 96.78% 
Epoch: 456, Loss: 0.1048, Train: 99.98%, Valid: 93.87%, Test In: 94.15% Test OOD1: 96.80% 
Epoch: 457, Loss: 0.0993, Train: 99.98%, Valid: 93.87%, Test In: 94.15% Test OOD1: 96.84% 
Epoch: 458, Loss: 0.1046, Train: 99.98%, Valid: 93.91%, Test In: 94.19% Test OOD1: 96.84% 
Epoch: 459, Loss: 0.1122, Train: 99.98%, Valid: 93.79%, Test In: 94.19% Test OOD1: 96.85% 
Epoch: 460, Loss: 0.1060, Train: 99.98%, Valid: 93.87%, Test In: 94.15% Test OOD1: 96.81% 
Epoch: 461, Loss: 0.1009, Train: 99.98%, Valid: 94.03%, Test In: 94.11% Test OOD1: 96.83% 
Epoch: 462, Loss: 0.1058, Train: 99.98%, Valid: 94.07%, Test In: 94.19% Test OOD1: 96.80% 
Epoch: 463, Loss: 0.0951, Train: 99.98%, Valid: 94.07%, Test In: 94.11% Test OOD1: 96.81% 
Epoch: 464, Loss: 0.0902, Train: 99.98%, Valid: 94.15%, Test In: 94.11% Test OOD1: 96.78% 
Epoch: 465, Loss: 0.0912, Train: 99.98%, Valid: 94.03%, Test In: 94.11% Test OOD1: 96.83% 
Epoch: 466, Loss: 0.0958, Train: 99.98%, Valid: 94.11%, Test In: 94.19% Test OOD1: 96.82% 
Epoch: 467, Loss: 0.1028, Train: 99.98%, Valid: 94.11%, Test In: 94.19% Test OOD1: 96.80% 
Epoch: 468, Loss: 0.0949, Train: 99.98%, Valid: 94.11%, Test In: 94.23% Test OOD1: 96.79% 
Epoch: 469, Loss: 0.1144, Train: 99.98%, Valid: 94.11%, Test In: 94.15% Test OOD1: 96.84% 
Epoch: 470, Loss: 0.0979, Train: 99.98%, Valid: 93.99%, Test In: 94.11% Test OOD1: 96.87% 
Epoch: 471, Loss: 0.1112, Train: 99.98%, Valid: 93.99%, Test In: 94.39% Test OOD1: 96.89% 
Epoch: 472, Loss: 0.1028, Train: 99.98%, Valid: 93.87%, Test In: 94.35% Test OOD1: 96.88% 
Epoch: 473, Loss: 0.0998, Train: 99.98%, Valid: 93.99%, Test In: 94.39% Test OOD1: 96.86% 
Epoch: 474, Loss: 0.0995, Train: 99.98%, Valid: 93.95%, Test In: 94.27% Test OOD1: 96.84% 
Epoch: 475, Loss: 0.0974, Train: 99.98%, Valid: 93.95%, Test In: 94.23% Test OOD1: 96.77% 
Epoch: 476, Loss: 0.0990, Train: 99.98%, Valid: 93.99%, Test In: 94.15% Test OOD1: 96.84% 
Epoch: 477, Loss: 0.1037, Train: 99.98%, Valid: 94.03%, Test In: 94.19% Test OOD1: 96.89% 
Epoch: 478, Loss: 0.1027, Train: 99.98%, Valid: 93.95%, Test In: 94.19% Test OOD1: 96.93% 
Epoch: 479, Loss: 0.0905, Train: 99.98%, Valid: 94.11%, Test In: 94.23% Test OOD1: 96.96% 
Epoch: 480, Loss: 0.0944, Train: 99.98%, Valid: 94.19%, Test In: 94.19% Test OOD1: 96.88% 
Epoch: 481, Loss: 0.1017, Train: 99.98%, Valid: 94.11%, Test In: 94.19% Test OOD1: 96.88% 
Epoch: 482, Loss: 0.0906, Train: 99.98%, Valid: 94.11%, Test In: 94.07% Test OOD1: 96.88% 
Epoch: 483, Loss: 0.0872, Train: 99.98%, Valid: 93.99%, Test In: 94.07% Test OOD1: 96.92% 
Epoch: 484, Loss: 0.0926, Train: 99.98%, Valid: 93.91%, Test In: 94.15% Test OOD1: 96.93% 
Epoch: 485, Loss: 0.0898, Train: 99.98%, Valid: 93.91%, Test In: 94.23% Test OOD1: 96.90% 
Epoch: 486, Loss: 0.0973, Train: 99.98%, Valid: 93.99%, Test In: 94.19% Test OOD1: 96.87% 
Epoch: 487, Loss: 0.1051, Train: 99.98%, Valid: 93.99%, Test In: 94.23% Test OOD1: 96.88% 
Epoch: 488, Loss: 0.0914, Train: 99.98%, Valid: 94.07%, Test In: 94.35% Test OOD1: 96.94% 
Epoch: 489, Loss: 0.0921, Train: 99.98%, Valid: 93.91%, Test In: 94.15% Test OOD1: 96.93% 
Epoch: 490, Loss: 0.0873, Train: 99.98%, Valid: 93.87%, Test In: 94.15% Test OOD1: 96.89% 
Epoch: 491, Loss: 0.0975, Train: 99.98%, Valid: 93.95%, Test In: 94.19% Test OOD1: 96.89% 
Epoch: 492, Loss: 0.0910, Train: 99.98%, Valid: 93.91%, Test In: 94.11% Test OOD1: 96.86% 
Epoch: 493, Loss: 0.0930, Train: 99.98%, Valid: 94.07%, Test In: 94.19% Test OOD1: 96.87% 
Epoch: 494, Loss: 0.0909, Train: 99.98%, Valid: 94.11%, Test In: 94.31% Test OOD1: 96.88% 
Epoch: 495, Loss: 0.0906, Train: 99.98%, Valid: 93.87%, Test In: 94.27% Test OOD1: 96.84% 
Epoch: 496, Loss: 0.0979, Train: 99.98%, Valid: 93.87%, Test In: 94.19% Test OOD1: 96.82% 
Epoch: 497, Loss: 0.0956, Train: 99.98%, Valid: 94.03%, Test In: 94.19% Test OOD1: 96.85% 
Epoch: 498, Loss: 0.0905, Train: 99.98%, Valid: 94.07%, Test In: 94.23% Test OOD1: 96.83% 
Epoch: 499, Loss: 0.0948, Train: 99.98%, Valid: 94.07%, Test In: 94.11% Test OOD1: 96.84% 
Run 01:
Highest Train: 100.00
Highest Valid: 94.19
Highest In Test: 94.39
Highest OOD Test: 96.96
Chosen epoch: 481
Final Train: 99.98
Final In Test: 94.19
Final OOD Test: 96.88
Epoch: 00, Loss: 8.0571, Train: 26.91%, Valid: 27.90%, Test In: 25.84% Test OOD1: 26.40% 
Epoch: 01, Loss: 8.0232, Train: 41.30%, Valid: 41.36%, Test In: 40.18% Test OOD1: 48.28% 
Epoch: 02, Loss: 7.9799, Train: 30.96%, Valid: 30.62%, Test In: 29.53% Test OOD1: 45.97% 
Epoch: 03, Loss: 7.9198, Train: 28.04%, Valid: 27.70%, Test In: 27.52% Test OOD1: 41.88% 
Epoch: 04, Loss: 7.8439, Train: 28.96%, Valid: 28.50%, Test In: 29.05% Test OOD1: 43.88% 
Epoch: 05, Loss: 7.7552, Train: 34.31%, Valid: 33.23%, Test In: 34.17% Test OOD1: 44.51% 
Epoch: 06, Loss: 7.6579, Train: 38.92%, Valid: 36.91%, Test In: 38.14% Test OOD1: 44.92% 
Epoch: 07, Loss: 7.5484, Train: 42.65%, Valid: 40.52%, Test In: 41.91% Test OOD1: 46.94% 
Epoch: 08, Loss: 7.4255, Train: 47.70%, Valid: 44.49%, Test In: 46.63% Test OOD1: 49.96% 
Epoch: 09, Loss: 7.2967, Train: 55.13%, Valid: 52.46%, Test In: 54.21% Test OOD1: 53.15% 
Epoch: 10, Loss: 7.1373, Train: 60.78%, Valid: 58.00%, Test In: 59.66% Test OOD1: 55.60% 
Epoch: 11, Loss: 6.9689, Train: 63.59%, Valid: 60.92%, Test In: 62.50% Test OOD1: 56.93% 
Epoch: 12, Loss: 6.7877, Train: 66.33%, Valid: 62.65%, Test In: 64.62% Test OOD1: 57.25% 
Epoch: 13, Loss: 6.5968, Train: 68.82%, Valid: 65.93%, Test In: 66.67% Test OOD1: 57.33% 
Epoch: 14, Loss: 6.3887, Train: 71.34%, Valid: 68.26%, Test In: 69.43% Test OOD1: 57.11% 
Epoch: 15, Loss: 6.1485, Train: 73.61%, Valid: 70.82%, Test In: 72.08% Test OOD1: 57.14% 
Epoch: 16, Loss: 5.9134, Train: 75.57%, Valid: 72.79%, Test In: 74.20% Test OOD1: 57.81% 
Epoch: 17, Loss: 5.6525, Train: 76.87%, Valid: 74.19%, Test In: 75.44% Test OOD1: 58.26% 
Epoch: 18, Loss: 5.4192, Train: 78.16%, Valid: 75.07%, Test In: 76.68% Test OOD1: 59.00% 
Epoch: 19, Loss: 5.1556, Train: 79.12%, Valid: 76.39%, Test In: 77.76% Test OOD1: 59.97% 
Epoch: 20, Loss: 4.9637, Train: 79.84%, Valid: 77.11%, Test In: 78.73% Test OOD1: 61.27% 
Epoch: 21, Loss: 4.7255, Train: 80.38%, Valid: 77.88%, Test In: 79.25% Test OOD1: 62.24% 
Epoch: 22, Loss: 4.5510, Train: 80.80%, Valid: 78.68%, Test In: 80.05% Test OOD1: 63.45% 
Epoch: 23, Loss: 4.3657, Train: 81.18%, Valid: 79.12%, Test In: 80.25% Test OOD1: 64.25% 
Epoch: 24, Loss: 4.1385, Train: 81.32%, Valid: 79.36%, Test In: 80.57% Test OOD1: 65.07% 
Epoch: 25, Loss: 3.9736, Train: 81.58%, Valid: 79.52%, Test In: 80.73% Test OOD1: 66.28% 
Epoch: 26, Loss: 3.8629, Train: 81.74%, Valid: 79.68%, Test In: 80.93% Test OOD1: 67.02% 
Epoch: 27, Loss: 3.7252, Train: 81.82%, Valid: 79.56%, Test In: 81.05% Test OOD1: 67.50% 
Epoch: 28, Loss: 3.6239, Train: 82.02%, Valid: 79.80%, Test In: 80.97% Test OOD1: 68.14% 
Epoch: 29, Loss: 3.4884, Train: 82.04%, Valid: 79.84%, Test In: 81.09% Test OOD1: 68.72% 
Epoch: 30, Loss: 3.4277, Train: 82.24%, Valid: 80.12%, Test In: 81.29% Test OOD1: 69.04% 
Epoch: 31, Loss: 3.3188, Train: 82.55%, Valid: 80.52%, Test In: 81.37% Test OOD1: 69.47% 
Epoch: 32, Loss: 3.2390, Train: 83.09%, Valid: 80.92%, Test In: 81.57% Test OOD1: 69.96% 
Epoch: 33, Loss: 3.1461, Train: 83.33%, Valid: 81.08%, Test In: 81.97% Test OOD1: 70.08% 
Epoch: 34, Loss: 3.0908, Train: 83.61%, Valid: 81.40%, Test In: 82.05% Test OOD1: 70.21% 
Epoch: 35, Loss: 3.0108, Train: 83.81%, Valid: 81.32%, Test In: 82.09% Test OOD1: 70.62% 
Epoch: 36, Loss: 2.9700, Train: 83.89%, Valid: 81.40%, Test In: 82.17% Test OOD1: 70.90% 
Epoch: 37, Loss: 2.8579, Train: 84.17%, Valid: 81.44%, Test In: 82.05% Test OOD1: 71.15% 
Epoch: 38, Loss: 2.8179, Train: 84.49%, Valid: 81.52%, Test In: 82.49% Test OOD1: 71.40% 
Epoch: 39, Loss: 2.7804, Train: 85.01%, Valid: 81.72%, Test In: 82.69% Test OOD1: 71.49% 
Epoch: 40, Loss: 2.7043, Train: 85.43%, Valid: 81.64%, Test In: 82.93% Test OOD1: 72.15% 
Epoch: 41, Loss: 2.7051, Train: 85.61%, Valid: 81.60%, Test In: 82.97% Test OOD1: 72.65% 
Epoch: 42, Loss: 2.6203, Train: 85.75%, Valid: 81.36%, Test In: 83.09% Test OOD1: 73.01% 
Epoch: 43, Loss: 2.5568, Train: 86.25%, Valid: 81.60%, Test In: 83.29% Test OOD1: 73.28% 
Epoch: 44, Loss: 2.5041, Train: 86.89%, Valid: 81.76%, Test In: 83.77% Test OOD1: 73.51% 
Epoch: 45, Loss: 2.4209, Train: 87.09%, Valid: 82.04%, Test In: 83.85% Test OOD1: 73.44% 
Epoch: 46, Loss: 2.3956, Train: 87.41%, Valid: 81.88%, Test In: 83.85% Test OOD1: 73.65% 
Epoch: 47, Loss: 2.3568, Train: 87.80%, Valid: 82.12%, Test In: 83.89% Test OOD1: 73.87% 
Epoch: 48, Loss: 2.3326, Train: 88.00%, Valid: 82.36%, Test In: 84.29% Test OOD1: 74.30% 
Epoch: 49, Loss: 2.2893, Train: 88.30%, Valid: 82.53%, Test In: 84.62% Test OOD1: 74.97% 
Epoch: 50, Loss: 2.2377, Train: 88.66%, Valid: 82.65%, Test In: 84.70% Test OOD1: 75.29% 
Epoch: 51, Loss: 2.1861, Train: 88.88%, Valid: 82.69%, Test In: 84.90% Test OOD1: 75.61% 
Epoch: 52, Loss: 2.1584, Train: 89.06%, Valid: 82.97%, Test In: 84.98% Test OOD1: 75.76% 
Epoch: 53, Loss: 2.1358, Train: 89.36%, Valid: 83.21%, Test In: 85.22% Test OOD1: 76.22% 
Epoch: 54, Loss: 2.0766, Train: 89.86%, Valid: 83.45%, Test In: 85.46% Test OOD1: 76.74% 
Epoch: 55, Loss: 2.0336, Train: 90.00%, Valid: 83.41%, Test In: 85.46% Test OOD1: 77.43% 
Epoch: 56, Loss: 1.9998, Train: 90.04%, Valid: 83.53%, Test In: 85.50% Test OOD1: 77.95% 
Epoch: 57, Loss: 1.9519, Train: 90.18%, Valid: 83.73%, Test In: 85.46% Test OOD1: 78.38% 
Epoch: 58, Loss: 1.9137, Train: 90.54%, Valid: 83.81%, Test In: 85.58% Test OOD1: 78.61% 
Epoch: 59, Loss: 1.8533, Train: 90.78%, Valid: 84.01%, Test In: 85.58% Test OOD1: 78.82% 
Epoch: 60, Loss: 1.8531, Train: 90.98%, Valid: 84.21%, Test In: 85.90% Test OOD1: 79.05% 
Epoch: 61, Loss: 1.8340, Train: 91.30%, Valid: 84.25%, Test In: 85.90% Test OOD1: 79.38% 
Epoch: 62, Loss: 1.7960, Train: 91.70%, Valid: 84.21%, Test In: 85.42% Test OOD1: 79.90% 
Epoch: 63, Loss: 1.7320, Train: 92.02%, Valid: 84.25%, Test In: 85.74% Test OOD1: 80.48% 
Epoch: 64, Loss: 1.7053, Train: 92.26%, Valid: 84.37%, Test In: 85.74% Test OOD1: 80.88% 
Epoch: 65, Loss: 1.6566, Train: 92.57%, Valid: 84.61%, Test In: 85.78% Test OOD1: 81.27% 
Epoch: 66, Loss: 1.6304, Train: 92.87%, Valid: 84.93%, Test In: 85.94% Test OOD1: 81.45% 
Epoch: 67, Loss: 1.5966, Train: 93.21%, Valid: 84.77%, Test In: 86.38% Test OOD1: 81.70% 
Epoch: 68, Loss: 1.5579, Train: 93.47%, Valid: 84.97%, Test In: 86.34% Test OOD1: 82.06% 
Epoch: 69, Loss: 1.5038, Train: 93.71%, Valid: 85.21%, Test In: 86.42% Test OOD1: 82.37% 
Epoch: 70, Loss: 1.4912, Train: 93.73%, Valid: 85.53%, Test In: 86.38% Test OOD1: 82.71% 
Epoch: 71, Loss: 1.4481, Train: 93.93%, Valid: 85.49%, Test In: 86.50% Test OOD1: 83.10% 
Epoch: 72, Loss: 1.4569, Train: 94.15%, Valid: 85.73%, Test In: 86.66% Test OOD1: 83.41% 
Epoch: 73, Loss: 1.3936, Train: 94.35%, Valid: 86.17%, Test In: 86.94% Test OOD1: 83.81% 
Epoch: 74, Loss: 1.3594, Train: 94.61%, Valid: 86.17%, Test In: 86.94% Test OOD1: 84.31% 
Epoch: 75, Loss: 1.3221, Train: 94.75%, Valid: 86.09%, Test In: 86.82% Test OOD1: 84.77% 
Epoch: 76, Loss: 1.3266, Train: 94.99%, Valid: 86.21%, Test In: 86.86% Test OOD1: 84.95% 
Epoch: 77, Loss: 1.3159, Train: 95.29%, Valid: 86.61%, Test In: 87.02% Test OOD1: 85.18% 
Epoch: 78, Loss: 1.2662, Train: 95.49%, Valid: 86.93%, Test In: 87.26% Test OOD1: 85.43% 
Epoch: 79, Loss: 1.2204, Train: 95.65%, Valid: 86.85%, Test In: 87.22% Test OOD1: 85.79% 
Epoch: 80, Loss: 1.2193, Train: 95.81%, Valid: 87.33%, Test In: 87.66% Test OOD1: 85.99% 
Epoch: 81, Loss: 1.1776, Train: 95.91%, Valid: 87.17%, Test In: 87.58% Test OOD1: 86.32% 
Epoch: 82, Loss: 1.1670, Train: 96.01%, Valid: 87.58%, Test In: 87.74% Test OOD1: 86.50% 
Epoch: 83, Loss: 1.1530, Train: 96.17%, Valid: 87.74%, Test In: 87.90% Test OOD1: 86.68% 
Epoch: 84, Loss: 1.1523, Train: 96.51%, Valid: 87.94%, Test In: 88.26% Test OOD1: 87.03% 
Epoch: 85, Loss: 1.0982, Train: 96.63%, Valid: 88.06%, Test In: 88.34% Test OOD1: 87.35% 
Epoch: 86, Loss: 1.0889, Train: 96.81%, Valid: 88.10%, Test In: 88.66% Test OOD1: 87.58% 
Epoch: 87, Loss: 1.0797, Train: 96.87%, Valid: 88.26%, Test In: 88.66% Test OOD1: 87.89% 
Epoch: 88, Loss: 1.0223, Train: 97.03%, Valid: 88.54%, Test In: 88.86% Test OOD1: 88.21% 
Epoch: 89, Loss: 1.0126, Train: 97.15%, Valid: 88.66%, Test In: 89.10% Test OOD1: 88.88% 
Epoch: 90, Loss: 1.0086, Train: 97.21%, Valid: 88.30%, Test In: 89.38% Test OOD1: 89.19% 
Epoch: 91, Loss: 0.9618, Train: 97.21%, Valid: 88.58%, Test In: 89.46% Test OOD1: 89.51% 
Epoch: 92, Loss: 0.9675, Train: 97.45%, Valid: 88.98%, Test In: 89.50% Test OOD1: 89.66% 
Epoch: 93, Loss: 0.9434, Train: 97.68%, Valid: 89.42%, Test In: 89.54% Test OOD1: 89.64% 
Epoch: 94, Loss: 0.9058, Train: 97.70%, Valid: 89.34%, Test In: 89.66% Test OOD1: 89.76% 
Epoch: 95, Loss: 0.8927, Train: 97.74%, Valid: 89.42%, Test In: 89.66% Test OOD1: 90.07% 
Epoch: 96, Loss: 0.8660, Train: 97.82%, Valid: 89.18%, Test In: 89.86% Test OOD1: 90.38% 
Epoch: 97, Loss: 0.8739, Train: 98.02%, Valid: 89.22%, Test In: 90.14% Test OOD1: 90.77% 
Epoch: 98, Loss: 0.8217, Train: 98.30%, Valid: 89.82%, Test In: 89.94% Test OOD1: 90.84% 
Epoch: 99, Loss: 0.8320, Train: 98.52%, Valid: 89.74%, Test In: 89.90% Test OOD1: 90.93% 
Epoch: 100, Loss: 0.8346, Train: 98.50%, Valid: 89.78%, Test In: 90.38% Test OOD1: 91.10% 
Epoch: 101, Loss: 0.7877, Train: 98.40%, Valid: 89.78%, Test In: 90.22% Test OOD1: 91.20% 
Epoch: 102, Loss: 0.7826, Train: 98.58%, Valid: 89.98%, Test In: 90.38% Test OOD1: 91.47% 
Epoch: 103, Loss: 0.7653, Train: 98.78%, Valid: 90.06%, Test In: 90.46% Test OOD1: 91.61% 
Epoch: 104, Loss: 0.7696, Train: 98.86%, Valid: 90.18%, Test In: 90.54% Test OOD1: 91.77% 
Epoch: 105, Loss: 0.7254, Train: 98.90%, Valid: 90.38%, Test In: 90.71% Test OOD1: 91.93% 
Epoch: 106, Loss: 0.7320, Train: 98.98%, Valid: 90.34%, Test In: 90.87% Test OOD1: 92.19% 
Epoch: 107, Loss: 0.7063, Train: 98.98%, Valid: 90.26%, Test In: 91.15% Test OOD1: 92.26% 
Epoch: 108, Loss: 0.6987, Train: 99.08%, Valid: 90.58%, Test In: 91.31% Test OOD1: 92.48% 
Epoch: 109, Loss: 0.6732, Train: 99.08%, Valid: 90.74%, Test In: 91.35% Test OOD1: 92.68% 
Epoch: 110, Loss: 0.6756, Train: 99.12%, Valid: 90.90%, Test In: 91.27% Test OOD1: 92.81% 
Epoch: 111, Loss: 0.6448, Train: 99.18%, Valid: 90.94%, Test In: 91.43% Test OOD1: 92.93% 
Epoch: 112, Loss: 0.6281, Train: 99.24%, Valid: 90.98%, Test In: 91.59% Test OOD1: 92.99% 
Epoch: 113, Loss: 0.6212, Train: 99.34%, Valid: 91.18%, Test In: 91.63% Test OOD1: 93.10% 
Epoch: 114, Loss: 0.6301, Train: 99.40%, Valid: 91.30%, Test In: 91.63% Test OOD1: 93.21% 
Epoch: 115, Loss: 0.5735, Train: 99.38%, Valid: 91.26%, Test In: 91.83% Test OOD1: 93.42% 
Epoch: 116, Loss: 0.5891, Train: 99.42%, Valid: 91.34%, Test In: 91.79% Test OOD1: 93.40% 
Epoch: 117, Loss: 0.5699, Train: 99.44%, Valid: 91.42%, Test In: 91.95% Test OOD1: 93.48% 
Epoch: 118, Loss: 0.5588, Train: 99.52%, Valid: 91.86%, Test In: 92.03% Test OOD1: 93.60% 
Epoch: 119, Loss: 0.5523, Train: 99.58%, Valid: 91.86%, Test In: 91.87% Test OOD1: 93.85% 
Epoch: 120, Loss: 0.5549, Train: 99.58%, Valid: 91.90%, Test In: 91.95% Test OOD1: 94.11% 
Epoch: 121, Loss: 0.5174, Train: 99.62%, Valid: 91.82%, Test In: 91.99% Test OOD1: 94.23% 
Epoch: 122, Loss: 0.4947, Train: 99.60%, Valid: 91.90%, Test In: 92.23% Test OOD1: 94.39% 
Epoch: 123, Loss: 0.4905, Train: 99.64%, Valid: 92.02%, Test In: 92.43% Test OOD1: 94.55% 
Epoch: 124, Loss: 0.4976, Train: 99.70%, Valid: 92.22%, Test In: 92.51% Test OOD1: 94.62% 
Epoch: 125, Loss: 0.4857, Train: 99.72%, Valid: 92.30%, Test In: 92.55% Test OOD1: 94.64% 
Epoch: 126, Loss: 0.5012, Train: 99.74%, Valid: 92.59%, Test In: 92.55% Test OOD1: 94.70% 
Epoch: 127, Loss: 0.4515, Train: 99.80%, Valid: 92.51%, Test In: 92.59% Test OOD1: 94.69% 
Epoch: 128, Loss: 0.4629, Train: 99.78%, Valid: 92.46%, Test In: 92.75% Test OOD1: 94.73% 
Epoch: 129, Loss: 0.4660, Train: 99.78%, Valid: 92.42%, Test In: 92.67% Test OOD1: 94.85% 
Epoch: 130, Loss: 0.4506, Train: 99.78%, Valid: 92.51%, Test In: 92.75% Test OOD1: 94.95% 
Epoch: 131, Loss: 0.4188, Train: 99.78%, Valid: 92.67%, Test In: 92.83% Test OOD1: 95.06% 
Epoch: 132, Loss: 0.4360, Train: 99.86%, Valid: 92.67%, Test In: 92.75% Test OOD1: 95.18% 
Epoch: 133, Loss: 0.4018, Train: 99.86%, Valid: 92.83%, Test In: 92.83% Test OOD1: 95.21% 
Epoch: 134, Loss: 0.4151, Train: 99.90%, Valid: 92.99%, Test In: 93.07% Test OOD1: 95.19% 
Epoch: 135, Loss: 0.3828, Train: 99.88%, Valid: 93.07%, Test In: 93.11% Test OOD1: 95.18% 
Epoch: 136, Loss: 0.4016, Train: 99.88%, Valid: 92.91%, Test In: 93.03% Test OOD1: 95.31% 
Epoch: 137, Loss: 0.3831, Train: 99.90%, Valid: 93.07%, Test In: 93.03% Test OOD1: 95.31% 
Epoch: 138, Loss: 0.3803, Train: 99.92%, Valid: 93.15%, Test In: 93.03% Test OOD1: 95.48% 
Epoch: 139, Loss: 0.3788, Train: 99.92%, Valid: 93.07%, Test In: 93.11% Test OOD1: 95.62% 
Epoch: 140, Loss: 0.3828, Train: 99.92%, Valid: 93.07%, Test In: 93.11% Test OOD1: 95.67% 
Epoch: 141, Loss: 0.3534, Train: 99.96%, Valid: 93.19%, Test In: 93.35% Test OOD1: 95.62% 
Epoch: 142, Loss: 0.3567, Train: 99.96%, Valid: 93.07%, Test In: 93.39% Test OOD1: 95.57% 
Epoch: 143, Loss: 0.3470, Train: 99.94%, Valid: 93.15%, Test In: 93.47% Test OOD1: 95.57% 
Epoch: 144, Loss: 0.3534, Train: 99.92%, Valid: 93.15%, Test In: 93.43% Test OOD1: 95.58% 
Epoch: 145, Loss: 0.3425, Train: 99.96%, Valid: 93.27%, Test In: 93.39% Test OOD1: 95.58% 
Epoch: 146, Loss: 0.3419, Train: 99.96%, Valid: 93.23%, Test In: 93.35% Test OOD1: 95.66% 
Epoch: 147, Loss: 0.3293, Train: 99.94%, Valid: 93.23%, Test In: 93.31% Test OOD1: 95.76% 
Epoch: 148, Loss: 0.3185, Train: 99.94%, Valid: 93.23%, Test In: 93.23% Test OOD1: 95.78% 
Epoch: 149, Loss: 0.3203, Train: 99.96%, Valid: 93.15%, Test In: 93.19% Test OOD1: 95.77% 
Epoch: 150, Loss: 0.3413, Train: 99.96%, Valid: 93.15%, Test In: 93.35% Test OOD1: 95.75% 
Epoch: 151, Loss: 0.3062, Train: 99.96%, Valid: 93.19%, Test In: 93.35% Test OOD1: 95.78% 
Epoch: 152, Loss: 0.3239, Train: 99.94%, Valid: 93.19%, Test In: 93.35% Test OOD1: 95.86% 
Epoch: 153, Loss: 0.3290, Train: 99.98%, Valid: 93.23%, Test In: 93.31% Test OOD1: 95.96% 
Epoch: 154, Loss: 0.3148, Train: 99.98%, Valid: 93.19%, Test In: 93.43% Test OOD1: 96.00% 
Epoch: 155, Loss: 0.3001, Train: 99.96%, Valid: 93.27%, Test In: 93.35% Test OOD1: 96.05% 
Epoch: 156, Loss: 0.3133, Train: 99.96%, Valid: 93.31%, Test In: 93.31% Test OOD1: 96.12% 
Epoch: 157, Loss: 0.2909, Train: 99.96%, Valid: 93.35%, Test In: 93.35% Test OOD1: 96.15% 
Epoch: 158, Loss: 0.2830, Train: 99.96%, Valid: 93.51%, Test In: 93.51% Test OOD1: 96.13% 
Epoch: 159, Loss: 0.3009, Train: 99.96%, Valid: 93.55%, Test In: 93.67% Test OOD1: 96.08% 
Epoch: 160, Loss: 0.2903, Train: 99.98%, Valid: 93.59%, Test In: 93.75% Test OOD1: 96.11% 
Epoch: 161, Loss: 0.2795, Train: 99.98%, Valid: 93.59%, Test In: 93.63% Test OOD1: 96.16% 
Epoch: 162, Loss: 0.2579, Train: 99.98%, Valid: 93.59%, Test In: 93.63% Test OOD1: 96.19% 
Epoch: 163, Loss: 0.2736, Train: 99.98%, Valid: 93.51%, Test In: 93.55% Test OOD1: 96.20% 
Epoch: 164, Loss: 0.2810, Train: 99.98%, Valid: 93.43%, Test In: 93.59% Test OOD1: 96.25% 
Epoch: 165, Loss: 0.2694, Train: 99.98%, Valid: 93.59%, Test In: 93.71% Test OOD1: 96.30% 
Epoch: 166, Loss: 0.2752, Train: 99.98%, Valid: 93.63%, Test In: 93.83% Test OOD1: 96.29% 
Epoch: 167, Loss: 0.2585, Train: 99.98%, Valid: 93.59%, Test In: 93.83% Test OOD1: 96.27% 
Epoch: 168, Loss: 0.2613, Train: 99.98%, Valid: 93.59%, Test In: 93.83% Test OOD1: 96.27% 
Epoch: 169, Loss: 0.2470, Train: 99.98%, Valid: 93.59%, Test In: 93.79% Test OOD1: 96.32% 
Epoch: 170, Loss: 0.2581, Train: 99.98%, Valid: 93.51%, Test In: 93.71% Test OOD1: 96.33% 
Epoch: 171, Loss: 0.2532, Train: 99.98%, Valid: 93.43%, Test In: 93.71% Test OOD1: 96.38% 
Epoch: 172, Loss: 0.2507, Train: 99.98%, Valid: 93.47%, Test In: 93.83% Test OOD1: 96.42% 
Epoch: 173, Loss: 0.2535, Train: 99.98%, Valid: 93.55%, Test In: 93.79% Test OOD1: 96.51% 
Epoch: 174, Loss: 0.2437, Train: 99.98%, Valid: 93.43%, Test In: 93.87% Test OOD1: 96.54% 
Epoch: 175, Loss: 0.2506, Train: 99.98%, Valid: 93.47%, Test In: 93.83% Test OOD1: 96.47% 
Epoch: 176, Loss: 0.2465, Train: 99.98%, Valid: 93.55%, Test In: 93.75% Test OOD1: 96.38% 
Epoch: 177, Loss: 0.2372, Train: 99.98%, Valid: 93.47%, Test In: 93.67% Test OOD1: 96.38% 
Epoch: 178, Loss: 0.2311, Train: 99.98%, Valid: 93.43%, Test In: 93.63% Test OOD1: 96.34% 
Epoch: 179, Loss: 0.2343, Train: 99.98%, Valid: 93.63%, Test In: 93.75% Test OOD1: 96.34% 
Epoch: 180, Loss: 0.2236, Train: 99.98%, Valid: 93.63%, Test In: 93.95% Test OOD1: 96.39% 
Epoch: 181, Loss: 0.2200, Train: 99.98%, Valid: 93.55%, Test In: 94.07% Test OOD1: 96.42% 
Epoch: 182, Loss: 0.2232, Train: 99.98%, Valid: 93.59%, Test In: 93.83% Test OOD1: 96.46% 
Epoch: 183, Loss: 0.2331, Train: 99.98%, Valid: 93.59%, Test In: 93.71% Test OOD1: 96.43% 
Epoch: 184, Loss: 0.2195, Train: 99.98%, Valid: 93.59%, Test In: 93.75% Test OOD1: 96.42% 
Epoch: 185, Loss: 0.2071, Train: 99.98%, Valid: 93.59%, Test In: 93.83% Test OOD1: 96.45% 
Epoch: 186, Loss: 0.2178, Train: 99.98%, Valid: 93.71%, Test In: 93.95% Test OOD1: 96.41% 
Epoch: 187, Loss: 0.2308, Train: 99.98%, Valid: 93.63%, Test In: 94.03% Test OOD1: 96.44% 
Epoch: 188, Loss: 0.2244, Train: 99.98%, Valid: 93.67%, Test In: 93.95% Test OOD1: 96.51% 
Epoch: 189, Loss: 0.2166, Train: 99.98%, Valid: 93.59%, Test In: 93.87% Test OOD1: 96.49% 
Epoch: 190, Loss: 0.2285, Train: 99.98%, Valid: 93.63%, Test In: 93.79% Test OOD1: 96.49% 
Epoch: 191, Loss: 0.2101, Train: 99.98%, Valid: 93.51%, Test In: 93.79% Test OOD1: 96.50% 
Epoch: 192, Loss: 0.2205, Train: 99.96%, Valid: 93.67%, Test In: 93.87% Test OOD1: 96.51% 
Epoch: 193, Loss: 0.2036, Train: 99.96%, Valid: 93.71%, Test In: 94.07% Test OOD1: 96.53% 
Epoch: 194, Loss: 0.2009, Train: 99.98%, Valid: 93.71%, Test In: 93.99% Test OOD1: 96.59% 
Epoch: 195, Loss: 0.2135, Train: 99.98%, Valid: 93.55%, Test In: 94.07% Test OOD1: 96.60% 
Epoch: 196, Loss: 0.2170, Train: 99.98%, Valid: 93.59%, Test In: 93.95% Test OOD1: 96.60% 
Epoch: 197, Loss: 0.2024, Train: 99.98%, Valid: 93.63%, Test In: 93.99% Test OOD1: 96.62% 
Epoch: 198, Loss: 0.2021, Train: 99.98%, Valid: 93.55%, Test In: 93.99% Test OOD1: 96.65% 
Epoch: 199, Loss: 0.2017, Train: 99.98%, Valid: 93.79%, Test In: 94.03% Test OOD1: 96.67% 
Epoch: 200, Loss: 0.1977, Train: 99.98%, Valid: 93.79%, Test In: 94.03% Test OOD1: 96.64% 
Epoch: 201, Loss: 0.1870, Train: 99.98%, Valid: 93.83%, Test In: 93.99% Test OOD1: 96.66% 
Epoch: 202, Loss: 0.2040, Train: 99.98%, Valid: 93.79%, Test In: 93.91% Test OOD1: 96.63% 
Epoch: 203, Loss: 0.1877, Train: 99.98%, Valid: 93.67%, Test In: 93.79% Test OOD1: 96.60% 
Epoch: 204, Loss: 0.2078, Train: 99.98%, Valid: 93.71%, Test In: 93.79% Test OOD1: 96.69% 
Epoch: 205, Loss: 0.1866, Train: 99.98%, Valid: 93.71%, Test In: 93.83% Test OOD1: 96.69% 
Epoch: 206, Loss: 0.1841, Train: 99.98%, Valid: 93.71%, Test In: 93.87% Test OOD1: 96.66% 
Epoch: 207, Loss: 0.2075, Train: 99.98%, Valid: 93.63%, Test In: 93.95% Test OOD1: 96.67% 
Epoch: 208, Loss: 0.1814, Train: 99.98%, Valid: 93.63%, Test In: 93.91% Test OOD1: 96.68% 
Epoch: 209, Loss: 0.1746, Train: 99.98%, Valid: 93.71%, Test In: 93.83% Test OOD1: 96.65% 
Epoch: 210, Loss: 0.1708, Train: 99.98%, Valid: 93.55%, Test In: 93.75% Test OOD1: 96.65% 
Epoch: 211, Loss: 0.1925, Train: 99.98%, Valid: 93.51%, Test In: 93.71% Test OOD1: 96.67% 
Epoch: 212, Loss: 0.1930, Train: 99.98%, Valid: 93.63%, Test In: 93.87% Test OOD1: 96.69% 
Epoch: 213, Loss: 0.1694, Train: 99.98%, Valid: 93.67%, Test In: 94.03% Test OOD1: 96.73% 
Epoch: 214, Loss: 0.2019, Train: 99.98%, Valid: 93.71%, Test In: 94.03% Test OOD1: 96.72% 
Epoch: 215, Loss: 0.1792, Train: 99.98%, Valid: 93.59%, Test In: 94.07% Test OOD1: 96.67% 
Epoch: 216, Loss: 0.1846, Train: 99.98%, Valid: 93.55%, Test In: 94.07% Test OOD1: 96.71% 
Epoch: 217, Loss: 0.1833, Train: 99.98%, Valid: 93.63%, Test In: 93.99% Test OOD1: 96.69% 
Epoch: 218, Loss: 0.1778, Train: 99.98%, Valid: 93.67%, Test In: 93.99% Test OOD1: 96.69% 
Epoch: 219, Loss: 0.1902, Train: 99.98%, Valid: 93.75%, Test In: 94.07% Test OOD1: 96.66% 
Epoch: 220, Loss: 0.1758, Train: 99.98%, Valid: 93.71%, Test In: 94.11% Test OOD1: 96.65% 
Epoch: 221, Loss: 0.1726, Train: 99.98%, Valid: 93.67%, Test In: 94.07% Test OOD1: 96.65% 
Epoch: 222, Loss: 0.1915, Train: 99.98%, Valid: 93.59%, Test In: 93.99% Test OOD1: 96.68% 
Epoch: 223, Loss: 0.1687, Train: 99.98%, Valid: 93.51%, Test In: 93.95% Test OOD1: 96.69% 
Epoch: 224, Loss: 0.1724, Train: 99.98%, Valid: 93.71%, Test In: 93.99% Test OOD1: 96.71% 
Epoch: 225, Loss: 0.1666, Train: 99.98%, Valid: 93.71%, Test In: 93.95% Test OOD1: 96.72% 
Epoch: 226, Loss: 0.1837, Train: 99.98%, Valid: 93.71%, Test In: 94.07% Test OOD1: 96.70% 
Epoch: 227, Loss: 0.1834, Train: 99.98%, Valid: 93.51%, Test In: 94.03% Test OOD1: 96.72% 
Epoch: 228, Loss: 0.1676, Train: 99.98%, Valid: 93.55%, Test In: 93.87% Test OOD1: 96.69% 
Epoch: 229, Loss: 0.1754, Train: 99.98%, Valid: 93.59%, Test In: 93.83% Test OOD1: 96.68% 
Epoch: 230, Loss: 0.1752, Train: 99.98%, Valid: 93.59%, Test In: 94.03% Test OOD1: 96.67% 
Epoch: 231, Loss: 0.1555, Train: 99.98%, Valid: 93.71%, Test In: 93.99% Test OOD1: 96.71% 
Epoch: 232, Loss: 0.1502, Train: 99.98%, Valid: 93.59%, Test In: 93.91% Test OOD1: 96.73% 
Epoch: 233, Loss: 0.1647, Train: 99.98%, Valid: 93.63%, Test In: 93.87% Test OOD1: 96.71% 
Epoch: 234, Loss: 0.1777, Train: 99.98%, Valid: 93.55%, Test In: 93.95% Test OOD1: 96.73% 
Epoch: 235, Loss: 0.1575, Train: 99.98%, Valid: 93.59%, Test In: 94.07% Test OOD1: 96.73% 
Epoch: 236, Loss: 0.1549, Train: 99.98%, Valid: 93.71%, Test In: 93.99% Test OOD1: 96.71% 
Epoch: 237, Loss: 0.1573, Train: 99.98%, Valid: 93.75%, Test In: 93.99% Test OOD1: 96.75% 
Epoch: 238, Loss: 0.1729, Train: 99.98%, Valid: 93.87%, Test In: 93.99% Test OOD1: 96.77% 
Epoch: 239, Loss: 0.1772, Train: 99.98%, Valid: 93.83%, Test In: 93.95% Test OOD1: 96.75% 
Epoch: 240, Loss: 0.1499, Train: 99.98%, Valid: 93.75%, Test In: 93.87% Test OOD1: 96.74% 
Epoch: 241, Loss: 0.1607, Train: 99.98%, Valid: 93.79%, Test In: 94.11% Test OOD1: 96.73% 
Epoch: 242, Loss: 0.1467, Train: 99.98%, Valid: 93.83%, Test In: 94.07% Test OOD1: 96.77% 
Epoch: 243, Loss: 0.1454, Train: 99.98%, Valid: 93.79%, Test In: 94.07% Test OOD1: 96.74% 
Epoch: 244, Loss: 0.1550, Train: 99.98%, Valid: 93.87%, Test In: 93.95% Test OOD1: 96.75% 
Epoch: 245, Loss: 0.1579, Train: 99.98%, Valid: 93.95%, Test In: 94.03% Test OOD1: 96.76% 
Epoch: 246, Loss: 0.1559, Train: 99.98%, Valid: 93.87%, Test In: 93.99% Test OOD1: 96.72% 
Epoch: 247, Loss: 0.1585, Train: 99.98%, Valid: 93.91%, Test In: 94.03% Test OOD1: 96.73% 
Epoch: 248, Loss: 0.1469, Train: 99.98%, Valid: 93.87%, Test In: 94.11% Test OOD1: 96.77% 
Epoch: 249, Loss: 0.1520, Train: 99.98%, Valid: 93.91%, Test In: 94.03% Test OOD1: 96.76% 
Epoch: 250, Loss: 0.1529, Train: 99.98%, Valid: 93.91%, Test In: 94.07% Test OOD1: 96.73% 
Epoch: 251, Loss: 0.1406, Train: 99.98%, Valid: 93.75%, Test In: 94.15% Test OOD1: 96.73% 
Epoch: 252, Loss: 0.1543, Train: 99.98%, Valid: 93.83%, Test In: 93.95% Test OOD1: 96.71% 
Epoch: 253, Loss: 0.1396, Train: 99.98%, Valid: 93.83%, Test In: 93.99% Test OOD1: 96.71% 
Epoch: 254, Loss: 0.1579, Train: 99.98%, Valid: 93.75%, Test In: 93.95% Test OOD1: 96.73% 
Epoch: 255, Loss: 0.1545, Train: 99.98%, Valid: 93.79%, Test In: 93.91% Test OOD1: 96.75% 
Epoch: 256, Loss: 0.1466, Train: 99.98%, Valid: 93.83%, Test In: 93.95% Test OOD1: 96.79% 
Epoch: 257, Loss: 0.1411, Train: 99.98%, Valid: 93.99%, Test In: 94.11% Test OOD1: 96.79% 
Epoch: 258, Loss: 0.1500, Train: 99.98%, Valid: 93.99%, Test In: 94.19% Test OOD1: 96.77% 
Epoch: 259, Loss: 0.1508, Train: 99.98%, Valid: 93.99%, Test In: 94.19% Test OOD1: 96.75% 
Epoch: 260, Loss: 0.1530, Train: 99.98%, Valid: 93.83%, Test In: 94.07% Test OOD1: 96.77% 
Epoch: 261, Loss: 0.1493, Train: 99.98%, Valid: 93.87%, Test In: 94.03% Test OOD1: 96.79% 
Epoch: 262, Loss: 0.1518, Train: 99.98%, Valid: 93.71%, Test In: 94.07% Test OOD1: 96.77% 
Epoch: 263, Loss: 0.1499, Train: 99.98%, Valid: 93.83%, Test In: 94.15% Test OOD1: 96.79% 
Epoch: 264, Loss: 0.1526, Train: 99.98%, Valid: 93.79%, Test In: 94.15% Test OOD1: 96.76% 
Epoch: 265, Loss: 0.1387, Train: 99.98%, Valid: 93.87%, Test In: 94.27% Test OOD1: 96.80% 
Epoch: 266, Loss: 0.1429, Train: 99.98%, Valid: 93.91%, Test In: 94.23% Test OOD1: 96.80% 
Epoch: 267, Loss: 0.1457, Train: 99.98%, Valid: 93.91%, Test In: 94.23% Test OOD1: 96.80% 
Epoch: 268, Loss: 0.1422, Train: 99.98%, Valid: 93.87%, Test In: 94.31% Test OOD1: 96.81% 
Epoch: 269, Loss: 0.1310, Train: 99.98%, Valid: 93.83%, Test In: 94.07% Test OOD1: 96.76% 
Epoch: 270, Loss: 0.1358, Train: 99.98%, Valid: 93.83%, Test In: 94.03% Test OOD1: 96.78% 
Epoch: 271, Loss: 0.1300, Train: 99.98%, Valid: 93.67%, Test In: 94.15% Test OOD1: 96.82% 
Epoch: 272, Loss: 0.1365, Train: 99.98%, Valid: 93.87%, Test In: 94.23% Test OOD1: 96.81% 
Epoch: 273, Loss: 0.1398, Train: 99.98%, Valid: 93.75%, Test In: 94.23% Test OOD1: 96.82% 
Epoch: 274, Loss: 0.1467, Train: 99.98%, Valid: 93.91%, Test In: 94.19% Test OOD1: 96.83% 
Epoch: 275, Loss: 0.1360, Train: 99.98%, Valid: 93.99%, Test In: 94.15% Test OOD1: 96.83% 
Epoch: 276, Loss: 0.1176, Train: 99.98%, Valid: 93.83%, Test In: 94.07% Test OOD1: 96.77% 
Epoch: 277, Loss: 0.1426, Train: 99.98%, Valid: 93.79%, Test In: 94.03% Test OOD1: 96.76% 
Epoch: 278, Loss: 0.1231, Train: 99.98%, Valid: 93.87%, Test In: 93.99% Test OOD1: 96.76% 
Epoch: 279, Loss: 0.1376, Train: 99.98%, Valid: 93.99%, Test In: 94.07% Test OOD1: 96.78% 
Epoch: 280, Loss: 0.1381, Train: 99.98%, Valid: 93.95%, Test In: 94.07% Test OOD1: 96.80% 
Epoch: 281, Loss: 0.1218, Train: 99.98%, Valid: 93.95%, Test In: 94.07% Test OOD1: 96.80% 
Epoch: 282, Loss: 0.1440, Train: 99.98%, Valid: 93.91%, Test In: 94.11% Test OOD1: 96.80% 
Epoch: 283, Loss: 0.1354, Train: 99.98%, Valid: 93.91%, Test In: 94.03% Test OOD1: 96.77% 
Epoch: 284, Loss: 0.1244, Train: 99.98%, Valid: 93.87%, Test In: 93.95% Test OOD1: 96.81% 
Epoch: 285, Loss: 0.1475, Train: 99.98%, Valid: 93.99%, Test In: 94.03% Test OOD1: 96.80% 
Epoch: 286, Loss: 0.1305, Train: 99.98%, Valid: 93.91%, Test In: 94.03% Test OOD1: 96.80% 
Epoch: 287, Loss: 0.1310, Train: 99.98%, Valid: 93.79%, Test In: 94.07% Test OOD1: 96.81% 
Epoch: 288, Loss: 0.1386, Train: 99.98%, Valid: 93.75%, Test In: 94.11% Test OOD1: 96.79% 
Epoch: 289, Loss: 0.1397, Train: 99.98%, Valid: 93.75%, Test In: 94.11% Test OOD1: 96.81% 
Epoch: 290, Loss: 0.1389, Train: 99.98%, Valid: 93.59%, Test In: 94.15% Test OOD1: 96.83% 
Epoch: 291, Loss: 0.1418, Train: 99.98%, Valid: 93.55%, Test In: 94.15% Test OOD1: 96.80% 
Epoch: 292, Loss: 0.1374, Train: 99.98%, Valid: 93.63%, Test In: 93.95% Test OOD1: 96.78% 
Epoch: 293, Loss: 0.1307, Train: 99.98%, Valid: 93.75%, Test In: 93.83% Test OOD1: 96.77% 
Epoch: 294, Loss: 0.1335, Train: 99.98%, Valid: 93.63%, Test In: 94.07% Test OOD1: 96.77% 
Epoch: 295, Loss: 0.1230, Train: 99.98%, Valid: 93.83%, Test In: 93.99% Test OOD1: 96.80% 
Epoch: 296, Loss: 0.1256, Train: 99.98%, Valid: 93.83%, Test In: 93.99% Test OOD1: 96.79% 
Epoch: 297, Loss: 0.1334, Train: 99.98%, Valid: 93.71%, Test In: 94.11% Test OOD1: 96.74% 
Epoch: 298, Loss: 0.1273, Train: 99.98%, Valid: 93.83%, Test In: 93.87% Test OOD1: 96.75% 
Epoch: 299, Loss: 0.1256, Train: 99.98%, Valid: 93.71%, Test In: 93.91% Test OOD1: 96.74% 
Epoch: 300, Loss: 0.1292, Train: 99.98%, Valid: 93.83%, Test In: 93.99% Test OOD1: 96.73% 
Epoch: 301, Loss: 0.1341, Train: 99.98%, Valid: 93.87%, Test In: 93.99% Test OOD1: 96.75% 
Epoch: 302, Loss: 0.1319, Train: 99.98%, Valid: 93.95%, Test In: 94.19% Test OOD1: 96.78% 
Epoch: 303, Loss: 0.1286, Train: 99.98%, Valid: 93.99%, Test In: 94.03% Test OOD1: 96.78% 
Epoch: 304, Loss: 0.1309, Train: 99.98%, Valid: 93.87%, Test In: 94.11% Test OOD1: 96.75% 
Epoch: 305, Loss: 0.1168, Train: 99.98%, Valid: 93.95%, Test In: 94.11% Test OOD1: 96.72% 
Epoch: 306, Loss: 0.1287, Train: 99.98%, Valid: 93.91%, Test In: 94.11% Test OOD1: 96.73% 
Epoch: 307, Loss: 0.1246, Train: 99.98%, Valid: 93.87%, Test In: 94.11% Test OOD1: 96.72% 
Epoch: 308, Loss: 0.1268, Train: 99.98%, Valid: 93.83%, Test In: 94.11% Test OOD1: 96.75% 
Epoch: 309, Loss: 0.1336, Train: 99.98%, Valid: 93.75%, Test In: 94.11% Test OOD1: 96.78% 
Epoch: 310, Loss: 0.1171, Train: 99.98%, Valid: 93.79%, Test In: 94.07% Test OOD1: 96.78% 
Epoch: 311, Loss: 0.1301, Train: 99.98%, Valid: 93.79%, Test In: 94.07% Test OOD1: 96.77% 
Epoch: 312, Loss: 0.1308, Train: 99.98%, Valid: 93.79%, Test In: 94.03% Test OOD1: 96.79% 
Epoch: 313, Loss: 0.1239, Train: 99.98%, Valid: 93.79%, Test In: 93.95% Test OOD1: 96.79% 
Epoch: 314, Loss: 0.1234, Train: 99.98%, Valid: 93.75%, Test In: 93.95% Test OOD1: 96.80% 
Epoch: 315, Loss: 0.1359, Train: 99.98%, Valid: 93.75%, Test In: 94.11% Test OOD1: 96.78% 
Epoch: 316, Loss: 0.1207, Train: 99.98%, Valid: 93.83%, Test In: 94.15% Test OOD1: 96.81% 
Epoch: 317, Loss: 0.1163, Train: 99.98%, Valid: 93.83%, Test In: 94.15% Test OOD1: 96.83% 
Epoch: 318, Loss: 0.1239, Train: 99.98%, Valid: 93.87%, Test In: 94.07% Test OOD1: 96.83% 
Epoch: 319, Loss: 0.1351, Train: 99.98%, Valid: 93.83%, Test In: 93.99% Test OOD1: 96.84% 
Epoch: 320, Loss: 0.1263, Train: 99.98%, Valid: 93.67%, Test In: 93.95% Test OOD1: 96.81% 
Epoch: 321, Loss: 0.1299, Train: 99.98%, Valid: 93.63%, Test In: 94.07% Test OOD1: 96.84% 
Epoch: 322, Loss: 0.1155, Train: 99.98%, Valid: 93.79%, Test In: 94.11% Test OOD1: 96.83% 
Epoch: 323, Loss: 0.1329, Train: 99.98%, Valid: 93.79%, Test In: 94.11% Test OOD1: 96.82% 
Epoch: 324, Loss: 0.1293, Train: 99.98%, Valid: 93.75%, Test In: 94.11% Test OOD1: 96.80% 
Epoch: 325, Loss: 0.1123, Train: 99.98%, Valid: 93.91%, Test In: 94.07% Test OOD1: 96.86% 
Epoch: 326, Loss: 0.1206, Train: 99.98%, Valid: 93.87%, Test In: 94.11% Test OOD1: 96.85% 
Epoch: 327, Loss: 0.1227, Train: 99.98%, Valid: 93.91%, Test In: 94.15% Test OOD1: 96.85% 
Epoch: 328, Loss: 0.1194, Train: 99.98%, Valid: 93.87%, Test In: 94.15% Test OOD1: 96.85% 
Epoch: 329, Loss: 0.1195, Train: 99.98%, Valid: 93.87%, Test In: 94.07% Test OOD1: 96.83% 
Epoch: 330, Loss: 0.1299, Train: 99.98%, Valid: 93.79%, Test In: 94.07% Test OOD1: 96.84% 
Epoch: 331, Loss: 0.1155, Train: 99.98%, Valid: 93.79%, Test In: 94.15% Test OOD1: 96.84% 
Epoch: 332, Loss: 0.1156, Train: 99.98%, Valid: 93.75%, Test In: 94.23% Test OOD1: 96.82% 
Epoch: 333, Loss: 0.1127, Train: 99.98%, Valid: 93.87%, Test In: 94.23% Test OOD1: 96.89% 
Epoch: 334, Loss: 0.1140, Train: 99.98%, Valid: 93.75%, Test In: 94.11% Test OOD1: 96.90% 
Epoch: 335, Loss: 0.1174, Train: 99.98%, Valid: 93.79%, Test In: 94.03% Test OOD1: 96.94% 
Epoch: 336, Loss: 0.1143, Train: 99.98%, Valid: 93.95%, Test In: 94.11% Test OOD1: 96.86% 
Epoch: 337, Loss: 0.1186, Train: 99.98%, Valid: 93.91%, Test In: 94.07% Test OOD1: 96.84% 
Epoch: 338, Loss: 0.1210, Train: 99.98%, Valid: 94.03%, Test In: 94.07% Test OOD1: 96.84% 
Epoch: 339, Loss: 0.1184, Train: 99.98%, Valid: 93.99%, Test In: 94.07% Test OOD1: 96.82% 
Epoch: 340, Loss: 0.1084, Train: 99.98%, Valid: 93.91%, Test In: 94.03% Test OOD1: 96.86% 
Epoch: 341, Loss: 0.1119, Train: 99.98%, Valid: 94.03%, Test In: 93.95% Test OOD1: 96.86% 
Epoch: 342, Loss: 0.1278, Train: 99.98%, Valid: 93.91%, Test In: 94.11% Test OOD1: 96.86% 
Epoch: 343, Loss: 0.1172, Train: 99.98%, Valid: 93.91%, Test In: 94.11% Test OOD1: 96.86% 
Epoch: 344, Loss: 0.1159, Train: 99.98%, Valid: 93.91%, Test In: 94.11% Test OOD1: 96.85% 
Epoch: 345, Loss: 0.1251, Train: 99.98%, Valid: 93.87%, Test In: 94.23% Test OOD1: 96.85% 
Epoch: 346, Loss: 0.1189, Train: 99.98%, Valid: 93.79%, Test In: 94.31% Test OOD1: 96.88% 
Epoch: 347, Loss: 0.1143, Train: 99.98%, Valid: 93.79%, Test In: 94.39% Test OOD1: 96.89% 
Epoch: 348, Loss: 0.1278, Train: 99.98%, Valid: 93.87%, Test In: 93.95% Test OOD1: 96.87% 
Epoch: 349, Loss: 0.1159, Train: 99.98%, Valid: 93.83%, Test In: 93.95% Test OOD1: 96.86% 
Epoch: 350, Loss: 0.1175, Train: 99.98%, Valid: 93.71%, Test In: 93.99% Test OOD1: 96.81% 
Epoch: 351, Loss: 0.1105, Train: 99.98%, Valid: 93.75%, Test In: 93.99% Test OOD1: 96.82% 
Epoch: 352, Loss: 0.1112, Train: 99.98%, Valid: 93.95%, Test In: 93.99% Test OOD1: 96.86% 
Epoch: 353, Loss: 0.1137, Train: 99.98%, Valid: 93.95%, Test In: 93.99% Test OOD1: 96.86% 
Epoch: 354, Loss: 0.1102, Train: 99.98%, Valid: 93.91%, Test In: 93.99% Test OOD1: 96.86% 
Epoch: 355, Loss: 0.1035, Train: 99.98%, Valid: 93.87%, Test In: 94.03% Test OOD1: 96.85% 
Epoch: 356, Loss: 0.1155, Train: 99.98%, Valid: 93.83%, Test In: 94.03% Test OOD1: 96.87% 
Epoch: 357, Loss: 0.1116, Train: 99.98%, Valid: 93.91%, Test In: 94.15% Test OOD1: 96.90% 
Epoch: 358, Loss: 0.1052, Train: 99.98%, Valid: 93.87%, Test In: 94.07% Test OOD1: 96.88% 
Epoch: 359, Loss: 0.1212, Train: 99.98%, Valid: 93.79%, Test In: 93.99% Test OOD1: 96.84% 
Epoch: 360, Loss: 0.0972, Train: 99.98%, Valid: 93.91%, Test In: 94.07% Test OOD1: 96.82% 
Epoch: 361, Loss: 0.1126, Train: 99.98%, Valid: 93.87%, Test In: 94.07% Test OOD1: 96.79% 
Epoch: 362, Loss: 0.1141, Train: 99.98%, Valid: 93.91%, Test In: 94.03% Test OOD1: 96.83% 
Epoch: 363, Loss: 0.1162, Train: 99.98%, Valid: 93.95%, Test In: 94.03% Test OOD1: 96.84% 
Epoch: 364, Loss: 0.1099, Train: 99.98%, Valid: 93.95%, Test In: 94.07% Test OOD1: 96.82% 
Epoch: 365, Loss: 0.1076, Train: 99.98%, Valid: 93.95%, Test In: 94.15% Test OOD1: 96.82% 
Epoch: 366, Loss: 0.1260, Train: 99.98%, Valid: 93.99%, Test In: 94.03% Test OOD1: 96.83% 
Epoch: 367, Loss: 0.1035, Train: 99.98%, Valid: 93.99%, Test In: 94.07% Test OOD1: 96.80% 
Epoch: 368, Loss: 0.0985, Train: 99.98%, Valid: 93.79%, Test In: 94.03% Test OOD1: 96.83% 
Epoch: 369, Loss: 0.1108, Train: 99.98%, Valid: 93.91%, Test In: 94.07% Test OOD1: 96.84% 
Epoch: 370, Loss: 0.1043, Train: 99.98%, Valid: 93.99%, Test In: 94.15% Test OOD1: 96.84% 
Epoch: 371, Loss: 0.1126, Train: 99.98%, Valid: 93.91%, Test In: 94.11% Test OOD1: 96.85% 
Epoch: 372, Loss: 0.1081, Train: 99.98%, Valid: 93.79%, Test In: 93.99% Test OOD1: 96.82% 
Epoch: 373, Loss: 0.1050, Train: 99.98%, Valid: 93.75%, Test In: 93.87% Test OOD1: 96.84% 
Epoch: 374, Loss: 0.1112, Train: 99.98%, Valid: 93.87%, Test In: 94.03% Test OOD1: 96.85% 
Epoch: 375, Loss: 0.1120, Train: 99.98%, Valid: 93.83%, Test In: 94.07% Test OOD1: 96.85% 
Epoch: 376, Loss: 0.1019, Train: 99.98%, Valid: 93.87%, Test In: 94.27% Test OOD1: 96.83% 
Epoch: 377, Loss: 0.1153, Train: 99.98%, Valid: 93.75%, Test In: 94.11% Test OOD1: 96.86% 
Epoch: 378, Loss: 0.1074, Train: 99.98%, Valid: 93.75%, Test In: 93.99% Test OOD1: 96.85% 
Epoch: 379, Loss: 0.1113, Train: 99.98%, Valid: 93.79%, Test In: 94.03% Test OOD1: 96.82% 
Epoch: 380, Loss: 0.1160, Train: 99.98%, Valid: 93.79%, Test In: 93.95% Test OOD1: 96.83% 
Epoch: 381, Loss: 0.1184, Train: 99.98%, Valid: 93.83%, Test In: 94.03% Test OOD1: 96.82% 
Epoch: 382, Loss: 0.1138, Train: 99.98%, Valid: 93.95%, Test In: 94.07% Test OOD1: 96.81% 
Epoch: 383, Loss: 0.1105, Train: 99.98%, Valid: 93.95%, Test In: 94.11% Test OOD1: 96.80% 
Epoch: 384, Loss: 0.1027, Train: 99.98%, Valid: 93.99%, Test In: 94.03% Test OOD1: 96.82% 
Epoch: 385, Loss: 0.0995, Train: 99.98%, Valid: 93.91%, Test In: 93.95% Test OOD1: 96.83% 
Epoch: 386, Loss: 0.1134, Train: 99.98%, Valid: 93.83%, Test In: 94.07% Test OOD1: 96.88% 
Epoch: 387, Loss: 0.0995, Train: 99.98%, Valid: 93.95%, Test In: 94.15% Test OOD1: 96.89% 
Epoch: 388, Loss: 0.1118, Train: 99.98%, Valid: 93.87%, Test In: 94.19% Test OOD1: 96.88% 
Epoch: 389, Loss: 0.1197, Train: 99.98%, Valid: 93.91%, Test In: 94.27% Test OOD1: 96.88% 
Epoch: 390, Loss: 0.1000, Train: 99.98%, Valid: 93.91%, Test In: 94.35% Test OOD1: 96.88% 
Epoch: 391, Loss: 0.0947, Train: 99.98%, Valid: 93.95%, Test In: 94.19% Test OOD1: 96.91% 
Epoch: 392, Loss: 0.1164, Train: 99.98%, Valid: 93.87%, Test In: 94.15% Test OOD1: 96.87% 
Epoch: 393, Loss: 0.1002, Train: 99.98%, Valid: 93.79%, Test In: 94.15% Test OOD1: 96.89% 
Epoch: 394, Loss: 0.1030, Train: 99.98%, Valid: 93.87%, Test In: 94.23% Test OOD1: 96.91% 
Epoch: 395, Loss: 0.1040, Train: 99.98%, Valid: 93.95%, Test In: 94.23% Test OOD1: 96.90% 
Epoch: 396, Loss: 0.1136, Train: 99.98%, Valid: 93.99%, Test In: 94.27% Test OOD1: 96.90% 
Epoch: 397, Loss: 0.0931, Train: 99.98%, Valid: 94.03%, Test In: 94.23% Test OOD1: 96.91% 
Epoch: 398, Loss: 0.1007, Train: 99.98%, Valid: 94.07%, Test In: 94.27% Test OOD1: 96.95% 
Epoch: 399, Loss: 0.1022, Train: 99.98%, Valid: 94.03%, Test In: 94.23% Test OOD1: 96.94% 
Epoch: 400, Loss: 0.1084, Train: 99.98%, Valid: 94.03%, Test In: 94.19% Test OOD1: 96.92% 
Epoch: 401, Loss: 0.1154, Train: 99.98%, Valid: 94.03%, Test In: 94.23% Test OOD1: 96.90% 
Epoch: 402, Loss: 0.1131, Train: 99.98%, Valid: 94.03%, Test In: 94.35% Test OOD1: 96.88% 
Epoch: 403, Loss: 0.1104, Train: 99.98%, Valid: 93.87%, Test In: 94.31% Test OOD1: 96.90% 
Epoch: 404, Loss: 0.1123, Train: 99.98%, Valid: 93.95%, Test In: 94.23% Test OOD1: 96.95% 
Epoch: 405, Loss: 0.1059, Train: 99.98%, Valid: 93.99%, Test In: 94.27% Test OOD1: 96.95% 
Epoch: 406, Loss: 0.0888, Train: 99.98%, Valid: 93.99%, Test In: 94.39% Test OOD1: 96.93% 
Epoch: 407, Loss: 0.0964, Train: 99.98%, Valid: 93.91%, Test In: 94.43% Test OOD1: 96.91% 
Epoch: 408, Loss: 0.1061, Train: 99.98%, Valid: 94.03%, Test In: 94.43% Test OOD1: 96.91% 
Epoch: 409, Loss: 0.0940, Train: 99.98%, Valid: 94.07%, Test In: 94.51% Test OOD1: 96.91% 
Epoch: 410, Loss: 0.0974, Train: 99.98%, Valid: 94.07%, Test In: 94.43% Test OOD1: 96.93% 
Epoch: 411, Loss: 0.1048, Train: 99.98%, Valid: 93.99%, Test In: 94.19% Test OOD1: 96.93% 
Epoch: 412, Loss: 0.1109, Train: 99.98%, Valid: 94.11%, Test In: 94.27% Test OOD1: 96.94% 
Epoch: 413, Loss: 0.1063, Train: 99.98%, Valid: 94.03%, Test In: 94.31% Test OOD1: 96.92% 
Epoch: 414, Loss: 0.0954, Train: 99.98%, Valid: 94.07%, Test In: 94.35% Test OOD1: 96.90% 
Epoch: 415, Loss: 0.1098, Train: 99.98%, Valid: 94.03%, Test In: 94.35% Test OOD1: 96.91% 
Epoch: 416, Loss: 0.1083, Train: 99.98%, Valid: 94.03%, Test In: 94.35% Test OOD1: 96.92% 
Epoch: 417, Loss: 0.0967, Train: 99.98%, Valid: 94.07%, Test In: 94.43% Test OOD1: 96.95% 
Epoch: 418, Loss: 0.0959, Train: 99.98%, Valid: 94.11%, Test In: 94.39% Test OOD1: 96.93% 
Epoch: 419, Loss: 0.1056, Train: 99.98%, Valid: 94.11%, Test In: 94.35% Test OOD1: 96.93% 
Epoch: 420, Loss: 0.0979, Train: 99.98%, Valid: 94.15%, Test In: 94.35% Test OOD1: 96.93% 
Epoch: 421, Loss: 0.1065, Train: 99.98%, Valid: 94.11%, Test In: 94.43% Test OOD1: 96.94% 
Epoch: 422, Loss: 0.1036, Train: 99.98%, Valid: 94.15%, Test In: 94.35% Test OOD1: 96.94% 
Epoch: 423, Loss: 0.1068, Train: 99.98%, Valid: 94.11%, Test In: 94.35% Test OOD1: 96.94% 
Epoch: 424, Loss: 0.0999, Train: 99.98%, Valid: 94.15%, Test In: 94.35% Test OOD1: 96.94% 
Epoch: 425, Loss: 0.0911, Train: 99.98%, Valid: 94.19%, Test In: 94.27% Test OOD1: 96.93% 
Epoch: 426, Loss: 0.0974, Train: 99.98%, Valid: 94.11%, Test In: 94.31% Test OOD1: 96.94% 
Epoch: 427, Loss: 0.1002, Train: 99.98%, Valid: 94.11%, Test In: 94.23% Test OOD1: 96.91% 
Epoch: 428, Loss: 0.1126, Train: 99.98%, Valid: 93.99%, Test In: 94.27% Test OOD1: 96.89% 
Epoch: 429, Loss: 0.1000, Train: 99.98%, Valid: 93.99%, Test In: 94.27% Test OOD1: 96.87% 
Epoch: 430, Loss: 0.0936, Train: 99.98%, Valid: 94.03%, Test In: 94.27% Test OOD1: 96.89% 
Epoch: 431, Loss: 0.0983, Train: 99.98%, Valid: 94.15%, Test In: 94.27% Test OOD1: 96.90% 
Epoch: 432, Loss: 0.0977, Train: 99.98%, Valid: 94.07%, Test In: 94.31% Test OOD1: 96.91% 
Epoch: 433, Loss: 0.0889, Train: 99.98%, Valid: 94.11%, Test In: 94.23% Test OOD1: 96.91% 
Epoch: 434, Loss: 0.0856, Train: 99.98%, Valid: 94.15%, Test In: 94.27% Test OOD1: 96.91% 
Epoch: 435, Loss: 0.0878, Train: 99.98%, Valid: 94.03%, Test In: 94.27% Test OOD1: 96.92% 
Epoch: 436, Loss: 0.0977, Train: 99.98%, Valid: 93.99%, Test In: 94.23% Test OOD1: 96.95% 
Epoch: 437, Loss: 0.0884, Train: 99.98%, Valid: 94.03%, Test In: 94.31% Test OOD1: 96.95% 
Epoch: 438, Loss: 0.0976, Train: 99.98%, Valid: 94.11%, Test In: 94.27% Test OOD1: 96.95% 
Epoch: 439, Loss: 0.1000, Train: 99.98%, Valid: 94.15%, Test In: 94.27% Test OOD1: 96.93% 
Epoch: 440, Loss: 0.1013, Train: 99.98%, Valid: 94.11%, Test In: 94.27% Test OOD1: 96.96% 
Epoch: 441, Loss: 0.1009, Train: 99.98%, Valid: 94.11%, Test In: 94.23% Test OOD1: 96.97% 
Epoch: 442, Loss: 0.1112, Train: 99.98%, Valid: 94.23%, Test In: 94.35% Test OOD1: 97.00% 
Epoch: 443, Loss: 0.1025, Train: 99.98%, Valid: 94.27%, Test In: 94.35% Test OOD1: 96.97% 
Epoch: 444, Loss: 0.0994, Train: 99.98%, Valid: 94.15%, Test In: 94.35% Test OOD1: 96.95% 
Epoch: 445, Loss: 0.0956, Train: 99.98%, Valid: 94.11%, Test In: 94.35% Test OOD1: 96.93% 
Epoch: 446, Loss: 0.0884, Train: 99.98%, Valid: 93.95%, Test In: 94.31% Test OOD1: 96.98% 
Epoch: 447, Loss: 0.0968, Train: 99.98%, Valid: 93.95%, Test In: 94.31% Test OOD1: 96.93% 
Epoch: 448, Loss: 0.0952, Train: 99.98%, Valid: 93.91%, Test In: 94.35% Test OOD1: 96.91% 
Epoch: 449, Loss: 0.0891, Train: 99.98%, Valid: 94.03%, Test In: 94.51% Test OOD1: 96.92% 
Epoch: 450, Loss: 0.0933, Train: 99.98%, Valid: 94.03%, Test In: 94.47% Test OOD1: 96.91% 
Epoch: 451, Loss: 0.0896, Train: 99.98%, Valid: 94.07%, Test In: 94.39% Test OOD1: 96.92% 
Epoch: 452, Loss: 0.0984, Train: 99.98%, Valid: 94.03%, Test In: 94.43% Test OOD1: 96.90% 
Epoch: 453, Loss: 0.0785, Train: 99.98%, Valid: 94.03%, Test In: 94.39% Test OOD1: 96.94% 
Epoch: 454, Loss: 0.1060, Train: 99.98%, Valid: 94.07%, Test In: 94.51% Test OOD1: 96.95% 
Epoch: 455, Loss: 0.0888, Train: 99.98%, Valid: 93.99%, Test In: 94.43% Test OOD1: 96.95% 
Epoch: 456, Loss: 0.1030, Train: 99.98%, Valid: 93.99%, Test In: 94.39% Test OOD1: 96.95% 
Epoch: 457, Loss: 0.0866, Train: 99.98%, Valid: 94.03%, Test In: 94.27% Test OOD1: 96.94% 
Epoch: 458, Loss: 0.0813, Train: 99.98%, Valid: 93.99%, Test In: 94.23% Test OOD1: 96.99% 
Epoch: 459, Loss: 0.0892, Train: 99.98%, Valid: 94.07%, Test In: 94.31% Test OOD1: 96.97% 
Epoch: 460, Loss: 0.0891, Train: 99.98%, Valid: 94.19%, Test In: 94.27% Test OOD1: 96.97% 
Epoch: 461, Loss: 0.0903, Train: 99.98%, Valid: 94.07%, Test In: 94.31% Test OOD1: 96.95% 
Epoch: 462, Loss: 0.0883, Train: 99.98%, Valid: 93.91%, Test In: 94.23% Test OOD1: 96.93% 
Epoch: 463, Loss: 0.1022, Train: 99.98%, Valid: 94.03%, Test In: 94.31% Test OOD1: 96.92% 
Epoch: 464, Loss: 0.1004, Train: 99.98%, Valid: 93.99%, Test In: 94.27% Test OOD1: 96.94% 
Epoch: 465, Loss: 0.0855, Train: 99.98%, Valid: 94.07%, Test In: 94.31% Test OOD1: 96.97% 
Epoch: 466, Loss: 0.1002, Train: 99.98%, Valid: 94.03%, Test In: 94.27% Test OOD1: 96.97% 
Epoch: 467, Loss: 0.0920, Train: 99.98%, Valid: 93.87%, Test In: 94.31% Test OOD1: 96.94% 
Epoch: 468, Loss: 0.0951, Train: 99.98%, Valid: 93.87%, Test In: 94.27% Test OOD1: 96.93% 
Epoch: 469, Loss: 0.1030, Train: 99.98%, Valid: 93.79%, Test In: 94.39% Test OOD1: 96.92% 
Epoch: 470, Loss: 0.0910, Train: 99.98%, Valid: 93.87%, Test In: 94.39% Test OOD1: 96.87% 
Epoch: 471, Loss: 0.0952, Train: 99.98%, Valid: 93.99%, Test In: 94.47% Test OOD1: 96.92% 
Epoch: 472, Loss: 0.0948, Train: 99.98%, Valid: 93.95%, Test In: 94.43% Test OOD1: 96.95% 
Epoch: 473, Loss: 0.0918, Train: 99.98%, Valid: 93.95%, Test In: 94.47% Test OOD1: 96.95% 
Epoch: 474, Loss: 0.0857, Train: 99.98%, Valid: 93.99%, Test In: 94.35% Test OOD1: 96.98% 
Epoch: 475, Loss: 0.0981, Train: 99.98%, Valid: 93.91%, Test In: 94.35% Test OOD1: 96.98% 
Epoch: 476, Loss: 0.1030, Train: 99.98%, Valid: 93.83%, Test In: 94.23% Test OOD1: 97.00% 
Epoch: 477, Loss: 0.1020, Train: 99.98%, Valid: 93.75%, Test In: 94.19% Test OOD1: 96.97% 
Epoch: 478, Loss: 0.1072, Train: 99.98%, Valid: 93.75%, Test In: 94.15% Test OOD1: 96.99% 
Epoch: 479, Loss: 0.0988, Train: 99.98%, Valid: 93.87%, Test In: 94.19% Test OOD1: 96.98% 
Epoch: 480, Loss: 0.1033, Train: 99.98%, Valid: 93.99%, Test In: 94.35% Test OOD1: 96.98% 
Epoch: 481, Loss: 0.1011, Train: 99.98%, Valid: 93.95%, Test In: 94.35% Test OOD1: 96.95% 
Epoch: 482, Loss: 0.0902, Train: 99.98%, Valid: 93.95%, Test In: 94.39% Test OOD1: 96.91% 
Epoch: 483, Loss: 0.0959, Train: 99.98%, Valid: 93.87%, Test In: 94.43% Test OOD1: 96.92% 
Epoch: 484, Loss: 0.0881, Train: 99.98%, Valid: 93.75%, Test In: 94.35% Test OOD1: 96.88% 
Epoch: 485, Loss: 0.1081, Train: 99.98%, Valid: 93.83%, Test In: 94.31% Test OOD1: 96.89% 
Epoch: 486, Loss: 0.0954, Train: 99.98%, Valid: 93.91%, Test In: 94.23% Test OOD1: 96.89% 
Epoch: 487, Loss: 0.0875, Train: 99.98%, Valid: 93.91%, Test In: 94.19% Test OOD1: 96.88% 
Epoch: 488, Loss: 0.0924, Train: 99.98%, Valid: 94.03%, Test In: 94.51% Test OOD1: 96.89% 
Epoch: 489, Loss: 0.1056, Train: 99.98%, Valid: 93.95%, Test In: 94.47% Test OOD1: 96.91% 
Epoch: 490, Loss: 0.0883, Train: 99.98%, Valid: 93.87%, Test In: 94.27% Test OOD1: 96.93% 
Epoch: 491, Loss: 0.0917, Train: 99.98%, Valid: 93.91%, Test In: 94.23% Test OOD1: 96.95% 
Epoch: 492, Loss: 0.0973, Train: 99.98%, Valid: 93.95%, Test In: 94.27% Test OOD1: 96.95% 
Epoch: 493, Loss: 0.0801, Train: 99.98%, Valid: 93.83%, Test In: 94.23% Test OOD1: 96.95% 
Epoch: 494, Loss: 0.0864, Train: 99.98%, Valid: 93.87%, Test In: 94.23% Test OOD1: 96.94% 
Epoch: 495, Loss: 0.0879, Train: 99.98%, Valid: 93.87%, Test In: 94.19% Test OOD1: 96.95% 
Epoch: 496, Loss: 0.1010, Train: 99.98%, Valid: 93.91%, Test In: 94.19% Test OOD1: 96.90% 
Epoch: 497, Loss: 0.0946, Train: 99.98%, Valid: 93.95%, Test In: 94.15% Test OOD1: 96.90% 
Epoch: 498, Loss: 0.0952, Train: 99.98%, Valid: 93.87%, Test In: 94.31% Test OOD1: 96.89% 
Epoch: 499, Loss: 0.0806, Train: 99.98%, Valid: 93.99%, Test In: 94.35% Test OOD1: 96.88% 
Run 02:
Highest Train: 99.98
Highest Valid: 94.27
Highest In Test: 94.51
Highest OOD Test: 97.00
Chosen epoch: 444
Final Train: 99.98
Final In Test: 94.35
Final OOD Test: 96.97
All runs:
Highest Train: 99.99 ± 0.01
Highest Valid: 94.23 ± 0.06
Highest In Test: 94.45 ± 0.08
Highest OOD Test: 96.98 ± 0.03
  Final Train: 99.98 ± 0.00
   Final In  Test: 94.27 ± 0.11
   Final OOD Test: 96.93 ± 0.06
[INFO] TensorBoard writer closed.

Command: python main.py --dataset citeseer --backbone_type gcn --env_type node --combine_result --store_result --epochs 500 --runs 2 --num_layers 2 --expert_agg mean --device 1 --other_env_objective irm --lr 0.005 --weight_decay 5e-05 --dropout 0.2 --lamda 0.5 --K 3 --hidden_channels 32 --other_env_reduce env --result_name citeseer_stage1_lr0.005_weight_decay5e-05_dropout0.2_lamda0.5_K3_hidden_channels32_other_env_reduceenv
Return code: 0
Elapsed: 138.26s
