Namespace(K=3, backbone_type='gat', causal_align_weight=0.1, causal_hidden_channels=0, causal_loss_weight=1.0, combine_result=True, cpu=False, data_dir='./data/', dataset='citeseer', device=0, display_step=1, dropout=0.1, env_type='graph', epochs=500, expert_agg='mean', gate_hidden=64, hidden_channels=32, infer_env=False, infer_env_components=64, infer_env_iters=30, infer_env_num=3, lamda=0.5, lr=0.01, num_layers=2, other_env_irm_lambda=1.0, other_env_loss_agg='mean', other_env_loss_temp=1.0, other_env_objective='irm', other_env_reduce='env', pos_weight=5.0, result_name='citeseer_stage1_gat_reduced_lr0.01_weight_decay0.0_dropout0.1_lamda0.5_K3_hidden_channels32_other_env_reduceenv', runs=2, seed=2024, store_result=True, tau=3.0, use_bn=False, use_causal_head=False, variant=False, weight_decay=0.0)
using existing synthetic data...
dataset citeseer: all nodes 19962 | edges 54624 | classes 6 | feats 3713
train nodes 4990 | valid nodes 2495 | test in nodes 2496
test ood1 nodes 9981 
[INFO] env numbers: 6 train env numbers: 3
MODEL: CaNet(
  (experts): ModuleList(
    (0): ExpertNet(
      (convs): ModuleList(
        (0): CaNetConv(
          (leakyrelu): LeakyReLU(negative_slope=0.01)
        )
        (1): CaNetConv(
          (leakyrelu): LeakyReLU(negative_slope=0.01)
        )
      )
      (fcs): ModuleList(
        (0): Linear(in_features=3713, out_features=32, bias=True)
        (1): Linear(in_features=32, out_features=6, bias=True)
      )
      (act_fn): ReLU()
    )
    (1): ExpertNet(
      (convs): ModuleList(
        (0): CaNetConv(
          (leakyrelu): LeakyReLU(negative_slope=0.01)
        )
        (1): CaNetConv(
          (leakyrelu): LeakyReLU(negative_slope=0.01)
        )
      )
      (fcs): ModuleList(
        (0): Linear(in_features=3713, out_features=32, bias=True)
        (1): Linear(in_features=32, out_features=6, bias=True)
      )
      (act_fn): ReLU()
    )
    (2): ExpertNet(
      (convs): ModuleList(
        (0): CaNetConv(
          (leakyrelu): LeakyReLU(negative_slope=0.01)
        )
        (1): CaNetConv(
          (leakyrelu): LeakyReLU(negative_slope=0.01)
        )
      )
      (fcs): ModuleList(
        (0): Linear(in_features=3713, out_features=32, bias=True)
        (1): Linear(in_features=32, out_features=6, bias=True)
      )
      (act_fn): ReLU()
    )
  )
  (gate): Sequential(
    (0): Linear(in_features=3713, out_features=64, bias=True)
    (1): ReLU()
    (2): Linear(in_features=64, out_features=3, bias=True)
  )
)
[INFO] TensorBoard logging activated. Logs will be saved to: ./runs/citeseer/Apr19_21-17-59_lamda_0.5_otheragg_mean
Epoch: 00, Loss: 8.0995, Train: 21.10%, Valid: 20.76%, Test In: 21.31% Test OOD1: 21.09% 
Epoch: 01, Loss: 8.0327, Train: 22.81%, Valid: 22.00%, Test In: 22.64% Test OOD1: 28.00% 
Epoch: 02, Loss: 7.9353, Train: 32.65%, Valid: 30.46%, Test In: 31.89% Test OOD1: 36.02% 
Epoch: 03, Loss: 7.8015, Train: 36.35%, Valid: 34.43%, Test In: 36.06% Test OOD1: 37.01% 
Epoch: 04, Loss: 7.6478, Train: 36.17%, Valid: 34.35%, Test In: 36.10% Test OOD1: 37.25% 
Epoch: 05, Loss: 7.4671, Train: 36.17%, Valid: 34.47%, Test In: 35.46% Test OOD1: 38.59% 
Epoch: 06, Loss: 7.2610, Train: 44.53%, Valid: 43.25%, Test In: 43.71% Test OOD1: 44.56% 
Epoch: 07, Loss: 7.0269, Train: 54.85%, Valid: 52.67%, Test In: 54.09% Test OOD1: 55.13% 
Epoch: 08, Loss: 6.7719, Train: 61.44%, Valid: 58.44%, Test In: 60.54% Test OOD1: 60.69% 
Epoch: 09, Loss: 6.4549, Train: 67.09%, Valid: 65.13%, Test In: 66.31% Test OOD1: 62.80% 
Epoch: 10, Loss: 6.1190, Train: 71.02%, Valid: 69.30%, Test In: 70.51% Test OOD1: 65.05% 
Epoch: 11, Loss: 5.7475, Train: 73.99%, Valid: 72.10%, Test In: 73.12% Test OOD1: 67.89% 
Epoch: 12, Loss: 5.3466, Train: 76.55%, Valid: 73.95%, Test In: 76.12% Test OOD1: 69.91% 
Epoch: 13, Loss: 4.9419, Train: 78.16%, Valid: 75.99%, Test In: 77.12% Test OOD1: 69.11% 
Epoch: 14, Loss: 4.5509, Train: 79.38%, Valid: 77.39%, Test In: 78.37% Test OOD1: 68.78% 
Epoch: 15, Loss: 4.1812, Train: 79.92%, Valid: 77.88%, Test In: 79.49% Test OOD1: 69.31% 
Epoch: 16, Loss: 3.8519, Train: 80.48%, Valid: 78.24%, Test In: 79.45% Test OOD1: 68.85% 
Epoch: 17, Loss: 3.5597, Train: 80.86%, Valid: 78.80%, Test In: 80.05% Test OOD1: 68.31% 
Epoch: 18, Loss: 3.3573, Train: 81.04%, Valid: 78.88%, Test In: 80.25% Test OOD1: 68.76% 
Epoch: 19, Loss: 3.2011, Train: 81.52%, Valid: 79.28%, Test In: 80.85% Test OOD1: 69.40% 
Epoch: 20, Loss: 3.0625, Train: 82.18%, Valid: 80.00%, Test In: 81.37% Test OOD1: 69.87% 
Epoch: 21, Loss: 2.9531, Train: 82.59%, Valid: 80.60%, Test In: 81.89% Test OOD1: 69.71% 
Epoch: 22, Loss: 2.8365, Train: 83.23%, Valid: 81.12%, Test In: 82.21% Test OOD1: 69.29% 
Epoch: 23, Loss: 2.8022, Train: 83.57%, Valid: 81.32%, Test In: 82.13% Test OOD1: 69.31% 
Epoch: 24, Loss: 2.6993, Train: 84.13%, Valid: 81.60%, Test In: 82.41% Test OOD1: 69.54% 
Epoch: 25, Loss: 2.6465, Train: 84.59%, Valid: 81.56%, Test In: 82.89% Test OOD1: 69.64% 
Epoch: 26, Loss: 2.5751, Train: 84.73%, Valid: 81.56%, Test In: 82.81% Test OOD1: 69.85% 
Epoch: 27, Loss: 2.5280, Train: 84.97%, Valid: 82.00%, Test In: 82.77% Test OOD1: 70.28% 
Epoch: 28, Loss: 2.4531, Train: 85.29%, Valid: 81.88%, Test In: 82.85% Test OOD1: 70.72% 
Epoch: 29, Loss: 2.3758, Train: 85.45%, Valid: 81.92%, Test In: 82.97% Test OOD1: 71.10% 
Epoch: 30, Loss: 2.3148, Train: 85.73%, Valid: 82.04%, Test In: 83.01% Test OOD1: 71.41% 
Epoch: 31, Loss: 2.2704, Train: 85.91%, Valid: 82.16%, Test In: 83.01% Test OOD1: 71.88% 
Epoch: 32, Loss: 2.2262, Train: 86.11%, Valid: 82.16%, Test In: 82.89% Test OOD1: 72.13% 
Epoch: 33, Loss: 2.1978, Train: 86.33%, Valid: 82.28%, Test In: 82.97% Test OOD1: 72.53% 
Epoch: 34, Loss: 2.1489, Train: 86.59%, Valid: 82.24%, Test In: 83.25% Test OOD1: 72.86% 
Epoch: 35, Loss: 2.1101, Train: 87.01%, Valid: 82.28%, Test In: 83.41% Test OOD1: 73.02% 
Epoch: 36, Loss: 2.0509, Train: 87.31%, Valid: 82.24%, Test In: 83.53% Test OOD1: 73.39% 
Epoch: 37, Loss: 2.0196, Train: 87.54%, Valid: 82.53%, Test In: 84.01% Test OOD1: 73.56% 
Epoch: 38, Loss: 1.9793, Train: 87.90%, Valid: 82.53%, Test In: 83.93% Test OOD1: 73.86% 
Epoch: 39, Loss: 1.9051, Train: 88.44%, Valid: 82.89%, Test In: 84.21% Test OOD1: 74.02% 
Epoch: 40, Loss: 1.8909, Train: 88.90%, Valid: 83.17%, Test In: 84.13% Test OOD1: 74.36% 
Epoch: 41, Loss: 1.8478, Train: 89.14%, Valid: 83.37%, Test In: 84.05% Test OOD1: 74.69% 
Epoch: 42, Loss: 1.7847, Train: 89.30%, Valid: 83.53%, Test In: 84.01% Test OOD1: 74.86% 
Epoch: 43, Loss: 1.7604, Train: 89.42%, Valid: 83.61%, Test In: 84.17% Test OOD1: 75.18% 
Epoch: 44, Loss: 1.7088, Train: 89.72%, Valid: 83.77%, Test In: 84.25% Test OOD1: 75.35% 
Epoch: 45, Loss: 1.6831, Train: 89.90%, Valid: 84.05%, Test In: 84.29% Test OOD1: 75.58% 
Epoch: 46, Loss: 1.6466, Train: 90.14%, Valid: 83.77%, Test In: 84.33% Test OOD1: 75.88% 
Epoch: 47, Loss: 1.6215, Train: 90.60%, Valid: 84.05%, Test In: 84.29% Test OOD1: 75.97% 
Epoch: 48, Loss: 1.5854, Train: 90.54%, Valid: 84.21%, Test In: 84.62% Test OOD1: 76.01% 
Epoch: 49, Loss: 1.5529, Train: 90.72%, Valid: 84.09%, Test In: 84.90% Test OOD1: 76.23% 
Epoch: 50, Loss: 1.5306, Train: 90.92%, Valid: 84.09%, Test In: 84.90% Test OOD1: 76.31% 
Epoch: 51, Loss: 1.4882, Train: 91.26%, Valid: 83.89%, Test In: 84.90% Test OOD1: 76.61% 
Epoch: 52, Loss: 1.4296, Train: 91.52%, Valid: 84.25%, Test In: 85.10% Test OOD1: 77.00% 
Epoch: 53, Loss: 1.4232, Train: 91.64%, Valid: 84.49%, Test In: 85.06% Test OOD1: 77.46% 
Epoch: 54, Loss: 1.3755, Train: 91.88%, Valid: 84.61%, Test In: 85.06% Test OOD1: 77.71% 
Epoch: 55, Loss: 1.3401, Train: 92.16%, Valid: 84.61%, Test In: 85.22% Test OOD1: 77.75% 
Epoch: 56, Loss: 1.3363, Train: 92.51%, Valid: 84.49%, Test In: 85.54% Test OOD1: 77.91% 
Epoch: 57, Loss: 1.3018, Train: 92.75%, Valid: 84.49%, Test In: 85.90% Test OOD1: 78.16% 
Epoch: 58, Loss: 1.2907, Train: 92.77%, Valid: 84.69%, Test In: 85.66% Test OOD1: 78.58% 
Epoch: 59, Loss: 1.2521, Train: 92.99%, Valid: 84.69%, Test In: 85.50% Test OOD1: 78.99% 
Epoch: 60, Loss: 1.2101, Train: 93.25%, Valid: 84.65%, Test In: 85.70% Test OOD1: 79.04% 
Epoch: 61, Loss: 1.1997, Train: 93.25%, Valid: 84.65%, Test In: 85.86% Test OOD1: 79.27% 
Epoch: 62, Loss: 1.1743, Train: 93.37%, Valid: 84.69%, Test In: 85.98% Test OOD1: 79.61% 
Epoch: 63, Loss: 1.1621, Train: 93.63%, Valid: 84.89%, Test In: 85.98% Test OOD1: 80.15% 
Epoch: 64, Loss: 1.1448, Train: 93.73%, Valid: 84.93%, Test In: 85.90% Test OOD1: 80.38% 
Epoch: 65, Loss: 1.1138, Train: 93.99%, Valid: 85.25%, Test In: 86.06% Test OOD1: 80.57% 
Epoch: 66, Loss: 1.1057, Train: 93.95%, Valid: 85.17%, Test In: 86.14% Test OOD1: 80.79% 
Epoch: 67, Loss: 1.1036, Train: 94.19%, Valid: 85.13%, Test In: 86.34% Test OOD1: 81.15% 
Epoch: 68, Loss: 1.0649, Train: 94.39%, Valid: 85.25%, Test In: 86.42% Test OOD1: 81.41% 
Epoch: 69, Loss: 1.0350, Train: 94.63%, Valid: 85.45%, Test In: 86.42% Test OOD1: 81.42% 
Epoch: 70, Loss: 1.0442, Train: 94.59%, Valid: 85.77%, Test In: 86.54% Test OOD1: 81.57% 
Epoch: 71, Loss: 0.9887, Train: 94.61%, Valid: 85.85%, Test In: 86.70% Test OOD1: 81.83% 
Epoch: 72, Loss: 0.9847, Train: 94.65%, Valid: 85.85%, Test In: 86.82% Test OOD1: 82.19% 
Epoch: 73, Loss: 0.9654, Train: 94.99%, Valid: 85.85%, Test In: 86.62% Test OOD1: 82.90% 
Epoch: 74, Loss: 0.9764, Train: 94.93%, Valid: 86.05%, Test In: 86.78% Test OOD1: 83.01% 
Epoch: 75, Loss: 0.9346, Train: 94.99%, Valid: 86.21%, Test In: 86.86% Test OOD1: 82.90% 
Epoch: 76, Loss: 0.9396, Train: 95.31%, Valid: 86.21%, Test In: 87.10% Test OOD1: 82.98% 
Epoch: 77, Loss: 0.8904, Train: 95.33%, Valid: 86.41%, Test In: 87.30% Test OOD1: 83.14% 
Epoch: 78, Loss: 0.9055, Train: 95.33%, Valid: 86.37%, Test In: 87.34% Test OOD1: 83.44% 
Epoch: 79, Loss: 0.8599, Train: 95.45%, Valid: 86.57%, Test In: 87.46% Test OOD1: 83.67% 
Epoch: 80, Loss: 0.8535, Train: 95.55%, Valid: 86.61%, Test In: 87.42% Test OOD1: 83.85% 
Epoch: 81, Loss: 0.8633, Train: 95.71%, Valid: 86.69%, Test In: 87.54% Test OOD1: 83.95% 
Epoch: 82, Loss: 0.8511, Train: 95.83%, Valid: 86.69%, Test In: 87.46% Test OOD1: 84.07% 
Epoch: 83, Loss: 0.8456, Train: 96.03%, Valid: 86.45%, Test In: 87.34% Test OOD1: 84.40% 
Epoch: 84, Loss: 0.8324, Train: 96.07%, Valid: 86.41%, Test In: 87.34% Test OOD1: 84.85% 
Epoch: 85, Loss: 0.8087, Train: 96.29%, Valid: 86.49%, Test In: 87.38% Test OOD1: 85.18% 
Epoch: 86, Loss: 0.7902, Train: 96.39%, Valid: 86.45%, Test In: 87.50% Test OOD1: 85.09% 
Epoch: 87, Loss: 0.7875, Train: 96.43%, Valid: 86.77%, Test In: 87.54% Test OOD1: 85.21% 
Epoch: 88, Loss: 0.7850, Train: 96.37%, Valid: 87.05%, Test In: 87.54% Test OOD1: 85.33% 
Epoch: 89, Loss: 0.7710, Train: 96.39%, Valid: 86.77%, Test In: 87.38% Test OOD1: 85.62% 
Epoch: 90, Loss: 0.7638, Train: 96.57%, Valid: 87.05%, Test In: 87.38% Test OOD1: 86.06% 
Epoch: 91, Loss: 0.7503, Train: 96.85%, Valid: 86.77%, Test In: 86.94% Test OOD1: 86.37% 
Epoch: 92, Loss: 0.7546, Train: 96.81%, Valid: 87.05%, Test In: 87.30% Test OOD1: 86.30% 
Epoch: 93, Loss: 0.7209, Train: 96.71%, Valid: 86.89%, Test In: 87.18% Test OOD1: 86.04% 
Epoch: 94, Loss: 0.7205, Train: 96.87%, Valid: 87.05%, Test In: 87.26% Test OOD1: 86.29% 
Epoch: 95, Loss: 0.7232, Train: 96.93%, Valid: 87.17%, Test In: 87.18% Test OOD1: 86.43% 
Epoch: 96, Loss: 0.7147, Train: 96.95%, Valid: 87.01%, Test In: 87.26% Test OOD1: 86.54% 
Epoch: 97, Loss: 0.7038, Train: 96.89%, Valid: 86.97%, Test In: 87.30% Test OOD1: 86.67% 
Epoch: 98, Loss: 0.7027, Train: 97.07%, Valid: 86.81%, Test In: 87.34% Test OOD1: 86.88% 
Epoch: 99, Loss: 0.6613, Train: 97.07%, Valid: 86.85%, Test In: 87.62% Test OOD1: 86.93% 
Epoch: 100, Loss: 0.6712, Train: 97.03%, Valid: 86.93%, Test In: 87.66% Test OOD1: 87.03% 
Epoch: 101, Loss: 0.6614, Train: 97.07%, Valid: 86.81%, Test In: 87.50% Test OOD1: 87.06% 
Epoch: 102, Loss: 0.6549, Train: 97.31%, Valid: 86.85%, Test In: 87.34% Test OOD1: 87.18% 
Epoch: 103, Loss: 0.6461, Train: 97.43%, Valid: 87.01%, Test In: 87.38% Test OOD1: 87.16% 
Epoch: 104, Loss: 0.6632, Train: 97.33%, Valid: 86.93%, Test In: 87.50% Test OOD1: 87.20% 
Epoch: 105, Loss: 0.6276, Train: 97.39%, Valid: 86.93%, Test In: 87.34% Test OOD1: 87.31% 
Epoch: 106, Loss: 0.6295, Train: 97.41%, Valid: 86.81%, Test In: 87.18% Test OOD1: 87.38% 
Epoch: 107, Loss: 0.6258, Train: 97.54%, Valid: 86.69%, Test In: 87.06% Test OOD1: 87.60% 
Epoch: 108, Loss: 0.6000, Train: 97.84%, Valid: 86.77%, Test In: 87.34% Test OOD1: 87.70% 
Epoch: 109, Loss: 0.5962, Train: 97.80%, Valid: 86.69%, Test In: 87.34% Test OOD1: 87.94% 
Epoch: 110, Loss: 0.6048, Train: 97.76%, Valid: 86.61%, Test In: 87.26% Test OOD1: 87.92% 
Epoch: 111, Loss: 0.5930, Train: 97.54%, Valid: 86.53%, Test In: 87.14% Test OOD1: 88.01% 
Epoch: 112, Loss: 0.5723, Train: 97.78%, Valid: 86.53%, Test In: 87.14% Test OOD1: 88.11% 
Epoch: 113, Loss: 0.5929, Train: 98.10%, Valid: 86.77%, Test In: 86.90% Test OOD1: 88.15% 
Epoch: 114, Loss: 0.5735, Train: 98.02%, Valid: 86.85%, Test In: 87.10% Test OOD1: 88.16% 
Epoch: 115, Loss: 0.5710, Train: 97.82%, Valid: 86.85%, Test In: 87.10% Test OOD1: 88.23% 
Epoch: 116, Loss: 0.5739, Train: 97.94%, Valid: 86.61%, Test In: 87.38% Test OOD1: 88.27% 
Epoch: 117, Loss: 0.5765, Train: 98.00%, Valid: 86.65%, Test In: 87.34% Test OOD1: 88.33% 
Epoch: 118, Loss: 0.5626, Train: 98.06%, Valid: 86.45%, Test In: 87.26% Test OOD1: 88.24% 
Epoch: 119, Loss: 0.5614, Train: 98.26%, Valid: 86.49%, Test In: 87.34% Test OOD1: 88.49% 
Epoch: 120, Loss: 0.5536, Train: 98.32%, Valid: 86.53%, Test In: 87.14% Test OOD1: 88.57% 
Epoch: 121, Loss: 0.5392, Train: 98.24%, Valid: 86.73%, Test In: 87.18% Test OOD1: 88.89% 
Epoch: 122, Loss: 0.5423, Train: 98.16%, Valid: 86.85%, Test In: 87.18% Test OOD1: 88.91% 
Epoch: 123, Loss: 0.5466, Train: 98.10%, Valid: 86.73%, Test In: 87.26% Test OOD1: 88.82% 
Epoch: 124, Loss: 0.5266, Train: 98.32%, Valid: 86.57%, Test In: 87.26% Test OOD1: 88.82% 
Epoch: 125, Loss: 0.5273, Train: 98.26%, Valid: 86.65%, Test In: 87.26% Test OOD1: 88.86% 
Epoch: 126, Loss: 0.5075, Train: 98.22%, Valid: 86.85%, Test In: 87.10% Test OOD1: 89.11% 
Epoch: 127, Loss: 0.5175, Train: 98.26%, Valid: 86.61%, Test In: 87.22% Test OOD1: 89.30% 
Epoch: 128, Loss: 0.4993, Train: 98.26%, Valid: 86.69%, Test In: 87.02% Test OOD1: 89.39% 
Epoch: 129, Loss: 0.5108, Train: 98.38%, Valid: 86.65%, Test In: 87.10% Test OOD1: 89.36% 
Epoch: 130, Loss: 0.5051, Train: 98.20%, Valid: 86.73%, Test In: 87.06% Test OOD1: 89.16% 
Epoch: 131, Loss: 0.4946, Train: 98.26%, Valid: 86.93%, Test In: 87.10% Test OOD1: 89.09% 
Epoch: 132, Loss: 0.5040, Train: 98.36%, Valid: 86.89%, Test In: 87.34% Test OOD1: 89.65% 
Epoch: 133, Loss: 0.4883, Train: 98.46%, Valid: 86.85%, Test In: 87.30% Test OOD1: 89.78% 
Epoch: 134, Loss: 0.4856, Train: 98.52%, Valid: 86.61%, Test In: 87.14% Test OOD1: 89.50% 
Epoch: 135, Loss: 0.4767, Train: 98.40%, Valid: 86.65%, Test In: 87.26% Test OOD1: 89.44% 
Epoch: 136, Loss: 0.4681, Train: 98.50%, Valid: 86.69%, Test In: 87.14% Test OOD1: 89.59% 
Epoch: 137, Loss: 0.4882, Train: 98.70%, Valid: 86.85%, Test In: 87.18% Test OOD1: 90.07% 
Epoch: 138, Loss: 0.4650, Train: 98.66%, Valid: 86.77%, Test In: 87.02% Test OOD1: 90.13% 
Epoch: 139, Loss: 0.4741, Train: 98.74%, Valid: 86.61%, Test In: 87.30% Test OOD1: 90.20% 
Epoch: 140, Loss: 0.4536, Train: 98.66%, Valid: 86.61%, Test In: 87.26% Test OOD1: 89.97% 
Epoch: 141, Loss: 0.4619, Train: 98.80%, Valid: 86.69%, Test In: 87.30% Test OOD1: 90.05% 
Epoch: 142, Loss: 0.4495, Train: 98.70%, Valid: 86.57%, Test In: 87.10% Test OOD1: 90.05% 
Epoch: 143, Loss: 0.4444, Train: 98.80%, Valid: 86.53%, Test In: 87.02% Test OOD1: 90.06% 
Epoch: 144, Loss: 0.4512, Train: 98.90%, Valid: 86.45%, Test In: 87.14% Test OOD1: 90.16% 
Epoch: 145, Loss: 0.4402, Train: 98.90%, Valid: 86.41%, Test In: 87.14% Test OOD1: 90.16% 
Epoch: 146, Loss: 0.4426, Train: 98.86%, Valid: 86.57%, Test In: 87.14% Test OOD1: 90.06% 
Epoch: 147, Loss: 0.4299, Train: 98.88%, Valid: 86.77%, Test In: 87.18% Test OOD1: 90.09% 
Epoch: 148, Loss: 0.4355, Train: 98.94%, Valid: 86.77%, Test In: 87.34% Test OOD1: 90.19% 
Epoch: 149, Loss: 0.4374, Train: 98.94%, Valid: 87.13%, Test In: 87.30% Test OOD1: 90.24% 
Epoch: 150, Loss: 0.4252, Train: 99.00%, Valid: 86.93%, Test In: 87.34% Test OOD1: 90.34% 
Epoch: 151, Loss: 0.4239, Train: 99.00%, Valid: 86.69%, Test In: 87.10% Test OOD1: 90.43% 
Epoch: 152, Loss: 0.4210, Train: 99.00%, Valid: 86.69%, Test In: 87.14% Test OOD1: 90.47% 
Epoch: 153, Loss: 0.4098, Train: 99.04%, Valid: 86.57%, Test In: 87.22% Test OOD1: 90.45% 
Epoch: 154, Loss: 0.4085, Train: 99.06%, Valid: 86.49%, Test In: 87.34% Test OOD1: 90.43% 
Epoch: 155, Loss: 0.4002, Train: 99.02%, Valid: 86.69%, Test In: 87.46% Test OOD1: 90.43% 
Epoch: 156, Loss: 0.4196, Train: 99.04%, Valid: 86.85%, Test In: 87.34% Test OOD1: 90.41% 
Epoch: 157, Loss: 0.4123, Train: 99.08%, Valid: 86.57%, Test In: 87.22% Test OOD1: 90.57% 
Epoch: 158, Loss: 0.3844, Train: 99.10%, Valid: 86.65%, Test In: 87.10% Test OOD1: 90.56% 
Epoch: 159, Loss: 0.3955, Train: 99.24%, Valid: 86.77%, Test In: 87.10% Test OOD1: 90.55% 
Epoch: 160, Loss: 0.3950, Train: 99.06%, Valid: 87.01%, Test In: 87.10% Test OOD1: 90.41% 
Epoch: 161, Loss: 0.4095, Train: 99.08%, Valid: 87.09%, Test In: 87.30% Test OOD1: 90.36% 
Epoch: 162, Loss: 0.4019, Train: 99.24%, Valid: 86.93%, Test In: 87.26% Test OOD1: 90.45% 
Epoch: 163, Loss: 0.3901, Train: 99.16%, Valid: 86.65%, Test In: 87.14% Test OOD1: 90.64% 
Epoch: 164, Loss: 0.3854, Train: 99.08%, Valid: 86.97%, Test In: 86.90% Test OOD1: 90.80% 
Epoch: 165, Loss: 0.3911, Train: 99.14%, Valid: 87.01%, Test In: 87.18% Test OOD1: 90.93% 
Epoch: 166, Loss: 0.3771, Train: 99.14%, Valid: 86.97%, Test In: 87.22% Test OOD1: 90.97% 
Epoch: 167, Loss: 0.3784, Train: 99.10%, Valid: 86.77%, Test In: 87.22% Test OOD1: 90.86% 
Epoch: 168, Loss: 0.3958, Train: 99.24%, Valid: 86.77%, Test In: 87.26% Test OOD1: 90.93% 
Epoch: 169, Loss: 0.3700, Train: 99.24%, Valid: 86.73%, Test In: 86.98% Test OOD1: 91.03% 
Epoch: 170, Loss: 0.3844, Train: 99.32%, Valid: 86.93%, Test In: 87.10% Test OOD1: 91.09% 
Epoch: 171, Loss: 0.3564, Train: 99.28%, Valid: 87.01%, Test In: 87.18% Test OOD1: 91.06% 
Epoch: 172, Loss: 0.3713, Train: 99.30%, Valid: 86.89%, Test In: 87.18% Test OOD1: 90.95% 
Epoch: 173, Loss: 0.3737, Train: 99.34%, Valid: 87.01%, Test In: 87.14% Test OOD1: 91.03% 
Epoch: 174, Loss: 0.3553, Train: 99.36%, Valid: 86.93%, Test In: 87.18% Test OOD1: 91.28% 
Epoch: 175, Loss: 0.3581, Train: 99.38%, Valid: 86.93%, Test In: 86.98% Test OOD1: 91.33% 
Epoch: 176, Loss: 0.3760, Train: 99.40%, Valid: 86.97%, Test In: 87.18% Test OOD1: 91.18% 
Epoch: 177, Loss: 0.3640, Train: 99.38%, Valid: 86.73%, Test In: 87.38% Test OOD1: 91.11% 
Epoch: 178, Loss: 0.3554, Train: 99.32%, Valid: 86.93%, Test In: 87.46% Test OOD1: 91.13% 
Epoch: 179, Loss: 0.3603, Train: 99.26%, Valid: 86.97%, Test In: 87.46% Test OOD1: 91.17% 
Epoch: 180, Loss: 0.3570, Train: 99.36%, Valid: 86.97%, Test In: 87.50% Test OOD1: 91.34% 
Epoch: 181, Loss: 0.3587, Train: 99.36%, Valid: 86.81%, Test In: 87.38% Test OOD1: 91.33% 
Epoch: 182, Loss: 0.3464, Train: 99.36%, Valid: 86.73%, Test In: 87.42% Test OOD1: 91.22% 
Epoch: 183, Loss: 0.3646, Train: 99.38%, Valid: 86.73%, Test In: 87.30% Test OOD1: 91.13% 
Epoch: 184, Loss: 0.3454, Train: 99.32%, Valid: 86.97%, Test In: 87.54% Test OOD1: 91.25% 
Epoch: 185, Loss: 0.3393, Train: 99.38%, Valid: 86.97%, Test In: 87.42% Test OOD1: 91.40% 
Epoch: 186, Loss: 0.3502, Train: 99.42%, Valid: 86.65%, Test In: 87.46% Test OOD1: 91.51% 
Epoch: 187, Loss: 0.3416, Train: 99.40%, Valid: 86.61%, Test In: 87.46% Test OOD1: 91.68% 
Epoch: 188, Loss: 0.3332, Train: 99.40%, Valid: 86.65%, Test In: 87.26% Test OOD1: 91.57% 
Epoch: 189, Loss: 0.3343, Train: 99.22%, Valid: 86.69%, Test In: 87.18% Test OOD1: 91.34% 
Epoch: 190, Loss: 0.3292, Train: 99.26%, Valid: 86.85%, Test In: 87.26% Test OOD1: 91.30% 
Epoch: 191, Loss: 0.3343, Train: 99.48%, Valid: 86.89%, Test In: 87.26% Test OOD1: 91.52% 
Epoch: 192, Loss: 0.3416, Train: 99.40%, Valid: 86.61%, Test In: 87.06% Test OOD1: 91.76% 
Epoch: 193, Loss: 0.3385, Train: 99.50%, Valid: 86.65%, Test In: 87.30% Test OOD1: 91.66% 
Epoch: 194, Loss: 0.3339, Train: 99.54%, Valid: 86.61%, Test In: 86.98% Test OOD1: 91.45% 
Epoch: 195, Loss: 0.3187, Train: 99.50%, Valid: 86.81%, Test In: 87.18% Test OOD1: 91.32% 
Epoch: 196, Loss: 0.3352, Train: 99.48%, Valid: 86.73%, Test In: 87.38% Test OOD1: 91.56% 
Epoch: 197, Loss: 0.3301, Train: 99.52%, Valid: 86.81%, Test In: 87.14% Test OOD1: 91.74% 
Epoch: 198, Loss: 0.3147, Train: 99.52%, Valid: 86.81%, Test In: 87.26% Test OOD1: 91.80% 
Epoch: 199, Loss: 0.3217, Train: 99.52%, Valid: 86.85%, Test In: 87.42% Test OOD1: 91.83% 
Epoch: 200, Loss: 0.3301, Train: 99.44%, Valid: 86.93%, Test In: 87.26% Test OOD1: 91.79% 
Epoch: 201, Loss: 0.3128, Train: 99.54%, Valid: 86.85%, Test In: 87.30% Test OOD1: 91.74% 
Epoch: 202, Loss: 0.3230, Train: 99.60%, Valid: 86.69%, Test In: 87.42% Test OOD1: 91.72% 
Epoch: 203, Loss: 0.3009, Train: 99.56%, Valid: 86.89%, Test In: 87.26% Test OOD1: 91.82% 
Epoch: 204, Loss: 0.3084, Train: 99.54%, Valid: 86.89%, Test In: 87.14% Test OOD1: 91.78% 
Epoch: 205, Loss: 0.3134, Train: 99.60%, Valid: 87.05%, Test In: 87.14% Test OOD1: 91.90% 
Epoch: 206, Loss: 0.3196, Train: 99.58%, Valid: 86.93%, Test In: 87.30% Test OOD1: 91.97% 
Epoch: 207, Loss: 0.2868, Train: 99.56%, Valid: 86.89%, Test In: 87.42% Test OOD1: 92.06% 
Epoch: 208, Loss: 0.3124, Train: 99.54%, Valid: 86.85%, Test In: 87.30% Test OOD1: 91.94% 
Epoch: 209, Loss: 0.3065, Train: 99.52%, Valid: 86.81%, Test In: 87.22% Test OOD1: 91.83% 
Epoch: 210, Loss: 0.2856, Train: 99.56%, Valid: 86.85%, Test In: 86.86% Test OOD1: 91.79% 
Epoch: 211, Loss: 0.2967, Train: 99.56%, Valid: 87.01%, Test In: 86.82% Test OOD1: 91.76% 
Epoch: 212, Loss: 0.2870, Train: 99.64%, Valid: 86.89%, Test In: 86.98% Test OOD1: 92.08% 
Epoch: 213, Loss: 0.2827, Train: 99.68%, Valid: 87.05%, Test In: 87.22% Test OOD1: 92.29% 
Epoch: 214, Loss: 0.2892, Train: 99.72%, Valid: 87.09%, Test In: 87.30% Test OOD1: 92.29% 
Epoch: 215, Loss: 0.2899, Train: 99.70%, Valid: 87.09%, Test In: 87.34% Test OOD1: 92.27% 
Epoch: 216, Loss: 0.2857, Train: 99.68%, Valid: 86.97%, Test In: 87.18% Test OOD1: 92.15% 
Epoch: 217, Loss: 0.2784, Train: 99.64%, Valid: 86.97%, Test In: 87.14% Test OOD1: 92.20% 
Epoch: 218, Loss: 0.2880, Train: 99.64%, Valid: 87.17%, Test In: 87.30% Test OOD1: 92.23% 
Epoch: 219, Loss: 0.2939, Train: 99.70%, Valid: 87.13%, Test In: 87.26% Test OOD1: 92.25% 
Epoch: 220, Loss: 0.2761, Train: 99.74%, Valid: 87.21%, Test In: 87.50% Test OOD1: 92.26% 
Epoch: 221, Loss: 0.2704, Train: 99.70%, Valid: 87.09%, Test In: 87.34% Test OOD1: 92.15% 
Epoch: 222, Loss: 0.2842, Train: 99.62%, Valid: 86.97%, Test In: 87.46% Test OOD1: 92.16% 
Epoch: 223, Loss: 0.2820, Train: 99.60%, Valid: 87.05%, Test In: 87.34% Test OOD1: 92.23% 
Epoch: 224, Loss: 0.2767, Train: 99.60%, Valid: 87.13%, Test In: 87.38% Test OOD1: 92.22% 
Epoch: 225, Loss: 0.2649, Train: 99.58%, Valid: 86.97%, Test In: 87.38% Test OOD1: 92.13% 
Epoch: 226, Loss: 0.2752, Train: 99.60%, Valid: 87.01%, Test In: 87.34% Test OOD1: 92.24% 
Epoch: 227, Loss: 0.2882, Train: 99.60%, Valid: 87.13%, Test In: 87.30% Test OOD1: 92.31% 
Epoch: 228, Loss: 0.2746, Train: 99.64%, Valid: 87.29%, Test In: 87.22% Test OOD1: 92.40% 
Epoch: 229, Loss: 0.2738, Train: 99.66%, Valid: 87.25%, Test In: 87.30% Test OOD1: 92.37% 
Epoch: 230, Loss: 0.2741, Train: 99.72%, Valid: 87.09%, Test In: 87.22% Test OOD1: 92.28% 
Epoch: 231, Loss: 0.2767, Train: 99.70%, Valid: 86.89%, Test In: 87.34% Test OOD1: 92.31% 
Epoch: 232, Loss: 0.2736, Train: 99.70%, Valid: 86.73%, Test In: 87.22% Test OOD1: 92.30% 
Epoch: 233, Loss: 0.2758, Train: 99.70%, Valid: 86.85%, Test In: 87.22% Test OOD1: 92.40% 
Epoch: 234, Loss: 0.2639, Train: 99.76%, Valid: 87.09%, Test In: 87.22% Test OOD1: 92.47% 
Epoch: 235, Loss: 0.2672, Train: 99.78%, Valid: 87.17%, Test In: 87.34% Test OOD1: 92.49% 
Epoch: 236, Loss: 0.2618, Train: 99.80%, Valid: 86.89%, Test In: 87.38% Test OOD1: 92.48% 
Epoch: 237, Loss: 0.2564, Train: 99.74%, Valid: 87.09%, Test In: 87.42% Test OOD1: 92.34% 
Epoch: 238, Loss: 0.2641, Train: 99.76%, Valid: 87.05%, Test In: 87.42% Test OOD1: 92.34% 
Epoch: 239, Loss: 0.2661, Train: 99.72%, Valid: 87.05%, Test In: 87.34% Test OOD1: 92.47% 
Epoch: 240, Loss: 0.2567, Train: 99.62%, Valid: 86.81%, Test In: 87.34% Test OOD1: 92.58% 
Epoch: 241, Loss: 0.2694, Train: 99.66%, Valid: 86.89%, Test In: 87.38% Test OOD1: 92.72% 
Epoch: 242, Loss: 0.2567, Train: 99.64%, Valid: 87.05%, Test In: 87.22% Test OOD1: 92.54% 
Epoch: 243, Loss: 0.2662, Train: 99.64%, Valid: 86.97%, Test In: 87.62% Test OOD1: 92.45% 
Epoch: 244, Loss: 0.2592, Train: 99.64%, Valid: 86.89%, Test In: 87.62% Test OOD1: 92.36% 
Epoch: 245, Loss: 0.2631, Train: 99.66%, Valid: 87.01%, Test In: 87.50% Test OOD1: 92.44% 
Epoch: 246, Loss: 0.2508, Train: 99.66%, Valid: 86.93%, Test In: 87.14% Test OOD1: 92.58% 
Epoch: 247, Loss: 0.2486, Train: 99.62%, Valid: 86.77%, Test In: 87.22% Test OOD1: 92.63% 
Epoch: 248, Loss: 0.2404, Train: 99.70%, Valid: 86.93%, Test In: 87.26% Test OOD1: 92.72% 
Epoch: 249, Loss: 0.2471, Train: 99.78%, Valid: 87.25%, Test In: 87.46% Test OOD1: 92.79% 
Epoch: 250, Loss: 0.2482, Train: 99.80%, Valid: 87.41%, Test In: 87.42% Test OOD1: 92.69% 
Epoch: 251, Loss: 0.2564, Train: 99.82%, Valid: 87.37%, Test In: 87.34% Test OOD1: 92.72% 
Epoch: 252, Loss: 0.2475, Train: 99.80%, Valid: 87.37%, Test In: 87.34% Test OOD1: 92.67% 
Epoch: 253, Loss: 0.2594, Train: 99.76%, Valid: 87.17%, Test In: 87.30% Test OOD1: 92.75% 
Epoch: 254, Loss: 0.2334, Train: 99.76%, Valid: 87.25%, Test In: 87.18% Test OOD1: 92.89% 
Epoch: 255, Loss: 0.2576, Train: 99.76%, Valid: 87.29%, Test In: 87.34% Test OOD1: 92.92% 
Epoch: 256, Loss: 0.2425, Train: 99.74%, Valid: 87.33%, Test In: 87.30% Test OOD1: 92.96% 
Epoch: 257, Loss: 0.2380, Train: 99.80%, Valid: 87.41%, Test In: 87.46% Test OOD1: 92.93% 
Epoch: 258, Loss: 0.2370, Train: 99.80%, Valid: 87.41%, Test In: 87.62% Test OOD1: 92.82% 
Epoch: 259, Loss: 0.2345, Train: 99.80%, Valid: 87.41%, Test In: 87.66% Test OOD1: 92.84% 
Epoch: 260, Loss: 0.2426, Train: 99.82%, Valid: 87.29%, Test In: 87.50% Test OOD1: 92.95% 
Epoch: 261, Loss: 0.2493, Train: 99.78%, Valid: 87.21%, Test In: 87.46% Test OOD1: 93.10% 
Epoch: 262, Loss: 0.2251, Train: 99.78%, Valid: 87.17%, Test In: 87.42% Test OOD1: 93.07% 
Epoch: 263, Loss: 0.2388, Train: 99.84%, Valid: 87.25%, Test In: 87.42% Test OOD1: 93.01% 
Epoch: 264, Loss: 0.2403, Train: 99.86%, Valid: 87.29%, Test In: 87.50% Test OOD1: 92.79% 
Epoch: 265, Loss: 0.2250, Train: 99.84%, Valid: 87.29%, Test In: 87.62% Test OOD1: 92.81% 
Epoch: 266, Loss: 0.2247, Train: 99.82%, Valid: 87.41%, Test In: 87.50% Test OOD1: 92.91% 
Epoch: 267, Loss: 0.2296, Train: 99.84%, Valid: 87.33%, Test In: 87.46% Test OOD1: 93.01% 
Epoch: 268, Loss: 0.2249, Train: 99.82%, Valid: 87.29%, Test In: 87.54% Test OOD1: 93.05% 
Epoch: 269, Loss: 0.2286, Train: 99.86%, Valid: 87.33%, Test In: 87.62% Test OOD1: 93.02% 
Epoch: 270, Loss: 0.2323, Train: 99.82%, Valid: 87.25%, Test In: 87.66% Test OOD1: 93.10% 
Epoch: 271, Loss: 0.2228, Train: 99.80%, Valid: 87.25%, Test In: 87.62% Test OOD1: 93.00% 
Epoch: 272, Loss: 0.2459, Train: 99.80%, Valid: 87.17%, Test In: 87.66% Test OOD1: 92.92% 
Epoch: 273, Loss: 0.2252, Train: 99.82%, Valid: 87.33%, Test In: 87.58% Test OOD1: 92.88% 
Epoch: 274, Loss: 0.2203, Train: 99.84%, Valid: 87.37%, Test In: 87.58% Test OOD1: 92.92% 
Epoch: 275, Loss: 0.2122, Train: 99.86%, Valid: 87.25%, Test In: 87.30% Test OOD1: 92.96% 
Epoch: 276, Loss: 0.2156, Train: 99.88%, Valid: 87.29%, Test In: 87.46% Test OOD1: 92.92% 
Epoch: 277, Loss: 0.2169, Train: 99.90%, Valid: 87.41%, Test In: 87.82% Test OOD1: 93.01% 
Epoch: 278, Loss: 0.2246, Train: 99.90%, Valid: 87.13%, Test In: 87.82% Test OOD1: 92.89% 
Epoch: 279, Loss: 0.2138, Train: 99.88%, Valid: 87.17%, Test In: 87.86% Test OOD1: 92.97% 
Epoch: 280, Loss: 0.2140, Train: 99.86%, Valid: 87.09%, Test In: 87.70% Test OOD1: 93.05% 
Epoch: 281, Loss: 0.2172, Train: 99.86%, Valid: 86.97%, Test In: 87.46% Test OOD1: 93.10% 
Epoch: 282, Loss: 0.2205, Train: 99.88%, Valid: 87.13%, Test In: 87.54% Test OOD1: 93.12% 
Epoch: 283, Loss: 0.2113, Train: 99.88%, Valid: 87.25%, Test In: 87.78% Test OOD1: 93.08% 
Epoch: 284, Loss: 0.2161, Train: 99.90%, Valid: 87.17%, Test In: 87.74% Test OOD1: 93.13% 
Epoch: 285, Loss: 0.2118, Train: 99.92%, Valid: 87.17%, Test In: 87.74% Test OOD1: 93.05% 
Epoch: 286, Loss: 0.2069, Train: 99.90%, Valid: 87.29%, Test In: 87.58% Test OOD1: 93.13% 
Epoch: 287, Loss: 0.2127, Train: 99.92%, Valid: 87.45%, Test In: 87.54% Test OOD1: 93.21% 
Epoch: 288, Loss: 0.2084, Train: 99.92%, Valid: 87.45%, Test In: 87.58% Test OOD1: 93.21% 
Epoch: 289, Loss: 0.2019, Train: 99.92%, Valid: 87.29%, Test In: 87.50% Test OOD1: 93.25% 
Epoch: 290, Loss: 0.2102, Train: 99.86%, Valid: 87.58%, Test In: 87.62% Test OOD1: 93.12% 
Epoch: 291, Loss: 0.2080, Train: 99.86%, Valid: 87.41%, Test In: 87.54% Test OOD1: 93.14% 
Epoch: 292, Loss: 0.1980, Train: 99.88%, Valid: 87.37%, Test In: 87.50% Test OOD1: 93.10% 
Epoch: 293, Loss: 0.2044, Train: 99.94%, Valid: 87.37%, Test In: 87.58% Test OOD1: 93.12% 
Epoch: 294, Loss: 0.1919, Train: 99.96%, Valid: 87.62%, Test In: 87.46% Test OOD1: 93.16% 
Epoch: 295, Loss: 0.2163, Train: 99.94%, Valid: 87.58%, Test In: 87.46% Test OOD1: 93.19% 
Epoch: 296, Loss: 0.1973, Train: 99.94%, Valid: 87.66%, Test In: 87.46% Test OOD1: 93.16% 
Epoch: 297, Loss: 0.2022, Train: 99.88%, Valid: 87.62%, Test In: 87.50% Test OOD1: 93.13% 
Epoch: 298, Loss: 0.2110, Train: 99.90%, Valid: 87.78%, Test In: 87.58% Test OOD1: 93.06% 
Epoch: 299, Loss: 0.2002, Train: 99.86%, Valid: 87.74%, Test In: 87.42% Test OOD1: 93.20% 
Epoch: 300, Loss: 0.2088, Train: 99.92%, Valid: 87.45%, Test In: 87.42% Test OOD1: 93.32% 
Epoch: 301, Loss: 0.1994, Train: 99.86%, Valid: 87.70%, Test In: 87.58% Test OOD1: 93.42% 
Epoch: 302, Loss: 0.1859, Train: 99.88%, Valid: 87.74%, Test In: 87.58% Test OOD1: 93.37% 
Epoch: 303, Loss: 0.1962, Train: 99.90%, Valid: 87.54%, Test In: 87.62% Test OOD1: 93.29% 
Epoch: 304, Loss: 0.2062, Train: 99.90%, Valid: 87.58%, Test In: 87.58% Test OOD1: 93.23% 
Epoch: 305, Loss: 0.1894, Train: 99.94%, Valid: 87.62%, Test In: 87.46% Test OOD1: 93.18% 
Epoch: 306, Loss: 0.1971, Train: 99.90%, Valid: 87.74%, Test In: 87.62% Test OOD1: 93.36% 
Epoch: 307, Loss: 0.1910, Train: 99.86%, Valid: 87.49%, Test In: 87.58% Test OOD1: 93.44% 
Epoch: 308, Loss: 0.1899, Train: 99.84%, Valid: 87.58%, Test In: 87.50% Test OOD1: 93.52% 
Epoch: 309, Loss: 0.1896, Train: 99.84%, Valid: 87.41%, Test In: 87.58% Test OOD1: 93.55% 
Epoch: 310, Loss: 0.1983, Train: 99.86%, Valid: 87.33%, Test In: 87.58% Test OOD1: 93.52% 
Epoch: 311, Loss: 0.1834, Train: 99.86%, Valid: 87.33%, Test In: 87.54% Test OOD1: 93.53% 
Epoch: 312, Loss: 0.1909, Train: 99.88%, Valid: 87.45%, Test In: 87.62% Test OOD1: 93.60% 
Epoch: 313, Loss: 0.1814, Train: 99.90%, Valid: 87.41%, Test In: 87.54% Test OOD1: 93.58% 
Epoch: 314, Loss: 0.1945, Train: 99.90%, Valid: 87.54%, Test In: 87.70% Test OOD1: 93.54% 
Epoch: 315, Loss: 0.1964, Train: 99.92%, Valid: 87.49%, Test In: 87.78% Test OOD1: 93.53% 
Epoch: 316, Loss: 0.1931, Train: 99.94%, Valid: 87.49%, Test In: 87.74% Test OOD1: 93.52% 
Epoch: 317, Loss: 0.1826, Train: 99.92%, Valid: 87.58%, Test In: 87.50% Test OOD1: 93.51% 
Epoch: 318, Loss: 0.1908, Train: 99.92%, Valid: 87.54%, Test In: 87.62% Test OOD1: 93.56% 
Epoch: 319, Loss: 0.1818, Train: 99.92%, Valid: 87.49%, Test In: 87.58% Test OOD1: 93.61% 
Epoch: 320, Loss: 0.1856, Train: 99.90%, Valid: 87.37%, Test In: 87.50% Test OOD1: 93.66% 
Epoch: 321, Loss: 0.1834, Train: 99.92%, Valid: 87.49%, Test In: 87.62% Test OOD1: 93.66% 
Epoch: 322, Loss: 0.1853, Train: 99.92%, Valid: 87.54%, Test In: 87.46% Test OOD1: 93.68% 
Epoch: 323, Loss: 0.1809, Train: 99.94%, Valid: 87.70%, Test In: 87.66% Test OOD1: 93.68% 
Epoch: 324, Loss: 0.1809, Train: 99.92%, Valid: 87.74%, Test In: 87.66% Test OOD1: 93.62% 
Epoch: 325, Loss: 0.1895, Train: 99.88%, Valid: 87.45%, Test In: 87.78% Test OOD1: 93.50% 
Epoch: 326, Loss: 0.1694, Train: 99.88%, Valid: 87.49%, Test In: 87.86% Test OOD1: 93.58% 
Epoch: 327, Loss: 0.1641, Train: 99.92%, Valid: 87.45%, Test In: 87.70% Test OOD1: 93.64% 
Epoch: 328, Loss: 0.1789, Train: 99.94%, Valid: 87.33%, Test In: 87.90% Test OOD1: 93.65% 
Epoch: 329, Loss: 0.1817, Train: 99.94%, Valid: 87.49%, Test In: 87.70% Test OOD1: 93.63% 
Epoch: 330, Loss: 0.1973, Train: 99.96%, Valid: 87.58%, Test In: 87.78% Test OOD1: 93.64% 
Epoch: 331, Loss: 0.1773, Train: 99.90%, Valid: 87.37%, Test In: 87.86% Test OOD1: 93.59% 
Epoch: 332, Loss: 0.1733, Train: 99.94%, Valid: 87.13%, Test In: 87.82% Test OOD1: 93.50% 
Epoch: 333, Loss: 0.1753, Train: 99.94%, Valid: 87.01%, Test In: 87.98% Test OOD1: 93.46% 
Epoch: 334, Loss: 0.1581, Train: 99.94%, Valid: 87.45%, Test In: 87.62% Test OOD1: 93.55% 
Epoch: 335, Loss: 0.1986, Train: 99.90%, Valid: 87.37%, Test In: 87.70% Test OOD1: 93.52% 
Epoch: 336, Loss: 0.2151, Train: 99.90%, Valid: 87.41%, Test In: 87.42% Test OOD1: 93.45% 
Epoch: 337, Loss: 0.2285, Train: 99.96%, Valid: 87.33%, Test In: 87.38% Test OOD1: 93.49% 
Epoch: 338, Loss: 0.1918, Train: 99.84%, Valid: 87.17%, Test In: 87.66% Test OOD1: 93.39% 
Epoch: 339, Loss: 0.2058, Train: 99.88%, Valid: 87.17%, Test In: 87.54% Test OOD1: 93.37% 
Epoch: 340, Loss: 0.2519, Train: 99.88%, Valid: 87.58%, Test In: 87.62% Test OOD1: 93.32% 
Epoch: 341, Loss: 0.2043, Train: 99.86%, Valid: 87.58%, Test In: 87.74% Test OOD1: 93.38% 
Epoch: 342, Loss: 0.2066, Train: 99.90%, Valid: 87.49%, Test In: 87.66% Test OOD1: 93.33% 
Epoch: 343, Loss: 0.2049, Train: 99.92%, Valid: 87.62%, Test In: 87.66% Test OOD1: 93.37% 
Epoch: 344, Loss: 0.2122, Train: 99.86%, Valid: 87.49%, Test In: 87.82% Test OOD1: 93.32% 
Epoch: 345, Loss: 0.2013, Train: 99.86%, Valid: 87.49%, Test In: 87.82% Test OOD1: 93.36% 
Epoch: 346, Loss: 0.1928, Train: 99.90%, Valid: 87.29%, Test In: 87.46% Test OOD1: 93.38% 
Epoch: 347, Loss: 0.1950, Train: 99.90%, Valid: 87.45%, Test In: 87.46% Test OOD1: 93.56% 
Epoch: 348, Loss: 0.1988, Train: 99.90%, Valid: 87.62%, Test In: 87.58% Test OOD1: 93.51% 
Epoch: 349, Loss: 0.1898, Train: 99.90%, Valid: 87.37%, Test In: 87.50% Test OOD1: 93.45% 
Epoch: 350, Loss: 0.1799, Train: 99.92%, Valid: 87.58%, Test In: 87.38% Test OOD1: 93.43% 
Epoch: 351, Loss: 0.1821, Train: 99.90%, Valid: 87.54%, Test In: 87.58% Test OOD1: 93.46% 
Epoch: 352, Loss: 0.1934, Train: 99.94%, Valid: 87.62%, Test In: 87.66% Test OOD1: 93.64% 
Epoch: 353, Loss: 0.1780, Train: 99.94%, Valid: 87.78%, Test In: 87.58% Test OOD1: 93.64% 
Epoch: 354, Loss: 0.1781, Train: 99.92%, Valid: 87.70%, Test In: 87.70% Test OOD1: 93.60% 
Epoch: 355, Loss: 0.1763, Train: 99.94%, Valid: 87.62%, Test In: 87.62% Test OOD1: 93.64% 
Epoch: 356, Loss: 0.1753, Train: 99.94%, Valid: 87.49%, Test In: 87.62% Test OOD1: 93.69% 
Epoch: 357, Loss: 0.1804, Train: 99.94%, Valid: 87.54%, Test In: 87.58% Test OOD1: 93.65% 
Epoch: 358, Loss: 0.1746, Train: 99.94%, Valid: 87.54%, Test In: 87.50% Test OOD1: 93.65% 
Epoch: 359, Loss: 0.1822, Train: 99.94%, Valid: 87.66%, Test In: 87.58% Test OOD1: 93.59% 
Epoch: 360, Loss: 0.1619, Train: 99.94%, Valid: 87.66%, Test In: 87.62% Test OOD1: 93.59% 
Epoch: 361, Loss: 0.1683, Train: 99.96%, Valid: 87.66%, Test In: 87.58% Test OOD1: 93.58% 
Epoch: 362, Loss: 0.1689, Train: 99.94%, Valid: 87.62%, Test In: 87.58% Test OOD1: 93.60% 
Epoch: 363, Loss: 0.1684, Train: 99.96%, Valid: 87.70%, Test In: 87.70% Test OOD1: 93.68% 
Epoch: 364, Loss: 0.1734, Train: 99.96%, Valid: 87.82%, Test In: 87.58% Test OOD1: 93.67% 
Epoch: 365, Loss: 0.1691, Train: 99.96%, Valid: 87.62%, Test In: 87.42% Test OOD1: 93.73% 
Epoch: 366, Loss: 0.1644, Train: 99.98%, Valid: 87.78%, Test In: 87.58% Test OOD1: 93.69% 
Epoch: 367, Loss: 0.1634, Train: 99.98%, Valid: 87.58%, Test In: 87.66% Test OOD1: 93.63% 
Epoch: 368, Loss: 0.1565, Train: 99.98%, Valid: 87.74%, Test In: 87.70% Test OOD1: 93.59% 
Epoch: 369, Loss: 0.1503, Train: 99.98%, Valid: 87.66%, Test In: 87.74% Test OOD1: 93.61% 
Epoch: 370, Loss: 0.1633, Train: 99.98%, Valid: 87.78%, Test In: 87.78% Test OOD1: 93.55% 
Epoch: 371, Loss: 0.1572, Train: 99.98%, Valid: 87.74%, Test In: 87.70% Test OOD1: 93.66% 
Epoch: 372, Loss: 0.1591, Train: 99.98%, Valid: 87.62%, Test In: 87.54% Test OOD1: 93.76% 
Epoch: 373, Loss: 0.1623, Train: 99.98%, Valid: 87.66%, Test In: 87.54% Test OOD1: 93.71% 
Epoch: 374, Loss: 0.1601, Train: 99.98%, Valid: 87.62%, Test In: 87.54% Test OOD1: 93.62% 
Epoch: 375, Loss: 0.1614, Train: 99.98%, Valid: 87.62%, Test In: 87.54% Test OOD1: 93.54% 
Epoch: 376, Loss: 0.1604, Train: 100.00%, Valid: 87.45%, Test In: 87.70% Test OOD1: 93.47% 
Epoch: 377, Loss: 0.1726, Train: 100.00%, Valid: 87.70%, Test In: 87.78% Test OOD1: 93.60% 
Epoch: 378, Loss: 0.1669, Train: 100.00%, Valid: 87.74%, Test In: 87.66% Test OOD1: 93.68% 
Epoch: 379, Loss: 0.1434, Train: 100.00%, Valid: 87.74%, Test In: 87.86% Test OOD1: 93.70% 
Epoch: 380, Loss: 0.1563, Train: 100.00%, Valid: 87.70%, Test In: 87.86% Test OOD1: 93.60% 
Epoch: 381, Loss: 0.1536, Train: 100.00%, Valid: 87.62%, Test In: 87.90% Test OOD1: 93.59% 
Epoch: 382, Loss: 0.1582, Train: 99.98%, Valid: 87.58%, Test In: 87.66% Test OOD1: 93.62% 
Epoch: 383, Loss: 0.1532, Train: 99.98%, Valid: 87.58%, Test In: 87.78% Test OOD1: 93.70% 
Epoch: 384, Loss: 0.1489, Train: 99.98%, Valid: 87.58%, Test In: 87.94% Test OOD1: 93.74% 
Epoch: 385, Loss: 0.1495, Train: 100.00%, Valid: 87.70%, Test In: 87.94% Test OOD1: 93.77% 
Epoch: 386, Loss: 0.1437, Train: 100.00%, Valid: 87.74%, Test In: 87.86% Test OOD1: 93.69% 
Epoch: 387, Loss: 0.1434, Train: 100.00%, Valid: 87.54%, Test In: 87.82% Test OOD1: 93.71% 
Epoch: 388, Loss: 0.1435, Train: 100.00%, Valid: 87.54%, Test In: 87.98% Test OOD1: 93.75% 
Epoch: 389, Loss: 0.1474, Train: 99.98%, Valid: 87.62%, Test In: 87.90% Test OOD1: 93.76% 
Epoch: 390, Loss: 0.1425, Train: 99.96%, Valid: 87.58%, Test In: 87.94% Test OOD1: 93.74% 
Epoch: 391, Loss: 0.1537, Train: 99.96%, Valid: 87.82%, Test In: 87.82% Test OOD1: 93.81% 
Epoch: 392, Loss: 0.1387, Train: 99.96%, Valid: 87.82%, Test In: 87.66% Test OOD1: 93.84% 
Epoch: 393, Loss: 0.1385, Train: 99.96%, Valid: 87.70%, Test In: 87.66% Test OOD1: 93.90% 
Epoch: 394, Loss: 0.1431, Train: 99.98%, Valid: 87.66%, Test In: 87.66% Test OOD1: 93.90% 
Epoch: 395, Loss: 0.1355, Train: 99.98%, Valid: 87.78%, Test In: 87.70% Test OOD1: 93.89% 
Epoch: 396, Loss: 0.1486, Train: 99.98%, Valid: 87.74%, Test In: 87.78% Test OOD1: 93.92% 
Epoch: 397, Loss: 0.1474, Train: 100.00%, Valid: 87.74%, Test In: 87.82% Test OOD1: 93.94% 
Epoch: 398, Loss: 0.1523, Train: 99.98%, Valid: 87.74%, Test In: 88.02% Test OOD1: 93.83% 
Epoch: 399, Loss: 0.1455, Train: 99.98%, Valid: 87.94%, Test In: 87.82% Test OOD1: 93.81% 
Epoch: 400, Loss: 0.1410, Train: 99.98%, Valid: 87.94%, Test In: 87.82% Test OOD1: 93.85% 
Epoch: 401, Loss: 0.1465, Train: 100.00%, Valid: 87.90%, Test In: 87.86% Test OOD1: 93.87% 
Epoch: 402, Loss: 0.1422, Train: 100.00%, Valid: 87.94%, Test In: 87.94% Test OOD1: 93.97% 
Epoch: 403, Loss: 0.1404, Train: 99.98%, Valid: 87.74%, Test In: 87.90% Test OOD1: 93.95% 
Epoch: 404, Loss: 0.1457, Train: 100.00%, Valid: 87.82%, Test In: 88.06% Test OOD1: 93.94% 
Epoch: 405, Loss: 0.1432, Train: 100.00%, Valid: 87.90%, Test In: 88.02% Test OOD1: 93.90% 
Epoch: 406, Loss: 0.1322, Train: 100.00%, Valid: 87.94%, Test In: 87.94% Test OOD1: 93.91% 
Epoch: 407, Loss: 0.1323, Train: 100.00%, Valid: 87.94%, Test In: 88.18% Test OOD1: 93.96% 
Epoch: 408, Loss: 0.1356, Train: 100.00%, Valid: 88.02%, Test In: 88.10% Test OOD1: 93.96% 
Epoch: 409, Loss: 0.1278, Train: 100.00%, Valid: 88.02%, Test In: 87.90% Test OOD1: 93.90% 
Epoch: 410, Loss: 0.1297, Train: 99.98%, Valid: 88.06%, Test In: 87.82% Test OOD1: 94.01% 
Epoch: 411, Loss: 0.1300, Train: 99.98%, Valid: 88.14%, Test In: 87.82% Test OOD1: 93.98% 
Epoch: 412, Loss: 0.1392, Train: 100.00%, Valid: 87.86%, Test In: 87.86% Test OOD1: 93.88% 
Epoch: 413, Loss: 0.1366, Train: 100.00%, Valid: 87.82%, Test In: 87.62% Test OOD1: 93.85% 
Epoch: 414, Loss: 0.1386, Train: 99.98%, Valid: 87.86%, Test In: 87.66% Test OOD1: 93.88% 
Epoch: 415, Loss: 0.1317, Train: 99.98%, Valid: 87.98%, Test In: 87.78% Test OOD1: 93.92% 
Epoch: 416, Loss: 0.1289, Train: 99.96%, Valid: 88.02%, Test In: 87.90% Test OOD1: 94.00% 
Epoch: 417, Loss: 0.1185, Train: 99.96%, Valid: 87.94%, Test In: 87.94% Test OOD1: 93.96% 
Epoch: 418, Loss: 0.1312, Train: 99.96%, Valid: 88.06%, Test In: 87.90% Test OOD1: 93.93% 
Epoch: 419, Loss: 0.1244, Train: 99.98%, Valid: 88.14%, Test In: 87.78% Test OOD1: 93.96% 
Epoch: 420, Loss: 0.1348, Train: 99.98%, Valid: 88.02%, Test In: 87.94% Test OOD1: 93.82% 
Epoch: 421, Loss: 0.1330, Train: 99.98%, Valid: 87.90%, Test In: 88.02% Test OOD1: 93.94% 
Epoch: 422, Loss: 0.1352, Train: 100.00%, Valid: 87.98%, Test In: 88.02% Test OOD1: 93.99% 
Epoch: 423, Loss: 0.1307, Train: 100.00%, Valid: 88.06%, Test In: 88.18% Test OOD1: 94.09% 
Epoch: 424, Loss: 0.1298, Train: 100.00%, Valid: 87.90%, Test In: 88.18% Test OOD1: 94.01% 
Epoch: 425, Loss: 0.1231, Train: 100.00%, Valid: 88.02%, Test In: 88.14% Test OOD1: 93.91% 
Epoch: 426, Loss: 0.1190, Train: 100.00%, Valid: 87.94%, Test In: 88.14% Test OOD1: 93.92% 
Epoch: 427, Loss: 0.1348, Train: 100.00%, Valid: 87.86%, Test In: 88.14% Test OOD1: 93.89% 
Epoch: 428, Loss: 0.1190, Train: 100.00%, Valid: 87.86%, Test In: 88.14% Test OOD1: 93.93% 
Epoch: 429, Loss: 0.1237, Train: 100.00%, Valid: 87.90%, Test In: 88.10% Test OOD1: 93.96% 
Epoch: 430, Loss: 0.1356, Train: 100.00%, Valid: 87.98%, Test In: 88.02% Test OOD1: 94.01% 
Epoch: 431, Loss: 0.1315, Train: 100.00%, Valid: 88.06%, Test In: 87.94% Test OOD1: 93.97% 
Epoch: 432, Loss: 0.1293, Train: 100.00%, Valid: 88.06%, Test In: 88.02% Test OOD1: 93.96% 
Epoch: 433, Loss: 0.1231, Train: 100.00%, Valid: 88.06%, Test In: 87.86% Test OOD1: 93.88% 
Epoch: 434, Loss: 0.1342, Train: 99.98%, Valid: 88.10%, Test In: 87.90% Test OOD1: 93.90% 
Epoch: 435, Loss: 0.1147, Train: 99.98%, Valid: 88.10%, Test In: 87.94% Test OOD1: 93.89% 
Epoch: 436, Loss: 0.1266, Train: 99.98%, Valid: 88.06%, Test In: 88.26% Test OOD1: 94.02% 
Epoch: 437, Loss: 0.1258, Train: 99.98%, Valid: 88.22%, Test In: 88.26% Test OOD1: 93.97% 
Epoch: 438, Loss: 0.1322, Train: 99.98%, Valid: 88.22%, Test In: 88.26% Test OOD1: 94.02% 
Epoch: 439, Loss: 0.1323, Train: 99.98%, Valid: 88.18%, Test In: 88.22% Test OOD1: 93.94% 
Epoch: 440, Loss: 0.1249, Train: 99.98%, Valid: 88.18%, Test In: 88.06% Test OOD1: 93.84% 
Epoch: 441, Loss: 0.1252, Train: 99.98%, Valid: 88.06%, Test In: 88.06% Test OOD1: 93.85% 
Epoch: 442, Loss: 0.1166, Train: 99.98%, Valid: 88.02%, Test In: 88.22% Test OOD1: 93.86% 
Epoch: 443, Loss: 0.1264, Train: 99.98%, Valid: 88.06%, Test In: 88.06% Test OOD1: 93.96% 
Epoch: 444, Loss: 0.1278, Train: 100.00%, Valid: 88.18%, Test In: 88.14% Test OOD1: 93.98% 
Epoch: 445, Loss: 0.1190, Train: 100.00%, Valid: 88.14%, Test In: 88.18% Test OOD1: 94.10% 
Epoch: 446, Loss: 0.1246, Train: 100.00%, Valid: 88.14%, Test In: 88.30% Test OOD1: 94.12% 
Epoch: 447, Loss: 0.1208, Train: 100.00%, Valid: 88.26%, Test In: 88.26% Test OOD1: 94.03% 
Epoch: 448, Loss: 0.1269, Train: 99.98%, Valid: 88.22%, Test In: 88.26% Test OOD1: 93.94% 
Epoch: 449, Loss: 0.1224, Train: 99.98%, Valid: 88.34%, Test In: 88.14% Test OOD1: 93.90% 
Epoch: 450, Loss: 0.1206, Train: 99.98%, Valid: 88.38%, Test In: 88.02% Test OOD1: 93.92% 
Epoch: 451, Loss: 0.1230, Train: 100.00%, Valid: 88.58%, Test In: 87.98% Test OOD1: 93.92% 
Epoch: 452, Loss: 0.1156, Train: 99.98%, Valid: 88.22%, Test In: 88.10% Test OOD1: 93.97% 
Epoch: 453, Loss: 0.1261, Train: 99.98%, Valid: 88.26%, Test In: 88.14% Test OOD1: 94.00% 
Epoch: 454, Loss: 0.1230, Train: 99.98%, Valid: 88.38%, Test In: 88.14% Test OOD1: 94.07% 
Epoch: 455, Loss: 0.1197, Train: 100.00%, Valid: 88.42%, Test In: 88.26% Test OOD1: 93.98% 
Epoch: 456, Loss: 0.1109, Train: 100.00%, Valid: 88.22%, Test In: 88.26% Test OOD1: 93.97% 
Epoch: 457, Loss: 0.1195, Train: 100.00%, Valid: 88.34%, Test In: 88.22% Test OOD1: 93.96% 
Epoch: 458, Loss: 0.1345, Train: 100.00%, Valid: 88.14%, Test In: 88.18% Test OOD1: 93.98% 
Epoch: 459, Loss: 0.1141, Train: 100.00%, Valid: 88.02%, Test In: 88.34% Test OOD1: 93.98% 
Epoch: 460, Loss: 0.1189, Train: 100.00%, Valid: 88.22%, Test In: 88.22% Test OOD1: 94.13% 
Epoch: 461, Loss: 0.1197, Train: 99.98%, Valid: 88.34%, Test In: 87.94% Test OOD1: 94.21% 
Epoch: 462, Loss: 0.1170, Train: 99.98%, Valid: 88.26%, Test In: 87.90% Test OOD1: 94.21% 
Epoch: 463, Loss: 0.1233, Train: 99.98%, Valid: 88.26%, Test In: 87.90% Test OOD1: 94.15% 
Epoch: 464, Loss: 0.1161, Train: 99.98%, Valid: 88.14%, Test In: 88.06% Test OOD1: 94.10% 
Epoch: 465, Loss: 0.1060, Train: 100.00%, Valid: 88.06%, Test In: 88.06% Test OOD1: 94.00% 
Epoch: 466, Loss: 0.1114, Train: 99.98%, Valid: 87.98%, Test In: 88.14% Test OOD1: 93.96% 
Epoch: 467, Loss: 0.1083, Train: 99.98%, Valid: 88.06%, Test In: 88.18% Test OOD1: 93.94% 
Epoch: 468, Loss: 0.1235, Train: 99.98%, Valid: 88.14%, Test In: 88.26% Test OOD1: 94.03% 
Epoch: 469, Loss: 0.1158, Train: 99.98%, Valid: 88.06%, Test In: 88.34% Test OOD1: 94.12% 
Epoch: 470, Loss: 0.1124, Train: 99.98%, Valid: 88.30%, Test In: 88.38% Test OOD1: 94.19% 
Epoch: 471, Loss: 0.1127, Train: 99.98%, Valid: 88.14%, Test In: 88.34% Test OOD1: 94.13% 
Epoch: 472, Loss: 0.1131, Train: 99.98%, Valid: 88.22%, Test In: 88.26% Test OOD1: 94.10% 
Epoch: 473, Loss: 0.1099, Train: 99.98%, Valid: 88.22%, Test In: 88.30% Test OOD1: 94.07% 
Epoch: 474, Loss: 0.1164, Train: 99.98%, Valid: 88.22%, Test In: 88.26% Test OOD1: 94.11% 
Epoch: 475, Loss: 0.1066, Train: 100.00%, Valid: 88.18%, Test In: 88.42% Test OOD1: 94.10% 
Epoch: 476, Loss: 0.1133, Train: 100.00%, Valid: 88.30%, Test In: 88.42% Test OOD1: 94.08% 
Epoch: 477, Loss: 0.1089, Train: 100.00%, Valid: 88.30%, Test In: 88.34% Test OOD1: 94.07% 
Epoch: 478, Loss: 0.1096, Train: 100.00%, Valid: 88.26%, Test In: 88.30% Test OOD1: 94.11% 
Epoch: 479, Loss: 0.1148, Train: 100.00%, Valid: 88.30%, Test In: 88.34% Test OOD1: 94.17% 
Epoch: 480, Loss: 0.1032, Train: 100.00%, Valid: 88.42%, Test In: 88.38% Test OOD1: 94.14% 
Epoch: 481, Loss: 0.0994, Train: 100.00%, Valid: 88.30%, Test In: 88.42% Test OOD1: 94.13% 
Epoch: 482, Loss: 0.1026, Train: 100.00%, Valid: 88.38%, Test In: 88.38% Test OOD1: 94.12% 
Epoch: 483, Loss: 0.1107, Train: 100.00%, Valid: 88.30%, Test In: 88.38% Test OOD1: 94.13% 
Epoch: 484, Loss: 0.1064, Train: 100.00%, Valid: 88.42%, Test In: 88.50% Test OOD1: 94.17% 
Epoch: 485, Loss: 0.1049, Train: 100.00%, Valid: 88.38%, Test In: 88.46% Test OOD1: 94.21% 
Epoch: 486, Loss: 0.1096, Train: 100.00%, Valid: 88.54%, Test In: 88.50% Test OOD1: 94.22% 
Epoch: 487, Loss: 0.1007, Train: 99.98%, Valid: 88.50%, Test In: 88.38% Test OOD1: 94.20% 
Epoch: 488, Loss: 0.1115, Train: 99.98%, Valid: 88.50%, Test In: 88.38% Test OOD1: 94.24% 
Epoch: 489, Loss: 0.1033, Train: 99.98%, Valid: 88.58%, Test In: 88.30% Test OOD1: 94.28% 
Epoch: 490, Loss: 0.1083, Train: 100.00%, Valid: 88.50%, Test In: 88.38% Test OOD1: 94.27% 
Epoch: 491, Loss: 0.1144, Train: 100.00%, Valid: 88.54%, Test In: 88.34% Test OOD1: 94.23% 
Epoch: 492, Loss: 0.1049, Train: 100.00%, Valid: 88.50%, Test In: 88.38% Test OOD1: 94.24% 
Epoch: 493, Loss: 0.1068, Train: 100.00%, Valid: 88.34%, Test In: 88.50% Test OOD1: 94.20% 
Epoch: 494, Loss: 0.1123, Train: 100.00%, Valid: 88.26%, Test In: 88.50% Test OOD1: 94.19% 
Epoch: 495, Loss: 0.1061, Train: 100.00%, Valid: 88.34%, Test In: 88.66% Test OOD1: 94.23% 
Epoch: 496, Loss: 0.0989, Train: 100.00%, Valid: 88.38%, Test In: 88.62% Test OOD1: 94.24% 
Epoch: 497, Loss: 0.1044, Train: 100.00%, Valid: 88.50%, Test In: 88.70% Test OOD1: 94.31% 
Epoch: 498, Loss: 0.1094, Train: 100.00%, Valid: 88.46%, Test In: 88.54% Test OOD1: 94.29% 
Epoch: 499, Loss: 0.1100, Train: 100.00%, Valid: 88.66%, Test In: 88.62% Test OOD1: 94.26% 
Run 01:
Highest Train: 100.00
Highest Valid: 88.66
Highest In Test: 88.70
Highest OOD Test: 94.31
Chosen epoch: 500
Final Train: 100.00
Final In Test: 88.62
Final OOD Test: 94.26
Epoch: 00, Loss: 8.0859, Train: 21.10%, Valid: 20.76%, Test In: 21.31% Test OOD1: 21.07% 
Epoch: 01, Loss: 8.0266, Train: 21.10%, Valid: 20.76%, Test In: 21.31% Test OOD1: 21.09% 
Epoch: 02, Loss: 7.9381, Train: 21.62%, Valid: 21.28%, Test In: 21.75% Test OOD1: 24.52% 
Epoch: 03, Loss: 7.8205, Train: 28.54%, Valid: 27.33%, Test In: 28.33% Test OOD1: 28.07% 
Epoch: 04, Loss: 7.6783, Train: 30.32%, Valid: 28.90%, Test In: 30.21% Test OOD1: 36.13% 
Epoch: 05, Loss: 7.5109, Train: 33.33%, Valid: 30.94%, Test In: 32.97% Test OOD1: 41.54% 
Epoch: 06, Loss: 7.3497, Train: 42.16%, Valid: 39.56%, Test In: 40.87% Test OOD1: 50.69% 
Epoch: 07, Loss: 7.1417, Train: 54.49%, Valid: 52.42%, Test In: 53.89% Test OOD1: 61.09% 
Epoch: 08, Loss: 6.9093, Train: 64.37%, Valid: 61.96%, Test In: 62.86% Test OOD1: 67.11% 
Epoch: 09, Loss: 6.6316, Train: 70.28%, Valid: 68.42%, Test In: 68.79% Test OOD1: 68.75% 
Epoch: 10, Loss: 6.3440, Train: 73.33%, Valid: 71.10%, Test In: 72.56% Test OOD1: 70.11% 
Epoch: 11, Loss: 6.0123, Train: 76.21%, Valid: 74.27%, Test In: 75.16% Test OOD1: 70.62% 
Epoch: 12, Loss: 5.6522, Train: 77.84%, Valid: 75.95%, Test In: 76.68% Test OOD1: 70.40% 
Epoch: 13, Loss: 5.3132, Train: 78.88%, Valid: 76.91%, Test In: 77.56% Test OOD1: 69.25% 
Epoch: 14, Loss: 4.9302, Train: 79.36%, Valid: 77.56%, Test In: 78.33% Test OOD1: 67.36% 
Epoch: 15, Loss: 4.5596, Train: 80.02%, Valid: 77.92%, Test In: 79.29% Test OOD1: 66.60% 
Epoch: 16, Loss: 4.2144, Train: 80.44%, Valid: 78.40%, Test In: 79.85% Test OOD1: 67.00% 
Epoch: 17, Loss: 3.9419, Train: 80.38%, Valid: 78.52%, Test In: 79.73% Test OOD1: 67.92% 
Epoch: 18, Loss: 3.6878, Train: 80.72%, Valid: 78.96%, Test In: 80.01% Test OOD1: 67.62% 
Epoch: 19, Loss: 3.4897, Train: 80.94%, Valid: 79.36%, Test In: 80.53% Test OOD1: 67.72% 
Epoch: 20, Loss: 3.3184, Train: 81.22%, Valid: 79.32%, Test In: 80.65% Test OOD1: 67.45% 
Epoch: 21, Loss: 3.1386, Train: 81.46%, Valid: 79.16%, Test In: 80.65% Test OOD1: 67.78% 
Epoch: 22, Loss: 2.9915, Train: 81.66%, Valid: 79.16%, Test In: 80.77% Test OOD1: 68.31% 
Epoch: 23, Loss: 2.8798, Train: 82.00%, Valid: 79.68%, Test In: 81.21% Test OOD1: 68.52% 
Epoch: 24, Loss: 2.8074, Train: 82.79%, Valid: 80.60%, Test In: 81.29% Test OOD1: 68.84% 
Epoch: 25, Loss: 2.7623, Train: 83.83%, Valid: 81.04%, Test In: 81.69% Test OOD1: 68.70% 
Epoch: 26, Loss: 2.6776, Train: 84.55%, Valid: 81.36%, Test In: 82.09% Test OOD1: 68.40% 
Epoch: 27, Loss: 2.6093, Train: 84.89%, Valid: 81.60%, Test In: 82.33% Test OOD1: 68.59% 
Epoch: 28, Loss: 2.5598, Train: 85.19%, Valid: 81.52%, Test In: 82.21% Test OOD1: 68.78% 
Epoch: 29, Loss: 2.5094, Train: 85.55%, Valid: 81.76%, Test In: 82.37% Test OOD1: 69.08% 
Epoch: 30, Loss: 2.4390, Train: 85.79%, Valid: 82.04%, Test In: 82.77% Test OOD1: 69.41% 
Epoch: 31, Loss: 2.3734, Train: 86.01%, Valid: 81.92%, Test In: 82.81% Test OOD1: 69.94% 
Epoch: 32, Loss: 2.3002, Train: 86.23%, Valid: 82.00%, Test In: 82.85% Test OOD1: 70.46% 
Epoch: 33, Loss: 2.2414, Train: 86.65%, Valid: 82.36%, Test In: 83.17% Test OOD1: 70.98% 
Epoch: 34, Loss: 2.1626, Train: 87.07%, Valid: 82.57%, Test In: 83.77% Test OOD1: 71.45% 
Epoch: 35, Loss: 2.1267, Train: 87.33%, Valid: 82.65%, Test In: 83.85% Test OOD1: 72.24% 
Epoch: 36, Loss: 2.0731, Train: 87.72%, Valid: 82.73%, Test In: 84.01% Test OOD1: 72.60% 
Epoch: 37, Loss: 2.0296, Train: 87.92%, Valid: 82.73%, Test In: 84.01% Test OOD1: 72.97% 
Epoch: 38, Loss: 2.0058, Train: 88.32%, Valid: 82.89%, Test In: 84.09% Test OOD1: 73.53% 
Epoch: 39, Loss: 1.9358, Train: 88.52%, Valid: 82.89%, Test In: 84.25% Test OOD1: 74.01% 
Epoch: 40, Loss: 1.8828, Train: 88.84%, Valid: 83.17%, Test In: 84.05% Test OOD1: 74.46% 
Epoch: 41, Loss: 1.8512, Train: 89.24%, Valid: 83.21%, Test In: 84.25% Test OOD1: 74.79% 
Epoch: 42, Loss: 1.7983, Train: 89.36%, Valid: 83.05%, Test In: 84.29% Test OOD1: 75.09% 
Epoch: 43, Loss: 1.7627, Train: 89.60%, Valid: 83.21%, Test In: 84.42% Test OOD1: 75.41% 
Epoch: 44, Loss: 1.7294, Train: 89.74%, Valid: 83.29%, Test In: 84.33% Test OOD1: 75.77% 
Epoch: 45, Loss: 1.6731, Train: 90.00%, Valid: 83.77%, Test In: 84.38% Test OOD1: 76.14% 
Epoch: 46, Loss: 1.6308, Train: 90.24%, Valid: 83.81%, Test In: 84.46% Test OOD1: 76.36% 
Epoch: 47, Loss: 1.6144, Train: 90.34%, Valid: 83.69%, Test In: 84.54% Test OOD1: 76.59% 
Epoch: 48, Loss: 1.5515, Train: 90.72%, Valid: 83.81%, Test In: 84.54% Test OOD1: 76.98% 
Epoch: 49, Loss: 1.5497, Train: 90.90%, Valid: 83.89%, Test In: 84.86% Test OOD1: 77.16% 
Epoch: 50, Loss: 1.4794, Train: 91.18%, Valid: 84.05%, Test In: 84.86% Test OOD1: 77.14% 
Epoch: 51, Loss: 1.4714, Train: 91.36%, Valid: 84.17%, Test In: 84.78% Test OOD1: 77.47% 
Epoch: 52, Loss: 1.4407, Train: 91.64%, Valid: 84.41%, Test In: 84.74% Test OOD1: 77.77% 
Epoch: 53, Loss: 1.3806, Train: 92.04%, Valid: 84.45%, Test In: 84.94% Test OOD1: 77.89% 
Epoch: 54, Loss: 1.3888, Train: 92.24%, Valid: 84.37%, Test In: 85.10% Test OOD1: 78.00% 
Epoch: 55, Loss: 1.3487, Train: 92.48%, Valid: 84.37%, Test In: 85.34% Test OOD1: 78.06% 
Epoch: 56, Loss: 1.3077, Train: 92.59%, Valid: 84.61%, Test In: 85.54% Test OOD1: 78.15% 
Epoch: 57, Loss: 1.2976, Train: 92.71%, Valid: 84.53%, Test In: 85.66% Test OOD1: 78.76% 
Epoch: 58, Loss: 1.2532, Train: 92.83%, Valid: 84.65%, Test In: 85.74% Test OOD1: 79.18% 
Epoch: 59, Loss: 1.2386, Train: 93.15%, Valid: 84.77%, Test In: 85.90% Test OOD1: 79.43% 
Epoch: 60, Loss: 1.2061, Train: 93.33%, Valid: 84.97%, Test In: 86.02% Test OOD1: 79.53% 
Epoch: 61, Loss: 1.1801, Train: 93.37%, Valid: 84.85%, Test In: 86.10% Test OOD1: 79.46% 
Epoch: 62, Loss: 1.1619, Train: 93.39%, Valid: 84.97%, Test In: 86.26% Test OOD1: 79.53% 
Epoch: 63, Loss: 1.1431, Train: 93.57%, Valid: 85.01%, Test In: 86.18% Test OOD1: 79.90% 
Epoch: 64, Loss: 1.1126, Train: 93.63%, Valid: 84.89%, Test In: 86.30% Test OOD1: 80.21% 
Epoch: 65, Loss: 1.0977, Train: 93.91%, Valid: 85.17%, Test In: 86.54% Test OOD1: 80.55% 
Epoch: 66, Loss: 1.0627, Train: 94.05%, Valid: 85.05%, Test In: 86.42% Test OOD1: 80.61% 
Epoch: 67, Loss: 1.0508, Train: 94.27%, Valid: 85.13%, Test In: 86.46% Test OOD1: 80.84% 
Epoch: 68, Loss: 1.0394, Train: 94.35%, Valid: 85.13%, Test In: 86.66% Test OOD1: 81.02% 
Epoch: 69, Loss: 1.0049, Train: 94.49%, Valid: 85.09%, Test In: 86.70% Test OOD1: 81.22% 
Epoch: 70, Loss: 0.9886, Train: 94.65%, Valid: 85.33%, Test In: 86.74% Test OOD1: 81.21% 
Epoch: 71, Loss: 0.9696, Train: 94.87%, Valid: 85.37%, Test In: 86.82% Test OOD1: 81.31% 
Epoch: 72, Loss: 0.9686, Train: 94.97%, Valid: 85.41%, Test In: 86.82% Test OOD1: 81.46% 
Epoch: 73, Loss: 0.9416, Train: 95.13%, Valid: 85.65%, Test In: 86.78% Test OOD1: 81.80% 
Epoch: 74, Loss: 0.9356, Train: 95.03%, Valid: 85.77%, Test In: 86.74% Test OOD1: 82.15% 
Epoch: 75, Loss: 0.8988, Train: 95.43%, Valid: 85.57%, Test In: 86.62% Test OOD1: 82.52% 
Epoch: 76, Loss: 0.9053, Train: 95.49%, Valid: 85.45%, Test In: 86.58% Test OOD1: 82.43% 
Epoch: 77, Loss: 0.9000, Train: 95.71%, Valid: 85.45%, Test In: 86.66% Test OOD1: 82.65% 
Epoch: 78, Loss: 0.8735, Train: 95.49%, Valid: 85.85%, Test In: 86.58% Test OOD1: 83.04% 
Epoch: 79, Loss: 0.8568, Train: 95.59%, Valid: 85.61%, Test In: 86.54% Test OOD1: 83.41% 
Epoch: 80, Loss: 0.8408, Train: 95.87%, Valid: 85.69%, Test In: 86.62% Test OOD1: 83.56% 
Epoch: 81, Loss: 0.8341, Train: 96.27%, Valid: 85.65%, Test In: 86.30% Test OOD1: 83.55% 
Epoch: 82, Loss: 0.8433, Train: 95.97%, Valid: 85.81%, Test In: 86.70% Test OOD1: 83.64% 
Epoch: 83, Loss: 0.8276, Train: 95.75%, Valid: 85.61%, Test In: 86.70% Test OOD1: 83.91% 
Epoch: 84, Loss: 0.8057, Train: 96.23%, Valid: 85.57%, Test In: 86.62% Test OOD1: 84.15% 
Epoch: 85, Loss: 0.7928, Train: 96.51%, Valid: 85.49%, Test In: 86.30% Test OOD1: 84.50% 
Epoch: 86, Loss: 0.7780, Train: 96.45%, Valid: 85.65%, Test In: 86.66% Test OOD1: 84.44% 
Epoch: 87, Loss: 0.7684, Train: 96.23%, Valid: 85.81%, Test In: 86.54% Test OOD1: 84.55% 
Epoch: 88, Loss: 0.7498, Train: 96.47%, Valid: 85.69%, Test In: 86.70% Test OOD1: 84.70% 
Epoch: 89, Loss: 0.7493, Train: 96.65%, Valid: 85.85%, Test In: 86.30% Test OOD1: 85.11% 
Epoch: 90, Loss: 0.7470, Train: 96.63%, Valid: 85.69%, Test In: 86.22% Test OOD1: 85.26% 
Epoch: 91, Loss: 0.7426, Train: 96.67%, Valid: 85.53%, Test In: 86.54% Test OOD1: 85.18% 
Epoch: 92, Loss: 0.7222, Train: 96.87%, Valid: 85.61%, Test In: 86.46% Test OOD1: 85.27% 
Epoch: 93, Loss: 0.7158, Train: 97.07%, Valid: 85.57%, Test In: 86.30% Test OOD1: 85.34% 
Epoch: 94, Loss: 0.7083, Train: 97.17%, Valid: 85.53%, Test In: 86.38% Test OOD1: 85.60% 
Epoch: 95, Loss: 0.6810, Train: 97.05%, Valid: 85.61%, Test In: 86.22% Test OOD1: 85.81% 
Epoch: 96, Loss: 0.7012, Train: 96.95%, Valid: 85.57%, Test In: 86.18% Test OOD1: 85.88% 
Epoch: 97, Loss: 0.6613, Train: 97.19%, Valid: 85.57%, Test In: 86.18% Test OOD1: 86.18% 
Epoch: 98, Loss: 0.6683, Train: 97.31%, Valid: 85.81%, Test In: 86.22% Test OOD1: 86.19% 
Epoch: 99, Loss: 0.6498, Train: 97.43%, Valid: 85.69%, Test In: 86.18% Test OOD1: 86.17% 
Epoch: 100, Loss: 0.6398, Train: 97.29%, Valid: 85.53%, Test In: 86.34% Test OOD1: 86.40% 
Epoch: 101, Loss: 0.6341, Train: 97.41%, Valid: 85.53%, Test In: 86.22% Test OOD1: 86.81% 
Epoch: 102, Loss: 0.6413, Train: 97.58%, Valid: 85.41%, Test In: 86.02% Test OOD1: 86.96% 
Epoch: 103, Loss: 0.6172, Train: 97.66%, Valid: 85.33%, Test In: 86.26% Test OOD1: 87.08% 
Epoch: 104, Loss: 0.6102, Train: 97.54%, Valid: 85.53%, Test In: 86.26% Test OOD1: 87.09% 
Epoch: 105, Loss: 0.6365, Train: 97.58%, Valid: 85.57%, Test In: 86.22% Test OOD1: 87.15% 
Epoch: 106, Loss: 0.6141, Train: 97.66%, Valid: 85.25%, Test In: 86.10% Test OOD1: 87.13% 
Epoch: 107, Loss: 0.6061, Train: 97.78%, Valid: 85.09%, Test In: 85.82% Test OOD1: 87.34% 
Epoch: 108, Loss: 0.5958, Train: 97.82%, Valid: 85.25%, Test In: 85.74% Test OOD1: 87.60% 
Epoch: 109, Loss: 0.5920, Train: 97.86%, Valid: 85.57%, Test In: 85.86% Test OOD1: 87.38% 
Epoch: 110, Loss: 0.6093, Train: 97.68%, Valid: 85.41%, Test In: 86.02% Test OOD1: 87.19% 
Epoch: 111, Loss: 0.5812, Train: 97.74%, Valid: 85.41%, Test In: 85.78% Test OOD1: 87.51% 
Epoch: 112, Loss: 0.5716, Train: 98.18%, Valid: 85.17%, Test In: 85.74% Test OOD1: 87.85% 
Epoch: 113, Loss: 0.5597, Train: 98.12%, Valid: 85.17%, Test In: 85.62% Test OOD1: 87.87% 
Epoch: 114, Loss: 0.5665, Train: 98.08%, Valid: 85.57%, Test In: 85.82% Test OOD1: 87.97% 
Epoch: 115, Loss: 0.5451, Train: 97.78%, Valid: 85.57%, Test In: 85.74% Test OOD1: 88.04% 
Epoch: 116, Loss: 0.5527, Train: 98.02%, Valid: 85.49%, Test In: 85.90% Test OOD1: 88.11% 
Epoch: 117, Loss: 0.5523, Train: 98.20%, Valid: 85.29%, Test In: 86.06% Test OOD1: 88.32% 
Epoch: 118, Loss: 0.5402, Train: 98.22%, Valid: 85.29%, Test In: 85.86% Test OOD1: 88.50% 
Epoch: 119, Loss: 0.5327, Train: 98.28%, Valid: 85.57%, Test In: 86.06% Test OOD1: 88.48% 
Epoch: 120, Loss: 0.5459, Train: 97.98%, Valid: 85.45%, Test In: 85.74% Test OOD1: 88.33% 
Epoch: 121, Loss: 0.5453, Train: 98.36%, Valid: 85.49%, Test In: 86.06% Test OOD1: 88.42% 
Epoch: 122, Loss: 0.5141, Train: 98.36%, Valid: 85.41%, Test In: 85.94% Test OOD1: 88.41% 
Epoch: 123, Loss: 0.5171, Train: 98.44%, Valid: 85.57%, Test In: 85.98% Test OOD1: 88.55% 
Epoch: 124, Loss: 0.5184, Train: 98.40%, Valid: 85.49%, Test In: 86.02% Test OOD1: 88.69% 
Epoch: 125, Loss: 0.5093, Train: 98.46%, Valid: 85.45%, Test In: 85.90% Test OOD1: 88.70% 
Epoch: 126, Loss: 0.5083, Train: 98.44%, Valid: 85.45%, Test In: 85.74% Test OOD1: 88.49% 
Epoch: 127, Loss: 0.5059, Train: 98.50%, Valid: 85.57%, Test In: 85.58% Test OOD1: 88.49% 
Epoch: 128, Loss: 0.4811, Train: 98.60%, Valid: 85.53%, Test In: 85.70% Test OOD1: 88.83% 
Epoch: 129, Loss: 0.5049, Train: 98.38%, Valid: 85.53%, Test In: 86.02% Test OOD1: 89.28% 
Epoch: 130, Loss: 0.4819, Train: 98.48%, Valid: 85.29%, Test In: 86.14% Test OOD1: 89.32% 
Epoch: 131, Loss: 0.4960, Train: 98.50%, Valid: 85.53%, Test In: 85.86% Test OOD1: 89.01% 
Epoch: 132, Loss: 0.4588, Train: 98.50%, Valid: 85.41%, Test In: 85.78% Test OOD1: 88.85% 
Epoch: 133, Loss: 0.4801, Train: 98.74%, Valid: 85.17%, Test In: 85.62% Test OOD1: 88.97% 
Epoch: 134, Loss: 0.4665, Train: 98.70%, Valid: 85.17%, Test In: 85.66% Test OOD1: 89.19% 
Epoch: 135, Loss: 0.4697, Train: 98.64%, Valid: 85.13%, Test In: 86.06% Test OOD1: 89.29% 
Epoch: 136, Loss: 0.4584, Train: 98.50%, Valid: 85.25%, Test In: 85.70% Test OOD1: 89.41% 
Epoch: 137, Loss: 0.4591, Train: 98.72%, Valid: 85.05%, Test In: 85.66% Test OOD1: 89.32% 
Epoch: 138, Loss: 0.4566, Train: 99.02%, Valid: 84.61%, Test In: 85.42% Test OOD1: 89.51% 
Epoch: 139, Loss: 0.4444, Train: 98.94%, Valid: 84.85%, Test In: 85.46% Test OOD1: 89.60% 
Epoch: 140, Loss: 0.4505, Train: 98.82%, Valid: 85.17%, Test In: 85.82% Test OOD1: 89.61% 
Epoch: 141, Loss: 0.4513, Train: 98.84%, Valid: 85.37%, Test In: 85.86% Test OOD1: 89.46% 
Epoch: 142, Loss: 0.4361, Train: 98.88%, Valid: 85.13%, Test In: 85.86% Test OOD1: 89.49% 
Epoch: 143, Loss: 0.4395, Train: 98.92%, Valid: 85.05%, Test In: 85.66% Test OOD1: 89.59% 
Epoch: 144, Loss: 0.4372, Train: 98.94%, Valid: 84.97%, Test In: 85.86% Test OOD1: 89.80% 
Epoch: 145, Loss: 0.4229, Train: 98.92%, Valid: 85.29%, Test In: 85.90% Test OOD1: 89.82% 
Epoch: 146, Loss: 0.4268, Train: 98.98%, Valid: 85.57%, Test In: 85.82% Test OOD1: 89.62% 
Epoch: 147, Loss: 0.4281, Train: 99.00%, Valid: 85.45%, Test In: 85.58% Test OOD1: 89.63% 
Epoch: 148, Loss: 0.4221, Train: 99.18%, Valid: 85.37%, Test In: 85.46% Test OOD1: 89.81% 
Epoch: 149, Loss: 0.4158, Train: 99.10%, Valid: 85.13%, Test In: 85.50% Test OOD1: 89.96% 
Epoch: 150, Loss: 0.4089, Train: 99.02%, Valid: 85.33%, Test In: 85.66% Test OOD1: 89.96% 
Epoch: 151, Loss: 0.4158, Train: 98.98%, Valid: 85.53%, Test In: 85.78% Test OOD1: 89.96% 
Epoch: 152, Loss: 0.3983, Train: 99.06%, Valid: 85.49%, Test In: 85.86% Test OOD1: 89.96% 
Epoch: 153, Loss: 0.4085, Train: 99.18%, Valid: 85.37%, Test In: 85.86% Test OOD1: 90.04% 
Epoch: 154, Loss: 0.4101, Train: 99.20%, Valid: 85.37%, Test In: 85.94% Test OOD1: 90.24% 
Epoch: 155, Loss: 0.3885, Train: 99.14%, Valid: 85.45%, Test In: 85.98% Test OOD1: 90.36% 
Epoch: 156, Loss: 0.4110, Train: 99.16%, Valid: 85.25%, Test In: 85.62% Test OOD1: 90.28% 
Epoch: 157, Loss: 0.3932, Train: 99.16%, Valid: 85.29%, Test In: 85.70% Test OOD1: 90.27% 
Epoch: 158, Loss: 0.3966, Train: 99.12%, Valid: 85.33%, Test In: 85.38% Test OOD1: 90.22% 
Epoch: 159, Loss: 0.3913, Train: 99.08%, Valid: 85.45%, Test In: 85.82% Test OOD1: 90.28% 
Epoch: 160, Loss: 0.3927, Train: 99.06%, Valid: 85.29%, Test In: 85.90% Test OOD1: 90.43% 
Epoch: 161, Loss: 0.3921, Train: 99.12%, Valid: 84.89%, Test In: 85.86% Test OOD1: 90.57% 
Epoch: 162, Loss: 0.3934, Train: 99.16%, Valid: 84.89%, Test In: 85.54% Test OOD1: 90.51% 
Epoch: 163, Loss: 0.4003, Train: 99.36%, Valid: 84.73%, Test In: 85.82% Test OOD1: 90.48% 
Epoch: 164, Loss: 0.3868, Train: 99.28%, Valid: 85.13%, Test In: 85.94% Test OOD1: 90.38% 
Epoch: 165, Loss: 0.3771, Train: 99.16%, Valid: 85.33%, Test In: 85.94% Test OOD1: 90.43% 
Epoch: 166, Loss: 0.3809, Train: 99.18%, Valid: 85.17%, Test In: 86.18% Test OOD1: 90.56% 
Epoch: 167, Loss: 0.3716, Train: 99.32%, Valid: 85.01%, Test In: 85.74% Test OOD1: 90.66% 
Epoch: 168, Loss: 0.3778, Train: 99.26%, Valid: 85.17%, Test In: 85.54% Test OOD1: 90.71% 
Epoch: 169, Loss: 0.3665, Train: 99.34%, Valid: 85.13%, Test In: 85.74% Test OOD1: 90.74% 
Epoch: 170, Loss: 0.3695, Train: 99.18%, Valid: 85.41%, Test In: 86.02% Test OOD1: 90.72% 
Epoch: 171, Loss: 0.3644, Train: 99.14%, Valid: 85.33%, Test In: 86.02% Test OOD1: 90.78% 
Epoch: 172, Loss: 0.3739, Train: 99.16%, Valid: 85.45%, Test In: 85.90% Test OOD1: 90.94% 
Epoch: 173, Loss: 0.3492, Train: 99.30%, Valid: 84.89%, Test In: 85.62% Test OOD1: 90.74% 
Epoch: 174, Loss: 0.3607, Train: 99.18%, Valid: 84.81%, Test In: 85.54% Test OOD1: 90.67% 
Epoch: 175, Loss: 0.3550, Train: 99.40%, Valid: 84.93%, Test In: 85.42% Test OOD1: 90.75% 
Epoch: 176, Loss: 0.3496, Train: 99.26%, Valid: 85.29%, Test In: 85.66% Test OOD1: 90.82% 
Epoch: 177, Loss: 0.3535, Train: 99.22%, Valid: 85.21%, Test In: 85.78% Test OOD1: 90.85% 
Epoch: 178, Loss: 0.3581, Train: 99.34%, Valid: 85.25%, Test In: 85.66% Test OOD1: 90.85% 
Epoch: 179, Loss: 0.3364, Train: 99.24%, Valid: 85.17%, Test In: 85.82% Test OOD1: 90.79% 
Epoch: 180, Loss: 0.3473, Train: 99.24%, Valid: 85.01%, Test In: 85.74% Test OOD1: 90.71% 
Epoch: 181, Loss: 0.3375, Train: 99.44%, Valid: 85.29%, Test In: 85.54% Test OOD1: 90.78% 
Epoch: 182, Loss: 0.3378, Train: 99.52%, Valid: 85.21%, Test In: 85.62% Test OOD1: 91.01% 
Epoch: 183, Loss: 0.3482, Train: 99.34%, Valid: 85.09%, Test In: 85.74% Test OOD1: 91.19% 
Epoch: 184, Loss: 0.3269, Train: 99.38%, Valid: 85.17%, Test In: 85.70% Test OOD1: 91.24% 
Epoch: 185, Loss: 0.3429, Train: 99.38%, Valid: 85.25%, Test In: 85.54% Test OOD1: 91.15% 
Epoch: 186, Loss: 0.3337, Train: 99.38%, Valid: 85.41%, Test In: 85.70% Test OOD1: 90.90% 
Epoch: 187, Loss: 0.3360, Train: 99.38%, Valid: 85.33%, Test In: 85.62% Test OOD1: 90.94% 
Epoch: 188, Loss: 0.3288, Train: 99.40%, Valid: 85.25%, Test In: 85.66% Test OOD1: 91.05% 
Epoch: 189, Loss: 0.3307, Train: 99.40%, Valid: 85.49%, Test In: 85.70% Test OOD1: 91.20% 
Epoch: 190, Loss: 0.3254, Train: 99.42%, Valid: 85.25%, Test In: 85.74% Test OOD1: 91.32% 
Epoch: 191, Loss: 0.3354, Train: 99.60%, Valid: 85.37%, Test In: 85.58% Test OOD1: 91.23% 
Epoch: 192, Loss: 0.3060, Train: 99.58%, Valid: 85.13%, Test In: 85.74% Test OOD1: 91.24% 
Epoch: 193, Loss: 0.3290, Train: 99.48%, Valid: 85.17%, Test In: 85.82% Test OOD1: 91.31% 
Epoch: 194, Loss: 0.3205, Train: 99.52%, Valid: 85.25%, Test In: 85.74% Test OOD1: 91.33% 
Epoch: 195, Loss: 0.3226, Train: 99.52%, Valid: 85.29%, Test In: 85.70% Test OOD1: 91.38% 
Epoch: 196, Loss: 0.3123, Train: 99.60%, Valid: 85.25%, Test In: 85.66% Test OOD1: 91.50% 
Epoch: 197, Loss: 0.3100, Train: 99.60%, Valid: 85.01%, Test In: 85.50% Test OOD1: 91.57% 
Epoch: 198, Loss: 0.3097, Train: 99.62%, Valid: 85.25%, Test In: 85.50% Test OOD1: 91.48% 
Epoch: 199, Loss: 0.3086, Train: 99.58%, Valid: 85.13%, Test In: 85.42% Test OOD1: 91.46% 
Epoch: 200, Loss: 0.3204, Train: 99.54%, Valid: 85.09%, Test In: 85.70% Test OOD1: 91.33% 
Epoch: 201, Loss: 0.3197, Train: 99.62%, Valid: 85.17%, Test In: 85.58% Test OOD1: 91.38% 
Epoch: 202, Loss: 0.2978, Train: 99.56%, Valid: 85.29%, Test In: 85.46% Test OOD1: 91.51% 
Epoch: 203, Loss: 0.3024, Train: 99.64%, Valid: 85.41%, Test In: 85.42% Test OOD1: 91.62% 
Epoch: 204, Loss: 0.3044, Train: 99.56%, Valid: 85.17%, Test In: 85.38% Test OOD1: 91.60% 
Epoch: 205, Loss: 0.3091, Train: 99.58%, Valid: 85.25%, Test In: 85.54% Test OOD1: 91.53% 
Epoch: 206, Loss: 0.3015, Train: 99.60%, Valid: 85.29%, Test In: 85.78% Test OOD1: 91.63% 
Epoch: 207, Loss: 0.2804, Train: 99.64%, Valid: 85.21%, Test In: 85.90% Test OOD1: 91.63% 
Epoch: 208, Loss: 0.2973, Train: 99.60%, Valid: 85.37%, Test In: 85.78% Test OOD1: 91.70% 
Epoch: 209, Loss: 0.2930, Train: 99.68%, Valid: 85.29%, Test In: 85.46% Test OOD1: 91.69% 
Epoch: 210, Loss: 0.2821, Train: 99.66%, Valid: 85.13%, Test In: 85.66% Test OOD1: 91.54% 
Epoch: 211, Loss: 0.2945, Train: 99.62%, Valid: 85.29%, Test In: 85.54% Test OOD1: 91.41% 
Epoch: 212, Loss: 0.2884, Train: 99.60%, Valid: 85.21%, Test In: 85.58% Test OOD1: 91.34% 
Epoch: 213, Loss: 0.2870, Train: 99.62%, Valid: 85.29%, Test In: 85.86% Test OOD1: 91.47% 
Epoch: 214, Loss: 0.2779, Train: 99.60%, Valid: 85.41%, Test In: 85.94% Test OOD1: 91.52% 
Epoch: 215, Loss: 0.2838, Train: 99.66%, Valid: 85.53%, Test In: 85.90% Test OOD1: 91.61% 
Epoch: 216, Loss: 0.2898, Train: 99.68%, Valid: 85.53%, Test In: 85.78% Test OOD1: 91.66% 
Epoch: 217, Loss: 0.2735, Train: 99.66%, Valid: 85.45%, Test In: 85.70% Test OOD1: 91.61% 
Epoch: 218, Loss: 0.2916, Train: 99.68%, Valid: 85.45%, Test In: 85.74% Test OOD1: 91.68% 
Epoch: 219, Loss: 0.2704, Train: 99.62%, Valid: 85.61%, Test In: 85.86% Test OOD1: 91.69% 
Epoch: 220, Loss: 0.2718, Train: 99.62%, Valid: 85.45%, Test In: 85.90% Test OOD1: 91.62% 
Epoch: 221, Loss: 0.2853, Train: 99.62%, Valid: 85.53%, Test In: 85.98% Test OOD1: 91.64% 
Epoch: 222, Loss: 0.2719, Train: 99.72%, Valid: 85.61%, Test In: 85.82% Test OOD1: 91.59% 
Epoch: 223, Loss: 0.2758, Train: 99.74%, Valid: 85.73%, Test In: 85.90% Test OOD1: 91.57% 
Epoch: 224, Loss: 0.2699, Train: 99.72%, Valid: 85.61%, Test In: 85.98% Test OOD1: 91.50% 
Epoch: 225, Loss: 0.2692, Train: 99.70%, Valid: 85.53%, Test In: 85.78% Test OOD1: 91.57% 
Epoch: 226, Loss: 0.2701, Train: 99.68%, Valid: 85.53%, Test In: 85.86% Test OOD1: 91.52% 
Epoch: 227, Loss: 0.2797, Train: 99.66%, Valid: 85.45%, Test In: 85.82% Test OOD1: 91.57% 
Epoch: 228, Loss: 0.2666, Train: 99.70%, Valid: 85.69%, Test In: 85.70% Test OOD1: 91.66% 
Epoch: 229, Loss: 0.2633, Train: 99.74%, Valid: 85.65%, Test In: 85.82% Test OOD1: 91.83% 
Epoch: 230, Loss: 0.2703, Train: 99.70%, Valid: 85.45%, Test In: 86.14% Test OOD1: 92.00% 
Epoch: 231, Loss: 0.2457, Train: 99.70%, Valid: 85.61%, Test In: 86.18% Test OOD1: 92.01% 
Epoch: 232, Loss: 0.2609, Train: 99.72%, Valid: 85.73%, Test In: 86.14% Test OOD1: 92.02% 
Epoch: 233, Loss: 0.2532, Train: 99.78%, Valid: 85.69%, Test In: 85.62% Test OOD1: 92.02% 
Epoch: 234, Loss: 0.2555, Train: 99.68%, Valid: 85.49%, Test In: 85.46% Test OOD1: 91.99% 
Epoch: 235, Loss: 0.2487, Train: 99.66%, Valid: 85.61%, Test In: 85.54% Test OOD1: 91.96% 
Epoch: 236, Loss: 0.2513, Train: 99.74%, Valid: 85.97%, Test In: 85.90% Test OOD1: 92.02% 
Epoch: 237, Loss: 0.2508, Train: 99.76%, Valid: 85.81%, Test In: 85.90% Test OOD1: 92.09% 
Epoch: 238, Loss: 0.2531, Train: 99.78%, Valid: 85.89%, Test In: 85.90% Test OOD1: 92.16% 
Epoch: 239, Loss: 0.2487, Train: 99.76%, Valid: 85.69%, Test In: 85.78% Test OOD1: 92.19% 
Epoch: 240, Loss: 0.2464, Train: 99.76%, Valid: 85.77%, Test In: 85.62% Test OOD1: 92.19% 
Epoch: 241, Loss: 0.2535, Train: 99.76%, Valid: 85.69%, Test In: 85.62% Test OOD1: 92.04% 
Epoch: 242, Loss: 0.2590, Train: 99.78%, Valid: 85.61%, Test In: 85.78% Test OOD1: 92.08% 
Epoch: 243, Loss: 0.2377, Train: 99.80%, Valid: 85.85%, Test In: 85.86% Test OOD1: 92.20% 
Epoch: 244, Loss: 0.2424, Train: 99.76%, Valid: 85.81%, Test In: 86.14% Test OOD1: 92.22% 
Epoch: 245, Loss: 0.2431, Train: 99.78%, Valid: 85.93%, Test In: 86.10% Test OOD1: 92.14% 
Epoch: 246, Loss: 0.2406, Train: 99.80%, Valid: 86.13%, Test In: 85.86% Test OOD1: 92.25% 
Epoch: 247, Loss: 0.2509, Train: 99.80%, Valid: 86.09%, Test In: 85.78% Test OOD1: 92.29% 
Epoch: 248, Loss: 0.2411, Train: 99.82%, Valid: 85.93%, Test In: 85.78% Test OOD1: 92.31% 
Epoch: 249, Loss: 0.2359, Train: 99.82%, Valid: 85.93%, Test In: 85.78% Test OOD1: 92.22% 
Epoch: 250, Loss: 0.2399, Train: 99.76%, Valid: 86.01%, Test In: 85.82% Test OOD1: 92.28% 
Epoch: 251, Loss: 0.2357, Train: 99.78%, Valid: 85.93%, Test In: 85.86% Test OOD1: 92.23% 
Epoch: 252, Loss: 0.2333, Train: 99.80%, Valid: 86.05%, Test In: 85.90% Test OOD1: 92.40% 
Epoch: 253, Loss: 0.2375, Train: 99.84%, Valid: 86.13%, Test In: 85.78% Test OOD1: 92.46% 
Epoch: 254, Loss: 0.2424, Train: 99.88%, Valid: 86.25%, Test In: 85.82% Test OOD1: 92.59% 
Epoch: 255, Loss: 0.2356, Train: 99.86%, Valid: 86.17%, Test In: 85.98% Test OOD1: 92.58% 
Epoch: 256, Loss: 0.2276, Train: 99.84%, Valid: 86.01%, Test In: 85.90% Test OOD1: 92.49% 
Epoch: 257, Loss: 0.2283, Train: 99.82%, Valid: 85.81%, Test In: 86.06% Test OOD1: 92.37% 
Epoch: 258, Loss: 0.2362, Train: 99.80%, Valid: 85.97%, Test In: 86.02% Test OOD1: 92.45% 
Epoch: 259, Loss: 0.2298, Train: 99.80%, Valid: 85.85%, Test In: 86.02% Test OOD1: 92.50% 
Epoch: 260, Loss: 0.2229, Train: 99.84%, Valid: 85.77%, Test In: 86.02% Test OOD1: 92.67% 
Epoch: 261, Loss: 0.2325, Train: 99.82%, Valid: 85.81%, Test In: 86.06% Test OOD1: 92.71% 
Epoch: 262, Loss: 0.2268, Train: 99.82%, Valid: 85.81%, Test In: 86.06% Test OOD1: 92.63% 
Epoch: 263, Loss: 0.2360, Train: 99.86%, Valid: 85.85%, Test In: 85.94% Test OOD1: 92.58% 
Epoch: 264, Loss: 0.2169, Train: 99.82%, Valid: 85.77%, Test In: 86.10% Test OOD1: 92.54% 
Epoch: 265, Loss: 0.2322, Train: 99.84%, Valid: 85.73%, Test In: 86.02% Test OOD1: 92.59% 
Epoch: 266, Loss: 0.2150, Train: 99.84%, Valid: 85.85%, Test In: 86.06% Test OOD1: 92.71% 
Epoch: 267, Loss: 0.2228, Train: 99.86%, Valid: 85.77%, Test In: 85.98% Test OOD1: 92.80% 
Epoch: 268, Loss: 0.2295, Train: 99.84%, Valid: 85.81%, Test In: 86.10% Test OOD1: 92.73% 
Epoch: 269, Loss: 0.2202, Train: 99.84%, Valid: 85.93%, Test In: 86.06% Test OOD1: 92.62% 
Epoch: 270, Loss: 0.2179, Train: 99.80%, Valid: 85.93%, Test In: 86.14% Test OOD1: 92.59% 
Epoch: 271, Loss: 0.2128, Train: 99.78%, Valid: 85.85%, Test In: 86.26% Test OOD1: 92.72% 
Epoch: 272, Loss: 0.2109, Train: 99.82%, Valid: 85.77%, Test In: 86.34% Test OOD1: 92.78% 
Epoch: 273, Loss: 0.2109, Train: 99.82%, Valid: 85.73%, Test In: 86.30% Test OOD1: 92.75% 
Epoch: 274, Loss: 0.2212, Train: 99.84%, Valid: 86.05%, Test In: 86.02% Test OOD1: 92.84% 
Epoch: 275, Loss: 0.2092, Train: 99.84%, Valid: 85.85%, Test In: 86.06% Test OOD1: 92.91% 
Epoch: 276, Loss: 0.2279, Train: 99.84%, Valid: 85.81%, Test In: 86.06% Test OOD1: 92.94% 
Epoch: 277, Loss: 0.2208, Train: 99.84%, Valid: 85.81%, Test In: 86.06% Test OOD1: 92.99% 
Epoch: 278, Loss: 0.2160, Train: 99.88%, Valid: 85.93%, Test In: 85.94% Test OOD1: 92.85% 
Epoch: 279, Loss: 0.2175, Train: 99.88%, Valid: 85.97%, Test In: 86.26% Test OOD1: 92.83% 
Epoch: 280, Loss: 0.2103, Train: 99.88%, Valid: 85.93%, Test In: 86.02% Test OOD1: 92.92% 
Epoch: 281, Loss: 0.2015, Train: 99.90%, Valid: 85.93%, Test In: 85.86% Test OOD1: 92.92% 
Epoch: 282, Loss: 0.2196, Train: 99.88%, Valid: 85.93%, Test In: 86.02% Test OOD1: 92.86% 
Epoch: 283, Loss: 0.2025, Train: 99.86%, Valid: 85.73%, Test In: 86.02% Test OOD1: 92.86% 
Epoch: 284, Loss: 0.2237, Train: 99.84%, Valid: 85.85%, Test In: 86.22% Test OOD1: 92.92% 
Epoch: 285, Loss: 0.2110, Train: 99.86%, Valid: 85.81%, Test In: 86.38% Test OOD1: 92.94% 
Epoch: 286, Loss: 0.2040, Train: 99.84%, Valid: 85.77%, Test In: 86.46% Test OOD1: 92.92% 
Epoch: 287, Loss: 0.2189, Train: 99.90%, Valid: 85.89%, Test In: 86.34% Test OOD1: 92.93% 
Epoch: 288, Loss: 0.1939, Train: 99.86%, Valid: 86.17%, Test In: 86.22% Test OOD1: 92.83% 
Epoch: 289, Loss: 0.2017, Train: 99.84%, Valid: 86.09%, Test In: 86.22% Test OOD1: 92.79% 
Epoch: 290, Loss: 0.2161, Train: 99.84%, Valid: 86.17%, Test In: 86.18% Test OOD1: 92.82% 
Epoch: 291, Loss: 0.2045, Train: 99.88%, Valid: 86.01%, Test In: 86.18% Test OOD1: 92.90% 
Epoch: 292, Loss: 0.1932, Train: 99.90%, Valid: 86.17%, Test In: 86.34% Test OOD1: 93.00% 
Epoch: 293, Loss: 0.1903, Train: 99.88%, Valid: 86.13%, Test In: 86.26% Test OOD1: 93.10% 
Epoch: 294, Loss: 0.1933, Train: 99.88%, Valid: 86.01%, Test In: 86.18% Test OOD1: 93.08% 
Epoch: 295, Loss: 0.1963, Train: 99.90%, Valid: 86.01%, Test In: 86.18% Test OOD1: 93.15% 
Epoch: 296, Loss: 0.2037, Train: 99.94%, Valid: 85.85%, Test In: 86.26% Test OOD1: 93.14% 
Epoch: 297, Loss: 0.1899, Train: 99.96%, Valid: 85.81%, Test In: 86.22% Test OOD1: 92.96% 
Epoch: 298, Loss: 0.1889, Train: 99.92%, Valid: 85.89%, Test In: 86.26% Test OOD1: 92.89% 
Epoch: 299, Loss: 0.1905, Train: 99.90%, Valid: 85.97%, Test In: 86.26% Test OOD1: 92.96% 
Epoch: 300, Loss: 0.1961, Train: 99.88%, Valid: 86.05%, Test In: 86.46% Test OOD1: 92.99% 
Epoch: 301, Loss: 0.1838, Train: 99.90%, Valid: 85.97%, Test In: 86.30% Test OOD1: 93.04% 
Epoch: 302, Loss: 0.1881, Train: 99.90%, Valid: 86.09%, Test In: 86.30% Test OOD1: 93.13% 
Epoch: 303, Loss: 0.1792, Train: 99.92%, Valid: 86.01%, Test In: 86.26% Test OOD1: 93.10% 
Epoch: 304, Loss: 0.1946, Train: 99.96%, Valid: 86.01%, Test In: 86.14% Test OOD1: 93.10% 
Epoch: 305, Loss: 0.1853, Train: 99.94%, Valid: 86.05%, Test In: 86.18% Test OOD1: 93.02% 
Epoch: 306, Loss: 0.1893, Train: 99.92%, Valid: 86.09%, Test In: 86.26% Test OOD1: 92.93% 
Epoch: 307, Loss: 0.1913, Train: 99.88%, Valid: 86.25%, Test In: 86.42% Test OOD1: 93.02% 
Epoch: 308, Loss: 0.1859, Train: 99.88%, Valid: 86.37%, Test In: 86.26% Test OOD1: 93.15% 
Epoch: 309, Loss: 0.1810, Train: 99.88%, Valid: 86.41%, Test In: 86.42% Test OOD1: 93.15% 
Epoch: 310, Loss: 0.1885, Train: 99.90%, Valid: 86.29%, Test In: 86.18% Test OOD1: 93.10% 
Epoch: 311, Loss: 0.1920, Train: 99.90%, Valid: 86.25%, Test In: 86.34% Test OOD1: 93.08% 
Epoch: 312, Loss: 0.1922, Train: 99.92%, Valid: 86.29%, Test In: 86.34% Test OOD1: 93.02% 
Epoch: 313, Loss: 0.1873, Train: 99.92%, Valid: 86.37%, Test In: 86.42% Test OOD1: 92.98% 
Epoch: 314, Loss: 0.1863, Train: 99.92%, Valid: 86.29%, Test In: 86.54% Test OOD1: 93.04% 
Epoch: 315, Loss: 0.1822, Train: 99.94%, Valid: 86.25%, Test In: 86.58% Test OOD1: 93.03% 
Epoch: 316, Loss: 0.1760, Train: 99.94%, Valid: 86.25%, Test In: 86.50% Test OOD1: 93.11% 
Epoch: 317, Loss: 0.1918, Train: 99.98%, Valid: 86.13%, Test In: 86.62% Test OOD1: 93.12% 
Epoch: 318, Loss: 0.1974, Train: 99.96%, Valid: 86.09%, Test In: 86.78% Test OOD1: 93.11% 
Epoch: 319, Loss: 0.1820, Train: 99.92%, Valid: 86.33%, Test In: 86.74% Test OOD1: 93.00% 
Epoch: 320, Loss: 0.1870, Train: 99.92%, Valid: 86.25%, Test In: 86.58% Test OOD1: 93.07% 
Epoch: 321, Loss: 0.1831, Train: 99.94%, Valid: 86.37%, Test In: 86.62% Test OOD1: 93.12% 
Epoch: 322, Loss: 0.1804, Train: 99.98%, Valid: 86.17%, Test In: 86.62% Test OOD1: 93.12% 
Epoch: 323, Loss: 0.1956, Train: 99.94%, Valid: 86.13%, Test In: 86.70% Test OOD1: 93.23% 
Epoch: 324, Loss: 0.1804, Train: 99.92%, Valid: 86.37%, Test In: 86.86% Test OOD1: 93.32% 
Epoch: 325, Loss: 0.1820, Train: 99.92%, Valid: 86.53%, Test In: 86.98% Test OOD1: 93.31% 
Epoch: 326, Loss: 0.1832, Train: 99.90%, Valid: 86.57%, Test In: 86.98% Test OOD1: 93.18% 
Epoch: 327, Loss: 0.1886, Train: 99.86%, Valid: 86.65%, Test In: 86.82% Test OOD1: 93.12% 
Epoch: 328, Loss: 0.1771, Train: 99.88%, Valid: 86.61%, Test In: 86.74% Test OOD1: 93.21% 
Epoch: 329, Loss: 0.1745, Train: 99.94%, Valid: 86.93%, Test In: 86.62% Test OOD1: 93.33% 
Epoch: 330, Loss: 0.1704, Train: 99.94%, Valid: 86.65%, Test In: 86.58% Test OOD1: 93.43% 
Epoch: 331, Loss: 0.1681, Train: 99.92%, Valid: 86.73%, Test In: 86.74% Test OOD1: 93.43% 
Epoch: 332, Loss: 0.1730, Train: 99.92%, Valid: 86.61%, Test In: 86.90% Test OOD1: 93.36% 
Epoch: 333, Loss: 0.1739, Train: 99.90%, Valid: 86.53%, Test In: 86.98% Test OOD1: 93.19% 
Epoch: 334, Loss: 0.1752, Train: 99.88%, Valid: 86.45%, Test In: 86.74% Test OOD1: 93.09% 
Epoch: 335, Loss: 0.1764, Train: 99.90%, Valid: 86.25%, Test In: 86.62% Test OOD1: 93.12% 
Epoch: 336, Loss: 0.1780, Train: 99.92%, Valid: 86.41%, Test In: 86.74% Test OOD1: 93.28% 
Epoch: 337, Loss: 0.1588, Train: 99.94%, Valid: 86.49%, Test In: 86.70% Test OOD1: 93.48% 
Epoch: 338, Loss: 0.1809, Train: 99.92%, Valid: 86.69%, Test In: 86.78% Test OOD1: 93.41% 
Epoch: 339, Loss: 0.1698, Train: 99.94%, Valid: 86.81%, Test In: 86.82% Test OOD1: 93.35% 
Epoch: 340, Loss: 0.1725, Train: 99.90%, Valid: 86.53%, Test In: 86.66% Test OOD1: 93.29% 
Epoch: 341, Loss: 0.1653, Train: 99.88%, Valid: 86.45%, Test In: 86.70% Test OOD1: 93.33% 
Epoch: 342, Loss: 0.1608, Train: 99.90%, Valid: 86.45%, Test In: 86.58% Test OOD1: 93.45% 
Epoch: 343, Loss: 0.1619, Train: 99.92%, Valid: 86.65%, Test In: 86.46% Test OOD1: 93.49% 
Epoch: 344, Loss: 0.1682, Train: 99.92%, Valid: 86.53%, Test In: 86.70% Test OOD1: 93.49% 
Epoch: 345, Loss: 0.1697, Train: 99.92%, Valid: 86.29%, Test In: 86.70% Test OOD1: 93.47% 
Epoch: 346, Loss: 0.1603, Train: 99.96%, Valid: 86.53%, Test In: 86.30% Test OOD1: 93.47% 
Epoch: 347, Loss: 0.1725, Train: 99.96%, Valid: 86.45%, Test In: 86.30% Test OOD1: 93.45% 
Epoch: 348, Loss: 0.1690, Train: 99.96%, Valid: 86.53%, Test In: 86.46% Test OOD1: 93.49% 
Epoch: 349, Loss: 0.1522, Train: 99.94%, Valid: 86.45%, Test In: 86.58% Test OOD1: 93.47% 
Epoch: 350, Loss: 0.1671, Train: 99.94%, Valid: 86.45%, Test In: 86.78% Test OOD1: 93.52% 
Epoch: 351, Loss: 0.1659, Train: 99.96%, Valid: 86.57%, Test In: 86.82% Test OOD1: 93.44% 
Epoch: 352, Loss: 0.1628, Train: 99.96%, Valid: 86.57%, Test In: 86.66% Test OOD1: 93.38% 
Epoch: 353, Loss: 0.1618, Train: 99.96%, Valid: 86.61%, Test In: 86.62% Test OOD1: 93.42% 
Epoch: 354, Loss: 0.1617, Train: 99.96%, Valid: 86.57%, Test In: 86.66% Test OOD1: 93.60% 
Epoch: 355, Loss: 0.1610, Train: 99.94%, Valid: 86.45%, Test In: 86.66% Test OOD1: 93.65% 
Epoch: 356, Loss: 0.1712, Train: 99.94%, Valid: 86.61%, Test In: 86.74% Test OOD1: 93.62% 
Epoch: 357, Loss: 0.1683, Train: 99.94%, Valid: 86.69%, Test In: 86.74% Test OOD1: 93.55% 
Epoch: 358, Loss: 0.1618, Train: 99.96%, Valid: 86.65%, Test In: 86.82% Test OOD1: 93.48% 
Epoch: 359, Loss: 0.1684, Train: 99.96%, Valid: 86.61%, Test In: 86.90% Test OOD1: 93.46% 
Epoch: 360, Loss: 0.1662, Train: 99.96%, Valid: 86.53%, Test In: 86.66% Test OOD1: 93.48% 
Epoch: 361, Loss: 0.1696, Train: 99.96%, Valid: 86.37%, Test In: 86.30% Test OOD1: 93.57% 
Epoch: 362, Loss: 0.1588, Train: 99.96%, Valid: 86.53%, Test In: 86.46% Test OOD1: 93.49% 
Epoch: 363, Loss: 0.1613, Train: 99.96%, Valid: 86.61%, Test In: 86.50% Test OOD1: 93.50% 
Epoch: 364, Loss: 0.1622, Train: 99.96%, Valid: 86.37%, Test In: 86.62% Test OOD1: 93.56% 
Epoch: 365, Loss: 0.1728, Train: 99.94%, Valid: 86.73%, Test In: 86.82% Test OOD1: 93.46% 
Epoch: 366, Loss: 0.1554, Train: 99.92%, Valid: 86.57%, Test In: 86.74% Test OOD1: 93.41% 
Epoch: 367, Loss: 0.1607, Train: 99.94%, Valid: 86.85%, Test In: 86.70% Test OOD1: 93.63% 
Epoch: 368, Loss: 0.1636, Train: 99.98%, Valid: 86.93%, Test In: 86.66% Test OOD1: 93.64% 
Epoch: 369, Loss: 0.1541, Train: 99.92%, Valid: 86.89%, Test In: 86.54% Test OOD1: 93.73% 
Epoch: 370, Loss: 0.1475, Train: 99.92%, Valid: 86.81%, Test In: 86.50% Test OOD1: 93.70% 
Epoch: 371, Loss: 0.1478, Train: 99.94%, Valid: 86.69%, Test In: 86.50% Test OOD1: 93.63% 
Epoch: 372, Loss: 0.1541, Train: 99.94%, Valid: 86.77%, Test In: 86.70% Test OOD1: 93.61% 
Epoch: 373, Loss: 0.1539, Train: 99.92%, Valid: 86.77%, Test In: 86.74% Test OOD1: 93.66% 
Epoch: 374, Loss: 0.1506, Train: 99.94%, Valid: 86.65%, Test In: 86.82% Test OOD1: 93.68% 
Epoch: 375, Loss: 0.1523, Train: 99.96%, Valid: 86.73%, Test In: 86.98% Test OOD1: 93.68% 
Epoch: 376, Loss: 0.1495, Train: 100.00%, Valid: 86.65%, Test In: 86.78% Test OOD1: 93.72% 
Epoch: 377, Loss: 0.1525, Train: 100.00%, Valid: 86.81%, Test In: 86.70% Test OOD1: 93.79% 
Epoch: 378, Loss: 0.1482, Train: 100.00%, Valid: 86.77%, Test In: 86.70% Test OOD1: 93.79% 
Epoch: 379, Loss: 0.1535, Train: 100.00%, Valid: 86.89%, Test In: 86.70% Test OOD1: 93.74% 
Epoch: 380, Loss: 0.1411, Train: 99.98%, Valid: 86.97%, Test In: 86.90% Test OOD1: 93.76% 
Epoch: 381, Loss: 0.1348, Train: 99.98%, Valid: 87.09%, Test In: 86.90% Test OOD1: 93.81% 
Epoch: 382, Loss: 0.1446, Train: 99.98%, Valid: 87.05%, Test In: 86.98% Test OOD1: 93.82% 
Epoch: 383, Loss: 0.1380, Train: 99.98%, Valid: 87.01%, Test In: 86.90% Test OOD1: 93.84% 
Epoch: 384, Loss: 0.1414, Train: 100.00%, Valid: 86.93%, Test In: 86.78% Test OOD1: 93.85% 
Epoch: 385, Loss: 0.1404, Train: 99.98%, Valid: 86.93%, Test In: 86.66% Test OOD1: 93.78% 
Epoch: 386, Loss: 0.1399, Train: 99.98%, Valid: 87.01%, Test In: 86.82% Test OOD1: 93.77% 
Epoch: 387, Loss: 0.1459, Train: 99.98%, Valid: 86.89%, Test In: 87.14% Test OOD1: 93.71% 
Epoch: 388, Loss: 0.1444, Train: 99.98%, Valid: 86.81%, Test In: 86.94% Test OOD1: 93.75% 
Epoch: 389, Loss: 0.1392, Train: 99.98%, Valid: 86.77%, Test In: 86.82% Test OOD1: 93.79% 
Epoch: 390, Loss: 0.1302, Train: 99.98%, Valid: 86.89%, Test In: 86.86% Test OOD1: 93.78% 
Epoch: 391, Loss: 0.1360, Train: 100.00%, Valid: 87.01%, Test In: 86.86% Test OOD1: 93.74% 
Epoch: 392, Loss: 0.1172, Train: 100.00%, Valid: 86.97%, Test In: 86.70% Test OOD1: 93.72% 
Epoch: 393, Loss: 0.1386, Train: 100.00%, Valid: 87.01%, Test In: 86.74% Test OOD1: 93.71% 
Epoch: 394, Loss: 0.1306, Train: 100.00%, Valid: 87.01%, Test In: 86.98% Test OOD1: 93.74% 
Epoch: 395, Loss: 0.1326, Train: 100.00%, Valid: 87.05%, Test In: 86.90% Test OOD1: 93.87% 
Epoch: 396, Loss: 0.1320, Train: 100.00%, Valid: 87.05%, Test In: 87.06% Test OOD1: 93.89% 
Epoch: 397, Loss: 0.1317, Train: 99.98%, Valid: 86.97%, Test In: 86.94% Test OOD1: 93.91% 
Epoch: 398, Loss: 0.1253, Train: 100.00%, Valid: 87.13%, Test In: 86.98% Test OOD1: 93.87% 
Epoch: 399, Loss: 0.1419, Train: 100.00%, Valid: 87.21%, Test In: 87.06% Test OOD1: 93.83% 
Epoch: 400, Loss: 0.1362, Train: 100.00%, Valid: 87.09%, Test In: 87.14% Test OOD1: 93.86% 
Epoch: 401, Loss: 0.1322, Train: 100.00%, Valid: 87.17%, Test In: 87.02% Test OOD1: 93.92% 
Epoch: 402, Loss: 0.1383, Train: 100.00%, Valid: 87.17%, Test In: 87.22% Test OOD1: 93.88% 
Epoch: 403, Loss: 0.1304, Train: 100.00%, Valid: 87.17%, Test In: 87.18% Test OOD1: 93.93% 
Epoch: 404, Loss: 0.1266, Train: 99.98%, Valid: 87.13%, Test In: 87.02% Test OOD1: 93.91% 
Epoch: 405, Loss: 0.1363, Train: 99.96%, Valid: 87.13%, Test In: 87.14% Test OOD1: 93.92% 
Epoch: 406, Loss: 0.1349, Train: 99.96%, Valid: 87.17%, Test In: 86.98% Test OOD1: 93.92% 
Epoch: 407, Loss: 0.1284, Train: 99.96%, Valid: 87.17%, Test In: 87.06% Test OOD1: 93.98% 
Epoch: 408, Loss: 0.1367, Train: 99.98%, Valid: 87.21%, Test In: 87.30% Test OOD1: 93.97% 
Epoch: 409, Loss: 0.1274, Train: 99.98%, Valid: 87.17%, Test In: 87.06% Test OOD1: 93.90% 
Epoch: 410, Loss: 0.1351, Train: 99.98%, Valid: 87.13%, Test In: 87.14% Test OOD1: 93.95% 
Epoch: 411, Loss: 0.1371, Train: 99.98%, Valid: 87.17%, Test In: 87.18% Test OOD1: 93.95% 
Epoch: 412, Loss: 0.1273, Train: 100.00%, Valid: 87.21%, Test In: 87.18% Test OOD1: 94.06% 
Epoch: 413, Loss: 0.1243, Train: 99.98%, Valid: 87.25%, Test In: 87.14% Test OOD1: 94.02% 
Epoch: 414, Loss: 0.1357, Train: 99.98%, Valid: 87.13%, Test In: 87.22% Test OOD1: 93.97% 
Epoch: 415, Loss: 0.1355, Train: 99.96%, Valid: 87.25%, Test In: 87.34% Test OOD1: 94.01% 
Epoch: 416, Loss: 0.1194, Train: 99.96%, Valid: 87.13%, Test In: 87.38% Test OOD1: 93.94% 
Epoch: 417, Loss: 0.1290, Train: 99.96%, Valid: 87.01%, Test In: 87.34% Test OOD1: 93.90% 
Epoch: 418, Loss: 0.1245, Train: 99.96%, Valid: 87.01%, Test In: 87.18% Test OOD1: 93.93% 
Epoch: 419, Loss: 0.1230, Train: 99.98%, Valid: 87.13%, Test In: 87.14% Test OOD1: 93.91% 
Epoch: 420, Loss: 0.1258, Train: 100.00%, Valid: 87.17%, Test In: 87.10% Test OOD1: 94.05% 
Epoch: 421, Loss: 0.1304, Train: 99.98%, Valid: 87.33%, Test In: 87.06% Test OOD1: 94.06% 
Epoch: 422, Loss: 0.1263, Train: 100.00%, Valid: 87.17%, Test In: 87.30% Test OOD1: 94.10% 
Epoch: 423, Loss: 0.1202, Train: 100.00%, Valid: 87.21%, Test In: 87.34% Test OOD1: 94.05% 
Epoch: 424, Loss: 0.1223, Train: 99.98%, Valid: 87.09%, Test In: 87.26% Test OOD1: 94.00% 
Epoch: 425, Loss: 0.1214, Train: 99.98%, Valid: 87.09%, Test In: 87.22% Test OOD1: 93.97% 
Epoch: 426, Loss: 0.1253, Train: 99.98%, Valid: 87.05%, Test In: 87.30% Test OOD1: 94.02% 
Epoch: 427, Loss: 0.1230, Train: 99.98%, Valid: 87.01%, Test In: 87.30% Test OOD1: 94.07% 
Epoch: 428, Loss: 0.1286, Train: 99.98%, Valid: 87.17%, Test In: 87.46% Test OOD1: 94.12% 
Epoch: 429, Loss: 0.1200, Train: 100.00%, Valid: 87.25%, Test In: 87.42% Test OOD1: 94.19% 
Epoch: 430, Loss: 0.1250, Train: 100.00%, Valid: 87.41%, Test In: 87.38% Test OOD1: 94.22% 
Epoch: 431, Loss: 0.1242, Train: 100.00%, Valid: 87.37%, Test In: 87.34% Test OOD1: 94.14% 
Epoch: 432, Loss: 0.1252, Train: 100.00%, Valid: 87.17%, Test In: 87.34% Test OOD1: 94.09% 
Epoch: 433, Loss: 0.1224, Train: 100.00%, Valid: 87.25%, Test In: 87.34% Test OOD1: 94.01% 
Epoch: 434, Loss: 0.1321, Train: 100.00%, Valid: 87.62%, Test In: 87.58% Test OOD1: 94.02% 
Epoch: 435, Loss: 0.1192, Train: 100.00%, Valid: 87.66%, Test In: 87.90% Test OOD1: 93.98% 
Epoch: 436, Loss: 0.1234, Train: 100.00%, Valid: 87.54%, Test In: 87.62% Test OOD1: 94.01% 
Epoch: 437, Loss: 0.1152, Train: 100.00%, Valid: 87.58%, Test In: 87.54% Test OOD1: 94.07% 
Epoch: 438, Loss: 0.1232, Train: 100.00%, Valid: 87.41%, Test In: 87.50% Test OOD1: 94.14% 
Epoch: 439, Loss: 0.1280, Train: 100.00%, Valid: 87.49%, Test In: 87.58% Test OOD1: 94.12% 
Epoch: 440, Loss: 0.1221, Train: 99.98%, Valid: 87.49%, Test In: 87.46% Test OOD1: 94.18% 
Epoch: 441, Loss: 0.1169, Train: 99.98%, Valid: 87.45%, Test In: 87.54% Test OOD1: 94.10% 
Epoch: 442, Loss: 0.1119, Train: 99.98%, Valid: 87.54%, Test In: 87.66% Test OOD1: 94.20% 
Epoch: 443, Loss: 0.1203, Train: 100.00%, Valid: 87.62%, Test In: 87.62% Test OOD1: 94.18% 
Epoch: 444, Loss: 0.1190, Train: 100.00%, Valid: 87.54%, Test In: 87.70% Test OOD1: 94.10% 
Epoch: 445, Loss: 0.1197, Train: 100.00%, Valid: 87.49%, Test In: 87.54% Test OOD1: 94.09% 
Epoch: 446, Loss: 0.1234, Train: 100.00%, Valid: 87.37%, Test In: 87.66% Test OOD1: 94.08% 
Epoch: 447, Loss: 0.1189, Train: 100.00%, Valid: 87.29%, Test In: 87.74% Test OOD1: 94.13% 
Epoch: 448, Loss: 0.1096, Train: 100.00%, Valid: 87.54%, Test In: 87.66% Test OOD1: 94.16% 
Epoch: 449, Loss: 0.1133, Train: 100.00%, Valid: 87.37%, Test In: 87.70% Test OOD1: 94.12% 
Epoch: 450, Loss: 0.1108, Train: 100.00%, Valid: 87.17%, Test In: 87.54% Test OOD1: 94.08% 
Epoch: 451, Loss: 0.1122, Train: 100.00%, Valid: 87.13%, Test In: 87.54% Test OOD1: 94.08% 
Epoch: 452, Loss: 0.1174, Train: 100.00%, Valid: 87.21%, Test In: 87.50% Test OOD1: 94.11% 
Epoch: 453, Loss: 0.1118, Train: 100.00%, Valid: 87.25%, Test In: 87.30% Test OOD1: 94.05% 
Epoch: 454, Loss: 0.1133, Train: 100.00%, Valid: 87.21%, Test In: 87.22% Test OOD1: 94.02% 
Epoch: 455, Loss: 0.1192, Train: 100.00%, Valid: 87.33%, Test In: 87.22% Test OOD1: 94.05% 
Epoch: 456, Loss: 0.1205, Train: 100.00%, Valid: 87.37%, Test In: 87.50% Test OOD1: 94.04% 
Epoch: 457, Loss: 0.1194, Train: 100.00%, Valid: 87.33%, Test In: 87.58% Test OOD1: 94.03% 
Epoch: 458, Loss: 0.1105, Train: 100.00%, Valid: 87.37%, Test In: 87.66% Test OOD1: 94.07% 
Epoch: 459, Loss: 0.1100, Train: 100.00%, Valid: 87.54%, Test In: 87.58% Test OOD1: 94.08% 
Epoch: 460, Loss: 0.1193, Train: 100.00%, Valid: 87.66%, Test In: 87.70% Test OOD1: 94.10% 
Epoch: 461, Loss: 0.1217, Train: 100.00%, Valid: 87.78%, Test In: 87.70% Test OOD1: 94.08% 
Epoch: 462, Loss: 0.1074, Train: 100.00%, Valid: 87.86%, Test In: 87.70% Test OOD1: 94.08% 
Epoch: 463, Loss: 0.1086, Train: 100.00%, Valid: 87.86%, Test In: 87.74% Test OOD1: 94.11% 
Epoch: 464, Loss: 0.1166, Train: 100.00%, Valid: 87.78%, Test In: 87.62% Test OOD1: 94.10% 
Epoch: 465, Loss: 0.1129, Train: 99.98%, Valid: 87.49%, Test In: 87.54% Test OOD1: 94.11% 
Epoch: 466, Loss: 0.1148, Train: 99.98%, Valid: 87.45%, Test In: 87.66% Test OOD1: 94.14% 
Epoch: 467, Loss: 0.1093, Train: 100.00%, Valid: 87.82%, Test In: 87.66% Test OOD1: 94.18% 
Epoch: 468, Loss: 0.1034, Train: 100.00%, Valid: 87.74%, Test In: 87.58% Test OOD1: 94.30% 
Epoch: 469, Loss: 0.1177, Train: 100.00%, Valid: 87.82%, Test In: 87.62% Test OOD1: 94.24% 
Epoch: 470, Loss: 0.1150, Train: 100.00%, Valid: 87.62%, Test In: 87.70% Test OOD1: 94.26% 
Epoch: 471, Loss: 0.1134, Train: 100.00%, Valid: 87.58%, Test In: 87.74% Test OOD1: 94.27% 
Epoch: 472, Loss: 0.1063, Train: 100.00%, Valid: 87.54%, Test In: 87.62% Test OOD1: 94.19% 
Epoch: 473, Loss: 0.1161, Train: 100.00%, Valid: 87.37%, Test In: 87.74% Test OOD1: 94.15% 
Epoch: 474, Loss: 0.1113, Train: 100.00%, Valid: 87.49%, Test In: 87.82% Test OOD1: 94.17% 
Epoch: 475, Loss: 0.1173, Train: 100.00%, Valid: 87.58%, Test In: 87.78% Test OOD1: 94.18% 
Epoch: 476, Loss: 0.1102, Train: 100.00%, Valid: 87.82%, Test In: 87.86% Test OOD1: 94.14% 
Epoch: 477, Loss: 0.1124, Train: 100.00%, Valid: 87.82%, Test In: 87.78% Test OOD1: 94.20% 
Epoch: 478, Loss: 0.1108, Train: 100.00%, Valid: 87.90%, Test In: 87.78% Test OOD1: 94.22% 
Epoch: 479, Loss: 0.1059, Train: 100.00%, Valid: 87.78%, Test In: 87.70% Test OOD1: 94.24% 
Epoch: 480, Loss: 0.1007, Train: 100.00%, Valid: 87.74%, Test In: 87.70% Test OOD1: 94.25% 
Epoch: 481, Loss: 0.1095, Train: 100.00%, Valid: 87.66%, Test In: 87.90% Test OOD1: 94.25% 
Epoch: 482, Loss: 0.1036, Train: 100.00%, Valid: 87.78%, Test In: 87.86% Test OOD1: 94.23% 
Epoch: 483, Loss: 0.0969, Train: 100.00%, Valid: 87.82%, Test In: 87.82% Test OOD1: 94.22% 
Epoch: 484, Loss: 0.0970, Train: 100.00%, Valid: 87.78%, Test In: 87.66% Test OOD1: 94.29% 
Epoch: 485, Loss: 0.1013, Train: 100.00%, Valid: 87.82%, Test In: 87.62% Test OOD1: 94.31% 
Epoch: 486, Loss: 0.0998, Train: 100.00%, Valid: 87.90%, Test In: 87.62% Test OOD1: 94.40% 
Epoch: 487, Loss: 0.1049, Train: 100.00%, Valid: 87.98%, Test In: 87.94% Test OOD1: 94.41% 
Epoch: 488, Loss: 0.1086, Train: 100.00%, Valid: 87.94%, Test In: 88.02% Test OOD1: 94.39% 
Epoch: 489, Loss: 0.1080, Train: 99.98%, Valid: 87.86%, Test In: 87.94% Test OOD1: 94.43% 
Epoch: 490, Loss: 0.0936, Train: 99.98%, Valid: 87.66%, Test In: 87.94% Test OOD1: 94.40% 
Epoch: 491, Loss: 0.1039, Train: 99.98%, Valid: 87.58%, Test In: 87.90% Test OOD1: 94.37% 
Epoch: 492, Loss: 0.0965, Train: 99.98%, Valid: 87.54%, Test In: 87.98% Test OOD1: 94.39% 
Epoch: 493, Loss: 0.1063, Train: 99.98%, Valid: 87.62%, Test In: 88.10% Test OOD1: 94.37% 
Epoch: 494, Loss: 0.0939, Train: 100.00%, Valid: 87.74%, Test In: 87.94% Test OOD1: 94.41% 
Epoch: 495, Loss: 0.0961, Train: 100.00%, Valid: 87.82%, Test In: 87.94% Test OOD1: 94.44% 
Epoch: 496, Loss: 0.1016, Train: 100.00%, Valid: 87.70%, Test In: 87.90% Test OOD1: 94.41% 
Epoch: 497, Loss: 0.0880, Train: 100.00%, Valid: 87.62%, Test In: 87.98% Test OOD1: 94.36% 
Epoch: 498, Loss: 0.1034, Train: 100.00%, Valid: 87.58%, Test In: 87.82% Test OOD1: 94.33% 
Epoch: 499, Loss: 0.1018, Train: 100.00%, Valid: 87.25%, Test In: 87.74% Test OOD1: 94.28% 
Run 02:
Highest Train: 100.00
Highest Valid: 87.98
Highest In Test: 88.10
Highest OOD Test: 94.44
Chosen epoch: 488
Final Train: 100.00
Final In Test: 87.94
Final OOD Test: 94.41
All runs:
Highest Train: 100.00 ± 0.00
Highest Valid: 88.32 ± 0.48
Highest In Test: 88.40 ± 0.42
Highest OOD Test: 94.37 ± 0.09
  Final Train: 100.00 ± 0.00
   Final In  Test: 88.28 ± 0.48
   Final OOD Test: 94.33 ± 0.11
[INFO] TensorBoard writer closed.

Command: python main.py --dataset citeseer --backbone_type gat --env_type graph --combine_result --store_result --epochs 500 --runs 2 --num_layers 2 --expert_agg mean --tau 3 --device 0 --other_env_objective irm --lr 0.01 --weight_decay 0.0 --dropout 0.1 --lamda 0.5 --K 3 --hidden_channels 32 --other_env_reduce env --result_name citeseer_stage1_gat_reduced_lr0.01_weight_decay0.0_dropout0.1_lamda0.5_K3_hidden_channels32_other_env_reduceenv
Return code: 0
Elapsed: 235.28s
