Namespace(K=3, backbone_type='gat', causal_align_weight=0.1, causal_hidden_channels=0, causal_loss_weight=1.0, combine_result=True, cpu=False, data_dir='./data/', dataset='citeseer', device=0, display_step=1, dropout=0.1, env_type='graph', epochs=500, expert_agg='mean', gate_hidden=64, hidden_channels=64, infer_env=False, infer_env_components=64, infer_env_iters=30, infer_env_num=3, lamda=1.0, lr=0.01, num_layers=2, other_env_irm_lambda=1.0, other_env_loss_agg='mean', other_env_loss_temp=1.0, other_env_objective='irm', other_env_reduce='env', pos_weight=5.0, result_name='citeseer_stage1_gat_reduced_lr0.01_weight_decay0.0_dropout0.1_lamda1.0_K3_hidden_channels64_other_env_reduceenv', runs=2, seed=2024, store_result=True, tau=3.0, use_bn=False, use_causal_head=False, variant=False, weight_decay=0.0)
using existing synthetic data...
dataset citeseer: all nodes 19962 | edges 54624 | classes 6 | feats 3713
train nodes 4990 | valid nodes 2495 | test in nodes 2496
test ood1 nodes 9981 
[INFO] env numbers: 6 train env numbers: 3
MODEL: CaNet(
  (experts): ModuleList(
    (0): ExpertNet(
      (convs): ModuleList(
        (0): CaNetConv(
          (leakyrelu): LeakyReLU(negative_slope=0.01)
        )
        (1): CaNetConv(
          (leakyrelu): LeakyReLU(negative_slope=0.01)
        )
      )
      (fcs): ModuleList(
        (0): Linear(in_features=3713, out_features=64, bias=True)
        (1): Linear(in_features=64, out_features=6, bias=True)
      )
      (act_fn): ReLU()
    )
    (1): ExpertNet(
      (convs): ModuleList(
        (0): CaNetConv(
          (leakyrelu): LeakyReLU(negative_slope=0.01)
        )
        (1): CaNetConv(
          (leakyrelu): LeakyReLU(negative_slope=0.01)
        )
      )
      (fcs): ModuleList(
        (0): Linear(in_features=3713, out_features=64, bias=True)
        (1): Linear(in_features=64, out_features=6, bias=True)
      )
      (act_fn): ReLU()
    )
    (2): ExpertNet(
      (convs): ModuleList(
        (0): CaNetConv(
          (leakyrelu): LeakyReLU(negative_slope=0.01)
        )
        (1): CaNetConv(
          (leakyrelu): LeakyReLU(negative_slope=0.01)
        )
      )
      (fcs): ModuleList(
        (0): Linear(in_features=3713, out_features=64, bias=True)
        (1): Linear(in_features=64, out_features=6, bias=True)
      )
      (act_fn): ReLU()
    )
  )
  (gate): Sequential(
    (0): Linear(in_features=3713, out_features=64, bias=True)
    (1): ReLU()
    (2): Linear(in_features=64, out_features=3, bias=True)
  )
)
[INFO] TensorBoard logging activated. Logs will be saved to: ./runs/citeseer/Apr19_21-32-46_lamda_1.0_otheragg_mean
Epoch: 00, Loss: 10.7790, Train: 25.51%, Valid: 24.69%, Test In: 25.72% Test OOD1: 29.66% 
Epoch: 01, Loss: 10.6400, Train: 28.22%, Valid: 27.37%, Test In: 28.08% Test OOD1: 36.59% 
Epoch: 02, Loss: 10.4057, Train: 28.96%, Valid: 28.14%, Test In: 28.77% Test OOD1: 42.22% 
Epoch: 03, Loss: 10.0725, Train: 32.00%, Valid: 31.46%, Test In: 31.05% Test OOD1: 45.52% 
Epoch: 04, Loss: 9.6708, Train: 49.14%, Valid: 47.94%, Test In: 47.92% Test OOD1: 60.22% 
Epoch: 05, Loss: 9.1474, Train: 60.74%, Valid: 59.84%, Test In: 61.10% Test OOD1: 65.95% 
Epoch: 06, Loss: 8.5136, Train: 71.68%, Valid: 70.30%, Test In: 71.79% Test OOD1: 63.93% 
Epoch: 07, Loss: 7.8396, Train: 75.19%, Valid: 73.35%, Test In: 74.56% Test OOD1: 63.34% 
Epoch: 08, Loss: 7.1311, Train: 76.89%, Valid: 75.31%, Test In: 76.44% Test OOD1: 62.25% 
Epoch: 09, Loss: 6.3831, Train: 78.54%, Valid: 76.91%, Test In: 78.41% Test OOD1: 63.61% 
Epoch: 10, Loss: 5.6908, Train: 79.22%, Valid: 77.64%, Test In: 78.93% Test OOD1: 64.21% 
Epoch: 11, Loss: 5.1052, Train: 80.12%, Valid: 78.12%, Test In: 79.29% Test OOD1: 62.55% 
Epoch: 12, Loss: 4.6385, Train: 80.48%, Valid: 78.16%, Test In: 79.77% Test OOD1: 63.92% 
Epoch: 13, Loss: 4.2837, Train: 81.34%, Valid: 79.40%, Test In: 80.33% Test OOD1: 65.58% 
Epoch: 14, Loss: 4.0154, Train: 81.94%, Valid: 79.84%, Test In: 81.17% Test OOD1: 66.50% 
Epoch: 15, Loss: 3.8072, Train: 82.57%, Valid: 80.20%, Test In: 81.33% Test OOD1: 67.03% 
Epoch: 16, Loss: 3.7079, Train: 83.13%, Valid: 80.48%, Test In: 81.37% Test OOD1: 66.98% 
Epoch: 17, Loss: 3.6326, Train: 83.49%, Valid: 80.20%, Test In: 81.13% Test OOD1: 67.84% 
Epoch: 18, Loss: 3.4975, Train: 83.83%, Valid: 80.76%, Test In: 81.29% Test OOD1: 68.55% 
Epoch: 19, Loss: 3.4047, Train: 84.45%, Valid: 81.08%, Test In: 82.21% Test OOD1: 68.84% 
Epoch: 20, Loss: 3.2816, Train: 84.57%, Valid: 80.96%, Test In: 82.29% Test OOD1: 69.20% 
Epoch: 21, Loss: 3.1833, Train: 84.97%, Valid: 80.84%, Test In: 82.57% Test OOD1: 69.88% 
Epoch: 22, Loss: 3.1358, Train: 85.33%, Valid: 81.00%, Test In: 82.81% Test OOD1: 70.53% 
Epoch: 23, Loss: 2.9960, Train: 85.67%, Valid: 81.16%, Test In: 82.65% Test OOD1: 71.28% 
Epoch: 24, Loss: 2.9327, Train: 85.83%, Valid: 81.12%, Test In: 82.89% Test OOD1: 71.73% 
Epoch: 25, Loss: 2.8633, Train: 86.17%, Valid: 81.36%, Test In: 83.13% Test OOD1: 72.07% 
Epoch: 26, Loss: 2.7981, Train: 86.47%, Valid: 81.72%, Test In: 83.33% Test OOD1: 72.26% 
Epoch: 27, Loss: 2.7360, Train: 86.93%, Valid: 82.16%, Test In: 83.61% Test OOD1: 72.49% 
Epoch: 28, Loss: 2.6429, Train: 87.45%, Valid: 81.88%, Test In: 84.01% Test OOD1: 72.80% 
Epoch: 29, Loss: 2.5743, Train: 88.04%, Valid: 82.04%, Test In: 83.97% Test OOD1: 73.25% 
Epoch: 30, Loss: 2.5094, Train: 88.40%, Valid: 82.44%, Test In: 84.33% Test OOD1: 73.84% 
Epoch: 31, Loss: 2.4217, Train: 88.70%, Valid: 82.89%, Test In: 84.17% Test OOD1: 74.25% 
Epoch: 32, Loss: 2.3476, Train: 88.86%, Valid: 83.01%, Test In: 83.97% Test OOD1: 74.47% 
Epoch: 33, Loss: 2.2709, Train: 89.14%, Valid: 83.17%, Test In: 83.65% Test OOD1: 74.78% 
Epoch: 34, Loss: 2.2187, Train: 89.38%, Valid: 83.45%, Test In: 83.81% Test OOD1: 74.95% 
Epoch: 35, Loss: 2.1522, Train: 89.76%, Valid: 83.13%, Test In: 83.93% Test OOD1: 75.43% 
Epoch: 36, Loss: 2.0680, Train: 89.98%, Valid: 83.29%, Test In: 83.89% Test OOD1: 75.60% 
Epoch: 37, Loss: 2.0257, Train: 90.42%, Valid: 83.37%, Test In: 84.05% Test OOD1: 75.82% 
Epoch: 38, Loss: 1.9611, Train: 90.56%, Valid: 83.73%, Test In: 83.81% Test OOD1: 76.07% 
Epoch: 39, Loss: 1.9123, Train: 91.06%, Valid: 83.81%, Test In: 83.97% Test OOD1: 76.28% 
Epoch: 40, Loss: 1.8549, Train: 91.46%, Valid: 83.73%, Test In: 84.33% Test OOD1: 76.76% 
Epoch: 41, Loss: 1.8148, Train: 91.72%, Valid: 83.73%, Test In: 84.46% Test OOD1: 77.15% 
Epoch: 42, Loss: 1.7449, Train: 91.98%, Valid: 83.37%, Test In: 84.46% Test OOD1: 77.58% 
Epoch: 43, Loss: 1.6792, Train: 92.42%, Valid: 83.53%, Test In: 84.82% Test OOD1: 77.97% 
Epoch: 44, Loss: 1.6358, Train: 92.53%, Valid: 83.97%, Test In: 84.98% Test OOD1: 78.88% 
Epoch: 45, Loss: 1.5783, Train: 92.79%, Valid: 84.01%, Test In: 85.22% Test OOD1: 79.30% 
Epoch: 46, Loss: 1.5346, Train: 93.25%, Valid: 84.05%, Test In: 85.02% Test OOD1: 79.38% 
Epoch: 47, Loss: 1.5222, Train: 93.43%, Valid: 84.33%, Test In: 85.26% Test OOD1: 79.70% 
Epoch: 48, Loss: 1.4527, Train: 93.71%, Valid: 84.89%, Test In: 85.58% Test OOD1: 80.14% 
Epoch: 49, Loss: 1.4065, Train: 93.99%, Valid: 84.73%, Test In: 85.58% Test OOD1: 80.53% 
Epoch: 50, Loss: 1.3552, Train: 94.09%, Valid: 85.05%, Test In: 85.54% Test OOD1: 80.73% 
Epoch: 51, Loss: 1.3306, Train: 94.19%, Valid: 84.97%, Test In: 85.58% Test OOD1: 80.94% 
Epoch: 52, Loss: 1.2627, Train: 94.25%, Valid: 84.89%, Test In: 85.82% Test OOD1: 81.06% 
Epoch: 53, Loss: 1.2449, Train: 94.39%, Valid: 84.89%, Test In: 86.14% Test OOD1: 81.08% 
Epoch: 54, Loss: 1.2291, Train: 94.61%, Valid: 84.81%, Test In: 86.42% Test OOD1: 81.24% 
Epoch: 55, Loss: 1.1740, Train: 94.93%, Valid: 85.01%, Test In: 86.14% Test OOD1: 81.93% 
Epoch: 56, Loss: 1.1467, Train: 95.01%, Valid: 85.17%, Test In: 86.18% Test OOD1: 82.32% 
Epoch: 57, Loss: 1.1313, Train: 95.23%, Valid: 85.33%, Test In: 86.06% Test OOD1: 82.49% 
Epoch: 58, Loss: 1.0923, Train: 95.31%, Valid: 85.37%, Test In: 85.98% Test OOD1: 82.47% 
Epoch: 59, Loss: 1.0609, Train: 95.63%, Valid: 85.13%, Test In: 86.18% Test OOD1: 82.44% 
Epoch: 60, Loss: 1.0569, Train: 95.87%, Valid: 85.21%, Test In: 86.42% Test OOD1: 82.52% 
Epoch: 61, Loss: 1.0112, Train: 95.93%, Valid: 85.13%, Test In: 85.98% Test OOD1: 82.87% 
Epoch: 62, Loss: 0.9876, Train: 95.91%, Valid: 85.65%, Test In: 85.94% Test OOD1: 83.05% 
Epoch: 63, Loss: 0.9882, Train: 96.33%, Valid: 85.41%, Test In: 86.06% Test OOD1: 82.98% 
Epoch: 64, Loss: 0.9586, Train: 96.55%, Valid: 85.13%, Test In: 85.98% Test OOD1: 83.32% 
Epoch: 65, Loss: 0.9290, Train: 96.37%, Valid: 85.45%, Test In: 85.78% Test OOD1: 83.61% 
Epoch: 66, Loss: 0.9150, Train: 96.59%, Valid: 85.29%, Test In: 85.90% Test OOD1: 83.70% 
Epoch: 67, Loss: 0.9131, Train: 96.71%, Valid: 85.29%, Test In: 86.10% Test OOD1: 83.66% 
Epoch: 68, Loss: 0.8640, Train: 96.69%, Valid: 85.21%, Test In: 85.98% Test OOD1: 83.82% 
Epoch: 69, Loss: 0.8698, Train: 96.75%, Valid: 85.13%, Test In: 85.54% Test OOD1: 84.14% 
Epoch: 70, Loss: 0.8560, Train: 96.99%, Valid: 85.01%, Test In: 85.78% Test OOD1: 84.28% 
Epoch: 71, Loss: 0.8301, Train: 96.89%, Valid: 84.97%, Test In: 85.82% Test OOD1: 84.22% 
Epoch: 72, Loss: 0.8333, Train: 97.11%, Valid: 84.81%, Test In: 85.82% Test OOD1: 84.40% 
Epoch: 73, Loss: 0.8046, Train: 97.17%, Valid: 84.97%, Test In: 85.50% Test OOD1: 84.64% 
Epoch: 74, Loss: 0.7951, Train: 97.21%, Valid: 84.93%, Test In: 85.66% Test OOD1: 84.41% 
Epoch: 75, Loss: 0.7790, Train: 97.39%, Valid: 84.69%, Test In: 85.74% Test OOD1: 84.67% 
Epoch: 76, Loss: 0.7437, Train: 97.56%, Valid: 84.73%, Test In: 86.06% Test OOD1: 85.17% 
Epoch: 77, Loss: 0.7377, Train: 97.47%, Valid: 84.61%, Test In: 85.46% Test OOD1: 85.73% 
Epoch: 78, Loss: 0.7467, Train: 97.52%, Valid: 84.85%, Test In: 85.46% Test OOD1: 85.58% 
Epoch: 79, Loss: 0.7011, Train: 97.58%, Valid: 84.69%, Test In: 85.58% Test OOD1: 85.49% 
Epoch: 80, Loss: 0.7171, Train: 97.56%, Valid: 84.85%, Test In: 85.54% Test OOD1: 85.48% 
Epoch: 81, Loss: 0.7038, Train: 97.54%, Valid: 84.61%, Test In: 85.34% Test OOD1: 85.78% 
Epoch: 82, Loss: 0.6749, Train: 97.80%, Valid: 84.97%, Test In: 85.42% Test OOD1: 85.97% 
Epoch: 83, Loss: 0.6660, Train: 97.96%, Valid: 84.97%, Test In: 85.22% Test OOD1: 86.19% 
Epoch: 84, Loss: 0.6509, Train: 97.98%, Valid: 84.65%, Test In: 85.26% Test OOD1: 86.43% 
Epoch: 85, Loss: 0.6487, Train: 98.06%, Valid: 84.81%, Test In: 85.30% Test OOD1: 86.44% 
Epoch: 86, Loss: 0.6248, Train: 97.98%, Valid: 84.89%, Test In: 85.18% Test OOD1: 86.51% 
Epoch: 87, Loss: 0.6290, Train: 97.84%, Valid: 84.85%, Test In: 85.14% Test OOD1: 86.65% 
Epoch: 88, Loss: 0.6041, Train: 98.10%, Valid: 84.57%, Test In: 85.18% Test OOD1: 86.92% 
Epoch: 89, Loss: 0.5944, Train: 98.16%, Valid: 84.77%, Test In: 84.94% Test OOD1: 86.96% 
Epoch: 90, Loss: 0.6240, Train: 98.24%, Valid: 84.85%, Test In: 85.18% Test OOD1: 87.04% 
Epoch: 91, Loss: 0.5903, Train: 98.02%, Valid: 84.81%, Test In: 85.30% Test OOD1: 86.93% 
Epoch: 92, Loss: 0.5950, Train: 98.10%, Valid: 84.89%, Test In: 85.38% Test OOD1: 87.01% 
Epoch: 93, Loss: 0.5818, Train: 98.06%, Valid: 84.65%, Test In: 85.26% Test OOD1: 86.97% 
Epoch: 94, Loss: 0.5529, Train: 98.32%, Valid: 84.33%, Test In: 85.26% Test OOD1: 87.11% 
Epoch: 95, Loss: 0.5844, Train: 98.42%, Valid: 84.29%, Test In: 85.30% Test OOD1: 87.51% 
Epoch: 96, Loss: 0.5728, Train: 98.32%, Valid: 84.77%, Test In: 85.42% Test OOD1: 87.63% 
Epoch: 97, Loss: 0.5614, Train: 98.48%, Valid: 84.49%, Test In: 85.34% Test OOD1: 87.67% 
Epoch: 98, Loss: 0.5219, Train: 98.48%, Valid: 83.97%, Test In: 85.18% Test OOD1: 87.56% 
Epoch: 99, Loss: 0.5410, Train: 98.52%, Valid: 84.41%, Test In: 85.10% Test OOD1: 87.71% 
Epoch: 100, Loss: 0.5275, Train: 98.44%, Valid: 84.37%, Test In: 85.18% Test OOD1: 88.03% 
Epoch: 101, Loss: 0.5390, Train: 98.54%, Valid: 84.33%, Test In: 85.18% Test OOD1: 88.04% 
Epoch: 102, Loss: 0.5231, Train: 98.64%, Valid: 84.29%, Test In: 85.06% Test OOD1: 87.93% 
Epoch: 103, Loss: 0.5235, Train: 98.62%, Valid: 84.05%, Test In: 84.98% Test OOD1: 87.90% 
Epoch: 104, Loss: 0.5203, Train: 98.66%, Valid: 84.33%, Test In: 84.86% Test OOD1: 87.82% 
Epoch: 105, Loss: 0.5184, Train: 98.48%, Valid: 84.17%, Test In: 84.70% Test OOD1: 87.94% 
Epoch: 106, Loss: 0.5316, Train: 98.66%, Valid: 84.01%, Test In: 85.06% Test OOD1: 88.15% 
Epoch: 107, Loss: 0.5105, Train: 98.78%, Valid: 84.21%, Test In: 84.94% Test OOD1: 88.42% 
Epoch: 108, Loss: 0.4962, Train: 98.84%, Valid: 84.21%, Test In: 84.94% Test OOD1: 88.65% 
Epoch: 109, Loss: 0.5082, Train: 98.68%, Valid: 84.37%, Test In: 85.10% Test OOD1: 88.57% 
Epoch: 110, Loss: 0.4905, Train: 98.68%, Valid: 84.09%, Test In: 84.98% Test OOD1: 88.15% 
Epoch: 111, Loss: 0.5028, Train: 98.84%, Valid: 84.09%, Test In: 85.14% Test OOD1: 88.35% 
Epoch: 112, Loss: 0.4846, Train: 98.74%, Valid: 83.97%, Test In: 85.10% Test OOD1: 88.82% 
Epoch: 113, Loss: 0.4794, Train: 98.80%, Valid: 84.17%, Test In: 85.02% Test OOD1: 89.12% 
Epoch: 114, Loss: 0.4636, Train: 98.86%, Valid: 84.09%, Test In: 84.70% Test OOD1: 89.04% 
Epoch: 115, Loss: 0.4798, Train: 98.96%, Valid: 84.09%, Test In: 84.78% Test OOD1: 88.83% 
Epoch: 116, Loss: 0.4607, Train: 98.86%, Valid: 84.21%, Test In: 85.02% Test OOD1: 88.81% 
Epoch: 117, Loss: 0.4807, Train: 98.76%, Valid: 84.17%, Test In: 84.98% Test OOD1: 89.07% 
Epoch: 118, Loss: 0.4659, Train: 98.94%, Valid: 84.21%, Test In: 84.98% Test OOD1: 88.92% 
Epoch: 119, Loss: 0.4620, Train: 98.92%, Valid: 84.09%, Test In: 84.90% Test OOD1: 88.87% 
Epoch: 120, Loss: 0.4377, Train: 99.06%, Valid: 84.05%, Test In: 85.10% Test OOD1: 89.24% 
Epoch: 121, Loss: 0.4525, Train: 98.88%, Valid: 84.29%, Test In: 85.06% Test OOD1: 89.44% 
Epoch: 122, Loss: 0.4588, Train: 98.86%, Valid: 84.25%, Test In: 85.02% Test OOD1: 89.32% 
Epoch: 123, Loss: 0.4362, Train: 98.94%, Valid: 83.93%, Test In: 84.82% Test OOD1: 89.17% 
Epoch: 124, Loss: 0.4507, Train: 99.12%, Valid: 84.05%, Test In: 84.94% Test OOD1: 89.29% 
Epoch: 125, Loss: 0.4187, Train: 99.16%, Valid: 84.41%, Test In: 84.86% Test OOD1: 89.57% 
Epoch: 126, Loss: 0.4318, Train: 99.10%, Valid: 84.37%, Test In: 84.82% Test OOD1: 89.70% 
Epoch: 127, Loss: 0.4295, Train: 99.26%, Valid: 84.49%, Test In: 84.82% Test OOD1: 89.22% 
Epoch: 128, Loss: 0.4185, Train: 99.02%, Valid: 84.09%, Test In: 84.78% Test OOD1: 89.08% 
Epoch: 129, Loss: 0.4130, Train: 99.06%, Valid: 84.41%, Test In: 84.86% Test OOD1: 89.52% 
Epoch: 130, Loss: 0.4461, Train: 99.04%, Valid: 84.49%, Test In: 84.74% Test OOD1: 89.92% 
Epoch: 131, Loss: 0.4026, Train: 99.08%, Valid: 84.49%, Test In: 84.90% Test OOD1: 89.87% 
Epoch: 132, Loss: 0.4182, Train: 99.14%, Valid: 84.17%, Test In: 84.82% Test OOD1: 89.70% 
Epoch: 133, Loss: 0.4184, Train: 99.02%, Valid: 84.13%, Test In: 84.94% Test OOD1: 89.58% 
Epoch: 134, Loss: 0.4106, Train: 99.04%, Valid: 84.17%, Test In: 84.86% Test OOD1: 89.61% 
Epoch: 135, Loss: 0.3958, Train: 99.14%, Valid: 84.21%, Test In: 84.82% Test OOD1: 89.74% 
Epoch: 136, Loss: 0.3831, Train: 99.26%, Valid: 84.01%, Test In: 84.90% Test OOD1: 89.95% 
Epoch: 137, Loss: 0.3898, Train: 99.22%, Valid: 84.17%, Test In: 85.14% Test OOD1: 89.76% 
Epoch: 138, Loss: 0.3801, Train: 99.20%, Valid: 83.97%, Test In: 85.26% Test OOD1: 89.66% 
Epoch: 139, Loss: 0.3919, Train: 99.18%, Valid: 83.97%, Test In: 85.22% Test OOD1: 89.50% 
Epoch: 140, Loss: 0.3719, Train: 99.28%, Valid: 84.33%, Test In: 85.14% Test OOD1: 89.39% 
Epoch: 141, Loss: 0.3802, Train: 99.06%, Valid: 84.53%, Test In: 85.14% Test OOD1: 89.51% 
Epoch: 142, Loss: 0.3852, Train: 99.20%, Valid: 84.29%, Test In: 85.14% Test OOD1: 89.78% 
Epoch: 143, Loss: 0.3667, Train: 99.24%, Valid: 83.93%, Test In: 84.90% Test OOD1: 90.00% 
Epoch: 144, Loss: 0.3680, Train: 99.24%, Valid: 84.05%, Test In: 84.94% Test OOD1: 90.15% 
Epoch: 145, Loss: 0.3578, Train: 99.20%, Valid: 84.09%, Test In: 85.02% Test OOD1: 90.25% 
Epoch: 146, Loss: 0.3624, Train: 99.34%, Valid: 84.01%, Test In: 84.90% Test OOD1: 90.18% 
Epoch: 147, Loss: 0.3631, Train: 99.40%, Valid: 84.09%, Test In: 85.22% Test OOD1: 90.14% 
Epoch: 148, Loss: 0.3336, Train: 99.20%, Valid: 84.37%, Test In: 85.22% Test OOD1: 90.06% 
Epoch: 149, Loss: 0.3369, Train: 99.28%, Valid: 84.37%, Test In: 85.30% Test OOD1: 90.04% 
Epoch: 150, Loss: 0.3432, Train: 99.36%, Valid: 84.33%, Test In: 85.30% Test OOD1: 89.98% 
Epoch: 151, Loss: 0.3473, Train: 99.42%, Valid: 84.53%, Test In: 85.22% Test OOD1: 90.05% 
Epoch: 152, Loss: 0.3556, Train: 99.38%, Valid: 84.69%, Test In: 85.22% Test OOD1: 90.14% 
Epoch: 153, Loss: 0.3342, Train: 99.30%, Valid: 84.57%, Test In: 85.22% Test OOD1: 90.28% 
Epoch: 154, Loss: 0.3557, Train: 99.38%, Valid: 84.69%, Test In: 85.34% Test OOD1: 90.32% 
Epoch: 155, Loss: 0.3459, Train: 99.40%, Valid: 84.69%, Test In: 85.34% Test OOD1: 90.24% 
Epoch: 156, Loss: 0.3304, Train: 99.38%, Valid: 84.57%, Test In: 85.38% Test OOD1: 90.21% 
Epoch: 157, Loss: 0.3411, Train: 99.50%, Valid: 84.61%, Test In: 85.38% Test OOD1: 90.23% 
Epoch: 158, Loss: 0.3243, Train: 99.30%, Valid: 84.65%, Test In: 85.38% Test OOD1: 90.21% 
Epoch: 159, Loss: 0.3214, Train: 99.30%, Valid: 84.53%, Test In: 85.46% Test OOD1: 90.20% 
Epoch: 160, Loss: 0.3342, Train: 99.48%, Valid: 84.53%, Test In: 85.58% Test OOD1: 90.29% 
Epoch: 161, Loss: 0.3240, Train: 99.48%, Valid: 84.61%, Test In: 85.42% Test OOD1: 90.43% 
Epoch: 162, Loss: 0.3304, Train: 99.42%, Valid: 84.45%, Test In: 85.34% Test OOD1: 90.59% 
Epoch: 163, Loss: 0.3183, Train: 99.46%, Valid: 84.61%, Test In: 85.22% Test OOD1: 90.59% 
Epoch: 164, Loss: 0.3112, Train: 99.48%, Valid: 84.53%, Test In: 85.14% Test OOD1: 90.64% 
Epoch: 165, Loss: 0.3260, Train: 99.46%, Valid: 84.53%, Test In: 85.14% Test OOD1: 90.70% 
Epoch: 166, Loss: 0.3184, Train: 99.40%, Valid: 84.33%, Test In: 85.10% Test OOD1: 90.77% 
Epoch: 167, Loss: 0.3168, Train: 99.44%, Valid: 84.41%, Test In: 85.10% Test OOD1: 90.75% 
Epoch: 168, Loss: 0.3294, Train: 99.64%, Valid: 84.45%, Test In: 85.06% Test OOD1: 90.61% 
Epoch: 169, Loss: 0.3127, Train: 99.68%, Valid: 84.25%, Test In: 85.06% Test OOD1: 90.48% 
Epoch: 170, Loss: 0.3115, Train: 99.62%, Valid: 84.41%, Test In: 85.18% Test OOD1: 90.74% 
Epoch: 171, Loss: 0.3031, Train: 99.48%, Valid: 84.53%, Test In: 85.22% Test OOD1: 90.67% 
Epoch: 172, Loss: 0.3126, Train: 99.44%, Valid: 84.49%, Test In: 84.90% Test OOD1: 90.72% 
Epoch: 173, Loss: 0.3046, Train: 99.68%, Valid: 84.41%, Test In: 84.90% Test OOD1: 90.70% 
Epoch: 174, Loss: 0.2901, Train: 99.58%, Valid: 84.49%, Test In: 84.86% Test OOD1: 90.71% 
Epoch: 175, Loss: 0.3026, Train: 99.58%, Valid: 84.41%, Test In: 84.94% Test OOD1: 90.81% 
Epoch: 176, Loss: 0.2945, Train: 99.64%, Valid: 84.49%, Test In: 85.06% Test OOD1: 90.77% 
Epoch: 177, Loss: 0.2906, Train: 99.54%, Valid: 84.57%, Test In: 84.86% Test OOD1: 90.89% 
Epoch: 178, Loss: 0.2773, Train: 99.66%, Valid: 84.69%, Test In: 85.06% Test OOD1: 90.88% 
Epoch: 179, Loss: 0.2867, Train: 99.44%, Valid: 84.61%, Test In: 85.18% Test OOD1: 90.92% 
Epoch: 180, Loss: 0.2888, Train: 99.36%, Valid: 84.49%, Test In: 85.10% Test OOD1: 90.89% 
Epoch: 181, Loss: 0.2978, Train: 99.64%, Valid: 84.41%, Test In: 85.02% Test OOD1: 91.05% 
Epoch: 182, Loss: 0.2798, Train: 99.60%, Valid: 84.49%, Test In: 84.74% Test OOD1: 91.19% 
Epoch: 183, Loss: 0.2737, Train: 99.54%, Valid: 84.73%, Test In: 84.98% Test OOD1: 91.17% 
Epoch: 184, Loss: 0.2768, Train: 99.56%, Valid: 84.81%, Test In: 85.14% Test OOD1: 91.06% 
Epoch: 185, Loss: 0.2851, Train: 99.60%, Valid: 84.73%, Test In: 85.14% Test OOD1: 91.10% 
Epoch: 186, Loss: 0.2745, Train: 99.64%, Valid: 84.81%, Test In: 85.06% Test OOD1: 91.19% 
Epoch: 187, Loss: 0.2574, Train: 99.66%, Valid: 84.61%, Test In: 85.06% Test OOD1: 91.30% 
Epoch: 188, Loss: 0.2513, Train: 99.68%, Valid: 84.45%, Test In: 84.90% Test OOD1: 91.36% 
Epoch: 189, Loss: 0.2680, Train: 99.74%, Valid: 84.33%, Test In: 84.74% Test OOD1: 91.30% 
Epoch: 190, Loss: 0.2732, Train: 99.76%, Valid: 84.37%, Test In: 84.90% Test OOD1: 91.17% 
Epoch: 191, Loss: 0.2430, Train: 99.66%, Valid: 84.57%, Test In: 85.02% Test OOD1: 91.06% 
Epoch: 192, Loss: 0.2622, Train: 99.68%, Valid: 84.45%, Test In: 84.90% Test OOD1: 91.15% 
Epoch: 193, Loss: 0.2614, Train: 99.62%, Valid: 84.57%, Test In: 85.30% Test OOD1: 91.22% 
Epoch: 194, Loss: 0.2438, Train: 99.60%, Valid: 84.33%, Test In: 84.98% Test OOD1: 91.40% 
Epoch: 195, Loss: 0.2682, Train: 99.58%, Valid: 84.49%, Test In: 84.98% Test OOD1: 91.44% 
Epoch: 196, Loss: 0.2510, Train: 99.58%, Valid: 84.45%, Test In: 85.22% Test OOD1: 91.20% 
Epoch: 197, Loss: 0.2597, Train: 99.56%, Valid: 84.61%, Test In: 85.02% Test OOD1: 91.01% 
Epoch: 198, Loss: 0.2638, Train: 99.70%, Valid: 84.45%, Test In: 85.06% Test OOD1: 91.18% 
Epoch: 199, Loss: 0.2511, Train: 99.64%, Valid: 84.65%, Test In: 85.14% Test OOD1: 91.32% 
Epoch: 200, Loss: 0.2484, Train: 99.68%, Valid: 84.41%, Test In: 84.86% Test OOD1: 91.51% 
Epoch: 201, Loss: 0.2576, Train: 99.60%, Valid: 84.41%, Test In: 85.02% Test OOD1: 91.54% 
Epoch: 202, Loss: 0.2266, Train: 99.70%, Valid: 84.81%, Test In: 84.94% Test OOD1: 91.40% 
Epoch: 203, Loss: 0.2439, Train: 99.76%, Valid: 84.41%, Test In: 85.10% Test OOD1: 91.50% 
Epoch: 204, Loss: 0.2407, Train: 99.70%, Valid: 84.61%, Test In: 85.10% Test OOD1: 91.68% 
Epoch: 205, Loss: 0.2326, Train: 99.68%, Valid: 84.73%, Test In: 84.98% Test OOD1: 91.63% 
Epoch: 206, Loss: 0.2339, Train: 99.66%, Valid: 84.69%, Test In: 84.94% Test OOD1: 91.55% 
Epoch: 207, Loss: 0.2456, Train: 99.70%, Valid: 84.77%, Test In: 84.94% Test OOD1: 91.47% 
Epoch: 208, Loss: 0.2429, Train: 99.72%, Valid: 84.89%, Test In: 85.22% Test OOD1: 91.53% 
Epoch: 209, Loss: 0.2345, Train: 99.70%, Valid: 84.97%, Test In: 85.26% Test OOD1: 91.46% 
Epoch: 210, Loss: 0.2374, Train: 99.68%, Valid: 84.93%, Test In: 85.38% Test OOD1: 91.43% 
Epoch: 211, Loss: 0.2332, Train: 99.72%, Valid: 84.73%, Test In: 85.46% Test OOD1: 91.52% 
Epoch: 212, Loss: 0.2163, Train: 99.74%, Valid: 84.65%, Test In: 85.50% Test OOD1: 91.55% 
Epoch: 213, Loss: 0.2382, Train: 99.82%, Valid: 84.77%, Test In: 85.26% Test OOD1: 91.65% 
Epoch: 214, Loss: 0.2267, Train: 99.80%, Valid: 84.77%, Test In: 85.02% Test OOD1: 91.84% 
Epoch: 215, Loss: 0.2277, Train: 99.72%, Valid: 84.81%, Test In: 84.94% Test OOD1: 91.88% 
Epoch: 216, Loss: 0.2329, Train: 99.80%, Valid: 84.69%, Test In: 84.82% Test OOD1: 91.90% 
Epoch: 217, Loss: 0.2186, Train: 99.86%, Valid: 84.69%, Test In: 85.18% Test OOD1: 91.66% 
Epoch: 218, Loss: 0.2161, Train: 99.76%, Valid: 84.73%, Test In: 85.34% Test OOD1: 91.58% 
Epoch: 219, Loss: 0.2121, Train: 99.84%, Valid: 84.93%, Test In: 85.26% Test OOD1: 91.55% 
Epoch: 220, Loss: 0.2331, Train: 99.88%, Valid: 84.97%, Test In: 85.14% Test OOD1: 91.81% 
Epoch: 221, Loss: 0.2221, Train: 99.84%, Valid: 84.85%, Test In: 85.18% Test OOD1: 91.75% 
Epoch: 222, Loss: 0.2251, Train: 99.86%, Valid: 85.01%, Test In: 85.38% Test OOD1: 91.67% 
Epoch: 223, Loss: 0.2135, Train: 99.84%, Valid: 84.97%, Test In: 85.30% Test OOD1: 91.61% 
Epoch: 224, Loss: 0.2203, Train: 99.86%, Valid: 84.97%, Test In: 85.58% Test OOD1: 91.67% 
Epoch: 225, Loss: 0.2106, Train: 99.88%, Valid: 85.13%, Test In: 85.26% Test OOD1: 91.88% 
Epoch: 226, Loss: 0.2172, Train: 99.84%, Valid: 85.09%, Test In: 85.50% Test OOD1: 91.95% 
Epoch: 227, Loss: 0.2010, Train: 99.88%, Valid: 84.93%, Test In: 85.50% Test OOD1: 92.13% 
Epoch: 228, Loss: 0.2048, Train: 99.90%, Valid: 84.93%, Test In: 85.58% Test OOD1: 91.98% 
Epoch: 229, Loss: 0.2092, Train: 99.88%, Valid: 85.17%, Test In: 85.54% Test OOD1: 92.01% 
Epoch: 230, Loss: 0.2049, Train: 99.88%, Valid: 85.49%, Test In: 85.46% Test OOD1: 92.01% 
Epoch: 231, Loss: 0.2000, Train: 99.86%, Valid: 85.01%, Test In: 85.34% Test OOD1: 91.77% 
Epoch: 232, Loss: 0.1981, Train: 99.88%, Valid: 85.13%, Test In: 85.54% Test OOD1: 91.96% 
Epoch: 233, Loss: 0.2024, Train: 99.90%, Valid: 85.25%, Test In: 85.34% Test OOD1: 92.07% 
Epoch: 234, Loss: 0.1993, Train: 99.86%, Valid: 85.41%, Test In: 85.38% Test OOD1: 92.03% 
Epoch: 235, Loss: 0.1942, Train: 99.84%, Valid: 85.33%, Test In: 85.46% Test OOD1: 92.14% 
Epoch: 236, Loss: 0.2028, Train: 99.82%, Valid: 85.37%, Test In: 85.42% Test OOD1: 92.17% 
Epoch: 237, Loss: 0.1898, Train: 99.86%, Valid: 84.89%, Test In: 85.38% Test OOD1: 92.02% 
Epoch: 238, Loss: 0.2023, Train: 99.84%, Valid: 84.97%, Test In: 85.38% Test OOD1: 91.95% 
Epoch: 239, Loss: 0.1985, Train: 99.86%, Valid: 85.21%, Test In: 85.30% Test OOD1: 92.00% 
Epoch: 240, Loss: 0.2001, Train: 99.86%, Valid: 85.49%, Test In: 85.58% Test OOD1: 92.07% 
Epoch: 241, Loss: 0.1844, Train: 99.86%, Valid: 85.49%, Test In: 85.62% Test OOD1: 92.08% 
Epoch: 242, Loss: 0.2042, Train: 99.90%, Valid: 85.37%, Test In: 85.50% Test OOD1: 92.06% 
Epoch: 243, Loss: 0.1850, Train: 99.90%, Valid: 85.25%, Test In: 85.50% Test OOD1: 91.98% 
Epoch: 244, Loss: 0.1966, Train: 99.94%, Valid: 85.41%, Test In: 85.74% Test OOD1: 92.03% 
Epoch: 245, Loss: 0.1787, Train: 99.92%, Valid: 85.61%, Test In: 85.82% Test OOD1: 92.09% 
Epoch: 246, Loss: 0.1862, Train: 99.90%, Valid: 85.37%, Test In: 85.70% Test OOD1: 92.18% 
Epoch: 247, Loss: 0.1859, Train: 99.90%, Valid: 85.25%, Test In: 85.78% Test OOD1: 92.32% 
Epoch: 248, Loss: 0.1830, Train: 99.90%, Valid: 85.09%, Test In: 85.58% Test OOD1: 92.34% 
Epoch: 249, Loss: 0.1742, Train: 99.94%, Valid: 85.01%, Test In: 85.82% Test OOD1: 92.18% 
Epoch: 250, Loss: 0.1716, Train: 99.92%, Valid: 85.17%, Test In: 85.62% Test OOD1: 92.07% 
Epoch: 251, Loss: 0.1788, Train: 99.88%, Valid: 85.25%, Test In: 85.66% Test OOD1: 92.03% 
Epoch: 252, Loss: 0.1945, Train: 99.96%, Valid: 85.45%, Test In: 85.78% Test OOD1: 92.16% 
Epoch: 253, Loss: 0.1940, Train: 99.94%, Valid: 85.33%, Test In: 85.62% Test OOD1: 92.26% 
Epoch: 254, Loss: 0.1818, Train: 99.88%, Valid: 85.21%, Test In: 85.54% Test OOD1: 92.32% 
Epoch: 255, Loss: 0.1738, Train: 99.94%, Valid: 85.21%, Test In: 85.54% Test OOD1: 92.37% 
Epoch: 256, Loss: 0.1882, Train: 99.90%, Valid: 85.53%, Test In: 85.94% Test OOD1: 92.30% 
Epoch: 257, Loss: 0.1788, Train: 99.88%, Valid: 85.25%, Test In: 85.90% Test OOD1: 92.31% 
Epoch: 258, Loss: 0.1769, Train: 99.88%, Valid: 85.09%, Test In: 85.86% Test OOD1: 92.25% 
Epoch: 259, Loss: 0.1636, Train: 99.88%, Valid: 85.25%, Test In: 85.78% Test OOD1: 92.34% 
Epoch: 260, Loss: 0.1613, Train: 99.92%, Valid: 85.13%, Test In: 85.58% Test OOD1: 92.56% 
Epoch: 261, Loss: 0.1668, Train: 99.86%, Valid: 85.45%, Test In: 85.62% Test OOD1: 92.54% 
Epoch: 262, Loss: 0.1744, Train: 99.92%, Valid: 85.49%, Test In: 85.82% Test OOD1: 92.57% 
Epoch: 263, Loss: 0.1689, Train: 99.88%, Valid: 85.21%, Test In: 85.94% Test OOD1: 92.44% 
Epoch: 264, Loss: 0.1725, Train: 99.88%, Valid: 85.17%, Test In: 85.86% Test OOD1: 92.39% 
Epoch: 265, Loss: 0.1757, Train: 99.98%, Valid: 85.41%, Test In: 85.90% Test OOD1: 92.40% 
Epoch: 266, Loss: 0.1728, Train: 99.96%, Valid: 85.61%, Test In: 85.90% Test OOD1: 92.41% 
Epoch: 267, Loss: 0.1680, Train: 99.98%, Valid: 85.53%, Test In: 85.90% Test OOD1: 92.58% 
Epoch: 268, Loss: 0.1595, Train: 99.96%, Valid: 85.33%, Test In: 85.70% Test OOD1: 92.61% 
Epoch: 269, Loss: 0.1615, Train: 99.96%, Valid: 85.41%, Test In: 85.74% Test OOD1: 92.59% 
Epoch: 270, Loss: 0.1621, Train: 99.96%, Valid: 85.37%, Test In: 86.02% Test OOD1: 92.54% 
Epoch: 271, Loss: 0.1577, Train: 99.98%, Valid: 85.57%, Test In: 86.18% Test OOD1: 92.53% 
Epoch: 272, Loss: 0.1577, Train: 99.98%, Valid: 85.77%, Test In: 86.06% Test OOD1: 92.59% 
Epoch: 273, Loss: 0.1546, Train: 99.96%, Valid: 85.49%, Test In: 86.30% Test OOD1: 92.57% 
Epoch: 274, Loss: 0.1601, Train: 99.94%, Valid: 85.49%, Test In: 86.06% Test OOD1: 92.53% 
Epoch: 275, Loss: 0.1561, Train: 99.94%, Valid: 85.41%, Test In: 85.90% Test OOD1: 92.53% 
Epoch: 276, Loss: 0.1504, Train: 99.96%, Valid: 85.13%, Test In: 86.06% Test OOD1: 92.45% 
Epoch: 277, Loss: 0.1474, Train: 99.98%, Valid: 85.25%, Test In: 85.94% Test OOD1: 92.54% 
Epoch: 278, Loss: 0.1443, Train: 99.94%, Valid: 85.57%, Test In: 85.98% Test OOD1: 92.68% 
Epoch: 279, Loss: 0.1453, Train: 99.96%, Valid: 85.49%, Test In: 85.94% Test OOD1: 92.73% 
Epoch: 280, Loss: 0.1558, Train: 99.94%, Valid: 85.49%, Test In: 85.62% Test OOD1: 92.75% 
Epoch: 281, Loss: 0.1500, Train: 99.94%, Valid: 85.53%, Test In: 85.70% Test OOD1: 92.75% 
Epoch: 282, Loss: 0.1401, Train: 99.96%, Valid: 85.33%, Test In: 85.74% Test OOD1: 92.73% 
Epoch: 283, Loss: 0.1484, Train: 99.96%, Valid: 85.37%, Test In: 85.74% Test OOD1: 92.74% 
Epoch: 284, Loss: 0.1493, Train: 99.96%, Valid: 85.37%, Test In: 85.66% Test OOD1: 92.76% 
Epoch: 285, Loss: 0.1497, Train: 99.94%, Valid: 85.25%, Test In: 85.70% Test OOD1: 92.73% 
Epoch: 286, Loss: 0.1544, Train: 99.96%, Valid: 85.17%, Test In: 85.78% Test OOD1: 92.67% 
Epoch: 287, Loss: 0.1548, Train: 99.96%, Valid: 85.13%, Test In: 85.74% Test OOD1: 92.61% 
Epoch: 288, Loss: 0.1619, Train: 99.96%, Valid: 85.33%, Test In: 85.82% Test OOD1: 92.49% 
Epoch: 289, Loss: 0.1583, Train: 99.96%, Valid: 85.45%, Test In: 85.94% Test OOD1: 92.51% 
Epoch: 290, Loss: 0.1521, Train: 99.96%, Valid: 85.41%, Test In: 85.94% Test OOD1: 92.51% 
Epoch: 291, Loss: 0.1467, Train: 99.96%, Valid: 85.53%, Test In: 85.86% Test OOD1: 92.49% 
Epoch: 292, Loss: 0.1485, Train: 99.94%, Valid: 85.37%, Test In: 86.14% Test OOD1: 92.52% 
Epoch: 293, Loss: 0.1367, Train: 99.94%, Valid: 85.61%, Test In: 86.18% Test OOD1: 92.53% 
Epoch: 294, Loss: 0.1394, Train: 99.94%, Valid: 85.53%, Test In: 86.14% Test OOD1: 92.53% 
Epoch: 295, Loss: 0.1615, Train: 99.98%, Valid: 85.61%, Test In: 86.02% Test OOD1: 92.56% 
Epoch: 296, Loss: 0.1386, Train: 99.94%, Valid: 85.57%, Test In: 86.02% Test OOD1: 92.64% 
Epoch: 297, Loss: 0.1422, Train: 99.94%, Valid: 85.57%, Test In: 86.06% Test OOD1: 92.63% 
Epoch: 298, Loss: 0.1436, Train: 99.94%, Valid: 85.53%, Test In: 86.14% Test OOD1: 92.63% 
Epoch: 299, Loss: 0.1397, Train: 99.96%, Valid: 85.37%, Test In: 86.06% Test OOD1: 92.70% 
Epoch: 300, Loss: 0.1365, Train: 99.96%, Valid: 85.53%, Test In: 86.10% Test OOD1: 92.65% 
Epoch: 301, Loss: 0.1373, Train: 100.00%, Valid: 85.61%, Test In: 86.26% Test OOD1: 92.62% 
Epoch: 302, Loss: 0.1337, Train: 100.00%, Valid: 85.73%, Test In: 86.30% Test OOD1: 92.75% 
Epoch: 303, Loss: 0.1347, Train: 100.00%, Valid: 85.77%, Test In: 86.54% Test OOD1: 92.74% 
Epoch: 304, Loss: 0.1337, Train: 100.00%, Valid: 85.81%, Test In: 86.26% Test OOD1: 92.62% 
Epoch: 305, Loss: 0.1353, Train: 100.00%, Valid: 85.77%, Test In: 86.10% Test OOD1: 92.74% 
Epoch: 306, Loss: 0.1262, Train: 100.00%, Valid: 85.73%, Test In: 86.10% Test OOD1: 92.62% 
Epoch: 307, Loss: 0.1315, Train: 99.98%, Valid: 85.93%, Test In: 86.10% Test OOD1: 92.61% 
Epoch: 308, Loss: 0.1308, Train: 99.98%, Valid: 85.97%, Test In: 86.38% Test OOD1: 92.77% 
Epoch: 309, Loss: 0.1354, Train: 99.98%, Valid: 85.89%, Test In: 86.06% Test OOD1: 92.92% 
Epoch: 310, Loss: 0.1358, Train: 100.00%, Valid: 86.01%, Test In: 86.30% Test OOD1: 92.99% 
Epoch: 311, Loss: 0.1239, Train: 100.00%, Valid: 85.89%, Test In: 86.42% Test OOD1: 92.94% 
Epoch: 312, Loss: 0.1239, Train: 99.96%, Valid: 85.73%, Test In: 86.38% Test OOD1: 92.77% 
Epoch: 313, Loss: 0.1225, Train: 99.94%, Valid: 85.65%, Test In: 86.22% Test OOD1: 92.61% 
Epoch: 314, Loss: 0.1310, Train: 99.96%, Valid: 85.69%, Test In: 86.34% Test OOD1: 92.62% 
Epoch: 315, Loss: 0.1241, Train: 99.96%, Valid: 85.73%, Test In: 86.30% Test OOD1: 92.80% 
Epoch: 316, Loss: 0.1185, Train: 100.00%, Valid: 85.89%, Test In: 86.34% Test OOD1: 92.88% 
Epoch: 317, Loss: 0.1153, Train: 100.00%, Valid: 85.85%, Test In: 86.22% Test OOD1: 92.94% 
Epoch: 318, Loss: 0.1215, Train: 100.00%, Valid: 85.81%, Test In: 86.22% Test OOD1: 92.95% 
Epoch: 319, Loss: 0.1236, Train: 100.00%, Valid: 85.73%, Test In: 86.26% Test OOD1: 92.85% 
Epoch: 320, Loss: 0.1193, Train: 100.00%, Valid: 85.69%, Test In: 86.06% Test OOD1: 92.81% 
Epoch: 321, Loss: 0.1116, Train: 100.00%, Valid: 85.77%, Test In: 86.30% Test OOD1: 92.73% 
Epoch: 322, Loss: 0.1168, Train: 100.00%, Valid: 85.77%, Test In: 86.46% Test OOD1: 92.78% 
Epoch: 323, Loss: 0.1139, Train: 100.00%, Valid: 85.77%, Test In: 86.50% Test OOD1: 92.87% 
Epoch: 324, Loss: 0.1086, Train: 100.00%, Valid: 85.89%, Test In: 86.54% Test OOD1: 92.98% 
Epoch: 325, Loss: 0.0950, Train: 100.00%, Valid: 85.97%, Test In: 86.54% Test OOD1: 92.99% 
Epoch: 326, Loss: 0.1162, Train: 100.00%, Valid: 85.89%, Test In: 86.42% Test OOD1: 93.02% 
Epoch: 327, Loss: 0.1196, Train: 100.00%, Valid: 85.93%, Test In: 86.50% Test OOD1: 92.99% 
Epoch: 328, Loss: 0.1140, Train: 100.00%, Valid: 85.97%, Test In: 86.38% Test OOD1: 92.96% 
Epoch: 329, Loss: 0.1082, Train: 100.00%, Valid: 85.85%, Test In: 86.46% Test OOD1: 92.96% 
Epoch: 330, Loss: 0.1120, Train: 99.98%, Valid: 86.05%, Test In: 86.50% Test OOD1: 92.90% 
Epoch: 331, Loss: 0.1137, Train: 100.00%, Valid: 85.69%, Test In: 86.46% Test OOD1: 92.87% 
Epoch: 332, Loss: 0.1161, Train: 100.00%, Valid: 85.97%, Test In: 86.50% Test OOD1: 92.96% 
Epoch: 333, Loss: 0.1092, Train: 100.00%, Valid: 86.05%, Test In: 86.58% Test OOD1: 93.06% 
Epoch: 334, Loss: 0.1033, Train: 100.00%, Valid: 86.17%, Test In: 86.50% Test OOD1: 93.03% 
Epoch: 335, Loss: 0.1133, Train: 100.00%, Valid: 86.05%, Test In: 86.46% Test OOD1: 93.08% 
Epoch: 336, Loss: 0.1100, Train: 100.00%, Valid: 86.21%, Test In: 86.62% Test OOD1: 93.18% 
Epoch: 337, Loss: 0.1073, Train: 100.00%, Valid: 86.09%, Test In: 86.38% Test OOD1: 93.13% 
Epoch: 338, Loss: 0.1035, Train: 99.96%, Valid: 86.13%, Test In: 86.34% Test OOD1: 93.09% 
Epoch: 339, Loss: 0.1142, Train: 99.96%, Valid: 86.05%, Test In: 86.42% Test OOD1: 93.04% 
Epoch: 340, Loss: 0.1078, Train: 99.98%, Valid: 85.97%, Test In: 86.26% Test OOD1: 93.07% 
Epoch: 341, Loss: 0.1108, Train: 100.00%, Valid: 86.05%, Test In: 86.46% Test OOD1: 93.08% 
Epoch: 342, Loss: 0.1123, Train: 100.00%, Valid: 85.93%, Test In: 86.62% Test OOD1: 93.14% 
Epoch: 343, Loss: 0.1157, Train: 100.00%, Valid: 86.05%, Test In: 86.58% Test OOD1: 93.24% 
Epoch: 344, Loss: 0.1065, Train: 100.00%, Valid: 86.01%, Test In: 86.58% Test OOD1: 93.23% 
Epoch: 345, Loss: 0.1083, Train: 100.00%, Valid: 86.01%, Test In: 86.66% Test OOD1: 93.16% 
Epoch: 346, Loss: 0.1048, Train: 100.00%, Valid: 86.05%, Test In: 86.70% Test OOD1: 93.09% 
Epoch: 347, Loss: 0.1021, Train: 100.00%, Valid: 85.77%, Test In: 86.70% Test OOD1: 92.96% 
Epoch: 348, Loss: 0.0996, Train: 100.00%, Valid: 85.81%, Test In: 86.50% Test OOD1: 92.95% 
Epoch: 349, Loss: 0.1009, Train: 100.00%, Valid: 85.97%, Test In: 86.58% Test OOD1: 92.98% 
Epoch: 350, Loss: 0.1073, Train: 100.00%, Valid: 86.01%, Test In: 86.58% Test OOD1: 93.15% 
Epoch: 351, Loss: 0.1053, Train: 100.00%, Valid: 86.13%, Test In: 86.74% Test OOD1: 93.20% 
Epoch: 352, Loss: 0.1034, Train: 100.00%, Valid: 86.09%, Test In: 86.58% Test OOD1: 93.20% 
Epoch: 353, Loss: 0.1113, Train: 100.00%, Valid: 85.97%, Test In: 86.70% Test OOD1: 93.17% 
Epoch: 354, Loss: 0.1117, Train: 100.00%, Valid: 85.93%, Test In: 86.74% Test OOD1: 93.16% 
Epoch: 355, Loss: 0.0934, Train: 100.00%, Valid: 85.93%, Test In: 86.62% Test OOD1: 93.16% 
Epoch: 356, Loss: 0.1018, Train: 100.00%, Valid: 85.77%, Test In: 86.70% Test OOD1: 93.22% 
Epoch: 357, Loss: 0.0975, Train: 100.00%, Valid: 86.05%, Test In: 86.62% Test OOD1: 93.29% 
Epoch: 358, Loss: 0.0966, Train: 100.00%, Valid: 86.33%, Test In: 86.62% Test OOD1: 93.30% 
Epoch: 359, Loss: 0.0974, Train: 100.00%, Valid: 86.17%, Test In: 86.78% Test OOD1: 93.30% 
Epoch: 360, Loss: 0.1060, Train: 100.00%, Valid: 86.05%, Test In: 86.62% Test OOD1: 93.20% 
Epoch: 361, Loss: 0.0892, Train: 100.00%, Valid: 85.85%, Test In: 86.74% Test OOD1: 93.17% 
Epoch: 362, Loss: 0.0963, Train: 99.98%, Valid: 85.77%, Test In: 86.58% Test OOD1: 93.21% 
Epoch: 363, Loss: 0.1070, Train: 99.98%, Valid: 86.37%, Test In: 86.42% Test OOD1: 93.24% 
Epoch: 364, Loss: 0.0966, Train: 99.98%, Valid: 86.33%, Test In: 86.42% Test OOD1: 93.28% 
Epoch: 365, Loss: 0.0961, Train: 100.00%, Valid: 86.21%, Test In: 86.42% Test OOD1: 93.31% 
Epoch: 366, Loss: 0.0939, Train: 100.00%, Valid: 86.17%, Test In: 86.70% Test OOD1: 93.19% 
Epoch: 367, Loss: 0.0927, Train: 100.00%, Valid: 86.17%, Test In: 86.90% Test OOD1: 93.07% 
Epoch: 368, Loss: 0.0910, Train: 100.00%, Valid: 86.17%, Test In: 86.46% Test OOD1: 92.91% 
Epoch: 369, Loss: 0.1029, Train: 100.00%, Valid: 86.37%, Test In: 86.74% Test OOD1: 93.08% 
Epoch: 370, Loss: 0.0876, Train: 100.00%, Valid: 86.33%, Test In: 86.70% Test OOD1: 93.25% 
Epoch: 371, Loss: 0.0888, Train: 100.00%, Valid: 86.29%, Test In: 86.70% Test OOD1: 93.27% 
Epoch: 372, Loss: 0.1019, Train: 100.00%, Valid: 86.45%, Test In: 86.86% Test OOD1: 93.30% 
Epoch: 373, Loss: 0.0861, Train: 100.00%, Valid: 86.29%, Test In: 86.94% Test OOD1: 93.37% 
Epoch: 374, Loss: 0.0934, Train: 100.00%, Valid: 86.25%, Test In: 86.86% Test OOD1: 93.37% 
Epoch: 375, Loss: 0.0930, Train: 100.00%, Valid: 86.45%, Test In: 86.86% Test OOD1: 93.38% 
Epoch: 376, Loss: 0.0944, Train: 100.00%, Valid: 86.49%, Test In: 86.86% Test OOD1: 93.40% 
Epoch: 377, Loss: 0.0911, Train: 100.00%, Valid: 86.41%, Test In: 86.90% Test OOD1: 93.36% 
Epoch: 378, Loss: 0.0907, Train: 100.00%, Valid: 86.25%, Test In: 86.94% Test OOD1: 93.33% 
Epoch: 379, Loss: 0.0895, Train: 100.00%, Valid: 86.25%, Test In: 87.02% Test OOD1: 93.35% 
Epoch: 380, Loss: 0.0890, Train: 100.00%, Valid: 86.33%, Test In: 86.98% Test OOD1: 93.35% 
Epoch: 381, Loss: 0.0854, Train: 100.00%, Valid: 86.41%, Test In: 86.98% Test OOD1: 93.38% 
Epoch: 382, Loss: 0.0876, Train: 100.00%, Valid: 86.61%, Test In: 86.98% Test OOD1: 93.34% 
Epoch: 383, Loss: 0.0908, Train: 100.00%, Valid: 86.53%, Test In: 86.86% Test OOD1: 93.37% 
Epoch: 384, Loss: 0.0899, Train: 100.00%, Valid: 86.57%, Test In: 86.62% Test OOD1: 93.46% 
Epoch: 385, Loss: 0.0989, Train: 100.00%, Valid: 86.65%, Test In: 86.58% Test OOD1: 93.51% 
Epoch: 386, Loss: 0.0881, Train: 100.00%, Valid: 86.65%, Test In: 86.74% Test OOD1: 93.51% 
Epoch: 387, Loss: 0.0843, Train: 100.00%, Valid: 86.69%, Test In: 86.94% Test OOD1: 93.40% 
Epoch: 388, Loss: 0.0851, Train: 100.00%, Valid: 86.41%, Test In: 87.06% Test OOD1: 93.37% 
Epoch: 389, Loss: 0.0876, Train: 100.00%, Valid: 86.29%, Test In: 86.94% Test OOD1: 93.35% 
Epoch: 390, Loss: 0.0800, Train: 100.00%, Valid: 86.41%, Test In: 87.02% Test OOD1: 93.48% 
Epoch: 391, Loss: 0.0855, Train: 99.98%, Valid: 86.41%, Test In: 86.78% Test OOD1: 93.42% 
Epoch: 392, Loss: 0.0793, Train: 99.98%, Valid: 86.53%, Test In: 86.70% Test OOD1: 93.40% 
Epoch: 393, Loss: 0.0893, Train: 99.98%, Valid: 86.45%, Test In: 86.78% Test OOD1: 93.38% 
Epoch: 394, Loss: 0.0762, Train: 99.98%, Valid: 86.29%, Test In: 87.02% Test OOD1: 93.40% 
Epoch: 395, Loss: 0.0920, Train: 100.00%, Valid: 86.49%, Test In: 86.98% Test OOD1: 93.47% 
Epoch: 396, Loss: 0.0862, Train: 100.00%, Valid: 86.37%, Test In: 87.06% Test OOD1: 93.48% 
Epoch: 397, Loss: 0.0787, Train: 100.00%, Valid: 86.41%, Test In: 87.06% Test OOD1: 93.42% 
Epoch: 398, Loss: 0.0879, Train: 100.00%, Valid: 86.49%, Test In: 87.26% Test OOD1: 93.42% 
Epoch: 399, Loss: 0.0776, Train: 100.00%, Valid: 86.41%, Test In: 87.22% Test OOD1: 93.33% 
Epoch: 400, Loss: 0.0859, Train: 100.00%, Valid: 86.29%, Test In: 87.26% Test OOD1: 93.34% 
Epoch: 401, Loss: 0.0769, Train: 99.98%, Valid: 86.45%, Test In: 87.18% Test OOD1: 93.46% 
Epoch: 402, Loss: 0.0750, Train: 99.98%, Valid: 86.65%, Test In: 87.18% Test OOD1: 93.46% 
Epoch: 403, Loss: 0.0781, Train: 99.98%, Valid: 86.73%, Test In: 87.14% Test OOD1: 93.44% 
Epoch: 404, Loss: 0.0841, Train: 99.98%, Valid: 86.69%, Test In: 87.26% Test OOD1: 93.40% 
Epoch: 405, Loss: 0.0793, Train: 99.98%, Valid: 86.69%, Test In: 87.18% Test OOD1: 93.39% 
Epoch: 406, Loss: 0.0761, Train: 99.98%, Valid: 86.81%, Test In: 87.18% Test OOD1: 93.44% 
Epoch: 407, Loss: 0.0764, Train: 99.98%, Valid: 86.77%, Test In: 87.18% Test OOD1: 93.50% 
Epoch: 408, Loss: 0.0711, Train: 99.98%, Valid: 86.73%, Test In: 87.10% Test OOD1: 93.52% 
Epoch: 409, Loss: 0.0935, Train: 99.98%, Valid: 86.73%, Test In: 86.98% Test OOD1: 93.51% 
Epoch: 410, Loss: 0.0770, Train: 100.00%, Valid: 86.65%, Test In: 87.02% Test OOD1: 93.45% 
Epoch: 411, Loss: 0.0687, Train: 100.00%, Valid: 86.45%, Test In: 86.98% Test OOD1: 93.42% 
Epoch: 412, Loss: 0.0743, Train: 100.00%, Valid: 86.45%, Test In: 86.86% Test OOD1: 93.44% 
Epoch: 413, Loss: 0.0769, Train: 100.00%, Valid: 86.61%, Test In: 86.94% Test OOD1: 93.48% 
Epoch: 414, Loss: 0.0753, Train: 100.00%, Valid: 86.57%, Test In: 86.78% Test OOD1: 93.47% 
Epoch: 415, Loss: 0.0696, Train: 100.00%, Valid: 86.49%, Test In: 86.90% Test OOD1: 93.49% 
Epoch: 416, Loss: 0.0706, Train: 100.00%, Valid: 86.53%, Test In: 87.14% Test OOD1: 93.48% 
Epoch: 417, Loss: 0.0809, Train: 100.00%, Valid: 86.29%, Test In: 87.26% Test OOD1: 93.55% 
Epoch: 418, Loss: 0.0719, Train: 100.00%, Valid: 86.37%, Test In: 87.30% Test OOD1: 93.53% 
Epoch: 419, Loss: 0.0759, Train: 100.00%, Valid: 86.29%, Test In: 87.22% Test OOD1: 93.43% 
Epoch: 420, Loss: 0.0731, Train: 100.00%, Valid: 86.21%, Test In: 86.98% Test OOD1: 93.41% 
Epoch: 421, Loss: 0.0715, Train: 100.00%, Valid: 86.09%, Test In: 86.94% Test OOD1: 93.38% 
Epoch: 422, Loss: 0.0847, Train: 100.00%, Valid: 86.13%, Test In: 86.90% Test OOD1: 93.39% 
Epoch: 423, Loss: 0.0717, Train: 100.00%, Valid: 86.33%, Test In: 86.98% Test OOD1: 93.42% 
Epoch: 424, Loss: 0.0786, Train: 100.00%, Valid: 86.29%, Test In: 87.10% Test OOD1: 93.49% 
Epoch: 425, Loss: 0.0750, Train: 100.00%, Valid: 86.57%, Test In: 87.26% Test OOD1: 93.38% 
Epoch: 426, Loss: 0.0681, Train: 100.00%, Valid: 86.57%, Test In: 87.34% Test OOD1: 93.42% 
Epoch: 427, Loss: 0.0757, Train: 100.00%, Valid: 86.61%, Test In: 87.38% Test OOD1: 93.38% 
Epoch: 428, Loss: 0.0698, Train: 100.00%, Valid: 86.53%, Test In: 87.54% Test OOD1: 93.47% 
Epoch: 429, Loss: 0.0626, Train: 100.00%, Valid: 86.77%, Test In: 87.34% Test OOD1: 93.47% 
Epoch: 430, Loss: 0.0712, Train: 100.00%, Valid: 86.57%, Test In: 87.38% Test OOD1: 93.58% 
Epoch: 431, Loss: 0.0777, Train: 100.00%, Valid: 86.73%, Test In: 87.42% Test OOD1: 93.64% 
Epoch: 432, Loss: 0.0722, Train: 100.00%, Valid: 86.73%, Test In: 87.54% Test OOD1: 93.58% 
Epoch: 433, Loss: 0.0691, Train: 100.00%, Valid: 86.77%, Test In: 87.42% Test OOD1: 93.56% 
Epoch: 434, Loss: 0.0586, Train: 100.00%, Valid: 86.53%, Test In: 87.38% Test OOD1: 93.49% 
Epoch: 435, Loss: 0.0678, Train: 100.00%, Valid: 86.29%, Test In: 87.34% Test OOD1: 93.47% 
Epoch: 436, Loss: 0.0666, Train: 100.00%, Valid: 86.17%, Test In: 87.34% Test OOD1: 93.43% 
Epoch: 437, Loss: 0.0636, Train: 100.00%, Valid: 86.37%, Test In: 87.26% Test OOD1: 93.40% 
Epoch: 438, Loss: 0.0721, Train: 100.00%, Valid: 86.29%, Test In: 87.30% Test OOD1: 93.44% 
Epoch: 439, Loss: 0.0632, Train: 100.00%, Valid: 86.53%, Test In: 87.18% Test OOD1: 93.55% 
Epoch: 440, Loss: 0.0669, Train: 100.00%, Valid: 86.45%, Test In: 87.10% Test OOD1: 93.57% 
Epoch: 441, Loss: 0.0692, Train: 100.00%, Valid: 86.41%, Test In: 87.10% Test OOD1: 93.50% 
Epoch: 442, Loss: 0.0627, Train: 100.00%, Valid: 86.61%, Test In: 87.26% Test OOD1: 93.48% 
Epoch: 443, Loss: 0.0665, Train: 100.00%, Valid: 86.61%, Test In: 87.22% Test OOD1: 93.49% 
Epoch: 444, Loss: 0.0614, Train: 100.00%, Valid: 86.53%, Test In: 87.38% Test OOD1: 93.58% 
Epoch: 445, Loss: 0.0673, Train: 100.00%, Valid: 86.49%, Test In: 87.38% Test OOD1: 93.65% 
Epoch: 446, Loss: 0.0616, Train: 100.00%, Valid: 86.53%, Test In: 87.42% Test OOD1: 93.62% 
Epoch: 447, Loss: 0.0684, Train: 100.00%, Valid: 86.61%, Test In: 87.46% Test OOD1: 93.56% 
Epoch: 448, Loss: 0.0639, Train: 100.00%, Valid: 86.73%, Test In: 87.34% Test OOD1: 93.52% 
Epoch: 449, Loss: 0.0635, Train: 100.00%, Valid: 86.85%, Test In: 87.46% Test OOD1: 93.53% 
Epoch: 450, Loss: 0.0639, Train: 99.98%, Valid: 86.85%, Test In: 87.38% Test OOD1: 93.54% 
Epoch: 451, Loss: 0.0624, Train: 99.98%, Valid: 86.85%, Test In: 87.34% Test OOD1: 93.62% 
Epoch: 452, Loss: 0.0745, Train: 100.00%, Valid: 86.77%, Test In: 87.34% Test OOD1: 93.68% 
Epoch: 453, Loss: 0.0721, Train: 100.00%, Valid: 86.81%, Test In: 87.34% Test OOD1: 93.70% 
Epoch: 454, Loss: 0.0648, Train: 100.00%, Valid: 86.77%, Test In: 87.38% Test OOD1: 93.68% 
Epoch: 455, Loss: 0.0622, Train: 100.00%, Valid: 86.65%, Test In: 87.46% Test OOD1: 93.62% 
Epoch: 456, Loss: 0.0658, Train: 100.00%, Valid: 86.41%, Test In: 87.34% Test OOD1: 93.57% 
Epoch: 457, Loss: 0.0668, Train: 100.00%, Valid: 86.57%, Test In: 87.30% Test OOD1: 93.57% 
Epoch: 458, Loss: 0.0649, Train: 100.00%, Valid: 86.69%, Test In: 87.50% Test OOD1: 93.64% 
Epoch: 459, Loss: 0.0622, Train: 100.00%, Valid: 86.69%, Test In: 87.30% Test OOD1: 93.74% 
Epoch: 460, Loss: 0.0554, Train: 100.00%, Valid: 86.73%, Test In: 87.14% Test OOD1: 93.73% 
Epoch: 461, Loss: 0.0638, Train: 100.00%, Valid: 86.69%, Test In: 87.38% Test OOD1: 93.73% 
Epoch: 462, Loss: 0.0606, Train: 100.00%, Valid: 86.53%, Test In: 87.38% Test OOD1: 93.66% 
Epoch: 463, Loss: 0.0589, Train: 100.00%, Valid: 86.77%, Test In: 87.66% Test OOD1: 93.60% 
Epoch: 464, Loss: 0.0667, Train: 100.00%, Valid: 86.65%, Test In: 87.58% Test OOD1: 93.54% 
Epoch: 465, Loss: 0.0626, Train: 100.00%, Valid: 86.65%, Test In: 87.46% Test OOD1: 93.60% 
Epoch: 466, Loss: 0.0631, Train: 100.00%, Valid: 86.73%, Test In: 87.42% Test OOD1: 93.61% 
Epoch: 467, Loss: 0.1558, Train: 100.00%, Valid: 85.89%, Test In: 86.98% Test OOD1: 93.03% 
Epoch: 468, Loss: 0.1572, Train: 100.00%, Valid: 86.37%, Test In: 87.14% Test OOD1: 93.31% 
Epoch: 469, Loss: 0.1574, Train: 100.00%, Valid: 86.49%, Test In: 86.90% Test OOD1: 93.60% 
Epoch: 470, Loss: 0.1708, Train: 100.00%, Valid: 86.37%, Test In: 86.98% Test OOD1: 93.53% 
Epoch: 471, Loss: 0.1693, Train: 100.00%, Valid: 86.33%, Test In: 86.82% Test OOD1: 93.51% 
Epoch: 472, Loss: 0.1440, Train: 100.00%, Valid: 86.73%, Test In: 86.90% Test OOD1: 93.62% 
Epoch: 473, Loss: 0.1599, Train: 100.00%, Valid: 86.61%, Test In: 87.14% Test OOD1: 93.48% 
Epoch: 474, Loss: 0.1569, Train: 100.00%, Valid: 86.81%, Test In: 87.06% Test OOD1: 93.57% 
Epoch: 475, Loss: 0.1625, Train: 100.00%, Valid: 86.97%, Test In: 87.18% Test OOD1: 93.56% 
Epoch: 476, Loss: 0.1511, Train: 100.00%, Valid: 86.93%, Test In: 87.18% Test OOD1: 93.53% 
Epoch: 477, Loss: 0.1699, Train: 100.00%, Valid: 86.73%, Test In: 87.46% Test OOD1: 93.48% 
Epoch: 478, Loss: 0.1315, Train: 100.00%, Valid: 86.41%, Test In: 87.42% Test OOD1: 93.41% 
Epoch: 479, Loss: 0.1374, Train: 99.98%, Valid: 86.69%, Test In: 87.42% Test OOD1: 93.45% 
Epoch: 480, Loss: 0.1264, Train: 99.98%, Valid: 86.73%, Test In: 87.26% Test OOD1: 93.52% 
Epoch: 481, Loss: 0.1234, Train: 99.98%, Valid: 86.49%, Test In: 87.34% Test OOD1: 93.60% 
Epoch: 482, Loss: 0.1096, Train: 99.98%, Valid: 86.81%, Test In: 87.38% Test OOD1: 93.68% 
Epoch: 483, Loss: 0.1097, Train: 99.98%, Valid: 86.93%, Test In: 87.50% Test OOD1: 93.62% 
Epoch: 484, Loss: 0.1142, Train: 99.98%, Valid: 86.81%, Test In: 87.62% Test OOD1: 93.48% 
Epoch: 485, Loss: 0.1027, Train: 99.98%, Valid: 86.73%, Test In: 87.86% Test OOD1: 93.40% 
Epoch: 486, Loss: 0.1010, Train: 100.00%, Valid: 86.81%, Test In: 87.46% Test OOD1: 93.42% 
Epoch: 487, Loss: 0.0981, Train: 100.00%, Valid: 86.93%, Test In: 87.22% Test OOD1: 93.45% 
Epoch: 488, Loss: 0.0914, Train: 99.98%, Valid: 86.81%, Test In: 86.94% Test OOD1: 93.49% 
Epoch: 489, Loss: 0.0965, Train: 100.00%, Valid: 86.97%, Test In: 87.06% Test OOD1: 93.53% 
Epoch: 490, Loss: 0.1008, Train: 100.00%, Valid: 86.77%, Test In: 87.26% Test OOD1: 93.57% 
Epoch: 491, Loss: 0.0904, Train: 100.00%, Valid: 86.73%, Test In: 87.54% Test OOD1: 93.44% 
Epoch: 492, Loss: 0.0831, Train: 100.00%, Valid: 86.77%, Test In: 87.58% Test OOD1: 93.48% 
Epoch: 493, Loss: 0.0951, Train: 100.00%, Valid: 86.49%, Test In: 87.70% Test OOD1: 93.57% 
Epoch: 494, Loss: 0.0925, Train: 100.00%, Valid: 86.73%, Test In: 87.62% Test OOD1: 93.69% 
Epoch: 495, Loss: 0.0883, Train: 100.00%, Valid: 86.89%, Test In: 87.50% Test OOD1: 93.75% 
Epoch: 496, Loss: 0.0939, Train: 100.00%, Valid: 86.73%, Test In: 87.38% Test OOD1: 93.70% 
Epoch: 497, Loss: 0.0910, Train: 100.00%, Valid: 86.81%, Test In: 87.34% Test OOD1: 93.67% 
Epoch: 498, Loss: 0.0817, Train: 100.00%, Valid: 86.77%, Test In: 87.30% Test OOD1: 93.68% 
Epoch: 499, Loss: 0.0877, Train: 100.00%, Valid: 86.85%, Test In: 87.46% Test OOD1: 93.69% 
Run 01:
Highest Train: 100.00
Highest Valid: 86.97
Highest In Test: 87.86
Highest OOD Test: 93.75
Chosen epoch: 476
Final Train: 100.00
Final In Test: 87.18
Final OOD Test: 93.56
Epoch: 00, Loss: 10.7516, Train: 20.44%, Valid: 19.28%, Test In: 20.15% Test OOD1: 20.08% 
Epoch: 01, Loss: 10.6078, Train: 33.29%, Valid: 30.86%, Test In: 32.81% Test OOD1: 35.79% 
Epoch: 02, Loss: 10.3754, Train: 24.29%, Valid: 23.37%, Test In: 23.52% Test OOD1: 38.44% 
Epoch: 03, Loss: 10.0558, Train: 29.98%, Valid: 28.90%, Test In: 28.73% Test OOD1: 42.22% 
Epoch: 04, Loss: 9.6723, Train: 53.27%, Valid: 49.90%, Test In: 50.04% Test OOD1: 57.97% 
Epoch: 05, Loss: 9.1775, Train: 68.62%, Valid: 67.21%, Test In: 68.35% Test OOD1: 61.77% 
Epoch: 06, Loss: 8.5841, Train: 72.81%, Valid: 71.54%, Test In: 72.20% Test OOD1: 64.27% 
Epoch: 07, Loss: 7.8724, Train: 74.77%, Valid: 73.35%, Test In: 74.28% Test OOD1: 68.83% 
Epoch: 08, Loss: 7.0829, Train: 77.19%, Valid: 75.71%, Test In: 76.48% Test OOD1: 67.83% 
Epoch: 09, Loss: 6.3129, Train: 78.68%, Valid: 77.23%, Test In: 77.68% Test OOD1: 66.23% 
Epoch: 10, Loss: 5.5711, Train: 79.86%, Valid: 78.00%, Test In: 79.09% Test OOD1: 65.82% 
Epoch: 11, Loss: 4.9407, Train: 80.56%, Valid: 78.72%, Test In: 79.93% Test OOD1: 66.75% 
Epoch: 12, Loss: 4.4740, Train: 80.90%, Valid: 79.04%, Test In: 80.29% Test OOD1: 67.51% 
Epoch: 13, Loss: 4.1209, Train: 81.04%, Valid: 79.76%, Test In: 80.85% Test OOD1: 66.17% 
Epoch: 14, Loss: 3.8809, Train: 82.34%, Valid: 80.68%, Test In: 81.33% Test OOD1: 66.06% 
Epoch: 15, Loss: 3.7924, Train: 83.19%, Valid: 81.40%, Test In: 81.13% Test OOD1: 65.76% 
Epoch: 16, Loss: 3.6762, Train: 83.53%, Valid: 81.40%, Test In: 81.65% Test OOD1: 65.90% 
Epoch: 17, Loss: 3.5171, Train: 83.71%, Valid: 81.36%, Test In: 82.25% Test OOD1: 65.72% 
Epoch: 18, Loss: 3.4194, Train: 84.09%, Valid: 81.32%, Test In: 81.97% Test OOD1: 65.73% 
Epoch: 19, Loss: 3.2696, Train: 84.51%, Valid: 81.52%, Test In: 82.05% Test OOD1: 66.70% 
Epoch: 20, Loss: 3.1081, Train: 84.95%, Valid: 81.40%, Test In: 81.65% Test OOD1: 68.07% 
Epoch: 21, Loss: 3.0302, Train: 85.39%, Valid: 81.68%, Test In: 81.77% Test OOD1: 69.19% 
Epoch: 22, Loss: 2.9579, Train: 85.97%, Valid: 82.08%, Test In: 82.45% Test OOD1: 70.22% 
Epoch: 23, Loss: 2.8645, Train: 86.27%, Valid: 82.32%, Test In: 82.73% Test OOD1: 70.77% 
Epoch: 24, Loss: 2.8209, Train: 86.85%, Valid: 82.32%, Test In: 82.81% Test OOD1: 71.17% 
Epoch: 25, Loss: 2.7382, Train: 87.23%, Valid: 82.28%, Test In: 82.85% Test OOD1: 71.51% 
Epoch: 26, Loss: 2.6565, Train: 87.31%, Valid: 82.44%, Test In: 83.33% Test OOD1: 71.89% 
Epoch: 27, Loss: 2.5996, Train: 87.78%, Valid: 82.36%, Test In: 83.85% Test OOD1: 72.49% 
Epoch: 28, Loss: 2.5140, Train: 87.96%, Valid: 82.73%, Test In: 84.05% Test OOD1: 72.57% 
Epoch: 29, Loss: 2.4547, Train: 88.32%, Valid: 82.73%, Test In: 84.09% Test OOD1: 72.42% 
Epoch: 30, Loss: 2.3692, Train: 88.84%, Valid: 83.05%, Test In: 83.97% Test OOD1: 72.81% 
Epoch: 31, Loss: 2.3071, Train: 89.06%, Valid: 83.13%, Test In: 83.69% Test OOD1: 73.38% 
Epoch: 32, Loss: 2.2307, Train: 89.22%, Valid: 83.37%, Test In: 83.69% Test OOD1: 74.02% 
Epoch: 33, Loss: 2.1706, Train: 89.44%, Valid: 83.45%, Test In: 83.85% Test OOD1: 74.44% 
Epoch: 34, Loss: 2.1130, Train: 89.54%, Valid: 83.73%, Test In: 84.01% Test OOD1: 74.76% 
Epoch: 35, Loss: 2.0758, Train: 89.80%, Valid: 83.89%, Test In: 84.05% Test OOD1: 75.22% 
Epoch: 36, Loss: 2.0115, Train: 90.08%, Valid: 83.93%, Test In: 84.13% Test OOD1: 75.76% 
Epoch: 37, Loss: 1.9361, Train: 90.24%, Valid: 84.01%, Test In: 84.09% Test OOD1: 75.95% 
Epoch: 38, Loss: 1.8769, Train: 90.68%, Valid: 84.01%, Test In: 84.42% Test OOD1: 76.17% 
Epoch: 39, Loss: 1.8070, Train: 91.34%, Valid: 84.05%, Test In: 84.58% Test OOD1: 76.63% 
Epoch: 40, Loss: 1.7607, Train: 91.70%, Valid: 84.21%, Test In: 84.58% Test OOD1: 77.34% 
Epoch: 41, Loss: 1.7411, Train: 91.88%, Valid: 84.45%, Test In: 84.66% Test OOD1: 77.64% 
Epoch: 42, Loss: 1.6824, Train: 92.02%, Valid: 84.17%, Test In: 84.78% Test OOD1: 78.05% 
Epoch: 43, Loss: 1.6199, Train: 92.44%, Valid: 84.41%, Test In: 84.94% Test OOD1: 78.21% 
Epoch: 44, Loss: 1.6142, Train: 92.75%, Valid: 84.45%, Test In: 85.34% Test OOD1: 78.33% 
Epoch: 45, Loss: 1.5791, Train: 93.05%, Valid: 84.65%, Test In: 85.38% Test OOD1: 78.37% 
Epoch: 46, Loss: 1.5154, Train: 93.35%, Valid: 84.81%, Test In: 85.66% Test OOD1: 78.91% 
Epoch: 47, Loss: 1.4826, Train: 93.49%, Valid: 84.77%, Test In: 85.70% Test OOD1: 79.47% 
Epoch: 48, Loss: 1.4466, Train: 93.85%, Valid: 84.65%, Test In: 85.86% Test OOD1: 79.67% 
Epoch: 49, Loss: 1.4064, Train: 93.93%, Valid: 84.93%, Test In: 85.86% Test OOD1: 79.58% 
Epoch: 50, Loss: 1.3746, Train: 94.11%, Valid: 85.05%, Test In: 85.94% Test OOD1: 80.07% 
Epoch: 51, Loss: 1.3046, Train: 94.21%, Valid: 85.25%, Test In: 85.94% Test OOD1: 80.59% 
Epoch: 52, Loss: 1.2964, Train: 94.73%, Valid: 85.45%, Test In: 85.94% Test OOD1: 80.64% 
Epoch: 53, Loss: 1.2555, Train: 94.69%, Valid: 85.29%, Test In: 86.38% Test OOD1: 80.68% 
Epoch: 54, Loss: 1.2252, Train: 94.83%, Valid: 85.69%, Test In: 86.66% Test OOD1: 80.85% 
Epoch: 55, Loss: 1.2089, Train: 95.01%, Valid: 85.73%, Test In: 86.66% Test OOD1: 80.94% 
Epoch: 56, Loss: 1.1604, Train: 95.37%, Valid: 85.53%, Test In: 85.98% Test OOD1: 81.56% 
Epoch: 57, Loss: 1.1320, Train: 95.45%, Valid: 85.57%, Test In: 86.50% Test OOD1: 81.84% 
Epoch: 58, Loss: 1.1079, Train: 95.49%, Valid: 85.65%, Test In: 86.90% Test OOD1: 81.77% 
Epoch: 59, Loss: 1.0942, Train: 95.65%, Valid: 85.73%, Test In: 86.26% Test OOD1: 81.86% 
Epoch: 60, Loss: 1.0520, Train: 95.73%, Valid: 85.81%, Test In: 86.26% Test OOD1: 82.17% 
Epoch: 61, Loss: 1.0497, Train: 95.81%, Valid: 85.41%, Test In: 86.38% Test OOD1: 82.69% 
Epoch: 62, Loss: 1.0230, Train: 95.93%, Valid: 85.45%, Test In: 86.26% Test OOD1: 83.30% 
Epoch: 63, Loss: 1.0008, Train: 96.27%, Valid: 85.53%, Test In: 86.22% Test OOD1: 82.74% 
Epoch: 64, Loss: 1.0068, Train: 96.37%, Valid: 85.53%, Test In: 86.18% Test OOD1: 83.09% 
Epoch: 65, Loss: 0.9782, Train: 96.07%, Valid: 85.69%, Test In: 86.14% Test OOD1: 84.03% 
Epoch: 66, Loss: 0.9600, Train: 96.59%, Valid: 85.69%, Test In: 86.42% Test OOD1: 84.10% 
Epoch: 67, Loss: 0.9496, Train: 96.57%, Valid: 85.69%, Test In: 86.50% Test OOD1: 83.84% 
Epoch: 68, Loss: 0.9167, Train: 96.65%, Valid: 85.93%, Test In: 86.30% Test OOD1: 84.09% 
Epoch: 69, Loss: 0.8940, Train: 96.71%, Valid: 85.73%, Test In: 86.38% Test OOD1: 84.83% 
Epoch: 70, Loss: 0.9108, Train: 96.65%, Valid: 85.73%, Test In: 86.22% Test OOD1: 85.24% 
Epoch: 71, Loss: 0.8617, Train: 97.11%, Valid: 85.65%, Test In: 86.26% Test OOD1: 85.03% 
Epoch: 72, Loss: 0.8412, Train: 96.95%, Valid: 85.73%, Test In: 86.06% Test OOD1: 84.73% 
Epoch: 73, Loss: 0.8617, Train: 97.21%, Valid: 85.53%, Test In: 86.30% Test OOD1: 85.24% 
Epoch: 74, Loss: 0.7957, Train: 96.83%, Valid: 85.69%, Test In: 86.46% Test OOD1: 85.58% 
Epoch: 75, Loss: 0.8067, Train: 97.17%, Valid: 85.69%, Test In: 86.38% Test OOD1: 85.40% 
Epoch: 76, Loss: 0.7916, Train: 97.43%, Valid: 85.61%, Test In: 86.34% Test OOD1: 85.37% 
Epoch: 77, Loss: 0.7717, Train: 97.56%, Valid: 85.49%, Test In: 86.34% Test OOD1: 85.83% 
Epoch: 78, Loss: 0.7602, Train: 97.31%, Valid: 85.45%, Test In: 86.54% Test OOD1: 86.24% 
Epoch: 79, Loss: 0.7519, Train: 97.45%, Valid: 85.69%, Test In: 86.42% Test OOD1: 86.40% 
Epoch: 80, Loss: 0.7394, Train: 97.78%, Valid: 86.01%, Test In: 86.06% Test OOD1: 86.17% 
Epoch: 81, Loss: 0.7261, Train: 98.00%, Valid: 85.81%, Test In: 85.94% Test OOD1: 86.29% 
Epoch: 82, Loss: 0.7024, Train: 97.84%, Valid: 85.81%, Test In: 86.06% Test OOD1: 86.34% 
Epoch: 83, Loss: 0.6889, Train: 97.76%, Valid: 85.81%, Test In: 86.02% Test OOD1: 86.36% 
Epoch: 84, Loss: 0.7095, Train: 97.86%, Valid: 85.93%, Test In: 86.34% Test OOD1: 86.60% 
Epoch: 85, Loss: 0.6846, Train: 98.04%, Valid: 85.89%, Test In: 86.14% Test OOD1: 87.01% 
Epoch: 86, Loss: 0.6541, Train: 98.12%, Valid: 85.73%, Test In: 86.10% Test OOD1: 87.31% 
Epoch: 87, Loss: 0.6575, Train: 98.04%, Valid: 86.01%, Test In: 85.78% Test OOD1: 87.35% 
Epoch: 88, Loss: 0.6420, Train: 98.12%, Valid: 85.89%, Test In: 85.78% Test OOD1: 87.40% 
Epoch: 89, Loss: 0.6315, Train: 98.04%, Valid: 85.85%, Test In: 85.74% Test OOD1: 87.61% 
Epoch: 90, Loss: 0.6201, Train: 98.14%, Valid: 86.09%, Test In: 85.50% Test OOD1: 87.64% 
Epoch: 91, Loss: 0.6334, Train: 98.32%, Valid: 85.65%, Test In: 85.62% Test OOD1: 87.57% 
Epoch: 92, Loss: 0.6004, Train: 98.24%, Valid: 85.97%, Test In: 86.10% Test OOD1: 87.40% 
Epoch: 93, Loss: 0.6210, Train: 98.38%, Valid: 85.81%, Test In: 86.46% Test OOD1: 87.86% 
Epoch: 94, Loss: 0.5827, Train: 98.36%, Valid: 85.81%, Test In: 86.18% Test OOD1: 88.11% 
Epoch: 95, Loss: 0.5881, Train: 98.40%, Valid: 85.89%, Test In: 86.06% Test OOD1: 88.21% 
Epoch: 96, Loss: 0.5739, Train: 98.48%, Valid: 85.61%, Test In: 86.18% Test OOD1: 87.91% 
Epoch: 97, Loss: 0.5831, Train: 98.44%, Valid: 85.89%, Test In: 86.06% Test OOD1: 87.98% 
Epoch: 98, Loss: 0.5925, Train: 98.62%, Valid: 85.85%, Test In: 86.18% Test OOD1: 88.36% 
Epoch: 99, Loss: 0.5608, Train: 98.58%, Valid: 86.05%, Test In: 86.14% Test OOD1: 88.60% 
Epoch: 100, Loss: 0.5548, Train: 98.66%, Valid: 85.93%, Test In: 86.18% Test OOD1: 88.62% 
Epoch: 101, Loss: 0.5355, Train: 98.66%, Valid: 85.85%, Test In: 86.14% Test OOD1: 88.54% 
Epoch: 102, Loss: 0.5446, Train: 98.84%, Valid: 86.17%, Test In: 85.98% Test OOD1: 88.50% 
Epoch: 103, Loss: 0.5385, Train: 98.74%, Valid: 85.81%, Test In: 85.98% Test OOD1: 88.71% 
Epoch: 104, Loss: 0.5350, Train: 98.66%, Valid: 85.93%, Test In: 86.22% Test OOD1: 88.90% 
Epoch: 105, Loss: 0.5203, Train: 98.68%, Valid: 86.17%, Test In: 86.26% Test OOD1: 88.93% 
Epoch: 106, Loss: 0.5118, Train: 98.90%, Valid: 85.85%, Test In: 85.82% Test OOD1: 88.92% 
Epoch: 107, Loss: 0.5249, Train: 98.98%, Valid: 85.97%, Test In: 85.98% Test OOD1: 88.88% 
Epoch: 108, Loss: 0.5025, Train: 98.90%, Valid: 85.85%, Test In: 86.14% Test OOD1: 89.08% 
Epoch: 109, Loss: 0.5224, Train: 98.88%, Valid: 86.05%, Test In: 85.98% Test OOD1: 89.26% 
Epoch: 110, Loss: 0.4815, Train: 98.88%, Valid: 85.81%, Test In: 85.74% Test OOD1: 89.45% 
Epoch: 111, Loss: 0.5038, Train: 98.94%, Valid: 86.05%, Test In: 85.94% Test OOD1: 89.45% 
Epoch: 112, Loss: 0.4753, Train: 99.00%, Valid: 85.93%, Test In: 86.02% Test OOD1: 89.52% 
Epoch: 113, Loss: 0.4818, Train: 98.96%, Valid: 86.01%, Test In: 85.58% Test OOD1: 89.76% 
Epoch: 114, Loss: 0.4872, Train: 98.92%, Valid: 86.01%, Test In: 85.38% Test OOD1: 89.83% 
Epoch: 115, Loss: 0.4888, Train: 98.92%, Valid: 86.01%, Test In: 85.86% Test OOD1: 89.68% 
Epoch: 116, Loss: 0.4619, Train: 98.70%, Valid: 85.61%, Test In: 85.94% Test OOD1: 89.50% 
Epoch: 117, Loss: 0.4620, Train: 98.88%, Valid: 85.77%, Test In: 86.10% Test OOD1: 89.97% 
Epoch: 118, Loss: 0.4496, Train: 99.04%, Valid: 86.09%, Test In: 85.94% Test OOD1: 90.11% 
Epoch: 119, Loss: 0.4500, Train: 99.02%, Valid: 85.73%, Test In: 85.70% Test OOD1: 89.90% 
Epoch: 120, Loss: 0.4675, Train: 98.92%, Valid: 85.61%, Test In: 86.18% Test OOD1: 89.32% 
Epoch: 121, Loss: 0.4495, Train: 99.02%, Valid: 85.41%, Test In: 86.22% Test OOD1: 89.43% 
Epoch: 122, Loss: 0.4250, Train: 99.32%, Valid: 85.57%, Test In: 86.10% Test OOD1: 89.97% 
Epoch: 123, Loss: 0.4475, Train: 99.12%, Valid: 85.93%, Test In: 85.62% Test OOD1: 90.37% 
Epoch: 124, Loss: 0.4456, Train: 99.08%, Valid: 86.01%, Test In: 85.66% Test OOD1: 90.40% 
Epoch: 125, Loss: 0.4256, Train: 99.10%, Valid: 85.69%, Test In: 85.98% Test OOD1: 90.03% 
Epoch: 126, Loss: 0.4340, Train: 99.28%, Valid: 85.69%, Test In: 85.90% Test OOD1: 89.94% 
Epoch: 127, Loss: 0.4143, Train: 99.30%, Valid: 85.97%, Test In: 85.66% Test OOD1: 90.14% 
Epoch: 128, Loss: 0.4162, Train: 99.20%, Valid: 85.93%, Test In: 85.66% Test OOD1: 90.34% 
Epoch: 129, Loss: 0.4124, Train: 99.22%, Valid: 85.85%, Test In: 85.98% Test OOD1: 90.22% 
Epoch: 130, Loss: 0.4079, Train: 99.32%, Valid: 85.81%, Test In: 86.10% Test OOD1: 90.22% 
Epoch: 131, Loss: 0.4175, Train: 99.30%, Valid: 86.09%, Test In: 85.98% Test OOD1: 90.41% 
Epoch: 132, Loss: 0.3864, Train: 99.30%, Valid: 86.05%, Test In: 86.02% Test OOD1: 90.48% 
Epoch: 133, Loss: 0.3945, Train: 99.32%, Valid: 85.89%, Test In: 86.06% Test OOD1: 90.58% 
Epoch: 134, Loss: 0.3894, Train: 99.38%, Valid: 86.05%, Test In: 86.06% Test OOD1: 90.56% 
Epoch: 135, Loss: 0.3704, Train: 99.28%, Valid: 85.97%, Test In: 86.26% Test OOD1: 90.52% 
Epoch: 136, Loss: 0.3806, Train: 99.30%, Valid: 85.89%, Test In: 86.18% Test OOD1: 90.59% 
Epoch: 137, Loss: 0.3678, Train: 99.44%, Valid: 86.05%, Test In: 85.94% Test OOD1: 90.77% 
Epoch: 138, Loss: 0.3826, Train: 99.42%, Valid: 86.01%, Test In: 85.90% Test OOD1: 90.75% 
Epoch: 139, Loss: 0.3580, Train: 99.50%, Valid: 85.89%, Test In: 86.10% Test OOD1: 90.51% 
Epoch: 140, Loss: 0.3656, Train: 99.56%, Valid: 85.77%, Test In: 86.22% Test OOD1: 90.60% 
Epoch: 141, Loss: 0.3587, Train: 99.54%, Valid: 85.89%, Test In: 86.18% Test OOD1: 90.75% 
Epoch: 142, Loss: 0.3680, Train: 99.54%, Valid: 85.81%, Test In: 86.14% Test OOD1: 90.94% 
Epoch: 143, Loss: 0.3567, Train: 99.54%, Valid: 85.89%, Test In: 86.38% Test OOD1: 90.71% 
Epoch: 144, Loss: 0.3708, Train: 99.50%, Valid: 86.09%, Test In: 86.30% Test OOD1: 90.68% 
Epoch: 145, Loss: 0.3735, Train: 99.46%, Valid: 85.93%, Test In: 86.34% Test OOD1: 90.89% 
Epoch: 146, Loss: 0.3691, Train: 99.32%, Valid: 85.61%, Test In: 85.94% Test OOD1: 91.04% 
Epoch: 147, Loss: 0.3754, Train: 99.42%, Valid: 85.69%, Test In: 86.18% Test OOD1: 90.97% 
Epoch: 148, Loss: 0.3580, Train: 99.50%, Valid: 85.53%, Test In: 86.38% Test OOD1: 90.84% 
Epoch: 149, Loss: 0.3629, Train: 99.48%, Valid: 85.69%, Test In: 86.30% Test OOD1: 90.99% 
Epoch: 150, Loss: 0.3595, Train: 99.58%, Valid: 85.97%, Test In: 86.18% Test OOD1: 91.41% 
Epoch: 151, Loss: 0.3476, Train: 99.52%, Valid: 85.89%, Test In: 85.90% Test OOD1: 91.35% 
Epoch: 152, Loss: 0.3304, Train: 99.54%, Valid: 85.85%, Test In: 86.10% Test OOD1: 91.43% 
Epoch: 153, Loss: 0.3345, Train: 99.64%, Valid: 85.61%, Test In: 86.30% Test OOD1: 91.32% 
Epoch: 154, Loss: 0.3328, Train: 99.60%, Valid: 85.61%, Test In: 86.34% Test OOD1: 91.22% 
Epoch: 155, Loss: 0.3198, Train: 99.50%, Valid: 85.69%, Test In: 86.26% Test OOD1: 91.45% 
Epoch: 156, Loss: 0.3203, Train: 99.44%, Valid: 85.85%, Test In: 86.06% Test OOD1: 91.52% 
Epoch: 157, Loss: 0.3359, Train: 99.58%, Valid: 86.01%, Test In: 86.14% Test OOD1: 91.43% 
Epoch: 158, Loss: 0.3222, Train: 99.52%, Valid: 85.81%, Test In: 85.98% Test OOD1: 91.29% 
Epoch: 159, Loss: 0.3106, Train: 99.44%, Valid: 85.77%, Test In: 86.26% Test OOD1: 91.27% 
Epoch: 160, Loss: 0.3069, Train: 99.48%, Valid: 85.93%, Test In: 86.22% Test OOD1: 91.28% 
Epoch: 161, Loss: 0.3119, Train: 99.48%, Valid: 85.93%, Test In: 86.30% Test OOD1: 91.34% 
Epoch: 162, Loss: 0.3205, Train: 99.46%, Valid: 86.25%, Test In: 86.14% Test OOD1: 91.42% 
Epoch: 163, Loss: 0.3036, Train: 99.48%, Valid: 86.17%, Test In: 86.22% Test OOD1: 91.19% 
Epoch: 164, Loss: 0.3176, Train: 99.40%, Valid: 86.01%, Test In: 86.22% Test OOD1: 91.02% 
Epoch: 165, Loss: 0.3080, Train: 99.46%, Valid: 86.21%, Test In: 86.46% Test OOD1: 91.06% 
Epoch: 166, Loss: 0.2797, Train: 99.52%, Valid: 86.01%, Test In: 86.70% Test OOD1: 91.24% 
Epoch: 167, Loss: 0.2994, Train: 99.44%, Valid: 86.21%, Test In: 86.46% Test OOD1: 91.54% 
Epoch: 168, Loss: 0.2947, Train: 99.52%, Valid: 86.29%, Test In: 86.34% Test OOD1: 91.71% 
Epoch: 169, Loss: 0.2892, Train: 99.60%, Valid: 86.05%, Test In: 86.22% Test OOD1: 91.58% 
Epoch: 170, Loss: 0.2884, Train: 99.60%, Valid: 85.89%, Test In: 86.22% Test OOD1: 91.46% 
Epoch: 171, Loss: 0.2910, Train: 99.62%, Valid: 85.85%, Test In: 86.02% Test OOD1: 91.48% 
Epoch: 172, Loss: 0.2891, Train: 99.62%, Valid: 86.05%, Test In: 86.18% Test OOD1: 91.57% 
Epoch: 173, Loss: 0.2786, Train: 99.64%, Valid: 86.05%, Test In: 86.18% Test OOD1: 91.66% 
Epoch: 174, Loss: 0.2897, Train: 99.68%, Valid: 85.93%, Test In: 86.30% Test OOD1: 91.65% 
Epoch: 175, Loss: 0.2688, Train: 99.66%, Valid: 85.73%, Test In: 86.46% Test OOD1: 91.59% 
Epoch: 176, Loss: 0.2873, Train: 99.58%, Valid: 85.81%, Test In: 86.66% Test OOD1: 91.56% 
Epoch: 177, Loss: 0.2645, Train: 99.54%, Valid: 85.85%, Test In: 86.46% Test OOD1: 91.70% 
Epoch: 178, Loss: 0.2813, Train: 99.64%, Valid: 86.21%, Test In: 86.14% Test OOD1: 91.75% 
Epoch: 179, Loss: 0.2705, Train: 99.64%, Valid: 86.05%, Test In: 85.94% Test OOD1: 91.67% 
Epoch: 180, Loss: 0.2682, Train: 99.68%, Valid: 86.13%, Test In: 86.30% Test OOD1: 91.73% 
Epoch: 181, Loss: 0.2623, Train: 99.62%, Valid: 85.97%, Test In: 86.34% Test OOD1: 91.70% 
Epoch: 182, Loss: 0.2642, Train: 99.58%, Valid: 86.21%, Test In: 86.38% Test OOD1: 91.70% 
Epoch: 183, Loss: 0.2828, Train: 99.66%, Valid: 86.05%, Test In: 86.46% Test OOD1: 91.96% 
Epoch: 184, Loss: 0.2536, Train: 99.64%, Valid: 86.25%, Test In: 86.34% Test OOD1: 91.82% 
Epoch: 185, Loss: 0.2555, Train: 99.66%, Valid: 86.33%, Test In: 86.34% Test OOD1: 91.85% 
Epoch: 186, Loss: 0.2583, Train: 99.70%, Valid: 86.21%, Test In: 86.74% Test OOD1: 91.84% 
Epoch: 187, Loss: 0.2671, Train: 99.66%, Valid: 85.73%, Test In: 86.66% Test OOD1: 91.54% 
Epoch: 188, Loss: 0.2585, Train: 99.72%, Valid: 85.89%, Test In: 86.78% Test OOD1: 91.58% 
Epoch: 189, Loss: 0.2561, Train: 99.74%, Valid: 86.05%, Test In: 86.50% Test OOD1: 91.94% 
Epoch: 190, Loss: 0.2404, Train: 99.70%, Valid: 85.93%, Test In: 86.34% Test OOD1: 92.03% 
Epoch: 191, Loss: 0.2616, Train: 99.72%, Valid: 85.97%, Test In: 86.30% Test OOD1: 92.00% 
Epoch: 192, Loss: 0.2420, Train: 99.76%, Valid: 86.09%, Test In: 86.54% Test OOD1: 91.92% 
Epoch: 193, Loss: 0.2260, Train: 99.78%, Valid: 85.73%, Test In: 86.62% Test OOD1: 91.70% 
Epoch: 194, Loss: 0.2702, Train: 99.76%, Valid: 85.93%, Test In: 86.54% Test OOD1: 91.89% 
Epoch: 195, Loss: 0.2480, Train: 99.82%, Valid: 86.09%, Test In: 86.54% Test OOD1: 91.99% 
Epoch: 196, Loss: 0.2389, Train: 99.76%, Valid: 86.25%, Test In: 86.26% Test OOD1: 92.07% 
Epoch: 197, Loss: 0.2602, Train: 99.78%, Valid: 86.49%, Test In: 86.38% Test OOD1: 92.13% 
Epoch: 198, Loss: 0.2345, Train: 99.80%, Valid: 85.97%, Test In: 86.54% Test OOD1: 92.09% 
Epoch: 199, Loss: 0.2438, Train: 99.78%, Valid: 85.85%, Test In: 86.30% Test OOD1: 92.13% 
Epoch: 200, Loss: 0.2442, Train: 99.78%, Valid: 85.93%, Test In: 86.50% Test OOD1: 92.18% 
Epoch: 201, Loss: 0.2336, Train: 99.82%, Valid: 86.01%, Test In: 86.50% Test OOD1: 92.18% 
Epoch: 202, Loss: 0.2222, Train: 99.82%, Valid: 86.13%, Test In: 86.30% Test OOD1: 92.17% 
Epoch: 203, Loss: 0.2376, Train: 99.76%, Valid: 86.25%, Test In: 86.22% Test OOD1: 92.07% 
Epoch: 204, Loss: 0.2295, Train: 99.74%, Valid: 85.81%, Test In: 86.34% Test OOD1: 92.06% 
Epoch: 205, Loss: 0.2493, Train: 99.74%, Valid: 85.65%, Test In: 86.54% Test OOD1: 92.08% 
Epoch: 206, Loss: 0.2377, Train: 99.80%, Valid: 86.01%, Test In: 86.50% Test OOD1: 92.31% 
Epoch: 207, Loss: 0.2304, Train: 99.78%, Valid: 86.33%, Test In: 86.22% Test OOD1: 92.47% 
Epoch: 208, Loss: 0.2238, Train: 99.76%, Valid: 86.17%, Test In: 86.10% Test OOD1: 92.54% 
Epoch: 209, Loss: 0.2501, Train: 99.78%, Valid: 86.09%, Test In: 86.38% Test OOD1: 92.47% 
Epoch: 210, Loss: 0.2173, Train: 99.76%, Valid: 85.93%, Test In: 86.62% Test OOD1: 92.44% 
Epoch: 211, Loss: 0.2158, Train: 99.82%, Valid: 85.89%, Test In: 86.54% Test OOD1: 92.36% 
Epoch: 212, Loss: 0.2250, Train: 99.80%, Valid: 86.25%, Test In: 86.50% Test OOD1: 92.45% 
Epoch: 213, Loss: 0.2232, Train: 99.76%, Valid: 86.25%, Test In: 86.54% Test OOD1: 92.42% 
Epoch: 214, Loss: 0.2199, Train: 99.80%, Valid: 86.01%, Test In: 86.26% Test OOD1: 92.41% 
Epoch: 215, Loss: 0.2073, Train: 99.80%, Valid: 86.17%, Test In: 86.30% Test OOD1: 92.49% 
Epoch: 216, Loss: 0.2012, Train: 99.76%, Valid: 85.97%, Test In: 86.50% Test OOD1: 92.46% 
Epoch: 217, Loss: 0.2063, Train: 99.80%, Valid: 86.09%, Test In: 86.50% Test OOD1: 92.54% 
Epoch: 218, Loss: 0.1967, Train: 99.80%, Valid: 85.93%, Test In: 86.14% Test OOD1: 92.73% 
Epoch: 219, Loss: 0.2110, Train: 99.74%, Valid: 86.01%, Test In: 86.14% Test OOD1: 92.78% 
Epoch: 220, Loss: 0.2039, Train: 99.78%, Valid: 86.37%, Test In: 86.06% Test OOD1: 92.84% 
Epoch: 221, Loss: 0.2053, Train: 99.80%, Valid: 86.61%, Test In: 86.26% Test OOD1: 92.78% 
Epoch: 222, Loss: 0.2048, Train: 99.84%, Valid: 86.73%, Test In: 86.66% Test OOD1: 92.75% 
Epoch: 223, Loss: 0.1817, Train: 99.84%, Valid: 86.57%, Test In: 86.66% Test OOD1: 92.79% 
Epoch: 224, Loss: 0.1974, Train: 99.84%, Valid: 86.65%, Test In: 86.50% Test OOD1: 92.85% 
Epoch: 225, Loss: 0.1933, Train: 99.86%, Valid: 86.21%, Test In: 86.34% Test OOD1: 92.73% 
Epoch: 226, Loss: 0.1902, Train: 99.86%, Valid: 86.37%, Test In: 86.30% Test OOD1: 92.75% 
Epoch: 227, Loss: 0.1849, Train: 99.86%, Valid: 86.61%, Test In: 86.54% Test OOD1: 92.77% 
Epoch: 228, Loss: 0.1823, Train: 99.78%, Valid: 86.45%, Test In: 86.74% Test OOD1: 92.62% 
Epoch: 229, Loss: 0.1983, Train: 99.80%, Valid: 86.17%, Test In: 86.70% Test OOD1: 92.60% 
Epoch: 230, Loss: 0.1949, Train: 99.86%, Valid: 86.13%, Test In: 86.38% Test OOD1: 92.63% 
Epoch: 231, Loss: 0.1811, Train: 99.84%, Valid: 86.05%, Test In: 86.38% Test OOD1: 92.69% 
Epoch: 232, Loss: 0.1854, Train: 99.88%, Valid: 86.25%, Test In: 86.38% Test OOD1: 92.79% 
Epoch: 233, Loss: 0.1808, Train: 99.94%, Valid: 86.61%, Test In: 86.78% Test OOD1: 92.76% 
Epoch: 234, Loss: 0.1817, Train: 99.88%, Valid: 86.77%, Test In: 86.86% Test OOD1: 92.65% 
Epoch: 235, Loss: 0.1849, Train: 99.88%, Valid: 86.45%, Test In: 86.90% Test OOD1: 92.54% 
Epoch: 236, Loss: 0.1762, Train: 99.88%, Valid: 86.33%, Test In: 86.82% Test OOD1: 92.50% 
Epoch: 237, Loss: 0.1854, Train: 99.90%, Valid: 86.41%, Test In: 86.86% Test OOD1: 92.57% 
Epoch: 238, Loss: 0.1737, Train: 99.88%, Valid: 86.61%, Test In: 86.82% Test OOD1: 92.80% 
Epoch: 239, Loss: 0.1798, Train: 99.88%, Valid: 86.41%, Test In: 86.70% Test OOD1: 92.88% 
Epoch: 240, Loss: 0.1807, Train: 99.86%, Valid: 86.57%, Test In: 86.46% Test OOD1: 92.86% 
Epoch: 241, Loss: 0.1754, Train: 99.88%, Valid: 86.45%, Test In: 86.54% Test OOD1: 92.72% 
Epoch: 242, Loss: 0.1779, Train: 99.86%, Valid: 86.33%, Test In: 86.58% Test OOD1: 92.66% 
Epoch: 243, Loss: 0.1699, Train: 99.88%, Valid: 86.37%, Test In: 86.62% Test OOD1: 92.69% 
Epoch: 244, Loss: 0.1730, Train: 99.88%, Valid: 86.49%, Test In: 86.54% Test OOD1: 92.90% 
Epoch: 245, Loss: 0.1800, Train: 99.86%, Valid: 86.45%, Test In: 86.54% Test OOD1: 93.01% 
Epoch: 246, Loss: 0.1695, Train: 99.88%, Valid: 86.57%, Test In: 86.54% Test OOD1: 93.05% 
Epoch: 247, Loss: 0.1771, Train: 99.86%, Valid: 86.45%, Test In: 86.58% Test OOD1: 93.04% 
Epoch: 248, Loss: 0.1779, Train: 99.86%, Valid: 86.49%, Test In: 86.70% Test OOD1: 92.96% 
Epoch: 249, Loss: 0.1816, Train: 99.86%, Valid: 86.45%, Test In: 86.74% Test OOD1: 92.92% 
Epoch: 250, Loss: 0.1670, Train: 99.88%, Valid: 86.41%, Test In: 86.94% Test OOD1: 92.96% 
Epoch: 251, Loss: 0.1614, Train: 99.86%, Valid: 86.65%, Test In: 86.90% Test OOD1: 93.04% 
Epoch: 252, Loss: 0.1681, Train: 99.84%, Valid: 86.49%, Test In: 86.78% Test OOD1: 93.16% 
Epoch: 253, Loss: 0.1850, Train: 99.86%, Valid: 86.45%, Test In: 86.70% Test OOD1: 93.16% 
Epoch: 254, Loss: 0.1775, Train: 99.86%, Valid: 86.53%, Test In: 86.50% Test OOD1: 93.16% 
Epoch: 255, Loss: 0.1698, Train: 99.94%, Valid: 86.53%, Test In: 86.50% Test OOD1: 93.19% 
Epoch: 256, Loss: 0.1774, Train: 99.86%, Valid: 86.61%, Test In: 86.98% Test OOD1: 93.14% 
Epoch: 257, Loss: 0.1659, Train: 99.84%, Valid: 86.49%, Test In: 87.10% Test OOD1: 93.16% 
Epoch: 258, Loss: 0.1696, Train: 99.86%, Valid: 86.29%, Test In: 87.18% Test OOD1: 93.10% 
Epoch: 259, Loss: 0.1720, Train: 99.88%, Valid: 86.41%, Test In: 86.98% Test OOD1: 93.18% 
Epoch: 260, Loss: 0.1658, Train: 99.92%, Valid: 86.57%, Test In: 86.78% Test OOD1: 93.31% 
Epoch: 261, Loss: 0.1713, Train: 99.92%, Valid: 86.85%, Test In: 86.62% Test OOD1: 93.24% 
Epoch: 262, Loss: 0.1541, Train: 99.92%, Valid: 86.85%, Test In: 86.70% Test OOD1: 93.13% 
Epoch: 263, Loss: 0.1595, Train: 99.92%, Valid: 86.69%, Test In: 86.70% Test OOD1: 93.12% 
Epoch: 264, Loss: 0.1607, Train: 99.92%, Valid: 86.61%, Test In: 86.86% Test OOD1: 93.14% 
Epoch: 265, Loss: 0.1619, Train: 99.92%, Valid: 86.69%, Test In: 86.78% Test OOD1: 93.14% 
Epoch: 266, Loss: 0.1506, Train: 99.90%, Valid: 86.65%, Test In: 86.70% Test OOD1: 93.17% 
Epoch: 267, Loss: 0.1490, Train: 99.86%, Valid: 86.73%, Test In: 86.70% Test OOD1: 93.22% 
Epoch: 268, Loss: 0.1533, Train: 99.86%, Valid: 86.69%, Test In: 86.86% Test OOD1: 93.14% 
Epoch: 269, Loss: 0.1445, Train: 99.90%, Valid: 86.45%, Test In: 86.82% Test OOD1: 93.10% 
Epoch: 270, Loss: 0.1469, Train: 99.90%, Valid: 86.37%, Test In: 86.94% Test OOD1: 93.03% 
Epoch: 271, Loss: 0.1432, Train: 99.90%, Valid: 86.29%, Test In: 86.90% Test OOD1: 92.90% 
Epoch: 272, Loss: 0.1420, Train: 99.94%, Valid: 86.21%, Test In: 87.10% Test OOD1: 93.03% 
Epoch: 273, Loss: 0.1544, Train: 99.98%, Valid: 86.45%, Test In: 86.90% Test OOD1: 93.03% 
Epoch: 274, Loss: 0.1601, Train: 99.98%, Valid: 86.65%, Test In: 86.98% Test OOD1: 93.03% 
Epoch: 275, Loss: 0.1497, Train: 99.96%, Valid: 86.53%, Test In: 86.86% Test OOD1: 92.99% 
Epoch: 276, Loss: 0.1493, Train: 99.94%, Valid: 86.61%, Test In: 86.66% Test OOD1: 92.89% 
Epoch: 277, Loss: 0.1528, Train: 99.94%, Valid: 86.53%, Test In: 86.70% Test OOD1: 93.00% 
Epoch: 278, Loss: 0.1432, Train: 99.94%, Valid: 86.73%, Test In: 86.98% Test OOD1: 93.14% 
Epoch: 279, Loss: 0.1463, Train: 99.90%, Valid: 87.01%, Test In: 87.06% Test OOD1: 93.14% 
Epoch: 280, Loss: 0.1402, Train: 99.92%, Valid: 87.17%, Test In: 86.98% Test OOD1: 93.28% 
Epoch: 281, Loss: 0.1341, Train: 99.92%, Valid: 86.97%, Test In: 87.06% Test OOD1: 93.29% 
Epoch: 282, Loss: 0.1378, Train: 99.94%, Valid: 87.05%, Test In: 87.06% Test OOD1: 93.30% 
Epoch: 283, Loss: 0.1433, Train: 99.92%, Valid: 86.89%, Test In: 86.98% Test OOD1: 93.27% 
Epoch: 284, Loss: 0.1414, Train: 99.94%, Valid: 86.89%, Test In: 87.06% Test OOD1: 93.37% 
Epoch: 285, Loss: 0.1292, Train: 99.92%, Valid: 86.85%, Test In: 87.02% Test OOD1: 93.40% 
Epoch: 286, Loss: 0.1519, Train: 99.92%, Valid: 86.97%, Test In: 87.06% Test OOD1: 93.48% 
Epoch: 287, Loss: 0.1427, Train: 99.92%, Valid: 86.89%, Test In: 87.06% Test OOD1: 93.52% 
Epoch: 288, Loss: 0.1356, Train: 99.92%, Valid: 86.93%, Test In: 86.94% Test OOD1: 93.48% 
Epoch: 289, Loss: 0.1346, Train: 99.92%, Valid: 87.05%, Test In: 86.94% Test OOD1: 93.54% 
Epoch: 290, Loss: 0.1444, Train: 99.90%, Valid: 87.05%, Test In: 87.02% Test OOD1: 93.56% 
Epoch: 291, Loss: 0.1280, Train: 99.90%, Valid: 86.73%, Test In: 86.98% Test OOD1: 93.54% 
Epoch: 292, Loss: 0.1346, Train: 99.90%, Valid: 86.73%, Test In: 86.74% Test OOD1: 93.45% 
Epoch: 293, Loss: 0.1256, Train: 99.98%, Valid: 86.89%, Test In: 86.82% Test OOD1: 93.47% 
Epoch: 294, Loss: 0.1244, Train: 99.98%, Valid: 86.93%, Test In: 86.82% Test OOD1: 93.48% 
Epoch: 295, Loss: 0.1277, Train: 99.96%, Valid: 86.81%, Test In: 86.98% Test OOD1: 93.53% 
Epoch: 296, Loss: 0.1217, Train: 99.94%, Valid: 87.17%, Test In: 87.02% Test OOD1: 93.58% 
Epoch: 297, Loss: 0.1391, Train: 99.94%, Valid: 87.05%, Test In: 87.06% Test OOD1: 93.55% 
Epoch: 298, Loss: 0.1383, Train: 99.96%, Valid: 87.09%, Test In: 87.18% Test OOD1: 93.47% 
Epoch: 299, Loss: 0.1349, Train: 99.96%, Valid: 87.01%, Test In: 87.34% Test OOD1: 93.46% 
Epoch: 300, Loss: 0.1269, Train: 99.96%, Valid: 86.93%, Test In: 87.34% Test OOD1: 93.45% 
Epoch: 301, Loss: 0.1422, Train: 99.96%, Valid: 86.93%, Test In: 87.42% Test OOD1: 93.52% 
Epoch: 302, Loss: 0.1261, Train: 99.96%, Valid: 86.93%, Test In: 87.30% Test OOD1: 93.56% 
Epoch: 303, Loss: 0.1275, Train: 99.96%, Valid: 87.05%, Test In: 87.26% Test OOD1: 93.54% 
Epoch: 304, Loss: 0.1370, Train: 99.94%, Valid: 87.17%, Test In: 87.54% Test OOD1: 93.43% 
Epoch: 305, Loss: 0.1288, Train: 99.94%, Valid: 86.89%, Test In: 87.66% Test OOD1: 93.36% 
Epoch: 306, Loss: 0.1288, Train: 99.94%, Valid: 86.93%, Test In: 87.62% Test OOD1: 93.40% 
Epoch: 307, Loss: 0.1360, Train: 99.94%, Valid: 87.01%, Test In: 87.34% Test OOD1: 93.55% 
Epoch: 308, Loss: 0.1273, Train: 99.96%, Valid: 87.05%, Test In: 87.14% Test OOD1: 93.71% 
Epoch: 309, Loss: 0.1190, Train: 99.96%, Valid: 87.13%, Test In: 87.18% Test OOD1: 93.67% 
Epoch: 310, Loss: 0.1334, Train: 99.94%, Valid: 87.21%, Test In: 87.30% Test OOD1: 93.59% 
Epoch: 311, Loss: 0.1022, Train: 99.94%, Valid: 87.25%, Test In: 87.58% Test OOD1: 93.55% 
Epoch: 312, Loss: 0.1255, Train: 99.94%, Valid: 87.09%, Test In: 87.42% Test OOD1: 93.57% 
Epoch: 313, Loss: 0.1239, Train: 99.96%, Valid: 86.85%, Test In: 87.30% Test OOD1: 93.66% 
Epoch: 314, Loss: 0.1195, Train: 99.98%, Valid: 86.77%, Test In: 87.14% Test OOD1: 93.63% 
Epoch: 315, Loss: 0.1220, Train: 99.98%, Valid: 87.01%, Test In: 87.14% Test OOD1: 93.67% 
Epoch: 316, Loss: 0.1099, Train: 99.98%, Valid: 86.89%, Test In: 87.14% Test OOD1: 93.67% 
Epoch: 317, Loss: 0.1310, Train: 99.96%, Valid: 87.09%, Test In: 87.10% Test OOD1: 93.59% 
Epoch: 318, Loss: 0.1248, Train: 99.96%, Valid: 87.09%, Test In: 87.22% Test OOD1: 93.55% 
Epoch: 319, Loss: 0.1109, Train: 99.94%, Valid: 87.01%, Test In: 87.30% Test OOD1: 93.62% 
Epoch: 320, Loss: 0.1205, Train: 99.94%, Valid: 87.21%, Test In: 87.38% Test OOD1: 93.67% 
Epoch: 321, Loss: 0.1220, Train: 99.98%, Valid: 87.17%, Test In: 87.38% Test OOD1: 93.74% 
Epoch: 322, Loss: 0.1002, Train: 99.98%, Valid: 87.13%, Test In: 87.38% Test OOD1: 93.79% 
Epoch: 323, Loss: 0.1185, Train: 99.98%, Valid: 87.13%, Test In: 87.14% Test OOD1: 93.81% 
Epoch: 324, Loss: 0.1160, Train: 99.96%, Valid: 87.17%, Test In: 87.18% Test OOD1: 93.79% 
Epoch: 325, Loss: 0.1212, Train: 99.96%, Valid: 87.17%, Test In: 87.14% Test OOD1: 93.72% 
Epoch: 326, Loss: 0.1139, Train: 99.96%, Valid: 87.25%, Test In: 87.38% Test OOD1: 93.71% 
Epoch: 327, Loss: 0.1135, Train: 99.96%, Valid: 87.13%, Test In: 87.42% Test OOD1: 93.67% 
Epoch: 328, Loss: 0.1146, Train: 99.96%, Valid: 87.13%, Test In: 87.22% Test OOD1: 93.79% 
Epoch: 329, Loss: 0.1069, Train: 99.96%, Valid: 87.05%, Test In: 86.94% Test OOD1: 93.78% 
Epoch: 330, Loss: 0.1094, Train: 99.98%, Valid: 87.05%, Test In: 87.02% Test OOD1: 93.77% 
Epoch: 331, Loss: 0.1196, Train: 99.96%, Valid: 86.93%, Test In: 86.82% Test OOD1: 93.68% 
Epoch: 332, Loss: 0.1072, Train: 99.94%, Valid: 87.05%, Test In: 87.30% Test OOD1: 93.64% 
Epoch: 333, Loss: 0.1077, Train: 99.94%, Valid: 87.13%, Test In: 87.26% Test OOD1: 93.65% 
Epoch: 334, Loss: 0.1145, Train: 99.96%, Valid: 87.13%, Test In: 87.38% Test OOD1: 93.72% 
Epoch: 335, Loss: 0.1102, Train: 99.96%, Valid: 87.17%, Test In: 87.50% Test OOD1: 93.80% 
Epoch: 336, Loss: 0.1075, Train: 99.98%, Valid: 87.21%, Test In: 87.46% Test OOD1: 93.76% 
Epoch: 337, Loss: 0.1147, Train: 99.96%, Valid: 87.17%, Test In: 87.30% Test OOD1: 93.71% 
Epoch: 338, Loss: 0.1131, Train: 99.96%, Valid: 87.25%, Test In: 87.34% Test OOD1: 93.66% 
Epoch: 339, Loss: 0.0995, Train: 99.94%, Valid: 87.41%, Test In: 87.46% Test OOD1: 93.68% 
Epoch: 340, Loss: 0.1241, Train: 99.98%, Valid: 87.37%, Test In: 87.50% Test OOD1: 93.72% 
Epoch: 341, Loss: 0.0999, Train: 99.98%, Valid: 87.54%, Test In: 87.50% Test OOD1: 93.84% 
Epoch: 342, Loss: 0.1116, Train: 99.98%, Valid: 87.41%, Test In: 87.30% Test OOD1: 93.88% 
Epoch: 343, Loss: 0.0965, Train: 99.98%, Valid: 87.41%, Test In: 87.34% Test OOD1: 93.82% 
Epoch: 344, Loss: 0.1039, Train: 100.00%, Valid: 87.45%, Test In: 87.42% Test OOD1: 93.88% 
Epoch: 345, Loss: 0.1021, Train: 100.00%, Valid: 87.54%, Test In: 87.54% Test OOD1: 93.86% 
Epoch: 346, Loss: 0.1075, Train: 100.00%, Valid: 87.54%, Test In: 87.50% Test OOD1: 93.82% 
Epoch: 347, Loss: 0.1108, Train: 99.98%, Valid: 87.49%, Test In: 87.50% Test OOD1: 93.86% 
Epoch: 348, Loss: 0.0967, Train: 99.98%, Valid: 87.01%, Test In: 87.38% Test OOD1: 93.80% 
Epoch: 349, Loss: 0.1004, Train: 99.98%, Valid: 86.81%, Test In: 87.30% Test OOD1: 93.78% 
Epoch: 350, Loss: 0.1073, Train: 99.98%, Valid: 86.85%, Test In: 87.30% Test OOD1: 93.81% 
Epoch: 351, Loss: 0.1062, Train: 100.00%, Valid: 87.29%, Test In: 87.26% Test OOD1: 93.88% 
Epoch: 352, Loss: 0.0917, Train: 99.98%, Valid: 87.54%, Test In: 87.26% Test OOD1: 93.93% 
Epoch: 353, Loss: 0.0973, Train: 99.96%, Valid: 87.41%, Test In: 87.46% Test OOD1: 93.94% 
Epoch: 354, Loss: 0.1024, Train: 99.98%, Valid: 87.29%, Test In: 87.38% Test OOD1: 93.94% 
Epoch: 355, Loss: 0.0992, Train: 100.00%, Valid: 87.17%, Test In: 87.46% Test OOD1: 93.94% 
Epoch: 356, Loss: 0.0998, Train: 100.00%, Valid: 87.09%, Test In: 87.30% Test OOD1: 93.93% 
Epoch: 357, Loss: 0.0908, Train: 100.00%, Valid: 87.13%, Test In: 87.38% Test OOD1: 93.91% 
Epoch: 358, Loss: 0.0948, Train: 99.98%, Valid: 87.09%, Test In: 87.46% Test OOD1: 93.85% 
Epoch: 359, Loss: 0.1033, Train: 99.98%, Valid: 87.17%, Test In: 87.50% Test OOD1: 93.81% 
Epoch: 360, Loss: 0.0973, Train: 100.00%, Valid: 87.13%, Test In: 87.46% Test OOD1: 93.85% 
Epoch: 361, Loss: 0.0962, Train: 100.00%, Valid: 86.93%, Test In: 87.50% Test OOD1: 93.88% 
Epoch: 362, Loss: 0.0948, Train: 100.00%, Valid: 87.09%, Test In: 87.46% Test OOD1: 93.91% 
Epoch: 363, Loss: 0.1036, Train: 100.00%, Valid: 87.01%, Test In: 87.42% Test OOD1: 93.95% 
Epoch: 364, Loss: 0.1014, Train: 100.00%, Valid: 87.17%, Test In: 87.70% Test OOD1: 93.85% 
Epoch: 365, Loss: 0.0874, Train: 99.98%, Valid: 87.21%, Test In: 87.50% Test OOD1: 93.80% 
Epoch: 366, Loss: 0.0937, Train: 99.98%, Valid: 87.29%, Test In: 87.54% Test OOD1: 93.88% 
Epoch: 367, Loss: 0.0912, Train: 99.98%, Valid: 87.37%, Test In: 87.58% Test OOD1: 93.98% 
Epoch: 368, Loss: 0.0941, Train: 99.98%, Valid: 87.33%, Test In: 87.50% Test OOD1: 94.04% 
Epoch: 369, Loss: 0.0907, Train: 99.98%, Valid: 87.29%, Test In: 87.46% Test OOD1: 94.08% 
Epoch: 370, Loss: 0.0949, Train: 99.98%, Valid: 87.17%, Test In: 87.46% Test OOD1: 94.01% 
Epoch: 371, Loss: 0.0860, Train: 99.98%, Valid: 87.13%, Test In: 87.46% Test OOD1: 93.93% 
Epoch: 372, Loss: 0.0841, Train: 99.96%, Valid: 87.37%, Test In: 87.62% Test OOD1: 93.96% 
Epoch: 373, Loss: 0.0891, Train: 99.96%, Valid: 87.29%, Test In: 87.62% Test OOD1: 94.02% 
Epoch: 374, Loss: 0.0898, Train: 99.98%, Valid: 87.21%, Test In: 87.66% Test OOD1: 94.10% 
Epoch: 375, Loss: 0.1035, Train: 99.98%, Valid: 87.25%, Test In: 87.82% Test OOD1: 94.04% 
Epoch: 376, Loss: 0.1036, Train: 100.00%, Valid: 87.17%, Test In: 87.58% Test OOD1: 94.05% 
Epoch: 377, Loss: 0.0930, Train: 100.00%, Valid: 87.29%, Test In: 87.50% Test OOD1: 93.97% 
Epoch: 378, Loss: 0.1105, Train: 99.98%, Valid: 87.37%, Test In: 87.62% Test OOD1: 94.00% 
Epoch: 379, Loss: 0.1047, Train: 99.98%, Valid: 87.54%, Test In: 87.58% Test OOD1: 94.03% 
Epoch: 380, Loss: 0.1244, Train: 99.98%, Valid: 87.29%, Test In: 87.78% Test OOD1: 94.02% 
Epoch: 381, Loss: 0.1153, Train: 99.98%, Valid: 87.29%, Test In: 87.62% Test OOD1: 93.94% 
Epoch: 382, Loss: 0.1044, Train: 100.00%, Valid: 87.25%, Test In: 87.58% Test OOD1: 93.90% 
Epoch: 383, Loss: 0.0993, Train: 100.00%, Valid: 87.33%, Test In: 87.34% Test OOD1: 93.90% 
Epoch: 384, Loss: 0.0964, Train: 100.00%, Valid: 87.45%, Test In: 87.54% Test OOD1: 93.93% 
Epoch: 385, Loss: 0.0995, Train: 100.00%, Valid: 87.37%, Test In: 87.62% Test OOD1: 94.04% 
Epoch: 386, Loss: 0.0881, Train: 100.00%, Valid: 87.45%, Test In: 87.54% Test OOD1: 94.13% 
Epoch: 387, Loss: 0.0909, Train: 100.00%, Valid: 87.41%, Test In: 87.46% Test OOD1: 94.15% 
Epoch: 388, Loss: 0.0926, Train: 99.98%, Valid: 87.41%, Test In: 87.46% Test OOD1: 94.10% 
Epoch: 389, Loss: 0.0894, Train: 99.98%, Valid: 87.29%, Test In: 87.58% Test OOD1: 94.05% 
Epoch: 390, Loss: 0.0861, Train: 99.98%, Valid: 87.29%, Test In: 87.42% Test OOD1: 93.98% 
Epoch: 391, Loss: 0.0909, Train: 99.98%, Valid: 87.33%, Test In: 87.46% Test OOD1: 93.94% 
Epoch: 392, Loss: 0.0856, Train: 99.96%, Valid: 87.45%, Test In: 87.54% Test OOD1: 94.04% 
Epoch: 393, Loss: 0.0880, Train: 99.96%, Valid: 87.37%, Test In: 87.66% Test OOD1: 93.98% 
Epoch: 394, Loss: 0.0884, Train: 99.96%, Valid: 87.58%, Test In: 87.66% Test OOD1: 94.03% 
Epoch: 395, Loss: 0.1056, Train: 99.98%, Valid: 87.78%, Test In: 87.42% Test OOD1: 94.14% 
Epoch: 396, Loss: 0.0835, Train: 100.00%, Valid: 87.90%, Test In: 87.42% Test OOD1: 94.17% 
Epoch: 397, Loss: 0.0834, Train: 100.00%, Valid: 87.94%, Test In: 87.42% Test OOD1: 94.20% 
Epoch: 398, Loss: 0.0955, Train: 100.00%, Valid: 88.02%, Test In: 87.66% Test OOD1: 94.19% 
Epoch: 399, Loss: 0.0822, Train: 100.00%, Valid: 87.70%, Test In: 87.62% Test OOD1: 94.06% 
Epoch: 400, Loss: 0.0950, Train: 100.00%, Valid: 87.74%, Test In: 87.70% Test OOD1: 94.03% 
Epoch: 401, Loss: 0.0881, Train: 100.00%, Valid: 87.62%, Test In: 87.70% Test OOD1: 93.99% 
Epoch: 402, Loss: 0.0772, Train: 100.00%, Valid: 87.62%, Test In: 87.58% Test OOD1: 93.95% 
Epoch: 403, Loss: 0.0682, Train: 100.00%, Valid: 87.66%, Test In: 87.46% Test OOD1: 93.94% 
Epoch: 404, Loss: 0.0757, Train: 99.98%, Valid: 87.66%, Test In: 87.54% Test OOD1: 94.04% 
Epoch: 405, Loss: 0.0846, Train: 99.98%, Valid: 87.66%, Test In: 87.70% Test OOD1: 94.09% 
Epoch: 406, Loss: 0.0810, Train: 100.00%, Valid: 87.66%, Test In: 87.74% Test OOD1: 94.16% 
Epoch: 407, Loss: 0.0848, Train: 100.00%, Valid: 87.54%, Test In: 87.70% Test OOD1: 94.19% 
Epoch: 408, Loss: 0.0818, Train: 100.00%, Valid: 87.45%, Test In: 87.66% Test OOD1: 94.20% 
Epoch: 409, Loss: 0.0804, Train: 100.00%, Valid: 87.62%, Test In: 87.78% Test OOD1: 94.15% 
Epoch: 410, Loss: 0.0784, Train: 99.98%, Valid: 87.58%, Test In: 87.94% Test OOD1: 94.15% 
Epoch: 411, Loss: 0.0785, Train: 99.98%, Valid: 87.49%, Test In: 87.98% Test OOD1: 94.15% 
Epoch: 412, Loss: 0.0739, Train: 100.00%, Valid: 87.58%, Test In: 87.98% Test OOD1: 94.17% 
Epoch: 413, Loss: 0.0719, Train: 100.00%, Valid: 87.78%, Test In: 87.94% Test OOD1: 94.20% 
Epoch: 414, Loss: 0.0756, Train: 100.00%, Valid: 87.78%, Test In: 87.86% Test OOD1: 94.25% 
Epoch: 415, Loss: 0.0734, Train: 99.98%, Valid: 87.86%, Test In: 87.74% Test OOD1: 94.22% 
Epoch: 416, Loss: 0.0696, Train: 99.98%, Valid: 87.70%, Test In: 87.78% Test OOD1: 94.17% 
Epoch: 417, Loss: 0.0726, Train: 99.98%, Valid: 87.66%, Test In: 87.82% Test OOD1: 94.24% 
Epoch: 418, Loss: 0.0733, Train: 100.00%, Valid: 87.66%, Test In: 87.90% Test OOD1: 94.22% 
Epoch: 419, Loss: 0.0668, Train: 100.00%, Valid: 87.54%, Test In: 87.94% Test OOD1: 94.22% 
Epoch: 420, Loss: 0.0734, Train: 100.00%, Valid: 87.58%, Test In: 87.94% Test OOD1: 94.23% 
Epoch: 421, Loss: 0.0719, Train: 99.98%, Valid: 87.62%, Test In: 87.90% Test OOD1: 94.22% 
Epoch: 422, Loss: 0.0693, Train: 99.98%, Valid: 87.58%, Test In: 87.86% Test OOD1: 94.25% 
Epoch: 423, Loss: 0.0646, Train: 99.98%, Valid: 87.41%, Test In: 87.70% Test OOD1: 94.27% 
Epoch: 424, Loss: 0.0768, Train: 99.98%, Valid: 87.41%, Test In: 87.58% Test OOD1: 94.17% 
Epoch: 425, Loss: 0.0643, Train: 99.98%, Valid: 87.45%, Test In: 87.62% Test OOD1: 94.16% 
Epoch: 426, Loss: 0.0715, Train: 99.98%, Valid: 87.45%, Test In: 87.86% Test OOD1: 94.16% 
Epoch: 427, Loss: 0.0594, Train: 99.98%, Valid: 87.41%, Test In: 87.94% Test OOD1: 94.20% 
Epoch: 428, Loss: 0.0660, Train: 99.98%, Valid: 87.49%, Test In: 87.78% Test OOD1: 94.21% 
Epoch: 429, Loss: 0.0751, Train: 100.00%, Valid: 87.62%, Test In: 87.90% Test OOD1: 94.17% 
Epoch: 430, Loss: 0.0958, Train: 100.00%, Valid: 87.70%, Test In: 87.70% Test OOD1: 94.25% 
Epoch: 431, Loss: 0.0826, Train: 100.00%, Valid: 87.74%, Test In: 87.66% Test OOD1: 94.29% 
Epoch: 432, Loss: 0.0952, Train: 100.00%, Valid: 87.78%, Test In: 87.78% Test OOD1: 94.13% 
Epoch: 433, Loss: 0.0896, Train: 100.00%, Valid: 87.94%, Test In: 87.74% Test OOD1: 94.04% 
Epoch: 434, Loss: 0.1046, Train: 99.98%, Valid: 87.86%, Test In: 87.82% Test OOD1: 94.14% 
Epoch: 435, Loss: 0.0942, Train: 99.98%, Valid: 87.78%, Test In: 87.98% Test OOD1: 94.24% 
Epoch: 436, Loss: 0.0834, Train: 99.98%, Valid: 87.82%, Test In: 87.90% Test OOD1: 94.21% 
Epoch: 437, Loss: 0.0995, Train: 100.00%, Valid: 87.78%, Test In: 87.78% Test OOD1: 94.27% 
Epoch: 438, Loss: 0.0731, Train: 100.00%, Valid: 87.82%, Test In: 87.94% Test OOD1: 94.40% 
Epoch: 439, Loss: 0.0759, Train: 100.00%, Valid: 87.82%, Test In: 88.02% Test OOD1: 94.38% 
Epoch: 440, Loss: 0.0773, Train: 100.00%, Valid: 88.02%, Test In: 87.74% Test OOD1: 94.39% 
Epoch: 441, Loss: 0.0865, Train: 100.00%, Valid: 87.98%, Test In: 87.90% Test OOD1: 94.34% 
Epoch: 442, Loss: 0.0901, Train: 99.98%, Valid: 87.94%, Test In: 87.98% Test OOD1: 94.38% 
Epoch: 443, Loss: 0.0760, Train: 99.98%, Valid: 87.82%, Test In: 88.14% Test OOD1: 94.30% 
Epoch: 444, Loss: 0.0670, Train: 99.98%, Valid: 87.78%, Test In: 88.26% Test OOD1: 94.23% 
Epoch: 445, Loss: 0.0807, Train: 99.98%, Valid: 87.86%, Test In: 88.26% Test OOD1: 94.20% 
Epoch: 446, Loss: 0.0887, Train: 99.98%, Valid: 87.90%, Test In: 88.18% Test OOD1: 94.23% 
Epoch: 447, Loss: 0.0719, Train: 99.98%, Valid: 88.14%, Test In: 87.94% Test OOD1: 94.21% 
Epoch: 448, Loss: 0.0721, Train: 99.98%, Valid: 88.02%, Test In: 87.90% Test OOD1: 94.17% 
Epoch: 449, Loss: 0.0884, Train: 99.98%, Valid: 87.98%, Test In: 87.94% Test OOD1: 94.13% 
Epoch: 450, Loss: 0.0683, Train: 99.98%, Valid: 87.94%, Test In: 88.06% Test OOD1: 94.13% 
Epoch: 451, Loss: 0.0743, Train: 99.98%, Valid: 87.54%, Test In: 88.02% Test OOD1: 94.17% 
Epoch: 452, Loss: 0.0667, Train: 99.98%, Valid: 87.66%, Test In: 88.18% Test OOD1: 94.10% 
Epoch: 453, Loss: 0.0731, Train: 100.00%, Valid: 87.62%, Test In: 88.06% Test OOD1: 94.14% 
Epoch: 454, Loss: 0.0718, Train: 100.00%, Valid: 87.86%, Test In: 87.90% Test OOD1: 94.22% 
Epoch: 455, Loss: 0.0632, Train: 100.00%, Valid: 87.82%, Test In: 88.02% Test OOD1: 94.34% 
Epoch: 456, Loss: 0.0653, Train: 100.00%, Valid: 87.86%, Test In: 88.14% Test OOD1: 94.36% 
Epoch: 457, Loss: 0.0677, Train: 100.00%, Valid: 87.78%, Test In: 87.94% Test OOD1: 94.35% 
Epoch: 458, Loss: 0.0707, Train: 99.98%, Valid: 87.70%, Test In: 87.82% Test OOD1: 94.31% 
Epoch: 459, Loss: 0.0753, Train: 99.98%, Valid: 87.90%, Test In: 87.66% Test OOD1: 94.24% 
Epoch: 460, Loss: 0.0621, Train: 99.98%, Valid: 87.78%, Test In: 87.98% Test OOD1: 94.20% 
Epoch: 461, Loss: 0.0703, Train: 100.00%, Valid: 87.86%, Test In: 87.94% Test OOD1: 94.14% 
Epoch: 462, Loss: 0.0693, Train: 100.00%, Valid: 87.98%, Test In: 87.94% Test OOD1: 94.15% 
Epoch: 463, Loss: 0.0722, Train: 100.00%, Valid: 87.90%, Test In: 88.06% Test OOD1: 94.21% 
Epoch: 464, Loss: 0.0638, Train: 99.98%, Valid: 87.78%, Test In: 88.06% Test OOD1: 94.27% 
Epoch: 465, Loss: 0.0622, Train: 99.98%, Valid: 87.78%, Test In: 88.14% Test OOD1: 94.31% 
Epoch: 466, Loss: 0.0683, Train: 99.98%, Valid: 87.70%, Test In: 88.22% Test OOD1: 94.28% 
Epoch: 467, Loss: 0.0685, Train: 99.98%, Valid: 87.90%, Test In: 88.30% Test OOD1: 94.18% 
Epoch: 468, Loss: 0.0717, Train: 99.98%, Valid: 88.02%, Test In: 88.30% Test OOD1: 94.15% 
Epoch: 469, Loss: 0.0636, Train: 100.00%, Valid: 87.98%, Test In: 88.42% Test OOD1: 94.17% 
Epoch: 470, Loss: 0.0642, Train: 100.00%, Valid: 87.90%, Test In: 88.26% Test OOD1: 94.17% 
Epoch: 471, Loss: 0.0543, Train: 100.00%, Valid: 87.74%, Test In: 88.38% Test OOD1: 94.24% 
Epoch: 472, Loss: 0.0499, Train: 100.00%, Valid: 87.94%, Test In: 88.42% Test OOD1: 94.22% 
Epoch: 473, Loss: 0.0605, Train: 100.00%, Valid: 88.02%, Test In: 88.42% Test OOD1: 94.31% 
Epoch: 474, Loss: 0.0525, Train: 99.98%, Valid: 87.90%, Test In: 88.26% Test OOD1: 94.37% 
Epoch: 475, Loss: 0.0606, Train: 99.98%, Valid: 87.74%, Test In: 88.34% Test OOD1: 94.32% 
Epoch: 476, Loss: 0.0577, Train: 99.98%, Valid: 87.70%, Test In: 88.38% Test OOD1: 94.33% 
Epoch: 477, Loss: 0.0560, Train: 100.00%, Valid: 87.66%, Test In: 88.14% Test OOD1: 94.34% 
Epoch: 478, Loss: 0.0615, Train: 100.00%, Valid: 87.94%, Test In: 88.34% Test OOD1: 94.35% 
Epoch: 479, Loss: 0.0612, Train: 100.00%, Valid: 87.82%, Test In: 88.14% Test OOD1: 94.39% 
Epoch: 480, Loss: 0.0551, Train: 99.98%, Valid: 87.90%, Test In: 88.22% Test OOD1: 94.43% 
Epoch: 481, Loss: 0.0496, Train: 99.98%, Valid: 87.82%, Test In: 88.42% Test OOD1: 94.41% 
Epoch: 482, Loss: 0.0636, Train: 99.98%, Valid: 87.78%, Test In: 88.22% Test OOD1: 94.40% 
Epoch: 483, Loss: 0.0635, Train: 100.00%, Valid: 87.62%, Test In: 88.30% Test OOD1: 94.38% 
Epoch: 484, Loss: 0.0524, Train: 100.00%, Valid: 87.90%, Test In: 88.30% Test OOD1: 94.44% 
Epoch: 485, Loss: 0.0507, Train: 100.00%, Valid: 87.94%, Test In: 88.22% Test OOD1: 94.39% 
Epoch: 486, Loss: 0.0550, Train: 100.00%, Valid: 87.98%, Test In: 88.14% Test OOD1: 94.39% 
Epoch: 487, Loss: 0.0511, Train: 100.00%, Valid: 88.02%, Test In: 88.34% Test OOD1: 94.45% 
Epoch: 488, Loss: 0.0585, Train: 100.00%, Valid: 87.94%, Test In: 88.42% Test OOD1: 94.44% 
Epoch: 489, Loss: 0.0533, Train: 100.00%, Valid: 87.86%, Test In: 88.34% Test OOD1: 94.42% 
Epoch: 490, Loss: 0.0491, Train: 100.00%, Valid: 87.78%, Test In: 88.38% Test OOD1: 94.42% 
Epoch: 491, Loss: 0.0511, Train: 100.00%, Valid: 87.82%, Test In: 88.30% Test OOD1: 94.46% 
Epoch: 492, Loss: 0.0629, Train: 100.00%, Valid: 88.02%, Test In: 88.42% Test OOD1: 94.39% 
Epoch: 493, Loss: 0.0523, Train: 100.00%, Valid: 88.02%, Test In: 88.10% Test OOD1: 94.35% 
Epoch: 494, Loss: 0.0660, Train: 100.00%, Valid: 88.10%, Test In: 88.02% Test OOD1: 94.36% 
Epoch: 495, Loss: 0.0633, Train: 100.00%, Valid: 88.10%, Test In: 88.18% Test OOD1: 94.43% 
Epoch: 496, Loss: 0.0520, Train: 100.00%, Valid: 87.98%, Test In: 88.30% Test OOD1: 94.50% 
Epoch: 497, Loss: 0.0616, Train: 100.00%, Valid: 88.10%, Test In: 88.42% Test OOD1: 94.57% 
Epoch: 498, Loss: 0.0550, Train: 100.00%, Valid: 88.22%, Test In: 88.62% Test OOD1: 94.55% 
Epoch: 499, Loss: 0.0585, Train: 100.00%, Valid: 88.14%, Test In: 88.38% Test OOD1: 94.48% 
Run 02:
Highest Train: 100.00
Highest Valid: 88.22
Highest In Test: 88.62
Highest OOD Test: 94.57
Chosen epoch: 499
Final Train: 100.00
Final In Test: 88.62
Final OOD Test: 94.55
All runs:
Highest Train: 100.00 ± 0.00
Highest Valid: 87.60 ± 0.88
Highest In Test: 88.24 ± 0.54
Highest OOD Test: 94.16 ± 0.58
  Final Train: 100.00 ± 0.00
   Final In  Test: 87.90 ± 1.02
   Final OOD Test: 94.05 ± 0.70
[INFO] TensorBoard writer closed.

Command: python main.py --dataset citeseer --backbone_type gat --env_type graph --combine_result --store_result --epochs 500 --runs 2 --num_layers 2 --expert_agg mean --tau 3 --device 0 --other_env_objective irm --lr 0.01 --weight_decay 0.0 --dropout 0.1 --lamda 1.0 --K 3 --hidden_channels 64 --other_env_reduce env --result_name citeseer_stage1_gat_reduced_lr0.01_weight_decay0.0_dropout0.1_lamda1.0_K3_hidden_channels64_other_env_reduceenv
Return code: 0
Elapsed: 337.48s
