Namespace(K=3, backbone_type='gat', causal_align_weight=0.1, causal_hidden_channels=0, causal_loss_weight=1.0, combine_result=True, cpu=False, data_dir='./data/', dataset='citeseer', device=0, display_step=1, dropout=0.2, env_type='graph', epochs=500, expert_agg='mean', gate_hidden=64, hidden_channels=32, infer_env=False, infer_env_components=64, infer_env_iters=30, infer_env_num=3, lamda=0.5, lr=0.01, num_layers=2, other_env_irm_lambda=1.0, other_env_loss_agg='mean', other_env_loss_temp=1.0, other_env_objective='irm', other_env_reduce='env', pos_weight=5.0, result_name='citeseer_stage1_gat_reduced_lr0.01_weight_decay0.0_dropout0.2_lamda0.5_K3_hidden_channels32_other_env_reduceenv', runs=2, seed=2024, store_result=True, tau=3.0, use_bn=False, use_causal_head=False, variant=False, weight_decay=0.0)
using existing synthetic data...
dataset citeseer: all nodes 19962 | edges 54624 | classes 6 | feats 3713
train nodes 4990 | valid nodes 2495 | test in nodes 2496
test ood1 nodes 9981 
[INFO] env numbers: 6 train env numbers: 3
MODEL: CaNet(
  (experts): ModuleList(
    (0): ExpertNet(
      (convs): ModuleList(
        (0): CaNetConv(
          (leakyrelu): LeakyReLU(negative_slope=0.01)
        )
        (1): CaNetConv(
          (leakyrelu): LeakyReLU(negative_slope=0.01)
        )
      )
      (fcs): ModuleList(
        (0): Linear(in_features=3713, out_features=32, bias=True)
        (1): Linear(in_features=32, out_features=6, bias=True)
      )
      (act_fn): ReLU()
    )
    (1): ExpertNet(
      (convs): ModuleList(
        (0): CaNetConv(
          (leakyrelu): LeakyReLU(negative_slope=0.01)
        )
        (1): CaNetConv(
          (leakyrelu): LeakyReLU(negative_slope=0.01)
        )
      )
      (fcs): ModuleList(
        (0): Linear(in_features=3713, out_features=32, bias=True)
        (1): Linear(in_features=32, out_features=6, bias=True)
      )
      (act_fn): ReLU()
    )
    (2): ExpertNet(
      (convs): ModuleList(
        (0): CaNetConv(
          (leakyrelu): LeakyReLU(negative_slope=0.01)
        )
        (1): CaNetConv(
          (leakyrelu): LeakyReLU(negative_slope=0.01)
        )
      )
      (fcs): ModuleList(
        (0): Linear(in_features=3713, out_features=32, bias=True)
        (1): Linear(in_features=32, out_features=6, bias=True)
      )
      (act_fn): ReLU()
    )
  )
  (gate): Sequential(
    (0): Linear(in_features=3713, out_features=64, bias=True)
    (1): ReLU()
    (2): Linear(in_features=64, out_features=3, bias=True)
  )
)
[INFO] TensorBoard logging activated. Logs will be saved to: ./runs/citeseer/Apr19_21-48-45_lamda_0.5_otheragg_mean
Epoch: 00, Loss: 8.0999, Train: 21.10%, Valid: 20.76%, Test In: 21.31% Test OOD1: 21.07% 
Epoch: 01, Loss: 8.0339, Train: 22.51%, Valid: 21.64%, Test In: 22.28% Test OOD1: 27.06% 
Epoch: 02, Loss: 7.9376, Train: 31.44%, Valid: 29.66%, Test In: 30.69% Test OOD1: 35.80% 
Epoch: 03, Loss: 7.8088, Train: 34.77%, Valid: 33.03%, Test In: 34.42% Test OOD1: 37.09% 
Epoch: 04, Loss: 7.6554, Train: 34.33%, Valid: 32.18%, Test In: 33.85% Test OOD1: 37.38% 
Epoch: 05, Loss: 7.4774, Train: 35.05%, Valid: 33.47%, Test In: 34.82% Test OOD1: 39.33% 
Epoch: 06, Loss: 7.2914, Train: 50.12%, Valid: 48.46%, Test In: 49.76% Test OOD1: 47.18% 
Epoch: 07, Loss: 7.0613, Train: 57.86%, Valid: 55.35%, Test In: 57.77% Test OOD1: 57.49% 
Epoch: 08, Loss: 6.8134, Train: 63.31%, Valid: 60.56%, Test In: 63.14% Test OOD1: 60.05% 
Epoch: 09, Loss: 6.5183, Train: 68.62%, Valid: 66.25%, Test In: 67.75% Test OOD1: 61.57% 
Epoch: 10, Loss: 6.1959, Train: 72.08%, Valid: 69.62%, Test In: 71.51% Test OOD1: 63.99% 
Epoch: 11, Loss: 5.8432, Train: 74.65%, Valid: 71.98%, Test In: 73.96% Test OOD1: 66.64% 
Epoch: 12, Loss: 5.4822, Train: 77.09%, Valid: 74.35%, Test In: 75.88% Test OOD1: 68.20% 
Epoch: 13, Loss: 5.1076, Train: 78.62%, Valid: 76.51%, Test In: 77.44% Test OOD1: 66.84% 
Epoch: 14, Loss: 4.7674, Train: 79.40%, Valid: 77.56%, Test In: 78.89% Test OOD1: 66.48% 
Epoch: 15, Loss: 4.4217, Train: 79.76%, Valid: 78.16%, Test In: 79.53% Test OOD1: 67.38% 
Epoch: 16, Loss: 4.1533, Train: 80.58%, Valid: 78.28%, Test In: 80.01% Test OOD1: 67.43% 
Epoch: 17, Loss: 3.9148, Train: 80.74%, Valid: 78.64%, Test In: 80.29% Test OOD1: 67.10% 
Epoch: 18, Loss: 3.7150, Train: 80.80%, Valid: 78.76%, Test In: 80.13% Test OOD1: 67.32% 
Epoch: 19, Loss: 3.5764, Train: 81.08%, Valid: 78.72%, Test In: 80.49% Test OOD1: 68.27% 
Epoch: 20, Loss: 3.4303, Train: 81.36%, Valid: 78.92%, Test In: 80.69% Test OOD1: 69.41% 
Epoch: 21, Loss: 3.3488, Train: 81.98%, Valid: 79.52%, Test In: 81.49% Test OOD1: 69.29% 
Epoch: 22, Loss: 3.2190, Train: 82.28%, Valid: 79.92%, Test In: 81.57% Test OOD1: 68.87% 
Epoch: 23, Loss: 3.1484, Train: 82.75%, Valid: 80.52%, Test In: 82.01% Test OOD1: 68.65% 
Epoch: 24, Loss: 3.0308, Train: 82.81%, Valid: 80.52%, Test In: 81.89% Test OOD1: 69.01% 
Epoch: 25, Loss: 2.9807, Train: 82.93%, Valid: 80.64%, Test In: 81.89% Test OOD1: 69.52% 
Epoch: 26, Loss: 2.9174, Train: 83.31%, Valid: 80.56%, Test In: 81.89% Test OOD1: 70.07% 
Epoch: 27, Loss: 2.8704, Train: 83.49%, Valid: 80.72%, Test In: 81.93% Test OOD1: 70.47% 
Epoch: 28, Loss: 2.7905, Train: 83.53%, Valid: 80.72%, Test In: 81.85% Test OOD1: 71.03% 
Epoch: 29, Loss: 2.7218, Train: 83.71%, Valid: 80.56%, Test In: 81.73% Test OOD1: 71.53% 
Epoch: 30, Loss: 2.6600, Train: 83.97%, Valid: 80.36%, Test In: 81.61% Test OOD1: 71.93% 
Epoch: 31, Loss: 2.6227, Train: 84.11%, Valid: 80.44%, Test In: 81.85% Test OOD1: 72.29% 
Epoch: 32, Loss: 2.5642, Train: 84.53%, Valid: 80.56%, Test In: 82.49% Test OOD1: 72.56% 
Epoch: 33, Loss: 2.5328, Train: 84.85%, Valid: 80.68%, Test In: 82.57% Test OOD1: 73.05% 
Epoch: 34, Loss: 2.4885, Train: 85.13%, Valid: 80.96%, Test In: 82.57% Test OOD1: 73.91% 
Epoch: 35, Loss: 2.4365, Train: 85.27%, Valid: 81.20%, Test In: 82.65% Test OOD1: 74.72% 
Epoch: 36, Loss: 2.3811, Train: 85.65%, Valid: 81.20%, Test In: 83.01% Test OOD1: 75.21% 
Epoch: 37, Loss: 2.3421, Train: 85.99%, Valid: 81.56%, Test In: 83.21% Test OOD1: 75.49% 
Epoch: 38, Loss: 2.2956, Train: 86.27%, Valid: 81.60%, Test In: 83.29% Test OOD1: 75.68% 
Epoch: 39, Loss: 2.2286, Train: 86.65%, Valid: 82.16%, Test In: 83.69% Test OOD1: 75.97% 
Epoch: 40, Loss: 2.2105, Train: 87.23%, Valid: 82.40%, Test In: 83.97% Test OOD1: 76.39% 
Epoch: 41, Loss: 2.1893, Train: 87.64%, Valid: 82.40%, Test In: 84.05% Test OOD1: 76.96% 
Epoch: 42, Loss: 2.1050, Train: 88.00%, Valid: 82.57%, Test In: 84.25% Test OOD1: 77.25% 
Epoch: 43, Loss: 2.1069, Train: 88.18%, Valid: 82.57%, Test In: 84.38% Test OOD1: 77.62% 
Epoch: 44, Loss: 2.0428, Train: 88.16%, Valid: 82.65%, Test In: 84.38% Test OOD1: 77.67% 
Epoch: 45, Loss: 2.0361, Train: 88.40%, Valid: 83.09%, Test In: 84.29% Test OOD1: 77.75% 
Epoch: 46, Loss: 1.9890, Train: 88.82%, Valid: 83.25%, Test In: 84.01% Test OOD1: 77.94% 
Epoch: 47, Loss: 1.9500, Train: 89.02%, Valid: 83.25%, Test In: 83.93% Test OOD1: 78.49% 
Epoch: 48, Loss: 1.9265, Train: 89.14%, Valid: 83.33%, Test In: 84.21% Test OOD1: 78.99% 
Epoch: 49, Loss: 1.9090, Train: 89.24%, Valid: 83.45%, Test In: 84.21% Test OOD1: 79.23% 
Epoch: 50, Loss: 1.8811, Train: 89.40%, Valid: 83.49%, Test In: 84.29% Test OOD1: 79.48% 
Epoch: 51, Loss: 1.8420, Train: 89.76%, Valid: 83.57%, Test In: 84.33% Test OOD1: 79.53% 
Epoch: 52, Loss: 1.7985, Train: 90.08%, Valid: 83.61%, Test In: 84.38% Test OOD1: 79.38% 
Epoch: 53, Loss: 1.7575, Train: 90.12%, Valid: 83.69%, Test In: 84.50% Test OOD1: 79.88% 
Epoch: 54, Loss: 1.7194, Train: 90.30%, Valid: 83.93%, Test In: 84.46% Test OOD1: 80.41% 
Epoch: 55, Loss: 1.6939, Train: 90.46%, Valid: 83.57%, Test In: 84.38% Test OOD1: 81.02% 
Epoch: 56, Loss: 1.6777, Train: 90.86%, Valid: 83.65%, Test In: 84.42% Test OOD1: 81.46% 
Epoch: 57, Loss: 1.6520, Train: 91.14%, Valid: 83.65%, Test In: 84.78% Test OOD1: 81.65% 
Epoch: 58, Loss: 1.6337, Train: 91.30%, Valid: 84.01%, Test In: 84.98% Test OOD1: 81.78% 
Epoch: 59, Loss: 1.5892, Train: 91.44%, Valid: 84.17%, Test In: 85.14% Test OOD1: 82.12% 
Epoch: 60, Loss: 1.5459, Train: 91.78%, Valid: 84.17%, Test In: 85.14% Test OOD1: 82.64% 
Epoch: 61, Loss: 1.5177, Train: 92.04%, Valid: 84.17%, Test In: 85.06% Test OOD1: 83.17% 
Epoch: 62, Loss: 1.5021, Train: 92.14%, Valid: 84.13%, Test In: 84.94% Test OOD1: 83.55% 
Epoch: 63, Loss: 1.4809, Train: 92.42%, Valid: 84.37%, Test In: 85.02% Test OOD1: 83.65% 
Epoch: 64, Loss: 1.4661, Train: 92.51%, Valid: 84.37%, Test In: 85.14% Test OOD1: 83.63% 
Epoch: 65, Loss: 1.4210, Train: 92.65%, Valid: 84.41%, Test In: 85.38% Test OOD1: 83.61% 
Epoch: 66, Loss: 1.4122, Train: 92.73%, Valid: 84.49%, Test In: 85.30% Test OOD1: 83.95% 
Epoch: 67, Loss: 1.4182, Train: 93.07%, Valid: 84.33%, Test In: 85.30% Test OOD1: 84.28% 
Epoch: 68, Loss: 1.3644, Train: 93.25%, Valid: 84.65%, Test In: 85.54% Test OOD1: 84.52% 
Epoch: 69, Loss: 1.3545, Train: 93.35%, Valid: 84.65%, Test In: 85.82% Test OOD1: 84.62% 
Epoch: 70, Loss: 1.3238, Train: 93.19%, Valid: 84.57%, Test In: 85.78% Test OOD1: 84.59% 
Epoch: 71, Loss: 1.2802, Train: 93.29%, Valid: 84.37%, Test In: 85.58% Test OOD1: 84.78% 
Epoch: 72, Loss: 1.2965, Train: 93.51%, Valid: 84.53%, Test In: 85.90% Test OOD1: 85.04% 
Epoch: 73, Loss: 1.2702, Train: 93.85%, Valid: 84.89%, Test In: 85.98% Test OOD1: 85.30% 
Epoch: 74, Loss: 1.2573, Train: 93.81%, Valid: 85.01%, Test In: 86.10% Test OOD1: 85.36% 
Epoch: 75, Loss: 1.2314, Train: 93.99%, Valid: 85.05%, Test In: 85.94% Test OOD1: 85.50% 
Epoch: 76, Loss: 1.2200, Train: 93.91%, Valid: 85.17%, Test In: 86.02% Test OOD1: 85.80% 
Epoch: 77, Loss: 1.1915, Train: 94.13%, Valid: 85.25%, Test In: 86.10% Test OOD1: 86.03% 
Epoch: 78, Loss: 1.1957, Train: 94.15%, Valid: 85.33%, Test In: 86.02% Test OOD1: 86.23% 
Epoch: 79, Loss: 1.1540, Train: 94.29%, Valid: 85.53%, Test In: 86.22% Test OOD1: 86.46% 
Epoch: 80, Loss: 1.1662, Train: 94.31%, Valid: 85.57%, Test In: 86.26% Test OOD1: 86.66% 
Epoch: 81, Loss: 1.1305, Train: 94.47%, Valid: 85.53%, Test In: 86.42% Test OOD1: 86.75% 
Epoch: 82, Loss: 1.1293, Train: 94.55%, Valid: 85.65%, Test In: 86.54% Test OOD1: 86.90% 
Epoch: 83, Loss: 1.0987, Train: 94.71%, Valid: 85.53%, Test In: 86.50% Test OOD1: 86.98% 
Epoch: 84, Loss: 1.1165, Train: 94.89%, Valid: 86.05%, Test In: 86.78% Test OOD1: 87.08% 
Epoch: 85, Loss: 1.1024, Train: 94.99%, Valid: 86.05%, Test In: 86.70% Test OOD1: 87.10% 
Epoch: 86, Loss: 1.0670, Train: 94.95%, Valid: 85.81%, Test In: 86.70% Test OOD1: 87.25% 
Epoch: 87, Loss: 1.0682, Train: 95.29%, Valid: 86.01%, Test In: 86.74% Test OOD1: 87.38% 
Epoch: 88, Loss: 1.0742, Train: 95.51%, Valid: 86.29%, Test In: 86.94% Test OOD1: 87.47% 
Epoch: 89, Loss: 1.0514, Train: 95.23%, Valid: 86.29%, Test In: 87.06% Test OOD1: 87.83% 
Epoch: 90, Loss: 1.0205, Train: 95.19%, Valid: 86.21%, Test In: 86.90% Test OOD1: 87.91% 
Epoch: 91, Loss: 1.0219, Train: 95.63%, Valid: 86.41%, Test In: 86.90% Test OOD1: 88.05% 
Epoch: 92, Loss: 1.0197, Train: 95.79%, Valid: 86.49%, Test In: 86.90% Test OOD1: 88.16% 
Epoch: 93, Loss: 1.0087, Train: 95.75%, Valid: 86.69%, Test In: 86.90% Test OOD1: 88.10% 
Epoch: 94, Loss: 0.9909, Train: 95.61%, Valid: 86.69%, Test In: 86.82% Test OOD1: 88.22% 
Epoch: 95, Loss: 0.9784, Train: 95.55%, Valid: 86.65%, Test In: 86.90% Test OOD1: 88.24% 
Epoch: 96, Loss: 0.9916, Train: 95.69%, Valid: 86.85%, Test In: 86.90% Test OOD1: 88.43% 
Epoch: 97, Loss: 1.0010, Train: 95.87%, Valid: 86.81%, Test In: 86.86% Test OOD1: 88.43% 
Epoch: 98, Loss: 0.9680, Train: 95.91%, Valid: 86.85%, Test In: 86.78% Test OOD1: 88.54% 
Epoch: 99, Loss: 0.9448, Train: 95.73%, Valid: 86.65%, Test In: 86.98% Test OOD1: 88.70% 
Epoch: 100, Loss: 0.9776, Train: 95.71%, Valid: 86.73%, Test In: 86.82% Test OOD1: 88.74% 
Epoch: 101, Loss: 0.9331, Train: 95.95%, Valid: 86.69%, Test In: 87.02% Test OOD1: 88.96% 
Epoch: 102, Loss: 0.9678, Train: 96.03%, Valid: 86.77%, Test In: 86.86% Test OOD1: 89.09% 
Epoch: 103, Loss: 0.9206, Train: 96.17%, Valid: 87.05%, Test In: 87.02% Test OOD1: 89.21% 
Epoch: 104, Loss: 0.9438, Train: 96.27%, Valid: 87.05%, Test In: 86.98% Test OOD1: 89.14% 
Epoch: 105, Loss: 0.9059, Train: 96.41%, Valid: 86.89%, Test In: 86.94% Test OOD1: 89.14% 
Epoch: 106, Loss: 0.8918, Train: 96.47%, Valid: 86.65%, Test In: 87.22% Test OOD1: 89.36% 
Epoch: 107, Loss: 0.8969, Train: 96.37%, Valid: 86.57%, Test In: 87.06% Test OOD1: 89.46% 
Epoch: 108, Loss: 0.8698, Train: 96.41%, Valid: 86.53%, Test In: 87.06% Test OOD1: 89.51% 
Epoch: 109, Loss: 0.8811, Train: 96.73%, Valid: 86.77%, Test In: 87.26% Test OOD1: 89.47% 
Epoch: 110, Loss: 0.8605, Train: 96.57%, Valid: 86.65%, Test In: 87.22% Test OOD1: 89.36% 
Epoch: 111, Loss: 0.8926, Train: 96.57%, Valid: 86.77%, Test In: 87.38% Test OOD1: 89.59% 
Epoch: 112, Loss: 0.8549, Train: 96.43%, Valid: 86.65%, Test In: 87.18% Test OOD1: 89.81% 
Epoch: 113, Loss: 0.8688, Train: 96.63%, Valid: 86.73%, Test In: 87.06% Test OOD1: 90.00% 
Epoch: 114, Loss: 0.8652, Train: 96.83%, Valid: 87.17%, Test In: 87.42% Test OOD1: 89.91% 
Epoch: 115, Loss: 0.8310, Train: 96.81%, Valid: 86.89%, Test In: 87.42% Test OOD1: 89.76% 
Epoch: 116, Loss: 0.8399, Train: 96.67%, Valid: 86.73%, Test In: 87.38% Test OOD1: 89.87% 
Epoch: 117, Loss: 0.8352, Train: 96.69%, Valid: 86.37%, Test In: 87.58% Test OOD1: 89.93% 
Epoch: 118, Loss: 0.8279, Train: 96.77%, Valid: 86.49%, Test In: 87.30% Test OOD1: 90.03% 
Epoch: 119, Loss: 0.8206, Train: 96.93%, Valid: 86.85%, Test In: 87.30% Test OOD1: 90.09% 
Epoch: 120, Loss: 0.8171, Train: 96.95%, Valid: 86.85%, Test In: 87.46% Test OOD1: 90.15% 
Epoch: 121, Loss: 0.8328, Train: 97.11%, Valid: 86.93%, Test In: 87.46% Test OOD1: 90.20% 
Epoch: 122, Loss: 0.8049, Train: 96.77%, Valid: 86.65%, Test In: 87.50% Test OOD1: 90.27% 
Epoch: 123, Loss: 0.8171, Train: 96.85%, Valid: 86.65%, Test In: 87.30% Test OOD1: 90.51% 
Epoch: 124, Loss: 0.7998, Train: 97.09%, Valid: 86.85%, Test In: 87.30% Test OOD1: 90.60% 
Epoch: 125, Loss: 0.7975, Train: 97.05%, Valid: 86.81%, Test In: 87.02% Test OOD1: 90.57% 
Epoch: 126, Loss: 0.7764, Train: 96.97%, Valid: 86.65%, Test In: 87.30% Test OOD1: 90.42% 
Epoch: 127, Loss: 0.7896, Train: 97.03%, Valid: 86.57%, Test In: 87.50% Test OOD1: 90.44% 
Epoch: 128, Loss: 0.7600, Train: 97.11%, Valid: 86.77%, Test In: 87.38% Test OOD1: 90.60% 
Epoch: 129, Loss: 0.7816, Train: 97.15%, Valid: 86.69%, Test In: 87.22% Test OOD1: 90.58% 
Epoch: 130, Loss: 0.7792, Train: 97.21%, Valid: 86.73%, Test In: 87.30% Test OOD1: 90.65% 
Epoch: 131, Loss: 0.7648, Train: 97.25%, Valid: 86.97%, Test In: 87.46% Test OOD1: 90.68% 
Epoch: 132, Loss: 0.7654, Train: 97.23%, Valid: 87.05%, Test In: 87.50% Test OOD1: 90.69% 
Epoch: 133, Loss: 0.7526, Train: 97.33%, Valid: 86.93%, Test In: 87.58% Test OOD1: 90.74% 
Epoch: 134, Loss: 0.7620, Train: 97.37%, Valid: 86.77%, Test In: 87.50% Test OOD1: 90.73% 
Epoch: 135, Loss: 0.7448, Train: 97.29%, Valid: 86.65%, Test In: 87.46% Test OOD1: 90.84% 
Epoch: 136, Loss: 0.7461, Train: 97.33%, Valid: 86.57%, Test In: 87.34% Test OOD1: 90.85% 
Epoch: 137, Loss: 0.7558, Train: 97.39%, Valid: 86.89%, Test In: 87.50% Test OOD1: 90.92% 
Epoch: 138, Loss: 0.7258, Train: 97.54%, Valid: 86.89%, Test In: 87.66% Test OOD1: 90.95% 
Epoch: 139, Loss: 0.7608, Train: 97.64%, Valid: 86.69%, Test In: 87.34% Test OOD1: 90.89% 
Epoch: 140, Loss: 0.7179, Train: 97.68%, Valid: 86.93%, Test In: 87.30% Test OOD1: 91.03% 
Epoch: 141, Loss: 0.7192, Train: 97.68%, Valid: 86.81%, Test In: 87.26% Test OOD1: 91.08% 
Epoch: 142, Loss: 0.7087, Train: 97.68%, Valid: 86.85%, Test In: 87.18% Test OOD1: 91.08% 
Epoch: 143, Loss: 0.7083, Train: 97.58%, Valid: 86.89%, Test In: 87.58% Test OOD1: 90.99% 
Epoch: 144, Loss: 0.6934, Train: 97.58%, Valid: 86.81%, Test In: 87.54% Test OOD1: 90.87% 
Epoch: 145, Loss: 0.6982, Train: 97.78%, Valid: 86.77%, Test In: 87.54% Test OOD1: 90.94% 
Epoch: 146, Loss: 0.6845, Train: 97.82%, Valid: 86.77%, Test In: 87.26% Test OOD1: 91.21% 
Epoch: 147, Loss: 0.6833, Train: 97.90%, Valid: 86.81%, Test In: 87.18% Test OOD1: 91.27% 
Epoch: 148, Loss: 0.6981, Train: 97.76%, Valid: 86.85%, Test In: 87.34% Test OOD1: 91.27% 
Epoch: 149, Loss: 0.7057, Train: 97.68%, Valid: 86.65%, Test In: 87.42% Test OOD1: 91.04% 
Epoch: 150, Loss: 0.6769, Train: 97.60%, Valid: 86.69%, Test In: 87.50% Test OOD1: 91.13% 
Epoch: 151, Loss: 0.6986, Train: 97.86%, Valid: 87.01%, Test In: 87.38% Test OOD1: 91.34% 
Epoch: 152, Loss: 0.6878, Train: 97.92%, Valid: 87.13%, Test In: 87.54% Test OOD1: 91.49% 
Epoch: 153, Loss: 0.6850, Train: 97.82%, Valid: 86.93%, Test In: 87.38% Test OOD1: 91.53% 
Epoch: 154, Loss: 0.6736, Train: 97.86%, Valid: 86.77%, Test In: 87.22% Test OOD1: 91.48% 
Epoch: 155, Loss: 0.6416, Train: 97.80%, Valid: 86.57%, Test In: 87.18% Test OOD1: 91.25% 
Epoch: 156, Loss: 0.6872, Train: 97.76%, Valid: 86.77%, Test In: 87.34% Test OOD1: 91.18% 
Epoch: 157, Loss: 0.6610, Train: 98.06%, Valid: 86.85%, Test In: 87.18% Test OOD1: 91.30% 
Epoch: 158, Loss: 0.6507, Train: 98.10%, Valid: 86.73%, Test In: 86.98% Test OOD1: 91.53% 
Epoch: 159, Loss: 0.6839, Train: 98.14%, Valid: 86.89%, Test In: 87.26% Test OOD1: 91.61% 
Epoch: 160, Loss: 0.6604, Train: 97.92%, Valid: 86.85%, Test In: 87.50% Test OOD1: 91.50% 
Epoch: 161, Loss: 0.6496, Train: 97.84%, Valid: 86.77%, Test In: 87.50% Test OOD1: 91.51% 
Epoch: 162, Loss: 0.6385, Train: 97.82%, Valid: 86.93%, Test In: 87.42% Test OOD1: 91.47% 
Epoch: 163, Loss: 0.6432, Train: 97.88%, Valid: 86.97%, Test In: 87.50% Test OOD1: 91.45% 
Epoch: 164, Loss: 0.6427, Train: 98.12%, Valid: 86.97%, Test In: 87.42% Test OOD1: 91.59% 
Epoch: 165, Loss: 0.6326, Train: 98.10%, Valid: 86.93%, Test In: 87.38% Test OOD1: 91.66% 
Epoch: 166, Loss: 0.6229, Train: 98.10%, Valid: 86.89%, Test In: 87.54% Test OOD1: 91.59% 
Epoch: 167, Loss: 0.6251, Train: 98.16%, Valid: 87.01%, Test In: 87.42% Test OOD1: 91.74% 
Epoch: 168, Loss: 0.6564, Train: 98.12%, Valid: 86.97%, Test In: 87.58% Test OOD1: 91.61% 
Epoch: 169, Loss: 0.6282, Train: 98.08%, Valid: 86.93%, Test In: 87.62% Test OOD1: 91.68% 
Epoch: 170, Loss: 0.6241, Train: 98.08%, Valid: 86.89%, Test In: 87.58% Test OOD1: 91.57% 
Epoch: 171, Loss: 0.6218, Train: 98.14%, Valid: 86.81%, Test In: 87.42% Test OOD1: 91.69% 
Epoch: 172, Loss: 0.6114, Train: 98.08%, Valid: 86.81%, Test In: 87.18% Test OOD1: 91.71% 
Epoch: 173, Loss: 0.6226, Train: 98.18%, Valid: 86.97%, Test In: 87.34% Test OOD1: 91.62% 
Epoch: 174, Loss: 0.6162, Train: 98.12%, Valid: 86.93%, Test In: 87.22% Test OOD1: 91.58% 
Epoch: 175, Loss: 0.6290, Train: 98.18%, Valid: 86.85%, Test In: 87.38% Test OOD1: 91.66% 
Epoch: 176, Loss: 0.6146, Train: 98.20%, Valid: 86.65%, Test In: 87.30% Test OOD1: 91.63% 
Epoch: 177, Loss: 0.6191, Train: 98.22%, Valid: 86.61%, Test In: 87.38% Test OOD1: 91.70% 
Epoch: 178, Loss: 0.5896, Train: 98.28%, Valid: 86.77%, Test In: 86.98% Test OOD1: 91.71% 
Epoch: 179, Loss: 0.5988, Train: 98.34%, Valid: 86.81%, Test In: 87.18% Test OOD1: 91.78% 
Epoch: 180, Loss: 0.6088, Train: 98.46%, Valid: 86.77%, Test In: 87.26% Test OOD1: 91.82% 
Epoch: 181, Loss: 0.6002, Train: 98.34%, Valid: 86.77%, Test In: 87.30% Test OOD1: 91.75% 
Epoch: 182, Loss: 0.5676, Train: 98.36%, Valid: 86.69%, Test In: 87.18% Test OOD1: 91.75% 
Epoch: 183, Loss: 0.5824, Train: 98.36%, Valid: 86.89%, Test In: 87.18% Test OOD1: 91.73% 
Epoch: 184, Loss: 0.5922, Train: 98.38%, Valid: 86.81%, Test In: 87.34% Test OOD1: 91.77% 
Epoch: 185, Loss: 0.5792, Train: 98.50%, Valid: 86.85%, Test In: 87.58% Test OOD1: 91.89% 
Epoch: 186, Loss: 0.5712, Train: 98.36%, Valid: 86.65%, Test In: 87.46% Test OOD1: 91.86% 
Epoch: 187, Loss: 0.5821, Train: 98.44%, Valid: 86.57%, Test In: 87.50% Test OOD1: 91.92% 
Epoch: 188, Loss: 0.5793, Train: 98.54%, Valid: 86.73%, Test In: 87.46% Test OOD1: 91.87% 
Epoch: 189, Loss: 0.5608, Train: 98.48%, Valid: 86.85%, Test In: 87.34% Test OOD1: 91.89% 
Epoch: 190, Loss: 0.5659, Train: 98.48%, Valid: 86.81%, Test In: 87.26% Test OOD1: 91.84% 
Epoch: 191, Loss: 0.5644, Train: 98.62%, Valid: 86.37%, Test In: 87.38% Test OOD1: 91.78% 
Epoch: 192, Loss: 0.5640, Train: 98.60%, Valid: 86.49%, Test In: 87.14% Test OOD1: 91.79% 
Epoch: 193, Loss: 0.5730, Train: 98.58%, Valid: 86.57%, Test In: 87.46% Test OOD1: 91.79% 
Epoch: 194, Loss: 0.5540, Train: 98.58%, Valid: 86.81%, Test In: 87.34% Test OOD1: 91.91% 
Epoch: 195, Loss: 0.5518, Train: 98.62%, Valid: 86.69%, Test In: 87.26% Test OOD1: 91.82% 
Epoch: 196, Loss: 0.5639, Train: 98.66%, Valid: 86.61%, Test In: 87.10% Test OOD1: 91.87% 
Epoch: 197, Loss: 0.5581, Train: 98.54%, Valid: 86.53%, Test In: 86.78% Test OOD1: 91.93% 
Epoch: 198, Loss: 0.5811, Train: 98.72%, Valid: 87.05%, Test In: 87.10% Test OOD1: 92.00% 
Epoch: 199, Loss: 0.5499, Train: 98.78%, Valid: 87.21%, Test In: 87.02% Test OOD1: 92.08% 
Epoch: 200, Loss: 0.5542, Train: 98.60%, Valid: 87.01%, Test In: 87.14% Test OOD1: 91.94% 
Epoch: 201, Loss: 0.5603, Train: 98.42%, Valid: 86.77%, Test In: 87.10% Test OOD1: 91.86% 
Epoch: 202, Loss: 0.5691, Train: 98.40%, Valid: 86.61%, Test In: 87.10% Test OOD1: 91.88% 
Epoch: 203, Loss: 0.5393, Train: 98.56%, Valid: 86.81%, Test In: 86.98% Test OOD1: 91.97% 
Epoch: 204, Loss: 0.5387, Train: 98.64%, Valid: 87.09%, Test In: 86.90% Test OOD1: 92.09% 
Epoch: 205, Loss: 0.5506, Train: 98.80%, Valid: 87.13%, Test In: 86.94% Test OOD1: 92.04% 
Epoch: 206, Loss: 0.5434, Train: 98.80%, Valid: 86.81%, Test In: 87.06% Test OOD1: 92.06% 
Epoch: 207, Loss: 0.5410, Train: 98.76%, Valid: 86.81%, Test In: 87.10% Test OOD1: 92.09% 
Epoch: 208, Loss: 0.5317, Train: 98.68%, Valid: 86.89%, Test In: 87.18% Test OOD1: 92.16% 
Epoch: 209, Loss: 0.5315, Train: 98.56%, Valid: 86.85%, Test In: 86.90% Test OOD1: 92.18% 
Epoch: 210, Loss: 0.5255, Train: 98.60%, Valid: 86.65%, Test In: 86.74% Test OOD1: 92.07% 
Epoch: 211, Loss: 0.5079, Train: 98.60%, Valid: 86.57%, Test In: 86.90% Test OOD1: 92.08% 
Epoch: 212, Loss: 0.5308, Train: 98.68%, Valid: 86.57%, Test In: 87.02% Test OOD1: 92.05% 
Epoch: 213, Loss: 0.5310, Train: 98.80%, Valid: 86.73%, Test In: 87.34% Test OOD1: 92.07% 
Epoch: 214, Loss: 0.4985, Train: 98.84%, Valid: 87.13%, Test In: 87.10% Test OOD1: 92.23% 
Epoch: 215, Loss: 0.5205, Train: 99.00%, Valid: 87.41%, Test In: 87.10% Test OOD1: 92.21% 
Epoch: 216, Loss: 0.5143, Train: 98.96%, Valid: 87.09%, Test In: 87.14% Test OOD1: 92.21% 
Epoch: 217, Loss: 0.5111, Train: 98.90%, Valid: 86.81%, Test In: 86.98% Test OOD1: 92.14% 
Epoch: 218, Loss: 0.5217, Train: 98.92%, Valid: 86.69%, Test In: 86.78% Test OOD1: 92.23% 
Epoch: 219, Loss: 0.5150, Train: 98.86%, Valid: 86.73%, Test In: 86.54% Test OOD1: 92.27% 
Epoch: 220, Loss: 0.5082, Train: 98.92%, Valid: 86.53%, Test In: 86.54% Test OOD1: 92.35% 
Epoch: 221, Loss: 0.4981, Train: 98.86%, Valid: 86.69%, Test In: 86.70% Test OOD1: 92.33% 
Epoch: 222, Loss: 0.5020, Train: 98.92%, Valid: 86.85%, Test In: 86.82% Test OOD1: 92.28% 
Epoch: 223, Loss: 0.5154, Train: 98.88%, Valid: 86.85%, Test In: 86.86% Test OOD1: 92.36% 
Epoch: 224, Loss: 0.5312, Train: 98.90%, Valid: 86.69%, Test In: 86.82% Test OOD1: 92.50% 
Epoch: 225, Loss: 0.4951, Train: 98.92%, Valid: 86.49%, Test In: 86.86% Test OOD1: 92.54% 
Epoch: 226, Loss: 0.4983, Train: 98.84%, Valid: 86.73%, Test In: 86.90% Test OOD1: 92.48% 
Epoch: 227, Loss: 0.4961, Train: 98.88%, Valid: 86.81%, Test In: 87.10% Test OOD1: 92.38% 
Epoch: 228, Loss: 0.4945, Train: 98.92%, Valid: 86.89%, Test In: 87.22% Test OOD1: 92.35% 
Epoch: 229, Loss: 0.4988, Train: 98.98%, Valid: 86.85%, Test In: 87.02% Test OOD1: 92.37% 
Epoch: 230, Loss: 0.4956, Train: 99.20%, Valid: 86.85%, Test In: 86.94% Test OOD1: 92.38% 
Epoch: 231, Loss: 0.4853, Train: 99.12%, Valid: 86.77%, Test In: 86.90% Test OOD1: 92.46% 
Epoch: 232, Loss: 0.4770, Train: 99.18%, Valid: 86.81%, Test In: 86.82% Test OOD1: 92.52% 
Epoch: 233, Loss: 0.5041, Train: 99.08%, Valid: 86.61%, Test In: 86.90% Test OOD1: 92.51% 
Epoch: 234, Loss: 0.4931, Train: 99.00%, Valid: 86.73%, Test In: 86.90% Test OOD1: 92.48% 
Epoch: 235, Loss: 0.4915, Train: 99.18%, Valid: 86.97%, Test In: 86.70% Test OOD1: 92.46% 
Epoch: 236, Loss: 0.4734, Train: 99.14%, Valid: 86.85%, Test In: 87.10% Test OOD1: 92.42% 
Epoch: 237, Loss: 0.4876, Train: 99.06%, Valid: 86.45%, Test In: 86.94% Test OOD1: 92.51% 
Epoch: 238, Loss: 0.4785, Train: 99.08%, Valid: 86.53%, Test In: 86.86% Test OOD1: 92.65% 
Epoch: 239, Loss: 0.4629, Train: 99.08%, Valid: 86.69%, Test In: 86.94% Test OOD1: 92.63% 
Epoch: 240, Loss: 0.4724, Train: 99.00%, Valid: 86.41%, Test In: 86.78% Test OOD1: 92.59% 
Epoch: 241, Loss: 0.4665, Train: 99.06%, Valid: 86.85%, Test In: 86.86% Test OOD1: 92.55% 
Epoch: 242, Loss: 0.4734, Train: 99.08%, Valid: 86.85%, Test In: 86.98% Test OOD1: 92.54% 
Epoch: 243, Loss: 0.4715, Train: 99.18%, Valid: 86.93%, Test In: 86.78% Test OOD1: 92.57% 
Epoch: 244, Loss: 0.4867, Train: 99.18%, Valid: 86.81%, Test In: 86.58% Test OOD1: 92.57% 
Epoch: 245, Loss: 0.4768, Train: 99.12%, Valid: 86.73%, Test In: 86.58% Test OOD1: 92.55% 
Epoch: 246, Loss: 0.4650, Train: 99.02%, Valid: 86.41%, Test In: 86.50% Test OOD1: 92.47% 
Epoch: 247, Loss: 0.4656, Train: 99.04%, Valid: 86.33%, Test In: 86.62% Test OOD1: 92.44% 
Epoch: 248, Loss: 0.4562, Train: 99.16%, Valid: 86.69%, Test In: 86.78% Test OOD1: 92.58% 
Epoch: 249, Loss: 0.4562, Train: 99.08%, Valid: 86.65%, Test In: 86.82% Test OOD1: 92.57% 
Epoch: 250, Loss: 0.4655, Train: 99.08%, Valid: 86.57%, Test In: 86.66% Test OOD1: 92.51% 
Epoch: 251, Loss: 0.4770, Train: 98.96%, Valid: 86.69%, Test In: 86.66% Test OOD1: 92.44% 
Epoch: 252, Loss: 0.4413, Train: 98.98%, Valid: 86.41%, Test In: 86.98% Test OOD1: 92.31% 
Epoch: 253, Loss: 0.4593, Train: 99.12%, Valid: 86.41%, Test In: 87.02% Test OOD1: 92.34% 
Epoch: 254, Loss: 0.4504, Train: 99.18%, Valid: 86.57%, Test In: 86.74% Test OOD1: 92.44% 
Epoch: 255, Loss: 0.4529, Train: 99.20%, Valid: 86.53%, Test In: 86.78% Test OOD1: 92.45% 
Epoch: 256, Loss: 0.4628, Train: 99.20%, Valid: 86.69%, Test In: 86.98% Test OOD1: 92.52% 
Epoch: 257, Loss: 0.4676, Train: 99.22%, Valid: 86.89%, Test In: 86.74% Test OOD1: 92.42% 
Epoch: 258, Loss: 0.4477, Train: 99.16%, Valid: 86.65%, Test In: 86.90% Test OOD1: 92.40% 
Epoch: 259, Loss: 0.4608, Train: 99.22%, Valid: 86.61%, Test In: 87.06% Test OOD1: 92.39% 
Epoch: 260, Loss: 0.4673, Train: 99.26%, Valid: 86.65%, Test In: 87.02% Test OOD1: 92.37% 
Epoch: 261, Loss: 0.4381, Train: 99.24%, Valid: 86.89%, Test In: 86.78% Test OOD1: 92.29% 
Epoch: 262, Loss: 0.4588, Train: 99.24%, Valid: 86.85%, Test In: 86.78% Test OOD1: 92.38% 
Epoch: 263, Loss: 0.4539, Train: 99.16%, Valid: 87.01%, Test In: 86.82% Test OOD1: 92.44% 
Epoch: 264, Loss: 0.4505, Train: 99.16%, Valid: 86.81%, Test In: 86.98% Test OOD1: 92.53% 
Epoch: 265, Loss: 0.4417, Train: 99.12%, Valid: 86.53%, Test In: 87.06% Test OOD1: 92.55% 
Epoch: 266, Loss: 0.4441, Train: 99.28%, Valid: 86.69%, Test In: 87.06% Test OOD1: 92.73% 
Epoch: 267, Loss: 0.4473, Train: 99.26%, Valid: 86.81%, Test In: 86.62% Test OOD1: 92.70% 
Epoch: 268, Loss: 0.4369, Train: 99.12%, Valid: 86.69%, Test In: 86.86% Test OOD1: 92.59% 
Epoch: 269, Loss: 0.4523, Train: 99.18%, Valid: 86.57%, Test In: 86.94% Test OOD1: 92.60% 
Epoch: 270, Loss: 0.4560, Train: 99.26%, Valid: 86.89%, Test In: 86.82% Test OOD1: 92.69% 
Epoch: 271, Loss: 0.4390, Train: 99.22%, Valid: 86.93%, Test In: 86.98% Test OOD1: 92.69% 
Epoch: 272, Loss: 0.4646, Train: 99.18%, Valid: 86.85%, Test In: 87.18% Test OOD1: 92.77% 
Epoch: 273, Loss: 0.4452, Train: 99.22%, Valid: 86.89%, Test In: 86.98% Test OOD1: 92.79% 
Epoch: 274, Loss: 0.4349, Train: 99.24%, Valid: 86.97%, Test In: 86.98% Test OOD1: 92.83% 
Epoch: 275, Loss: 0.4332, Train: 99.20%, Valid: 87.09%, Test In: 86.90% Test OOD1: 92.76% 
Epoch: 276, Loss: 0.4522, Train: 99.22%, Valid: 87.05%, Test In: 86.82% Test OOD1: 92.79% 
Epoch: 277, Loss: 0.4397, Train: 99.24%, Valid: 86.97%, Test In: 86.90% Test OOD1: 92.76% 
Epoch: 278, Loss: 0.4285, Train: 99.26%, Valid: 86.97%, Test In: 86.86% Test OOD1: 92.80% 
Epoch: 279, Loss: 0.4140, Train: 99.26%, Valid: 86.77%, Test In: 86.94% Test OOD1: 92.89% 
Epoch: 280, Loss: 0.4169, Train: 99.26%, Valid: 86.97%, Test In: 86.78% Test OOD1: 93.01% 
Epoch: 281, Loss: 0.4223, Train: 99.30%, Valid: 87.01%, Test In: 86.74% Test OOD1: 92.97% 
Epoch: 282, Loss: 0.4115, Train: 99.34%, Valid: 86.97%, Test In: 86.78% Test OOD1: 92.90% 
Epoch: 283, Loss: 0.4346, Train: 99.38%, Valid: 87.01%, Test In: 86.82% Test OOD1: 92.93% 
Epoch: 284, Loss: 0.4442, Train: 99.38%, Valid: 86.97%, Test In: 86.86% Test OOD1: 92.86% 
Epoch: 285, Loss: 0.4217, Train: 99.38%, Valid: 86.81%, Test In: 87.02% Test OOD1: 92.84% 
Epoch: 286, Loss: 0.4193, Train: 99.34%, Valid: 86.85%, Test In: 87.22% Test OOD1: 92.87% 
Epoch: 287, Loss: 0.4223, Train: 99.32%, Valid: 86.73%, Test In: 87.30% Test OOD1: 92.82% 
Epoch: 288, Loss: 0.4208, Train: 99.38%, Valid: 86.93%, Test In: 87.34% Test OOD1: 92.86% 
Epoch: 289, Loss: 0.4160, Train: 99.38%, Valid: 87.01%, Test In: 87.26% Test OOD1: 92.92% 
Epoch: 290, Loss: 0.4185, Train: 99.46%, Valid: 87.29%, Test In: 87.14% Test OOD1: 92.91% 
Epoch: 291, Loss: 0.4071, Train: 99.36%, Valid: 87.05%, Test In: 87.14% Test OOD1: 92.88% 
Epoch: 292, Loss: 0.4083, Train: 99.34%, Valid: 87.01%, Test In: 87.26% Test OOD1: 92.79% 
Epoch: 293, Loss: 0.4074, Train: 99.42%, Valid: 86.97%, Test In: 87.26% Test OOD1: 92.75% 
Epoch: 294, Loss: 0.4213, Train: 99.42%, Valid: 87.05%, Test In: 86.98% Test OOD1: 92.83% 
Epoch: 295, Loss: 0.4056, Train: 99.46%, Valid: 87.13%, Test In: 87.06% Test OOD1: 92.90% 
Epoch: 296, Loss: 0.3995, Train: 99.40%, Valid: 87.05%, Test In: 86.94% Test OOD1: 93.03% 
Epoch: 297, Loss: 0.4135, Train: 99.50%, Valid: 86.97%, Test In: 86.90% Test OOD1: 93.09% 
Epoch: 298, Loss: 0.4218, Train: 99.38%, Valid: 86.93%, Test In: 87.14% Test OOD1: 92.95% 
Epoch: 299, Loss: 0.3985, Train: 99.40%, Valid: 86.85%, Test In: 87.26% Test OOD1: 93.02% 
Epoch: 300, Loss: 0.4124, Train: 99.44%, Valid: 86.81%, Test In: 87.22% Test OOD1: 93.01% 
Epoch: 301, Loss: 0.4155, Train: 99.44%, Valid: 86.93%, Test In: 87.14% Test OOD1: 93.04% 
Epoch: 302, Loss: 0.3934, Train: 99.46%, Valid: 87.01%, Test In: 87.34% Test OOD1: 93.08% 
Epoch: 303, Loss: 0.4044, Train: 99.48%, Valid: 87.01%, Test In: 87.30% Test OOD1: 93.03% 
Epoch: 304, Loss: 0.4063, Train: 99.48%, Valid: 86.89%, Test In: 87.02% Test OOD1: 92.95% 
Epoch: 305, Loss: 0.3880, Train: 99.34%, Valid: 86.61%, Test In: 87.14% Test OOD1: 92.99% 
Epoch: 306, Loss: 0.4096, Train: 99.36%, Valid: 86.77%, Test In: 87.10% Test OOD1: 92.98% 
Epoch: 307, Loss: 0.3943, Train: 99.40%, Valid: 86.97%, Test In: 87.06% Test OOD1: 93.04% 
Epoch: 308, Loss: 0.4045, Train: 99.46%, Valid: 87.05%, Test In: 87.06% Test OOD1: 93.04% 
Epoch: 309, Loss: 0.4047, Train: 99.42%, Valid: 87.25%, Test In: 87.06% Test OOD1: 93.05% 
Epoch: 310, Loss: 0.3950, Train: 99.46%, Valid: 87.37%, Test In: 87.02% Test OOD1: 93.02% 
Epoch: 311, Loss: 0.4055, Train: 99.46%, Valid: 87.05%, Test In: 86.86% Test OOD1: 93.07% 
Epoch: 312, Loss: 0.3873, Train: 99.40%, Valid: 87.05%, Test In: 86.94% Test OOD1: 93.10% 
Epoch: 313, Loss: 0.3933, Train: 99.36%, Valid: 87.01%, Test In: 87.06% Test OOD1: 93.08% 
Epoch: 314, Loss: 0.3943, Train: 99.40%, Valid: 87.09%, Test In: 86.98% Test OOD1: 93.07% 
Epoch: 315, Loss: 0.3971, Train: 99.48%, Valid: 87.37%, Test In: 87.22% Test OOD1: 93.14% 
Epoch: 316, Loss: 0.3614, Train: 99.50%, Valid: 87.54%, Test In: 87.06% Test OOD1: 93.10% 
Epoch: 317, Loss: 0.3827, Train: 99.52%, Valid: 87.33%, Test In: 86.90% Test OOD1: 93.14% 
Epoch: 318, Loss: 0.4057, Train: 99.50%, Valid: 87.58%, Test In: 86.94% Test OOD1: 93.13% 
Epoch: 319, Loss: 0.3846, Train: 99.46%, Valid: 87.21%, Test In: 87.22% Test OOD1: 93.14% 
Epoch: 320, Loss: 0.3885, Train: 99.42%, Valid: 87.21%, Test In: 87.34% Test OOD1: 93.15% 
Epoch: 321, Loss: 0.3960, Train: 99.42%, Valid: 87.17%, Test In: 87.30% Test OOD1: 93.18% 
Epoch: 322, Loss: 0.3897, Train: 99.46%, Valid: 87.29%, Test In: 87.34% Test OOD1: 93.20% 
Epoch: 323, Loss: 0.3910, Train: 99.48%, Valid: 87.29%, Test In: 87.14% Test OOD1: 93.26% 
Epoch: 324, Loss: 0.3795, Train: 99.50%, Valid: 87.37%, Test In: 86.98% Test OOD1: 93.29% 
Epoch: 325, Loss: 0.3914, Train: 99.54%, Valid: 87.45%, Test In: 86.98% Test OOD1: 93.31% 
Epoch: 326, Loss: 0.3731, Train: 99.54%, Valid: 87.29%, Test In: 87.06% Test OOD1: 93.24% 
Epoch: 327, Loss: 0.3716, Train: 99.44%, Valid: 87.21%, Test In: 87.18% Test OOD1: 93.17% 
Epoch: 328, Loss: 0.3578, Train: 99.40%, Valid: 87.13%, Test In: 87.18% Test OOD1: 93.07% 
Epoch: 329, Loss: 0.3805, Train: 99.50%, Valid: 87.09%, Test In: 87.14% Test OOD1: 93.21% 
Epoch: 330, Loss: 0.3732, Train: 99.56%, Valid: 87.05%, Test In: 87.06% Test OOD1: 93.19% 
Epoch: 331, Loss: 0.3591, Train: 99.58%, Valid: 87.09%, Test In: 87.14% Test OOD1: 93.27% 
Epoch: 332, Loss: 0.3920, Train: 99.58%, Valid: 87.25%, Test In: 87.14% Test OOD1: 93.15% 
Epoch: 333, Loss: 0.3810, Train: 99.60%, Valid: 87.13%, Test In: 87.10% Test OOD1: 93.09% 
Epoch: 334, Loss: 0.3743, Train: 99.56%, Valid: 87.05%, Test In: 87.06% Test OOD1: 93.08% 
Epoch: 335, Loss: 0.3705, Train: 99.50%, Valid: 86.97%, Test In: 86.74% Test OOD1: 93.03% 
Epoch: 336, Loss: 0.3801, Train: 99.48%, Valid: 86.81%, Test In: 86.74% Test OOD1: 93.10% 
Epoch: 337, Loss: 0.3967, Train: 99.56%, Valid: 86.65%, Test In: 86.94% Test OOD1: 93.11% 
Epoch: 338, Loss: 0.3797, Train: 99.62%, Valid: 86.57%, Test In: 87.02% Test OOD1: 93.09% 
Epoch: 339, Loss: 0.3868, Train: 99.60%, Valid: 86.85%, Test In: 86.98% Test OOD1: 93.12% 
Epoch: 340, Loss: 0.3941, Train: 99.64%, Valid: 86.97%, Test In: 87.14% Test OOD1: 93.15% 
Epoch: 341, Loss: 0.3793, Train: 99.62%, Valid: 87.01%, Test In: 86.86% Test OOD1: 93.22% 
Epoch: 342, Loss: 0.3934, Train: 99.62%, Valid: 87.17%, Test In: 86.82% Test OOD1: 93.29% 
Epoch: 343, Loss: 0.3636, Train: 99.56%, Valid: 87.13%, Test In: 86.94% Test OOD1: 93.33% 
Epoch: 344, Loss: 0.3711, Train: 99.56%, Valid: 86.97%, Test In: 87.06% Test OOD1: 93.31% 
Epoch: 345, Loss: 0.3659, Train: 99.56%, Valid: 86.93%, Test In: 87.22% Test OOD1: 93.33% 
Epoch: 346, Loss: 0.3607, Train: 99.60%, Valid: 86.89%, Test In: 87.26% Test OOD1: 93.36% 
Epoch: 347, Loss: 0.3586, Train: 99.58%, Valid: 87.17%, Test In: 87.22% Test OOD1: 93.35% 
Epoch: 348, Loss: 0.3538, Train: 99.56%, Valid: 87.25%, Test In: 87.10% Test OOD1: 93.35% 
Epoch: 349, Loss: 0.3646, Train: 99.54%, Valid: 87.25%, Test In: 86.94% Test OOD1: 93.32% 
Epoch: 350, Loss: 0.3462, Train: 99.50%, Valid: 87.09%, Test In: 87.10% Test OOD1: 93.30% 
Epoch: 351, Loss: 0.3514, Train: 99.64%, Valid: 87.25%, Test In: 87.22% Test OOD1: 93.30% 
Epoch: 352, Loss: 0.3447, Train: 99.66%, Valid: 86.97%, Test In: 87.18% Test OOD1: 93.37% 
Epoch: 353, Loss: 0.3580, Train: 99.66%, Valid: 86.97%, Test In: 87.22% Test OOD1: 93.38% 
Epoch: 354, Loss: 0.3670, Train: 99.64%, Valid: 87.05%, Test In: 87.22% Test OOD1: 93.43% 
Epoch: 355, Loss: 0.3733, Train: 99.66%, Valid: 87.09%, Test In: 87.30% Test OOD1: 93.50% 
Epoch: 356, Loss: 0.3640, Train: 99.68%, Valid: 87.29%, Test In: 87.50% Test OOD1: 93.49% 
Epoch: 357, Loss: 0.3624, Train: 99.68%, Valid: 87.17%, Test In: 87.30% Test OOD1: 93.48% 
Epoch: 358, Loss: 0.3526, Train: 99.68%, Valid: 87.09%, Test In: 87.30% Test OOD1: 93.44% 
Epoch: 359, Loss: 0.3553, Train: 99.62%, Valid: 87.25%, Test In: 87.18% Test OOD1: 93.41% 
Epoch: 360, Loss: 0.3501, Train: 99.54%, Valid: 87.54%, Test In: 87.18% Test OOD1: 93.54% 
Epoch: 361, Loss: 0.3530, Train: 99.52%, Valid: 87.58%, Test In: 87.14% Test OOD1: 93.56% 
Epoch: 362, Loss: 0.3482, Train: 99.58%, Valid: 87.41%, Test In: 87.34% Test OOD1: 93.64% 
Epoch: 363, Loss: 0.3510, Train: 99.58%, Valid: 87.37%, Test In: 87.26% Test OOD1: 93.58% 
Epoch: 364, Loss: 0.3583, Train: 99.60%, Valid: 87.25%, Test In: 87.34% Test OOD1: 93.50% 
Epoch: 365, Loss: 0.3473, Train: 99.62%, Valid: 87.17%, Test In: 87.26% Test OOD1: 93.48% 
Epoch: 366, Loss: 0.3383, Train: 99.62%, Valid: 87.13%, Test In: 87.26% Test OOD1: 93.44% 
Epoch: 367, Loss: 0.3393, Train: 99.64%, Valid: 87.25%, Test In: 87.30% Test OOD1: 93.41% 
Epoch: 368, Loss: 0.3363, Train: 99.56%, Valid: 87.37%, Test In: 87.26% Test OOD1: 93.44% 
Epoch: 369, Loss: 0.3344, Train: 99.58%, Valid: 87.37%, Test In: 87.18% Test OOD1: 93.51% 
Epoch: 370, Loss: 0.3400, Train: 99.56%, Valid: 87.25%, Test In: 87.06% Test OOD1: 93.44% 
Epoch: 371, Loss: 0.3398, Train: 99.54%, Valid: 87.25%, Test In: 87.14% Test OOD1: 93.38% 
Epoch: 372, Loss: 0.3349, Train: 99.58%, Valid: 87.09%, Test In: 87.10% Test OOD1: 93.31% 
Epoch: 373, Loss: 0.3274, Train: 99.56%, Valid: 87.09%, Test In: 87.18% Test OOD1: 93.24% 
Epoch: 374, Loss: 0.3279, Train: 99.58%, Valid: 87.17%, Test In: 87.10% Test OOD1: 93.37% 
Epoch: 375, Loss: 0.3393, Train: 99.56%, Valid: 87.25%, Test In: 87.06% Test OOD1: 93.51% 
Epoch: 376, Loss: 0.3304, Train: 99.58%, Valid: 87.33%, Test In: 86.74% Test OOD1: 93.55% 
Epoch: 377, Loss: 0.3387, Train: 99.56%, Valid: 87.41%, Test In: 86.74% Test OOD1: 93.59% 
Epoch: 378, Loss: 0.3563, Train: 99.62%, Valid: 87.29%, Test In: 87.34% Test OOD1: 93.50% 
Epoch: 379, Loss: 0.3163, Train: 99.62%, Valid: 87.09%, Test In: 87.34% Test OOD1: 93.47% 
Epoch: 380, Loss: 0.3457, Train: 99.68%, Valid: 87.01%, Test In: 87.10% Test OOD1: 93.39% 
Epoch: 381, Loss: 0.3560, Train: 99.66%, Valid: 87.09%, Test In: 87.06% Test OOD1: 93.45% 
Epoch: 382, Loss: 0.3516, Train: 99.66%, Valid: 87.37%, Test In: 87.22% Test OOD1: 93.59% 
Epoch: 383, Loss: 0.3414, Train: 99.62%, Valid: 87.25%, Test In: 87.14% Test OOD1: 93.67% 
Epoch: 384, Loss: 0.3436, Train: 99.64%, Valid: 87.33%, Test In: 87.06% Test OOD1: 93.64% 
Epoch: 385, Loss: 0.3451, Train: 99.68%, Valid: 87.41%, Test In: 87.10% Test OOD1: 93.56% 
Epoch: 386, Loss: 0.3403, Train: 99.68%, Valid: 87.54%, Test In: 87.22% Test OOD1: 93.55% 
Epoch: 387, Loss: 0.3395, Train: 99.70%, Valid: 87.37%, Test In: 87.38% Test OOD1: 93.47% 
Epoch: 388, Loss: 0.3313, Train: 99.66%, Valid: 87.37%, Test In: 87.42% Test OOD1: 93.45% 
Epoch: 389, Loss: 0.3481, Train: 99.56%, Valid: 87.49%, Test In: 87.42% Test OOD1: 93.57% 
Epoch: 390, Loss: 0.3516, Train: 99.62%, Valid: 87.90%, Test In: 87.18% Test OOD1: 93.65% 
Epoch: 391, Loss: 0.3283, Train: 99.62%, Valid: 87.66%, Test In: 86.78% Test OOD1: 93.76% 
Epoch: 392, Loss: 0.3196, Train: 99.62%, Valid: 87.49%, Test In: 86.86% Test OOD1: 93.69% 
Epoch: 393, Loss: 0.3303, Train: 99.60%, Valid: 87.62%, Test In: 87.06% Test OOD1: 93.69% 
Epoch: 394, Loss: 0.3313, Train: 99.64%, Valid: 87.45%, Test In: 87.34% Test OOD1: 93.67% 
Epoch: 395, Loss: 0.3076, Train: 99.66%, Valid: 87.41%, Test In: 87.26% Test OOD1: 93.57% 
Epoch: 396, Loss: 0.3407, Train: 99.68%, Valid: 87.37%, Test In: 87.14% Test OOD1: 93.48% 
Epoch: 397, Loss: 0.3225, Train: 99.72%, Valid: 87.62%, Test In: 87.06% Test OOD1: 93.60% 
Epoch: 398, Loss: 0.3231, Train: 99.72%, Valid: 87.58%, Test In: 87.14% Test OOD1: 93.76% 
Epoch: 399, Loss: 0.3283, Train: 99.70%, Valid: 87.33%, Test In: 87.10% Test OOD1: 93.78% 
Epoch: 400, Loss: 0.3166, Train: 99.64%, Valid: 87.49%, Test In: 87.10% Test OOD1: 93.76% 
Epoch: 401, Loss: 0.3219, Train: 99.64%, Valid: 87.25%, Test In: 87.18% Test OOD1: 93.66% 
Epoch: 402, Loss: 0.3223, Train: 99.64%, Valid: 87.09%, Test In: 87.30% Test OOD1: 93.58% 
Epoch: 403, Loss: 0.3209, Train: 99.60%, Valid: 87.21%, Test In: 87.42% Test OOD1: 93.54% 
Epoch: 404, Loss: 0.3150, Train: 99.62%, Valid: 87.45%, Test In: 87.38% Test OOD1: 93.57% 
Epoch: 405, Loss: 0.3049, Train: 99.72%, Valid: 87.54%, Test In: 87.38% Test OOD1: 93.66% 
Epoch: 406, Loss: 0.3057, Train: 99.66%, Valid: 87.54%, Test In: 87.30% Test OOD1: 93.73% 
Epoch: 407, Loss: 0.3161, Train: 99.68%, Valid: 87.62%, Test In: 87.10% Test OOD1: 93.68% 
Epoch: 408, Loss: 0.2970, Train: 99.68%, Valid: 87.58%, Test In: 87.18% Test OOD1: 93.70% 
Epoch: 409, Loss: 0.2980, Train: 99.70%, Valid: 87.25%, Test In: 87.10% Test OOD1: 93.63% 
Epoch: 410, Loss: 0.2988, Train: 99.68%, Valid: 87.09%, Test In: 87.06% Test OOD1: 93.57% 
Epoch: 411, Loss: 0.2995, Train: 99.70%, Valid: 87.29%, Test In: 87.10% Test OOD1: 93.61% 
Epoch: 412, Loss: 0.3084, Train: 99.74%, Valid: 87.25%, Test In: 87.06% Test OOD1: 93.65% 
Epoch: 413, Loss: 0.3094, Train: 99.72%, Valid: 87.45%, Test In: 87.02% Test OOD1: 93.73% 
Epoch: 414, Loss: 0.2918, Train: 99.76%, Valid: 87.45%, Test In: 87.06% Test OOD1: 93.72% 
Epoch: 415, Loss: 0.3139, Train: 99.78%, Valid: 87.33%, Test In: 87.14% Test OOD1: 93.71% 
Epoch: 416, Loss: 0.3101, Train: 99.76%, Valid: 87.37%, Test In: 87.10% Test OOD1: 93.64% 
Epoch: 417, Loss: 0.2908, Train: 99.76%, Valid: 87.13%, Test In: 87.06% Test OOD1: 93.62% 
Epoch: 418, Loss: 0.2985, Train: 99.72%, Valid: 87.01%, Test In: 87.14% Test OOD1: 93.58% 
Epoch: 419, Loss: 0.3053, Train: 99.80%, Valid: 87.17%, Test In: 87.14% Test OOD1: 93.64% 
Epoch: 420, Loss: 0.2906, Train: 99.78%, Valid: 87.37%, Test In: 87.26% Test OOD1: 93.75% 
Epoch: 421, Loss: 0.3088, Train: 99.80%, Valid: 87.49%, Test In: 87.18% Test OOD1: 93.78% 
Epoch: 422, Loss: 0.3069, Train: 99.78%, Valid: 87.45%, Test In: 87.34% Test OOD1: 93.80% 
Epoch: 423, Loss: 0.2977, Train: 99.72%, Valid: 87.45%, Test In: 87.46% Test OOD1: 93.78% 
Epoch: 424, Loss: 0.2988, Train: 99.70%, Valid: 87.54%, Test In: 87.46% Test OOD1: 93.79% 
Epoch: 425, Loss: 0.3027, Train: 99.72%, Valid: 87.49%, Test In: 87.38% Test OOD1: 93.73% 
Epoch: 426, Loss: 0.2951, Train: 99.82%, Valid: 87.41%, Test In: 87.50% Test OOD1: 93.70% 
Epoch: 427, Loss: 0.3009, Train: 99.76%, Valid: 87.37%, Test In: 87.42% Test OOD1: 93.74% 
Epoch: 428, Loss: 0.2980, Train: 99.70%, Valid: 87.37%, Test In: 87.42% Test OOD1: 93.71% 
Epoch: 429, Loss: 0.3099, Train: 99.68%, Valid: 87.33%, Test In: 87.30% Test OOD1: 93.74% 
Epoch: 430, Loss: 0.2991, Train: 99.70%, Valid: 87.33%, Test In: 87.34% Test OOD1: 93.71% 
Epoch: 431, Loss: 0.3014, Train: 99.68%, Valid: 87.49%, Test In: 87.38% Test OOD1: 93.76% 
Epoch: 432, Loss: 0.2928, Train: 99.74%, Valid: 87.66%, Test In: 87.30% Test OOD1: 93.73% 
Epoch: 433, Loss: 0.2929, Train: 99.72%, Valid: 87.62%, Test In: 87.54% Test OOD1: 93.69% 
Epoch: 434, Loss: 0.3041, Train: 99.74%, Valid: 87.49%, Test In: 87.74% Test OOD1: 93.66% 
Epoch: 435, Loss: 0.3040, Train: 99.76%, Valid: 87.45%, Test In: 87.70% Test OOD1: 93.70% 
Epoch: 436, Loss: 0.3051, Train: 99.76%, Valid: 87.41%, Test In: 87.62% Test OOD1: 93.82% 
Epoch: 437, Loss: 0.2946, Train: 99.80%, Valid: 87.41%, Test In: 87.58% Test OOD1: 93.82% 
Epoch: 438, Loss: 0.2992, Train: 99.80%, Valid: 87.41%, Test In: 87.50% Test OOD1: 93.78% 
Epoch: 439, Loss: 0.3029, Train: 99.84%, Valid: 87.58%, Test In: 87.54% Test OOD1: 93.76% 
Epoch: 440, Loss: 0.2884, Train: 99.80%, Valid: 87.78%, Test In: 87.66% Test OOD1: 93.76% 
Epoch: 441, Loss: 0.3008, Train: 99.82%, Valid: 87.54%, Test In: 87.58% Test OOD1: 93.76% 
Epoch: 442, Loss: 0.2937, Train: 99.84%, Valid: 87.49%, Test In: 87.66% Test OOD1: 93.77% 
Epoch: 443, Loss: 0.2955, Train: 99.82%, Valid: 87.37%, Test In: 87.74% Test OOD1: 93.82% 
Epoch: 444, Loss: 0.2915, Train: 99.82%, Valid: 87.41%, Test In: 87.58% Test OOD1: 93.85% 
Epoch: 445, Loss: 0.2869, Train: 99.82%, Valid: 87.49%, Test In: 87.54% Test OOD1: 93.91% 
Epoch: 446, Loss: 0.2933, Train: 99.80%, Valid: 87.33%, Test In: 87.42% Test OOD1: 93.93% 
Epoch: 447, Loss: 0.2888, Train: 99.78%, Valid: 87.25%, Test In: 87.46% Test OOD1: 93.93% 
Epoch: 448, Loss: 0.2869, Train: 99.78%, Valid: 87.13%, Test In: 87.46% Test OOD1: 93.86% 
Epoch: 449, Loss: 0.2822, Train: 99.74%, Valid: 87.25%, Test In: 87.42% Test OOD1: 93.78% 
Epoch: 450, Loss: 0.2770, Train: 99.76%, Valid: 87.05%, Test In: 87.54% Test OOD1: 93.71% 
Epoch: 451, Loss: 0.3030, Train: 99.84%, Valid: 87.33%, Test In: 87.34% Test OOD1: 93.75% 
Epoch: 452, Loss: 0.2869, Train: 99.82%, Valid: 87.37%, Test In: 87.22% Test OOD1: 93.79% 
Epoch: 453, Loss: 0.2816, Train: 99.84%, Valid: 87.54%, Test In: 87.46% Test OOD1: 93.84% 
Epoch: 454, Loss: 0.2936, Train: 99.86%, Valid: 87.45%, Test In: 87.38% Test OOD1: 93.87% 
Epoch: 455, Loss: 0.2898, Train: 99.78%, Valid: 87.33%, Test In: 87.38% Test OOD1: 93.91% 
Epoch: 456, Loss: 0.2787, Train: 99.78%, Valid: 87.49%, Test In: 87.46% Test OOD1: 93.91% 
Epoch: 457, Loss: 0.2874, Train: 99.76%, Valid: 87.45%, Test In: 87.46% Test OOD1: 93.89% 
Epoch: 458, Loss: 0.3078, Train: 99.78%, Valid: 87.58%, Test In: 87.50% Test OOD1: 93.87% 
Epoch: 459, Loss: 0.2790, Train: 99.84%, Valid: 87.58%, Test In: 87.30% Test OOD1: 93.84% 
Epoch: 460, Loss: 0.2768, Train: 99.86%, Valid: 87.49%, Test In: 87.22% Test OOD1: 93.89% 
Epoch: 461, Loss: 0.2826, Train: 99.86%, Valid: 87.54%, Test In: 87.22% Test OOD1: 93.97% 
Epoch: 462, Loss: 0.2816, Train: 99.88%, Valid: 87.66%, Test In: 87.26% Test OOD1: 93.97% 
Epoch: 463, Loss: 0.2799, Train: 99.88%, Valid: 87.58%, Test In: 87.30% Test OOD1: 93.96% 
Epoch: 464, Loss: 0.2848, Train: 99.86%, Valid: 87.54%, Test In: 87.30% Test OOD1: 93.91% 
Epoch: 465, Loss: 0.2725, Train: 99.84%, Valid: 87.54%, Test In: 87.46% Test OOD1: 93.89% 
Epoch: 466, Loss: 0.2746, Train: 99.82%, Valid: 87.62%, Test In: 87.54% Test OOD1: 93.87% 
Epoch: 467, Loss: 0.2785, Train: 99.86%, Valid: 87.74%, Test In: 87.34% Test OOD1: 93.83% 
Epoch: 468, Loss: 0.2799, Train: 99.90%, Valid: 87.74%, Test In: 87.26% Test OOD1: 93.99% 
Epoch: 469, Loss: 0.2855, Train: 99.90%, Valid: 87.66%, Test In: 87.34% Test OOD1: 94.01% 
Epoch: 470, Loss: 0.2843, Train: 99.86%, Valid: 87.41%, Test In: 87.30% Test OOD1: 94.00% 
Epoch: 471, Loss: 0.2834, Train: 99.86%, Valid: 87.49%, Test In: 87.46% Test OOD1: 94.03% 
Epoch: 472, Loss: 0.2673, Train: 99.84%, Valid: 87.29%, Test In: 87.46% Test OOD1: 94.00% 
Epoch: 473, Loss: 0.2753, Train: 99.84%, Valid: 87.29%, Test In: 87.30% Test OOD1: 93.96% 
Epoch: 474, Loss: 0.2879, Train: 99.86%, Valid: 87.49%, Test In: 87.10% Test OOD1: 93.89% 
Epoch: 475, Loss: 0.2728, Train: 99.88%, Valid: 87.45%, Test In: 87.30% Test OOD1: 93.88% 
Epoch: 476, Loss: 0.2781, Train: 99.84%, Valid: 87.54%, Test In: 87.34% Test OOD1: 93.85% 
Epoch: 477, Loss: 0.2780, Train: 99.84%, Valid: 87.58%, Test In: 87.42% Test OOD1: 93.85% 
Epoch: 478, Loss: 0.2797, Train: 99.84%, Valid: 87.29%, Test In: 87.42% Test OOD1: 93.90% 
Epoch: 479, Loss: 0.2679, Train: 99.82%, Valid: 87.45%, Test In: 87.54% Test OOD1: 93.91% 
Epoch: 480, Loss: 0.2807, Train: 99.78%, Valid: 87.54%, Test In: 87.74% Test OOD1: 93.88% 
Epoch: 481, Loss: 0.2879, Train: 99.80%, Valid: 87.45%, Test In: 87.78% Test OOD1: 93.88% 
Epoch: 482, Loss: 0.2759, Train: 99.86%, Valid: 87.45%, Test In: 87.50% Test OOD1: 93.82% 
Epoch: 483, Loss: 0.2785, Train: 99.86%, Valid: 87.58%, Test In: 87.42% Test OOD1: 93.83% 
Epoch: 484, Loss: 0.2800, Train: 99.88%, Valid: 87.54%, Test In: 87.34% Test OOD1: 93.82% 
Epoch: 485, Loss: 0.2733, Train: 99.90%, Valid: 87.49%, Test In: 87.30% Test OOD1: 93.91% 
Epoch: 486, Loss: 0.2616, Train: 99.86%, Valid: 87.58%, Test In: 87.42% Test OOD1: 93.98% 
Epoch: 487, Loss: 0.2647, Train: 99.86%, Valid: 87.58%, Test In: 87.38% Test OOD1: 93.98% 
Epoch: 488, Loss: 0.2828, Train: 99.88%, Valid: 87.62%, Test In: 87.46% Test OOD1: 93.99% 
Epoch: 489, Loss: 0.2717, Train: 99.82%, Valid: 87.62%, Test In: 87.46% Test OOD1: 93.95% 
Epoch: 490, Loss: 0.2666, Train: 99.88%, Valid: 87.54%, Test In: 87.54% Test OOD1: 93.95% 
Epoch: 491, Loss: 0.2762, Train: 99.88%, Valid: 87.58%, Test In: 87.54% Test OOD1: 94.00% 
Epoch: 492, Loss: 0.2507, Train: 99.90%, Valid: 87.82%, Test In: 87.58% Test OOD1: 94.05% 
Epoch: 493, Loss: 0.2790, Train: 99.90%, Valid: 87.58%, Test In: 87.54% Test OOD1: 94.06% 
Epoch: 494, Loss: 0.2692, Train: 99.90%, Valid: 87.74%, Test In: 87.70% Test OOD1: 94.07% 
Epoch: 495, Loss: 0.2710, Train: 99.90%, Valid: 87.82%, Test In: 87.54% Test OOD1: 94.00% 
Epoch: 496, Loss: 0.2775, Train: 99.88%, Valid: 87.86%, Test In: 87.58% Test OOD1: 94.06% 
Epoch: 497, Loss: 0.2744, Train: 99.84%, Valid: 87.98%, Test In: 87.58% Test OOD1: 94.03% 
Epoch: 498, Loss: 0.2774, Train: 99.84%, Valid: 87.70%, Test In: 87.58% Test OOD1: 94.06% 
Epoch: 499, Loss: 0.2562, Train: 99.82%, Valid: 87.70%, Test In: 87.54% Test OOD1: 94.04% 
Run 01:
Highest Train: 99.90
Highest Valid: 87.98
Highest In Test: 87.78
Highest OOD Test: 94.07
Chosen epoch: 498
Final Train: 99.84
Final In Test: 87.58
Final OOD Test: 94.03
Epoch: 00, Loss: 8.0859, Train: 21.10%, Valid: 20.76%, Test In: 21.31% Test OOD1: 21.07% 
Epoch: 01, Loss: 8.0219, Train: 21.10%, Valid: 20.76%, Test In: 21.31% Test OOD1: 22.68% 
Epoch: 02, Loss: 7.9315, Train: 21.30%, Valid: 21.16%, Test In: 21.59% Test OOD1: 26.64% 
Epoch: 03, Loss: 7.8118, Train: 28.80%, Valid: 27.41%, Test In: 28.49% Test OOD1: 29.87% 
Epoch: 04, Loss: 7.6648, Train: 31.02%, Valid: 29.26%, Test In: 30.81% Test OOD1: 36.48% 
Epoch: 05, Loss: 7.5097, Train: 35.05%, Valid: 32.26%, Test In: 34.46% Test OOD1: 43.14% 
Epoch: 06, Loss: 7.3481, Train: 44.93%, Valid: 42.36%, Test In: 43.71% Test OOD1: 54.36% 
Epoch: 07, Loss: 7.1367, Train: 58.36%, Valid: 56.67%, Test In: 57.21% Test OOD1: 62.66% 
Epoch: 08, Loss: 6.9119, Train: 66.59%, Valid: 64.05%, Test In: 65.06% Test OOD1: 67.17% 
Epoch: 09, Loss: 6.6316, Train: 71.70%, Valid: 69.46%, Test In: 70.87% Test OOD1: 68.34% 
Epoch: 10, Loss: 6.3566, Train: 74.41%, Valid: 72.34%, Test In: 73.92% Test OOD1: 68.94% 
Epoch: 11, Loss: 6.0474, Train: 76.77%, Valid: 74.67%, Test In: 75.84% Test OOD1: 69.11% 
Epoch: 12, Loss: 5.6914, Train: 77.98%, Valid: 76.31%, Test In: 77.28% Test OOD1: 68.59% 
Epoch: 13, Loss: 5.4123, Train: 78.92%, Valid: 76.99%, Test In: 77.92% Test OOD1: 67.26% 
Epoch: 14, Loss: 5.0526, Train: 79.50%, Valid: 78.16%, Test In: 78.65% Test OOD1: 66.03% 
Epoch: 15, Loss: 4.7548, Train: 80.10%, Valid: 78.08%, Test In: 79.81% Test OOD1: 65.88% 
Epoch: 16, Loss: 4.4540, Train: 80.50%, Valid: 78.60%, Test In: 80.05% Test OOD1: 66.84% 
Epoch: 17, Loss: 4.2245, Train: 80.32%, Valid: 78.72%, Test In: 80.09% Test OOD1: 66.82% 
Epoch: 18, Loss: 4.0161, Train: 80.74%, Valid: 78.72%, Test In: 80.29% Test OOD1: 66.97% 
Epoch: 19, Loss: 3.8344, Train: 80.90%, Valid: 78.80%, Test In: 80.45% Test OOD1: 67.11% 
Epoch: 20, Loss: 3.7067, Train: 81.12%, Valid: 79.12%, Test In: 80.37% Test OOD1: 67.56% 
Epoch: 21, Loss: 3.5073, Train: 81.30%, Valid: 78.96%, Test In: 80.25% Test OOD1: 67.88% 
Epoch: 22, Loss: 3.3764, Train: 81.54%, Valid: 79.04%, Test In: 80.73% Test OOD1: 67.92% 
Epoch: 23, Loss: 3.2735, Train: 81.82%, Valid: 79.60%, Test In: 81.05% Test OOD1: 68.54% 
Epoch: 24, Loss: 3.1578, Train: 82.18%, Valid: 80.12%, Test In: 81.37% Test OOD1: 68.99% 
Epoch: 25, Loss: 3.0861, Train: 82.73%, Valid: 80.72%, Test In: 81.45% Test OOD1: 69.16% 
Epoch: 26, Loss: 3.0387, Train: 83.43%, Valid: 81.36%, Test In: 81.65% Test OOD1: 68.84% 
Epoch: 27, Loss: 2.9436, Train: 83.93%, Valid: 81.32%, Test In: 81.85% Test OOD1: 68.97% 
Epoch: 28, Loss: 2.8405, Train: 84.31%, Valid: 81.24%, Test In: 82.09% Test OOD1: 69.37% 
Epoch: 29, Loss: 2.8257, Train: 84.49%, Valid: 81.04%, Test In: 82.05% Test OOD1: 69.98% 
Epoch: 30, Loss: 2.7722, Train: 84.65%, Valid: 81.04%, Test In: 82.41% Test OOD1: 70.45% 
Epoch: 31, Loss: 2.6887, Train: 84.95%, Valid: 81.44%, Test In: 82.61% Test OOD1: 71.06% 
Epoch: 32, Loss: 2.6015, Train: 85.51%, Valid: 81.68%, Test In: 82.85% Test OOD1: 71.39% 
Epoch: 33, Loss: 2.5491, Train: 85.83%, Valid: 81.96%, Test In: 83.29% Test OOD1: 71.73% 
Epoch: 34, Loss: 2.4762, Train: 86.09%, Valid: 81.76%, Test In: 83.37% Test OOD1: 72.28% 
Epoch: 35, Loss: 2.4467, Train: 86.31%, Valid: 81.80%, Test In: 83.45% Test OOD1: 73.00% 
Epoch: 36, Loss: 2.3913, Train: 86.47%, Valid: 82.00%, Test In: 83.73% Test OOD1: 73.92% 
Epoch: 37, Loss: 2.3334, Train: 86.71%, Valid: 81.96%, Test In: 83.77% Test OOD1: 74.62% 
Epoch: 38, Loss: 2.3040, Train: 87.35%, Valid: 82.28%, Test In: 83.97% Test OOD1: 75.09% 
Epoch: 39, Loss: 2.2226, Train: 87.64%, Valid: 82.69%, Test In: 84.33% Test OOD1: 75.39% 
Epoch: 40, Loss: 2.1763, Train: 87.82%, Valid: 82.65%, Test In: 84.66% Test OOD1: 75.71% 
Epoch: 41, Loss: 2.1549, Train: 88.10%, Valid: 82.61%, Test In: 84.66% Test OOD1: 76.07% 
Epoch: 42, Loss: 2.1026, Train: 88.20%, Valid: 82.61%, Test In: 84.46% Test OOD1: 76.50% 
Epoch: 43, Loss: 2.0788, Train: 88.46%, Valid: 82.77%, Test In: 84.25% Test OOD1: 77.00% 
Epoch: 44, Loss: 2.0423, Train: 88.84%, Valid: 83.09%, Test In: 84.50% Test OOD1: 77.48% 
Epoch: 45, Loss: 1.9697, Train: 89.16%, Valid: 83.41%, Test In: 84.50% Test OOD1: 78.09% 
Epoch: 46, Loss: 1.9393, Train: 89.40%, Valid: 83.49%, Test In: 84.38% Test OOD1: 78.29% 
Epoch: 47, Loss: 1.8883, Train: 89.54%, Valid: 83.45%, Test In: 84.42% Test OOD1: 78.63% 
Epoch: 48, Loss: 1.8485, Train: 89.56%, Valid: 83.53%, Test In: 84.54% Test OOD1: 78.76% 
Epoch: 49, Loss: 1.8477, Train: 90.00%, Valid: 83.69%, Test In: 84.74% Test OOD1: 78.95% 
Epoch: 50, Loss: 1.7784, Train: 90.32%, Valid: 83.81%, Test In: 84.58% Test OOD1: 79.50% 
Epoch: 51, Loss: 1.7511, Train: 90.40%, Valid: 83.85%, Test In: 84.54% Test OOD1: 80.19% 
Epoch: 52, Loss: 1.7292, Train: 90.40%, Valid: 83.89%, Test In: 84.66% Test OOD1: 80.70% 
Epoch: 53, Loss: 1.6722, Train: 90.86%, Valid: 83.89%, Test In: 84.70% Test OOD1: 80.76% 
Epoch: 54, Loss: 1.6628, Train: 91.10%, Valid: 84.01%, Test In: 84.94% Test OOD1: 80.65% 
Epoch: 55, Loss: 1.6353, Train: 91.24%, Valid: 84.09%, Test In: 85.14% Test OOD1: 80.79% 
Epoch: 56, Loss: 1.5820, Train: 91.30%, Valid: 84.37%, Test In: 85.14% Test OOD1: 81.10% 
Epoch: 57, Loss: 1.5723, Train: 91.62%, Valid: 84.21%, Test In: 85.06% Test OOD1: 81.56% 
Epoch: 58, Loss: 1.5436, Train: 91.72%, Valid: 84.25%, Test In: 85.06% Test OOD1: 82.03% 
Epoch: 59, Loss: 1.5098, Train: 91.86%, Valid: 84.29%, Test In: 85.14% Test OOD1: 82.33% 
Epoch: 60, Loss: 1.5059, Train: 91.98%, Valid: 84.29%, Test In: 85.22% Test OOD1: 82.51% 
Epoch: 61, Loss: 1.4674, Train: 92.12%, Valid: 84.65%, Test In: 85.42% Test OOD1: 82.78% 
Epoch: 62, Loss: 1.4373, Train: 92.28%, Valid: 84.65%, Test In: 85.58% Test OOD1: 83.01% 
Epoch: 63, Loss: 1.4243, Train: 92.63%, Valid: 84.77%, Test In: 85.54% Test OOD1: 83.40% 
Epoch: 64, Loss: 1.3928, Train: 92.93%, Valid: 84.61%, Test In: 85.10% Test OOD1: 83.80% 
Epoch: 65, Loss: 1.3690, Train: 93.01%, Valid: 84.45%, Test In: 85.18% Test OOD1: 83.98% 
Epoch: 66, Loss: 1.3176, Train: 93.19%, Valid: 84.65%, Test In: 85.46% Test OOD1: 84.04% 
Epoch: 67, Loss: 1.3474, Train: 93.09%, Valid: 84.81%, Test In: 85.54% Test OOD1: 83.87% 
Epoch: 68, Loss: 1.3282, Train: 93.23%, Valid: 85.09%, Test In: 85.54% Test OOD1: 83.96% 
Epoch: 69, Loss: 1.2995, Train: 93.65%, Valid: 84.73%, Test In: 85.50% Test OOD1: 84.17% 
Epoch: 70, Loss: 1.2826, Train: 93.85%, Valid: 84.93%, Test In: 85.46% Test OOD1: 84.69% 
Epoch: 71, Loss: 1.2453, Train: 93.69%, Valid: 84.97%, Test In: 85.78% Test OOD1: 84.91% 
Epoch: 72, Loss: 1.2599, Train: 93.73%, Valid: 84.97%, Test In: 85.70% Test OOD1: 85.06% 
Epoch: 73, Loss: 1.2196, Train: 93.97%, Valid: 85.21%, Test In: 85.86% Test OOD1: 85.18% 
Epoch: 74, Loss: 1.2120, Train: 94.19%, Valid: 85.21%, Test In: 85.98% Test OOD1: 85.44% 
Epoch: 75, Loss: 1.1894, Train: 94.25%, Valid: 85.41%, Test In: 85.94% Test OOD1: 85.64% 
Epoch: 76, Loss: 1.1798, Train: 94.25%, Valid: 85.37%, Test In: 86.10% Test OOD1: 85.94% 
Epoch: 77, Loss: 1.1760, Train: 94.49%, Valid: 85.53%, Test In: 86.34% Test OOD1: 86.15% 
Epoch: 78, Loss: 1.1449, Train: 94.69%, Valid: 85.41%, Test In: 86.50% Test OOD1: 86.28% 
Epoch: 79, Loss: 1.1343, Train: 94.71%, Valid: 85.29%, Test In: 86.46% Test OOD1: 86.38% 
Epoch: 80, Loss: 1.1268, Train: 94.69%, Valid: 85.25%, Test In: 86.26% Test OOD1: 86.43% 
Epoch: 81, Loss: 1.1088, Train: 94.79%, Valid: 85.25%, Test In: 86.30% Test OOD1: 86.44% 
Epoch: 82, Loss: 1.1047, Train: 94.95%, Valid: 85.49%, Test In: 86.34% Test OOD1: 86.61% 
Epoch: 83, Loss: 1.0944, Train: 95.11%, Valid: 85.61%, Test In: 86.14% Test OOD1: 86.90% 
Epoch: 84, Loss: 1.0763, Train: 95.23%, Valid: 85.25%, Test In: 86.22% Test OOD1: 87.03% 
Epoch: 85, Loss: 1.0612, Train: 95.19%, Valid: 85.25%, Test In: 86.34% Test OOD1: 87.11% 
Epoch: 86, Loss: 1.0453, Train: 95.25%, Valid: 85.37%, Test In: 86.54% Test OOD1: 87.23% 
Epoch: 87, Loss: 1.0570, Train: 94.97%, Valid: 85.77%, Test In: 86.46% Test OOD1: 87.24% 
Epoch: 88, Loss: 1.0290, Train: 95.15%, Valid: 85.93%, Test In: 86.54% Test OOD1: 87.34% 
Epoch: 89, Loss: 1.0245, Train: 95.45%, Valid: 85.41%, Test In: 86.42% Test OOD1: 87.40% 
Epoch: 90, Loss: 0.9962, Train: 95.59%, Valid: 85.45%, Test In: 86.46% Test OOD1: 87.52% 
Epoch: 91, Loss: 1.0098, Train: 95.53%, Valid: 85.41%, Test In: 86.54% Test OOD1: 87.63% 
Epoch: 92, Loss: 0.9872, Train: 95.43%, Valid: 85.61%, Test In: 86.66% Test OOD1: 87.81% 
Epoch: 93, Loss: 0.9819, Train: 95.53%, Valid: 85.53%, Test In: 86.74% Test OOD1: 87.89% 
Epoch: 94, Loss: 0.9978, Train: 95.81%, Valid: 85.85%, Test In: 86.94% Test OOD1: 88.00% 
Epoch: 95, Loss: 0.9494, Train: 96.01%, Valid: 85.49%, Test In: 86.66% Test OOD1: 88.14% 
Epoch: 96, Loss: 0.9597, Train: 96.13%, Valid: 85.73%, Test In: 86.46% Test OOD1: 88.21% 
Epoch: 97, Loss: 0.9273, Train: 96.05%, Valid: 85.89%, Test In: 86.70% Test OOD1: 88.43% 
Epoch: 98, Loss: 0.9242, Train: 95.87%, Valid: 86.13%, Test In: 87.02% Test OOD1: 88.41% 
Epoch: 99, Loss: 0.9125, Train: 96.03%, Valid: 86.09%, Test In: 87.02% Test OOD1: 88.40% 
Epoch: 100, Loss: 0.8977, Train: 96.25%, Valid: 85.89%, Test In: 86.98% Test OOD1: 88.55% 
Epoch: 101, Loss: 0.8961, Train: 96.33%, Valid: 85.73%, Test In: 86.74% Test OOD1: 88.68% 
Epoch: 102, Loss: 0.9185, Train: 96.17%, Valid: 85.81%, Test In: 86.66% Test OOD1: 88.83% 
Epoch: 103, Loss: 0.8943, Train: 96.33%, Valid: 86.13%, Test In: 86.82% Test OOD1: 88.94% 
Epoch: 104, Loss: 0.8779, Train: 96.43%, Valid: 86.13%, Test In: 86.90% Test OOD1: 88.89% 
Epoch: 105, Loss: 0.8730, Train: 96.35%, Valid: 85.89%, Test In: 87.02% Test OOD1: 88.87% 
Epoch: 106, Loss: 0.8710, Train: 96.55%, Valid: 85.93%, Test In: 86.74% Test OOD1: 88.89% 
Epoch: 107, Loss: 0.8647, Train: 96.65%, Valid: 86.01%, Test In: 86.50% Test OOD1: 89.14% 
Epoch: 108, Loss: 0.8663, Train: 96.57%, Valid: 85.93%, Test In: 86.66% Test OOD1: 89.27% 
Epoch: 109, Loss: 0.8512, Train: 96.55%, Valid: 85.73%, Test In: 86.90% Test OOD1: 89.30% 
Epoch: 110, Loss: 0.8419, Train: 96.53%, Valid: 85.85%, Test In: 87.14% Test OOD1: 89.25% 
Epoch: 111, Loss: 0.8441, Train: 96.61%, Valid: 85.93%, Test In: 87.22% Test OOD1: 89.11% 
Epoch: 112, Loss: 0.8289, Train: 96.79%, Valid: 86.17%, Test In: 86.70% Test OOD1: 89.22% 
Epoch: 113, Loss: 0.8302, Train: 96.81%, Valid: 86.05%, Test In: 86.62% Test OOD1: 89.47% 
Epoch: 114, Loss: 0.8274, Train: 96.85%, Valid: 85.89%, Test In: 86.58% Test OOD1: 89.65% 
Epoch: 115, Loss: 0.8256, Train: 96.91%, Valid: 86.01%, Test In: 86.98% Test OOD1: 89.77% 
Epoch: 116, Loss: 0.8047, Train: 96.99%, Valid: 85.85%, Test In: 87.14% Test OOD1: 89.73% 
Epoch: 117, Loss: 0.8161, Train: 96.99%, Valid: 85.81%, Test In: 86.98% Test OOD1: 89.76% 
Epoch: 118, Loss: 0.7902, Train: 96.93%, Valid: 86.05%, Test In: 86.78% Test OOD1: 89.71% 
Epoch: 119, Loss: 0.7954, Train: 96.93%, Valid: 85.93%, Test In: 86.86% Test OOD1: 89.74% 
Epoch: 120, Loss: 0.8045, Train: 96.95%, Valid: 85.77%, Test In: 86.94% Test OOD1: 89.89% 
Epoch: 121, Loss: 0.7945, Train: 96.99%, Valid: 85.77%, Test In: 87.30% Test OOD1: 89.98% 
Epoch: 122, Loss: 0.7839, Train: 97.25%, Valid: 85.77%, Test In: 87.14% Test OOD1: 89.98% 
Epoch: 123, Loss: 0.7677, Train: 97.39%, Valid: 85.73%, Test In: 86.82% Test OOD1: 89.99% 
Epoch: 124, Loss: 0.7588, Train: 97.35%, Valid: 85.97%, Test In: 87.26% Test OOD1: 90.11% 
Epoch: 125, Loss: 0.7576, Train: 97.05%, Valid: 85.81%, Test In: 86.94% Test OOD1: 90.20% 
Epoch: 126, Loss: 0.7519, Train: 97.01%, Valid: 85.81%, Test In: 87.02% Test OOD1: 90.22% 
Epoch: 127, Loss: 0.7451, Train: 97.33%, Valid: 85.65%, Test In: 87.14% Test OOD1: 90.16% 
Epoch: 128, Loss: 0.7414, Train: 97.43%, Valid: 85.77%, Test In: 87.06% Test OOD1: 90.10% 
Epoch: 129, Loss: 0.7509, Train: 97.35%, Valid: 85.81%, Test In: 87.02% Test OOD1: 90.19% 
Epoch: 130, Loss: 0.7448, Train: 97.43%, Valid: 85.89%, Test In: 86.94% Test OOD1: 90.23% 
Epoch: 131, Loss: 0.7262, Train: 97.39%, Valid: 85.93%, Test In: 86.94% Test OOD1: 90.30% 
Epoch: 132, Loss: 0.7250, Train: 97.54%, Valid: 85.77%, Test In: 87.10% Test OOD1: 90.36% 
Epoch: 133, Loss: 0.7069, Train: 97.78%, Valid: 85.73%, Test In: 86.90% Test OOD1: 90.39% 
Epoch: 134, Loss: 0.7222, Train: 97.68%, Valid: 85.69%, Test In: 86.82% Test OOD1: 90.39% 
Epoch: 135, Loss: 0.7142, Train: 97.68%, Valid: 85.53%, Test In: 86.62% Test OOD1: 90.34% 
Epoch: 136, Loss: 0.7131, Train: 97.58%, Valid: 85.77%, Test In: 86.82% Test OOD1: 90.39% 
Epoch: 137, Loss: 0.7221, Train: 97.64%, Valid: 85.77%, Test In: 86.66% Test OOD1: 90.50% 
Epoch: 138, Loss: 0.7111, Train: 97.84%, Valid: 85.77%, Test In: 86.50% Test OOD1: 90.52% 
Epoch: 139, Loss: 0.6918, Train: 97.74%, Valid: 85.93%, Test In: 86.54% Test OOD1: 90.46% 
Epoch: 140, Loss: 0.6987, Train: 97.74%, Valid: 85.77%, Test In: 86.70% Test OOD1: 90.50% 
Epoch: 141, Loss: 0.7055, Train: 97.66%, Valid: 85.77%, Test In: 86.78% Test OOD1: 90.37% 
Epoch: 142, Loss: 0.6901, Train: 97.76%, Valid: 85.81%, Test In: 86.62% Test OOD1: 90.37% 
Epoch: 143, Loss: 0.7102, Train: 97.84%, Valid: 85.81%, Test In: 86.46% Test OOD1: 90.67% 
Epoch: 144, Loss: 0.6919, Train: 97.84%, Valid: 85.89%, Test In: 86.54% Test OOD1: 90.67% 
Epoch: 145, Loss: 0.6787, Train: 97.80%, Valid: 85.89%, Test In: 86.86% Test OOD1: 90.63% 
Epoch: 146, Loss: 0.6833, Train: 97.66%, Valid: 85.85%, Test In: 86.82% Test OOD1: 90.43% 
Epoch: 147, Loss: 0.6892, Train: 97.84%, Valid: 85.93%, Test In: 86.74% Test OOD1: 90.50% 
Epoch: 148, Loss: 0.6514, Train: 97.98%, Valid: 85.69%, Test In: 86.62% Test OOD1: 90.52% 
Epoch: 149, Loss: 0.6759, Train: 97.98%, Valid: 85.89%, Test In: 86.38% Test OOD1: 90.53% 
Epoch: 150, Loss: 0.6579, Train: 97.92%, Valid: 85.77%, Test In: 86.66% Test OOD1: 90.56% 
Epoch: 151, Loss: 0.6397, Train: 97.88%, Valid: 85.65%, Test In: 86.86% Test OOD1: 90.43% 
Epoch: 152, Loss: 0.6667, Train: 98.06%, Valid: 85.65%, Test In: 86.78% Test OOD1: 90.41% 
Epoch: 153, Loss: 0.6559, Train: 98.06%, Valid: 85.85%, Test In: 86.70% Test OOD1: 90.45% 
Epoch: 154, Loss: 0.6419, Train: 98.24%, Valid: 85.97%, Test In: 86.70% Test OOD1: 90.71% 
Epoch: 155, Loss: 0.6287, Train: 98.22%, Valid: 86.05%, Test In: 86.70% Test OOD1: 90.84% 
Epoch: 156, Loss: 0.6388, Train: 97.92%, Valid: 85.97%, Test In: 86.74% Test OOD1: 90.73% 
Epoch: 157, Loss: 0.6383, Train: 98.12%, Valid: 85.69%, Test In: 86.78% Test OOD1: 90.63% 
Epoch: 158, Loss: 0.6596, Train: 98.28%, Valid: 85.65%, Test In: 86.62% Test OOD1: 90.60% 
Epoch: 159, Loss: 0.6277, Train: 98.30%, Valid: 85.69%, Test In: 86.54% Test OOD1: 90.65% 
Epoch: 160, Loss: 0.6392, Train: 98.26%, Valid: 85.49%, Test In: 86.58% Test OOD1: 90.71% 
Epoch: 161, Loss: 0.6375, Train: 98.32%, Valid: 85.65%, Test In: 86.82% Test OOD1: 90.80% 
Epoch: 162, Loss: 0.6304, Train: 98.26%, Valid: 85.57%, Test In: 86.94% Test OOD1: 90.80% 
Epoch: 163, Loss: 0.6327, Train: 98.40%, Valid: 85.61%, Test In: 86.90% Test OOD1: 90.77% 
Epoch: 164, Loss: 0.6105, Train: 98.40%, Valid: 85.49%, Test In: 86.58% Test OOD1: 90.74% 
Epoch: 165, Loss: 0.6069, Train: 98.36%, Valid: 85.41%, Test In: 86.54% Test OOD1: 90.72% 
Epoch: 166, Loss: 0.6103, Train: 98.38%, Valid: 85.45%, Test In: 86.50% Test OOD1: 90.75% 
Epoch: 167, Loss: 0.6125, Train: 98.38%, Valid: 85.65%, Test In: 86.82% Test OOD1: 90.81% 
Epoch: 168, Loss: 0.6005, Train: 98.28%, Valid: 85.89%, Test In: 86.94% Test OOD1: 90.90% 
Epoch: 169, Loss: 0.6257, Train: 98.34%, Valid: 85.57%, Test In: 86.94% Test OOD1: 90.90% 
Epoch: 170, Loss: 0.5997, Train: 98.30%, Valid: 85.69%, Test In: 86.86% Test OOD1: 90.96% 
Epoch: 171, Loss: 0.6000, Train: 98.32%, Valid: 85.77%, Test In: 86.62% Test OOD1: 90.89% 
Epoch: 172, Loss: 0.6165, Train: 98.24%, Valid: 85.69%, Test In: 86.66% Test OOD1: 90.89% 
Epoch: 173, Loss: 0.5975, Train: 98.30%, Valid: 85.65%, Test In: 86.82% Test OOD1: 90.91% 
Epoch: 174, Loss: 0.5919, Train: 98.38%, Valid: 85.85%, Test In: 86.82% Test OOD1: 91.00% 
Epoch: 175, Loss: 0.5933, Train: 98.42%, Valid: 85.97%, Test In: 86.74% Test OOD1: 91.10% 
Epoch: 176, Loss: 0.6044, Train: 98.38%, Valid: 85.89%, Test In: 86.62% Test OOD1: 91.17% 
Epoch: 177, Loss: 0.5879, Train: 98.34%, Valid: 85.81%, Test In: 86.58% Test OOD1: 91.23% 
Epoch: 178, Loss: 0.5768, Train: 98.38%, Valid: 85.69%, Test In: 86.74% Test OOD1: 91.21% 
Epoch: 179, Loss: 0.5768, Train: 98.48%, Valid: 85.33%, Test In: 86.54% Test OOD1: 91.17% 
Epoch: 180, Loss: 0.5706, Train: 98.42%, Valid: 85.37%, Test In: 86.62% Test OOD1: 91.15% 
Epoch: 181, Loss: 0.5717, Train: 98.52%, Valid: 85.57%, Test In: 86.86% Test OOD1: 91.26% 
Epoch: 182, Loss: 0.5670, Train: 98.36%, Valid: 85.89%, Test In: 86.74% Test OOD1: 91.45% 
Epoch: 183, Loss: 0.6068, Train: 98.14%, Valid: 86.05%, Test In: 86.66% Test OOD1: 91.47% 
Epoch: 184, Loss: 0.5761, Train: 98.36%, Valid: 85.97%, Test In: 86.54% Test OOD1: 91.47% 
Epoch: 185, Loss: 0.5675, Train: 98.52%, Valid: 85.89%, Test In: 86.50% Test OOD1: 91.33% 
Epoch: 186, Loss: 0.5798, Train: 98.34%, Valid: 85.93%, Test In: 86.66% Test OOD1: 91.30% 
Epoch: 187, Loss: 0.5744, Train: 98.56%, Valid: 85.69%, Test In: 86.66% Test OOD1: 91.40% 
Epoch: 188, Loss: 0.5709, Train: 98.58%, Valid: 85.93%, Test In: 86.82% Test OOD1: 91.39% 
Epoch: 189, Loss: 0.5536, Train: 98.44%, Valid: 85.97%, Test In: 86.70% Test OOD1: 91.42% 
Epoch: 190, Loss: 0.5614, Train: 98.46%, Valid: 85.93%, Test In: 86.54% Test OOD1: 91.37% 
Epoch: 191, Loss: 0.5696, Train: 98.48%, Valid: 85.61%, Test In: 86.58% Test OOD1: 91.47% 
Epoch: 192, Loss: 0.5485, Train: 98.56%, Valid: 85.57%, Test In: 86.58% Test OOD1: 91.48% 
Epoch: 193, Loss: 0.5460, Train: 98.60%, Valid: 85.73%, Test In: 86.74% Test OOD1: 91.43% 
Epoch: 194, Loss: 0.5495, Train: 98.66%, Valid: 85.85%, Test In: 86.90% Test OOD1: 91.39% 
Epoch: 195, Loss: 0.5625, Train: 98.58%, Valid: 85.65%, Test In: 86.74% Test OOD1: 91.36% 
Epoch: 196, Loss: 0.5370, Train: 98.66%, Valid: 85.73%, Test In: 86.58% Test OOD1: 91.36% 
Epoch: 197, Loss: 0.5402, Train: 98.58%, Valid: 85.29%, Test In: 86.50% Test OOD1: 91.42% 
Epoch: 198, Loss: 0.5388, Train: 98.72%, Valid: 85.37%, Test In: 86.46% Test OOD1: 91.41% 
Epoch: 199, Loss: 0.5441, Train: 98.86%, Valid: 85.49%, Test In: 86.70% Test OOD1: 91.49% 
Epoch: 200, Loss: 0.5523, Train: 98.92%, Valid: 85.61%, Test In: 87.02% Test OOD1: 91.53% 
Epoch: 201, Loss: 0.5359, Train: 98.86%, Valid: 85.81%, Test In: 86.86% Test OOD1: 91.69% 
Epoch: 202, Loss: 0.5365, Train: 98.78%, Valid: 85.85%, Test In: 86.82% Test OOD1: 91.68% 
Epoch: 203, Loss: 0.5330, Train: 98.82%, Valid: 85.73%, Test In: 86.54% Test OOD1: 91.67% 
Epoch: 204, Loss: 0.5260, Train: 98.78%, Valid: 85.73%, Test In: 86.46% Test OOD1: 91.56% 
Epoch: 205, Loss: 0.5183, Train: 98.88%, Valid: 85.61%, Test In: 86.34% Test OOD1: 91.63% 
Epoch: 206, Loss: 0.5377, Train: 98.90%, Valid: 85.73%, Test In: 86.38% Test OOD1: 91.69% 
Epoch: 207, Loss: 0.5255, Train: 98.82%, Valid: 85.69%, Test In: 86.66% Test OOD1: 91.75% 
Epoch: 208, Loss: 0.5286, Train: 98.74%, Valid: 85.73%, Test In: 86.82% Test OOD1: 91.70% 
Epoch: 209, Loss: 0.5132, Train: 98.84%, Valid: 85.65%, Test In: 86.66% Test OOD1: 91.58% 
Epoch: 210, Loss: 0.5242, Train: 98.76%, Valid: 85.65%, Test In: 86.46% Test OOD1: 91.59% 
Epoch: 211, Loss: 0.5223, Train: 98.72%, Valid: 85.57%, Test In: 86.38% Test OOD1: 91.63% 
Epoch: 212, Loss: 0.5117, Train: 98.76%, Valid: 85.53%, Test In: 86.38% Test OOD1: 91.61% 
Epoch: 213, Loss: 0.5384, Train: 98.74%, Valid: 85.65%, Test In: 86.34% Test OOD1: 91.72% 
Epoch: 214, Loss: 0.5118, Train: 98.80%, Valid: 85.77%, Test In: 86.42% Test OOD1: 91.69% 
Epoch: 215, Loss: 0.5026, Train: 98.88%, Valid: 85.85%, Test In: 86.34% Test OOD1: 91.74% 
Epoch: 216, Loss: 0.5062, Train: 98.96%, Valid: 85.41%, Test In: 86.38% Test OOD1: 91.70% 
Epoch: 217, Loss: 0.4933, Train: 98.98%, Valid: 85.49%, Test In: 86.50% Test OOD1: 91.72% 
Epoch: 218, Loss: 0.5138, Train: 98.94%, Valid: 85.77%, Test In: 86.50% Test OOD1: 91.66% 
Epoch: 219, Loss: 0.5040, Train: 98.92%, Valid: 85.65%, Test In: 86.42% Test OOD1: 91.67% 
Epoch: 220, Loss: 0.4960, Train: 98.84%, Valid: 85.69%, Test In: 86.38% Test OOD1: 91.73% 
Epoch: 221, Loss: 0.5045, Train: 98.92%, Valid: 85.53%, Test In: 86.46% Test OOD1: 91.83% 
Epoch: 222, Loss: 0.5185, Train: 98.80%, Valid: 85.49%, Test In: 86.42% Test OOD1: 91.69% 
Epoch: 223, Loss: 0.4905, Train: 98.90%, Valid: 85.65%, Test In: 86.42% Test OOD1: 91.66% 
Epoch: 224, Loss: 0.5014, Train: 98.74%, Valid: 85.65%, Test In: 86.26% Test OOD1: 91.66% 
Epoch: 225, Loss: 0.5061, Train: 98.68%, Valid: 85.93%, Test In: 86.30% Test OOD1: 91.70% 
Epoch: 226, Loss: 0.4956, Train: 98.72%, Valid: 86.09%, Test In: 86.54% Test OOD1: 91.87% 
Epoch: 227, Loss: 0.5071, Train: 98.88%, Valid: 86.05%, Test In: 86.42% Test OOD1: 91.91% 
Epoch: 228, Loss: 0.5050, Train: 98.96%, Valid: 85.81%, Test In: 86.26% Test OOD1: 91.88% 
Epoch: 229, Loss: 0.4947, Train: 98.94%, Valid: 85.69%, Test In: 86.38% Test OOD1: 91.84% 
Epoch: 230, Loss: 0.4965, Train: 98.90%, Valid: 85.73%, Test In: 86.30% Test OOD1: 91.94% 
Epoch: 231, Loss: 0.4959, Train: 98.96%, Valid: 85.37%, Test In: 86.26% Test OOD1: 92.00% 
Epoch: 232, Loss: 0.4985, Train: 98.96%, Valid: 85.65%, Test In: 86.22% Test OOD1: 92.04% 
Epoch: 233, Loss: 0.4891, Train: 98.98%, Valid: 85.89%, Test In: 86.18% Test OOD1: 92.04% 
Epoch: 234, Loss: 0.4737, Train: 99.08%, Valid: 85.61%, Test In: 86.42% Test OOD1: 92.09% 
Epoch: 235, Loss: 0.4870, Train: 98.96%, Valid: 85.73%, Test In: 86.34% Test OOD1: 92.02% 
Epoch: 236, Loss: 0.4641, Train: 99.10%, Valid: 85.57%, Test In: 86.38% Test OOD1: 91.98% 
Epoch: 237, Loss: 0.4681, Train: 99.14%, Valid: 85.69%, Test In: 86.26% Test OOD1: 91.99% 
Epoch: 238, Loss: 0.4833, Train: 99.18%, Valid: 85.57%, Test In: 86.38% Test OOD1: 92.00% 
Epoch: 239, Loss: 0.4788, Train: 99.12%, Valid: 85.73%, Test In: 86.30% Test OOD1: 92.07% 
Epoch: 240, Loss: 0.4676, Train: 99.10%, Valid: 85.77%, Test In: 86.18% Test OOD1: 92.21% 
Epoch: 241, Loss: 0.4736, Train: 99.02%, Valid: 85.69%, Test In: 85.98% Test OOD1: 92.25% 
Epoch: 242, Loss: 0.4769, Train: 99.06%, Valid: 85.85%, Test In: 86.34% Test OOD1: 92.07% 
Epoch: 243, Loss: 0.4543, Train: 99.02%, Valid: 85.89%, Test In: 86.50% Test OOD1: 91.90% 
Epoch: 244, Loss: 0.4506, Train: 98.88%, Valid: 85.93%, Test In: 86.74% Test OOD1: 91.90% 
Epoch: 245, Loss: 0.4818, Train: 99.12%, Valid: 85.73%, Test In: 86.62% Test OOD1: 91.97% 
Epoch: 246, Loss: 0.4574, Train: 99.04%, Valid: 85.77%, Test In: 86.34% Test OOD1: 92.07% 
Epoch: 247, Loss: 0.4770, Train: 99.04%, Valid: 85.81%, Test In: 86.58% Test OOD1: 92.06% 
Epoch: 248, Loss: 0.4629, Train: 99.00%, Valid: 85.89%, Test In: 86.50% Test OOD1: 92.02% 
Epoch: 249, Loss: 0.4453, Train: 98.96%, Valid: 85.85%, Test In: 86.42% Test OOD1: 92.00% 
Epoch: 250, Loss: 0.4675, Train: 98.96%, Valid: 85.93%, Test In: 86.54% Test OOD1: 92.15% 
Epoch: 251, Loss: 0.4403, Train: 99.06%, Valid: 85.89%, Test In: 86.70% Test OOD1: 92.10% 
Epoch: 252, Loss: 0.4546, Train: 99.12%, Valid: 85.77%, Test In: 86.66% Test OOD1: 92.09% 
Epoch: 253, Loss: 0.4635, Train: 99.10%, Valid: 85.93%, Test In: 86.66% Test OOD1: 92.17% 
Epoch: 254, Loss: 0.4607, Train: 99.16%, Valid: 86.05%, Test In: 86.70% Test OOD1: 92.10% 
Epoch: 255, Loss: 0.4406, Train: 99.06%, Valid: 86.17%, Test In: 86.54% Test OOD1: 92.12% 
Epoch: 256, Loss: 0.4531, Train: 99.16%, Valid: 85.89%, Test In: 86.46% Test OOD1: 92.06% 
Epoch: 257, Loss: 0.4577, Train: 99.22%, Valid: 85.65%, Test In: 86.30% Test OOD1: 92.07% 
Epoch: 258, Loss: 0.4509, Train: 99.22%, Valid: 85.65%, Test In: 86.46% Test OOD1: 92.10% 
Epoch: 259, Loss: 0.4462, Train: 99.24%, Valid: 85.77%, Test In: 86.38% Test OOD1: 92.17% 
Epoch: 260, Loss: 0.4413, Train: 99.20%, Valid: 85.85%, Test In: 86.54% Test OOD1: 92.29% 
Epoch: 261, Loss: 0.4454, Train: 99.24%, Valid: 85.77%, Test In: 86.46% Test OOD1: 92.30% 
Epoch: 262, Loss: 0.4467, Train: 99.16%, Valid: 85.77%, Test In: 86.50% Test OOD1: 92.25% 
Epoch: 263, Loss: 0.4418, Train: 99.16%, Valid: 85.85%, Test In: 86.22% Test OOD1: 92.30% 
Epoch: 264, Loss: 0.4333, Train: 99.14%, Valid: 85.85%, Test In: 86.22% Test OOD1: 92.35% 
Epoch: 265, Loss: 0.4321, Train: 99.26%, Valid: 85.81%, Test In: 86.34% Test OOD1: 92.38% 
Epoch: 266, Loss: 0.4398, Train: 99.26%, Valid: 86.01%, Test In: 86.50% Test OOD1: 92.44% 
Epoch: 267, Loss: 0.4268, Train: 99.24%, Valid: 85.93%, Test In: 86.62% Test OOD1: 92.44% 
Epoch: 268, Loss: 0.4549, Train: 99.24%, Valid: 85.89%, Test In: 86.50% Test OOD1: 92.38% 
Epoch: 269, Loss: 0.4293, Train: 99.16%, Valid: 85.69%, Test In: 86.42% Test OOD1: 92.30% 
Epoch: 270, Loss: 0.4389, Train: 99.20%, Valid: 85.73%, Test In: 86.42% Test OOD1: 92.26% 
Epoch: 271, Loss: 0.4464, Train: 99.28%, Valid: 85.89%, Test In: 86.30% Test OOD1: 92.34% 
Epoch: 272, Loss: 0.4380, Train: 99.24%, Valid: 85.97%, Test In: 86.66% Test OOD1: 92.39% 
Epoch: 273, Loss: 0.4359, Train: 99.26%, Valid: 85.89%, Test In: 86.82% Test OOD1: 92.34% 
Epoch: 274, Loss: 0.4367, Train: 99.34%, Valid: 85.97%, Test In: 86.74% Test OOD1: 92.38% 
Epoch: 275, Loss: 0.4194, Train: 99.26%, Valid: 85.89%, Test In: 86.54% Test OOD1: 92.47% 
Epoch: 276, Loss: 0.4376, Train: 99.34%, Valid: 85.93%, Test In: 86.26% Test OOD1: 92.48% 
Epoch: 277, Loss: 0.4243, Train: 99.32%, Valid: 85.97%, Test In: 86.42% Test OOD1: 92.42% 
Epoch: 278, Loss: 0.4300, Train: 99.26%, Valid: 86.09%, Test In: 86.42% Test OOD1: 92.27% 
Epoch: 279, Loss: 0.4335, Train: 99.30%, Valid: 86.09%, Test In: 86.34% Test OOD1: 92.32% 
Epoch: 280, Loss: 0.4212, Train: 99.30%, Valid: 86.17%, Test In: 86.26% Test OOD1: 92.43% 
Epoch: 281, Loss: 0.4244, Train: 99.34%, Valid: 86.09%, Test In: 86.26% Test OOD1: 92.41% 
Epoch: 282, Loss: 0.4301, Train: 99.28%, Valid: 86.17%, Test In: 86.30% Test OOD1: 92.41% 
Epoch: 283, Loss: 0.4175, Train: 99.30%, Valid: 85.97%, Test In: 86.26% Test OOD1: 92.37% 
Epoch: 284, Loss: 0.4134, Train: 99.26%, Valid: 85.97%, Test In: 86.30% Test OOD1: 92.33% 
Epoch: 285, Loss: 0.4207, Train: 99.26%, Valid: 86.17%, Test In: 86.10% Test OOD1: 92.42% 
Epoch: 286, Loss: 0.4274, Train: 99.22%, Valid: 86.13%, Test In: 86.14% Test OOD1: 92.49% 
Epoch: 287, Loss: 0.4216, Train: 99.26%, Valid: 85.93%, Test In: 86.18% Test OOD1: 92.54% 
Epoch: 288, Loss: 0.4058, Train: 99.32%, Valid: 86.09%, Test In: 86.26% Test OOD1: 92.49% 
Epoch: 289, Loss: 0.4103, Train: 99.32%, Valid: 86.21%, Test In: 86.46% Test OOD1: 92.52% 
Epoch: 290, Loss: 0.4255, Train: 99.30%, Valid: 86.09%, Test In: 86.54% Test OOD1: 92.48% 
Epoch: 291, Loss: 0.4184, Train: 99.38%, Valid: 85.97%, Test In: 86.54% Test OOD1: 92.55% 
Epoch: 292, Loss: 0.4114, Train: 99.46%, Valid: 86.17%, Test In: 86.50% Test OOD1: 92.58% 
Epoch: 293, Loss: 0.4129, Train: 99.46%, Valid: 86.21%, Test In: 86.54% Test OOD1: 92.69% 
Epoch: 294, Loss: 0.4131, Train: 99.46%, Valid: 85.97%, Test In: 86.50% Test OOD1: 92.68% 
Epoch: 295, Loss: 0.4121, Train: 99.54%, Valid: 85.97%, Test In: 86.50% Test OOD1: 92.62% 
Epoch: 296, Loss: 0.3975, Train: 99.50%, Valid: 86.05%, Test In: 86.58% Test OOD1: 92.61% 
Epoch: 297, Loss: 0.3931, Train: 99.56%, Valid: 86.01%, Test In: 86.70% Test OOD1: 92.60% 
Epoch: 298, Loss: 0.4004, Train: 99.62%, Valid: 85.97%, Test In: 86.70% Test OOD1: 92.67% 
Epoch: 299, Loss: 0.3984, Train: 99.56%, Valid: 85.97%, Test In: 86.58% Test OOD1: 92.72% 
Epoch: 300, Loss: 0.4262, Train: 99.54%, Valid: 86.21%, Test In: 86.62% Test OOD1: 92.74% 
Epoch: 301, Loss: 0.3843, Train: 99.58%, Valid: 86.25%, Test In: 86.54% Test OOD1: 92.69% 
Epoch: 302, Loss: 0.4006, Train: 99.56%, Valid: 86.17%, Test In: 86.54% Test OOD1: 92.69% 
Epoch: 303, Loss: 0.4071, Train: 99.56%, Valid: 86.33%, Test In: 86.54% Test OOD1: 92.75% 
Epoch: 304, Loss: 0.3979, Train: 99.52%, Valid: 86.29%, Test In: 86.70% Test OOD1: 92.82% 
Epoch: 305, Loss: 0.3800, Train: 99.48%, Valid: 86.37%, Test In: 86.90% Test OOD1: 92.80% 
Epoch: 306, Loss: 0.4009, Train: 99.48%, Valid: 86.41%, Test In: 86.86% Test OOD1: 92.87% 
Epoch: 307, Loss: 0.3996, Train: 99.44%, Valid: 86.37%, Test In: 86.70% Test OOD1: 92.91% 
Epoch: 308, Loss: 0.3907, Train: 99.48%, Valid: 86.45%, Test In: 86.74% Test OOD1: 92.88% 
Epoch: 309, Loss: 0.3953, Train: 99.52%, Valid: 86.65%, Test In: 86.62% Test OOD1: 92.84% 
Epoch: 310, Loss: 0.3897, Train: 99.58%, Valid: 86.49%, Test In: 86.58% Test OOD1: 92.77% 
Epoch: 311, Loss: 0.4093, Train: 99.54%, Valid: 86.53%, Test In: 86.50% Test OOD1: 92.79% 
Epoch: 312, Loss: 0.4049, Train: 99.62%, Valid: 86.49%, Test In: 86.74% Test OOD1: 92.78% 
Epoch: 313, Loss: 0.3819, Train: 99.60%, Valid: 86.41%, Test In: 86.70% Test OOD1: 92.89% 
Epoch: 314, Loss: 0.3951, Train: 99.64%, Valid: 86.33%, Test In: 86.78% Test OOD1: 92.91% 
Epoch: 315, Loss: 0.3994, Train: 99.58%, Valid: 86.33%, Test In: 86.74% Test OOD1: 92.87% 
Epoch: 316, Loss: 0.3913, Train: 99.44%, Valid: 86.49%, Test In: 86.86% Test OOD1: 92.84% 
Epoch: 317, Loss: 0.3733, Train: 99.42%, Valid: 86.45%, Test In: 86.90% Test OOD1: 92.88% 
Epoch: 318, Loss: 0.3882, Train: 99.50%, Valid: 86.33%, Test In: 86.62% Test OOD1: 92.81% 
Epoch: 319, Loss: 0.3996, Train: 99.60%, Valid: 86.41%, Test In: 86.58% Test OOD1: 92.88% 
Epoch: 320, Loss: 0.3996, Train: 99.66%, Valid: 86.41%, Test In: 86.62% Test OOD1: 92.92% 
Epoch: 321, Loss: 0.4194, Train: 99.54%, Valid: 86.49%, Test In: 86.46% Test OOD1: 92.99% 
Epoch: 322, Loss: 0.3978, Train: 99.56%, Valid: 86.37%, Test In: 86.42% Test OOD1: 92.98% 
Epoch: 323, Loss: 0.3880, Train: 99.48%, Valid: 86.37%, Test In: 86.54% Test OOD1: 92.91% 
Epoch: 324, Loss: 0.4040, Train: 99.56%, Valid: 86.41%, Test In: 86.50% Test OOD1: 93.00% 
Epoch: 325, Loss: 0.3832, Train: 99.58%, Valid: 86.37%, Test In: 86.54% Test OOD1: 92.96% 
Epoch: 326, Loss: 0.3946, Train: 99.62%, Valid: 86.25%, Test In: 86.54% Test OOD1: 92.91% 
Epoch: 327, Loss: 0.3901, Train: 99.62%, Valid: 86.21%, Test In: 86.58% Test OOD1: 92.86% 
Epoch: 328, Loss: 0.3725, Train: 99.66%, Valid: 86.57%, Test In: 86.62% Test OOD1: 93.02% 
Epoch: 329, Loss: 0.3732, Train: 99.56%, Valid: 86.69%, Test In: 86.70% Test OOD1: 93.11% 
Epoch: 330, Loss: 0.3859, Train: 99.48%, Valid: 86.57%, Test In: 86.78% Test OOD1: 93.11% 
Epoch: 331, Loss: 0.3862, Train: 99.56%, Valid: 86.57%, Test In: 86.74% Test OOD1: 93.06% 
Epoch: 332, Loss: 0.3801, Train: 99.58%, Valid: 86.49%, Test In: 86.78% Test OOD1: 92.99% 
Epoch: 333, Loss: 0.3604, Train: 99.58%, Valid: 86.29%, Test In: 86.82% Test OOD1: 92.91% 
Epoch: 334, Loss: 0.3893, Train: 99.60%, Valid: 86.13%, Test In: 86.66% Test OOD1: 92.99% 
Epoch: 335, Loss: 0.3778, Train: 99.56%, Valid: 86.17%, Test In: 86.74% Test OOD1: 93.04% 
Epoch: 336, Loss: 0.3776, Train: 99.54%, Valid: 86.17%, Test In: 86.74% Test OOD1: 93.08% 
Epoch: 337, Loss: 0.3596, Train: 99.52%, Valid: 86.37%, Test In: 86.78% Test OOD1: 93.02% 
Epoch: 338, Loss: 0.3768, Train: 99.48%, Valid: 86.41%, Test In: 86.74% Test OOD1: 93.04% 
Epoch: 339, Loss: 0.3656, Train: 99.54%, Valid: 86.25%, Test In: 86.66% Test OOD1: 93.06% 
Epoch: 340, Loss: 0.3638, Train: 99.60%, Valid: 86.49%, Test In: 86.58% Test OOD1: 93.07% 
Epoch: 341, Loss: 0.3649, Train: 99.56%, Valid: 86.45%, Test In: 86.38% Test OOD1: 93.12% 
Epoch: 342, Loss: 0.3586, Train: 99.50%, Valid: 86.53%, Test In: 86.54% Test OOD1: 93.21% 
Epoch: 343, Loss: 0.3815, Train: 99.56%, Valid: 86.53%, Test In: 86.58% Test OOD1: 93.18% 
Epoch: 344, Loss: 0.3554, Train: 99.60%, Valid: 86.33%, Test In: 86.70% Test OOD1: 93.09% 
Epoch: 345, Loss: 0.3589, Train: 99.66%, Valid: 86.21%, Test In: 86.62% Test OOD1: 93.03% 
Epoch: 346, Loss: 0.3603, Train: 99.60%, Valid: 86.33%, Test In: 86.46% Test OOD1: 93.00% 
Epoch: 347, Loss: 0.3638, Train: 99.62%, Valid: 86.25%, Test In: 86.38% Test OOD1: 92.91% 
Epoch: 348, Loss: 0.3726, Train: 99.64%, Valid: 86.57%, Test In: 86.42% Test OOD1: 92.94% 
Epoch: 349, Loss: 0.3621, Train: 99.64%, Valid: 86.61%, Test In: 86.62% Test OOD1: 92.96% 
Epoch: 350, Loss: 0.3624, Train: 99.62%, Valid: 86.45%, Test In: 86.86% Test OOD1: 92.94% 
Epoch: 351, Loss: 0.3626, Train: 99.64%, Valid: 86.21%, Test In: 86.86% Test OOD1: 92.94% 
Epoch: 352, Loss: 0.3741, Train: 99.68%, Valid: 86.25%, Test In: 86.62% Test OOD1: 92.97% 
Epoch: 353, Loss: 0.3746, Train: 99.74%, Valid: 86.29%, Test In: 86.50% Test OOD1: 92.99% 
Epoch: 354, Loss: 0.3434, Train: 99.74%, Valid: 86.29%, Test In: 86.54% Test OOD1: 92.96% 
Epoch: 355, Loss: 0.3594, Train: 99.68%, Valid: 86.25%, Test In: 86.54% Test OOD1: 92.98% 
Epoch: 356, Loss: 0.3686, Train: 99.70%, Valid: 86.13%, Test In: 86.58% Test OOD1: 93.01% 
Epoch: 357, Loss: 0.3550, Train: 99.70%, Valid: 86.33%, Test In: 86.66% Test OOD1: 92.99% 
Epoch: 358, Loss: 0.3588, Train: 99.72%, Valid: 86.37%, Test In: 86.66% Test OOD1: 93.02% 
Epoch: 359, Loss: 0.3631, Train: 99.68%, Valid: 86.37%, Test In: 86.62% Test OOD1: 93.07% 
Epoch: 360, Loss: 0.3619, Train: 99.68%, Valid: 86.33%, Test In: 86.62% Test OOD1: 93.08% 
Epoch: 361, Loss: 0.3556, Train: 99.64%, Valid: 86.45%, Test In: 86.54% Test OOD1: 93.07% 
Epoch: 362, Loss: 0.3540, Train: 99.64%, Valid: 86.49%, Test In: 86.66% Test OOD1: 93.08% 
Epoch: 363, Loss: 0.3535, Train: 99.66%, Valid: 86.29%, Test In: 86.74% Test OOD1: 93.08% 
Epoch: 364, Loss: 0.3287, Train: 99.66%, Valid: 86.33%, Test In: 86.78% Test OOD1: 93.10% 
Epoch: 365, Loss: 0.3565, Train: 99.66%, Valid: 86.49%, Test In: 86.74% Test OOD1: 93.14% 
Epoch: 366, Loss: 0.3500, Train: 99.68%, Valid: 86.45%, Test In: 86.70% Test OOD1: 93.13% 
Epoch: 367, Loss: 0.3205, Train: 99.70%, Valid: 86.37%, Test In: 86.54% Test OOD1: 93.16% 
Epoch: 368, Loss: 0.3558, Train: 99.68%, Valid: 86.37%, Test In: 86.66% Test OOD1: 93.18% 
Epoch: 369, Loss: 0.3368, Train: 99.70%, Valid: 86.41%, Test In: 86.78% Test OOD1: 93.18% 
Epoch: 370, Loss: 0.3301, Train: 99.62%, Valid: 86.57%, Test In: 86.86% Test OOD1: 93.15% 
Epoch: 371, Loss: 0.3347, Train: 99.60%, Valid: 86.65%, Test In: 86.78% Test OOD1: 93.13% 
Epoch: 372, Loss: 0.3391, Train: 99.62%, Valid: 86.65%, Test In: 86.70% Test OOD1: 93.09% 
Epoch: 373, Loss: 0.3432, Train: 99.64%, Valid: 86.57%, Test In: 86.70% Test OOD1: 93.05% 
Epoch: 374, Loss: 0.3346, Train: 99.60%, Valid: 86.53%, Test In: 86.90% Test OOD1: 93.09% 
Epoch: 375, Loss: 0.3229, Train: 99.54%, Valid: 86.61%, Test In: 86.66% Test OOD1: 93.08% 
Epoch: 376, Loss: 0.3370, Train: 99.56%, Valid: 86.61%, Test In: 86.78% Test OOD1: 93.12% 
Epoch: 377, Loss: 0.3387, Train: 99.64%, Valid: 86.73%, Test In: 86.66% Test OOD1: 93.15% 
Epoch: 378, Loss: 0.3306, Train: 99.66%, Valid: 86.73%, Test In: 86.54% Test OOD1: 93.19% 
Epoch: 379, Loss: 0.3345, Train: 99.66%, Valid: 86.73%, Test In: 86.70% Test OOD1: 93.18% 
Epoch: 380, Loss: 0.3424, Train: 99.66%, Valid: 86.53%, Test In: 86.82% Test OOD1: 93.13% 
Epoch: 381, Loss: 0.3237, Train: 99.66%, Valid: 86.73%, Test In: 86.90% Test OOD1: 93.12% 
Epoch: 382, Loss: 0.3206, Train: 99.70%, Valid: 86.77%, Test In: 86.90% Test OOD1: 93.20% 
Epoch: 383, Loss: 0.3204, Train: 99.70%, Valid: 86.53%, Test In: 86.90% Test OOD1: 93.21% 
Epoch: 384, Loss: 0.3508, Train: 99.66%, Valid: 86.61%, Test In: 86.90% Test OOD1: 93.21% 
Epoch: 385, Loss: 0.3321, Train: 99.62%, Valid: 86.45%, Test In: 86.94% Test OOD1: 93.20% 
Epoch: 386, Loss: 0.3160, Train: 99.62%, Valid: 86.57%, Test In: 86.82% Test OOD1: 93.16% 
Epoch: 387, Loss: 0.3241, Train: 99.68%, Valid: 86.69%, Test In: 86.74% Test OOD1: 93.12% 
Epoch: 388, Loss: 0.3244, Train: 99.76%, Valid: 86.53%, Test In: 86.86% Test OOD1: 93.24% 
Epoch: 389, Loss: 0.3327, Train: 99.76%, Valid: 86.61%, Test In: 86.70% Test OOD1: 93.21% 
Epoch: 390, Loss: 0.3148, Train: 99.78%, Valid: 86.81%, Test In: 86.50% Test OOD1: 93.25% 
Epoch: 391, Loss: 0.3367, Train: 99.74%, Valid: 86.81%, Test In: 86.50% Test OOD1: 93.29% 
Epoch: 392, Loss: 0.3210, Train: 99.68%, Valid: 86.65%, Test In: 86.58% Test OOD1: 93.31% 
Epoch: 393, Loss: 0.3379, Train: 99.74%, Valid: 86.61%, Test In: 86.62% Test OOD1: 93.25% 
Epoch: 394, Loss: 0.3247, Train: 99.74%, Valid: 86.69%, Test In: 86.66% Test OOD1: 93.21% 
Epoch: 395, Loss: 0.3266, Train: 99.72%, Valid: 86.77%, Test In: 86.66% Test OOD1: 93.14% 
Epoch: 396, Loss: 0.3220, Train: 99.70%, Valid: 86.81%, Test In: 86.86% Test OOD1: 93.21% 
Epoch: 397, Loss: 0.3200, Train: 99.72%, Valid: 86.97%, Test In: 86.78% Test OOD1: 93.31% 
Epoch: 398, Loss: 0.3148, Train: 99.66%, Valid: 87.05%, Test In: 87.06% Test OOD1: 93.32% 
Epoch: 399, Loss: 0.3188, Train: 99.70%, Valid: 87.25%, Test In: 87.02% Test OOD1: 93.40% 
Epoch: 400, Loss: 0.3266, Train: 99.74%, Valid: 87.17%, Test In: 86.86% Test OOD1: 93.42% 
Epoch: 401, Loss: 0.3262, Train: 99.68%, Valid: 86.97%, Test In: 86.82% Test OOD1: 93.39% 
Epoch: 402, Loss: 0.3274, Train: 99.66%, Valid: 87.01%, Test In: 86.70% Test OOD1: 93.36% 
Epoch: 403, Loss: 0.3152, Train: 99.72%, Valid: 86.77%, Test In: 86.86% Test OOD1: 93.32% 
Epoch: 404, Loss: 0.3242, Train: 99.72%, Valid: 86.81%, Test In: 86.86% Test OOD1: 93.27% 
Epoch: 405, Loss: 0.3311, Train: 99.70%, Valid: 86.89%, Test In: 86.98% Test OOD1: 93.35% 
Epoch: 406, Loss: 0.3241, Train: 99.76%, Valid: 87.05%, Test In: 86.86% Test OOD1: 93.39% 
Epoch: 407, Loss: 0.3272, Train: 99.78%, Valid: 87.05%, Test In: 86.86% Test OOD1: 93.42% 
Epoch: 408, Loss: 0.3203, Train: 99.76%, Valid: 86.77%, Test In: 86.82% Test OOD1: 93.35% 
Epoch: 409, Loss: 0.3086, Train: 99.76%, Valid: 86.81%, Test In: 86.82% Test OOD1: 93.32% 
Epoch: 410, Loss: 0.3198, Train: 99.68%, Valid: 86.89%, Test In: 86.86% Test OOD1: 93.36% 
Epoch: 411, Loss: 0.3137, Train: 99.68%, Valid: 86.97%, Test In: 86.82% Test OOD1: 93.41% 
Epoch: 412, Loss: 0.3162, Train: 99.68%, Valid: 87.09%, Test In: 86.74% Test OOD1: 93.43% 
Epoch: 413, Loss: 0.3130, Train: 99.72%, Valid: 87.05%, Test In: 86.90% Test OOD1: 93.45% 
Epoch: 414, Loss: 0.3239, Train: 99.76%, Valid: 86.93%, Test In: 86.86% Test OOD1: 93.48% 
Epoch: 415, Loss: 0.3139, Train: 99.74%, Valid: 86.89%, Test In: 86.90% Test OOD1: 93.52% 
Epoch: 416, Loss: 0.3229, Train: 99.74%, Valid: 87.01%, Test In: 86.74% Test OOD1: 93.58% 
Epoch: 417, Loss: 0.3315, Train: 99.72%, Valid: 86.97%, Test In: 86.74% Test OOD1: 93.52% 
Epoch: 418, Loss: 0.3091, Train: 99.72%, Valid: 87.01%, Test In: 86.78% Test OOD1: 93.45% 
Epoch: 419, Loss: 0.3102, Train: 99.74%, Valid: 86.81%, Test In: 86.70% Test OOD1: 93.34% 
Epoch: 420, Loss: 0.3101, Train: 99.74%, Valid: 86.81%, Test In: 86.78% Test OOD1: 93.37% 
Epoch: 421, Loss: 0.3177, Train: 99.82%, Valid: 86.65%, Test In: 86.70% Test OOD1: 93.51% 
Epoch: 422, Loss: 0.3152, Train: 99.78%, Valid: 86.77%, Test In: 86.54% Test OOD1: 93.55% 
Epoch: 423, Loss: 0.3017, Train: 99.82%, Valid: 86.53%, Test In: 86.66% Test OOD1: 93.57% 
Epoch: 424, Loss: 0.2819, Train: 99.82%, Valid: 86.81%, Test In: 86.78% Test OOD1: 93.46% 
Epoch: 425, Loss: 0.3114, Train: 99.82%, Valid: 86.65%, Test In: 86.90% Test OOD1: 93.38% 
Epoch: 426, Loss: 0.3013, Train: 99.80%, Valid: 86.57%, Test In: 86.90% Test OOD1: 93.38% 
Epoch: 427, Loss: 0.3179, Train: 99.76%, Valid: 86.77%, Test In: 86.94% Test OOD1: 93.43% 
Epoch: 428, Loss: 0.3200, Train: 99.76%, Valid: 86.89%, Test In: 86.94% Test OOD1: 93.46% 
Epoch: 429, Loss: 0.3132, Train: 99.76%, Valid: 86.89%, Test In: 87.02% Test OOD1: 93.49% 
Epoch: 430, Loss: 0.3128, Train: 99.76%, Valid: 87.01%, Test In: 87.02% Test OOD1: 93.51% 
Epoch: 431, Loss: 0.3150, Train: 99.78%, Valid: 86.93%, Test In: 87.10% Test OOD1: 93.42% 
Epoch: 432, Loss: 0.3192, Train: 99.76%, Valid: 86.77%, Test In: 87.06% Test OOD1: 93.38% 
Epoch: 433, Loss: 0.2957, Train: 99.76%, Valid: 86.77%, Test In: 86.90% Test OOD1: 93.37% 
Epoch: 434, Loss: 0.3050, Train: 99.76%, Valid: 86.73%, Test In: 86.94% Test OOD1: 93.47% 
Epoch: 435, Loss: 0.3209, Train: 99.80%, Valid: 86.85%, Test In: 86.98% Test OOD1: 93.47% 
Epoch: 436, Loss: 0.3117, Train: 99.78%, Valid: 86.89%, Test In: 86.82% Test OOD1: 93.52% 
Epoch: 437, Loss: 0.3073, Train: 99.78%, Valid: 86.97%, Test In: 86.78% Test OOD1: 93.54% 
Epoch: 438, Loss: 0.3053, Train: 99.74%, Valid: 86.81%, Test In: 87.06% Test OOD1: 93.42% 
Epoch: 439, Loss: 0.3220, Train: 99.70%, Valid: 86.53%, Test In: 86.94% Test OOD1: 93.35% 
Epoch: 440, Loss: 0.3122, Train: 99.70%, Valid: 86.81%, Test In: 86.70% Test OOD1: 93.33% 
Epoch: 441, Loss: 0.3144, Train: 99.78%, Valid: 86.89%, Test In: 86.62% Test OOD1: 93.39% 
Epoch: 442, Loss: 0.3036, Train: 99.78%, Valid: 86.97%, Test In: 86.90% Test OOD1: 93.47% 
Epoch: 443, Loss: 0.3111, Train: 99.80%, Valid: 87.13%, Test In: 87.02% Test OOD1: 93.51% 
Epoch: 444, Loss: 0.3165, Train: 99.78%, Valid: 87.13%, Test In: 87.06% Test OOD1: 93.43% 
Epoch: 445, Loss: 0.3293, Train: 99.78%, Valid: 86.97%, Test In: 87.06% Test OOD1: 93.48% 
Epoch: 446, Loss: 0.3171, Train: 99.76%, Valid: 87.13%, Test In: 87.10% Test OOD1: 93.42% 
Epoch: 447, Loss: 0.3053, Train: 99.72%, Valid: 87.09%, Test In: 86.90% Test OOD1: 93.42% 
Epoch: 448, Loss: 0.3059, Train: 99.72%, Valid: 86.97%, Test In: 86.98% Test OOD1: 93.46% 
Epoch: 449, Loss: 0.2918, Train: 99.78%, Valid: 86.97%, Test In: 87.14% Test OOD1: 93.49% 
Epoch: 450, Loss: 0.2957, Train: 99.78%, Valid: 87.13%, Test In: 86.98% Test OOD1: 93.45% 
Epoch: 451, Loss: 0.3010, Train: 99.82%, Valid: 87.17%, Test In: 86.94% Test OOD1: 93.42% 
Epoch: 452, Loss: 0.2971, Train: 99.82%, Valid: 87.21%, Test In: 86.94% Test OOD1: 93.43% 
Epoch: 453, Loss: 0.2936, Train: 99.80%, Valid: 87.05%, Test In: 87.02% Test OOD1: 93.57% 
Epoch: 454, Loss: 0.2993, Train: 99.78%, Valid: 87.01%, Test In: 87.02% Test OOD1: 93.58% 
Epoch: 455, Loss: 0.2900, Train: 99.80%, Valid: 86.93%, Test In: 87.22% Test OOD1: 93.54% 
Epoch: 456, Loss: 0.2915, Train: 99.80%, Valid: 86.77%, Test In: 87.18% Test OOD1: 93.59% 
Epoch: 457, Loss: 0.3206, Train: 99.80%, Valid: 86.85%, Test In: 87.06% Test OOD1: 93.61% 
Epoch: 458, Loss: 0.3156, Train: 99.82%, Valid: 87.01%, Test In: 87.06% Test OOD1: 93.59% 
Epoch: 459, Loss: 0.2978, Train: 99.84%, Valid: 87.17%, Test In: 87.02% Test OOD1: 93.60% 
Epoch: 460, Loss: 0.3045, Train: 99.84%, Valid: 87.13%, Test In: 87.02% Test OOD1: 93.61% 
Epoch: 461, Loss: 0.2748, Train: 99.82%, Valid: 87.17%, Test In: 86.94% Test OOD1: 93.58% 
Epoch: 462, Loss: 0.2945, Train: 99.76%, Valid: 87.01%, Test In: 87.06% Test OOD1: 93.62% 
Epoch: 463, Loss: 0.2943, Train: 99.80%, Valid: 87.01%, Test In: 87.06% Test OOD1: 93.60% 
Epoch: 464, Loss: 0.2899, Train: 99.84%, Valid: 87.09%, Test In: 86.98% Test OOD1: 93.56% 
Epoch: 465, Loss: 0.2917, Train: 99.88%, Valid: 87.17%, Test In: 87.18% Test OOD1: 93.56% 
Epoch: 466, Loss: 0.2820, Train: 99.88%, Valid: 87.05%, Test In: 87.14% Test OOD1: 93.55% 
Epoch: 467, Loss: 0.2862, Train: 99.84%, Valid: 87.09%, Test In: 86.98% Test OOD1: 93.57% 
Epoch: 468, Loss: 0.2788, Train: 99.86%, Valid: 87.05%, Test In: 87.02% Test OOD1: 93.58% 
Epoch: 469, Loss: 0.2852, Train: 99.86%, Valid: 86.97%, Test In: 87.02% Test OOD1: 93.60% 
Epoch: 470, Loss: 0.2831, Train: 99.86%, Valid: 87.01%, Test In: 87.02% Test OOD1: 93.62% 
Epoch: 471, Loss: 0.2847, Train: 99.86%, Valid: 87.09%, Test In: 87.14% Test OOD1: 93.63% 
Epoch: 472, Loss: 0.2848, Train: 99.84%, Valid: 87.09%, Test In: 87.14% Test OOD1: 93.74% 
Epoch: 473, Loss: 0.2740, Train: 99.84%, Valid: 87.13%, Test In: 87.02% Test OOD1: 93.81% 
Epoch: 474, Loss: 0.2853, Train: 99.84%, Valid: 87.13%, Test In: 86.86% Test OOD1: 93.75% 
Epoch: 475, Loss: 0.3024, Train: 99.82%, Valid: 87.09%, Test In: 86.82% Test OOD1: 93.75% 
Epoch: 476, Loss: 0.2681, Train: 99.82%, Valid: 87.05%, Test In: 86.98% Test OOD1: 93.76% 
Epoch: 477, Loss: 0.2694, Train: 99.82%, Valid: 86.93%, Test In: 86.90% Test OOD1: 93.76% 
Epoch: 478, Loss: 0.2960, Train: 99.82%, Valid: 87.09%, Test In: 87.02% Test OOD1: 93.73% 
Epoch: 479, Loss: 0.2777, Train: 99.80%, Valid: 87.05%, Test In: 87.14% Test OOD1: 93.62% 
Epoch: 480, Loss: 0.2965, Train: 99.82%, Valid: 87.01%, Test In: 87.14% Test OOD1: 93.63% 
Epoch: 481, Loss: 0.2859, Train: 99.82%, Valid: 87.09%, Test In: 87.10% Test OOD1: 93.64% 
Epoch: 482, Loss: 0.2767, Train: 99.86%, Valid: 87.09%, Test In: 87.14% Test OOD1: 93.71% 
Epoch: 483, Loss: 0.2712, Train: 99.82%, Valid: 87.25%, Test In: 87.18% Test OOD1: 93.79% 
Epoch: 484, Loss: 0.2827, Train: 99.76%, Valid: 87.05%, Test In: 87.26% Test OOD1: 93.79% 
Epoch: 485, Loss: 0.2973, Train: 99.76%, Valid: 86.85%, Test In: 87.18% Test OOD1: 93.71% 
Epoch: 486, Loss: 0.2843, Train: 99.78%, Valid: 86.89%, Test In: 87.30% Test OOD1: 93.66% 
Epoch: 487, Loss: 0.2763, Train: 99.78%, Valid: 87.01%, Test In: 87.22% Test OOD1: 93.64% 
Epoch: 488, Loss: 0.2739, Train: 99.82%, Valid: 87.25%, Test In: 87.42% Test OOD1: 93.56% 
Epoch: 489, Loss: 0.2917, Train: 99.86%, Valid: 87.25%, Test In: 87.30% Test OOD1: 93.61% 
Epoch: 490, Loss: 0.2827, Train: 99.86%, Valid: 87.33%, Test In: 87.18% Test OOD1: 93.75% 
Epoch: 491, Loss: 0.2881, Train: 99.88%, Valid: 87.25%, Test In: 87.26% Test OOD1: 93.78% 
Epoch: 492, Loss: 0.2761, Train: 99.86%, Valid: 87.05%, Test In: 87.26% Test OOD1: 93.87% 
Epoch: 493, Loss: 0.2902, Train: 99.82%, Valid: 87.05%, Test In: 87.26% Test OOD1: 93.84% 
Epoch: 494, Loss: 0.2882, Train: 99.82%, Valid: 87.05%, Test In: 87.18% Test OOD1: 93.85% 
Epoch: 495, Loss: 0.2662, Train: 99.84%, Valid: 87.29%, Test In: 87.30% Test OOD1: 93.75% 
Epoch: 496, Loss: 0.2859, Train: 99.86%, Valid: 87.33%, Test In: 87.38% Test OOD1: 93.67% 
Epoch: 497, Loss: 0.2800, Train: 99.88%, Valid: 87.33%, Test In: 87.50% Test OOD1: 93.67% 
Epoch: 498, Loss: 0.2707, Train: 99.90%, Valid: 87.45%, Test In: 87.38% Test OOD1: 93.68% 
Epoch: 499, Loss: 0.2650, Train: 99.84%, Valid: 87.45%, Test In: 87.30% Test OOD1: 93.72% 
Run 02:
Highest Train: 99.90
Highest Valid: 87.45
Highest In Test: 87.50
Highest OOD Test: 93.87
Chosen epoch: 499
Final Train: 99.90
Final In Test: 87.38
Final OOD Test: 93.68
All runs:
Highest Train: 99.90 ± 0.00
Highest Valid: 87.72 ± 0.37
Highest In Test: 87.64 ± 0.20
Highest OOD Test: 93.97 ± 0.14
  Final Train: 99.87 ± 0.04
   Final In  Test: 87.48 ± 0.14
   Final OOD Test: 93.85 ± 0.25
[INFO] TensorBoard writer closed.

Command: python main.py --dataset citeseer --backbone_type gat --env_type graph --combine_result --store_result --epochs 500 --runs 2 --num_layers 2 --expert_agg mean --tau 3 --device 0 --other_env_objective irm --lr 0.01 --weight_decay 0.0 --dropout 0.2 --lamda 0.5 --K 3 --hidden_channels 32 --other_env_reduce env --result_name citeseer_stage1_gat_reduced_lr0.01_weight_decay0.0_dropout0.2_lamda0.5_K3_hidden_channels32_other_env_reduceenv
Return code: 0
Elapsed: 430.87s
