Namespace(K=4, backbone_type='gcn', combine_result=True, cpu=False, data_dir='./data/', dataset='twitch', device=0, display_step=1, dropout=0.0, env_type='graph', epochs=200, expert_agg='mean', gamma=0.99, gate_hidden=64, hidden_channels=64, infer_env=False, infer_env_components=64, infer_env_iters=30, infer_env_num=3, lambda_cl=0.1, lambda_dag=0.1, lambda_ind=0.1, lambda_l1=0.5, lamda=0.1, lamda_ciw=0.0001, lr=0.01, lr_dag=0.001, num_layers=2, other_env_reduce='env', pos_weight=5.0, result_name='twitch_stage1_lr0.01_weight_decay0.0005_dropout0.0_lamda0.1_K4_hidden_channels64_other_env_reduceenv', runs=3, seed=123, store_result=True, tau=3.0, use_bn=False, variant=False, weight_decay=0.0005)
dataset twitch: all nodes 34120 | edges 429113 | classes 2 | feats 3170
train nodes 7897 | valid nodes 3949 | test in nodes 3949
test ood1 nodes 4648 test ood2 nodes 6551 test ood3 nodes 7126 
[INFO] env numbers: 6 train env numbers: 3
MODEL: CaNet(
  (experts): ModuleList(
    (0): ExpertNet(
      (convs): ModuleList(
        (0): CaNetConv()
        (1): CaNetConv()
      )
      (fcs): ModuleList(
        (0): Linear(in_features=3170, out_features=64, bias=True)
        (1): Linear(in_features=64, out_features=2, bias=True)
      )
      (act_fn): ReLU()
    )
    (1): ExpertNet(
      (convs): ModuleList(
        (0): CaNetConv()
        (1): CaNetConv()
      )
      (fcs): ModuleList(
        (0): Linear(in_features=3170, out_features=64, bias=True)
        (1): Linear(in_features=64, out_features=2, bias=True)
      )
      (act_fn): ReLU()
    )
    (2): ExpertNet(
      (convs): ModuleList(
        (0): CaNetConv()
        (1): CaNetConv()
      )
      (fcs): ModuleList(
        (0): Linear(in_features=3170, out_features=64, bias=True)
        (1): Linear(in_features=64, out_features=2, bias=True)
      )
      (act_fn): ReLU()
    )
    (3): ExpertNet(
      (convs): ModuleList(
        (0): CaNetConv()
        (1): CaNetConv()
      )
      (fcs): ModuleList(
        (0): Linear(in_features=3170, out_features=64, bias=True)
        (1): Linear(in_features=64, out_features=2, bias=True)
      )
      (act_fn): ReLU()
    )
  )
  (gate): Sequential(
    (0): Linear(in_features=3170, out_features=64, bias=True)
    (1): ReLU()
    (2): Linear(in_features=64, out_features=4, bias=True)
  )
)
[INFO] TensorBoard logging activated. Logs will be saved to: ./runs/twitch/Apr16_00-20-47_lamda_0.1
Epoch: 00, Loss: 0.7657, Train: 66.53%, Valid: 64.38%, Test In: 64.13% Test OOD1: 63.46% Test OOD2: 51.65% Test OOD3: 59.93% 
Epoch: 01, Loss: 0.7592, Train: 70.97%, Valid: 67.72%, Test In: 68.47% Test OOD1: 64.48% Test OOD2: 52.03% Test OOD3: 61.69% 
Epoch: 02, Loss: 0.7482, Train: 62.81%, Valid: 60.67%, Test In: 61.38% Test OOD1: 51.21% Test OOD2: 52.17% Test OOD3: 55.07% 
Epoch: 03, Loss: 0.7311, Train: 51.97%, Valid: 51.05%, Test In: 52.19% Test OOD1: 44.89% Test OOD2: 51.10% Test OOD3: 49.58% 
Epoch: 04, Loss: 0.7169, Train: 47.85%, Valid: 47.16%, Test In: 48.55% Test OOD1: 43.24% Test OOD2: 50.72% Test OOD3: 47.83% 
Epoch: 05, Loss: 0.7212, Train: 54.37%, Valid: 52.37%, Test In: 54.03% Test OOD1: 46.28% Test OOD2: 51.44% Test OOD3: 50.77% 
Epoch: 06, Loss: 0.7144, Train: 69.50%, Valid: 65.45%, Test In: 66.99% Test OOD1: 60.04% Test OOD2: 52.84% Test OOD3: 60.43% 
Epoch: 07, Loss: 0.7062, Train: 67.30%, Valid: 64.58%, Test In: 64.85% Test OOD1: 63.61% Test OOD2: 51.60% Test OOD3: 60.50% 
Epoch: 08, Loss: 0.7036, Train: 65.34%, Valid: 63.27%, Test In: 63.04% Test OOD1: 62.88% Test OOD2: 51.22% Test OOD3: 59.50% 
Epoch: 09, Loss: 0.7020, Train: 64.57%, Valid: 62.72%, Test In: 62.35% Test OOD1: 62.57% Test OOD2: 51.10% Test OOD3: 59.13% 
Epoch: 10, Loss: 0.6988, Train: 64.24%, Valid: 62.47%, Test In: 62.05% Test OOD1: 62.45% Test OOD2: 51.07% Test OOD3: 59.00% 
Epoch: 11, Loss: 0.6948, Train: 64.20%, Valid: 62.41%, Test In: 61.99% Test OOD1: 62.44% Test OOD2: 51.10% Test OOD3: 59.02% 
Epoch: 12, Loss: 0.6905, Train: 64.40%, Valid: 62.49%, Test In: 62.12% Test OOD1: 62.54% Test OOD2: 51.16% Test OOD3: 59.16% 
Epoch: 13, Loss: 0.6870, Train: 64.77%, Valid: 62.70%, Test In: 62.40% Test OOD1: 62.68% Test OOD2: 51.24% Test OOD3: 59.36% 
Epoch: 14, Loss: 0.6852, Train: 65.20%, Valid: 63.00%, Test In: 62.72% Test OOD1: 62.89% Test OOD2: 51.28% Test OOD3: 59.57% 
Epoch: 15, Loss: 0.6815, Train: 65.84%, Valid: 63.48%, Test In: 63.23% Test OOD1: 63.24% Test OOD2: 51.38% Test OOD3: 59.90% 
Epoch: 16, Loss: 0.6756, Train: 66.80%, Valid: 64.18%, Test In: 64.00% Test OOD1: 63.76% Test OOD2: 51.62% Test OOD3: 60.40% 
Epoch: 17, Loss: 0.6690, Train: 67.82%, Valid: 64.93%, Test In: 64.88% Test OOD1: 64.36% Test OOD2: 51.85% Test OOD3: 60.98% 
Epoch: 18, Loss: 0.6623, Train: 69.18%, Valid: 65.90%, Test In: 66.04% Test OOD1: 65.01% Test OOD2: 52.20% Test OOD3: 61.67% 
Epoch: 19, Loss: 0.6556, Train: 70.41%, Valid: 66.75%, Test In: 67.07% Test OOD1: 65.39% Test OOD2: 52.55% Test OOD3: 62.24% 
Epoch: 20, Loss: 0.6494, Train: 70.78%, Valid: 67.11%, Test In: 67.46% Test OOD1: 65.85% Test OOD2: 52.57% Test OOD3: 62.56% 
Epoch: 21, Loss: 0.6483, Train: 71.92%, Valid: 67.55%, Test In: 68.16% Test OOD1: 65.58% Test OOD2: 53.12% Test OOD3: 62.69% 
Epoch: 22, Loss: 0.6324, Train: 72.32%, Valid: 67.85%, Test In: 68.49% Test OOD1: 65.83% Test OOD2: 53.23% Test OOD3: 62.87% 
Epoch: 23, Loss: 0.6352, Train: 72.26%, Valid: 67.42%, Test In: 68.12% Test OOD1: 65.53% Test OOD2: 53.44% Test OOD3: 62.58% 
Epoch: 24, Loss: 0.6281, Train: 72.88%, Valid: 68.20%, Test In: 68.74% Test OOD1: 65.97% Test OOD2: 53.34% Test OOD3: 62.96% 
Epoch: 25, Loss: 0.6236, Train: 73.10%, Valid: 68.29%, Test In: 68.85% Test OOD1: 65.98% Test OOD2: 53.41% Test OOD3: 62.92% 
Epoch: 26, Loss: 0.6174, Train: 72.87%, Valid: 67.37%, Test In: 68.06% Test OOD1: 64.91% Test OOD2: 53.61% Test OOD3: 62.31% 
Epoch: 27, Loss: 0.6165, Train: 73.41%, Valid: 67.71%, Test In: 68.40% Test OOD1: 65.02% Test OOD2: 53.66% Test OOD3: 62.57% 
Epoch: 28, Loss: 0.6086, Train: 73.75%, Valid: 68.34%, Test In: 68.93% Test OOD1: 65.87% Test OOD2: 53.57% Test OOD3: 62.95% 
Epoch: 29, Loss: 0.6075, Train: 73.54%, Valid: 68.06%, Test In: 68.74% Test OOD1: 65.92% Test OOD2: 53.52% Test OOD3: 62.79% 
Epoch: 30, Loss: 0.6029, Train: 73.69%, Valid: 67.68%, Test In: 68.42% Test OOD1: 65.02% Test OOD2: 53.70% Test OOD3: 62.41% 
Epoch: 31, Loss: 0.5981, Train: 74.28%, Valid: 67.92%, Test In: 68.68% Test OOD1: 64.81% Test OOD2: 53.84% Test OOD3: 62.61% 
Epoch: 32, Loss: 0.6006, Train: 74.21%, Valid: 67.97%, Test In: 68.77% Test OOD1: 65.38% Test OOD2: 53.66% Test OOD3: 62.64% 
Epoch: 33, Loss: 0.5895, Train: 73.73%, Valid: 67.62%, Test In: 68.51% Test OOD1: 65.50% Test OOD2: 53.57% Test OOD3: 62.51% 
Epoch: 34, Loss: 0.5984, Train: 74.83%, Valid: 68.38%, Test In: 69.17% Test OOD1: 65.32% Test OOD2: 53.82% Test OOD3: 62.79% 
Epoch: 35, Loss: 0.5923, Train: 74.90%, Valid: 68.02%, Test In: 68.84% Test OOD1: 64.87% Test OOD2: 53.83% Test OOD3: 62.57% 
Epoch: 36, Loss: 0.5903, Train: 74.10%, Valid: 67.48%, Test In: 68.32% Test OOD1: 65.24% Test OOD2: 53.60% Test OOD3: 62.39% 
Epoch: 37, Loss: 0.5860, Train: 74.52%, Valid: 67.82%, Test In: 68.56% Test OOD1: 65.66% Test OOD2: 53.51% Test OOD3: 62.59% 
Epoch: 38, Loss: 0.5792, Train: 75.28%, Valid: 68.17%, Test In: 68.89% Test OOD1: 65.25% Test OOD2: 53.74% Test OOD3: 62.61% 
Epoch: 39, Loss: 0.5792, Train: 75.32%, Valid: 67.96%, Test In: 68.64% Test OOD1: 65.00% Test OOD2: 53.68% Test OOD3: 62.44% 
Epoch: 40, Loss: 0.5741, Train: 74.73%, Valid: 67.56%, Test In: 68.25% Test OOD1: 65.14% Test OOD2: 53.48% Test OOD3: 62.28% 
Epoch: 41, Loss: 0.5731, Train: 75.31%, Valid: 67.89%, Test In: 68.51% Test OOD1: 65.18% Test OOD2: 53.53% Test OOD3: 62.41% 
Epoch: 42, Loss: 0.5671, Train: 75.81%, Valid: 68.11%, Test In: 68.73% Test OOD1: 65.04% Test OOD2: 53.65% Test OOD3: 62.50% 
Epoch: 43, Loss: 0.5642, Train: 75.63%, Valid: 67.80%, Test In: 68.45% Test OOD1: 64.96% Test OOD2: 53.49% Test OOD3: 62.35% 
Epoch: 44, Loss: 0.5614, Train: 75.53%, Valid: 67.65%, Test In: 68.36% Test OOD1: 64.83% Test OOD2: 53.43% Test OOD3: 62.31% 
Epoch: 45, Loss: 0.5583, Train: 76.35%, Valid: 68.38%, Test In: 68.95% Test OOD1: 65.35% Test OOD2: 53.53% Test OOD3: 62.74% 
Epoch: 46, Loss: 0.5587, Train: 76.35%, Valid: 67.99%, Test In: 68.65% Test OOD1: 65.01% Test OOD2: 53.42% Test OOD3: 62.54% 
Epoch: 47, Loss: 0.5483, Train: 75.41%, Valid: 67.32%, Test In: 68.11% Test OOD1: 64.47% Test OOD2: 53.29% Test OOD3: 62.20% 
Epoch: 48, Loss: 0.5623, Train: 76.84%, Valid: 68.43%, Test In: 69.01% Test OOD1: 65.51% Test OOD2: 53.38% Test OOD3: 62.87% 
Epoch: 49, Loss: 0.5538, Train: 77.28%, Valid: 68.35%, Test In: 68.97% Test OOD1: 64.64% Test OOD2: 53.50% Test OOD3: 62.71% 
Epoch: 50, Loss: 0.5543, Train: 76.47%, Valid: 67.69%, Test In: 68.38% Test OOD1: 64.89% Test OOD2: 53.21% Test OOD3: 62.44% 
Epoch: 51, Loss: 0.5347, Train: 76.22%, Valid: 67.41%, Test In: 68.13% Test OOD1: 64.62% Test OOD2: 53.18% Test OOD3: 62.25% 
Epoch: 52, Loss: 0.5373, Train: 77.53%, Valid: 67.92%, Test In: 68.63% Test OOD1: 64.45% Test OOD2: 53.28% Test OOD3: 62.43% 
Epoch: 53, Loss: 0.5309, Train: 77.75%, Valid: 68.35%, Test In: 68.96% Test OOD1: 65.19% Test OOD2: 53.23% Test OOD3: 62.75% 
Epoch: 54, Loss: 0.5389, Train: 77.81%, Valid: 67.68%, Test In: 68.45% Test OOD1: 64.06% Test OOD2: 53.19% Test OOD3: 62.27% 
Epoch: 55, Loss: 0.5261, Train: 76.74%, Valid: 67.33%, Test In: 68.11% Test OOD1: 64.79% Test OOD2: 52.92% Test OOD3: 62.25% 
Epoch: 56, Loss: 0.5401, Train: 78.01%, Valid: 67.67%, Test In: 68.49% Test OOD1: 64.23% Test OOD2: 53.12% Test OOD3: 62.32% 
Epoch: 57, Loss: 0.5221, Train: 78.51%, Valid: 68.09%, Test In: 68.82% Test OOD1: 64.59% Test OOD2: 53.10% Test OOD3: 62.53% 
Epoch: 58, Loss: 0.5261, Train: 78.23%, Valid: 68.11%, Test In: 68.86% Test OOD1: 65.25% Test OOD2: 52.93% Test OOD3: 62.61% 
Epoch: 59, Loss: 0.5220, Train: 77.99%, Valid: 67.42%, Test In: 68.22% Test OOD1: 63.87% Test OOD2: 53.01% Test OOD3: 62.14% 
Epoch: 60, Loss: 0.5198, Train: 78.16%, Valid: 67.77%, Test In: 68.54% Test OOD1: 64.85% Test OOD2: 52.81% Test OOD3: 62.46% 
Epoch: 61, Loss: 0.5179, Train: 78.92%, Valid: 68.15%, Test In: 69.00% Test OOD1: 64.76% Test OOD2: 52.89% Test OOD3: 62.62% 
Epoch: 62, Loss: 0.5109, Train: 78.98%, Valid: 67.82%, Test In: 68.76% Test OOD1: 64.18% Test OOD2: 52.84% Test OOD3: 62.47% 
Epoch: 63, Loss: 0.4979, Train: 78.21%, Valid: 67.50%, Test In: 68.47% Test OOD1: 64.25% Test OOD2: 52.61% Test OOD3: 62.43% 
Epoch: 64, Loss: 0.5098, Train: 79.11%, Valid: 68.01%, Test In: 68.96% Test OOD1: 64.50% Test OOD2: 52.71% Test OOD3: 62.65% 
Epoch: 65, Loss: 0.4995, Train: 79.44%, Valid: 67.81%, Test In: 68.74% Test OOD1: 63.96% Test OOD2: 52.67% Test OOD3: 62.48% 
Epoch: 66, Loss: 0.4998, Train: 78.88%, Valid: 67.61%, Test In: 68.55% Test OOD1: 63.93% Test OOD2: 52.58% Test OOD3: 62.40% 
Epoch: 67, Loss: 0.4931, Train: 79.36%, Valid: 67.79%, Test In: 68.75% Test OOD1: 64.29% Test OOD2: 52.55% Test OOD3: 62.56% 
Epoch: 68, Loss: 0.4812, Train: 79.85%, Valid: 67.71%, Test In: 68.76% Test OOD1: 63.93% Test OOD2: 52.58% Test OOD3: 62.49% 
Epoch: 69, Loss: 0.4860, Train: 79.57%, Valid: 67.65%, Test In: 68.80% Test OOD1: 63.72% Test OOD2: 52.56% Test OOD3: 62.44% 
Epoch: 70, Loss: 0.4864, Train: 79.78%, Valid: 67.58%, Test In: 68.75% Test OOD1: 64.11% Test OOD2: 52.39% Test OOD3: 62.52% 
Epoch: 71, Loss: 0.4825, Train: 80.52%, Valid: 67.83%, Test In: 69.03% Test OOD1: 63.95% Test OOD2: 52.55% Test OOD3: 62.53% 
Epoch: 72, Loss: 0.4691, Train: 80.61%, Valid: 67.61%, Test In: 68.85% Test OOD1: 63.51% Test OOD2: 52.49% Test OOD3: 62.37% 
Epoch: 73, Loss: 0.4651, Train: 80.84%, Valid: 67.82%, Test In: 69.03% Test OOD1: 64.30% Test OOD2: 52.44% Test OOD3: 62.59% 
Epoch: 74, Loss: 0.4686, Train: 80.89%, Valid: 67.73%, Test In: 69.03% Test OOD1: 63.64% Test OOD2: 52.52% Test OOD3: 62.44% 
Epoch: 75, Loss: 0.4639, Train: 81.46%, Valid: 67.77%, Test In: 69.03% Test OOD1: 63.83% Test OOD2: 52.47% Test OOD3: 62.51% 
Epoch: 76, Loss: 0.4590, Train: 81.56%, Valid: 67.86%, Test In: 69.14% Test OOD1: 63.86% Test OOD2: 52.47% Test OOD3: 62.53% 
Epoch: 77, Loss: 0.4483, Train: 82.13%, Valid: 67.94%, Test In: 69.15% Test OOD1: 63.88% Test OOD2: 52.44% Test OOD3: 62.53% 
Epoch: 78, Loss: 0.4386, Train: 82.29%, Valid: 67.91%, Test In: 69.03% Test OOD1: 63.70% Test OOD2: 52.42% Test OOD3: 62.46% 
Epoch: 79, Loss: 0.4371, Train: 82.85%, Valid: 68.29%, Test In: 69.34% Test OOD1: 64.04% Test OOD2: 52.46% Test OOD3: 62.56% 
Epoch: 80, Loss: 0.4460, Train: 82.04%, Valid: 67.94%, Test In: 68.82% Test OOD1: 63.76% Test OOD2: 52.39% Test OOD3: 62.41% 
Epoch: 81, Loss: 0.4786, Train: 82.69%, Valid: 68.56%, Test In: 69.65% Test OOD1: 63.73% Test OOD2: 52.54% Test OOD3: 62.49% 
Epoch: 82, Loss: 0.5521, Train: 82.38%, Valid: 68.23%, Test In: 69.07% Test OOD1: 64.48% Test OOD2: 52.37% Test OOD3: 62.69% 
Epoch: 83, Loss: 0.4476, Train: 81.91%, Valid: 67.88%, Test In: 68.70% Test OOD1: 63.94% Test OOD2: 52.39% Test OOD3: 62.45% 
Epoch: 84, Loss: 0.4921, Train: 83.11%, Valid: 68.45%, Test In: 69.45% Test OOD1: 64.45% Test OOD2: 52.40% Test OOD3: 62.69% 
Epoch: 85, Loss: 0.4870, Train: 83.26%, Valid: 68.53%, Test In: 69.53% Test OOD1: 64.20% Test OOD2: 52.45% Test OOD3: 62.77% 
Epoch: 86, Loss: 0.4728, Train: 82.86%, Valid: 67.84%, Test In: 68.79% Test OOD1: 64.28% Test OOD2: 52.19% Test OOD3: 62.62% 
Epoch: 87, Loss: 0.4354, Train: 82.19%, Valid: 67.43%, Test In: 68.32% Test OOD1: 63.98% Test OOD2: 52.22% Test OOD3: 62.30% 
Epoch: 88, Loss: 0.4609, Train: 83.06%, Valid: 67.34%, Test In: 68.23% Test OOD1: 63.41% Test OOD2: 52.35% Test OOD3: 62.09% 
Epoch: 89, Loss: 0.4302, Train: 83.38%, Valid: 67.73%, Test In: 68.79% Test OOD1: 64.21% Test OOD2: 52.43% Test OOD3: 62.39% 
Epoch: 90, Loss: 0.4387, Train: 83.50%, Valid: 67.63%, Test In: 68.74% Test OOD1: 64.25% Test OOD2: 52.50% Test OOD3: 62.46% 
Epoch: 91, Loss: 0.4231, Train: 83.26%, Valid: 67.23%, Test In: 68.13% Test OOD1: 63.77% Test OOD2: 52.43% Test OOD3: 62.19% 
Epoch: 92, Loss: 0.4322, Train: 83.04%, Valid: 67.07%, Test In: 67.94% Test OOD1: 63.87% Test OOD2: 52.45% Test OOD3: 62.16% 
Epoch: 93, Loss: 0.4192, Train: 83.14%, Valid: 67.02%, Test In: 67.86% Test OOD1: 63.62% Test OOD2: 52.50% Test OOD3: 62.07% 
Epoch: 94, Loss: 0.4212, Train: 83.88%, Valid: 67.12%, Test In: 67.90% Test OOD1: 63.64% Test OOD2: 52.50% Test OOD3: 62.14% 
Epoch: 95, Loss: 0.4100, Train: 84.10%, Valid: 67.25%, Test In: 68.02% Test OOD1: 63.92% Test OOD2: 52.44% Test OOD3: 62.33% 
Epoch: 96, Loss: 0.4143, Train: 84.61%, Valid: 67.21%, Test In: 67.99% Test OOD1: 63.65% Test OOD2: 52.48% Test OOD3: 62.33% 
Epoch: 97, Loss: 0.4056, Train: 84.51%, Valid: 67.24%, Test In: 67.97% Test OOD1: 63.93% Test OOD2: 52.46% Test OOD3: 62.40% 
Epoch: 98, Loss: 0.4043, Train: 84.28%, Valid: 67.30%, Test In: 67.82% Test OOD1: 64.03% Test OOD2: 52.46% Test OOD3: 62.36% 
Epoch: 99, Loss: 0.3919, Train: 84.26%, Valid: 67.29%, Test In: 67.69% Test OOD1: 63.75% Test OOD2: 52.47% Test OOD3: 62.21% 
Epoch: 100, Loss: 0.4011, Train: 85.16%, Valid: 67.35%, Test In: 68.01% Test OOD1: 63.78% Test OOD2: 52.55% Test OOD3: 62.34% 
Epoch: 101, Loss: 0.3909, Train: 85.60%, Valid: 67.30%, Test In: 68.00% Test OOD1: 63.36% Test OOD2: 52.62% Test OOD3: 62.31% 
Epoch: 102, Loss: 0.3846, Train: 85.57%, Valid: 67.48%, Test In: 68.12% Test OOD1: 63.62% Test OOD2: 52.62% Test OOD3: 62.38% 
Epoch: 103, Loss: 0.3870, Train: 85.84%, Valid: 67.52%, Test In: 68.12% Test OOD1: 63.68% Test OOD2: 52.64% Test OOD3: 62.37% 
Epoch: 104, Loss: 0.3714, Train: 86.04%, Valid: 67.55%, Test In: 68.07% Test OOD1: 63.70% Test OOD2: 52.64% Test OOD3: 62.29% 
Epoch: 105, Loss: 0.3676, Train: 86.39%, Valid: 67.61%, Test In: 68.04% Test OOD1: 63.52% Test OOD2: 52.60% Test OOD3: 62.16% 
Epoch: 106, Loss: 0.3668, Train: 86.95%, Valid: 67.64%, Test In: 68.24% Test OOD1: 63.60% Test OOD2: 52.54% Test OOD3: 62.21% 
Epoch: 107, Loss: 0.3613, Train: 87.32%, Valid: 67.71%, Test In: 68.21% Test OOD1: 63.50% Test OOD2: 52.52% Test OOD3: 62.11% 
Epoch: 108, Loss: 0.3518, Train: 87.27%, Valid: 67.74%, Test In: 68.08% Test OOD1: 63.39% Test OOD2: 52.51% Test OOD3: 62.03% 
Epoch: 109, Loss: 0.3589, Train: 87.41%, Valid: 67.76%, Test In: 68.31% Test OOD1: 63.71% Test OOD2: 52.46% Test OOD3: 62.18% 
Epoch: 110, Loss: 0.4093, Train: 87.33%, Valid: 67.48%, Test In: 67.89% Test OOD1: 62.75% Test OOD2: 52.44% Test OOD3: 61.75% 
Epoch: 111, Loss: 0.4559, Train: 87.42%, Valid: 68.16%, Test In: 68.50% Test OOD1: 64.03% Test OOD2: 52.45% Test OOD3: 62.38% 
Epoch: 112, Loss: 0.3443, Train: 87.50%, Valid: 68.16%, Test In: 68.49% Test OOD1: 64.26% Test OOD2: 52.35% Test OOD3: 62.45% 
Epoch: 113, Loss: 0.4043, Train: 88.05%, Valid: 68.14%, Test In: 68.35% Test OOD1: 63.73% Test OOD2: 52.49% Test OOD3: 62.25% 
Epoch: 114, Loss: 0.3330, Train: 88.47%, Valid: 67.87%, Test In: 68.14% Test OOD1: 63.09% Test OOD2: 52.42% Test OOD3: 61.92% 
Epoch: 115, Loss: 0.3690, Train: 88.89%, Valid: 67.95%, Test In: 68.22% Test OOD1: 63.05% Test OOD2: 52.43% Test OOD3: 61.97% 
Epoch: 116, Loss: 0.3413, Train: 88.80%, Valid: 68.09%, Test In: 68.36% Test OOD1: 63.45% Test OOD2: 52.47% Test OOD3: 62.06% 
Epoch: 117, Loss: 0.3385, Train: 88.82%, Valid: 68.13%, Test In: 68.53% Test OOD1: 63.75% Test OOD2: 52.43% Test OOD3: 62.21% 
Epoch: 118, Loss: 0.3597, Train: 88.55%, Valid: 68.13%, Test In: 68.38% Test OOD1: 63.53% Test OOD2: 52.38% Test OOD3: 62.07% 
Epoch: 119, Loss: 0.3494, Train: 88.60%, Valid: 68.18%, Test In: 68.66% Test OOD1: 63.79% Test OOD2: 52.38% Test OOD3: 62.26% 
Epoch: 120, Loss: 0.3645, Train: 88.98%, Valid: 67.97%, Test In: 68.17% Test OOD1: 63.24% Test OOD2: 52.30% Test OOD3: 61.82% 
Epoch: 121, Loss: 0.3347, Train: 89.26%, Valid: 67.89%, Test In: 68.07% Test OOD1: 63.43% Test OOD2: 52.26% Test OOD3: 61.76% 
Epoch: 122, Loss: 0.3305, Train: 89.81%, Valid: 67.82%, Test In: 68.14% Test OOD1: 63.08% Test OOD2: 52.31% Test OOD3: 61.69% 
Epoch: 123, Loss: 0.3407, Train: 89.79%, Valid: 67.84%, Test In: 68.16% Test OOD1: 63.36% Test OOD2: 52.33% Test OOD3: 61.76% 
Epoch: 124, Loss: 0.3399, Train: 89.73%, Valid: 67.68%, Test In: 67.74% Test OOD1: 62.96% Test OOD2: 52.22% Test OOD3: 61.43% 
Epoch: 125, Loss: 0.3578, Train: 89.33%, Valid: 67.95%, Test In: 67.93% Test OOD1: 63.89% Test OOD2: 52.07% Test OOD3: 61.84% 
Epoch: 126, Loss: 0.3588, Train: 89.73%, Valid: 68.09%, Test In: 68.10% Test OOD1: 63.65% Test OOD2: 52.11% Test OOD3: 61.88% 
Epoch: 127, Loss: 0.3180, Train: 90.47%, Valid: 67.98%, Test In: 67.98% Test OOD1: 63.05% Test OOD2: 52.12% Test OOD3: 61.62% 
Epoch: 128, Loss: 0.3233, Train: 90.39%, Valid: 67.89%, Test In: 67.97% Test OOD1: 63.17% Test OOD2: 52.14% Test OOD3: 61.65% 
Epoch: 129, Loss: 0.3341, Train: 90.73%, Valid: 68.04%, Test In: 68.08% Test OOD1: 63.41% Test OOD2: 52.12% Test OOD3: 61.81% 
Epoch: 130, Loss: 0.3043, Train: 90.71%, Valid: 67.99%, Test In: 67.89% Test OOD1: 63.40% Test OOD2: 52.01% Test OOD3: 61.74% 
Epoch: 131, Loss: 0.3220, Train: 90.56%, Valid: 67.95%, Test In: 67.84% Test OOD1: 63.57% Test OOD2: 52.06% Test OOD3: 61.77% 
Epoch: 132, Loss: 0.3049, Train: 91.22%, Valid: 67.95%, Test In: 67.99% Test OOD1: 63.39% Test OOD2: 52.24% Test OOD3: 61.73% 
Epoch: 133, Loss: 0.3115, Train: 91.46%, Valid: 67.94%, Test In: 67.96% Test OOD1: 63.22% Test OOD2: 52.27% Test OOD3: 61.65% 
Epoch: 134, Loss: 0.2969, Train: 91.40%, Valid: 68.08%, Test In: 67.89% Test OOD1: 63.43% Test OOD2: 52.20% Test OOD3: 61.64% 
Epoch: 135, Loss: 0.3063, Train: 91.55%, Valid: 68.23%, Test In: 67.97% Test OOD1: 63.65% Test OOD2: 52.20% Test OOD3: 61.78% 
Epoch: 136, Loss: 0.2897, Train: 91.74%, Valid: 68.24%, Test In: 68.03% Test OOD1: 63.52% Test OOD2: 52.28% Test OOD3: 61.76% 
Epoch: 137, Loss: 0.2978, Train: 92.04%, Valid: 68.22%, Test In: 68.05% Test OOD1: 63.32% Test OOD2: 52.26% Test OOD3: 61.70% 
Epoch: 138, Loss: 0.2873, Train: 92.25%, Valid: 68.15%, Test In: 68.06% Test OOD1: 62.86% Test OOD2: 52.29% Test OOD3: 61.58% 
Epoch: 139, Loss: 0.2924, Train: 92.45%, Valid: 68.31%, Test In: 68.19% Test OOD1: 63.30% Test OOD2: 52.21% Test OOD3: 61.73% 
Epoch: 140, Loss: 0.2807, Train: 92.26%, Valid: 68.32%, Test In: 68.21% Test OOD1: 63.46% Test OOD2: 52.25% Test OOD3: 61.74% 
Epoch: 141, Loss: 0.2830, Train: 92.62%, Valid: 68.39%, Test In: 68.36% Test OOD1: 63.53% Test OOD2: 52.22% Test OOD3: 61.81% 
Epoch: 142, Loss: 0.2741, Train: 92.86%, Valid: 68.35%, Test In: 68.25% Test OOD1: 63.35% Test OOD2: 52.17% Test OOD3: 61.63% 
Epoch: 143, Loss: 0.2739, Train: 93.16%, Valid: 68.30%, Test In: 68.25% Test OOD1: 63.09% Test OOD2: 52.21% Test OOD3: 61.55% 
Epoch: 144, Loss: 0.2632, Train: 93.33%, Valid: 68.40%, Test In: 68.37% Test OOD1: 63.39% Test OOD2: 52.16% Test OOD3: 61.65% 
Epoch: 145, Loss: 0.2679, Train: 93.22%, Valid: 68.38%, Test In: 68.34% Test OOD1: 63.39% Test OOD2: 52.21% Test OOD3: 61.65% 
Epoch: 146, Loss: 0.2604, Train: 93.72%, Valid: 68.43%, Test In: 68.39% Test OOD1: 63.25% Test OOD2: 52.22% Test OOD3: 61.62% 
Epoch: 147, Loss: 0.2559, Train: 93.98%, Valid: 68.30%, Test In: 68.29% Test OOD1: 63.00% Test OOD2: 52.32% Test OOD3: 61.43% 
Epoch: 148, Loss: 0.2478, Train: 94.12%, Valid: 68.36%, Test In: 68.33% Test OOD1: 63.10% Test OOD2: 52.36% Test OOD3: 61.45% 
Epoch: 149, Loss: 0.2446, Train: 94.17%, Valid: 68.53%, Test In: 68.36% Test OOD1: 63.45% Test OOD2: 52.23% Test OOD3: 61.58% 
Epoch: 150, Loss: 0.2457, Train: 94.38%, Valid: 68.46%, Test In: 68.39% Test OOD1: 63.27% Test OOD2: 52.32% Test OOD3: 61.49% 
Epoch: 151, Loss: 0.2396, Train: 94.72%, Valid: 68.38%, Test In: 68.32% Test OOD1: 62.77% Test OOD2: 52.32% Test OOD3: 61.31% 
Epoch: 152, Loss: 0.2490, Train: 94.82%, Valid: 68.38%, Test In: 68.32% Test OOD1: 62.96% Test OOD2: 52.25% Test OOD3: 61.29% 
Epoch: 153, Loss: 0.2630, Train: 94.59%, Valid: 68.48%, Test In: 68.42% Test OOD1: 63.01% Test OOD2: 52.34% Test OOD3: 61.40% 
Epoch: 154, Loss: 0.2885, Train: 94.53%, Valid: 68.46%, Test In: 68.31% Test OOD1: 63.38% Test OOD2: 52.26% Test OOD3: 61.42% 
Epoch: 155, Loss: 0.2988, Train: 94.67%, Valid: 68.59%, Test In: 68.54% Test OOD1: 62.96% Test OOD2: 52.42% Test OOD3: 61.43% 
Epoch: 156, Loss: 0.3139, Train: 94.93%, Valid: 68.12%, Test In: 68.06% Test OOD1: 62.76% Test OOD2: 52.36% Test OOD3: 61.03% 
Epoch: 157, Loss: 0.2628, Train: 94.26%, Valid: 68.09%, Test In: 67.98% Test OOD1: 63.43% Test OOD2: 52.13% Test OOD3: 61.21% 
Epoch: 158, Loss: 0.2952, Train: 94.55%, Valid: 68.03%, Test In: 68.08% Test OOD1: 63.34% Test OOD2: 52.23% Test OOD3: 61.32% 
Epoch: 159, Loss: 0.2411, Train: 94.93%, Valid: 68.14%, Test In: 68.18% Test OOD1: 63.15% Test OOD2: 52.19% Test OOD3: 61.37% 
Epoch: 160, Loss: 0.2791, Train: 94.87%, Valid: 67.64%, Test In: 67.89% Test OOD1: 62.74% Test OOD2: 52.30% Test OOD3: 61.20% 
Epoch: 161, Loss: 0.2419, Train: 94.83%, Valid: 67.51%, Test In: 67.65% Test OOD1: 62.63% Test OOD2: 52.19% Test OOD3: 61.05% 
Epoch: 162, Loss: 0.2322, Train: 94.95%, Valid: 67.45%, Test In: 67.58% Test OOD1: 62.85% Test OOD2: 52.16% Test OOD3: 61.02% 
Epoch: 163, Loss: 0.2251, Train: 95.23%, Valid: 67.41%, Test In: 67.50% Test OOD1: 62.89% Test OOD2: 52.21% Test OOD3: 60.95% 
Epoch: 164, Loss: 0.2181, Train: 95.44%, Valid: 67.40%, Test In: 67.29% Test OOD1: 62.81% Test OOD2: 52.08% Test OOD3: 60.79% 
Epoch: 165, Loss: 0.2252, Train: 95.78%, Valid: 67.39%, Test In: 67.42% Test OOD1: 62.71% Test OOD2: 52.32% Test OOD3: 60.81% 
Epoch: 166, Loss: 0.2330, Train: 95.99%, Valid: 67.50%, Test In: 67.40% Test OOD1: 62.87% Test OOD2: 52.19% Test OOD3: 60.91% 
Epoch: 167, Loss: 0.2347, Train: 95.86%, Valid: 67.57%, Test In: 67.43% Test OOD1: 63.14% Test OOD2: 52.21% Test OOD3: 61.08% 
Epoch: 168, Loss: 0.2100, Train: 96.00%, Valid: 67.52%, Test In: 67.45% Test OOD1: 63.14% Test OOD2: 52.25% Test OOD3: 61.14% 
Epoch: 169, Loss: 0.1930, Train: 96.23%, Valid: 67.47%, Test In: 67.36% Test OOD1: 63.02% Test OOD2: 52.18% Test OOD3: 61.06% 
Epoch: 170, Loss: 0.2094, Train: 96.45%, Valid: 67.39%, Test In: 67.38% Test OOD1: 62.84% Test OOD2: 52.30% Test OOD3: 61.02% 
Epoch: 171, Loss: 0.2096, Train: 96.77%, Valid: 67.46%, Test In: 67.36% Test OOD1: 62.91% Test OOD2: 52.21% Test OOD3: 61.04% 
Epoch: 172, Loss: 0.1918, Train: 96.91%, Valid: 67.38%, Test In: 67.28% Test OOD1: 62.59% Test OOD2: 52.25% Test OOD3: 60.92% 
Epoch: 173, Loss: 0.1893, Train: 97.06%, Valid: 67.35%, Test In: 67.25% Test OOD1: 62.66% Test OOD2: 52.19% Test OOD3: 60.93% 
Epoch: 174, Loss: 0.2022, Train: 96.76%, Valid: 67.56%, Test In: 67.39% Test OOD1: 62.92% Test OOD2: 52.24% Test OOD3: 61.16% 
Epoch: 175, Loss: 0.2018, Train: 96.73%, Valid: 67.64%, Test In: 67.43% Test OOD1: 63.13% Test OOD2: 52.20% Test OOD3: 61.28% 
Epoch: 176, Loss: 0.1852, Train: 97.13%, Valid: 67.49%, Test In: 67.42% Test OOD1: 62.63% Test OOD2: 52.32% Test OOD3: 61.09% 
Epoch: 177, Loss: 0.1732, Train: 97.26%, Valid: 67.44%, Test In: 67.32% Test OOD1: 62.40% Test OOD2: 52.34% Test OOD3: 60.90% 
Epoch: 178, Loss: 0.1856, Train: 97.37%, Valid: 67.41%, Test In: 67.31% Test OOD1: 62.49% Test OOD2: 52.38% Test OOD3: 60.86% 
Epoch: 179, Loss: 0.1833, Train: 97.30%, Valid: 67.57%, Test In: 67.35% Test OOD1: 62.86% Test OOD2: 52.31% Test OOD3: 60.99% 
Epoch: 180, Loss: 0.1745, Train: 97.21%, Valid: 67.61%, Test In: 67.27% Test OOD1: 62.82% Test OOD2: 52.30% Test OOD3: 60.99% 
Epoch: 181, Loss: 0.1759, Train: 97.63%, Valid: 67.41%, Test In: 67.30% Test OOD1: 62.43% Test OOD2: 52.36% Test OOD3: 60.91% 
Epoch: 182, Loss: 0.1734, Train: 97.76%, Valid: 67.58%, Test In: 67.32% Test OOD1: 62.64% Test OOD2: 52.25% Test OOD3: 61.04% 
Epoch: 183, Loss: 0.1748, Train: 97.76%, Valid: 67.38%, Test In: 67.35% Test OOD1: 62.34% Test OOD2: 52.37% Test OOD3: 61.05% 
Epoch: 184, Loss: 0.1629, Train: 98.00%, Valid: 67.38%, Test In: 67.25% Test OOD1: 62.35% Test OOD2: 52.27% Test OOD3: 60.99% 
Epoch: 185, Loss: 0.1515, Train: 98.07%, Valid: 67.38%, Test In: 67.19% Test OOD1: 62.43% Test OOD2: 52.25% Test OOD3: 60.96% 
Epoch: 186, Loss: 0.1544, Train: 97.99%, Valid: 67.35%, Test In: 67.30% Test OOD1: 62.45% Test OOD2: 52.34% Test OOD3: 60.98% 
Epoch: 187, Loss: 0.1642, Train: 97.97%, Valid: 67.56%, Test In: 67.24% Test OOD1: 62.75% Test OOD2: 52.20% Test OOD3: 61.06% 
Epoch: 188, Loss: 0.1824, Train: 98.01%, Valid: 67.36%, Test In: 67.42% Test OOD1: 62.19% Test OOD2: 52.38% Test OOD3: 60.99% 
Epoch: 189, Loss: 0.1901, Train: 98.04%, Valid: 67.70%, Test In: 67.44% Test OOD1: 62.62% Test OOD2: 52.26% Test OOD3: 61.15% 
Epoch: 190, Loss: 0.1899, Train: 98.13%, Valid: 67.55%, Test In: 67.50% Test OOD1: 62.56% Test OOD2: 52.30% Test OOD3: 61.20% 
Epoch: 191, Loss: 0.1783, Train: 98.23%, Valid: 67.56%, Test In: 67.31% Test OOD1: 62.53% Test OOD2: 52.21% Test OOD3: 61.10% 
Epoch: 192, Loss: 0.1634, Train: 98.39%, Valid: 67.43%, Test In: 67.14% Test OOD1: 62.39% Test OOD2: 52.22% Test OOD3: 60.98% 
Epoch: 193, Loss: 0.1470, Train: 98.40%, Valid: 67.26%, Test In: 67.15% Test OOD1: 62.30% Test OOD2: 52.31% Test OOD3: 60.96% 
Epoch: 194, Loss: 0.1474, Train: 98.33%, Valid: 67.43%, Test In: 67.19% Test OOD1: 62.54% Test OOD2: 52.27% Test OOD3: 61.04% 
Epoch: 195, Loss: 0.1485, Train: 98.54%, Valid: 67.37%, Test In: 67.15% Test OOD1: 62.34% Test OOD2: 52.26% Test OOD3: 61.00% 
Epoch: 196, Loss: 0.1396, Train: 98.52%, Valid: 67.13%, Test In: 67.13% Test OOD1: 61.93% Test OOD2: 52.26% Test OOD3: 60.88% 
Epoch: 197, Loss: 0.1395, Train: 98.61%, Valid: 67.38%, Test In: 67.24% Test OOD1: 62.34% Test OOD2: 52.12% Test OOD3: 61.05% 
Epoch: 198, Loss: 0.1394, Train: 98.51%, Valid: 67.47%, Test In: 67.23% Test OOD1: 62.54% Test OOD2: 52.13% Test OOD3: 61.17% 
Epoch: 199, Loss: 0.1367, Train: 98.65%, Valid: 67.26%, Test In: 67.20% Test OOD1: 62.20% Test OOD2: 52.21% Test OOD3: 61.02% 
Run 01:
Highest Train: 98.65
Highest Valid: 68.59
Highest In Test: 69.65
Highest OOD Test: 65.98
Highest OOD Test: 53.84
Highest OOD Test: 62.96
Chosen epoch: 156
Final Train: 94.67
Final In Test: 68.54
Final OOD Test: 62.96
Final OOD Test: 52.42
Final OOD Test: 61.43
Epoch: 00, Loss: 0.7719, Train: 43.06%, Valid: 42.80%, Test In: 44.21% Test OOD1: 41.85% Test OOD2: 50.56% Test OOD3: 46.55% 
Epoch: 01, Loss: 0.7641, Train: 41.68%, Valid: 41.91%, Test In: 43.11% Test OOD1: 40.80% Test OOD2: 50.25% Test OOD3: 45.38% 
Epoch: 02, Loss: 0.7500, Train: 41.42%, Valid: 41.77%, Test In: 42.93% Test OOD1: 40.66% Test OOD2: 50.20% Test OOD3: 45.18% 
Epoch: 03, Loss: 0.7320, Train: 42.49%, Valid: 42.63%, Test In: 43.85% Test OOD1: 41.15% Test OOD2: 50.31% Test OOD3: 45.74% 
Epoch: 04, Loss: 0.7199, Train: 48.48%, Valid: 47.52%, Test In: 49.00% Test OOD1: 43.64% Test OOD2: 50.88% Test OOD3: 48.41% 
Epoch: 05, Loss: 0.7203, Train: 70.93%, Valid: 67.08%, Test In: 68.32% Test OOD1: 63.99% Test OOD2: 52.13% Test OOD3: 61.81% 
Epoch: 06, Loss: 0.7123, Train: 66.35%, Valid: 63.99%, Test In: 63.96% Test OOD1: 63.16% Test OOD2: 51.25% Test OOD3: 59.94% 
Epoch: 07, Loss: 0.7041, Train: 65.05%, Valid: 62.97%, Test In: 62.71% Test OOD1: 62.72% Test OOD2: 51.20% Test OOD3: 59.41% 
Epoch: 08, Loss: 0.7012, Train: 64.43%, Valid: 62.46%, Test In: 62.13% Test OOD1: 62.52% Test OOD2: 51.23% Test OOD3: 59.20% 
Epoch: 09, Loss: 0.6996, Train: 64.12%, Valid: 62.20%, Test In: 61.82% Test OOD1: 62.41% Test OOD2: 51.23% Test OOD3: 59.09% 
Epoch: 10, Loss: 0.6967, Train: 63.98%, Valid: 62.06%, Test In: 61.66% Test OOD1: 62.30% Test OOD2: 51.18% Test OOD3: 59.01% 
Epoch: 11, Loss: 0.6915, Train: 63.99%, Valid: 62.03%, Test In: 61.63% Test OOD1: 62.24% Test OOD2: 51.14% Test OOD3: 58.99% 
Epoch: 12, Loss: 0.6878, Train: 64.15%, Valid: 62.09%, Test In: 61.72% Test OOD1: 62.26% Test OOD2: 51.15% Test OOD3: 59.07% 
Epoch: 13, Loss: 0.6870, Train: 64.40%, Valid: 62.19%, Test In: 61.85% Test OOD1: 62.38% Test OOD2: 51.22% Test OOD3: 59.22% 
Epoch: 14, Loss: 0.6844, Train: 64.75%, Valid: 62.34%, Test In: 62.04% Test OOD1: 62.57% Test OOD2: 51.37% Test OOD3: 59.43% 
Epoch: 15, Loss: 0.6796, Train: 65.21%, Valid: 62.56%, Test In: 62.32% Test OOD1: 62.83% Test OOD2: 51.56% Test OOD3: 59.71% 
Epoch: 16, Loss: 0.6755, Train: 65.75%, Valid: 62.86%, Test In: 62.70% Test OOD1: 63.11% Test OOD2: 51.72% Test OOD3: 60.01% 
Epoch: 17, Loss: 0.6714, Train: 66.35%, Valid: 63.24%, Test In: 63.18% Test OOD1: 63.43% Test OOD2: 51.87% Test OOD3: 60.36% 
Epoch: 18, Loss: 0.6676, Train: 67.05%, Valid: 63.66%, Test In: 63.74% Test OOD1: 63.79% Test OOD2: 52.08% Test OOD3: 60.70% 
Epoch: 19, Loss: 0.6611, Train: 67.80%, Valid: 64.07%, Test In: 64.34% Test OOD1: 64.09% Test OOD2: 52.33% Test OOD3: 60.99% 
Epoch: 20, Loss: 0.6548, Train: 68.46%, Valid: 64.70%, Test In: 65.03% Test OOD1: 64.45% Test OOD2: 52.38% Test OOD3: 61.32% 
Epoch: 21, Loss: 0.6473, Train: 69.46%, Valid: 65.23%, Test In: 65.78% Test OOD1: 64.73% Test OOD2: 52.77% Test OOD3: 61.57% 
Epoch: 22, Loss: 0.6390, Train: 70.63%, Valid: 66.21%, Test In: 66.84% Test OOD1: 65.08% Test OOD2: 53.01% Test OOD3: 61.98% 
Epoch: 23, Loss: 0.6318, Train: 70.87%, Valid: 66.42%, Test In: 66.97% Test OOD1: 65.38% Test OOD2: 53.01% Test OOD3: 62.11% 
Epoch: 24, Loss: 0.6292, Train: 72.43%, Valid: 67.59%, Test In: 68.17% Test OOD1: 65.18% Test OOD2: 53.43% Test OOD3: 62.51% 
Epoch: 25, Loss: 0.6236, Train: 72.60%, Valid: 67.71%, Test In: 68.28% Test OOD1: 65.53% Test OOD2: 53.36% Test OOD3: 62.58% 
Epoch: 26, Loss: 0.6085, Train: 72.60%, Valid: 67.50%, Test In: 68.19% Test OOD1: 65.49% Test OOD2: 53.52% Test OOD3: 62.54% 
Epoch: 27, Loss: 0.6153, Train: 73.73%, Valid: 68.45%, Test In: 69.06% Test OOD1: 65.43% Test OOD2: 53.68% Test OOD3: 62.98% 
Epoch: 28, Loss: 0.6040, Train: 74.01%, Valid: 68.34%, Test In: 68.95% Test OOD1: 64.76% Test OOD2: 53.92% Test OOD3: 62.90% 
Epoch: 29, Loss: 0.6082, Train: 73.57%, Valid: 68.28%, Test In: 68.88% Test OOD1: 66.19% Test OOD2: 53.51% Test OOD3: 63.05% 
Epoch: 30, Loss: 0.6110, Train: 73.86%, Valid: 68.12%, Test In: 68.76% Test OOD1: 65.41% Test OOD2: 53.82% Test OOD3: 62.80% 
Epoch: 31, Loss: 0.5922, Train: 74.31%, Valid: 68.00%, Test In: 68.68% Test OOD1: 64.57% Test OOD2: 53.99% Test OOD3: 62.64% 
Epoch: 32, Loss: 0.6023, Train: 74.64%, Valid: 68.45%, Test In: 69.14% Test OOD1: 65.51% Test OOD2: 53.82% Test OOD3: 62.94% 
Epoch: 33, Loss: 0.5917, Train: 74.14%, Valid: 68.05%, Test In: 68.74% Test OOD1: 65.76% Test OOD2: 53.70% Test OOD3: 62.74% 
Epoch: 34, Loss: 0.5865, Train: 74.18%, Valid: 67.86%, Test In: 68.56% Test OOD1: 65.52% Test OOD2: 53.73% Test OOD3: 62.57% 
Epoch: 35, Loss: 0.5902, Train: 74.82%, Valid: 68.33%, Test In: 68.99% Test OOD1: 65.74% Test OOD2: 53.69% Test OOD3: 62.79% 
Epoch: 36, Loss: 0.5812, Train: 74.82%, Valid: 67.95%, Test In: 68.62% Test OOD1: 65.38% Test OOD2: 53.69% Test OOD3: 62.49% 
Epoch: 37, Loss: 0.5802, Train: 74.12%, Valid: 67.14%, Test In: 67.89% Test OOD1: 64.58% Test OOD2: 53.65% Test OOD3: 61.94% 
Epoch: 38, Loss: 0.5854, Train: 74.97%, Valid: 67.96%, Test In: 68.60% Test OOD1: 65.48% Test OOD2: 53.57% Test OOD3: 62.50% 
Epoch: 39, Loss: 0.5711, Train: 75.03%, Valid: 68.11%, Test In: 68.71% Test OOD1: 65.83% Test OOD2: 53.46% Test OOD3: 62.66% 
Epoch: 40, Loss: 0.5741, Train: 74.52%, Valid: 67.47%, Test In: 68.11% Test OOD1: 65.18% Test OOD2: 53.47% Test OOD3: 62.29% 
Epoch: 41, Loss: 0.5726, Train: 74.87%, Valid: 67.61%, Test In: 68.21% Test OOD1: 65.26% Test OOD2: 53.41% Test OOD3: 62.36% 
Epoch: 42, Loss: 0.5624, Train: 75.49%, Valid: 67.93%, Test In: 68.44% Test OOD1: 65.19% Test OOD2: 53.46% Test OOD3: 62.48% 
Epoch: 43, Loss: 0.5636, Train: 75.28%, Valid: 67.42%, Test In: 67.94% Test OOD1: 64.43% Test OOD2: 53.45% Test OOD3: 62.16% 
Epoch: 44, Loss: 0.5595, Train: 75.22%, Valid: 67.45%, Test In: 67.98% Test OOD1: 64.86% Test OOD2: 53.33% Test OOD3: 62.31% 
Epoch: 45, Loss: 0.5538, Train: 76.06%, Valid: 68.16%, Test In: 68.63% Test OOD1: 65.27% Test OOD2: 53.41% Test OOD3: 62.73% 
Epoch: 46, Loss: 0.5570, Train: 75.63%, Valid: 67.57%, Test In: 68.07% Test OOD1: 64.90% Test OOD2: 53.29% Test OOD3: 62.44% 
Epoch: 47, Loss: 0.5459, Train: 75.68%, Valid: 67.57%, Test In: 68.12% Test OOD1: 64.97% Test OOD2: 53.23% Test OOD3: 62.43% 
Epoch: 48, Loss: 0.5438, Train: 76.75%, Valid: 68.05%, Test In: 68.51% Test OOD1: 64.51% Test OOD2: 53.38% Test OOD3: 62.53% 
Epoch: 49, Loss: 0.5566, Train: 76.16%, Valid: 67.53%, Test In: 68.11% Test OOD1: 64.63% Test OOD2: 53.24% Test OOD3: 62.27% 
Epoch: 50, Loss: 0.5356, Train: 76.31%, Valid: 67.53%, Test In: 68.09% Test OOD1: 64.42% Test OOD2: 53.28% Test OOD3: 62.21% 
Epoch: 51, Loss: 0.5307, Train: 77.16%, Valid: 68.24%, Test In: 68.70% Test OOD1: 65.05% Test OOD2: 53.28% Test OOD3: 62.67% 
Epoch: 52, Loss: 0.5445, Train: 76.82%, Valid: 67.73%, Test In: 68.22% Test OOD1: 64.83% Test OOD2: 53.18% Test OOD3: 62.33% 
Epoch: 53, Loss: 0.5201, Train: 76.15%, Valid: 67.38%, Test In: 67.83% Test OOD1: 64.03% Test OOD2: 53.24% Test OOD3: 61.98% 
Epoch: 54, Loss: 0.5447, Train: 77.76%, Valid: 68.46%, Test In: 69.02% Test OOD1: 65.21% Test OOD2: 53.29% Test OOD3: 62.89% 
Epoch: 55, Loss: 0.5579, Train: 77.77%, Valid: 68.10%, Test In: 68.61% Test OOD1: 64.66% Test OOD2: 53.26% Test OOD3: 62.52% 
Epoch: 56, Loss: 0.5320, Train: 76.02%, Valid: 67.23%, Test In: 67.80% Test OOD1: 64.51% Test OOD2: 53.06% Test OOD3: 62.10% 
Epoch: 57, Loss: 0.5439, Train: 77.37%, Valid: 67.72%, Test In: 68.23% Test OOD1: 64.49% Test OOD2: 53.14% Test OOD3: 62.22% 
Epoch: 58, Loss: 0.5106, Train: 78.21%, Valid: 68.04%, Test In: 68.63% Test OOD1: 64.54% Test OOD2: 53.20% Test OOD3: 62.44% 
Epoch: 59, Loss: 0.5235, Train: 78.12%, Valid: 68.03%, Test In: 68.64% Test OOD1: 65.03% Test OOD2: 53.05% Test OOD3: 62.50% 
Epoch: 60, Loss: 0.5164, Train: 77.68%, Valid: 67.57%, Test In: 68.15% Test OOD1: 64.23% Test OOD2: 53.13% Test OOD3: 62.09% 
Epoch: 61, Loss: 0.5103, Train: 77.49%, Valid: 67.18%, Test In: 67.82% Test OOD1: 64.08% Test OOD2: 53.07% Test OOD3: 61.99% 
Epoch: 62, Loss: 0.5114, Train: 78.39%, Valid: 67.66%, Test In: 68.36% Test OOD1: 64.60% Test OOD2: 52.99% Test OOD3: 62.33% 
Epoch: 63, Loss: 0.4974, Train: 79.04%, Valid: 68.04%, Test In: 68.84% Test OOD1: 64.31% Test OOD2: 53.04% Test OOD3: 62.41% 
Epoch: 64, Loss: 0.5074, Train: 79.09%, Valid: 67.83%, Test In: 68.62% Test OOD1: 64.49% Test OOD2: 52.86% Test OOD3: 62.42% 
Epoch: 65, Loss: 0.4965, Train: 78.61%, Valid: 67.61%, Test In: 68.39% Test OOD1: 64.43% Test OOD2: 52.73% Test OOD3: 62.29% 
Epoch: 66, Loss: 0.4913, Train: 79.00%, Valid: 67.72%, Test In: 68.53% Test OOD1: 64.17% Test OOD2: 52.73% Test OOD3: 62.28% 
Epoch: 67, Loss: 0.4868, Train: 79.52%, Valid: 67.96%, Test In: 68.77% Test OOD1: 64.59% Test OOD2: 52.62% Test OOD3: 62.47% 
Epoch: 68, Loss: 0.4906, Train: 79.75%, Valid: 68.17%, Test In: 68.93% Test OOD1: 64.26% Test OOD2: 52.66% Test OOD3: 62.43% 
Epoch: 69, Loss: 0.4930, Train: 79.48%, Valid: 67.80%, Test In: 68.60% Test OOD1: 64.27% Test OOD2: 52.47% Test OOD3: 62.35% 
Epoch: 70, Loss: 0.4908, Train: 79.87%, Valid: 68.03%, Test In: 68.79% Test OOD1: 64.22% Test OOD2: 52.46% Test OOD3: 62.36% 
Epoch: 71, Loss: 0.4792, Train: 80.75%, Valid: 68.28%, Test In: 69.06% Test OOD1: 64.13% Test OOD2: 52.52% Test OOD3: 62.45% 
Epoch: 72, Loss: 0.4732, Train: 80.51%, Valid: 68.10%, Test In: 68.97% Test OOD1: 64.41% Test OOD2: 52.41% Test OOD3: 62.50% 
Epoch: 73, Loss: 0.4698, Train: 80.37%, Valid: 67.97%, Test In: 68.92% Test OOD1: 63.50% Test OOD2: 52.60% Test OOD3: 62.26% 
Epoch: 74, Loss: 0.4797, Train: 80.94%, Valid: 68.08%, Test In: 69.05% Test OOD1: 64.36% Test OOD2: 52.47% Test OOD3: 62.56% 
Epoch: 75, Loss: 0.4712, Train: 81.28%, Valid: 68.39%, Test In: 69.24% Test OOD1: 64.24% Test OOD2: 52.54% Test OOD3: 62.58% 
Epoch: 76, Loss: 0.4612, Train: 81.31%, Valid: 68.06%, Test In: 68.96% Test OOD1: 63.91% Test OOD2: 52.49% Test OOD3: 62.46% 
Epoch: 77, Loss: 0.4511, Train: 81.57%, Valid: 68.19%, Test In: 69.04% Test OOD1: 64.36% Test OOD2: 52.36% Test OOD3: 62.56% 
Epoch: 78, Loss: 0.4551, Train: 82.11%, Valid: 68.53%, Test In: 69.29% Test OOD1: 63.78% Test OOD2: 52.58% Test OOD3: 62.46% 
Epoch: 79, Loss: 0.4606, Train: 82.10%, Valid: 68.33%, Test In: 69.18% Test OOD1: 64.21% Test OOD2: 52.46% Test OOD3: 62.48% 
Epoch: 80, Loss: 0.4407, Train: 82.42%, Valid: 68.25%, Test In: 69.12% Test OOD1: 64.01% Test OOD2: 52.45% Test OOD3: 62.43% 
Epoch: 81, Loss: 0.4497, Train: 82.96%, Valid: 68.60%, Test In: 69.35% Test OOD1: 63.88% Test OOD2: 52.54% Test OOD3: 62.46% 
Epoch: 82, Loss: 0.4425, Train: 82.57%, Valid: 68.52%, Test In: 69.22% Test OOD1: 64.52% Test OOD2: 52.44% Test OOD3: 62.57% 
Epoch: 83, Loss: 0.4411, Train: 83.49%, Valid: 68.47%, Test In: 69.09% Test OOD1: 63.97% Test OOD2: 52.47% Test OOD3: 62.44% 
Epoch: 84, Loss: 0.4450, Train: 83.32%, Valid: 68.45%, Test In: 69.05% Test OOD1: 64.22% Test OOD2: 52.50% Test OOD3: 62.53% 
Epoch: 85, Loss: 0.4279, Train: 83.99%, Valid: 68.78%, Test In: 69.23% Test OOD1: 63.88% Test OOD2: 52.63% Test OOD3: 62.46% 
Epoch: 86, Loss: 0.4197, Train: 84.17%, Valid: 68.82%, Test In: 69.23% Test OOD1: 64.01% Test OOD2: 52.67% Test OOD3: 62.42% 
Epoch: 87, Loss: 0.4110, Train: 84.07%, Valid: 68.66%, Test In: 69.10% Test OOD1: 64.32% Test OOD2: 52.64% Test OOD3: 62.45% 
Epoch: 88, Loss: 0.4147, Train: 85.05%, Valid: 68.70%, Test In: 68.98% Test OOD1: 63.72% Test OOD2: 52.72% Test OOD3: 62.29% 
Epoch: 89, Loss: 0.4135, Train: 84.39%, Valid: 68.74%, Test In: 69.03% Test OOD1: 64.51% Test OOD2: 52.69% Test OOD3: 62.49% 
Epoch: 90, Loss: 0.4236, Train: 85.41%, Valid: 68.98%, Test In: 69.31% Test OOD1: 64.16% Test OOD2: 52.66% Test OOD3: 62.48% 
Epoch: 91, Loss: 0.4374, Train: 84.13%, Valid: 68.53%, Test In: 68.82% Test OOD1: 64.19% Test OOD2: 52.71% Test OOD3: 62.30% 
Epoch: 92, Loss: 0.4551, Train: 85.36%, Valid: 69.13%, Test In: 69.51% Test OOD1: 64.45% Test OOD2: 52.58% Test OOD3: 62.70% 
Epoch: 93, Loss: 0.4620, Train: 85.41%, Valid: 68.77%, Test In: 69.06% Test OOD1: 63.71% Test OOD2: 52.54% Test OOD3: 62.29% 
Epoch: 94, Loss: 0.3993, Train: 84.06%, Valid: 68.34%, Test In: 68.72% Test OOD1: 64.15% Test OOD2: 52.58% Test OOD3: 62.24% 
Epoch: 95, Loss: 0.4273, Train: 84.62%, Valid: 68.26%, Test In: 68.57% Test OOD1: 63.73% Test OOD2: 52.57% Test OOD3: 61.98% 
Epoch: 96, Loss: 0.3989, Train: 85.53%, Valid: 68.45%, Test In: 68.84% Test OOD1: 63.87% Test OOD2: 52.47% Test OOD3: 62.11% 
Epoch: 97, Loss: 0.3783, Train: 85.86%, Valid: 68.53%, Test In: 68.94% Test OOD1: 64.13% Test OOD2: 52.45% Test OOD3: 62.25% 
Epoch: 98, Loss: 0.3908, Train: 86.44%, Valid: 68.36%, Test In: 68.74% Test OOD1: 63.58% Test OOD2: 52.47% Test OOD3: 62.00% 
Epoch: 99, Loss: 0.3886, Train: 86.32%, Valid: 68.17%, Test In: 68.71% Test OOD1: 63.54% Test OOD2: 52.37% Test OOD3: 61.96% 
Epoch: 100, Loss: 0.3799, Train: 85.90%, Valid: 68.04%, Test In: 68.41% Test OOD1: 63.67% Test OOD2: 52.40% Test OOD3: 61.76% 
Epoch: 101, Loss: 0.3823, Train: 86.42%, Valid: 68.02%, Test In: 68.42% Test OOD1: 63.49% Test OOD2: 52.48% Test OOD3: 61.73% 
Epoch: 102, Loss: 0.3725, Train: 86.94%, Valid: 68.15%, Test In: 68.49% Test OOD1: 63.56% Test OOD2: 52.50% Test OOD3: 61.79% 
Epoch: 103, Loss: 0.3597, Train: 87.40%, Valid: 68.28%, Test In: 68.41% Test OOD1: 63.41% Test OOD2: 52.53% Test OOD3: 61.75% 
Epoch: 104, Loss: 0.3619, Train: 87.70%, Valid: 68.44%, Test In: 68.61% Test OOD1: 63.55% Test OOD2: 52.48% Test OOD3: 61.84% 
Epoch: 105, Loss: 0.3678, Train: 87.29%, Valid: 68.43%, Test In: 68.31% Test OOD1: 63.97% Test OOD2: 52.55% Test OOD3: 61.78% 
Epoch: 106, Loss: 0.3761, Train: 87.95%, Valid: 68.47%, Test In: 68.35% Test OOD1: 63.71% Test OOD2: 52.64% Test OOD3: 61.79% 
Epoch: 107, Loss: 0.3670, Train: 87.70%, Valid: 68.43%, Test In: 68.35% Test OOD1: 63.85% Test OOD2: 52.67% Test OOD3: 61.91% 
Epoch: 108, Loss: 0.3602, Train: 87.90%, Valid: 68.34%, Test In: 68.38% Test OOD1: 63.70% Test OOD2: 52.72% Test OOD3: 61.99% 
Epoch: 109, Loss: 0.3664, Train: 88.77%, Valid: 68.34%, Test In: 68.61% Test OOD1: 63.47% Test OOD2: 52.55% Test OOD3: 62.09% 
Epoch: 110, Loss: 0.3450, Train: 88.77%, Valid: 68.01%, Test In: 68.43% Test OOD1: 62.73% Test OOD2: 52.48% Test OOD3: 61.76% 
Epoch: 111, Loss: 0.3824, Train: 88.17%, Valid: 68.10%, Test In: 68.41% Test OOD1: 63.77% Test OOD2: 52.64% Test OOD3: 61.91% 
Epoch: 112, Loss: 0.3895, Train: 88.14%, Valid: 68.15%, Test In: 68.27% Test OOD1: 64.19% Test OOD2: 52.76% Test OOD3: 61.93% 
Epoch: 113, Loss: 0.3637, Train: 88.40%, Valid: 68.15%, Test In: 68.31% Test OOD1: 64.07% Test OOD2: 52.78% Test OOD3: 61.82% 
Epoch: 114, Loss: 0.3550, Train: 89.07%, Valid: 68.12%, Test In: 68.22% Test OOD1: 63.92% Test OOD2: 52.78% Test OOD3: 61.92% 
Epoch: 115, Loss: 0.3375, Train: 89.46%, Valid: 68.16%, Test In: 68.10% Test OOD1: 63.81% Test OOD2: 52.78% Test OOD3: 62.02% 
Epoch: 116, Loss: 0.3362, Train: 89.52%, Valid: 68.18%, Test In: 68.13% Test OOD1: 63.70% Test OOD2: 52.74% Test OOD3: 62.11% 
Epoch: 117, Loss: 0.3508, Train: 89.88%, Valid: 67.99%, Test In: 67.85% Test OOD1: 62.96% Test OOD2: 52.79% Test OOD3: 61.90% 
Epoch: 118, Loss: 0.3712, Train: 89.11%, Valid: 68.19%, Test In: 68.20% Test OOD1: 64.06% Test OOD2: 52.55% Test OOD3: 62.33% 
Epoch: 119, Loss: 0.4012, Train: 89.78%, Valid: 68.35%, Test In: 68.34% Test OOD1: 63.85% Test OOD2: 52.67% Test OOD3: 62.25% 
Epoch: 120, Loss: 0.3216, Train: 90.69%, Valid: 68.24%, Test In: 68.18% Test OOD1: 63.26% Test OOD2: 52.76% Test OOD3: 61.87% 
Epoch: 121, Loss: 0.3582, Train: 90.35%, Valid: 68.41%, Test In: 68.39% Test OOD1: 64.03% Test OOD2: 52.71% Test OOD3: 62.17% 
Epoch: 122, Loss: 0.3315, Train: 89.93%, Valid: 68.30%, Test In: 68.26% Test OOD1: 64.13% Test OOD2: 52.65% Test OOD3: 62.16% 
Epoch: 123, Loss: 0.3456, Train: 90.90%, Valid: 68.29%, Test In: 68.20% Test OOD1: 63.45% Test OOD2: 52.80% Test OOD3: 61.99% 
Epoch: 124, Loss: 0.3355, Train: 91.16%, Valid: 68.26%, Test In: 68.01% Test OOD1: 63.31% Test OOD2: 52.80% Test OOD3: 61.88% 
Epoch: 125, Loss: 0.3411, Train: 90.95%, Valid: 68.43%, Test In: 68.25% Test OOD1: 63.80% Test OOD2: 52.75% Test OOD3: 62.18% 
Epoch: 126, Loss: 0.3145, Train: 90.80%, Valid: 68.39%, Test In: 68.10% Test OOD1: 63.95% Test OOD2: 52.67% Test OOD3: 62.14% 
Epoch: 127, Loss: 0.3146, Train: 91.37%, Valid: 68.40%, Test In: 67.97% Test OOD1: 63.75% Test OOD2: 52.69% Test OOD3: 61.95% 
Epoch: 128, Loss: 0.3073, Train: 91.85%, Valid: 68.37%, Test In: 67.95% Test OOD1: 63.49% Test OOD2: 52.70% Test OOD3: 61.77% 
Epoch: 129, Loss: 0.3168, Train: 91.57%, Valid: 68.34%, Test In: 67.87% Test OOD1: 63.56% Test OOD2: 52.58% Test OOD3: 61.74% 
Epoch: 130, Loss: 0.3177, Train: 92.12%, Valid: 68.40%, Test In: 67.98% Test OOD1: 63.47% Test OOD2: 52.64% Test OOD3: 61.83% 
Epoch: 131, Loss: 0.2976, Train: 92.35%, Valid: 68.42%, Test In: 67.93% Test OOD1: 63.41% Test OOD2: 52.64% Test OOD3: 61.84% 
Epoch: 132, Loss: 0.2977, Train: 92.23%, Valid: 68.53%, Test In: 68.01% Test OOD1: 63.63% Test OOD2: 52.57% Test OOD3: 61.92% 
Epoch: 133, Loss: 0.2986, Train: 92.49%, Valid: 68.59%, Test In: 68.12% Test OOD1: 63.62% Test OOD2: 52.58% Test OOD3: 61.93% 
Epoch: 134, Loss: 0.2987, Train: 92.68%, Valid: 68.56%, Test In: 67.99% Test OOD1: 63.53% Test OOD2: 52.57% Test OOD3: 61.83% 
Epoch: 135, Loss: 0.2956, Train: 93.11%, Valid: 68.59%, Test In: 68.05% Test OOD1: 63.29% Test OOD2: 52.60% Test OOD3: 61.79% 
Epoch: 136, Loss: 0.2852, Train: 93.04%, Valid: 68.66%, Test In: 68.12% Test OOD1: 63.62% Test OOD2: 52.61% Test OOD3: 61.90% 
Epoch: 137, Loss: 0.2793, Train: 93.00%, Valid: 68.70%, Test In: 68.18% Test OOD1: 63.65% Test OOD2: 52.59% Test OOD3: 61.90% 
Epoch: 138, Loss: 0.2799, Train: 93.57%, Valid: 68.76%, Test In: 68.25% Test OOD1: 63.41% Test OOD2: 52.67% Test OOD3: 61.85% 
Epoch: 139, Loss: 0.2786, Train: 93.34%, Valid: 68.80%, Test In: 68.28% Test OOD1: 63.52% Test OOD2: 52.59% Test OOD3: 61.85% 
Epoch: 140, Loss: 0.2857, Train: 93.64%, Valid: 68.87%, Test In: 68.38% Test OOD1: 63.65% Test OOD2: 52.66% Test OOD3: 61.92% 
Epoch: 141, Loss: 0.2978, Train: 93.45%, Valid: 68.79%, Test In: 68.36% Test OOD1: 63.47% Test OOD2: 52.63% Test OOD3: 61.82% 
Epoch: 142, Loss: 0.2951, Train: 93.90%, Valid: 68.84%, Test In: 68.41% Test OOD1: 63.44% Test OOD2: 52.73% Test OOD3: 61.90% 
Epoch: 143, Loss: 0.2841, Train: 93.91%, Valid: 68.83%, Test In: 68.32% Test OOD1: 63.46% Test OOD2: 52.68% Test OOD3: 61.87% 
Epoch: 144, Loss: 0.2576, Train: 93.97%, Valid: 68.83%, Test In: 68.29% Test OOD1: 63.42% Test OOD2: 52.62% Test OOD3: 61.78% 
Epoch: 145, Loss: 0.2607, Train: 94.35%, Valid: 68.85%, Test In: 68.35% Test OOD1: 63.38% Test OOD2: 52.68% Test OOD3: 61.74% 
Epoch: 146, Loss: 0.2732, Train: 94.32%, Valid: 68.80%, Test In: 68.36% Test OOD1: 63.19% Test OOD2: 52.59% Test OOD3: 61.58% 
Epoch: 147, Loss: 0.2583, Train: 94.54%, Valid: 68.87%, Test In: 68.38% Test OOD1: 63.34% Test OOD2: 52.59% Test OOD3: 61.69% 
Epoch: 148, Loss: 0.2446, Train: 94.68%, Valid: 68.89%, Test In: 68.44% Test OOD1: 63.16% Test OOD2: 52.58% Test OOD3: 61.63% 
Epoch: 149, Loss: 0.2474, Train: 94.56%, Valid: 68.88%, Test In: 68.39% Test OOD1: 63.22% Test OOD2: 52.54% Test OOD3: 61.58% 
Epoch: 150, Loss: 0.2523, Train: 94.82%, Valid: 68.91%, Test In: 68.42% Test OOD1: 63.37% Test OOD2: 52.63% Test OOD3: 61.65% 
Epoch: 151, Loss: 0.2572, Train: 94.82%, Valid: 68.85%, Test In: 68.41% Test OOD1: 63.05% Test OOD2: 52.52% Test OOD3: 61.53% 
Epoch: 152, Loss: 0.2414, Train: 94.99%, Valid: 68.81%, Test In: 68.37% Test OOD1: 63.20% Test OOD2: 52.57% Test OOD3: 61.55% 
Epoch: 153, Loss: 0.2375, Train: 95.36%, Valid: 68.75%, Test In: 68.24% Test OOD1: 62.80% Test OOD2: 52.59% Test OOD3: 61.40% 
Epoch: 154, Loss: 0.2409, Train: 95.08%, Valid: 68.62%, Test In: 68.13% Test OOD1: 62.90% Test OOD2: 52.48% Test OOD3: 61.39% 
Epoch: 155, Loss: 0.2457, Train: 95.41%, Valid: 68.79%, Test In: 68.24% Test OOD1: 63.08% Test OOD2: 52.57% Test OOD3: 61.53% 
Epoch: 156, Loss: 0.2345, Train: 95.40%, Valid: 68.77%, Test In: 68.21% Test OOD1: 63.23% Test OOD2: 52.56% Test OOD3: 61.60% 
Epoch: 157, Loss: 0.2218, Train: 95.40%, Valid: 68.61%, Test In: 68.15% Test OOD1: 62.93% Test OOD2: 52.50% Test OOD3: 61.48% 
Epoch: 158, Loss: 0.2242, Train: 95.77%, Valid: 68.70%, Test In: 68.16% Test OOD1: 63.01% Test OOD2: 52.56% Test OOD3: 61.46% 
Epoch: 159, Loss: 0.2250, Train: 95.90%, Valid: 68.65%, Test In: 68.01% Test OOD1: 62.86% Test OOD2: 52.51% Test OOD3: 61.32% 
Epoch: 160, Loss: 0.2315, Train: 95.90%, Valid: 68.58%, Test In: 67.97% Test OOD1: 62.76% Test OOD2: 52.45% Test OOD3: 61.27% 
Epoch: 161, Loss: 0.2455, Train: 96.07%, Valid: 68.66%, Test In: 67.93% Test OOD1: 62.80% Test OOD2: 52.43% Test OOD3: 61.35% 
Epoch: 162, Loss: 0.2476, Train: 96.02%, Valid: 68.70%, Test In: 68.06% Test OOD1: 63.00% Test OOD2: 52.48% Test OOD3: 61.53% 
Epoch: 163, Loss: 0.2399, Train: 96.25%, Valid: 68.55%, Test In: 67.90% Test OOD1: 62.61% Test OOD2: 52.49% Test OOD3: 61.43% 
Epoch: 164, Loss: 0.2119, Train: 96.35%, Valid: 68.48%, Test In: 67.92% Test OOD1: 62.64% Test OOD2: 52.49% Test OOD3: 61.38% 
Epoch: 165, Loss: 0.2081, Train: 96.45%, Valid: 68.45%, Test In: 67.87% Test OOD1: 62.72% Test OOD2: 52.47% Test OOD3: 61.31% 
Epoch: 166, Loss: 0.2282, Train: 96.47%, Valid: 68.36%, Test In: 67.71% Test OOD1: 62.55% Test OOD2: 52.39% Test OOD3: 61.16% 
Epoch: 167, Loss: 0.2223, Train: 96.58%, Valid: 68.46%, Test In: 67.82% Test OOD1: 62.61% Test OOD2: 52.36% Test OOD3: 61.29% 
Epoch: 168, Loss: 0.2215, Train: 96.39%, Valid: 68.42%, Test In: 67.83% Test OOD1: 62.90% Test OOD2: 52.34% Test OOD3: 61.42% 
Epoch: 169, Loss: 0.2365, Train: 96.62%, Valid: 68.37%, Test In: 67.77% Test OOD1: 62.33% Test OOD2: 52.32% Test OOD3: 61.37% 
Epoch: 170, Loss: 0.2231, Train: 96.81%, Valid: 68.36%, Test In: 67.70% Test OOD1: 62.64% Test OOD2: 52.37% Test OOD3: 61.42% 
Epoch: 171, Loss: 0.2005, Train: 96.72%, Valid: 68.23%, Test In: 67.63% Test OOD1: 62.71% Test OOD2: 52.30% Test OOD3: 61.32% 
Epoch: 172, Loss: 0.2088, Train: 97.05%, Valid: 68.22%, Test In: 67.51% Test OOD1: 62.45% Test OOD2: 52.22% Test OOD3: 61.20% 
Epoch: 173, Loss: 0.2114, Train: 97.16%, Valid: 68.12%, Test In: 67.42% Test OOD1: 62.43% Test OOD2: 52.24% Test OOD3: 61.08% 
Epoch: 174, Loss: 0.1965, Train: 97.23%, Valid: 68.05%, Test In: 67.41% Test OOD1: 62.37% Test OOD2: 52.24% Test OOD3: 61.05% 
Epoch: 175, Loss: 0.1958, Train: 97.24%, Valid: 68.19%, Test In: 67.57% Test OOD1: 62.44% Test OOD2: 52.21% Test OOD3: 61.19% 
Epoch: 176, Loss: 0.1996, Train: 97.11%, Valid: 68.21%, Test In: 67.63% Test OOD1: 62.64% Test OOD2: 52.24% Test OOD3: 61.28% 
Epoch: 177, Loss: 0.1925, Train: 97.39%, Valid: 68.20%, Test In: 67.53% Test OOD1: 62.29% Test OOD2: 52.30% Test OOD3: 61.15% 
Epoch: 178, Loss: 0.1908, Train: 97.38%, Valid: 68.30%, Test In: 67.63% Test OOD1: 62.46% Test OOD2: 52.27% Test OOD3: 61.23% 
Epoch: 179, Loss: 0.1932, Train: 97.24%, Valid: 68.24%, Test In: 67.58% Test OOD1: 62.78% Test OOD2: 52.21% Test OOD3: 61.31% 
Epoch: 180, Loss: 0.1940, Train: 97.54%, Valid: 68.15%, Test In: 67.50% Test OOD1: 62.23% Test OOD2: 52.29% Test OOD3: 61.10% 
Epoch: 181, Loss: 0.1890, Train: 97.70%, Valid: 68.14%, Test In: 67.45% Test OOD1: 62.28% Test OOD2: 52.27% Test OOD3: 61.09% 
Epoch: 182, Loss: 0.1834, Train: 97.61%, Valid: 68.13%, Test In: 67.53% Test OOD1: 62.37% Test OOD2: 52.28% Test OOD3: 61.10% 
Epoch: 183, Loss: 0.1799, Train: 97.62%, Valid: 68.23%, Test In: 67.61% Test OOD1: 62.44% Test OOD2: 52.25% Test OOD3: 61.17% 
Epoch: 184, Loss: 0.1827, Train: 97.61%, Valid: 68.20%, Test In: 67.58% Test OOD1: 62.47% Test OOD2: 52.28% Test OOD3: 61.16% 
Epoch: 185, Loss: 0.1876, Train: 97.65%, Valid: 68.21%, Test In: 67.62% Test OOD1: 62.26% Test OOD2: 52.32% Test OOD3: 61.09% 
Epoch: 186, Loss: 0.1896, Train: 97.69%, Valid: 68.18%, Test In: 67.57% Test OOD1: 62.40% Test OOD2: 52.27% Test OOD3: 61.09% 
Epoch: 187, Loss: 0.1841, Train: 97.63%, Valid: 68.20%, Test In: 67.53% Test OOD1: 62.54% Test OOD2: 52.35% Test OOD3: 61.08% 
Epoch: 188, Loss: 0.1877, Train: 97.83%, Valid: 68.00%, Test In: 67.31% Test OOD1: 61.92% Test OOD2: 52.26% Test OOD3: 60.78% 
Epoch: 189, Loss: 0.2050, Train: 97.47%, Valid: 68.02%, Test In: 67.37% Test OOD1: 62.52% Test OOD2: 52.35% Test OOD3: 60.91% 
Epoch: 190, Loss: 0.2556, Train: 97.67%, Valid: 67.91%, Test In: 67.34% Test OOD1: 61.94% Test OOD2: 52.20% Test OOD3: 60.85% 
Epoch: 191, Loss: 0.2632, Train: 97.49%, Valid: 68.04%, Test In: 67.47% Test OOD1: 62.66% Test OOD2: 52.28% Test OOD3: 61.19% 
Epoch: 192, Loss: 0.2476, Train: 97.47%, Valid: 68.07%, Test In: 67.36% Test OOD1: 62.49% Test OOD2: 52.36% Test OOD3: 61.28% 
Epoch: 193, Loss: 0.1741, Train: 97.45%, Valid: 68.02%, Test In: 67.19% Test OOD1: 62.59% Test OOD2: 52.30% Test OOD3: 61.31% 
Epoch: 194, Loss: 0.2368, Train: 97.35%, Valid: 67.78%, Test In: 67.17% Test OOD1: 62.37% Test OOD2: 52.38% Test OOD3: 61.26% 
Epoch: 195, Loss: 0.2096, Train: 97.38%, Valid: 67.70%, Test In: 66.95% Test OOD1: 62.43% Test OOD2: 52.24% Test OOD3: 61.22% 
Epoch: 196, Loss: 0.2122, Train: 97.15%, Valid: 67.56%, Test In: 66.79% Test OOD1: 62.23% Test OOD2: 52.13% Test OOD3: 61.14% 
Epoch: 197, Loss: 0.2086, Train: 97.28%, Valid: 67.46%, Test In: 66.81% Test OOD1: 62.07% Test OOD2: 52.26% Test OOD3: 61.04% 
Epoch: 198, Loss: 0.1946, Train: 97.33%, Valid: 67.21%, Test In: 66.59% Test OOD1: 61.89% Test OOD2: 52.34% Test OOD3: 60.81% 
Epoch: 199, Loss: 0.2106, Train: 97.43%, Valid: 67.19%, Test In: 66.47% Test OOD1: 61.85% Test OOD2: 52.31% Test OOD3: 60.85% 
Run 02:
Highest Train: 97.83
Highest Valid: 69.13
Highest In Test: 69.51
Highest OOD Test: 66.19
Highest OOD Test: 53.99
Highest OOD Test: 63.05
Chosen epoch: 93
Final Train: 85.36
Final In Test: 69.51
Final OOD Test: 64.45
Final OOD Test: 52.58
Final OOD Test: 62.70
Epoch: 00, Loss: 0.7701, Train: 64.88%, Valid: 63.23%, Test In: 62.89% Test OOD1: 62.31% Test OOD2: 50.74% Test OOD3: 59.14% 
Epoch: 01, Loss: 0.7627, Train: 65.32%, Valid: 63.63%, Test In: 63.15% Test OOD1: 62.50% Test OOD2: 50.60% Test OOD3: 58.97% 
Epoch: 02, Loss: 0.7502, Train: 67.00%, Valid: 65.14%, Test In: 64.75% Test OOD1: 63.32% Test OOD2: 50.58% Test OOD3: 59.64% 
Epoch: 03, Loss: 0.7321, Train: 67.84%, Valid: 65.40%, Test In: 66.17% Test OOD1: 52.77% Test OOD2: 51.72% Test OOD3: 56.24% 
Epoch: 04, Loss: 0.7210, Train: 44.73%, Valid: 44.53%, Test In: 45.86% Test OOD1: 41.88% Test OOD2: 50.37% Test OOD3: 46.47% 
Epoch: 05, Loss: 0.7235, Train: 47.58%, Valid: 46.70%, Test In: 48.28% Test OOD1: 43.06% Test OOD2: 50.66% Test OOD3: 47.74% 
Epoch: 06, Loss: 0.7155, Train: 64.24%, Valid: 60.66%, Test In: 62.29% Test OOD1: 52.82% Test OOD2: 52.35% Test OOD3: 56.18% 
Epoch: 07, Loss: 0.7081, Train: 67.69%, Valid: 64.89%, Test In: 65.30% Test OOD1: 63.58% Test OOD2: 51.54% Test OOD3: 60.59% 
Epoch: 08, Loss: 0.7060, Train: 65.39%, Valid: 63.34%, Test In: 63.14% Test OOD1: 62.80% Test OOD2: 51.13% Test OOD3: 59.45% 
Epoch: 09, Loss: 0.7036, Train: 64.57%, Valid: 62.74%, Test In: 62.40% Test OOD1: 62.49% Test OOD2: 51.03% Test OOD3: 59.07% 
Epoch: 10, Loss: 0.6991, Train: 64.24%, Valid: 62.48%, Test In: 62.09% Test OOD1: 62.38% Test OOD2: 51.02% Test OOD3: 58.95% 
Epoch: 11, Loss: 0.6945, Train: 64.17%, Valid: 62.37%, Test In: 62.00% Test OOD1: 62.37% Test OOD2: 51.07% Test OOD3: 58.97% 
Epoch: 12, Loss: 0.6914, Train: 64.29%, Valid: 62.37%, Test In: 62.05% Test OOD1: 62.42% Test OOD2: 51.14% Test OOD3: 59.06% 
Epoch: 13, Loss: 0.6897, Train: 64.50%, Valid: 62.46%, Test In: 62.18% Test OOD1: 62.50% Test OOD2: 51.20% Test OOD3: 59.16% 
Epoch: 14, Loss: 0.6874, Train: 64.81%, Valid: 62.68%, Test In: 62.39% Test OOD1: 62.64% Test OOD2: 51.22% Test OOD3: 59.28% 
Epoch: 15, Loss: 0.6831, Train: 65.30%, Valid: 63.05%, Test In: 62.77% Test OOD1: 62.92% Test OOD2: 51.28% Test OOD3: 59.53% 
Epoch: 16, Loss: 0.6791, Train: 66.09%, Valid: 63.63%, Test In: 63.40% Test OOD1: 63.34% Test OOD2: 51.46% Test OOD3: 59.93% 
Epoch: 17, Loss: 0.6740, Train: 66.93%, Valid: 64.26%, Test In: 64.07% Test OOD1: 63.79% Test OOD2: 51.66% Test OOD3: 60.38% 
Epoch: 18, Loss: 0.6689, Train: 67.81%, Valid: 64.94%, Test In: 64.86% Test OOD1: 64.38% Test OOD2: 51.83% Test OOD3: 60.97% 
Epoch: 19, Loss: 0.6640, Train: 69.19%, Valid: 65.76%, Test In: 65.91% Test OOD1: 64.73% Test OOD2: 52.28% Test OOD3: 61.56% 
Epoch: 20, Loss: 0.6574, Train: 70.21%, Valid: 66.58%, Test In: 66.87% Test OOD1: 65.45% Test OOD2: 52.47% Test OOD3: 62.19% 
Epoch: 21, Loss: 0.6489, Train: 70.84%, Valid: 66.99%, Test In: 67.41% Test OOD1: 65.77% Test OOD2: 52.68% Test OOD3: 62.50% 
Epoch: 22, Loss: 0.6415, Train: 71.81%, Valid: 67.32%, Test In: 67.95% Test OOD1: 65.61% Test OOD2: 53.17% Test OOD3: 62.68% 
Epoch: 23, Loss: 0.6374, Train: 72.27%, Valid: 67.89%, Test In: 68.55% Test OOD1: 66.12% Test OOD2: 53.14% Test OOD3: 63.00% 
Epoch: 24, Loss: 0.6322, Train: 72.53%, Valid: 67.85%, Test In: 68.56% Test OOD1: 65.98% Test OOD2: 53.38% Test OOD3: 62.88% 
Epoch: 25, Loss: 0.6229, Train: 73.12%, Valid: 67.83%, Test In: 68.60% Test OOD1: 64.95% Test OOD2: 53.71% Test OOD3: 62.76% 
Epoch: 26, Loss: 0.6209, Train: 73.25%, Valid: 68.18%, Test In: 68.84% Test OOD1: 65.88% Test OOD2: 53.58% Test OOD3: 62.91% 
Epoch: 27, Loss: 0.6106, Train: 73.41%, Valid: 68.25%, Test In: 68.88% Test OOD1: 66.00% Test OOD2: 53.60% Test OOD3: 62.92% 
Epoch: 28, Loss: 0.6077, Train: 73.88%, Valid: 68.09%, Test In: 68.70% Test OOD1: 64.74% Test OOD2: 53.91% Test OOD3: 62.70% 
Epoch: 29, Loss: 0.6092, Train: 73.79%, Valid: 68.01%, Test In: 68.65% Test OOD1: 65.31% Test OOD2: 53.83% Test OOD3: 62.66% 
Epoch: 30, Loss: 0.5966, Train: 74.13%, Valid: 68.45%, Test In: 69.08% Test OOD1: 66.11% Test OOD2: 53.64% Test OOD3: 63.02% 
Epoch: 31, Loss: 0.5986, Train: 74.42%, Valid: 68.06%, Test In: 68.75% Test OOD1: 65.05% Test OOD2: 53.87% Test OOD3: 62.63% 
Epoch: 32, Loss: 0.5881, Train: 74.23%, Valid: 67.69%, Test In: 68.41% Test OOD1: 64.66% Test OOD2: 53.87% Test OOD3: 62.35% 
Epoch: 33, Loss: 0.5895, Train: 74.87%, Valid: 68.67%, Test In: 69.39% Test OOD1: 65.92% Test OOD2: 53.78% Test OOD3: 63.06% 
Epoch: 34, Loss: 0.5951, Train: 74.75%, Valid: 68.03%, Test In: 68.78% Test OOD1: 65.32% Test OOD2: 53.80% Test OOD3: 62.55% 
Epoch: 35, Loss: 0.5780, Train: 74.07%, Valid: 67.20%, Test In: 67.95% Test OOD1: 64.26% Test OOD2: 53.86% Test OOD3: 61.95% 
Epoch: 36, Loss: 0.5949, Train: 75.42%, Valid: 68.74%, Test In: 69.36% Test OOD1: 65.76% Test OOD2: 53.92% Test OOD3: 62.94% 
Epoch: 37, Loss: 0.5882, Train: 75.43%, Valid: 68.80%, Test In: 69.37% Test OOD1: 66.12% Test OOD2: 53.84% Test OOD3: 63.02% 
Epoch: 38, Loss: 0.5916, Train: 75.10%, Valid: 67.81%, Test In: 68.49% Test OOD1: 65.00% Test OOD2: 53.86% Test OOD3: 62.36% 
Epoch: 39, Loss: 0.5725, Train: 74.18%, Valid: 67.20%, Test In: 67.97% Test OOD1: 64.99% Test OOD2: 53.80% Test OOD3: 62.16% 
Epoch: 40, Loss: 0.5882, Train: 75.15%, Valid: 67.93%, Test In: 68.57% Test OOD1: 65.73% Test OOD2: 53.68% Test OOD3: 62.58% 
Epoch: 41, Loss: 0.5689, Train: 76.09%, Valid: 68.42%, Test In: 69.07% Test OOD1: 65.18% Test OOD2: 53.97% Test OOD3: 62.72% 
Epoch: 42, Loss: 0.5730, Train: 76.29%, Valid: 68.50%, Test In: 69.13% Test OOD1: 65.20% Test OOD2: 53.93% Test OOD3: 62.78% 
Epoch: 43, Loss: 0.5715, Train: 75.94%, Valid: 68.14%, Test In: 68.76% Test OOD1: 65.54% Test OOD2: 53.68% Test OOD3: 62.71% 
Epoch: 44, Loss: 0.5605, Train: 75.39%, Valid: 67.41%, Test In: 68.09% Test OOD1: 64.70% Test OOD2: 53.72% Test OOD3: 62.33% 
Epoch: 45, Loss: 0.5663, Train: 75.85%, Valid: 67.70%, Test In: 68.33% Test OOD1: 65.04% Test OOD2: 53.61% Test OOD3: 62.52% 
Epoch: 46, Loss: 0.5583, Train: 76.69%, Valid: 68.15%, Test In: 68.76% Test OOD1: 65.01% Test OOD2: 53.61% Test OOD3: 62.71% 
Epoch: 47, Loss: 0.5548, Train: 77.00%, Valid: 68.39%, Test In: 69.00% Test OOD1: 65.03% Test OOD2: 53.58% Test OOD3: 62.82% 
Epoch: 48, Loss: 0.5553, Train: 76.97%, Valid: 68.01%, Test In: 68.65% Test OOD1: 64.79% Test OOD2: 53.48% Test OOD3: 62.68% 
Epoch: 49, Loss: 0.5459, Train: 76.50%, Valid: 67.74%, Test In: 68.40% Test OOD1: 64.94% Test OOD2: 53.37% Test OOD3: 62.66% 
Epoch: 50, Loss: 0.5424, Train: 76.83%, Valid: 67.67%, Test In: 68.37% Test OOD1: 64.57% Test OOD2: 53.39% Test OOD3: 62.61% 
Epoch: 51, Loss: 0.5398, Train: 77.52%, Valid: 67.99%, Test In: 68.69% Test OOD1: 64.82% Test OOD2: 53.33% Test OOD3: 62.74% 
Epoch: 52, Loss: 0.5430, Train: 77.87%, Valid: 68.24%, Test In: 68.98% Test OOD1: 65.00% Test OOD2: 53.31% Test OOD3: 62.84% 
Epoch: 53, Loss: 0.5428, Train: 77.84%, Valid: 67.76%, Test In: 68.55% Test OOD1: 64.25% Test OOD2: 53.30% Test OOD3: 62.59% 
Epoch: 54, Loss: 0.5295, Train: 77.34%, Valid: 67.66%, Test In: 68.48% Test OOD1: 64.92% Test OOD2: 53.15% Test OOD3: 62.66% 
Epoch: 55, Loss: 0.5273, Train: 78.16%, Valid: 67.96%, Test In: 68.79% Test OOD1: 64.55% Test OOD2: 53.18% Test OOD3: 62.70% 
Epoch: 56, Loss: 0.5228, Train: 78.49%, Valid: 67.91%, Test In: 68.70% Test OOD1: 64.53% Test OOD2: 53.12% Test OOD3: 62.68% 
Epoch: 57, Loss: 0.5292, Train: 78.52%, Valid: 67.84%, Test In: 68.69% Test OOD1: 64.36% Test OOD2: 53.09% Test OOD3: 62.65% 
Epoch: 58, Loss: 0.5120, Train: 78.12%, Valid: 67.65%, Test In: 68.49% Test OOD1: 64.60% Test OOD2: 52.98% Test OOD3: 62.62% 
Epoch: 59, Loss: 0.5093, Train: 79.10%, Valid: 67.88%, Test In: 68.68% Test OOD1: 64.27% Test OOD2: 53.01% Test OOD3: 62.59% 
Epoch: 60, Loss: 0.5060, Train: 79.19%, Valid: 68.16%, Test In: 68.93% Test OOD1: 64.33% Test OOD2: 53.01% Test OOD3: 62.62% 
Epoch: 61, Loss: 0.5086, Train: 78.54%, Valid: 67.61%, Test In: 68.44% Test OOD1: 64.66% Test OOD2: 52.78% Test OOD3: 62.53% 
Epoch: 62, Loss: 0.5147, Train: 79.50%, Valid: 67.96%, Test In: 68.72% Test OOD1: 63.94% Test OOD2: 52.98% Test OOD3: 62.43% 
Epoch: 63, Loss: 0.4996, Train: 79.80%, Valid: 68.22%, Test In: 68.92% Test OOD1: 64.61% Test OOD2: 52.89% Test OOD3: 62.60% 
Epoch: 64, Loss: 0.4897, Train: 79.46%, Valid: 67.80%, Test In: 68.55% Test OOD1: 64.44% Test OOD2: 52.74% Test OOD3: 62.45% 
Epoch: 65, Loss: 0.4937, Train: 80.28%, Valid: 68.14%, Test In: 68.83% Test OOD1: 64.16% Test OOD2: 52.89% Test OOD3: 62.46% 
Epoch: 66, Loss: 0.4831, Train: 80.22%, Valid: 68.15%, Test In: 68.88% Test OOD1: 64.64% Test OOD2: 52.77% Test OOD3: 62.55% 
Epoch: 67, Loss: 0.4783, Train: 80.40%, Valid: 67.84%, Test In: 68.60% Test OOD1: 64.13% Test OOD2: 52.72% Test OOD3: 62.39% 
Epoch: 68, Loss: 0.4842, Train: 81.07%, Valid: 68.46%, Test In: 69.14% Test OOD1: 64.64% Test OOD2: 52.87% Test OOD3: 62.64% 
Epoch: 69, Loss: 0.4866, Train: 80.87%, Valid: 68.04%, Test In: 68.81% Test OOD1: 64.21% Test OOD2: 52.70% Test OOD3: 62.44% 
Epoch: 70, Loss: 0.4732, Train: 81.29%, Valid: 68.09%, Test In: 68.88% Test OOD1: 64.29% Test OOD2: 52.71% Test OOD3: 62.47% 
Epoch: 71, Loss: 0.4692, Train: 81.08%, Valid: 68.25%, Test In: 69.09% Test OOD1: 64.60% Test OOD2: 52.63% Test OOD3: 62.53% 
Epoch: 72, Loss: 0.4669, Train: 82.13%, Valid: 68.22%, Test In: 69.06% Test OOD1: 63.93% Test OOD2: 52.80% Test OOD3: 62.40% 
Epoch: 73, Loss: 0.4617, Train: 81.71%, Valid: 68.15%, Test In: 69.04% Test OOD1: 64.52% Test OOD2: 52.55% Test OOD3: 62.49% 
Epoch: 74, Loss: 0.4597, Train: 82.77%, Valid: 68.76%, Test In: 69.54% Test OOD1: 64.35% Test OOD2: 52.87% Test OOD3: 62.62% 
Epoch: 75, Loss: 0.4696, Train: 82.11%, Valid: 68.16%, Test In: 68.98% Test OOD1: 64.16% Test OOD2: 52.56% Test OOD3: 62.39% 
Epoch: 76, Loss: 0.4481, Train: 82.75%, Valid: 68.34%, Test In: 69.17% Test OOD1: 64.41% Test OOD2: 52.65% Test OOD3: 62.47% 
Epoch: 77, Loss: 0.4423, Train: 83.13%, Valid: 68.40%, Test In: 69.26% Test OOD1: 64.10% Test OOD2: 52.68% Test OOD3: 62.37% 
Epoch: 78, Loss: 0.4406, Train: 82.99%, Valid: 68.20%, Test In: 69.15% Test OOD1: 64.21% Test OOD2: 52.61% Test OOD3: 62.36% 
Epoch: 79, Loss: 0.4407, Train: 83.78%, Valid: 68.72%, Test In: 69.63% Test OOD1: 64.64% Test OOD2: 52.72% Test OOD3: 62.54% 
Epoch: 80, Loss: 0.4533, Train: 83.95%, Valid: 68.20%, Test In: 69.05% Test OOD1: 63.62% Test OOD2: 52.61% Test OOD3: 62.15% 
Epoch: 81, Loss: 0.4631, Train: 82.66%, Valid: 68.06%, Test In: 68.94% Test OOD1: 64.57% Test OOD2: 52.41% Test OOD3: 62.48% 
Epoch: 82, Loss: 0.5053, Train: 84.25%, Valid: 69.01%, Test In: 69.89% Test OOD1: 64.56% Test OOD2: 52.70% Test OOD3: 62.85% 
Epoch: 83, Loss: 0.4809, Train: 84.06%, Valid: 68.32%, Test In: 69.22% Test OOD1: 63.98% Test OOD2: 52.59% Test OOD3: 62.39% 
Epoch: 84, Loss: 0.4810, Train: 82.17%, Valid: 67.71%, Test In: 68.66% Test OOD1: 63.67% Test OOD2: 52.57% Test OOD3: 62.16% 
Epoch: 85, Loss: 0.4821, Train: 84.04%, Valid: 68.42%, Test In: 69.36% Test OOD1: 64.69% Test OOD2: 52.63% Test OOD3: 62.61% 
Epoch: 86, Loss: 0.4537, Train: 84.79%, Valid: 68.74%, Test In: 69.70% Test OOD1: 64.55% Test OOD2: 52.75% Test OOD3: 62.74% 
Epoch: 87, Loss: 0.4728, Train: 84.76%, Valid: 68.32%, Test In: 69.33% Test OOD1: 63.90% Test OOD2: 52.74% Test OOD3: 62.41% 
Epoch: 88, Loss: 0.4322, Train: 83.00%, Valid: 67.52%, Test In: 68.49% Test OOD1: 63.80% Test OOD2: 52.56% Test OOD3: 62.06% 
Epoch: 89, Loss: 0.4427, Train: 82.66%, Valid: 67.21%, Test In: 68.13% Test OOD1: 63.55% Test OOD2: 52.53% Test OOD3: 61.83% 
Epoch: 90, Loss: 0.4548, Train: 83.08%, Valid: 67.68%, Test In: 68.45% Test OOD1: 64.44% Test OOD2: 52.50% Test OOD3: 62.11% 
Epoch: 91, Loss: 0.4309, Train: 84.63%, Valid: 68.06%, Test In: 68.78% Test OOD1: 64.22% Test OOD2: 52.58% Test OOD3: 62.09% 
Epoch: 92, Loss: 0.4353, Train: 85.03%, Valid: 68.31%, Test In: 69.08% Test OOD1: 64.47% Test OOD2: 52.67% Test OOD3: 62.32% 
Epoch: 93, Loss: 0.4300, Train: 85.32%, Valid: 68.18%, Test In: 68.92% Test OOD1: 64.01% Test OOD2: 52.72% Test OOD3: 62.22% 
Epoch: 94, Loss: 0.4171, Train: 85.04%, Valid: 67.84%, Test In: 68.39% Test OOD1: 63.55% Test OOD2: 52.80% Test OOD3: 61.88% 
Epoch: 95, Loss: 0.4145, Train: 84.48%, Valid: 67.61%, Test In: 68.16% Test OOD1: 63.71% Test OOD2: 52.74% Test OOD3: 61.83% 
Epoch: 96, Loss: 0.4241, Train: 84.76%, Valid: 67.71%, Test In: 68.21% Test OOD1: 63.69% Test OOD2: 52.82% Test OOD3: 61.96% 
Epoch: 97, Loss: 0.4092, Train: 85.30%, Valid: 67.97%, Test In: 68.55% Test OOD1: 64.05% Test OOD2: 52.79% Test OOD3: 62.27% 
Epoch: 98, Loss: 0.3990, Train: 85.38%, Valid: 68.10%, Test In: 68.66% Test OOD1: 64.49% Test OOD2: 52.80% Test OOD3: 62.40% 
Epoch: 99, Loss: 0.4033, Train: 85.74%, Valid: 68.06%, Test In: 68.61% Test OOD1: 64.13% Test OOD2: 52.82% Test OOD3: 62.27% 
Epoch: 100, Loss: 0.4024, Train: 85.35%, Valid: 68.02%, Test In: 68.52% Test OOD1: 64.33% Test OOD2: 52.92% Test OOD3: 62.28% 
Epoch: 101, Loss: 0.3992, Train: 86.04%, Valid: 68.10%, Test In: 68.50% Test OOD1: 63.87% Test OOD2: 52.92% Test OOD3: 62.11% 
Epoch: 102, Loss: 0.3934, Train: 86.28%, Valid: 68.28%, Test In: 68.65% Test OOD1: 64.10% Test OOD2: 52.93% Test OOD3: 62.24% 
Epoch: 103, Loss: 0.3866, Train: 86.61%, Valid: 68.42%, Test In: 68.78% Test OOD1: 64.16% Test OOD2: 52.80% Test OOD3: 62.30% 
Epoch: 104, Loss: 0.3825, Train: 86.74%, Valid: 68.44%, Test In: 68.71% Test OOD1: 64.25% Test OOD2: 52.90% Test OOD3: 62.21% 
Epoch: 105, Loss: 0.3798, Train: 86.46%, Valid: 68.41%, Test In: 68.65% Test OOD1: 64.45% Test OOD2: 52.88% Test OOD3: 62.20% 
Epoch: 106, Loss: 0.3883, Train: 86.54%, Valid: 68.34%, Test In: 68.53% Test OOD1: 64.07% Test OOD2: 52.94% Test OOD3: 62.15% 
Epoch: 107, Loss: 0.3977, Train: 86.76%, Valid: 68.52%, Test In: 68.82% Test OOD1: 64.29% Test OOD2: 52.78% Test OOD3: 62.41% 
Epoch: 108, Loss: 0.3903, Train: 86.98%, Valid: 68.51%, Test In: 68.88% Test OOD1: 64.23% Test OOD2: 52.93% Test OOD3: 62.46% 
Epoch: 109, Loss: 0.3714, Train: 87.59%, Valid: 68.53%, Test In: 68.83% Test OOD1: 63.93% Test OOD2: 52.91% Test OOD3: 62.30% 
Epoch: 110, Loss: 0.3750, Train: 87.23%, Valid: 68.44%, Test In: 68.86% Test OOD1: 64.29% Test OOD2: 52.88% Test OOD3: 62.49% 
Epoch: 111, Loss: 0.3726, Train: 87.36%, Valid: 68.47%, Test In: 68.85% Test OOD1: 64.14% Test OOD2: 52.78% Test OOD3: 62.44% 
Epoch: 112, Loss: 0.3555, Train: 87.84%, Valid: 68.58%, Test In: 68.81% Test OOD1: 64.05% Test OOD2: 52.84% Test OOD3: 62.25% 
Epoch: 113, Loss: 0.3621, Train: 88.39%, Valid: 68.70%, Test In: 68.92% Test OOD1: 64.06% Test OOD2: 52.85% Test OOD3: 62.13% 
Epoch: 114, Loss: 0.3521, Train: 88.52%, Valid: 68.70%, Test In: 68.85% Test OOD1: 64.06% Test OOD2: 52.89% Test OOD3: 62.11% 
Epoch: 115, Loss: 0.3484, Train: 88.60%, Valid: 68.75%, Test In: 68.89% Test OOD1: 63.98% Test OOD2: 52.81% Test OOD3: 62.13% 
Epoch: 116, Loss: 0.3504, Train: 88.44%, Valid: 68.76%, Test In: 69.05% Test OOD1: 64.31% Test OOD2: 52.85% Test OOD3: 62.31% 
Epoch: 117, Loss: 0.3416, Train: 88.87%, Valid: 68.79%, Test In: 69.21% Test OOD1: 64.10% Test OOD2: 52.81% Test OOD3: 62.29% 
Epoch: 118, Loss: 0.3460, Train: 88.95%, Valid: 68.69%, Test In: 69.04% Test OOD1: 64.10% Test OOD2: 52.85% Test OOD3: 62.28% 
Epoch: 119, Loss: 0.3394, Train: 89.44%, Valid: 68.81%, Test In: 69.08% Test OOD1: 63.94% Test OOD2: 52.72% Test OOD3: 62.16% 
Epoch: 120, Loss: 0.3340, Train: 89.69%, Valid: 68.90%, Test In: 69.19% Test OOD1: 64.04% Test OOD2: 52.82% Test OOD3: 62.06% 
Epoch: 121, Loss: 0.3281, Train: 89.68%, Valid: 68.96%, Test In: 69.22% Test OOD1: 63.98% Test OOD2: 52.86% Test OOD3: 61.95% 
Epoch: 122, Loss: 0.3202, Train: 90.08%, Valid: 69.03%, Test In: 69.19% Test OOD1: 63.83% Test OOD2: 52.89% Test OOD3: 61.89% 
Epoch: 123, Loss: 0.3206, Train: 90.59%, Valid: 69.05%, Test In: 69.21% Test OOD1: 63.65% Test OOD2: 52.89% Test OOD3: 61.87% 
Epoch: 124, Loss: 0.3150, Train: 90.61%, Valid: 69.09%, Test In: 69.23% Test OOD1: 63.93% Test OOD2: 52.84% Test OOD3: 62.05% 
Epoch: 125, Loss: 0.3086, Train: 90.62%, Valid: 69.14%, Test In: 69.27% Test OOD1: 63.97% Test OOD2: 52.73% Test OOD3: 62.07% 
Epoch: 126, Loss: 0.3107, Train: 90.63%, Valid: 68.98%, Test In: 69.21% Test OOD1: 64.05% Test OOD2: 52.83% Test OOD3: 62.09% 
Epoch: 127, Loss: 0.3183, Train: 91.19%, Valid: 69.06%, Test In: 69.38% Test OOD1: 63.84% Test OOD2: 52.79% Test OOD3: 61.96% 
Epoch: 128, Loss: 0.3020, Train: 91.35%, Valid: 68.95%, Test In: 69.27% Test OOD1: 63.92% Test OOD2: 52.90% Test OOD3: 61.98% 
Epoch: 129, Loss: 0.2973, Train: 91.73%, Valid: 68.95%, Test In: 69.33% Test OOD1: 63.90% Test OOD2: 52.83% Test OOD3: 61.92% 
Epoch: 130, Loss: 0.2953, Train: 91.73%, Valid: 68.80%, Test In: 69.06% Test OOD1: 63.22% Test OOD2: 52.84% Test OOD3: 61.60% 
Epoch: 131, Loss: 0.3414, Train: 91.35%, Valid: 69.01%, Test In: 69.36% Test OOD1: 64.38% Test OOD2: 52.68% Test OOD3: 61.95% 
Epoch: 132, Loss: 0.4727, Train: 91.43%, Valid: 68.89%, Test In: 69.18% Test OOD1: 63.56% Test OOD2: 52.94% Test OOD3: 61.82% 
Epoch: 133, Loss: 0.3300, Train: 91.21%, Valid: 68.89%, Test In: 69.20% Test OOD1: 63.65% Test OOD2: 52.79% Test OOD3: 61.68% 
Epoch: 134, Loss: 0.4162, Train: 90.91%, Valid: 68.92%, Test In: 69.10% Test OOD1: 64.21% Test OOD2: 52.91% Test OOD3: 62.17% 
Epoch: 135, Loss: 0.3079, Train: 90.84%, Valid: 68.67%, Test In: 68.99% Test OOD1: 64.10% Test OOD2: 52.87% Test OOD3: 62.13% 
Epoch: 136, Loss: 0.3436, Train: 90.94%, Valid: 68.60%, Test In: 68.86% Test OOD1: 63.81% Test OOD2: 52.79% Test OOD3: 61.93% 
Epoch: 137, Loss: 0.3392, Train: 91.71%, Valid: 68.53%, Test In: 68.61% Test OOD1: 63.53% Test OOD2: 52.75% Test OOD3: 61.77% 
Epoch: 138, Loss: 0.3179, Train: 91.72%, Valid: 68.26%, Test In: 68.39% Test OOD1: 63.49% Test OOD2: 52.71% Test OOD3: 61.70% 
Epoch: 139, Loss: 0.3146, Train: 91.20%, Valid: 68.09%, Test In: 68.28% Test OOD1: 63.32% Test OOD2: 52.63% Test OOD3: 61.63% 
Epoch: 140, Loss: 0.3009, Train: 91.45%, Valid: 68.02%, Test In: 68.18% Test OOD1: 63.40% Test OOD2: 52.63% Test OOD3: 61.59% 
Epoch: 141, Loss: 0.3037, Train: 92.05%, Valid: 68.10%, Test In: 68.24% Test OOD1: 63.62% Test OOD2: 52.72% Test OOD3: 61.56% 
Epoch: 142, Loss: 0.3193, Train: 91.87%, Valid: 68.16%, Test In: 68.13% Test OOD1: 63.72% Test OOD2: 52.78% Test OOD3: 61.60% 
Epoch: 143, Loss: 0.3041, Train: 91.93%, Valid: 68.06%, Test In: 68.06% Test OOD1: 63.56% Test OOD2: 52.86% Test OOD3: 61.60% 
Epoch: 144, Loss: 0.2854, Train: 92.24%, Valid: 67.98%, Test In: 68.03% Test OOD1: 63.38% Test OOD2: 52.91% Test OOD3: 61.56% 
Epoch: 145, Loss: 0.2945, Train: 92.64%, Valid: 68.01%, Test In: 67.93% Test OOD1: 63.35% Test OOD2: 52.88% Test OOD3: 61.54% 
Epoch: 146, Loss: 0.2944, Train: 93.12%, Valid: 68.06%, Test In: 68.12% Test OOD1: 63.36% Test OOD2: 52.93% Test OOD3: 61.60% 
Epoch: 147, Loss: 0.2921, Train: 92.96%, Valid: 68.04%, Test In: 68.08% Test OOD1: 63.32% Test OOD2: 52.87% Test OOD3: 61.63% 
Epoch: 148, Loss: 0.2809, Train: 92.90%, Valid: 68.04%, Test In: 68.07% Test OOD1: 63.51% Test OOD2: 52.88% Test OOD3: 61.66% 
Epoch: 149, Loss: 0.2790, Train: 92.99%, Valid: 68.07%, Test In: 68.02% Test OOD1: 63.78% Test OOD2: 52.91% Test OOD3: 61.68% 
Epoch: 150, Loss: 0.2718, Train: 92.95%, Valid: 68.07%, Test In: 67.93% Test OOD1: 63.79% Test OOD2: 52.91% Test OOD3: 61.59% 
Epoch: 151, Loss: 0.2773, Train: 93.59%, Valid: 68.14%, Test In: 68.07% Test OOD1: 63.63% Test OOD2: 53.03% Test OOD3: 61.56% 
Epoch: 152, Loss: 0.2769, Train: 93.59%, Valid: 68.21%, Test In: 68.06% Test OOD1: 63.52% Test OOD2: 53.03% Test OOD3: 61.53% 
Epoch: 153, Loss: 0.2843, Train: 94.00%, Valid: 68.31%, Test In: 68.25% Test OOD1: 63.56% Test OOD2: 53.03% Test OOD3: 61.53% 
Epoch: 154, Loss: 0.2744, Train: 93.84%, Valid: 68.38%, Test In: 68.28% Test OOD1: 63.63% Test OOD2: 53.02% Test OOD3: 61.55% 
Epoch: 155, Loss: 0.2600, Train: 93.92%, Valid: 68.37%, Test In: 68.29% Test OOD1: 63.65% Test OOD2: 53.08% Test OOD3: 61.57% 
Epoch: 156, Loss: 0.2539, Train: 93.95%, Valid: 68.40%, Test In: 68.39% Test OOD1: 63.57% Test OOD2: 53.05% Test OOD3: 61.57% 
Epoch: 157, Loss: 0.2544, Train: 94.12%, Valid: 68.40%, Test In: 68.30% Test OOD1: 63.58% Test OOD2: 52.97% Test OOD3: 61.54% 
Epoch: 158, Loss: 0.2582, Train: 94.59%, Valid: 68.40%, Test In: 68.46% Test OOD1: 63.22% Test OOD2: 52.98% Test OOD3: 61.42% 
Epoch: 159, Loss: 0.2572, Train: 94.63%, Valid: 68.43%, Test In: 68.44% Test OOD1: 63.33% Test OOD2: 52.96% Test OOD3: 61.45% 
Epoch: 160, Loss: 0.2479, Train: 94.67%, Valid: 68.46%, Test In: 68.55% Test OOD1: 63.41% Test OOD2: 52.95% Test OOD3: 61.44% 
Epoch: 161, Loss: 0.2364, Train: 94.68%, Valid: 68.45%, Test In: 68.52% Test OOD1: 63.56% Test OOD2: 52.96% Test OOD3: 61.45% 
Epoch: 162, Loss: 0.2340, Train: 94.77%, Valid: 68.48%, Test In: 68.62% Test OOD1: 63.29% Test OOD2: 52.96% Test OOD3: 61.37% 
Epoch: 163, Loss: 0.2370, Train: 95.13%, Valid: 68.35%, Test In: 68.38% Test OOD1: 63.35% Test OOD2: 53.02% Test OOD3: 61.28% 
Epoch: 164, Loss: 0.2480, Train: 95.00%, Valid: 68.52%, Test In: 68.60% Test OOD1: 63.09% Test OOD2: 52.94% Test OOD3: 61.20% 
Epoch: 165, Loss: 0.2535, Train: 95.28%, Valid: 68.40%, Test In: 68.40% Test OOD1: 63.38% Test OOD2: 53.03% Test OOD3: 61.27% 
Epoch: 166, Loss: 0.2536, Train: 95.35%, Valid: 68.50%, Test In: 68.55% Test OOD1: 63.29% Test OOD2: 53.03% Test OOD3: 61.29% 
Epoch: 167, Loss: 0.2294, Train: 95.32%, Valid: 68.48%, Test In: 68.60% Test OOD1: 63.16% Test OOD2: 53.03% Test OOD3: 61.27% 
Epoch: 168, Loss: 0.2251, Train: 95.31%, Valid: 68.18%, Test In: 68.13% Test OOD1: 63.52% Test OOD2: 53.07% Test OOD3: 61.26% 
Epoch: 169, Loss: 0.2397, Train: 95.87%, Valid: 68.32%, Test In: 68.37% Test OOD1: 63.09% Test OOD2: 53.04% Test OOD3: 61.17% 
Epoch: 170, Loss: 0.2215, Train: 95.60%, Valid: 68.30%, Test In: 68.39% Test OOD1: 62.83% Test OOD2: 53.00% Test OOD3: 61.03% 
Epoch: 171, Loss: 0.2655, Train: 95.26%, Valid: 67.99%, Test In: 67.82% Test OOD1: 63.54% Test OOD2: 52.93% Test OOD3: 61.19% 
Epoch: 172, Loss: 0.2580, Train: 95.96%, Valid: 68.06%, Test In: 67.93% Test OOD1: 63.21% Test OOD2: 52.90% Test OOD3: 61.16% 
Epoch: 173, Loss: 0.2120, Train: 96.04%, Valid: 68.04%, Test In: 68.15% Test OOD1: 62.75% Test OOD2: 52.81% Test OOD3: 61.04% 
Epoch: 174, Loss: 0.2146, Train: 95.91%, Valid: 67.95%, Test In: 68.12% Test OOD1: 62.92% Test OOD2: 52.85% Test OOD3: 61.11% 
Epoch: 175, Loss: 0.2189, Train: 96.17%, Valid: 67.92%, Test In: 67.94% Test OOD1: 63.14% Test OOD2: 52.94% Test OOD3: 61.04% 
Epoch: 176, Loss: 0.1981, Train: 96.34%, Valid: 67.70%, Test In: 67.78% Test OOD1: 62.90% Test OOD2: 52.99% Test OOD3: 60.94% 
Epoch: 177, Loss: 0.2067, Train: 96.02%, Valid: 67.77%, Test In: 67.58% Test OOD1: 63.16% Test OOD2: 52.89% Test OOD3: 60.88% 
Epoch: 178, Loss: 0.2530, Train: 96.04%, Valid: 67.76%, Test In: 67.97% Test OOD1: 63.08% Test OOD2: 52.91% Test OOD3: 61.17% 
Epoch: 179, Loss: 0.2958, Train: 95.85%, Valid: 67.84%, Test In: 67.83% Test OOD1: 63.23% Test OOD2: 52.98% Test OOD3: 61.19% 
Epoch: 180, Loss: 0.2119, Train: 96.12%, Valid: 67.83%, Test In: 67.71% Test OOD1: 63.17% Test OOD2: 52.99% Test OOD3: 61.10% 
Epoch: 181, Loss: 0.2221, Train: 96.28%, Valid: 67.77%, Test In: 67.72% Test OOD1: 63.08% Test OOD2: 53.01% Test OOD3: 61.16% 
Epoch: 182, Loss: 0.2275, Train: 96.45%, Valid: 67.70%, Test In: 67.54% Test OOD1: 63.10% Test OOD2: 52.93% Test OOD3: 61.04% 
Epoch: 183, Loss: 0.2046, Train: 96.85%, Valid: 67.45%, Test In: 67.15% Test OOD1: 62.50% Test OOD2: 52.84% Test OOD3: 60.62% 
Epoch: 184, Loss: 0.2107, Train: 97.01%, Valid: 67.30%, Test In: 67.06% Test OOD1: 62.35% Test OOD2: 52.87% Test OOD3: 60.62% 
Epoch: 185, Loss: 0.1890, Train: 96.84%, Valid: 67.33%, Test In: 67.30% Test OOD1: 62.82% Test OOD2: 52.87% Test OOD3: 60.90% 
Epoch: 186, Loss: 0.2086, Train: 96.81%, Valid: 67.30%, Test In: 67.30% Test OOD1: 62.83% Test OOD2: 52.82% Test OOD3: 60.91% 
Epoch: 187, Loss: 0.1888, Train: 96.96%, Valid: 67.34%, Test In: 67.22% Test OOD1: 62.79% Test OOD2: 52.73% Test OOD3: 60.84% 
Epoch: 188, Loss: 0.1980, Train: 97.18%, Valid: 67.32%, Test In: 67.41% Test OOD1: 62.55% Test OOD2: 52.78% Test OOD3: 60.89% 
Epoch: 189, Loss: 0.1787, Train: 97.22%, Valid: 67.38%, Test In: 67.53% Test OOD1: 62.67% Test OOD2: 52.80% Test OOD3: 60.93% 
Epoch: 190, Loss: 0.1946, Train: 97.12%, Valid: 67.55%, Test In: 67.64% Test OOD1: 62.93% Test OOD2: 52.79% Test OOD3: 61.00% 
Epoch: 191, Loss: 0.1800, Train: 97.09%, Valid: 67.66%, Test In: 67.62% Test OOD1: 62.95% Test OOD2: 52.76% Test OOD3: 60.93% 
Epoch: 192, Loss: 0.1945, Train: 97.07%, Valid: 67.66%, Test In: 67.64% Test OOD1: 63.03% Test OOD2: 52.75% Test OOD3: 60.94% 
Epoch: 193, Loss: 0.1868, Train: 97.32%, Valid: 67.61%, Test In: 67.68% Test OOD1: 62.64% Test OOD2: 52.78% Test OOD3: 60.86% 
Epoch: 194, Loss: 0.2024, Train: 97.47%, Valid: 67.61%, Test In: 67.51% Test OOD1: 62.80% Test OOD2: 52.73% Test OOD3: 60.81% 
Epoch: 195, Loss: 0.1953, Train: 97.52%, Valid: 67.67%, Test In: 67.57% Test OOD1: 62.61% Test OOD2: 52.70% Test OOD3: 60.85% 
Epoch: 196, Loss: 0.1894, Train: 97.55%, Valid: 67.65%, Test In: 67.57% Test OOD1: 62.79% Test OOD2: 52.77% Test OOD3: 60.95% 
Epoch: 197, Loss: 0.1596, Train: 97.52%, Valid: 67.63%, Test In: 67.62% Test OOD1: 62.88% Test OOD2: 52.80% Test OOD3: 61.00% 
Epoch: 198, Loss: 0.1732, Train: 97.56%, Valid: 67.68%, Test In: 67.64% Test OOD1: 62.66% Test OOD2: 52.75% Test OOD3: 60.96% 
Epoch: 199, Loss: 0.1742, Train: 97.75%, Valid: 67.64%, Test In: 67.48% Test OOD1: 62.75% Test OOD2: 52.72% Test OOD3: 60.88% 
Run 03:
Highest Train: 97.75
Highest Valid: 69.14
Highest In Test: 69.89
Highest OOD Test: 66.12
Highest OOD Test: 53.97
Highest OOD Test: 63.06
Chosen epoch: 126
Final Train: 90.62
Final In Test: 69.27
Final OOD Test: 63.97
Final OOD Test: 52.73
Final OOD Test: 62.07
All runs:
Highest Train: 98.08 ± 0.50
Highest Valid: 68.96 ± 0.32
Highest In Test: 69.68 ± 0.19
Highest OOD Test: 66.10 ± 0.11
Highest OOD Test: 53.93 ± 0.08
Highest OOD Test: 63.02 ± 0.05
  Final Train: 90.22 ± 4.67
   Final In  Test: 69.11 ± 0.50
   Final OOD Test: 63.79 ± 0.76
   Final OOD Test: 52.58 ± 0.16
   Final OOD Test: 62.07 ± 0.64
[INFO] TensorBoard writer closed.

Command: python main.py --dataset twitch --backbone_type gcn --env_type graph --combine_result --store_result --epochs 200 --runs 3 --num_layers 2 --expert_agg mean --tau 3 --lr 0.01 --weight_decay 5e-5 --dropout 0.0 --K 3 --hidden_channels 64 --seed 123 --device 0 --lr 0.01 --weight_decay 0.0005 --dropout 0.0 --lamda 0.1 --K 4 --hidden_channels 64 --other_env_reduce env --result_name twitch_stage1_lr0.01_weight_decay0.0005_dropout0.0_lamda0.1_K4_hidden_channels64_other_env_reduceenv
Return code: 0
Elapsed: 152.25s
