Namespace(K=4, backbone_type='gcn', combine_result=True, cpu=False, data_dir='./data/', dataset='twitch', device=0, display_step=1, dropout=0.0, env_type='graph', epochs=200, expert_agg='mean', gamma=0.99, gate_hidden=64, hidden_channels=64, infer_env=False, infer_env_components=64, infer_env_iters=30, infer_env_num=3, lambda_cl=0.1, lambda_dag=0.1, lambda_ind=0.1, lambda_l1=0.5, lamda=0.5, lamda_ciw=0.0001, lr=0.01, lr_dag=0.001, num_layers=2, other_env_reduce='env', pos_weight=5.0, result_name='twitch_stage1_lr0.01_weight_decay0.0005_dropout0.0_lamda0.5_K4_hidden_channels64_other_env_reduceenv', runs=3, seed=123, store_result=True, tau=3.0, use_bn=False, variant=False, weight_decay=0.0005)
dataset twitch: all nodes 34120 | edges 429113 | classes 2 | feats 3170
train nodes 7897 | valid nodes 3949 | test in nodes 3949
test ood1 nodes 4648 test ood2 nodes 6551 test ood3 nodes 7126 
[INFO] env numbers: 6 train env numbers: 3
MODEL: CaNet(
  (experts): ModuleList(
    (0): ExpertNet(
      (convs): ModuleList(
        (0): CaNetConv()
        (1): CaNetConv()
      )
      (fcs): ModuleList(
        (0): Linear(in_features=3170, out_features=64, bias=True)
        (1): Linear(in_features=64, out_features=2, bias=True)
      )
      (act_fn): ReLU()
    )
    (1): ExpertNet(
      (convs): ModuleList(
        (0): CaNetConv()
        (1): CaNetConv()
      )
      (fcs): ModuleList(
        (0): Linear(in_features=3170, out_features=64, bias=True)
        (1): Linear(in_features=64, out_features=2, bias=True)
      )
      (act_fn): ReLU()
    )
    (2): ExpertNet(
      (convs): ModuleList(
        (0): CaNetConv()
        (1): CaNetConv()
      )
      (fcs): ModuleList(
        (0): Linear(in_features=3170, out_features=64, bias=True)
        (1): Linear(in_features=64, out_features=2, bias=True)
      )
      (act_fn): ReLU()
    )
    (3): ExpertNet(
      (convs): ModuleList(
        (0): CaNetConv()
        (1): CaNetConv()
      )
      (fcs): ModuleList(
        (0): Linear(in_features=3170, out_features=64, bias=True)
        (1): Linear(in_features=64, out_features=2, bias=True)
      )
      (act_fn): ReLU()
    )
  )
  (gate): Sequential(
    (0): Linear(in_features=3170, out_features=64, bias=True)
    (1): ReLU()
    (2): Linear(in_features=64, out_features=4, bias=True)
  )
)
[INFO] TensorBoard logging activated. Logs will be saved to: ./runs/twitch/Apr16_00-39-57_lamda_0.5
Epoch: 00, Loss: 1.0445, Train: 65.46%, Valid: 61.58%, Test In: 63.52% Test OOD1: 57.61% Test OOD2: 52.48% Test OOD3: 56.86% 
Epoch: 01, Loss: 1.0386, Train: 54.12%, Valid: 51.96%, Test In: 53.49% Test OOD1: 46.42% Test OOD2: 51.73% Test OOD3: 50.81% 
Epoch: 02, Loss: 1.0287, Train: 46.48%, Valid: 45.86%, Test In: 47.25% Test OOD1: 42.66% Test OOD2: 50.75% Test OOD3: 47.19% 
Epoch: 03, Loss: 1.0146, Train: 44.89%, Valid: 44.60%, Test In: 45.94% Test OOD1: 41.97% Test OOD2: 50.54% Test OOD3: 46.51% 
Epoch: 04, Loss: 1.0068, Train: 57.08%, Valid: 54.46%, Test In: 56.23% Test OOD1: 47.56% Test OOD2: 51.85% Test OOD3: 51.88% 
Epoch: 05, Loss: 1.0037, Train: 68.00%, Valid: 65.13%, Test In: 65.50% Test OOD1: 63.43% Test OOD2: 51.37% Test OOD3: 60.32% 
Epoch: 06, Loss: 0.9919, Train: 65.46%, Valid: 63.39%, Test In: 63.16% Test OOD1: 62.58% Test OOD2: 50.94% Test OOD3: 59.17% 
Epoch: 07, Loss: 0.9833, Train: 65.09%, Valid: 63.14%, Test In: 62.82% Test OOD1: 62.49% Test OOD2: 50.89% Test OOD3: 59.08% 
Epoch: 08, Loss: 0.9775, Train: 65.12%, Valid: 63.25%, Test In: 62.89% Test OOD1: 62.51% Test OOD2: 50.85% Test OOD3: 59.06% 
Epoch: 09, Loss: 0.9700, Train: 66.11%, Valid: 63.99%, Test In: 63.79% Test OOD1: 63.04% Test OOD2: 51.08% Test OOD3: 59.65% 
Epoch: 10, Loss: 0.9613, Train: 66.40%, Valid: 64.29%, Test In: 64.08% Test OOD1: 63.18% Test OOD2: 51.04% Test OOD3: 59.78% 
Epoch: 11, Loss: 0.9540, Train: 67.69%, Valid: 65.24%, Test In: 65.24% Test OOD1: 63.76% Test OOD2: 51.25% Test OOD3: 60.34% 
Epoch: 12, Loss: 0.9456, Train: 69.30%, Valid: 66.54%, Test In: 66.70% Test OOD1: 64.48% Test OOD2: 51.44% Test OOD3: 61.05% 
Epoch: 13, Loss: 0.9360, Train: 69.84%, Valid: 67.06%, Test In: 67.19% Test OOD1: 64.85% Test OOD2: 51.38% Test OOD3: 61.35% 
Epoch: 14, Loss: 0.9305, Train: 72.38%, Valid: 68.84%, Test In: 69.30% Test OOD1: 65.61% Test OOD2: 51.99% Test OOD3: 62.57% 
Epoch: 15, Loss: 0.9214, Train: 72.73%, Valid: 69.22%, Test In: 69.64% Test OOD1: 65.96% Test OOD2: 51.96% Test OOD3: 62.78% 
Epoch: 16, Loss: 0.9121, Train: 72.98%, Valid: 69.34%, Test In: 69.77% Test OOD1: 66.12% Test OOD2: 51.99% Test OOD3: 62.91% 
Epoch: 17, Loss: 0.9108, Train: 74.52%, Valid: 70.18%, Test In: 70.83% Test OOD1: 65.52% Test OOD2: 52.61% Test OOD3: 63.50% 
Epoch: 18, Loss: 0.9040, Train: 74.58%, Valid: 70.28%, Test In: 70.88% Test OOD1: 66.04% Test OOD2: 52.51% Test OOD3: 63.50% 
Epoch: 19, Loss: 0.8913, Train: 74.60%, Valid: 70.18%, Test In: 70.77% Test OOD1: 66.35% Test OOD2: 52.49% Test OOD3: 63.49% 
Epoch: 20, Loss: 0.8922, Train: 75.48%, Valid: 70.45%, Test In: 71.08% Test OOD1: 65.64% Test OOD2: 52.90% Test OOD3: 63.56% 
Epoch: 21, Loss: 0.8838, Train: 75.78%, Valid: 70.57%, Test In: 71.19% Test OOD1: 65.81% Test OOD2: 52.93% Test OOD3: 63.55% 
Epoch: 22, Loss: 0.8763, Train: 75.62%, Valid: 70.38%, Test In: 70.97% Test OOD1: 66.51% Test OOD2: 52.77% Test OOD3: 63.56% 
Epoch: 23, Loss: 0.8765, Train: 76.33%, Valid: 70.73%, Test In: 71.31% Test OOD1: 65.97% Test OOD2: 52.98% Test OOD3: 63.45% 
Epoch: 24, Loss: 0.8696, Train: 76.38%, Valid: 70.26%, Test In: 70.91% Test OOD1: 65.66% Test OOD2: 53.09% Test OOD3: 63.29% 
Epoch: 25, Loss: 0.8658, Train: 76.36%, Valid: 70.36%, Test In: 70.95% Test OOD1: 66.53% Test OOD2: 52.84% Test OOD3: 63.43% 
Epoch: 26, Loss: 0.8589, Train: 76.83%, Valid: 70.48%, Test In: 71.06% Test OOD1: 66.33% Test OOD2: 52.95% Test OOD3: 63.36% 
Epoch: 27, Loss: 0.8532, Train: 77.03%, Valid: 70.16%, Test In: 70.76% Test OOD1: 65.71% Test OOD2: 53.12% Test OOD3: 63.10% 
Epoch: 28, Loss: 0.8509, Train: 77.24%, Valid: 70.46%, Test In: 70.98% Test OOD1: 66.44% Test OOD2: 52.93% Test OOD3: 63.26% 
Epoch: 29, Loss: 0.8434, Train: 77.42%, Valid: 70.27%, Test In: 70.79% Test OOD1: 66.21% Test OOD2: 52.98% Test OOD3: 63.12% 
Epoch: 30, Loss: 0.8369, Train: 77.90%, Valid: 70.25%, Test In: 70.76% Test OOD1: 65.64% Test OOD2: 53.10% Test OOD3: 62.91% 
Epoch: 31, Loss: 0.8315, Train: 78.02%, Valid: 70.32%, Test In: 70.77% Test OOD1: 65.97% Test OOD2: 52.93% Test OOD3: 62.96% 
Epoch: 32, Loss: 0.8255, Train: 78.13%, Valid: 70.14%, Test In: 70.56% Test OOD1: 65.60% Test OOD2: 52.92% Test OOD3: 62.76% 
Epoch: 33, Loss: 0.8236, Train: 78.27%, Valid: 70.76%, Test In: 71.16% Test OOD1: 65.55% Test OOD2: 52.81% Test OOD3: 62.93% 
Epoch: 34, Loss: 0.8457, Train: 78.71%, Valid: 70.49%, Test In: 70.84% Test OOD1: 65.67% Test OOD2: 52.78% Test OOD3: 62.86% 
Epoch: 35, Loss: 0.8144, Train: 77.48%, Valid: 69.53%, Test In: 70.10% Test OOD1: 64.68% Test OOD2: 52.74% Test OOD3: 62.29% 
Epoch: 36, Loss: 0.8840, Train: 79.17%, Valid: 70.45%, Test In: 70.82% Test OOD1: 65.29% Test OOD2: 52.74% Test OOD3: 62.72% 
Epoch: 37, Loss: 0.8036, Train: 78.94%, Valid: 70.75%, Test In: 71.20% Test OOD1: 65.58% Test OOD2: 52.49% Test OOD3: 62.92% 
Epoch: 38, Loss: 0.8332, Train: 79.21%, Valid: 71.08%, Test In: 71.55% Test OOD1: 65.33% Test OOD2: 52.58% Test OOD3: 62.89% 
Epoch: 39, Loss: 0.8460, Train: 79.36%, Valid: 70.62%, Test In: 71.12% Test OOD1: 65.51% Test OOD2: 52.47% Test OOD3: 62.89% 
Epoch: 40, Loss: 0.8144, Train: 79.17%, Valid: 70.15%, Test In: 70.70% Test OOD1: 65.30% Test OOD2: 52.49% Test OOD3: 62.72% 
Epoch: 41, Loss: 0.8013, Train: 78.66%, Valid: 69.99%, Test In: 70.63% Test OOD1: 65.40% Test OOD2: 52.54% Test OOD3: 62.66% 
Epoch: 42, Loss: 0.8296, Train: 78.93%, Valid: 69.96%, Test In: 70.56% Test OOD1: 65.58% Test OOD2: 52.43% Test OOD3: 62.69% 
Epoch: 43, Loss: 0.8082, Train: 79.78%, Valid: 70.04%, Test In: 70.72% Test OOD1: 64.64% Test OOD2: 52.48% Test OOD3: 62.50% 
Epoch: 44, Loss: 0.8026, Train: 80.07%, Valid: 70.61%, Test In: 71.21% Test OOD1: 65.52% Test OOD2: 52.46% Test OOD3: 62.86% 
Epoch: 45, Loss: 0.8011, Train: 80.39%, Valid: 70.63%, Test In: 71.23% Test OOD1: 65.23% Test OOD2: 52.54% Test OOD3: 62.80% 
Epoch: 46, Loss: 0.8072, Train: 80.29%, Valid: 70.25%, Test In: 70.88% Test OOD1: 65.00% Test OOD2: 52.46% Test OOD3: 62.65% 
Epoch: 47, Loss: 0.7984, Train: 80.18%, Valid: 70.01%, Test In: 70.69% Test OOD1: 64.91% Test OOD2: 52.47% Test OOD3: 62.56% 
Epoch: 48, Loss: 0.7814, Train: 79.96%, Valid: 69.98%, Test In: 70.68% Test OOD1: 65.04% Test OOD2: 52.52% Test OOD3: 62.56% 
Epoch: 49, Loss: 0.7866, Train: 80.22%, Valid: 69.94%, Test In: 70.64% Test OOD1: 64.77% Test OOD2: 52.56% Test OOD3: 62.48% 
Epoch: 50, Loss: 0.7859, Train: 80.55%, Valid: 69.95%, Test In: 70.63% Test OOD1: 64.70% Test OOD2: 52.50% Test OOD3: 62.49% 
Epoch: 51, Loss: 0.7767, Train: 80.77%, Valid: 70.17%, Test In: 70.81% Test OOD1: 65.19% Test OOD2: 52.39% Test OOD3: 62.68% 
Epoch: 52, Loss: 0.7771, Train: 81.56%, Valid: 70.30%, Test In: 70.95% Test OOD1: 64.32% Test OOD2: 52.62% Test OOD3: 62.44% 
Epoch: 53, Loss: 0.7823, Train: 81.01%, Valid: 70.22%, Test In: 70.86% Test OOD1: 65.33% Test OOD2: 52.34% Test OOD3: 62.71% 
Epoch: 54, Loss: 0.7687, Train: 81.21%, Valid: 69.96%, Test In: 70.66% Test OOD1: 64.46% Test OOD2: 52.37% Test OOD3: 62.37% 
Epoch: 55, Loss: 0.7621, Train: 81.52%, Valid: 70.06%, Test In: 70.74% Test OOD1: 64.55% Test OOD2: 52.45% Test OOD3: 62.40% 
Epoch: 56, Loss: 0.7548, Train: 81.60%, Valid: 70.20%, Test In: 70.84% Test OOD1: 65.02% Test OOD2: 52.32% Test OOD3: 62.58% 
Epoch: 57, Loss: 0.7528, Train: 82.23%, Valid: 70.11%, Test In: 70.81% Test OOD1: 64.00% Test OOD2: 52.36% Test OOD3: 62.23% 
Epoch: 58, Loss: 0.7552, Train: 82.29%, Valid: 70.34%, Test In: 71.01% Test OOD1: 64.81% Test OOD2: 52.30% Test OOD3: 62.53% 
Epoch: 59, Loss: 0.7490, Train: 82.69%, Valid: 70.18%, Test In: 70.85% Test OOD1: 64.32% Test OOD2: 52.30% Test OOD3: 62.30% 
Epoch: 60, Loss: 0.7416, Train: 82.44%, Valid: 69.98%, Test In: 70.66% Test OOD1: 64.36% Test OOD2: 52.18% Test OOD3: 62.22% 
Epoch: 61, Loss: 0.7417, Train: 82.78%, Valid: 70.29%, Test In: 70.92% Test OOD1: 64.46% Test OOD2: 52.22% Test OOD3: 62.33% 
Epoch: 62, Loss: 0.7294, Train: 83.47%, Valid: 70.21%, Test In: 70.86% Test OOD1: 64.26% Test OOD2: 52.14% Test OOD3: 62.19% 
Epoch: 63, Loss: 0.7163, Train: 83.65%, Valid: 70.12%, Test In: 70.77% Test OOD1: 64.21% Test OOD2: 52.15% Test OOD3: 62.17% 
Epoch: 64, Loss: 0.7135, Train: 83.58%, Valid: 70.11%, Test In: 70.77% Test OOD1: 64.06% Test OOD2: 52.20% Test OOD3: 62.16% 
Epoch: 65, Loss: 0.7180, Train: 84.12%, Valid: 70.03%, Test In: 70.69% Test OOD1: 63.91% Test OOD2: 52.08% Test OOD3: 62.02% 
Epoch: 66, Loss: 0.7086, Train: 83.81%, Valid: 70.35%, Test In: 70.93% Test OOD1: 64.46% Test OOD2: 52.13% Test OOD3: 62.27% 
Epoch: 67, Loss: 0.7114, Train: 84.55%, Valid: 70.06%, Test In: 70.65% Test OOD1: 63.91% Test OOD2: 52.15% Test OOD3: 61.89% 
Epoch: 68, Loss: 0.6917, Train: 84.91%, Valid: 70.07%, Test In: 70.67% Test OOD1: 64.05% Test OOD2: 51.99% Test OOD3: 61.95% 
Epoch: 69, Loss: 0.6874, Train: 84.90%, Valid: 70.30%, Test In: 70.95% Test OOD1: 63.88% Test OOD2: 52.16% Test OOD3: 61.98% 
Epoch: 70, Loss: 0.6877, Train: 85.25%, Valid: 70.10%, Test In: 70.77% Test OOD1: 63.59% Test OOD2: 52.12% Test OOD3: 61.77% 
Epoch: 71, Loss: 0.6756, Train: 85.21%, Valid: 70.08%, Test In: 70.67% Test OOD1: 64.18% Test OOD2: 51.92% Test OOD3: 61.91% 
Epoch: 72, Loss: 0.6929, Train: 85.74%, Valid: 69.93%, Test In: 70.59% Test OOD1: 62.99% Test OOD2: 52.40% Test OOD3: 61.40% 
Epoch: 73, Loss: 0.7206, Train: 85.43%, Valid: 70.28%, Test In: 70.75% Test OOD1: 64.52% Test OOD2: 51.92% Test OOD3: 62.05% 
Epoch: 74, Loss: 0.7058, Train: 86.16%, Valid: 70.01%, Test In: 70.63% Test OOD1: 63.39% Test OOD2: 52.11% Test OOD3: 61.58% 
Epoch: 75, Loss: 0.6601, Train: 86.50%, Valid: 70.12%, Test In: 70.69% Test OOD1: 63.36% Test OOD2: 52.27% Test OOD3: 61.66% 
Epoch: 76, Loss: 0.6690, Train: 86.65%, Valid: 70.45%, Test In: 70.93% Test OOD1: 63.93% Test OOD2: 52.01% Test OOD3: 61.94% 
Epoch: 77, Loss: 0.6594, Train: 86.61%, Valid: 70.04%, Test In: 70.59% Test OOD1: 63.67% Test OOD2: 52.01% Test OOD3: 61.66% 
Epoch: 78, Loss: 0.6471, Train: 87.03%, Valid: 70.02%, Test In: 70.60% Test OOD1: 63.41% Test OOD2: 52.24% Test OOD3: 61.55% 
Epoch: 79, Loss: 0.6518, Train: 87.75%, Valid: 70.34%, Test In: 70.82% Test OOD1: 63.39% Test OOD2: 52.07% Test OOD3: 61.56% 
Epoch: 80, Loss: 0.6555, Train: 87.27%, Valid: 69.97%, Test In: 70.44% Test OOD1: 63.46% Test OOD2: 51.91% Test OOD3: 61.47% 
Epoch: 81, Loss: 0.6488, Train: 87.55%, Valid: 69.82%, Test In: 70.36% Test OOD1: 62.76% Test OOD2: 52.20% Test OOD3: 61.27% 
Epoch: 82, Loss: 0.6804, Train: 87.93%, Valid: 70.17%, Test In: 70.57% Test OOD1: 63.72% Test OOD2: 51.98% Test OOD3: 61.68% 
Epoch: 83, Loss: 0.6456, Train: 88.11%, Valid: 70.09%, Test In: 70.47% Test OOD1: 63.53% Test OOD2: 51.89% Test OOD3: 61.50% 
Epoch: 84, Loss: 0.6288, Train: 88.25%, Valid: 69.92%, Test In: 70.26% Test OOD1: 63.36% Test OOD2: 52.02% Test OOD3: 61.43% 
Epoch: 85, Loss: 0.6302, Train: 88.50%, Valid: 69.94%, Test In: 70.29% Test OOD1: 63.45% Test OOD2: 51.90% Test OOD3: 61.49% 
Epoch: 86, Loss: 0.6077, Train: 89.06%, Valid: 69.96%, Test In: 70.36% Test OOD1: 63.21% Test OOD2: 51.75% Test OOD3: 61.36% 
Epoch: 87, Loss: 0.6062, Train: 89.51%, Valid: 69.96%, Test In: 70.42% Test OOD1: 63.00% Test OOD2: 51.86% Test OOD3: 61.40% 
Epoch: 88, Loss: 0.5937, Train: 89.23%, Valid: 69.74%, Test In: 70.29% Test OOD1: 62.98% Test OOD2: 51.91% Test OOD3: 61.39% 
Epoch: 89, Loss: 0.5887, Train: 89.78%, Valid: 69.75%, Test In: 70.26% Test OOD1: 62.82% Test OOD2: 51.81% Test OOD3: 61.19% 
Epoch: 90, Loss: 0.5859, Train: 90.38%, Valid: 69.93%, Test In: 70.41% Test OOD1: 62.85% Test OOD2: 51.85% Test OOD3: 61.20% 
Epoch: 91, Loss: 0.5738, Train: 90.58%, Valid: 69.73%, Test In: 70.22% Test OOD1: 62.81% Test OOD2: 51.82% Test OOD3: 61.06% 
Epoch: 92, Loss: 0.5664, Train: 90.65%, Valid: 69.56%, Test In: 70.05% Test OOD1: 62.69% Test OOD2: 51.78% Test OOD3: 60.96% 
Epoch: 93, Loss: 0.5672, Train: 91.05%, Valid: 69.80%, Test In: 70.26% Test OOD1: 62.91% Test OOD2: 51.85% Test OOD3: 61.21% 
Epoch: 94, Loss: 0.5597, Train: 91.58%, Valid: 69.77%, Test In: 70.20% Test OOD1: 62.87% Test OOD2: 51.81% Test OOD3: 61.15% 
Epoch: 95, Loss: 0.5491, Train: 91.44%, Valid: 69.54%, Test In: 69.96% Test OOD1: 62.70% Test OOD2: 51.78% Test OOD3: 61.01% 
Epoch: 96, Loss: 0.5587, Train: 91.50%, Valid: 69.67%, Test In: 70.18% Test OOD1: 63.10% Test OOD2: 51.88% Test OOD3: 61.27% 
Epoch: 97, Loss: 0.5662, Train: 92.41%, Valid: 69.66%, Test In: 70.15% Test OOD1: 62.77% Test OOD2: 51.79% Test OOD3: 61.00% 
Epoch: 98, Loss: 0.5350, Train: 91.89%, Valid: 69.37%, Test In: 69.84% Test OOD1: 62.35% Test OOD2: 51.61% Test OOD3: 60.69% 
Epoch: 99, Loss: 0.5747, Train: 92.77%, Valid: 69.53%, Test In: 70.08% Test OOD1: 62.41% Test OOD2: 51.89% Test OOD3: 60.88% 
Epoch: 100, Loss: 0.5302, Train: 92.71%, Valid: 69.63%, Test In: 70.12% Test OOD1: 62.66% Test OOD2: 51.87% Test OOD3: 61.04% 
Epoch: 101, Loss: 0.5418, Train: 92.70%, Valid: 69.61%, Test In: 69.90% Test OOD1: 62.84% Test OOD2: 51.82% Test OOD3: 60.97% 
Epoch: 102, Loss: 0.5221, Train: 93.05%, Valid: 69.55%, Test In: 69.81% Test OOD1: 62.69% Test OOD2: 51.75% Test OOD3: 60.81% 
Epoch: 103, Loss: 0.5205, Train: 93.90%, Valid: 69.43%, Test In: 69.78% Test OOD1: 62.60% Test OOD2: 51.83% Test OOD3: 60.71% 
Epoch: 104, Loss: 0.4993, Train: 93.88%, Valid: 69.31%, Test In: 69.73% Test OOD1: 62.69% Test OOD2: 51.87% Test OOD3: 60.72% 
Epoch: 105, Loss: 0.5690, Train: 94.55%, Valid: 68.86%, Test In: 69.35% Test OOD1: 61.84% Test OOD2: 51.80% Test OOD3: 60.33% 
Epoch: 106, Loss: 0.7217, Train: 93.64%, Valid: 69.23%, Test In: 69.71% Test OOD1: 62.76% Test OOD2: 51.86% Test OOD3: 60.90% 
Epoch: 107, Loss: 0.5142, Train: 93.80%, Valid: 69.33%, Test In: 69.77% Test OOD1: 63.34% Test OOD2: 51.63% Test OOD3: 61.16% 
Epoch: 108, Loss: 0.6523, Train: 94.22%, Valid: 69.30%, Test In: 69.71% Test OOD1: 62.86% Test OOD2: 51.79% Test OOD3: 60.97% 
Epoch: 109, Loss: 0.5408, Train: 94.83%, Valid: 69.18%, Test In: 69.66% Test OOD1: 62.44% Test OOD2: 51.69% Test OOD3: 60.61% 
Epoch: 110, Loss: 0.5577, Train: 95.22%, Valid: 68.78%, Test In: 69.22% Test OOD1: 62.26% Test OOD2: 51.71% Test OOD3: 60.34% 
Epoch: 111, Loss: 0.5844, Train: 95.38%, Valid: 69.06%, Test In: 69.33% Test OOD1: 62.76% Test OOD2: 51.67% Test OOD3: 60.58% 
Epoch: 112, Loss: 0.5359, Train: 95.47%, Valid: 69.18%, Test In: 69.37% Test OOD1: 62.68% Test OOD2: 51.74% Test OOD3: 60.61% 
Epoch: 113, Loss: 0.4933, Train: 95.45%, Valid: 69.05%, Test In: 69.31% Test OOD1: 62.64% Test OOD2: 51.75% Test OOD3: 60.62% 
Epoch: 114, Loss: 0.5068, Train: 95.73%, Valid: 69.08%, Test In: 69.42% Test OOD1: 62.65% Test OOD2: 51.61% Test OOD3: 60.66% 
Epoch: 115, Loss: 0.5267, Train: 95.93%, Valid: 68.92%, Test In: 69.29% Test OOD1: 62.49% Test OOD2: 51.70% Test OOD3: 60.59% 
Epoch: 116, Loss: 0.5083, Train: 96.16%, Valid: 68.91%, Test In: 69.25% Test OOD1: 62.37% Test OOD2: 51.70% Test OOD3: 60.51% 
Epoch: 117, Loss: 0.4903, Train: 96.19%, Valid: 69.04%, Test In: 69.31% Test OOD1: 62.81% Test OOD2: 51.61% Test OOD3: 60.64% 
Epoch: 118, Loss: 0.4955, Train: 95.74%, Valid: 68.84%, Test In: 69.05% Test OOD1: 62.87% Test OOD2: 51.67% Test OOD3: 60.54% 
Epoch: 119, Loss: 0.5215, Train: 95.94%, Valid: 69.22%, Test In: 69.51% Test OOD1: 62.55% Test OOD2: 51.53% Test OOD3: 60.51% 
Epoch: 120, Loss: 0.5829, Train: 95.37%, Valid: 68.73%, Test In: 69.03% Test OOD1: 62.59% Test OOD2: 51.88% Test OOD3: 60.48% 
Epoch: 121, Loss: 0.7179, Train: 94.64%, Valid: 69.24%, Test In: 69.66% Test OOD1: 63.10% Test OOD2: 51.61% Test OOD3: 61.01% 
Epoch: 122, Loss: 0.6314, Train: 95.19%, Valid: 69.26%, Test In: 69.67% Test OOD1: 62.87% Test OOD2: 51.69% Test OOD3: 61.01% 
Epoch: 123, Loss: 0.5647, Train: 95.50%, Valid: 68.79%, Test In: 69.02% Test OOD1: 62.58% Test OOD2: 51.86% Test OOD3: 60.84% 
Epoch: 124, Loss: 0.5027, Train: 94.96%, Valid: 68.49%, Test In: 68.78% Test OOD1: 62.82% Test OOD2: 52.03% Test OOD3: 60.94% 
Epoch: 125, Loss: 0.5837, Train: 95.29%, Valid: 68.48%, Test In: 68.83% Test OOD1: 62.70% Test OOD2: 51.86% Test OOD3: 60.90% 
Epoch: 126, Loss: 0.5162, Train: 95.56%, Valid: 68.47%, Test In: 68.98% Test OOD1: 62.34% Test OOD2: 51.75% Test OOD3: 60.82% 
Epoch: 127, Loss: 0.4710, Train: 95.13%, Valid: 68.64%, Test In: 69.25% Test OOD1: 62.72% Test OOD2: 51.74% Test OOD3: 61.06% 
Epoch: 128, Loss: 0.4906, Train: 94.93%, Valid: 68.83%, Test In: 69.45% Test OOD1: 62.85% Test OOD2: 51.60% Test OOD3: 61.02% 
Epoch: 129, Loss: 0.5025, Train: 95.34%, Valid: 68.84%, Test In: 69.45% Test OOD1: 62.29% Test OOD2: 51.55% Test OOD3: 60.70% 
Epoch: 130, Loss: 0.5031, Train: 94.53%, Valid: 68.23%, Test In: 68.98% Test OOD1: 62.61% Test OOD2: 51.84% Test OOD3: 60.88% 
Epoch: 131, Loss: 0.5727, Train: 95.28%, Valid: 68.56%, Test In: 69.23% Test OOD1: 62.80% Test OOD2: 51.60% Test OOD3: 60.97% 
Epoch: 132, Loss: 0.6350, Train: 94.47%, Valid: 68.39%, Test In: 69.05% Test OOD1: 62.27% Test OOD2: 51.56% Test OOD3: 60.76% 
Epoch: 133, Loss: 0.6222, Train: 94.59%, Valid: 68.15%, Test In: 68.82% Test OOD1: 62.77% Test OOD2: 51.79% Test OOD3: 61.11% 
Epoch: 134, Loss: 0.5376, Train: 94.42%, Valid: 68.09%, Test In: 68.76% Test OOD1: 62.77% Test OOD2: 51.71% Test OOD3: 61.14% 
Epoch: 135, Loss: 0.6099, Train: 94.79%, Valid: 68.28%, Test In: 69.03% Test OOD1: 62.61% Test OOD2: 51.65% Test OOD3: 61.11% 
Epoch: 136, Loss: 0.4892, Train: 94.34%, Valid: 68.10%, Test In: 68.76% Test OOD1: 62.33% Test OOD2: 51.68% Test OOD3: 60.74% 
Epoch: 137, Loss: 0.5637, Train: 95.31%, Valid: 67.82%, Test In: 68.36% Test OOD1: 62.12% Test OOD2: 51.77% Test OOD3: 60.43% 
Epoch: 138, Loss: 0.4810, Train: 95.37%, Valid: 67.78%, Test In: 68.14% Test OOD1: 62.25% Test OOD2: 51.81% Test OOD3: 60.31% 
Epoch: 139, Loss: 0.4757, Train: 95.12%, Valid: 67.89%, Test In: 68.16% Test OOD1: 62.78% Test OOD2: 51.82% Test OOD3: 60.51% 
Epoch: 140, Loss: 0.4813, Train: 94.40%, Valid: 67.57%, Test In: 67.92% Test OOD1: 63.00% Test OOD2: 51.76% Test OOD3: 60.61% 
Epoch: 141, Loss: 0.4700, Train: 94.68%, Valid: 67.49%, Test In: 67.89% Test OOD1: 62.82% Test OOD2: 51.75% Test OOD3: 60.60% 
Epoch: 142, Loss: 0.4743, Train: 95.78%, Valid: 67.53%, Test In: 67.99% Test OOD1: 62.33% Test OOD2: 51.86% Test OOD3: 60.48% 
Epoch: 143, Loss: 0.4587, Train: 96.11%, Valid: 67.38%, Test In: 67.98% Test OOD1: 61.98% Test OOD2: 51.84% Test OOD3: 60.34% 
Epoch: 144, Loss: 0.4560, Train: 96.30%, Valid: 67.45%, Test In: 68.13% Test OOD1: 62.15% Test OOD2: 51.78% Test OOD3: 60.43% 
Epoch: 145, Loss: 0.4418, Train: 96.07%, Valid: 67.57%, Test In: 68.27% Test OOD1: 62.52% Test OOD2: 51.77% Test OOD3: 60.62% 
Epoch: 146, Loss: 0.4483, Train: 96.62%, Valid: 67.66%, Test In: 68.29% Test OOD1: 62.10% Test OOD2: 51.84% Test OOD3: 60.48% 
Epoch: 147, Loss: 0.4267, Train: 96.81%, Valid: 67.81%, Test In: 68.31% Test OOD1: 61.85% Test OOD2: 51.85% Test OOD3: 60.44% 
Epoch: 148, Loss: 0.4272, Train: 96.88%, Valid: 68.04%, Test In: 68.48% Test OOD1: 62.11% Test OOD2: 51.82% Test OOD3: 60.64% 
Epoch: 149, Loss: 0.4139, Train: 96.83%, Valid: 68.09%, Test In: 68.55% Test OOD1: 62.37% Test OOD2: 51.76% Test OOD3: 60.77% 
Epoch: 150, Loss: 0.4083, Train: 97.01%, Valid: 68.16%, Test In: 68.61% Test OOD1: 62.40% Test OOD2: 51.71% Test OOD3: 60.76% 
Epoch: 151, Loss: 0.4006, Train: 97.41%, Valid: 68.13%, Test In: 68.54% Test OOD1: 62.03% Test OOD2: 51.73% Test OOD3: 60.50% 
Epoch: 152, Loss: 0.3967, Train: 97.41%, Valid: 68.26%, Test In: 68.67% Test OOD1: 62.18% Test OOD2: 51.70% Test OOD3: 60.55% 
Epoch: 153, Loss: 0.3988, Train: 97.47%, Valid: 68.24%, Test In: 68.60% Test OOD1: 62.18% Test OOD2: 51.78% Test OOD3: 60.43% 
Epoch: 154, Loss: 0.4059, Train: 97.55%, Valid: 68.38%, Test In: 68.75% Test OOD1: 62.37% Test OOD2: 51.74% Test OOD3: 60.58% 
Epoch: 155, Loss: 0.3807, Train: 97.83%, Valid: 68.43%, Test In: 68.79% Test OOD1: 62.18% Test OOD2: 51.79% Test OOD3: 60.47% 
Epoch: 156, Loss: 0.3648, Train: 97.96%, Valid: 68.43%, Test In: 68.83% Test OOD1: 62.11% Test OOD2: 51.80% Test OOD3: 60.45% 
Epoch: 157, Loss: 0.3596, Train: 98.03%, Valid: 68.39%, Test In: 68.86% Test OOD1: 62.08% Test OOD2: 51.73% Test OOD3: 60.46% 
Epoch: 158, Loss: 0.3660, Train: 98.26%, Valid: 68.36%, Test In: 68.75% Test OOD1: 62.00% Test OOD2: 51.74% Test OOD3: 60.28% 
Epoch: 159, Loss: 0.3512, Train: 98.31%, Valid: 68.32%, Test In: 68.70% Test OOD1: 62.20% Test OOD2: 51.68% Test OOD3: 60.35% 
Epoch: 160, Loss: 0.3317, Train: 98.43%, Valid: 68.23%, Test In: 68.65% Test OOD1: 62.09% Test OOD2: 51.65% Test OOD3: 60.27% 
Epoch: 161, Loss: 0.3330, Train: 98.70%, Valid: 68.21%, Test In: 68.61% Test OOD1: 61.74% Test OOD2: 51.68% Test OOD3: 60.01% 
Epoch: 162, Loss: 0.3441, Train: 98.56%, Valid: 68.31%, Test In: 68.81% Test OOD1: 62.27% Test OOD2: 51.62% Test OOD3: 60.37% 
Epoch: 163, Loss: 0.3504, Train: 98.68%, Valid: 68.26%, Test In: 68.69% Test OOD1: 62.23% Test OOD2: 51.65% Test OOD3: 60.21% 
Epoch: 164, Loss: 0.3290, Train: 98.93%, Valid: 68.18%, Test In: 68.67% Test OOD1: 61.96% Test OOD2: 51.57% Test OOD3: 60.09% 
Epoch: 165, Loss: 0.2996, Train: 98.99%, Valid: 67.96%, Test In: 68.51% Test OOD1: 61.67% Test OOD2: 51.52% Test OOD3: 59.96% 
Epoch: 166, Loss: 0.3203, Train: 99.06%, Valid: 68.18%, Test In: 68.58% Test OOD1: 61.95% Test OOD2: 51.59% Test OOD3: 59.99% 
Epoch: 167, Loss: 0.3357, Train: 98.63%, Valid: 68.05%, Test In: 68.58% Test OOD1: 62.44% Test OOD2: 51.59% Test OOD3: 60.38% 
Epoch: 168, Loss: 0.3681, Train: 99.02%, Valid: 68.17%, Test In: 68.62% Test OOD1: 61.82% Test OOD2: 51.59% Test OOD3: 60.03% 
Epoch: 169, Loss: 0.4520, Train: 99.08%, Valid: 68.12%, Test In: 68.52% Test OOD1: 61.90% Test OOD2: 51.59% Test OOD3: 60.13% 
Epoch: 170, Loss: 0.3714, Train: 98.99%, Valid: 68.06%, Test In: 68.59% Test OOD1: 62.33% Test OOD2: 51.63% Test OOD3: 60.47% 
Epoch: 171, Loss: 0.3092, Train: 99.02%, Valid: 68.23%, Test In: 68.65% Test OOD1: 62.46% Test OOD2: 51.66% Test OOD3: 60.50% 
Epoch: 172, Loss: 0.3448, Train: 99.02%, Valid: 68.05%, Test In: 68.47% Test OOD1: 62.23% Test OOD2: 51.66% Test OOD3: 60.23% 
Epoch: 173, Loss: 0.2999, Train: 99.23%, Valid: 67.31%, Test In: 68.04% Test OOD1: 61.78% Test OOD2: 51.64% Test OOD3: 59.96% 
Epoch: 174, Loss: 0.3404, Train: 99.34%, Valid: 67.21%, Test In: 67.85% Test OOD1: 61.26% Test OOD2: 51.58% Test OOD3: 59.63% 
Epoch: 175, Loss: 0.2792, Train: 99.21%, Valid: 67.76%, Test In: 68.15% Test OOD1: 61.71% Test OOD2: 51.56% Test OOD3: 59.77% 
Epoch: 176, Loss: 0.3284, Train: 99.18%, Valid: 67.48%, Test In: 67.97% Test OOD1: 62.36% Test OOD2: 51.53% Test OOD3: 60.20% 
Epoch: 177, Loss: 0.2867, Train: 99.37%, Valid: 67.43%, Test In: 67.91% Test OOD1: 62.25% Test OOD2: 51.51% Test OOD3: 60.21% 
Epoch: 178, Loss: 0.2802, Train: 99.48%, Valid: 67.47%, Test In: 67.85% Test OOD1: 61.44% Test OOD2: 51.56% Test OOD3: 59.77% 
Epoch: 179, Loss: 0.2893, Train: 99.47%, Valid: 67.25%, Test In: 67.71% Test OOD1: 61.39% Test OOD2: 51.60% Test OOD3: 59.81% 
Epoch: 180, Loss: 0.2755, Train: 99.39%, Valid: 67.56%, Test In: 67.93% Test OOD1: 62.41% Test OOD2: 51.65% Test OOD3: 60.33% 
Epoch: 181, Loss: 0.2630, Train: 99.45%, Valid: 67.57%, Test In: 67.97% Test OOD1: 62.38% Test OOD2: 51.69% Test OOD3: 60.32% 
Epoch: 182, Loss: 0.2519, Train: 99.61%, Valid: 67.60%, Test In: 68.03% Test OOD1: 61.89% Test OOD2: 51.65% Test OOD3: 60.05% 
Epoch: 183, Loss: 0.2590, Train: 99.64%, Valid: 67.63%, Test In: 68.02% Test OOD1: 61.85% Test OOD2: 51.63% Test OOD3: 60.00% 
Epoch: 184, Loss: 0.2529, Train: 99.65%, Valid: 67.53%, Test In: 68.06% Test OOD1: 61.77% Test OOD2: 51.59% Test OOD3: 59.99% 
Epoch: 185, Loss: 0.2663, Train: 99.67%, Valid: 67.69%, Test In: 68.03% Test OOD1: 61.96% Test OOD2: 51.62% Test OOD3: 60.02% 
Epoch: 186, Loss: 0.2559, Train: 99.70%, Valid: 67.52%, Test In: 67.96% Test OOD1: 61.76% Test OOD2: 51.61% Test OOD3: 59.90% 
Epoch: 187, Loss: 0.2370, Train: 99.69%, Valid: 67.50%, Test In: 68.00% Test OOD1: 62.10% Test OOD2: 51.60% Test OOD3: 60.04% 
Epoch: 188, Loss: 0.2311, Train: 99.73%, Valid: 67.48%, Test In: 67.95% Test OOD1: 61.91% Test OOD2: 51.62% Test OOD3: 59.88% 
Epoch: 189, Loss: 0.2302, Train: 99.75%, Valid: 67.42%, Test In: 67.99% Test OOD1: 61.66% Test OOD2: 51.59% Test OOD3: 59.76% 
Epoch: 190, Loss: 0.2375, Train: 99.75%, Valid: 67.52%, Test In: 67.99% Test OOD1: 62.03% Test OOD2: 51.61% Test OOD3: 59.96% 
Epoch: 191, Loss: 0.2263, Train: 99.79%, Valid: 67.44%, Test In: 67.97% Test OOD1: 61.83% Test OOD2: 51.57% Test OOD3: 59.85% 
Epoch: 192, Loss: 0.2091, Train: 99.81%, Valid: 67.43%, Test In: 67.92% Test OOD1: 61.73% Test OOD2: 51.55% Test OOD3: 59.74% 
Epoch: 193, Loss: 0.2100, Train: 99.80%, Valid: 67.45%, Test In: 67.89% Test OOD1: 62.03% Test OOD2: 51.56% Test OOD3: 59.85% 
Epoch: 194, Loss: 0.2120, Train: 99.81%, Valid: 67.40%, Test In: 67.99% Test OOD1: 61.91% Test OOD2: 51.52% Test OOD3: 59.75% 
Epoch: 195, Loss: 0.2193, Train: 99.86%, Valid: 67.42%, Test In: 67.88% Test OOD1: 61.67% Test OOD2: 51.62% Test OOD3: 59.58% 
Epoch: 196, Loss: 0.2295, Train: 99.85%, Valid: 67.31%, Test In: 67.97% Test OOD1: 61.58% Test OOD2: 51.61% Test OOD3: 59.62% 
Epoch: 197, Loss: 0.2217, Train: 99.85%, Valid: 67.52%, Test In: 67.97% Test OOD1: 62.05% Test OOD2: 51.67% Test OOD3: 59.89% 
Epoch: 198, Loss: 0.2095, Train: 99.87%, Valid: 67.49%, Test In: 68.02% Test OOD1: 62.00% Test OOD2: 51.66% Test OOD3: 59.89% 
Epoch: 199, Loss: 0.1879, Train: 99.88%, Valid: 67.39%, Test In: 67.97% Test OOD1: 61.98% Test OOD2: 51.59% Test OOD3: 59.87% 
Run 01:
Highest Train: 99.88
Highest Valid: 71.08
Highest In Test: 71.55
Highest OOD Test: 66.53
Highest OOD Test: 53.12
Highest OOD Test: 63.56
Chosen epoch: 39
Final Train: 79.21
Final In Test: 71.55
Final OOD Test: 65.33
Final OOD Test: 52.58
Final OOD Test: 62.89
Epoch: 00, Loss: 1.0491, Train: 48.25%, Valid: 46.79%, Test In: 48.54% Test OOD1: 44.48% Test OOD2: 51.34% Test OOD3: 49.71% 
Epoch: 01, Loss: 1.0412, Train: 43.52%, Valid: 43.36%, Test In: 44.70% Test OOD1: 41.67% Test OOD2: 50.51% Test OOD3: 46.31% 
Epoch: 02, Loss: 1.0276, Train: 42.92%, Valid: 42.98%, Test In: 44.22% Test OOD1: 41.27% Test OOD2: 50.38% Test OOD3: 45.83% 
Epoch: 03, Loss: 1.0140, Train: 45.60%, Valid: 45.12%, Test In: 46.55% Test OOD1: 42.38% Test OOD2: 50.64% Test OOD3: 47.01% 
Epoch: 04, Loss: 1.0079, Train: 68.73%, Valid: 64.73%, Test In: 66.18% Test OOD1: 58.88% Test OOD2: 52.80% Test OOD3: 60.32% 
Epoch: 05, Loss: 0.9989, Train: 65.80%, Valid: 63.55%, Test In: 63.44% Test OOD1: 62.69% Test OOD2: 51.05% Test OOD3: 59.39% 
Epoch: 06, Loss: 0.9876, Train: 64.69%, Valid: 62.72%, Test In: 62.42% Test OOD1: 62.31% Test OOD2: 50.92% Test OOD3: 58.93% 
Epoch: 07, Loss: 0.9799, Train: 64.48%, Valid: 62.59%, Test In: 62.23% Test OOD1: 62.26% Test OOD2: 50.90% Test OOD3: 58.89% 
Epoch: 08, Loss: 0.9731, Train: 64.74%, Valid: 62.79%, Test In: 62.46% Test OOD1: 62.39% Test OOD2: 50.95% Test OOD3: 59.07% 
Epoch: 09, Loss: 0.9664, Train: 65.49%, Valid: 63.34%, Test In: 63.11% Test OOD1: 62.76% Test OOD2: 51.06% Test OOD3: 59.50% 
Epoch: 10, Loss: 0.9580, Train: 66.41%, Valid: 64.07%, Test In: 63.95% Test OOD1: 63.18% Test OOD2: 51.13% Test OOD3: 59.93% 
Epoch: 11, Loss: 0.9503, Train: 68.17%, Valid: 65.44%, Test In: 65.54% Test OOD1: 63.97% Test OOD2: 51.36% Test OOD3: 60.73% 
Epoch: 12, Loss: 0.9410, Train: 69.17%, Valid: 66.25%, Test In: 66.42% Test OOD1: 64.52% Test OOD2: 51.46% Test OOD3: 61.22% 
Epoch: 13, Loss: 0.9336, Train: 70.80%, Valid: 67.53%, Test In: 67.83% Test OOD1: 65.30% Test OOD2: 51.71% Test OOD3: 61.98% 
Epoch: 14, Loss: 0.9241, Train: 72.66%, Valid: 68.79%, Test In: 69.35% Test OOD1: 65.77% Test OOD2: 52.16% Test OOD3: 62.85% 
Epoch: 15, Loss: 0.9133, Train: 72.62%, Valid: 68.83%, Test In: 69.31% Test OOD1: 65.95% Test OOD2: 52.05% Test OOD3: 62.85% 
Epoch: 16, Loss: 0.9096, Train: 73.71%, Valid: 69.62%, Test In: 70.19% Test OOD1: 66.11% Test OOD2: 52.29% Test OOD3: 63.28% 
Epoch: 17, Loss: 0.9001, Train: 74.48%, Valid: 69.98%, Test In: 70.66% Test OOD1: 65.92% Test OOD2: 52.57% Test OOD3: 63.48% 
Epoch: 18, Loss: 0.8883, Train: 74.66%, Valid: 70.01%, Test In: 70.67% Test OOD1: 66.12% Test OOD2: 52.57% Test OOD3: 63.48% 
Epoch: 19, Loss: 0.8910, Train: 75.13%, Valid: 70.34%, Test In: 70.94% Test OOD1: 66.12% Test OOD2: 52.66% Test OOD3: 63.53% 
Epoch: 20, Loss: 0.8799, Train: 75.61%, Valid: 70.44%, Test In: 71.08% Test OOD1: 65.91% Test OOD2: 52.81% Test OOD3: 63.48% 
Epoch: 21, Loss: 0.8704, Train: 75.92%, Valid: 70.70%, Test In: 71.25% Test OOD1: 66.03% Test OOD2: 52.79% Test OOD3: 63.46% 
Epoch: 22, Loss: 0.8819, Train: 76.01%, Valid: 70.40%, Test In: 71.04% Test OOD1: 65.93% Test OOD2: 52.86% Test OOD3: 63.36% 
Epoch: 23, Loss: 0.8635, Train: 76.34%, Valid: 70.59%, Test In: 71.14% Test OOD1: 66.05% Test OOD2: 52.85% Test OOD3: 63.38% 
Epoch: 24, Loss: 0.8589, Train: 76.47%, Valid: 70.49%, Test In: 71.01% Test OOD1: 66.23% Test OOD2: 52.82% Test OOD3: 63.36% 
Epoch: 25, Loss: 0.8589, Train: 76.61%, Valid: 70.26%, Test In: 70.86% Test OOD1: 65.84% Test OOD2: 52.92% Test OOD3: 63.21% 
Epoch: 26, Loss: 0.8479, Train: 77.04%, Valid: 70.58%, Test In: 71.07% Test OOD1: 66.05% Test OOD2: 52.90% Test OOD3: 63.26% 
Epoch: 27, Loss: 0.8490, Train: 76.96%, Valid: 70.29%, Test In: 70.77% Test OOD1: 66.30% Test OOD2: 52.80% Test OOD3: 63.18% 
Epoch: 28, Loss: 0.8394, Train: 77.22%, Valid: 70.13%, Test In: 70.65% Test OOD1: 65.87% Test OOD2: 52.92% Test OOD3: 63.00% 
Epoch: 29, Loss: 0.8350, Train: 77.70%, Valid: 70.59%, Test In: 71.01% Test OOD1: 65.90% Test OOD2: 52.99% Test OOD3: 63.08% 
Epoch: 30, Loss: 0.8413, Train: 77.33%, Valid: 70.00%, Test In: 70.51% Test OOD1: 65.90% Test OOD2: 52.80% Test OOD3: 62.83% 
Epoch: 31, Loss: 0.8300, Train: 77.88%, Valid: 70.23%, Test In: 70.70% Test OOD1: 65.90% Test OOD2: 52.84% Test OOD3: 62.91% 
Epoch: 32, Loss: 0.8265, Train: 78.25%, Valid: 70.30%, Test In: 70.73% Test OOD1: 65.67% Test OOD2: 52.84% Test OOD3: 62.78% 
Epoch: 33, Loss: 0.8121, Train: 77.97%, Valid: 69.95%, Test In: 70.46% Test OOD1: 65.36% Test OOD2: 52.72% Test OOD3: 62.57% 
Epoch: 34, Loss: 0.8182, Train: 78.63%, Valid: 70.44%, Test In: 70.84% Test OOD1: 65.62% Test OOD2: 52.76% Test OOD3: 62.82% 
Epoch: 35, Loss: 0.8172, Train: 78.83%, Valid: 70.34%, Test In: 70.74% Test OOD1: 65.62% Test OOD2: 52.68% Test OOD3: 62.72% 
Epoch: 36, Loss: 0.8000, Train: 78.20%, Valid: 69.68%, Test In: 70.33% Test OOD1: 64.65% Test OOD2: 52.53% Test OOD3: 62.25% 
Epoch: 37, Loss: 0.8365, Train: 79.32%, Valid: 70.53%, Test In: 70.94% Test OOD1: 65.31% Test OOD2: 52.76% Test OOD3: 62.70% 
Epoch: 38, Loss: 0.8084, Train: 79.06%, Valid: 70.56%, Test In: 70.97% Test OOD1: 65.87% Test OOD2: 52.58% Test OOD3: 62.88% 
Epoch: 39, Loss: 0.8146, Train: 79.04%, Valid: 70.01%, Test In: 70.54% Test OOD1: 64.88% Test OOD2: 52.51% Test OOD3: 62.44% 
Epoch: 40, Loss: 0.7934, Train: 78.81%, Valid: 69.86%, Test In: 70.47% Test OOD1: 64.91% Test OOD2: 52.42% Test OOD3: 62.44% 
Epoch: 41, Loss: 0.8016, Train: 79.46%, Valid: 70.32%, Test In: 70.80% Test OOD1: 65.49% Test OOD2: 52.52% Test OOD3: 62.72% 
Epoch: 42, Loss: 0.7883, Train: 80.01%, Valid: 70.54%, Test In: 71.04% Test OOD1: 64.88% Test OOD2: 52.66% Test OOD3: 62.64% 
Epoch: 43, Loss: 0.7999, Train: 79.53%, Valid: 70.09%, Test In: 70.67% Test OOD1: 65.09% Test OOD2: 52.40% Test OOD3: 62.52% 
Epoch: 44, Loss: 0.7823, Train: 79.35%, Valid: 69.73%, Test In: 70.43% Test OOD1: 64.38% Test OOD2: 52.40% Test OOD3: 62.20% 
Epoch: 45, Loss: 0.8018, Train: 80.04%, Valid: 70.20%, Test In: 70.81% Test OOD1: 64.90% Test OOD2: 52.40% Test OOD3: 62.49% 
Epoch: 46, Loss: 0.7788, Train: 80.37%, Valid: 70.42%, Test In: 70.99% Test OOD1: 64.93% Test OOD2: 52.44% Test OOD3: 62.57% 
Epoch: 47, Loss: 0.7817, Train: 80.31%, Valid: 70.09%, Test In: 70.71% Test OOD1: 64.44% Test OOD2: 52.42% Test OOD3: 62.29% 
Epoch: 48, Loss: 0.7692, Train: 80.02%, Valid: 69.93%, Test In: 70.62% Test OOD1: 64.63% Test OOD2: 52.32% Test OOD3: 62.33% 
Epoch: 49, Loss: 0.7770, Train: 80.71%, Valid: 70.26%, Test In: 70.86% Test OOD1: 64.83% Test OOD2: 52.39% Test OOD3: 62.48% 
Epoch: 50, Loss: 0.7660, Train: 81.23%, Valid: 70.36%, Test In: 70.99% Test OOD1: 64.21% Test OOD2: 52.51% Test OOD3: 62.33% 
Epoch: 51, Loss: 0.7704, Train: 80.28%, Valid: 69.90%, Test In: 70.57% Test OOD1: 65.03% Test OOD2: 52.28% Test OOD3: 62.39% 
Epoch: 52, Loss: 0.7819, Train: 81.35%, Valid: 70.19%, Test In: 70.90% Test OOD1: 64.09% Test OOD2: 52.41% Test OOD3: 62.20% 
Epoch: 53, Loss: 0.7636, Train: 81.57%, Valid: 70.40%, Test In: 71.05% Test OOD1: 64.68% Test OOD2: 52.34% Test OOD3: 62.41% 
Epoch: 54, Loss: 0.7468, Train: 81.13%, Valid: 70.08%, Test In: 70.82% Test OOD1: 64.82% Test OOD2: 52.28% Test OOD3: 62.30% 
Epoch: 55, Loss: 0.7529, Train: 81.92%, Valid: 70.21%, Test In: 70.93% Test OOD1: 64.04% Test OOD2: 52.31% Test OOD3: 62.08% 
Epoch: 56, Loss: 0.7476, Train: 82.15%, Valid: 70.37%, Test In: 71.03% Test OOD1: 64.70% Test OOD2: 52.24% Test OOD3: 62.31% 
Epoch: 57, Loss: 0.7296, Train: 81.99%, Valid: 70.12%, Test In: 70.82% Test OOD1: 64.56% Test OOD2: 52.24% Test OOD3: 62.12% 
Epoch: 58, Loss: 0.7353, Train: 82.59%, Valid: 70.38%, Test In: 71.04% Test OOD1: 64.15% Test OOD2: 52.23% Test OOD3: 62.12% 
Epoch: 59, Loss: 0.7467, Train: 82.71%, Valid: 70.26%, Test In: 70.96% Test OOD1: 64.54% Test OOD2: 52.11% Test OOD3: 62.17% 
Epoch: 60, Loss: 0.7218, Train: 83.06%, Valid: 70.09%, Test In: 70.82% Test OOD1: 63.97% Test OOD2: 52.17% Test OOD3: 61.90% 
Epoch: 61, Loss: 0.7159, Train: 83.30%, Valid: 70.48%, Test In: 71.10% Test OOD1: 64.39% Test OOD2: 52.09% Test OOD3: 62.21% 
Epoch: 62, Loss: 0.7260, Train: 83.77%, Valid: 70.22%, Test In: 70.84% Test OOD1: 64.08% Test OOD2: 52.03% Test OOD3: 61.93% 
Epoch: 63, Loss: 0.7004, Train: 83.75%, Valid: 70.07%, Test In: 70.69% Test OOD1: 63.89% Test OOD2: 51.95% Test OOD3: 61.81% 
Epoch: 64, Loss: 0.7008, Train: 84.17%, Valid: 70.65%, Test In: 71.21% Test OOD1: 64.22% Test OOD2: 51.98% Test OOD3: 62.16% 
Epoch: 65, Loss: 0.7186, Train: 84.69%, Valid: 70.08%, Test In: 70.72% Test OOD1: 63.89% Test OOD2: 51.92% Test OOD3: 61.89% 
Epoch: 66, Loss: 0.6782, Train: 84.57%, Valid: 70.02%, Test In: 70.64% Test OOD1: 63.92% Test OOD2: 51.77% Test OOD3: 61.90% 
Epoch: 67, Loss: 0.6956, Train: 85.57%, Valid: 70.46%, Test In: 71.03% Test OOD1: 63.76% Test OOD2: 51.91% Test OOD3: 62.01% 
Epoch: 68, Loss: 0.7089, Train: 85.46%, Valid: 70.14%, Test In: 70.60% Test OOD1: 64.13% Test OOD2: 51.67% Test OOD3: 62.02% 
Epoch: 69, Loss: 0.6860, Train: 85.42%, Valid: 70.19%, Test In: 70.83% Test OOD1: 63.59% Test OOD2: 51.71% Test OOD3: 61.87% 
Epoch: 70, Loss: 0.6909, Train: 86.39%, Valid: 69.97%, Test In: 70.64% Test OOD1: 63.38% Test OOD2: 51.68% Test OOD3: 61.75% 
Epoch: 71, Loss: 0.6568, Train: 86.89%, Valid: 70.29%, Test In: 70.92% Test OOD1: 63.43% Test OOD2: 51.63% Test OOD3: 61.91% 
Epoch: 72, Loss: 0.6780, Train: 86.67%, Valid: 69.94%, Test In: 70.54% Test OOD1: 63.83% Test OOD2: 51.43% Test OOD3: 61.95% 
Epoch: 73, Loss: 0.6756, Train: 87.16%, Valid: 69.87%, Test In: 70.46% Test OOD1: 62.91% Test OOD2: 51.51% Test OOD3: 61.47% 
Epoch: 74, Loss: 0.6624, Train: 87.32%, Valid: 70.23%, Test In: 70.91% Test OOD1: 63.38% Test OOD2: 51.56% Test OOD3: 61.87% 
Epoch: 75, Loss: 0.6409, Train: 87.70%, Valid: 69.89%, Test In: 70.38% Test OOD1: 63.52% Test OOD2: 51.40% Test OOD3: 61.75% 
Epoch: 76, Loss: 0.6794, Train: 87.46%, Valid: 70.22%, Test In: 70.91% Test OOD1: 63.40% Test OOD2: 51.55% Test OOD3: 61.84% 
Epoch: 77, Loss: 0.6667, Train: 88.30%, Valid: 69.73%, Test In: 70.24% Test OOD1: 62.86% Test OOD2: 51.41% Test OOD3: 61.32% 
Epoch: 78, Loss: 0.6366, Train: 88.62%, Valid: 69.67%, Test In: 70.15% Test OOD1: 63.34% Test OOD2: 51.38% Test OOD3: 61.52% 
Epoch: 79, Loss: 0.6284, Train: 88.57%, Valid: 69.98%, Test In: 70.60% Test OOD1: 63.24% Test OOD2: 51.42% Test OOD3: 61.70% 
Epoch: 80, Loss: 0.6326, Train: 89.05%, Valid: 69.75%, Test In: 70.31% Test OOD1: 62.77% Test OOD2: 51.40% Test OOD3: 61.37% 
Epoch: 81, Loss: 0.6074, Train: 89.16%, Valid: 69.41%, Test In: 69.90% Test OOD1: 62.95% Test OOD2: 51.28% Test OOD3: 61.25% 
Epoch: 82, Loss: 0.6159, Train: 89.90%, Valid: 69.52%, Test In: 70.10% Test OOD1: 62.90% Test OOD2: 51.26% Test OOD3: 61.33% 
Epoch: 83, Loss: 0.5915, Train: 89.72%, Valid: 69.66%, Test In: 70.31% Test OOD1: 62.78% Test OOD2: 51.35% Test OOD3: 61.28% 
Epoch: 84, Loss: 0.5900, Train: 89.74%, Valid: 69.48%, Test In: 70.01% Test OOD1: 62.85% Test OOD2: 51.28% Test OOD3: 61.11% 
Epoch: 85, Loss: 0.5877, Train: 90.18%, Valid: 69.38%, Test In: 69.78% Test OOD1: 63.04% Test OOD2: 51.26% Test OOD3: 61.15% 
Epoch: 86, Loss: 0.5857, Train: 90.86%, Valid: 69.38%, Test In: 69.88% Test OOD1: 62.76% Test OOD2: 51.22% Test OOD3: 61.05% 
Epoch: 87, Loss: 0.5616, Train: 90.65%, Valid: 69.39%, Test In: 69.95% Test OOD1: 62.57% Test OOD2: 51.22% Test OOD3: 60.97% 
Epoch: 88, Loss: 0.5757, Train: 91.70%, Valid: 69.39%, Test In: 69.87% Test OOD1: 62.53% Test OOD2: 51.29% Test OOD3: 61.03% 
Epoch: 89, Loss: 0.5810, Train: 91.39%, Valid: 69.29%, Test In: 69.71% Test OOD1: 62.85% Test OOD2: 51.24% Test OOD3: 61.08% 
Epoch: 90, Loss: 0.5453, Train: 91.28%, Valid: 69.33%, Test In: 69.82% Test OOD1: 62.65% Test OOD2: 51.25% Test OOD3: 60.96% 
Epoch: 91, Loss: 0.5665, Train: 92.33%, Valid: 69.53%, Test In: 69.99% Test OOD1: 62.75% Test OOD2: 51.27% Test OOD3: 61.17% 
Epoch: 92, Loss: 0.5685, Train: 92.15%, Valid: 69.41%, Test In: 69.74% Test OOD1: 63.06% Test OOD2: 51.28% Test OOD3: 61.10% 
Epoch: 93, Loss: 0.5427, Train: 91.91%, Valid: 69.23%, Test In: 69.60% Test OOD1: 62.43% Test OOD2: 51.29% Test OOD3: 60.70% 
Epoch: 94, Loss: 0.5858, Train: 92.81%, Valid: 69.43%, Test In: 69.85% Test OOD1: 62.85% Test OOD2: 51.18% Test OOD3: 61.03% 
Epoch: 95, Loss: 0.5589, Train: 93.15%, Valid: 69.32%, Test In: 69.69% Test OOD1: 62.69% Test OOD2: 51.27% Test OOD3: 61.00% 
Epoch: 96, Loss: 0.5738, Train: 92.94%, Valid: 69.40%, Test In: 69.79% Test OOD1: 62.82% Test OOD2: 51.19% Test OOD3: 61.03% 
Epoch: 97, Loss: 0.5141, Train: 92.95%, Valid: 69.33%, Test In: 69.69% Test OOD1: 62.70% Test OOD2: 51.19% Test OOD3: 60.88% 
Epoch: 98, Loss: 0.5329, Train: 93.69%, Valid: 69.30%, Test In: 69.54% Test OOD1: 62.79% Test OOD2: 51.23% Test OOD3: 60.93% 
Epoch: 99, Loss: 0.5273, Train: 94.01%, Valid: 69.45%, Test In: 69.62% Test OOD1: 62.77% Test OOD2: 51.17% Test OOD3: 60.91% 
Epoch: 100, Loss: 0.5167, Train: 93.54%, Valid: 69.29%, Test In: 69.42% Test OOD1: 62.98% Test OOD2: 51.09% Test OOD3: 60.87% 
Epoch: 101, Loss: 0.5281, Train: 93.89%, Valid: 69.23%, Test In: 69.28% Test OOD1: 62.57% Test OOD2: 51.13% Test OOD3: 60.66% 
Epoch: 102, Loss: 0.5141, Train: 94.57%, Valid: 69.29%, Test In: 69.52% Test OOD1: 62.56% Test OOD2: 51.07% Test OOD3: 60.88% 
Epoch: 103, Loss: 0.5024, Train: 94.73%, Valid: 69.18%, Test In: 69.34% Test OOD1: 62.57% Test OOD2: 51.06% Test OOD3: 60.75% 
Epoch: 104, Loss: 0.4833, Train: 94.67%, Valid: 69.10%, Test In: 69.26% Test OOD1: 62.51% Test OOD2: 51.06% Test OOD3: 60.65% 
Epoch: 105, Loss: 0.4797, Train: 95.09%, Valid: 69.15%, Test In: 69.31% Test OOD1: 62.68% Test OOD2: 51.01% Test OOD3: 60.75% 
Epoch: 106, Loss: 0.4845, Train: 95.27%, Valid: 69.17%, Test In: 69.19% Test OOD1: 62.79% Test OOD2: 51.02% Test OOD3: 60.66% 
Epoch: 107, Loss: 0.4796, Train: 95.32%, Valid: 69.19%, Test In: 69.26% Test OOD1: 62.54% Test OOD2: 51.00% Test OOD3: 60.54% 
Epoch: 108, Loss: 0.4826, Train: 95.56%, Valid: 69.16%, Test In: 69.13% Test OOD1: 62.64% Test OOD2: 51.05% Test OOD3: 60.53% 
Epoch: 109, Loss: 0.4624, Train: 95.66%, Valid: 69.28%, Test In: 69.37% Test OOD1: 62.58% Test OOD2: 50.99% Test OOD3: 60.64% 
Epoch: 110, Loss: 0.4644, Train: 95.59%, Valid: 69.02%, Test In: 69.06% Test OOD1: 62.59% Test OOD2: 51.03% Test OOD3: 60.44% 
Epoch: 111, Loss: 0.4759, Train: 95.97%, Valid: 69.29%, Test In: 69.30% Test OOD1: 62.52% Test OOD2: 50.92% Test OOD3: 60.58% 
Epoch: 112, Loss: 0.4865, Train: 96.20%, Valid: 68.99%, Test In: 68.98% Test OOD1: 62.46% Test OOD2: 50.98% Test OOD3: 60.44% 
Epoch: 113, Loss: 0.4649, Train: 96.33%, Valid: 69.04%, Test In: 68.96% Test OOD1: 62.59% Test OOD2: 50.99% Test OOD3: 60.47% 
Epoch: 114, Loss: 0.4399, Train: 96.36%, Valid: 69.24%, Test In: 69.16% Test OOD1: 62.58% Test OOD2: 50.97% Test OOD3: 60.59% 
Epoch: 115, Loss: 0.4267, Train: 96.62%, Valid: 69.01%, Test In: 68.91% Test OOD1: 62.43% Test OOD2: 50.99% Test OOD3: 60.36% 
Epoch: 116, Loss: 0.4232, Train: 96.86%, Valid: 68.90%, Test In: 68.80% Test OOD1: 62.62% Test OOD2: 50.97% Test OOD3: 60.33% 
Epoch: 117, Loss: 0.4419, Train: 96.74%, Valid: 68.90%, Test In: 68.94% Test OOD1: 62.45% Test OOD2: 51.06% Test OOD3: 60.27% 
Epoch: 118, Loss: 0.4179, Train: 97.40%, Valid: 68.77%, Test In: 68.88% Test OOD1: 62.15% Test OOD2: 51.01% Test OOD3: 60.19% 
Epoch: 119, Loss: 0.4083, Train: 97.19%, Valid: 68.60%, Test In: 68.61% Test OOD1: 62.25% Test OOD2: 51.12% Test OOD3: 60.15% 
Epoch: 120, Loss: 0.4144, Train: 97.57%, Valid: 68.74%, Test In: 68.79% Test OOD1: 62.42% Test OOD2: 51.06% Test OOD3: 60.32% 
Epoch: 121, Loss: 0.3916, Train: 97.66%, Valid: 68.74%, Test In: 68.74% Test OOD1: 62.41% Test OOD2: 51.09% Test OOD3: 60.29% 
Epoch: 122, Loss: 0.3753, Train: 97.72%, Valid: 68.57%, Test In: 68.53% Test OOD1: 62.25% Test OOD2: 51.15% Test OOD3: 60.10% 
Epoch: 123, Loss: 0.3805, Train: 98.01%, Valid: 68.63%, Test In: 68.73% Test OOD1: 62.33% Test OOD2: 51.07% Test OOD3: 60.21% 
Epoch: 124, Loss: 0.3862, Train: 97.68%, Valid: 68.49%, Test In: 68.60% Test OOD1: 62.23% Test OOD2: 51.14% Test OOD3: 60.10% 
Epoch: 125, Loss: 0.4314, Train: 97.99%, Valid: 68.53%, Test In: 68.57% Test OOD1: 62.16% Test OOD2: 50.97% Test OOD3: 60.21% 
Epoch: 126, Loss: 0.6192, Train: 97.18%, Valid: 68.58%, Test In: 68.51% Test OOD1: 62.44% Test OOD2: 51.16% Test OOD3: 60.27% 
Epoch: 127, Loss: 0.7209, Train: 97.53%, Valid: 68.91%, Test In: 68.75% Test OOD1: 63.09% Test OOD2: 50.97% Test OOD3: 60.80% 
Epoch: 128, Loss: 0.4923, Train: 97.76%, Valid: 68.68%, Test In: 68.41% Test OOD1: 62.80% Test OOD2: 50.99% Test OOD3: 60.53% 
Epoch: 129, Loss: 0.5534, Train: 97.57%, Valid: 68.37%, Test In: 68.11% Test OOD1: 62.13% Test OOD2: 51.06% Test OOD3: 60.14% 
Epoch: 130, Loss: 0.4067, Train: 97.18%, Valid: 68.06%, Test In: 67.92% Test OOD1: 62.19% Test OOD2: 51.07% Test OOD3: 60.04% 
Epoch: 131, Loss: 0.5379, Train: 96.93%, Valid: 68.12%, Test In: 67.89% Test OOD1: 62.83% Test OOD2: 50.97% Test OOD3: 60.38% 
Epoch: 132, Loss: 0.4389, Train: 97.22%, Valid: 68.09%, Test In: 68.00% Test OOD1: 62.76% Test OOD2: 50.87% Test OOD3: 60.58% 
Epoch: 133, Loss: 0.4020, Train: 97.83%, Valid: 67.93%, Test In: 67.79% Test OOD1: 62.49% Test OOD2: 50.91% Test OOD3: 60.39% 
Epoch: 134, Loss: 0.4132, Train: 98.21%, Valid: 67.51%, Test In: 67.34% Test OOD1: 61.87% Test OOD2: 50.96% Test OOD3: 60.01% 
Epoch: 135, Loss: 0.4168, Train: 98.25%, Valid: 67.23%, Test In: 67.09% Test OOD1: 61.54% Test OOD2: 50.91% Test OOD3: 59.85% 
Epoch: 136, Loss: 0.4360, Train: 98.00%, Valid: 67.46%, Test In: 67.17% Test OOD1: 62.07% Test OOD2: 50.90% Test OOD3: 60.12% 
Epoch: 137, Loss: 0.4151, Train: 98.00%, Valid: 67.31%, Test In: 67.20% Test OOD1: 61.89% Test OOD2: 50.82% Test OOD3: 60.26% 
Epoch: 138, Loss: 0.4048, Train: 97.85%, Valid: 67.42%, Test In: 67.17% Test OOD1: 62.13% Test OOD2: 50.80% Test OOD3: 60.35% 
Epoch: 139, Loss: 0.3929, Train: 97.90%, Valid: 67.55%, Test In: 67.15% Test OOD1: 62.35% Test OOD2: 50.78% Test OOD3: 60.36% 
Epoch: 140, Loss: 0.3743, Train: 98.44%, Valid: 67.57%, Test In: 67.12% Test OOD1: 62.10% Test OOD2: 50.75% Test OOD3: 60.12% 
Epoch: 141, Loss: 0.3766, Train: 98.55%, Valid: 67.43%, Test In: 66.90% Test OOD1: 61.75% Test OOD2: 50.79% Test OOD3: 59.71% 
Epoch: 142, Loss: 0.3832, Train: 98.67%, Valid: 67.26%, Test In: 66.84% Test OOD1: 61.35% Test OOD2: 50.77% Test OOD3: 59.50% 
Epoch: 143, Loss: 0.3684, Train: 98.56%, Valid: 67.50%, Test In: 67.11% Test OOD1: 62.07% Test OOD2: 50.83% Test OOD3: 59.80% 
Epoch: 144, Loss: 0.3641, Train: 98.63%, Valid: 67.65%, Test In: 67.26% Test OOD1: 62.11% Test OOD2: 50.79% Test OOD3: 59.96% 
Epoch: 145, Loss: 0.3600, Train: 98.68%, Valid: 67.70%, Test In: 67.25% Test OOD1: 62.06% Test OOD2: 50.88% Test OOD3: 59.94% 
Epoch: 146, Loss: 0.3556, Train: 98.63%, Valid: 67.90%, Test In: 67.40% Test OOD1: 62.26% Test OOD2: 50.84% Test OOD3: 60.18% 
Epoch: 147, Loss: 0.3607, Train: 98.71%, Valid: 67.86%, Test In: 67.50% Test OOD1: 62.35% Test OOD2: 50.87% Test OOD3: 60.26% 
Epoch: 148, Loss: 0.3448, Train: 98.68%, Valid: 67.79%, Test In: 67.45% Test OOD1: 62.38% Test OOD2: 50.86% Test OOD3: 60.23% 
Epoch: 149, Loss: 0.3405, Train: 98.97%, Valid: 67.60%, Test In: 67.37% Test OOD1: 61.77% Test OOD2: 50.83% Test OOD3: 60.01% 
Epoch: 150, Loss: 0.3397, Train: 98.94%, Valid: 67.57%, Test In: 67.27% Test OOD1: 61.89% Test OOD2: 50.84% Test OOD3: 59.96% 
Epoch: 151, Loss: 0.3204, Train: 98.91%, Valid: 67.66%, Test In: 67.34% Test OOD1: 62.08% Test OOD2: 50.87% Test OOD3: 60.04% 
Epoch: 152, Loss: 0.3076, Train: 98.88%, Valid: 67.70%, Test In: 67.32% Test OOD1: 62.23% Test OOD2: 50.89% Test OOD3: 60.04% 
Epoch: 153, Loss: 0.3042, Train: 98.99%, Valid: 67.60%, Test In: 67.15% Test OOD1: 62.15% Test OOD2: 50.92% Test OOD3: 59.85% 
Epoch: 154, Loss: 0.2994, Train: 99.23%, Valid: 67.55%, Test In: 67.12% Test OOD1: 61.78% Test OOD2: 50.90% Test OOD3: 59.63% 
Epoch: 155, Loss: 0.3051, Train: 99.11%, Valid: 67.62%, Test In: 67.15% Test OOD1: 62.04% Test OOD2: 50.95% Test OOD3: 59.72% 
Epoch: 156, Loss: 0.3176, Train: 99.18%, Valid: 67.65%, Test In: 67.23% Test OOD1: 61.65% Test OOD2: 50.99% Test OOD3: 59.69% 
Epoch: 157, Loss: 0.3679, Train: 99.06%, Valid: 67.87%, Test In: 67.37% Test OOD1: 62.15% Test OOD2: 51.00% Test OOD3: 59.99% 
Epoch: 158, Loss: 0.3891, Train: 99.10%, Valid: 67.95%, Test In: 67.57% Test OOD1: 62.28% Test OOD2: 51.05% Test OOD3: 60.24% 
Epoch: 159, Loss: 0.3179, Train: 99.22%, Valid: 67.90%, Test In: 67.48% Test OOD1: 62.14% Test OOD2: 51.07% Test OOD3: 60.19% 
Epoch: 160, Loss: 0.2879, Train: 99.22%, Valid: 67.70%, Test In: 67.17% Test OOD1: 62.07% Test OOD2: 51.06% Test OOD3: 59.97% 
Epoch: 161, Loss: 0.3201, Train: 99.31%, Valid: 67.56%, Test In: 67.06% Test OOD1: 61.77% Test OOD2: 51.06% Test OOD3: 59.80% 
Epoch: 162, Loss: 0.2753, Train: 99.19%, Valid: 67.50%, Test In: 67.12% Test OOD1: 62.04% Test OOD2: 51.14% Test OOD3: 59.80% 
Epoch: 163, Loss: 0.3242, Train: 98.66%, Valid: 67.59%, Test In: 67.21% Test OOD1: 62.32% Test OOD2: 50.99% Test OOD3: 59.98% 
Epoch: 164, Loss: 0.5277, Train: 98.05%, Valid: 67.50%, Test In: 67.26% Test OOD1: 62.46% Test OOD2: 51.40% Test OOD3: 59.99% 
Epoch: 165, Loss: 1.5914, Train: 98.99%, Valid: 67.32%, Test In: 67.02% Test OOD1: 61.87% Test OOD2: 51.27% Test OOD3: 60.17% 
Epoch: 166, Loss: 0.2838, Train: 98.72%, Valid: 67.68%, Test In: 67.39% Test OOD1: 62.28% Test OOD2: 51.17% Test OOD3: 60.31% 
Epoch: 167, Loss: 0.7201, Train: 98.71%, Valid: 67.75%, Test In: 67.30% Test OOD1: 62.28% Test OOD2: 51.19% Test OOD3: 60.44% 
Epoch: 168, Loss: 0.5412, Train: 98.73%, Valid: 67.62%, Test In: 67.15% Test OOD1: 62.29% Test OOD2: 51.34% Test OOD3: 60.47% 
Epoch: 169, Loss: 0.3341, Train: 98.65%, Valid: 67.49%, Test In: 67.06% Test OOD1: 62.45% Test OOD2: 51.42% Test OOD3: 60.44% 
Epoch: 170, Loss: 0.4390, Train: 98.64%, Valid: 67.34%, Test In: 66.93% Test OOD1: 62.58% Test OOD2: 51.36% Test OOD3: 60.42% 
Epoch: 171, Loss: 0.4535, Train: 98.84%, Valid: 66.99%, Test In: 66.58% Test OOD1: 62.08% Test OOD2: 51.16% Test OOD3: 60.21% 
Epoch: 172, Loss: 0.5739, Train: 98.84%, Valid: 66.79%, Test In: 66.48% Test OOD1: 62.18% Test OOD2: 50.99% Test OOD3: 60.37% 
Epoch: 173, Loss: 0.7671, Train: 97.87%, Valid: 67.37%, Test In: 67.11% Test OOD1: 63.20% Test OOD2: 51.12% Test OOD3: 60.98% 
Epoch: 174, Loss: 0.4231, Train: 97.85%, Valid: 67.58%, Test In: 67.30% Test OOD1: 63.36% Test OOD2: 51.04% Test OOD3: 61.23% 
Epoch: 175, Loss: 0.6307, Train: 98.59%, Valid: 67.49%, Test In: 67.33% Test OOD1: 62.73% Test OOD2: 51.17% Test OOD3: 61.07% 
Epoch: 176, Loss: 0.5095, Train: 98.67%, Valid: 67.05%, Test In: 66.89% Test OOD1: 62.15% Test OOD2: 51.32% Test OOD3: 60.60% 
Epoch: 177, Loss: 0.4043, Train: 99.01%, Valid: 66.97%, Test In: 66.56% Test OOD1: 62.21% Test OOD2: 51.14% Test OOD3: 60.41% 
Epoch: 178, Loss: 0.4695, Train: 99.12%, Valid: 66.79%, Test In: 66.44% Test OOD1: 62.10% Test OOD2: 51.15% Test OOD3: 60.19% 
Epoch: 179, Loss: 0.4475, Train: 99.19%, Valid: 66.49%, Test In: 66.26% Test OOD1: 61.81% Test OOD2: 51.21% Test OOD3: 59.87% 
Epoch: 180, Loss: 0.4013, Train: 99.22%, Valid: 66.18%, Test In: 66.00% Test OOD1: 61.44% Test OOD2: 51.25% Test OOD3: 59.54% 
Epoch: 181, Loss: 0.3890, Train: 99.15%, Valid: 65.80%, Test In: 65.65% Test OOD1: 60.86% Test OOD2: 51.34% Test OOD3: 59.26% 
Epoch: 182, Loss: 0.3993, Train: 99.26%, Valid: 66.05%, Test In: 65.85% Test OOD1: 61.09% Test OOD2: 51.33% Test OOD3: 59.44% 
Epoch: 183, Loss: 0.3966, Train: 99.23%, Valid: 66.65%, Test In: 66.35% Test OOD1: 61.90% Test OOD2: 51.23% Test OOD3: 59.95% 
Epoch: 184, Loss: 0.3800, Train: 99.19%, Valid: 66.77%, Test In: 66.50% Test OOD1: 62.08% Test OOD2: 51.24% Test OOD3: 60.11% 
Epoch: 185, Loss: 0.3726, Train: 99.29%, Valid: 66.75%, Test In: 66.51% Test OOD1: 62.06% Test OOD2: 51.17% Test OOD3: 60.15% 
Epoch: 186, Loss: 0.3717, Train: 99.34%, Valid: 66.67%, Test In: 66.43% Test OOD1: 61.89% Test OOD2: 51.15% Test OOD3: 60.11% 
Epoch: 187, Loss: 0.3740, Train: 99.41%, Valid: 66.49%, Test In: 66.31% Test OOD1: 61.75% Test OOD2: 51.18% Test OOD3: 60.07% 
Epoch: 188, Loss: 0.3630, Train: 99.36%, Valid: 66.58%, Test In: 66.29% Test OOD1: 61.94% Test OOD2: 51.23% Test OOD3: 60.16% 
Epoch: 189, Loss: 0.3469, Train: 99.46%, Valid: 66.32%, Test In: 66.05% Test OOD1: 61.68% Test OOD2: 51.38% Test OOD3: 60.09% 
Epoch: 190, Loss: 0.3395, Train: 99.47%, Valid: 66.14%, Test In: 65.87% Test OOD1: 61.46% Test OOD2: 51.46% Test OOD3: 60.01% 
Epoch: 191, Loss: 0.3285, Train: 99.50%, Valid: 66.14%, Test In: 65.87% Test OOD1: 61.57% Test OOD2: 51.46% Test OOD3: 60.04% 
Epoch: 192, Loss: 0.3074, Train: 99.45%, Valid: 66.29%, Test In: 66.04% Test OOD1: 61.98% Test OOD2: 51.43% Test OOD3: 60.21% 
Epoch: 193, Loss: 0.3081, Train: 99.47%, Valid: 66.25%, Test In: 66.00% Test OOD1: 61.95% Test OOD2: 51.44% Test OOD3: 60.19% 
Epoch: 194, Loss: 0.2930, Train: 99.50%, Valid: 65.89%, Test In: 65.75% Test OOD1: 61.42% Test OOD2: 51.52% Test OOD3: 59.91% 
Epoch: 195, Loss: 0.3032, Train: 99.47%, Valid: 66.36%, Test In: 66.14% Test OOD1: 61.87% Test OOD2: 51.41% Test OOD3: 60.19% 
Epoch: 196, Loss: 0.3270, Train: 99.28%, Valid: 66.47%, Test In: 66.44% Test OOD1: 61.92% Test OOD2: 51.46% Test OOD3: 60.25% 
Epoch: 197, Loss: 0.4794, Train: 99.11%, Valid: 66.82%, Test In: 66.46% Test OOD1: 62.21% Test OOD2: 51.42% Test OOD3: 60.47% 
Epoch: 198, Loss: 0.5693, Train: 99.18%, Valid: 66.94%, Test In: 66.69% Test OOD1: 62.30% Test OOD2: 51.41% Test OOD3: 60.75% 
Epoch: 199, Loss: 0.3296, Train: 99.06%, Valid: 66.81%, Test In: 66.76% Test OOD1: 61.92% Test OOD2: 51.48% Test OOD3: 60.54% 
Run 02:
Highest Train: 99.50
Highest Valid: 70.70
Highest In Test: 71.25
Highest OOD Test: 66.30
Highest OOD Test: 52.99
Highest OOD Test: 63.53
Chosen epoch: 22
Final Train: 75.92
Final In Test: 71.25
Final OOD Test: 66.03
Final OOD Test: 52.79
Final OOD Test: 63.46
Epoch: 00, Loss: 1.0488, Train: 65.73%, Valid: 63.66%, Test In: 63.75% Test OOD1: 62.51% Test OOD2: 51.00% Test OOD3: 59.18% 
Epoch: 01, Loss: 1.0423, Train: 69.14%, Valid: 65.32%, Test In: 67.19% Test OOD1: 58.95% Test OOD2: 52.37% Test OOD3: 60.16% 
Epoch: 02, Loss: 1.0321, Train: 50.74%, Valid: 49.50%, Test In: 51.21% Test OOD1: 44.07% Test OOD2: 50.93% Test OOD3: 48.49% 
Epoch: 03, Loss: 1.0172, Train: 46.76%, Valid: 46.28%, Test In: 47.74% Test OOD1: 42.46% Test OOD2: 50.52% Test OOD3: 46.82% 
Epoch: 04, Loss: 1.0091, Train: 62.21%, Valid: 59.24%, Test In: 60.89% Test OOD1: 49.31% Test OOD2: 51.70% Test OOD3: 52.73% 
Epoch: 05, Loss: 1.0042, Train: 68.41%, Valid: 65.50%, Test In: 66.04% Test OOD1: 63.36% Test OOD2: 51.14% Test OOD3: 60.16% 
Epoch: 06, Loss: 0.9930, Train: 65.88%, Valid: 63.80%, Test In: 63.61% Test OOD1: 62.65% Test OOD2: 50.81% Test OOD3: 59.32% 
Epoch: 07, Loss: 0.9840, Train: 65.27%, Valid: 63.40%, Test In: 63.08% Test OOD1: 62.45% Test OOD2: 50.73% Test OOD3: 59.02% 
Epoch: 08, Loss: 0.9766, Train: 65.96%, Valid: 63.97%, Test In: 63.73% Test OOD1: 62.86% Test OOD2: 50.90% Test OOD3: 59.45% 
Epoch: 09, Loss: 0.9678, Train: 66.09%, Valid: 64.15%, Test In: 63.89% Test OOD1: 62.93% Test OOD2: 50.88% Test OOD3: 59.47% 
Epoch: 10, Loss: 0.9598, Train: 67.31%, Valid: 65.04%, Test In: 64.99% Test OOD1: 63.53% Test OOD2: 51.14% Test OOD3: 60.06% 
Epoch: 11, Loss: 0.9512, Train: 68.01%, Valid: 65.65%, Test In: 65.64% Test OOD1: 63.90% Test OOD2: 51.19% Test OOD3: 60.36% 
Epoch: 12, Loss: 0.9422, Train: 69.36%, Valid: 66.74%, Test In: 66.86% Test OOD1: 64.51% Test OOD2: 51.36% Test OOD3: 60.96% 
Epoch: 13, Loss: 0.9373, Train: 70.48%, Valid: 67.67%, Test In: 67.81% Test OOD1: 65.00% Test OOD2: 51.46% Test OOD3: 61.41% 
Epoch: 14, Loss: 0.9287, Train: 71.68%, Valid: 68.59%, Test In: 68.83% Test OOD1: 65.53% Test OOD2: 51.63% Test OOD3: 62.04% 
Epoch: 15, Loss: 0.9162, Train: 72.88%, Valid: 69.40%, Test In: 69.79% Test OOD1: 65.82% Test OOD2: 51.91% Test OOD3: 62.69% 
Epoch: 16, Loss: 0.9177, Train: 73.67%, Valid: 69.88%, Test In: 70.36% Test OOD1: 65.83% Test OOD2: 52.16% Test OOD3: 63.07% 
Epoch: 17, Loss: 0.9103, Train: 73.34%, Valid: 69.64%, Test In: 70.06% Test OOD1: 66.21% Test OOD2: 51.98% Test OOD3: 62.94% 
Epoch: 18, Loss: 0.9074, Train: 74.57%, Valid: 70.30%, Test In: 70.91% Test OOD1: 65.86% Test OOD2: 52.42% Test OOD3: 63.41% 
Epoch: 19, Loss: 0.8941, Train: 75.09%, Valid: 70.40%, Test In: 71.10% Test OOD1: 65.24% Test OOD2: 52.73% Test OOD3: 63.44% 
Epoch: 20, Loss: 0.8964, Train: 75.00%, Valid: 70.48%, Test In: 71.04% Test OOD1: 66.21% Test OOD2: 52.53% Test OOD3: 63.49% 
Epoch: 21, Loss: 0.8854, Train: 75.23%, Valid: 70.50%, Test In: 71.04% Test OOD1: 66.35% Test OOD2: 52.62% Test OOD3: 63.52% 
Epoch: 22, Loss: 0.8825, Train: 75.88%, Valid: 70.60%, Test In: 71.20% Test OOD1: 65.57% Test OOD2: 52.94% Test OOD3: 63.43% 
Epoch: 23, Loss: 0.8770, Train: 75.94%, Valid: 70.45%, Test In: 71.04% Test OOD1: 65.90% Test OOD2: 52.95% Test OOD3: 63.42% 
Epoch: 24, Loss: 0.8704, Train: 76.04%, Valid: 70.62%, Test In: 71.15% Test OOD1: 66.44% Test OOD2: 52.76% Test OOD3: 63.49% 
Epoch: 25, Loss: 0.8658, Train: 76.26%, Valid: 70.40%, Test In: 70.96% Test OOD1: 66.23% Test OOD2: 52.87% Test OOD3: 63.40% 
Epoch: 26, Loss: 0.8602, Train: 76.77%, Valid: 70.56%, Test In: 71.07% Test OOD1: 65.93% Test OOD2: 52.98% Test OOD3: 63.29% 
Epoch: 27, Loss: 0.8526, Train: 76.80%, Valid: 70.40%, Test In: 70.91% Test OOD1: 66.17% Test OOD2: 52.91% Test OOD3: 63.26% 
Epoch: 28, Loss: 0.8492, Train: 77.08%, Valid: 70.44%, Test In: 70.93% Test OOD1: 66.22% Test OOD2: 52.89% Test OOD3: 63.22% 
Epoch: 29, Loss: 0.8390, Train: 77.42%, Valid: 70.32%, Test In: 70.80% Test OOD1: 65.87% Test OOD2: 52.97% Test OOD3: 63.03% 
Epoch: 30, Loss: 0.8364, Train: 77.77%, Valid: 70.74%, Test In: 71.11% Test OOD1: 66.01% Test OOD2: 52.92% Test OOD3: 63.03% 
Epoch: 31, Loss: 0.8415, Train: 77.72%, Valid: 70.11%, Test In: 70.60% Test OOD1: 65.54% Test OOD2: 52.91% Test OOD3: 62.74% 
Epoch: 32, Loss: 0.8286, Train: 78.35%, Valid: 70.66%, Test In: 71.01% Test OOD1: 65.78% Test OOD2: 52.93% Test OOD3: 62.86% 
Epoch: 33, Loss: 0.8294, Train: 78.46%, Valid: 70.43%, Test In: 70.86% Test OOD1: 65.60% Test OOD2: 52.83% Test OOD3: 62.76% 
Epoch: 34, Loss: 0.8186, Train: 78.43%, Valid: 70.15%, Test In: 70.58% Test OOD1: 65.43% Test OOD2: 52.83% Test OOD3: 62.59% 
Epoch: 35, Loss: 0.8120, Train: 79.05%, Valid: 70.57%, Test In: 70.96% Test OOD1: 65.60% Test OOD2: 52.83% Test OOD3: 62.74% 
Epoch: 36, Loss: 0.8106, Train: 79.16%, Valid: 70.39%, Test In: 70.88% Test OOD1: 65.37% Test OOD2: 52.73% Test OOD3: 62.61% 
Epoch: 37, Loss: 0.8085, Train: 79.12%, Valid: 70.13%, Test In: 70.58% Test OOD1: 65.15% Test OOD2: 52.75% Test OOD3: 62.38% 
Epoch: 38, Loss: 0.8027, Train: 79.76%, Valid: 70.48%, Test In: 70.97% Test OOD1: 65.23% Test OOD2: 52.69% Test OOD3: 62.54% 
Epoch: 39, Loss: 0.7912, Train: 79.87%, Valid: 70.29%, Test In: 70.84% Test OOD1: 64.93% Test OOD2: 52.59% Test OOD3: 62.38% 
Epoch: 40, Loss: 0.7909, Train: 79.63%, Valid: 70.17%, Test In: 70.66% Test OOD1: 64.99% Test OOD2: 52.59% Test OOD3: 62.32% 
Epoch: 41, Loss: 0.8065, Train: 80.23%, Valid: 70.41%, Test In: 70.97% Test OOD1: 64.82% Test OOD2: 52.54% Test OOD3: 62.44% 
Epoch: 42, Loss: 0.7987, Train: 80.42%, Valid: 70.36%, Test In: 70.92% Test OOD1: 65.13% Test OOD2: 52.48% Test OOD3: 62.53% 
Epoch: 43, Loss: 0.7794, Train: 80.07%, Valid: 70.00%, Test In: 70.59% Test OOD1: 64.71% Test OOD2: 52.40% Test OOD3: 62.26% 
Epoch: 44, Loss: 0.7879, Train: 80.66%, Valid: 70.41%, Test In: 71.06% Test OOD1: 64.87% Test OOD2: 52.42% Test OOD3: 62.51% 
Epoch: 45, Loss: 0.7833, Train: 81.07%, Valid: 70.61%, Test In: 71.21% Test OOD1: 64.87% Test OOD2: 52.56% Test OOD3: 62.57% 
Epoch: 46, Loss: 0.7874, Train: 80.69%, Valid: 70.04%, Test In: 70.65% Test OOD1: 64.76% Test OOD2: 52.35% Test OOD3: 62.25% 
Epoch: 47, Loss: 0.7773, Train: 81.01%, Valid: 70.08%, Test In: 70.69% Test OOD1: 64.58% Test OOD2: 52.32% Test OOD3: 62.19% 
Epoch: 48, Loss: 0.7705, Train: 81.50%, Valid: 70.63%, Test In: 71.21% Test OOD1: 64.80% Test OOD2: 52.38% Test OOD3: 62.50% 
Epoch: 49, Loss: 0.7733, Train: 81.73%, Valid: 70.41%, Test In: 71.01% Test OOD1: 64.52% Test OOD2: 52.28% Test OOD3: 62.33% 
Epoch: 50, Loss: 0.7530, Train: 81.51%, Valid: 70.08%, Test In: 70.65% Test OOD1: 64.44% Test OOD2: 52.20% Test OOD3: 62.12% 
Epoch: 51, Loss: 0.7562, Train: 82.03%, Valid: 70.43%, Test In: 70.95% Test OOD1: 64.55% Test OOD2: 52.26% Test OOD3: 62.34% 
Epoch: 52, Loss: 0.7624, Train: 82.29%, Valid: 70.36%, Test In: 70.91% Test OOD1: 64.57% Test OOD2: 52.22% Test OOD3: 62.33% 
Epoch: 53, Loss: 0.7515, Train: 82.48%, Valid: 70.15%, Test In: 70.73% Test OOD1: 64.11% Test OOD2: 52.15% Test OOD3: 62.05% 
Epoch: 54, Loss: 0.7445, Train: 82.50%, Valid: 70.48%, Test In: 71.00% Test OOD1: 64.61% Test OOD2: 52.04% Test OOD3: 62.35% 
Epoch: 55, Loss: 0.7469, Train: 83.18%, Valid: 70.32%, Test In: 70.91% Test OOD1: 64.06% Test OOD2: 52.10% Test OOD3: 62.12% 
Epoch: 56, Loss: 0.7243, Train: 82.84%, Valid: 70.09%, Test In: 70.70% Test OOD1: 64.16% Test OOD2: 51.94% Test OOD3: 62.01% 
Epoch: 57, Loss: 0.7371, Train: 83.21%, Valid: 70.78%, Test In: 71.29% Test OOD1: 64.22% Test OOD2: 52.10% Test OOD3: 62.41% 
Epoch: 58, Loss: 0.7690, Train: 83.45%, Valid: 70.30%, Test In: 70.88% Test OOD1: 64.38% Test OOD2: 51.97% Test OOD3: 62.14% 
Epoch: 59, Loss: 0.7267, Train: 83.18%, Valid: 70.00%, Test In: 70.63% Test OOD1: 63.92% Test OOD2: 51.80% Test OOD3: 61.85% 
Epoch: 60, Loss: 0.7555, Train: 83.87%, Valid: 70.76%, Test In: 71.27% Test OOD1: 64.31% Test OOD2: 52.03% Test OOD3: 62.35% 
Epoch: 61, Loss: 0.7263, Train: 83.91%, Valid: 70.48%, Test In: 70.94% Test OOD1: 64.31% Test OOD2: 51.89% Test OOD3: 62.09% 
Epoch: 62, Loss: 0.7321, Train: 83.85%, Valid: 70.08%, Test In: 70.58% Test OOD1: 64.18% Test OOD2: 51.89% Test OOD3: 61.81% 
Epoch: 63, Loss: 0.7292, Train: 83.51%, Valid: 70.54%, Test In: 71.09% Test OOD1: 64.21% Test OOD2: 51.95% Test OOD3: 62.19% 
Epoch: 64, Loss: 0.7761, Train: 84.08%, Valid: 70.57%, Test In: 71.15% Test OOD1: 64.52% Test OOD2: 51.96% Test OOD3: 62.35% 
Epoch: 65, Loss: 0.7174, Train: 83.70%, Valid: 69.82%, Test In: 70.62% Test OOD1: 63.84% Test OOD2: 51.95% Test OOD3: 61.92% 
Epoch: 66, Loss: 0.7513, Train: 84.58%, Valid: 70.34%, Test In: 71.01% Test OOD1: 64.25% Test OOD2: 51.93% Test OOD3: 62.22% 
Epoch: 67, Loss: 0.6979, Train: 84.53%, Valid: 70.42%, Test In: 71.02% Test OOD1: 64.15% Test OOD2: 51.90% Test OOD3: 62.13% 
Epoch: 68, Loss: 0.7053, Train: 84.91%, Valid: 70.12%, Test In: 70.72% Test OOD1: 63.57% Test OOD2: 51.87% Test OOD3: 61.72% 
Epoch: 69, Loss: 0.7050, Train: 84.20%, Valid: 69.82%, Test In: 70.34% Test OOD1: 64.20% Test OOD2: 51.75% Test OOD3: 61.76% 
Epoch: 70, Loss: 0.7024, Train: 85.26%, Valid: 69.99%, Test In: 70.53% Test OOD1: 63.61% Test OOD2: 51.88% Test OOD3: 61.63% 
Epoch: 71, Loss: 0.6874, Train: 85.72%, Valid: 70.21%, Test In: 70.91% Test OOD1: 63.69% Test OOD2: 51.80% Test OOD3: 61.82% 
Epoch: 72, Loss: 0.6715, Train: 85.54%, Valid: 70.09%, Test In: 70.79% Test OOD1: 63.77% Test OOD2: 51.71% Test OOD3: 61.86% 
Epoch: 73, Loss: 0.6790, Train: 86.34%, Valid: 69.84%, Test In: 70.52% Test OOD1: 63.15% Test OOD2: 51.84% Test OOD3: 61.60% 
Epoch: 74, Loss: 0.6715, Train: 85.86%, Valid: 69.85%, Test In: 70.46% Test OOD1: 63.95% Test OOD2: 51.67% Test OOD3: 61.88% 
Epoch: 75, Loss: 0.6750, Train: 86.85%, Valid: 69.98%, Test In: 70.56% Test OOD1: 63.38% Test OOD2: 51.74% Test OOD3: 61.68% 
Epoch: 76, Loss: 0.6618, Train: 86.84%, Valid: 70.12%, Test In: 70.64% Test OOD1: 63.84% Test OOD2: 51.69% Test OOD3: 61.85% 
Epoch: 77, Loss: 0.6464, Train: 87.13%, Valid: 70.11%, Test In: 70.43% Test OOD1: 63.73% Test OOD2: 51.68% Test OOD3: 61.75% 
Epoch: 78, Loss: 0.6385, Train: 87.59%, Valid: 69.92%, Test In: 70.21% Test OOD1: 63.14% Test OOD2: 51.64% Test OOD3: 61.43% 
Epoch: 79, Loss: 0.6400, Train: 87.61%, Valid: 70.09%, Test In: 70.43% Test OOD1: 63.82% Test OOD2: 51.59% Test OOD3: 61.70% 
Epoch: 80, Loss: 0.6453, Train: 88.72%, Valid: 70.04%, Test In: 70.32% Test OOD1: 63.13% Test OOD2: 51.65% Test OOD3: 61.40% 
Epoch: 81, Loss: 0.6415, Train: 87.85%, Valid: 69.79%, Test In: 70.16% Test OOD1: 63.61% Test OOD2: 51.44% Test OOD3: 61.53% 
Epoch: 82, Loss: 0.6271, Train: 88.60%, Valid: 70.19%, Test In: 70.60% Test OOD1: 63.55% Test OOD2: 51.68% Test OOD3: 61.70% 
Epoch: 83, Loss: 0.6216, Train: 89.19%, Valid: 69.95%, Test In: 70.34% Test OOD1: 62.85% Test OOD2: 51.59% Test OOD3: 61.33% 
Epoch: 84, Loss: 0.6136, Train: 88.95%, Valid: 69.96%, Test In: 70.34% Test OOD1: 63.63% Test OOD2: 51.56% Test OOD3: 61.61% 
Epoch: 85, Loss: 0.6087, Train: 89.69%, Valid: 69.98%, Test In: 70.20% Test OOD1: 63.28% Test OOD2: 51.58% Test OOD3: 61.38% 
Epoch: 86, Loss: 0.5869, Train: 89.94%, Valid: 70.00%, Test In: 70.16% Test OOD1: 63.40% Test OOD2: 51.56% Test OOD3: 61.33% 
Epoch: 87, Loss: 0.5818, Train: 90.26%, Valid: 70.00%, Test In: 70.13% Test OOD1: 63.40% Test OOD2: 51.55% Test OOD3: 61.33% 
Epoch: 88, Loss: 0.5759, Train: 90.41%, Valid: 69.95%, Test In: 70.12% Test OOD1: 63.15% Test OOD2: 51.46% Test OOD3: 61.15% 
Epoch: 89, Loss: 0.5697, Train: 90.39%, Valid: 69.99%, Test In: 70.39% Test OOD1: 63.42% Test OOD2: 51.68% Test OOD3: 61.49% 
Epoch: 90, Loss: 0.6236, Train: 91.10%, Valid: 69.98%, Test In: 70.16% Test OOD1: 63.22% Test OOD2: 51.44% Test OOD3: 61.26% 
Epoch: 91, Loss: 0.5655, Train: 91.12%, Valid: 69.82%, Test In: 69.99% Test OOD1: 63.31% Test OOD2: 51.34% Test OOD3: 61.22% 
Epoch: 92, Loss: 0.5626, Train: 91.72%, Valid: 70.14%, Test In: 70.24% Test OOD1: 63.21% Test OOD2: 51.68% Test OOD3: 61.35% 
Epoch: 93, Loss: 0.6060, Train: 91.34%, Valid: 69.83%, Test In: 69.93% Test OOD1: 63.30% Test OOD2: 51.33% Test OOD3: 61.19% 
Epoch: 94, Loss: 0.5638, Train: 91.43%, Valid: 69.80%, Test In: 70.01% Test OOD1: 62.76% Test OOD2: 51.40% Test OOD3: 60.88% 
Epoch: 95, Loss: 0.5624, Train: 92.12%, Valid: 69.96%, Test In: 70.28% Test OOD1: 62.95% Test OOD2: 51.56% Test OOD3: 61.21% 
Epoch: 96, Loss: 0.5922, Train: 92.27%, Valid: 69.85%, Test In: 70.15% Test OOD1: 63.08% Test OOD2: 51.46% Test OOD3: 61.14% 
Epoch: 97, Loss: 0.5479, Train: 91.43%, Valid: 69.70%, Test In: 69.79% Test OOD1: 63.21% Test OOD2: 51.40% Test OOD3: 61.05% 
Epoch: 98, Loss: 0.5705, Train: 92.60%, Valid: 69.66%, Test In: 69.69% Test OOD1: 62.90% Test OOD2: 51.32% Test OOD3: 61.02% 
Epoch: 99, Loss: 0.5321, Train: 92.57%, Valid: 69.89%, Test In: 70.06% Test OOD1: 63.02% Test OOD2: 51.61% Test OOD3: 61.25% 
Epoch: 100, Loss: 0.5724, Train: 92.83%, Valid: 69.67%, Test In: 69.69% Test OOD1: 62.77% Test OOD2: 51.33% Test OOD3: 61.17% 
Epoch: 101, Loss: 0.5429, Train: 92.76%, Valid: 69.46%, Test In: 69.52% Test OOD1: 62.55% Test OOD2: 51.33% Test OOD3: 61.06% 
Epoch: 102, Loss: 0.5295, Train: 93.31%, Valid: 69.54%, Test In: 69.58% Test OOD1: 62.67% Test OOD2: 51.38% Test OOD3: 61.12% 
Epoch: 103, Loss: 0.4823, Train: 93.78%, Valid: 69.40%, Test In: 69.37% Test OOD1: 62.35% Test OOD2: 51.32% Test OOD3: 60.80% 
Epoch: 104, Loss: 0.5075, Train: 94.24%, Valid: 69.33%, Test In: 69.15% Test OOD1: 62.13% Test OOD2: 51.37% Test OOD3: 60.56% 
Epoch: 105, Loss: 0.4902, Train: 94.10%, Valid: 69.18%, Test In: 69.01% Test OOD1: 62.23% Test OOD2: 51.30% Test OOD3: 60.55% 
Epoch: 106, Loss: 0.4705, Train: 94.15%, Valid: 69.14%, Test In: 68.98% Test OOD1: 62.50% Test OOD2: 51.28% Test OOD3: 60.72% 
Epoch: 107, Loss: 0.4731, Train: 94.70%, Valid: 69.37%, Test In: 69.18% Test OOD1: 62.62% Test OOD2: 51.40% Test OOD3: 60.93% 
Epoch: 108, Loss: 0.4765, Train: 95.18%, Valid: 69.28%, Test In: 69.18% Test OOD1: 62.28% Test OOD2: 51.37% Test OOD3: 60.88% 
Epoch: 109, Loss: 0.4515, Train: 95.11%, Valid: 69.20%, Test In: 69.20% Test OOD1: 62.41% Test OOD2: 51.29% Test OOD3: 60.89% 
Epoch: 110, Loss: 0.4466, Train: 95.14%, Valid: 69.23%, Test In: 69.19% Test OOD1: 62.76% Test OOD2: 51.25% Test OOD3: 60.96% 
Epoch: 111, Loss: 0.4527, Train: 95.80%, Valid: 69.17%, Test In: 69.08% Test OOD1: 62.45% Test OOD2: 51.33% Test OOD3: 60.67% 
Epoch: 112, Loss: 0.4465, Train: 95.94%, Valid: 69.34%, Test In: 69.13% Test OOD1: 62.56% Test OOD2: 51.33% Test OOD3: 60.68% 
Epoch: 113, Loss: 0.4360, Train: 95.66%, Valid: 69.19%, Test In: 69.05% Test OOD1: 62.42% Test OOD2: 51.39% Test OOD3: 60.65% 
Epoch: 114, Loss: 0.4247, Train: 96.46%, Valid: 69.25%, Test In: 69.10% Test OOD1: 62.18% Test OOD2: 51.44% Test OOD3: 60.56% 
Epoch: 115, Loss: 0.4225, Train: 96.54%, Valid: 69.16%, Test In: 68.96% Test OOD1: 62.11% Test OOD2: 51.45% Test OOD3: 60.52% 
Epoch: 116, Loss: 0.4397, Train: 96.44%, Valid: 69.09%, Test In: 68.93% Test OOD1: 61.95% Test OOD2: 51.44% Test OOD3: 60.42% 
Epoch: 117, Loss: 0.4778, Train: 96.55%, Valid: 69.26%, Test In: 68.95% Test OOD1: 62.48% Test OOD2: 51.42% Test OOD3: 60.78% 
Epoch: 118, Loss: 0.4615, Train: 96.85%, Valid: 69.22%, Test In: 68.96% Test OOD1: 62.52% Test OOD2: 51.49% Test OOD3: 60.83% 
Epoch: 119, Loss: 0.3824, Train: 96.87%, Valid: 69.05%, Test In: 68.80% Test OOD1: 62.19% Test OOD2: 51.47% Test OOD3: 60.56% 
Epoch: 120, Loss: 0.3999, Train: 97.18%, Valid: 69.13%, Test In: 68.79% Test OOD1: 62.32% Test OOD2: 51.39% Test OOD3: 60.61% 
Epoch: 121, Loss: 0.4236, Train: 97.24%, Valid: 68.92%, Test In: 68.67% Test OOD1: 62.29% Test OOD2: 51.44% Test OOD3: 60.50% 
Epoch: 122, Loss: 0.3809, Train: 97.36%, Valid: 68.84%, Test In: 68.55% Test OOD1: 62.10% Test OOD2: 51.43% Test OOD3: 60.29% 
Epoch: 123, Loss: 0.3976, Train: 97.88%, Valid: 68.86%, Test In: 68.49% Test OOD1: 62.03% Test OOD2: 51.42% Test OOD3: 60.44% 
Epoch: 124, Loss: 0.3822, Train: 97.71%, Valid: 68.80%, Test In: 68.44% Test OOD1: 62.21% Test OOD2: 51.38% Test OOD3: 60.50% 
Epoch: 125, Loss: 0.3388, Train: 97.70%, Valid: 68.74%, Test In: 68.47% Test OOD1: 62.13% Test OOD2: 51.38% Test OOD3: 60.46% 
Epoch: 126, Loss: 0.3656, Train: 98.15%, Valid: 68.67%, Test In: 68.54% Test OOD1: 62.08% Test OOD2: 51.47% Test OOD3: 60.66% 
Epoch: 127, Loss: 0.3748, Train: 98.15%, Valid: 68.61%, Test In: 68.45% Test OOD1: 61.97% Test OOD2: 51.38% Test OOD3: 60.47% 
Epoch: 128, Loss: 0.3501, Train: 98.12%, Valid: 68.71%, Test In: 68.37% Test OOD1: 61.93% Test OOD2: 51.38% Test OOD3: 60.36% 
Epoch: 129, Loss: 0.3739, Train: 98.25%, Valid: 68.53%, Test In: 68.22% Test OOD1: 62.52% Test OOD2: 51.46% Test OOD3: 60.61% 
Epoch: 130, Loss: 0.3878, Train: 98.38%, Valid: 68.69%, Test In: 68.20% Test OOD1: 62.09% Test OOD2: 51.39% Test OOD3: 60.47% 
Epoch: 131, Loss: 0.3250, Train: 98.23%, Valid: 68.55%, Test In: 67.97% Test OOD1: 61.51% Test OOD2: 51.38% Test OOD3: 60.07% 
Epoch: 132, Loss: 0.3708, Train: 98.52%, Valid: 68.29%, Test In: 68.05% Test OOD1: 62.06% Test OOD2: 51.56% Test OOD3: 60.47% 
Epoch: 133, Loss: 0.3549, Train: 98.56%, Valid: 68.44%, Test In: 68.12% Test OOD1: 61.93% Test OOD2: 51.38% Test OOD3: 60.52% 
Epoch: 134, Loss: 0.3857, Train: 98.00%, Valid: 68.22%, Test In: 67.93% Test OOD1: 62.18% Test OOD2: 51.42% Test OOD3: 60.52% 
Epoch: 135, Loss: 0.3800, Train: 98.14%, Valid: 68.47%, Test In: 67.98% Test OOD1: 61.89% Test OOD2: 51.24% Test OOD3: 60.45% 
Epoch: 136, Loss: 0.4036, Train: 98.67%, Valid: 67.93%, Test In: 67.49% Test OOD1: 61.39% Test OOD2: 51.49% Test OOD3: 60.20% 
Epoch: 137, Loss: 0.2874, Train: 98.46%, Valid: 67.95%, Test In: 67.53% Test OOD1: 61.93% Test OOD2: 51.54% Test OOD3: 60.24% 
Epoch: 138, Loss: 0.3724, Train: 98.54%, Valid: 68.21%, Test In: 67.31% Test OOD1: 61.84% Test OOD2: 51.16% Test OOD3: 60.18% 
Epoch: 139, Loss: 0.3301, Train: 98.28%, Valid: 68.14%, Test In: 67.09% Test OOD1: 61.56% Test OOD2: 51.10% Test OOD3: 59.85% 
Epoch: 140, Loss: 0.3965, Train: 98.61%, Valid: 67.83%, Test In: 67.17% Test OOD1: 61.27% Test OOD2: 51.20% Test OOD3: 60.17% 
Epoch: 141, Loss: 0.3142, Train: 98.45%, Valid: 67.65%, Test In: 67.29% Test OOD1: 61.58% Test OOD2: 51.38% Test OOD3: 60.42% 
Epoch: 142, Loss: 0.3676, Train: 98.82%, Valid: 67.48%, Test In: 67.19% Test OOD1: 61.12% Test OOD2: 51.41% Test OOD3: 60.29% 
Epoch: 143, Loss: 0.2797, Train: 98.88%, Valid: 67.31%, Test In: 66.94% Test OOD1: 60.75% Test OOD2: 51.28% Test OOD3: 60.00% 
Epoch: 144, Loss: 0.2725, Train: 98.83%, Valid: 67.62%, Test In: 67.12% Test OOD1: 61.59% Test OOD2: 51.21% Test OOD3: 60.19% 
Epoch: 145, Loss: 0.2976, Train: 98.71%, Valid: 67.50%, Test In: 66.82% Test OOD1: 61.79% Test OOD2: 51.13% Test OOD3: 60.24% 
Epoch: 146, Loss: 0.2953, Train: 98.97%, Valid: 67.21%, Test In: 66.45% Test OOD1: 61.42% Test OOD2: 51.22% Test OOD3: 59.89% 
Epoch: 147, Loss: 0.3367, Train: 99.00%, Valid: 67.36%, Test In: 66.61% Test OOD1: 61.32% Test OOD2: 51.24% Test OOD3: 60.19% 
Epoch: 148, Loss: 0.3878, Train: 99.09%, Valid: 67.42%, Test In: 66.69% Test OOD1: 61.43% Test OOD2: 51.29% Test OOD3: 60.26% 
Epoch: 149, Loss: 0.3236, Train: 99.12%, Valid: 67.31%, Test In: 66.64% Test OOD1: 60.96% Test OOD2: 51.28% Test OOD3: 60.14% 
Epoch: 150, Loss: 0.2460, Train: 99.26%, Valid: 66.84%, Test In: 66.27% Test OOD1: 60.37% Test OOD2: 51.16% Test OOD3: 59.83% 
Epoch: 151, Loss: 0.2918, Train: 99.40%, Valid: 66.68%, Test In: 66.27% Test OOD1: 60.73% Test OOD2: 51.15% Test OOD3: 59.79% 
Epoch: 152, Loss: 0.2806, Train: 99.11%, Valid: 66.81%, Test In: 66.44% Test OOD1: 61.40% Test OOD2: 51.12% Test OOD3: 60.28% 
Epoch: 153, Loss: 0.2330, Train: 99.16%, Valid: 66.88%, Test In: 66.51% Test OOD1: 61.36% Test OOD2: 51.16% Test OOD3: 60.35% 
Epoch: 154, Loss: 0.2538, Train: 99.49%, Valid: 66.77%, Test In: 66.32% Test OOD1: 60.94% Test OOD2: 51.24% Test OOD3: 59.99% 
Epoch: 155, Loss: 0.2556, Train: 99.56%, Valid: 66.89%, Test In: 66.44% Test OOD1: 61.02% Test OOD2: 51.28% Test OOD3: 60.11% 
Epoch: 156, Loss: 0.2151, Train: 99.52%, Valid: 67.15%, Test In: 66.66% Test OOD1: 61.49% Test OOD2: 51.30% Test OOD3: 60.33% 
Epoch: 157, Loss: 0.2351, Train: 99.55%, Valid: 67.19%, Test In: 66.54% Test OOD1: 61.50% Test OOD2: 51.38% Test OOD3: 60.19% 
Epoch: 158, Loss: 0.2394, Train: 99.64%, Valid: 66.96%, Test In: 66.39% Test OOD1: 60.85% Test OOD2: 51.44% Test OOD3: 59.97% 
Epoch: 159, Loss: 0.2080, Train: 99.69%, Valid: 66.95%, Test In: 66.44% Test OOD1: 60.91% Test OOD2: 51.36% Test OOD3: 60.03% 
Epoch: 160, Loss: 0.2135, Train: 99.66%, Valid: 66.99%, Test In: 66.49% Test OOD1: 61.08% Test OOD2: 51.28% Test OOD3: 60.07% 
Epoch: 161, Loss: 0.2206, Train: 99.70%, Valid: 67.00%, Test In: 66.59% Test OOD1: 60.95% Test OOD2: 51.29% Test OOD3: 60.15% 
Epoch: 162, Loss: 0.2081, Train: 99.74%, Valid: 67.01%, Test In: 66.56% Test OOD1: 61.04% Test OOD2: 51.30% Test OOD3: 60.20% 
Epoch: 163, Loss: 0.1899, Train: 99.72%, Valid: 67.10%, Test In: 66.50% Test OOD1: 61.20% Test OOD2: 51.34% Test OOD3: 60.23% 
Epoch: 164, Loss: 0.1979, Train: 99.76%, Valid: 67.09%, Test In: 66.49% Test OOD1: 60.89% Test OOD2: 51.45% Test OOD3: 60.14% 
Epoch: 165, Loss: 0.1971, Train: 99.81%, Valid: 66.99%, Test In: 66.38% Test OOD1: 60.66% Test OOD2: 51.58% Test OOD3: 59.93% 
Epoch: 166, Loss: 0.1872, Train: 99.80%, Valid: 67.19%, Test In: 66.59% Test OOD1: 61.22% Test OOD2: 51.58% Test OOD3: 60.21% 
Epoch: 167, Loss: 0.1772, Train: 99.81%, Valid: 67.22%, Test In: 66.66% Test OOD1: 61.28% Test OOD2: 51.57% Test OOD3: 60.20% 
Epoch: 168, Loss: 0.1766, Train: 99.84%, Valid: 67.09%, Test In: 66.55% Test OOD1: 61.15% Test OOD2: 51.57% Test OOD3: 60.05% 
Epoch: 169, Loss: 0.1771, Train: 99.84%, Valid: 67.10%, Test In: 66.62% Test OOD1: 61.09% Test OOD2: 51.57% Test OOD3: 60.09% 
Epoch: 170, Loss: 0.1755, Train: 99.85%, Valid: 67.12%, Test In: 66.55% Test OOD1: 61.22% Test OOD2: 51.54% Test OOD3: 60.10% 
Epoch: 171, Loss: 0.1781, Train: 99.86%, Valid: 67.07%, Test In: 66.54% Test OOD1: 61.27% Test OOD2: 51.51% Test OOD3: 60.21% 
Epoch: 172, Loss: 0.1901, Train: 99.85%, Valid: 66.79%, Test In: 66.13% Test OOD1: 60.21% Test OOD2: 51.57% Test OOD3: 59.54% 
Epoch: 173, Loss: 0.2226, Train: 99.86%, Valid: 67.08%, Test In: 66.54% Test OOD1: 61.11% Test OOD2: 51.45% Test OOD3: 60.16% 
Epoch: 174, Loss: 0.2674, Train: 99.85%, Valid: 67.28%, Test In: 66.71% Test OOD1: 61.33% Test OOD2: 51.58% Test OOD3: 60.20% 
Epoch: 175, Loss: 0.2173, Train: 99.88%, Valid: 67.01%, Test In: 66.57% Test OOD1: 60.91% Test OOD2: 51.63% Test OOD3: 59.97% 
Epoch: 176, Loss: 0.1536, Train: 99.90%, Valid: 66.80%, Test In: 66.32% Test OOD1: 60.87% Test OOD2: 51.56% Test OOD3: 59.88% 
Epoch: 177, Loss: 0.2023, Train: 99.89%, Valid: 66.82%, Test In: 66.39% Test OOD1: 60.91% Test OOD2: 51.58% Test OOD3: 59.83% 
Epoch: 178, Loss: 0.1544, Train: 99.91%, Valid: 66.70%, Test In: 66.28% Test OOD1: 61.04% Test OOD2: 51.55% Test OOD3: 59.84% 
Epoch: 179, Loss: 0.1979, Train: 99.88%, Valid: 66.74%, Test In: 66.43% Test OOD1: 60.91% Test OOD2: 51.50% Test OOD3: 59.90% 
Epoch: 180, Loss: 0.2680, Train: 99.84%, Valid: 66.56%, Test In: 66.21% Test OOD1: 61.29% Test OOD2: 51.45% Test OOD3: 60.14% 
Epoch: 181, Loss: 0.5929, Train: 99.79%, Valid: 67.37%, Test In: 66.94% Test OOD1: 61.70% Test OOD2: 51.68% Test OOD3: 60.67% 
Epoch: 182, Loss: 0.3829, Train: 99.79%, Valid: 67.34%, Test In: 67.00% Test OOD1: 61.75% Test OOD2: 51.71% Test OOD3: 60.75% 
Epoch: 183, Loss: 0.2650, Train: 99.76%, Valid: 66.98%, Test In: 66.64% Test OOD1: 61.75% Test OOD2: 51.64% Test OOD3: 60.57% 
Epoch: 184, Loss: 0.2597, Train: 99.86%, Valid: 66.67%, Test In: 66.31% Test OOD1: 61.50% Test OOD2: 51.63% Test OOD3: 60.27% 
Epoch: 185, Loss: 0.2788, Train: 99.85%, Valid: 66.19%, Test In: 65.82% Test OOD1: 60.71% Test OOD2: 51.57% Test OOD3: 59.67% 
Epoch: 186, Loss: 0.1972, Train: 99.83%, Valid: 66.00%, Test In: 65.74% Test OOD1: 60.35% Test OOD2: 51.53% Test OOD3: 59.54% 
Epoch: 187, Loss: 0.2206, Train: 99.89%, Valid: 66.22%, Test In: 65.91% Test OOD1: 60.93% Test OOD2: 51.50% Test OOD3: 59.91% 
Epoch: 188, Loss: 0.2006, Train: 99.84%, Valid: 66.38%, Test In: 66.06% Test OOD1: 61.41% Test OOD2: 51.51% Test OOD3: 60.22% 
Epoch: 189, Loss: 0.2026, Train: 99.69%, Valid: 66.39%, Test In: 66.09% Test OOD1: 61.79% Test OOD2: 51.47% Test OOD3: 60.51% 
Epoch: 190, Loss: 0.2125, Train: 99.76%, Valid: 66.31%, Test In: 66.08% Test OOD1: 61.70% Test OOD2: 51.52% Test OOD3: 60.55% 
Epoch: 191, Loss: 0.2053, Train: 99.89%, Valid: 66.21%, Test In: 65.82% Test OOD1: 60.88% Test OOD2: 51.71% Test OOD3: 60.07% 
Epoch: 192, Loss: 0.1822, Train: 99.91%, Valid: 65.89%, Test In: 65.53% Test OOD1: 60.35% Test OOD2: 51.75% Test OOD3: 59.85% 
Epoch: 193, Loss: 0.1967, Train: 99.91%, Valid: 66.19%, Test In: 65.75% Test OOD1: 60.90% Test OOD2: 51.73% Test OOD3: 60.09% 
Epoch: 194, Loss: 0.1938, Train: 99.91%, Valid: 66.34%, Test In: 65.86% Test OOD1: 61.35% Test OOD2: 51.74% Test OOD3: 60.26% 
Epoch: 195, Loss: 0.1767, Train: 99.92%, Valid: 66.34%, Test In: 65.97% Test OOD1: 61.56% Test OOD2: 51.71% Test OOD3: 60.36% 
Epoch: 196, Loss: 0.1851, Train: 99.90%, Valid: 66.37%, Test In: 66.01% Test OOD1: 61.63% Test OOD2: 51.66% Test OOD3: 60.41% 
Epoch: 197, Loss: 0.1764, Train: 99.92%, Valid: 66.24%, Test In: 65.87% Test OOD1: 61.33% Test OOD2: 51.67% Test OOD3: 60.32% 
Epoch: 198, Loss: 0.1573, Train: 99.92%, Valid: 66.17%, Test In: 65.76% Test OOD1: 61.07% Test OOD2: 51.68% Test OOD3: 60.23% 
Epoch: 199, Loss: 0.1626, Train: 99.91%, Valid: 66.30%, Test In: 65.89% Test OOD1: 61.42% Test OOD2: 51.61% Test OOD3: 60.41% 
Run 03:
Highest Train: 99.92
Highest Valid: 70.78
Highest In Test: 71.29
Highest OOD Test: 66.44
Highest OOD Test: 52.98
Highest OOD Test: 63.52
Chosen epoch: 58
Final Train: 83.21
Final In Test: 71.29
Final OOD Test: 64.22
Final OOD Test: 52.10
Final OOD Test: 62.41
All runs:
Highest Train: 99.77 ± 0.24
Highest Valid: 70.86 ± 0.20
Highest In Test: 71.36 ± 0.16
Highest OOD Test: 66.42 ± 0.11
Highest OOD Test: 53.03 ± 0.07
Highest OOD Test: 63.54 ± 0.02
  Final Train: 79.45 ± 3.65
   Final In  Test: 71.36 ± 0.16
   Final OOD Test: 65.19 ± 0.91
   Final OOD Test: 52.49 ± 0.36
   Final OOD Test: 62.92 ± 0.53
[INFO] TensorBoard writer closed.

Command: python main.py --dataset twitch --backbone_type gcn --env_type graph --combine_result --store_result --epochs 200 --runs 3 --num_layers 2 --expert_agg mean --tau 3 --lr 0.01 --weight_decay 5e-5 --dropout 0.0 --K 3 --hidden_channels 64 --seed 123 --device 0 --lr 0.01 --weight_decay 0.0005 --dropout 0.0 --lamda 0.5 --K 4 --hidden_channels 64 --other_env_reduce env --result_name twitch_stage1_lr0.01_weight_decay0.0005_dropout0.0_lamda0.5_K4_hidden_channels64_other_env_reduceenv
Return code: 0
Elapsed: 179.50s
