Namespace(K=4, backbone_type='gcn', combine_result=True, cpu=False, data_dir='./data/', dataset='twitch', device=0, display_step=1, dropout=0.0, env_type='graph', epochs=200, expert_agg='mean', gamma=0.99, gate_hidden=64, hidden_channels=64, infer_env=False, infer_env_components=64, infer_env_iters=30, infer_env_num=3, lambda_cl=0.1, lambda_dag=0.1, lambda_ind=0.1, lambda_l1=0.5, lamda=1.0, lamda_ciw=0.0001, lr=0.01, lr_dag=0.001, num_layers=2, other_env_reduce='env', pos_weight=5.0, result_name='twitch_stage1_lr0.01_weight_decay0.0005_dropout0.0_lamda1.0_K4_hidden_channels64_other_env_reduceenv', runs=3, seed=123, store_result=True, tau=3.0, use_bn=False, variant=False, weight_decay=0.0005)
dataset twitch: all nodes 34120 | edges 429113 | classes 2 | feats 3170
train nodes 7897 | valid nodes 3949 | test in nodes 3949
test ood1 nodes 4648 test ood2 nodes 6551 test ood3 nodes 7126 
[INFO] env numbers: 6 train env numbers: 3
MODEL: CaNet(
  (experts): ModuleList(
    (0): ExpertNet(
      (convs): ModuleList(
        (0): CaNetConv()
        (1): CaNetConv()
      )
      (fcs): ModuleList(
        (0): Linear(in_features=3170, out_features=64, bias=True)
        (1): Linear(in_features=64, out_features=2, bias=True)
      )
      (act_fn): ReLU()
    )
    (1): ExpertNet(
      (convs): ModuleList(
        (0): CaNetConv()
        (1): CaNetConv()
      )
      (fcs): ModuleList(
        (0): Linear(in_features=3170, out_features=64, bias=True)
        (1): Linear(in_features=64, out_features=2, bias=True)
      )
      (act_fn): ReLU()
    )
    (2): ExpertNet(
      (convs): ModuleList(
        (0): CaNetConv()
        (1): CaNetConv()
      )
      (fcs): ModuleList(
        (0): Linear(in_features=3170, out_features=64, bias=True)
        (1): Linear(in_features=64, out_features=2, bias=True)
      )
      (act_fn): ReLU()
    )
    (3): ExpertNet(
      (convs): ModuleList(
        (0): CaNetConv()
        (1): CaNetConv()
      )
      (fcs): ModuleList(
        (0): Linear(in_features=3170, out_features=64, bias=True)
        (1): Linear(in_features=64, out_features=2, bias=True)
      )
      (act_fn): ReLU()
    )
  )
  (gate): Sequential(
    (0): Linear(in_features=3170, out_features=64, bias=True)
    (1): ReLU()
    (2): Linear(in_features=64, out_features=4, bias=True)
  )
)
[INFO] TensorBoard logging activated. Logs will be saved to: ./runs/twitch/Apr16_00-58-51_lamda_1.0
Epoch: 00, Loss: 1.3930, Train: 48.52%, Valid: 47.13%, Test In: 48.49% Test OOD1: 43.62% Test OOD2: 51.12% Test OOD3: 47.78% 
Epoch: 01, Loss: 1.3850, Train: 46.56%, Valid: 45.75%, Test In: 47.06% Test OOD1: 42.58% Test OOD2: 50.74% Test OOD3: 46.96% 
Epoch: 02, Loss: 1.3731, Train: 45.26%, Valid: 44.78%, Test In: 46.05% Test OOD1: 42.05% Test OOD2: 50.57% Test OOD3: 46.53% 
Epoch: 03, Loss: 1.3580, Train: 47.82%, Valid: 46.75%, Test In: 48.18% Test OOD1: 43.21% Test OOD2: 50.87% Test OOD3: 47.77% 
Epoch: 04, Loss: 1.3504, Train: 66.17%, Valid: 61.77%, Test In: 63.22% Test OOD1: 56.56% Test OOD2: 53.06% Test OOD3: 58.47% 
Epoch: 05, Loss: 1.3404, Train: 66.85%, Valid: 63.77%, Test In: 63.96% Test OOD1: 63.03% Test OOD2: 51.68% Test OOD3: 60.19% 
Epoch: 06, Loss: 1.3263, Train: 64.74%, Valid: 62.41%, Test In: 62.17% Test OOD1: 62.27% Test OOD2: 51.24% Test OOD3: 59.21% 
Epoch: 07, Loss: 1.3161, Train: 63.92%, Valid: 61.79%, Test In: 61.47% Test OOD1: 61.92% Test OOD2: 51.09% Test OOD3: 58.83% 
Epoch: 08, Loss: 1.3089, Train: 63.66%, Valid: 61.55%, Test In: 61.23% Test OOD1: 61.79% Test OOD2: 51.04% Test OOD3: 58.73% 
Epoch: 09, Loss: 1.3026, Train: 63.81%, Valid: 61.62%, Test In: 61.34% Test OOD1: 61.87% Test OOD2: 51.07% Test OOD3: 58.86% 
Epoch: 10, Loss: 1.2983, Train: 64.19%, Valid: 61.82%, Test In: 61.62% Test OOD1: 62.03% Test OOD2: 51.12% Test OOD3: 59.08% 
Epoch: 11, Loss: 1.2938, Train: 64.86%, Valid: 62.23%, Test In: 62.11% Test OOD1: 62.33% Test OOD2: 51.19% Test OOD3: 59.42% 
Epoch: 12, Loss: 1.2862, Train: 66.08%, Valid: 63.08%, Test In: 63.11% Test OOD1: 62.89% Test OOD2: 51.37% Test OOD3: 60.01% 
Epoch: 13, Loss: 1.2779, Train: 67.65%, Valid: 64.15%, Test In: 64.43% Test OOD1: 63.61% Test OOD2: 51.59% Test OOD3: 60.78% 
Epoch: 14, Loss: 1.2689, Train: 69.45%, Valid: 65.34%, Test In: 65.85% Test OOD1: 64.41% Test OOD2: 51.90% Test OOD3: 61.62% 
Epoch: 15, Loss: 1.2576, Train: 70.67%, Valid: 66.11%, Test In: 66.73% Test OOD1: 64.99% Test OOD2: 52.09% Test OOD3: 62.19% 
Epoch: 16, Loss: 1.2447, Train: 72.53%, Valid: 67.34%, Test In: 68.10% Test OOD1: 65.23% Test OOD2: 52.53% Test OOD3: 62.83% 
Epoch: 17, Loss: 1.2467, Train: 71.79%, Valid: 66.72%, Test In: 67.42% Test OOD1: 65.41% Test OOD2: 52.14% Test OOD3: 62.57% 
Epoch: 18, Loss: 1.2311, Train: 72.75%, Valid: 67.42%, Test In: 68.11% Test OOD1: 65.62% Test OOD2: 52.26% Test OOD3: 62.78% 
Epoch: 19, Loss: 1.2251, Train: 74.32%, Valid: 68.53%, Test In: 69.21% Test OOD1: 65.60% Test OOD2: 52.52% Test OOD3: 63.10% 
Epoch: 20, Loss: 1.2044, Train: 74.70%, Valid: 68.69%, Test In: 69.37% Test OOD1: 65.63% Test OOD2: 52.53% Test OOD3: 63.11% 
Epoch: 21, Loss: 1.2086, Train: 74.98%, Valid: 68.67%, Test In: 69.41% Test OOD1: 65.55% Test OOD2: 52.49% Test OOD3: 63.02% 
Epoch: 22, Loss: 1.1878, Train: 75.81%, Valid: 69.34%, Test In: 70.06% Test OOD1: 65.37% Test OOD2: 52.49% Test OOD3: 63.09% 
Epoch: 23, Loss: 1.1871, Train: 75.73%, Valid: 69.11%, Test In: 69.81% Test OOD1: 65.72% Test OOD2: 52.24% Test OOD3: 63.01% 
Epoch: 24, Loss: 1.1690, Train: 75.61%, Valid: 68.73%, Test In: 69.56% Test OOD1: 65.52% Test OOD2: 52.20% Test OOD3: 62.86% 
Epoch: 25, Loss: 1.1717, Train: 76.68%, Valid: 69.53%, Test In: 70.28% Test OOD1: 65.32% Test OOD2: 52.37% Test OOD3: 62.99% 
Epoch: 26, Loss: 1.1479, Train: 77.25%, Valid: 69.87%, Test In: 70.55% Test OOD1: 64.74% Test OOD2: 52.50% Test OOD3: 62.90% 
Epoch: 27, Loss: 1.1617, Train: 77.06%, Valid: 69.42%, Test In: 70.27% Test OOD1: 65.02% Test OOD2: 52.32% Test OOD3: 62.82% 
Epoch: 28, Loss: 1.1341, Train: 76.70%, Valid: 69.16%, Test In: 70.02% Test OOD1: 65.35% Test OOD2: 52.07% Test OOD3: 62.80% 
Epoch: 29, Loss: 1.1477, Train: 77.53%, Valid: 69.65%, Test In: 70.40% Test OOD1: 65.28% Test OOD2: 52.19% Test OOD3: 62.85% 
Epoch: 30, Loss: 1.1206, Train: 78.00%, Valid: 69.78%, Test In: 70.58% Test OOD1: 64.51% Test OOD2: 52.38% Test OOD3: 62.69% 
Epoch: 31, Loss: 1.1317, Train: 78.15%, Valid: 69.73%, Test In: 70.52% Test OOD1: 64.73% Test OOD2: 52.35% Test OOD3: 62.72% 
Epoch: 32, Loss: 1.1070, Train: 77.75%, Valid: 69.44%, Test In: 70.30% Test OOD1: 65.04% Test OOD2: 52.11% Test OOD3: 62.68% 
Epoch: 33, Loss: 1.1177, Train: 78.37%, Valid: 69.66%, Test In: 70.44% Test OOD1: 64.98% Test OOD2: 52.12% Test OOD3: 62.68% 
Epoch: 34, Loss: 1.0964, Train: 78.84%, Valid: 69.81%, Test In: 70.62% Test OOD1: 64.42% Test OOD2: 52.27% Test OOD3: 62.56% 
Epoch: 35, Loss: 1.0989, Train: 78.89%, Valid: 69.71%, Test In: 70.59% Test OOD1: 64.43% Test OOD2: 52.22% Test OOD3: 62.51% 
Epoch: 36, Loss: 1.0911, Train: 78.95%, Valid: 69.59%, Test In: 70.46% Test OOD1: 64.72% Test OOD2: 52.02% Test OOD3: 62.51% 
Epoch: 37, Loss: 1.0762, Train: 79.27%, Valid: 69.70%, Test In: 70.50% Test OOD1: 64.52% Test OOD2: 52.07% Test OOD3: 62.46% 
Epoch: 38, Loss: 1.0852, Train: 79.72%, Valid: 69.79%, Test In: 70.67% Test OOD1: 64.23% Test OOD2: 52.18% Test OOD3: 62.37% 
Epoch: 39, Loss: 1.0695, Train: 79.87%, Valid: 69.69%, Test In: 70.59% Test OOD1: 64.39% Test OOD2: 52.07% Test OOD3: 62.34% 
Epoch: 40, Loss: 1.0572, Train: 79.84%, Valid: 69.67%, Test In: 70.48% Test OOD1: 64.54% Test OOD2: 51.96% Test OOD3: 62.35% 
Epoch: 41, Loss: 1.0699, Train: 80.43%, Valid: 69.70%, Test In: 70.63% Test OOD1: 64.00% Test OOD2: 52.08% Test OOD3: 62.16% 
Epoch: 42, Loss: 1.0475, Train: 80.91%, Valid: 69.94%, Test In: 70.78% Test OOD1: 64.31% Test OOD2: 52.06% Test OOD3: 62.28% 
Epoch: 43, Loss: 1.0446, Train: 80.75%, Valid: 69.62%, Test In: 70.53% Test OOD1: 64.30% Test OOD2: 51.90% Test OOD3: 62.13% 
Epoch: 44, Loss: 1.0321, Train: 81.35%, Valid: 69.71%, Test In: 70.63% Test OOD1: 63.81% Test OOD2: 51.99% Test OOD3: 61.95% 
Epoch: 45, Loss: 1.0195, Train: 81.73%, Valid: 70.09%, Test In: 70.82% Test OOD1: 64.26% Test OOD2: 51.95% Test OOD3: 62.19% 
Epoch: 46, Loss: 1.0382, Train: 81.62%, Valid: 69.56%, Test In: 70.49% Test OOD1: 63.84% Test OOD2: 51.79% Test OOD3: 61.84% 
Epoch: 47, Loss: 1.0302, Train: 82.29%, Valid: 70.01%, Test In: 70.77% Test OOD1: 63.82% Test OOD2: 51.91% Test OOD3: 61.94% 
Epoch: 48, Loss: 1.0209, Train: 82.45%, Valid: 69.95%, Test In: 70.73% Test OOD1: 64.30% Test OOD2: 51.75% Test OOD3: 62.06% 
Epoch: 49, Loss: 1.0022, Train: 82.61%, Valid: 69.64%, Test In: 70.61% Test OOD1: 63.62% Test OOD2: 51.75% Test OOD3: 61.71% 
Epoch: 50, Loss: 1.0141, Train: 83.28%, Valid: 69.97%, Test In: 70.73% Test OOD1: 63.81% Test OOD2: 51.79% Test OOD3: 61.82% 
Epoch: 51, Loss: 0.9848, Train: 83.01%, Valid: 69.96%, Test In: 70.67% Test OOD1: 64.50% Test OOD2: 51.61% Test OOD3: 62.02% 
Epoch: 52, Loss: 1.0058, Train: 83.68%, Valid: 69.73%, Test In: 70.61% Test OOD1: 63.39% Test OOD2: 51.74% Test OOD3: 61.48% 
Epoch: 53, Loss: 0.9723, Train: 83.84%, Valid: 69.67%, Test In: 70.53% Test OOD1: 63.94% Test OOD2: 51.62% Test OOD3: 61.68% 
Epoch: 54, Loss: 0.9564, Train: 84.76%, Valid: 70.00%, Test In: 70.74% Test OOD1: 63.53% Test OOD2: 51.70% Test OOD3: 61.58% 
Epoch: 55, Loss: 0.9685, Train: 84.50%, Valid: 69.68%, Test In: 70.40% Test OOD1: 63.73% Test OOD2: 51.45% Test OOD3: 61.54% 
Epoch: 56, Loss: 0.9682, Train: 84.23%, Valid: 69.68%, Test In: 70.50% Test OOD1: 63.90% Test OOD2: 51.45% Test OOD3: 61.67% 
Epoch: 57, Loss: 0.9816, Train: 85.36%, Valid: 69.68%, Test In: 70.42% Test OOD1: 62.75% Test OOD2: 51.57% Test OOD3: 61.14% 
Epoch: 58, Loss: 0.9685, Train: 85.57%, Valid: 69.82%, Test In: 70.45% Test OOD1: 63.76% Test OOD2: 51.44% Test OOD3: 61.60% 
Epoch: 59, Loss: 0.9111, Train: 85.74%, Valid: 69.49%, Test In: 70.10% Test OOD1: 63.65% Test OOD2: 51.32% Test OOD3: 61.45% 
Epoch: 60, Loss: 0.9066, Train: 86.30%, Valid: 69.53%, Test In: 70.16% Test OOD1: 62.91% Test OOD2: 51.44% Test OOD3: 61.14% 
Epoch: 61, Loss: 0.9005, Train: 86.66%, Valid: 69.82%, Test In: 70.46% Test OOD1: 63.36% Test OOD2: 51.39% Test OOD3: 61.48% 
Epoch: 62, Loss: 0.9221, Train: 87.20%, Valid: 69.58%, Test In: 70.22% Test OOD1: 62.99% Test OOD2: 51.35% Test OOD3: 61.25% 
Epoch: 63, Loss: 0.8558, Train: 87.15%, Valid: 69.28%, Test In: 69.84% Test OOD1: 63.01% Test OOD2: 51.27% Test OOD3: 61.17% 
Epoch: 64, Loss: 0.8761, Train: 87.67%, Valid: 69.67%, Test In: 70.18% Test OOD1: 63.21% Test OOD2: 51.27% Test OOD3: 61.35% 
Epoch: 65, Loss: 0.8786, Train: 88.62%, Valid: 69.36%, Test In: 69.75% Test OOD1: 62.24% Test OOD2: 51.34% Test OOD3: 60.77% 
Epoch: 66, Loss: 0.8377, Train: 88.87%, Valid: 69.26%, Test In: 69.60% Test OOD1: 62.50% Test OOD2: 51.24% Test OOD3: 60.92% 
Epoch: 67, Loss: 0.8244, Train: 89.33%, Valid: 69.44%, Test In: 69.84% Test OOD1: 62.72% Test OOD2: 51.22% Test OOD3: 61.08% 
Epoch: 68, Loss: 0.8452, Train: 89.65%, Valid: 69.07%, Test In: 69.45% Test OOD1: 62.70% Test OOD2: 51.19% Test OOD3: 60.98% 
Epoch: 69, Loss: 0.8063, Train: 89.68%, Valid: 69.29%, Test In: 69.70% Test OOD1: 62.44% Test OOD2: 51.22% Test OOD3: 60.96% 
Epoch: 70, Loss: 0.8371, Train: 90.47%, Valid: 69.26%, Test In: 69.65% Test OOD1: 62.27% Test OOD2: 51.26% Test OOD3: 60.74% 
Epoch: 71, Loss: 0.8338, Train: 90.91%, Valid: 69.23%, Test In: 69.38% Test OOD1: 62.36% Test OOD2: 51.00% Test OOD3: 60.77% 
Epoch: 72, Loss: 0.7669, Train: 91.08%, Valid: 68.86%, Test In: 69.03% Test OOD1: 61.93% Test OOD2: 51.06% Test OOD3: 60.42% 
Epoch: 73, Loss: 0.8150, Train: 91.85%, Valid: 68.98%, Test In: 69.21% Test OOD1: 62.14% Test OOD2: 51.01% Test OOD3: 60.52% 
Epoch: 74, Loss: 0.7610, Train: 91.55%, Valid: 69.28%, Test In: 69.51% Test OOD1: 62.15% Test OOD2: 51.00% Test OOD3: 60.72% 
Epoch: 75, Loss: 0.7717, Train: 91.90%, Valid: 68.73%, Test In: 69.07% Test OOD1: 62.01% Test OOD2: 51.01% Test OOD3: 60.52% 
Epoch: 76, Loss: 0.7311, Train: 92.35%, Valid: 68.61%, Test In: 68.88% Test OOD1: 62.03% Test OOD2: 50.96% Test OOD3: 60.46% 
Epoch: 77, Loss: 0.7319, Train: 92.80%, Valid: 69.07%, Test In: 69.08% Test OOD1: 61.77% Test OOD2: 50.88% Test OOD3: 60.40% 
Epoch: 78, Loss: 0.7408, Train: 93.50%, Valid: 68.72%, Test In: 68.68% Test OOD1: 61.74% Test OOD2: 50.83% Test OOD3: 60.24% 
Epoch: 79, Loss: 0.6841, Train: 93.48%, Valid: 68.53%, Test In: 68.48% Test OOD1: 61.66% Test OOD2: 50.93% Test OOD3: 60.09% 
Epoch: 80, Loss: 0.7052, Train: 93.76%, Valid: 68.85%, Test In: 68.76% Test OOD1: 61.59% Test OOD2: 50.89% Test OOD3: 60.19% 
Epoch: 81, Loss: 0.6713, Train: 94.41%, Valid: 68.75%, Test In: 68.77% Test OOD1: 61.50% Test OOD2: 50.94% Test OOD3: 60.14% 
Epoch: 82, Loss: 0.6458, Train: 94.55%, Valid: 68.46%, Test In: 68.57% Test OOD1: 61.49% Test OOD2: 50.99% Test OOD3: 60.05% 
Epoch: 83, Loss: 0.6658, Train: 94.78%, Valid: 68.51%, Test In: 68.61% Test OOD1: 61.44% Test OOD2: 50.86% Test OOD3: 60.18% 
Epoch: 84, Loss: 0.6766, Train: 95.37%, Valid: 68.64%, Test In: 68.57% Test OOD1: 61.30% Test OOD2: 50.88% Test OOD3: 60.09% 
Epoch: 85, Loss: 0.6534, Train: 95.53%, Valid: 68.42%, Test In: 68.38% Test OOD1: 61.54% Test OOD2: 50.92% Test OOD3: 60.16% 
Epoch: 86, Loss: 0.6407, Train: 95.65%, Valid: 68.60%, Test In: 68.34% Test OOD1: 61.48% Test OOD2: 50.89% Test OOD3: 60.12% 
Epoch: 87, Loss: 0.5959, Train: 96.06%, Valid: 68.79%, Test In: 68.43% Test OOD1: 61.21% Test OOD2: 50.90% Test OOD3: 59.95% 
Epoch: 88, Loss: 0.6037, Train: 96.22%, Valid: 68.42%, Test In: 68.23% Test OOD1: 61.30% Test OOD2: 50.95% Test OOD3: 59.85% 
Epoch: 89, Loss: 0.5988, Train: 96.48%, Valid: 68.31%, Test In: 68.16% Test OOD1: 61.12% Test OOD2: 50.90% Test OOD3: 59.76% 
Epoch: 90, Loss: 0.5729, Train: 96.85%, Valid: 68.52%, Test In: 68.16% Test OOD1: 60.62% Test OOD2: 50.85% Test OOD3: 59.57% 
Epoch: 91, Loss: 0.6616, Train: 97.18%, Valid: 68.02%, Test In: 67.80% Test OOD1: 61.21% Test OOD2: 50.75% Test OOD3: 59.85% 
Epoch: 92, Loss: 0.7864, Train: 97.02%, Valid: 68.26%, Test In: 68.02% Test OOD1: 61.51% Test OOD2: 50.85% Test OOD3: 60.18% 
Epoch: 93, Loss: 0.6034, Train: 97.19%, Valid: 68.65%, Test In: 68.35% Test OOD1: 61.11% Test OOD2: 50.85% Test OOD3: 60.11% 
Epoch: 94, Loss: 0.7728, Train: 97.34%, Valid: 68.39%, Test In: 68.23% Test OOD1: 61.34% Test OOD2: 50.91% Test OOD3: 60.21% 
Epoch: 95, Loss: 0.5743, Train: 97.60%, Valid: 68.17%, Test In: 67.93% Test OOD1: 61.51% Test OOD2: 50.85% Test OOD3: 60.06% 
Epoch: 96, Loss: 0.5986, Train: 98.03%, Valid: 68.33%, Test In: 67.84% Test OOD1: 61.39% Test OOD2: 50.66% Test OOD3: 59.82% 
Epoch: 97, Loss: 0.6502, Train: 98.26%, Valid: 68.05%, Test In: 67.65% Test OOD1: 61.30% Test OOD2: 50.73% Test OOD3: 59.77% 
Epoch: 98, Loss: 0.5611, Train: 98.02%, Valid: 68.19%, Test In: 67.80% Test OOD1: 61.38% Test OOD2: 50.80% Test OOD3: 59.92% 
Epoch: 99, Loss: 0.5374, Train: 98.08%, Valid: 68.46%, Test In: 68.05% Test OOD1: 61.24% Test OOD2: 50.71% Test OOD3: 60.07% 
Epoch: 100, Loss: 0.5931, Train: 98.24%, Valid: 68.16%, Test In: 67.85% Test OOD1: 61.34% Test OOD2: 50.81% Test OOD3: 60.09% 
Epoch: 101, Loss: 0.5303, Train: 98.37%, Valid: 68.00%, Test In: 67.66% Test OOD1: 61.15% Test OOD2: 50.83% Test OOD3: 59.95% 
Epoch: 102, Loss: 0.5264, Train: 98.72%, Valid: 68.01%, Test In: 67.58% Test OOD1: 60.90% Test OOD2: 50.70% Test OOD3: 59.62% 
Epoch: 103, Loss: 0.5457, Train: 98.80%, Valid: 67.73%, Test In: 67.36% Test OOD1: 61.03% Test OOD2: 50.78% Test OOD3: 59.45% 
Epoch: 104, Loss: 0.5335, Train: 98.90%, Valid: 67.56%, Test In: 67.23% Test OOD1: 60.75% Test OOD2: 50.80% Test OOD3: 59.46% 
Epoch: 105, Loss: 0.5923, Train: 98.79%, Valid: 67.71%, Test In: 67.54% Test OOD1: 61.16% Test OOD2: 50.80% Test OOD3: 59.84% 
Epoch: 106, Loss: 0.5408, Train: 98.62%, Valid: 67.93%, Test In: 67.67% Test OOD1: 61.43% Test OOD2: 50.70% Test OOD3: 60.16% 
Epoch: 107, Loss: 0.5422, Train: 98.70%, Valid: 67.61%, Test In: 67.45% Test OOD1: 61.36% Test OOD2: 50.85% Test OOD3: 60.02% 
Epoch: 108, Loss: 0.4911, Train: 98.95%, Valid: 67.57%, Test In: 67.18% Test OOD1: 60.90% Test OOD2: 50.86% Test OOD3: 59.64% 
Epoch: 109, Loss: 0.5066, Train: 99.18%, Valid: 67.42%, Test In: 66.97% Test OOD1: 60.51% Test OOD2: 50.73% Test OOD3: 59.32% 
Epoch: 110, Loss: 0.4907, Train: 99.05%, Valid: 67.42%, Test In: 67.09% Test OOD1: 60.96% Test OOD2: 50.69% Test OOD3: 59.39% 
Epoch: 111, Loss: 0.4988, Train: 99.22%, Valid: 67.28%, Test In: 66.94% Test OOD1: 60.76% Test OOD2: 50.77% Test OOD3: 59.52% 
Epoch: 112, Loss: 0.4493, Train: 99.24%, Valid: 67.25%, Test In: 67.08% Test OOD1: 60.72% Test OOD2: 50.76% Test OOD3: 59.74% 
Epoch: 113, Loss: 0.4672, Train: 99.20%, Valid: 67.37%, Test In: 67.27% Test OOD1: 61.01% Test OOD2: 50.74% Test OOD3: 59.92% 
Epoch: 114, Loss: 0.4670, Train: 99.28%, Valid: 67.44%, Test In: 67.23% Test OOD1: 61.00% Test OOD2: 50.68% Test OOD3: 59.91% 
Epoch: 115, Loss: 0.4590, Train: 99.28%, Valid: 67.39%, Test In: 67.00% Test OOD1: 60.94% Test OOD2: 50.77% Test OOD3: 59.78% 
Epoch: 116, Loss: 0.4201, Train: 99.42%, Valid: 67.28%, Test In: 66.82% Test OOD1: 60.44% Test OOD2: 50.89% Test OOD3: 59.39% 
Epoch: 117, Loss: 0.4314, Train: 99.50%, Valid: 67.32%, Test In: 66.82% Test OOD1: 60.11% Test OOD2: 50.80% Test OOD3: 59.29% 
Epoch: 118, Loss: 0.4532, Train: 99.16%, Valid: 67.53%, Test In: 67.31% Test OOD1: 61.33% Test OOD2: 50.91% Test OOD3: 59.80% 
Epoch: 119, Loss: 0.5218, Train: 98.72%, Valid: 68.06%, Test In: 67.54% Test OOD1: 61.25% Test OOD2: 50.84% Test OOD3: 60.10% 
Epoch: 120, Loss: 1.0187, Train: 99.06%, Valid: 67.52%, Test In: 67.40% Test OOD1: 61.23% Test OOD2: 51.17% Test OOD3: 59.94% 
Epoch: 121, Loss: 0.7478, Train: 99.36%, Valid: 67.58%, Test In: 67.22% Test OOD1: 60.92% Test OOD2: 50.91% Test OOD3: 59.98% 
Epoch: 122, Loss: 0.3861, Train: 99.09%, Valid: 67.73%, Test In: 67.23% Test OOD1: 60.84% Test OOD2: 50.69% Test OOD3: 60.04% 
Epoch: 123, Loss: 0.4944, Train: 98.99%, Valid: 67.53%, Test In: 66.94% Test OOD1: 60.97% Test OOD2: 50.72% Test OOD3: 60.00% 
Epoch: 124, Loss: 0.4629, Train: 99.25%, Valid: 67.21%, Test In: 66.67% Test OOD1: 60.60% Test OOD2: 50.78% Test OOD3: 59.78% 
Epoch: 125, Loss: 0.4106, Train: 99.18%, Valid: 67.04%, Test In: 66.64% Test OOD1: 60.95% Test OOD2: 50.91% Test OOD3: 59.92% 
Epoch: 126, Loss: 0.4636, Train: 99.26%, Valid: 66.89%, Test In: 66.58% Test OOD1: 60.85% Test OOD2: 50.97% Test OOD3: 59.98% 
Epoch: 127, Loss: 0.4582, Train: 99.19%, Valid: 66.95%, Test In: 66.64% Test OOD1: 61.16% Test OOD2: 51.00% Test OOD3: 60.11% 
Epoch: 128, Loss: 0.3960, Train: 99.27%, Valid: 66.96%, Test In: 66.62% Test OOD1: 60.93% Test OOD2: 50.89% Test OOD3: 60.04% 
Epoch: 129, Loss: 0.3528, Train: 99.31%, Valid: 66.98%, Test In: 66.65% Test OOD1: 60.91% Test OOD2: 50.76% Test OOD3: 59.96% 
Epoch: 130, Loss: 0.3782, Train: 99.18%, Valid: 66.91%, Test In: 66.58% Test OOD1: 61.23% Test OOD2: 50.76% Test OOD3: 60.00% 
Epoch: 131, Loss: 0.3929, Train: 99.41%, Valid: 66.81%, Test In: 66.49% Test OOD1: 60.92% Test OOD2: 50.70% Test OOD3: 59.83% 
Epoch: 132, Loss: 0.3613, Train: 99.43%, Valid: 66.71%, Test In: 66.38% Test OOD1: 60.89% Test OOD2: 50.75% Test OOD3: 59.79% 
Epoch: 133, Loss: 0.3282, Train: 99.41%, Valid: 66.59%, Test In: 66.23% Test OOD1: 60.86% Test OOD2: 50.85% Test OOD3: 59.78% 
Epoch: 134, Loss: 0.3365, Train: 99.58%, Valid: 66.51%, Test In: 66.12% Test OOD1: 60.46% Test OOD2: 50.83% Test OOD3: 59.68% 
Epoch: 135, Loss: 0.3322, Train: 99.57%, Valid: 66.49%, Test In: 66.09% Test OOD1: 60.63% Test OOD2: 50.85% Test OOD3: 59.77% 
Epoch: 136, Loss: 0.3158, Train: 99.61%, Valid: 66.47%, Test In: 66.09% Test OOD1: 60.56% Test OOD2: 50.84% Test OOD3: 59.79% 
Epoch: 137, Loss: 0.3110, Train: 99.63%, Valid: 66.42%, Test In: 66.06% Test OOD1: 60.48% Test OOD2: 50.75% Test OOD3: 59.67% 
Epoch: 138, Loss: 0.3160, Train: 99.67%, Valid: 66.46%, Test In: 66.11% Test OOD1: 60.59% Test OOD2: 50.75% Test OOD3: 59.69% 
Epoch: 139, Loss: 0.2989, Train: 99.69%, Valid: 66.45%, Test In: 66.09% Test OOD1: 60.42% Test OOD2: 50.72% Test OOD3: 59.60% 
Epoch: 140, Loss: 0.2806, Train: 99.69%, Valid: 66.59%, Test In: 66.21% Test OOD1: 60.80% Test OOD2: 50.69% Test OOD3: 59.76% 
Epoch: 141, Loss: 0.2620, Train: 99.68%, Valid: 66.62%, Test In: 66.23% Test OOD1: 60.84% Test OOD2: 50.71% Test OOD3: 59.77% 
Epoch: 142, Loss: 0.2553, Train: 99.76%, Valid: 66.58%, Test In: 66.20% Test OOD1: 60.45% Test OOD2: 50.71% Test OOD3: 59.64% 
Epoch: 143, Loss: 0.2541, Train: 99.74%, Valid: 66.64%, Test In: 66.27% Test OOD1: 60.69% Test OOD2: 50.80% Test OOD3: 59.78% 
Epoch: 144, Loss: 0.2567, Train: 99.78%, Valid: 66.65%, Test In: 66.34% Test OOD1: 60.57% Test OOD2: 50.85% Test OOD3: 59.84% 
Epoch: 145, Loss: 0.2691, Train: 99.69%, Valid: 66.69%, Test In: 66.36% Test OOD1: 61.14% Test OOD2: 50.92% Test OOD3: 60.03% 
Epoch: 146, Loss: 0.3110, Train: 99.79%, Valid: 66.55%, Test In: 66.28% Test OOD1: 60.15% Test OOD2: 51.00% Test OOD3: 59.67% 
Epoch: 147, Loss: 0.4424, Train: 99.75%, Valid: 66.64%, Test In: 66.26% Test OOD1: 60.54% Test OOD2: 51.00% Test OOD3: 59.80% 
Epoch: 148, Loss: 0.3376, Train: 99.77%, Valid: 66.77%, Test In: 66.43% Test OOD1: 60.98% Test OOD2: 50.97% Test OOD3: 60.04% 
Epoch: 149, Loss: 0.2242, Train: 99.85%, Valid: 66.74%, Test In: 66.44% Test OOD1: 61.07% Test OOD2: 50.83% Test OOD3: 60.12% 
Epoch: 150, Loss: 0.3042, Train: 99.77%, Valid: 66.67%, Test In: 66.29% Test OOD1: 61.05% Test OOD2: 50.89% Test OOD3: 59.99% 
Epoch: 151, Loss: 0.2409, Train: 99.83%, Valid: 66.62%, Test In: 66.17% Test OOD1: 60.68% Test OOD2: 50.79% Test OOD3: 59.74% 
Epoch: 152, Loss: 0.2896, Train: 99.80%, Valid: 66.47%, Test In: 66.10% Test OOD1: 60.35% Test OOD2: 51.02% Test OOD3: 59.63% 
Epoch: 153, Loss: 0.2619, Train: 99.82%, Valid: 66.51%, Test In: 66.19% Test OOD1: 60.55% Test OOD2: 50.76% Test OOD3: 59.75% 
Epoch: 154, Loss: 0.4519, Train: 99.38%, Valid: 66.66%, Test In: 66.58% Test OOD1: 61.01% Test OOD2: 51.28% Test OOD3: 59.97% 
Epoch: 155, Loss: 2.1607, Train: 99.74%, Valid: 66.56%, Test In: 66.15% Test OOD1: 61.28% Test OOD2: 50.79% Test OOD3: 60.02% 
Epoch: 156, Loss: 0.3107, Train: 99.71%, Valid: 66.25%, Test In: 65.91% Test OOD1: 61.69% Test OOD2: 50.55% Test OOD3: 60.09% 
Epoch: 157, Loss: 1.0032, Train: 99.78%, Valid: 66.19%, Test In: 65.83% Test OOD1: 60.77% Test OOD2: 50.63% Test OOD3: 59.82% 
Epoch: 158, Loss: 0.7637, Train: 99.65%, Valid: 65.50%, Test In: 65.15% Test OOD1: 59.55% Test OOD2: 50.57% Test OOD3: 59.21% 
Epoch: 159, Loss: 0.4149, Train: 99.66%, Valid: 65.92%, Test In: 65.59% Test OOD1: 60.99% Test OOD2: 50.57% Test OOD3: 59.96% 
Epoch: 160, Loss: 0.4523, Train: 99.64%, Valid: 65.94%, Test In: 65.57% Test OOD1: 61.16% Test OOD2: 50.35% Test OOD3: 60.10% 
Epoch: 161, Loss: 0.6369, Train: 99.48%, Valid: 65.92%, Test In: 65.51% Test OOD1: 61.70% Test OOD2: 50.62% Test OOD3: 60.27% 
Epoch: 162, Loss: 0.6863, Train: 99.61%, Valid: 65.95%, Test In: 65.47% Test OOD1: 61.79% Test OOD2: 50.43% Test OOD3: 60.35% 
Epoch: 163, Loss: 0.4431, Train: 99.67%, Valid: 65.92%, Test In: 65.43% Test OOD1: 61.58% Test OOD2: 50.43% Test OOD3: 60.23% 
Epoch: 164, Loss: 0.4011, Train: 99.72%, Valid: 65.78%, Test In: 65.30% Test OOD1: 61.49% Test OOD2: 50.67% Test OOD3: 60.10% 
Epoch: 165, Loss: 0.4154, Train: 99.73%, Valid: 65.70%, Test In: 65.18% Test OOD1: 61.41% Test OOD2: 50.68% Test OOD3: 60.00% 
Epoch: 166, Loss: 0.4197, Train: 99.74%, Valid: 65.62%, Test In: 65.11% Test OOD1: 61.23% Test OOD2: 50.52% Test OOD3: 59.95% 
Epoch: 167, Loss: 0.3659, Train: 99.77%, Valid: 65.70%, Test In: 65.15% Test OOD1: 61.25% Test OOD2: 50.44% Test OOD3: 59.99% 
Epoch: 168, Loss: 0.4332, Train: 99.75%, Valid: 65.59%, Test In: 65.09% Test OOD1: 61.55% Test OOD2: 50.62% Test OOD3: 60.15% 
Epoch: 169, Loss: 0.3493, Train: 99.72%, Valid: 65.55%, Test In: 65.08% Test OOD1: 61.48% Test OOD2: 50.77% Test OOD3: 60.14% 
Epoch: 170, Loss: 0.3877, Train: 99.82%, Valid: 65.46%, Test In: 65.02% Test OOD1: 60.88% Test OOD2: 50.77% Test OOD3: 59.99% 
Epoch: 171, Loss: 0.3548, Train: 99.82%, Valid: 65.44%, Test In: 64.98% Test OOD1: 60.70% Test OOD2: 50.69% Test OOD3: 59.96% 
Epoch: 172, Loss: 0.3442, Train: 99.85%, Valid: 65.67%, Test In: 65.23% Test OOD1: 61.29% Test OOD2: 50.61% Test OOD3: 60.18% 
Epoch: 173, Loss: 0.3407, Train: 99.77%, Valid: 65.63%, Test In: 65.19% Test OOD1: 61.71% Test OOD2: 50.63% Test OOD3: 60.34% 
Epoch: 174, Loss: 0.3268, Train: 99.76%, Valid: 65.56%, Test In: 65.21% Test OOD1: 61.73% Test OOD2: 50.69% Test OOD3: 60.32% 
Epoch: 175, Loss: 0.3313, Train: 99.88%, Valid: 65.51%, Test In: 65.18% Test OOD1: 61.22% Test OOD2: 50.71% Test OOD3: 60.06% 
Epoch: 176, Loss: 0.2988, Train: 99.88%, Valid: 65.36%, Test In: 65.01% Test OOD1: 60.62% Test OOD2: 50.67% Test OOD3: 59.76% 
Epoch: 177, Loss: 0.3114, Train: 99.89%, Valid: 65.51%, Test In: 65.12% Test OOD1: 60.88% Test OOD2: 50.62% Test OOD3: 59.85% 
Epoch: 178, Loss: 0.2965, Train: 99.87%, Valid: 65.62%, Test In: 65.23% Test OOD1: 61.42% Test OOD2: 50.63% Test OOD3: 60.06% 
Epoch: 179, Loss: 0.2814, Train: 99.84%, Valid: 65.66%, Test In: 65.23% Test OOD1: 61.51% Test OOD2: 50.64% Test OOD3: 60.13% 
Epoch: 180, Loss: 0.2888, Train: 99.91%, Valid: 65.66%, Test In: 65.18% Test OOD1: 61.24% Test OOD2: 50.63% Test OOD3: 60.03% 
Epoch: 181, Loss: 0.2765, Train: 99.91%, Valid: 65.58%, Test In: 65.09% Test OOD1: 60.86% Test OOD2: 50.60% Test OOD3: 59.83% 
Epoch: 182, Loss: 0.2735, Train: 99.92%, Valid: 65.51%, Test In: 65.01% Test OOD1: 60.67% Test OOD2: 50.61% Test OOD3: 59.71% 
Epoch: 183, Loss: 0.2658, Train: 99.92%, Valid: 65.54%, Test In: 64.98% Test OOD1: 60.69% Test OOD2: 50.63% Test OOD3: 59.67% 
Epoch: 184, Loss: 0.2704, Train: 99.93%, Valid: 65.51%, Test In: 64.92% Test OOD1: 60.56% Test OOD2: 50.64% Test OOD3: 59.58% 
Epoch: 185, Loss: 0.2589, Train: 99.93%, Valid: 65.52%, Test In: 64.93% Test OOD1: 60.53% Test OOD2: 50.64% Test OOD3: 59.57% 
Epoch: 186, Loss: 0.2550, Train: 99.93%, Valid: 65.67%, Test In: 65.08% Test OOD1: 60.90% Test OOD2: 50.67% Test OOD3: 59.77% 
Epoch: 187, Loss: 0.2521, Train: 99.93%, Valid: 65.75%, Test In: 65.14% Test OOD1: 61.08% Test OOD2: 50.71% Test OOD3: 59.87% 
Epoch: 188, Loss: 0.2455, Train: 99.94%, Valid: 65.70%, Test In: 65.12% Test OOD1: 60.94% Test OOD2: 50.74% Test OOD3: 59.78% 
Epoch: 189, Loss: 0.2377, Train: 99.94%, Valid: 65.59%, Test In: 65.00% Test OOD1: 60.53% Test OOD2: 50.73% Test OOD3: 59.58% 
Epoch: 190, Loss: 0.2343, Train: 99.94%, Valid: 65.57%, Test In: 64.96% Test OOD1: 60.48% Test OOD2: 50.72% Test OOD3: 59.55% 
Epoch: 191, Loss: 0.2328, Train: 99.95%, Valid: 65.71%, Test In: 65.10% Test OOD1: 60.86% Test OOD2: 50.74% Test OOD3: 59.75% 
Epoch: 192, Loss: 0.2252, Train: 99.95%, Valid: 65.72%, Test In: 65.13% Test OOD1: 61.01% Test OOD2: 50.74% Test OOD3: 59.83% 
Epoch: 193, Loss: 0.2234, Train: 99.95%, Valid: 65.68%, Test In: 65.10% Test OOD1: 60.87% Test OOD2: 50.70% Test OOD3: 59.77% 
Epoch: 194, Loss: 0.2194, Train: 99.96%, Valid: 65.62%, Test In: 65.05% Test OOD1: 60.67% Test OOD2: 50.69% Test OOD3: 59.67% 
Epoch: 195, Loss: 0.2157, Train: 99.96%, Valid: 65.59%, Test In: 65.08% Test OOD1: 60.72% Test OOD2: 50.70% Test OOD3: 59.68% 
Epoch: 196, Loss: 0.2110, Train: 99.96%, Valid: 65.63%, Test In: 65.12% Test OOD1: 60.65% Test OOD2: 50.72% Test OOD3: 59.66% 
Epoch: 197, Loss: 0.2127, Train: 99.95%, Valid: 65.56%, Test In: 65.12% Test OOD1: 60.64% Test OOD2: 50.71% Test OOD3: 59.61% 
Epoch: 198, Loss: 0.2182, Train: 99.97%, Valid: 65.72%, Test In: 65.23% Test OOD1: 60.51% Test OOD2: 50.77% Test OOD3: 59.63% 
Epoch: 199, Loss: 0.2953, Train: 99.87%, Valid: 65.82%, Test In: 65.50% Test OOD1: 61.35% Test OOD2: 50.79% Test OOD3: 59.87% 
Run 01:
Highest Train: 99.97
Highest Valid: 70.09
Highest In Test: 70.82
Highest OOD Test: 65.72
Highest OOD Test: 53.06
Highest OOD Test: 63.11
Chosen epoch: 46
Final Train: 81.73
Final In Test: 70.82
Final OOD Test: 64.26
Final OOD Test: 51.95
Final OOD Test: 62.19
Epoch: 00, Loss: 1.3956, Train: 46.08%, Valid: 45.35%, Test In: 46.68% Test OOD1: 42.81% Test OOD2: 50.77% Test OOD3: 47.17% 
Epoch: 01, Loss: 1.3852, Train: 44.55%, Valid: 44.21%, Test In: 45.47% Test OOD1: 41.98% Test OOD2: 50.53% Test OOD3: 46.46% 
Epoch: 02, Loss: 1.3689, Train: 46.01%, Valid: 45.38%, Test In: 46.71% Test OOD1: 42.58% Test OOD2: 50.69% Test OOD3: 47.14% 
Epoch: 03, Loss: 1.3547, Train: 60.75%, Valid: 57.21%, Test In: 58.64% Test OOD1: 51.12% Test OOD2: 52.39% Test OOD3: 55.11% 
Epoch: 04, Loss: 1.3440, Train: 67.14%, Valid: 64.04%, Test In: 64.27% Test OOD1: 63.13% Test OOD2: 51.54% Test OOD3: 60.22% 
Epoch: 05, Loss: 1.3285, Train: 64.53%, Valid: 62.33%, Test In: 62.00% Test OOD1: 62.14% Test OOD2: 51.05% Test OOD3: 59.00% 
Epoch: 06, Loss: 1.3152, Train: 63.94%, Valid: 61.89%, Test In: 61.51% Test OOD1: 61.89% Test OOD2: 50.94% Test OOD3: 58.73% 
Epoch: 07, Loss: 1.3071, Train: 64.14%, Valid: 61.99%, Test In: 61.67% Test OOD1: 62.01% Test OOD2: 50.98% Test OOD3: 58.92% 
Epoch: 08, Loss: 1.3007, Train: 64.70%, Valid: 62.33%, Test In: 62.12% Test OOD1: 62.27% Test OOD2: 51.06% Test OOD3: 59.28% 
Epoch: 09, Loss: 1.2919, Train: 65.55%, Valid: 62.87%, Test In: 62.79% Test OOD1: 62.64% Test OOD2: 51.18% Test OOD3: 59.75% 
Epoch: 10, Loss: 1.2834, Train: 66.91%, Valid: 63.81%, Test In: 63.94% Test OOD1: 63.26% Test OOD2: 51.37% Test OOD3: 60.42% 
Epoch: 11, Loss: 1.2739, Train: 68.72%, Valid: 65.06%, Test In: 65.48% Test OOD1: 64.14% Test OOD2: 51.61% Test OOD3: 61.26% 
Epoch: 12, Loss: 1.2610, Train: 70.62%, Valid: 66.37%, Test In: 67.01% Test OOD1: 64.95% Test OOD2: 51.95% Test OOD3: 62.08% 
Epoch: 13, Loss: 1.2468, Train: 72.24%, Valid: 67.50%, Test In: 68.25% Test OOD1: 65.50% Test OOD2: 52.20% Test OOD3: 62.73% 
Epoch: 14, Loss: 1.2331, Train: 73.00%, Valid: 67.99%, Test In: 68.77% Test OOD1: 65.71% Test OOD2: 52.33% Test OOD3: 62.93% 
Epoch: 15, Loss: 1.2589, Train: 73.86%, Valid: 68.60%, Test In: 69.40% Test OOD1: 65.76% Test OOD2: 52.39% Test OOD3: 63.14% 
Epoch: 16, Loss: 1.2163, Train: 73.85%, Valid: 68.49%, Test In: 69.25% Test OOD1: 65.87% Test OOD2: 52.38% Test OOD3: 63.07% 
Epoch: 17, Loss: 1.2213, Train: 73.51%, Valid: 68.08%, Test In: 68.82% Test OOD1: 66.02% Test OOD2: 52.13% Test OOD3: 62.97% 
Epoch: 18, Loss: 1.2112, Train: 74.90%, Valid: 69.00%, Test In: 69.81% Test OOD1: 65.84% Test OOD2: 52.48% Test OOD3: 63.18% 
Epoch: 19, Loss: 1.1837, Train: 75.76%, Valid: 69.50%, Test In: 70.27% Test OOD1: 65.07% Test OOD2: 52.74% Test OOD3: 63.15% 
Epoch: 20, Loss: 1.2057, Train: 75.45%, Valid: 69.11%, Test In: 69.93% Test OOD1: 65.71% Test OOD2: 52.48% Test OOD3: 63.09% 
Epoch: 21, Loss: 1.1767, Train: 75.38%, Valid: 69.07%, Test In: 69.83% Test OOD1: 66.02% Test OOD2: 52.23% Test OOD3: 63.06% 
Epoch: 22, Loss: 1.1776, Train: 76.22%, Valid: 69.52%, Test In: 70.23% Test OOD1: 65.61% Test OOD2: 52.46% Test OOD3: 63.04% 
Epoch: 23, Loss: 1.1634, Train: 76.56%, Valid: 69.55%, Test In: 70.30% Test OOD1: 65.17% Test OOD2: 52.53% Test OOD3: 62.91% 
Epoch: 24, Loss: 1.1644, Train: 76.66%, Valid: 69.70%, Test In: 70.38% Test OOD1: 65.62% Test OOD2: 52.37% Test OOD3: 62.98% 
Epoch: 25, Loss: 1.1500, Train: 76.94%, Valid: 69.66%, Test In: 70.35% Test OOD1: 65.36% Test OOD2: 52.39% Test OOD3: 62.90% 
Epoch: 26, Loss: 1.1464, Train: 76.96%, Valid: 69.36%, Test In: 70.26% Test OOD1: 64.56% Test OOD2: 52.42% Test OOD3: 62.62% 
Epoch: 27, Loss: 1.1586, Train: 77.67%, Valid: 70.11%, Test In: 70.71% Test OOD1: 65.13% Test OOD2: 52.44% Test OOD3: 62.88% 
Epoch: 28, Loss: 1.1456, Train: 77.37%, Valid: 69.93%, Test In: 70.53% Test OOD1: 65.66% Test OOD2: 52.12% Test OOD3: 62.92% 
Epoch: 29, Loss: 1.1456, Train: 77.26%, Valid: 69.52%, Test In: 70.24% Test OOD1: 65.34% Test OOD2: 52.14% Test OOD3: 62.76% 
Epoch: 30, Loss: 1.1216, Train: 77.44%, Valid: 69.52%, Test In: 70.36% Test OOD1: 64.70% Test OOD2: 52.28% Test OOD3: 62.62% 
Epoch: 31, Loss: 1.1333, Train: 78.23%, Valid: 70.02%, Test In: 70.65% Test OOD1: 64.70% Test OOD2: 52.43% Test OOD3: 62.71% 
Epoch: 32, Loss: 1.1158, Train: 78.18%, Valid: 70.11%, Test In: 70.72% Test OOD1: 65.35% Test OOD2: 52.23% Test OOD3: 62.87% 
Epoch: 33, Loss: 1.1195, Train: 77.97%, Valid: 69.75%, Test In: 70.39% Test OOD1: 65.35% Test OOD2: 52.03% Test OOD3: 62.73% 
Epoch: 34, Loss: 1.1077, Train: 78.06%, Valid: 69.63%, Test In: 70.41% Test OOD1: 64.61% Test OOD2: 52.17% Test OOD3: 62.50% 
Epoch: 35, Loss: 1.1079, Train: 78.61%, Valid: 69.85%, Test In: 70.60% Test OOD1: 64.33% Test OOD2: 52.25% Test OOD3: 62.45% 
Epoch: 36, Loss: 1.0973, Train: 78.91%, Valid: 70.05%, Test In: 70.71% Test OOD1: 64.97% Test OOD2: 52.18% Test OOD3: 62.65% 
Epoch: 37, Loss: 1.0958, Train: 78.86%, Valid: 69.89%, Test In: 70.57% Test OOD1: 65.01% Test OOD2: 52.02% Test OOD3: 62.59% 
Epoch: 38, Loss: 1.0871, Train: 78.97%, Valid: 69.75%, Test In: 70.55% Test OOD1: 64.26% Test OOD2: 52.14% Test OOD3: 62.34% 
Epoch: 39, Loss: 1.0852, Train: 79.29%, Valid: 69.82%, Test In: 70.62% Test OOD1: 64.30% Test OOD2: 52.15% Test OOD3: 62.36% 
Epoch: 40, Loss: 1.0764, Train: 79.55%, Valid: 69.96%, Test In: 70.70% Test OOD1: 64.86% Test OOD2: 52.05% Test OOD3: 62.52% 
Epoch: 41, Loss: 1.0706, Train: 79.71%, Valid: 69.91%, Test In: 70.68% Test OOD1: 64.54% Test OOD2: 52.08% Test OOD3: 62.37% 
Epoch: 42, Loss: 1.0675, Train: 79.85%, Valid: 69.78%, Test In: 70.63% Test OOD1: 64.21% Test OOD2: 52.10% Test OOD3: 62.19% 
Epoch: 43, Loss: 1.0534, Train: 80.19%, Valid: 69.88%, Test In: 70.70% Test OOD1: 64.50% Test OOD2: 52.04% Test OOD3: 62.27% 
Epoch: 44, Loss: 1.0494, Train: 80.45%, Valid: 69.91%, Test In: 70.74% Test OOD1: 64.37% Test OOD2: 52.00% Test OOD3: 62.18% 
Epoch: 45, Loss: 1.0475, Train: 80.62%, Valid: 69.77%, Test In: 70.66% Test OOD1: 64.12% Test OOD2: 51.98% Test OOD3: 62.03% 
Epoch: 46, Loss: 1.0290, Train: 81.07%, Valid: 69.89%, Test In: 70.76% Test OOD1: 64.05% Test OOD2: 51.99% Test OOD3: 62.01% 
Epoch: 47, Loss: 1.0250, Train: 81.08%, Valid: 69.84%, Test In: 70.71% Test OOD1: 64.03% Test OOD2: 51.86% Test OOD3: 61.93% 
Epoch: 48, Loss: 1.0320, Train: 81.41%, Valid: 69.85%, Test In: 70.74% Test OOD1: 63.90% Test OOD2: 51.95% Test OOD3: 61.88% 
Epoch: 49, Loss: 1.0347, Train: 81.77%, Valid: 69.99%, Test In: 70.85% Test OOD1: 63.90% Test OOD2: 51.86% Test OOD3: 61.92% 
Epoch: 50, Loss: 1.0240, Train: 81.67%, Valid: 69.69%, Test In: 70.59% Test OOD1: 64.06% Test OOD2: 51.77% Test OOD3: 61.87% 
Epoch: 51, Loss: 1.0237, Train: 82.51%, Valid: 70.06%, Test In: 70.92% Test OOD1: 63.67% Test OOD2: 51.90% Test OOD3: 61.81% 
Epoch: 52, Loss: 1.0133, Train: 82.38%, Valid: 69.83%, Test In: 70.66% Test OOD1: 63.85% Test OOD2: 51.76% Test OOD3: 61.71% 
Epoch: 53, Loss: 0.9846, Train: 82.85%, Valid: 69.81%, Test In: 70.66% Test OOD1: 63.55% Test OOD2: 51.84% Test OOD3: 61.54% 
Epoch: 54, Loss: 0.9937, Train: 82.55%, Valid: 70.00%, Test In: 70.73% Test OOD1: 64.17% Test OOD2: 51.60% Test OOD3: 61.85% 
Epoch: 55, Loss: 1.0413, Train: 83.30%, Valid: 69.71%, Test In: 70.52% Test OOD1: 62.76% Test OOD2: 51.81% Test OOD3: 61.19% 
Epoch: 56, Loss: 1.0016, Train: 83.15%, Valid: 70.09%, Test In: 70.78% Test OOD1: 64.13% Test OOD2: 51.58% Test OOD3: 61.87% 
Epoch: 57, Loss: 0.9938, Train: 83.64%, Valid: 69.91%, Test In: 70.59% Test OOD1: 63.65% Test OOD2: 51.63% Test OOD3: 61.63% 
Epoch: 58, Loss: 0.9612, Train: 84.07%, Valid: 69.87%, Test In: 70.54% Test OOD1: 63.26% Test OOD2: 51.69% Test OOD3: 61.46% 
Epoch: 59, Loss: 0.9550, Train: 84.06%, Valid: 70.05%, Test In: 70.70% Test OOD1: 63.84% Test OOD2: 51.54% Test OOD3: 61.78% 
Epoch: 60, Loss: 0.9536, Train: 84.40%, Valid: 69.81%, Test In: 70.46% Test OOD1: 63.39% Test OOD2: 51.53% Test OOD3: 61.50% 
Epoch: 61, Loss: 0.9380, Train: 84.71%, Valid: 69.77%, Test In: 70.39% Test OOD1: 63.18% Test OOD2: 51.58% Test OOD3: 61.39% 
Epoch: 62, Loss: 0.9359, Train: 85.19%, Valid: 69.85%, Test In: 70.41% Test OOD1: 63.34% Test OOD2: 51.48% Test OOD3: 61.42% 
Epoch: 63, Loss: 0.9173, Train: 85.56%, Valid: 69.71%, Test In: 70.20% Test OOD1: 63.18% Test OOD2: 51.44% Test OOD3: 61.29% 
Epoch: 64, Loss: 0.9046, Train: 85.67%, Valid: 69.72%, Test In: 70.21% Test OOD1: 63.21% Test OOD2: 51.44% Test OOD3: 61.37% 
Epoch: 65, Loss: 0.9305, Train: 86.03%, Valid: 69.65%, Test In: 70.19% Test OOD1: 62.77% Test OOD2: 51.40% Test OOD3: 61.22% 
Epoch: 66, Loss: 0.9286, Train: 86.20%, Valid: 69.80%, Test In: 70.42% Test OOD1: 63.27% Test OOD2: 51.36% Test OOD3: 61.60% 
Epoch: 67, Loss: 0.9197, Train: 86.74%, Valid: 69.52%, Test In: 70.09% Test OOD1: 62.81% Test OOD2: 51.38% Test OOD3: 61.37% 
Epoch: 68, Loss: 0.8819, Train: 87.10%, Valid: 69.57%, Test In: 70.12% Test OOD1: 62.40% Test OOD2: 51.37% Test OOD3: 61.12% 
Epoch: 69, Loss: 0.9070, Train: 86.98%, Valid: 69.53%, Test In: 70.06% Test OOD1: 63.38% Test OOD2: 51.25% Test OOD3: 61.51% 
Epoch: 70, Loss: 0.9044, Train: 87.95%, Valid: 69.56%, Test In: 70.06% Test OOD1: 62.48% Test OOD2: 51.40% Test OOD3: 61.06% 
Epoch: 71, Loss: 0.8847, Train: 87.79%, Valid: 69.37%, Test In: 69.80% Test OOD1: 62.76% Test OOD2: 51.27% Test OOD3: 61.10% 
Epoch: 72, Loss: 0.8824, Train: 88.42%, Valid: 69.47%, Test In: 69.98% Test OOD1: 62.61% Test OOD2: 51.29% Test OOD3: 61.17% 
Epoch: 73, Loss: 0.8204, Train: 88.92%, Valid: 69.42%, Test In: 70.04% Test OOD1: 62.11% Test OOD2: 51.36% Test OOD3: 61.00% 
Epoch: 74, Loss: 0.8609, Train: 88.75%, Valid: 69.32%, Test In: 69.90% Test OOD1: 62.64% Test OOD2: 51.27% Test OOD3: 61.21% 
Epoch: 75, Loss: 0.8250, Train: 89.39%, Valid: 69.14%, Test In: 69.67% Test OOD1: 62.22% Test OOD2: 51.32% Test OOD3: 60.91% 
Epoch: 76, Loss: 0.8069, Train: 90.20%, Valid: 69.15%, Test In: 69.63% Test OOD1: 62.04% Test OOD2: 51.36% Test OOD3: 60.79% 
Epoch: 77, Loss: 0.7952, Train: 90.09%, Valid: 69.26%, Test In: 69.69% Test OOD1: 62.39% Test OOD2: 51.27% Test OOD3: 60.98% 
Epoch: 78, Loss: 0.8245, Train: 90.95%, Valid: 69.00%, Test In: 69.37% Test OOD1: 61.67% Test OOD2: 51.32% Test OOD3: 60.53% 
Epoch: 79, Loss: 0.7737, Train: 91.25%, Valid: 68.94%, Test In: 69.28% Test OOD1: 61.96% Test OOD2: 51.29% Test OOD3: 60.68% 
Epoch: 80, Loss: 0.7571, Train: 91.34%, Valid: 69.22%, Test In: 69.67% Test OOD1: 62.01% Test OOD2: 51.29% Test OOD3: 60.85% 
Epoch: 81, Loss: 0.7685, Train: 92.16%, Valid: 68.93%, Test In: 69.37% Test OOD1: 61.68% Test OOD2: 51.28% Test OOD3: 60.63% 
Epoch: 82, Loss: 0.7235, Train: 92.32%, Valid: 68.74%, Test In: 69.14% Test OOD1: 61.87% Test OOD2: 51.20% Test OOD3: 60.66% 
Epoch: 83, Loss: 0.7351, Train: 92.64%, Valid: 69.08%, Test In: 69.47% Test OOD1: 61.41% Test OOD2: 51.25% Test OOD3: 60.49% 
Epoch: 84, Loss: 0.7508, Train: 93.29%, Valid: 68.75%, Test In: 68.98% Test OOD1: 61.58% Test OOD2: 51.13% Test OOD3: 60.39% 
Epoch: 85, Loss: 0.7243, Train: 93.51%, Valid: 68.73%, Test In: 68.93% Test OOD1: 61.60% Test OOD2: 51.20% Test OOD3: 60.34% 
Epoch: 86, Loss: 0.7219, Train: 93.52%, Valid: 69.08%, Test In: 69.36% Test OOD1: 61.63% Test OOD2: 51.21% Test OOD3: 60.50% 
Epoch: 87, Loss: 0.7093, Train: 93.96%, Valid: 68.74%, Test In: 68.96% Test OOD1: 61.71% Test OOD2: 51.16% Test OOD3: 60.50% 
Epoch: 88, Loss: 0.6766, Train: 94.62%, Valid: 68.75%, Test In: 69.00% Test OOD1: 61.39% Test OOD2: 51.21% Test OOD3: 60.32% 
Epoch: 89, Loss: 0.7068, Train: 94.57%, Valid: 68.66%, Test In: 68.87% Test OOD1: 61.23% Test OOD2: 51.19% Test OOD3: 60.34% 
Epoch: 90, Loss: 0.6675, Train: 95.14%, Valid: 68.61%, Test In: 68.94% Test OOD1: 61.05% Test OOD2: 51.17% Test OOD3: 60.26% 
Epoch: 91, Loss: 0.6310, Train: 95.35%, Valid: 68.38%, Test In: 68.64% Test OOD1: 61.22% Test OOD2: 51.16% Test OOD3: 60.20% 
Epoch: 92, Loss: 0.6437, Train: 95.78%, Valid: 68.44%, Test In: 68.59% Test OOD1: 61.33% Test OOD2: 51.10% Test OOD3: 60.13% 
Epoch: 93, Loss: 0.6123, Train: 95.91%, Valid: 68.58%, Test In: 68.69% Test OOD1: 61.20% Test OOD2: 51.08% Test OOD3: 60.00% 
Epoch: 94, Loss: 0.6208, Train: 96.21%, Valid: 68.23%, Test In: 68.24% Test OOD1: 61.36% Test OOD2: 51.05% Test OOD3: 60.01% 
Epoch: 95, Loss: 0.6491, Train: 96.64%, Valid: 68.29%, Test In: 68.56% Test OOD1: 60.65% Test OOD2: 51.10% Test OOD3: 59.81% 
Epoch: 96, Loss: 0.7858, Train: 96.17%, Valid: 68.19%, Test In: 68.38% Test OOD1: 61.46% Test OOD2: 51.08% Test OOD3: 60.24% 
Epoch: 97, Loss: 0.8742, Train: 96.02%, Valid: 68.43%, Test In: 69.11% Test OOD1: 61.85% Test OOD2: 51.08% Test OOD3: 60.83% 
Epoch: 98, Loss: 0.8424, Train: 96.47%, Valid: 68.44%, Test In: 68.94% Test OOD1: 61.57% Test OOD2: 51.11% Test OOD3: 60.55% 
Epoch: 99, Loss: 0.6966, Train: 96.48%, Valid: 68.34%, Test In: 68.62% Test OOD1: 61.60% Test OOD2: 51.12% Test OOD3: 60.43% 
Epoch: 100, Loss: 0.6932, Train: 97.14%, Valid: 68.07%, Test In: 68.13% Test OOD1: 61.45% Test OOD2: 50.90% Test OOD3: 60.22% 
Epoch: 101, Loss: 0.6475, Train: 97.26%, Valid: 68.06%, Test In: 68.09% Test OOD1: 61.35% Test OOD2: 50.88% Test OOD3: 60.05% 
Epoch: 102, Loss: 0.6462, Train: 97.22%, Valid: 68.13%, Test In: 68.43% Test OOD1: 61.22% Test OOD2: 50.97% Test OOD3: 60.15% 
Epoch: 103, Loss: 0.6559, Train: 97.06%, Valid: 68.12%, Test In: 68.46% Test OOD1: 61.46% Test OOD2: 50.98% Test OOD3: 60.31% 
Epoch: 104, Loss: 0.6516, Train: 96.80%, Valid: 67.76%, Test In: 68.04% Test OOD1: 61.78% Test OOD2: 50.89% Test OOD3: 60.49% 
Epoch: 105, Loss: 0.6017, Train: 97.43%, Valid: 67.48%, Test In: 67.79% Test OOD1: 61.35% Test OOD2: 50.92% Test OOD3: 60.21% 
Epoch: 106, Loss: 0.5890, Train: 97.95%, Valid: 67.22%, Test In: 67.50% Test OOD1: 60.76% Test OOD2: 50.89% Test OOD3: 59.75% 
Epoch: 107, Loss: 0.5964, Train: 98.16%, Valid: 67.24%, Test In: 67.41% Test OOD1: 60.74% Test OOD2: 50.81% Test OOD3: 59.56% 
Epoch: 108, Loss: 0.5922, Train: 97.91%, Valid: 67.58%, Test In: 67.77% Test OOD1: 61.14% Test OOD2: 50.88% Test OOD3: 59.73% 
Epoch: 109, Loss: 0.5649, Train: 97.96%, Valid: 67.54%, Test In: 67.72% Test OOD1: 61.26% Test OOD2: 50.87% Test OOD3: 59.84% 
Epoch: 110, Loss: 0.5582, Train: 97.84%, Valid: 67.42%, Test In: 67.58% Test OOD1: 61.43% Test OOD2: 50.80% Test OOD3: 60.00% 
Epoch: 111, Loss: 0.5718, Train: 98.11%, Valid: 67.41%, Test In: 67.67% Test OOD1: 61.33% Test OOD2: 50.82% Test OOD3: 60.08% 
Epoch: 112, Loss: 0.5550, Train: 98.58%, Valid: 67.11%, Test In: 67.43% Test OOD1: 60.89% Test OOD2: 50.79% Test OOD3: 59.90% 
Epoch: 113, Loss: 0.5296, Train: 98.74%, Valid: 67.03%, Test In: 67.29% Test OOD1: 60.74% Test OOD2: 50.74% Test OOD3: 59.78% 
Epoch: 114, Loss: 0.5307, Train: 98.56%, Valid: 67.34%, Test In: 67.45% Test OOD1: 61.35% Test OOD2: 50.67% Test OOD3: 59.99% 
Epoch: 115, Loss: 0.5365, Train: 98.39%, Valid: 67.36%, Test In: 67.38% Test OOD1: 61.68% Test OOD2: 50.60% Test OOD3: 60.08% 
Epoch: 116, Loss: 0.5376, Train: 98.58%, Valid: 67.47%, Test In: 67.61% Test OOD1: 61.53% Test OOD2: 50.68% Test OOD3: 60.14% 
Epoch: 117, Loss: 0.5088, Train: 98.87%, Valid: 67.30%, Test In: 67.58% Test OOD1: 60.84% Test OOD2: 50.73% Test OOD3: 59.93% 
Epoch: 118, Loss: 0.4897, Train: 98.94%, Valid: 67.23%, Test In: 67.54% Test OOD1: 60.88% Test OOD2: 50.72% Test OOD3: 59.94% 
Epoch: 119, Loss: 0.4906, Train: 98.90%, Valid: 67.36%, Test In: 67.63% Test OOD1: 61.28% Test OOD2: 50.68% Test OOD3: 60.03% 
Epoch: 120, Loss: 0.4936, Train: 99.06%, Valid: 67.31%, Test In: 67.49% Test OOD1: 61.12% Test OOD2: 50.60% Test OOD3: 59.82% 
Epoch: 121, Loss: 0.4860, Train: 98.98%, Valid: 67.32%, Test In: 67.48% Test OOD1: 61.27% Test OOD2: 50.64% Test OOD3: 59.82% 
Epoch: 122, Loss: 0.4983, Train: 99.12%, Valid: 67.46%, Test In: 67.71% Test OOD1: 61.23% Test OOD2: 50.61% Test OOD3: 59.87% 
Epoch: 123, Loss: 0.4967, Train: 99.03%, Valid: 67.38%, Test In: 67.69% Test OOD1: 61.50% Test OOD2: 50.74% Test OOD3: 60.07% 
Epoch: 124, Loss: 0.4647, Train: 99.21%, Valid: 67.31%, Test In: 67.64% Test OOD1: 61.02% Test OOD2: 50.76% Test OOD3: 59.94% 
Epoch: 125, Loss: 0.4387, Train: 99.26%, Valid: 67.34%, Test In: 67.64% Test OOD1: 61.00% Test OOD2: 50.75% Test OOD3: 59.91% 
Epoch: 126, Loss: 0.4321, Train: 99.15%, Valid: 67.37%, Test In: 67.60% Test OOD1: 61.45% Test OOD2: 50.73% Test OOD3: 60.01% 
Epoch: 127, Loss: 0.4463, Train: 99.34%, Valid: 67.40%, Test In: 67.61% Test OOD1: 61.16% Test OOD2: 50.63% Test OOD3: 59.85% 
Epoch: 128, Loss: 0.4463, Train: 99.33%, Valid: 67.26%, Test In: 67.50% Test OOD1: 61.21% Test OOD2: 50.70% Test OOD3: 59.90% 
Epoch: 129, Loss: 0.4282, Train: 99.41%, Valid: 67.29%, Test In: 67.60% Test OOD1: 61.16% Test OOD2: 50.68% Test OOD3: 59.93% 
Epoch: 130, Loss: 0.4025, Train: 99.42%, Valid: 67.34%, Test In: 67.71% Test OOD1: 61.26% Test OOD2: 50.69% Test OOD3: 60.01% 
Epoch: 131, Loss: 0.3940, Train: 99.42%, Valid: 67.29%, Test In: 67.64% Test OOD1: 61.20% Test OOD2: 50.70% Test OOD3: 59.97% 
Epoch: 132, Loss: 0.3938, Train: 99.52%, Valid: 67.33%, Test In: 67.65% Test OOD1: 60.95% Test OOD2: 50.64% Test OOD3: 59.81% 
Epoch: 133, Loss: 0.4134, Train: 99.41%, Valid: 67.26%, Test In: 67.55% Test OOD1: 61.38% Test OOD2: 50.64% Test OOD3: 59.93% 
Epoch: 134, Loss: 0.4282, Train: 99.49%, Valid: 67.37%, Test In: 67.70% Test OOD1: 60.81% Test OOD2: 50.59% Test OOD3: 59.77% 
Epoch: 135, Loss: 0.4710, Train: 99.32%, Valid: 67.23%, Test In: 67.56% Test OOD1: 61.23% Test OOD2: 50.72% Test OOD3: 60.01% 
Epoch: 136, Loss: 0.6816, Train: 98.29%, Valid: 67.92%, Test In: 68.12% Test OOD1: 62.49% Test OOD2: 50.46% Test OOD3: 60.71% 
Epoch: 137, Loss: 1.6429, Train: 98.54%, Valid: 67.98%, Test In: 68.20% Test OOD1: 62.18% Test OOD2: 50.33% Test OOD3: 60.61% 
Epoch: 138, Loss: 1.5077, Train: 98.66%, Valid: 67.61%, Test In: 67.87% Test OOD1: 61.32% Test OOD2: 50.47% Test OOD3: 60.29% 
Epoch: 139, Loss: 1.1909, Train: 98.31%, Valid: 67.13%, Test In: 67.29% Test OOD1: 60.17% Test OOD2: 50.59% Test OOD3: 59.72% 
Epoch: 140, Loss: 0.9037, Train: 98.52%, Valid: 66.94%, Test In: 67.30% Test OOD1: 60.13% Test OOD2: 50.62% Test OOD3: 59.68% 
Epoch: 141, Loss: 0.7167, Train: 98.73%, Valid: 67.11%, Test In: 67.65% Test OOD1: 60.65% Test OOD2: 50.60% Test OOD3: 59.96% 
Epoch: 142, Loss: 0.6323, Train: 98.61%, Valid: 67.01%, Test In: 67.79% Test OOD1: 60.69% Test OOD2: 50.66% Test OOD3: 60.20% 
Epoch: 143, Loss: 0.6505, Train: 98.77%, Valid: 67.53%, Test In: 68.02% Test OOD1: 62.13% Test OOD2: 50.62% Test OOD3: 60.77% 
Epoch: 144, Loss: 0.6459, Train: 99.05%, Valid: 67.42%, Test In: 67.99% Test OOD1: 62.31% Test OOD2: 50.51% Test OOD3: 60.92% 
Epoch: 145, Loss: 0.6467, Train: 99.13%, Valid: 67.48%, Test In: 67.81% Test OOD1: 61.93% Test OOD2: 50.49% Test OOD3: 60.52% 
Epoch: 146, Loss: 0.5536, Train: 99.23%, Valid: 67.36%, Test In: 67.65% Test OOD1: 61.91% Test OOD2: 50.52% Test OOD3: 60.42% 
Epoch: 147, Loss: 0.5384, Train: 99.40%, Valid: 67.20%, Test In: 67.56% Test OOD1: 61.53% Test OOD2: 50.45% Test OOD3: 60.18% 
Epoch: 148, Loss: 0.6064, Train: 99.27%, Valid: 67.25%, Test In: 67.42% Test OOD1: 62.02% Test OOD2: 50.50% Test OOD3: 60.27% 
Epoch: 149, Loss: 0.5555, Train: 99.40%, Valid: 67.10%, Test In: 67.31% Test OOD1: 61.37% Test OOD2: 50.48% Test OOD3: 59.89% 
Epoch: 150, Loss: 0.5536, Train: 99.50%, Valid: 66.89%, Test In: 67.22% Test OOD1: 61.58% Test OOD2: 50.47% Test OOD3: 60.06% 
Epoch: 151, Loss: 0.5376, Train: 99.44%, Valid: 66.90%, Test In: 67.14% Test OOD1: 61.88% Test OOD2: 50.45% Test OOD3: 60.19% 
Epoch: 152, Loss: 0.5105, Train: 99.49%, Valid: 66.87%, Test In: 67.12% Test OOD1: 61.36% Test OOD2: 50.39% Test OOD3: 59.91% 
Epoch: 153, Loss: 0.5456, Train: 99.58%, Valid: 66.60%, Test In: 66.95% Test OOD1: 61.33% Test OOD2: 50.42% Test OOD3: 59.96% 
Epoch: 154, Loss: 0.5029, Train: 99.57%, Valid: 66.76%, Test In: 67.05% Test OOD1: 61.82% Test OOD2: 50.37% Test OOD3: 60.18% 
Epoch: 155, Loss: 0.4828, Train: 99.54%, Valid: 66.94%, Test In: 67.14% Test OOD1: 61.93% Test OOD2: 50.36% Test OOD3: 60.19% 
Epoch: 156, Loss: 0.5067, Train: 99.62%, Valid: 66.70%, Test In: 67.01% Test OOD1: 61.50% Test OOD2: 50.48% Test OOD3: 60.10% 
Epoch: 157, Loss: 0.4757, Train: 99.67%, Valid: 66.66%, Test In: 67.00% Test OOD1: 61.15% Test OOD2: 50.49% Test OOD3: 59.98% 
Epoch: 158, Loss: 0.4717, Train: 99.58%, Valid: 66.92%, Test In: 67.20% Test OOD1: 61.97% Test OOD2: 50.47% Test OOD3: 60.33% 
Epoch: 159, Loss: 0.4607, Train: 99.64%, Valid: 66.87%, Test In: 67.21% Test OOD1: 61.91% Test OOD2: 50.47% Test OOD3: 60.33% 
Epoch: 160, Loss: 0.4425, Train: 99.69%, Valid: 66.69%, Test In: 67.05% Test OOD1: 61.08% Test OOD2: 50.47% Test OOD3: 59.92% 
Epoch: 161, Loss: 0.4604, Train: 99.67%, Valid: 66.85%, Test In: 67.12% Test OOD1: 61.64% Test OOD2: 50.47% Test OOD3: 60.17% 
Epoch: 162, Loss: 0.4571, Train: 99.70%, Valid: 66.96%, Test In: 67.18% Test OOD1: 61.52% Test OOD2: 50.45% Test OOD3: 60.09% 
Epoch: 163, Loss: 0.4507, Train: 99.71%, Valid: 66.77%, Test In: 67.08% Test OOD1: 61.70% Test OOD2: 50.50% Test OOD3: 60.23% 
Epoch: 164, Loss: 0.4492, Train: 99.71%, Valid: 66.80%, Test In: 67.00% Test OOD1: 61.28% Test OOD2: 50.46% Test OOD3: 59.95% 
Epoch: 165, Loss: 0.4256, Train: 99.76%, Valid: 66.61%, Test In: 66.87% Test OOD1: 61.33% Test OOD2: 50.45% Test OOD3: 59.98% 
Epoch: 166, Loss: 0.3924, Train: 99.75%, Valid: 66.63%, Test In: 66.85% Test OOD1: 61.72% Test OOD2: 50.40% Test OOD3: 60.10% 
Epoch: 167, Loss: 0.4010, Train: 99.75%, Valid: 66.77%, Test In: 66.87% Test OOD1: 61.55% Test OOD2: 50.33% Test OOD3: 59.94% 
Epoch: 168, Loss: 0.4089, Train: 99.80%, Valid: 66.46%, Test In: 66.73% Test OOD1: 61.23% Test OOD2: 50.38% Test OOD3: 59.84% 
Epoch: 169, Loss: 0.3898, Train: 99.77%, Valid: 66.59%, Test In: 66.81% Test OOD1: 61.62% Test OOD2: 50.38% Test OOD3: 59.99% 
Epoch: 170, Loss: 0.3724, Train: 99.82%, Valid: 66.63%, Test In: 66.86% Test OOD1: 61.51% Test OOD2: 50.38% Test OOD3: 60.00% 
Epoch: 171, Loss: 0.3754, Train: 99.79%, Valid: 66.44%, Test In: 66.74% Test OOD1: 61.40% Test OOD2: 50.46% Test OOD3: 59.91% 
Epoch: 172, Loss: 0.3727, Train: 99.82%, Valid: 66.48%, Test In: 66.64% Test OOD1: 61.16% Test OOD2: 50.46% Test OOD3: 59.83% 
Epoch: 173, Loss: 0.3850, Train: 99.79%, Valid: 66.52%, Test In: 66.75% Test OOD1: 61.34% Test OOD2: 50.55% Test OOD3: 59.87% 
Epoch: 174, Loss: 0.4579, Train: 99.29%, Valid: 66.34%, Test In: 66.67% Test OOD1: 62.37% Test OOD2: 50.46% Test OOD3: 60.33% 
Epoch: 175, Loss: 1.3248, Train: 99.28%, Valid: 65.64%, Test In: 65.98% Test OOD1: 59.85% Test OOD2: 50.89% Test OOD3: 59.48% 
Epoch: 176, Loss: 0.5079, Train: 99.50%, Valid: 66.68%, Test In: 66.86% Test OOD1: 61.51% Test OOD2: 50.82% Test OOD3: 60.20% 
Epoch: 177, Loss: 0.9062, Train: 99.45%, Valid: 66.60%, Test In: 66.76% Test OOD1: 61.13% Test OOD2: 50.74% Test OOD3: 60.06% 
Epoch: 178, Loss: 0.5949, Train: 98.65%, Valid: 66.29%, Test In: 66.63% Test OOD1: 62.52% Test OOD2: 50.59% Test OOD3: 60.62% 
Epoch: 179, Loss: 1.1101, Train: 97.89%, Valid: 66.78%, Test In: 66.88% Test OOD1: 62.57% Test OOD2: 50.55% Test OOD3: 60.48% 
Epoch: 180, Loss: 1.0593, Train: 98.10%, Valid: 66.30%, Test In: 66.81% Test OOD1: 62.44% Test OOD2: 50.70% Test OOD3: 60.64% 
Epoch: 181, Loss: 0.7265, Train: 98.66%, Valid: 66.10%, Test In: 66.27% Test OOD1: 62.36% Test OOD2: 50.84% Test OOD3: 60.62% 
Epoch: 182, Loss: 0.6852, Train: 98.39%, Valid: 66.04%, Test In: 65.97% Test OOD1: 62.60% Test OOD2: 50.78% Test OOD3: 60.58% 
Epoch: 183, Loss: 0.6561, Train: 98.67%, Valid: 65.97%, Test In: 65.76% Test OOD1: 62.23% Test OOD2: 50.64% Test OOD3: 60.43% 
Epoch: 184, Loss: 0.4905, Train: 98.55%, Valid: 65.81%, Test In: 65.40% Test OOD1: 61.71% Test OOD2: 50.61% Test OOD3: 60.07% 
Epoch: 185, Loss: 0.5743, Train: 98.64%, Valid: 65.87%, Test In: 65.27% Test OOD1: 61.80% Test OOD2: 50.63% Test OOD3: 59.96% 
Epoch: 186, Loss: 0.5953, Train: 98.80%, Valid: 65.31%, Test In: 64.92% Test OOD1: 61.55% Test OOD2: 50.67% Test OOD3: 59.77% 
Epoch: 187, Loss: 0.4871, Train: 98.96%, Valid: 65.26%, Test In: 64.82% Test OOD1: 61.91% Test OOD2: 50.61% Test OOD3: 59.84% 
Epoch: 188, Loss: 0.4401, Train: 98.73%, Valid: 65.20%, Test In: 64.82% Test OOD1: 62.15% Test OOD2: 50.65% Test OOD3: 59.89% 
Epoch: 189, Loss: 0.5014, Train: 99.04%, Valid: 64.94%, Test In: 64.70% Test OOD1: 61.91% Test OOD2: 50.59% Test OOD3: 59.83% 
Epoch: 190, Loss: 0.5020, Train: 99.12%, Valid: 64.97%, Test In: 64.58% Test OOD1: 61.79% Test OOD2: 50.47% Test OOD3: 59.77% 
Epoch: 191, Loss: 0.4310, Train: 99.28%, Valid: 64.93%, Test In: 64.57% Test OOD1: 61.31% Test OOD2: 50.45% Test OOD3: 59.65% 
Epoch: 192, Loss: 0.4002, Train: 99.24%, Valid: 64.81%, Test In: 64.55% Test OOD1: 60.96% Test OOD2: 50.45% Test OOD3: 59.52% 
Epoch: 193, Loss: 0.4262, Train: 99.35%, Valid: 65.13%, Test In: 64.69% Test OOD1: 61.24% Test OOD2: 50.44% Test OOD3: 59.59% 
Epoch: 194, Loss: 0.4243, Train: 99.46%, Valid: 64.95%, Test In: 64.58% Test OOD1: 61.11% Test OOD2: 50.45% Test OOD3: 59.50% 
Epoch: 195, Loss: 0.3953, Train: 99.41%, Valid: 65.20%, Test In: 64.80% Test OOD1: 61.40% Test OOD2: 50.53% Test OOD3: 59.61% 
Epoch: 196, Loss: 0.3717, Train: 99.29%, Valid: 65.31%, Test In: 64.91% Test OOD1: 61.65% Test OOD2: 50.56% Test OOD3: 59.68% 
Epoch: 197, Loss: 0.3729, Train: 99.54%, Valid: 65.25%, Test In: 64.84% Test OOD1: 61.48% Test OOD2: 50.54% Test OOD3: 59.57% 
Epoch: 198, Loss: 0.3684, Train: 99.54%, Valid: 65.52%, Test In: 64.98% Test OOD1: 61.51% Test OOD2: 50.55% Test OOD3: 59.61% 
Epoch: 199, Loss: 0.3475, Train: 99.57%, Valid: 65.62%, Test In: 65.12% Test OOD1: 61.28% Test OOD2: 50.57% Test OOD3: 59.57% 
Run 02:
Highest Train: 99.82
Highest Valid: 70.11
Highest In Test: 70.92
Highest OOD Test: 66.02
Highest OOD Test: 52.74
Highest OOD Test: 63.18
Chosen epoch: 33
Final Train: 78.18
Final In Test: 70.72
Final OOD Test: 65.35
Final OOD Test: 52.23
Final OOD Test: 62.87
Epoch: 00, Loss: 1.3972, Train: 47.25%, Valid: 46.16%, Test In: 47.93% Test OOD1: 43.03% Test OOD2: 50.69% Test OOD3: 47.26% 
Epoch: 01, Loss: 1.3891, Train: 45.81%, Valid: 45.02%, Test In: 46.57% Test OOD1: 42.33% Test OOD2: 50.60% Test OOD3: 46.74% 
Epoch: 02, Loss: 1.3771, Train: 44.83%, Valid: 44.42%, Test In: 45.74% Test OOD1: 41.92% Test OOD2: 50.47% Test OOD3: 46.40% 
Epoch: 03, Loss: 1.3615, Train: 47.89%, Valid: 46.80%, Test In: 48.29% Test OOD1: 43.25% Test OOD2: 50.81% Test OOD3: 47.71% 
Epoch: 04, Loss: 1.3519, Train: 68.63%, Valid: 64.10%, Test In: 65.59% Test OOD1: 60.14% Test OOD2: 52.85% Test OOD3: 60.32% 
Epoch: 05, Loss: 1.3397, Train: 65.56%, Valid: 63.08%, Test In: 62.92% Test OOD1: 62.52% Test OOD2: 51.18% Test OOD3: 59.33% 
Epoch: 06, Loss: 1.3250, Train: 64.10%, Valid: 62.06%, Test In: 61.67% Test OOD1: 61.91% Test OOD2: 50.90% Test OOD3: 58.62% 
Epoch: 07, Loss: 1.3155, Train: 63.89%, Valid: 61.90%, Test In: 61.49% Test OOD1: 61.82% Test OOD2: 50.86% Test OOD3: 58.57% 
Epoch: 08, Loss: 1.3084, Train: 64.31%, Valid: 62.16%, Test In: 61.85% Test OOD1: 62.05% Test OOD2: 50.95% Test OOD3: 58.91% 
Epoch: 09, Loss: 1.2998, Train: 64.90%, Valid: 62.53%, Test In: 62.36% Test OOD1: 62.34% Test OOD2: 51.06% Test OOD3: 59.28% 
Epoch: 10, Loss: 1.2928, Train: 65.73%, Valid: 63.11%, Test In: 63.06% Test OOD1: 62.74% Test OOD2: 51.19% Test OOD3: 59.72% 
Epoch: 11, Loss: 1.2854, Train: 67.18%, Valid: 64.16%, Test In: 64.36% Test OOD1: 63.45% Test OOD2: 51.36% Test OOD3: 60.36% 
Epoch: 12, Loss: 1.2755, Train: 68.86%, Valid: 65.46%, Test In: 65.84% Test OOD1: 64.29% Test OOD2: 51.53% Test OOD3: 61.13% 
Epoch: 13, Loss: 1.2647, Train: 71.20%, Valid: 67.15%, Test In: 67.80% Test OOD1: 65.09% Test OOD2: 51.92% Test OOD3: 62.14% 
Epoch: 14, Loss: 1.2587, Train: 70.65%, Valid: 66.69%, Test In: 67.23% Test OOD1: 65.11% Test OOD2: 51.74% Test OOD3: 62.02% 
Epoch: 15, Loss: 1.2521, Train: 71.12%, Valid: 66.95%, Test In: 67.54% Test OOD1: 65.36% Test OOD2: 51.81% Test OOD3: 62.28% 
Epoch: 16, Loss: 1.2403, Train: 73.31%, Valid: 68.50%, Test In: 69.28% Test OOD1: 65.62% Test OOD2: 52.31% Test OOD3: 63.04% 
Epoch: 17, Loss: 1.2242, Train: 74.09%, Valid: 69.03%, Test In: 69.81% Test OOD1: 65.61% Test OOD2: 52.43% Test OOD3: 63.21% 
Epoch: 18, Loss: 1.2141, Train: 73.71%, Valid: 68.73%, Test In: 69.40% Test OOD1: 66.03% Test OOD2: 52.14% Test OOD3: 63.06% 
Epoch: 19, Loss: 1.2106, Train: 74.86%, Valid: 69.47%, Test In: 70.14% Test OOD1: 65.82% Test OOD2: 52.48% Test OOD3: 63.23% 
Epoch: 20, Loss: 1.1995, Train: 75.23%, Valid: 69.60%, Test In: 70.29% Test OOD1: 65.82% Test OOD2: 52.48% Test OOD3: 63.22% 
Epoch: 21, Loss: 1.1790, Train: 75.93%, Valid: 70.00%, Test In: 70.64% Test OOD1: 65.56% Test OOD2: 52.54% Test OOD3: 63.20% 
Epoch: 22, Loss: 1.1772, Train: 76.24%, Valid: 70.00%, Test In: 70.64% Test OOD1: 65.42% Test OOD2: 52.58% Test OOD3: 63.08% 
Epoch: 23, Loss: 1.1670, Train: 76.11%, Valid: 69.85%, Test In: 70.53% Test OOD1: 66.03% Test OOD2: 52.25% Test OOD3: 63.08% 
Epoch: 24, Loss: 1.1681, Train: 76.86%, Valid: 70.13%, Test In: 70.76% Test OOD1: 65.55% Test OOD2: 52.45% Test OOD3: 63.02% 
Epoch: 25, Loss: 1.1422, Train: 77.17%, Valid: 69.92%, Test In: 70.69% Test OOD1: 64.66% Test OOD2: 52.58% Test OOD3: 62.75% 
Epoch: 26, Loss: 1.1533, Train: 77.30%, Valid: 70.08%, Test In: 70.77% Test OOD1: 65.58% Test OOD2: 52.29% Test OOD3: 62.93% 
Epoch: 27, Loss: 1.1397, Train: 77.61%, Valid: 70.22%, Test In: 70.87% Test OOD1: 65.63% Test OOD2: 52.27% Test OOD3: 62.95% 
Epoch: 28, Loss: 1.1351, Train: 77.84%, Valid: 69.83%, Test In: 70.69% Test OOD1: 64.39% Test OOD2: 52.47% Test OOD3: 62.60% 
Epoch: 29, Loss: 1.1382, Train: 78.14%, Valid: 70.06%, Test In: 70.78% Test OOD1: 65.07% Test OOD2: 52.42% Test OOD3: 62.83% 
Epoch: 30, Loss: 1.1207, Train: 78.25%, Valid: 70.15%, Test In: 70.78% Test OOD1: 65.55% Test OOD2: 52.25% Test OOD3: 62.91% 
Epoch: 31, Loss: 1.1182, Train: 78.50%, Valid: 70.01%, Test In: 70.74% Test OOD1: 64.86% Test OOD2: 52.35% Test OOD3: 62.72% 
Epoch: 32, Loss: 1.1115, Train: 78.62%, Valid: 69.89%, Test In: 70.66% Test OOD1: 64.56% Test OOD2: 52.39% Test OOD3: 62.62% 
Epoch: 33, Loss: 1.1043, Train: 79.03%, Valid: 70.17%, Test In: 70.82% Test OOD1: 65.19% Test OOD2: 52.32% Test OOD3: 62.81% 
Epoch: 34, Loss: 1.1025, Train: 79.06%, Valid: 70.03%, Test In: 70.70% Test OOD1: 65.04% Test OOD2: 52.20% Test OOD3: 62.70% 
Epoch: 35, Loss: 1.0894, Train: 79.15%, Valid: 69.82%, Test In: 70.62% Test OOD1: 64.16% Test OOD2: 52.26% Test OOD3: 62.40% 
Epoch: 36, Loss: 1.0960, Train: 79.82%, Valid: 70.18%, Test In: 70.86% Test OOD1: 64.68% Test OOD2: 52.31% Test OOD3: 62.63% 
Epoch: 37, Loss: 1.0829, Train: 79.69%, Valid: 70.01%, Test In: 70.68% Test OOD1: 64.93% Test OOD2: 52.09% Test OOD3: 62.61% 
Epoch: 38, Loss: 1.0753, Train: 79.70%, Valid: 69.79%, Test In: 70.61% Test OOD1: 64.12% Test OOD2: 52.12% Test OOD3: 62.28% 
Epoch: 39, Loss: 1.0799, Train: 80.53%, Valid: 70.28%, Test In: 70.98% Test OOD1: 64.37% Test OOD2: 52.27% Test OOD3: 62.54% 
Epoch: 40, Loss: 1.0770, Train: 80.35%, Valid: 70.01%, Test In: 70.73% Test OOD1: 64.84% Test OOD2: 52.03% Test OOD3: 62.55% 
Epoch: 41, Loss: 1.0573, Train: 80.27%, Valid: 69.79%, Test In: 70.66% Test OOD1: 63.99% Test OOD2: 52.00% Test OOD3: 62.17% 
Epoch: 42, Loss: 1.0777, Train: 81.16%, Valid: 70.32%, Test In: 71.05% Test OOD1: 64.33% Test OOD2: 52.16% Test OOD3: 62.45% 
Epoch: 43, Loss: 1.0601, Train: 80.96%, Valid: 70.03%, Test In: 70.78% Test OOD1: 64.80% Test OOD2: 51.94% Test OOD3: 62.43% 
Epoch: 44, Loss: 1.0527, Train: 81.09%, Valid: 69.87%, Test In: 70.70% Test OOD1: 64.07% Test OOD2: 51.94% Test OOD3: 62.07% 
Epoch: 45, Loss: 1.0451, Train: 81.22%, Valid: 70.22%, Test In: 70.92% Test OOD1: 64.39% Test OOD2: 51.98% Test OOD3: 62.30% 
Epoch: 46, Loss: 1.0607, Train: 81.83%, Valid: 70.07%, Test In: 70.78% Test OOD1: 64.53% Test OOD2: 51.91% Test OOD3: 62.22% 
Epoch: 47, Loss: 1.0284, Train: 81.40%, Valid: 69.74%, Test In: 70.57% Test OOD1: 64.00% Test OOD2: 51.86% Test OOD3: 61.92% 
Epoch: 48, Loss: 1.0591, Train: 81.84%, Valid: 70.22%, Test In: 70.88% Test OOD1: 64.29% Test OOD2: 51.91% Test OOD3: 62.17% 
Epoch: 49, Loss: 1.0359, Train: 82.01%, Valid: 70.28%, Test In: 70.94% Test OOD1: 64.20% Test OOD2: 51.88% Test OOD3: 62.15% 
Epoch: 50, Loss: 1.0480, Train: 82.35%, Valid: 70.04%, Test In: 70.77% Test OOD1: 64.31% Test OOD2: 51.81% Test OOD3: 62.03% 
Epoch: 51, Loss: 1.0259, Train: 82.06%, Valid: 69.72%, Test In: 70.54% Test OOD1: 63.92% Test OOD2: 51.77% Test OOD3: 61.82% 
Epoch: 52, Loss: 1.0584, Train: 82.58%, Valid: 69.95%, Test In: 70.68% Test OOD1: 64.01% Test OOD2: 51.78% Test OOD3: 61.87% 
Epoch: 53, Loss: 1.0058, Train: 83.05%, Valid: 70.28%, Test In: 70.92% Test OOD1: 64.23% Test OOD2: 51.86% Test OOD3: 62.08% 
Epoch: 54, Loss: 0.9971, Train: 83.30%, Valid: 70.17%, Test In: 70.82% Test OOD1: 64.18% Test OOD2: 51.86% Test OOD3: 61.94% 
Epoch: 55, Loss: 0.9993, Train: 82.83%, Valid: 69.77%, Test In: 70.45% Test OOD1: 63.90% Test OOD2: 51.77% Test OOD3: 61.63% 
Epoch: 56, Loss: 1.0088, Train: 83.15%, Valid: 69.73%, Test In: 70.44% Test OOD1: 64.12% Test OOD2: 51.71% Test OOD3: 61.74% 
Epoch: 57, Loss: 0.9800, Train: 84.26%, Valid: 70.07%, Test In: 70.78% Test OOD1: 63.45% Test OOD2: 51.75% Test OOD3: 61.61% 
Epoch: 58, Loss: 0.9625, Train: 84.01%, Valid: 69.97%, Test In: 70.64% Test OOD1: 63.56% Test OOD2: 51.60% Test OOD3: 61.60% 
Epoch: 59, Loss: 0.9639, Train: 83.71%, Valid: 69.76%, Test In: 70.45% Test OOD1: 63.89% Test OOD2: 51.50% Test OOD3: 61.69% 
Epoch: 60, Loss: 0.9721, Train: 84.56%, Valid: 69.77%, Test In: 70.43% Test OOD1: 63.03% Test OOD2: 51.53% Test OOD3: 61.28% 
Epoch: 61, Loss: 0.9563, Train: 84.98%, Valid: 69.87%, Test In: 70.49% Test OOD1: 63.59% Test OOD2: 51.48% Test OOD3: 61.50% 
Epoch: 62, Loss: 0.9215, Train: 85.20%, Valid: 69.73%, Test In: 70.31% Test OOD1: 63.58% Test OOD2: 51.41% Test OOD3: 61.42% 
Epoch: 63, Loss: 0.9134, Train: 85.78%, Valid: 69.65%, Test In: 70.21% Test OOD1: 63.00% Test OOD2: 51.44% Test OOD3: 61.07% 
Epoch: 64, Loss: 0.9150, Train: 85.70%, Valid: 69.62%, Test In: 70.20% Test OOD1: 63.59% Test OOD2: 51.38% Test OOD3: 61.39% 
Epoch: 65, Loss: 0.9129, Train: 85.91%, Valid: 69.62%, Test In: 70.11% Test OOD1: 62.92% Test OOD2: 51.38% Test OOD3: 61.08% 
Epoch: 66, Loss: 0.9503, Train: 85.86%, Valid: 69.84%, Test In: 70.50% Test OOD1: 63.51% Test OOD2: 51.50% Test OOD3: 61.50% 
Epoch: 67, Loss: 0.9790, Train: 86.27%, Valid: 69.71%, Test In: 70.35% Test OOD1: 63.64% Test OOD2: 51.46% Test OOD3: 61.45% 
Epoch: 68, Loss: 0.9211, Train: 86.74%, Valid: 69.67%, Test In: 70.21% Test OOD1: 62.87% Test OOD2: 51.34% Test OOD3: 61.13% 
Epoch: 69, Loss: 0.9170, Train: 87.10%, Valid: 69.49%, Test In: 69.99% Test OOD1: 62.98% Test OOD2: 51.32% Test OOD3: 61.09% 
Epoch: 70, Loss: 0.8851, Train: 87.69%, Valid: 69.85%, Test In: 70.32% Test OOD1: 63.31% Test OOD2: 51.33% Test OOD3: 61.24% 
Epoch: 71, Loss: 0.8980, Train: 87.75%, Valid: 69.42%, Test In: 69.93% Test OOD1: 63.18% Test OOD2: 51.23% Test OOD3: 61.12% 
Epoch: 72, Loss: 0.9104, Train: 87.49%, Valid: 69.68%, Test In: 69.91% Test OOD1: 63.50% Test OOD2: 51.27% Test OOD3: 61.06% 
Epoch: 73, Loss: 0.8729, Train: 88.38%, Valid: 69.25%, Test In: 69.55% Test OOD1: 62.93% Test OOD2: 51.31% Test OOD3: 60.69% 
Epoch: 74, Loss: 0.8368, Train: 89.19%, Valid: 69.27%, Test In: 69.75% Test OOD1: 62.55% Test OOD2: 51.32% Test OOD3: 60.69% 
Epoch: 75, Loss: 0.8172, Train: 88.94%, Valid: 69.70%, Test In: 70.20% Test OOD1: 62.63% Test OOD2: 51.32% Test OOD3: 60.92% 
Epoch: 76, Loss: 0.8566, Train: 89.61%, Valid: 69.35%, Test In: 69.99% Test OOD1: 62.31% Test OOD2: 51.25% Test OOD3: 60.85% 
Epoch: 77, Loss: 0.8157, Train: 89.57%, Valid: 69.14%, Test In: 69.69% Test OOD1: 62.29% Test OOD2: 51.16% Test OOD3: 60.76% 
Epoch: 78, Loss: 0.8164, Train: 89.00%, Valid: 69.51%, Test In: 69.91% Test OOD1: 62.60% Test OOD2: 51.20% Test OOD3: 60.87% 
Epoch: 79, Loss: 0.8325, Train: 90.70%, Valid: 69.16%, Test In: 69.55% Test OOD1: 62.41% Test OOD2: 51.19% Test OOD3: 60.58% 
Epoch: 80, Loss: 0.7564, Train: 90.86%, Valid: 68.86%, Test In: 69.04% Test OOD1: 62.02% Test OOD2: 51.19% Test OOD3: 60.18% 
Epoch: 81, Loss: 0.8607, Train: 90.01%, Valid: 69.25%, Test In: 69.46% Test OOD1: 62.51% Test OOD2: 51.19% Test OOD3: 60.59% 
Epoch: 82, Loss: 0.8414, Train: 90.01%, Valid: 69.30%, Test In: 69.39% Test OOD1: 62.58% Test OOD2: 51.17% Test OOD3: 60.65% 
Epoch: 83, Loss: 0.8342, Train: 90.83%, Valid: 68.95%, Test In: 69.38% Test OOD1: 62.30% Test OOD2: 51.14% Test OOD3: 60.71% 
Epoch: 84, Loss: 0.7635, Train: 91.39%, Valid: 68.86%, Test In: 69.31% Test OOD1: 62.10% Test OOD2: 51.14% Test OOD3: 60.62% 
Epoch: 85, Loss: 0.7403, Train: 91.71%, Valid: 69.04%, Test In: 69.27% Test OOD1: 62.09% Test OOD2: 51.10% Test OOD3: 60.50% 
Epoch: 86, Loss: 0.7185, Train: 91.58%, Valid: 68.92%, Test In: 69.22% Test OOD1: 62.14% Test OOD2: 51.06% Test OOD3: 60.45% 
Epoch: 87, Loss: 0.7531, Train: 92.26%, Valid: 68.68%, Test In: 68.92% Test OOD1: 61.86% Test OOD2: 51.05% Test OOD3: 60.10% 
Epoch: 88, Loss: 0.7317, Train: 92.46%, Valid: 68.57%, Test In: 68.81% Test OOD1: 61.63% Test OOD2: 51.09% Test OOD3: 60.04% 
Epoch: 89, Loss: 0.7182, Train: 92.96%, Valid: 68.72%, Test In: 68.90% Test OOD1: 61.70% Test OOD2: 51.01% Test OOD3: 60.17% 
Epoch: 90, Loss: 0.6578, Train: 93.12%, Valid: 68.86%, Test In: 68.91% Test OOD1: 61.75% Test OOD2: 50.96% Test OOD3: 60.19% 
Epoch: 91, Loss: 0.6569, Train: 93.16%, Valid: 68.75%, Test In: 68.77% Test OOD1: 61.69% Test OOD2: 50.96% Test OOD3: 60.18% 
Epoch: 92, Loss: 0.6661, Train: 93.62%, Valid: 68.64%, Test In: 68.65% Test OOD1: 61.53% Test OOD2: 51.00% Test OOD3: 60.13% 
Epoch: 93, Loss: 0.7093, Train: 93.49%, Valid: 68.51%, Test In: 68.57% Test OOD1: 61.51% Test OOD2: 51.00% Test OOD3: 60.23% 
Epoch: 94, Loss: 0.7364, Train: 94.44%, Valid: 68.62%, Test In: 68.60% Test OOD1: 61.53% Test OOD2: 50.99% Test OOD3: 60.20% 
Epoch: 95, Loss: 0.6524, Train: 94.48%, Valid: 68.57%, Test In: 68.39% Test OOD1: 61.38% Test OOD2: 50.93% Test OOD3: 60.00% 
Epoch: 96, Loss: 0.6113, Train: 94.77%, Valid: 68.39%, Test In: 68.30% Test OOD1: 61.42% Test OOD2: 50.88% Test OOD3: 60.02% 
Epoch: 97, Loss: 0.6274, Train: 95.14%, Valid: 68.30%, Test In: 68.15% Test OOD1: 61.40% Test OOD2: 50.85% Test OOD3: 59.88% 
Epoch: 98, Loss: 0.5894, Train: 95.30%, Valid: 68.28%, Test In: 67.98% Test OOD1: 61.33% Test OOD2: 50.90% Test OOD3: 59.76% 
Epoch: 99, Loss: 0.5915, Train: 95.77%, Valid: 68.32%, Test In: 68.24% Test OOD1: 61.13% Test OOD2: 50.88% Test OOD3: 59.90% 
Epoch: 100, Loss: 0.5749, Train: 95.96%, Valid: 68.27%, Test In: 68.13% Test OOD1: 61.25% Test OOD2: 50.97% Test OOD3: 59.95% 
Epoch: 101, Loss: 0.5337, Train: 96.03%, Valid: 68.21%, Test In: 67.94% Test OOD1: 61.36% Test OOD2: 51.05% Test OOD3: 59.87% 
Epoch: 102, Loss: 0.5756, Train: 96.70%, Valid: 68.17%, Test In: 68.04% Test OOD1: 61.03% Test OOD2: 51.00% Test OOD3: 59.75% 
Epoch: 103, Loss: 0.5558, Train: 96.57%, Valid: 68.13%, Test In: 67.76% Test OOD1: 61.32% Test OOD2: 51.11% Test OOD3: 59.76% 
Epoch: 104, Loss: 0.5327, Train: 96.94%, Valid: 68.04%, Test In: 67.79% Test OOD1: 61.31% Test OOD2: 51.06% Test OOD3: 59.73% 
Epoch: 105, Loss: 0.5563, Train: 97.04%, Valid: 67.90%, Test In: 67.66% Test OOD1: 61.20% Test OOD2: 51.14% Test OOD3: 59.75% 
Epoch: 106, Loss: 0.5114, Train: 97.43%, Valid: 67.92%, Test In: 67.82% Test OOD1: 61.40% Test OOD2: 51.03% Test OOD3: 59.89% 
Epoch: 107, Loss: 0.5096, Train: 97.70%, Valid: 67.84%, Test In: 67.67% Test OOD1: 61.21% Test OOD2: 51.02% Test OOD3: 59.76% 
Epoch: 108, Loss: 0.5020, Train: 97.64%, Valid: 67.82%, Test In: 67.48% Test OOD1: 61.22% Test OOD2: 51.14% Test OOD3: 59.71% 
Epoch: 109, Loss: 0.4907, Train: 98.07%, Valid: 67.78%, Test In: 67.52% Test OOD1: 61.06% Test OOD2: 51.02% Test OOD3: 59.69% 
Epoch: 110, Loss: 0.4566, Train: 98.08%, Valid: 67.79%, Test In: 67.40% Test OOD1: 61.42% Test OOD2: 50.95% Test OOD3: 59.73% 
Epoch: 111, Loss: 0.4387, Train: 98.27%, Valid: 67.66%, Test In: 67.23% Test OOD1: 61.16% Test OOD2: 51.03% Test OOD3: 59.59% 
Epoch: 112, Loss: 0.4168, Train: 98.50%, Valid: 67.48%, Test In: 67.10% Test OOD1: 60.57% Test OOD2: 51.04% Test OOD3: 59.37% 
Epoch: 113, Loss: 0.4379, Train: 98.52%, Valid: 67.58%, Test In: 67.25% Test OOD1: 61.29% Test OOD2: 50.97% Test OOD3: 59.63% 
Epoch: 114, Loss: 0.4459, Train: 98.77%, Valid: 67.59%, Test In: 67.26% Test OOD1: 61.20% Test OOD2: 50.98% Test OOD3: 59.69% 
Epoch: 115, Loss: 0.4069, Train: 98.72%, Valid: 67.63%, Test In: 67.23% Test OOD1: 61.30% Test OOD2: 51.02% Test OOD3: 59.71% 
Epoch: 116, Loss: 0.3839, Train: 98.94%, Valid: 67.42%, Test In: 67.26% Test OOD1: 60.75% Test OOD2: 51.04% Test OOD3: 59.40% 
Epoch: 117, Loss: 0.3907, Train: 99.04%, Valid: 67.40%, Test In: 67.21% Test OOD1: 60.79% Test OOD2: 51.07% Test OOD3: 59.43% 
Epoch: 118, Loss: 0.3889, Train: 98.84%, Valid: 67.43%, Test In: 67.10% Test OOD1: 61.47% Test OOD2: 51.07% Test OOD3: 59.60% 
Epoch: 119, Loss: 0.4124, Train: 99.25%, Valid: 67.28%, Test In: 67.17% Test OOD1: 60.49% Test OOD2: 51.00% Test OOD3: 59.30% 
Epoch: 120, Loss: 0.4336, Train: 99.11%, Valid: 67.38%, Test In: 67.04% Test OOD1: 61.16% Test OOD2: 51.10% Test OOD3: 59.49% 
Epoch: 121, Loss: 0.3856, Train: 99.25%, Valid: 67.39%, Test In: 67.11% Test OOD1: 60.98% Test OOD2: 51.10% Test OOD3: 59.54% 
Epoch: 122, Loss: 0.3403, Train: 99.35%, Valid: 67.28%, Test In: 67.04% Test OOD1: 60.96% Test OOD2: 50.99% Test OOD3: 59.46% 
Epoch: 123, Loss: 0.3277, Train: 99.30%, Valid: 67.26%, Test In: 66.88% Test OOD1: 61.05% Test OOD2: 51.03% Test OOD3: 59.38% 
Epoch: 124, Loss: 0.3407, Train: 99.41%, Valid: 66.99%, Test In: 66.70% Test OOD1: 60.25% Test OOD2: 50.99% Test OOD3: 59.09% 
Epoch: 125, Loss: 0.3700, Train: 99.36%, Valid: 67.21%, Test In: 66.85% Test OOD1: 60.98% Test OOD2: 50.93% Test OOD3: 59.38% 
Epoch: 126, Loss: 0.4136, Train: 99.33%, Valid: 67.02%, Test In: 66.77% Test OOD1: 60.69% Test OOD2: 51.01% Test OOD3: 59.38% 
Epoch: 127, Loss: 0.6429, Train: 98.71%, Valid: 67.38%, Test In: 67.21% Test OOD1: 61.71% Test OOD2: 50.70% Test OOD3: 59.91% 
Epoch: 128, Loss: 1.4638, Train: 98.80%, Valid: 67.20%, Test In: 67.11% Test OOD1: 61.61% Test OOD2: 50.63% Test OOD3: 59.72% 
Epoch: 129, Loss: 1.4748, Train: 99.09%, Valid: 67.20%, Test In: 67.25% Test OOD1: 60.98% Test OOD2: 50.64% Test OOD3: 59.54% 
Epoch: 130, Loss: 1.3279, Train: 99.07%, Valid: 67.07%, Test In: 66.96% Test OOD1: 61.36% Test OOD2: 50.67% Test OOD3: 59.50% 
Epoch: 131, Loss: 1.0653, Train: 98.86%, Valid: 66.40%, Test In: 66.44% Test OOD1: 59.41% Test OOD2: 50.83% Test OOD3: 58.73% 
Epoch: 132, Loss: 0.8162, Train: 98.72%, Valid: 65.76%, Test In: 65.77% Test OOD1: 58.44% Test OOD2: 50.86% Test OOD3: 58.08% 
Epoch: 133, Loss: 0.7095, Train: 99.36%, Valid: 66.42%, Test In: 66.59% Test OOD1: 59.91% Test OOD2: 50.71% Test OOD3: 58.86% 
Epoch: 134, Loss: 0.6983, Train: 99.39%, Valid: 66.36%, Test In: 66.57% Test OOD1: 59.78% Test OOD2: 50.74% Test OOD3: 58.99% 
Epoch: 135, Loss: 0.5642, Train: 99.43%, Valid: 66.69%, Test In: 66.71% Test OOD1: 60.86% Test OOD2: 50.72% Test OOD3: 59.42% 
Epoch: 136, Loss: 0.5329, Train: 99.49%, Valid: 66.61%, Test In: 66.79% Test OOD1: 60.89% Test OOD2: 50.75% Test OOD3: 59.48% 
Epoch: 137, Loss: 0.5423, Train: 99.52%, Valid: 66.60%, Test In: 66.61% Test OOD1: 60.65% Test OOD2: 50.79% Test OOD3: 59.28% 
Epoch: 138, Loss: 0.5443, Train: 99.58%, Valid: 66.45%, Test In: 66.55% Test OOD1: 60.70% Test OOD2: 50.71% Test OOD3: 59.22% 
Epoch: 139, Loss: 0.5454, Train: 99.57%, Valid: 66.68%, Test In: 66.65% Test OOD1: 60.84% Test OOD2: 50.81% Test OOD3: 59.44% 
Epoch: 140, Loss: 0.5358, Train: 99.60%, Valid: 66.53%, Test In: 66.63% Test OOD1: 61.07% Test OOD2: 50.70% Test OOD3: 59.52% 
Epoch: 141, Loss: 0.5280, Train: 99.64%, Valid: 66.60%, Test In: 66.72% Test OOD1: 60.85% Test OOD2: 50.90% Test OOD3: 59.56% 
Epoch: 142, Loss: 0.5144, Train: 99.65%, Valid: 66.54%, Test In: 66.57% Test OOD1: 60.92% Test OOD2: 50.88% Test OOD3: 59.47% 
Epoch: 143, Loss: 0.5139, Train: 99.56%, Valid: 66.52%, Test In: 66.59% Test OOD1: 61.43% Test OOD2: 50.84% Test OOD3: 59.68% 
Epoch: 144, Loss: 0.5121, Train: 99.73%, Valid: 66.42%, Test In: 66.47% Test OOD1: 60.64% Test OOD2: 50.80% Test OOD3: 59.30% 
Epoch: 145, Loss: 0.5086, Train: 99.70%, Valid: 66.39%, Test In: 66.30% Test OOD1: 60.81% Test OOD2: 50.81% Test OOD3: 59.24% 
Epoch: 146, Loss: 0.5179, Train: 99.76%, Valid: 66.25%, Test In: 66.57% Test OOD1: 60.34% Test OOD2: 50.73% Test OOD3: 59.27% 
Epoch: 147, Loss: 0.4953, Train: 99.70%, Valid: 66.46%, Test In: 66.54% Test OOD1: 61.09% Test OOD2: 50.72% Test OOD3: 59.54% 
Epoch: 148, Loss: 0.4567, Train: 99.76%, Valid: 66.43%, Test In: 66.60% Test OOD1: 60.54% Test OOD2: 50.85% Test OOD3: 59.37% 
Epoch: 149, Loss: 0.4735, Train: 99.79%, Valid: 66.18%, Test In: 66.41% Test OOD1: 60.35% Test OOD2: 50.72% Test OOD3: 59.18% 
Epoch: 150, Loss: 0.4763, Train: 99.76%, Valid: 66.51%, Test In: 66.59% Test OOD1: 61.15% Test OOD2: 50.82% Test OOD3: 59.61% 
Epoch: 151, Loss: 0.4317, Train: 99.80%, Valid: 66.42%, Test In: 66.53% Test OOD1: 60.90% Test OOD2: 50.75% Test OOD3: 59.47% 
Epoch: 152, Loss: 0.3981, Train: 99.83%, Valid: 66.14%, Test In: 66.40% Test OOD1: 60.42% Test OOD2: 50.70% Test OOD3: 59.25% 
Epoch: 153, Loss: 0.4178, Train: 99.80%, Valid: 66.32%, Test In: 66.59% Test OOD1: 60.85% Test OOD2: 50.79% Test OOD3: 59.53% 
Epoch: 154, Loss: 0.4269, Train: 99.85%, Valid: 66.15%, Test In: 66.43% Test OOD1: 60.52% Test OOD2: 50.68% Test OOD3: 59.30% 
Epoch: 155, Loss: 0.4085, Train: 99.86%, Valid: 66.12%, Test In: 66.33% Test OOD1: 60.22% Test OOD2: 50.74% Test OOD3: 59.19% 
Epoch: 156, Loss: 0.3839, Train: 99.84%, Valid: 66.27%, Test In: 66.37% Test OOD1: 60.76% Test OOD2: 50.69% Test OOD3: 59.38% 
Epoch: 157, Loss: 0.3721, Train: 99.88%, Valid: 66.17%, Test In: 66.39% Test OOD1: 60.58% Test OOD2: 50.64% Test OOD3: 59.31% 
Epoch: 158, Loss: 0.3881, Train: 99.84%, Valid: 66.27%, Test In: 66.46% Test OOD1: 60.61% Test OOD2: 50.80% Test OOD3: 59.36% 
Epoch: 159, Loss: 0.4083, Train: 99.88%, Valid: 65.89%, Test In: 66.23% Test OOD1: 59.92% Test OOD2: 50.68% Test OOD3: 58.97% 
Epoch: 160, Loss: 0.4476, Train: 99.68%, Valid: 66.50%, Test In: 66.65% Test OOD1: 61.18% Test OOD2: 50.88% Test OOD3: 59.69% 
Epoch: 161, Loss: 0.5194, Train: 99.62%, Valid: 66.06%, Test In: 66.75% Test OOD1: 60.61% Test OOD2: 50.52% Test OOD3: 59.32% 
Epoch: 162, Loss: 1.2062, Train: 99.50%, Valid: 65.55%, Test In: 65.80% Test OOD1: 59.12% Test OOD2: 50.98% Test OOD3: 58.62% 
Epoch: 163, Loss: 0.4656, Train: 99.72%, Valid: 66.43%, Test In: 66.47% Test OOD1: 61.19% Test OOD2: 50.86% Test OOD3: 59.49% 
Epoch: 164, Loss: 0.5923, Train: 99.71%, Valid: 65.96%, Test In: 66.25% Test OOD1: 61.19% Test OOD2: 50.50% Test OOD3: 59.44% 
Epoch: 165, Loss: 0.4956, Train: 99.77%, Valid: 65.64%, Test In: 65.98% Test OOD1: 60.82% Test OOD2: 50.50% Test OOD3: 59.17% 
Epoch: 166, Loss: 0.5763, Train: 99.60%, Valid: 65.51%, Test In: 65.57% Test OOD1: 61.20% Test OOD2: 50.50% Test OOD3: 59.35% 
Epoch: 167, Loss: 0.4400, Train: 99.47%, Valid: 65.55%, Test In: 65.60% Test OOD1: 61.29% Test OOD2: 50.60% Test OOD3: 59.61% 
Epoch: 168, Loss: 0.4691, Train: 99.72%, Valid: 65.45%, Test In: 65.48% Test OOD1: 60.83% Test OOD2: 50.62% Test OOD3: 59.52% 
Epoch: 169, Loss: 0.3820, Train: 99.71%, Valid: 65.01%, Test In: 65.20% Test OOD1: 59.96% Test OOD2: 50.63% Test OOD3: 59.24% 
Epoch: 170, Loss: 0.3900, Train: 99.58%, Valid: 64.74%, Test In: 65.00% Test OOD1: 59.36% Test OOD2: 50.64% Test OOD3: 58.94% 
Epoch: 171, Loss: 0.3975, Train: 99.82%, Valid: 65.19%, Test In: 65.50% Test OOD1: 60.45% Test OOD2: 50.63% Test OOD3: 59.27% 
Epoch: 172, Loss: 0.3790, Train: 99.83%, Valid: 65.30%, Test In: 65.68% Test OOD1: 60.56% Test OOD2: 50.77% Test OOD3: 59.30% 
Epoch: 173, Loss: 0.3722, Train: 99.86%, Valid: 65.19%, Test In: 65.52% Test OOD1: 60.58% Test OOD2: 50.74% Test OOD3: 59.11% 
Epoch: 174, Loss: 0.3919, Train: 99.83%, Valid: 65.44%, Test In: 65.86% Test OOD1: 60.74% Test OOD2: 50.91% Test OOD3: 59.31% 
Epoch: 175, Loss: 0.4198, Train: 99.61%, Valid: 65.36%, Test In: 65.67% Test OOD1: 61.20% Test OOD2: 50.69% Test OOD3: 59.41% 
Epoch: 176, Loss: 0.5645, Train: 99.66%, Valid: 65.78%, Test In: 66.15% Test OOD1: 60.57% Test OOD2: 50.85% Test OOD3: 59.48% 
Epoch: 177, Loss: 1.1207, Train: 99.67%, Valid: 65.50%, Test In: 65.95% Test OOD1: 60.09% Test OOD2: 50.95% Test OOD3: 59.44% 
Epoch: 178, Loss: 0.4361, Train: 99.75%, Valid: 65.78%, Test In: 66.13% Test OOD1: 60.89% Test OOD2: 50.79% Test OOD3: 59.70% 
Epoch: 179, Loss: 0.9910, Train: 99.40%, Valid: 65.88%, Test In: 66.13% Test OOD1: 61.53% Test OOD2: 50.82% Test OOD3: 60.23% 
Epoch: 180, Loss: 0.3886, Train: 99.69%, Valid: 65.70%, Test In: 65.63% Test OOD1: 60.44% Test OOD2: 50.70% Test OOD3: 59.72% 
Epoch: 181, Loss: 0.5769, Train: 99.70%, Valid: 65.47%, Test In: 65.31% Test OOD1: 60.26% Test OOD2: 50.69% Test OOD3: 59.53% 
Epoch: 182, Loss: 0.5865, Train: 99.63%, Valid: 65.49%, Test In: 65.14% Test OOD1: 60.83% Test OOD2: 50.62% Test OOD3: 59.69% 
Epoch: 183, Loss: 0.4088, Train: 99.51%, Valid: 65.08%, Test In: 64.74% Test OOD1: 61.17% Test OOD2: 50.55% Test OOD3: 59.61% 
Epoch: 184, Loss: 0.3936, Train: 99.52%, Valid: 65.04%, Test In: 64.57% Test OOD1: 61.09% Test OOD2: 50.59% Test OOD3: 59.50% 
Epoch: 185, Loss: 0.4245, Train: 99.67%, Valid: 64.68%, Test In: 64.14% Test OOD1: 60.20% Test OOD2: 50.53% Test OOD3: 59.07% 
Epoch: 186, Loss: 0.3973, Train: 99.67%, Valid: 64.79%, Test In: 64.34% Test OOD1: 60.18% Test OOD2: 50.62% Test OOD3: 59.19% 
Epoch: 187, Loss: 0.3900, Train: 99.70%, Valid: 64.90%, Test In: 64.62% Test OOD1: 60.06% Test OOD2: 50.61% Test OOD3: 59.16% 
Epoch: 188, Loss: 0.3880, Train: 99.76%, Valid: 64.75%, Test In: 64.53% Test OOD1: 59.85% Test OOD2: 50.58% Test OOD3: 59.02% 
Epoch: 189, Loss: 0.3552, Train: 99.78%, Valid: 65.17%, Test In: 65.02% Test OOD1: 60.30% Test OOD2: 50.70% Test OOD3: 59.34% 
Epoch: 190, Loss: 0.3471, Train: 99.80%, Valid: 65.34%, Test In: 65.22% Test OOD1: 60.48% Test OOD2: 50.67% Test OOD3: 59.44% 
Epoch: 191, Loss: 0.3570, Train: 99.53%, Valid: 65.32%, Test In: 65.14% Test OOD1: 61.03% Test OOD2: 50.77% Test OOD3: 59.76% 
Epoch: 192, Loss: 0.3696, Train: 99.82%, Valid: 65.24%, Test In: 64.99% Test OOD1: 60.06% Test OOD2: 50.64% Test OOD3: 59.23% 
Epoch: 193, Loss: 0.4226, Train: 99.52%, Valid: 65.42%, Test In: 65.14% Test OOD1: 60.58% Test OOD2: 50.88% Test OOD3: 59.48% 
Epoch: 194, Loss: 0.9488, Train: 99.58%, Valid: 64.94%, Test In: 64.67% Test OOD1: 60.41% Test OOD2: 50.46% Test OOD3: 59.54% 
Epoch: 195, Loss: 1.2075, Train: 99.51%, Valid: 65.04%, Test In: 64.93% Test OOD1: 60.63% Test OOD2: 50.57% Test OOD3: 59.93% 
Epoch: 196, Loss: 0.7280, Train: 99.29%, Valid: 65.81%, Test In: 65.66% Test OOD1: 61.32% Test OOD2: 50.89% Test OOD3: 60.25% 
Epoch: 197, Loss: 0.5622, Train: 98.81%, Valid: 65.92%, Test In: 65.69% Test OOD1: 61.79% Test OOD2: 50.92% Test OOD3: 60.49% 
Epoch: 198, Loss: 0.7910, Train: 99.21%, Valid: 65.67%, Test In: 65.55% Test OOD1: 61.48% Test OOD2: 50.75% Test OOD3: 60.34% 
Epoch: 199, Loss: 0.5230, Train: 99.40%, Valid: 65.29%, Test In: 65.19% Test OOD1: 61.07% Test OOD2: 50.61% Test OOD3: 60.16% 
Run 03:
Highest Train: 99.88
Highest Valid: 70.32
Highest In Test: 71.05
Highest OOD Test: 66.03
Highest OOD Test: 52.85
Highest OOD Test: 63.23
Chosen epoch: 43
Final Train: 81.16
Final In Test: 71.05
Final OOD Test: 64.33
Final OOD Test: 52.16
Final OOD Test: 62.45
All runs:
Highest Train: 99.89 ± 0.07
Highest Valid: 70.17 ± 0.13
Highest In Test: 70.93 ± 0.11
Highest OOD Test: 65.92 ± 0.18
Highest OOD Test: 52.88 ± 0.16
Highest OOD Test: 63.18 ± 0.06
  Final Train: 80.35 ± 1.91
   Final In  Test: 70.86 ± 0.17
   Final OOD Test: 64.65 ± 0.61
   Final OOD Test: 52.11 ± 0.15
   Final OOD Test: 62.50 ± 0.34
[INFO] TensorBoard writer closed.

Command: python main.py --dataset twitch --backbone_type gcn --env_type graph --combine_result --store_result --epochs 200 --runs 3 --num_layers 2 --expert_agg mean --tau 3 --lr 0.01 --weight_decay 5e-5 --dropout 0.0 --K 3 --hidden_channels 64 --seed 123 --device 0 --lr 0.01 --weight_decay 0.0005 --dropout 0.0 --lamda 1.0 --K 4 --hidden_channels 64 --other_env_reduce env --result_name twitch_stage1_lr0.01_weight_decay0.0005_dropout0.0_lamda1.0_K4_hidden_channels64_other_env_reduceenv
Return code: 0
Elapsed: 163.08s
