Namespace(K=3, backbone_type='gcn', combine_result=True, cpu=False, data_dir='./data/', dataset='twitch', device=0, display_step=1, dropout=0.1, env_type='graph', epochs=200, expert_agg='mean', gamma=0.99, gate_hidden=64, hidden_channels=64, infer_env=False, infer_env_components=64, infer_env_iters=30, infer_env_num=3, lambda_cl=0.1, lambda_dag=0.1, lambda_ind=0.1, lambda_l1=0.5, lamda=1.0, lamda_ciw=0.0001, lr=0.01, lr_dag=0.001, num_layers=2, other_env_reduce='env', pos_weight=5.0, result_name='twitch_stage1_lr0.01_weight_decay0.0005_dropout0.1_lamda1.0_K3_hidden_channels64_other_env_reduceenv', runs=3, seed=123, store_result=True, tau=3.0, use_bn=False, variant=False, weight_decay=0.0005)
dataset twitch: all nodes 34120 | edges 429113 | classes 2 | feats 3170
train nodes 7897 | valid nodes 3949 | test in nodes 3949
test ood1 nodes 4648 test ood2 nodes 6551 test ood3 nodes 7126 
[INFO] env numbers: 6 train env numbers: 3
MODEL: CaNet(
  (experts): ModuleList(
    (0): ExpertNet(
      (convs): ModuleList(
        (0): CaNetConv()
        (1): CaNetConv()
      )
      (fcs): ModuleList(
        (0): Linear(in_features=3170, out_features=64, bias=True)
        (1): Linear(in_features=64, out_features=2, bias=True)
      )
      (act_fn): ReLU()
    )
    (1): ExpertNet(
      (convs): ModuleList(
        (0): CaNetConv()
        (1): CaNetConv()
      )
      (fcs): ModuleList(
        (0): Linear(in_features=3170, out_features=64, bias=True)
        (1): Linear(in_features=64, out_features=2, bias=True)
      )
      (act_fn): ReLU()
    )
    (2): ExpertNet(
      (convs): ModuleList(
        (0): CaNetConv()
        (1): CaNetConv()
      )
      (fcs): ModuleList(
        (0): Linear(in_features=3170, out_features=64, bias=True)
        (1): Linear(in_features=64, out_features=2, bias=True)
      )
      (act_fn): ReLU()
    )
  )
  (gate): Sequential(
    (0): Linear(in_features=3170, out_features=64, bias=True)
    (1): ReLU()
    (2): Linear(in_features=64, out_features=3, bias=True)
  )
)
[INFO] TensorBoard logging activated. Logs will be saved to: ./runs/twitch/Apr16_02-03-18_lamda_1.0
Epoch: 00, Loss: 1.3946, Train: 45.90%, Valid: 45.05%, Test In: 46.31% Test OOD1: 42.15% Test OOD2: 50.69% Test OOD3: 46.49% 
Epoch: 01, Loss: 1.3843, Train: 44.19%, Valid: 43.90%, Test In: 45.05% Test OOD1: 41.44% Test OOD2: 50.38% Test OOD3: 45.88% 
Epoch: 02, Loss: 1.3686, Train: 43.70%, Valid: 43.57%, Test In: 44.71% Test OOD1: 41.29% Test OOD2: 50.31% Test OOD3: 45.78% 
Epoch: 03, Loss: 1.3504, Train: 47.15%, Valid: 46.19%, Test In: 47.54% Test OOD1: 42.72% Test OOD2: 50.69% Test OOD3: 47.31% 
Epoch: 04, Loss: 1.3445, Train: 66.93%, Valid: 62.25%, Test In: 63.68% Test OOD1: 56.62% Test OOD2: 52.87% Test OOD3: 58.60% 
Epoch: 05, Loss: 1.3293, Train: 67.31%, Valid: 63.99%, Test In: 64.23% Test OOD1: 63.08% Test OOD2: 51.61% Test OOD3: 60.26% 
Epoch: 06, Loss: 1.3154, Train: 65.16%, Valid: 62.60%, Test In: 62.44% Test OOD1: 62.33% Test OOD2: 51.23% Test OOD3: 59.37% 
Epoch: 07, Loss: 1.3056, Train: 64.45%, Valid: 62.05%, Test In: 61.82% Test OOD1: 62.05% Test OOD2: 51.13% Test OOD3: 59.09% 
Epoch: 08, Loss: 1.2969, Train: 64.28%, Valid: 61.87%, Test In: 61.64% Test OOD1: 62.00% Test OOD2: 51.12% Test OOD3: 59.08% 
Epoch: 09, Loss: 1.2899, Train: 64.47%, Valid: 61.94%, Test In: 61.76% Test OOD1: 62.10% Test OOD2: 51.17% Test OOD3: 59.23% 
Epoch: 10, Loss: 1.2871, Train: 64.83%, Valid: 62.11%, Test In: 61.97% Test OOD1: 62.24% Test OOD2: 51.21% Test OOD3: 59.43% 
Epoch: 11, Loss: 1.2822, Train: 65.51%, Valid: 62.48%, Test In: 62.45% Test OOD1: 62.51% Test OOD2: 51.29% Test OOD3: 59.75% 
Epoch: 12, Loss: 1.2729, Train: 66.91%, Valid: 63.47%, Test In: 63.61% Test OOD1: 63.16% Test OOD2: 51.50% Test OOD3: 60.38% 
Epoch: 13, Loss: 1.2653, Train: 68.74%, Valid: 64.73%, Test In: 65.15% Test OOD1: 64.02% Test OOD2: 51.81% Test OOD3: 61.19% 
Epoch: 14, Loss: 1.2568, Train: 69.69%, Valid: 65.25%, Test In: 65.79% Test OOD1: 64.47% Test OOD2: 52.01% Test OOD3: 61.67% 
Epoch: 15, Loss: 1.2468, Train: 71.18%, Valid: 66.25%, Test In: 66.89% Test OOD1: 64.81% Test OOD2: 52.29% Test OOD3: 62.17% 
Epoch: 16, Loss: 1.2358, Train: 71.75%, Valid: 66.54%, Test In: 67.27% Test OOD1: 65.07% Test OOD2: 52.29% Test OOD3: 62.38% 
Epoch: 17, Loss: 1.2257, Train: 73.43%, Valid: 67.80%, Test In: 68.50% Test OOD1: 65.15% Test OOD2: 52.47% Test OOD3: 62.76% 
Epoch: 18, Loss: 1.2110, Train: 73.61%, Valid: 67.86%, Test In: 68.51% Test OOD1: 65.48% Test OOD2: 52.38% Test OOD3: 62.76% 
Epoch: 19, Loss: 1.2039, Train: 75.20%, Valid: 69.01%, Test In: 69.56% Test OOD1: 65.00% Test OOD2: 52.55% Test OOD3: 62.89% 
Epoch: 20, Loss: 1.1961, Train: 75.13%, Valid: 68.82%, Test In: 69.45% Test OOD1: 65.59% Test OOD2: 52.21% Test OOD3: 62.86% 
Epoch: 21, Loss: 1.1853, Train: 75.90%, Valid: 69.21%, Test In: 69.79% Test OOD1: 65.19% Test OOD2: 52.39% Test OOD3: 62.81% 
Epoch: 22, Loss: 1.1684, Train: 76.93%, Valid: 69.89%, Test In: 70.38% Test OOD1: 64.80% Test OOD2: 52.39% Test OOD3: 62.78% 
Epoch: 23, Loss: 1.1666, Train: 76.50%, Valid: 69.37%, Test In: 69.93% Test OOD1: 65.60% Test OOD2: 52.02% Test OOD3: 62.77% 
Epoch: 24, Loss: 1.1603, Train: 77.16%, Valid: 69.69%, Test In: 70.23% Test OOD1: 65.11% Test OOD2: 52.15% Test OOD3: 62.68% 
Epoch: 25, Loss: 1.1448, Train: 78.16%, Valid: 70.11%, Test In: 70.60% Test OOD1: 64.18% Test OOD2: 52.32% Test OOD3: 62.48% 
Epoch: 26, Loss: 1.1537, Train: 78.08%, Valid: 70.03%, Test In: 70.52% Test OOD1: 65.07% Test OOD2: 51.85% Test OOD3: 62.59% 
Epoch: 27, Loss: 1.1264, Train: 77.79%, Valid: 69.43%, Test In: 70.24% Test OOD1: 64.45% Test OOD2: 51.95% Test OOD3: 62.28% 
Epoch: 28, Loss: 1.1520, Train: 79.06%, Valid: 70.39%, Test In: 70.93% Test OOD1: 64.58% Test OOD2: 51.90% Test OOD3: 62.48% 
Epoch: 29, Loss: 1.1282, Train: 79.47%, Valid: 70.42%, Test In: 71.03% Test OOD1: 64.12% Test OOD2: 52.03% Test OOD3: 62.38% 
Epoch: 30, Loss: 1.1354, Train: 78.71%, Valid: 69.73%, Test In: 70.57% Test OOD1: 64.36% Test OOD2: 51.83% Test OOD3: 62.21% 
Epoch: 31, Loss: 1.1051, Train: 78.63%, Valid: 69.54%, Test In: 70.40% Test OOD1: 64.42% Test OOD2: 51.71% Test OOD3: 62.17% 
Epoch: 32, Loss: 1.1168, Train: 79.46%, Valid: 70.02%, Test In: 70.76% Test OOD1: 64.64% Test OOD2: 51.69% Test OOD3: 62.28% 
Epoch: 33, Loss: 1.0932, Train: 79.83%, Valid: 70.05%, Test In: 70.89% Test OOD1: 64.19% Test OOD2: 51.86% Test OOD3: 62.17% 
Epoch: 34, Loss: 1.1041, Train: 79.75%, Valid: 69.93%, Test In: 70.70% Test OOD1: 64.35% Test OOD2: 51.69% Test OOD3: 62.10% 
Epoch: 35, Loss: 1.0826, Train: 79.36%, Valid: 69.64%, Test In: 70.41% Test OOD1: 64.35% Test OOD2: 51.53% Test OOD3: 62.06% 
Epoch: 36, Loss: 1.0941, Train: 79.46%, Valid: 69.50%, Test In: 70.36% Test OOD1: 64.09% Test OOD2: 51.47% Test OOD3: 61.84% 
Epoch: 37, Loss: 1.0779, Train: 80.49%, Valid: 70.19%, Test In: 70.78% Test OOD1: 64.46% Test OOD2: 51.60% Test OOD3: 62.13% 
Epoch: 38, Loss: 1.0820, Train: 80.51%, Valid: 69.92%, Test In: 70.58% Test OOD1: 64.30% Test OOD2: 51.51% Test OOD3: 61.91% 
Epoch: 39, Loss: 1.0601, Train: 79.95%, Valid: 69.44%, Test In: 70.26% Test OOD1: 63.92% Test OOD2: 51.37% Test OOD3: 61.66% 
Epoch: 40, Loss: 1.0767, Train: 80.29%, Valid: 69.78%, Test In: 70.41% Test OOD1: 64.49% Test OOD2: 51.29% Test OOD3: 61.97% 
Epoch: 41, Loss: 1.0685, Train: 81.17%, Valid: 70.10%, Test In: 70.70% Test OOD1: 64.38% Test OOD2: 51.36% Test OOD3: 61.93% 
Epoch: 42, Loss: 1.0531, Train: 81.07%, Valid: 69.78%, Test In: 70.54% Test OOD1: 63.54% Test OOD2: 51.36% Test OOD3: 61.53% 
Epoch: 43, Loss: 1.0608, Train: 81.19%, Valid: 69.69%, Test In: 70.47% Test OOD1: 64.08% Test OOD2: 51.24% Test OOD3: 61.69% 
Epoch: 44, Loss: 1.0276, Train: 81.55%, Valid: 69.91%, Test In: 70.57% Test OOD1: 64.44% Test OOD2: 51.14% Test OOD3: 61.88% 
Epoch: 45, Loss: 1.0269, Train: 82.24%, Valid: 70.01%, Test In: 70.64% Test OOD1: 64.23% Test OOD2: 51.24% Test OOD3: 61.74% 
Epoch: 46, Loss: 1.0150, Train: 81.97%, Valid: 69.67%, Test In: 70.39% Test OOD1: 63.76% Test OOD2: 51.16% Test OOD3: 61.47% 
Epoch: 47, Loss: 1.0212, Train: 82.54%, Valid: 69.75%, Test In: 70.42% Test OOD1: 64.20% Test OOD2: 51.06% Test OOD3: 61.60% 
Epoch: 48, Loss: 0.9868, Train: 83.07%, Valid: 69.97%, Test In: 70.66% Test OOD1: 64.13% Test OOD2: 51.05% Test OOD3: 61.59% 
Epoch: 49, Loss: 0.9967, Train: 83.03%, Valid: 69.70%, Test In: 70.47% Test OOD1: 63.81% Test OOD2: 51.01% Test OOD3: 61.39% 
Epoch: 50, Loss: 0.9795, Train: 83.42%, Valid: 69.80%, Test In: 70.46% Test OOD1: 63.80% Test OOD2: 51.08% Test OOD3: 61.39% 
Epoch: 51, Loss: 0.9992, Train: 83.96%, Valid: 69.87%, Test In: 70.62% Test OOD1: 63.02% Test OOD2: 51.13% Test OOD3: 61.07% 
Epoch: 52, Loss: 0.9814, Train: 83.73%, Valid: 69.55%, Test In: 70.13% Test OOD1: 64.23% Test OOD2: 50.77% Test OOD3: 61.43% 
Epoch: 53, Loss: 0.9815, Train: 84.91%, Valid: 69.93%, Test In: 70.48% Test OOD1: 63.55% Test OOD2: 51.01% Test OOD3: 61.26% 
Epoch: 54, Loss: 0.9313, Train: 84.92%, Valid: 69.81%, Test In: 70.39% Test OOD1: 62.96% Test OOD2: 51.03% Test OOD3: 61.06% 
Epoch: 55, Loss: 0.9536, Train: 85.15%, Valid: 69.69%, Test In: 70.20% Test OOD1: 63.97% Test OOD2: 50.77% Test OOD3: 61.35% 
Epoch: 56, Loss: 0.9248, Train: 86.12%, Valid: 69.95%, Test In: 70.50% Test OOD1: 63.55% Test OOD2: 50.90% Test OOD3: 61.23% 
Epoch: 57, Loss: 0.9204, Train: 85.89%, Valid: 69.56%, Test In: 70.15% Test OOD1: 63.06% Test OOD2: 50.90% Test OOD3: 61.04% 
Epoch: 58, Loss: 0.9397, Train: 86.73%, Valid: 69.76%, Test In: 70.33% Test OOD1: 63.53% Test OOD2: 50.78% Test OOD3: 61.15% 
Epoch: 59, Loss: 0.8816, Train: 87.44%, Valid: 69.73%, Test In: 70.21% Test OOD1: 63.58% Test OOD2: 50.75% Test OOD3: 61.09% 
Epoch: 60, Loss: 0.8843, Train: 87.54%, Valid: 69.41%, Test In: 69.84% Test OOD1: 63.24% Test OOD2: 50.72% Test OOD3: 60.94% 
Epoch: 61, Loss: 0.8823, Train: 87.83%, Valid: 69.64%, Test In: 70.15% Test OOD1: 63.31% Test OOD2: 50.68% Test OOD3: 60.91% 
Epoch: 62, Loss: 0.8772, Train: 89.14%, Valid: 69.70%, Test In: 70.11% Test OOD1: 63.08% Test OOD2: 50.73% Test OOD3: 60.89% 
Epoch: 63, Loss: 0.8367, Train: 89.43%, Valid: 69.58%, Test In: 69.93% Test OOD1: 63.04% Test OOD2: 50.72% Test OOD3: 60.82% 
Epoch: 64, Loss: 0.8327, Train: 89.09%, Valid: 69.56%, Test In: 70.02% Test OOD1: 63.10% Test OOD2: 50.73% Test OOD3: 60.75% 
Epoch: 65, Loss: 0.8489, Train: 90.37%, Valid: 69.46%, Test In: 69.74% Test OOD1: 63.36% Test OOD2: 50.65% Test OOD3: 60.82% 
Epoch: 66, Loss: 0.8015, Train: 90.93%, Valid: 69.43%, Test In: 69.74% Test OOD1: 63.18% Test OOD2: 50.71% Test OOD3: 60.80% 
Epoch: 67, Loss: 0.7872, Train: 90.26%, Valid: 69.38%, Test In: 69.79% Test OOD1: 63.04% Test OOD2: 50.64% Test OOD3: 60.79% 
Epoch: 68, Loss: 0.8161, Train: 91.30%, Valid: 69.18%, Test In: 69.60% Test OOD1: 63.23% Test OOD2: 50.49% Test OOD3: 60.94% 
Epoch: 69, Loss: 0.7868, Train: 92.35%, Valid: 69.39%, Test In: 69.83% Test OOD1: 62.60% Test OOD2: 50.77% Test OOD3: 60.60% 
Epoch: 70, Loss: 0.7932, Train: 91.15%, Valid: 68.95%, Test In: 69.26% Test OOD1: 63.08% Test OOD2: 50.38% Test OOD3: 60.65% 
Epoch: 71, Loss: 0.8237, Train: 92.87%, Valid: 69.22%, Test In: 69.38% Test OOD1: 63.12% Test OOD2: 50.41% Test OOD3: 60.49% 
Epoch: 72, Loss: 0.7270, Train: 93.60%, Valid: 69.23%, Test In: 69.47% Test OOD1: 62.52% Test OOD2: 50.58% Test OOD3: 60.17% 
Epoch: 73, Loss: 0.7723, Train: 92.52%, Valid: 68.89%, Test In: 69.28% Test OOD1: 62.68% Test OOD2: 50.28% Test OOD3: 60.45% 
Epoch: 74, Loss: 0.7652, Train: 93.56%, Valid: 68.80%, Test In: 69.35% Test OOD1: 62.90% Test OOD2: 50.22% Test OOD3: 60.62% 
Epoch: 75, Loss: 0.7327, Train: 94.32%, Valid: 68.92%, Test In: 69.50% Test OOD1: 62.42% Test OOD2: 50.57% Test OOD3: 60.47% 
Epoch: 76, Loss: 0.7177, Train: 93.84%, Valid: 68.83%, Test In: 69.31% Test OOD1: 62.47% Test OOD2: 50.35% Test OOD3: 60.44% 
Epoch: 77, Loss: 0.7181, Train: 94.32%, Valid: 68.38%, Test In: 68.92% Test OOD1: 62.71% Test OOD2: 50.02% Test OOD3: 60.28% 
Epoch: 78, Loss: 0.6984, Train: 95.26%, Valid: 68.37%, Test In: 68.69% Test OOD1: 62.19% Test OOD2: 50.30% Test OOD3: 59.98% 
Epoch: 79, Loss: 0.6859, Train: 94.95%, Valid: 68.57%, Test In: 68.94% Test OOD1: 62.04% Test OOD2: 50.39% Test OOD3: 60.00% 
Epoch: 80, Loss: 0.6773, Train: 95.22%, Valid: 68.52%, Test In: 69.07% Test OOD1: 62.47% Test OOD2: 50.22% Test OOD3: 60.25% 
Epoch: 81, Loss: 0.6538, Train: 95.98%, Valid: 68.35%, Test In: 68.92% Test OOD1: 62.24% Test OOD2: 50.37% Test OOD3: 60.17% 
Epoch: 82, Loss: 0.6375, Train: 95.95%, Valid: 68.35%, Test In: 68.77% Test OOD1: 62.04% Test OOD2: 50.42% Test OOD3: 60.08% 
Epoch: 83, Loss: 0.6386, Train: 96.02%, Valid: 68.38%, Test In: 68.78% Test OOD1: 62.19% Test OOD2: 50.20% Test OOD3: 60.02% 
Epoch: 84, Loss: 0.6061, Train: 96.47%, Valid: 68.21%, Test In: 68.56% Test OOD1: 62.15% Test OOD2: 50.25% Test OOD3: 59.86% 
Epoch: 85, Loss: 0.6077, Train: 96.65%, Valid: 68.14%, Test In: 68.44% Test OOD1: 61.98% Test OOD2: 50.33% Test OOD3: 59.87% 
Epoch: 86, Loss: 0.5903, Train: 96.63%, Valid: 68.19%, Test In: 68.62% Test OOD1: 62.09% Test OOD2: 50.20% Test OOD3: 60.05% 
Epoch: 87, Loss: 0.5778, Train: 97.31%, Valid: 68.14%, Test In: 68.77% Test OOD1: 61.75% Test OOD2: 50.31% Test OOD3: 59.93% 
Epoch: 88, Loss: 0.5796, Train: 97.55%, Valid: 68.05%, Test In: 68.60% Test OOD1: 61.60% Test OOD2: 50.36% Test OOD3: 59.84% 
Epoch: 89, Loss: 0.5449, Train: 97.60%, Valid: 68.05%, Test In: 68.52% Test OOD1: 61.77% Test OOD2: 50.18% Test OOD3: 59.84% 
Epoch: 90, Loss: 0.5382, Train: 97.73%, Valid: 68.06%, Test In: 68.42% Test OOD1: 62.10% Test OOD2: 50.05% Test OOD3: 59.88% 
Epoch: 91, Loss: 0.5342, Train: 97.91%, Valid: 68.00%, Test In: 68.31% Test OOD1: 62.17% Test OOD2: 50.11% Test OOD3: 59.92% 
Epoch: 92, Loss: 0.5184, Train: 98.05%, Valid: 68.03%, Test In: 68.52% Test OOD1: 62.07% Test OOD2: 50.14% Test OOD3: 59.97% 
Epoch: 93, Loss: 0.4997, Train: 98.32%, Valid: 67.98%, Test In: 68.67% Test OOD1: 61.98% Test OOD2: 50.18% Test OOD3: 59.90% 
Epoch: 94, Loss: 0.4918, Train: 98.56%, Valid: 67.85%, Test In: 68.57% Test OOD1: 61.84% Test OOD2: 50.25% Test OOD3: 59.74% 
Epoch: 95, Loss: 0.4807, Train: 98.66%, Valid: 67.90%, Test In: 68.43% Test OOD1: 61.89% Test OOD2: 50.14% Test OOD3: 59.63% 
Epoch: 96, Loss: 0.4752, Train: 98.82%, Valid: 67.88%, Test In: 68.22% Test OOD1: 61.92% Test OOD2: 50.10% Test OOD3: 59.59% 
Epoch: 97, Loss: 0.4953, Train: 98.99%, Valid: 67.96%, Test In: 68.13% Test OOD1: 61.38% Test OOD2: 50.37% Test OOD3: 59.33% 
Epoch: 98, Loss: 0.5924, Train: 98.51%, Valid: 67.57%, Test In: 67.65% Test OOD1: 62.43% Test OOD2: 49.91% Test OOD3: 59.88% 
Epoch: 99, Loss: 0.7006, Train: 98.76%, Valid: 67.94%, Test In: 67.92% Test OOD1: 62.49% Test OOD2: 50.11% Test OOD3: 60.13% 
Epoch: 100, Loss: 0.5134, Train: 99.09%, Valid: 68.28%, Test In: 68.20% Test OOD1: 62.19% Test OOD2: 50.39% Test OOD3: 60.16% 
Epoch: 101, Loss: 0.6206, Train: 99.21%, Valid: 68.20%, Test In: 68.21% Test OOD1: 61.83% Test OOD2: 50.35% Test OOD3: 60.19% 
Epoch: 102, Loss: 0.4879, Train: 99.29%, Valid: 67.84%, Test In: 67.94% Test OOD1: 61.76% Test OOD2: 50.31% Test OOD3: 60.07% 
Epoch: 103, Loss: 0.4862, Train: 99.31%, Valid: 67.65%, Test In: 67.62% Test OOD1: 61.80% Test OOD2: 50.22% Test OOD3: 59.89% 
Epoch: 104, Loss: 0.5250, Train: 99.34%, Valid: 67.59%, Test In: 67.46% Test OOD1: 61.95% Test OOD2: 50.13% Test OOD3: 59.98% 
Epoch: 105, Loss: 0.4725, Train: 99.39%, Valid: 67.55%, Test In: 67.51% Test OOD1: 62.01% Test OOD2: 50.19% Test OOD3: 60.17% 
Epoch: 106, Loss: 0.4738, Train: 99.21%, Valid: 67.39%, Test In: 67.44% Test OOD1: 62.16% Test OOD2: 50.12% Test OOD3: 60.29% 
Epoch: 107, Loss: 0.5060, Train: 99.41%, Valid: 67.34%, Test In: 67.32% Test OOD1: 61.78% Test OOD2: 50.19% Test OOD3: 60.11% 
Epoch: 108, Loss: 0.4849, Train: 99.21%, Valid: 67.22%, Test In: 67.42% Test OOD1: 62.05% Test OOD2: 50.07% Test OOD3: 60.06% 
Epoch: 109, Loss: 0.5567, Train: 99.34%, Valid: 67.41%, Test In: 67.59% Test OOD1: 61.45% Test OOD2: 50.33% Test OOD3: 60.09% 
Epoch: 110, Loss: 0.6321, Train: 99.42%, Valid: 67.45%, Test In: 67.62% Test OOD1: 61.80% Test OOD2: 50.28% Test OOD3: 59.97% 
Epoch: 111, Loss: 0.5252, Train: 98.82%, Valid: 67.49%, Test In: 67.62% Test OOD1: 62.11% Test OOD2: 50.06% Test OOD3: 59.98% 
Epoch: 112, Loss: 0.5468, Train: 99.31%, Valid: 67.59%, Test In: 67.56% Test OOD1: 61.88% Test OOD2: 50.26% Test OOD3: 60.06% 
Epoch: 113, Loss: 0.5042, Train: 99.25%, Valid: 67.68%, Test In: 67.63% Test OOD1: 61.94% Test OOD2: 50.19% Test OOD3: 60.10% 
Epoch: 114, Loss: 0.5060, Train: 99.35%, Valid: 67.59%, Test In: 67.54% Test OOD1: 61.66% Test OOD2: 50.23% Test OOD3: 59.80% 
Epoch: 115, Loss: 0.4420, Train: 99.40%, Valid: 67.43%, Test In: 67.41% Test OOD1: 61.48% Test OOD2: 50.21% Test OOD3: 59.63% 
Epoch: 116, Loss: 0.4799, Train: 99.18%, Valid: 67.50%, Test In: 67.50% Test OOD1: 61.59% Test OOD2: 50.09% Test OOD3: 59.55% 
Epoch: 117, Loss: 0.4716, Train: 99.40%, Valid: 67.55%, Test In: 67.61% Test OOD1: 61.58% Test OOD2: 50.18% Test OOD3: 59.60% 
Epoch: 118, Loss: 0.4341, Train: 99.50%, Valid: 67.58%, Test In: 67.64% Test OOD1: 61.43% Test OOD2: 50.32% Test OOD3: 59.65% 
Epoch: 119, Loss: 0.4445, Train: 99.48%, Valid: 67.63%, Test In: 67.71% Test OOD1: 61.51% Test OOD2: 50.34% Test OOD3: 59.63% 
Epoch: 120, Loss: 0.4298, Train: 99.52%, Valid: 67.66%, Test In: 67.66% Test OOD1: 61.47% Test OOD2: 50.36% Test OOD3: 59.64% 
Epoch: 121, Loss: 0.4047, Train: 99.60%, Valid: 67.64%, Test In: 67.47% Test OOD1: 61.38% Test OOD2: 50.45% Test OOD3: 59.70% 
Epoch: 122, Loss: 0.4171, Train: 99.60%, Valid: 67.68%, Test In: 67.45% Test OOD1: 61.45% Test OOD2: 50.31% Test OOD3: 59.88% 
Epoch: 123, Loss: 0.3963, Train: 99.54%, Valid: 67.65%, Test In: 67.51% Test OOD1: 61.73% Test OOD2: 50.20% Test OOD3: 60.11% 
Epoch: 124, Loss: 0.3915, Train: 99.64%, Valid: 67.59%, Test In: 67.58% Test OOD1: 61.56% Test OOD2: 50.26% Test OOD3: 60.24% 
Epoch: 125, Loss: 0.3921, Train: 99.66%, Valid: 67.61%, Test In: 67.65% Test OOD1: 61.45% Test OOD2: 50.16% Test OOD3: 60.15% 
Epoch: 126, Loss: 0.3735, Train: 99.71%, Valid: 67.67%, Test In: 67.70% Test OOD1: 61.25% Test OOD2: 50.06% Test OOD3: 59.91% 
Epoch: 127, Loss: 0.3691, Train: 99.74%, Valid: 67.61%, Test In: 67.72% Test OOD1: 61.11% Test OOD2: 50.04% Test OOD3: 59.72% 
Epoch: 128, Loss: 0.3725, Train: 99.74%, Valid: 67.55%, Test In: 67.84% Test OOD1: 61.17% Test OOD2: 50.03% Test OOD3: 59.65% 
Epoch: 129, Loss: 0.3641, Train: 99.74%, Valid: 67.58%, Test In: 67.96% Test OOD1: 61.23% Test OOD2: 50.03% Test OOD3: 59.56% 
Epoch: 130, Loss: 0.3595, Train: 99.78%, Valid: 67.67%, Test In: 68.04% Test OOD1: 61.29% Test OOD2: 50.14% Test OOD3: 59.55% 
Epoch: 131, Loss: 0.3449, Train: 99.80%, Valid: 67.76%, Test In: 68.08% Test OOD1: 61.45% Test OOD2: 50.13% Test OOD3: 59.64% 
Epoch: 132, Loss: 0.3451, Train: 99.80%, Valid: 67.88%, Test In: 68.02% Test OOD1: 61.67% Test OOD2: 50.05% Test OOD3: 59.79% 
Epoch: 133, Loss: 0.3408, Train: 99.81%, Valid: 67.94%, Test In: 67.96% Test OOD1: 61.76% Test OOD2: 50.05% Test OOD3: 59.96% 
Epoch: 134, Loss: 0.3387, Train: 99.83%, Valid: 67.95%, Test In: 67.91% Test OOD1: 61.65% Test OOD2: 50.06% Test OOD3: 60.00% 
Epoch: 135, Loss: 0.3280, Train: 99.84%, Valid: 67.95%, Test In: 67.95% Test OOD1: 61.60% Test OOD2: 50.06% Test OOD3: 59.98% 
Epoch: 136, Loss: 0.3280, Train: 99.86%, Valid: 67.93%, Test In: 68.00% Test OOD1: 61.48% Test OOD2: 50.15% Test OOD3: 60.01% 
Epoch: 137, Loss: 0.3119, Train: 99.86%, Valid: 67.85%, Test In: 68.02% Test OOD1: 61.41% Test OOD2: 50.20% Test OOD3: 60.03% 
Epoch: 138, Loss: 0.3236, Train: 99.86%, Valid: 67.82%, Test In: 68.10% Test OOD1: 61.42% Test OOD2: 50.15% Test OOD3: 60.04% 
Epoch: 139, Loss: 0.3133, Train: 99.88%, Valid: 67.79%, Test In: 68.11% Test OOD1: 61.29% Test OOD2: 50.15% Test OOD3: 59.94% 
Epoch: 140, Loss: 0.3078, Train: 99.89%, Valid: 67.78%, Test In: 68.11% Test OOD1: 61.09% Test OOD2: 50.20% Test OOD3: 59.88% 
Epoch: 141, Loss: 0.3095, Train: 99.89%, Valid: 67.81%, Test In: 68.17% Test OOD1: 61.11% Test OOD2: 50.14% Test OOD3: 59.82% 
Epoch: 142, Loss: 0.3150, Train: 99.90%, Valid: 67.80%, Test In: 68.21% Test OOD1: 61.03% Test OOD2: 50.20% Test OOD3: 59.85% 
Epoch: 143, Loss: 0.2977, Train: 99.91%, Valid: 67.75%, Test In: 68.19% Test OOD1: 61.01% Test OOD2: 50.26% Test OOD3: 59.85% 
Epoch: 144, Loss: 0.3017, Train: 99.91%, Valid: 67.68%, Test In: 68.12% Test OOD1: 61.14% Test OOD2: 50.21% Test OOD3: 59.82% 
Epoch: 145, Loss: 0.2917, Train: 99.92%, Valid: 67.66%, Test In: 68.01% Test OOD1: 61.10% Test OOD2: 50.27% Test OOD3: 59.77% 
Epoch: 146, Loss: 0.2909, Train: 99.92%, Valid: 67.75%, Test In: 67.97% Test OOD1: 61.04% Test OOD2: 50.35% Test OOD3: 59.83% 
Epoch: 147, Loss: 0.2923, Train: 99.92%, Valid: 67.90%, Test In: 68.07% Test OOD1: 61.25% Test OOD2: 50.32% Test OOD3: 59.99% 
Epoch: 148, Loss: 0.2911, Train: 99.92%, Valid: 67.97%, Test In: 68.08% Test OOD1: 61.39% Test OOD2: 50.41% Test OOD3: 60.07% 
Epoch: 149, Loss: 0.2848, Train: 99.92%, Valid: 68.06%, Test In: 68.17% Test OOD1: 61.33% Test OOD2: 50.52% Test OOD3: 60.10% 
Epoch: 150, Loss: 0.2939, Train: 99.93%, Valid: 68.16%, Test In: 68.26% Test OOD1: 61.42% Test OOD2: 50.52% Test OOD3: 60.13% 
Epoch: 151, Loss: 0.2905, Train: 99.93%, Valid: 68.15%, Test In: 68.23% Test OOD1: 61.57% Test OOD2: 50.44% Test OOD3: 60.19% 
Epoch: 152, Loss: 0.2919, Train: 99.94%, Valid: 68.17%, Test In: 68.12% Test OOD1: 61.42% Test OOD2: 50.60% Test OOD3: 60.15% 
Epoch: 153, Loss: 0.3078, Train: 99.92%, Valid: 68.26%, Test In: 68.20% Test OOD1: 61.77% Test OOD2: 50.45% Test OOD3: 60.12% 
Epoch: 154, Loss: 0.3065, Train: 99.94%, Valid: 68.29%, Test In: 68.21% Test OOD1: 61.60% Test OOD2: 50.62% Test OOD3: 59.98% 
Epoch: 155, Loss: 0.2886, Train: 99.93%, Valid: 68.20%, Test In: 68.14% Test OOD1: 61.88% Test OOD2: 50.53% Test OOD3: 60.11% 
Epoch: 156, Loss: 0.2768, Train: 99.93%, Valid: 68.05%, Test In: 68.14% Test OOD1: 61.86% Test OOD2: 50.50% Test OOD3: 60.12% 
Epoch: 157, Loss: 0.2810, Train: 99.95%, Valid: 67.98%, Test In: 68.11% Test OOD1: 61.41% Test OOD2: 50.67% Test OOD3: 59.87% 
Epoch: 158, Loss: 0.2871, Train: 99.95%, Valid: 68.00%, Test In: 68.15% Test OOD1: 61.20% Test OOD2: 50.65% Test OOD3: 59.80% 
Epoch: 159, Loss: 0.2733, Train: 99.95%, Valid: 68.03%, Test In: 68.10% Test OOD1: 61.30% Test OOD2: 50.61% Test OOD3: 59.82% 
Epoch: 160, Loss: 0.2733, Train: 99.95%, Valid: 68.04%, Test In: 67.98% Test OOD1: 61.48% Test OOD2: 50.54% Test OOD3: 59.92% 
Epoch: 161, Loss: 0.2750, Train: 99.95%, Valid: 67.94%, Test In: 67.84% Test OOD1: 61.78% Test OOD2: 50.40% Test OOD3: 60.02% 
Epoch: 162, Loss: 0.2671, Train: 99.95%, Valid: 67.87%, Test In: 67.88% Test OOD1: 61.70% Test OOD2: 50.37% Test OOD3: 59.97% 
Epoch: 163, Loss: 0.2681, Train: 99.96%, Valid: 67.86%, Test In: 67.93% Test OOD1: 61.29% Test OOD2: 50.44% Test OOD3: 59.73% 
Epoch: 164, Loss: 0.2691, Train: 99.96%, Valid: 67.88%, Test In: 68.07% Test OOD1: 61.13% Test OOD2: 50.33% Test OOD3: 59.69% 
Epoch: 165, Loss: 0.2701, Train: 99.96%, Valid: 67.89%, Test In: 68.12% Test OOD1: 61.01% Test OOD2: 50.36% Test OOD3: 59.70% 
Epoch: 166, Loss: 0.2648, Train: 99.95%, Valid: 67.87%, Test In: 68.06% Test OOD1: 61.40% Test OOD2: 50.29% Test OOD3: 59.84% 
Epoch: 167, Loss: 0.2639, Train: 99.95%, Valid: 67.83%, Test In: 68.01% Test OOD1: 61.81% Test OOD2: 50.25% Test OOD3: 60.02% 
Epoch: 168, Loss: 0.2684, Train: 99.96%, Valid: 67.91%, Test In: 67.98% Test OOD1: 61.66% Test OOD2: 50.35% Test OOD3: 59.93% 
Epoch: 169, Loss: 0.2622, Train: 99.95%, Valid: 67.94%, Test In: 68.01% Test OOD1: 61.42% Test OOD2: 50.31% Test OOD3: 59.86% 
Epoch: 170, Loss: 0.2620, Train: 99.96%, Valid: 67.97%, Test In: 68.03% Test OOD1: 61.34% Test OOD2: 50.37% Test OOD3: 59.82% 
Epoch: 171, Loss: 0.2712, Train: 99.96%, Valid: 67.88%, Test In: 67.95% Test OOD1: 61.63% Test OOD2: 50.36% Test OOD3: 59.96% 
Epoch: 172, Loss: 0.2626, Train: 99.96%, Valid: 67.88%, Test In: 67.97% Test OOD1: 61.74% Test OOD2: 50.38% Test OOD3: 60.00% 
Epoch: 173, Loss: 0.2646, Train: 99.97%, Valid: 67.97%, Test In: 68.07% Test OOD1: 61.85% Test OOD2: 50.31% Test OOD3: 60.03% 
Epoch: 174, Loss: 0.2539, Train: 99.97%, Valid: 68.11%, Test In: 68.22% Test OOD1: 61.64% Test OOD2: 50.34% Test OOD3: 59.97% 
Epoch: 175, Loss: 0.2542, Train: 99.97%, Valid: 68.20%, Test In: 68.32% Test OOD1: 61.65% Test OOD2: 50.31% Test OOD3: 59.99% 
Epoch: 176, Loss: 0.2534, Train: 99.97%, Valid: 68.18%, Test In: 68.27% Test OOD1: 62.03% Test OOD2: 50.23% Test OOD3: 60.13% 
Epoch: 177, Loss: 0.2610, Train: 99.98%, Valid: 68.08%, Test In: 68.17% Test OOD1: 61.98% Test OOD2: 50.23% Test OOD3: 60.00% 
Epoch: 178, Loss: 0.2565, Train: 99.97%, Valid: 67.96%, Test In: 68.07% Test OOD1: 62.07% Test OOD2: 50.08% Test OOD3: 59.82% 
Epoch: 179, Loss: 0.2553, Train: 99.98%, Valid: 67.85%, Test In: 68.00% Test OOD1: 61.80% Test OOD2: 50.12% Test OOD3: 59.48% 
Epoch: 180, Loss: 0.2576, Train: 99.98%, Valid: 67.78%, Test In: 68.12% Test OOD1: 61.70% Test OOD2: 50.07% Test OOD3: 59.48% 
Epoch: 181, Loss: 0.2480, Train: 99.98%, Valid: 67.74%, Test In: 68.22% Test OOD1: 61.97% Test OOD2: 50.09% Test OOD3: 59.79% 
Epoch: 182, Loss: 0.2480, Train: 99.98%, Valid: 67.73%, Test In: 68.33% Test OOD1: 61.74% Test OOD2: 50.22% Test OOD3: 59.84% 
Epoch: 183, Loss: 0.2941, Train: 99.96%, Valid: 67.73%, Test In: 68.12% Test OOD1: 62.15% Test OOD2: 49.95% Test OOD3: 60.09% 
Epoch: 184, Loss: 0.3687, Train: 99.99%, Valid: 67.88%, Test In: 68.03% Test OOD1: 61.69% Test OOD2: 50.03% Test OOD3: 59.72% 
Epoch: 185, Loss: 0.3117, Train: 99.99%, Valid: 67.95%, Test In: 68.17% Test OOD1: 61.94% Test OOD2: 49.91% Test OOD3: 59.93% 
Epoch: 186, Loss: 0.2469, Train: 99.98%, Valid: 67.85%, Test In: 68.15% Test OOD1: 61.92% Test OOD2: 50.00% Test OOD3: 59.90% 
Epoch: 187, Loss: 0.2802, Train: 99.99%, Valid: 67.84%, Test In: 68.29% Test OOD1: 61.94% Test OOD2: 50.01% Test OOD3: 59.94% 
Epoch: 188, Loss: 0.2517, Train: 99.99%, Valid: 67.82%, Test In: 68.34% Test OOD1: 61.83% Test OOD2: 50.02% Test OOD3: 59.97% 
Epoch: 189, Loss: 0.2806, Train: 99.99%, Valid: 67.83%, Test In: 68.15% Test OOD1: 61.81% Test OOD2: 49.98% Test OOD3: 59.90% 
Epoch: 190, Loss: 0.2598, Train: 99.98%, Valid: 67.72%, Test In: 68.06% Test OOD1: 61.87% Test OOD2: 49.84% Test OOD3: 59.99% 
Epoch: 191, Loss: 0.3023, Train: 99.99%, Valid: 67.72%, Test In: 67.84% Test OOD1: 61.50% Test OOD2: 50.00% Test OOD3: 59.80% 
Epoch: 192, Loss: 0.2727, Train: 99.99%, Valid: 67.67%, Test In: 67.91% Test OOD1: 61.56% Test OOD2: 49.96% Test OOD3: 59.78% 
Epoch: 193, Loss: 0.2656, Train: 99.99%, Valid: 67.70%, Test In: 68.01% Test OOD1: 61.68% Test OOD2: 49.98% Test OOD3: 59.75% 
Epoch: 194, Loss: 0.2473, Train: 99.99%, Valid: 67.65%, Test In: 68.03% Test OOD1: 61.56% Test OOD2: 50.06% Test OOD3: 59.63% 
Epoch: 195, Loss: 0.2819, Train: 99.99%, Valid: 67.73%, Test In: 68.20% Test OOD1: 61.75% Test OOD2: 49.97% Test OOD3: 59.76% 
Epoch: 196, Loss: 0.2588, Train: 99.99%, Valid: 67.75%, Test In: 68.18% Test OOD1: 61.67% Test OOD2: 49.96% Test OOD3: 59.81% 
Epoch: 197, Loss: 0.2516, Train: 99.99%, Valid: 67.75%, Test In: 68.03% Test OOD1: 61.49% Test OOD2: 49.90% Test OOD3: 59.75% 
Epoch: 198, Loss: 0.2538, Train: 99.99%, Valid: 67.68%, Test In: 68.08% Test OOD1: 61.42% Test OOD2: 49.81% Test OOD3: 59.80% 
Epoch: 199, Loss: 0.2504, Train: 99.99%, Valid: 67.65%, Test In: 68.01% Test OOD1: 61.25% Test OOD2: 49.91% Test OOD3: 59.81% 
Run 01:
Highest Train: 99.99
Highest Valid: 70.42
Highest In Test: 71.03
Highest OOD Test: 65.60
Highest OOD Test: 52.87
Highest OOD Test: 62.89
Chosen epoch: 30
Final Train: 79.47
Final In Test: 71.03
Final OOD Test: 64.12
Final OOD Test: 52.03
Final OOD Test: 62.38
Epoch: 00, Loss: 1.3905, Train: 48.08%, Valid: 46.92%, Test In: 48.25% Test OOD1: 43.42% Test OOD2: 50.69% Test OOD3: 47.63% 
Epoch: 01, Loss: 1.3821, Train: 45.86%, Valid: 45.19%, Test In: 46.51% Test OOD1: 42.21% Test OOD2: 50.54% Test OOD3: 46.63% 
Epoch: 02, Loss: 1.3694, Train: 46.76%, Valid: 45.90%, Test In: 47.28% Test OOD1: 42.60% Test OOD2: 50.62% Test OOD3: 47.09% 
Epoch: 03, Loss: 1.3550, Train: 54.48%, Valid: 51.96%, Test In: 53.53% Test OOD1: 46.47% Test OOD2: 51.45% Test OOD3: 50.81% 
Epoch: 04, Loss: 1.3394, Train: 68.38%, Valid: 63.60%, Test In: 64.98% Test OOD1: 59.72% Test OOD2: 52.80% Test OOD3: 60.23% 
Epoch: 05, Loss: 1.3293, Train: 66.82%, Valid: 63.71%, Test In: 63.79% Test OOD1: 62.91% Test OOD2: 51.45% Test OOD3: 60.01% 
Epoch: 06, Loss: 1.3170, Train: 64.83%, Valid: 62.42%, Test In: 62.12% Test OOD1: 62.20% Test OOD2: 51.10% Test OOD3: 59.16% 
Epoch: 07, Loss: 1.3038, Train: 64.40%, Valid: 62.08%, Test In: 61.75% Test OOD1: 62.07% Test OOD2: 51.06% Test OOD3: 59.04% 
Epoch: 08, Loss: 1.2974, Train: 64.63%, Valid: 62.17%, Test In: 61.91% Test OOD1: 62.17% Test OOD2: 51.13% Test OOD3: 59.24% 
Epoch: 09, Loss: 1.2919, Train: 65.08%, Valid: 62.40%, Test In: 62.22% Test OOD1: 62.34% Test OOD2: 51.21% Test OOD3: 59.52% 
Epoch: 10, Loss: 1.2814, Train: 65.85%, Valid: 62.88%, Test In: 62.84% Test OOD1: 62.68% Test OOD2: 51.33% Test OOD3: 59.94% 
Epoch: 11, Loss: 1.2733, Train: 67.08%, Valid: 63.70%, Test In: 63.85% Test OOD1: 63.21% Test OOD2: 51.53% Test OOD3: 60.53% 
Epoch: 12, Loss: 1.2669, Train: 68.55%, Valid: 64.68%, Test In: 65.04% Test OOD1: 63.90% Test OOD2: 51.78% Test OOD3: 61.18% 
Epoch: 13, Loss: 1.2558, Train: 69.99%, Valid: 65.62%, Test In: 66.14% Test OOD1: 64.56% Test OOD2: 52.08% Test OOD3: 61.82% 
Epoch: 14, Loss: 1.2440, Train: 72.02%, Valid: 67.06%, Test In: 67.71% Test OOD1: 65.06% Test OOD2: 52.39% Test OOD3: 62.52% 
Epoch: 15, Loss: 1.2358, Train: 71.93%, Valid: 66.91%, Test In: 67.53% Test OOD1: 65.30% Test OOD2: 52.27% Test OOD3: 62.53% 
Epoch: 16, Loss: 1.2274, Train: 73.45%, Valid: 67.95%, Test In: 68.60% Test OOD1: 65.34% Test OOD2: 52.57% Test OOD3: 62.91% 
Epoch: 17, Loss: 1.2115, Train: 74.80%, Valid: 68.92%, Test In: 69.56% Test OOD1: 65.08% Test OOD2: 52.74% Test OOD3: 63.13% 
Epoch: 18, Loss: 1.2130, Train: 74.19%, Valid: 68.38%, Test In: 68.96% Test OOD1: 65.67% Test OOD2: 52.39% Test OOD3: 62.91% 
Epoch: 19, Loss: 1.2028, Train: 75.08%, Valid: 68.91%, Test In: 69.45% Test OOD1: 65.52% Test OOD2: 52.53% Test OOD3: 62.98% 
Epoch: 20, Loss: 1.1901, Train: 76.44%, Valid: 69.90%, Test In: 70.48% Test OOD1: 64.72% Test OOD2: 52.73% Test OOD3: 62.98% 
Epoch: 21, Loss: 1.1906, Train: 76.51%, Valid: 69.62%, Test In: 70.18% Test OOD1: 64.70% Test OOD2: 52.67% Test OOD3: 62.89% 
Epoch: 22, Loss: 1.1724, Train: 76.27%, Valid: 69.27%, Test In: 69.92% Test OOD1: 65.04% Test OOD2: 52.45% Test OOD3: 62.82% 
Epoch: 23, Loss: 1.1704, Train: 76.86%, Valid: 69.75%, Test In: 70.41% Test OOD1: 65.31% Test OOD2: 52.23% Test OOD3: 62.92% 
Epoch: 24, Loss: 1.1658, Train: 77.62%, Valid: 70.03%, Test In: 70.65% Test OOD1: 64.75% Test OOD2: 52.37% Test OOD3: 62.78% 
Epoch: 25, Loss: 1.1459, Train: 77.41%, Valid: 69.56%, Test In: 70.29% Test OOD1: 64.12% Test OOD2: 52.45% Test OOD3: 62.44% 
Epoch: 26, Loss: 1.1593, Train: 78.11%, Valid: 70.12%, Test In: 70.67% Test OOD1: 64.78% Test OOD2: 52.30% Test OOD3: 62.72% 
Epoch: 27, Loss: 1.1380, Train: 78.12%, Valid: 70.17%, Test In: 70.75% Test OOD1: 65.20% Test OOD2: 52.10% Test OOD3: 62.78% 
Epoch: 28, Loss: 1.1441, Train: 78.26%, Valid: 69.84%, Test In: 70.46% Test OOD1: 64.75% Test OOD2: 52.27% Test OOD3: 62.49% 
Epoch: 29, Loss: 1.1195, Train: 78.33%, Valid: 69.75%, Test In: 70.42% Test OOD1: 64.31% Test OOD2: 52.27% Test OOD3: 62.20% 
Epoch: 30, Loss: 1.1298, Train: 79.19%, Valid: 70.13%, Test In: 70.75% Test OOD1: 64.43% Test OOD2: 52.24% Test OOD3: 62.34% 
Epoch: 31, Loss: 1.1048, Train: 79.12%, Valid: 70.06%, Test In: 70.78% Test OOD1: 64.60% Test OOD2: 52.01% Test OOD3: 62.38% 
Epoch: 32, Loss: 1.1166, Train: 79.54%, Valid: 70.24%, Test In: 70.86% Test OOD1: 64.92% Test OOD2: 52.05% Test OOD3: 62.38% 
Epoch: 33, Loss: 1.1100, Train: 79.44%, Valid: 69.79%, Test In: 70.51% Test OOD1: 63.82% Test OOD2: 52.05% Test OOD3: 61.89% 
Epoch: 34, Loss: 1.1052, Train: 80.10%, Valid: 70.01%, Test In: 70.73% Test OOD1: 64.23% Test OOD2: 52.00% Test OOD3: 62.05% 
Epoch: 35, Loss: 1.0829, Train: 80.24%, Valid: 70.19%, Test In: 70.93% Test OOD1: 64.96% Test OOD2: 51.81% Test OOD3: 62.33% 
Epoch: 36, Loss: 1.0914, Train: 80.58%, Valid: 69.93%, Test In: 70.80% Test OOD1: 64.26% Test OOD2: 51.81% Test OOD3: 61.99% 
Epoch: 37, Loss: 1.0696, Train: 80.79%, Valid: 69.82%, Test In: 70.63% Test OOD1: 63.91% Test OOD2: 51.85% Test OOD3: 61.80% 
Epoch: 38, Loss: 1.0679, Train: 81.32%, Valid: 70.01%, Test In: 70.80% Test OOD1: 64.46% Test OOD2: 51.67% Test OOD3: 61.95% 
Epoch: 39, Loss: 1.0502, Train: 81.40%, Valid: 70.00%, Test In: 70.85% Test OOD1: 64.22% Test OOD2: 51.53% Test OOD3: 61.88% 
Epoch: 40, Loss: 1.0571, Train: 82.03%, Valid: 70.10%, Test In: 70.85% Test OOD1: 64.10% Test OOD2: 51.67% Test OOD3: 61.89% 
Epoch: 41, Loss: 1.0511, Train: 82.12%, Valid: 69.86%, Test In: 70.61% Test OOD1: 63.90% Test OOD2: 51.51% Test OOD3: 61.72% 
Epoch: 42, Loss: 1.0311, Train: 82.16%, Valid: 70.04%, Test In: 70.77% Test OOD1: 64.24% Test OOD2: 51.29% Test OOD3: 61.89% 
Epoch: 43, Loss: 1.0449, Train: 82.96%, Valid: 70.19%, Test In: 70.89% Test OOD1: 64.51% Test OOD2: 51.48% Test OOD3: 62.09% 
Epoch: 44, Loss: 1.0362, Train: 82.81%, Valid: 69.81%, Test In: 70.52% Test OOD1: 64.05% Test OOD2: 51.42% Test OOD3: 61.89% 
Epoch: 45, Loss: 1.0494, Train: 82.72%, Valid: 70.03%, Test In: 70.77% Test OOD1: 64.38% Test OOD2: 51.23% Test OOD3: 61.94% 
Epoch: 46, Loss: 1.0421, Train: 83.89%, Valid: 70.24%, Test In: 70.97% Test OOD1: 64.11% Test OOD2: 51.35% Test OOD3: 61.83% 
Epoch: 47, Loss: 0.9998, Train: 83.56%, Valid: 69.61%, Test In: 70.42% Test OOD1: 64.09% Test OOD2: 51.11% Test OOD3: 61.78% 
Epoch: 48, Loss: 1.0205, Train: 84.52%, Valid: 69.93%, Test In: 70.67% Test OOD1: 63.99% Test OOD2: 51.17% Test OOD3: 61.72% 
Epoch: 49, Loss: 0.9707, Train: 84.43%, Valid: 70.06%, Test In: 70.83% Test OOD1: 63.82% Test OOD2: 51.21% Test OOD3: 61.60% 
Epoch: 50, Loss: 0.9873, Train: 84.61%, Valid: 69.66%, Test In: 70.33% Test OOD1: 64.13% Test OOD2: 51.02% Test OOD3: 61.63% 
Epoch: 51, Loss: 0.9603, Train: 85.68%, Valid: 69.78%, Test In: 70.43% Test OOD1: 63.44% Test OOD2: 51.28% Test OOD3: 61.35% 
Epoch: 52, Loss: 0.9619, Train: 85.90%, Valid: 69.78%, Test In: 70.47% Test OOD1: 63.70% Test OOD2: 51.06% Test OOD3: 61.46% 
Epoch: 53, Loss: 0.9264, Train: 85.53%, Valid: 69.59%, Test In: 70.34% Test OOD1: 63.57% Test OOD2: 50.89% Test OOD3: 61.45% 
Epoch: 54, Loss: 0.9348, Train: 86.73%, Valid: 69.60%, Test In: 70.38% Test OOD1: 62.98% Test OOD2: 50.98% Test OOD3: 61.14% 
Epoch: 55, Loss: 0.9091, Train: 86.88%, Valid: 69.49%, Test In: 70.25% Test OOD1: 63.46% Test OOD2: 50.86% Test OOD3: 61.26% 
Epoch: 56, Loss: 0.8948, Train: 87.12%, Valid: 69.61%, Test In: 70.35% Test OOD1: 63.45% Test OOD2: 50.75% Test OOD3: 61.34% 
Epoch: 57, Loss: 0.8881, Train: 88.46%, Valid: 69.70%, Test In: 70.33% Test OOD1: 62.83% Test OOD2: 50.99% Test OOD3: 60.96% 
Epoch: 58, Loss: 0.8665, Train: 88.75%, Valid: 69.64%, Test In: 70.18% Test OOD1: 63.27% Test OOD2: 50.93% Test OOD3: 61.11% 
Epoch: 59, Loss: 0.8517, Train: 88.96%, Valid: 69.74%, Test In: 70.34% Test OOD1: 63.19% Test OOD2: 50.84% Test OOD3: 61.06% 
Epoch: 60, Loss: 0.8414, Train: 90.08%, Valid: 69.70%, Test In: 70.21% Test OOD1: 62.88% Test OOD2: 50.94% Test OOD3: 60.91% 
Epoch: 61, Loss: 0.8250, Train: 89.94%, Valid: 69.52%, Test In: 70.17% Test OOD1: 63.42% Test OOD2: 50.76% Test OOD3: 61.11% 
Epoch: 62, Loss: 0.8095, Train: 90.98%, Valid: 69.62%, Test In: 70.30% Test OOD1: 63.10% Test OOD2: 50.88% Test OOD3: 60.88% 
Epoch: 63, Loss: 0.7902, Train: 91.39%, Valid: 69.60%, Test In: 70.31% Test OOD1: 62.91% Test OOD2: 50.89% Test OOD3: 60.68% 
Epoch: 64, Loss: 0.7790, Train: 91.76%, Valid: 69.47%, Test In: 70.12% Test OOD1: 63.51% Test OOD2: 50.86% Test OOD3: 60.81% 
Epoch: 65, Loss: 0.7861, Train: 92.05%, Valid: 69.32%, Test In: 70.01% Test OOD1: 61.96% Test OOD2: 50.92% Test OOD3: 60.03% 
Epoch: 66, Loss: 0.8612, Train: 90.39%, Valid: 69.13%, Test In: 69.94% Test OOD1: 64.27% Test OOD2: 50.93% Test OOD3: 61.15% 
Epoch: 67, Loss: 0.9525, Train: 93.39%, Valid: 69.15%, Test In: 69.78% Test OOD1: 62.41% Test OOD2: 51.48% Test OOD3: 60.53% 
Epoch: 68, Loss: 1.0424, Train: 90.33%, Valid: 69.48%, Test In: 70.37% Test OOD1: 64.30% Test OOD2: 50.83% Test OOD3: 61.53% 
Epoch: 69, Loss: 0.8534, Train: 90.31%, Valid: 69.52%, Test In: 70.30% Test OOD1: 63.61% Test OOD2: 50.84% Test OOD3: 61.51% 
Epoch: 70, Loss: 0.9698, Train: 93.49%, Valid: 69.40%, Test In: 69.83% Test OOD1: 63.26% Test OOD2: 51.05% Test OOD3: 61.17% 
Epoch: 71, Loss: 0.7626, Train: 93.59%, Valid: 68.97%, Test In: 69.42% Test OOD1: 63.46% Test OOD2: 51.12% Test OOD3: 61.31% 
Epoch: 72, Loss: 0.8456, Train: 93.17%, Valid: 69.19%, Test In: 69.62% Test OOD1: 63.26% Test OOD2: 51.00% Test OOD3: 61.12% 
Epoch: 73, Loss: 0.7709, Train: 91.45%, Valid: 69.20%, Test In: 69.55% Test OOD1: 63.25% Test OOD2: 50.76% Test OOD3: 60.87% 
Epoch: 74, Loss: 0.7898, Train: 91.22%, Valid: 68.88%, Test In: 69.18% Test OOD1: 63.11% Test OOD2: 50.70% Test OOD3: 60.78% 
Epoch: 75, Loss: 0.8090, Train: 92.89%, Valid: 68.80%, Test In: 69.21% Test OOD1: 62.46% Test OOD2: 50.84% Test OOD3: 60.58% 
Epoch: 76, Loss: 0.7620, Train: 93.33%, Valid: 68.60%, Test In: 69.04% Test OOD1: 62.66% Test OOD2: 50.93% Test OOD3: 60.76% 
Epoch: 77, Loss: 0.7689, Train: 93.70%, Valid: 68.86%, Test In: 69.44% Test OOD1: 62.38% Test OOD2: 51.11% Test OOD3: 60.74% 
Epoch: 78, Loss: 0.7317, Train: 93.38%, Valid: 68.87%, Test In: 69.63% Test OOD1: 62.39% Test OOD2: 51.05% Test OOD3: 60.82% 
Epoch: 79, Loss: 0.7201, Train: 93.33%, Valid: 68.76%, Test In: 69.52% Test OOD1: 62.37% Test OOD2: 50.91% Test OOD3: 60.81% 
Epoch: 80, Loss: 0.7212, Train: 93.88%, Valid: 68.75%, Test In: 69.33% Test OOD1: 62.09% Test OOD2: 50.88% Test OOD3: 60.50% 
Epoch: 81, Loss: 0.7149, Train: 94.12%, Valid: 68.43%, Test In: 68.83% Test OOD1: 62.37% Test OOD2: 50.57% Test OOD3: 60.46% 
Epoch: 82, Loss: 0.7289, Train: 94.67%, Valid: 68.59%, Test In: 68.90% Test OOD1: 61.85% Test OOD2: 50.55% Test OOD3: 60.08% 
Epoch: 83, Loss: 0.7177, Train: 94.67%, Valid: 68.53%, Test In: 68.82% Test OOD1: 62.09% Test OOD2: 50.31% Test OOD3: 60.30% 
Epoch: 84, Loss: 0.6799, Train: 94.84%, Valid: 68.65%, Test In: 68.91% Test OOD1: 61.88% Test OOD2: 50.32% Test OOD3: 60.30% 
Epoch: 85, Loss: 0.6666, Train: 95.23%, Valid: 68.69%, Test In: 68.91% Test OOD1: 61.55% Test OOD2: 50.46% Test OOD3: 60.16% 
Epoch: 86, Loss: 0.6806, Train: 95.57%, Valid: 68.64%, Test In: 68.81% Test OOD1: 61.79% Test OOD2: 50.45% Test OOD3: 60.33% 
Epoch: 87, Loss: 0.6616, Train: 95.79%, Valid: 68.70%, Test In: 68.82% Test OOD1: 61.94% Test OOD2: 50.49% Test OOD3: 60.43% 
Epoch: 88, Loss: 0.6428, Train: 95.92%, Valid: 68.78%, Test In: 68.91% Test OOD1: 61.88% Test OOD2: 50.56% Test OOD3: 60.39% 
Epoch: 89, Loss: 0.6430, Train: 96.05%, Valid: 68.70%, Test In: 68.82% Test OOD1: 62.01% Test OOD2: 50.49% Test OOD3: 60.47% 
Epoch: 90, Loss: 0.6126, Train: 96.27%, Valid: 68.60%, Test In: 68.72% Test OOD1: 61.98% Test OOD2: 50.51% Test OOD3: 60.46% 
Epoch: 91, Loss: 0.6213, Train: 96.62%, Valid: 68.61%, Test In: 68.75% Test OOD1: 61.83% Test OOD2: 50.67% Test OOD3: 60.32% 
Epoch: 92, Loss: 0.6227, Train: 96.89%, Valid: 68.61%, Test In: 68.69% Test OOD1: 62.06% Test OOD2: 50.68% Test OOD3: 60.32% 
Epoch: 93, Loss: 0.5967, Train: 97.09%, Valid: 68.66%, Test In: 68.63% Test OOD1: 62.10% Test OOD2: 50.72% Test OOD3: 60.26% 
Epoch: 94, Loss: 0.5863, Train: 97.27%, Valid: 68.72%, Test In: 68.53% Test OOD1: 61.94% Test OOD2: 50.85% Test OOD3: 60.10% 
Epoch: 95, Loss: 0.5885, Train: 97.58%, Valid: 68.71%, Test In: 68.38% Test OOD1: 62.00% Test OOD2: 50.85% Test OOD3: 60.08% 
Epoch: 96, Loss: 0.5764, Train: 97.69%, Valid: 68.77%, Test In: 68.40% Test OOD1: 62.03% Test OOD2: 50.87% Test OOD3: 60.13% 
Epoch: 97, Loss: 0.5573, Train: 97.65%, Valid: 68.85%, Test In: 68.50% Test OOD1: 62.03% Test OOD2: 50.80% Test OOD3: 60.27% 
Epoch: 98, Loss: 0.5621, Train: 97.92%, Valid: 68.85%, Test In: 68.48% Test OOD1: 61.99% Test OOD2: 50.76% Test OOD3: 60.34% 
Epoch: 99, Loss: 0.5600, Train: 98.06%, Valid: 68.91%, Test In: 68.52% Test OOD1: 61.92% Test OOD2: 50.81% Test OOD3: 60.31% 
Epoch: 100, Loss: 0.5797, Train: 97.98%, Valid: 68.82%, Test In: 68.52% Test OOD1: 62.32% Test OOD2: 50.64% Test OOD3: 60.40% 
Epoch: 101, Loss: 0.5625, Train: 98.05%, Valid: 68.94%, Test In: 68.58% Test OOD1: 62.32% Test OOD2: 50.66% Test OOD3: 60.39% 
Epoch: 102, Loss: 0.5223, Train: 98.36%, Valid: 68.96%, Test In: 68.57% Test OOD1: 62.22% Test OOD2: 50.70% Test OOD3: 60.30% 
Epoch: 103, Loss: 0.5395, Train: 98.50%, Valid: 68.86%, Test In: 68.62% Test OOD1: 62.28% Test OOD2: 50.62% Test OOD3: 60.27% 
Epoch: 104, Loss: 0.5339, Train: 98.48%, Valid: 68.84%, Test In: 68.71% Test OOD1: 62.20% Test OOD2: 50.62% Test OOD3: 60.25% 
Epoch: 105, Loss: 0.5032, Train: 98.58%, Valid: 68.78%, Test In: 68.68% Test OOD1: 61.96% Test OOD2: 50.72% Test OOD3: 60.13% 
Epoch: 106, Loss: 0.5272, Train: 98.86%, Valid: 68.63%, Test In: 68.61% Test OOD1: 62.08% Test OOD2: 50.61% Test OOD3: 60.08% 
Epoch: 107, Loss: 0.4978, Train: 98.72%, Valid: 68.62%, Test In: 68.61% Test OOD1: 62.17% Test OOD2: 50.47% Test OOD3: 60.14% 
Epoch: 108, Loss: 0.4917, Train: 98.84%, Valid: 68.56%, Test In: 68.47% Test OOD1: 62.12% Test OOD2: 50.52% Test OOD3: 60.18% 
Epoch: 109, Loss: 0.5033, Train: 98.84%, Valid: 68.54%, Test In: 68.41% Test OOD1: 62.38% Test OOD2: 50.42% Test OOD3: 60.30% 
Epoch: 110, Loss: 0.4706, Train: 98.92%, Valid: 68.59%, Test In: 68.39% Test OOD1: 62.22% Test OOD2: 50.40% Test OOD3: 60.25% 
Epoch: 111, Loss: 0.4740, Train: 99.12%, Valid: 68.56%, Test In: 68.36% Test OOD1: 61.91% Test OOD2: 50.54% Test OOD3: 60.19% 
Epoch: 112, Loss: 0.4843, Train: 98.94%, Valid: 68.36%, Test In: 68.40% Test OOD1: 62.39% Test OOD2: 50.40% Test OOD3: 60.34% 
Epoch: 113, Loss: 0.4684, Train: 99.05%, Valid: 68.41%, Test In: 68.43% Test OOD1: 62.02% Test OOD2: 50.48% Test OOD3: 60.19% 
Epoch: 114, Loss: 0.4484, Train: 99.27%, Valid: 68.46%, Test In: 68.38% Test OOD1: 61.99% Test OOD2: 50.52% Test OOD3: 60.10% 
Epoch: 115, Loss: 0.4481, Train: 99.21%, Valid: 68.48%, Test In: 68.34% Test OOD1: 62.05% Test OOD2: 50.48% Test OOD3: 60.00% 
Epoch: 116, Loss: 0.4377, Train: 99.21%, Valid: 68.50%, Test In: 68.32% Test OOD1: 62.13% Test OOD2: 50.54% Test OOD3: 60.03% 
Epoch: 117, Loss: 0.4293, Train: 99.34%, Valid: 68.38%, Test In: 68.34% Test OOD1: 62.26% Test OOD2: 50.62% Test OOD3: 60.05% 
Epoch: 118, Loss: 0.4371, Train: 99.15%, Valid: 68.46%, Test In: 68.45% Test OOD1: 62.04% Test OOD2: 50.58% Test OOD3: 60.02% 
Epoch: 119, Loss: 0.4614, Train: 99.50%, Valid: 68.42%, Test In: 68.34% Test OOD1: 61.90% Test OOD2: 50.76% Test OOD3: 59.94% 
Epoch: 120, Loss: 0.4526, Train: 99.23%, Valid: 68.53%, Test In: 68.37% Test OOD1: 62.12% Test OOD2: 50.62% Test OOD3: 60.07% 
Epoch: 121, Loss: 0.4198, Train: 99.43%, Valid: 68.53%, Test In: 68.29% Test OOD1: 61.92% Test OOD2: 50.69% Test OOD3: 59.98% 
Epoch: 122, Loss: 0.3985, Train: 99.57%, Valid: 68.55%, Test In: 68.29% Test OOD1: 61.99% Test OOD2: 50.80% Test OOD3: 59.99% 
Epoch: 123, Loss: 0.4357, Train: 99.36%, Valid: 68.49%, Test In: 68.27% Test OOD1: 62.27% Test OOD2: 50.65% Test OOD3: 60.07% 
Epoch: 124, Loss: 0.4285, Train: 99.40%, Valid: 68.39%, Test In: 68.09% Test OOD1: 62.23% Test OOD2: 50.75% Test OOD3: 59.98% 
Epoch: 125, Loss: 0.4058, Train: 99.59%, Valid: 68.21%, Test In: 68.06% Test OOD1: 62.18% Test OOD2: 50.80% Test OOD3: 59.85% 
Epoch: 126, Loss: 0.4034, Train: 99.60%, Valid: 68.20%, Test In: 68.20% Test OOD1: 61.84% Test OOD2: 50.72% Test OOD3: 59.89% 
Epoch: 127, Loss: 0.3743, Train: 99.55%, Valid: 68.14%, Test In: 68.26% Test OOD1: 61.83% Test OOD2: 50.60% Test OOD3: 59.94% 
Epoch: 128, Loss: 0.3876, Train: 99.63%, Valid: 67.97%, Test In: 68.18% Test OOD1: 62.00% Test OOD2: 50.52% Test OOD3: 59.89% 
Epoch: 129, Loss: 0.3891, Train: 99.74%, Valid: 68.01%, Test In: 68.13% Test OOD1: 61.74% Test OOD2: 50.57% Test OOD3: 59.81% 
Epoch: 130, Loss: 0.3543, Train: 99.74%, Valid: 68.16%, Test In: 68.17% Test OOD1: 61.99% Test OOD2: 50.58% Test OOD3: 59.86% 
Epoch: 131, Loss: 0.3500, Train: 99.74%, Valid: 68.10%, Test In: 68.13% Test OOD1: 62.32% Test OOD2: 50.59% Test OOD3: 59.92% 
Epoch: 132, Loss: 0.3486, Train: 99.74%, Valid: 68.00%, Test In: 67.97% Test OOD1: 62.39% Test OOD2: 50.69% Test OOD3: 59.88% 
Epoch: 133, Loss: 0.3639, Train: 99.76%, Valid: 67.97%, Test In: 68.07% Test OOD1: 62.47% Test OOD2: 50.61% Test OOD3: 59.88% 
Epoch: 134, Loss: 0.3621, Train: 99.82%, Valid: 68.00%, Test In: 68.01% Test OOD1: 61.97% Test OOD2: 50.69% Test OOD3: 59.79% 
Epoch: 135, Loss: 0.3608, Train: 99.85%, Valid: 67.88%, Test In: 68.09% Test OOD1: 62.14% Test OOD2: 50.61% Test OOD3: 59.95% 
Epoch: 136, Loss: 0.3515, Train: 99.85%, Valid: 67.92%, Test In: 68.02% Test OOD1: 61.95% Test OOD2: 50.64% Test OOD3: 59.98% 
Epoch: 137, Loss: 0.3468, Train: 99.85%, Valid: 67.98%, Test In: 68.11% Test OOD1: 62.41% Test OOD2: 50.56% Test OOD3: 60.02% 
Epoch: 138, Loss: 0.3399, Train: 99.87%, Valid: 68.04%, Test In: 68.07% Test OOD1: 62.09% Test OOD2: 50.60% Test OOD3: 59.69% 
Epoch: 139, Loss: 0.3410, Train: 99.90%, Valid: 68.04%, Test In: 68.00% Test OOD1: 62.39% Test OOD2: 50.56% Test OOD3: 59.80% 
Epoch: 140, Loss: 0.3276, Train: 99.90%, Valid: 68.07%, Test In: 68.05% Test OOD1: 62.30% Test OOD2: 50.54% Test OOD3: 59.74% 
Epoch: 141, Loss: 0.3217, Train: 99.92%, Valid: 68.08%, Test In: 67.98% Test OOD1: 62.16% Test OOD2: 50.57% Test OOD3: 59.78% 
Epoch: 142, Loss: 0.3066, Train: 99.94%, Valid: 68.13%, Test In: 67.95% Test OOD1: 61.98% Test OOD2: 50.58% Test OOD3: 59.81% 
Epoch: 143, Loss: 0.3113, Train: 99.92%, Valid: 68.13%, Test In: 68.07% Test OOD1: 62.00% Test OOD2: 50.51% Test OOD3: 59.85% 
Epoch: 144, Loss: 0.3209, Train: 99.93%, Valid: 68.10%, Test In: 67.87% Test OOD1: 62.11% Test OOD2: 50.57% Test OOD3: 59.69% 
Epoch: 145, Loss: 0.3347, Train: 99.92%, Valid: 68.04%, Test In: 68.04% Test OOD1: 62.09% Test OOD2: 50.53% Test OOD3: 59.57% 
Epoch: 146, Loss: 0.3369, Train: 99.93%, Valid: 68.04%, Test In: 68.06% Test OOD1: 61.98% Test OOD2: 50.68% Test OOD3: 59.61% 
Epoch: 147, Loss: 0.3371, Train: 99.95%, Valid: 67.95%, Test In: 68.30% Test OOD1: 62.06% Test OOD2: 50.68% Test OOD3: 59.64% 
Epoch: 148, Loss: 0.3451, Train: 99.93%, Valid: 67.97%, Test In: 68.38% Test OOD1: 61.95% Test OOD2: 50.81% Test OOD3: 59.80% 
Epoch: 149, Loss: 0.3185, Train: 99.96%, Valid: 67.90%, Test In: 68.29% Test OOD1: 62.16% Test OOD2: 50.75% Test OOD3: 59.89% 
Epoch: 150, Loss: 0.3193, Train: 99.94%, Valid: 67.88%, Test In: 68.40% Test OOD1: 62.27% Test OOD2: 50.78% Test OOD3: 59.91% 
Epoch: 151, Loss: 0.3126, Train: 99.94%, Valid: 67.91%, Test In: 68.34% Test OOD1: 62.07% Test OOD2: 50.81% Test OOD3: 59.78% 
Epoch: 152, Loss: 0.2968, Train: 99.96%, Valid: 68.01%, Test In: 68.25% Test OOD1: 61.82% Test OOD2: 50.87% Test OOD3: 59.57% 
Epoch: 153, Loss: 0.3086, Train: 99.95%, Valid: 68.04%, Test In: 68.35% Test OOD1: 61.86% Test OOD2: 50.82% Test OOD3: 59.59% 
Epoch: 154, Loss: 0.2912, Train: 99.94%, Valid: 68.09%, Test In: 68.38% Test OOD1: 62.08% Test OOD2: 50.76% Test OOD3: 59.80% 
Epoch: 155, Loss: 0.2937, Train: 99.96%, Valid: 68.13%, Test In: 68.31% Test OOD1: 62.29% Test OOD2: 50.71% Test OOD3: 59.76% 
Epoch: 156, Loss: 0.3027, Train: 99.94%, Valid: 68.13%, Test In: 68.51% Test OOD1: 62.61% Test OOD2: 50.57% Test OOD3: 59.91% 
Epoch: 157, Loss: 0.2951, Train: 99.96%, Valid: 68.19%, Test In: 68.37% Test OOD1: 62.03% Test OOD2: 50.59% Test OOD3: 59.70% 
Epoch: 158, Loss: 0.2863, Train: 99.97%, Valid: 68.15%, Test In: 68.39% Test OOD1: 62.00% Test OOD2: 50.56% Test OOD3: 59.64% 
Epoch: 159, Loss: 0.2834, Train: 99.96%, Valid: 68.12%, Test In: 68.54% Test OOD1: 61.91% Test OOD2: 50.47% Test OOD3: 59.73% 
Epoch: 160, Loss: 0.2815, Train: 99.96%, Valid: 68.05%, Test In: 68.36% Test OOD1: 61.75% Test OOD2: 50.55% Test OOD3: 59.82% 
Epoch: 161, Loss: 0.2881, Train: 99.97%, Valid: 68.00%, Test In: 68.41% Test OOD1: 62.31% Test OOD2: 50.48% Test OOD3: 59.89% 
Epoch: 162, Loss: 0.2765, Train: 99.96%, Valid: 67.96%, Test In: 68.48% Test OOD1: 62.43% Test OOD2: 50.44% Test OOD3: 59.86% 
Epoch: 163, Loss: 0.2795, Train: 99.96%, Valid: 67.88%, Test In: 68.16% Test OOD1: 62.10% Test OOD2: 50.55% Test OOD3: 59.61% 
Epoch: 164, Loss: 0.2849, Train: 99.97%, Valid: 67.79%, Test In: 68.27% Test OOD1: 62.33% Test OOD2: 50.50% Test OOD3: 59.64% 
Epoch: 165, Loss: 0.2687, Train: 99.97%, Valid: 67.70%, Test In: 68.36% Test OOD1: 62.23% Test OOD2: 50.50% Test OOD3: 59.65% 
Epoch: 166, Loss: 0.2768, Train: 99.98%, Valid: 67.60%, Test In: 67.98% Test OOD1: 61.55% Test OOD2: 50.65% Test OOD3: 59.45% 
Epoch: 167, Loss: 0.2977, Train: 99.97%, Valid: 67.64%, Test In: 68.26% Test OOD1: 62.14% Test OOD2: 50.49% Test OOD3: 59.77% 
Epoch: 168, Loss: 0.2815, Train: 99.98%, Valid: 67.69%, Test In: 68.19% Test OOD1: 62.23% Test OOD2: 50.53% Test OOD3: 59.89% 
Epoch: 169, Loss: 0.2743, Train: 99.97%, Valid: 67.77%, Test In: 68.19% Test OOD1: 61.94% Test OOD2: 50.63% Test OOD3: 59.91% 
Epoch: 170, Loss: 0.2686, Train: 99.97%, Valid: 67.73%, Test In: 68.31% Test OOD1: 61.89% Test OOD2: 50.68% Test OOD3: 59.82% 
Epoch: 171, Loss: 0.2709, Train: 99.98%, Valid: 67.73%, Test In: 68.42% Test OOD1: 62.17% Test OOD2: 50.83% Test OOD3: 59.99% 
Epoch: 172, Loss: 0.2602, Train: 99.98%, Valid: 67.76%, Test In: 68.43% Test OOD1: 61.99% Test OOD2: 50.86% Test OOD3: 59.91% 
Epoch: 173, Loss: 0.2620, Train: 99.98%, Valid: 67.73%, Test In: 68.46% Test OOD1: 61.66% Test OOD2: 50.79% Test OOD3: 59.66% 
Epoch: 174, Loss: 0.2694, Train: 99.98%, Valid: 67.87%, Test In: 68.51% Test OOD1: 61.92% Test OOD2: 50.80% Test OOD3: 59.76% 
Epoch: 175, Loss: 0.2585, Train: 99.98%, Valid: 67.74%, Test In: 68.37% Test OOD1: 61.88% Test OOD2: 50.75% Test OOD3: 59.69% 
Epoch: 176, Loss: 0.2590, Train: 99.97%, Valid: 67.73%, Test In: 68.57% Test OOD1: 62.33% Test OOD2: 50.60% Test OOD3: 59.92% 
Epoch: 177, Loss: 0.2981, Train: 99.99%, Valid: 67.61%, Test In: 68.42% Test OOD1: 61.90% Test OOD2: 50.75% Test OOD3: 59.73% 
Epoch: 178, Loss: 0.2743, Train: 99.98%, Valid: 67.60%, Test In: 68.56% Test OOD1: 61.89% Test OOD2: 50.71% Test OOD3: 59.76% 
Epoch: 179, Loss: 0.2487, Train: 99.98%, Valid: 67.53%, Test In: 68.48% Test OOD1: 61.72% Test OOD2: 50.70% Test OOD3: 59.61% 
Epoch: 180, Loss: 0.2573, Train: 99.99%, Valid: 67.40%, Test In: 68.28% Test OOD1: 61.74% Test OOD2: 50.78% Test OOD3: 59.43% 
Epoch: 181, Loss: 0.2564, Train: 99.99%, Valid: 67.41%, Test In: 68.21% Test OOD1: 61.89% Test OOD2: 50.71% Test OOD3: 59.25% 
Epoch: 182, Loss: 0.2425, Train: 99.98%, Valid: 67.47%, Test In: 68.19% Test OOD1: 61.76% Test OOD2: 50.71% Test OOD3: 59.17% 
Epoch: 183, Loss: 0.2578, Train: 99.99%, Valid: 67.59%, Test In: 68.22% Test OOD1: 61.70% Test OOD2: 50.88% Test OOD3: 59.23% 
Epoch: 184, Loss: 0.2564, Train: 99.99%, Valid: 67.72%, Test In: 68.36% Test OOD1: 62.05% Test OOD2: 50.88% Test OOD3: 59.55% 
Epoch: 185, Loss: 0.2429, Train: 99.99%, Valid: 67.82%, Test In: 68.37% Test OOD1: 62.34% Test OOD2: 50.93% Test OOD3: 59.79% 
Epoch: 186, Loss: 0.2534, Train: 99.99%, Valid: 67.90%, Test In: 68.43% Test OOD1: 62.35% Test OOD2: 50.95% Test OOD3: 59.87% 
Epoch: 187, Loss: 0.2522, Train: 99.99%, Valid: 67.83%, Test In: 68.37% Test OOD1: 61.82% Test OOD2: 50.90% Test OOD3: 59.63% 
Epoch: 188, Loss: 0.2393, Train: 99.99%, Valid: 67.76%, Test In: 68.41% Test OOD1: 61.70% Test OOD2: 50.79% Test OOD3: 59.48% 
Epoch: 189, Loss: 0.2418, Train: 100.00%, Valid: 67.74%, Test In: 68.39% Test OOD1: 61.80% Test OOD2: 50.77% Test OOD3: 59.45% 
Epoch: 190, Loss: 0.2433, Train: 99.99%, Valid: 67.71%, Test In: 68.36% Test OOD1: 61.77% Test OOD2: 50.76% Test OOD3: 59.47% 
Epoch: 191, Loss: 0.2499, Train: 99.99%, Valid: 67.81%, Test In: 68.43% Test OOD1: 61.86% Test OOD2: 50.76% Test OOD3: 59.58% 
Epoch: 192, Loss: 0.2396, Train: 99.99%, Valid: 67.82%, Test In: 68.34% Test OOD1: 61.83% Test OOD2: 50.92% Test OOD3: 59.47% 
Epoch: 193, Loss: 0.2544, Train: 99.99%, Valid: 67.78%, Test In: 68.37% Test OOD1: 61.96% Test OOD2: 50.91% Test OOD3: 59.43% 
Epoch: 194, Loss: 0.2433, Train: 99.99%, Valid: 67.82%, Test In: 68.40% Test OOD1: 62.24% Test OOD2: 50.90% Test OOD3: 59.49% 
Epoch: 195, Loss: 0.2387, Train: 99.99%, Valid: 67.83%, Test In: 68.36% Test OOD1: 62.02% Test OOD2: 50.91% Test OOD3: 59.38% 
Epoch: 196, Loss: 0.2439, Train: 99.99%, Valid: 67.87%, Test In: 68.42% Test OOD1: 62.00% Test OOD2: 50.86% Test OOD3: 59.40% 
Epoch: 197, Loss: 0.2343, Train: 100.00%, Valid: 67.87%, Test In: 68.41% Test OOD1: 62.21% Test OOD2: 50.91% Test OOD3: 59.45% 
Epoch: 198, Loss: 0.2325, Train: 99.99%, Valid: 67.82%, Test In: 68.32% Test OOD1: 62.07% Test OOD2: 50.94% Test OOD3: 59.42% 
Epoch: 199, Loss: 0.2390, Train: 99.99%, Valid: 67.77%, Test In: 68.38% Test OOD1: 62.30% Test OOD2: 50.92% Test OOD3: 59.58% 
Run 02:
Highest Train: 100.00
Highest Valid: 70.24
Highest In Test: 70.97
Highest OOD Test: 65.67
Highest OOD Test: 52.80
Highest OOD Test: 63.13
Chosen epoch: 33
Final Train: 79.54
Final In Test: 70.86
Final OOD Test: 64.92
Final OOD Test: 52.05
Final OOD Test: 62.38
Epoch: 00, Loss: 1.3854, Train: 47.61%, Valid: 46.74%, Test In: 47.90% Test OOD1: 43.23% Test OOD2: 50.73% Test OOD3: 47.35% 
Epoch: 01, Loss: 1.3762, Train: 46.51%, Valid: 45.83%, Test In: 47.07% Test OOD1: 42.59% Test OOD2: 50.61% Test OOD3: 46.97% 
Epoch: 02, Loss: 1.3622, Train: 46.69%, Valid: 45.92%, Test In: 47.20% Test OOD1: 42.67% Test OOD2: 50.66% Test OOD3: 47.12% 
Epoch: 03, Loss: 1.3458, Train: 55.51%, Valid: 52.81%, Test In: 54.24% Test OOD1: 47.25% Test OOD2: 51.73% Test OOD3: 51.42% 
Epoch: 04, Loss: 1.3364, Train: 68.89%, Valid: 64.88%, Test In: 65.67% Test OOD1: 63.27% Test OOD2: 52.12% Test OOD3: 61.05% 
Epoch: 05, Loss: 1.3235, Train: 65.73%, Valid: 62.98%, Test In: 62.81% Test OOD1: 62.57% Test OOD2: 51.38% Test OOD3: 59.61% 
Epoch: 06, Loss: 1.3097, Train: 64.49%, Valid: 62.08%, Test In: 61.76% Test OOD1: 62.05% Test OOD2: 51.19% Test OOD3: 59.12% 
Epoch: 07, Loss: 1.3004, Train: 64.14%, Valid: 61.74%, Test In: 61.42% Test OOD1: 61.89% Test OOD2: 51.14% Test OOD3: 59.02% 
Epoch: 08, Loss: 1.2930, Train: 64.28%, Valid: 61.76%, Test In: 61.51% Test OOD1: 61.97% Test OOD2: 51.18% Test OOD3: 59.15% 
Epoch: 09, Loss: 1.2885, Train: 64.72%, Valid: 61.99%, Test In: 61.81% Test OOD1: 62.15% Test OOD2: 51.22% Test OOD3: 59.41% 
Epoch: 10, Loss: 1.2812, Train: 65.45%, Valid: 62.39%, Test In: 62.36% Test OOD1: 62.45% Test OOD2: 51.31% Test OOD3: 59.80% 
Epoch: 11, Loss: 1.2737, Train: 66.66%, Valid: 63.18%, Test In: 63.30% Test OOD1: 63.02% Test OOD2: 51.51% Test OOD3: 60.38% 
Epoch: 12, Loss: 1.2643, Train: 68.42%, Valid: 64.38%, Test In: 64.77% Test OOD1: 63.89% Test OOD2: 51.85% Test OOD3: 61.15% 
Epoch: 13, Loss: 1.2563, Train: 69.86%, Valid: 65.24%, Test In: 65.81% Test OOD1: 64.46% Test OOD2: 52.16% Test OOD3: 61.76% 
Epoch: 14, Loss: 1.2460, Train: 71.22%, Valid: 66.13%, Test In: 66.81% Test OOD1: 64.81% Test OOD2: 52.27% Test OOD3: 62.19% 
Epoch: 15, Loss: 1.2366, Train: 71.69%, Valid: 66.25%, Test In: 66.97% Test OOD1: 64.96% Test OOD2: 52.34% Test OOD3: 62.30% 
Epoch: 16, Loss: 1.2238, Train: 73.41%, Valid: 67.45%, Test In: 68.09% Test OOD1: 64.87% Test OOD2: 52.61% Test OOD3: 62.59% 
Epoch: 17, Loss: 1.2204, Train: 73.56%, Valid: 67.51%, Test In: 68.12% Test OOD1: 65.35% Test OOD2: 52.23% Test OOD3: 62.53% 
Epoch: 18, Loss: 1.2052, Train: 73.89%, Valid: 67.56%, Test In: 68.11% Test OOD1: 65.16% Test OOD2: 52.34% Test OOD3: 62.39% 
Epoch: 19, Loss: 1.2018, Train: 75.27%, Valid: 68.57%, Test In: 69.19% Test OOD1: 65.06% Test OOD2: 52.32% Test OOD3: 62.61% 
Epoch: 20, Loss: 1.1802, Train: 76.06%, Valid: 69.04%, Test In: 69.59% Test OOD1: 64.63% Test OOD2: 52.41% Test OOD3: 62.55% 
Epoch: 21, Loss: 1.1761, Train: 75.91%, Valid: 68.76%, Test In: 69.48% Test OOD1: 65.15% Test OOD2: 52.01% Test OOD3: 62.49% 
Epoch: 22, Loss: 1.1615, Train: 76.21%, Valid: 68.87%, Test In: 69.52% Test OOD1: 65.26% Test OOD2: 51.81% Test OOD3: 62.51% 
Epoch: 23, Loss: 1.1595, Train: 77.11%, Valid: 69.39%, Test In: 70.19% Test OOD1: 64.62% Test OOD2: 51.99% Test OOD3: 62.43% 
Epoch: 24, Loss: 1.1362, Train: 77.83%, Valid: 69.73%, Test In: 70.45% Test OOD1: 64.29% Test OOD2: 52.06% Test OOD3: 62.42% 
Epoch: 25, Loss: 1.1324, Train: 77.56%, Valid: 69.39%, Test In: 70.23% Test OOD1: 64.65% Test OOD2: 51.71% Test OOD3: 62.32% 
Epoch: 26, Loss: 1.1193, Train: 77.72%, Valid: 69.31%, Test In: 70.10% Test OOD1: 64.86% Test OOD2: 51.50% Test OOD3: 62.28% 
Epoch: 27, Loss: 1.1177, Train: 78.32%, Valid: 69.56%, Test In: 70.48% Test OOD1: 63.81% Test OOD2: 51.74% Test OOD3: 61.94% 
Epoch: 28, Loss: 1.1106, Train: 78.99%, Valid: 70.05%, Test In: 70.86% Test OOD1: 64.38% Test OOD2: 51.72% Test OOD3: 62.10% 
Epoch: 29, Loss: 1.1213, Train: 78.30%, Valid: 69.31%, Test In: 70.30% Test OOD1: 63.37% Test OOD2: 51.50% Test OOD3: 61.51% 
Epoch: 30, Loss: 1.1502, Train: 78.39%, Valid: 69.43%, Test In: 70.28% Test OOD1: 64.60% Test OOD2: 51.44% Test OOD3: 62.08% 
Epoch: 31, Loss: 1.1399, Train: 78.98%, Valid: 69.83%, Test In: 70.70% Test OOD1: 64.55% Test OOD2: 51.57% Test OOD3: 62.25% 
Epoch: 32, Loss: 1.1386, Train: 79.56%, Valid: 69.90%, Test In: 70.85% Test OOD1: 64.49% Test OOD2: 51.60% Test OOD3: 62.15% 
Epoch: 33, Loss: 1.0922, Train: 78.90%, Valid: 69.39%, Test In: 70.47% Test OOD1: 64.05% Test OOD2: 51.42% Test OOD3: 61.99% 
Epoch: 34, Loss: 1.1047, Train: 79.05%, Valid: 69.38%, Test In: 70.47% Test OOD1: 64.00% Test OOD2: 51.45% Test OOD3: 61.95% 
Epoch: 35, Loss: 1.0938, Train: 79.84%, Valid: 69.73%, Test In: 70.77% Test OOD1: 64.15% Test OOD2: 51.62% Test OOD3: 62.04% 
Epoch: 36, Loss: 1.0737, Train: 80.08%, Valid: 69.87%, Test In: 70.82% Test OOD1: 64.79% Test OOD2: 51.54% Test OOD3: 62.30% 
Epoch: 37, Loss: 1.0930, Train: 79.97%, Valid: 69.65%, Test In: 70.62% Test OOD1: 64.85% Test OOD2: 51.39% Test OOD3: 62.21% 
Epoch: 38, Loss: 1.0804, Train: 80.21%, Valid: 69.73%, Test In: 70.66% Test OOD1: 64.00% Test OOD2: 51.59% Test OOD3: 61.93% 
Epoch: 39, Loss: 1.0632, Train: 80.25%, Valid: 69.63%, Test In: 70.57% Test OOD1: 64.10% Test OOD2: 51.66% Test OOD3: 61.94% 
Epoch: 40, Loss: 1.0643, Train: 80.27%, Valid: 69.56%, Test In: 70.48% Test OOD1: 64.61% Test OOD2: 51.47% Test OOD3: 62.05% 
Epoch: 41, Loss: 1.0598, Train: 81.00%, Valid: 69.86%, Test In: 70.69% Test OOD1: 64.19% Test OOD2: 51.54% Test OOD3: 61.93% 
Epoch: 42, Loss: 1.0392, Train: 81.24%, Valid: 69.89%, Test In: 70.67% Test OOD1: 64.42% Test OOD2: 51.43% Test OOD3: 61.99% 
Epoch: 43, Loss: 1.0424, Train: 81.33%, Valid: 69.78%, Test In: 70.56% Test OOD1: 64.71% Test OOD2: 51.33% Test OOD3: 62.00% 
Epoch: 44, Loss: 1.0389, Train: 81.70%, Valid: 69.86%, Test In: 70.61% Test OOD1: 63.82% Test OOD2: 51.48% Test OOD3: 61.63% 
Epoch: 45, Loss: 1.0281, Train: 81.27%, Valid: 69.49%, Test In: 70.23% Test OOD1: 64.37% Test OOD2: 51.34% Test OOD3: 61.70% 
Epoch: 46, Loss: 1.0298, Train: 82.32%, Valid: 69.82%, Test In: 70.56% Test OOD1: 63.73% Test OOD2: 51.50% Test OOD3: 61.44% 
Epoch: 47, Loss: 1.0207, Train: 82.16%, Valid: 69.66%, Test In: 70.27% Test OOD1: 64.10% Test OOD2: 51.12% Test OOD3: 61.54% 
Epoch: 48, Loss: 1.0084, Train: 82.64%, Valid: 69.81%, Test In: 70.43% Test OOD1: 64.43% Test OOD2: 51.20% Test OOD3: 61.64% 
Epoch: 49, Loss: 1.0128, Train: 83.06%, Valid: 69.89%, Test In: 70.52% Test OOD1: 62.96% Test OOD2: 51.21% Test OOD3: 61.07% 
Epoch: 50, Loss: 1.0424, Train: 82.07%, Valid: 69.59%, Test In: 70.20% Test OOD1: 64.47% Test OOD2: 51.20% Test OOD3: 61.66% 
Epoch: 51, Loss: 1.0447, Train: 83.24%, Valid: 69.97%, Test In: 70.61% Test OOD1: 64.05% Test OOD2: 51.30% Test OOD3: 61.59% 
Epoch: 52, Loss: 0.9948, Train: 83.71%, Valid: 70.07%, Test In: 70.71% Test OOD1: 63.08% Test OOD2: 51.17% Test OOD3: 61.29% 
Epoch: 53, Loss: 1.0229, Train: 83.46%, Valid: 69.81%, Test In: 70.43% Test OOD1: 63.94% Test OOD2: 50.95% Test OOD3: 61.60% 
Epoch: 54, Loss: 0.9779, Train: 83.95%, Valid: 69.94%, Test In: 70.62% Test OOD1: 64.02% Test OOD2: 51.21% Test OOD3: 61.62% 
Epoch: 55, Loss: 0.9645, Train: 84.52%, Valid: 70.00%, Test In: 70.66% Test OOD1: 63.72% Test OOD2: 51.28% Test OOD3: 61.45% 
Epoch: 56, Loss: 0.9707, Train: 84.01%, Valid: 69.48%, Test In: 70.07% Test OOD1: 63.95% Test OOD2: 51.00% Test OOD3: 61.44% 
Epoch: 57, Loss: 0.9541, Train: 84.80%, Valid: 69.68%, Test In: 70.36% Test OOD1: 63.43% Test OOD2: 51.13% Test OOD3: 61.21% 
Epoch: 58, Loss: 0.9388, Train: 85.66%, Valid: 69.84%, Test In: 70.57% Test OOD1: 62.76% Test OOD2: 51.39% Test OOD3: 60.94% 
Epoch: 59, Loss: 0.9315, Train: 85.19%, Valid: 69.56%, Test In: 70.23% Test OOD1: 63.52% Test OOD2: 51.12% Test OOD3: 61.32% 
Epoch: 60, Loss: 0.9356, Train: 85.93%, Valid: 69.70%, Test In: 70.42% Test OOD1: 63.02% Test OOD2: 51.25% Test OOD3: 61.16% 
Epoch: 61, Loss: 0.8987, Train: 86.58%, Valid: 69.77%, Test In: 70.44% Test OOD1: 62.44% Test OOD2: 51.27% Test OOD3: 60.97% 
Epoch: 62, Loss: 0.9175, Train: 86.74%, Valid: 69.55%, Test In: 70.16% Test OOD1: 62.95% Test OOD2: 51.11% Test OOD3: 61.15% 
Epoch: 63, Loss: 0.8687, Train: 87.39%, Valid: 69.46%, Test In: 69.98% Test OOD1: 63.04% Test OOD2: 51.04% Test OOD3: 61.11% 
Epoch: 64, Loss: 0.8624, Train: 88.00%, Valid: 69.47%, Test In: 69.95% Test OOD1: 63.01% Test OOD2: 50.97% Test OOD3: 61.06% 
Epoch: 65, Loss: 0.8589, Train: 88.54%, Valid: 69.39%, Test In: 69.79% Test OOD1: 61.91% Test OOD2: 51.21% Test OOD3: 60.47% 
Epoch: 66, Loss: 0.9768, Train: 86.91%, Valid: 69.25%, Test In: 69.58% Test OOD1: 63.33% Test OOD2: 50.69% Test OOD3: 61.19% 
Epoch: 67, Loss: 1.0742, Train: 87.66%, Valid: 69.42%, Test In: 69.93% Test OOD1: 63.27% Test OOD2: 50.76% Test OOD3: 61.41% 
Epoch: 68, Loss: 0.9769, Train: 89.12%, Valid: 69.65%, Test In: 70.17% Test OOD1: 62.52% Test OOD2: 51.08% Test OOD3: 61.28% 
Epoch: 69, Loss: 0.8447, Train: 88.98%, Valid: 69.44%, Test In: 69.89% Test OOD1: 62.51% Test OOD2: 51.04% Test OOD3: 61.22% 
Epoch: 70, Loss: 0.9321, Train: 89.36%, Valid: 69.34%, Test In: 69.61% Test OOD1: 62.92% Test OOD2: 50.76% Test OOD3: 61.30% 
Epoch: 71, Loss: 0.8069, Train: 89.84%, Valid: 69.48%, Test In: 69.70% Test OOD1: 62.92% Test OOD2: 50.57% Test OOD3: 61.16% 
Epoch: 72, Loss: 0.8337, Train: 90.31%, Valid: 69.48%, Test In: 69.56% Test OOD1: 62.59% Test OOD2: 50.49% Test OOD3: 60.94% 
Epoch: 73, Loss: 0.8372, Train: 90.96%, Valid: 69.44%, Test In: 69.66% Test OOD1: 62.40% Test OOD2: 50.51% Test OOD3: 60.90% 
Epoch: 74, Loss: 0.8040, Train: 91.56%, Valid: 69.30%, Test In: 69.58% Test OOD1: 62.12% Test OOD2: 50.63% Test OOD3: 60.78% 
Epoch: 75, Loss: 0.8024, Train: 91.52%, Valid: 68.98%, Test In: 69.16% Test OOD1: 62.20% Test OOD2: 50.55% Test OOD3: 60.84% 
Epoch: 76, Loss: 0.8101, Train: 92.12%, Valid: 69.03%, Test In: 69.28% Test OOD1: 62.30% Test OOD2: 50.59% Test OOD3: 60.88% 
Epoch: 77, Loss: 0.7729, Train: 92.66%, Valid: 69.14%, Test In: 69.24% Test OOD1: 62.01% Test OOD2: 50.65% Test OOD3: 60.81% 
Epoch: 78, Loss: 0.7508, Train: 92.46%, Valid: 69.08%, Test In: 69.52% Test OOD1: 62.38% Test OOD2: 50.69% Test OOD3: 61.07% 
Epoch: 79, Loss: 0.7547, Train: 93.43%, Valid: 69.26%, Test In: 69.34% Test OOD1: 61.46% Test OOD2: 50.89% Test OOD3: 60.69% 
Epoch: 80, Loss: 0.7597, Train: 92.48%, Valid: 68.89%, Test In: 69.10% Test OOD1: 62.35% Test OOD2: 50.65% Test OOD3: 60.97% 
Epoch: 81, Loss: 0.7649, Train: 93.98%, Valid: 69.19%, Test In: 68.88% Test OOD1: 61.93% Test OOD2: 50.74% Test OOD3: 60.66% 
Epoch: 82, Loss: 0.7258, Train: 93.98%, Valid: 69.05%, Test In: 68.72% Test OOD1: 61.99% Test OOD2: 50.59% Test OOD3: 60.68% 
Epoch: 83, Loss: 0.6986, Train: 94.00%, Valid: 68.96%, Test In: 68.98% Test OOD1: 62.08% Test OOD2: 50.62% Test OOD3: 60.79% 
Epoch: 84, Loss: 0.6729, Train: 95.07%, Valid: 69.09%, Test In: 69.02% Test OOD1: 61.49% Test OOD2: 50.73% Test OOD3: 60.55% 
Epoch: 85, Loss: 0.6809, Train: 94.76%, Valid: 68.95%, Test In: 68.84% Test OOD1: 61.64% Test OOD2: 50.45% Test OOD3: 60.56% 
Epoch: 86, Loss: 0.6711, Train: 94.64%, Valid: 68.62%, Test In: 68.67% Test OOD1: 61.95% Test OOD2: 50.39% Test OOD3: 60.68% 
Epoch: 87, Loss: 0.6416, Train: 95.65%, Valid: 68.70%, Test In: 68.53% Test OOD1: 61.51% Test OOD2: 50.48% Test OOD3: 60.38% 
Epoch: 88, Loss: 0.6599, Train: 95.67%, Valid: 68.64%, Test In: 68.56% Test OOD1: 61.40% Test OOD2: 50.33% Test OOD3: 60.39% 
Epoch: 89, Loss: 0.6144, Train: 95.58%, Valid: 68.65%, Test In: 68.72% Test OOD1: 61.56% Test OOD2: 50.28% Test OOD3: 60.48% 
Epoch: 90, Loss: 0.6174, Train: 96.58%, Valid: 68.63%, Test In: 68.52% Test OOD1: 61.22% Test OOD2: 50.51% Test OOD3: 60.21% 
Epoch: 91, Loss: 0.6102, Train: 96.66%, Valid: 68.58%, Test In: 68.33% Test OOD1: 61.47% Test OOD2: 50.30% Test OOD3: 60.24% 
Epoch: 92, Loss: 0.5592, Train: 96.34%, Valid: 68.54%, Test In: 68.28% Test OOD1: 61.75% Test OOD2: 50.06% Test OOD3: 60.34% 
Epoch: 93, Loss: 0.5774, Train: 97.09%, Valid: 68.53%, Test In: 68.22% Test OOD1: 61.51% Test OOD2: 50.17% Test OOD3: 60.25% 
Epoch: 94, Loss: 0.5413, Train: 97.41%, Valid: 68.54%, Test In: 68.42% Test OOD1: 61.24% Test OOD2: 50.32% Test OOD3: 60.24% 
Epoch: 95, Loss: 0.5305, Train: 97.27%, Valid: 68.68%, Test In: 68.74% Test OOD1: 61.36% Test OOD2: 50.30% Test OOD3: 60.39% 
Epoch: 96, Loss: 0.5341, Train: 97.76%, Valid: 68.58%, Test In: 68.69% Test OOD1: 61.23% Test OOD2: 50.52% Test OOD3: 60.29% 
Epoch: 97, Loss: 0.4876, Train: 97.94%, Valid: 68.47%, Test In: 68.50% Test OOD1: 61.37% Test OOD2: 50.57% Test OOD3: 60.21% 
Epoch: 98, Loss: 0.4954, Train: 97.82%, Valid: 68.52%, Test In: 68.51% Test OOD1: 61.63% Test OOD2: 50.33% Test OOD3: 60.21% 
Epoch: 99, Loss: 0.4987, Train: 98.29%, Valid: 68.44%, Test In: 68.31% Test OOD1: 61.37% Test OOD2: 50.41% Test OOD3: 60.01% 
Epoch: 100, Loss: 0.4508, Train: 98.53%, Valid: 68.40%, Test In: 68.29% Test OOD1: 61.22% Test OOD2: 50.52% Test OOD3: 59.94% 
Epoch: 101, Loss: 0.4658, Train: 98.48%, Valid: 68.44%, Test In: 68.43% Test OOD1: 61.33% Test OOD2: 50.54% Test OOD3: 60.10% 
Epoch: 102, Loss: 0.4757, Train: 98.81%, Valid: 68.34%, Test In: 68.25% Test OOD1: 61.09% Test OOD2: 50.77% Test OOD3: 59.93% 
Epoch: 103, Loss: 0.4389, Train: 98.91%, Valid: 68.27%, Test In: 68.09% Test OOD1: 61.12% Test OOD2: 50.73% Test OOD3: 59.89% 
Epoch: 104, Loss: 0.4252, Train: 98.95%, Valid: 68.22%, Test In: 67.99% Test OOD1: 61.26% Test OOD2: 50.63% Test OOD3: 59.90% 
Epoch: 105, Loss: 0.4301, Train: 99.15%, Valid: 68.24%, Test In: 67.82% Test OOD1: 61.17% Test OOD2: 50.65% Test OOD3: 59.75% 
Epoch: 106, Loss: 0.4181, Train: 99.19%, Valid: 68.20%, Test In: 67.79% Test OOD1: 61.24% Test OOD2: 50.60% Test OOD3: 59.69% 
Epoch: 107, Loss: 0.4105, Train: 99.32%, Valid: 68.27%, Test In: 68.03% Test OOD1: 61.36% Test OOD2: 50.69% Test OOD3: 59.80% 
Epoch: 108, Loss: 0.3928, Train: 99.38%, Valid: 68.21%, Test In: 68.03% Test OOD1: 61.30% Test OOD2: 50.76% Test OOD3: 59.77% 
Epoch: 109, Loss: 0.3796, Train: 99.41%, Valid: 68.24%, Test In: 68.04% Test OOD1: 61.43% Test OOD2: 50.72% Test OOD3: 59.84% 
Epoch: 110, Loss: 0.3729, Train: 99.52%, Valid: 68.22%, Test In: 68.04% Test OOD1: 61.28% Test OOD2: 50.75% Test OOD3: 59.82% 
Epoch: 111, Loss: 0.3823, Train: 99.50%, Valid: 68.20%, Test In: 67.95% Test OOD1: 61.48% Test OOD2: 50.59% Test OOD3: 59.83% 
Epoch: 112, Loss: 0.3811, Train: 99.60%, Valid: 68.19%, Test In: 67.98% Test OOD1: 61.60% Test OOD2: 50.69% Test OOD3: 59.94% 
Epoch: 113, Loss: 0.3742, Train: 99.55%, Valid: 68.15%, Test In: 68.09% Test OOD1: 61.86% Test OOD2: 50.55% Test OOD3: 60.07% 
Epoch: 114, Loss: 0.3590, Train: 99.65%, Valid: 68.07%, Test In: 68.10% Test OOD1: 61.48% Test OOD2: 50.68% Test OOD3: 59.84% 
Epoch: 115, Loss: 0.3658, Train: 99.63%, Valid: 68.24%, Test In: 68.17% Test OOD1: 61.73% Test OOD2: 50.51% Test OOD3: 59.90% 
Epoch: 116, Loss: 0.3914, Train: 99.69%, Valid: 68.01%, Test In: 67.99% Test OOD1: 61.17% Test OOD2: 50.61% Test OOD3: 59.51% 
Epoch: 117, Loss: 0.3844, Train: 99.71%, Valid: 68.21%, Test In: 67.98% Test OOD1: 61.66% Test OOD2: 50.39% Test OOD3: 59.69% 
Epoch: 118, Loss: 0.3579, Train: 99.72%, Valid: 68.21%, Test In: 68.01% Test OOD1: 61.69% Test OOD2: 50.44% Test OOD3: 59.76% 
Epoch: 119, Loss: 0.3365, Train: 99.77%, Valid: 68.16%, Test In: 68.11% Test OOD1: 61.34% Test OOD2: 50.61% Test OOD3: 59.80% 
Epoch: 120, Loss: 0.3641, Train: 99.77%, Valid: 68.21%, Test In: 68.30% Test OOD1: 61.69% Test OOD2: 50.43% Test OOD3: 60.11% 
Epoch: 121, Loss: 0.3568, Train: 99.85%, Valid: 68.09%, Test In: 68.09% Test OOD1: 61.13% Test OOD2: 50.53% Test OOD3: 59.90% 
Epoch: 122, Loss: 0.3709, Train: 99.78%, Valid: 67.89%, Test In: 68.06% Test OOD1: 61.58% Test OOD2: 50.31% Test OOD3: 59.93% 
Epoch: 123, Loss: 0.4127, Train: 99.86%, Valid: 67.93%, Test In: 67.72% Test OOD1: 61.44% Test OOD2: 50.43% Test OOD3: 59.76% 
Epoch: 124, Loss: 0.3764, Train: 99.80%, Valid: 67.98%, Test In: 68.01% Test OOD1: 61.96% Test OOD2: 50.28% Test OOD3: 60.02% 
Epoch: 125, Loss: 0.3504, Train: 99.85%, Valid: 67.92%, Test In: 68.10% Test OOD1: 61.75% Test OOD2: 50.48% Test OOD3: 60.00% 
Epoch: 126, Loss: 0.3065, Train: 99.87%, Valid: 67.83%, Test In: 68.05% Test OOD1: 61.55% Test OOD2: 50.54% Test OOD3: 59.97% 
Epoch: 127, Loss: 0.3544, Train: 99.83%, Valid: 67.84%, Test In: 68.10% Test OOD1: 62.02% Test OOD2: 50.35% Test OOD3: 60.16% 
Epoch: 128, Loss: 0.3195, Train: 99.86%, Valid: 67.81%, Test In: 67.94% Test OOD1: 61.97% Test OOD2: 50.25% Test OOD3: 60.08% 
Epoch: 129, Loss: 0.3171, Train: 99.89%, Valid: 67.73%, Test In: 67.79% Test OOD1: 61.62% Test OOD2: 50.36% Test OOD3: 59.95% 
Epoch: 130, Loss: 0.3382, Train: 99.88%, Valid: 67.76%, Test In: 67.92% Test OOD1: 61.67% Test OOD2: 50.36% Test OOD3: 59.96% 
Epoch: 131, Loss: 0.3064, Train: 99.89%, Valid: 67.80%, Test In: 67.84% Test OOD1: 61.79% Test OOD2: 50.39% Test OOD3: 59.91% 
Epoch: 132, Loss: 0.3061, Train: 99.91%, Valid: 67.71%, Test In: 67.80% Test OOD1: 61.92% Test OOD2: 50.40% Test OOD3: 59.89% 
Epoch: 133, Loss: 0.3068, Train: 99.90%, Valid: 67.61%, Test In: 67.87% Test OOD1: 61.95% Test OOD2: 50.36% Test OOD3: 59.88% 
Epoch: 134, Loss: 0.2947, Train: 99.90%, Valid: 67.62%, Test In: 67.87% Test OOD1: 61.83% Test OOD2: 50.35% Test OOD3: 59.83% 
Epoch: 135, Loss: 0.3013, Train: 99.93%, Valid: 67.58%, Test In: 67.93% Test OOD1: 61.52% Test OOD2: 50.46% Test OOD3: 59.73% 
Epoch: 136, Loss: 0.2913, Train: 99.93%, Valid: 67.51%, Test In: 67.93% Test OOD1: 61.26% Test OOD2: 50.63% Test OOD3: 59.66% 
Epoch: 137, Loss: 0.2952, Train: 99.93%, Valid: 67.57%, Test In: 67.85% Test OOD1: 61.43% Test OOD2: 50.59% Test OOD3: 59.68% 
Epoch: 138, Loss: 0.2963, Train: 99.93%, Valid: 67.64%, Test In: 67.93% Test OOD1: 61.85% Test OOD2: 50.59% Test OOD3: 59.97% 
Epoch: 139, Loss: 0.2929, Train: 99.93%, Valid: 67.72%, Test In: 67.82% Test OOD1: 61.74% Test OOD2: 50.74% Test OOD3: 59.95% 
Epoch: 140, Loss: 0.3034, Train: 99.94%, Valid: 67.75%, Test In: 67.97% Test OOD1: 61.81% Test OOD2: 50.57% Test OOD3: 60.15% 
Epoch: 141, Loss: 0.2956, Train: 99.96%, Valid: 67.84%, Test In: 67.98% Test OOD1: 61.59% Test OOD2: 50.59% Test OOD3: 60.15% 
Epoch: 142, Loss: 0.2766, Train: 99.95%, Valid: 67.76%, Test In: 67.94% Test OOD1: 61.53% Test OOD2: 50.68% Test OOD3: 60.22% 
Epoch: 143, Loss: 0.2921, Train: 99.95%, Valid: 67.77%, Test In: 68.01% Test OOD1: 62.01% Test OOD2: 50.53% Test OOD3: 60.37% 
Epoch: 144, Loss: 0.2902, Train: 99.96%, Valid: 67.79%, Test In: 67.94% Test OOD1: 61.94% Test OOD2: 50.60% Test OOD3: 60.34% 
Epoch: 145, Loss: 0.2763, Train: 99.96%, Valid: 67.79%, Test In: 67.95% Test OOD1: 61.88% Test OOD2: 50.63% Test OOD3: 60.29% 
Epoch: 146, Loss: 0.2697, Train: 99.96%, Valid: 67.87%, Test In: 68.02% Test OOD1: 62.02% Test OOD2: 50.50% Test OOD3: 60.30% 
Epoch: 147, Loss: 0.2721, Train: 99.97%, Valid: 67.99%, Test In: 67.92% Test OOD1: 61.91% Test OOD2: 50.58% Test OOD3: 60.20% 
Epoch: 148, Loss: 0.2669, Train: 99.97%, Valid: 68.00%, Test In: 67.96% Test OOD1: 62.00% Test OOD2: 50.52% Test OOD3: 60.26% 
Epoch: 149, Loss: 0.2582, Train: 99.97%, Valid: 67.97%, Test In: 68.03% Test OOD1: 62.14% Test OOD2: 50.40% Test OOD3: 60.29% 
Epoch: 150, Loss: 0.2704, Train: 99.97%, Valid: 67.99%, Test In: 67.97% Test OOD1: 61.99% Test OOD2: 50.46% Test OOD3: 60.16% 
Epoch: 151, Loss: 0.2624, Train: 99.97%, Valid: 67.95%, Test In: 68.00% Test OOD1: 62.11% Test OOD2: 50.42% Test OOD3: 60.14% 
Epoch: 152, Loss: 0.2579, Train: 99.98%, Valid: 67.88%, Test In: 67.99% Test OOD1: 62.02% Test OOD2: 50.46% Test OOD3: 60.03% 
Epoch: 153, Loss: 0.2639, Train: 99.98%, Valid: 67.82%, Test In: 67.89% Test OOD1: 61.78% Test OOD2: 50.48% Test OOD3: 59.99% 
Epoch: 154, Loss: 0.2568, Train: 99.98%, Valid: 67.80%, Test In: 67.96% Test OOD1: 61.93% Test OOD2: 50.42% Test OOD3: 60.20% 
Epoch: 155, Loss: 0.2533, Train: 99.98%, Valid: 67.77%, Test In: 67.94% Test OOD1: 61.85% Test OOD2: 50.46% Test OOD3: 60.35% 
Epoch: 156, Loss: 0.2584, Train: 99.99%, Valid: 67.72%, Test In: 67.95% Test OOD1: 61.77% Test OOD2: 50.51% Test OOD3: 60.40% 
Epoch: 157, Loss: 0.2475, Train: 99.99%, Valid: 67.71%, Test In: 68.07% Test OOD1: 61.75% Test OOD2: 50.58% Test OOD3: 60.46% 
Epoch: 158, Loss: 0.2444, Train: 99.99%, Valid: 67.74%, Test In: 68.11% Test OOD1: 61.64% Test OOD2: 50.69% Test OOD3: 60.36% 
Epoch: 159, Loss: 0.2468, Train: 99.99%, Valid: 67.73%, Test In: 68.09% Test OOD1: 61.84% Test OOD2: 50.65% Test OOD3: 60.29% 
Epoch: 160, Loss: 0.2437, Train: 99.99%, Valid: 67.71%, Test In: 68.06% Test OOD1: 62.21% Test OOD2: 50.53% Test OOD3: 60.38% 
Epoch: 161, Loss: 0.2479, Train: 99.99%, Valid: 67.81%, Test In: 68.02% Test OOD1: 62.16% Test OOD2: 50.44% Test OOD3: 60.39% 
Epoch: 162, Loss: 0.2503, Train: 99.98%, Valid: 67.86%, Test In: 68.14% Test OOD1: 62.33% Test OOD2: 50.46% Test OOD3: 60.47% 
Epoch: 163, Loss: 0.2629, Train: 99.99%, Valid: 67.99%, Test In: 68.07% Test OOD1: 61.73% Test OOD2: 50.60% Test OOD3: 60.23% 
Epoch: 164, Loss: 0.2839, Train: 99.98%, Valid: 68.01%, Test In: 68.16% Test OOD1: 62.46% Test OOD2: 50.42% Test OOD3: 60.49% 
Epoch: 165, Loss: 0.3255, Train: 99.99%, Valid: 68.05%, Test In: 68.13% Test OOD1: 62.14% Test OOD2: 50.49% Test OOD3: 60.33% 
Epoch: 166, Loss: 0.3321, Train: 99.98%, Valid: 68.10%, Test In: 68.12% Test OOD1: 62.49% Test OOD2: 50.40% Test OOD3: 60.44% 
Epoch: 167, Loss: 0.3008, Train: 99.98%, Valid: 67.92%, Test In: 68.39% Test OOD1: 62.43% Test OOD2: 50.56% Test OOD3: 60.60% 
Epoch: 168, Loss: 0.3087, Train: 99.99%, Valid: 67.94%, Test In: 68.27% Test OOD1: 61.84% Test OOD2: 50.46% Test OOD3: 60.32% 
Epoch: 169, Loss: 0.3611, Train: 99.99%, Valid: 67.54%, Test In: 68.32% Test OOD1: 62.32% Test OOD2: 50.53% Test OOD3: 60.59% 
Epoch: 170, Loss: 0.3248, Train: 99.98%, Valid: 67.49%, Test In: 67.98% Test OOD1: 62.44% Test OOD2: 50.24% Test OOD3: 60.45% 
Epoch: 171, Loss: 0.3029, Train: 99.99%, Valid: 67.39%, Test In: 67.83% Test OOD1: 62.25% Test OOD2: 50.36% Test OOD3: 60.34% 
Epoch: 172, Loss: 0.2678, Train: 99.99%, Valid: 67.35%, Test In: 68.02% Test OOD1: 62.28% Test OOD2: 50.40% Test OOD3: 60.45% 
Epoch: 173, Loss: 0.2813, Train: 99.99%, Valid: 67.50%, Test In: 68.06% Test OOD1: 62.18% Test OOD2: 50.33% Test OOD3: 60.47% 
Epoch: 174, Loss: 0.2588, Train: 99.98%, Valid: 67.57%, Test In: 67.94% Test OOD1: 61.81% Test OOD2: 50.41% Test OOD3: 60.42% 
Epoch: 175, Loss: 0.2796, Train: 99.98%, Valid: 67.58%, Test In: 68.01% Test OOD1: 62.08% Test OOD2: 50.42% Test OOD3: 60.59% 
Epoch: 176, Loss: 0.2413, Train: 99.99%, Valid: 67.42%, Test In: 67.87% Test OOD1: 62.29% Test OOD2: 50.37% Test OOD3: 60.65% 
Epoch: 177, Loss: 0.2599, Train: 99.99%, Valid: 67.39%, Test In: 67.55% Test OOD1: 62.10% Test OOD2: 50.33% Test OOD3: 60.47% 
Epoch: 178, Loss: 0.2401, Train: 99.99%, Valid: 67.39%, Test In: 67.32% Test OOD1: 61.89% Test OOD2: 50.23% Test OOD3: 60.21% 
Epoch: 179, Loss: 0.2557, Train: 100.00%, Valid: 67.40%, Test In: 67.35% Test OOD1: 61.75% Test OOD2: 50.23% Test OOD3: 60.09% 
Epoch: 180, Loss: 0.2422, Train: 100.00%, Valid: 67.39%, Test In: 67.27% Test OOD1: 61.52% Test OOD2: 50.34% Test OOD3: 60.02% 
Epoch: 181, Loss: 0.2472, Train: 99.99%, Valid: 67.44%, Test In: 67.28% Test OOD1: 61.68% Test OOD2: 50.36% Test OOD3: 60.15% 
Epoch: 182, Loss: 0.2421, Train: 99.99%, Valid: 67.42%, Test In: 67.41% Test OOD1: 62.01% Test OOD2: 50.37% Test OOD3: 60.40% 
Epoch: 183, Loss: 0.2504, Train: 100.00%, Valid: 67.36%, Test In: 67.48% Test OOD1: 61.90% Test OOD2: 50.46% Test OOD3: 60.39% 
Epoch: 184, Loss: 0.2566, Train: 100.00%, Valid: 67.44%, Test In: 67.45% Test OOD1: 61.89% Test OOD2: 50.30% Test OOD3: 60.31% 
Epoch: 185, Loss: 0.2358, Train: 100.00%, Valid: 67.45%, Test In: 67.44% Test OOD1: 61.74% Test OOD2: 50.26% Test OOD3: 60.17% 
Epoch: 186, Loss: 0.2389, Train: 100.00%, Valid: 67.40%, Test In: 67.43% Test OOD1: 61.62% Test OOD2: 50.27% Test OOD3: 59.98% 
Epoch: 187, Loss: 0.2379, Train: 100.00%, Valid: 67.48%, Test In: 67.46% Test OOD1: 61.83% Test OOD2: 50.17% Test OOD3: 59.96% 
Epoch: 188, Loss: 0.2409, Train: 100.00%, Valid: 67.53%, Test In: 67.58% Test OOD1: 62.03% Test OOD2: 50.22% Test OOD3: 60.08% 
Epoch: 189, Loss: 0.2366, Train: 100.00%, Valid: 67.58%, Test In: 67.72% Test OOD1: 62.25% Test OOD2: 50.30% Test OOD3: 60.26% 
Epoch: 190, Loss: 0.2270, Train: 100.00%, Valid: 67.68%, Test In: 67.78% Test OOD1: 62.39% Test OOD2: 50.28% Test OOD3: 60.40% 
Epoch: 191, Loss: 0.2411, Train: 100.00%, Valid: 67.70%, Test In: 67.78% Test OOD1: 62.16% Test OOD2: 50.36% Test OOD3: 60.35% 
Epoch: 192, Loss: 0.2314, Train: 100.00%, Valid: 67.65%, Test In: 67.69% Test OOD1: 61.94% Test OOD2: 50.31% Test OOD3: 60.13% 
Epoch: 193, Loss: 0.2285, Train: 100.00%, Valid: 67.59%, Test In: 67.58% Test OOD1: 61.95% Test OOD2: 50.15% Test OOD3: 60.01% 
Epoch: 194, Loss: 0.2316, Train: 100.00%, Valid: 67.51%, Test In: 67.50% Test OOD1: 61.81% Test OOD2: 50.22% Test OOD3: 60.02% 
Epoch: 195, Loss: 0.2268, Train: 100.00%, Valid: 67.51%, Test In: 67.55% Test OOD1: 61.82% Test OOD2: 50.28% Test OOD3: 60.13% 
Epoch: 196, Loss: 0.2239, Train: 100.00%, Valid: 67.52%, Test In: 67.70% Test OOD1: 61.91% Test OOD2: 50.35% Test OOD3: 60.29% 
Epoch: 197, Loss: 0.2252, Train: 100.00%, Valid: 67.58%, Test In: 67.71% Test OOD1: 61.78% Test OOD2: 50.50% Test OOD3: 60.32% 
Epoch: 198, Loss: 0.2172, Train: 100.00%, Valid: 67.62%, Test In: 67.63% Test OOD1: 61.76% Test OOD2: 50.49% Test OOD3: 60.25% 
Epoch: 199, Loss: 0.2214, Train: 100.00%, Valid: 67.62%, Test In: 67.59% Test OOD1: 61.94% Test OOD2: 50.37% Test OOD3: 60.18% 
Run 03:
Highest Train: 100.00
Highest Valid: 70.07
Highest In Test: 70.86
Highest OOD Test: 65.35
Highest OOD Test: 52.61
Highest OOD Test: 62.61
Chosen epoch: 53
Final Train: 83.71
Final In Test: 70.71
Final OOD Test: 63.08
Final OOD Test: 51.17
Final OOD Test: 61.29
All runs:
Highest Train: 100.00 ± 0.00
Highest Valid: 70.24 ± 0.17
Highest In Test: 70.95 ± 0.08
Highest OOD Test: 65.54 ± 0.17
Highest OOD Test: 52.76 ± 0.14
Highest OOD Test: 62.88 ± 0.26
  Final Train: 80.91 ± 2.43
   Final In  Test: 70.87 ± 0.16
   Final OOD Test: 64.04 ± 0.93
   Final OOD Test: 51.75 ± 0.50
   Final OOD Test: 62.02 ± 0.63
[INFO] TensorBoard writer closed.

Command: python main.py --dataset twitch --backbone_type gcn --env_type graph --combine_result --store_result --epochs 200 --runs 3 --num_layers 2 --expert_agg mean --tau 3 --lr 0.01 --weight_decay 5e-5 --dropout 0.0 --K 3 --hidden_channels 64 --seed 123 --device 0 --lr 0.01 --weight_decay 0.0005 --dropout 0.1 --lamda 1.0 --K 3 --hidden_channels 64 --other_env_reduce env --result_name twitch_stage1_lr0.01_weight_decay0.0005_dropout0.1_lamda1.0_K3_hidden_channels64_other_env_reduceenv
Return code: 0
Elapsed: 99.23s
