Namespace(K=3, backbone_type='gcn', combine_result=True, cpu=False, data_dir='./data/', dataset='twitch', device=0, display_step=1, dropout=0.2, env_type='graph', epochs=200, expert_agg='mean', gamma=0.99, gate_hidden=64, hidden_channels=64, infer_env=False, infer_env_components=64, infer_env_iters=30, infer_env_num=3, lambda_cl=0.1, lambda_dag=0.1, lambda_ind=0.1, lambda_l1=0.5, lamda=1.0, lamda_ciw=0.0001, lr=0.01, lr_dag=0.001, num_layers=2, other_env_reduce='sample', pos_weight=5.0, result_name='twitch_stage1_lr0.01_weight_decay0.0005_dropout0.2_lamda1.0_K3_hidden_channels64_other_env_reducesample', runs=3, seed=123, store_result=True, tau=3.0, use_bn=False, variant=False, weight_decay=0.0005)
dataset twitch: all nodes 34120 | edges 429113 | classes 2 | feats 3170
train nodes 7897 | valid nodes 3949 | test in nodes 3949
test ood1 nodes 4648 test ood2 nodes 6551 test ood3 nodes 7126 
[INFO] env numbers: 6 train env numbers: 3
MODEL: CaNet(
  (experts): ModuleList(
    (0): ExpertNet(
      (convs): ModuleList(
        (0): CaNetConv()
        (1): CaNetConv()
      )
      (fcs): ModuleList(
        (0): Linear(in_features=3170, out_features=64, bias=True)
        (1): Linear(in_features=64, out_features=2, bias=True)
      )
      (act_fn): ReLU()
    )
    (1): ExpertNet(
      (convs): ModuleList(
        (0): CaNetConv()
        (1): CaNetConv()
      )
      (fcs): ModuleList(
        (0): Linear(in_features=3170, out_features=64, bias=True)
        (1): Linear(in_features=64, out_features=2, bias=True)
      )
      (act_fn): ReLU()
    )
    (2): ExpertNet(
      (convs): ModuleList(
        (0): CaNetConv()
        (1): CaNetConv()
      )
      (fcs): ModuleList(
        (0): Linear(in_features=3170, out_features=64, bias=True)
        (1): Linear(in_features=64, out_features=2, bias=True)
      )
      (act_fn): ReLU()
    )
  )
  (gate): Sequential(
    (0): Linear(in_features=3170, out_features=64, bias=True)
    (1): ReLU()
    (2): Linear(in_features=64, out_features=3, bias=True)
  )
)
[INFO] TensorBoard logging activated. Logs will be saved to: ./runs/twitch/Apr16_03-01-14_lamda_1.0
Epoch: 00, Loss: 1.3933, Train: 53.30%, Valid: 51.24%, Test In: 52.36% Test OOD1: 45.92% Test OOD2: 51.62% Test OOD3: 50.03% 
Epoch: 01, Loss: 1.3857, Train: 50.34%, Valid: 48.82%, Test In: 50.12% Test OOD1: 44.14% Test OOD2: 51.01% Test OOD3: 48.57% 
Epoch: 02, Loss: 1.3750, Train: 50.70%, Valid: 49.07%, Test In: 50.52% Test OOD1: 44.29% Test OOD2: 51.00% Test OOD3: 48.82% 
Epoch: 03, Loss: 1.3625, Train: 66.35%, Valid: 61.86%, Test In: 63.40% Test OOD1: 55.84% Test OOD2: 52.66% Test OOD3: 57.63% 
Epoch: 04, Loss: 1.3539, Train: 67.47%, Valid: 64.18%, Test In: 64.40% Test OOD1: 63.07% Test OOD2: 51.64% Test OOD3: 60.37% 
Epoch: 05, Loss: 1.3408, Train: 65.23%, Valid: 62.70%, Test In: 62.51% Test OOD1: 62.41% Test OOD2: 51.23% Test OOD3: 59.36% 
Epoch: 06, Loss: 1.3300, Train: 64.17%, Valid: 61.88%, Test In: 61.57% Test OOD1: 61.95% Test OOD2: 51.07% Test OOD3: 58.91% 
Epoch: 07, Loss: 1.3216, Train: 63.68%, Valid: 61.45%, Test In: 61.12% Test OOD1: 61.72% Test OOD2: 50.99% Test OOD3: 58.74% 
Epoch: 08, Loss: 1.3159, Train: 63.68%, Valid: 61.38%, Test In: 61.10% Test OOD1: 61.72% Test OOD2: 50.99% Test OOD3: 58.82% 
Epoch: 09, Loss: 1.3105, Train: 64.09%, Valid: 61.62%, Test In: 61.38% Test OOD1: 61.91% Test OOD2: 51.06% Test OOD3: 59.07% 
Epoch: 10, Loss: 1.3070, Train: 64.83%, Valid: 62.07%, Test In: 61.92% Test OOD1: 62.23% Test OOD2: 51.15% Test OOD3: 59.46% 
Epoch: 11, Loss: 1.3011, Train: 65.98%, Valid: 62.81%, Test In: 62.82% Test OOD1: 62.69% Test OOD2: 51.29% Test OOD3: 60.01% 
Epoch: 12, Loss: 1.2936, Train: 67.79%, Valid: 64.08%, Test In: 64.38% Test OOD1: 63.40% Test OOD2: 51.54% Test OOD3: 60.82% 
Epoch: 13, Loss: 1.2861, Train: 69.83%, Valid: 65.47%, Test In: 66.13% Test OOD1: 64.22% Test OOD2: 51.88% Test OOD3: 61.67% 
Epoch: 14, Loss: 1.2724, Train: 71.12%, Valid: 66.30%, Test In: 67.05% Test OOD1: 64.69% Test OOD2: 52.12% Test OOD3: 62.19% 
Epoch: 15, Loss: 1.2647, Train: 72.70%, Valid: 67.47%, Test In: 68.21% Test OOD1: 64.88% Test OOD2: 52.20% Test OOD3: 62.63% 
Epoch: 16, Loss: 1.2535, Train: 73.37%, Valid: 67.84%, Test In: 68.57% Test OOD1: 65.33% Test OOD2: 51.88% Test OOD3: 62.76% 
Epoch: 17, Loss: 1.2451, Train: 74.61%, Valid: 68.79%, Test In: 69.46% Test OOD1: 65.13% Test OOD2: 52.05% Test OOD3: 62.93% 
Epoch: 18, Loss: 1.2319, Train: 74.88%, Valid: 68.96%, Test In: 69.53% Test OOD1: 65.78% Test OOD2: 51.74% Test OOD3: 62.92% 
Epoch: 19, Loss: 1.2167, Train: 76.10%, Valid: 69.91%, Test In: 70.41% Test OOD1: 65.55% Test OOD2: 51.64% Test OOD3: 62.93% 
Epoch: 20, Loss: 1.2085, Train: 76.07%, Valid: 69.67%, Test In: 70.23% Test OOD1: 65.92% Test OOD2: 51.50% Test OOD3: 62.87% 
Epoch: 21, Loss: 1.1993, Train: 77.17%, Valid: 70.61%, Test In: 71.05% Test OOD1: 65.78% Test OOD2: 51.36% Test OOD3: 62.85% 
Epoch: 22, Loss: 1.1912, Train: 76.60%, Valid: 69.87%, Test In: 70.42% Test OOD1: 66.16% Test OOD2: 51.19% Test OOD3: 62.68% 
Epoch: 23, Loss: 1.1803, Train: 77.81%, Valid: 70.59%, Test In: 71.22% Test OOD1: 65.19% Test OOD2: 51.31% Test OOD3: 62.55% 
Epoch: 24, Loss: 1.1687, Train: 77.92%, Valid: 70.65%, Test In: 71.17% Test OOD1: 65.67% Test OOD2: 51.15% Test OOD3: 62.53% 
Epoch: 25, Loss: 1.1570, Train: 77.72%, Valid: 70.46%, Test In: 71.00% Test OOD1: 65.56% Test OOD2: 51.29% Test OOD3: 62.37% 
Epoch: 26, Loss: 1.1741, Train: 78.18%, Valid: 70.51%, Test In: 71.11% Test OOD1: 65.64% Test OOD2: 50.87% Test OOD3: 62.40% 
Epoch: 27, Loss: 1.1710, Train: 78.47%, Valid: 70.58%, Test In: 71.26% Test OOD1: 65.21% Test OOD2: 50.97% Test OOD3: 62.38% 
Epoch: 28, Loss: 1.1505, Train: 78.69%, Valid: 70.78%, Test In: 71.45% Test OOD1: 64.83% Test OOD2: 51.30% Test OOD3: 62.29% 
Epoch: 29, Loss: 1.1615, Train: 79.00%, Valid: 70.87%, Test In: 71.52% Test OOD1: 65.15% Test OOD2: 51.13% Test OOD3: 62.40% 
Epoch: 30, Loss: 1.1362, Train: 78.75%, Valid: 70.54%, Test In: 71.18% Test OOD1: 65.46% Test OOD2: 50.79% Test OOD3: 62.41% 
Epoch: 31, Loss: 1.1298, Train: 79.23%, Valid: 70.77%, Test In: 71.45% Test OOD1: 64.89% Test OOD2: 50.86% Test OOD3: 62.37% 
Epoch: 32, Loss: 1.1369, Train: 79.48%, Valid: 70.90%, Test In: 71.60% Test OOD1: 65.09% Test OOD2: 50.98% Test OOD3: 62.45% 
Epoch: 33, Loss: 1.1167, Train: 79.07%, Valid: 70.60%, Test In: 71.34% Test OOD1: 65.54% Test OOD2: 50.93% Test OOD3: 62.49% 
Epoch: 34, Loss: 1.1387, Train: 79.89%, Valid: 71.01%, Test In: 71.77% Test OOD1: 64.46% Test OOD2: 51.12% Test OOD3: 62.32% 
Epoch: 35, Loss: 1.1156, Train: 79.86%, Valid: 70.91%, Test In: 71.58% Test OOD1: 64.92% Test OOD2: 50.88% Test OOD3: 62.42% 
Epoch: 36, Loss: 1.1094, Train: 79.41%, Valid: 70.56%, Test In: 71.14% Test OOD1: 65.72% Test OOD2: 50.70% Test OOD3: 62.53% 
Epoch: 37, Loss: 1.1124, Train: 80.20%, Valid: 70.99%, Test In: 71.62% Test OOD1: 65.23% Test OOD2: 50.89% Test OOD3: 62.50% 
Epoch: 38, Loss: 1.1024, Train: 80.20%, Valid: 70.86%, Test In: 71.57% Test OOD1: 65.03% Test OOD2: 50.96% Test OOD3: 62.42% 
Epoch: 39, Loss: 1.1093, Train: 80.41%, Valid: 70.88%, Test In: 71.60% Test OOD1: 65.07% Test OOD2: 50.99% Test OOD3: 62.42% 
Epoch: 40, Loss: 1.0920, Train: 80.82%, Valid: 71.05%, Test In: 71.68% Test OOD1: 65.08% Test OOD2: 50.95% Test OOD3: 62.38% 
Epoch: 41, Loss: 1.1009, Train: 80.20%, Valid: 70.48%, Test In: 71.08% Test OOD1: 65.65% Test OOD2: 50.72% Test OOD3: 62.40% 
Epoch: 42, Loss: 1.0977, Train: 81.12%, Valid: 70.97%, Test In: 71.58% Test OOD1: 64.88% Test OOD2: 50.91% Test OOD3: 62.22% 
Epoch: 43, Loss: 1.0844, Train: 81.61%, Valid: 71.17%, Test In: 71.81% Test OOD1: 64.35% Test OOD2: 51.11% Test OOD3: 62.03% 
Epoch: 44, Loss: 1.0980, Train: 81.14%, Valid: 70.77%, Test In: 71.38% Test OOD1: 65.37% Test OOD2: 50.83% Test OOD3: 62.28% 
Epoch: 45, Loss: 1.0775, Train: 81.46%, Valid: 70.85%, Test In: 71.36% Test OOD1: 65.29% Test OOD2: 50.77% Test OOD3: 62.26% 
Epoch: 46, Loss: 1.0802, Train: 82.03%, Valid: 71.06%, Test In: 71.61% Test OOD1: 65.03% Test OOD2: 50.85% Test OOD3: 62.25% 
Epoch: 47, Loss: 1.0572, Train: 82.25%, Valid: 71.06%, Test In: 71.66% Test OOD1: 64.98% Test OOD2: 50.94% Test OOD3: 62.23% 
Epoch: 48, Loss: 1.0673, Train: 82.32%, Valid: 70.90%, Test In: 71.46% Test OOD1: 65.23% Test OOD2: 50.82% Test OOD3: 62.29% 
Epoch: 49, Loss: 1.0460, Train: 82.46%, Valid: 70.79%, Test In: 71.33% Test OOD1: 65.34% Test OOD2: 50.75% Test OOD3: 62.32% 
Epoch: 50, Loss: 1.0483, Train: 82.88%, Valid: 70.90%, Test In: 71.50% Test OOD1: 65.25% Test OOD2: 50.86% Test OOD3: 62.33% 
Epoch: 51, Loss: 1.0397, Train: 83.65%, Valid: 71.06%, Test In: 71.68% Test OOD1: 64.61% Test OOD2: 50.96% Test OOD3: 62.13% 
Epoch: 52, Loss: 1.0318, Train: 83.72%, Valid: 70.89%, Test In: 71.46% Test OOD1: 65.00% Test OOD2: 50.86% Test OOD3: 62.20% 
Epoch: 53, Loss: 1.0194, Train: 84.03%, Valid: 70.82%, Test In: 71.36% Test OOD1: 65.01% Test OOD2: 50.83% Test OOD3: 62.17% 
Epoch: 54, Loss: 1.0123, Train: 85.19%, Valid: 71.04%, Test In: 71.58% Test OOD1: 63.87% Test OOD2: 51.05% Test OOD3: 61.78% 
Epoch: 55, Loss: 1.0157, Train: 84.59%, Valid: 70.69%, Test In: 71.20% Test OOD1: 65.04% Test OOD2: 50.73% Test OOD3: 62.09% 
Epoch: 56, Loss: 1.0244, Train: 86.09%, Valid: 70.92%, Test In: 71.42% Test OOD1: 63.77% Test OOD2: 51.08% Test OOD3: 61.63% 
Epoch: 57, Loss: 1.0343, Train: 85.34%, Valid: 70.71%, Test In: 71.19% Test OOD1: 65.05% Test OOD2: 50.75% Test OOD3: 62.06% 
Epoch: 58, Loss: 1.0116, Train: 86.48%, Valid: 70.95%, Test In: 71.55% Test OOD1: 64.42% Test OOD2: 50.94% Test OOD3: 61.94% 
Epoch: 59, Loss: 0.9729, Train: 87.06%, Valid: 70.97%, Test In: 71.62% Test OOD1: 64.25% Test OOD2: 51.07% Test OOD3: 61.95% 
Epoch: 60, Loss: 0.9887, Train: 86.75%, Valid: 70.87%, Test In: 71.46% Test OOD1: 64.97% Test OOD2: 50.81% Test OOD3: 62.19% 
Epoch: 61, Loss: 0.9711, Train: 87.47%, Valid: 70.83%, Test In: 71.43% Test OOD1: 64.84% Test OOD2: 50.82% Test OOD3: 62.09% 
Epoch: 62, Loss: 0.9504, Train: 88.44%, Valid: 70.94%, Test In: 71.46% Test OOD1: 64.28% Test OOD2: 51.04% Test OOD3: 61.87% 
Epoch: 63, Loss: 0.9619, Train: 88.47%, Valid: 70.96%, Test In: 71.50% Test OOD1: 64.41% Test OOD2: 50.92% Test OOD3: 61.88% 
Epoch: 64, Loss: 0.9592, Train: 88.10%, Valid: 70.58%, Test In: 71.00% Test OOD1: 64.77% Test OOD2: 50.65% Test OOD3: 61.89% 
Epoch: 65, Loss: 0.9614, Train: 89.76%, Valid: 70.89%, Test In: 71.44% Test OOD1: 63.38% Test OOD2: 51.13% Test OOD3: 61.48% 
Epoch: 66, Loss: 0.9448, Train: 89.87%, Valid: 70.95%, Test In: 71.40% Test OOD1: 64.05% Test OOD2: 50.97% Test OOD3: 61.75% 
Epoch: 67, Loss: 0.9176, Train: 89.23%, Valid: 70.54%, Test In: 70.82% Test OOD1: 64.77% Test OOD2: 50.64% Test OOD3: 61.86% 
Epoch: 68, Loss: 0.9308, Train: 90.88%, Valid: 70.77%, Test In: 71.07% Test OOD1: 64.16% Test OOD2: 50.99% Test OOD3: 61.69% 
Epoch: 69, Loss: 0.8823, Train: 91.33%, Valid: 70.72%, Test In: 71.06% Test OOD1: 63.78% Test OOD2: 51.07% Test OOD3: 61.57% 
Epoch: 70, Loss: 0.8906, Train: 90.44%, Valid: 70.32%, Test In: 70.64% Test OOD1: 64.52% Test OOD2: 50.71% Test OOD3: 61.80% 
Epoch: 71, Loss: 0.9077, Train: 91.64%, Valid: 70.53%, Test In: 70.88% Test OOD1: 64.03% Test OOD2: 50.96% Test OOD3: 61.66% 
Epoch: 72, Loss: 0.8533, Train: 92.30%, Valid: 70.47%, Test In: 70.92% Test OOD1: 63.28% Test OOD2: 51.06% Test OOD3: 61.31% 
Epoch: 73, Loss: 0.8914, Train: 92.58%, Valid: 70.29%, Test In: 70.63% Test OOD1: 63.98% Test OOD2: 50.84% Test OOD3: 61.43% 
Epoch: 74, Loss: 0.8401, Train: 92.87%, Valid: 70.15%, Test In: 70.42% Test OOD1: 64.13% Test OOD2: 50.77% Test OOD3: 61.35% 
Epoch: 75, Loss: 0.8610, Train: 93.49%, Valid: 70.27%, Test In: 70.44% Test OOD1: 63.73% Test OOD2: 50.81% Test OOD3: 61.13% 
Epoch: 76, Loss: 0.8168, Train: 94.25%, Valid: 70.29%, Test In: 70.39% Test OOD1: 63.24% Test OOD2: 51.00% Test OOD3: 60.89% 
Epoch: 77, Loss: 0.8270, Train: 93.65%, Valid: 70.25%, Test In: 70.38% Test OOD1: 63.79% Test OOD2: 50.67% Test OOD3: 61.22% 
Epoch: 78, Loss: 0.8132, Train: 94.61%, Valid: 70.33%, Test In: 70.38% Test OOD1: 63.41% Test OOD2: 50.81% Test OOD3: 61.10% 
Epoch: 79, Loss: 0.8073, Train: 94.62%, Valid: 70.39%, Test In: 70.42% Test OOD1: 63.26% Test OOD2: 50.81% Test OOD3: 61.13% 
Epoch: 80, Loss: 0.7868, Train: 94.96%, Valid: 70.48%, Test In: 70.38% Test OOD1: 63.27% Test OOD2: 50.94% Test OOD3: 61.21% 
Epoch: 81, Loss: 0.7992, Train: 95.25%, Valid: 70.43%, Test In: 70.27% Test OOD1: 63.40% Test OOD2: 50.95% Test OOD3: 61.06% 
Epoch: 82, Loss: 0.7541, Train: 95.97%, Valid: 70.40%, Test In: 70.13% Test OOD1: 63.19% Test OOD2: 51.12% Test OOD3: 60.90% 
Epoch: 83, Loss: 0.7553, Train: 95.50%, Valid: 70.31%, Test In: 70.05% Test OOD1: 63.45% Test OOD2: 50.92% Test OOD3: 60.99% 
Epoch: 84, Loss: 0.7574, Train: 96.49%, Valid: 70.34%, Test In: 70.09% Test OOD1: 62.83% Test OOD2: 51.02% Test OOD3: 60.77% 
Epoch: 85, Loss: 0.7419, Train: 96.39%, Valid: 70.35%, Test In: 70.23% Test OOD1: 63.11% Test OOD2: 50.89% Test OOD3: 61.00% 
Epoch: 86, Loss: 0.7178, Train: 96.55%, Valid: 70.36%, Test In: 70.33% Test OOD1: 62.91% Test OOD2: 50.92% Test OOD3: 61.01% 
Epoch: 87, Loss: 0.7159, Train: 97.26%, Valid: 70.22%, Test In: 70.10% Test OOD1: 61.98% Test OOD2: 51.23% Test OOD3: 60.68% 
Epoch: 88, Loss: 0.7422, Train: 96.22%, Valid: 70.07%, Test In: 69.87% Test OOD1: 63.20% Test OOD2: 50.75% Test OOD3: 61.10% 
Epoch: 89, Loss: 0.7418, Train: 97.42%, Valid: 70.04%, Test In: 69.56% Test OOD1: 62.75% Test OOD2: 50.90% Test OOD3: 60.84% 
Epoch: 90, Loss: 0.6758, Train: 97.58%, Valid: 70.07%, Test In: 69.64% Test OOD1: 62.85% Test OOD2: 50.93% Test OOD3: 60.97% 
Epoch: 91, Loss: 0.6748, Train: 96.84%, Valid: 70.10%, Test In: 69.89% Test OOD1: 63.32% Test OOD2: 50.72% Test OOD3: 61.33% 
Epoch: 92, Loss: 0.6980, Train: 97.86%, Valid: 70.22%, Test In: 70.08% Test OOD1: 62.50% Test OOD2: 51.06% Test OOD3: 61.13% 
Epoch: 93, Loss: 0.6557, Train: 97.93%, Valid: 70.21%, Test In: 70.02% Test OOD1: 62.65% Test OOD2: 50.94% Test OOD3: 61.16% 
Epoch: 94, Loss: 0.6529, Train: 97.80%, Valid: 70.08%, Test In: 69.72% Test OOD1: 62.86% Test OOD2: 50.79% Test OOD3: 60.93% 
Epoch: 95, Loss: 0.6579, Train: 98.27%, Valid: 69.96%, Test In: 69.43% Test OOD1: 62.56% Test OOD2: 50.73% Test OOD3: 60.56% 
Epoch: 96, Loss: 0.6677, Train: 98.25%, Valid: 70.09%, Test In: 69.41% Test OOD1: 62.44% Test OOD2: 50.80% Test OOD3: 60.62% 
Epoch: 97, Loss: 0.7084, Train: 98.06%, Valid: 70.05%, Test In: 69.60% Test OOD1: 63.12% Test OOD2: 50.58% Test OOD3: 61.02% 
Epoch: 98, Loss: 0.6856, Train: 98.55%, Valid: 70.14%, Test In: 69.76% Test OOD1: 62.62% Test OOD2: 50.87% Test OOD3: 60.84% 
Epoch: 99, Loss: 0.6445, Train: 98.42%, Valid: 70.22%, Test In: 69.82% Test OOD1: 62.72% Test OOD2: 50.87% Test OOD3: 61.01% 
Epoch: 100, Loss: 0.6653, Train: 98.57%, Valid: 70.11%, Test In: 69.59% Test OOD1: 62.89% Test OOD2: 50.62% Test OOD3: 60.75% 
Epoch: 101, Loss: 0.6214, Train: 98.85%, Valid: 69.92%, Test In: 69.31% Test OOD1: 62.43% Test OOD2: 50.64% Test OOD3: 60.30% 
Epoch: 102, Loss: 0.6450, Train: 98.76%, Valid: 69.85%, Test In: 69.22% Test OOD1: 62.61% Test OOD2: 50.53% Test OOD3: 60.52% 
Epoch: 103, Loss: 0.6122, Train: 98.71%, Valid: 69.89%, Test In: 69.32% Test OOD1: 62.72% Test OOD2: 50.56% Test OOD3: 60.72% 
Epoch: 104, Loss: 0.6026, Train: 98.97%, Valid: 69.92%, Test In: 69.44% Test OOD1: 62.44% Test OOD2: 50.75% Test OOD3: 60.60% 
Epoch: 105, Loss: 0.6056, Train: 99.03%, Valid: 69.91%, Test In: 69.38% Test OOD1: 62.37% Test OOD2: 50.77% Test OOD3: 60.57% 
Epoch: 106, Loss: 0.5787, Train: 99.00%, Valid: 69.92%, Test In: 69.29% Test OOD1: 62.21% Test OOD2: 50.76% Test OOD3: 60.45% 
Epoch: 107, Loss: 0.5894, Train: 99.15%, Valid: 69.81%, Test In: 69.09% Test OOD1: 61.90% Test OOD2: 50.67% Test OOD3: 60.06% 
Epoch: 108, Loss: 0.5747, Train: 99.09%, Valid: 69.66%, Test In: 68.96% Test OOD1: 62.13% Test OOD2: 50.57% Test OOD3: 60.07% 
Epoch: 109, Loss: 0.6130, Train: 99.35%, Valid: 69.65%, Test In: 68.97% Test OOD1: 61.86% Test OOD2: 50.73% Test OOD3: 60.02% 
Epoch: 110, Loss: 0.5637, Train: 99.29%, Valid: 69.74%, Test In: 69.12% Test OOD1: 62.08% Test OOD2: 50.78% Test OOD3: 60.36% 
Epoch: 111, Loss: 0.5756, Train: 99.29%, Valid: 69.71%, Test In: 69.25% Test OOD1: 62.22% Test OOD2: 50.70% Test OOD3: 60.51% 
Epoch: 112, Loss: 0.5512, Train: 99.32%, Valid: 69.74%, Test In: 69.26% Test OOD1: 62.21% Test OOD2: 50.65% Test OOD3: 60.54% 
Epoch: 113, Loss: 0.5425, Train: 99.38%, Valid: 69.83%, Test In: 69.19% Test OOD1: 62.09% Test OOD2: 50.72% Test OOD3: 60.49% 
Epoch: 114, Loss: 0.5637, Train: 99.49%, Valid: 69.72%, Test In: 69.13% Test OOD1: 61.92% Test OOD2: 50.64% Test OOD3: 60.12% 
Epoch: 115, Loss: 0.5406, Train: 99.45%, Valid: 69.69%, Test In: 69.14% Test OOD1: 62.00% Test OOD2: 50.58% Test OOD3: 60.06% 
Epoch: 116, Loss: 0.5587, Train: 99.60%, Valid: 69.64%, Test In: 69.18% Test OOD1: 61.74% Test OOD2: 50.85% Test OOD3: 59.97% 
Epoch: 117, Loss: 0.5484, Train: 99.49%, Valid: 69.56%, Test In: 69.22% Test OOD1: 62.24% Test OOD2: 50.76% Test OOD3: 60.26% 
Epoch: 118, Loss: 0.5538, Train: 99.57%, Valid: 69.44%, Test In: 69.23% Test OOD1: 62.20% Test OOD2: 50.71% Test OOD3: 60.17% 
Epoch: 119, Loss: 0.5420, Train: 99.50%, Valid: 69.36%, Test In: 69.11% Test OOD1: 62.47% Test OOD2: 50.62% Test OOD3: 60.20% 
Epoch: 120, Loss: 0.5118, Train: 99.60%, Valid: 69.30%, Test In: 69.03% Test OOD1: 62.36% Test OOD2: 50.66% Test OOD3: 60.01% 
Epoch: 121, Loss: 0.5217, Train: 99.67%, Valid: 69.21%, Test In: 69.13% Test OOD1: 62.10% Test OOD2: 50.71% Test OOD3: 59.74% 
Epoch: 122, Loss: 0.5269, Train: 99.67%, Valid: 69.24%, Test In: 69.21% Test OOD1: 61.92% Test OOD2: 50.78% Test OOD3: 59.85% 
Epoch: 123, Loss: 0.5178, Train: 99.70%, Valid: 69.22%, Test In: 69.32% Test OOD1: 61.72% Test OOD2: 50.91% Test OOD3: 59.95% 
Epoch: 124, Loss: 0.5123, Train: 99.66%, Valid: 69.17%, Test In: 69.40% Test OOD1: 62.21% Test OOD2: 50.86% Test OOD3: 60.29% 
Epoch: 125, Loss: 0.5035, Train: 99.66%, Valid: 69.14%, Test In: 69.42% Test OOD1: 62.50% Test OOD2: 50.96% Test OOD3: 60.44% 
Epoch: 126, Loss: 0.4998, Train: 99.69%, Valid: 69.23%, Test In: 69.41% Test OOD1: 62.56% Test OOD2: 50.93% Test OOD3: 60.39% 
Epoch: 127, Loss: 0.5066, Train: 99.74%, Valid: 69.32%, Test In: 69.35% Test OOD1: 62.41% Test OOD2: 50.88% Test OOD3: 60.21% 
Epoch: 128, Loss: 0.4943, Train: 99.76%, Valid: 69.40%, Test In: 69.41% Test OOD1: 62.19% Test OOD2: 50.93% Test OOD3: 60.23% 
Epoch: 129, Loss: 0.4952, Train: 99.79%, Valid: 69.42%, Test In: 69.46% Test OOD1: 61.99% Test OOD2: 51.05% Test OOD3: 60.29% 
Epoch: 130, Loss: 0.5010, Train: 99.71%, Valid: 69.28%, Test In: 69.51% Test OOD1: 62.69% Test OOD2: 50.97% Test OOD3: 60.61% 
Epoch: 131, Loss: 0.4869, Train: 99.78%, Valid: 69.24%, Test In: 69.54% Test OOD1: 62.63% Test OOD2: 51.08% Test OOD3: 60.51% 
Epoch: 132, Loss: 0.5031, Train: 99.73%, Valid: 69.33%, Test In: 69.59% Test OOD1: 62.76% Test OOD2: 51.16% Test OOD3: 60.52% 
Epoch: 133, Loss: 0.5178, Train: 99.84%, Valid: 69.43%, Test In: 69.59% Test OOD1: 62.30% Test OOD2: 51.21% Test OOD3: 60.19% 
Epoch: 134, Loss: 0.5445, Train: 99.65%, Valid: 69.44%, Test In: 69.61% Test OOD1: 63.03% Test OOD2: 51.03% Test OOD3: 60.44% 
Epoch: 135, Loss: 0.6070, Train: 99.84%, Valid: 69.42%, Test In: 69.64% Test OOD1: 62.62% Test OOD2: 51.15% Test OOD3: 60.36% 
Epoch: 136, Loss: 0.4845, Train: 99.86%, Valid: 69.31%, Test In: 69.62% Test OOD1: 62.77% Test OOD2: 51.20% Test OOD3: 60.40% 
Epoch: 137, Loss: 0.5387, Train: 99.64%, Valid: 69.24%, Test In: 69.56% Test OOD1: 63.37% Test OOD2: 51.04% Test OOD3: 60.59% 
Epoch: 138, Loss: 0.5322, Train: 99.69%, Valid: 69.19%, Test In: 69.55% Test OOD1: 63.23% Test OOD2: 51.07% Test OOD3: 60.45% 
Epoch: 139, Loss: 0.5273, Train: 99.83%, Valid: 69.16%, Test In: 69.60% Test OOD1: 62.71% Test OOD2: 51.12% Test OOD3: 60.12% 
Epoch: 140, Loss: 0.5110, Train: 99.81%, Valid: 69.17%, Test In: 69.64% Test OOD1: 62.88% Test OOD2: 51.04% Test OOD3: 60.21% 
Epoch: 141, Loss: 0.5433, Train: 99.84%, Valid: 69.29%, Test In: 69.65% Test OOD1: 62.81% Test OOD2: 51.00% Test OOD3: 60.26% 
Epoch: 142, Loss: 0.5011, Train: 99.69%, Valid: 69.28%, Test In: 69.55% Test OOD1: 63.14% Test OOD2: 50.84% Test OOD3: 60.42% 
Epoch: 143, Loss: 0.5151, Train: 99.82%, Valid: 69.38%, Test In: 69.48% Test OOD1: 62.75% Test OOD2: 50.90% Test OOD3: 60.29% 
Epoch: 144, Loss: 0.5075, Train: 99.84%, Valid: 69.37%, Test In: 69.37% Test OOD1: 62.32% Test OOD2: 51.04% Test OOD3: 60.15% 
Epoch: 145, Loss: 0.4983, Train: 99.86%, Valid: 69.29%, Test In: 69.31% Test OOD1: 62.16% Test OOD2: 51.04% Test OOD3: 59.97% 
Epoch: 146, Loss: 0.4997, Train: 99.87%, Valid: 69.38%, Test In: 69.35% Test OOD1: 61.81% Test OOD2: 51.16% Test OOD3: 59.75% 
Epoch: 147, Loss: 0.4792, Train: 99.82%, Valid: 69.39%, Test In: 69.36% Test OOD1: 62.09% Test OOD2: 51.16% Test OOD3: 59.90% 
Epoch: 148, Loss: 0.4946, Train: 99.85%, Valid: 69.30%, Test In: 69.28% Test OOD1: 62.09% Test OOD2: 51.08% Test OOD3: 59.77% 
Epoch: 149, Loss: 0.5337, Train: 99.80%, Valid: 69.23%, Test In: 69.13% Test OOD1: 62.25% Test OOD2: 51.24% Test OOD3: 60.04% 
Epoch: 150, Loss: 0.5432, Train: 99.88%, Valid: 69.44%, Test In: 69.16% Test OOD1: 61.93% Test OOD2: 51.18% Test OOD3: 59.91% 
Epoch: 151, Loss: 0.5016, Train: 99.81%, Valid: 69.38%, Test In: 69.18% Test OOD1: 62.59% Test OOD2: 51.03% Test OOD3: 60.22% 
Epoch: 152, Loss: 0.4874, Train: 99.84%, Valid: 69.25%, Test In: 69.17% Test OOD1: 62.59% Test OOD2: 51.18% Test OOD3: 60.30% 
Epoch: 153, Loss: 0.4773, Train: 99.89%, Valid: 69.19%, Test In: 69.21% Test OOD1: 62.24% Test OOD2: 51.27% Test OOD3: 60.18% 
Epoch: 154, Loss: 0.4854, Train: 99.88%, Valid: 69.17%, Test In: 69.26% Test OOD1: 62.26% Test OOD2: 51.30% Test OOD3: 60.18% 
Epoch: 155, Loss: 0.4700, Train: 99.86%, Valid: 69.18%, Test In: 69.31% Test OOD1: 62.38% Test OOD2: 51.37% Test OOD3: 60.24% 
Epoch: 156, Loss: 0.4832, Train: 99.90%, Valid: 69.25%, Test In: 69.32% Test OOD1: 62.00% Test OOD2: 51.52% Test OOD3: 60.06% 
Epoch: 157, Loss: 0.4712, Train: 99.90%, Valid: 69.28%, Test In: 69.30% Test OOD1: 62.39% Test OOD2: 51.44% Test OOD3: 60.09% 
Epoch: 158, Loss: 0.4677, Train: 99.87%, Valid: 69.24%, Test In: 69.22% Test OOD1: 62.63% Test OOD2: 51.38% Test OOD3: 60.13% 
Epoch: 159, Loss: 0.4738, Train: 99.91%, Valid: 69.17%, Test In: 69.09% Test OOD1: 62.30% Test OOD2: 51.49% Test OOD3: 59.98% 
Epoch: 160, Loss: 0.4639, Train: 99.91%, Valid: 69.06%, Test In: 69.03% Test OOD1: 62.31% Test OOD2: 51.43% Test OOD3: 59.97% 
Epoch: 161, Loss: 0.4649, Train: 99.90%, Valid: 69.02%, Test In: 69.14% Test OOD1: 62.27% Test OOD2: 51.45% Test OOD3: 60.07% 
Epoch: 162, Loss: 0.4619, Train: 99.92%, Valid: 68.97%, Test In: 69.21% Test OOD1: 61.93% Test OOD2: 51.42% Test OOD3: 60.07% 
Epoch: 163, Loss: 0.4475, Train: 99.92%, Valid: 68.89%, Test In: 69.16% Test OOD1: 62.29% Test OOD2: 51.18% Test OOD3: 60.24% 
Epoch: 164, Loss: 0.4552, Train: 99.91%, Valid: 68.85%, Test In: 69.16% Test OOD1: 62.49% Test OOD2: 51.09% Test OOD3: 60.38% 
Epoch: 165, Loss: 0.4465, Train: 99.91%, Valid: 68.88%, Test In: 69.23% Test OOD1: 62.63% Test OOD2: 51.06% Test OOD3: 60.41% 
Epoch: 166, Loss: 0.4533, Train: 99.92%, Valid: 68.87%, Test In: 69.36% Test OOD1: 62.57% Test OOD2: 51.14% Test OOD3: 60.34% 
Epoch: 167, Loss: 0.4459, Train: 99.92%, Valid: 68.88%, Test In: 69.47% Test OOD1: 61.92% Test OOD2: 51.33% Test OOD3: 60.11% 
Epoch: 168, Loss: 0.4484, Train: 99.91%, Valid: 68.77%, Test In: 69.44% Test OOD1: 62.53% Test OOD2: 51.15% Test OOD3: 60.39% 
Epoch: 169, Loss: 0.4743, Train: 99.92%, Valid: 68.74%, Test In: 69.43% Test OOD1: 61.66% Test OOD2: 51.36% Test OOD3: 60.32% 
Epoch: 170, Loss: 0.5006, Train: 99.87%, Valid: 68.62%, Test In: 69.18% Test OOD1: 62.50% Test OOD2: 50.99% Test OOD3: 60.68% 
Epoch: 171, Loss: 0.4741, Train: 99.90%, Valid: 68.65%, Test In: 69.13% Test OOD1: 62.42% Test OOD2: 50.99% Test OOD3: 60.68% 
Epoch: 172, Loss: 0.4671, Train: 99.94%, Valid: 68.85%, Test In: 69.33% Test OOD1: 61.81% Test OOD2: 51.14% Test OOD3: 60.63% 
Epoch: 173, Loss: 0.4909, Train: 99.94%, Valid: 69.06%, Test In: 69.50% Test OOD1: 62.01% Test OOD2: 51.19% Test OOD3: 60.56% 
Epoch: 174, Loss: 0.4413, Train: 99.93%, Valid: 69.14%, Test In: 69.65% Test OOD1: 62.35% Test OOD2: 51.15% Test OOD3: 60.66% 
Epoch: 175, Loss: 0.4739, Train: 99.94%, Valid: 69.14%, Test In: 69.77% Test OOD1: 62.21% Test OOD2: 51.27% Test OOD3: 60.81% 
Epoch: 176, Loss: 0.4524, Train: 99.93%, Valid: 69.11%, Test In: 69.72% Test OOD1: 62.41% Test OOD2: 51.32% Test OOD3: 61.02% 
Epoch: 177, Loss: 0.4479, Train: 99.92%, Valid: 69.03%, Test In: 69.53% Test OOD1: 62.41% Test OOD2: 51.22% Test OOD3: 60.99% 
Epoch: 178, Loss: 0.4363, Train: 99.94%, Valid: 69.00%, Test In: 69.36% Test OOD1: 61.80% Test OOD2: 51.22% Test OOD3: 60.60% 
Epoch: 179, Loss: 0.4448, Train: 99.94%, Valid: 68.91%, Test In: 69.31% Test OOD1: 61.61% Test OOD2: 51.17% Test OOD3: 60.46% 
Epoch: 180, Loss: 0.4529, Train: 99.94%, Valid: 68.87%, Test In: 69.19% Test OOD1: 61.87% Test OOD2: 51.07% Test OOD3: 60.43% 
Epoch: 181, Loss: 0.4375, Train: 99.93%, Valid: 68.87%, Test In: 69.28% Test OOD1: 62.17% Test OOD2: 51.13% Test OOD3: 60.55% 
Epoch: 182, Loss: 0.4410, Train: 99.93%, Valid: 68.97%, Test In: 69.37% Test OOD1: 62.14% Test OOD2: 51.31% Test OOD3: 60.55% 
Epoch: 183, Loss: 0.4417, Train: 99.95%, Valid: 69.12%, Test In: 69.32% Test OOD1: 61.67% Test OOD2: 51.37% Test OOD3: 60.23% 
Epoch: 184, Loss: 0.4461, Train: 99.92%, Valid: 69.06%, Test In: 69.27% Test OOD1: 62.12% Test OOD2: 51.29% Test OOD3: 60.38% 
Epoch: 185, Loss: 0.4529, Train: 99.96%, Valid: 69.03%, Test In: 69.19% Test OOD1: 61.44% Test OOD2: 51.33% Test OOD3: 60.25% 
Epoch: 186, Loss: 0.4448, Train: 99.90%, Valid: 68.96%, Test In: 69.28% Test OOD1: 62.30% Test OOD2: 51.23% Test OOD3: 60.63% 
Epoch: 187, Loss: 0.4524, Train: 99.95%, Valid: 69.05%, Test In: 69.32% Test OOD1: 62.12% Test OOD2: 51.15% Test OOD3: 60.48% 
Epoch: 188, Loss: 0.4483, Train: 99.94%, Valid: 69.18%, Test In: 69.42% Test OOD1: 62.33% Test OOD2: 50.99% Test OOD3: 60.37% 
Epoch: 189, Loss: 0.4425, Train: 99.92%, Valid: 69.19%, Test In: 69.45% Test OOD1: 62.65% Test OOD2: 50.99% Test OOD3: 60.37% 
Epoch: 190, Loss: 0.4543, Train: 99.97%, Valid: 69.18%, Test In: 69.41% Test OOD1: 62.01% Test OOD2: 51.09% Test OOD3: 59.91% 
Epoch: 191, Loss: 0.4532, Train: 99.93%, Valid: 69.11%, Test In: 69.50% Test OOD1: 62.93% Test OOD2: 51.00% Test OOD3: 60.19% 
Epoch: 192, Loss: 0.4483, Train: 99.96%, Valid: 69.08%, Test In: 69.50% Test OOD1: 62.58% Test OOD2: 51.18% Test OOD3: 60.06% 
Epoch: 193, Loss: 0.4328, Train: 99.96%, Valid: 69.10%, Test In: 69.52% Test OOD1: 62.69% Test OOD2: 51.11% Test OOD3: 60.07% 
Epoch: 194, Loss: 0.4326, Train: 99.91%, Valid: 69.09%, Test In: 69.49% Test OOD1: 63.19% Test OOD2: 50.89% Test OOD3: 60.29% 
Epoch: 195, Loss: 0.4506, Train: 99.97%, Valid: 69.20%, Test In: 69.59% Test OOD1: 62.30% Test OOD2: 50.91% Test OOD3: 59.95% 
Epoch: 196, Loss: 0.4449, Train: 99.96%, Valid: 69.22%, Test In: 69.73% Test OOD1: 62.38% Test OOD2: 50.93% Test OOD3: 60.16% 
Epoch: 197, Loss: 0.4246, Train: 99.96%, Valid: 69.13%, Test In: 69.84% Test OOD1: 62.65% Test OOD2: 50.96% Test OOD3: 60.41% 
Epoch: 198, Loss: 0.4278, Train: 99.98%, Valid: 69.03%, Test In: 69.85% Test OOD1: 62.30% Test OOD2: 51.10% Test OOD3: 60.23% 
Epoch: 199, Loss: 0.4219, Train: 99.96%, Valid: 68.97%, Test In: 69.91% Test OOD1: 62.63% Test OOD2: 51.11% Test OOD3: 60.24% 
Run 01:
Highest Train: 99.98
Highest Valid: 71.17
Highest In Test: 71.81
Highest OOD Test: 66.16
Highest OOD Test: 52.66
Highest OOD Test: 62.93
Chosen epoch: 44
Final Train: 81.61
Final In Test: 71.81
Final OOD Test: 64.35
Final OOD Test: 51.11
Final OOD Test: 62.03
Epoch: 00, Loss: 1.3897, Train: 56.78%, Valid: 53.95%, Test In: 55.48% Test OOD1: 48.66% Test OOD2: 51.68% Test OOD3: 51.85% 
Epoch: 01, Loss: 1.3834, Train: 57.90%, Valid: 54.77%, Test In: 56.31% Test OOD1: 48.58% Test OOD2: 51.98% Test OOD3: 52.34% 
Epoch: 02, Loss: 1.3749, Train: 65.28%, Valid: 60.99%, Test In: 62.52% Test OOD1: 55.18% Test OOD2: 52.63% Test OOD3: 56.96% 
Epoch: 03, Loss: 1.3641, Train: 69.25%, Valid: 64.96%, Test In: 66.05% Test OOD1: 63.12% Test OOD2: 52.06% Test OOD3: 60.96% 
Epoch: 04, Loss: 1.3531, Train: 66.73%, Valid: 63.70%, Test In: 63.69% Test OOD1: 62.88% Test OOD2: 51.44% Test OOD3: 60.02% 
Epoch: 05, Loss: 1.3425, Train: 65.05%, Valid: 62.58%, Test In: 62.28% Test OOD1: 62.32% Test OOD2: 51.15% Test OOD3: 59.26% 
Epoch: 06, Loss: 1.3321, Train: 64.16%, Valid: 61.91%, Test In: 61.53% Test OOD1: 61.94% Test OOD2: 51.01% Test OOD3: 58.88% 
Epoch: 07, Loss: 1.3209, Train: 63.96%, Valid: 61.71%, Test In: 61.34% Test OOD1: 61.87% Test OOD2: 50.99% Test OOD3: 58.86% 
Epoch: 08, Loss: 1.3158, Train: 64.27%, Valid: 61.86%, Test In: 61.58% Test OOD1: 61.99% Test OOD2: 51.01% Test OOD3: 59.10% 
Epoch: 09, Loss: 1.3113, Train: 64.89%, Valid: 62.24%, Test In: 62.09% Test OOD1: 62.23% Test OOD2: 51.09% Test OOD3: 59.47% 
Epoch: 10, Loss: 1.3008, Train: 66.05%, Valid: 63.06%, Test In: 63.06% Test OOD1: 62.75% Test OOD2: 51.26% Test OOD3: 60.03% 
Epoch: 11, Loss: 1.2933, Train: 67.91%, Valid: 64.37%, Test In: 64.73% Test OOD1: 63.58% Test OOD2: 51.49% Test OOD3: 60.84% 
Epoch: 12, Loss: 1.2860, Train: 69.88%, Valid: 65.81%, Test In: 66.43% Test OOD1: 64.36% Test OOD2: 51.75% Test OOD3: 61.65% 
Epoch: 13, Loss: 1.2753, Train: 71.27%, Valid: 66.82%, Test In: 67.49% Test OOD1: 64.91% Test OOD2: 51.96% Test OOD3: 62.23% 
Epoch: 14, Loss: 1.2646, Train: 72.77%, Valid: 67.85%, Test In: 68.70% Test OOD1: 65.06% Test OOD2: 52.01% Test OOD3: 62.69% 
Epoch: 15, Loss: 1.2541, Train: 73.14%, Valid: 68.06%, Test In: 68.82% Test OOD1: 65.39% Test OOD2: 52.07% Test OOD3: 62.78% 
Epoch: 16, Loss: 1.2422, Train: 74.45%, Valid: 68.96%, Test In: 69.82% Test OOD1: 65.27% Test OOD2: 52.04% Test OOD3: 62.98% 
Epoch: 17, Loss: 1.2300, Train: 75.14%, Valid: 69.54%, Test In: 70.18% Test OOD1: 65.56% Test OOD2: 51.93% Test OOD3: 63.02% 
Epoch: 18, Loss: 1.2170, Train: 76.04%, Valid: 70.13%, Test In: 70.74% Test OOD1: 65.49% Test OOD2: 51.95% Test OOD3: 63.02% 
Epoch: 19, Loss: 1.1974, Train: 76.31%, Valid: 70.23%, Test In: 70.80% Test OOD1: 65.92% Test OOD2: 51.70% Test OOD3: 62.92% 
Epoch: 20, Loss: 1.1994, Train: 77.50%, Valid: 70.97%, Test In: 71.50% Test OOD1: 64.38% Test OOD2: 52.16% Test OOD3: 62.65% 
Epoch: 21, Loss: 1.2168, Train: 76.72%, Valid: 70.32%, Test In: 70.88% Test OOD1: 66.27% Test OOD2: 51.33% Test OOD3: 62.73% 
Epoch: 22, Loss: 1.1999, Train: 77.21%, Valid: 70.48%, Test In: 71.06% Test OOD1: 65.97% Test OOD2: 51.48% Test OOD3: 62.73% 
Epoch: 23, Loss: 1.1899, Train: 77.96%, Valid: 70.99%, Test In: 71.54% Test OOD1: 65.51% Test OOD2: 51.63% Test OOD3: 62.69% 
Epoch: 24, Loss: 1.1631, Train: 78.50%, Valid: 71.14%, Test In: 71.70% Test OOD1: 64.96% Test OOD2: 51.58% Test OOD3: 62.54% 
Epoch: 25, Loss: 1.1741, Train: 78.61%, Valid: 71.07%, Test In: 71.71% Test OOD1: 64.61% Test OOD2: 51.64% Test OOD3: 62.45% 
Epoch: 26, Loss: 1.1505, Train: 78.44%, Valid: 70.92%, Test In: 71.50% Test OOD1: 65.42% Test OOD2: 51.47% Test OOD3: 62.59% 
Epoch: 27, Loss: 1.1498, Train: 77.97%, Valid: 70.43%, Test In: 71.03% Test OOD1: 65.82% Test OOD2: 51.02% Test OOD3: 62.53% 
Epoch: 28, Loss: 1.1569, Train: 78.70%, Valid: 70.75%, Test In: 71.47% Test OOD1: 65.05% Test OOD2: 51.28% Test OOD3: 62.46% 
Epoch: 29, Loss: 1.1452, Train: 79.03%, Valid: 70.93%, Test In: 71.57% Test OOD1: 65.19% Test OOD2: 51.51% Test OOD3: 62.49% 
Epoch: 30, Loss: 1.1424, Train: 79.04%, Valid: 70.97%, Test In: 71.46% Test OOD1: 65.57% Test OOD2: 51.24% Test OOD3: 62.56% 
Epoch: 31, Loss: 1.1455, Train: 79.51%, Valid: 71.00%, Test In: 71.66% Test OOD1: 64.67% Test OOD2: 51.31% Test OOD3: 62.38% 
Epoch: 32, Loss: 1.1281, Train: 79.68%, Valid: 70.99%, Test In: 71.71% Test OOD1: 64.36% Test OOD2: 51.48% Test OOD3: 62.25% 
Epoch: 33, Loss: 1.1400, Train: 78.93%, Valid: 70.58%, Test In: 71.16% Test OOD1: 65.72% Test OOD2: 51.04% Test OOD3: 62.49% 
Epoch: 34, Loss: 1.1300, Train: 78.89%, Valid: 70.48%, Test In: 71.07% Test OOD1: 65.71% Test OOD2: 50.94% Test OOD3: 62.48% 
Epoch: 35, Loss: 1.1267, Train: 79.89%, Valid: 70.88%, Test In: 71.62% Test OOD1: 64.84% Test OOD2: 51.15% Test OOD3: 62.36% 
Epoch: 36, Loss: 1.1096, Train: 80.21%, Valid: 70.95%, Test In: 71.68% Test OOD1: 64.90% Test OOD2: 51.24% Test OOD3: 62.38% 
Epoch: 37, Loss: 1.1073, Train: 80.02%, Valid: 70.87%, Test In: 71.48% Test OOD1: 65.51% Test OOD2: 51.11% Test OOD3: 62.49% 
Epoch: 38, Loss: 1.1080, Train: 80.21%, Valid: 70.90%, Test In: 71.54% Test OOD1: 65.33% Test OOD2: 51.03% Test OOD3: 62.41% 
Epoch: 39, Loss: 1.1006, Train: 80.58%, Valid: 70.93%, Test In: 71.66% Test OOD1: 65.25% Test OOD2: 51.09% Test OOD3: 62.37% 
Epoch: 40, Loss: 1.0857, Train: 80.65%, Valid: 70.88%, Test In: 71.59% Test OOD1: 65.55% Test OOD2: 51.10% Test OOD3: 62.44% 
Epoch: 41, Loss: 1.0861, Train: 80.92%, Valid: 70.96%, Test In: 71.67% Test OOD1: 65.37% Test OOD2: 51.00% Test OOD3: 62.38% 
Epoch: 42, Loss: 1.0743, Train: 81.46%, Valid: 71.15%, Test In: 71.86% Test OOD1: 64.91% Test OOD2: 51.05% Test OOD3: 62.27% 
Epoch: 43, Loss: 1.0767, Train: 81.68%, Valid: 71.08%, Test In: 71.84% Test OOD1: 65.21% Test OOD2: 51.16% Test OOD3: 62.40% 
Epoch: 44, Loss: 1.0745, Train: 82.08%, Valid: 71.17%, Test In: 71.90% Test OOD1: 64.93% Test OOD2: 51.10% Test OOD3: 62.30% 
Epoch: 45, Loss: 1.0595, Train: 82.16%, Valid: 71.16%, Test In: 71.81% Test OOD1: 65.18% Test OOD2: 50.98% Test OOD3: 62.32% 
Epoch: 46, Loss: 1.0540, Train: 82.55%, Valid: 71.10%, Test In: 71.77% Test OOD1: 65.36% Test OOD2: 51.10% Test OOD3: 62.34% 
Epoch: 47, Loss: 1.0537, Train: 83.47%, Valid: 71.29%, Test In: 72.03% Test OOD1: 64.52% Test OOD2: 51.25% Test OOD3: 62.10% 
Epoch: 48, Loss: 1.0451, Train: 83.49%, Valid: 71.19%, Test In: 71.92% Test OOD1: 64.91% Test OOD2: 51.03% Test OOD3: 62.24% 
Epoch: 49, Loss: 1.0285, Train: 83.69%, Valid: 71.01%, Test In: 71.80% Test OOD1: 65.10% Test OOD2: 50.97% Test OOD3: 62.31% 
Epoch: 50, Loss: 1.0307, Train: 84.72%, Valid: 71.20%, Test In: 72.04% Test OOD1: 64.11% Test OOD2: 51.09% Test OOD3: 62.05% 
Epoch: 51, Loss: 1.0261, Train: 84.31%, Valid: 71.00%, Test In: 71.78% Test OOD1: 65.10% Test OOD2: 50.90% Test OOD3: 62.32% 
Epoch: 52, Loss: 1.0243, Train: 85.66%, Valid: 71.12%, Test In: 71.92% Test OOD1: 64.40% Test OOD2: 51.15% Test OOD3: 62.25% 
Epoch: 53, Loss: 1.0323, Train: 84.81%, Valid: 71.07%, Test In: 71.82% Test OOD1: 64.85% Test OOD2: 50.86% Test OOD3: 62.40% 
Epoch: 54, Loss: 1.0493, Train: 85.53%, Valid: 70.92%, Test In: 71.77% Test OOD1: 65.15% Test OOD2: 50.92% Test OOD3: 62.48% 
Epoch: 55, Loss: 1.0061, Train: 86.86%, Valid: 71.10%, Test In: 71.90% Test OOD1: 64.24% Test OOD2: 51.16% Test OOD3: 62.21% 
Epoch: 56, Loss: 1.0219, Train: 86.28%, Valid: 71.14%, Test In: 71.84% Test OOD1: 64.49% Test OOD2: 50.86% Test OOD3: 62.25% 
Epoch: 57, Loss: 1.0353, Train: 85.46%, Valid: 70.82%, Test In: 71.57% Test OOD1: 65.39% Test OOD2: 50.87% Test OOD3: 62.34% 
Epoch: 58, Loss: 1.0170, Train: 87.16%, Valid: 70.97%, Test In: 71.77% Test OOD1: 65.05% Test OOD2: 50.99% Test OOD3: 62.29% 
Epoch: 59, Loss: 1.0077, Train: 88.00%, Valid: 71.12%, Test In: 71.83% Test OOD1: 64.28% Test OOD2: 51.04% Test OOD3: 62.14% 
Epoch: 60, Loss: 0.9880, Train: 87.63%, Valid: 71.15%, Test In: 71.87% Test OOD1: 64.26% Test OOD2: 50.96% Test OOD3: 62.19% 
Epoch: 61, Loss: 0.9885, Train: 86.96%, Valid: 70.85%, Test In: 71.73% Test OOD1: 65.22% Test OOD2: 50.84% Test OOD3: 62.42% 
Epoch: 62, Loss: 0.9680, Train: 88.14%, Valid: 70.89%, Test In: 71.88% Test OOD1: 64.87% Test OOD2: 50.91% Test OOD3: 62.32% 
Epoch: 63, Loss: 0.9715, Train: 88.73%, Valid: 70.84%, Test In: 71.73% Test OOD1: 64.71% Test OOD2: 50.87% Test OOD3: 62.24% 
Epoch: 64, Loss: 0.9600, Train: 88.80%, Valid: 70.84%, Test In: 71.67% Test OOD1: 64.52% Test OOD2: 50.81% Test OOD3: 62.11% 
Epoch: 65, Loss: 0.9486, Train: 88.97%, Valid: 70.82%, Test In: 71.66% Test OOD1: 64.49% Test OOD2: 50.82% Test OOD3: 61.99% 
Epoch: 66, Loss: 0.9395, Train: 88.97%, Valid: 70.53%, Test In: 71.39% Test OOD1: 64.88% Test OOD2: 50.77% Test OOD3: 62.06% 
Epoch: 67, Loss: 0.9348, Train: 90.42%, Valid: 70.65%, Test In: 71.53% Test OOD1: 63.73% Test OOD2: 51.17% Test OOD3: 61.62% 
Epoch: 68, Loss: 0.9509, Train: 89.82%, Valid: 70.39%, Test In: 71.18% Test OOD1: 64.49% Test OOD2: 50.82% Test OOD3: 61.90% 
Epoch: 69, Loss: 0.9221, Train: 90.13%, Valid: 70.51%, Test In: 71.38% Test OOD1: 64.02% Test OOD2: 50.87% Test OOD3: 61.75% 
Epoch: 70, Loss: 0.9092, Train: 91.23%, Valid: 70.45%, Test In: 71.38% Test OOD1: 63.74% Test OOD2: 50.99% Test OOD3: 61.69% 
Epoch: 71, Loss: 0.9046, Train: 91.39%, Valid: 70.35%, Test In: 71.15% Test OOD1: 64.18% Test OOD2: 50.85% Test OOD3: 61.92% 
Epoch: 72, Loss: 0.8934, Train: 91.53%, Valid: 70.38%, Test In: 71.01% Test OOD1: 64.40% Test OOD2: 50.72% Test OOD3: 61.88% 
Epoch: 73, Loss: 0.8855, Train: 91.95%, Valid: 70.57%, Test In: 71.15% Test OOD1: 63.93% Test OOD2: 50.83% Test OOD3: 61.60% 
Epoch: 74, Loss: 0.8849, Train: 92.83%, Valid: 70.62%, Test In: 71.03% Test OOD1: 63.62% Test OOD2: 51.04% Test OOD3: 61.43% 
Epoch: 75, Loss: 0.8695, Train: 92.86%, Valid: 70.55%, Test In: 71.05% Test OOD1: 63.94% Test OOD2: 50.93% Test OOD3: 61.64% 
Epoch: 76, Loss: 0.8560, Train: 92.82%, Valid: 70.54%, Test In: 71.04% Test OOD1: 63.97% Test OOD2: 50.75% Test OOD3: 61.71% 
Epoch: 77, Loss: 0.8505, Train: 93.56%, Valid: 70.56%, Test In: 71.16% Test OOD1: 63.58% Test OOD2: 50.91% Test OOD3: 61.69% 
Epoch: 78, Loss: 0.8475, Train: 93.60%, Valid: 70.59%, Test In: 71.24% Test OOD1: 63.95% Test OOD2: 50.96% Test OOD3: 61.90% 
Epoch: 79, Loss: 0.8398, Train: 93.61%, Valid: 70.61%, Test In: 71.15% Test OOD1: 64.24% Test OOD2: 50.84% Test OOD3: 62.00% 
Epoch: 80, Loss: 0.8265, Train: 94.46%, Valid: 70.66%, Test In: 71.12% Test OOD1: 63.77% Test OOD2: 51.04% Test OOD3: 61.76% 
Epoch: 81, Loss: 0.8303, Train: 93.94%, Valid: 70.61%, Test In: 71.17% Test OOD1: 64.29% Test OOD2: 50.92% Test OOD3: 61.77% 
Epoch: 82, Loss: 0.8341, Train: 94.88%, Valid: 70.59%, Test In: 71.01% Test OOD1: 64.00% Test OOD2: 50.96% Test OOD3: 61.56% 
Epoch: 83, Loss: 0.7946, Train: 95.40%, Valid: 70.56%, Test In: 71.00% Test OOD1: 63.78% Test OOD2: 51.03% Test OOD3: 61.47% 
Epoch: 84, Loss: 0.7954, Train: 94.60%, Valid: 70.42%, Test In: 71.12% Test OOD1: 64.09% Test OOD2: 50.91% Test OOD3: 61.69% 
Epoch: 85, Loss: 0.8044, Train: 95.82%, Valid: 70.47%, Test In: 71.08% Test OOD1: 63.66% Test OOD2: 51.17% Test OOD3: 61.58% 
Epoch: 86, Loss: 0.7843, Train: 95.65%, Valid: 70.42%, Test In: 70.93% Test OOD1: 63.95% Test OOD2: 51.01% Test OOD3: 61.55% 
Epoch: 87, Loss: 0.7794, Train: 95.51%, Valid: 70.32%, Test In: 70.83% Test OOD1: 63.95% Test OOD2: 50.96% Test OOD3: 61.41% 
Epoch: 88, Loss: 0.7972, Train: 96.49%, Valid: 70.39%, Test In: 70.67% Test OOD1: 63.65% Test OOD2: 51.15% Test OOD3: 61.22% 
Epoch: 89, Loss: 0.7742, Train: 95.76%, Valid: 70.39%, Test In: 70.81% Test OOD1: 63.97% Test OOD2: 51.01% Test OOD3: 61.33% 
Epoch: 90, Loss: 0.7671, Train: 96.11%, Valid: 70.35%, Test In: 70.81% Test OOD1: 64.13% Test OOD2: 51.09% Test OOD3: 61.44% 
Epoch: 91, Loss: 0.7526, Train: 96.84%, Valid: 70.41%, Test In: 70.88% Test OOD1: 63.46% Test OOD2: 51.35% Test OOD3: 61.27% 
Epoch: 92, Loss: 0.7509, Train: 96.20%, Valid: 70.38%, Test In: 70.80% Test OOD1: 64.00% Test OOD2: 51.17% Test OOD3: 61.39% 
Epoch: 93, Loss: 0.7373, Train: 96.85%, Valid: 70.45%, Test In: 70.73% Test OOD1: 63.50% Test OOD2: 51.33% Test OOD3: 61.16% 
Epoch: 94, Loss: 0.7302, Train: 97.33%, Valid: 70.39%, Test In: 70.52% Test OOD1: 63.76% Test OOD2: 51.39% Test OOD3: 61.12% 
Epoch: 95, Loss: 0.7474, Train: 96.75%, Valid: 70.36%, Test In: 70.49% Test OOD1: 63.65% Test OOD2: 51.36% Test OOD3: 60.96% 
Epoch: 96, Loss: 0.8108, Train: 97.72%, Valid: 70.31%, Test In: 70.36% Test OOD1: 64.08% Test OOD2: 51.33% Test OOD3: 61.28% 
Epoch: 97, Loss: 0.7565, Train: 97.65%, Valid: 70.16%, Test In: 70.32% Test OOD1: 64.11% Test OOD2: 51.19% Test OOD3: 61.30% 
Epoch: 98, Loss: 0.7411, Train: 97.31%, Valid: 70.18%, Test In: 70.35% Test OOD1: 63.96% Test OOD2: 51.23% Test OOD3: 61.27% 
Epoch: 99, Loss: 0.7284, Train: 98.13%, Valid: 70.14%, Test In: 70.30% Test OOD1: 63.20% Test OOD2: 51.48% Test OOD3: 61.07% 
Epoch: 100, Loss: 0.7483, Train: 97.94%, Valid: 70.16%, Test In: 70.35% Test OOD1: 63.65% Test OOD2: 51.23% Test OOD3: 61.17% 
Epoch: 101, Loss: 0.7231, Train: 97.60%, Valid: 70.00%, Test In: 70.13% Test OOD1: 64.44% Test OOD2: 51.07% Test OOD3: 61.44% 
Epoch: 102, Loss: 0.7416, Train: 98.60%, Valid: 70.21%, Test In: 70.44% Test OOD1: 63.75% Test OOD2: 51.30% Test OOD3: 61.18% 
Epoch: 103, Loss: 0.7487, Train: 97.36%, Valid: 70.24%, Test In: 70.47% Test OOD1: 64.75% Test OOD2: 51.03% Test OOD3: 61.51% 
Epoch: 104, Loss: 0.7340, Train: 98.02%, Valid: 70.44%, Test In: 70.71% Test OOD1: 64.34% Test OOD2: 51.25% Test OOD3: 61.30% 
Epoch: 105, Loss: 0.6984, Train: 98.45%, Valid: 70.45%, Test In: 70.74% Test OOD1: 63.67% Test OOD2: 51.32% Test OOD3: 61.11% 
Epoch: 106, Loss: 0.7351, Train: 97.36%, Valid: 70.38%, Test In: 70.72% Test OOD1: 64.54% Test OOD2: 50.95% Test OOD3: 61.52% 
Epoch: 107, Loss: 0.7302, Train: 98.04%, Valid: 70.34%, Test In: 70.67% Test OOD1: 63.89% Test OOD2: 51.04% Test OOD3: 61.33% 
Epoch: 108, Loss: 0.6962, Train: 98.22%, Valid: 70.21%, Test In: 70.62% Test OOD1: 63.54% Test OOD2: 50.94% Test OOD3: 61.26% 
Epoch: 109, Loss: 0.7205, Train: 98.32%, Valid: 70.20%, Test In: 70.53% Test OOD1: 63.88% Test OOD2: 50.83% Test OOD3: 61.41% 
Epoch: 110, Loss: 0.6712, Train: 98.18%, Valid: 70.23%, Test In: 70.49% Test OOD1: 64.07% Test OOD2: 50.79% Test OOD3: 61.53% 
Epoch: 111, Loss: 0.6892, Train: 98.20%, Valid: 70.30%, Test In: 70.49% Test OOD1: 63.96% Test OOD2: 50.85% Test OOD3: 61.51% 
Epoch: 112, Loss: 0.6656, Train: 98.65%, Valid: 70.23%, Test In: 70.43% Test OOD1: 63.53% Test OOD2: 51.06% Test OOD3: 61.43% 
Epoch: 113, Loss: 0.6741, Train: 98.42%, Valid: 70.22%, Test In: 70.46% Test OOD1: 63.96% Test OOD2: 50.80% Test OOD3: 61.76% 
Epoch: 114, Loss: 0.6584, Train: 98.50%, Valid: 70.09%, Test In: 70.40% Test OOD1: 63.94% Test OOD2: 50.72% Test OOD3: 61.80% 
Epoch: 115, Loss: 0.6622, Train: 98.70%, Valid: 69.98%, Test In: 70.36% Test OOD1: 63.56% Test OOD2: 50.73% Test OOD3: 61.50% 
Epoch: 116, Loss: 0.6385, Train: 98.64%, Valid: 69.92%, Test In: 70.37% Test OOD1: 63.34% Test OOD2: 50.66% Test OOD3: 61.19% 
Epoch: 117, Loss: 0.6573, Train: 98.97%, Valid: 69.93%, Test In: 70.43% Test OOD1: 63.01% Test OOD2: 50.73% Test OOD3: 60.93% 
Epoch: 118, Loss: 0.6389, Train: 98.62%, Valid: 69.99%, Test In: 70.41% Test OOD1: 63.20% Test OOD2: 50.69% Test OOD3: 60.87% 
Epoch: 119, Loss: 0.6402, Train: 99.01%, Valid: 69.92%, Test In: 70.31% Test OOD1: 62.80% Test OOD2: 50.95% Test OOD3: 60.58% 
Epoch: 120, Loss: 0.6245, Train: 99.11%, Valid: 69.94%, Test In: 70.31% Test OOD1: 63.23% Test OOD2: 50.96% Test OOD3: 60.77% 
Epoch: 121, Loss: 0.6220, Train: 98.68%, Valid: 69.94%, Test In: 70.20% Test OOD1: 63.67% Test OOD2: 50.78% Test OOD3: 61.07% 
Epoch: 122, Loss: 0.6144, Train: 99.04%, Valid: 69.97%, Test In: 70.18% Test OOD1: 63.66% Test OOD2: 50.87% Test OOD3: 61.23% 
Epoch: 123, Loss: 0.6010, Train: 99.23%, Valid: 69.91%, Test In: 70.22% Test OOD1: 63.58% Test OOD2: 50.94% Test OOD3: 61.30% 
Epoch: 124, Loss: 0.6056, Train: 98.99%, Valid: 69.88%, Test In: 70.23% Test OOD1: 63.57% Test OOD2: 50.96% Test OOD3: 61.32% 
Epoch: 125, Loss: 0.6148, Train: 99.42%, Valid: 69.77%, Test In: 70.17% Test OOD1: 63.42% Test OOD2: 51.12% Test OOD3: 61.16% 
Epoch: 126, Loss: 0.6016, Train: 99.23%, Valid: 69.74%, Test In: 70.13% Test OOD1: 63.57% Test OOD2: 50.99% Test OOD3: 61.13% 
Epoch: 127, Loss: 0.5914, Train: 99.34%, Valid: 69.69%, Test In: 70.13% Test OOD1: 63.49% Test OOD2: 50.94% Test OOD3: 61.16% 
Epoch: 128, Loss: 0.5883, Train: 99.43%, Valid: 69.81%, Test In: 70.18% Test OOD1: 63.42% Test OOD2: 50.92% Test OOD3: 61.15% 
Epoch: 129, Loss: 0.5765, Train: 99.35%, Valid: 69.86%, Test In: 70.19% Test OOD1: 63.46% Test OOD2: 50.87% Test OOD3: 61.19% 
Epoch: 130, Loss: 0.5697, Train: 99.51%, Valid: 69.80%, Test In: 70.17% Test OOD1: 63.26% Test OOD2: 50.92% Test OOD3: 61.02% 
Epoch: 131, Loss: 0.5700, Train: 99.52%, Valid: 69.73%, Test In: 69.94% Test OOD1: 63.14% Test OOD2: 50.96% Test OOD3: 60.73% 
Epoch: 132, Loss: 0.5654, Train: 99.33%, Valid: 69.47%, Test In: 69.91% Test OOD1: 63.77% Test OOD2: 50.74% Test OOD3: 61.01% 
Epoch: 133, Loss: 0.6201, Train: 99.59%, Valid: 69.42%, Test In: 69.65% Test OOD1: 62.57% Test OOD2: 51.10% Test OOD3: 60.30% 
Epoch: 134, Loss: 0.6991, Train: 99.57%, Valid: 69.40%, Test In: 69.86% Test OOD1: 63.62% Test OOD2: 50.91% Test OOD3: 60.96% 
Epoch: 135, Loss: 0.6431, Train: 99.43%, Valid: 69.39%, Test In: 69.84% Test OOD1: 63.79% Test OOD2: 50.82% Test OOD3: 61.17% 
Epoch: 136, Loss: 0.6299, Train: 99.74%, Valid: 69.60%, Test In: 69.71% Test OOD1: 62.76% Test OOD2: 51.30% Test OOD3: 60.84% 
Epoch: 137, Loss: 0.6391, Train: 99.17%, Valid: 69.26%, Test In: 69.50% Test OOD1: 63.57% Test OOD2: 50.66% Test OOD3: 61.28% 
Epoch: 138, Loss: 0.6971, Train: 99.64%, Valid: 69.34%, Test In: 69.51% Test OOD1: 63.28% Test OOD2: 50.89% Test OOD3: 61.00% 
Epoch: 139, Loss: 0.6059, Train: 99.80%, Valid: 69.44%, Test In: 69.55% Test OOD1: 62.86% Test OOD2: 51.24% Test OOD3: 60.65% 
Epoch: 140, Loss: 0.6442, Train: 99.50%, Valid: 69.44%, Test In: 69.69% Test OOD1: 63.58% Test OOD2: 50.75% Test OOD3: 60.93% 
Epoch: 141, Loss: 0.6057, Train: 99.53%, Valid: 69.56%, Test In: 69.77% Test OOD1: 63.50% Test OOD2: 50.68% Test OOD3: 60.88% 
Epoch: 142, Loss: 0.6249, Train: 99.69%, Valid: 69.80%, Test In: 69.81% Test OOD1: 63.22% Test OOD2: 50.94% Test OOD3: 60.95% 
Epoch: 143, Loss: 0.5873, Train: 99.54%, Valid: 69.90%, Test In: 69.96% Test OOD1: 63.28% Test OOD2: 51.01% Test OOD3: 61.12% 
Epoch: 144, Loss: 0.5918, Train: 99.45%, Valid: 69.83%, Test In: 70.04% Test OOD1: 63.05% Test OOD2: 50.91% Test OOD3: 60.96% 
Epoch: 145, Loss: 0.5734, Train: 99.34%, Valid: 69.71%, Test In: 70.10% Test OOD1: 63.10% Test OOD2: 50.87% Test OOD3: 60.86% 
Epoch: 146, Loss: 0.5624, Train: 99.54%, Valid: 69.68%, Test In: 70.10% Test OOD1: 62.99% Test OOD2: 51.07% Test OOD3: 60.73% 
Epoch: 147, Loss: 0.5574, Train: 99.64%, Valid: 69.61%, Test In: 69.97% Test OOD1: 62.76% Test OOD2: 51.25% Test OOD3: 60.55% 
Epoch: 148, Loss: 0.5641, Train: 99.59%, Valid: 69.46%, Test In: 69.85% Test OOD1: 62.92% Test OOD2: 51.11% Test OOD3: 60.55% 
Epoch: 149, Loss: 0.5441, Train: 99.63%, Valid: 69.46%, Test In: 69.77% Test OOD1: 62.77% Test OOD2: 51.03% Test OOD3: 60.48% 
Epoch: 150, Loss: 0.5444, Train: 99.68%, Valid: 69.50%, Test In: 69.81% Test OOD1: 62.77% Test OOD2: 51.05% Test OOD3: 60.52% 
Epoch: 151, Loss: 0.5379, Train: 99.64%, Valid: 69.48%, Test In: 69.82% Test OOD1: 62.97% Test OOD2: 51.11% Test OOD3: 60.68% 
Epoch: 152, Loss: 0.5343, Train: 99.71%, Valid: 69.46%, Test In: 69.80% Test OOD1: 62.68% Test OOD2: 51.16% Test OOD3: 60.58% 
Epoch: 153, Loss: 0.5380, Train: 99.52%, Valid: 69.52%, Test In: 69.73% Test OOD1: 63.16% Test OOD2: 51.06% Test OOD3: 60.71% 
Epoch: 154, Loss: 0.5461, Train: 99.77%, Valid: 69.60%, Test In: 69.67% Test OOD1: 62.56% Test OOD2: 51.17% Test OOD3: 60.26% 
Epoch: 155, Loss: 0.5329, Train: 99.72%, Valid: 69.63%, Test In: 69.55% Test OOD1: 62.55% Test OOD2: 51.08% Test OOD3: 60.19% 
Epoch: 156, Loss: 0.5193, Train: 99.77%, Valid: 69.50%, Test In: 69.59% Test OOD1: 62.15% Test OOD2: 50.93% Test OOD3: 60.00% 
Epoch: 157, Loss: 0.5067, Train: 99.81%, Valid: 69.46%, Test In: 69.81% Test OOD1: 62.08% Test OOD2: 50.85% Test OOD3: 60.14% 
Epoch: 158, Loss: 0.5082, Train: 99.73%, Valid: 69.48%, Test In: 69.87% Test OOD1: 62.46% Test OOD2: 50.82% Test OOD3: 60.46% 
Epoch: 159, Loss: 0.5111, Train: 99.79%, Valid: 69.48%, Test In: 69.92% Test OOD1: 62.32% Test OOD2: 50.91% Test OOD3: 60.52% 
Epoch: 160, Loss: 0.5039, Train: 99.80%, Valid: 69.55%, Test In: 70.00% Test OOD1: 62.42% Test OOD2: 50.92% Test OOD3: 60.65% 
Epoch: 161, Loss: 0.5128, Train: 99.70%, Valid: 69.54%, Test In: 69.93% Test OOD1: 62.66% Test OOD2: 50.86% Test OOD3: 60.84% 
Epoch: 162, Loss: 0.4995, Train: 99.81%, Valid: 69.51%, Test In: 69.91% Test OOD1: 62.42% Test OOD2: 50.90% Test OOD3: 60.70% 
Epoch: 163, Loss: 0.4903, Train: 99.85%, Valid: 69.46%, Test In: 69.85% Test OOD1: 62.24% Test OOD2: 50.99% Test OOD3: 60.60% 
Epoch: 164, Loss: 0.4969, Train: 99.75%, Valid: 69.46%, Test In: 69.75% Test OOD1: 62.68% Test OOD2: 50.94% Test OOD3: 60.81% 
Epoch: 165, Loss: 0.5015, Train: 99.85%, Valid: 69.41%, Test In: 69.72% Test OOD1: 62.46% Test OOD2: 50.97% Test OOD3: 60.71% 
Epoch: 166, Loss: 0.4875, Train: 99.89%, Valid: 69.47%, Test In: 69.73% Test OOD1: 62.09% Test OOD2: 51.05% Test OOD3: 60.50% 
Epoch: 167, Loss: 0.4949, Train: 99.79%, Valid: 69.54%, Test In: 69.78% Test OOD1: 62.74% Test OOD2: 51.04% Test OOD3: 60.82% 
Epoch: 168, Loss: 0.4906, Train: 99.86%, Valid: 69.62%, Test In: 69.85% Test OOD1: 62.53% Test OOD2: 51.15% Test OOD3: 60.74% 
Epoch: 169, Loss: 0.4844, Train: 99.88%, Valid: 69.62%, Test In: 69.76% Test OOD1: 62.37% Test OOD2: 51.32% Test OOD3: 60.66% 
Epoch: 170, Loss: 0.4812, Train: 99.79%, Valid: 69.57%, Test In: 69.65% Test OOD1: 63.24% Test OOD2: 51.26% Test OOD3: 61.11% 
Epoch: 171, Loss: 0.4744, Train: 99.84%, Valid: 69.53%, Test In: 69.57% Test OOD1: 63.07% Test OOD2: 51.34% Test OOD3: 60.99% 
Epoch: 172, Loss: 0.4730, Train: 99.91%, Valid: 69.52%, Test In: 69.56% Test OOD1: 62.35% Test OOD2: 51.47% Test OOD3: 60.56% 
Epoch: 173, Loss: 0.4811, Train: 99.84%, Valid: 69.61%, Test In: 69.78% Test OOD1: 62.71% Test OOD2: 51.37% Test OOD3: 60.63% 
Epoch: 174, Loss: 0.4779, Train: 99.88%, Valid: 69.72%, Test In: 69.83% Test OOD1: 62.35% Test OOD2: 51.49% Test OOD3: 60.38% 
Epoch: 175, Loss: 0.4734, Train: 99.91%, Valid: 69.76%, Test In: 70.00% Test OOD1: 62.58% Test OOD2: 51.44% Test OOD3: 60.46% 
Epoch: 176, Loss: 0.4933, Train: 99.88%, Valid: 69.69%, Test In: 69.98% Test OOD1: 62.70% Test OOD2: 51.41% Test OOD3: 60.56% 
Epoch: 177, Loss: 0.4831, Train: 99.87%, Valid: 69.71%, Test In: 70.10% Test OOD1: 62.90% Test OOD2: 51.33% Test OOD3: 60.71% 
Epoch: 178, Loss: 0.4760, Train: 99.92%, Valid: 69.65%, Test In: 70.05% Test OOD1: 62.46% Test OOD2: 51.27% Test OOD3: 60.48% 
Epoch: 179, Loss: 0.4682, Train: 99.91%, Valid: 69.49%, Test In: 69.88% Test OOD1: 62.22% Test OOD2: 51.21% Test OOD3: 60.33% 
Epoch: 180, Loss: 0.4849, Train: 99.86%, Valid: 69.49%, Test In: 69.91% Test OOD1: 62.62% Test OOD2: 51.10% Test OOD3: 60.50% 
Epoch: 181, Loss: 0.4973, Train: 99.94%, Valid: 69.39%, Test In: 69.76% Test OOD1: 61.72% Test OOD2: 51.17% Test OOD3: 60.12% 
Epoch: 182, Loss: 0.4889, Train: 99.89%, Valid: 69.38%, Test In: 69.80% Test OOD1: 62.56% Test OOD2: 51.12% Test OOD3: 60.44% 
Epoch: 183, Loss: 0.4730, Train: 99.85%, Valid: 69.38%, Test In: 69.96% Test OOD1: 63.19% Test OOD2: 51.11% Test OOD3: 60.84% 
Epoch: 184, Loss: 0.4865, Train: 99.92%, Valid: 69.30%, Test In: 69.86% Test OOD1: 62.73% Test OOD2: 51.15% Test OOD3: 60.74% 
Epoch: 185, Loss: 0.4809, Train: 99.92%, Valid: 69.38%, Test In: 69.82% Test OOD1: 62.67% Test OOD2: 51.15% Test OOD3: 60.73% 
Epoch: 186, Loss: 0.4514, Train: 99.88%, Valid: 69.42%, Test In: 69.96% Test OOD1: 62.88% Test OOD2: 51.07% Test OOD3: 60.79% 
Epoch: 187, Loss: 0.4676, Train: 99.92%, Valid: 69.48%, Test In: 69.90% Test OOD1: 62.27% Test OOD2: 51.15% Test OOD3: 60.61% 
Epoch: 188, Loss: 0.4452, Train: 99.93%, Valid: 69.46%, Test In: 69.78% Test OOD1: 61.98% Test OOD2: 51.17% Test OOD3: 60.45% 
Epoch: 189, Loss: 0.4736, Train: 99.87%, Valid: 69.38%, Test In: 69.91% Test OOD1: 63.09% Test OOD2: 50.92% Test OOD3: 60.77% 
Epoch: 190, Loss: 0.4757, Train: 99.91%, Valid: 69.34%, Test In: 69.67% Test OOD1: 62.81% Test OOD2: 51.00% Test OOD3: 60.47% 
Epoch: 191, Loss: 0.4589, Train: 99.94%, Valid: 69.29%, Test In: 69.59% Test OOD1: 62.53% Test OOD2: 50.95% Test OOD3: 60.16% 
Epoch: 192, Loss: 0.4467, Train: 99.94%, Valid: 69.35%, Test In: 69.70% Test OOD1: 62.60% Test OOD2: 50.93% Test OOD3: 60.16% 
Epoch: 193, Loss: 0.4490, Train: 99.94%, Valid: 69.39%, Test In: 69.67% Test OOD1: 62.62% Test OOD2: 51.02% Test OOD3: 60.19% 
Epoch: 194, Loss: 0.4543, Train: 99.93%, Valid: 69.35%, Test In: 69.84% Test OOD1: 63.02% Test OOD2: 50.99% Test OOD3: 60.49% 
Epoch: 195, Loss: 0.4352, Train: 99.93%, Valid: 69.24%, Test In: 69.99% Test OOD1: 63.22% Test OOD2: 50.97% Test OOD3: 60.64% 
Epoch: 196, Loss: 0.4503, Train: 99.92%, Valid: 69.32%, Test In: 69.89% Test OOD1: 63.04% Test OOD2: 50.97% Test OOD3: 60.54% 
Epoch: 197, Loss: 0.4385, Train: 99.93%, Valid: 69.32%, Test In: 69.88% Test OOD1: 62.73% Test OOD2: 50.93% Test OOD3: 60.23% 
Epoch: 198, Loss: 0.4312, Train: 99.95%, Valid: 69.23%, Test In: 69.81% Test OOD1: 62.18% Test OOD2: 50.94% Test OOD3: 59.71% 
Epoch: 199, Loss: 0.4496, Train: 99.95%, Valid: 69.30%, Test In: 69.66% Test OOD1: 62.25% Test OOD2: 51.08% Test OOD3: 59.72% 
Run 02:
Highest Train: 99.95
Highest Valid: 71.29
Highest In Test: 72.04
Highest OOD Test: 66.27
Highest OOD Test: 52.63
Highest OOD Test: 63.02
Chosen epoch: 48
Final Train: 83.47
Final In Test: 72.03
Final OOD Test: 64.52
Final OOD Test: 51.25
Final OOD Test: 62.10
Epoch: 00, Loss: 1.3866, Train: 57.02%, Valid: 53.98%, Test In: 55.50% Test OOD1: 48.39% Test OOD2: 51.70% Test OOD3: 52.42% 
Epoch: 01, Loss: 1.3798, Train: 59.14%, Valid: 55.95%, Test In: 57.22% Test OOD1: 49.52% Test OOD2: 52.08% Test OOD3: 53.19% 
Epoch: 02, Loss: 1.3698, Train: 65.83%, Valid: 61.54%, Test In: 62.88% Test OOD1: 55.76% Test OOD2: 52.69% Test OOD3: 57.37% 
Epoch: 03, Loss: 1.3580, Train: 68.51%, Valid: 64.67%, Test In: 65.19% Test OOD1: 63.14% Test OOD2: 51.85% Test OOD3: 60.71% 
Epoch: 04, Loss: 1.3469, Train: 65.87%, Valid: 63.16%, Test In: 62.97% Test OOD1: 62.60% Test OOD2: 51.35% Test OOD3: 59.62% 
Epoch: 05, Loss: 1.3382, Train: 64.55%, Valid: 62.18%, Test In: 61.83% Test OOD1: 62.08% Test OOD2: 51.13% Test OOD3: 59.06% 
Epoch: 06, Loss: 1.3256, Train: 63.90%, Valid: 61.61%, Test In: 61.24% Test OOD1: 61.78% Test OOD2: 51.03% Test OOD3: 58.82% 
Epoch: 07, Loss: 1.3172, Train: 63.73%, Valid: 61.37%, Test In: 61.05% Test OOD1: 61.68% Test OOD2: 50.99% Test OOD3: 58.82% 
Epoch: 08, Loss: 1.3123, Train: 64.04%, Valid: 61.52%, Test In: 61.28% Test OOD1: 61.82% Test OOD2: 51.03% Test OOD3: 59.04% 
Epoch: 09, Loss: 1.3089, Train: 64.75%, Valid: 61.96%, Test In: 61.85% Test OOD1: 62.13% Test OOD2: 51.10% Test OOD3: 59.41% 
Epoch: 10, Loss: 1.3017, Train: 66.01%, Valid: 62.89%, Test In: 62.90% Test OOD1: 62.72% Test OOD2: 51.27% Test OOD3: 60.00% 
Epoch: 11, Loss: 1.2924, Train: 68.05%, Valid: 64.36%, Test In: 64.70% Test OOD1: 63.66% Test OOD2: 51.60% Test OOD3: 60.87% 
Epoch: 12, Loss: 1.2839, Train: 70.08%, Valid: 65.76%, Test In: 66.38% Test OOD1: 64.50% Test OOD2: 51.92% Test OOD3: 61.67% 
Epoch: 13, Loss: 1.2754, Train: 71.15%, Valid: 66.38%, Test In: 67.19% Test OOD1: 64.88% Test OOD2: 51.80% Test OOD3: 62.10% 
Epoch: 14, Loss: 1.2638, Train: 72.53%, Valid: 67.37%, Test In: 68.13% Test OOD1: 65.17% Test OOD2: 52.07% Test OOD3: 62.50% 
Epoch: 15, Loss: 1.2536, Train: 73.54%, Valid: 68.18%, Test In: 68.81% Test OOD1: 65.56% Test OOD2: 51.90% Test OOD3: 62.71% 
Epoch: 16, Loss: 1.2431, Train: 74.63%, Valid: 68.83%, Test In: 69.47% Test OOD1: 65.46% Test OOD2: 51.80% Test OOD3: 62.73% 
Epoch: 17, Loss: 1.2315, Train: 74.99%, Valid: 69.21%, Test In: 69.72% Test OOD1: 65.51% Test OOD2: 52.02% Test OOD3: 62.73% 
Epoch: 18, Loss: 1.2305, Train: 75.33%, Valid: 69.31%, Test In: 69.74% Test OOD1: 66.04% Test OOD2: 51.39% Test OOD3: 62.67% 
Epoch: 19, Loss: 1.2119, Train: 76.62%, Valid: 70.17%, Test In: 70.66% Test OOD1: 65.35% Test OOD2: 51.69% Test OOD3: 62.66% 
Epoch: 20, Loss: 1.2099, Train: 76.37%, Valid: 70.01%, Test In: 70.54% Test OOD1: 65.76% Test OOD2: 51.59% Test OOD3: 62.62% 
Epoch: 21, Loss: 1.1904, Train: 76.36%, Valid: 69.86%, Test In: 70.37% Test OOD1: 66.01% Test OOD2: 51.29% Test OOD3: 62.58% 
Epoch: 22, Loss: 1.1877, Train: 77.21%, Valid: 70.31%, Test In: 70.89% Test OOD1: 65.68% Test OOD2: 51.19% Test OOD3: 62.56% 
Epoch: 23, Loss: 1.1652, Train: 77.84%, Valid: 70.77%, Test In: 71.36% Test OOD1: 65.19% Test OOD2: 51.47% Test OOD3: 62.55% 
Epoch: 24, Loss: 1.1770, Train: 77.84%, Valid: 70.58%, Test In: 71.29% Test OOD1: 65.18% Test OOD2: 51.30% Test OOD3: 62.48% 
Epoch: 25, Loss: 1.1470, Train: 77.49%, Valid: 70.16%, Test In: 70.83% Test OOD1: 65.69% Test OOD2: 50.94% Test OOD3: 62.46% 
Epoch: 26, Loss: 1.1603, Train: 78.00%, Valid: 70.48%, Test In: 71.21% Test OOD1: 65.52% Test OOD2: 51.09% Test OOD3: 62.51% 
Epoch: 27, Loss: 1.1431, Train: 78.90%, Valid: 70.93%, Test In: 71.73% Test OOD1: 63.93% Test OOD2: 51.42% Test OOD3: 62.19% 
Epoch: 28, Loss: 1.1487, Train: 78.78%, Valid: 70.82%, Test In: 71.55% Test OOD1: 65.12% Test OOD2: 51.08% Test OOD3: 62.45% 
Epoch: 29, Loss: 1.1406, Train: 78.92%, Valid: 70.72%, Test In: 71.50% Test OOD1: 64.99% Test OOD2: 51.08% Test OOD3: 62.38% 
Epoch: 30, Loss: 1.1200, Train: 79.33%, Valid: 70.82%, Test In: 71.64% Test OOD1: 64.52% Test OOD2: 51.15% Test OOD3: 62.25% 
Epoch: 31, Loss: 1.1303, Train: 79.22%, Valid: 70.70%, Test In: 71.41% Test OOD1: 65.31% Test OOD2: 51.03% Test OOD3: 62.40% 
Epoch: 32, Loss: 1.1258, Train: 79.90%, Valid: 70.95%, Test In: 71.69% Test OOD1: 64.19% Test OOD2: 51.09% Test OOD3: 62.16% 
Epoch: 33, Loss: 1.1263, Train: 79.91%, Valid: 70.91%, Test In: 71.67% Test OOD1: 65.07% Test OOD2: 51.28% Test OOD3: 62.38% 
Epoch: 34, Loss: 1.1145, Train: 79.88%, Valid: 70.72%, Test In: 71.42% Test OOD1: 65.31% Test OOD2: 51.01% Test OOD3: 62.37% 
Epoch: 35, Loss: 1.0967, Train: 80.29%, Valid: 70.92%, Test In: 71.59% Test OOD1: 64.58% Test OOD2: 50.97% Test OOD3: 62.22% 
Epoch: 36, Loss: 1.1217, Train: 80.50%, Valid: 70.99%, Test In: 71.74% Test OOD1: 65.20% Test OOD2: 51.22% Test OOD3: 62.41% 
Epoch: 37, Loss: 1.0959, Train: 80.57%, Valid: 70.97%, Test In: 71.74% Test OOD1: 65.32% Test OOD2: 51.28% Test OOD3: 62.43% 
Epoch: 38, Loss: 1.0999, Train: 80.64%, Valid: 70.86%, Test In: 71.53% Test OOD1: 65.29% Test OOD2: 50.97% Test OOD3: 62.38% 
Epoch: 39, Loss: 1.0841, Train: 81.24%, Valid: 71.13%, Test In: 71.82% Test OOD1: 64.59% Test OOD2: 51.14% Test OOD3: 62.24% 
Epoch: 40, Loss: 1.0904, Train: 81.69%, Valid: 71.22%, Test In: 71.91% Test OOD1: 64.61% Test OOD2: 51.42% Test OOD3: 62.23% 
Epoch: 41, Loss: 1.0847, Train: 81.02%, Valid: 70.76%, Test In: 71.38% Test OOD1: 65.60% Test OOD2: 51.00% Test OOD3: 62.41% 
Epoch: 42, Loss: 1.0797, Train: 81.73%, Valid: 70.96%, Test In: 71.58% Test OOD1: 65.22% Test OOD2: 51.02% Test OOD3: 62.34% 
Epoch: 43, Loss: 1.0607, Train: 82.52%, Valid: 71.24%, Test In: 71.85% Test OOD1: 63.94% Test OOD2: 51.33% Test OOD3: 61.94% 
Epoch: 44, Loss: 1.0803, Train: 82.24%, Valid: 70.96%, Test In: 71.54% Test OOD1: 65.16% Test OOD2: 50.97% Test OOD3: 62.31% 
Epoch: 45, Loss: 1.0496, Train: 82.32%, Valid: 70.90%, Test In: 71.51% Test OOD1: 65.31% Test OOD2: 50.95% Test OOD3: 62.34% 
Epoch: 46, Loss: 1.0546, Train: 83.18%, Valid: 71.17%, Test In: 71.79% Test OOD1: 64.56% Test OOD2: 51.18% Test OOD3: 62.19% 
Epoch: 47, Loss: 1.0434, Train: 83.30%, Valid: 71.06%, Test In: 71.70% Test OOD1: 64.52% Test OOD2: 51.01% Test OOD3: 62.18% 
Epoch: 48, Loss: 1.0437, Train: 83.61%, Valid: 71.09%, Test In: 71.74% Test OOD1: 64.60% Test OOD2: 50.93% Test OOD3: 62.18% 
Epoch: 49, Loss: 1.0347, Train: 83.60%, Valid: 70.87%, Test In: 71.47% Test OOD1: 65.03% Test OOD2: 50.89% Test OOD3: 62.30% 
Epoch: 50, Loss: 1.0313, Train: 84.73%, Valid: 71.18%, Test In: 71.83% Test OOD1: 64.00% Test OOD2: 51.08% Test OOD3: 61.98% 
Epoch: 51, Loss: 1.0204, Train: 84.07%, Valid: 70.74%, Test In: 71.30% Test OOD1: 64.92% Test OOD2: 50.68% Test OOD3: 62.22% 
Epoch: 52, Loss: 1.0279, Train: 85.06%, Valid: 71.04%, Test In: 71.67% Test OOD1: 64.53% Test OOD2: 50.87% Test OOD3: 62.15% 
Epoch: 53, Loss: 0.9966, Train: 85.62%, Valid: 71.09%, Test In: 71.73% Test OOD1: 64.24% Test OOD2: 50.91% Test OOD3: 62.05% 
Epoch: 54, Loss: 0.9968, Train: 85.61%, Valid: 70.82%, Test In: 71.38% Test OOD1: 64.55% Test OOD2: 50.70% Test OOD3: 62.07% 
Epoch: 55, Loss: 0.9955, Train: 86.41%, Valid: 70.88%, Test In: 71.49% Test OOD1: 64.39% Test OOD2: 50.89% Test OOD3: 61.98% 
Epoch: 56, Loss: 0.9721, Train: 86.90%, Valid: 70.98%, Test In: 71.62% Test OOD1: 64.13% Test OOD2: 50.94% Test OOD3: 61.83% 
Epoch: 57, Loss: 0.9944, Train: 87.78%, Valid: 70.79%, Test In: 71.40% Test OOD1: 63.74% Test OOD2: 51.08% Test OOD3: 61.59% 
Epoch: 58, Loss: 0.9978, Train: 86.18%, Valid: 70.42%, Test In: 71.03% Test OOD1: 64.91% Test OOD2: 50.73% Test OOD3: 61.96% 
Epoch: 59, Loss: 1.0073, Train: 88.58%, Valid: 70.87%, Test In: 71.53% Test OOD1: 63.62% Test OOD2: 51.12% Test OOD3: 61.66% 
Epoch: 60, Loss: 0.9399, Train: 89.05%, Valid: 70.83%, Test In: 71.45% Test OOD1: 63.59% Test OOD2: 51.25% Test OOD3: 61.72% 
Epoch: 61, Loss: 0.9822, Train: 88.02%, Valid: 70.61%, Test In: 71.34% Test OOD1: 64.72% Test OOD2: 50.90% Test OOD3: 62.07% 
Epoch: 62, Loss: 0.9467, Train: 88.68%, Valid: 70.70%, Test In: 71.40% Test OOD1: 64.60% Test OOD2: 51.05% Test OOD3: 62.01% 
Epoch: 63, Loss: 0.9472, Train: 89.48%, Valid: 70.81%, Test In: 71.58% Test OOD1: 64.18% Test OOD2: 51.29% Test OOD3: 61.99% 
Epoch: 64, Loss: 0.9275, Train: 90.35%, Valid: 70.72%, Test In: 71.30% Test OOD1: 63.91% Test OOD2: 51.42% Test OOD3: 61.79% 
Epoch: 65, Loss: 0.9358, Train: 89.72%, Valid: 70.58%, Test In: 71.15% Test OOD1: 64.57% Test OOD2: 50.98% Test OOD3: 61.93% 
Epoch: 66, Loss: 0.8992, Train: 90.68%, Valid: 70.77%, Test In: 71.28% Test OOD1: 63.98% Test OOD2: 51.14% Test OOD3: 61.60% 
Epoch: 67, Loss: 0.9152, Train: 90.72%, Valid: 70.60%, Test In: 70.86% Test OOD1: 64.35% Test OOD2: 50.98% Test OOD3: 61.72% 
Epoch: 68, Loss: 0.8694, Train: 91.87%, Valid: 70.62%, Test In: 70.75% Test OOD1: 64.01% Test OOD2: 51.24% Test OOD3: 61.52% 
Epoch: 69, Loss: 0.8789, Train: 91.74%, Valid: 70.67%, Test In: 71.00% Test OOD1: 63.82% Test OOD2: 51.17% Test OOD3: 61.66% 
Epoch: 70, Loss: 0.8640, Train: 92.60%, Valid: 70.73%, Test In: 71.06% Test OOD1: 63.37% Test OOD2: 51.32% Test OOD3: 61.53% 
Epoch: 71, Loss: 0.8543, Train: 91.84%, Valid: 70.54%, Test In: 70.89% Test OOD1: 63.85% Test OOD2: 51.08% Test OOD3: 61.74% 
Epoch: 72, Loss: 0.8569, Train: 93.42%, Valid: 70.70%, Test In: 70.89% Test OOD1: 62.75% Test OOD2: 51.39% Test OOD3: 61.31% 
Epoch: 73, Loss: 0.8263, Train: 93.42%, Valid: 70.58%, Test In: 70.60% Test OOD1: 63.45% Test OOD2: 51.18% Test OOD3: 61.54% 
Epoch: 74, Loss: 0.8160, Train: 93.59%, Valid: 70.51%, Test In: 70.46% Test OOD1: 63.54% Test OOD2: 51.02% Test OOD3: 61.51% 
Epoch: 75, Loss: 0.7936, Train: 94.31%, Valid: 70.44%, Test In: 70.32% Test OOD1: 63.43% Test OOD2: 51.02% Test OOD3: 61.40% 
Epoch: 76, Loss: 0.7976, Train: 94.27%, Valid: 70.34%, Test In: 70.19% Test OOD1: 63.42% Test OOD2: 51.00% Test OOD3: 61.37% 
Epoch: 77, Loss: 0.7821, Train: 95.41%, Valid: 70.49%, Test In: 70.36% Test OOD1: 62.70% Test OOD2: 51.18% Test OOD3: 61.15% 
Epoch: 78, Loss: 0.7640, Train: 95.32%, Valid: 70.51%, Test In: 70.45% Test OOD1: 62.94% Test OOD2: 51.14% Test OOD3: 61.30% 
Epoch: 79, Loss: 0.7497, Train: 95.93%, Valid: 70.52%, Test In: 70.45% Test OOD1: 62.45% Test OOD2: 51.27% Test OOD3: 61.13% 
Epoch: 80, Loss: 0.7436, Train: 96.15%, Valid: 70.28%, Test In: 70.09% Test OOD1: 63.05% Test OOD2: 51.16% Test OOD3: 61.21% 
Epoch: 81, Loss: 0.8309, Train: 96.13%, Valid: 70.35%, Test In: 70.22% Test OOD1: 62.89% Test OOD2: 51.21% Test OOD3: 61.19% 
Epoch: 82, Loss: 0.8041, Train: 96.71%, Valid: 70.13%, Test In: 69.94% Test OOD1: 63.30% Test OOD2: 51.12% Test OOD3: 61.28% 
Epoch: 83, Loss: 0.7470, Train: 95.93%, Valid: 69.83%, Test In: 69.77% Test OOD1: 63.63% Test OOD2: 51.07% Test OOD3: 61.46% 
Epoch: 84, Loss: 0.7820, Train: 97.01%, Valid: 70.26%, Test In: 70.31% Test OOD1: 63.12% Test OOD2: 51.26% Test OOD3: 61.52% 
Epoch: 85, Loss: 0.7275, Train: 97.37%, Valid: 70.22%, Test In: 70.22% Test OOD1: 62.70% Test OOD2: 51.44% Test OOD3: 61.34% 
Epoch: 86, Loss: 0.7206, Train: 96.72%, Valid: 70.00%, Test In: 70.11% Test OOD1: 63.14% Test OOD2: 51.34% Test OOD3: 61.30% 
Epoch: 87, Loss: 0.7119, Train: 97.26%, Valid: 69.98%, Test In: 69.97% Test OOD1: 63.01% Test OOD2: 51.39% Test OOD3: 61.03% 
Epoch: 88, Loss: 0.6952, Train: 97.87%, Valid: 69.94%, Test In: 69.75% Test OOD1: 62.60% Test OOD2: 51.60% Test OOD3: 60.78% 
Epoch: 89, Loss: 0.6992, Train: 97.16%, Valid: 69.72%, Test In: 69.72% Test OOD1: 63.15% Test OOD2: 51.41% Test OOD3: 61.14% 
Epoch: 90, Loss: 0.6980, Train: 97.47%, Valid: 69.65%, Test In: 69.81% Test OOD1: 63.13% Test OOD2: 51.33% Test OOD3: 61.13% 
Epoch: 91, Loss: 0.6611, Train: 98.06%, Valid: 69.69%, Test In: 69.88% Test OOD1: 62.70% Test OOD2: 51.34% Test OOD3: 61.00% 
Epoch: 92, Loss: 0.6817, Train: 97.55%, Valid: 69.74%, Test In: 69.98% Test OOD1: 62.77% Test OOD2: 51.24% Test OOD3: 61.03% 
Epoch: 93, Loss: 0.6602, Train: 97.97%, Valid: 69.84%, Test In: 69.89% Test OOD1: 62.16% Test OOD2: 51.38% Test OOD3: 60.79% 
Epoch: 94, Loss: 0.6595, Train: 98.24%, Valid: 69.90%, Test In: 69.76% Test OOD1: 62.32% Test OOD2: 51.29% Test OOD3: 60.68% 
Epoch: 95, Loss: 0.6367, Train: 98.30%, Valid: 69.82%, Test In: 69.68% Test OOD1: 62.48% Test OOD2: 51.24% Test OOD3: 60.71% 
Epoch: 96, Loss: 0.6241, Train: 98.41%, Valid: 69.67%, Test In: 69.61% Test OOD1: 62.40% Test OOD2: 51.28% Test OOD3: 60.74% 
Epoch: 97, Loss: 0.6363, Train: 98.44%, Valid: 69.48%, Test In: 69.75% Test OOD1: 62.56% Test OOD2: 51.23% Test OOD3: 60.79% 
Epoch: 98, Loss: 0.6151, Train: 98.77%, Valid: 69.33%, Test In: 69.68% Test OOD1: 62.25% Test OOD2: 51.37% Test OOD3: 60.54% 
Epoch: 99, Loss: 0.6016, Train: 98.75%, Valid: 69.33%, Test In: 69.64% Test OOD1: 62.37% Test OOD2: 51.23% Test OOD3: 60.45% 
Epoch: 100, Loss: 0.5984, Train: 98.75%, Valid: 69.35%, Test In: 69.66% Test OOD1: 62.66% Test OOD2: 51.04% Test OOD3: 60.46% 
Epoch: 101, Loss: 0.5911, Train: 99.05%, Valid: 69.47%, Test In: 69.60% Test OOD1: 62.39% Test OOD2: 51.11% Test OOD3: 60.31% 
Epoch: 102, Loss: 0.5862, Train: 98.92%, Valid: 69.58%, Test In: 69.75% Test OOD1: 62.75% Test OOD2: 51.08% Test OOD3: 60.51% 
Epoch: 103, Loss: 0.5703, Train: 98.94%, Valid: 69.58%, Test In: 69.84% Test OOD1: 62.85% Test OOD2: 51.19% Test OOD3: 60.62% 
Epoch: 104, Loss: 0.5685, Train: 99.24%, Valid: 69.58%, Test In: 69.76% Test OOD1: 62.34% Test OOD2: 51.43% Test OOD3: 60.41% 
Epoch: 105, Loss: 0.5874, Train: 98.92%, Valid: 69.49%, Test In: 69.68% Test OOD1: 62.91% Test OOD2: 51.21% Test OOD3: 60.60% 
Epoch: 106, Loss: 0.5902, Train: 99.28%, Valid: 69.44%, Test In: 69.48% Test OOD1: 62.59% Test OOD2: 51.29% Test OOD3: 60.35% 
Epoch: 107, Loss: 0.5743, Train: 99.35%, Valid: 69.38%, Test In: 69.41% Test OOD1: 62.46% Test OOD2: 51.23% Test OOD3: 60.30% 
Epoch: 108, Loss: 0.5681, Train: 98.92%, Valid: 69.23%, Test In: 69.38% Test OOD1: 63.21% Test OOD2: 51.14% Test OOD3: 60.61% 
Epoch: 109, Loss: 0.6194, Train: 99.47%, Valid: 69.44%, Test In: 69.40% Test OOD1: 62.22% Test OOD2: 51.63% Test OOD3: 60.35% 
Epoch: 110, Loss: 0.6920, Train: 99.16%, Valid: 69.26%, Test In: 69.68% Test OOD1: 63.30% Test OOD2: 51.27% Test OOD3: 60.87% 
Epoch: 111, Loss: 0.6858, Train: 99.18%, Valid: 69.28%, Test In: 69.73% Test OOD1: 63.25% Test OOD2: 51.22% Test OOD3: 60.89% 
Epoch: 112, Loss: 0.5989, Train: 99.54%, Valid: 69.35%, Test In: 69.56% Test OOD1: 62.59% Test OOD2: 51.44% Test OOD3: 60.59% 
Epoch: 113, Loss: 0.6124, Train: 99.59%, Valid: 69.21%, Test In: 69.54% Test OOD1: 62.43% Test OOD2: 51.30% Test OOD3: 60.49% 
Epoch: 114, Loss: 0.6116, Train: 99.41%, Valid: 69.20%, Test In: 69.54% Test OOD1: 62.77% Test OOD2: 51.03% Test OOD3: 60.40% 
Epoch: 115, Loss: 0.5562, Train: 99.48%, Valid: 69.25%, Test In: 69.50% Test OOD1: 62.66% Test OOD2: 51.09% Test OOD3: 60.30% 
Epoch: 116, Loss: 0.6030, Train: 99.47%, Valid: 69.30%, Test In: 69.56% Test OOD1: 62.73% Test OOD2: 51.03% Test OOD3: 60.47% 
Epoch: 117, Loss: 0.5969, Train: 99.35%, Valid: 69.28%, Test In: 69.53% Test OOD1: 62.93% Test OOD2: 51.00% Test OOD3: 60.70% 
Epoch: 118, Loss: 0.5724, Train: 99.51%, Valid: 69.33%, Test In: 69.60% Test OOD1: 62.57% Test OOD2: 51.05% Test OOD3: 60.71% 
Epoch: 119, Loss: 0.5847, Train: 99.46%, Valid: 69.18%, Test In: 69.58% Test OOD1: 62.69% Test OOD2: 50.94% Test OOD3: 60.74% 
Epoch: 120, Loss: 0.5811, Train: 99.46%, Valid: 69.03%, Test In: 69.46% Test OOD1: 62.67% Test OOD2: 50.90% Test OOD3: 60.50% 
Epoch: 121, Loss: 0.5393, Train: 99.64%, Valid: 69.04%, Test In: 69.32% Test OOD1: 62.28% Test OOD2: 50.97% Test OOD3: 60.27% 
Epoch: 122, Loss: 0.5583, Train: 99.55%, Valid: 69.01%, Test In: 69.35% Test OOD1: 62.44% Test OOD2: 50.89% Test OOD3: 60.28% 
Epoch: 123, Loss: 0.5570, Train: 99.55%, Valid: 69.00%, Test In: 69.31% Test OOD1: 62.39% Test OOD2: 50.93% Test OOD3: 60.17% 
Epoch: 124, Loss: 0.5262, Train: 99.68%, Valid: 69.03%, Test In: 69.18% Test OOD1: 62.00% Test OOD2: 51.05% Test OOD3: 59.94% 
Epoch: 125, Loss: 0.5458, Train: 99.64%, Valid: 69.08%, Test In: 69.21% Test OOD1: 62.15% Test OOD2: 50.95% Test OOD3: 60.02% 
Epoch: 126, Loss: 0.5205, Train: 99.58%, Valid: 69.15%, Test In: 69.16% Test OOD1: 62.29% Test OOD2: 50.96% Test OOD3: 60.13% 
Epoch: 127, Loss: 0.5208, Train: 99.70%, Valid: 69.22%, Test In: 69.01% Test OOD1: 61.94% Test OOD2: 51.14% Test OOD3: 60.12% 
Epoch: 128, Loss: 0.5190, Train: 99.57%, Valid: 69.22%, Test In: 69.01% Test OOD1: 62.50% Test OOD2: 51.05% Test OOD3: 60.40% 
Epoch: 129, Loss: 0.5179, Train: 99.60%, Valid: 69.28%, Test In: 69.02% Test OOD1: 62.59% Test OOD2: 51.00% Test OOD3: 60.49% 
Epoch: 130, Loss: 0.5041, Train: 99.70%, Valid: 69.34%, Test In: 68.98% Test OOD1: 62.26% Test OOD2: 51.06% Test OOD3: 60.37% 
Epoch: 131, Loss: 0.5144, Train: 99.60%, Valid: 69.25%, Test In: 68.99% Test OOD1: 62.55% Test OOD2: 51.06% Test OOD3: 60.53% 
Epoch: 132, Loss: 0.4999, Train: 99.69%, Valid: 69.22%, Test In: 69.02% Test OOD1: 62.30% Test OOD2: 51.14% Test OOD3: 60.47% 
Epoch: 133, Loss: 0.5062, Train: 99.75%, Valid: 69.12%, Test In: 68.97% Test OOD1: 62.12% Test OOD2: 51.19% Test OOD3: 60.29% 
Epoch: 134, Loss: 0.4972, Train: 99.69%, Valid: 69.01%, Test In: 68.82% Test OOD1: 62.45% Test OOD2: 51.10% Test OOD3: 60.27% 
Epoch: 135, Loss: 0.5012, Train: 99.76%, Valid: 68.89%, Test In: 68.76% Test OOD1: 62.12% Test OOD2: 51.12% Test OOD3: 60.05% 
Epoch: 136, Loss: 0.4956, Train: 99.81%, Valid: 68.97%, Test In: 68.76% Test OOD1: 61.66% Test OOD2: 51.21% Test OOD3: 59.94% 
Epoch: 137, Loss: 0.4997, Train: 99.68%, Valid: 69.05%, Test In: 68.89% Test OOD1: 62.11% Test OOD2: 51.03% Test OOD3: 60.24% 
Epoch: 138, Loss: 0.4922, Train: 99.77%, Valid: 69.21%, Test In: 68.88% Test OOD1: 61.68% Test OOD2: 51.07% Test OOD3: 60.17% 
Epoch: 139, Loss: 0.4679, Train: 99.81%, Valid: 69.17%, Test In: 68.82% Test OOD1: 61.31% Test OOD2: 51.12% Test OOD3: 60.04% 
Epoch: 140, Loss: 0.4915, Train: 99.70%, Valid: 68.96%, Test In: 68.80% Test OOD1: 62.11% Test OOD2: 50.93% Test OOD3: 60.14% 
Epoch: 141, Loss: 0.4803, Train: 99.81%, Valid: 68.81%, Test In: 68.73% Test OOD1: 62.01% Test OOD2: 50.90% Test OOD3: 59.99% 
Epoch: 142, Loss: 0.4627, Train: 99.85%, Valid: 68.71%, Test In: 68.67% Test OOD1: 61.88% Test OOD2: 50.91% Test OOD3: 59.90% 
Epoch: 143, Loss: 0.4836, Train: 99.77%, Valid: 68.72%, Test In: 68.79% Test OOD1: 62.44% Test OOD2: 50.78% Test OOD3: 60.28% 
Epoch: 144, Loss: 0.4897, Train: 99.85%, Valid: 68.89%, Test In: 68.80% Test OOD1: 62.15% Test OOD2: 50.76% Test OOD3: 60.34% 
Epoch: 145, Loss: 0.4731, Train: 99.87%, Valid: 68.94%, Test In: 68.81% Test OOD1: 61.87% Test OOD2: 50.70% Test OOD3: 60.27% 
Epoch: 146, Loss: 0.4829, Train: 99.86%, Valid: 68.95%, Test In: 68.83% Test OOD1: 61.85% Test OOD2: 50.67% Test OOD3: 60.17% 
Epoch: 147, Loss: 0.4676, Train: 99.87%, Valid: 68.98%, Test In: 68.84% Test OOD1: 61.87% Test OOD2: 50.76% Test OOD3: 59.99% 
Epoch: 148, Loss: 0.4563, Train: 99.89%, Valid: 68.88%, Test In: 68.88% Test OOD1: 61.80% Test OOD2: 50.84% Test OOD3: 59.81% 
Epoch: 149, Loss: 0.4671, Train: 99.85%, Valid: 68.83%, Test In: 68.93% Test OOD1: 62.26% Test OOD2: 50.84% Test OOD3: 60.07% 
Epoch: 150, Loss: 0.4606, Train: 99.88%, Valid: 68.86%, Test In: 68.97% Test OOD1: 62.10% Test OOD2: 50.91% Test OOD3: 60.06% 
Epoch: 151, Loss: 0.4461, Train: 99.89%, Valid: 68.97%, Test In: 69.05% Test OOD1: 62.13% Test OOD2: 50.82% Test OOD3: 60.12% 
Epoch: 152, Loss: 0.4535, Train: 99.90%, Valid: 69.14%, Test In: 69.07% Test OOD1: 61.91% Test OOD2: 50.70% Test OOD3: 60.04% 
Epoch: 153, Loss: 0.4534, Train: 99.90%, Valid: 69.28%, Test In: 69.07% Test OOD1: 61.83% Test OOD2: 50.63% Test OOD3: 59.95% 
Epoch: 154, Loss: 0.4453, Train: 99.92%, Valid: 69.31%, Test In: 69.05% Test OOD1: 61.93% Test OOD2: 50.67% Test OOD3: 59.89% 
Epoch: 155, Loss: 0.4534, Train: 99.92%, Valid: 69.32%, Test In: 69.05% Test OOD1: 62.26% Test OOD2: 50.78% Test OOD3: 60.00% 
Epoch: 156, Loss: 0.4461, Train: 99.89%, Valid: 69.28%, Test In: 69.09% Test OOD1: 62.70% Test OOD2: 50.76% Test OOD3: 60.14% 
Epoch: 157, Loss: 0.4477, Train: 99.93%, Valid: 69.30%, Test In: 69.18% Test OOD1: 62.29% Test OOD2: 51.00% Test OOD3: 59.93% 
Epoch: 158, Loss: 0.4387, Train: 99.91%, Valid: 69.30%, Test In: 69.26% Test OOD1: 62.36% Test OOD2: 50.98% Test OOD3: 60.07% 
Epoch: 159, Loss: 0.4392, Train: 99.92%, Valid: 69.26%, Test In: 69.24% Test OOD1: 62.10% Test OOD2: 50.95% Test OOD3: 60.07% 
Epoch: 160, Loss: 0.4471, Train: 99.92%, Valid: 69.16%, Test In: 69.22% Test OOD1: 62.41% Test OOD2: 50.81% Test OOD3: 60.28% 
Epoch: 161, Loss: 0.4323, Train: 99.93%, Valid: 69.17%, Test In: 69.22% Test OOD1: 62.54% Test OOD2: 50.77% Test OOD3: 60.44% 
Epoch: 162, Loss: 0.4395, Train: 99.93%, Valid: 69.26%, Test In: 69.38% Test OOD1: 62.54% Test OOD2: 50.78% Test OOD3: 60.48% 
Epoch: 163, Loss: 0.4352, Train: 99.94%, Valid: 69.29%, Test In: 69.47% Test OOD1: 61.97% Test OOD2: 50.88% Test OOD3: 60.27% 
Epoch: 164, Loss: 0.4617, Train: 99.93%, Valid: 69.35%, Test In: 69.56% Test OOD1: 62.38% Test OOD2: 50.83% Test OOD3: 60.44% 
Epoch: 165, Loss: 0.4455, Train: 99.94%, Valid: 69.28%, Test In: 69.52% Test OOD1: 62.58% Test OOD2: 50.76% Test OOD3: 60.44% 
Epoch: 166, Loss: 0.4341, Train: 99.94%, Valid: 69.26%, Test In: 69.41% Test OOD1: 62.65% Test OOD2: 50.77% Test OOD3: 60.43% 
Epoch: 167, Loss: 0.4813, Train: 99.91%, Valid: 69.15%, Test In: 69.39% Test OOD1: 63.08% Test OOD2: 50.70% Test OOD3: 60.65% 
Epoch: 168, Loss: 0.4701, Train: 99.92%, Valid: 69.19%, Test In: 69.52% Test OOD1: 62.74% Test OOD2: 50.73% Test OOD3: 60.49% 
Epoch: 169, Loss: 0.4692, Train: 99.91%, Valid: 69.03%, Test In: 69.55% Test OOD1: 62.84% Test OOD2: 50.73% Test OOD3: 60.53% 
Epoch: 170, Loss: 0.4647, Train: 99.95%, Valid: 69.03%, Test In: 69.41% Test OOD1: 62.10% Test OOD2: 50.78% Test OOD3: 60.15% 
Epoch: 171, Loss: 0.4486, Train: 99.91%, Valid: 68.92%, Test In: 69.30% Test OOD1: 62.98% Test OOD2: 50.59% Test OOD3: 60.43% 
Epoch: 172, Loss: 0.4705, Train: 99.95%, Valid: 68.87%, Test In: 69.20% Test OOD1: 62.83% Test OOD2: 50.58% Test OOD3: 60.32% 
Epoch: 173, Loss: 0.4654, Train: 99.95%, Valid: 68.96%, Test In: 69.24% Test OOD1: 62.82% Test OOD2: 50.74% Test OOD3: 60.37% 
Epoch: 174, Loss: 0.4354, Train: 99.94%, Valid: 69.04%, Test In: 69.34% Test OOD1: 62.57% Test OOD2: 50.90% Test OOD3: 60.38% 
Epoch: 175, Loss: 0.4259, Train: 99.92%, Valid: 68.98%, Test In: 69.43% Test OOD1: 62.73% Test OOD2: 50.90% Test OOD3: 60.55% 
Epoch: 176, Loss: 0.4645, Train: 99.94%, Valid: 69.10%, Test In: 69.37% Test OOD1: 62.03% Test OOD2: 51.11% Test OOD3: 60.25% 
Epoch: 177, Loss: 0.4902, Train: 99.91%, Valid: 68.94%, Test In: 69.38% Test OOD1: 62.76% Test OOD2: 50.83% Test OOD3: 60.26% 
Epoch: 178, Loss: 0.4730, Train: 99.95%, Valid: 69.02%, Test In: 69.32% Test OOD1: 62.49% Test OOD2: 50.79% Test OOD3: 59.99% 
Epoch: 179, Loss: 0.4416, Train: 99.95%, Valid: 69.07%, Test In: 69.27% Test OOD1: 62.44% Test OOD2: 50.73% Test OOD3: 59.91% 
Epoch: 180, Loss: 0.4638, Train: 99.95%, Valid: 69.15%, Test In: 69.52% Test OOD1: 62.51% Test OOD2: 50.73% Test OOD3: 59.98% 
Epoch: 181, Loss: 0.4153, Train: 99.93%, Valid: 69.17%, Test In: 69.61% Test OOD1: 62.59% Test OOD2: 50.76% Test OOD3: 60.12% 
Epoch: 182, Loss: 0.4452, Train: 99.94%, Valid: 69.24%, Test In: 69.51% Test OOD1: 62.52% Test OOD2: 50.73% Test OOD3: 60.23% 
Epoch: 183, Loss: 0.4382, Train: 99.96%, Valid: 69.20%, Test In: 69.38% Test OOD1: 62.31% Test OOD2: 50.69% Test OOD3: 60.14% 
Epoch: 184, Loss: 0.4289, Train: 99.94%, Valid: 69.05%, Test In: 69.31% Test OOD1: 62.67% Test OOD2: 50.57% Test OOD3: 60.17% 
Epoch: 185, Loss: 0.4448, Train: 99.95%, Valid: 69.16%, Test In: 69.39% Test OOD1: 62.35% Test OOD2: 50.58% Test OOD3: 59.90% 
Epoch: 186, Loss: 0.4257, Train: 99.97%, Valid: 69.29%, Test In: 69.31% Test OOD1: 61.82% Test OOD2: 50.73% Test OOD3: 59.59% 
Epoch: 187, Loss: 0.4303, Train: 99.95%, Valid: 69.32%, Test In: 69.40% Test OOD1: 62.23% Test OOD2: 50.72% Test OOD3: 59.78% 
Epoch: 188, Loss: 0.4228, Train: 99.95%, Valid: 69.30%, Test In: 69.33% Test OOD1: 62.38% Test OOD2: 50.81% Test OOD3: 59.87% 
Epoch: 189, Loss: 0.4318, Train: 99.96%, Valid: 69.38%, Test In: 69.17% Test OOD1: 62.05% Test OOD2: 50.97% Test OOD3: 59.89% 
Epoch: 190, Loss: 0.4346, Train: 99.94%, Valid: 69.32%, Test In: 69.18% Test OOD1: 62.74% Test OOD2: 50.82% Test OOD3: 60.32% 
Epoch: 191, Loss: 0.4252, Train: 99.96%, Valid: 69.35%, Test In: 69.21% Test OOD1: 62.62% Test OOD2: 50.90% Test OOD3: 60.27% 
Epoch: 192, Loss: 0.4175, Train: 99.97%, Valid: 69.36%, Test In: 69.29% Test OOD1: 62.01% Test OOD2: 50.97% Test OOD3: 60.11% 
Epoch: 193, Loss: 0.4306, Train: 99.96%, Valid: 69.36%, Test In: 69.51% Test OOD1: 62.37% Test OOD2: 50.86% Test OOD3: 60.26% 
Epoch: 194, Loss: 0.4401, Train: 99.97%, Valid: 69.37%, Test In: 69.49% Test OOD1: 61.92% Test OOD2: 50.90% Test OOD3: 60.17% 
Epoch: 195, Loss: 0.4191, Train: 99.98%, Valid: 69.35%, Test In: 69.41% Test OOD1: 61.85% Test OOD2: 50.88% Test OOD3: 60.18% 
Epoch: 196, Loss: 0.4099, Train: 99.96%, Valid: 69.23%, Test In: 69.36% Test OOD1: 62.47% Test OOD2: 50.79% Test OOD3: 60.40% 
Epoch: 197, Loss: 0.4218, Train: 99.97%, Valid: 69.23%, Test In: 69.35% Test OOD1: 62.40% Test OOD2: 50.83% Test OOD3: 60.39% 
Epoch: 198, Loss: 0.4107, Train: 99.98%, Valid: 69.21%, Test In: 69.33% Test OOD1: 62.11% Test OOD2: 50.88% Test OOD3: 60.24% 
Epoch: 199, Loss: 0.4021, Train: 99.96%, Valid: 69.16%, Test In: 69.40% Test OOD1: 62.51% Test OOD2: 50.85% Test OOD3: 60.49% 
Run 03:
Highest Train: 99.98
Highest Valid: 71.24
Highest In Test: 71.91
Highest OOD Test: 66.04
Highest OOD Test: 52.69
Highest OOD Test: 62.73
Chosen epoch: 44
Final Train: 82.52
Final In Test: 71.85
Final OOD Test: 63.94
Final OOD Test: 51.33
Final OOD Test: 61.94
All runs:
Highest Train: 99.97 ± 0.01
Highest Valid: 71.23 ± 0.06
Highest In Test: 71.92 ± 0.11
Highest OOD Test: 66.16 ± 0.11
Highest OOD Test: 52.66 ± 0.03
Highest OOD Test: 62.89 ± 0.15
  Final Train: 82.53 ± 0.93
   Final In  Test: 71.90 ± 0.11
   Final OOD Test: 64.27 ± 0.30
   Final OOD Test: 51.23 ± 0.11
   Final OOD Test: 62.02 ± 0.08
[INFO] TensorBoard writer closed.

Command: python main.py --dataset twitch --backbone_type gcn --env_type graph --combine_result --store_result --epochs 200 --runs 3 --num_layers 2 --expert_agg mean --tau 3 --lr 0.01 --weight_decay 5e-5 --dropout 0.0 --K 3 --hidden_channels 64 --seed 123 --device 0 --lr 0.01 --weight_decay 0.0005 --dropout 0.2 --lamda 1.0 --K 3 --hidden_channels 64 --other_env_reduce sample --result_name twitch_stage1_lr0.01_weight_decay0.0005_dropout0.2_lamda1.0_K3_hidden_channels64_other_env_reducesample
Return code: 0
Elapsed: 92.27s
