Namespace(K=4, backbone_type='gcn', combine_result=True, cpu=False, data_dir='./data/', dataset='twitch', device=0, display_step=1, dropout=0.2, env_type='graph', epochs=200, expert_agg='mean', gamma=0.99, gate_hidden=64, hidden_channels=32, infer_env=False, infer_env_components=64, infer_env_iters=30, infer_env_num=3, lambda_cl=0.1, lambda_dag=0.1, lambda_ind=0.1, lambda_l1=0.5, lamda=1.0, lamda_ciw=0.0001, lr=0.01, lr_dag=0.001, num_layers=2, other_env_reduce='env', pos_weight=5.0, result_name='twitch_stage1_lr0.01_weight_decay0.0005_dropout0.2_lamda1.0_K4_hidden_channels32_other_env_reduceenv', runs=3, seed=123, store_result=True, tau=3.0, use_bn=False, variant=False, weight_decay=0.0005)
dataset twitch: all nodes 34120 | edges 429113 | classes 2 | feats 3170
train nodes 7897 | valid nodes 3949 | test in nodes 3949
test ood1 nodes 4648 test ood2 nodes 6551 test ood3 nodes 7126 
[INFO] env numbers: 6 train env numbers: 3
MODEL: CaNet(
  (experts): ModuleList(
    (0): ExpertNet(
      (convs): ModuleList(
        (0): CaNetConv()
        (1): CaNetConv()
      )
      (fcs): ModuleList(
        (0): Linear(in_features=3170, out_features=32, bias=True)
        (1): Linear(in_features=32, out_features=2, bias=True)
      )
      (act_fn): ReLU()
    )
    (1): ExpertNet(
      (convs): ModuleList(
        (0): CaNetConv()
        (1): CaNetConv()
      )
      (fcs): ModuleList(
        (0): Linear(in_features=3170, out_features=32, bias=True)
        (1): Linear(in_features=32, out_features=2, bias=True)
      )
      (act_fn): ReLU()
    )
    (2): ExpertNet(
      (convs): ModuleList(
        (0): CaNetConv()
        (1): CaNetConv()
      )
      (fcs): ModuleList(
        (0): Linear(in_features=3170, out_features=32, bias=True)
        (1): Linear(in_features=32, out_features=2, bias=True)
      )
      (act_fn): ReLU()
    )
    (3): ExpertNet(
      (convs): ModuleList(
        (0): CaNetConv()
        (1): CaNetConv()
      )
      (fcs): ModuleList(
        (0): Linear(in_features=3170, out_features=32, bias=True)
        (1): Linear(in_features=32, out_features=2, bias=True)
      )
      (act_fn): ReLU()
    )
  )
  (gate): Sequential(
    (0): Linear(in_features=3170, out_features=64, bias=True)
    (1): ReLU()
    (2): Linear(in_features=64, out_features=4, bias=True)
  )
)
[INFO] TensorBoard logging activated. Logs will be saved to: ./runs/twitch/Apr16_03-06-58_lamda_1.0
Epoch: 00, Loss: 1.3963, Train: 51.67%, Valid: 50.15%, Test In: 51.41% Test OOD1: 45.01% Test OOD2: 51.41% Test OOD3: 49.67% 
Epoch: 01, Loss: 1.3905, Train: 50.23%, Valid: 48.87%, Test In: 50.08% Test OOD1: 44.18% Test OOD2: 51.08% Test OOD3: 48.84% 
Epoch: 02, Loss: 1.3833, Train: 48.47%, Valid: 47.38%, Test In: 48.69% Test OOD1: 43.38% Test OOD2: 50.82% Test OOD3: 48.00% 
Epoch: 03, Loss: 1.3737, Train: 46.98%, Valid: 46.17%, Test In: 47.53% Test OOD1: 42.78% Test OOD2: 50.69% Test OOD3: 47.43% 
Epoch: 04, Loss: 1.3626, Train: 46.94%, Valid: 46.11%, Test In: 47.52% Test OOD1: 42.82% Test OOD2: 50.73% Test OOD3: 47.50% 
Epoch: 05, Loss: 1.3547, Train: 51.62%, Valid: 49.78%, Test In: 51.41% Test OOD1: 45.11% Test OOD2: 51.33% Test OOD3: 49.78% 
Epoch: 06, Loss: 1.3485, Train: 65.18%, Valid: 61.01%, Test In: 62.54% Test OOD1: 55.45% Test OOD2: 52.93% Test OOD3: 58.02% 
Epoch: 07, Loss: 1.3419, Train: 68.55%, Valid: 64.82%, Test In: 65.75% Test OOD1: 63.46% Test OOD2: 52.10% Test OOD3: 61.21% 
Epoch: 08, Loss: 1.3353, Train: 66.17%, Valid: 63.45%, Test In: 63.54% Test OOD1: 62.92% Test OOD2: 51.54% Test OOD3: 60.09% 
Epoch: 09, Loss: 1.3277, Train: 65.01%, Valid: 62.66%, Test In: 62.52% Test OOD1: 62.46% Test OOD2: 51.29% Test OOD3: 59.53% 
Epoch: 10, Loss: 1.3196, Train: 64.44%, Valid: 62.24%, Test In: 62.02% Test OOD1: 62.21% Test OOD2: 51.18% Test OOD3: 59.27% 
Epoch: 11, Loss: 1.3147, Train: 64.25%, Valid: 62.06%, Test In: 61.84% Test OOD1: 62.11% Test OOD2: 51.13% Test OOD3: 59.20% 
Epoch: 12, Loss: 1.3093, Train: 64.33%, Valid: 62.09%, Test In: 61.90% Test OOD1: 62.15% Test OOD2: 51.14% Test OOD3: 59.27% 
Epoch: 13, Loss: 1.3061, Train: 64.58%, Valid: 62.24%, Test In: 62.10% Test OOD1: 62.27% Test OOD2: 51.17% Test OOD3: 59.42% 
Epoch: 14, Loss: 1.3002, Train: 64.98%, Valid: 62.49%, Test In: 62.39% Test OOD1: 62.46% Test OOD2: 51.21% Test OOD3: 59.62% 
Epoch: 15, Loss: 1.2961, Train: 65.57%, Valid: 62.89%, Test In: 62.87% Test OOD1: 62.74% Test OOD2: 51.28% Test OOD3: 59.89% 
Epoch: 16, Loss: 1.2943, Train: 66.38%, Valid: 63.45%, Test In: 63.54% Test OOD1: 63.11% Test OOD2: 51.38% Test OOD3: 60.25% 
Epoch: 17, Loss: 1.2868, Train: 67.58%, Valid: 64.33%, Test In: 64.60% Test OOD1: 63.69% Test OOD2: 51.53% Test OOD3: 60.76% 
Epoch: 18, Loss: 1.2796, Train: 68.78%, Valid: 65.14%, Test In: 65.54% Test OOD1: 64.25% Test OOD2: 51.71% Test OOD3: 61.29% 
Epoch: 19, Loss: 1.2752, Train: 69.65%, Valid: 65.69%, Test In: 66.17% Test OOD1: 64.67% Test OOD2: 51.84% Test OOD3: 61.71% 
Epoch: 20, Loss: 1.2671, Train: 71.15%, Valid: 66.81%, Test In: 67.41% Test OOD1: 65.19% Test OOD2: 52.07% Test OOD3: 62.24% 
Epoch: 21, Loss: 1.2590, Train: 71.84%, Valid: 67.29%, Test In: 67.92% Test OOD1: 65.48% Test OOD2: 52.07% Test OOD3: 62.48% 
Epoch: 22, Loss: 1.2527, Train: 72.59%, Valid: 67.86%, Test In: 68.47% Test OOD1: 65.71% Test OOD2: 52.12% Test OOD3: 62.69% 
Epoch: 23, Loss: 1.2440, Train: 73.78%, Valid: 68.75%, Test In: 69.35% Test OOD1: 65.81% Test OOD2: 52.32% Test OOD3: 62.97% 
Epoch: 24, Loss: 1.2339, Train: 73.93%, Valid: 68.93%, Test In: 69.42% Test OOD1: 66.09% Test OOD2: 52.05% Test OOD3: 62.96% 
Epoch: 25, Loss: 1.2286, Train: 75.04%, Valid: 69.77%, Test In: 70.26% Test OOD1: 66.03% Test OOD2: 52.16% Test OOD3: 63.10% 
Epoch: 26, Loss: 1.2163, Train: 75.62%, Valid: 70.20%, Test In: 70.67% Test OOD1: 65.94% Test OOD2: 52.18% Test OOD3: 63.11% 
Epoch: 27, Loss: 1.2147, Train: 75.88%, Valid: 70.27%, Test In: 70.78% Test OOD1: 65.98% Test OOD2: 52.09% Test OOD3: 63.09% 
Epoch: 28, Loss: 1.2070, Train: 76.00%, Valid: 70.30%, Test In: 70.80% Test OOD1: 66.08% Test OOD2: 51.96% Test OOD3: 63.05% 
Epoch: 29, Loss: 1.1968, Train: 76.74%, Valid: 70.76%, Test In: 71.22% Test OOD1: 65.67% Test OOD2: 52.10% Test OOD3: 63.07% 
Epoch: 30, Loss: 1.1982, Train: 77.04%, Valid: 70.83%, Test In: 71.30% Test OOD1: 65.44% Test OOD2: 52.13% Test OOD3: 63.00% 
Epoch: 31, Loss: 1.1860, Train: 77.13%, Valid: 70.85%, Test In: 71.29% Test OOD1: 65.84% Test OOD2: 51.90% Test OOD3: 63.06% 
Epoch: 32, Loss: 1.1817, Train: 77.21%, Valid: 70.73%, Test In: 71.23% Test OOD1: 65.68% Test OOD2: 51.94% Test OOD3: 62.97% 
Epoch: 33, Loss: 1.1786, Train: 77.85%, Valid: 71.05%, Test In: 71.51% Test OOD1: 65.37% Test OOD2: 52.00% Test OOD3: 62.94% 
Epoch: 34, Loss: 1.1719, Train: 78.10%, Valid: 71.08%, Test In: 71.55% Test OOD1: 65.27% Test OOD2: 51.98% Test OOD3: 62.88% 
Epoch: 35, Loss: 1.1672, Train: 77.87%, Valid: 70.78%, Test In: 71.37% Test OOD1: 65.54% Test OOD2: 51.83% Test OOD3: 62.83% 
Epoch: 36, Loss: 1.1594, Train: 78.13%, Valid: 70.88%, Test In: 71.44% Test OOD1: 65.63% Test OOD2: 51.69% Test OOD3: 62.81% 
Epoch: 37, Loss: 1.1544, Train: 78.68%, Valid: 71.11%, Test In: 71.65% Test OOD1: 65.31% Test OOD2: 51.77% Test OOD3: 62.72% 
Epoch: 38, Loss: 1.1507, Train: 78.61%, Valid: 70.82%, Test In: 71.52% Test OOD1: 65.08% Test OOD2: 51.75% Test OOD3: 62.54% 
Epoch: 39, Loss: 1.1475, Train: 78.58%, Valid: 70.83%, Test In: 71.45% Test OOD1: 65.73% Test OOD2: 51.47% Test OOD3: 62.73% 
Epoch: 40, Loss: 1.1477, Train: 78.98%, Valid: 70.84%, Test In: 71.59% Test OOD1: 65.16% Test OOD2: 51.57% Test OOD3: 62.57% 
Epoch: 41, Loss: 1.1358, Train: 79.39%, Valid: 70.92%, Test In: 71.64% Test OOD1: 64.92% Test OOD2: 51.63% Test OOD3: 62.54% 
Epoch: 42, Loss: 1.1369, Train: 79.22%, Valid: 70.79%, Test In: 71.52% Test OOD1: 65.51% Test OOD2: 51.39% Test OOD3: 62.65% 
Epoch: 43, Loss: 1.1271, Train: 79.48%, Valid: 70.77%, Test In: 71.56% Test OOD1: 64.98% Test OOD2: 51.45% Test OOD3: 62.51% 
Epoch: 44, Loss: 1.1263, Train: 79.85%, Valid: 71.03%, Test In: 71.71% Test OOD1: 64.99% Test OOD2: 51.56% Test OOD3: 62.57% 
Epoch: 45, Loss: 1.1417, Train: 79.90%, Valid: 70.91%, Test In: 71.64% Test OOD1: 65.44% Test OOD2: 51.39% Test OOD3: 62.57% 
Epoch: 46, Loss: 1.1194, Train: 79.92%, Valid: 70.78%, Test In: 71.62% Test OOD1: 64.73% Test OOD2: 51.59% Test OOD3: 62.33% 
Epoch: 47, Loss: 1.1457, Train: 80.51%, Valid: 71.00%, Test In: 71.81% Test OOD1: 64.64% Test OOD2: 51.54% Test OOD3: 62.29% 
Epoch: 48, Loss: 1.1254, Train: 80.13%, Valid: 71.03%, Test In: 71.76% Test OOD1: 65.71% Test OOD2: 51.34% Test OOD3: 62.69% 
Epoch: 49, Loss: 1.1312, Train: 80.77%, Valid: 71.16%, Test In: 71.92% Test OOD1: 65.24% Test OOD2: 51.45% Test OOD3: 62.56% 
Epoch: 50, Loss: 1.1055, Train: 80.63%, Valid: 70.91%, Test In: 71.80% Test OOD1: 64.49% Test OOD2: 51.52% Test OOD3: 62.32% 
Epoch: 51, Loss: 1.1173, Train: 80.60%, Valid: 70.93%, Test In: 71.75% Test OOD1: 65.05% Test OOD2: 51.40% Test OOD3: 62.52% 
Epoch: 52, Loss: 1.1095, Train: 81.42%, Valid: 71.30%, Test In: 72.04% Test OOD1: 65.03% Test OOD2: 51.48% Test OOD3: 62.54% 
Epoch: 53, Loss: 1.1032, Train: 81.08%, Valid: 71.16%, Test In: 71.91% Test OOD1: 65.54% Test OOD2: 51.26% Test OOD3: 62.68% 
Epoch: 54, Loss: 1.1063, Train: 81.43%, Valid: 71.15%, Test In: 71.91% Test OOD1: 65.02% Test OOD2: 51.31% Test OOD3: 62.49% 
Epoch: 55, Loss: 1.0948, Train: 81.69%, Valid: 71.07%, Test In: 71.82% Test OOD1: 65.02% Test OOD2: 51.40% Test OOD3: 62.44% 
Epoch: 56, Loss: 1.0830, Train: 81.68%, Valid: 71.00%, Test In: 71.75% Test OOD1: 64.89% Test OOD2: 51.46% Test OOD3: 62.40% 
Epoch: 57, Loss: 1.0916, Train: 82.03%, Valid: 70.99%, Test In: 71.77% Test OOD1: 64.48% Test OOD2: 51.38% Test OOD3: 62.21% 
Epoch: 58, Loss: 1.0757, Train: 81.96%, Valid: 70.91%, Test In: 71.65% Test OOD1: 65.12% Test OOD2: 51.19% Test OOD3: 62.42% 
Epoch: 59, Loss: 1.0752, Train: 82.78%, Valid: 71.25%, Test In: 71.96% Test OOD1: 64.55% Test OOD2: 51.46% Test OOD3: 62.26% 
Epoch: 60, Loss: 1.0992, Train: 82.51%, Valid: 70.97%, Test In: 71.69% Test OOD1: 64.81% Test OOD2: 51.22% Test OOD3: 62.31% 
Epoch: 61, Loss: 1.0899, Train: 81.98%, Valid: 70.67%, Test In: 71.36% Test OOD1: 65.05% Test OOD2: 51.04% Test OOD3: 62.42% 
Epoch: 62, Loss: 1.0809, Train: 83.25%, Valid: 71.05%, Test In: 71.73% Test OOD1: 63.69% Test OOD2: 51.54% Test OOD3: 61.97% 
Epoch: 63, Loss: 1.0759, Train: 83.52%, Valid: 71.03%, Test In: 71.70% Test OOD1: 63.76% Test OOD2: 51.44% Test OOD3: 61.97% 
Epoch: 64, Loss: 1.0657, Train: 82.72%, Valid: 70.76%, Test In: 71.42% Test OOD1: 64.94% Test OOD2: 50.95% Test OOD3: 62.40% 
Epoch: 65, Loss: 1.0616, Train: 82.79%, Valid: 70.73%, Test In: 71.41% Test OOD1: 65.09% Test OOD2: 50.94% Test OOD3: 62.46% 
Epoch: 66, Loss: 1.0658, Train: 83.80%, Valid: 70.93%, Test In: 71.69% Test OOD1: 64.08% Test OOD2: 51.25% Test OOD3: 62.09% 
Epoch: 67, Loss: 1.0387, Train: 84.15%, Valid: 70.88%, Test In: 71.64% Test OOD1: 63.60% Test OOD2: 51.40% Test OOD3: 61.87% 
Epoch: 68, Loss: 1.0520, Train: 83.93%, Valid: 70.86%, Test In: 71.61% Test OOD1: 64.43% Test OOD2: 51.12% Test OOD3: 62.22% 
Epoch: 69, Loss: 1.0297, Train: 83.51%, Valid: 70.59%, Test In: 71.31% Test OOD1: 64.95% Test OOD2: 50.84% Test OOD3: 62.34% 
Epoch: 70, Loss: 1.0454, Train: 83.32%, Valid: 70.80%, Test In: 71.54% Test OOD1: 65.24% Test OOD2: 50.90% Test OOD3: 62.52% 
Epoch: 71, Loss: 1.0494, Train: 84.71%, Valid: 70.85%, Test In: 71.62% Test OOD1: 64.28% Test OOD2: 51.12% Test OOD3: 62.10% 
Epoch: 72, Loss: 1.0159, Train: 84.79%, Valid: 70.69%, Test In: 71.43% Test OOD1: 63.58% Test OOD2: 51.08% Test OOD3: 61.75% 
Epoch: 73, Loss: 1.0615, Train: 84.39%, Valid: 70.82%, Test In: 71.61% Test OOD1: 64.90% Test OOD2: 50.89% Test OOD3: 62.35% 
Epoch: 74, Loss: 1.0346, Train: 84.23%, Valid: 70.80%, Test In: 71.58% Test OOD1: 65.05% Test OOD2: 50.84% Test OOD3: 62.41% 
Epoch: 75, Loss: 1.0604, Train: 85.53%, Valid: 70.90%, Test In: 71.66% Test OOD1: 64.31% Test OOD2: 51.09% Test OOD3: 62.15% 
Epoch: 76, Loss: 1.0047, Train: 85.68%, Valid: 70.67%, Test In: 71.43% Test OOD1: 63.54% Test OOD2: 51.16% Test OOD3: 61.78% 
Epoch: 77, Loss: 1.0394, Train: 85.83%, Valid: 70.69%, Test In: 71.42% Test OOD1: 64.36% Test OOD2: 50.97% Test OOD3: 62.19% 
Epoch: 78, Loss: 0.9902, Train: 85.73%, Valid: 70.59%, Test In: 71.39% Test OOD1: 64.82% Test OOD2: 50.80% Test OOD3: 62.45% 
Epoch: 79, Loss: 0.9978, Train: 86.31%, Valid: 70.60%, Test In: 71.43% Test OOD1: 64.31% Test OOD2: 50.91% Test OOD3: 62.30% 
Epoch: 80, Loss: 0.9964, Train: 86.72%, Valid: 70.53%, Test In: 71.39% Test OOD1: 63.98% Test OOD2: 50.93% Test OOD3: 62.19% 
Epoch: 81, Loss: 0.9865, Train: 86.49%, Valid: 70.37%, Test In: 71.19% Test OOD1: 64.24% Test OOD2: 50.77% Test OOD3: 62.30% 
Epoch: 82, Loss: 0.9785, Train: 86.86%, Valid: 70.28%, Test In: 71.11% Test OOD1: 63.98% Test OOD2: 50.78% Test OOD3: 62.17% 
Epoch: 83, Loss: 0.9788, Train: 87.76%, Valid: 70.43%, Test In: 71.32% Test OOD1: 63.37% Test OOD2: 50.95% Test OOD3: 61.91% 
Epoch: 84, Loss: 0.9591, Train: 88.01%, Valid: 70.54%, Test In: 71.43% Test OOD1: 63.60% Test OOD2: 50.97% Test OOD3: 61.95% 
Epoch: 85, Loss: 0.9535, Train: 88.29%, Valid: 70.50%, Test In: 71.27% Test OOD1: 63.71% Test OOD2: 50.87% Test OOD3: 61.89% 
Epoch: 86, Loss: 0.9553, Train: 88.54%, Valid: 70.53%, Test In: 71.17% Test OOD1: 63.65% Test OOD2: 50.94% Test OOD3: 61.82% 
Epoch: 87, Loss: 0.9411, Train: 88.64%, Valid: 70.54%, Test In: 71.09% Test OOD1: 63.71% Test OOD2: 50.96% Test OOD3: 61.80% 
Epoch: 88, Loss: 0.9371, Train: 88.79%, Valid: 70.51%, Test In: 71.00% Test OOD1: 63.96% Test OOD2: 50.88% Test OOD3: 61.90% 
Epoch: 89, Loss: 0.9348, Train: 89.01%, Valid: 70.61%, Test In: 71.16% Test OOD1: 63.96% Test OOD2: 50.98% Test OOD3: 61.91% 
Epoch: 90, Loss: 0.9271, Train: 89.47%, Valid: 70.61%, Test In: 71.20% Test OOD1: 63.72% Test OOD2: 50.97% Test OOD3: 61.85% 
Epoch: 91, Loss: 0.9219, Train: 89.65%, Valid: 70.53%, Test In: 71.23% Test OOD1: 63.87% Test OOD2: 50.91% Test OOD3: 61.90% 
Epoch: 92, Loss: 0.9055, Train: 90.25%, Valid: 70.46%, Test In: 71.26% Test OOD1: 63.33% Test OOD2: 51.04% Test OOD3: 61.67% 
Epoch: 93, Loss: 0.9104, Train: 90.51%, Valid: 70.35%, Test In: 71.12% Test OOD1: 63.65% Test OOD2: 50.89% Test OOD3: 61.80% 
Epoch: 94, Loss: 0.9118, Train: 90.76%, Valid: 70.43%, Test In: 71.24% Test OOD1: 63.65% Test OOD2: 50.96% Test OOD3: 61.82% 
Epoch: 95, Loss: 0.9030, Train: 91.03%, Valid: 70.38%, Test In: 71.07% Test OOD1: 63.68% Test OOD2: 50.84% Test OOD3: 61.75% 
Epoch: 96, Loss: 0.8954, Train: 91.21%, Valid: 70.42%, Test In: 71.03% Test OOD1: 63.48% Test OOD2: 50.79% Test OOD3: 61.65% 
Epoch: 97, Loss: 0.8781, Train: 91.19%, Valid: 70.40%, Test In: 70.97% Test OOD1: 63.69% Test OOD2: 50.68% Test OOD3: 61.65% 
Epoch: 98, Loss: 0.8840, Train: 91.92%, Valid: 70.44%, Test In: 70.96% Test OOD1: 63.25% Test OOD2: 50.69% Test OOD3: 61.47% 
Epoch: 99, Loss: 0.8831, Train: 91.74%, Valid: 70.50%, Test In: 71.22% Test OOD1: 63.50% Test OOD2: 50.82% Test OOD3: 61.67% 
Epoch: 100, Loss: 0.8919, Train: 91.89%, Valid: 70.33%, Test In: 70.97% Test OOD1: 63.66% Test OOD2: 50.60% Test OOD3: 61.77% 
Epoch: 101, Loss: 0.8841, Train: 92.86%, Valid: 70.34%, Test In: 71.02% Test OOD1: 62.35% Test OOD2: 50.84% Test OOD3: 61.24% 
Epoch: 102, Loss: 0.8980, Train: 91.50%, Valid: 70.31%, Test In: 71.00% Test OOD1: 64.07% Test OOD2: 50.49% Test OOD3: 61.94% 
Epoch: 103, Loss: 0.9021, Train: 92.79%, Valid: 70.52%, Test In: 71.00% Test OOD1: 63.39% Test OOD2: 50.50% Test OOD3: 61.65% 
Epoch: 104, Loss: 0.8459, Train: 93.48%, Valid: 70.41%, Test In: 70.77% Test OOD1: 62.31% Test OOD2: 50.55% Test OOD3: 61.15% 
Epoch: 105, Loss: 0.8833, Train: 92.69%, Valid: 70.37%, Test In: 70.96% Test OOD1: 63.61% Test OOD2: 50.32% Test OOD3: 61.67% 
Epoch: 106, Loss: 0.8443, Train: 92.55%, Valid: 70.33%, Test In: 71.10% Test OOD1: 63.90% Test OOD2: 50.36% Test OOD3: 61.79% 
Epoch: 107, Loss: 0.8533, Train: 93.67%, Valid: 70.31%, Test In: 71.17% Test OOD1: 63.17% Test OOD2: 50.58% Test OOD3: 61.52% 
Epoch: 108, Loss: 0.8332, Train: 93.77%, Valid: 70.28%, Test In: 71.13% Test OOD1: 63.10% Test OOD2: 50.56% Test OOD3: 61.43% 
Epoch: 109, Loss: 0.8405, Train: 93.50%, Valid: 70.40%, Test In: 71.23% Test OOD1: 63.52% Test OOD2: 50.46% Test OOD3: 61.55% 
Epoch: 110, Loss: 0.8156, Train: 93.50%, Valid: 70.43%, Test In: 71.19% Test OOD1: 63.39% Test OOD2: 50.42% Test OOD3: 61.34% 
Epoch: 111, Loss: 0.8188, Train: 93.94%, Valid: 70.37%, Test In: 71.00% Test OOD1: 62.93% Test OOD2: 50.52% Test OOD3: 60.96% 
Epoch: 112, Loss: 0.8093, Train: 94.38%, Valid: 70.30%, Test In: 71.01% Test OOD1: 62.85% Test OOD2: 50.67% Test OOD3: 60.85% 
Epoch: 113, Loss: 0.7990, Train: 94.11%, Valid: 70.24%, Test In: 70.98% Test OOD1: 63.40% Test OOD2: 50.57% Test OOD3: 61.14% 
Epoch: 114, Loss: 0.7996, Train: 94.82%, Valid: 70.20%, Test In: 71.05% Test OOD1: 62.94% Test OOD2: 50.68% Test OOD3: 60.96% 
Epoch: 115, Loss: 0.7934, Train: 95.15%, Valid: 70.09%, Test In: 70.93% Test OOD1: 62.95% Test OOD2: 50.74% Test OOD3: 61.08% 
Epoch: 116, Loss: 0.7922, Train: 95.19%, Valid: 70.16%, Test In: 70.89% Test OOD1: 63.08% Test OOD2: 50.64% Test OOD3: 61.16% 
Epoch: 117, Loss: 0.7741, Train: 95.32%, Valid: 70.16%, Test In: 70.75% Test OOD1: 63.13% Test OOD2: 50.62% Test OOD3: 61.13% 
Epoch: 118, Loss: 0.7701, Train: 95.46%, Valid: 70.13%, Test In: 70.57% Test OOD1: 63.04% Test OOD2: 50.68% Test OOD3: 61.05% 
Epoch: 119, Loss: 0.7729, Train: 95.63%, Valid: 70.09%, Test In: 70.57% Test OOD1: 62.87% Test OOD2: 50.72% Test OOD3: 60.97% 
Epoch: 120, Loss: 0.7618, Train: 95.55%, Valid: 70.03%, Test In: 70.59% Test OOD1: 63.24% Test OOD2: 50.78% Test OOD3: 61.12% 
Epoch: 121, Loss: 0.7515, Train: 96.02%, Valid: 70.01%, Test In: 70.66% Test OOD1: 62.99% Test OOD2: 50.87% Test OOD3: 61.03% 
Epoch: 122, Loss: 0.7556, Train: 96.39%, Valid: 69.94%, Test In: 70.65% Test OOD1: 62.89% Test OOD2: 50.94% Test OOD3: 60.99% 
Epoch: 123, Loss: 0.7427, Train: 96.42%, Valid: 69.95%, Test In: 70.63% Test OOD1: 63.05% Test OOD2: 50.86% Test OOD3: 61.00% 
Epoch: 124, Loss: 0.7380, Train: 96.64%, Valid: 69.94%, Test In: 70.62% Test OOD1: 62.88% Test OOD2: 50.86% Test OOD3: 60.87% 
Epoch: 125, Loss: 0.7357, Train: 96.49%, Valid: 69.92%, Test In: 70.54% Test OOD1: 63.22% Test OOD2: 50.87% Test OOD3: 61.09% 
Epoch: 126, Loss: 0.7474, Train: 96.85%, Valid: 69.94%, Test In: 70.58% Test OOD1: 62.46% Test OOD2: 50.90% Test OOD3: 60.76% 
Epoch: 127, Loss: 0.7791, Train: 95.59%, Valid: 69.84%, Test In: 70.40% Test OOD1: 63.65% Test OOD2: 50.73% Test OOD3: 61.35% 
Epoch: 128, Loss: 0.8326, Train: 96.20%, Valid: 70.06%, Test In: 70.55% Test OOD1: 63.38% Test OOD2: 50.77% Test OOD3: 61.28% 
Epoch: 129, Loss: 0.7484, Train: 96.98%, Valid: 70.10%, Test In: 70.47% Test OOD1: 62.87% Test OOD2: 50.90% Test OOD3: 60.91% 
Epoch: 130, Loss: 0.7937, Train: 97.18%, Valid: 70.09%, Test In: 70.50% Test OOD1: 63.13% Test OOD2: 50.86% Test OOD3: 61.07% 
Epoch: 131, Loss: 0.7528, Train: 96.67%, Valid: 69.98%, Test In: 70.57% Test OOD1: 63.28% Test OOD2: 50.86% Test OOD3: 61.10% 
Epoch: 132, Loss: 0.7580, Train: 96.70%, Valid: 69.94%, Test In: 70.61% Test OOD1: 63.51% Test OOD2: 50.90% Test OOD3: 61.16% 
Epoch: 133, Loss: 0.7549, Train: 96.88%, Valid: 70.03%, Test In: 70.74% Test OOD1: 63.37% Test OOD2: 50.96% Test OOD3: 61.14% 
Epoch: 134, Loss: 0.7429, Train: 96.58%, Valid: 70.07%, Test In: 70.86% Test OOD1: 63.41% Test OOD2: 50.99% Test OOD3: 61.27% 
Epoch: 135, Loss: 0.7388, Train: 97.13%, Valid: 70.17%, Test In: 70.96% Test OOD1: 63.18% Test OOD2: 51.18% Test OOD3: 61.38% 
Epoch: 136, Loss: 0.7636, Train: 96.47%, Valid: 70.14%, Test In: 71.00% Test OOD1: 63.52% Test OOD2: 51.04% Test OOD3: 61.44% 
Epoch: 137, Loss: 0.7506, Train: 97.02%, Valid: 70.24%, Test In: 70.99% Test OOD1: 63.10% Test OOD2: 51.13% Test OOD3: 61.24% 
Epoch: 138, Loss: 0.7316, Train: 96.53%, Valid: 70.15%, Test In: 70.84% Test OOD1: 63.80% Test OOD2: 50.97% Test OOD3: 61.47% 
Epoch: 139, Loss: 0.7394, Train: 96.48%, Valid: 70.15%, Test In: 70.85% Test OOD1: 63.47% Test OOD2: 50.96% Test OOD3: 61.20% 
Epoch: 140, Loss: 0.7146, Train: 96.94%, Valid: 70.15%, Test In: 70.71% Test OOD1: 63.21% Test OOD2: 50.99% Test OOD3: 60.94% 
Epoch: 141, Loss: 0.7228, Train: 96.90%, Valid: 70.16%, Test In: 70.77% Test OOD1: 63.23% Test OOD2: 50.99% Test OOD3: 60.91% 
Epoch: 142, Loss: 0.7134, Train: 97.03%, Valid: 70.16%, Test In: 70.78% Test OOD1: 63.02% Test OOD2: 50.98% Test OOD3: 60.86% 
Epoch: 143, Loss: 0.6970, Train: 97.23%, Valid: 70.12%, Test In: 70.76% Test OOD1: 62.89% Test OOD2: 51.01% Test OOD3: 60.92% 
Epoch: 144, Loss: 0.6968, Train: 97.21%, Valid: 70.03%, Test In: 70.66% Test OOD1: 62.99% Test OOD2: 50.95% Test OOD3: 61.01% 
Epoch: 145, Loss: 0.6915, Train: 97.43%, Valid: 69.96%, Test In: 70.51% Test OOD1: 62.64% Test OOD2: 50.91% Test OOD3: 60.82% 
Epoch: 146, Loss: 0.6928, Train: 97.52%, Valid: 69.89%, Test In: 70.38% Test OOD1: 62.58% Test OOD2: 50.78% Test OOD3: 60.70% 
Epoch: 147, Loss: 0.6980, Train: 97.74%, Valid: 69.86%, Test In: 70.38% Test OOD1: 62.53% Test OOD2: 50.77% Test OOD3: 60.66% 
Epoch: 148, Loss: 0.6873, Train: 97.91%, Valid: 69.88%, Test In: 70.40% Test OOD1: 62.35% Test OOD2: 50.78% Test OOD3: 60.55% 
Epoch: 149, Loss: 0.6779, Train: 97.92%, Valid: 69.84%, Test In: 70.40% Test OOD1: 62.47% Test OOD2: 50.87% Test OOD3: 60.71% 
Epoch: 150, Loss: 0.6776, Train: 97.84%, Valid: 69.82%, Test In: 70.48% Test OOD1: 62.73% Test OOD2: 50.91% Test OOD3: 61.01% 
Epoch: 151, Loss: 0.6818, Train: 97.89%, Valid: 69.96%, Test In: 70.55% Test OOD1: 62.48% Test OOD2: 50.93% Test OOD3: 61.06% 
Epoch: 152, Loss: 0.6822, Train: 97.77%, Valid: 69.94%, Test In: 70.61% Test OOD1: 62.76% Test OOD2: 50.89% Test OOD3: 61.32% 
Epoch: 153, Loss: 0.6740, Train: 97.77%, Valid: 69.93%, Test In: 70.66% Test OOD1: 62.53% Test OOD2: 50.96% Test OOD3: 61.23% 
Epoch: 154, Loss: 0.6767, Train: 98.02%, Valid: 69.89%, Test In: 70.61% Test OOD1: 62.25% Test OOD2: 51.00% Test OOD3: 61.01% 
Epoch: 155, Loss: 0.6699, Train: 97.89%, Valid: 69.75%, Test In: 70.63% Test OOD1: 62.73% Test OOD2: 50.94% Test OOD3: 61.04% 
Epoch: 156, Loss: 0.6690, Train: 98.05%, Valid: 69.80%, Test In: 70.52% Test OOD1: 62.46% Test OOD2: 51.01% Test OOD3: 60.74% 
Epoch: 157, Loss: 0.6606, Train: 98.21%, Valid: 69.82%, Test In: 70.39% Test OOD1: 62.43% Test OOD2: 51.00% Test OOD3: 60.55% 
Epoch: 158, Loss: 0.6612, Train: 98.22%, Valid: 69.80%, Test In: 70.39% Test OOD1: 62.76% Test OOD2: 50.87% Test OOD3: 60.66% 
Epoch: 159, Loss: 0.6662, Train: 98.51%, Valid: 69.80%, Test In: 70.40% Test OOD1: 62.28% Test OOD2: 50.97% Test OOD3: 60.56% 
Epoch: 160, Loss: 0.6664, Train: 98.00%, Valid: 69.86%, Test In: 70.59% Test OOD1: 63.07% Test OOD2: 50.85% Test OOD3: 61.04% 
Epoch: 161, Loss: 0.6740, Train: 98.45%, Valid: 69.96%, Test In: 70.73% Test OOD1: 62.60% Test OOD2: 50.97% Test OOD3: 61.03% 
Epoch: 162, Loss: 0.6468, Train: 98.46%, Valid: 70.12%, Test In: 70.71% Test OOD1: 62.41% Test OOD2: 51.00% Test OOD3: 60.85% 
Epoch: 163, Loss: 0.6582, Train: 98.16%, Valid: 70.14%, Test In: 70.71% Test OOD1: 62.99% Test OOD2: 50.88% Test OOD3: 60.86% 
Epoch: 164, Loss: 0.6560, Train: 98.48%, Valid: 70.19%, Test In: 70.63% Test OOD1: 62.74% Test OOD2: 50.93% Test OOD3: 60.53% 
Epoch: 165, Loss: 0.6355, Train: 98.54%, Valid: 70.19%, Test In: 70.62% Test OOD1: 62.60% Test OOD2: 50.92% Test OOD3: 60.35% 
Epoch: 166, Loss: 0.6498, Train: 98.47%, Valid: 70.18%, Test In: 70.73% Test OOD1: 62.83% Test OOD2: 50.87% Test OOD3: 60.44% 
Epoch: 167, Loss: 0.6500, Train: 98.33%, Valid: 70.21%, Test In: 70.72% Test OOD1: 62.80% Test OOD2: 50.90% Test OOD3: 60.48% 
Epoch: 168, Loss: 0.6407, Train: 98.68%, Valid: 70.16%, Test In: 70.68% Test OOD1: 62.36% Test OOD2: 50.98% Test OOD3: 60.21% 
Epoch: 169, Loss: 0.6412, Train: 98.51%, Valid: 70.20%, Test In: 70.64% Test OOD1: 62.57% Test OOD2: 50.88% Test OOD3: 60.17% 
Epoch: 170, Loss: 0.6357, Train: 98.66%, Valid: 70.15%, Test In: 70.63% Test OOD1: 62.46% Test OOD2: 50.94% Test OOD3: 60.11% 
Epoch: 171, Loss: 0.6264, Train: 98.82%, Valid: 70.09%, Test In: 70.56% Test OOD1: 62.44% Test OOD2: 51.00% Test OOD3: 60.16% 
Epoch: 172, Loss: 0.6302, Train: 98.64%, Valid: 70.09%, Test In: 70.53% Test OOD1: 62.67% Test OOD2: 51.07% Test OOD3: 60.35% 
Epoch: 173, Loss: 0.6239, Train: 98.71%, Valid: 70.10%, Test In: 70.44% Test OOD1: 62.77% Test OOD2: 50.96% Test OOD3: 60.50% 
Epoch: 174, Loss: 0.6241, Train: 98.77%, Valid: 70.18%, Test In: 70.44% Test OOD1: 62.68% Test OOD2: 51.00% Test OOD3: 60.52% 
Epoch: 175, Loss: 0.6358, Train: 98.46%, Valid: 70.11%, Test In: 70.36% Test OOD1: 62.86% Test OOD2: 50.87% Test OOD3: 60.53% 
Epoch: 176, Loss: 0.6688, Train: 98.86%, Valid: 69.94%, Test In: 70.45% Test OOD1: 62.91% Test OOD2: 50.98% Test OOD3: 60.56% 
Epoch: 177, Loss: 0.6520, Train: 98.74%, Valid: 69.92%, Test In: 70.53% Test OOD1: 62.92% Test OOD2: 50.96% Test OOD3: 60.58% 
Epoch: 178, Loss: 0.6205, Train: 98.73%, Valid: 70.02%, Test In: 70.60% Test OOD1: 62.92% Test OOD2: 50.92% Test OOD3: 60.66% 
Epoch: 179, Loss: 0.6266, Train: 98.85%, Valid: 70.02%, Test In: 70.59% Test OOD1: 63.01% Test OOD2: 51.00% Test OOD3: 60.74% 
Epoch: 180, Loss: 0.6340, Train: 98.96%, Valid: 69.94%, Test In: 70.47% Test OOD1: 62.52% Test OOD2: 51.05% Test OOD3: 60.55% 
Epoch: 181, Loss: 0.6287, Train: 98.40%, Valid: 69.85%, Test In: 70.54% Test OOD1: 63.24% Test OOD2: 51.00% Test OOD3: 60.99% 
Epoch: 182, Loss: 0.6604, Train: 99.09%, Valid: 69.78%, Test In: 70.43% Test OOD1: 62.83% Test OOD2: 51.07% Test OOD3: 60.72% 
Epoch: 183, Loss: 0.6227, Train: 99.05%, Valid: 69.88%, Test In: 70.38% Test OOD1: 62.62% Test OOD2: 51.04% Test OOD3: 60.55% 
Epoch: 184, Loss: 0.6263, Train: 98.56%, Valid: 69.95%, Test In: 70.38% Test OOD1: 63.26% Test OOD2: 50.91% Test OOD3: 60.85% 
Epoch: 185, Loss: 0.6330, Train: 98.95%, Valid: 69.95%, Test In: 70.36% Test OOD1: 63.00% Test OOD2: 50.93% Test OOD3: 60.70% 
Epoch: 186, Loss: 0.6139, Train: 99.04%, Valid: 69.90%, Test In: 70.32% Test OOD1: 62.59% Test OOD2: 50.96% Test OOD3: 60.56% 
Epoch: 187, Loss: 0.6330, Train: 98.74%, Valid: 70.05%, Test In: 70.41% Test OOD1: 63.27% Test OOD2: 50.98% Test OOD3: 60.85% 
Epoch: 188, Loss: 0.6269, Train: 99.03%, Valid: 70.01%, Test In: 70.35% Test OOD1: 63.00% Test OOD2: 51.04% Test OOD3: 60.68% 
Epoch: 189, Loss: 0.6034, Train: 99.14%, Valid: 69.98%, Test In: 70.19% Test OOD1: 62.63% Test OOD2: 51.06% Test OOD3: 60.36% 
Epoch: 190, Loss: 0.6252, Train: 98.86%, Valid: 70.05%, Test In: 70.33% Test OOD1: 63.23% Test OOD2: 50.98% Test OOD3: 60.69% 
Epoch: 191, Loss: 0.6153, Train: 99.00%, Valid: 69.94%, Test In: 70.27% Test OOD1: 62.94% Test OOD2: 50.99% Test OOD3: 60.60% 
Epoch: 192, Loss: 0.6016, Train: 99.14%, Valid: 69.89%, Test In: 70.24% Test OOD1: 62.42% Test OOD2: 50.94% Test OOD3: 60.39% 
Epoch: 193, Loss: 0.6259, Train: 98.94%, Valid: 70.07%, Test In: 70.27% Test OOD1: 63.05% Test OOD2: 50.86% Test OOD3: 60.62% 
Epoch: 194, Loss: 0.6125, Train: 99.03%, Valid: 70.08%, Test In: 70.16% Test OOD1: 63.02% Test OOD2: 50.80% Test OOD3: 60.50% 
Epoch: 195, Loss: 0.6014, Train: 99.18%, Valid: 70.00%, Test In: 70.04% Test OOD1: 62.49% Test OOD2: 50.86% Test OOD3: 60.21% 
Epoch: 196, Loss: 0.6135, Train: 99.16%, Valid: 70.00%, Test In: 70.10% Test OOD1: 62.83% Test OOD2: 50.87% Test OOD3: 60.31% 
Epoch: 197, Loss: 0.5981, Train: 99.08%, Valid: 69.95%, Test In: 70.19% Test OOD1: 62.74% Test OOD2: 50.91% Test OOD3: 60.36% 
Epoch: 198, Loss: 0.6041, Train: 99.21%, Valid: 69.84%, Test In: 70.15% Test OOD1: 62.18% Test OOD2: 50.95% Test OOD3: 60.19% 
Epoch: 199, Loss: 0.6047, Train: 99.26%, Valid: 69.92%, Test In: 70.15% Test OOD1: 62.49% Test OOD2: 50.97% Test OOD3: 60.43% 
Run 01:
Highest Train: 99.26
Highest Valid: 71.30
Highest In Test: 72.04
Highest OOD Test: 66.09
Highest OOD Test: 52.93
Highest OOD Test: 63.11
Chosen epoch: 53
Final Train: 81.42
Final In Test: 72.04
Final OOD Test: 65.03
Final OOD Test: 51.48
Final OOD Test: 62.54
Epoch: 00, Loss: 1.3801, Train: 67.15%, Valid: 64.19%, Test In: 64.02% Test OOD1: 61.95% Test OOD2: 51.44% Test OOD3: 59.63% 
Epoch: 01, Loss: 1.3759, Train: 68.90%, Valid: 64.82%, Test In: 65.90% Test OOD1: 61.97% Test OOD2: 51.98% Test OOD3: 60.13% 
Epoch: 02, Loss: 1.3713, Train: 68.51%, Valid: 64.11%, Test In: 65.69% Test OOD1: 60.52% Test OOD2: 52.46% Test OOD3: 59.83% 
Epoch: 03, Loss: 1.3656, Train: 67.55%, Valid: 63.10%, Test In: 64.74% Test OOD1: 59.05% Test OOD2: 52.85% Test OOD3: 59.25% 
Epoch: 04, Loss: 1.3585, Train: 67.32%, Valid: 62.86%, Test In: 64.59% Test OOD1: 59.00% Test OOD2: 53.00% Test OOD3: 59.49% 
Epoch: 05, Loss: 1.3504, Train: 68.50%, Valid: 64.17%, Test In: 65.82% Test OOD1: 61.82% Test OOD2: 52.81% Test OOD3: 60.94% 
Epoch: 06, Loss: 1.3437, Train: 67.65%, Valid: 64.25%, Test In: 65.00% Test OOD1: 63.25% Test OOD2: 51.85% Test OOD3: 60.68% 
Epoch: 07, Loss: 1.3384, Train: 65.69%, Valid: 63.12%, Test In: 63.18% Test OOD1: 62.63% Test OOD2: 51.36% Test OOD3: 59.68% 
Epoch: 08, Loss: 1.3332, Train: 64.52%, Valid: 62.35%, Test In: 62.14% Test OOD1: 62.14% Test OOD2: 51.08% Test OOD3: 59.06% 
Epoch: 09, Loss: 1.3251, Train: 63.94%, Valid: 61.94%, Test In: 61.64% Test OOD1: 61.89% Test OOD2: 50.94% Test OOD3: 58.75% 
Epoch: 10, Loss: 1.3219, Train: 63.77%, Valid: 61.82%, Test In: 61.50% Test OOD1: 61.83% Test OOD2: 50.89% Test OOD3: 58.69% 
Epoch: 11, Loss: 1.3154, Train: 63.89%, Valid: 61.89%, Test In: 61.60% Test OOD1: 61.90% Test OOD2: 50.91% Test OOD3: 58.79% 
Epoch: 12, Loss: 1.3119, Train: 64.22%, Valid: 62.12%, Test In: 61.89% Test OOD1: 62.08% Test OOD2: 50.95% Test OOD3: 59.02% 
Epoch: 13, Loss: 1.3074, Train: 64.68%, Valid: 62.43%, Test In: 62.27% Test OOD1: 62.31% Test OOD2: 51.02% Test OOD3: 59.29% 
Epoch: 14, Loss: 1.3011, Train: 65.25%, Valid: 62.83%, Test In: 62.73% Test OOD1: 62.60% Test OOD2: 51.09% Test OOD3: 59.59% 
Epoch: 15, Loss: 1.2965, Train: 65.97%, Valid: 63.37%, Test In: 63.36% Test OOD1: 62.98% Test OOD2: 51.16% Test OOD3: 59.92% 
Epoch: 16, Loss: 1.2920, Train: 67.08%, Valid: 64.21%, Test In: 64.36% Test OOD1: 63.51% Test OOD2: 51.28% Test OOD3: 60.38% 
Epoch: 17, Loss: 1.2874, Train: 68.34%, Valid: 65.17%, Test In: 65.44% Test OOD1: 64.10% Test OOD2: 51.39% Test OOD3: 60.91% 
Epoch: 18, Loss: 1.2791, Train: 69.56%, Valid: 66.12%, Test In: 66.43% Test OOD1: 64.69% Test OOD2: 51.49% Test OOD3: 61.43% 
Epoch: 19, Loss: 1.2725, Train: 70.89%, Valid: 67.17%, Test In: 67.51% Test OOD1: 65.28% Test OOD2: 51.62% Test OOD3: 61.98% 
Epoch: 20, Loss: 1.2612, Train: 72.30%, Valid: 68.25%, Test In: 68.67% Test OOD1: 65.80% Test OOD2: 51.83% Test OOD3: 62.53% 
Epoch: 21, Loss: 1.2561, Train: 72.36%, Valid: 68.30%, Test In: 68.64% Test OOD1: 66.01% Test OOD2: 51.69% Test OOD3: 62.57% 
Epoch: 22, Loss: 1.2491, Train: 74.10%, Valid: 69.64%, Test In: 70.07% Test OOD1: 66.18% Test OOD2: 52.03% Test OOD3: 63.08% 
Epoch: 23, Loss: 1.2354, Train: 74.41%, Valid: 69.87%, Test In: 70.28% Test OOD1: 66.33% Test OOD2: 51.94% Test OOD3: 63.12% 
Epoch: 24, Loss: 1.2334, Train: 74.49%, Valid: 69.88%, Test In: 70.28% Test OOD1: 66.47% Test OOD2: 51.83% Test OOD3: 63.07% 
Epoch: 25, Loss: 1.2245, Train: 75.55%, Valid: 70.63%, Test In: 71.06% Test OOD1: 66.05% Test OOD2: 52.13% Test OOD3: 63.21% 
Epoch: 26, Loss: 1.2275, Train: 75.88%, Valid: 70.78%, Test In: 71.20% Test OOD1: 65.99% Test OOD2: 52.13% Test OOD3: 63.20% 
Epoch: 27, Loss: 1.2162, Train: 75.75%, Valid: 70.61%, Test In: 71.01% Test OOD1: 66.39% Test OOD2: 51.93% Test OOD3: 63.20% 
Epoch: 28, Loss: 1.2120, Train: 75.94%, Valid: 70.67%, Test In: 71.07% Test OOD1: 66.40% Test OOD2: 51.88% Test OOD3: 63.20% 
Epoch: 29, Loss: 1.2032, Train: 76.65%, Valid: 71.07%, Test In: 71.45% Test OOD1: 65.72% Test OOD2: 52.13% Test OOD3: 63.15% 
Epoch: 30, Loss: 1.1976, Train: 76.97%, Valid: 71.17%, Test In: 71.54% Test OOD1: 65.55% Test OOD2: 52.12% Test OOD3: 63.12% 
Epoch: 31, Loss: 1.1935, Train: 76.73%, Valid: 70.93%, Test In: 71.31% Test OOD1: 66.10% Test OOD2: 51.91% Test OOD3: 63.17% 
Epoch: 32, Loss: 1.1859, Train: 76.62%, Valid: 70.77%, Test In: 71.14% Test OOD1: 66.36% Test OOD2: 51.71% Test OOD3: 63.14% 
Epoch: 33, Loss: 1.1842, Train: 77.17%, Valid: 71.03%, Test In: 71.40% Test OOD1: 66.02% Test OOD2: 51.83% Test OOD3: 63.07% 
Epoch: 34, Loss: 1.1724, Train: 77.67%, Valid: 71.21%, Test In: 71.58% Test OOD1: 65.37% Test OOD2: 52.02% Test OOD3: 62.87% 
Epoch: 35, Loss: 1.1722, Train: 77.77%, Valid: 71.23%, Test In: 71.61% Test OOD1: 65.81% Test OOD2: 51.81% Test OOD3: 62.92% 
Epoch: 36, Loss: 1.1686, Train: 77.54%, Valid: 70.90%, Test In: 71.42% Test OOD1: 65.67% Test OOD2: 51.75% Test OOD3: 62.78% 
Epoch: 37, Loss: 1.1672, Train: 77.74%, Valid: 71.08%, Test In: 71.50% Test OOD1: 66.09% Test OOD2: 51.64% Test OOD3: 62.88% 
Epoch: 38, Loss: 1.1685, Train: 78.06%, Valid: 71.16%, Test In: 71.61% Test OOD1: 65.91% Test OOD2: 51.67% Test OOD3: 62.80% 
Epoch: 39, Loss: 1.1530, Train: 78.17%, Valid: 71.02%, Test In: 71.62% Test OOD1: 65.24% Test OOD2: 51.76% Test OOD3: 62.57% 
Epoch: 40, Loss: 1.1641, Train: 78.40%, Valid: 71.13%, Test In: 71.65% Test OOD1: 65.62% Test OOD2: 51.68% Test OOD3: 62.68% 
Epoch: 41, Loss: 1.1433, Train: 78.47%, Valid: 71.10%, Test In: 71.64% Test OOD1: 65.78% Test OOD2: 51.63% Test OOD3: 62.67% 
Epoch: 42, Loss: 1.1459, Train: 78.34%, Valid: 70.89%, Test In: 71.54% Test OOD1: 65.66% Test OOD2: 51.58% Test OOD3: 62.58% 
Epoch: 43, Loss: 1.1401, Train: 78.72%, Valid: 70.96%, Test In: 71.61% Test OOD1: 65.39% Test OOD2: 51.56% Test OOD3: 62.51% 
Epoch: 44, Loss: 1.1416, Train: 79.11%, Valid: 71.09%, Test In: 71.72% Test OOD1: 65.24% Test OOD2: 51.61% Test OOD3: 62.47% 
Epoch: 45, Loss: 1.1343, Train: 78.98%, Valid: 70.94%, Test In: 71.62% Test OOD1: 65.35% Test OOD2: 51.57% Test OOD3: 62.46% 
Epoch: 46, Loss: 1.1305, Train: 79.27%, Valid: 70.98%, Test In: 71.61% Test OOD1: 65.25% Test OOD2: 51.49% Test OOD3: 62.44% 
Epoch: 47, Loss: 1.1280, Train: 79.37%, Valid: 70.96%, Test In: 71.59% Test OOD1: 65.23% Test OOD2: 51.45% Test OOD3: 62.44% 
Epoch: 48, Loss: 1.1180, Train: 79.80%, Valid: 71.09%, Test In: 71.74% Test OOD1: 64.74% Test OOD2: 51.60% Test OOD3: 62.33% 
Epoch: 49, Loss: 1.1190, Train: 79.75%, Valid: 71.03%, Test In: 71.62% Test OOD1: 65.35% Test OOD2: 51.38% Test OOD3: 62.53% 
Epoch: 50, Loss: 1.1133, Train: 79.93%, Valid: 70.99%, Test In: 71.64% Test OOD1: 65.09% Test OOD2: 51.36% Test OOD3: 62.48% 
Epoch: 51, Loss: 1.1082, Train: 80.22%, Valid: 71.07%, Test In: 71.76% Test OOD1: 64.95% Test OOD2: 51.39% Test OOD3: 62.47% 
Epoch: 52, Loss: 1.1012, Train: 80.45%, Valid: 71.12%, Test In: 71.81% Test OOD1: 64.98% Test OOD2: 51.32% Test OOD3: 62.45% 
Epoch: 53, Loss: 1.1062, Train: 80.31%, Valid: 70.95%, Test In: 71.68% Test OOD1: 65.21% Test OOD2: 51.25% Test OOD3: 62.48% 
Epoch: 54, Loss: 1.0955, Train: 81.08%, Valid: 71.18%, Test In: 71.93% Test OOD1: 64.30% Test OOD2: 51.44% Test OOD3: 62.15% 
Epoch: 55, Loss: 1.1083, Train: 80.28%, Valid: 70.77%, Test In: 71.43% Test OOD1: 65.56% Test OOD2: 51.08% Test OOD3: 62.50% 
Epoch: 56, Loss: 1.1166, Train: 80.94%, Valid: 71.04%, Test In: 71.79% Test OOD1: 64.75% Test OOD2: 51.21% Test OOD3: 62.23% 
Epoch: 57, Loss: 1.0897, Train: 81.45%, Valid: 71.39%, Test In: 72.00% Test OOD1: 64.82% Test OOD2: 51.49% Test OOD3: 62.33% 
Epoch: 58, Loss: 1.1360, Train: 81.67%, Valid: 71.28%, Test In: 71.98% Test OOD1: 64.73% Test OOD2: 51.31% Test OOD3: 62.21% 
Epoch: 59, Loss: 1.0739, Train: 81.26%, Valid: 71.05%, Test In: 71.83% Test OOD1: 64.44% Test OOD2: 51.08% Test OOD3: 62.04% 
Epoch: 60, Loss: 1.1399, Train: 81.07%, Valid: 70.97%, Test In: 71.66% Test OOD1: 65.56% Test OOD2: 51.04% Test OOD3: 62.49% 
Epoch: 61, Loss: 1.1003, Train: 81.52%, Valid: 71.31%, Test In: 72.02% Test OOD1: 64.91% Test OOD2: 51.24% Test OOD3: 62.43% 
Epoch: 62, Loss: 1.1130, Train: 81.70%, Valid: 71.34%, Test In: 72.06% Test OOD1: 65.28% Test OOD2: 51.21% Test OOD3: 62.55% 
Epoch: 63, Loss: 1.1074, Train: 82.23%, Valid: 71.38%, Test In: 72.16% Test OOD1: 64.32% Test OOD2: 51.22% Test OOD3: 62.21% 
Epoch: 64, Loss: 1.0671, Train: 81.79%, Valid: 71.16%, Test In: 71.97% Test OOD1: 64.48% Test OOD2: 51.02% Test OOD3: 62.32% 
Epoch: 65, Loss: 1.0973, Train: 81.93%, Valid: 71.24%, Test In: 71.99% Test OOD1: 64.95% Test OOD2: 50.97% Test OOD3: 62.54% 
Epoch: 66, Loss: 1.0755, Train: 81.95%, Valid: 71.10%, Test In: 71.83% Test OOD1: 65.31% Test OOD2: 50.95% Test OOD3: 62.66% 
Epoch: 67, Loss: 1.0627, Train: 82.32%, Valid: 71.23%, Test In: 71.95% Test OOD1: 65.07% Test OOD2: 51.05% Test OOD3: 62.60% 
Epoch: 68, Loss: 1.0701, Train: 82.58%, Valid: 71.34%, Test In: 72.03% Test OOD1: 65.16% Test OOD2: 51.11% Test OOD3: 62.61% 
Epoch: 69, Loss: 1.0658, Train: 82.70%, Valid: 71.10%, Test In: 71.84% Test OOD1: 65.06% Test OOD2: 51.01% Test OOD3: 62.47% 
Epoch: 70, Loss: 1.0523, Train: 82.92%, Valid: 71.03%, Test In: 71.82% Test OOD1: 64.61% Test OOD2: 51.05% Test OOD3: 62.24% 
Epoch: 71, Loss: 1.0557, Train: 82.71%, Valid: 70.95%, Test In: 71.69% Test OOD1: 65.02% Test OOD2: 50.88% Test OOD3: 62.37% 
Epoch: 72, Loss: 1.0535, Train: 83.22%, Valid: 70.92%, Test In: 71.69% Test OOD1: 64.67% Test OOD2: 50.85% Test OOD3: 62.21% 
Epoch: 73, Loss: 1.0349, Train: 83.89%, Valid: 71.11%, Test In: 71.90% Test OOD1: 63.89% Test OOD2: 51.09% Test OOD3: 61.87% 
Epoch: 74, Loss: 1.0330, Train: 83.46%, Valid: 70.93%, Test In: 71.67% Test OOD1: 64.65% Test OOD2: 50.92% Test OOD3: 62.12% 
Epoch: 75, Loss: 1.0480, Train: 84.19%, Valid: 71.04%, Test In: 71.76% Test OOD1: 63.70% Test OOD2: 51.12% Test OOD3: 61.75% 
Epoch: 76, Loss: 1.0275, Train: 84.15%, Valid: 70.94%, Test In: 71.62% Test OOD1: 64.00% Test OOD2: 50.99% Test OOD3: 61.91% 
Epoch: 77, Loss: 1.0230, Train: 83.86%, Valid: 70.69%, Test In: 71.31% Test OOD1: 64.58% Test OOD2: 50.82% Test OOD3: 62.11% 
Epoch: 78, Loss: 1.0294, Train: 84.87%, Valid: 70.85%, Test In: 71.49% Test OOD1: 63.81% Test OOD2: 51.07% Test OOD3: 61.80% 
Epoch: 79, Loss: 1.0154, Train: 85.03%, Valid: 70.88%, Test In: 71.49% Test OOD1: 64.16% Test OOD2: 51.04% Test OOD3: 61.98% 
Epoch: 80, Loss: 1.0058, Train: 85.05%, Valid: 70.76%, Test In: 71.31% Test OOD1: 64.41% Test OOD2: 50.93% Test OOD3: 62.03% 
Epoch: 81, Loss: 1.0078, Train: 85.51%, Valid: 70.85%, Test In: 71.39% Test OOD1: 64.11% Test OOD2: 51.03% Test OOD3: 61.96% 
Epoch: 82, Loss: 0.9996, Train: 85.44%, Valid: 70.83%, Test In: 71.42% Test OOD1: 64.30% Test OOD2: 51.06% Test OOD3: 62.06% 
Epoch: 83, Loss: 0.9931, Train: 86.00%, Valid: 70.78%, Test In: 71.42% Test OOD1: 63.98% Test OOD2: 51.16% Test OOD3: 61.94% 
Epoch: 84, Loss: 0.9901, Train: 86.48%, Valid: 70.82%, Test In: 71.52% Test OOD1: 63.76% Test OOD2: 51.22% Test OOD3: 61.92% 
Epoch: 85, Loss: 0.9852, Train: 85.82%, Valid: 70.53%, Test In: 71.21% Test OOD1: 64.66% Test OOD2: 50.96% Test OOD3: 62.19% 
Epoch: 86, Loss: 0.9980, Train: 87.17%, Valid: 70.69%, Test In: 71.45% Test OOD1: 63.47% Test OOD2: 51.27% Test OOD3: 61.85% 
Epoch: 87, Loss: 0.9866, Train: 86.98%, Valid: 70.79%, Test In: 71.51% Test OOD1: 63.94% Test OOD2: 51.12% Test OOD3: 61.94% 
Epoch: 88, Loss: 0.9851, Train: 87.14%, Valid: 70.64%, Test In: 71.26% Test OOD1: 64.27% Test OOD2: 50.96% Test OOD3: 62.00% 
Epoch: 89, Loss: 0.9634, Train: 87.87%, Valid: 70.75%, Test In: 71.30% Test OOD1: 63.86% Test OOD2: 51.06% Test OOD3: 61.82% 
Epoch: 90, Loss: 0.9616, Train: 87.80%, Valid: 70.85%, Test In: 71.42% Test OOD1: 64.10% Test OOD2: 50.99% Test OOD3: 61.86% 
Epoch: 91, Loss: 0.9549, Train: 87.98%, Valid: 70.73%, Test In: 71.36% Test OOD1: 64.19% Test OOD2: 50.89% Test OOD3: 61.92% 
Epoch: 92, Loss: 0.9437, Train: 88.45%, Valid: 70.65%, Test In: 71.32% Test OOD1: 63.86% Test OOD2: 50.90% Test OOD3: 61.86% 
Epoch: 93, Loss: 0.9460, Train: 88.60%, Valid: 70.68%, Test In: 71.42% Test OOD1: 63.84% Test OOD2: 50.87% Test OOD3: 61.81% 
Epoch: 94, Loss: 0.9305, Train: 88.47%, Valid: 70.59%, Test In: 71.33% Test OOD1: 64.07% Test OOD2: 50.69% Test OOD3: 61.85% 
Epoch: 95, Loss: 0.9374, Train: 89.29%, Valid: 70.61%, Test In: 71.26% Test OOD1: 63.61% Test OOD2: 50.74% Test OOD3: 61.63% 
Epoch: 96, Loss: 0.9222, Train: 89.48%, Valid: 70.63%, Test In: 71.22% Test OOD1: 63.78% Test OOD2: 50.64% Test OOD3: 61.63% 
Epoch: 97, Loss: 0.9128, Train: 89.40%, Valid: 70.61%, Test In: 71.22% Test OOD1: 63.93% Test OOD2: 50.52% Test OOD3: 61.56% 
Epoch: 98, Loss: 0.9228, Train: 90.08%, Valid: 70.70%, Test In: 71.23% Test OOD1: 63.52% Test OOD2: 50.65% Test OOD3: 61.34% 
Epoch: 99, Loss: 0.9062, Train: 90.32%, Valid: 70.64%, Test In: 71.15% Test OOD1: 63.62% Test OOD2: 50.64% Test OOD3: 61.35% 
Epoch: 100, Loss: 0.9039, Train: 90.43%, Valid: 70.61%, Test In: 71.21% Test OOD1: 63.71% Test OOD2: 50.62% Test OOD3: 61.37% 
Epoch: 101, Loss: 0.8886, Train: 90.48%, Valid: 70.52%, Test In: 71.13% Test OOD1: 63.98% Test OOD2: 50.63% Test OOD3: 61.51% 
Epoch: 102, Loss: 0.9022, Train: 91.04%, Valid: 70.53%, Test In: 71.19% Test OOD1: 63.90% Test OOD2: 50.76% Test OOD3: 61.49% 
Epoch: 103, Loss: 0.8898, Train: 91.51%, Valid: 70.54%, Test In: 71.13% Test OOD1: 63.64% Test OOD2: 50.86% Test OOD3: 61.39% 
Epoch: 104, Loss: 0.8667, Train: 91.43%, Valid: 70.55%, Test In: 71.13% Test OOD1: 63.95% Test OOD2: 50.81% Test OOD3: 61.50% 
Epoch: 105, Loss: 0.8669, Train: 91.77%, Valid: 70.58%, Test In: 71.19% Test OOD1: 63.69% Test OOD2: 50.90% Test OOD3: 61.44% 
Epoch: 106, Loss: 0.8625, Train: 92.13%, Valid: 70.49%, Test In: 71.14% Test OOD1: 63.24% Test OOD2: 50.99% Test OOD3: 61.28% 
Epoch: 107, Loss: 0.8690, Train: 91.83%, Valid: 70.46%, Test In: 71.11% Test OOD1: 63.82% Test OOD2: 50.90% Test OOD3: 61.51% 
Epoch: 108, Loss: 0.8709, Train: 92.43%, Valid: 70.50%, Test In: 71.10% Test OOD1: 63.42% Test OOD2: 50.92% Test OOD3: 61.43% 
Epoch: 109, Loss: 0.8675, Train: 92.75%, Valid: 70.46%, Test In: 71.07% Test OOD1: 63.31% Test OOD2: 51.01% Test OOD3: 61.48% 
Epoch: 110, Loss: 0.8667, Train: 92.60%, Valid: 70.41%, Test In: 71.13% Test OOD1: 63.72% Test OOD2: 50.86% Test OOD3: 61.76% 
Epoch: 111, Loss: 0.8380, Train: 93.24%, Valid: 70.55%, Test In: 71.25% Test OOD1: 63.00% Test OOD2: 50.94% Test OOD3: 61.56% 
Epoch: 112, Loss: 0.8415, Train: 93.11%, Valid: 70.47%, Test In: 71.19% Test OOD1: 63.32% Test OOD2: 50.99% Test OOD3: 61.75% 
Epoch: 113, Loss: 0.8463, Train: 93.09%, Valid: 70.36%, Test In: 71.13% Test OOD1: 63.21% Test OOD2: 50.76% Test OOD3: 61.65% 
Epoch: 114, Loss: 0.8389, Train: 93.47%, Valid: 70.50%, Test In: 71.13% Test OOD1: 63.13% Test OOD2: 50.84% Test OOD3: 61.44% 
Epoch: 115, Loss: 0.8505, Train: 93.47%, Valid: 70.36%, Test In: 70.97% Test OOD1: 63.35% Test OOD2: 50.72% Test OOD3: 61.47% 
Epoch: 116, Loss: 0.8281, Train: 93.72%, Valid: 70.44%, Test In: 71.05% Test OOD1: 63.32% Test OOD2: 50.73% Test OOD3: 61.37% 
Epoch: 117, Loss: 0.8058, Train: 94.08%, Valid: 70.58%, Test In: 71.20% Test OOD1: 62.93% Test OOD2: 50.81% Test OOD3: 61.14% 
Epoch: 118, Loss: 0.8257, Train: 93.95%, Valid: 70.39%, Test In: 71.07% Test OOD1: 63.16% Test OOD2: 50.71% Test OOD3: 61.23% 
Epoch: 119, Loss: 0.8121, Train: 94.19%, Valid: 70.43%, Test In: 71.05% Test OOD1: 63.16% Test OOD2: 50.78% Test OOD3: 61.13% 
Epoch: 120, Loss: 0.7959, Train: 94.49%, Valid: 70.43%, Test In: 70.99% Test OOD1: 62.95% Test OOD2: 50.76% Test OOD3: 61.03% 
Epoch: 121, Loss: 0.7961, Train: 94.55%, Valid: 70.34%, Test In: 70.85% Test OOD1: 63.01% Test OOD2: 50.69% Test OOD3: 61.13% 
Epoch: 122, Loss: 0.7848, Train: 94.60%, Valid: 70.28%, Test In: 70.80% Test OOD1: 63.11% Test OOD2: 50.76% Test OOD3: 61.17% 
Epoch: 123, Loss: 0.7932, Train: 94.74%, Valid: 70.17%, Test In: 70.74% Test OOD1: 63.08% Test OOD2: 50.65% Test OOD3: 61.19% 
Epoch: 124, Loss: 0.7796, Train: 95.11%, Valid: 70.12%, Test In: 70.74% Test OOD1: 62.72% Test OOD2: 50.71% Test OOD3: 61.04% 
Epoch: 125, Loss: 0.7752, Train: 95.20%, Valid: 70.09%, Test In: 70.68% Test OOD1: 62.81% Test OOD2: 50.69% Test OOD3: 61.12% 
Epoch: 126, Loss: 0.7803, Train: 95.22%, Valid: 70.05%, Test In: 70.69% Test OOD1: 62.79% Test OOD2: 50.61% Test OOD3: 61.17% 
Epoch: 127, Loss: 0.7631, Train: 95.73%, Valid: 70.14%, Test In: 70.71% Test OOD1: 62.30% Test OOD2: 50.75% Test OOD3: 61.02% 
Epoch: 128, Loss: 0.7781, Train: 95.59%, Valid: 70.16%, Test In: 70.66% Test OOD1: 62.93% Test OOD2: 50.62% Test OOD3: 61.31% 
Epoch: 129, Loss: 0.7709, Train: 95.62%, Valid: 70.13%, Test In: 70.61% Test OOD1: 63.10% Test OOD2: 50.54% Test OOD3: 61.32% 
Epoch: 130, Loss: 0.7447, Train: 95.99%, Valid: 70.15%, Test In: 70.62% Test OOD1: 62.76% Test OOD2: 50.61% Test OOD3: 61.18% 
Epoch: 131, Loss: 0.7588, Train: 95.73%, Valid: 70.09%, Test In: 70.69% Test OOD1: 62.98% Test OOD2: 50.50% Test OOD3: 61.34% 
Epoch: 132, Loss: 0.7599, Train: 96.20%, Valid: 70.09%, Test In: 70.76% Test OOD1: 62.41% Test OOD2: 50.51% Test OOD3: 61.10% 
Epoch: 133, Loss: 0.7505, Train: 96.18%, Valid: 70.08%, Test In: 70.80% Test OOD1: 62.43% Test OOD2: 50.54% Test OOD3: 61.17% 
Epoch: 134, Loss: 0.7435, Train: 96.39%, Valid: 70.13%, Test In: 70.74% Test OOD1: 62.65% Test OOD2: 50.63% Test OOD3: 61.19% 
Epoch: 135, Loss: 0.7329, Train: 96.33%, Valid: 70.09%, Test In: 70.67% Test OOD1: 62.85% Test OOD2: 50.54% Test OOD3: 61.13% 
Epoch: 136, Loss: 0.7277, Train: 96.25%, Valid: 70.06%, Test In: 70.64% Test OOD1: 63.02% Test OOD2: 50.55% Test OOD3: 61.28% 
Epoch: 137, Loss: 0.7292, Train: 96.76%, Valid: 70.09%, Test In: 70.66% Test OOD1: 62.58% Test OOD2: 50.78% Test OOD3: 61.15% 
Epoch: 138, Loss: 0.7210, Train: 96.59%, Valid: 70.07%, Test In: 70.67% Test OOD1: 62.70% Test OOD2: 50.68% Test OOD3: 61.23% 
Epoch: 139, Loss: 0.7096, Train: 96.60%, Valid: 70.08%, Test In: 70.61% Test OOD1: 62.66% Test OOD2: 50.66% Test OOD3: 61.16% 
Epoch: 140, Loss: 0.7014, Train: 97.02%, Valid: 70.12%, Test In: 70.50% Test OOD1: 62.34% Test OOD2: 50.87% Test OOD3: 60.92% 
Epoch: 141, Loss: 0.7078, Train: 96.56%, Valid: 70.07%, Test In: 70.49% Test OOD1: 63.08% Test OOD2: 50.62% Test OOD3: 61.08% 
Epoch: 142, Loss: 0.7096, Train: 97.09%, Valid: 70.16%, Test In: 70.44% Test OOD1: 62.79% Test OOD2: 50.77% Test OOD3: 60.92% 
Epoch: 143, Loss: 0.7026, Train: 97.22%, Valid: 70.08%, Test In: 70.45% Test OOD1: 62.80% Test OOD2: 50.78% Test OOD3: 60.94% 
Epoch: 144, Loss: 0.7020, Train: 97.06%, Valid: 70.00%, Test In: 70.52% Test OOD1: 62.90% Test OOD2: 50.66% Test OOD3: 61.06% 
Epoch: 145, Loss: 0.6979, Train: 97.54%, Valid: 69.99%, Test In: 70.55% Test OOD1: 62.36% Test OOD2: 50.88% Test OOD3: 60.96% 
Epoch: 146, Loss: 0.6895, Train: 97.36%, Valid: 69.98%, Test In: 70.65% Test OOD1: 62.77% Test OOD2: 50.79% Test OOD3: 61.22% 
Epoch: 147, Loss: 0.7015, Train: 97.38%, Valid: 70.13%, Test In: 70.55% Test OOD1: 62.71% Test OOD2: 50.64% Test OOD3: 61.08% 
Epoch: 148, Loss: 0.7060, Train: 97.53%, Valid: 70.15%, Test In: 70.55% Test OOD1: 62.84% Test OOD2: 50.74% Test OOD3: 61.09% 
Epoch: 149, Loss: 0.6899, Train: 97.69%, Valid: 70.17%, Test In: 70.49% Test OOD1: 62.62% Test OOD2: 50.81% Test OOD3: 60.92% 
Epoch: 150, Loss: 0.6840, Train: 97.54%, Valid: 70.09%, Test In: 70.57% Test OOD1: 63.00% Test OOD2: 50.77% Test OOD3: 61.00% 
Epoch: 151, Loss: 0.6852, Train: 97.72%, Valid: 70.07%, Test In: 70.71% Test OOD1: 62.81% Test OOD2: 50.92% Test OOD3: 60.94% 
Epoch: 152, Loss: 0.6829, Train: 97.67%, Valid: 70.10%, Test In: 70.72% Test OOD1: 62.76% Test OOD2: 50.93% Test OOD3: 60.94% 
Epoch: 153, Loss: 0.7007, Train: 97.75%, Valid: 70.17%, Test In: 70.80% Test OOD1: 62.91% Test OOD2: 50.77% Test OOD3: 60.91% 
Epoch: 154, Loss: 0.6782, Train: 97.92%, Valid: 70.22%, Test In: 70.61% Test OOD1: 62.87% Test OOD2: 50.81% Test OOD3: 60.81% 
Epoch: 155, Loss: 0.6690, Train: 97.53%, Valid: 70.11%, Test In: 70.61% Test OOD1: 63.13% Test OOD2: 50.68% Test OOD3: 60.91% 
Epoch: 156, Loss: 0.6726, Train: 98.07%, Valid: 70.17%, Test In: 70.66% Test OOD1: 62.62% Test OOD2: 50.79% Test OOD3: 60.78% 
Epoch: 157, Loss: 0.6655, Train: 98.04%, Valid: 70.16%, Test In: 70.76% Test OOD1: 62.76% Test OOD2: 50.82% Test OOD3: 60.91% 
Epoch: 158, Loss: 0.6596, Train: 97.98%, Valid: 70.06%, Test In: 70.69% Test OOD1: 62.73% Test OOD2: 50.75% Test OOD3: 60.93% 
Epoch: 159, Loss: 0.6536, Train: 98.16%, Valid: 70.02%, Test In: 70.61% Test OOD1: 62.68% Test OOD2: 50.74% Test OOD3: 60.90% 
Epoch: 160, Loss: 0.6528, Train: 97.91%, Valid: 69.95%, Test In: 70.43% Test OOD1: 63.16% Test OOD2: 50.59% Test OOD3: 61.01% 
Epoch: 161, Loss: 0.6559, Train: 98.08%, Valid: 69.98%, Test In: 70.29% Test OOD1: 62.79% Test OOD2: 50.63% Test OOD3: 60.68% 
Epoch: 162, Loss: 0.6537, Train: 98.25%, Valid: 70.00%, Test In: 70.39% Test OOD1: 62.76% Test OOD2: 50.67% Test OOD3: 60.69% 
Epoch: 163, Loss: 0.6565, Train: 98.36%, Valid: 69.98%, Test In: 70.45% Test OOD1: 62.75% Test OOD2: 50.71% Test OOD3: 60.68% 
Epoch: 164, Loss: 0.6528, Train: 98.23%, Valid: 69.85%, Test In: 70.39% Test OOD1: 62.76% Test OOD2: 50.75% Test OOD3: 60.80% 
Epoch: 165, Loss: 0.6562, Train: 98.48%, Valid: 69.83%, Test In: 70.26% Test OOD1: 62.77% Test OOD2: 50.81% Test OOD3: 60.82% 
Epoch: 166, Loss: 0.6756, Train: 97.90%, Valid: 69.72%, Test In: 70.28% Test OOD1: 63.34% Test OOD2: 50.67% Test OOD3: 61.00% 
Epoch: 167, Loss: 0.6940, Train: 98.44%, Valid: 69.90%, Test In: 70.25% Test OOD1: 62.79% Test OOD2: 50.75% Test OOD3: 60.70% 
Epoch: 168, Loss: 0.6386, Train: 98.70%, Valid: 69.94%, Test In: 70.27% Test OOD1: 62.63% Test OOD2: 50.74% Test OOD3: 60.66% 
Epoch: 169, Loss: 0.6882, Train: 98.01%, Valid: 69.85%, Test In: 70.36% Test OOD1: 63.13% Test OOD2: 50.48% Test OOD3: 61.03% 
Epoch: 170, Loss: 0.6615, Train: 98.13%, Valid: 69.87%, Test In: 70.37% Test OOD1: 63.07% Test OOD2: 50.51% Test OOD3: 61.07% 
Epoch: 171, Loss: 0.6675, Train: 98.23%, Valid: 69.89%, Test In: 70.39% Test OOD1: 63.14% Test OOD2: 50.55% Test OOD3: 61.14% 
Epoch: 172, Loss: 0.6588, Train: 98.44%, Valid: 69.95%, Test In: 70.33% Test OOD1: 62.69% Test OOD2: 50.65% Test OOD3: 60.88% 
Epoch: 173, Loss: 0.6649, Train: 98.24%, Valid: 69.92%, Test In: 70.43% Test OOD1: 62.94% Test OOD2: 50.50% Test OOD3: 60.89% 
Epoch: 174, Loss: 0.6441, Train: 97.69%, Valid: 69.78%, Test In: 70.35% Test OOD1: 63.29% Test OOD2: 50.39% Test OOD3: 61.05% 
Epoch: 175, Loss: 0.6580, Train: 98.45%, Valid: 69.85%, Test In: 70.26% Test OOD1: 62.62% Test OOD2: 50.59% Test OOD3: 60.64% 
Epoch: 176, Loss: 0.6482, Train: 98.60%, Valid: 69.90%, Test In: 70.27% Test OOD1: 62.57% Test OOD2: 50.58% Test OOD3: 60.64% 
Epoch: 177, Loss: 0.6443, Train: 98.33%, Valid: 69.89%, Test In: 70.41% Test OOD1: 62.99% Test OOD2: 50.56% Test OOD3: 61.02% 
Epoch: 178, Loss: 0.6417, Train: 98.64%, Valid: 69.98%, Test In: 70.47% Test OOD1: 62.61% Test OOD2: 50.59% Test OOD3: 60.92% 
Epoch: 179, Loss: 0.6392, Train: 98.62%, Valid: 69.98%, Test In: 70.44% Test OOD1: 62.87% Test OOD2: 50.66% Test OOD3: 61.01% 
Epoch: 180, Loss: 0.6363, Train: 98.43%, Valid: 69.96%, Test In: 70.38% Test OOD1: 63.08% Test OOD2: 50.65% Test OOD3: 60.95% 
Epoch: 181, Loss: 0.6251, Train: 98.51%, Valid: 70.00%, Test In: 70.33% Test OOD1: 62.95% Test OOD2: 50.66% Test OOD3: 60.68% 
Epoch: 182, Loss: 0.6294, Train: 98.52%, Valid: 69.91%, Test In: 70.17% Test OOD1: 62.98% Test OOD2: 50.74% Test OOD3: 60.60% 
Epoch: 183, Loss: 0.6222, Train: 98.66%, Valid: 69.91%, Test In: 70.16% Test OOD1: 62.65% Test OOD2: 50.77% Test OOD3: 60.48% 
Epoch: 184, Loss: 0.6186, Train: 98.91%, Valid: 69.96%, Test In: 70.14% Test OOD1: 62.39% Test OOD2: 50.80% Test OOD3: 60.40% 
Epoch: 185, Loss: 0.6275, Train: 98.75%, Valid: 69.89%, Test In: 70.04% Test OOD1: 62.48% Test OOD2: 50.75% Test OOD3: 60.55% 
Epoch: 186, Loss: 0.6261, Train: 99.02%, Valid: 69.88%, Test In: 69.93% Test OOD1: 62.25% Test OOD2: 50.72% Test OOD3: 60.46% 
Epoch: 187, Loss: 0.6290, Train: 98.79%, Valid: 69.94%, Test In: 70.08% Test OOD1: 62.87% Test OOD2: 50.76% Test OOD3: 60.85% 
Epoch: 188, Loss: 0.6057, Train: 98.75%, Valid: 70.04%, Test In: 70.18% Test OOD1: 63.03% Test OOD2: 50.82% Test OOD3: 60.92% 
Epoch: 189, Loss: 0.6136, Train: 98.91%, Valid: 70.08%, Test In: 70.22% Test OOD1: 62.77% Test OOD2: 50.83% Test OOD3: 60.90% 
Epoch: 190, Loss: 0.6147, Train: 98.78%, Valid: 69.96%, Test In: 70.24% Test OOD1: 63.14% Test OOD2: 50.70% Test OOD3: 61.07% 
Epoch: 191, Loss: 0.6057, Train: 98.86%, Valid: 69.92%, Test In: 70.15% Test OOD1: 62.91% Test OOD2: 50.61% Test OOD3: 60.96% 
Epoch: 192, Loss: 0.6053, Train: 98.96%, Valid: 69.88%, Test In: 70.03% Test OOD1: 62.64% Test OOD2: 50.62% Test OOD3: 60.83% 
Epoch: 193, Loss: 0.6102, Train: 98.78%, Valid: 69.84%, Test In: 70.02% Test OOD1: 62.95% Test OOD2: 50.60% Test OOD3: 60.97% 
Epoch: 194, Loss: 0.6150, Train: 98.94%, Valid: 69.95%, Test In: 70.10% Test OOD1: 62.27% Test OOD2: 50.67% Test OOD3: 60.59% 
Epoch: 195, Loss: 0.6367, Train: 98.97%, Valid: 69.85%, Test In: 69.98% Test OOD1: 62.91% Test OOD2: 50.96% Test OOD3: 60.80% 
Epoch: 196, Loss: 0.6723, Train: 99.02%, Valid: 69.89%, Test In: 70.00% Test OOD1: 62.78% Test OOD2: 50.79% Test OOD3: 60.67% 
Epoch: 197, Loss: 0.6021, Train: 99.20%, Valid: 69.92%, Test In: 69.87% Test OOD1: 61.92% Test OOD2: 50.71% Test OOD3: 60.37% 
Epoch: 198, Loss: 0.6617, Train: 99.09%, Valid: 69.96%, Test In: 69.98% Test OOD1: 62.88% Test OOD2: 50.63% Test OOD3: 60.77% 
Epoch: 199, Loss: 0.6194, Train: 99.09%, Valid: 70.01%, Test In: 69.99% Test OOD1: 62.52% Test OOD2: 50.84% Test OOD3: 60.77% 
Run 02:
Highest Train: 99.20
Highest Valid: 71.39
Highest In Test: 72.16
Highest OOD Test: 66.47
Highest OOD Test: 53.00
Highest OOD Test: 63.21
Chosen epoch: 58
Final Train: 81.45
Final In Test: 72.00
Final OOD Test: 64.82
Final OOD Test: 51.49
Final OOD Test: 62.33
Epoch: 00, Loss: 1.3879, Train: 67.26%, Valid: 63.13%, Test In: 64.54% Test OOD1: 60.75% Test OOD2: 52.54% Test OOD3: 60.34% 
Epoch: 01, Loss: 1.3820, Train: 63.64%, Valid: 59.44%, Test In: 61.09% Test OOD1: 53.67% Test OOD2: 52.44% Test OOD3: 56.55% 
Epoch: 02, Loss: 1.3743, Train: 60.68%, Valid: 57.09%, Test In: 58.48% Test OOD1: 51.02% Test OOD2: 52.26% Test OOD3: 54.42% 
Epoch: 03, Loss: 1.3652, Train: 60.73%, Valid: 57.13%, Test In: 58.54% Test OOD1: 51.15% Test OOD2: 52.38% Test OOD3: 54.61% 
Epoch: 04, Loss: 1.3550, Train: 64.67%, Valid: 60.48%, Test In: 61.90% Test OOD1: 55.06% Test OOD2: 52.92% Test OOD3: 57.65% 
Epoch: 05, Loss: 1.3465, Train: 68.97%, Valid: 64.62%, Test In: 65.97% Test OOD1: 62.13% Test OOD2: 52.91% Test OOD3: 61.36% 
Epoch: 06, Loss: 1.3409, Train: 67.65%, Valid: 64.30%, Test In: 64.77% Test OOD1: 63.31% Test OOD2: 51.88% Test OOD3: 60.64% 
Epoch: 07, Loss: 1.3350, Train: 65.79%, Valid: 63.18%, Test In: 63.12% Test OOD1: 62.71% Test OOD2: 51.44% Test OOD3: 59.78% 
Epoch: 08, Loss: 1.3291, Train: 64.84%, Valid: 62.53%, Test In: 62.32% Test OOD1: 62.33% Test OOD2: 51.23% Test OOD3: 59.34% 
Epoch: 09, Loss: 1.3217, Train: 64.40%, Valid: 62.18%, Test In: 61.95% Test OOD1: 62.15% Test OOD2: 51.13% Test OOD3: 59.16% 
Epoch: 10, Loss: 1.3172, Train: 64.31%, Valid: 62.09%, Test In: 61.88% Test OOD1: 62.13% Test OOD2: 51.12% Test OOD3: 59.17% 
Epoch: 11, Loss: 1.3135, Train: 64.48%, Valid: 62.17%, Test In: 62.01% Test OOD1: 62.22% Test OOD2: 51.14% Test OOD3: 59.30% 
Epoch: 12, Loss: 1.3081, Train: 64.78%, Valid: 62.36%, Test In: 62.25% Test OOD1: 62.36% Test OOD2: 51.19% Test OOD3: 59.50% 
Epoch: 13, Loss: 1.3038, Train: 65.21%, Valid: 62.63%, Test In: 62.58% Test OOD1: 62.56% Test OOD2: 51.26% Test OOD3: 59.75% 
Epoch: 14, Loss: 1.2994, Train: 65.79%, Valid: 63.02%, Test In: 63.04% Test OOD1: 62.84% Test OOD2: 51.36% Test OOD3: 60.05% 
Epoch: 15, Loss: 1.2959, Train: 66.56%, Valid: 63.53%, Test In: 63.67% Test OOD1: 63.22% Test OOD2: 51.47% Test OOD3: 60.41% 
Epoch: 16, Loss: 1.2931, Train: 67.52%, Valid: 64.21%, Test In: 64.47% Test OOD1: 63.71% Test OOD2: 51.58% Test OOD3: 60.83% 
Epoch: 17, Loss: 1.2865, Train: 68.68%, Valid: 65.01%, Test In: 65.40% Test OOD1: 64.28% Test OOD2: 51.68% Test OOD3: 61.32% 
Epoch: 18, Loss: 1.2794, Train: 69.83%, Valid: 65.85%, Test In: 66.34% Test OOD1: 64.84% Test OOD2: 51.77% Test OOD3: 61.78% 
Epoch: 19, Loss: 1.2727, Train: 71.10%, Valid: 66.81%, Test In: 67.38% Test OOD1: 65.36% Test OOD2: 51.89% Test OOD3: 62.24% 
Epoch: 20, Loss: 1.2648, Train: 71.82%, Valid: 67.37%, Test In: 67.91% Test OOD1: 65.73% Test OOD2: 51.91% Test OOD3: 62.50% 
Epoch: 21, Loss: 1.2589, Train: 72.27%, Valid: 67.74%, Test In: 68.24% Test OOD1: 65.93% Test OOD2: 51.88% Test OOD3: 62.63% 
Epoch: 22, Loss: 1.2502, Train: 73.89%, Valid: 68.97%, Test In: 69.51% Test OOD1: 66.12% Test OOD2: 52.16% Test OOD3: 63.08% 
Epoch: 23, Loss: 1.2444, Train: 73.61%, Valid: 68.68%, Test In: 69.20% Test OOD1: 66.27% Test OOD2: 51.95% Test OOD3: 62.95% 
Epoch: 24, Loss: 1.2368, Train: 74.78%, Valid: 69.59%, Test In: 70.08% Test OOD1: 66.27% Test OOD2: 52.09% Test OOD3: 63.15% 
Epoch: 25, Loss: 1.2245, Train: 75.77%, Valid: 70.27%, Test In: 70.78% Test OOD1: 65.81% Test OOD2: 52.27% Test OOD3: 63.25% 
Epoch: 26, Loss: 1.2219, Train: 75.11%, Valid: 69.66%, Test In: 70.18% Test OOD1: 66.37% Test OOD2: 51.92% Test OOD3: 63.11% 
Epoch: 27, Loss: 1.2207, Train: 76.06%, Valid: 70.30%, Test In: 70.87% Test OOD1: 66.06% Test OOD2: 52.07% Test OOD3: 63.22% 
Epoch: 28, Loss: 1.2099, Train: 76.62%, Valid: 70.59%, Test In: 71.16% Test OOD1: 65.69% Test OOD2: 52.24% Test OOD3: 63.22% 
Epoch: 29, Loss: 1.2015, Train: 76.70%, Valid: 70.56%, Test In: 71.12% Test OOD1: 65.96% Test OOD2: 52.16% Test OOD3: 63.21% 
Epoch: 30, Loss: 1.1974, Train: 77.03%, Valid: 70.66%, Test In: 71.26% Test OOD1: 65.84% Test OOD2: 52.14% Test OOD3: 63.18% 
Epoch: 31, Loss: 1.1990, Train: 76.94%, Valid: 70.49%, Test In: 71.07% Test OOD1: 66.17% Test OOD2: 51.95% Test OOD3: 63.18% 
Epoch: 32, Loss: 1.1880, Train: 77.52%, Valid: 70.66%, Test In: 71.30% Test OOD1: 65.57% Test OOD2: 52.15% Test OOD3: 63.11% 
Epoch: 33, Loss: 1.1805, Train: 77.94%, Valid: 70.82%, Test In: 71.48% Test OOD1: 65.30% Test OOD2: 52.14% Test OOD3: 63.04% 
Epoch: 34, Loss: 1.1784, Train: 77.62%, Valid: 70.44%, Test In: 71.14% Test OOD1: 65.82% Test OOD2: 51.86% Test OOD3: 63.10% 
Epoch: 35, Loss: 1.1745, Train: 78.12%, Valid: 70.70%, Test In: 71.43% Test OOD1: 65.44% Test OOD2: 52.00% Test OOD3: 63.04% 
Epoch: 36, Loss: 1.1675, Train: 78.46%, Valid: 70.75%, Test In: 71.47% Test OOD1: 65.18% Test OOD2: 51.95% Test OOD3: 62.94% 
Epoch: 37, Loss: 1.1599, Train: 78.45%, Valid: 70.66%, Test In: 71.35% Test OOD1: 65.42% Test OOD2: 51.82% Test OOD3: 62.92% 
Epoch: 38, Loss: 1.1593, Train: 78.81%, Valid: 70.83%, Test In: 71.54% Test OOD1: 65.16% Test OOD2: 51.90% Test OOD3: 62.80% 
Epoch: 39, Loss: 1.1539, Train: 78.99%, Valid: 70.79%, Test In: 71.49% Test OOD1: 65.20% Test OOD2: 51.77% Test OOD3: 62.71% 
Epoch: 40, Loss: 1.1508, Train: 79.06%, Valid: 70.81%, Test In: 71.51% Test OOD1: 65.30% Test OOD2: 51.79% Test OOD3: 62.67% 
Epoch: 41, Loss: 1.1412, Train: 79.53%, Valid: 70.89%, Test In: 71.60% Test OOD1: 64.76% Test OOD2: 51.88% Test OOD3: 62.48% 
Epoch: 42, Loss: 1.1386, Train: 79.67%, Valid: 70.96%, Test In: 71.60% Test OOD1: 65.21% Test OOD2: 51.77% Test OOD3: 62.56% 
Epoch: 43, Loss: 1.1307, Train: 79.77%, Valid: 70.87%, Test In: 71.51% Test OOD1: 65.11% Test OOD2: 51.77% Test OOD3: 62.47% 
Epoch: 44, Loss: 1.1276, Train: 80.31%, Valid: 71.03%, Test In: 71.67% Test OOD1: 64.74% Test OOD2: 51.79% Test OOD3: 62.39% 
Epoch: 45, Loss: 1.1271, Train: 80.27%, Valid: 70.96%, Test In: 71.59% Test OOD1: 65.14% Test OOD2: 51.67% Test OOD3: 62.44% 
Epoch: 46, Loss: 1.1253, Train: 81.09%, Valid: 71.22%, Test In: 71.86% Test OOD1: 64.57% Test OOD2: 51.75% Test OOD3: 62.33% 
Epoch: 47, Loss: 1.1128, Train: 80.46%, Valid: 70.75%, Test In: 71.41% Test OOD1: 64.95% Test OOD2: 51.48% Test OOD3: 62.37% 
Epoch: 48, Loss: 1.1303, Train: 81.46%, Valid: 71.34%, Test In: 72.01% Test OOD1: 64.69% Test OOD2: 51.64% Test OOD3: 62.45% 
Epoch: 49, Loss: 1.1224, Train: 81.46%, Valid: 71.17%, Test In: 71.82% Test OOD1: 64.68% Test OOD2: 51.55% Test OOD3: 62.38% 
Epoch: 50, Loss: 1.0999, Train: 80.76%, Valid: 70.67%, Test In: 71.29% Test OOD1: 65.19% Test OOD2: 51.19% Test OOD3: 62.43% 
Epoch: 51, Loss: 1.1216, Train: 82.19%, Valid: 71.39%, Test In: 72.03% Test OOD1: 64.47% Test OOD2: 51.57% Test OOD3: 62.33% 
Epoch: 52, Loss: 1.1027, Train: 81.80%, Valid: 71.11%, Test In: 71.78% Test OOD1: 64.78% Test OOD2: 51.42% Test OOD3: 62.37% 
Epoch: 53, Loss: 1.0975, Train: 81.68%, Valid: 70.80%, Test In: 71.43% Test OOD1: 65.21% Test OOD2: 51.14% Test OOD3: 62.39% 
Epoch: 54, Loss: 1.0910, Train: 82.34%, Valid: 70.96%, Test In: 71.66% Test OOD1: 64.51% Test OOD2: 51.31% Test OOD3: 62.18% 
Epoch: 55, Loss: 1.0780, Train: 82.71%, Valid: 71.05%, Test In: 71.80% Test OOD1: 64.06% Test OOD2: 51.42% Test OOD3: 62.02% 
Epoch: 56, Loss: 1.0824, Train: 82.18%, Valid: 70.80%, Test In: 71.57% Test OOD1: 65.34% Test OOD2: 51.02% Test OOD3: 62.40% 
Epoch: 57, Loss: 1.0927, Train: 82.87%, Valid: 70.93%, Test In: 71.67% Test OOD1: 64.69% Test OOD2: 51.14% Test OOD3: 62.16% 
Epoch: 58, Loss: 1.0635, Train: 83.17%, Valid: 70.89%, Test In: 71.66% Test OOD1: 63.82% Test OOD2: 51.28% Test OOD3: 61.78% 
Epoch: 59, Loss: 1.0830, Train: 83.08%, Valid: 70.80%, Test In: 71.51% Test OOD1: 65.05% Test OOD2: 50.98% Test OOD3: 62.18% 
Epoch: 60, Loss: 1.0583, Train: 83.41%, Valid: 70.87%, Test In: 71.60% Test OOD1: 65.00% Test OOD2: 50.98% Test OOD3: 62.18% 
Epoch: 61, Loss: 1.0538, Train: 84.07%, Valid: 70.88%, Test In: 71.69% Test OOD1: 64.27% Test OOD2: 51.12% Test OOD3: 61.85% 
Epoch: 62, Loss: 1.0425, Train: 83.62%, Valid: 70.56%, Test In: 71.42% Test OOD1: 64.60% Test OOD2: 50.99% Test OOD3: 61.94% 
Epoch: 63, Loss: 1.0562, Train: 84.23%, Valid: 70.66%, Test In: 71.50% Test OOD1: 64.58% Test OOD2: 50.94% Test OOD3: 61.97% 
Epoch: 64, Loss: 1.0280, Train: 84.86%, Valid: 70.92%, Test In: 71.80% Test OOD1: 64.33% Test OOD2: 51.13% Test OOD3: 61.91% 
Epoch: 65, Loss: 1.0319, Train: 84.69%, Valid: 70.62%, Test In: 71.42% Test OOD1: 64.60% Test OOD2: 50.88% Test OOD3: 61.92% 
Epoch: 66, Loss: 1.0244, Train: 84.89%, Valid: 70.59%, Test In: 71.36% Test OOD1: 64.30% Test OOD2: 50.90% Test OOD3: 61.79% 
Epoch: 67, Loss: 1.0236, Train: 85.39%, Valid: 70.90%, Test In: 71.70% Test OOD1: 64.25% Test OOD2: 51.08% Test OOD3: 61.79% 
Epoch: 68, Loss: 1.0268, Train: 85.40%, Valid: 70.57%, Test In: 71.30% Test OOD1: 64.49% Test OOD2: 50.72% Test OOD3: 61.76% 
Epoch: 69, Loss: 1.0207, Train: 85.47%, Valid: 70.75%, Test In: 71.55% Test OOD1: 64.84% Test OOD2: 50.87% Test OOD3: 61.95% 
Epoch: 70, Loss: 1.0088, Train: 86.42%, Valid: 70.90%, Test In: 71.77% Test OOD1: 63.72% Test OOD2: 51.08% Test OOD3: 61.59% 
Epoch: 71, Loss: 1.0074, Train: 85.93%, Valid: 70.50%, Test In: 71.29% Test OOD1: 64.57% Test OOD2: 50.72% Test OOD3: 61.82% 
Epoch: 72, Loss: 0.9999, Train: 86.33%, Valid: 70.74%, Test In: 71.47% Test OOD1: 64.73% Test OOD2: 50.81% Test OOD3: 61.86% 
Epoch: 73, Loss: 0.9803, Train: 87.20%, Valid: 70.93%, Test In: 71.60% Test OOD1: 64.14% Test OOD2: 50.92% Test OOD3: 61.61% 
Epoch: 74, Loss: 0.9787, Train: 87.08%, Valid: 70.68%, Test In: 71.30% Test OOD1: 64.32% Test OOD2: 50.77% Test OOD3: 61.63% 
Epoch: 75, Loss: 0.9658, Train: 87.18%, Valid: 70.66%, Test In: 71.32% Test OOD1: 64.27% Test OOD2: 50.79% Test OOD3: 61.64% 
Epoch: 76, Loss: 0.9661, Train: 87.76%, Valid: 70.74%, Test In: 71.33% Test OOD1: 64.02% Test OOD2: 50.78% Test OOD3: 61.58% 
Epoch: 77, Loss: 0.9512, Train: 88.23%, Valid: 70.78%, Test In: 71.32% Test OOD1: 63.76% Test OOD2: 50.82% Test OOD3: 61.52% 
Epoch: 78, Loss: 0.9538, Train: 88.47%, Valid: 70.69%, Test In: 71.22% Test OOD1: 63.69% Test OOD2: 50.81% Test OOD3: 61.49% 
Epoch: 79, Loss: 0.9357, Train: 88.54%, Valid: 70.51%, Test In: 70.96% Test OOD1: 63.95% Test OOD2: 50.63% Test OOD3: 61.59% 
Epoch: 80, Loss: 0.9348, Train: 88.93%, Valid: 70.62%, Test In: 71.07% Test OOD1: 63.74% Test OOD2: 50.72% Test OOD3: 61.54% 
Epoch: 81, Loss: 0.9223, Train: 89.05%, Valid: 70.68%, Test In: 71.20% Test OOD1: 63.67% Test OOD2: 50.82% Test OOD3: 61.58% 
Epoch: 82, Loss: 0.9221, Train: 89.46%, Valid: 70.48%, Test In: 70.92% Test OOD1: 63.56% Test OOD2: 50.75% Test OOD3: 61.44% 
Epoch: 83, Loss: 0.9221, Train: 89.45%, Valid: 70.56%, Test In: 71.04% Test OOD1: 63.80% Test OOD2: 50.73% Test OOD3: 61.55% 
Epoch: 84, Loss: 0.9224, Train: 90.18%, Valid: 70.48%, Test In: 70.75% Test OOD1: 63.50% Test OOD2: 50.70% Test OOD3: 61.27% 
Epoch: 85, Loss: 0.9120, Train: 90.84%, Valid: 70.55%, Test In: 70.97% Test OOD1: 62.99% Test OOD2: 50.83% Test OOD3: 61.14% 
Epoch: 86, Loss: 0.9172, Train: 89.88%, Valid: 70.35%, Test In: 70.79% Test OOD1: 63.94% Test OOD2: 50.69% Test OOD3: 61.56% 
Epoch: 87, Loss: 0.9182, Train: 91.01%, Valid: 70.60%, Test In: 71.02% Test OOD1: 63.36% Test OOD2: 50.82% Test OOD3: 61.41% 
Epoch: 88, Loss: 0.8820, Train: 91.41%, Valid: 70.64%, Test In: 70.99% Test OOD1: 63.31% Test OOD2: 50.83% Test OOD3: 61.32% 
Epoch: 89, Loss: 0.9067, Train: 91.12%, Valid: 70.69%, Test In: 71.00% Test OOD1: 63.98% Test OOD2: 50.72% Test OOD3: 61.53% 
Epoch: 90, Loss: 0.8746, Train: 91.38%, Valid: 70.64%, Test In: 70.88% Test OOD1: 64.07% Test OOD2: 50.70% Test OOD3: 61.45% 
Epoch: 91, Loss: 0.8709, Train: 91.78%, Valid: 70.64%, Test In: 70.76% Test OOD1: 63.84% Test OOD2: 50.69% Test OOD3: 61.27% 
Epoch: 92, Loss: 0.8790, Train: 91.98%, Valid: 70.84%, Test In: 71.10% Test OOD1: 63.51% Test OOD2: 50.86% Test OOD3: 61.28% 
Epoch: 93, Loss: 0.8704, Train: 91.72%, Valid: 70.77%, Test In: 71.17% Test OOD1: 63.81% Test OOD2: 50.76% Test OOD3: 61.55% 
Epoch: 94, Loss: 0.8572, Train: 92.24%, Valid: 70.68%, Test In: 71.06% Test OOD1: 63.44% Test OOD2: 50.93% Test OOD3: 61.46% 
Epoch: 95, Loss: 0.8489, Train: 92.63%, Valid: 70.79%, Test In: 71.12% Test OOD1: 63.14% Test OOD2: 50.97% Test OOD3: 61.32% 
Epoch: 96, Loss: 0.8384, Train: 92.43%, Valid: 70.72%, Test In: 71.07% Test OOD1: 63.64% Test OOD2: 50.78% Test OOD3: 61.31% 
Epoch: 97, Loss: 0.8531, Train: 93.05%, Valid: 70.61%, Test In: 70.83% Test OOD1: 63.35% Test OOD2: 50.84% Test OOD3: 61.04% 
Epoch: 98, Loss: 0.8202, Train: 93.11%, Valid: 70.44%, Test In: 70.61% Test OOD1: 63.36% Test OOD2: 50.74% Test OOD3: 61.05% 
Epoch: 99, Loss: 0.8309, Train: 93.58%, Valid: 70.75%, Test In: 71.03% Test OOD1: 63.18% Test OOD2: 50.91% Test OOD3: 61.24% 
Epoch: 100, Loss: 0.8232, Train: 93.32%, Valid: 70.49%, Test In: 70.86% Test OOD1: 63.31% Test OOD2: 50.81% Test OOD3: 61.44% 
Epoch: 101, Loss: 0.8231, Train: 94.07%, Valid: 70.63%, Test In: 70.86% Test OOD1: 62.66% Test OOD2: 50.99% Test OOD3: 61.26% 
Epoch: 102, Loss: 0.8284, Train: 93.81%, Valid: 70.42%, Test In: 70.80% Test OOD1: 63.45% Test OOD2: 50.68% Test OOD3: 61.49% 
Epoch: 103, Loss: 0.8034, Train: 94.27%, Valid: 70.39%, Test In: 70.70% Test OOD1: 63.34% Test OOD2: 50.68% Test OOD3: 61.27% 
Epoch: 104, Loss: 0.7965, Train: 94.61%, Valid: 70.31%, Test In: 70.48% Test OOD1: 63.10% Test OOD2: 50.67% Test OOD3: 61.01% 
Epoch: 105, Loss: 0.7875, Train: 94.34%, Valid: 70.19%, Test In: 70.43% Test OOD1: 63.32% Test OOD2: 50.56% Test OOD3: 61.07% 
Epoch: 106, Loss: 0.7912, Train: 94.75%, Valid: 70.36%, Test In: 70.71% Test OOD1: 63.10% Test OOD2: 50.65% Test OOD3: 61.09% 
Epoch: 107, Loss: 0.7708, Train: 95.02%, Valid: 70.47%, Test In: 70.72% Test OOD1: 62.80% Test OOD2: 50.71% Test OOD3: 61.09% 
Epoch: 108, Loss: 0.7755, Train: 94.86%, Valid: 70.40%, Test In: 70.67% Test OOD1: 63.16% Test OOD2: 50.62% Test OOD3: 61.23% 
Epoch: 109, Loss: 0.7714, Train: 95.38%, Valid: 70.50%, Test In: 70.63% Test OOD1: 63.00% Test OOD2: 50.67% Test OOD3: 61.09% 
Epoch: 110, Loss: 0.7633, Train: 95.20%, Valid: 70.29%, Test In: 70.42% Test OOD1: 63.13% Test OOD2: 50.58% Test OOD3: 61.02% 
Epoch: 111, Loss: 0.7542, Train: 95.54%, Valid: 70.36%, Test In: 70.48% Test OOD1: 62.91% Test OOD2: 50.66% Test OOD3: 60.90% 
Epoch: 112, Loss: 0.7516, Train: 95.93%, Valid: 70.46%, Test In: 70.66% Test OOD1: 62.63% Test OOD2: 50.77% Test OOD3: 60.94% 
Epoch: 113, Loss: 0.7472, Train: 95.53%, Valid: 70.34%, Test In: 70.56% Test OOD1: 62.95% Test OOD2: 50.71% Test OOD3: 61.06% 
Epoch: 114, Loss: 0.7627, Train: 96.36%, Valid: 70.52%, Test In: 70.59% Test OOD1: 62.62% Test OOD2: 50.84% Test OOD3: 60.87% 
Epoch: 115, Loss: 0.7624, Train: 95.70%, Valid: 70.28%, Test In: 70.51% Test OOD1: 63.37% Test OOD2: 50.72% Test OOD3: 61.12% 
Epoch: 116, Loss: 0.7562, Train: 96.14%, Valid: 70.38%, Test In: 70.45% Test OOD1: 63.27% Test OOD2: 50.71% Test OOD3: 61.07% 
Epoch: 117, Loss: 0.7486, Train: 96.72%, Valid: 70.49%, Test In: 70.62% Test OOD1: 62.86% Test OOD2: 50.76% Test OOD3: 60.82% 
Epoch: 118, Loss: 0.7564, Train: 95.87%, Valid: 70.26%, Test In: 70.55% Test OOD1: 63.36% Test OOD2: 50.61% Test OOD3: 61.05% 
Epoch: 119, Loss: 0.7479, Train: 96.51%, Valid: 70.29%, Test In: 70.49% Test OOD1: 62.68% Test OOD2: 50.70% Test OOD3: 60.82% 
Epoch: 120, Loss: 0.7572, Train: 96.84%, Valid: 70.48%, Test In: 70.54% Test OOD1: 62.83% Test OOD2: 50.78% Test OOD3: 60.69% 
Epoch: 121, Loss: 0.7456, Train: 96.86%, Valid: 70.39%, Test In: 70.49% Test OOD1: 63.16% Test OOD2: 50.72% Test OOD3: 60.82% 
Epoch: 122, Loss: 0.7054, Train: 96.57%, Valid: 70.30%, Test In: 70.34% Test OOD1: 63.24% Test OOD2: 50.71% Test OOD3: 60.93% 
Epoch: 123, Loss: 0.7224, Train: 96.65%, Valid: 70.25%, Test In: 70.35% Test OOD1: 63.46% Test OOD2: 50.69% Test OOD3: 61.02% 
Epoch: 124, Loss: 0.7027, Train: 97.03%, Valid: 70.28%, Test In: 70.46% Test OOD1: 63.34% Test OOD2: 50.63% Test OOD3: 60.96% 
Epoch: 125, Loss: 0.7087, Train: 97.04%, Valid: 70.33%, Test In: 70.51% Test OOD1: 62.96% Test OOD2: 50.62% Test OOD3: 60.84% 
Epoch: 126, Loss: 0.6846, Train: 97.02%, Valid: 70.30%, Test In: 70.47% Test OOD1: 62.59% Test OOD2: 50.59% Test OOD3: 60.66% 
Epoch: 127, Loss: 0.7039, Train: 97.34%, Valid: 70.26%, Test In: 70.52% Test OOD1: 62.69% Test OOD2: 50.58% Test OOD3: 60.49% 
Epoch: 128, Loss: 0.6835, Train: 97.35%, Valid: 70.19%, Test In: 70.48% Test OOD1: 62.78% Test OOD2: 50.59% Test OOD3: 60.52% 
Epoch: 129, Loss: 0.6840, Train: 97.14%, Valid: 70.13%, Test In: 70.30% Test OOD1: 62.99% Test OOD2: 50.58% Test OOD3: 60.71% 
Epoch: 130, Loss: 0.6846, Train: 97.52%, Valid: 70.21%, Test In: 70.33% Test OOD1: 62.73% Test OOD2: 50.70% Test OOD3: 60.63% 
Epoch: 131, Loss: 0.6740, Train: 97.69%, Valid: 70.33%, Test In: 70.44% Test OOD1: 62.69% Test OOD2: 50.77% Test OOD3: 60.62% 
Epoch: 132, Loss: 0.6839, Train: 97.81%, Valid: 70.32%, Test In: 70.39% Test OOD1: 62.51% Test OOD2: 50.76% Test OOD3: 60.55% 
Epoch: 133, Loss: 0.6829, Train: 97.39%, Valid: 70.28%, Test In: 70.36% Test OOD1: 62.63% Test OOD2: 50.83% Test OOD3: 60.66% 
Epoch: 134, Loss: 0.7031, Train: 98.03%, Valid: 70.26%, Test In: 70.43% Test OOD1: 62.61% Test OOD2: 50.72% Test OOD3: 60.60% 
Epoch: 135, Loss: 0.6993, Train: 97.77%, Valid: 70.34%, Test In: 70.57% Test OOD1: 62.62% Test OOD2: 50.85% Test OOD3: 60.83% 
Epoch: 136, Loss: 0.6654, Train: 97.52%, Valid: 70.27%, Test In: 70.44% Test OOD1: 62.84% Test OOD2: 50.78% Test OOD3: 61.05% 
Epoch: 137, Loss: 0.6775, Train: 98.07%, Valid: 70.34%, Test In: 70.48% Test OOD1: 62.36% Test OOD2: 50.88% Test OOD3: 60.82% 
Epoch: 138, Loss: 0.6801, Train: 98.01%, Valid: 70.31%, Test In: 70.59% Test OOD1: 62.58% Test OOD2: 50.82% Test OOD3: 60.81% 
Epoch: 139, Loss: 0.6588, Train: 97.46%, Valid: 70.18%, Test In: 70.48% Test OOD1: 63.02% Test OOD2: 50.76% Test OOD3: 60.96% 
Epoch: 140, Loss: 0.6603, Train: 97.98%, Valid: 70.27%, Test In: 70.53% Test OOD1: 62.59% Test OOD2: 50.78% Test OOD3: 60.84% 
Epoch: 141, Loss: 0.6619, Train: 98.21%, Valid: 70.32%, Test In: 70.63% Test OOD1: 62.82% Test OOD2: 50.73% Test OOD3: 60.87% 
Epoch: 142, Loss: 0.6568, Train: 97.79%, Valid: 70.34%, Test In: 70.78% Test OOD1: 63.06% Test OOD2: 50.81% Test OOD3: 61.05% 
Epoch: 143, Loss: 0.6523, Train: 98.03%, Valid: 70.42%, Test In: 70.77% Test OOD1: 62.89% Test OOD2: 50.87% Test OOD3: 60.94% 
Epoch: 144, Loss: 0.6426, Train: 98.33%, Valid: 70.43%, Test In: 70.67% Test OOD1: 62.77% Test OOD2: 50.89% Test OOD3: 60.88% 
Epoch: 145, Loss: 0.6615, Train: 98.04%, Valid: 70.28%, Test In: 70.54% Test OOD1: 63.10% Test OOD2: 50.82% Test OOD3: 60.88% 
Epoch: 146, Loss: 0.6601, Train: 98.30%, Valid: 70.09%, Test In: 70.37% Test OOD1: 63.18% Test OOD2: 50.74% Test OOD3: 60.86% 
Epoch: 147, Loss: 0.6309, Train: 98.63%, Valid: 70.12%, Test In: 70.29% Test OOD1: 62.39% Test OOD2: 50.82% Test OOD3: 60.58% 
Epoch: 148, Loss: 0.6568, Train: 98.38%, Valid: 70.09%, Test In: 70.48% Test OOD1: 62.86% Test OOD2: 50.80% Test OOD3: 60.73% 
Epoch: 149, Loss: 0.6463, Train: 98.47%, Valid: 70.06%, Test In: 70.53% Test OOD1: 62.87% Test OOD2: 50.83% Test OOD3: 60.83% 
Epoch: 150, Loss: 0.6295, Train: 98.56%, Valid: 70.10%, Test In: 70.48% Test OOD1: 62.24% Test OOD2: 50.97% Test OOD3: 60.64% 
Epoch: 151, Loss: 0.6549, Train: 98.30%, Valid: 70.01%, Test In: 70.43% Test OOD1: 62.98% Test OOD2: 50.77% Test OOD3: 60.89% 
Epoch: 152, Loss: 0.6242, Train: 98.30%, Valid: 70.04%, Test In: 70.31% Test OOD1: 62.94% Test OOD2: 50.72% Test OOD3: 60.71% 
Epoch: 153, Loss: 0.6246, Train: 98.60%, Valid: 70.06%, Test In: 70.10% Test OOD1: 62.40% Test OOD2: 50.68% Test OOD3: 60.33% 
Epoch: 154, Loss: 0.6311, Train: 98.55%, Valid: 70.02%, Test In: 70.08% Test OOD1: 62.58% Test OOD2: 50.62% Test OOD3: 60.40% 
Epoch: 155, Loss: 0.6249, Train: 98.65%, Valid: 70.06%, Test In: 70.28% Test OOD1: 62.54% Test OOD2: 50.69% Test OOD3: 60.41% 
Epoch: 156, Loss: 0.6305, Train: 98.68%, Valid: 69.96%, Test In: 70.25% Test OOD1: 62.50% Test OOD2: 50.79% Test OOD3: 60.46% 
Epoch: 157, Loss: 0.6137, Train: 98.49%, Valid: 69.84%, Test In: 70.11% Test OOD1: 62.73% Test OOD2: 50.81% Test OOD3: 60.64% 
Epoch: 158, Loss: 0.6376, Train: 98.94%, Valid: 69.99%, Test In: 70.22% Test OOD1: 62.20% Test OOD2: 50.87% Test OOD3: 60.26% 
Epoch: 159, Loss: 0.6521, Train: 98.03%, Valid: 69.83%, Test In: 70.13% Test OOD1: 62.78% Test OOD2: 50.73% Test OOD3: 60.42% 
Epoch: 160, Loss: 0.6917, Train: 98.71%, Valid: 69.94%, Test In: 70.08% Test OOD1: 62.53% Test OOD2: 50.74% Test OOD3: 60.20% 
Epoch: 161, Loss: 0.6229, Train: 99.07%, Valid: 70.03%, Test In: 70.05% Test OOD1: 61.90% Test OOD2: 50.89% Test OOD3: 59.98% 
Epoch: 162, Loss: 0.6857, Train: 98.52%, Valid: 69.94%, Test In: 70.24% Test OOD1: 62.79% Test OOD2: 50.77% Test OOD3: 60.50% 
Epoch: 163, Loss: 0.6181, Train: 98.22%, Valid: 69.80%, Test In: 70.23% Test OOD1: 62.92% Test OOD2: 50.76% Test OOD3: 60.69% 
Epoch: 164, Loss: 0.6579, Train: 98.61%, Valid: 69.78%, Test In: 70.21% Test OOD1: 62.75% Test OOD2: 50.86% Test OOD3: 60.60% 
Epoch: 165, Loss: 0.6227, Train: 98.88%, Valid: 69.90%, Test In: 70.25% Test OOD1: 62.86% Test OOD2: 50.80% Test OOD3: 60.58% 
Epoch: 166, Loss: 0.6470, Train: 98.92%, Valid: 69.97%, Test In: 70.24% Test OOD1: 62.63% Test OOD2: 50.80% Test OOD3: 60.52% 
Epoch: 167, Loss: 0.6216, Train: 98.64%, Valid: 69.93%, Test In: 70.28% Test OOD1: 62.57% Test OOD2: 50.70% Test OOD3: 60.51% 
Epoch: 168, Loss: 0.6159, Train: 98.43%, Valid: 69.86%, Test In: 70.40% Test OOD1: 62.88% Test OOD2: 50.58% Test OOD3: 60.85% 
Epoch: 169, Loss: 0.6259, Train: 98.69%, Valid: 69.89%, Test In: 70.40% Test OOD1: 62.49% Test OOD2: 50.63% Test OOD3: 60.78% 
Epoch: 170, Loss: 0.6127, Train: 98.77%, Valid: 69.90%, Test In: 70.41% Test OOD1: 62.59% Test OOD2: 50.66% Test OOD3: 60.79% 
Epoch: 171, Loss: 0.6187, Train: 98.80%, Valid: 69.87%, Test In: 70.44% Test OOD1: 62.71% Test OOD2: 50.62% Test OOD3: 60.63% 
Epoch: 172, Loss: 0.6063, Train: 98.83%, Valid: 69.82%, Test In: 70.38% Test OOD1: 62.43% Test OOD2: 50.62% Test OOD3: 60.27% 
Epoch: 173, Loss: 0.6279, Train: 98.80%, Valid: 69.80%, Test In: 70.30% Test OOD1: 62.80% Test OOD2: 50.57% Test OOD3: 60.44% 
Epoch: 174, Loss: 0.5937, Train: 98.85%, Valid: 69.86%, Test In: 70.22% Test OOD1: 62.74% Test OOD2: 50.61% Test OOD3: 60.49% 
Epoch: 175, Loss: 0.6103, Train: 98.90%, Valid: 69.90%, Test In: 70.20% Test OOD1: 62.74% Test OOD2: 50.63% Test OOD3: 60.58% 
Epoch: 176, Loss: 0.6016, Train: 98.77%, Valid: 69.82%, Test In: 70.25% Test OOD1: 63.04% Test OOD2: 50.71% Test OOD3: 60.74% 
Epoch: 177, Loss: 0.6173, Train: 99.17%, Valid: 69.87%, Test In: 70.20% Test OOD1: 62.34% Test OOD2: 50.87% Test OOD3: 60.47% 
Epoch: 178, Loss: 0.5940, Train: 99.19%, Valid: 69.86%, Test In: 70.22% Test OOD1: 62.31% Test OOD2: 50.89% Test OOD3: 60.38% 
Epoch: 179, Loss: 0.6003, Train: 99.22%, Valid: 69.86%, Test In: 70.12% Test OOD1: 62.51% Test OOD2: 50.84% Test OOD3: 60.42% 
Epoch: 180, Loss: 0.5964, Train: 99.16%, Valid: 69.92%, Test In: 70.00% Test OOD1: 62.33% Test OOD2: 50.80% Test OOD3: 60.37% 
Epoch: 181, Loss: 0.5932, Train: 99.02%, Valid: 70.01%, Test In: 69.96% Test OOD1: 62.60% Test OOD2: 50.80% Test OOD3: 60.59% 
Epoch: 182, Loss: 0.5971, Train: 99.13%, Valid: 70.12%, Test In: 69.93% Test OOD1: 62.56% Test OOD2: 50.92% Test OOD3: 60.69% 
Epoch: 183, Loss: 0.5913, Train: 99.08%, Valid: 70.12%, Test In: 70.01% Test OOD1: 62.50% Test OOD2: 50.93% Test OOD3: 60.72% 
Epoch: 184, Loss: 0.5788, Train: 99.10%, Valid: 70.05%, Test In: 70.11% Test OOD1: 62.55% Test OOD2: 50.90% Test OOD3: 60.77% 
Epoch: 185, Loss: 0.5801, Train: 99.22%, Valid: 70.07%, Test In: 70.13% Test OOD1: 62.40% Test OOD2: 50.91% Test OOD3: 60.72% 
Epoch: 186, Loss: 0.5870, Train: 99.15%, Valid: 70.08%, Test In: 70.12% Test OOD1: 62.46% Test OOD2: 50.87% Test OOD3: 60.73% 
Epoch: 187, Loss: 0.5843, Train: 99.08%, Valid: 70.04%, Test In: 69.99% Test OOD1: 62.52% Test OOD2: 50.88% Test OOD3: 60.72% 
Epoch: 188, Loss: 0.5753, Train: 99.05%, Valid: 69.97%, Test In: 69.90% Test OOD1: 62.77% Test OOD2: 50.89% Test OOD3: 60.80% 
Epoch: 189, Loss: 0.5810, Train: 99.12%, Valid: 70.03%, Test In: 69.89% Test OOD1: 62.47% Test OOD2: 50.96% Test OOD3: 60.72% 
Epoch: 190, Loss: 0.5837, Train: 99.26%, Valid: 70.05%, Test In: 69.92% Test OOD1: 62.09% Test OOD2: 50.99% Test OOD3: 60.70% 
Epoch: 191, Loss: 0.5831, Train: 99.21%, Valid: 70.00%, Test In: 70.03% Test OOD1: 62.38% Test OOD2: 50.99% Test OOD3: 60.91% 
Epoch: 192, Loss: 0.5746, Train: 99.23%, Valid: 69.95%, Test In: 70.07% Test OOD1: 62.25% Test OOD2: 50.99% Test OOD3: 60.89% 
Epoch: 193, Loss: 0.5797, Train: 99.22%, Valid: 69.91%, Test In: 70.08% Test OOD1: 62.65% Test OOD2: 50.95% Test OOD3: 60.98% 
Epoch: 194, Loss: 0.5792, Train: 99.28%, Valid: 70.01%, Test In: 70.04% Test OOD1: 62.20% Test OOD2: 50.99% Test OOD3: 60.67% 
Epoch: 195, Loss: 0.5832, Train: 99.27%, Valid: 70.11%, Test In: 70.09% Test OOD1: 62.60% Test OOD2: 51.01% Test OOD3: 60.84% 
Epoch: 196, Loss: 0.5741, Train: 99.37%, Valid: 70.22%, Test In: 70.07% Test OOD1: 62.29% Test OOD2: 51.13% Test OOD3: 60.80% 
Epoch: 197, Loss: 0.5787, Train: 99.25%, Valid: 70.16%, Test In: 70.05% Test OOD1: 62.29% Test OOD2: 51.07% Test OOD3: 60.83% 
Epoch: 198, Loss: 0.5802, Train: 99.17%, Valid: 69.97%, Test In: 70.00% Test OOD1: 62.77% Test OOD2: 50.98% Test OOD3: 60.88% 
Epoch: 199, Loss: 0.5843, Train: 99.41%, Valid: 69.92%, Test In: 69.96% Test OOD1: 62.26% Test OOD2: 51.06% Test OOD3: 60.49% 
Run 03:
Highest Train: 99.41
Highest Valid: 71.39
Highest In Test: 72.03
Highest OOD Test: 66.37
Highest OOD Test: 52.92
Highest OOD Test: 63.25
Chosen epoch: 52
Final Train: 82.19
Final In Test: 72.03
Final OOD Test: 64.47
Final OOD Test: 51.57
Final OOD Test: 62.33
All runs:
Highest Train: 99.29 ± 0.11
Highest Valid: 71.36 ± 0.05
Highest In Test: 72.08 ± 0.07
Highest OOD Test: 66.31 ± 0.20
Highest OOD Test: 52.95 ± 0.04
Highest OOD Test: 63.19 ± 0.07
  Final Train: 81.69 ± 0.44
   Final In  Test: 72.02 ± 0.02
   Final OOD Test: 64.77 ± 0.28
   Final OOD Test: 51.51 ± 0.05
   Final OOD Test: 62.40 ± 0.12
[INFO] TensorBoard writer closed.

Command: python main.py --dataset twitch --backbone_type gcn --env_type graph --combine_result --store_result --epochs 200 --runs 3 --num_layers 2 --expert_agg mean --tau 3 --lr 0.01 --weight_decay 5e-5 --dropout 0.0 --K 3 --hidden_channels 64 --seed 123 --device 0 --lr 0.01 --weight_decay 0.0005 --dropout 0.2 --lamda 1.0 --K 4 --hidden_channels 32 --other_env_reduce env --result_name twitch_stage1_lr0.01_weight_decay0.0005_dropout0.2_lamda1.0_K4_hidden_channels32_other_env_reduceenv
Return code: 0
Elapsed: 133.18s
