Namespace(K=3, backbone_type='gcn', combine_result=True, cpu=False, data_dir='./data/', dataset='twitch', device=0, display_step=1, dropout=0.2, env_type='graph', epochs=200, expert_agg='mean', gamma=0.99, gate_hidden=64, hidden_channels=32, infer_env=False, infer_env_components=64, infer_env_iters=30, infer_env_num=3, lambda_cl=0.1, lambda_dag=0.1, lambda_ind=0.1, lambda_l1=0.5, lamda=2.0, lamda_ciw=0.0001, lr=0.01, lr_dag=0.001, num_layers=2, other_env_reduce='sample', pos_weight=5.0, result_name='twitch_stage1_lr0.01_weight_decay0.0005_dropout0.2_lamda2.0_K3_hidden_channels32_other_env_reducesample', runs=3, seed=123, store_result=True, tau=3.0, use_bn=False, variant=False, weight_decay=0.0005)
dataset twitch: all nodes 34120 | edges 429113 | classes 2 | feats 3170
train nodes 7897 | valid nodes 3949 | test in nodes 3949
test ood1 nodes 4648 test ood2 nodes 6551 test ood3 nodes 7126 
[INFO] env numbers: 6 train env numbers: 3
MODEL: CaNet(
  (experts): ModuleList(
    (0): ExpertNet(
      (convs): ModuleList(
        (0): CaNetConv()
        (1): CaNetConv()
      )
      (fcs): ModuleList(
        (0): Linear(in_features=3170, out_features=32, bias=True)
        (1): Linear(in_features=32, out_features=2, bias=True)
      )
      (act_fn): ReLU()
    )
    (1): ExpertNet(
      (convs): ModuleList(
        (0): CaNetConv()
        (1): CaNetConv()
      )
      (fcs): ModuleList(
        (0): Linear(in_features=3170, out_features=32, bias=True)
        (1): Linear(in_features=32, out_features=2, bias=True)
      )
      (act_fn): ReLU()
    )
    (2): ExpertNet(
      (convs): ModuleList(
        (0): CaNetConv()
        (1): CaNetConv()
      )
      (fcs): ModuleList(
        (0): Linear(in_features=3170, out_features=32, bias=True)
        (1): Linear(in_features=32, out_features=2, bias=True)
      )
      (act_fn): ReLU()
    )
  )
  (gate): Sequential(
    (0): Linear(in_features=3170, out_features=64, bias=True)
    (1): ReLU()
    (2): Linear(in_features=64, out_features=3, bias=True)
  )
)
[INFO] TensorBoard logging activated. Logs will be saved to: ./runs/twitch/Apr16_03-13-38_lamda_2.0
Epoch: 00, Loss: 2.0945, Train: 46.84%, Valid: 46.24%, Test In: 47.54% Test OOD1: 42.34% Test OOD2: 50.51% Test OOD3: 47.39% 
Epoch: 01, Loss: 2.0868, Train: 48.21%, Valid: 47.18%, Test In: 48.42% Test OOD1: 42.85% Test OOD2: 50.58% Test OOD3: 47.84% 
Epoch: 02, Loss: 2.0773, Train: 49.13%, Valid: 47.92%, Test In: 49.17% Test OOD1: 43.33% Test OOD2: 50.72% Test OOD3: 48.28% 
Epoch: 03, Loss: 2.0645, Train: 50.95%, Valid: 49.39%, Test In: 50.68% Test OOD1: 44.25% Test OOD2: 50.97% Test OOD3: 49.11% 
Epoch: 04, Loss: 2.0512, Train: 58.64%, Valid: 55.66%, Test In: 56.86% Test OOD1: 48.46% Test OOD2: 51.84% Test OOD3: 52.89% 
Epoch: 05, Loss: 2.0407, Train: 70.47%, Valid: 65.69%, Test In: 66.86% Test OOD1: 61.30% Test OOD2: 52.75% Test OOD3: 61.34% 
Epoch: 06, Loss: 2.0297, Train: 68.89%, Valid: 65.28%, Test In: 65.70% Test OOD1: 63.68% Test OOD2: 51.62% Test OOD3: 61.02% 
Epoch: 07, Loss: 2.0166, Train: 66.87%, Valid: 63.94%, Test In: 63.87% Test OOD1: 63.04% Test OOD2: 51.32% Test OOD3: 60.11% 
Epoch: 08, Loss: 2.0055, Train: 65.81%, Valid: 63.19%, Test In: 62.98% Test OOD1: 62.56% Test OOD2: 51.16% Test OOD3: 59.70% 
Epoch: 09, Loss: 1.9899, Train: 65.42%, Valid: 62.85%, Test In: 62.62% Test OOD1: 62.39% Test OOD2: 51.11% Test OOD3: 59.57% 
Epoch: 10, Loss: 1.9819, Train: 65.48%, Valid: 62.81%, Test In: 62.64% Test OOD1: 62.43% Test OOD2: 51.11% Test OOD3: 59.66% 
Epoch: 11, Loss: 1.9732, Train: 65.82%, Valid: 62.98%, Test In: 62.89% Test OOD1: 62.58% Test OOD2: 51.17% Test OOD3: 59.89% 
Epoch: 12, Loss: 1.9647, Train: 66.36%, Valid: 63.29%, Test In: 63.29% Test OOD1: 62.82% Test OOD2: 51.24% Test OOD3: 60.21% 
Epoch: 13, Loss: 1.9550, Train: 67.02%, Valid: 63.66%, Test In: 63.81% Test OOD1: 63.10% Test OOD2: 51.32% Test OOD3: 60.56% 
Epoch: 14, Loss: 1.9460, Train: 67.92%, Valid: 64.25%, Test In: 64.52% Test OOD1: 63.52% Test OOD2: 51.42% Test OOD3: 60.99% 
Epoch: 15, Loss: 1.9328, Train: 69.30%, Valid: 65.23%, Test In: 65.68% Test OOD1: 64.14% Test OOD2: 51.56% Test OOD3: 61.53% 
Epoch: 16, Loss: 1.9234, Train: 70.91%, Valid: 66.35%, Test In: 67.02% Test OOD1: 64.75% Test OOD2: 51.71% Test OOD3: 62.10% 
Epoch: 17, Loss: 1.9064, Train: 72.15%, Valid: 67.24%, Test In: 67.93% Test OOD1: 65.18% Test OOD2: 51.78% Test OOD3: 62.50% 
Epoch: 18, Loss: 1.8965, Train: 73.19%, Valid: 67.93%, Test In: 68.69% Test OOD1: 65.40% Test OOD2: 51.88% Test OOD3: 62.78% 
Epoch: 19, Loss: 1.8773, Train: 74.20%, Valid: 68.64%, Test In: 69.32% Test OOD1: 65.49% Test OOD2: 51.99% Test OOD3: 62.99% 
Epoch: 20, Loss: 1.8598, Train: 74.83%, Valid: 69.06%, Test In: 69.72% Test OOD1: 65.68% Test OOD2: 51.77% Test OOD3: 63.03% 
Epoch: 21, Loss: 1.8459, Train: 75.23%, Valid: 69.36%, Test In: 69.90% Test OOD1: 65.96% Test OOD2: 51.65% Test OOD3: 63.03% 
Epoch: 22, Loss: 1.8279, Train: 76.28%, Valid: 70.06%, Test In: 70.61% Test OOD1: 65.62% Test OOD2: 51.82% Test OOD3: 63.02% 
Epoch: 23, Loss: 1.8182, Train: 76.06%, Valid: 69.81%, Test In: 70.30% Test OOD1: 66.16% Test OOD2: 51.49% Test OOD3: 62.94% 
Epoch: 24, Loss: 1.8051, Train: 76.89%, Valid: 70.39%, Test In: 70.87% Test OOD1: 65.95% Test OOD2: 51.54% Test OOD3: 62.91% 
Epoch: 25, Loss: 1.7872, Train: 77.76%, Valid: 70.91%, Test In: 71.39% Test OOD1: 65.18% Test OOD2: 51.68% Test OOD3: 62.75% 
Epoch: 26, Loss: 1.7872, Train: 77.40%, Valid: 70.48%, Test In: 70.98% Test OOD1: 65.94% Test OOD2: 51.29% Test OOD3: 62.74% 
Epoch: 27, Loss: 1.7784, Train: 78.00%, Valid: 70.83%, Test In: 71.32% Test OOD1: 65.69% Test OOD2: 51.26% Test OOD3: 62.69% 
Epoch: 28, Loss: 1.7568, Train: 78.81%, Valid: 71.23%, Test In: 71.74% Test OOD1: 64.34% Test OOD2: 51.58% Test OOD3: 62.37% 
Epoch: 29, Loss: 1.7682, Train: 78.76%, Valid: 71.07%, Test In: 71.65% Test OOD1: 64.98% Test OOD2: 51.23% Test OOD3: 62.51% 
Epoch: 30, Loss: 1.7322, Train: 78.64%, Valid: 70.87%, Test In: 71.44% Test OOD1: 65.52% Test OOD2: 50.97% Test OOD3: 62.57% 
Epoch: 31, Loss: 1.7435, Train: 79.22%, Valid: 71.09%, Test In: 71.78% Test OOD1: 64.62% Test OOD2: 51.19% Test OOD3: 62.41% 
Epoch: 32, Loss: 1.7125, Train: 79.80%, Valid: 71.41%, Test In: 72.08% Test OOD1: 64.09% Test OOD2: 51.43% Test OOD3: 62.31% 
Epoch: 33, Loss: 1.7230, Train: 79.71%, Valid: 71.25%, Test In: 71.96% Test OOD1: 64.59% Test OOD2: 51.17% Test OOD3: 62.42% 
Epoch: 34, Loss: 1.6975, Train: 79.50%, Valid: 70.97%, Test In: 71.70% Test OOD1: 65.11% Test OOD2: 50.92% Test OOD3: 62.47% 
Epoch: 35, Loss: 1.6988, Train: 79.84%, Valid: 71.13%, Test In: 71.83% Test OOD1: 65.37% Test OOD2: 50.92% Test OOD3: 62.57% 
Epoch: 36, Loss: 1.6929, Train: 80.31%, Valid: 71.24%, Test In: 72.01% Test OOD1: 64.29% Test OOD2: 51.27% Test OOD3: 62.25% 
Epoch: 37, Loss: 1.6903, Train: 80.31%, Valid: 71.24%, Test In: 71.95% Test OOD1: 65.18% Test OOD2: 51.07% Test OOD3: 62.47% 
Epoch: 38, Loss: 1.6736, Train: 80.34%, Valid: 71.13%, Test In: 71.81% Test OOD1: 65.37% Test OOD2: 50.97% Test OOD3: 62.43% 
Epoch: 39, Loss: 1.6693, Train: 80.71%, Valid: 71.20%, Test In: 71.90% Test OOD1: 64.86% Test OOD2: 51.08% Test OOD3: 62.20% 
Epoch: 40, Loss: 1.6678, Train: 80.84%, Valid: 71.19%, Test In: 71.87% Test OOD1: 65.36% Test OOD2: 50.95% Test OOD3: 62.31% 
Epoch: 41, Loss: 1.6492, Train: 81.18%, Valid: 71.21%, Test In: 71.94% Test OOD1: 64.98% Test OOD2: 51.04% Test OOD3: 62.15% 
Epoch: 42, Loss: 1.6438, Train: 81.52%, Valid: 71.20%, Test In: 72.00% Test OOD1: 64.55% Test OOD2: 51.10% Test OOD3: 61.97% 
Epoch: 43, Loss: 1.6389, Train: 81.63%, Valid: 71.17%, Test In: 71.90% Test OOD1: 65.10% Test OOD2: 50.93% Test OOD3: 62.13% 
Epoch: 44, Loss: 1.6296, Train: 81.79%, Valid: 71.06%, Test In: 71.82% Test OOD1: 65.04% Test OOD2: 50.87% Test OOD3: 62.09% 
Epoch: 45, Loss: 1.6198, Train: 82.28%, Valid: 71.13%, Test In: 71.92% Test OOD1: 64.58% Test OOD2: 50.94% Test OOD3: 61.94% 
Epoch: 46, Loss: 1.6093, Train: 82.53%, Valid: 71.16%, Test In: 71.93% Test OOD1: 64.91% Test OOD2: 50.88% Test OOD3: 62.09% 
Epoch: 47, Loss: 1.6165, Train: 82.62%, Valid: 70.99%, Test In: 71.77% Test OOD1: 64.86% Test OOD2: 50.83% Test OOD3: 62.05% 
Epoch: 48, Loss: 1.6270, Train: 82.94%, Valid: 71.05%, Test In: 71.84% Test OOD1: 65.19% Test OOD2: 50.81% Test OOD3: 62.20% 
Epoch: 49, Loss: 1.6014, Train: 83.58%, Valid: 71.11%, Test In: 71.97% Test OOD1: 64.27% Test OOD2: 51.03% Test OOD3: 61.88% 
Epoch: 50, Loss: 1.5957, Train: 83.50%, Valid: 70.97%, Test In: 71.78% Test OOD1: 65.01% Test OOD2: 50.79% Test OOD3: 62.16% 
Epoch: 51, Loss: 1.5696, Train: 84.00%, Valid: 71.08%, Test In: 71.88% Test OOD1: 64.88% Test OOD2: 50.81% Test OOD3: 62.09% 
Epoch: 52, Loss: 1.5782, Train: 84.31%, Valid: 71.06%, Test In: 71.84% Test OOD1: 64.65% Test OOD2: 50.88% Test OOD3: 61.98% 
Epoch: 53, Loss: 1.5745, Train: 84.91%, Valid: 71.15%, Test In: 71.94% Test OOD1: 64.47% Test OOD2: 50.87% Test OOD3: 61.87% 
Epoch: 54, Loss: 1.5561, Train: 84.74%, Valid: 70.96%, Test In: 71.69% Test OOD1: 64.98% Test OOD2: 50.66% Test OOD3: 61.96% 
Epoch: 55, Loss: 1.5497, Train: 85.41%, Valid: 71.06%, Test In: 71.80% Test OOD1: 64.74% Test OOD2: 50.72% Test OOD3: 61.84% 
Epoch: 56, Loss: 1.5184, Train: 86.04%, Valid: 71.08%, Test In: 71.83% Test OOD1: 64.40% Test OOD2: 50.80% Test OOD3: 61.62% 
Epoch: 57, Loss: 1.5171, Train: 85.87%, Valid: 70.87%, Test In: 71.55% Test OOD1: 64.97% Test OOD2: 50.56% Test OOD3: 61.80% 
Epoch: 58, Loss: 1.5127, Train: 86.79%, Valid: 71.02%, Test In: 71.76% Test OOD1: 64.41% Test OOD2: 50.67% Test OOD3: 61.56% 
Epoch: 59, Loss: 1.5092, Train: 86.92%, Valid: 70.87%, Test In: 71.56% Test OOD1: 64.28% Test OOD2: 50.60% Test OOD3: 61.48% 
Epoch: 60, Loss: 1.5380, Train: 86.26%, Valid: 70.85%, Test In: 71.52% Test OOD1: 65.20% Test OOD2: 50.46% Test OOD3: 61.92% 
Epoch: 61, Loss: 1.5674, Train: 87.87%, Valid: 70.96%, Test In: 71.64% Test OOD1: 64.01% Test OOD2: 50.60% Test OOD3: 61.41% 
Epoch: 62, Loss: 1.4908, Train: 87.88%, Valid: 70.92%, Test In: 71.52% Test OOD1: 64.06% Test OOD2: 50.50% Test OOD3: 61.44% 
Epoch: 63, Loss: 1.5371, Train: 86.88%, Valid: 70.84%, Test In: 71.42% Test OOD1: 65.19% Test OOD2: 50.35% Test OOD3: 61.98% 
Epoch: 64, Loss: 1.5232, Train: 88.26%, Valid: 71.15%, Test In: 71.79% Test OOD1: 64.45% Test OOD2: 50.60% Test OOD3: 61.84% 
Epoch: 65, Loss: 1.5046, Train: 88.99%, Valid: 71.04%, Test In: 71.81% Test OOD1: 63.72% Test OOD2: 50.63% Test OOD3: 61.60% 
Epoch: 66, Loss: 1.4577, Train: 88.66%, Valid: 70.89%, Test In: 71.68% Test OOD1: 64.43% Test OOD2: 50.43% Test OOD3: 61.84% 
Epoch: 67, Loss: 1.4722, Train: 88.96%, Valid: 71.03%, Test In: 71.74% Test OOD1: 64.55% Test OOD2: 50.51% Test OOD3: 61.86% 
Epoch: 68, Loss: 1.4169, Train: 89.56%, Valid: 71.10%, Test In: 71.74% Test OOD1: 63.97% Test OOD2: 50.78% Test OOD3: 61.59% 
Epoch: 69, Loss: 1.4722, Train: 89.26%, Valid: 70.85%, Test In: 71.54% Test OOD1: 64.62% Test OOD2: 50.41% Test OOD3: 61.72% 
Epoch: 70, Loss: 1.4144, Train: 89.93%, Valid: 70.81%, Test In: 71.50% Test OOD1: 64.17% Test OOD2: 50.47% Test OOD3: 61.51% 
Epoch: 71, Loss: 1.4178, Train: 90.71%, Valid: 70.90%, Test In: 71.58% Test OOD1: 63.56% Test OOD2: 50.69% Test OOD3: 61.26% 
Epoch: 72, Loss: 1.4188, Train: 90.41%, Valid: 70.83%, Test In: 71.50% Test OOD1: 64.12% Test OOD2: 50.60% Test OOD3: 61.49% 
Epoch: 73, Loss: 1.3937, Train: 90.32%, Valid: 70.71%, Test In: 71.39% Test OOD1: 64.30% Test OOD2: 50.48% Test OOD3: 61.57% 
Epoch: 74, Loss: 1.3706, Train: 91.22%, Valid: 70.76%, Test In: 71.38% Test OOD1: 63.79% Test OOD2: 50.55% Test OOD3: 61.39% 
Epoch: 75, Loss: 1.3563, Train: 91.68%, Valid: 70.67%, Test In: 71.23% Test OOD1: 63.36% Test OOD2: 50.65% Test OOD3: 61.14% 
Epoch: 76, Loss: 1.3497, Train: 91.61%, Valid: 70.53%, Test In: 71.09% Test OOD1: 63.67% Test OOD2: 50.58% Test OOD3: 61.16% 
Epoch: 77, Loss: 1.3333, Train: 91.55%, Valid: 70.46%, Test In: 71.04% Test OOD1: 63.99% Test OOD2: 50.47% Test OOD3: 61.29% 
Epoch: 78, Loss: 1.3135, Train: 92.28%, Valid: 70.51%, Test In: 71.03% Test OOD1: 63.67% Test OOD2: 50.55% Test OOD3: 61.15% 
Epoch: 79, Loss: 1.3133, Train: 92.74%, Valid: 70.32%, Test In: 70.81% Test OOD1: 63.26% Test OOD2: 50.63% Test OOD3: 60.92% 
Epoch: 80, Loss: 1.2865, Train: 92.75%, Valid: 70.16%, Test In: 70.71% Test OOD1: 63.37% Test OOD2: 50.57% Test OOD3: 60.98% 
Epoch: 81, Loss: 1.2825, Train: 93.07%, Valid: 70.16%, Test In: 70.73% Test OOD1: 63.50% Test OOD2: 50.57% Test OOD3: 61.09% 
Epoch: 82, Loss: 1.2643, Train: 93.91%, Valid: 70.23%, Test In: 70.72% Test OOD1: 63.06% Test OOD2: 50.76% Test OOD3: 60.91% 
Epoch: 83, Loss: 1.2603, Train: 94.12%, Valid: 70.05%, Test In: 70.59% Test OOD1: 62.95% Test OOD2: 50.75% Test OOD3: 60.84% 
Epoch: 84, Loss: 1.2387, Train: 94.01%, Valid: 69.93%, Test In: 70.52% Test OOD1: 63.29% Test OOD2: 50.61% Test OOD3: 60.98% 
Epoch: 85, Loss: 1.2137, Train: 94.79%, Valid: 70.01%, Test In: 70.48% Test OOD1: 63.04% Test OOD2: 50.71% Test OOD3: 60.87% 
Epoch: 86, Loss: 1.1961, Train: 95.01%, Valid: 69.96%, Test In: 70.41% Test OOD1: 62.99% Test OOD2: 50.63% Test OOD3: 60.89% 
Epoch: 87, Loss: 1.1940, Train: 94.79%, Valid: 69.86%, Test In: 70.29% Test OOD1: 63.19% Test OOD2: 50.46% Test OOD3: 60.97% 
Epoch: 88, Loss: 1.1849, Train: 95.49%, Valid: 70.03%, Test In: 70.42% Test OOD1: 63.02% Test OOD2: 50.61% Test OOD3: 60.90% 
Epoch: 89, Loss: 1.1516, Train: 95.59%, Valid: 70.01%, Test In: 70.46% Test OOD1: 63.17% Test OOD2: 50.57% Test OOD3: 60.93% 
Epoch: 90, Loss: 1.1509, Train: 95.88%, Valid: 69.97%, Test In: 70.46% Test OOD1: 62.96% Test OOD2: 50.64% Test OOD3: 60.84% 
Epoch: 91, Loss: 1.1320, Train: 96.21%, Valid: 69.96%, Test In: 70.50% Test OOD1: 62.78% Test OOD2: 50.71% Test OOD3: 60.79% 
Epoch: 92, Loss: 1.1051, Train: 96.26%, Valid: 69.96%, Test In: 70.47% Test OOD1: 62.89% Test OOD2: 50.66% Test OOD3: 60.81% 
Epoch: 93, Loss: 1.1178, Train: 96.64%, Valid: 69.90%, Test In: 70.31% Test OOD1: 62.57% Test OOD2: 50.71% Test OOD3: 60.61% 
Epoch: 94, Loss: 1.1012, Train: 96.31%, Valid: 69.77%, Test In: 70.16% Test OOD1: 62.91% Test OOD2: 50.53% Test OOD3: 60.72% 
Epoch: 95, Loss: 1.1196, Train: 97.14%, Valid: 69.91%, Test In: 70.22% Test OOD1: 62.47% Test OOD2: 50.75% Test OOD3: 60.51% 
Epoch: 96, Loss: 1.1138, Train: 96.88%, Valid: 69.82%, Test In: 70.19% Test OOD1: 62.75% Test OOD2: 50.59% Test OOD3: 60.55% 
Epoch: 97, Loss: 1.0596, Train: 96.99%, Valid: 69.78%, Test In: 70.13% Test OOD1: 62.70% Test OOD2: 50.63% Test OOD3: 60.47% 
Epoch: 98, Loss: 1.0689, Train: 97.44%, Valid: 69.76%, Test In: 70.22% Test OOD1: 62.60% Test OOD2: 50.76% Test OOD3: 60.39% 
Epoch: 99, Loss: 1.0814, Train: 97.18%, Valid: 69.64%, Test In: 70.07% Test OOD1: 62.79% Test OOD2: 50.60% Test OOD3: 60.40% 
Epoch: 100, Loss: 1.0504, Train: 97.59%, Valid: 69.70%, Test In: 70.02% Test OOD1: 62.41% Test OOD2: 50.75% Test OOD3: 60.14% 
Epoch: 101, Loss: 1.0327, Train: 97.79%, Valid: 69.71%, Test In: 70.08% Test OOD1: 62.43% Test OOD2: 50.85% Test OOD3: 60.16% 
Epoch: 102, Loss: 1.0657, Train: 97.38%, Valid: 69.55%, Test In: 70.00% Test OOD1: 62.69% Test OOD2: 50.57% Test OOD3: 60.21% 
Epoch: 103, Loss: 1.0260, Train: 97.92%, Valid: 69.59%, Test In: 70.02% Test OOD1: 62.25% Test OOD2: 50.68% Test OOD3: 60.10% 
Epoch: 104, Loss: 1.0151, Train: 98.01%, Valid: 69.59%, Test In: 70.07% Test OOD1: 62.50% Test OOD2: 50.72% Test OOD3: 60.29% 
Epoch: 105, Loss: 1.0126, Train: 98.03%, Valid: 69.62%, Test In: 70.01% Test OOD1: 62.40% Test OOD2: 50.69% Test OOD3: 60.21% 
Epoch: 106, Loss: 0.9809, Train: 98.15%, Valid: 69.66%, Test In: 69.98% Test OOD1: 62.15% Test OOD2: 50.72% Test OOD3: 60.13% 
Epoch: 107, Loss: 0.9870, Train: 98.30%, Valid: 69.58%, Test In: 69.95% Test OOD1: 62.23% Test OOD2: 50.73% Test OOD3: 60.14% 
Epoch: 108, Loss: 0.9740, Train: 98.53%, Valid: 69.53%, Test In: 69.82% Test OOD1: 62.04% Test OOD2: 50.69% Test OOD3: 60.04% 
Epoch: 109, Loss: 0.9602, Train: 98.54%, Valid: 69.53%, Test In: 69.82% Test OOD1: 62.00% Test OOD2: 50.53% Test OOD3: 60.09% 
Epoch: 110, Loss: 0.9616, Train: 98.31%, Valid: 69.40%, Test In: 69.92% Test OOD1: 62.40% Test OOD2: 50.39% Test OOD3: 60.37% 
Epoch: 111, Loss: 0.9590, Train: 98.88%, Valid: 69.53%, Test In: 69.97% Test OOD1: 61.75% Test OOD2: 50.58% Test OOD3: 60.19% 
Epoch: 112, Loss: 0.9824, Train: 98.16%, Valid: 69.41%, Test In: 69.85% Test OOD1: 62.44% Test OOD2: 50.35% Test OOD3: 60.60% 
Epoch: 113, Loss: 1.0745, Train: 98.78%, Valid: 69.61%, Test In: 70.05% Test OOD1: 62.06% Test OOD2: 50.56% Test OOD3: 60.35% 
Epoch: 114, Loss: 0.9648, Train: 98.90%, Valid: 69.60%, Test In: 69.90% Test OOD1: 61.90% Test OOD2: 50.68% Test OOD3: 60.20% 
Epoch: 115, Loss: 0.9211, Train: 98.76%, Valid: 69.48%, Test In: 69.80% Test OOD1: 61.92% Test OOD2: 50.55% Test OOD3: 60.13% 
Epoch: 116, Loss: 0.9550, Train: 98.76%, Valid: 69.42%, Test In: 69.86% Test OOD1: 62.22% Test OOD2: 50.56% Test OOD3: 60.32% 
Epoch: 117, Loss: 0.9352, Train: 99.11%, Valid: 69.45%, Test In: 69.95% Test OOD1: 61.74% Test OOD2: 50.72% Test OOD3: 60.26% 
Epoch: 118, Loss: 0.9424, Train: 99.06%, Valid: 69.31%, Test In: 70.00% Test OOD1: 61.46% Test OOD2: 50.77% Test OOD3: 60.29% 
Epoch: 119, Loss: 0.9264, Train: 98.67%, Valid: 69.19%, Test In: 70.03% Test OOD1: 62.25% Test OOD2: 50.66% Test OOD3: 60.59% 
Epoch: 120, Loss: 0.9273, Train: 99.06%, Valid: 69.34%, Test In: 70.05% Test OOD1: 62.01% Test OOD2: 50.87% Test OOD3: 60.51% 
Epoch: 121, Loss: 0.9167, Train: 99.18%, Valid: 69.30%, Test In: 69.96% Test OOD1: 61.73% Test OOD2: 50.98% Test OOD3: 60.36% 
Epoch: 122, Loss: 0.9053, Train: 98.95%, Valid: 69.13%, Test In: 69.89% Test OOD1: 62.21% Test OOD2: 50.66% Test OOD3: 60.48% 
Epoch: 123, Loss: 0.8946, Train: 99.15%, Valid: 69.14%, Test In: 69.87% Test OOD1: 62.07% Test OOD2: 50.58% Test OOD3: 60.32% 
Epoch: 124, Loss: 0.8798, Train: 99.33%, Valid: 69.21%, Test In: 69.89% Test OOD1: 61.74% Test OOD2: 50.64% Test OOD3: 60.14% 
Epoch: 125, Loss: 0.8912, Train: 99.22%, Valid: 69.28%, Test In: 69.97% Test OOD1: 61.77% Test OOD2: 50.56% Test OOD3: 60.24% 
Epoch: 126, Loss: 0.8772, Train: 99.20%, Valid: 69.30%, Test In: 70.06% Test OOD1: 61.90% Test OOD2: 50.56% Test OOD3: 60.21% 
Epoch: 127, Loss: 0.8630, Train: 99.39%, Valid: 69.35%, Test In: 70.01% Test OOD1: 61.62% Test OOD2: 50.68% Test OOD3: 59.96% 
Epoch: 128, Loss: 0.8949, Train: 99.32%, Valid: 69.27%, Test In: 69.86% Test OOD1: 61.74% Test OOD2: 50.49% Test OOD3: 59.85% 
Epoch: 129, Loss: 0.8907, Train: 99.40%, Valid: 69.31%, Test In: 69.83% Test OOD1: 61.87% Test OOD2: 50.55% Test OOD3: 59.83% 
Epoch: 130, Loss: 0.8372, Train: 99.49%, Valid: 69.31%, Test In: 69.74% Test OOD1: 61.85% Test OOD2: 50.60% Test OOD3: 59.82% 
Epoch: 131, Loss: 0.8646, Train: 99.46%, Valid: 69.23%, Test In: 69.70% Test OOD1: 61.77% Test OOD2: 50.53% Test OOD3: 59.90% 
Epoch: 132, Loss: 0.8560, Train: 99.49%, Valid: 69.24%, Test In: 69.68% Test OOD1: 61.92% Test OOD2: 50.50% Test OOD3: 59.97% 
Epoch: 133, Loss: 0.8352, Train: 99.54%, Valid: 69.36%, Test In: 69.70% Test OOD1: 61.98% Test OOD2: 50.61% Test OOD3: 60.01% 
Epoch: 134, Loss: 0.8519, Train: 99.47%, Valid: 69.34%, Test In: 69.75% Test OOD1: 62.11% Test OOD2: 50.56% Test OOD3: 60.08% 
Epoch: 135, Loss: 0.8434, Train: 99.51%, Valid: 69.33%, Test In: 69.82% Test OOD1: 61.89% Test OOD2: 50.62% Test OOD3: 59.97% 
Epoch: 136, Loss: 0.8334, Train: 99.57%, Valid: 69.31%, Test In: 69.84% Test OOD1: 61.73% Test OOD2: 50.73% Test OOD3: 59.95% 
Epoch: 137, Loss: 0.8372, Train: 99.55%, Valid: 69.29%, Test In: 69.81% Test OOD1: 61.83% Test OOD2: 50.68% Test OOD3: 59.94% 
Epoch: 138, Loss: 0.8303, Train: 99.59%, Valid: 69.29%, Test In: 69.79% Test OOD1: 61.81% Test OOD2: 50.64% Test OOD3: 59.85% 
Epoch: 139, Loss: 0.8319, Train: 99.61%, Valid: 69.29%, Test In: 69.85% Test OOD1: 62.02% Test OOD2: 50.59% Test OOD3: 59.98% 
Epoch: 140, Loss: 0.8234, Train: 99.63%, Valid: 69.26%, Test In: 69.93% Test OOD1: 62.01% Test OOD2: 50.59% Test OOD3: 60.00% 
Epoch: 141, Loss: 0.8142, Train: 99.63%, Valid: 69.18%, Test In: 69.93% Test OOD1: 61.79% Test OOD2: 50.55% Test OOD3: 59.87% 
Epoch: 142, Loss: 0.8180, Train: 99.69%, Valid: 69.20%, Test In: 69.86% Test OOD1: 61.44% Test OOD2: 50.62% Test OOD3: 59.74% 
Epoch: 143, Loss: 0.8151, Train: 99.66%, Valid: 69.26%, Test In: 69.87% Test OOD1: 61.53% Test OOD2: 50.63% Test OOD3: 59.67% 
Epoch: 144, Loss: 0.8074, Train: 99.64%, Valid: 69.30%, Test In: 69.85% Test OOD1: 61.64% Test OOD2: 50.64% Test OOD3: 59.70% 
Epoch: 145, Loss: 0.8117, Train: 99.73%, Valid: 69.25%, Test In: 69.72% Test OOD1: 61.65% Test OOD2: 50.64% Test OOD3: 59.64% 
Epoch: 146, Loss: 0.8123, Train: 99.56%, Valid: 69.03%, Test In: 69.61% Test OOD1: 62.18% Test OOD2: 50.54% Test OOD3: 59.78% 
Epoch: 147, Loss: 0.8254, Train: 99.76%, Valid: 68.99%, Test In: 69.64% Test OOD1: 61.78% Test OOD2: 50.50% Test OOD3: 59.62% 
Epoch: 148, Loss: 0.8032, Train: 99.77%, Valid: 69.07%, Test In: 69.77% Test OOD1: 61.50% Test OOD2: 50.51% Test OOD3: 59.57% 
Epoch: 149, Loss: 0.7916, Train: 99.69%, Valid: 69.22%, Test In: 69.89% Test OOD1: 61.67% Test OOD2: 50.49% Test OOD3: 59.70% 
Epoch: 150, Loss: 0.8080, Train: 99.77%, Valid: 69.31%, Test In: 69.84% Test OOD1: 61.37% Test OOD2: 50.53% Test OOD3: 59.60% 
Epoch: 151, Loss: 0.8005, Train: 99.74%, Valid: 69.28%, Test In: 69.80% Test OOD1: 61.59% Test OOD2: 50.49% Test OOD3: 59.70% 
Epoch: 152, Loss: 0.7997, Train: 99.76%, Valid: 69.24%, Test In: 69.80% Test OOD1: 61.81% Test OOD2: 50.55% Test OOD3: 59.84% 
Epoch: 153, Loss: 0.8015, Train: 99.78%, Valid: 69.26%, Test In: 69.86% Test OOD1: 61.71% Test OOD2: 50.61% Test OOD3: 59.88% 
Epoch: 154, Loss: 0.7856, Train: 99.74%, Valid: 69.23%, Test In: 69.83% Test OOD1: 61.72% Test OOD2: 50.56% Test OOD3: 59.90% 
Epoch: 155, Loss: 0.7927, Train: 99.79%, Valid: 69.27%, Test In: 69.91% Test OOD1: 61.87% Test OOD2: 50.48% Test OOD3: 59.80% 
Epoch: 156, Loss: 0.7913, Train: 99.81%, Valid: 69.21%, Test In: 69.83% Test OOD1: 61.77% Test OOD2: 50.42% Test OOD3: 59.66% 
Epoch: 157, Loss: 0.7866, Train: 99.78%, Valid: 69.18%, Test In: 69.82% Test OOD1: 61.70% Test OOD2: 50.37% Test OOD3: 59.67% 
Epoch: 158, Loss: 0.8038, Train: 99.83%, Valid: 69.17%, Test In: 69.94% Test OOD1: 61.49% Test OOD2: 50.41% Test OOD3: 59.71% 
Epoch: 159, Loss: 0.7860, Train: 99.83%, Valid: 69.18%, Test In: 69.97% Test OOD1: 61.59% Test OOD2: 50.43% Test OOD3: 59.90% 
Epoch: 160, Loss: 0.7691, Train: 99.80%, Valid: 69.13%, Test In: 69.99% Test OOD1: 61.85% Test OOD2: 50.43% Test OOD3: 60.01% 
Epoch: 161, Loss: 0.7788, Train: 99.85%, Valid: 69.14%, Test In: 70.05% Test OOD1: 61.85% Test OOD2: 50.49% Test OOD3: 59.93% 
Epoch: 162, Loss: 0.7642, Train: 99.83%, Valid: 69.14%, Test In: 70.02% Test OOD1: 62.01% Test OOD2: 50.54% Test OOD3: 59.93% 
Epoch: 163, Loss: 0.7719, Train: 99.75%, Valid: 69.05%, Test In: 69.93% Test OOD1: 62.33% Test OOD2: 50.46% Test OOD3: 59.83% 
Epoch: 164, Loss: 0.7986, Train: 99.86%, Valid: 69.19%, Test In: 69.96% Test OOD1: 61.73% Test OOD2: 50.61% Test OOD3: 59.56% 
Epoch: 165, Loss: 0.7727, Train: 99.83%, Valid: 69.15%, Test In: 69.96% Test OOD1: 61.68% Test OOD2: 50.60% Test OOD3: 59.54% 
Epoch: 166, Loss: 0.7846, Train: 99.80%, Valid: 69.09%, Test In: 69.96% Test OOD1: 61.67% Test OOD2: 50.58% Test OOD3: 59.45% 
Epoch: 167, Loss: 0.7797, Train: 99.86%, Valid: 68.98%, Test In: 69.85% Test OOD1: 61.21% Test OOD2: 50.62% Test OOD3: 59.32% 
Epoch: 168, Loss: 0.7671, Train: 99.83%, Valid: 69.10%, Test In: 69.89% Test OOD1: 61.65% Test OOD2: 50.59% Test OOD3: 59.49% 
Epoch: 169, Loss: 0.7600, Train: 99.84%, Valid: 69.26%, Test In: 70.01% Test OOD1: 61.82% Test OOD2: 50.71% Test OOD3: 59.52% 
Epoch: 170, Loss: 0.7758, Train: 99.86%, Valid: 69.36%, Test In: 70.01% Test OOD1: 61.67% Test OOD2: 50.75% Test OOD3: 59.40% 
Epoch: 171, Loss: 0.7764, Train: 99.82%, Valid: 69.42%, Test In: 70.03% Test OOD1: 61.90% Test OOD2: 50.67% Test OOD3: 59.48% 
Epoch: 172, Loss: 0.7777, Train: 99.87%, Valid: 69.31%, Test In: 70.02% Test OOD1: 61.50% Test OOD2: 50.75% Test OOD3: 59.31% 
Epoch: 173, Loss: 0.7675, Train: 99.88%, Valid: 69.15%, Test In: 69.82% Test OOD1: 61.37% Test OOD2: 50.67% Test OOD3: 59.28% 
Epoch: 174, Loss: 0.7712, Train: 99.86%, Valid: 69.05%, Test In: 69.85% Test OOD1: 61.71% Test OOD2: 50.59% Test OOD3: 59.57% 
Epoch: 175, Loss: 0.7448, Train: 99.90%, Valid: 69.10%, Test In: 69.93% Test OOD1: 61.52% Test OOD2: 50.66% Test OOD3: 59.63% 
Epoch: 176, Loss: 0.7722, Train: 99.90%, Valid: 69.17%, Test In: 69.92% Test OOD1: 61.67% Test OOD2: 50.57% Test OOD3: 59.77% 
Epoch: 177, Loss: 0.7767, Train: 99.89%, Valid: 69.26%, Test In: 69.93% Test OOD1: 61.69% Test OOD2: 50.57% Test OOD3: 59.68% 
Epoch: 178, Loss: 0.7629, Train: 99.90%, Valid: 69.31%, Test In: 69.91% Test OOD1: 61.44% Test OOD2: 50.68% Test OOD3: 59.48% 
Epoch: 179, Loss: 0.7554, Train: 99.87%, Valid: 69.18%, Test In: 69.84% Test OOD1: 61.63% Test OOD2: 50.66% Test OOD3: 59.51% 
Epoch: 180, Loss: 0.7762, Train: 99.87%, Valid: 69.03%, Test In: 69.94% Test OOD1: 61.63% Test OOD2: 50.86% Test OOD3: 59.66% 
Epoch: 181, Loss: 0.7581, Train: 99.89%, Valid: 69.01%, Test In: 70.02% Test OOD1: 61.63% Test OOD2: 50.95% Test OOD3: 59.72% 
Epoch: 182, Loss: 0.7457, Train: 99.87%, Valid: 68.97%, Test In: 70.05% Test OOD1: 62.06% Test OOD2: 50.77% Test OOD3: 59.93% 
Epoch: 183, Loss: 0.7623, Train: 99.90%, Valid: 68.96%, Test In: 70.02% Test OOD1: 62.10% Test OOD2: 50.80% Test OOD3: 59.86% 
Epoch: 184, Loss: 0.7554, Train: 99.90%, Valid: 68.87%, Test In: 69.83% Test OOD1: 62.31% Test OOD2: 50.71% Test OOD3: 59.88% 
Epoch: 185, Loss: 0.7763, Train: 99.89%, Valid: 68.89%, Test In: 69.75% Test OOD1: 62.05% Test OOD2: 50.73% Test OOD3: 59.73% 
Epoch: 186, Loss: 0.7752, Train: 99.91%, Valid: 68.89%, Test In: 69.78% Test OOD1: 61.68% Test OOD2: 50.83% Test OOD3: 59.58% 
Epoch: 187, Loss: 0.7381, Train: 99.92%, Valid: 68.97%, Test In: 69.89% Test OOD1: 61.32% Test OOD2: 50.87% Test OOD3: 59.42% 
Epoch: 188, Loss: 0.7516, Train: 99.91%, Valid: 69.03%, Test In: 69.88% Test OOD1: 61.32% Test OOD2: 50.78% Test OOD3: 59.38% 
Epoch: 189, Loss: 0.7713, Train: 99.91%, Valid: 68.98%, Test In: 69.75% Test OOD1: 61.90% Test OOD2: 50.76% Test OOD3: 59.64% 
Epoch: 190, Loss: 0.7521, Train: 99.94%, Valid: 68.89%, Test In: 69.66% Test OOD1: 61.88% Test OOD2: 50.84% Test OOD3: 59.69% 
Epoch: 191, Loss: 0.7397, Train: 99.92%, Valid: 69.02%, Test In: 69.68% Test OOD1: 62.06% Test OOD2: 50.80% Test OOD3: 59.86% 
Epoch: 192, Loss: 0.7507, Train: 99.89%, Valid: 69.15%, Test In: 69.75% Test OOD1: 62.18% Test OOD2: 50.72% Test OOD3: 59.94% 
Epoch: 193, Loss: 0.7361, Train: 99.93%, Valid: 69.30%, Test In: 69.93% Test OOD1: 61.58% Test OOD2: 50.78% Test OOD3: 59.67% 
Epoch: 194, Loss: 0.7348, Train: 99.92%, Valid: 69.38%, Test In: 70.03% Test OOD1: 61.77% Test OOD2: 50.79% Test OOD3: 59.78% 
Epoch: 195, Loss: 0.7450, Train: 99.90%, Valid: 69.31%, Test In: 69.93% Test OOD1: 61.99% Test OOD2: 50.83% Test OOD3: 59.83% 
Epoch: 196, Loss: 0.7237, Train: 99.92%, Valid: 69.23%, Test In: 69.85% Test OOD1: 61.66% Test OOD2: 50.94% Test OOD3: 59.67% 
Epoch: 197, Loss: 0.7428, Train: 99.92%, Valid: 69.13%, Test In: 69.84% Test OOD1: 61.90% Test OOD2: 50.85% Test OOD3: 59.78% 
Epoch: 198, Loss: 0.7296, Train: 99.90%, Valid: 69.08%, Test In: 69.88% Test OOD1: 62.14% Test OOD2: 50.73% Test OOD3: 59.91% 
Epoch: 199, Loss: 0.7354, Train: 99.93%, Valid: 69.12%, Test In: 69.95% Test OOD1: 61.64% Test OOD2: 50.79% Test OOD3: 59.63% 
Run 01:
Highest Train: 99.94
Highest Valid: 71.41
Highest In Test: 72.08
Highest OOD Test: 66.16
Highest OOD Test: 52.75
Highest OOD Test: 63.03
Chosen epoch: 33
Final Train: 79.80
Final In Test: 72.08
Final OOD Test: 64.09
Final OOD Test: 51.43
Final OOD Test: 62.31
Epoch: 00, Loss: 2.0713, Train: 66.59%, Valid: 63.96%, Test In: 63.43% Test OOD1: 62.86% Test OOD2: 50.82% Test OOD3: 59.63% 
Epoch: 01, Loss: 2.0656, Train: 66.37%, Valid: 63.74%, Test In: 63.22% Test OOD1: 62.66% Test OOD2: 50.92% Test OOD3: 59.46% 
Epoch: 02, Loss: 2.0587, Train: 66.28%, Valid: 63.62%, Test In: 63.10% Test OOD1: 62.58% Test OOD2: 50.91% Test OOD3: 59.26% 
Epoch: 03, Loss: 2.0501, Train: 65.90%, Valid: 63.33%, Test In: 62.81% Test OOD1: 62.40% Test OOD2: 50.89% Test OOD3: 59.06% 
Epoch: 04, Loss: 2.0411, Train: 65.53%, Valid: 63.07%, Test In: 62.54% Test OOD1: 62.32% Test OOD2: 50.91% Test OOD3: 58.97% 
Epoch: 05, Loss: 2.0323, Train: 65.25%, Valid: 62.86%, Test In: 62.37% Test OOD1: 62.30% Test OOD2: 50.94% Test OOD3: 58.98% 
Epoch: 06, Loss: 2.0218, Train: 64.95%, Valid: 62.64%, Test In: 62.16% Test OOD1: 62.22% Test OOD2: 50.93% Test OOD3: 58.93% 
Epoch: 07, Loss: 2.0114, Train: 64.64%, Valid: 62.42%, Test In: 61.93% Test OOD1: 62.09% Test OOD2: 50.90% Test OOD3: 58.82% 
Epoch: 08, Loss: 2.0043, Train: 64.39%, Valid: 62.23%, Test In: 61.75% Test OOD1: 61.98% Test OOD2: 50.85% Test OOD3: 58.73% 
Epoch: 09, Loss: 1.9946, Train: 64.35%, Valid: 62.19%, Test In: 61.74% Test OOD1: 61.98% Test OOD2: 50.82% Test OOD3: 58.76% 
Epoch: 10, Loss: 1.9850, Train: 64.59%, Valid: 62.33%, Test In: 61.93% Test OOD1: 62.09% Test OOD2: 50.83% Test OOD3: 58.94% 
Epoch: 11, Loss: 1.9770, Train: 65.09%, Valid: 62.68%, Test In: 62.36% Test OOD1: 62.30% Test OOD2: 50.88% Test OOD3: 59.23% 
Epoch: 12, Loss: 1.9684, Train: 65.83%, Valid: 63.21%, Test In: 62.98% Test OOD1: 62.62% Test OOD2: 50.93% Test OOD3: 59.60% 
Epoch: 13, Loss: 1.9584, Train: 66.69%, Valid: 63.84%, Test In: 63.73% Test OOD1: 63.00% Test OOD2: 50.97% Test OOD3: 60.02% 
Epoch: 14, Loss: 1.9499, Train: 67.85%, Valid: 64.71%, Test In: 64.75% Test OOD1: 63.49% Test OOD2: 51.07% Test OOD3: 60.54% 
Epoch: 15, Loss: 1.9365, Train: 69.60%, Valid: 65.95%, Test In: 66.27% Test OOD1: 64.13% Test OOD2: 51.27% Test OOD3: 61.25% 
Epoch: 16, Loss: 1.9209, Train: 71.25%, Valid: 67.10%, Test In: 67.61% Test OOD1: 64.74% Test OOD2: 51.41% Test OOD3: 61.88% 
Epoch: 17, Loss: 1.9048, Train: 72.35%, Valid: 67.93%, Test In: 68.49% Test OOD1: 65.19% Test OOD2: 51.42% Test OOD3: 62.30% 
Epoch: 18, Loss: 1.8858, Train: 73.77%, Valid: 68.92%, Test In: 69.60% Test OOD1: 65.49% Test OOD2: 51.58% Test OOD3: 62.75% 
Epoch: 19, Loss: 1.8719, Train: 74.55%, Valid: 69.50%, Test In: 70.22% Test OOD1: 65.68% Test OOD2: 51.60% Test OOD3: 62.93% 
Epoch: 20, Loss: 1.8544, Train: 75.40%, Valid: 70.07%, Test In: 70.83% Test OOD1: 65.67% Test OOD2: 51.71% Test OOD3: 63.06% 
Epoch: 21, Loss: 1.8401, Train: 75.85%, Valid: 70.39%, Test In: 71.11% Test OOD1: 65.81% Test OOD2: 51.63% Test OOD3: 63.04% 
Epoch: 22, Loss: 1.8254, Train: 76.61%, Valid: 70.88%, Test In: 71.57% Test OOD1: 65.39% Test OOD2: 51.83% Test OOD3: 63.02% 
Epoch: 23, Loss: 1.8130, Train: 76.49%, Valid: 70.84%, Test In: 71.45% Test OOD1: 66.17% Test OOD2: 51.49% Test OOD3: 63.01% 
Epoch: 24, Loss: 1.8128, Train: 77.32%, Valid: 71.23%, Test In: 71.87% Test OOD1: 65.28% Test OOD2: 51.83% Test OOD3: 62.89% 
Epoch: 25, Loss: 1.7867, Train: 77.61%, Valid: 71.33%, Test In: 71.93% Test OOD1: 65.43% Test OOD2: 51.75% Test OOD3: 62.86% 
Epoch: 26, Loss: 1.7751, Train: 77.55%, Valid: 71.27%, Test In: 71.83% Test OOD1: 66.11% Test OOD2: 51.48% Test OOD3: 62.91% 
Epoch: 27, Loss: 1.7691, Train: 78.01%, Valid: 71.45%, Test In: 72.01% Test OOD1: 65.70% Test OOD2: 51.61% Test OOD3: 62.79% 
Epoch: 28, Loss: 1.7499, Train: 78.41%, Valid: 71.54%, Test In: 72.09% Test OOD1: 65.64% Test OOD2: 51.66% Test OOD3: 62.73% 
Epoch: 29, Loss: 1.7519, Train: 78.42%, Valid: 71.44%, Test In: 72.01% Test OOD1: 65.75% Test OOD2: 51.53% Test OOD3: 62.69% 
Epoch: 30, Loss: 1.7461, Train: 78.43%, Valid: 71.42%, Test In: 71.96% Test OOD1: 66.23% Test OOD2: 51.37% Test OOD3: 62.76% 
Epoch: 31, Loss: 1.7283, Train: 78.89%, Valid: 71.54%, Test In: 72.13% Test OOD1: 65.95% Test OOD2: 51.48% Test OOD3: 62.69% 
Epoch: 32, Loss: 1.7183, Train: 79.16%, Valid: 71.54%, Test In: 72.17% Test OOD1: 65.57% Test OOD2: 51.52% Test OOD3: 62.56% 
Epoch: 33, Loss: 1.7088, Train: 79.12%, Valid: 71.52%, Test In: 72.14% Test OOD1: 65.80% Test OOD2: 51.38% Test OOD3: 62.62% 
Epoch: 34, Loss: 1.7103, Train: 79.27%, Valid: 71.51%, Test In: 72.14% Test OOD1: 65.94% Test OOD2: 51.33% Test OOD3: 62.65% 
Epoch: 35, Loss: 1.6945, Train: 79.74%, Valid: 71.58%, Test In: 72.26% Test OOD1: 65.41% Test OOD2: 51.45% Test OOD3: 62.50% 
Epoch: 36, Loss: 1.6921, Train: 79.76%, Valid: 71.56%, Test In: 72.24% Test OOD1: 65.38% Test OOD2: 51.34% Test OOD3: 62.48% 
Epoch: 37, Loss: 1.6929, Train: 79.95%, Valid: 71.56%, Test In: 72.26% Test OOD1: 65.32% Test OOD2: 51.30% Test OOD3: 62.47% 
Epoch: 38, Loss: 1.6733, Train: 80.27%, Valid: 71.57%, Test In: 72.27% Test OOD1: 65.15% Test OOD2: 51.30% Test OOD3: 62.40% 
Epoch: 39, Loss: 1.6732, Train: 80.32%, Valid: 71.52%, Test In: 72.22% Test OOD1: 65.19% Test OOD2: 51.20% Test OOD3: 62.40% 
Epoch: 40, Loss: 1.6668, Train: 80.58%, Valid: 71.54%, Test In: 72.29% Test OOD1: 64.88% Test OOD2: 51.23% Test OOD3: 62.31% 
Epoch: 41, Loss: 1.6591, Train: 81.04%, Valid: 71.55%, Test In: 72.32% Test OOD1: 64.55% Test OOD2: 51.29% Test OOD3: 62.17% 
Epoch: 42, Loss: 1.6600, Train: 80.70%, Valid: 71.38%, Test In: 72.12% Test OOD1: 65.39% Test OOD2: 50.98% Test OOD3: 62.39% 
Epoch: 43, Loss: 1.6635, Train: 81.35%, Valid: 71.45%, Test In: 72.31% Test OOD1: 64.62% Test OOD2: 51.17% Test OOD3: 62.12% 
Epoch: 44, Loss: 1.6500, Train: 81.49%, Valid: 71.42%, Test In: 72.27% Test OOD1: 64.87% Test OOD2: 51.11% Test OOD3: 62.17% 
Epoch: 45, Loss: 1.6457, Train: 81.68%, Valid: 71.37%, Test In: 72.20% Test OOD1: 65.05% Test OOD2: 51.00% Test OOD3: 62.18% 
Epoch: 46, Loss: 1.6272, Train: 81.67%, Valid: 71.29%, Test In: 72.14% Test OOD1: 65.28% Test OOD2: 50.91% Test OOD3: 62.22% 
Epoch: 47, Loss: 1.6318, Train: 82.36%, Valid: 71.33%, Test In: 72.23% Test OOD1: 64.65% Test OOD2: 51.06% Test OOD3: 61.97% 
Epoch: 48, Loss: 1.6274, Train: 82.41%, Valid: 71.29%, Test In: 72.19% Test OOD1: 64.96% Test OOD2: 50.97% Test OOD3: 62.05% 
Epoch: 49, Loss: 1.6137, Train: 82.57%, Valid: 71.27%, Test In: 72.12% Test OOD1: 65.12% Test OOD2: 50.88% Test OOD3: 62.07% 
Epoch: 50, Loss: 1.6020, Train: 83.10%, Valid: 71.28%, Test In: 72.21% Test OOD1: 64.67% Test OOD2: 50.95% Test OOD3: 61.90% 
Epoch: 51, Loss: 1.5978, Train: 83.21%, Valid: 71.24%, Test In: 72.20% Test OOD1: 64.73% Test OOD2: 50.88% Test OOD3: 61.91% 
Epoch: 52, Loss: 1.5904, Train: 83.64%, Valid: 71.17%, Test In: 72.07% Test OOD1: 64.59% Test OOD2: 50.80% Test OOD3: 61.83% 
Epoch: 53, Loss: 1.6127, Train: 82.87%, Valid: 70.98%, Test In: 71.87% Test OOD1: 65.43% Test OOD2: 50.58% Test OOD3: 62.22% 
Epoch: 54, Loss: 1.6554, Train: 84.20%, Valid: 71.13%, Test In: 72.09% Test OOD1: 64.17% Test OOD2: 50.82% Test OOD3: 61.74% 
Epoch: 55, Loss: 1.5783, Train: 84.42%, Valid: 70.96%, Test In: 71.87% Test OOD1: 63.97% Test OOD2: 50.78% Test OOD3: 61.64% 
Epoch: 56, Loss: 1.6405, Train: 84.22%, Valid: 70.96%, Test In: 71.83% Test OOD1: 65.05% Test OOD2: 50.54% Test OOD3: 62.10% 
Epoch: 57, Loss: 1.5807, Train: 84.48%, Valid: 70.99%, Test In: 71.96% Test OOD1: 63.46% Test OOD2: 50.90% Test OOD3: 61.52% 
Epoch: 58, Loss: 1.6646, Train: 83.99%, Valid: 70.90%, Test In: 71.83% Test OOD1: 65.21% Test OOD2: 50.54% Test OOD3: 62.25% 
Epoch: 59, Loss: 1.5978, Train: 84.23%, Valid: 70.91%, Test In: 71.78% Test OOD1: 65.32% Test OOD2: 50.51% Test OOD3: 62.24% 
Epoch: 60, Loss: 1.5809, Train: 85.24%, Valid: 70.99%, Test In: 71.92% Test OOD1: 64.00% Test OOD2: 50.76% Test OOD3: 61.75% 
Epoch: 61, Loss: 1.5465, Train: 85.41%, Valid: 70.96%, Test In: 71.87% Test OOD1: 63.45% Test OOD2: 50.82% Test OOD3: 61.52% 
Epoch: 62, Loss: 1.5889, Train: 85.25%, Valid: 71.08%, Test In: 71.91% Test OOD1: 64.76% Test OOD2: 50.60% Test OOD3: 62.02% 
Epoch: 63, Loss: 1.5284, Train: 85.12%, Valid: 71.14%, Test In: 71.97% Test OOD1: 64.95% Test OOD2: 50.58% Test OOD3: 62.14% 
Epoch: 64, Loss: 1.5496, Train: 85.57%, Valid: 71.21%, Test In: 72.02% Test OOD1: 64.63% Test OOD2: 50.63% Test OOD3: 62.02% 
Epoch: 65, Loss: 1.5315, Train: 86.00%, Valid: 71.21%, Test In: 71.94% Test OOD1: 64.34% Test OOD2: 50.60% Test OOD3: 61.81% 
Epoch: 66, Loss: 1.4990, Train: 86.49%, Valid: 71.12%, Test In: 71.83% Test OOD1: 63.55% Test OOD2: 50.68% Test OOD3: 61.40% 
Epoch: 67, Loss: 1.5282, Train: 86.73%, Valid: 71.14%, Test In: 71.83% Test OOD1: 63.98% Test OOD2: 50.61% Test OOD3: 61.57% 
Epoch: 68, Loss: 1.4828, Train: 86.71%, Valid: 71.11%, Test In: 71.77% Test OOD1: 64.58% Test OOD2: 50.46% Test OOD3: 61.85% 
Epoch: 69, Loss: 1.4844, Train: 87.06%, Valid: 71.04%, Test In: 71.68% Test OOD1: 64.52% Test OOD2: 50.46% Test OOD3: 61.79% 
Epoch: 70, Loss: 1.4709, Train: 87.48%, Valid: 70.93%, Test In: 71.58% Test OOD1: 64.20% Test OOD2: 50.50% Test OOD3: 61.55% 
Epoch: 71, Loss: 1.4586, Train: 88.07%, Valid: 70.77%, Test In: 71.42% Test OOD1: 63.48% Test OOD2: 50.56% Test OOD3: 61.18% 
Epoch: 72, Loss: 1.4632, Train: 87.87%, Valid: 70.76%, Test In: 71.40% Test OOD1: 64.44% Test OOD2: 50.33% Test OOD3: 61.60% 
Epoch: 73, Loss: 1.4603, Train: 88.88%, Valid: 70.79%, Test In: 71.46% Test OOD1: 63.62% Test OOD2: 50.55% Test OOD3: 61.37% 
Epoch: 74, Loss: 1.4732, Train: 88.65%, Valid: 70.70%, Test In: 71.43% Test OOD1: 63.99% Test OOD2: 50.44% Test OOD3: 61.54% 
Epoch: 75, Loss: 1.4220, Train: 89.19%, Valid: 70.61%, Test In: 71.38% Test OOD1: 63.44% Test OOD2: 50.54% Test OOD3: 61.31% 
Epoch: 76, Loss: 1.4261, Train: 89.92%, Valid: 70.58%, Test In: 71.32% Test OOD1: 63.03% Test OOD2: 50.65% Test OOD3: 61.20% 
Epoch: 77, Loss: 1.4240, Train: 89.67%, Valid: 70.67%, Test In: 71.39% Test OOD1: 63.98% Test OOD2: 50.51% Test OOD3: 61.62% 
Epoch: 78, Loss: 1.3936, Train: 89.87%, Valid: 70.64%, Test In: 71.34% Test OOD1: 64.01% Test OOD2: 50.52% Test OOD3: 61.63% 
Epoch: 79, Loss: 1.3851, Train: 90.57%, Valid: 70.56%, Test In: 71.26% Test OOD1: 63.35% Test OOD2: 50.65% Test OOD3: 61.32% 
Epoch: 80, Loss: 1.3830, Train: 90.79%, Valid: 70.57%, Test In: 71.29% Test OOD1: 63.62% Test OOD2: 50.60% Test OOD3: 61.45% 
Epoch: 81, Loss: 1.3486, Train: 90.80%, Valid: 70.54%, Test In: 71.31% Test OOD1: 63.92% Test OOD2: 50.51% Test OOD3: 61.61% 
Epoch: 82, Loss: 1.3550, Train: 91.43%, Valid: 70.49%, Test In: 71.28% Test OOD1: 63.29% Test OOD2: 50.62% Test OOD3: 61.32% 
Epoch: 83, Loss: 1.3319, Train: 91.86%, Valid: 70.42%, Test In: 71.25% Test OOD1: 63.07% Test OOD2: 50.66% Test OOD3: 61.20% 
Epoch: 84, Loss: 1.3224, Train: 92.04%, Valid: 70.45%, Test In: 71.28% Test OOD1: 63.57% Test OOD2: 50.55% Test OOD3: 61.42% 
Epoch: 85, Loss: 1.3111, Train: 92.63%, Valid: 70.44%, Test In: 71.22% Test OOD1: 63.28% Test OOD2: 50.65% Test OOD3: 61.26% 
Epoch: 86, Loss: 1.2985, Train: 92.82%, Valid: 70.43%, Test In: 71.18% Test OOD1: 63.39% Test OOD2: 50.67% Test OOD3: 61.20% 
Epoch: 87, Loss: 1.2934, Train: 93.15%, Valid: 70.48%, Test In: 71.21% Test OOD1: 63.62% Test OOD2: 50.74% Test OOD3: 61.27% 
Epoch: 88, Loss: 1.2717, Train: 93.59%, Valid: 70.46%, Test In: 71.18% Test OOD1: 63.34% Test OOD2: 50.92% Test OOD3: 61.12% 
Epoch: 89, Loss: 1.2670, Train: 93.68%, Valid: 70.43%, Test In: 71.17% Test OOD1: 63.30% Test OOD2: 50.89% Test OOD3: 61.08% 
Epoch: 90, Loss: 1.2401, Train: 94.33%, Valid: 70.41%, Test In: 71.05% Test OOD1: 63.11% Test OOD2: 50.94% Test OOD3: 60.97% 
Epoch: 91, Loss: 1.2564, Train: 94.09%, Valid: 70.37%, Test In: 71.02% Test OOD1: 63.46% Test OOD2: 50.81% Test OOD3: 61.09% 
Epoch: 92, Loss: 1.2431, Train: 94.78%, Valid: 70.38%, Test In: 70.96% Test OOD1: 63.29% Test OOD2: 50.83% Test OOD3: 60.99% 
Epoch: 93, Loss: 1.2114, Train: 95.11%, Valid: 70.34%, Test In: 70.86% Test OOD1: 63.12% Test OOD2: 50.89% Test OOD3: 60.84% 
Epoch: 94, Loss: 1.2219, Train: 94.53%, Valid: 70.31%, Test In: 70.82% Test OOD1: 63.87% Test OOD2: 50.69% Test OOD3: 61.18% 
Epoch: 95, Loss: 1.2716, Train: 95.63%, Valid: 70.28%, Test In: 70.71% Test OOD1: 63.00% Test OOD2: 50.98% Test OOD3: 60.66% 
Epoch: 96, Loss: 1.2319, Train: 95.62%, Valid: 70.36%, Test In: 70.79% Test OOD1: 63.34% Test OOD2: 50.84% Test OOD3: 60.85% 
Epoch: 97, Loss: 1.1579, Train: 95.35%, Valid: 70.28%, Test In: 70.79% Test OOD1: 63.71% Test OOD2: 50.73% Test OOD3: 61.04% 
Epoch: 98, Loss: 1.1819, Train: 96.15%, Valid: 70.30%, Test In: 70.71% Test OOD1: 62.95% Test OOD2: 50.91% Test OOD3: 60.63% 
Epoch: 99, Loss: 1.1635, Train: 95.96%, Valid: 70.28%, Test In: 70.63% Test OOD1: 63.31% Test OOD2: 50.76% Test OOD3: 60.73% 
Epoch: 100, Loss: 1.1336, Train: 96.19%, Valid: 70.36%, Test In: 70.58% Test OOD1: 63.11% Test OOD2: 50.68% Test OOD3: 60.61% 
Epoch: 101, Loss: 1.1548, Train: 96.08%, Valid: 70.31%, Test In: 70.61% Test OOD1: 63.38% Test OOD2: 50.71% Test OOD3: 60.76% 
Epoch: 102, Loss: 1.1216, Train: 96.67%, Valid: 70.35%, Test In: 70.59% Test OOD1: 62.44% Test OOD2: 50.89% Test OOD3: 60.32% 
Epoch: 103, Loss: 1.1323, Train: 96.37%, Valid: 70.33%, Test In: 70.71% Test OOD1: 63.14% Test OOD2: 50.70% Test OOD3: 60.83% 
Epoch: 104, Loss: 1.1518, Train: 96.90%, Valid: 70.33%, Test In: 70.72% Test OOD1: 62.49% Test OOD2: 50.85% Test OOD3: 60.38% 
Epoch: 105, Loss: 1.0888, Train: 97.30%, Valid: 70.24%, Test In: 70.51% Test OOD1: 62.03% Test OOD2: 50.90% Test OOD3: 60.05% 
Epoch: 106, Loss: 1.1102, Train: 96.68%, Valid: 70.01%, Test In: 70.30% Test OOD1: 63.23% Test OOD2: 50.49% Test OOD3: 60.50% 
Epoch: 107, Loss: 1.1114, Train: 97.49%, Valid: 69.99%, Test In: 70.21% Test OOD1: 62.65% Test OOD2: 50.73% Test OOD3: 60.03% 
Epoch: 108, Loss: 1.0715, Train: 97.58%, Valid: 69.96%, Test In: 70.31% Test OOD1: 62.39% Test OOD2: 50.82% Test OOD3: 59.91% 
Epoch: 109, Loss: 1.0647, Train: 97.68%, Valid: 69.92%, Test In: 70.41% Test OOD1: 62.47% Test OOD2: 50.87% Test OOD3: 60.10% 
Epoch: 110, Loss: 1.0440, Train: 97.80%, Valid: 69.92%, Test In: 70.41% Test OOD1: 62.32% Test OOD2: 50.93% Test OOD3: 60.13% 
Epoch: 111, Loss: 1.0587, Train: 97.60%, Valid: 70.02%, Test In: 70.43% Test OOD1: 62.48% Test OOD2: 50.86% Test OOD3: 60.18% 
Epoch: 112, Loss: 1.0472, Train: 97.95%, Valid: 70.14%, Test In: 70.37% Test OOD1: 62.37% Test OOD2: 50.82% Test OOD3: 60.23% 
Epoch: 113, Loss: 1.0463, Train: 97.73%, Valid: 70.01%, Test In: 70.34% Test OOD1: 62.76% Test OOD2: 50.72% Test OOD3: 60.29% 
Epoch: 114, Loss: 1.0270, Train: 98.11%, Valid: 70.07%, Test In: 70.28% Test OOD1: 62.45% Test OOD2: 50.82% Test OOD3: 60.14% 
Epoch: 115, Loss: 1.0006, Train: 98.45%, Valid: 70.04%, Test In: 70.18% Test OOD1: 61.88% Test OOD2: 50.97% Test OOD3: 59.87% 
Epoch: 116, Loss: 1.0265, Train: 98.22%, Valid: 69.99%, Test In: 70.27% Test OOD1: 62.35% Test OOD2: 50.88% Test OOD3: 59.90% 
Epoch: 117, Loss: 1.0227, Train: 98.26%, Valid: 69.94%, Test In: 70.37% Test OOD1: 62.67% Test OOD2: 50.72% Test OOD3: 60.10% 
Epoch: 118, Loss: 0.9941, Train: 98.65%, Valid: 69.89%, Test In: 70.17% Test OOD1: 61.93% Test OOD2: 50.97% Test OOD3: 59.84% 
Epoch: 119, Loss: 0.9995, Train: 98.35%, Valid: 69.81%, Test In: 70.26% Test OOD1: 62.77% Test OOD2: 50.65% Test OOD3: 60.22% 
Epoch: 120, Loss: 0.9636, Train: 98.29%, Valid: 69.81%, Test In: 70.34% Test OOD1: 62.83% Test OOD2: 50.54% Test OOD3: 60.41% 
Epoch: 121, Loss: 0.9765, Train: 98.77%, Valid: 69.86%, Test In: 70.39% Test OOD1: 61.86% Test OOD2: 50.82% Test OOD3: 60.13% 
Epoch: 122, Loss: 0.9659, Train: 98.62%, Valid: 69.88%, Test In: 70.45% Test OOD1: 62.40% Test OOD2: 50.59% Test OOD3: 60.29% 
Epoch: 123, Loss: 0.9464, Train: 98.63%, Valid: 69.87%, Test In: 70.37% Test OOD1: 62.52% Test OOD2: 50.53% Test OOD3: 60.18% 
Epoch: 124, Loss: 0.9538, Train: 98.84%, Valid: 69.86%, Test In: 70.28% Test OOD1: 62.26% Test OOD2: 50.64% Test OOD3: 60.06% 
Epoch: 125, Loss: 0.9299, Train: 98.90%, Valid: 69.85%, Test In: 70.34% Test OOD1: 61.93% Test OOD2: 50.71% Test OOD3: 59.92% 
Epoch: 126, Loss: 0.9400, Train: 98.69%, Valid: 69.85%, Test In: 70.52% Test OOD1: 62.43% Test OOD2: 50.56% Test OOD3: 60.22% 
Epoch: 127, Loss: 0.9389, Train: 98.98%, Valid: 69.81%, Test In: 70.49% Test OOD1: 61.85% Test OOD2: 50.72% Test OOD3: 60.09% 
Epoch: 128, Loss: 0.9240, Train: 99.06%, Valid: 69.77%, Test In: 70.37% Test OOD1: 61.69% Test OOD2: 50.74% Test OOD3: 60.06% 
Epoch: 129, Loss: 0.9245, Train: 98.96%, Valid: 69.61%, Test In: 70.21% Test OOD1: 62.16% Test OOD2: 50.61% Test OOD3: 60.12% 
Epoch: 130, Loss: 0.9130, Train: 99.18%, Valid: 69.61%, Test In: 70.13% Test OOD1: 61.78% Test OOD2: 50.80% Test OOD3: 59.86% 
Epoch: 131, Loss: 0.9041, Train: 99.11%, Valid: 69.67%, Test In: 70.13% Test OOD1: 62.10% Test OOD2: 50.81% Test OOD3: 60.07% 
Epoch: 132, Loss: 0.9556, Train: 99.23%, Valid: 69.51%, Test In: 70.11% Test OOD1: 61.92% Test OOD2: 50.96% Test OOD3: 59.81% 
Epoch: 133, Loss: 0.9787, Train: 98.83%, Valid: 69.52%, Test In: 70.03% Test OOD1: 62.91% Test OOD2: 50.77% Test OOD3: 60.37% 
Epoch: 134, Loss: 1.0063, Train: 99.12%, Valid: 69.50%, Test In: 70.00% Test OOD1: 62.43% Test OOD2: 50.87% Test OOD3: 59.99% 
Epoch: 135, Loss: 0.9110, Train: 99.29%, Valid: 69.39%, Test In: 69.91% Test OOD1: 62.25% Test OOD2: 50.97% Test OOD3: 59.82% 
Epoch: 136, Loss: 0.9671, Train: 99.11%, Valid: 69.52%, Test In: 70.13% Test OOD1: 62.67% Test OOD2: 50.92% Test OOD3: 60.06% 
Epoch: 137, Loss: 0.9052, Train: 99.07%, Valid: 69.61%, Test In: 70.26% Test OOD1: 62.57% Test OOD2: 50.90% Test OOD3: 59.97% 
Epoch: 138, Loss: 0.9513, Train: 99.31%, Valid: 69.60%, Test In: 70.18% Test OOD1: 62.18% Test OOD2: 51.04% Test OOD3: 59.80% 
Epoch: 139, Loss: 0.8976, Train: 99.30%, Valid: 69.63%, Test In: 70.10% Test OOD1: 62.43% Test OOD2: 51.06% Test OOD3: 59.91% 
Epoch: 140, Loss: 0.9211, Train: 99.21%, Valid: 69.77%, Test In: 70.16% Test OOD1: 62.64% Test OOD2: 50.93% Test OOD3: 59.95% 
Epoch: 141, Loss: 0.8801, Train: 99.25%, Valid: 69.81%, Test In: 70.21% Test OOD1: 62.72% Test OOD2: 50.96% Test OOD3: 59.90% 
Epoch: 142, Loss: 0.8988, Train: 99.27%, Valid: 69.67%, Test In: 70.22% Test OOD1: 62.83% Test OOD2: 51.04% Test OOD3: 59.93% 
Epoch: 143, Loss: 0.8779, Train: 99.35%, Valid: 69.62%, Test In: 70.25% Test OOD1: 62.70% Test OOD2: 51.14% Test OOD3: 59.92% 
Epoch: 144, Loss: 0.8846, Train: 99.31%, Valid: 69.58%, Test In: 70.39% Test OOD1: 62.89% Test OOD2: 51.06% Test OOD3: 60.04% 
Epoch: 145, Loss: 0.8767, Train: 99.36%, Valid: 69.46%, Test In: 70.30% Test OOD1: 62.74% Test OOD2: 51.05% Test OOD3: 59.90% 
Epoch: 146, Loss: 0.8556, Train: 99.42%, Valid: 69.29%, Test In: 70.06% Test OOD1: 62.49% Test OOD2: 51.06% Test OOD3: 59.70% 
Epoch: 147, Loss: 0.8851, Train: 99.54%, Valid: 69.32%, Test In: 69.95% Test OOD1: 61.94% Test OOD2: 50.99% Test OOD3: 59.23% 
Epoch: 148, Loss: 0.8545, Train: 99.45%, Valid: 69.30%, Test In: 70.05% Test OOD1: 62.23% Test OOD2: 50.82% Test OOD3: 59.23% 
Epoch: 149, Loss: 0.8551, Train: 99.53%, Valid: 69.26%, Test In: 70.02% Test OOD1: 61.96% Test OOD2: 50.98% Test OOD3: 59.25% 
Epoch: 150, Loss: 0.8484, Train: 99.55%, Valid: 69.34%, Test In: 70.04% Test OOD1: 62.00% Test OOD2: 51.09% Test OOD3: 59.49% 
Epoch: 151, Loss: 0.8630, Train: 99.31%, Valid: 69.47%, Test In: 70.08% Test OOD1: 62.98% Test OOD2: 50.80% Test OOD3: 60.00% 
Epoch: 152, Loss: 0.8621, Train: 99.51%, Valid: 69.60%, Test In: 69.84% Test OOD1: 62.64% Test OOD2: 50.84% Test OOD3: 59.90% 
Epoch: 153, Loss: 0.8726, Train: 99.52%, Valid: 69.53%, Test In: 69.79% Test OOD1: 62.64% Test OOD2: 50.73% Test OOD3: 59.81% 
Epoch: 154, Loss: 0.8450, Train: 99.59%, Valid: 69.62%, Test In: 69.84% Test OOD1: 61.84% Test OOD2: 50.72% Test OOD3: 59.42% 
Epoch: 155, Loss: 0.8394, Train: 99.58%, Valid: 69.74%, Test In: 69.96% Test OOD1: 62.03% Test OOD2: 50.64% Test OOD3: 59.55% 
Epoch: 156, Loss: 0.8676, Train: 99.55%, Valid: 69.75%, Test In: 70.01% Test OOD1: 62.08% Test OOD2: 50.70% Test OOD3: 59.48% 
Epoch: 157, Loss: 0.8598, Train: 99.60%, Valid: 69.77%, Test In: 69.87% Test OOD1: 62.02% Test OOD2: 50.74% Test OOD3: 59.46% 
Epoch: 158, Loss: 0.8402, Train: 99.51%, Valid: 69.77%, Test In: 69.95% Test OOD1: 62.61% Test OOD2: 50.57% Test OOD3: 59.74% 
Epoch: 159, Loss: 0.8329, Train: 99.52%, Valid: 69.72%, Test In: 69.91% Test OOD1: 62.67% Test OOD2: 50.57% Test OOD3: 59.75% 
Epoch: 160, Loss: 0.8483, Train: 99.64%, Valid: 69.76%, Test In: 69.87% Test OOD1: 62.37% Test OOD2: 50.59% Test OOD3: 59.65% 
Epoch: 161, Loss: 0.8419, Train: 99.55%, Valid: 69.74%, Test In: 69.96% Test OOD1: 62.71% Test OOD2: 50.49% Test OOD3: 59.72% 
Epoch: 162, Loss: 0.8319, Train: 99.66%, Valid: 69.73%, Test In: 69.78% Test OOD1: 62.24% Test OOD2: 50.69% Test OOD3: 59.48% 
Epoch: 163, Loss: 0.8393, Train: 99.64%, Valid: 69.66%, Test In: 69.74% Test OOD1: 62.63% Test OOD2: 50.68% Test OOD3: 59.65% 
Epoch: 164, Loss: 0.8272, Train: 99.63%, Valid: 69.64%, Test In: 69.74% Test OOD1: 62.68% Test OOD2: 50.70% Test OOD3: 59.64% 
Epoch: 165, Loss: 0.8213, Train: 99.68%, Valid: 69.64%, Test In: 69.67% Test OOD1: 62.21% Test OOD2: 50.85% Test OOD3: 59.49% 
Epoch: 166, Loss: 0.8258, Train: 99.68%, Valid: 69.61%, Test In: 69.76% Test OOD1: 62.35% Test OOD2: 50.85% Test OOD3: 59.41% 
Epoch: 167, Loss: 0.8131, Train: 99.72%, Valid: 69.54%, Test In: 69.71% Test OOD1: 62.13% Test OOD2: 50.92% Test OOD3: 59.28% 
Epoch: 168, Loss: 0.8144, Train: 99.70%, Valid: 69.58%, Test In: 69.68% Test OOD1: 62.21% Test OOD2: 50.87% Test OOD3: 59.31% 
Epoch: 169, Loss: 0.8333, Train: 99.68%, Valid: 69.49%, Test In: 69.62% Test OOD1: 62.60% Test OOD2: 50.77% Test OOD3: 59.44% 
Epoch: 170, Loss: 0.8112, Train: 99.75%, Valid: 69.45%, Test In: 69.57% Test OOD1: 62.17% Test OOD2: 50.82% Test OOD3: 59.20% 
Epoch: 171, Loss: 0.8102, Train: 99.73%, Valid: 69.58%, Test In: 69.70% Test OOD1: 61.79% Test OOD2: 50.83% Test OOD3: 59.13% 
Epoch: 172, Loss: 0.8293, Train: 99.60%, Valid: 69.44%, Test In: 69.87% Test OOD1: 62.51% Test OOD2: 50.67% Test OOD3: 59.63% 
Epoch: 173, Loss: 0.8422, Train: 99.76%, Valid: 69.41%, Test In: 69.74% Test OOD1: 61.46% Test OOD2: 50.89% Test OOD3: 59.19% 
Epoch: 174, Loss: 0.8145, Train: 99.69%, Valid: 69.45%, Test In: 69.87% Test OOD1: 62.11% Test OOD2: 50.77% Test OOD3: 59.34% 
Epoch: 175, Loss: 0.8258, Train: 99.65%, Valid: 69.29%, Test In: 69.91% Test OOD1: 62.66% Test OOD2: 50.65% Test OOD3: 59.45% 
Epoch: 176, Loss: 0.8214, Train: 99.79%, Valid: 69.29%, Test In: 69.79% Test OOD1: 61.80% Test OOD2: 50.69% Test OOD3: 59.05% 
Epoch: 177, Loss: 0.8163, Train: 99.72%, Valid: 69.42%, Test In: 69.94% Test OOD1: 62.13% Test OOD2: 50.47% Test OOD3: 59.18% 
Epoch: 178, Loss: 0.8400, Train: 99.66%, Valid: 69.33%, Test In: 69.97% Test OOD1: 62.77% Test OOD2: 50.34% Test OOD3: 59.41% 
Epoch: 179, Loss: 0.8469, Train: 99.80%, Valid: 69.38%, Test In: 69.69% Test OOD1: 61.76% Test OOD2: 50.56% Test OOD3: 58.80% 
Epoch: 180, Loss: 0.8136, Train: 99.76%, Valid: 69.47%, Test In: 69.76% Test OOD1: 62.03% Test OOD2: 50.50% Test OOD3: 58.86% 
Epoch: 181, Loss: 0.8004, Train: 99.57%, Valid: 69.41%, Test In: 69.86% Test OOD1: 62.84% Test OOD2: 50.31% Test OOD3: 59.35% 
Epoch: 182, Loss: 0.8334, Train: 99.79%, Valid: 69.41%, Test In: 69.82% Test OOD1: 61.93% Test OOD2: 50.57% Test OOD3: 58.96% 
Epoch: 183, Loss: 0.8137, Train: 99.78%, Valid: 69.43%, Test In: 69.85% Test OOD1: 61.84% Test OOD2: 50.66% Test OOD3: 58.94% 
Epoch: 184, Loss: 0.7918, Train: 99.66%, Valid: 69.39%, Test In: 69.92% Test OOD1: 62.61% Test OOD2: 50.47% Test OOD3: 59.27% 
Epoch: 185, Loss: 0.8089, Train: 99.78%, Valid: 69.42%, Test In: 69.76% Test OOD1: 62.12% Test OOD2: 50.48% Test OOD3: 59.05% 
Epoch: 186, Loss: 0.7865, Train: 99.80%, Valid: 69.38%, Test In: 69.76% Test OOD1: 61.82% Test OOD2: 50.53% Test OOD3: 58.98% 
Epoch: 187, Loss: 0.7940, Train: 99.72%, Valid: 69.38%, Test In: 69.77% Test OOD1: 62.48% Test OOD2: 50.42% Test OOD3: 59.27% 
Epoch: 188, Loss: 0.7918, Train: 99.80%, Valid: 69.30%, Test In: 69.64% Test OOD1: 62.04% Test OOD2: 50.57% Test OOD3: 59.01% 
Epoch: 189, Loss: 0.7755, Train: 99.81%, Valid: 69.26%, Test In: 69.62% Test OOD1: 61.99% Test OOD2: 50.60% Test OOD3: 58.97% 
Epoch: 190, Loss: 0.7964, Train: 99.80%, Valid: 69.31%, Test In: 69.74% Test OOD1: 62.43% Test OOD2: 50.52% Test OOD3: 59.16% 
Epoch: 191, Loss: 0.7648, Train: 99.82%, Valid: 69.36%, Test In: 69.75% Test OOD1: 62.14% Test OOD2: 50.54% Test OOD3: 59.01% 
Epoch: 192, Loss: 0.7823, Train: 99.83%, Valid: 69.43%, Test In: 69.81% Test OOD1: 61.84% Test OOD2: 50.59% Test OOD3: 58.99% 
Epoch: 193, Loss: 0.7817, Train: 99.78%, Valid: 69.49%, Test In: 69.92% Test OOD1: 62.62% Test OOD2: 50.56% Test OOD3: 59.39% 
Epoch: 194, Loss: 0.7838, Train: 99.77%, Valid: 69.48%, Test In: 69.92% Test OOD1: 62.64% Test OOD2: 50.57% Test OOD3: 59.47% 
Epoch: 195, Loss: 0.7759, Train: 99.83%, Valid: 69.41%, Test In: 69.86% Test OOD1: 62.04% Test OOD2: 50.68% Test OOD3: 59.09% 
Epoch: 196, Loss: 0.7767, Train: 99.81%, Valid: 69.45%, Test In: 69.95% Test OOD1: 62.38% Test OOD2: 50.70% Test OOD3: 59.24% 
Epoch: 197, Loss: 0.7673, Train: 99.82%, Valid: 69.51%, Test In: 70.01% Test OOD1: 62.29% Test OOD2: 50.83% Test OOD3: 59.19% 
Epoch: 198, Loss: 0.7800, Train: 99.83%, Valid: 69.43%, Test In: 70.04% Test OOD1: 62.23% Test OOD2: 50.91% Test OOD3: 59.14% 
Epoch: 199, Loss: 0.7803, Train: 99.80%, Valid: 69.33%, Test In: 69.97% Test OOD1: 62.81% Test OOD2: 50.87% Test OOD3: 59.46% 
Run 02:
Highest Train: 99.83
Highest Valid: 71.58
Highest In Test: 72.32
Highest OOD Test: 66.23
Highest OOD Test: 51.83
Highest OOD Test: 63.06
Chosen epoch: 36
Final Train: 79.74
Final In Test: 72.26
Final OOD Test: 65.41
Final OOD Test: 51.45
Final OOD Test: 62.50
Epoch: 00, Loss: 2.0841, Train: 68.59%, Valid: 65.59%, Test In: 65.77% Test OOD1: 63.66% Test OOD2: 51.35% Test OOD3: 60.81% 
Epoch: 01, Loss: 2.0781, Train: 70.34%, Valid: 66.52%, Test In: 67.27% Test OOD1: 64.01% Test OOD2: 51.52% Test OOD3: 61.48% 
Epoch: 02, Loss: 2.0709, Train: 70.91%, Valid: 66.72%, Test In: 67.76% Test OOD1: 63.78% Test OOD2: 51.72% Test OOD3: 61.48% 
Epoch: 03, Loss: 2.0605, Train: 71.01%, Valid: 66.81%, Test In: 67.75% Test OOD1: 63.52% Test OOD2: 51.86% Test OOD3: 61.41% 
Epoch: 04, Loss: 2.0489, Train: 70.44%, Valid: 66.52%, Test In: 67.19% Test OOD1: 63.77% Test OOD2: 51.62% Test OOD3: 61.14% 
Epoch: 05, Loss: 2.0383, Train: 68.34%, Valid: 65.23%, Test In: 65.26% Test OOD1: 63.35% Test OOD2: 51.26% Test OOD3: 60.27% 
Epoch: 06, Loss: 2.0283, Train: 66.80%, Valid: 64.17%, Test In: 63.93% Test OOD1: 62.86% Test OOD2: 51.07% Test OOD3: 59.72% 
Epoch: 07, Loss: 2.0192, Train: 66.12%, Valid: 63.67%, Test In: 63.36% Test OOD1: 62.64% Test OOD2: 50.99% Test OOD3: 59.52% 
Epoch: 08, Loss: 2.0066, Train: 65.85%, Valid: 63.45%, Test In: 63.14% Test OOD1: 62.56% Test OOD2: 50.96% Test OOD3: 59.47% 
Epoch: 09, Loss: 1.9978, Train: 65.84%, Valid: 63.44%, Test In: 63.16% Test OOD1: 62.58% Test OOD2: 50.94% Test OOD3: 59.52% 
Epoch: 10, Loss: 1.9863, Train: 66.18%, Valid: 63.68%, Test In: 63.48% Test OOD1: 62.74% Test OOD2: 50.98% Test OOD3: 59.75% 
Epoch: 11, Loss: 1.9783, Train: 66.83%, Valid: 64.12%, Test In: 64.04% Test OOD1: 63.01% Test OOD2: 51.07% Test OOD3: 60.12% 
Epoch: 12, Loss: 1.9631, Train: 67.59%, Valid: 64.65%, Test In: 64.72% Test OOD1: 63.31% Test OOD2: 51.15% Test OOD3: 60.50% 
Epoch: 13, Loss: 1.9506, Train: 68.48%, Valid: 65.29%, Test In: 65.53% Test OOD1: 63.69% Test OOD2: 51.23% Test OOD3: 60.91% 
Epoch: 14, Loss: 1.9387, Train: 69.70%, Valid: 66.17%, Test In: 66.63% Test OOD1: 64.21% Test OOD2: 51.31% Test OOD3: 61.41% 
Epoch: 15, Loss: 1.9228, Train: 71.22%, Valid: 67.29%, Test In: 67.92% Test OOD1: 64.77% Test OOD2: 51.42% Test OOD3: 61.97% 
Epoch: 16, Loss: 1.9067, Train: 72.23%, Valid: 68.09%, Test In: 68.80% Test OOD1: 65.19% Test OOD2: 51.46% Test OOD3: 62.39% 
Epoch: 17, Loss: 1.8932, Train: 73.61%, Valid: 69.04%, Test In: 69.84% Test OOD1: 65.47% Test OOD2: 51.63% Test OOD3: 62.88% 
Epoch: 18, Loss: 1.8787, Train: 74.30%, Valid: 69.57%, Test In: 70.37% Test OOD1: 65.68% Test OOD2: 51.65% Test OOD3: 63.07% 
Epoch: 19, Loss: 1.8694, Train: 75.35%, Valid: 70.20%, Test In: 71.04% Test OOD1: 65.30% Test OOD2: 51.88% Test OOD3: 63.21% 
Epoch: 20, Loss: 1.8561, Train: 75.58%, Valid: 70.39%, Test In: 71.14% Test OOD1: 65.67% Test OOD2: 51.78% Test OOD3: 63.17% 
Epoch: 21, Loss: 1.8494, Train: 76.25%, Valid: 70.65%, Test In: 71.38% Test OOD1: 65.17% Test OOD2: 51.99% Test OOD3: 63.12% 
Epoch: 22, Loss: 1.8375, Train: 76.77%, Valid: 70.79%, Test In: 71.44% Test OOD1: 64.74% Test OOD2: 52.10% Test OOD3: 62.98% 
Epoch: 23, Loss: 1.8247, Train: 77.07%, Valid: 70.93%, Test In: 71.51% Test OOD1: 65.06% Test OOD2: 52.05% Test OOD3: 63.00% 
Epoch: 24, Loss: 1.8167, Train: 77.38%, Valid: 71.01%, Test In: 71.54% Test OOD1: 65.39% Test OOD2: 51.99% Test OOD3: 63.03% 
Epoch: 25, Loss: 1.8021, Train: 77.83%, Valid: 71.03%, Test In: 71.53% Test OOD1: 65.08% Test OOD2: 52.13% Test OOD3: 62.95% 
Epoch: 26, Loss: 1.7957, Train: 78.25%, Valid: 71.15%, Test In: 71.61% Test OOD1: 65.09% Test OOD2: 52.11% Test OOD3: 62.91% 
Epoch: 27, Loss: 1.7833, Train: 78.36%, Valid: 71.19%, Test In: 71.65% Test OOD1: 65.85% Test OOD2: 51.87% Test OOD3: 63.04% 
Epoch: 28, Loss: 1.7756, Train: 78.63%, Valid: 71.22%, Test In: 71.74% Test OOD1: 65.52% Test OOD2: 51.92% Test OOD3: 62.93% 
Epoch: 29, Loss: 1.7597, Train: 79.01%, Valid: 71.21%, Test In: 71.68% Test OOD1: 65.67% Test OOD2: 51.84% Test OOD3: 62.93% 
Epoch: 30, Loss: 1.7570, Train: 79.21%, Valid: 71.26%, Test In: 71.81% Test OOD1: 65.48% Test OOD2: 51.76% Test OOD3: 62.87% 
Epoch: 31, Loss: 1.7459, Train: 79.49%, Valid: 71.29%, Test In: 71.91% Test OOD1: 65.29% Test OOD2: 51.72% Test OOD3: 62.79% 
Epoch: 32, Loss: 1.7328, Train: 79.81%, Valid: 71.22%, Test In: 71.84% Test OOD1: 65.26% Test OOD2: 51.66% Test OOD3: 62.75% 
Epoch: 33, Loss: 1.7317, Train: 80.13%, Valid: 71.41%, Test In: 72.03% Test OOD1: 65.11% Test OOD2: 51.62% Test OOD3: 62.64% 
Epoch: 34, Loss: 1.7194, Train: 80.39%, Valid: 71.23%, Test In: 71.95% Test OOD1: 64.69% Test OOD2: 51.62% Test OOD3: 62.49% 
Epoch: 35, Loss: 1.7093, Train: 80.79%, Valid: 71.37%, Test In: 71.98% Test OOD1: 65.07% Test OOD2: 51.49% Test OOD3: 62.52% 
Epoch: 36, Loss: 1.7097, Train: 81.09%, Valid: 71.48%, Test In: 72.17% Test OOD1: 64.68% Test OOD2: 51.55% Test OOD3: 62.36% 
Epoch: 37, Loss: 1.6999, Train: 81.43%, Valid: 71.38%, Test In: 72.13% Test OOD1: 64.21% Test OOD2: 51.53% Test OOD3: 62.17% 
Epoch: 38, Loss: 1.6850, Train: 81.66%, Valid: 71.49%, Test In: 72.19% Test OOD1: 64.91% Test OOD2: 51.40% Test OOD3: 62.34% 
Epoch: 39, Loss: 1.6758, Train: 81.84%, Valid: 71.49%, Test In: 72.26% Test OOD1: 64.81% Test OOD2: 51.44% Test OOD3: 62.28% 
Epoch: 40, Loss: 1.6630, Train: 82.37%, Valid: 71.38%, Test In: 72.19% Test OOD1: 63.96% Test OOD2: 51.54% Test OOD3: 61.96% 
Epoch: 41, Loss: 1.6629, Train: 82.05%, Valid: 71.35%, Test In: 72.07% Test OOD1: 65.57% Test OOD2: 51.15% Test OOD3: 62.47% 
Epoch: 42, Loss: 1.6631, Train: 82.83%, Valid: 71.38%, Test In: 72.15% Test OOD1: 64.91% Test OOD2: 51.39% Test OOD3: 62.24% 
Epoch: 43, Loss: 1.6343, Train: 83.31%, Valid: 71.26%, Test In: 72.06% Test OOD1: 64.23% Test OOD2: 51.44% Test OOD3: 61.95% 
Epoch: 44, Loss: 1.6422, Train: 82.95%, Valid: 71.28%, Test In: 71.98% Test OOD1: 65.64% Test OOD2: 51.04% Test OOD3: 62.38% 
Epoch: 45, Loss: 1.6359, Train: 83.65%, Valid: 71.31%, Test In: 72.06% Test OOD1: 64.91% Test OOD2: 51.19% Test OOD3: 62.12% 
Epoch: 46, Loss: 1.6053, Train: 84.21%, Valid: 71.28%, Test In: 72.07% Test OOD1: 63.94% Test OOD2: 51.32% Test OOD3: 61.74% 
Epoch: 47, Loss: 1.6218, Train: 83.78%, Valid: 71.29%, Test In: 72.01% Test OOD1: 65.58% Test OOD2: 51.01% Test OOD3: 62.30% 
Epoch: 48, Loss: 1.6184, Train: 84.43%, Valid: 71.29%, Test In: 72.06% Test OOD1: 65.12% Test OOD2: 51.08% Test OOD3: 62.18% 
Epoch: 49, Loss: 1.5786, Train: 85.15%, Valid: 71.27%, Test In: 72.09% Test OOD1: 63.90% Test OOD2: 51.35% Test OOD3: 61.69% 
Epoch: 50, Loss: 1.6065, Train: 84.68%, Valid: 71.34%, Test In: 72.08% Test OOD1: 65.49% Test OOD2: 50.98% Test OOD3: 62.23% 
Epoch: 51, Loss: 1.5830, Train: 85.31%, Valid: 71.34%, Test In: 72.00% Test OOD1: 65.05% Test OOD2: 50.99% Test OOD3: 62.02% 
Epoch: 52, Loss: 1.5621, Train: 85.98%, Valid: 71.36%, Test In: 72.04% Test OOD1: 63.71% Test OOD2: 51.18% Test OOD3: 61.54% 
Epoch: 53, Loss: 1.5759, Train: 85.62%, Valid: 71.41%, Test In: 72.18% Test OOD1: 65.05% Test OOD2: 51.09% Test OOD3: 62.11% 
Epoch: 54, Loss: 1.5836, Train: 86.42%, Valid: 71.42%, Test In: 72.16% Test OOD1: 64.83% Test OOD2: 51.12% Test OOD3: 61.94% 
Epoch: 55, Loss: 1.5493, Train: 86.50%, Valid: 71.26%, Test In: 71.95% Test OOD1: 64.45% Test OOD2: 51.05% Test OOD3: 61.83% 
Epoch: 56, Loss: 1.5463, Train: 86.87%, Valid: 71.33%, Test In: 72.04% Test OOD1: 64.59% Test OOD2: 51.01% Test OOD3: 61.90% 
Epoch: 57, Loss: 1.5103, Train: 87.49%, Valid: 71.44%, Test In: 72.14% Test OOD1: 64.21% Test OOD2: 51.15% Test OOD3: 61.68% 
Epoch: 58, Loss: 1.5140, Train: 87.56%, Valid: 71.38%, Test In: 71.93% Test OOD1: 64.42% Test OOD2: 50.93% Test OOD3: 61.66% 
Epoch: 59, Loss: 1.4792, Train: 87.41%, Valid: 71.21%, Test In: 71.71% Test OOD1: 64.39% Test OOD2: 50.76% Test OOD3: 61.64% 
Epoch: 60, Loss: 1.5046, Train: 88.43%, Valid: 71.35%, Test In: 71.89% Test OOD1: 63.90% Test OOD2: 50.99% Test OOD3: 61.50% 
Epoch: 61, Loss: 1.4546, Train: 88.58%, Valid: 71.32%, Test In: 71.88% Test OOD1: 64.12% Test OOD2: 50.96% Test OOD3: 61.66% 
Epoch: 62, Loss: 1.4593, Train: 88.46%, Valid: 71.16%, Test In: 71.68% Test OOD1: 64.49% Test OOD2: 50.75% Test OOD3: 61.82% 
Epoch: 63, Loss: 1.4462, Train: 89.24%, Valid: 71.11%, Test In: 71.66% Test OOD1: 63.91% Test OOD2: 50.85% Test OOD3: 61.54% 
Epoch: 64, Loss: 1.4292, Train: 89.63%, Valid: 71.11%, Test In: 71.63% Test OOD1: 63.93% Test OOD2: 50.78% Test OOD3: 61.48% 
Epoch: 65, Loss: 1.4128, Train: 89.37%, Valid: 70.97%, Test In: 71.46% Test OOD1: 64.41% Test OOD2: 50.55% Test OOD3: 61.61% 
Epoch: 66, Loss: 1.4193, Train: 90.22%, Valid: 70.92%, Test In: 71.39% Test OOD1: 63.62% Test OOD2: 50.70% Test OOD3: 61.18% 
Epoch: 67, Loss: 1.3868, Train: 90.62%, Valid: 70.98%, Test In: 71.42% Test OOD1: 63.65% Test OOD2: 50.67% Test OOD3: 61.26% 
Epoch: 68, Loss: 1.3735, Train: 90.37%, Valid: 70.93%, Test In: 71.34% Test OOD1: 64.25% Test OOD2: 50.47% Test OOD3: 61.59% 
Epoch: 69, Loss: 1.3649, Train: 91.32%, Valid: 70.95%, Test In: 71.32% Test OOD1: 63.48% Test OOD2: 50.71% Test OOD3: 61.24% 
Epoch: 70, Loss: 1.3560, Train: 91.37%, Valid: 70.94%, Test In: 71.33% Test OOD1: 63.91% Test OOD2: 50.54% Test OOD3: 61.47% 
Epoch: 71, Loss: 1.3496, Train: 91.68%, Valid: 70.93%, Test In: 71.23% Test OOD1: 63.69% Test OOD2: 50.49% Test OOD3: 61.21% 
Epoch: 72, Loss: 1.3395, Train: 92.42%, Valid: 70.93%, Test In: 71.22% Test OOD1: 63.33% Test OOD2: 50.54% Test OOD3: 61.07% 
Epoch: 73, Loss: 1.3194, Train: 92.11%, Valid: 70.85%, Test In: 71.17% Test OOD1: 63.76% Test OOD2: 50.38% Test OOD3: 61.19% 
Epoch: 74, Loss: 1.3170, Train: 92.80%, Valid: 70.90%, Test In: 71.16% Test OOD1: 63.50% Test OOD2: 50.50% Test OOD3: 61.07% 
Epoch: 75, Loss: 1.2929, Train: 92.78%, Valid: 70.85%, Test In: 71.14% Test OOD1: 63.80% Test OOD2: 50.49% Test OOD3: 61.25% 
Epoch: 76, Loss: 1.2921, Train: 93.07%, Valid: 70.86%, Test In: 71.06% Test OOD1: 63.60% Test OOD2: 50.60% Test OOD3: 61.04% 
Epoch: 77, Loss: 1.2991, Train: 93.60%, Valid: 70.88%, Test In: 71.08% Test OOD1: 63.47% Test OOD2: 50.70% Test OOD3: 61.15% 
Epoch: 78, Loss: 1.3055, Train: 93.09%, Valid: 70.76%, Test In: 70.96% Test OOD1: 63.95% Test OOD2: 50.43% Test OOD3: 61.17% 
Epoch: 79, Loss: 1.2657, Train: 94.24%, Valid: 70.78%, Test In: 70.90% Test OOD1: 63.15% Test OOD2: 50.71% Test OOD3: 60.83% 
Epoch: 80, Loss: 1.2582, Train: 94.37%, Valid: 70.77%, Test In: 70.90% Test OOD1: 63.40% Test OOD2: 50.63% Test OOD3: 61.04% 
Epoch: 81, Loss: 1.2391, Train: 93.51%, Valid: 70.63%, Test In: 70.82% Test OOD1: 64.20% Test OOD2: 50.37% Test OOD3: 61.26% 
Epoch: 82, Loss: 1.2523, Train: 94.90%, Valid: 70.68%, Test In: 70.68% Test OOD1: 62.75% Test OOD2: 50.77% Test OOD3: 60.55% 
Epoch: 83, Loss: 1.2502, Train: 94.67%, Valid: 70.84%, Test In: 70.92% Test OOD1: 63.71% Test OOD2: 50.57% Test OOD3: 61.08% 
Epoch: 84, Loss: 1.2002, Train: 94.41%, Valid: 70.80%, Test In: 70.94% Test OOD1: 63.83% Test OOD2: 50.38% Test OOD3: 61.06% 
Epoch: 85, Loss: 1.2044, Train: 95.37%, Valid: 70.89%, Test In: 70.81% Test OOD1: 62.76% Test OOD2: 50.68% Test OOD3: 60.52% 
Epoch: 86, Loss: 1.2077, Train: 95.06%, Valid: 70.79%, Test In: 70.84% Test OOD1: 63.87% Test OOD2: 50.52% Test OOD3: 61.00% 
Epoch: 87, Loss: 1.1899, Train: 94.94%, Valid: 70.63%, Test In: 70.62% Test OOD1: 63.91% Test OOD2: 50.29% Test OOD3: 60.87% 
Epoch: 88, Loss: 1.1723, Train: 95.97%, Valid: 70.69%, Test In: 70.52% Test OOD1: 62.68% Test OOD2: 50.57% Test OOD3: 60.34% 
Epoch: 89, Loss: 1.2022, Train: 95.78%, Valid: 70.59%, Test In: 70.74% Test OOD1: 63.46% Test OOD2: 50.47% Test OOD3: 60.86% 
Epoch: 90, Loss: 1.1652, Train: 95.49%, Valid: 70.50%, Test In: 70.78% Test OOD1: 63.69% Test OOD2: 50.30% Test OOD3: 61.03% 
Epoch: 91, Loss: 1.1595, Train: 96.53%, Valid: 70.64%, Test In: 70.69% Test OOD1: 62.67% Test OOD2: 50.57% Test OOD3: 60.63% 
Epoch: 92, Loss: 1.1634, Train: 96.19%, Valid: 70.58%, Test In: 70.68% Test OOD1: 63.08% Test OOD2: 50.51% Test OOD3: 60.59% 
Epoch: 93, Loss: 1.1495, Train: 96.53%, Valid: 70.44%, Test In: 70.65% Test OOD1: 63.28% Test OOD2: 50.55% Test OOD3: 60.86% 
Epoch: 94, Loss: 1.1071, Train: 96.77%, Valid: 70.35%, Test In: 70.52% Test OOD1: 63.07% Test OOD2: 50.60% Test OOD3: 60.65% 
Epoch: 95, Loss: 1.0885, Train: 96.46%, Valid: 70.26%, Test In: 70.37% Test OOD1: 63.08% Test OOD2: 50.54% Test OOD3: 60.52% 
Epoch: 96, Loss: 1.1097, Train: 96.78%, Valid: 70.29%, Test In: 70.52% Test OOD1: 63.05% Test OOD2: 50.50% Test OOD3: 60.69% 
Epoch: 97, Loss: 1.0899, Train: 97.14%, Valid: 70.28%, Test In: 70.61% Test OOD1: 62.62% Test OOD2: 50.59% Test OOD3: 60.51% 
Epoch: 98, Loss: 1.1114, Train: 96.35%, Valid: 70.15%, Test In: 70.66% Test OOD1: 63.35% Test OOD2: 50.34% Test OOD3: 60.83% 
Epoch: 99, Loss: 1.1100, Train: 97.35%, Valid: 70.26%, Test In: 70.69% Test OOD1: 62.57% Test OOD2: 50.47% Test OOD3: 60.58% 
Epoch: 100, Loss: 1.0563, Train: 97.69%, Valid: 70.18%, Test In: 70.56% Test OOD1: 62.35% Test OOD2: 50.54% Test OOD3: 60.44% 
Epoch: 101, Loss: 1.0862, Train: 97.18%, Valid: 70.11%, Test In: 70.57% Test OOD1: 63.09% Test OOD2: 50.28% Test OOD3: 60.70% 
Epoch: 102, Loss: 1.0534, Train: 97.46%, Valid: 70.10%, Test In: 70.43% Test OOD1: 62.91% Test OOD2: 50.29% Test OOD3: 60.54% 
Epoch: 103, Loss: 1.0314, Train: 97.84%, Valid: 70.11%, Test In: 70.26% Test OOD1: 62.29% Test OOD2: 50.43% Test OOD3: 60.21% 
Epoch: 104, Loss: 1.0488, Train: 97.50%, Valid: 70.18%, Test In: 70.44% Test OOD1: 62.90% Test OOD2: 50.27% Test OOD3: 60.53% 
Epoch: 105, Loss: 1.0197, Train: 97.79%, Valid: 70.26%, Test In: 70.48% Test OOD1: 62.79% Test OOD2: 50.34% Test OOD3: 60.58% 
Epoch: 106, Loss: 0.9985, Train: 98.13%, Valid: 70.30%, Test In: 70.40% Test OOD1: 62.24% Test OOD2: 50.52% Test OOD3: 60.36% 
Epoch: 107, Loss: 1.0225, Train: 97.84%, Valid: 70.19%, Test In: 70.43% Test OOD1: 62.81% Test OOD2: 50.41% Test OOD3: 60.49% 
Epoch: 108, Loss: 1.0076, Train: 98.05%, Valid: 70.10%, Test In: 70.37% Test OOD1: 62.82% Test OOD2: 50.44% Test OOD3: 60.46% 
Epoch: 109, Loss: 0.9904, Train: 98.40%, Valid: 70.06%, Test In: 70.20% Test OOD1: 62.35% Test OOD2: 50.60% Test OOD3: 60.18% 
Epoch: 110, Loss: 0.9994, Train: 97.93%, Valid: 69.99%, Test In: 70.23% Test OOD1: 62.97% Test OOD2: 50.46% Test OOD3: 60.28% 
Epoch: 111, Loss: 0.9914, Train: 98.33%, Valid: 70.15%, Test In: 70.30% Test OOD1: 62.72% Test OOD2: 50.58% Test OOD3: 60.26% 
Epoch: 112, Loss: 0.9708, Train: 98.63%, Valid: 70.20%, Test In: 70.30% Test OOD1: 62.31% Test OOD2: 50.70% Test OOD3: 60.06% 
Epoch: 113, Loss: 0.9900, Train: 98.07%, Valid: 70.09%, Test In: 70.43% Test OOD1: 63.12% Test OOD2: 50.41% Test OOD3: 60.16% 
Epoch: 114, Loss: 0.9988, Train: 98.48%, Valid: 70.07%, Test In: 70.46% Test OOD1: 62.95% Test OOD2: 50.41% Test OOD3: 60.13% 
Epoch: 115, Loss: 0.9508, Train: 98.88%, Valid: 70.00%, Test In: 70.33% Test OOD1: 62.36% Test OOD2: 50.58% Test OOD3: 60.01% 
Epoch: 116, Loss: 1.0066, Train: 98.36%, Valid: 69.93%, Test In: 70.49% Test OOD1: 63.32% Test OOD2: 50.33% Test OOD3: 60.36% 
Epoch: 117, Loss: 0.9561, Train: 98.42%, Valid: 69.91%, Test In: 70.46% Test OOD1: 63.19% Test OOD2: 50.36% Test OOD3: 60.35% 
Epoch: 118, Loss: 0.9580, Train: 98.86%, Valid: 69.99%, Test In: 70.40% Test OOD1: 62.64% Test OOD2: 50.55% Test OOD3: 60.24% 
Epoch: 119, Loss: 0.9587, Train: 98.78%, Valid: 70.10%, Test In: 70.55% Test OOD1: 62.91% Test OOD2: 50.41% Test OOD3: 60.37% 
Epoch: 120, Loss: 0.9325, Train: 98.70%, Valid: 70.07%, Test In: 70.57% Test OOD1: 62.76% Test OOD2: 50.26% Test OOD3: 60.13% 
Epoch: 121, Loss: 0.9505, Train: 98.86%, Valid: 70.04%, Test In: 70.58% Test OOD1: 62.56% Test OOD2: 50.28% Test OOD3: 60.06% 
Epoch: 122, Loss: 0.9378, Train: 98.89%, Valid: 69.99%, Test In: 70.55% Test OOD1: 62.68% Test OOD2: 50.30% Test OOD3: 60.21% 
Epoch: 123, Loss: 0.9670, Train: 98.86%, Valid: 69.98%, Test In: 70.58% Test OOD1: 62.36% Test OOD2: 50.26% Test OOD3: 59.92% 
Epoch: 124, Loss: 0.9506, Train: 98.66%, Valid: 69.96%, Test In: 70.58% Test OOD1: 62.77% Test OOD2: 50.24% Test OOD3: 60.23% 
Epoch: 125, Loss: 0.9228, Train: 98.96%, Valid: 69.83%, Test In: 70.39% Test OOD1: 62.63% Test OOD2: 50.35% Test OOD3: 60.26% 
Epoch: 126, Loss: 0.9240, Train: 99.18%, Valid: 69.81%, Test In: 70.14% Test OOD1: 61.94% Test OOD2: 50.44% Test OOD3: 59.86% 
Epoch: 127, Loss: 0.9541, Train: 98.76%, Valid: 69.72%, Test In: 70.23% Test OOD1: 62.97% Test OOD2: 50.20% Test OOD3: 60.33% 
Epoch: 128, Loss: 0.9505, Train: 99.21%, Valid: 69.83%, Test In: 70.25% Test OOD1: 62.31% Test OOD2: 50.23% Test OOD3: 60.05% 
Epoch: 129, Loss: 0.9005, Train: 99.29%, Valid: 69.85%, Test In: 70.33% Test OOD1: 62.02% Test OOD2: 50.24% Test OOD3: 59.80% 
Epoch: 130, Loss: 0.9255, Train: 98.95%, Valid: 69.91%, Test In: 70.55% Test OOD1: 62.93% Test OOD2: 50.21% Test OOD3: 60.31% 
Epoch: 131, Loss: 0.9226, Train: 99.16%, Valid: 69.95%, Test In: 70.55% Test OOD1: 62.48% Test OOD2: 50.35% Test OOD3: 60.16% 
Epoch: 132, Loss: 0.8714, Train: 99.37%, Valid: 69.82%, Test In: 70.39% Test OOD1: 62.00% Test OOD2: 50.55% Test OOD3: 59.97% 
Epoch: 133, Loss: 0.9248, Train: 99.06%, Valid: 69.84%, Test In: 70.35% Test OOD1: 62.97% Test OOD2: 50.46% Test OOD3: 60.22% 
Epoch: 134, Loss: 0.9126, Train: 99.10%, Valid: 69.74%, Test In: 70.28% Test OOD1: 62.82% Test OOD2: 50.42% Test OOD3: 60.02% 
Epoch: 135, Loss: 0.8902, Train: 99.31%, Valid: 69.67%, Test In: 70.23% Test OOD1: 62.47% Test OOD2: 50.52% Test OOD3: 59.82% 
Epoch: 136, Loss: 0.9002, Train: 99.26%, Valid: 69.76%, Test In: 70.16% Test OOD1: 62.56% Test OOD2: 50.46% Test OOD3: 59.89% 
Epoch: 137, Loss: 0.8845, Train: 99.20%, Valid: 69.69%, Test In: 70.22% Test OOD1: 62.72% Test OOD2: 50.37% Test OOD3: 59.91% 
Epoch: 138, Loss: 0.8903, Train: 99.42%, Valid: 69.68%, Test In: 70.25% Test OOD1: 62.17% Test OOD2: 50.43% Test OOD3: 59.54% 
Epoch: 139, Loss: 0.8912, Train: 99.48%, Valid: 69.69%, Test In: 70.25% Test OOD1: 62.13% Test OOD2: 50.43% Test OOD3: 59.66% 
Epoch: 140, Loss: 0.8745, Train: 99.40%, Valid: 69.85%, Test In: 70.30% Test OOD1: 62.33% Test OOD2: 50.49% Test OOD3: 59.86% 
Epoch: 141, Loss: 0.8833, Train: 99.42%, Valid: 69.87%, Test In: 70.36% Test OOD1: 62.41% Test OOD2: 50.54% Test OOD3: 59.91% 
Epoch: 142, Loss: 0.8482, Train: 99.41%, Valid: 69.79%, Test In: 70.28% Test OOD1: 62.60% Test OOD2: 50.52% Test OOD3: 59.98% 
Epoch: 143, Loss: 0.8632, Train: 99.36%, Valid: 69.74%, Test In: 70.11% Test OOD1: 62.78% Test OOD2: 50.44% Test OOD3: 60.05% 
Epoch: 144, Loss: 0.8597, Train: 99.41%, Valid: 69.69%, Test In: 70.01% Test OOD1: 62.50% Test OOD2: 50.36% Test OOD3: 59.82% 
Epoch: 145, Loss: 0.8450, Train: 99.43%, Valid: 69.52%, Test In: 69.98% Test OOD1: 62.46% Test OOD2: 50.21% Test OOD3: 59.75% 
Epoch: 146, Loss: 0.8863, Train: 99.51%, Valid: 69.52%, Test In: 70.05% Test OOD1: 61.87% Test OOD2: 50.31% Test OOD3: 59.59% 
Epoch: 147, Loss: 0.8414, Train: 99.51%, Valid: 69.46%, Test In: 70.14% Test OOD1: 62.13% Test OOD2: 50.28% Test OOD3: 59.76% 
Epoch: 148, Loss: 0.8448, Train: 99.58%, Valid: 69.34%, Test In: 70.14% Test OOD1: 62.19% Test OOD2: 50.37% Test OOD3: 59.66% 
Epoch: 149, Loss: 0.8427, Train: 99.56%, Valid: 69.35%, Test In: 70.06% Test OOD1: 62.39% Test OOD2: 50.46% Test OOD3: 59.63% 
Epoch: 150, Loss: 0.8319, Train: 99.54%, Valid: 69.40%, Test In: 69.97% Test OOD1: 62.64% Test OOD2: 50.45% Test OOD3: 59.71% 
Epoch: 151, Loss: 0.8480, Train: 99.60%, Valid: 69.37%, Test In: 69.82% Test OOD1: 62.47% Test OOD2: 50.42% Test OOD3: 59.58% 
Epoch: 152, Loss: 0.8278, Train: 99.61%, Valid: 69.37%, Test In: 69.74% Test OOD1: 62.33% Test OOD2: 50.39% Test OOD3: 59.51% 
Epoch: 153, Loss: 0.8447, Train: 99.58%, Valid: 69.39%, Test In: 69.81% Test OOD1: 62.46% Test OOD2: 50.39% Test OOD3: 59.68% 
Epoch: 154, Loss: 0.8340, Train: 99.62%, Valid: 69.40%, Test In: 69.85% Test OOD1: 62.40% Test OOD2: 50.42% Test OOD3: 59.61% 
Epoch: 155, Loss: 0.8279, Train: 99.69%, Valid: 69.43%, Test In: 69.87% Test OOD1: 62.17% Test OOD2: 50.49% Test OOD3: 59.46% 
Epoch: 156, Loss: 0.8320, Train: 99.64%, Valid: 69.51%, Test In: 69.99% Test OOD1: 62.75% Test OOD2: 50.49% Test OOD3: 59.78% 
Epoch: 157, Loss: 0.8250, Train: 99.63%, Valid: 69.60%, Test In: 70.02% Test OOD1: 62.90% Test OOD2: 50.51% Test OOD3: 59.90% 
Epoch: 158, Loss: 0.7952, Train: 99.68%, Valid: 69.63%, Test In: 69.92% Test OOD1: 62.66% Test OOD2: 50.56% Test OOD3: 59.81% 
Epoch: 159, Loss: 0.8229, Train: 99.65%, Valid: 69.63%, Test In: 69.88% Test OOD1: 62.71% Test OOD2: 50.53% Test OOD3: 59.87% 
Epoch: 160, Loss: 0.8043, Train: 99.65%, Valid: 69.62%, Test In: 69.92% Test OOD1: 62.59% Test OOD2: 50.50% Test OOD3: 59.81% 
Epoch: 161, Loss: 0.8145, Train: 99.69%, Valid: 69.56%, Test In: 69.96% Test OOD1: 62.23% Test OOD2: 50.64% Test OOD3: 59.64% 
Epoch: 162, Loss: 0.8053, Train: 99.69%, Valid: 69.51%, Test In: 70.02% Test OOD1: 62.58% Test OOD2: 50.78% Test OOD3: 59.94% 
Epoch: 163, Loss: 0.8077, Train: 99.64%, Valid: 69.43%, Test In: 70.11% Test OOD1: 63.04% Test OOD2: 50.79% Test OOD3: 60.17% 
Epoch: 164, Loss: 0.8135, Train: 99.69%, Valid: 69.46%, Test In: 70.15% Test OOD1: 62.77% Test OOD2: 50.86% Test OOD3: 60.05% 
Epoch: 165, Loss: 0.8213, Train: 99.68%, Valid: 69.58%, Test In: 70.04% Test OOD1: 62.84% Test OOD2: 50.76% Test OOD3: 60.00% 
Epoch: 166, Loss: 0.8132, Train: 99.72%, Valid: 69.53%, Test In: 69.86% Test OOD1: 62.53% Test OOD2: 50.66% Test OOD3: 59.54% 
Epoch: 167, Loss: 0.8107, Train: 99.73%, Valid: 69.43%, Test In: 69.78% Test OOD1: 62.12% Test OOD2: 50.65% Test OOD3: 59.06% 
Epoch: 168, Loss: 0.8210, Train: 99.66%, Valid: 69.42%, Test In: 69.87% Test OOD1: 62.62% Test OOD2: 50.63% Test OOD3: 59.33% 
Epoch: 169, Loss: 0.8036, Train: 99.72%, Valid: 69.44%, Test In: 70.02% Test OOD1: 62.46% Test OOD2: 50.74% Test OOD3: 59.31% 
Epoch: 170, Loss: 0.8052, Train: 99.77%, Valid: 69.42%, Test In: 70.11% Test OOD1: 62.23% Test OOD2: 50.88% Test OOD3: 59.31% 
Epoch: 171, Loss: 0.8199, Train: 99.68%, Valid: 69.43%, Test In: 70.12% Test OOD1: 63.04% Test OOD2: 50.75% Test OOD3: 59.72% 
Epoch: 172, Loss: 0.8293, Train: 99.78%, Valid: 69.36%, Test In: 70.03% Test OOD1: 62.33% Test OOD2: 50.78% Test OOD3: 59.49% 
Epoch: 173, Loss: 0.8180, Train: 99.76%, Valid: 69.38%, Test In: 70.04% Test OOD1: 62.52% Test OOD2: 50.61% Test OOD3: 59.42% 
Epoch: 174, Loss: 0.8152, Train: 99.78%, Valid: 69.50%, Test In: 69.94% Test OOD1: 62.16% Test OOD2: 50.49% Test OOD3: 59.29% 
Epoch: 175, Loss: 0.8176, Train: 99.77%, Valid: 69.50%, Test In: 70.02% Test OOD1: 62.24% Test OOD2: 50.48% Test OOD3: 59.35% 
Epoch: 176, Loss: 0.7834, Train: 99.72%, Valid: 69.42%, Test In: 70.14% Test OOD1: 62.65% Test OOD2: 50.50% Test OOD3: 59.57% 
Epoch: 177, Loss: 0.8061, Train: 99.75%, Valid: 69.38%, Test In: 70.10% Test OOD1: 62.57% Test OOD2: 50.64% Test OOD3: 59.71% 
Epoch: 178, Loss: 0.8058, Train: 99.75%, Valid: 69.30%, Test In: 70.19% Test OOD1: 62.66% Test OOD2: 50.65% Test OOD3: 59.85% 
Epoch: 179, Loss: 0.7824, Train: 99.77%, Valid: 69.30%, Test In: 70.17% Test OOD1: 62.37% Test OOD2: 50.60% Test OOD3: 59.68% 
Epoch: 180, Loss: 0.7807, Train: 99.81%, Valid: 69.34%, Test In: 69.99% Test OOD1: 61.95% Test OOD2: 50.59% Test OOD3: 59.42% 
Epoch: 181, Loss: 0.7942, Train: 99.78%, Valid: 69.44%, Test In: 69.95% Test OOD1: 62.20% Test OOD2: 50.41% Test OOD3: 59.30% 
Epoch: 182, Loss: 0.7987, Train: 99.80%, Valid: 69.55%, Test In: 69.90% Test OOD1: 61.90% Test OOD2: 50.44% Test OOD3: 59.11% 
Epoch: 183, Loss: 0.7745, Train: 99.81%, Valid: 69.65%, Test In: 69.98% Test OOD1: 61.92% Test OOD2: 50.54% Test OOD3: 59.39% 
Epoch: 184, Loss: 0.7739, Train: 99.76%, Valid: 69.70%, Test In: 70.13% Test OOD1: 62.32% Test OOD2: 50.58% Test OOD3: 59.73% 
Epoch: 185, Loss: 0.7809, Train: 99.80%, Valid: 69.63%, Test In: 70.11% Test OOD1: 62.15% Test OOD2: 50.66% Test OOD3: 59.74% 
Epoch: 186, Loss: 0.7815, Train: 99.82%, Valid: 69.65%, Test In: 70.03% Test OOD1: 61.86% Test OOD2: 50.62% Test OOD3: 59.57% 
Epoch: 187, Loss: 0.7657, Train: 99.84%, Valid: 69.56%, Test In: 69.90% Test OOD1: 61.77% Test OOD2: 50.51% Test OOD3: 59.32% 
Epoch: 188, Loss: 0.7863, Train: 99.82%, Valid: 69.52%, Test In: 69.75% Test OOD1: 61.73% Test OOD2: 50.55% Test OOD3: 59.15% 
Epoch: 189, Loss: 0.7966, Train: 99.86%, Valid: 69.47%, Test In: 69.71% Test OOD1: 61.36% Test OOD2: 50.62% Test OOD3: 58.94% 
Epoch: 190, Loss: 0.7924, Train: 99.81%, Valid: 69.57%, Test In: 69.73% Test OOD1: 61.97% Test OOD2: 50.70% Test OOD3: 59.46% 
Epoch: 191, Loss: 0.7987, Train: 99.83%, Valid: 69.68%, Test In: 69.76% Test OOD1: 61.83% Test OOD2: 50.78% Test OOD3: 59.57% 
Epoch: 192, Loss: 0.7955, Train: 99.86%, Valid: 69.76%, Test In: 69.70% Test OOD1: 61.81% Test OOD2: 50.82% Test OOD3: 59.67% 
Epoch: 193, Loss: 0.8022, Train: 99.75%, Valid: 69.75%, Test In: 69.69% Test OOD1: 62.37% Test OOD2: 50.73% Test OOD3: 59.84% 
Epoch: 194, Loss: 0.7871, Train: 99.86%, Valid: 69.65%, Test In: 69.76% Test OOD1: 61.82% Test OOD2: 50.77% Test OOD3: 59.51% 
Epoch: 195, Loss: 0.7855, Train: 99.85%, Valid: 69.72%, Test In: 69.77% Test OOD1: 62.07% Test OOD2: 50.80% Test OOD3: 59.59% 
Epoch: 196, Loss: 0.7743, Train: 99.77%, Valid: 69.68%, Test In: 69.80% Test OOD1: 62.35% Test OOD2: 50.72% Test OOD3: 59.54% 
Epoch: 197, Loss: 0.7845, Train: 99.86%, Valid: 69.65%, Test In: 69.71% Test OOD1: 61.74% Test OOD2: 50.85% Test OOD3: 59.29% 
Epoch: 198, Loss: 0.7725, Train: 99.83%, Valid: 69.79%, Test In: 69.67% Test OOD1: 62.39% Test OOD2: 50.84% Test OOD3: 59.69% 
Epoch: 199, Loss: 0.7798, Train: 99.84%, Valid: 69.61%, Test In: 69.62% Test OOD1: 62.33% Test OOD2: 50.86% Test OOD3: 59.73% 
Run 03:
Highest Train: 99.86
Highest Valid: 71.49
Highest In Test: 72.26
Highest OOD Test: 65.85
Highest OOD Test: 52.13
Highest OOD Test: 63.21
Chosen epoch: 39
Final Train: 81.66
Final In Test: 72.19
Final OOD Test: 64.91
Final OOD Test: 51.40
Final OOD Test: 62.34
All runs:
Highest Train: 99.88 ± 0.05
Highest Valid: 71.49 ± 0.09
Highest In Test: 72.22 ± 0.13
Highest OOD Test: 66.08 ± 0.20
Highest OOD Test: 52.24 ± 0.47
Highest OOD Test: 63.10 ± 0.09
  Final Train: 80.40 ± 1.09
   Final In  Test: 72.18 ± 0.09
   Final OOD Test: 64.80 ± 0.66
   Final OOD Test: 51.43 ± 0.02
   Final OOD Test: 62.38 ± 0.10
[INFO] TensorBoard writer closed.

Command: python main.py --dataset twitch --backbone_type gcn --env_type graph --combine_result --store_result --epochs 200 --runs 3 --num_layers 2 --expert_agg mean --tau 3 --lr 0.01 --weight_decay 5e-5 --dropout 0.0 --K 3 --hidden_channels 64 --seed 123 --device 0 --lr 0.01 --weight_decay 0.0005 --dropout 0.2 --lamda 2.0 --K 3 --hidden_channels 32 --other_env_reduce sample --result_name twitch_stage1_lr0.01_weight_decay0.0005_dropout0.2_lamda2.0_K3_hidden_channels32_other_env_reducesample
Return code: 0
Elapsed: 117.84s
