Namespace(K=3, backbone_type='gcn', combine_result=True, cpu=False, data_dir='./data/', dataset='twitch', device=0, display_step=1, dropout=0.0, env_type='graph', epochs=200, expert_agg='mean', gamma=0.99, gate_hidden=64, hidden_channels=64, infer_env=False, infer_env_components=64, infer_env_iters=30, infer_env_num=3, lambda_cl=0.1, lambda_dag=0.1, lambda_ind=0.1, lambda_l1=0.5, lamda=1.0, lamda_ciw=0.0001, lr=0.01, lr_dag=0.001, num_layers=2, other_env_reduce='sample', pos_weight=5.0, result_name='twitch_stage1_lr0.01_weight_decay5e-05_dropout0.0_lamda1.0_K3_hidden_channels64_other_env_reducesample', runs=3, seed=123, store_result=True, tau=3.0, use_bn=False, variant=False, weight_decay=5e-05)
dataset twitch: all nodes 34120 | edges 429113 | classes 2 | feats 3170
train nodes 7897 | valid nodes 3949 | test in nodes 3949
test ood1 nodes 4648 test ood2 nodes 6551 test ood3 nodes 7126 
[INFO] env numbers: 6 train env numbers: 3
MODEL: CaNet(
  (experts): ModuleList(
    (0): ExpertNet(
      (convs): ModuleList(
        (0): CaNetConv()
        (1): CaNetConv()
      )
      (fcs): ModuleList(
        (0): Linear(in_features=3170, out_features=64, bias=True)
        (1): Linear(in_features=64, out_features=2, bias=True)
      )
      (act_fn): ReLU()
    )
    (1): ExpertNet(
      (convs): ModuleList(
        (0): CaNetConv()
        (1): CaNetConv()
      )
      (fcs): ModuleList(
        (0): Linear(in_features=3170, out_features=64, bias=True)
        (1): Linear(in_features=64, out_features=2, bias=True)
      )
      (act_fn): ReLU()
    )
    (2): ExpertNet(
      (convs): ModuleList(
        (0): CaNetConv()
        (1): CaNetConv()
      )
      (fcs): ModuleList(
        (0): Linear(in_features=3170, out_features=64, bias=True)
        (1): Linear(in_features=64, out_features=2, bias=True)
      )
      (act_fn): ReLU()
    )
  )
  (gate): Sequential(
    (0): Linear(in_features=3170, out_features=64, bias=True)
    (1): ReLU()
    (2): Linear(in_features=64, out_features=3, bias=True)
  )
)
[INFO] TensorBoard logging activated. Logs will be saved to: ./runs/twitch/Apr16_04-00-49_lamda_1.0
Epoch: 00, Loss: 1.3933, Train: 45.86%, Valid: 44.91%, Test In: 45.92% Test OOD1: 41.91% Test OOD2: 50.32% Test OOD3: 46.32% 
Epoch: 01, Loss: 1.3834, Train: 46.36%, Valid: 45.44%, Test In: 46.46% Test OOD1: 41.97% Test OOD2: 50.30% Test OOD3: 46.50% 
Epoch: 02, Loss: 1.3699, Train: 53.80%, Valid: 50.98%, Test In: 52.10% Test OOD1: 44.69% Test OOD2: 50.87% Test OOD3: 49.09% 
Epoch: 03, Loss: 1.3570, Train: 73.71%, Valid: 67.07%, Test In: 68.16% Test OOD1: 62.58% Test OOD2: 51.95% Test OOD3: 61.45% 
Epoch: 04, Loss: 1.3412, Train: 69.19%, Valid: 64.76%, Test In: 64.67% Test OOD1: 63.35% Test OOD2: 51.20% Test OOD3: 60.58% 
Epoch: 05, Loss: 1.3220, Train: 67.39%, Valid: 63.48%, Test In: 63.23% Test OOD1: 62.80% Test OOD2: 51.08% Test OOD3: 59.96% 
Epoch: 06, Loss: 1.3039, Train: 66.89%, Valid: 62.94%, Test In: 62.73% Test OOD1: 62.60% Test OOD2: 51.05% Test OOD3: 59.85% 
Epoch: 07, Loss: 1.2894, Train: 67.33%, Valid: 62.91%, Test In: 62.87% Test OOD1: 62.71% Test OOD2: 51.06% Test OOD3: 60.09% 
Epoch: 08, Loss: 1.2754, Train: 68.50%, Valid: 63.33%, Test In: 63.53% Test OOD1: 63.07% Test OOD2: 51.11% Test OOD3: 60.58% 
Epoch: 09, Loss: 1.2576, Train: 70.26%, Valid: 64.28%, Test In: 64.65% Test OOD1: 63.67% Test OOD2: 51.17% Test OOD3: 61.17% 
Epoch: 10, Loss: 1.2360, Train: 72.65%, Valid: 65.74%, Test In: 66.40% Test OOD1: 64.41% Test OOD2: 51.37% Test OOD3: 61.81% 
Epoch: 11, Loss: 1.2121, Train: 75.35%, Valid: 67.44%, Test In: 68.27% Test OOD1: 64.98% Test OOD2: 51.53% Test OOD3: 62.35% 
Epoch: 12, Loss: 1.1872, Train: 77.26%, Valid: 68.49%, Test In: 69.52% Test OOD1: 64.76% Test OOD2: 51.54% Test OOD3: 62.47% 
Epoch: 13, Loss: 1.1650, Train: 78.09%, Valid: 69.08%, Test In: 69.80% Test OOD1: 64.56% Test OOD2: 51.69% Test OOD3: 62.37% 
Epoch: 14, Loss: 1.1527, Train: 79.26%, Valid: 69.16%, Test In: 70.19% Test OOD1: 63.83% Test OOD2: 51.53% Test OOD3: 62.00% 
Epoch: 15, Loss: 1.1302, Train: 79.34%, Valid: 69.03%, Test In: 69.92% Test OOD1: 64.82% Test OOD2: 51.07% Test OOD3: 62.09% 
Epoch: 16, Loss: 1.1050, Train: 79.72%, Valid: 68.85%, Test In: 69.64% Test OOD1: 64.73% Test OOD2: 51.12% Test OOD3: 61.96% 
Epoch: 17, Loss: 1.0754, Train: 80.48%, Valid: 69.02%, Test In: 69.83% Test OOD1: 64.42% Test OOD2: 51.22% Test OOD3: 61.76% 
Epoch: 18, Loss: 1.0594, Train: 80.29%, Valid: 68.49%, Test In: 69.18% Test OOD1: 64.80% Test OOD2: 50.94% Test OOD3: 61.69% 
Epoch: 19, Loss: 1.0386, Train: 81.21%, Valid: 68.78%, Test In: 69.43% Test OOD1: 64.54% Test OOD2: 50.93% Test OOD3: 61.59% 
Epoch: 20, Loss: 1.0059, Train: 81.97%, Valid: 69.16%, Test In: 69.79% Test OOD1: 63.63% Test OOD2: 51.15% Test OOD3: 61.33% 
Epoch: 21, Loss: 1.0088, Train: 82.11%, Valid: 68.91%, Test In: 69.41% Test OOD1: 64.23% Test OOD2: 50.76% Test OOD3: 61.37% 
Epoch: 22, Loss: 0.9857, Train: 83.08%, Valid: 69.27%, Test In: 69.80% Test OOD1: 63.67% Test OOD2: 50.84% Test OOD3: 61.21% 
Epoch: 23, Loss: 0.9535, Train: 83.44%, Valid: 69.23%, Test In: 69.82% Test OOD1: 62.22% Test OOD2: 51.16% Test OOD3: 60.77% 
Epoch: 24, Loss: 0.9617, Train: 83.73%, Valid: 69.29%, Test In: 69.74% Test OOD1: 63.27% Test OOD2: 50.80% Test OOD3: 61.03% 
Epoch: 25, Loss: 0.9339, Train: 84.32%, Valid: 69.37%, Test In: 69.87% Test OOD1: 62.97% Test OOD2: 50.81% Test OOD3: 60.95% 
Epoch: 26, Loss: 0.9108, Train: 84.59%, Valid: 69.10%, Test In: 69.79% Test OOD1: 61.65% Test OOD2: 51.10% Test OOD3: 60.57% 
Epoch: 27, Loss: 0.9173, Train: 85.02%, Valid: 69.25%, Test In: 69.78% Test OOD1: 62.44% Test OOD2: 50.87% Test OOD3: 60.77% 
Epoch: 28, Loss: 0.8822, Train: 85.48%, Valid: 69.30%, Test In: 69.82% Test OOD1: 62.73% Test OOD2: 50.77% Test OOD3: 60.82% 
Epoch: 29, Loss: 0.8766, Train: 86.00%, Valid: 68.99%, Test In: 69.71% Test OOD1: 61.59% Test OOD2: 51.04% Test OOD3: 60.47% 
Epoch: 30, Loss: 0.8585, Train: 86.44%, Valid: 68.95%, Test In: 69.62% Test OOD1: 61.72% Test OOD2: 50.94% Test OOD3: 60.45% 
Epoch: 31, Loss: 0.8318, Train: 86.83%, Valid: 69.09%, Test In: 69.63% Test OOD1: 62.51% Test OOD2: 50.73% Test OOD3: 60.64% 
Epoch: 32, Loss: 0.8361, Train: 87.35%, Valid: 68.77%, Test In: 69.44% Test OOD1: 61.78% Test OOD2: 50.92% Test OOD3: 60.40% 
Epoch: 33, Loss: 0.8005, Train: 87.73%, Valid: 68.58%, Test In: 69.24% Test OOD1: 61.60% Test OOD2: 50.94% Test OOD3: 60.29% 
Epoch: 34, Loss: 0.7957, Train: 88.29%, Valid: 68.78%, Test In: 69.33% Test OOD1: 62.12% Test OOD2: 50.77% Test OOD3: 60.37% 
Epoch: 35, Loss: 0.7794, Train: 88.76%, Valid: 68.53%, Test In: 69.14% Test OOD1: 61.63% Test OOD2: 50.83% Test OOD3: 60.18% 
Epoch: 36, Loss: 0.7514, Train: 88.99%, Valid: 68.34%, Test In: 68.99% Test OOD1: 61.47% Test OOD2: 50.83% Test OOD3: 60.12% 
Epoch: 37, Loss: 0.7651, Train: 89.63%, Valid: 68.47%, Test In: 68.97% Test OOD1: 61.63% Test OOD2: 50.83% Test OOD3: 60.11% 
Epoch: 38, Loss: 0.7485, Train: 90.06%, Valid: 68.49%, Test In: 68.99% Test OOD1: 61.87% Test OOD2: 50.74% Test OOD3: 60.18% 
Epoch: 39, Loss: 0.7128, Train: 90.38%, Valid: 68.09%, Test In: 68.65% Test OOD1: 61.30% Test OOD2: 50.80% Test OOD3: 59.96% 
Epoch: 40, Loss: 0.7069, Train: 91.02%, Valid: 68.33%, Test In: 68.71% Test OOD1: 61.67% Test OOD2: 50.80% Test OOD3: 60.04% 
Epoch: 41, Loss: 0.7112, Train: 91.39%, Valid: 68.25%, Test In: 68.73% Test OOD1: 61.77% Test OOD2: 50.75% Test OOD3: 60.03% 
Epoch: 42, Loss: 0.6664, Train: 91.64%, Valid: 67.83%, Test In: 68.40% Test OOD1: 61.31% Test OOD2: 50.80% Test OOD3: 59.84% 
Epoch: 43, Loss: 0.6691, Train: 92.28%, Valid: 68.11%, Test In: 68.52% Test OOD1: 61.71% Test OOD2: 50.86% Test OOD3: 59.96% 
Epoch: 44, Loss: 0.6849, Train: 92.67%, Valid: 68.17%, Test In: 68.62% Test OOD1: 61.93% Test OOD2: 50.84% Test OOD3: 60.00% 
Epoch: 45, Loss: 0.6175, Train: 92.58%, Valid: 67.75%, Test In: 68.32% Test OOD1: 61.50% Test OOD2: 50.84% Test OOD3: 59.80% 
Epoch: 46, Loss: 0.6452, Train: 93.62%, Valid: 67.84%, Test In: 68.27% Test OOD1: 61.54% Test OOD2: 50.90% Test OOD3: 59.71% 
Epoch: 47, Loss: 0.6119, Train: 94.12%, Valid: 67.85%, Test In: 68.25% Test OOD1: 61.53% Test OOD2: 50.96% Test OOD3: 59.68% 
Epoch: 48, Loss: 0.5652, Train: 94.01%, Valid: 67.62%, Test In: 68.15% Test OOD1: 61.45% Test OOD2: 50.92% Test OOD3: 59.62% 
Epoch: 49, Loss: 0.5761, Train: 94.55%, Valid: 67.77%, Test In: 68.24% Test OOD1: 61.69% Test OOD2: 50.89% Test OOD3: 59.67% 
Epoch: 50, Loss: 0.5529, Train: 95.09%, Valid: 67.69%, Test In: 68.25% Test OOD1: 61.67% Test OOD2: 51.05% Test OOD3: 59.75% 
Epoch: 51, Loss: 0.5248, Train: 95.25%, Valid: 67.46%, Test In: 68.14% Test OOD1: 61.60% Test OOD2: 51.07% Test OOD3: 59.69% 
Epoch: 52, Loss: 0.5247, Train: 95.53%, Valid: 67.46%, Test In: 68.07% Test OOD1: 61.63% Test OOD2: 51.00% Test OOD3: 59.53% 
Epoch: 53, Loss: 0.4925, Train: 96.21%, Valid: 67.31%, Test In: 67.95% Test OOD1: 61.46% Test OOD2: 51.09% Test OOD3: 59.41% 
Epoch: 54, Loss: 0.4631, Train: 96.43%, Valid: 66.95%, Test In: 67.70% Test OOD1: 61.11% Test OOD2: 51.21% Test OOD3: 59.29% 
Epoch: 55, Loss: 0.4614, Train: 96.69%, Valid: 66.96%, Test In: 67.74% Test OOD1: 61.21% Test OOD2: 51.18% Test OOD3: 59.29% 
Epoch: 56, Loss: 0.4158, Train: 96.97%, Valid: 67.05%, Test In: 67.83% Test OOD1: 61.37% Test OOD2: 51.16% Test OOD3: 59.34% 
Epoch: 57, Loss: 0.4203, Train: 97.39%, Valid: 66.88%, Test In: 67.78% Test OOD1: 61.36% Test OOD2: 51.26% Test OOD3: 59.44% 
Epoch: 58, Loss: 0.3856, Train: 97.45%, Valid: 66.69%, Test In: 67.66% Test OOD1: 61.32% Test OOD2: 51.30% Test OOD3: 59.43% 
Epoch: 59, Loss: 0.3828, Train: 97.76%, Valid: 66.74%, Test In: 67.61% Test OOD1: 61.36% Test OOD2: 51.24% Test OOD3: 59.27% 
Epoch: 60, Loss: 0.3652, Train: 98.27%, Valid: 66.60%, Test In: 67.47% Test OOD1: 61.27% Test OOD2: 51.32% Test OOD3: 59.13% 
Epoch: 61, Loss: 0.3414, Train: 98.29%, Valid: 66.25%, Test In: 67.23% Test OOD1: 60.97% Test OOD2: 51.39% Test OOD3: 58.97% 
Epoch: 62, Loss: 0.3331, Train: 98.45%, Valid: 66.34%, Test In: 67.34% Test OOD1: 61.01% Test OOD2: 51.44% Test OOD3: 58.92% 
Epoch: 63, Loss: 0.3071, Train: 98.81%, Valid: 66.36%, Test In: 67.37% Test OOD1: 61.19% Test OOD2: 51.49% Test OOD3: 58.97% 
Epoch: 64, Loss: 0.2925, Train: 98.82%, Valid: 66.21%, Test In: 67.31% Test OOD1: 61.08% Test OOD2: 51.56% Test OOD3: 59.02% 
Epoch: 65, Loss: 0.2722, Train: 98.89%, Valid: 66.13%, Test In: 67.28% Test OOD1: 61.00% Test OOD2: 51.55% Test OOD3: 58.96% 
Epoch: 66, Loss: 0.2582, Train: 99.18%, Valid: 66.12%, Test In: 67.27% Test OOD1: 61.01% Test OOD2: 51.52% Test OOD3: 58.90% 
Epoch: 67, Loss: 0.2383, Train: 99.28%, Valid: 65.94%, Test In: 67.19% Test OOD1: 60.89% Test OOD2: 51.51% Test OOD3: 58.86% 
Epoch: 68, Loss: 0.2254, Train: 99.30%, Valid: 65.93%, Test In: 67.22% Test OOD1: 60.88% Test OOD2: 51.52% Test OOD3: 58.86% 
Epoch: 69, Loss: 0.2094, Train: 99.46%, Valid: 65.99%, Test In: 67.23% Test OOD1: 61.04% Test OOD2: 51.55% Test OOD3: 58.89% 
Epoch: 70, Loss: 0.1938, Train: 99.54%, Valid: 65.94%, Test In: 67.17% Test OOD1: 61.11% Test OOD2: 51.60% Test OOD3: 58.89% 
Epoch: 71, Loss: 0.1847, Train: 99.60%, Valid: 65.88%, Test In: 67.07% Test OOD1: 60.98% Test OOD2: 51.60% Test OOD3: 58.77% 
Epoch: 72, Loss: 0.1661, Train: 99.67%, Valid: 65.77%, Test In: 66.96% Test OOD1: 60.81% Test OOD2: 51.59% Test OOD3: 58.66% 
Epoch: 73, Loss: 0.1567, Train: 99.75%, Valid: 65.69%, Test In: 66.91% Test OOD1: 60.77% Test OOD2: 51.58% Test OOD3: 58.60% 
Epoch: 74, Loss: 0.1470, Train: 99.81%, Valid: 65.74%, Test In: 66.98% Test OOD1: 60.86% Test OOD2: 51.55% Test OOD3: 58.62% 
Epoch: 75, Loss: 0.1345, Train: 99.83%, Valid: 65.71%, Test In: 66.97% Test OOD1: 60.85% Test OOD2: 51.56% Test OOD3: 58.66% 
Epoch: 76, Loss: 0.1255, Train: 99.88%, Valid: 65.73%, Test In: 66.94% Test OOD1: 60.88% Test OOD2: 51.57% Test OOD3: 58.66% 
Epoch: 77, Loss: 0.1149, Train: 99.90%, Valid: 65.72%, Test In: 66.92% Test OOD1: 60.80% Test OOD2: 51.61% Test OOD3: 58.60% 
Epoch: 78, Loss: 0.1041, Train: 99.91%, Valid: 65.61%, Test In: 66.85% Test OOD1: 60.66% Test OOD2: 51.64% Test OOD3: 58.55% 
Epoch: 79, Loss: 0.0994, Train: 99.93%, Valid: 65.66%, Test In: 66.81% Test OOD1: 60.74% Test OOD2: 51.62% Test OOD3: 58.54% 
Epoch: 80, Loss: 0.0918, Train: 99.94%, Valid: 65.61%, Test In: 66.81% Test OOD1: 60.73% Test OOD2: 51.64% Test OOD3: 58.56% 
Epoch: 81, Loss: 0.0812, Train: 99.94%, Valid: 65.57%, Test In: 66.81% Test OOD1: 60.74% Test OOD2: 51.63% Test OOD3: 58.55% 
Epoch: 82, Loss: 0.0760, Train: 99.96%, Valid: 65.54%, Test In: 66.77% Test OOD1: 60.74% Test OOD2: 51.62% Test OOD3: 58.52% 
Epoch: 83, Loss: 0.0685, Train: 99.96%, Valid: 65.47%, Test In: 66.73% Test OOD1: 60.66% Test OOD2: 51.65% Test OOD3: 58.50% 
Epoch: 84, Loss: 0.0617, Train: 99.96%, Valid: 65.44%, Test In: 66.75% Test OOD1: 60.63% Test OOD2: 51.69% Test OOD3: 58.51% 
Epoch: 85, Loss: 0.0584, Train: 99.97%, Valid: 65.42%, Test In: 66.73% Test OOD1: 60.66% Test OOD2: 51.71% Test OOD3: 58.51% 
Epoch: 86, Loss: 0.0516, Train: 99.97%, Valid: 65.43%, Test In: 66.73% Test OOD1: 60.69% Test OOD2: 51.71% Test OOD3: 58.52% 
Epoch: 87, Loss: 0.0470, Train: 99.98%, Valid: 65.38%, Test In: 66.71% Test OOD1: 60.63% Test OOD2: 51.73% Test OOD3: 58.53% 
Epoch: 88, Loss: 0.0434, Train: 99.98%, Valid: 65.37%, Test In: 66.71% Test OOD1: 60.61% Test OOD2: 51.72% Test OOD3: 58.51% 
Epoch: 89, Loss: 0.0386, Train: 99.98%, Valid: 65.40%, Test In: 66.71% Test OOD1: 60.62% Test OOD2: 51.68% Test OOD3: 58.50% 
Epoch: 90, Loss: 0.0362, Train: 99.98%, Valid: 65.39%, Test In: 66.72% Test OOD1: 60.55% Test OOD2: 51.71% Test OOD3: 58.50% 
Epoch: 91, Loss: 0.0319, Train: 99.98%, Valid: 65.42%, Test In: 66.75% Test OOD1: 60.52% Test OOD2: 51.73% Test OOD3: 58.51% 
Epoch: 92, Loss: 0.0300, Train: 99.99%, Valid: 65.48%, Test In: 66.77% Test OOD1: 60.57% Test OOD2: 51.72% Test OOD3: 58.51% 
Epoch: 93, Loss: 0.0271, Train: 99.99%, Valid: 65.48%, Test In: 66.78% Test OOD1: 60.57% Test OOD2: 51.74% Test OOD3: 58.52% 
Epoch: 94, Loss: 0.0248, Train: 99.99%, Valid: 65.46%, Test In: 66.77% Test OOD1: 60.52% Test OOD2: 51.75% Test OOD3: 58.53% 
Epoch: 95, Loss: 0.0231, Train: 99.99%, Valid: 65.46%, Test In: 66.75% Test OOD1: 60.51% Test OOD2: 51.73% Test OOD3: 58.52% 
Epoch: 96, Loss: 0.0213, Train: 99.99%, Valid: 65.44%, Test In: 66.73% Test OOD1: 60.50% Test OOD2: 51.73% Test OOD3: 58.51% 
Epoch: 97, Loss: 0.0198, Train: 99.99%, Valid: 65.44%, Test In: 66.72% Test OOD1: 60.49% Test OOD2: 51.74% Test OOD3: 58.52% 
Epoch: 98, Loss: 0.0183, Train: 99.99%, Valid: 65.47%, Test In: 66.74% Test OOD1: 60.49% Test OOD2: 51.75% Test OOD3: 58.56% 
Epoch: 99, Loss: 0.0172, Train: 99.99%, Valid: 65.50%, Test In: 66.75% Test OOD1: 60.51% Test OOD2: 51.75% Test OOD3: 58.60% 
Epoch: 100, Loss: 0.0160, Train: 99.99%, Valid: 65.51%, Test In: 66.75% Test OOD1: 60.54% Test OOD2: 51.76% Test OOD3: 58.63% 
Epoch: 101, Loss: 0.0151, Train: 100.00%, Valid: 65.52%, Test In: 66.76% Test OOD1: 60.56% Test OOD2: 51.76% Test OOD3: 58.65% 
Epoch: 102, Loss: 0.0141, Train: 100.00%, Valid: 65.53%, Test In: 66.75% Test OOD1: 60.55% Test OOD2: 51.76% Test OOD3: 58.68% 
Epoch: 103, Loss: 0.0132, Train: 100.00%, Valid: 65.50%, Test In: 66.72% Test OOD1: 60.53% Test OOD2: 51.76% Test OOD3: 58.67% 
Epoch: 104, Loss: 0.0123, Train: 100.00%, Valid: 65.49%, Test In: 66.69% Test OOD1: 60.51% Test OOD2: 51.75% Test OOD3: 58.66% 
Epoch: 105, Loss: 0.0116, Train: 100.00%, Valid: 65.51%, Test In: 66.67% Test OOD1: 60.48% Test OOD2: 51.76% Test OOD3: 58.65% 
Epoch: 106, Loss: 0.0110, Train: 100.00%, Valid: 65.53%, Test In: 66.67% Test OOD1: 60.44% Test OOD2: 51.78% Test OOD3: 58.66% 
Epoch: 107, Loss: 0.0104, Train: 100.00%, Valid: 65.56%, Test In: 66.66% Test OOD1: 60.42% Test OOD2: 51.79% Test OOD3: 58.67% 
Epoch: 108, Loss: 0.0098, Train: 100.00%, Valid: 65.60%, Test In: 66.66% Test OOD1: 60.42% Test OOD2: 51.80% Test OOD3: 58.67% 
Epoch: 109, Loss: 0.0094, Train: 100.00%, Valid: 65.64%, Test In: 66.66% Test OOD1: 60.41% Test OOD2: 51.82% Test OOD3: 58.68% 
Epoch: 110, Loss: 0.0090, Train: 100.00%, Valid: 65.68%, Test In: 66.67% Test OOD1: 60.40% Test OOD2: 51.85% Test OOD3: 58.69% 
Epoch: 111, Loss: 0.0087, Train: 100.00%, Valid: 65.71%, Test In: 66.66% Test OOD1: 60.41% Test OOD2: 51.87% Test OOD3: 58.69% 
Epoch: 112, Loss: 0.0082, Train: 100.00%, Valid: 65.74%, Test In: 66.65% Test OOD1: 60.41% Test OOD2: 51.88% Test OOD3: 58.67% 
Epoch: 113, Loss: 0.0079, Train: 100.00%, Valid: 65.77%, Test In: 66.64% Test OOD1: 60.39% Test OOD2: 51.92% Test OOD3: 58.67% 
Epoch: 114, Loss: 0.0075, Train: 100.00%, Valid: 65.81%, Test In: 66.66% Test OOD1: 60.39% Test OOD2: 51.95% Test OOD3: 58.68% 
Epoch: 115, Loss: 0.0074, Train: 100.00%, Valid: 65.84%, Test In: 66.67% Test OOD1: 60.40% Test OOD2: 51.97% Test OOD3: 58.67% 
Epoch: 116, Loss: 0.0071, Train: 100.00%, Valid: 65.86%, Test In: 66.67% Test OOD1: 60.41% Test OOD2: 51.99% Test OOD3: 58.67% 
Epoch: 117, Loss: 0.0070, Train: 100.00%, Valid: 65.87%, Test In: 66.67% Test OOD1: 60.41% Test OOD2: 52.01% Test OOD3: 58.67% 
Epoch: 118, Loss: 0.0068, Train: 100.00%, Valid: 65.86%, Test In: 66.65% Test OOD1: 60.39% Test OOD2: 52.02% Test OOD3: 58.66% 
Epoch: 119, Loss: 0.0067, Train: 100.00%, Valid: 65.84%, Test In: 66.63% Test OOD1: 60.35% Test OOD2: 52.03% Test OOD3: 58.63% 
Epoch: 120, Loss: 0.0066, Train: 100.00%, Valid: 65.82%, Test In: 66.60% Test OOD1: 60.32% Test OOD2: 52.03% Test OOD3: 58.62% 
Epoch: 121, Loss: 0.0065, Train: 100.00%, Valid: 65.82%, Test In: 66.60% Test OOD1: 60.29% Test OOD2: 52.04% Test OOD3: 58.61% 
Epoch: 122, Loss: 0.0064, Train: 100.00%, Valid: 65.84%, Test In: 66.60% Test OOD1: 60.29% Test OOD2: 52.04% Test OOD3: 58.63% 
Epoch: 123, Loss: 0.0063, Train: 100.00%, Valid: 65.86%, Test In: 66.61% Test OOD1: 60.30% Test OOD2: 52.04% Test OOD3: 58.64% 
Epoch: 124, Loss: 0.0062, Train: 100.00%, Valid: 65.88%, Test In: 66.61% Test OOD1: 60.29% Test OOD2: 52.04% Test OOD3: 58.64% 
Epoch: 125, Loss: 0.0062, Train: 100.00%, Valid: 65.90%, Test In: 66.61% Test OOD1: 60.29% Test OOD2: 52.03% Test OOD3: 58.65% 
Epoch: 126, Loss: 0.0061, Train: 100.00%, Valid: 65.89%, Test In: 66.60% Test OOD1: 60.27% Test OOD2: 52.03% Test OOD3: 58.64% 
Epoch: 127, Loss: 0.0060, Train: 100.00%, Valid: 65.89%, Test In: 66.59% Test OOD1: 60.26% Test OOD2: 52.03% Test OOD3: 58.63% 
Epoch: 128, Loss: 0.0060, Train: 100.00%, Valid: 65.91%, Test In: 66.60% Test OOD1: 60.27% Test OOD2: 52.03% Test OOD3: 58.63% 
Epoch: 129, Loss: 0.0059, Train: 100.00%, Valid: 65.91%, Test In: 66.61% Test OOD1: 60.27% Test OOD2: 52.04% Test OOD3: 58.64% 
Epoch: 130, Loss: 0.0059, Train: 100.00%, Valid: 65.93%, Test In: 66.62% Test OOD1: 60.29% Test OOD2: 52.04% Test OOD3: 58.65% 
Epoch: 131, Loss: 0.0058, Train: 100.00%, Valid: 65.94%, Test In: 66.62% Test OOD1: 60.28% Test OOD2: 52.05% Test OOD3: 58.64% 
Epoch: 132, Loss: 0.0058, Train: 100.00%, Valid: 65.93%, Test In: 66.62% Test OOD1: 60.26% Test OOD2: 52.07% Test OOD3: 58.64% 
Epoch: 133, Loss: 0.0057, Train: 100.00%, Valid: 65.94%, Test In: 66.63% Test OOD1: 60.25% Test OOD2: 52.08% Test OOD3: 58.64% 
Epoch: 134, Loss: 0.0057, Train: 100.00%, Valid: 65.95%, Test In: 66.63% Test OOD1: 60.26% Test OOD2: 52.10% Test OOD3: 58.64% 
Epoch: 135, Loss: 0.0057, Train: 100.00%, Valid: 65.95%, Test In: 66.63% Test OOD1: 60.25% Test OOD2: 52.12% Test OOD3: 58.63% 
Epoch: 136, Loss: 0.0056, Train: 100.00%, Valid: 65.95%, Test In: 66.63% Test OOD1: 60.25% Test OOD2: 52.13% Test OOD3: 58.63% 
Epoch: 137, Loss: 0.0056, Train: 100.00%, Valid: 65.94%, Test In: 66.62% Test OOD1: 60.23% Test OOD2: 52.14% Test OOD3: 58.62% 
Epoch: 138, Loss: 0.0056, Train: 100.00%, Valid: 65.95%, Test In: 66.63% Test OOD1: 60.24% Test OOD2: 52.15% Test OOD3: 58.62% 
Epoch: 139, Loss: 0.0056, Train: 100.00%, Valid: 65.94%, Test In: 66.62% Test OOD1: 60.21% Test OOD2: 52.16% Test OOD3: 58.61% 
Epoch: 140, Loss: 0.0056, Train: 100.00%, Valid: 65.97%, Test In: 66.65% Test OOD1: 60.26% Test OOD2: 52.15% Test OOD3: 58.64% 
Epoch: 141, Loss: 0.0056, Train: 100.00%, Valid: 65.95%, Test In: 66.63% Test OOD1: 60.20% Test OOD2: 52.17% Test OOD3: 58.62% 
Epoch: 142, Loss: 0.0057, Train: 100.00%, Valid: 65.97%, Test In: 66.65% Test OOD1: 60.24% Test OOD2: 52.17% Test OOD3: 58.64% 
Epoch: 143, Loss: 0.0057, Train: 100.00%, Valid: 65.95%, Test In: 66.63% Test OOD1: 60.20% Test OOD2: 52.18% Test OOD3: 58.63% 
Epoch: 144, Loss: 0.0055, Train: 100.00%, Valid: 65.97%, Test In: 66.64% Test OOD1: 60.23% Test OOD2: 52.18% Test OOD3: 58.64% 
Epoch: 145, Loss: 0.0053, Train: 100.00%, Valid: 65.99%, Test In: 66.65% Test OOD1: 60.25% Test OOD2: 52.18% Test OOD3: 58.65% 
Epoch: 146, Loss: 0.0053, Train: 100.00%, Valid: 65.97%, Test In: 66.65% Test OOD1: 60.22% Test OOD2: 52.19% Test OOD3: 58.65% 
Epoch: 147, Loss: 0.0053, Train: 100.00%, Valid: 65.99%, Test In: 66.65% Test OOD1: 60.24% Test OOD2: 52.18% Test OOD3: 58.64% 
Epoch: 148, Loss: 0.0052, Train: 100.00%, Valid: 65.97%, Test In: 66.63% Test OOD1: 60.19% Test OOD2: 52.20% Test OOD3: 58.63% 
Epoch: 149, Loss: 0.0051, Train: 100.00%, Valid: 65.98%, Test In: 66.63% Test OOD1: 60.19% Test OOD2: 52.20% Test OOD3: 58.63% 
Epoch: 150, Loss: 0.0052, Train: 100.00%, Valid: 65.99%, Test In: 66.64% Test OOD1: 60.19% Test OOD2: 52.20% Test OOD3: 58.64% 
Epoch: 151, Loss: 0.0052, Train: 100.00%, Valid: 65.99%, Test In: 66.64% Test OOD1: 60.21% Test OOD2: 52.21% Test OOD3: 58.65% 
Epoch: 152, Loss: 0.0051, Train: 100.00%, Valid: 65.98%, Test In: 66.63% Test OOD1: 60.17% Test OOD2: 52.21% Test OOD3: 58.64% 
Epoch: 153, Loss: 0.0051, Train: 100.00%, Valid: 66.02%, Test In: 66.63% Test OOD1: 60.20% Test OOD2: 52.21% Test OOD3: 58.64% 
Epoch: 154, Loss: 0.0052, Train: 100.00%, Valid: 65.99%, Test In: 66.62% Test OOD1: 60.14% Test OOD2: 52.23% Test OOD3: 58.63% 
Epoch: 155, Loss: 0.0051, Train: 100.00%, Valid: 66.02%, Test In: 66.62% Test OOD1: 60.19% Test OOD2: 52.22% Test OOD3: 58.64% 
Epoch: 156, Loss: 0.0050, Train: 100.00%, Valid: 66.01%, Test In: 66.63% Test OOD1: 60.17% Test OOD2: 52.23% Test OOD3: 58.64% 
Epoch: 157, Loss: 0.0049, Train: 100.00%, Valid: 66.01%, Test In: 66.63% Test OOD1: 60.17% Test OOD2: 52.23% Test OOD3: 58.64% 
Epoch: 158, Loss: 0.0049, Train: 100.00%, Valid: 66.03%, Test In: 66.62% Test OOD1: 60.20% Test OOD2: 52.22% Test OOD3: 58.65% 
Epoch: 159, Loss: 0.0050, Train: 100.00%, Valid: 66.01%, Test In: 66.61% Test OOD1: 60.13% Test OOD2: 52.23% Test OOD3: 58.63% 
Epoch: 160, Loss: 0.0050, Train: 100.00%, Valid: 66.03%, Test In: 66.62% Test OOD1: 60.17% Test OOD2: 52.22% Test OOD3: 58.63% 
Epoch: 161, Loss: 0.0049, Train: 100.00%, Valid: 66.01%, Test In: 66.61% Test OOD1: 60.14% Test OOD2: 52.23% Test OOD3: 58.63% 
Epoch: 162, Loss: 0.0048, Train: 100.00%, Valid: 66.03%, Test In: 66.62% Test OOD1: 60.18% Test OOD2: 52.23% Test OOD3: 58.65% 
Epoch: 163, Loss: 0.0047, Train: 100.00%, Valid: 66.03%, Test In: 66.63% Test OOD1: 60.19% Test OOD2: 52.22% Test OOD3: 58.66% 
Epoch: 164, Loss: 0.0047, Train: 100.00%, Valid: 66.03%, Test In: 66.61% Test OOD1: 60.16% Test OOD2: 52.23% Test OOD3: 58.65% 
Epoch: 165, Loss: 0.0047, Train: 100.00%, Valid: 66.03%, Test In: 66.62% Test OOD1: 60.17% Test OOD2: 52.23% Test OOD3: 58.64% 
Epoch: 166, Loss: 0.0048, Train: 100.00%, Valid: 66.02%, Test In: 66.60% Test OOD1: 60.12% Test OOD2: 52.24% Test OOD3: 58.62% 
Epoch: 167, Loss: 0.0048, Train: 100.00%, Valid: 66.02%, Test In: 66.61% Test OOD1: 60.16% Test OOD2: 52.23% Test OOD3: 58.64% 
Epoch: 168, Loss: 0.0049, Train: 100.00%, Valid: 66.02%, Test In: 66.60% Test OOD1: 60.15% Test OOD2: 52.23% Test OOD3: 58.65% 
Epoch: 169, Loss: 0.0050, Train: 100.00%, Valid: 66.03%, Test In: 66.61% Test OOD1: 60.14% Test OOD2: 52.24% Test OOD3: 58.66% 
Epoch: 170, Loss: 0.0052, Train: 100.00%, Valid: 66.01%, Test In: 66.59% Test OOD1: 60.12% Test OOD2: 52.25% Test OOD3: 58.63% 
Epoch: 171, Loss: 0.0051, Train: 100.00%, Valid: 66.04%, Test In: 66.61% Test OOD1: 60.15% Test OOD2: 52.26% Test OOD3: 58.66% 
Epoch: 172, Loss: 0.0048, Train: 100.00%, Valid: 66.04%, Test In: 66.62% Test OOD1: 60.16% Test OOD2: 52.26% Test OOD3: 58.67% 
Epoch: 173, Loss: 0.0047, Train: 100.00%, Valid: 66.04%, Test In: 66.62% Test OOD1: 60.18% Test OOD2: 52.24% Test OOD3: 58.67% 
Epoch: 174, Loss: 0.0048, Train: 100.00%, Valid: 66.04%, Test In: 66.61% Test OOD1: 60.15% Test OOD2: 52.25% Test OOD3: 58.65% 
Epoch: 175, Loss: 0.0046, Train: 100.00%, Valid: 66.01%, Test In: 66.59% Test OOD1: 60.08% Test OOD2: 52.26% Test OOD3: 58.62% 
Epoch: 176, Loss: 0.0047, Train: 100.00%, Valid: 66.04%, Test In: 66.58% Test OOD1: 60.17% Test OOD2: 52.24% Test OOD3: 58.63% 
Epoch: 177, Loss: 0.0051, Train: 100.00%, Valid: 66.00%, Test In: 66.59% Test OOD1: 60.07% Test OOD2: 52.28% Test OOD3: 58.63% 
Epoch: 178, Loss: 0.0054, Train: 100.00%, Valid: 66.06%, Test In: 66.59% Test OOD1: 60.21% Test OOD2: 52.25% Test OOD3: 58.66% 
Epoch: 179, Loss: 0.0080, Train: 100.00%, Valid: 65.89%, Test In: 66.56% Test OOD1: 59.91% Test OOD2: 52.29% Test OOD3: 58.66% 
Epoch: 180, Loss: 0.2176, Train: 99.86%, Valid: 66.01%, Test In: 66.15% Test OOD1: 60.91% Test OOD2: 51.62% Test OOD3: 59.10% 
Epoch: 181, Loss: 5.9161, Train: 99.92%, Valid: 66.35%, Test In: 66.49% Test OOD1: 60.65% Test OOD2: 51.55% Test OOD3: 59.02% 
Epoch: 182, Loss: 4.9377, Train: 99.98%, Valid: 66.34%, Test In: 66.60% Test OOD1: 60.16% Test OOD2: 51.67% Test OOD3: 58.80% 
Epoch: 183, Loss: 3.2446, Train: 100.00%, Valid: 66.18%, Test In: 66.45% Test OOD1: 59.67% Test OOD2: 51.80% Test OOD3: 58.63% 
Epoch: 184, Loss: 1.7706, Train: 100.00%, Valid: 65.99%, Test In: 66.30% Test OOD1: 59.51% Test OOD2: 51.84% Test OOD3: 58.55% 
Epoch: 185, Loss: 0.8529, Train: 100.00%, Valid: 65.97%, Test In: 66.28% Test OOD1: 59.59% Test OOD2: 51.85% Test OOD3: 58.60% 
Epoch: 186, Loss: 0.5436, Train: 100.00%, Valid: 65.96%, Test In: 66.31% Test OOD1: 59.59% Test OOD2: 51.87% Test OOD3: 58.63% 
Epoch: 187, Loss: 0.4806, Train: 100.00%, Valid: 66.00%, Test In: 66.31% Test OOD1: 59.66% Test OOD2: 51.86% Test OOD3: 58.65% 
Epoch: 188, Loss: 0.4699, Train: 100.00%, Valid: 66.00%, Test In: 66.35% Test OOD1: 59.67% Test OOD2: 51.88% Test OOD3: 58.69% 
Epoch: 189, Loss: 0.4672, Train: 100.00%, Valid: 66.05%, Test In: 66.37% Test OOD1: 59.78% Test OOD2: 51.86% Test OOD3: 58.74% 
Epoch: 190, Loss: 0.4667, Train: 100.00%, Valid: 66.03%, Test In: 66.37% Test OOD1: 59.74% Test OOD2: 51.86% Test OOD3: 58.73% 
Epoch: 191, Loss: 0.4659, Train: 100.00%, Valid: 66.02%, Test In: 66.36% Test OOD1: 59.70% Test OOD2: 51.87% Test OOD3: 58.71% 
Epoch: 192, Loss: 0.4651, Train: 100.00%, Valid: 66.01%, Test In: 66.33% Test OOD1: 59.68% Test OOD2: 51.87% Test OOD3: 58.67% 
Epoch: 193, Loss: 0.4645, Train: 100.00%, Valid: 66.01%, Test In: 66.35% Test OOD1: 59.67% Test OOD2: 51.88% Test OOD3: 58.67% 
Epoch: 194, Loss: 0.4639, Train: 100.00%, Valid: 66.04%, Test In: 66.36% Test OOD1: 59.74% Test OOD2: 51.87% Test OOD3: 58.69% 
Epoch: 195, Loss: 0.4635, Train: 100.00%, Valid: 66.03%, Test In: 66.35% Test OOD1: 59.70% Test OOD2: 51.87% Test OOD3: 58.68% 
Epoch: 196, Loss: 0.4632, Train: 100.00%, Valid: 66.03%, Test In: 66.32% Test OOD1: 59.69% Test OOD2: 51.87% Test OOD3: 58.67% 
Epoch: 197, Loss: 0.4631, Train: 100.00%, Valid: 65.97%, Test In: 66.30% Test OOD1: 59.57% Test OOD2: 51.89% Test OOD3: 58.63% 
Epoch: 198, Loss: 0.4638, Train: 100.00%, Valid: 66.02%, Test In: 66.34% Test OOD1: 59.77% Test OOD2: 51.78% Test OOD3: 58.71% 
Epoch: 199, Loss: 0.5291, Train: 92.43%, Valid: 62.79%, Test In: 63.97% Test OOD1: 56.06% Test OOD2: 52.11% Test OOD3: 56.87% 
Run 01:
Highest Train: 100.00
Highest Valid: 69.37
Highest In Test: 70.19
Highest OOD Test: 64.98
Highest OOD Test: 52.29
Highest OOD Test: 62.47
Chosen epoch: 26
Final Train: 84.32
Final In Test: 69.87
Final OOD Test: 62.97
Final OOD Test: 50.81
Final OOD Test: 60.95
Epoch: 00, Loss: 1.3928, Train: 44.52%, Valid: 44.15%, Test In: 45.07% Test OOD1: 41.48% Test OOD2: 50.17% Test OOD3: 45.90% 
Epoch: 01, Loss: 1.3797, Train: 46.13%, Valid: 45.35%, Test In: 46.40% Test OOD1: 42.00% Test OOD2: 50.33% Test OOD3: 46.53% 
Epoch: 02, Loss: 1.3658, Train: 69.31%, Valid: 63.39%, Test In: 64.16% Test OOD1: 54.67% Test OOD2: 52.21% Test OOD3: 57.14% 
Epoch: 03, Loss: 1.3474, Train: 70.20%, Valid: 65.46%, Test In: 65.57% Test OOD1: 63.68% Test OOD2: 51.21% Test OOD3: 60.93% 
Epoch: 04, Loss: 1.3257, Train: 67.66%, Valid: 63.70%, Test In: 63.49% Test OOD1: 62.89% Test OOD2: 51.05% Test OOD3: 60.07% 
Epoch: 05, Loss: 1.3046, Train: 67.16%, Valid: 63.15%, Test In: 62.93% Test OOD1: 62.68% Test OOD2: 51.02% Test OOD3: 59.96% 
Epoch: 06, Loss: 1.2891, Train: 67.48%, Valid: 63.01%, Test In: 62.95% Test OOD1: 62.77% Test OOD2: 51.02% Test OOD3: 60.19% 
Epoch: 07, Loss: 1.2748, Train: 68.48%, Valid: 63.24%, Test In: 63.43% Test OOD1: 63.09% Test OOD2: 51.05% Test OOD3: 60.63% 
Epoch: 08, Loss: 1.2572, Train: 70.51%, Valid: 64.26%, Test In: 64.67% Test OOD1: 63.68% Test OOD2: 51.18% Test OOD3: 61.30% 
Epoch: 09, Loss: 1.2341, Train: 73.34%, Valid: 65.88%, Test In: 66.63% Test OOD1: 64.40% Test OOD2: 51.30% Test OOD3: 61.97% 
Epoch: 10, Loss: 1.2080, Train: 75.95%, Valid: 67.51%, Test In: 68.42% Test OOD1: 64.95% Test OOD2: 51.42% Test OOD3: 62.39% 
Epoch: 11, Loss: 1.1817, Train: 77.80%, Valid: 68.62%, Test In: 69.41% Test OOD1: 64.73% Test OOD2: 51.58% Test OOD3: 62.41% 
Epoch: 12, Loss: 1.1583, Train: 79.00%, Valid: 69.25%, Test In: 70.05% Test OOD1: 64.30% Test OOD2: 51.32% Test OOD3: 62.07% 
Epoch: 13, Loss: 1.1382, Train: 79.50%, Valid: 69.05%, Test In: 69.72% Test OOD1: 64.07% Test OOD2: 51.59% Test OOD3: 61.98% 
Epoch: 14, Loss: 1.1277, Train: 80.14%, Valid: 69.23%, Test In: 70.07% Test OOD1: 64.28% Test OOD2: 51.08% Test OOD3: 61.70% 
Epoch: 15, Loss: 1.1011, Train: 79.73%, Valid: 68.51%, Test In: 69.21% Test OOD1: 64.87% Test OOD2: 50.99% Test OOD3: 61.80% 
Epoch: 16, Loss: 1.0747, Train: 80.27%, Valid: 68.66%, Test In: 69.23% Test OOD1: 64.68% Test OOD2: 51.08% Test OOD3: 61.80% 
Epoch: 17, Loss: 1.0476, Train: 81.07%, Valid: 68.87%, Test In: 69.43% Test OOD1: 64.55% Test OOD2: 50.93% Test OOD3: 61.65% 
Epoch: 18, Loss: 1.0452, Train: 81.25%, Valid: 68.69%, Test In: 69.17% Test OOD1: 64.58% Test OOD2: 50.88% Test OOD3: 61.63% 
Epoch: 19, Loss: 0.9948, Train: 81.79%, Valid: 69.05%, Test In: 69.48% Test OOD1: 64.16% Test OOD2: 51.01% Test OOD3: 61.55% 
Epoch: 20, Loss: 1.0048, Train: 82.79%, Valid: 69.28%, Test In: 69.72% Test OOD1: 63.78% Test OOD2: 50.82% Test OOD3: 61.29% 
Epoch: 21, Loss: 0.9678, Train: 83.25%, Valid: 69.35%, Test In: 69.91% Test OOD1: 63.46% Test OOD2: 50.87% Test OOD3: 61.25% 
Epoch: 22, Loss: 0.9660, Train: 83.69%, Valid: 69.47%, Test In: 69.96% Test OOD1: 62.94% Test OOD2: 50.98% Test OOD3: 61.12% 
Epoch: 23, Loss: 0.9254, Train: 84.03%, Valid: 69.48%, Test In: 69.97% Test OOD1: 62.45% Test OOD2: 50.95% Test OOD3: 60.93% 
Epoch: 24, Loss: 0.9312, Train: 84.45%, Valid: 69.46%, Test In: 69.93% Test OOD1: 62.96% Test OOD2: 50.76% Test OOD3: 61.05% 
Epoch: 25, Loss: 0.9059, Train: 85.02%, Valid: 69.30%, Test In: 69.92% Test OOD1: 62.06% Test OOD2: 50.90% Test OOD3: 60.75% 
Epoch: 26, Loss: 0.8940, Train: 85.33%, Valid: 69.20%, Test In: 69.79% Test OOD1: 62.02% Test OOD2: 50.89% Test OOD3: 60.66% 
Epoch: 27, Loss: 0.8700, Train: 85.65%, Valid: 69.20%, Test In: 69.71% Test OOD1: 62.63% Test OOD2: 50.74% Test OOD3: 60.78% 
Epoch: 28, Loss: 0.8664, Train: 86.41%, Valid: 68.95%, Test In: 69.53% Test OOD1: 61.94% Test OOD2: 50.78% Test OOD3: 60.48% 
Epoch: 29, Loss: 0.8377, Train: 86.88%, Valid: 68.81%, Test In: 69.43% Test OOD1: 61.75% Test OOD2: 50.83% Test OOD3: 60.39% 
Epoch: 30, Loss: 0.8190, Train: 87.14%, Valid: 68.90%, Test In: 69.50% Test OOD1: 62.18% Test OOD2: 50.70% Test OOD3: 60.51% 
Epoch: 31, Loss: 0.8196, Train: 87.88%, Valid: 68.73%, Test In: 69.33% Test OOD1: 61.84% Test OOD2: 50.69% Test OOD3: 60.36% 
Epoch: 32, Loss: 0.7855, Train: 88.31%, Valid: 68.57%, Test In: 69.17% Test OOD1: 61.61% Test OOD2: 50.77% Test OOD3: 60.23% 
Epoch: 33, Loss: 0.7753, Train: 88.67%, Valid: 68.64%, Test In: 69.19% Test OOD1: 61.77% Test OOD2: 50.71% Test OOD3: 60.24% 
Epoch: 34, Loss: 0.7565, Train: 89.37%, Valid: 68.50%, Test In: 69.02% Test OOD1: 61.53% Test OOD2: 50.65% Test OOD3: 60.09% 
Epoch: 35, Loss: 0.7386, Train: 89.70%, Valid: 68.50%, Test In: 69.05% Test OOD1: 61.87% Test OOD2: 50.75% Test OOD3: 60.26% 
Epoch: 36, Loss: 0.7335, Train: 90.21%, Valid: 68.46%, Test In: 69.04% Test OOD1: 61.59% Test OOD2: 50.67% Test OOD3: 60.11% 
Epoch: 37, Loss: 0.6999, Train: 90.92%, Valid: 68.49%, Test In: 69.03% Test OOD1: 61.83% Test OOD2: 50.64% Test OOD3: 60.11% 
Epoch: 38, Loss: 0.6718, Train: 91.31%, Valid: 68.22%, Test In: 68.72% Test OOD1: 61.49% Test OOD2: 50.73% Test OOD3: 59.88% 
Epoch: 39, Loss: 0.6550, Train: 91.91%, Valid: 68.17%, Test In: 68.63% Test OOD1: 61.33% Test OOD2: 50.64% Test OOD3: 59.65% 
Epoch: 40, Loss: 0.6422, Train: 92.45%, Valid: 68.27%, Test In: 68.64% Test OOD1: 61.71% Test OOD2: 50.69% Test OOD3: 59.74% 
Epoch: 41, Loss: 0.6378, Train: 92.63%, Valid: 67.77%, Test In: 68.32% Test OOD1: 61.16% Test OOD2: 50.76% Test OOD3: 59.42% 
Epoch: 42, Loss: 0.6244, Train: 93.50%, Valid: 68.29%, Test In: 68.63% Test OOD1: 61.86% Test OOD2: 50.66% Test OOD3: 59.69% 
Epoch: 43, Loss: 0.6103, Train: 93.87%, Valid: 67.76%, Test In: 68.21% Test OOD1: 61.36% Test OOD2: 50.85% Test OOD3: 59.48% 
Epoch: 44, Loss: 0.5498, Train: 94.38%, Valid: 67.70%, Test In: 68.18% Test OOD1: 61.27% Test OOD2: 50.81% Test OOD3: 59.39% 
Epoch: 45, Loss: 0.5458, Train: 94.99%, Valid: 67.94%, Test In: 68.26% Test OOD1: 61.76% Test OOD2: 50.81% Test OOD3: 59.59% 
Epoch: 46, Loss: 0.5213, Train: 95.14%, Valid: 67.59%, Test In: 68.01% Test OOD1: 61.57% Test OOD2: 50.91% Test OOD3: 59.47% 
Epoch: 47, Loss: 0.4968, Train: 95.60%, Valid: 67.72%, Test In: 68.00% Test OOD1: 61.62% Test OOD2: 50.85% Test OOD3: 59.35% 
Epoch: 48, Loss: 0.5073, Train: 96.12%, Valid: 67.24%, Test In: 67.63% Test OOD1: 61.35% Test OOD2: 50.99% Test OOD3: 59.19% 
Epoch: 49, Loss: 0.4429, Train: 96.54%, Valid: 67.32%, Test In: 67.63% Test OOD1: 61.41% Test OOD2: 50.94% Test OOD3: 59.20% 
Epoch: 50, Loss: 0.4269, Train: 96.98%, Valid: 67.28%, Test In: 67.68% Test OOD1: 61.44% Test OOD2: 50.99% Test OOD3: 59.20% 
Epoch: 51, Loss: 0.4042, Train: 97.02%, Valid: 67.08%, Test In: 67.63% Test OOD1: 61.43% Test OOD2: 51.09% Test OOD3: 59.25% 
Epoch: 52, Loss: 0.3861, Train: 97.61%, Valid: 67.24%, Test In: 67.56% Test OOD1: 61.68% Test OOD2: 50.97% Test OOD3: 59.29% 
Epoch: 53, Loss: 0.3727, Train: 97.87%, Valid: 66.85%, Test In: 67.28% Test OOD1: 61.36% Test OOD2: 51.09% Test OOD3: 59.10% 
Epoch: 54, Loss: 0.3302, Train: 97.94%, Valid: 66.70%, Test In: 67.18% Test OOD1: 61.12% Test OOD2: 51.10% Test OOD3: 58.93% 
Epoch: 55, Loss: 0.3200, Train: 98.42%, Valid: 66.87%, Test In: 67.20% Test OOD1: 61.46% Test OOD2: 51.02% Test OOD3: 58.99% 
Epoch: 56, Loss: 0.3011, Train: 98.54%, Valid: 66.61%, Test In: 67.13% Test OOD1: 61.37% Test OOD2: 51.15% Test OOD3: 58.95% 
Epoch: 57, Loss: 0.2733, Train: 98.73%, Valid: 66.54%, Test In: 67.05% Test OOD1: 61.31% Test OOD2: 51.13% Test OOD3: 58.82% 
Epoch: 58, Loss: 0.2480, Train: 98.99%, Valid: 66.47%, Test In: 66.97% Test OOD1: 61.38% Test OOD2: 51.07% Test OOD3: 58.74% 
Epoch: 59, Loss: 0.2374, Train: 99.08%, Valid: 66.18%, Test In: 66.83% Test OOD1: 61.23% Test OOD2: 51.16% Test OOD3: 58.67% 
Epoch: 60, Loss: 0.2225, Train: 99.28%, Valid: 66.24%, Test In: 66.84% Test OOD1: 61.31% Test OOD2: 51.09% Test OOD3: 58.66% 
Epoch: 61, Loss: 0.1951, Train: 99.35%, Valid: 66.20%, Test In: 66.87% Test OOD1: 61.22% Test OOD2: 51.10% Test OOD3: 58.63% 
Epoch: 62, Loss: 0.1831, Train: 99.45%, Valid: 66.04%, Test In: 66.79% Test OOD1: 61.23% Test OOD2: 51.16% Test OOD3: 58.61% 
Epoch: 63, Loss: 0.1721, Train: 99.61%, Valid: 66.09%, Test In: 66.71% Test OOD1: 61.36% Test OOD2: 51.05% Test OOD3: 58.56% 
Epoch: 64, Loss: 0.1639, Train: 99.63%, Valid: 65.92%, Test In: 66.65% Test OOD1: 61.07% Test OOD2: 51.12% Test OOD3: 58.43% 
Epoch: 65, Loss: 0.1443, Train: 99.74%, Valid: 65.82%, Test In: 66.55% Test OOD1: 61.01% Test OOD2: 51.12% Test OOD3: 58.37% 
Epoch: 66, Loss: 0.1260, Train: 99.82%, Valid: 65.77%, Test In: 66.52% Test OOD1: 61.08% Test OOD2: 51.06% Test OOD3: 58.37% 
Epoch: 67, Loss: 0.1220, Train: 99.82%, Valid: 65.79%, Test In: 66.62% Test OOD1: 61.02% Test OOD2: 51.15% Test OOD3: 58.40% 
Epoch: 68, Loss: 0.1082, Train: 99.86%, Valid: 65.85%, Test In: 66.65% Test OOD1: 61.13% Test OOD2: 51.10% Test OOD3: 58.42% 
Epoch: 69, Loss: 0.0960, Train: 99.91%, Valid: 65.73%, Test In: 66.54% Test OOD1: 61.09% Test OOD2: 51.04% Test OOD3: 58.35% 
Epoch: 70, Loss: 0.0883, Train: 99.91%, Valid: 65.66%, Test In: 66.50% Test OOD1: 60.93% Test OOD2: 51.07% Test OOD3: 58.27% 
Epoch: 71, Loss: 0.0803, Train: 99.93%, Valid: 65.68%, Test In: 66.48% Test OOD1: 60.98% Test OOD2: 51.01% Test OOD3: 58.25% 
Epoch: 72, Loss: 0.0733, Train: 99.95%, Valid: 65.59%, Test In: 66.42% Test OOD1: 61.03% Test OOD2: 50.96% Test OOD3: 58.27% 
Epoch: 73, Loss: 0.0638, Train: 99.96%, Valid: 65.55%, Test In: 66.41% Test OOD1: 60.99% Test OOD2: 50.98% Test OOD3: 58.31% 
Epoch: 74, Loss: 0.0604, Train: 99.97%, Valid: 65.64%, Test In: 66.46% Test OOD1: 61.00% Test OOD2: 50.92% Test OOD3: 58.38% 
Epoch: 75, Loss: 0.0540, Train: 99.97%, Valid: 65.60%, Test In: 66.45% Test OOD1: 60.83% Test OOD2: 50.96% Test OOD3: 58.38% 
Epoch: 76, Loss: 0.0479, Train: 99.98%, Valid: 65.52%, Test In: 66.37% Test OOD1: 60.77% Test OOD2: 50.96% Test OOD3: 58.37% 
Epoch: 77, Loss: 0.0446, Train: 99.99%, Valid: 65.55%, Test In: 66.32% Test OOD1: 60.89% Test OOD2: 50.90% Test OOD3: 58.37% 
Epoch: 78, Loss: 0.0405, Train: 99.99%, Valid: 65.58%, Test In: 66.33% Test OOD1: 60.93% Test OOD2: 50.91% Test OOD3: 58.38% 
Epoch: 79, Loss: 0.0355, Train: 99.99%, Valid: 65.53%, Test In: 66.27% Test OOD1: 60.85% Test OOD2: 50.93% Test OOD3: 58.34% 
Epoch: 80, Loss: 0.0336, Train: 100.00%, Valid: 65.48%, Test In: 66.21% Test OOD1: 60.77% Test OOD2: 50.89% Test OOD3: 58.29% 
Epoch: 81, Loss: 0.0297, Train: 100.00%, Valid: 65.54%, Test In: 66.25% Test OOD1: 60.77% Test OOD2: 50.91% Test OOD3: 58.33% 
Epoch: 82, Loss: 0.0269, Train: 100.00%, Valid: 65.65%, Test In: 66.36% Test OOD1: 60.85% Test OOD2: 50.95% Test OOD3: 58.44% 
Epoch: 83, Loss: 0.0249, Train: 100.00%, Valid: 65.72%, Test In: 66.38% Test OOD1: 60.96% Test OOD2: 50.92% Test OOD3: 58.48% 
Epoch: 84, Loss: 0.0220, Train: 100.00%, Valid: 65.71%, Test In: 66.32% Test OOD1: 60.97% Test OOD2: 50.91% Test OOD3: 58.45% 
Epoch: 85, Loss: 0.0208, Train: 100.00%, Valid: 65.70%, Test In: 66.30% Test OOD1: 60.88% Test OOD2: 50.94% Test OOD3: 58.42% 
Epoch: 86, Loss: 0.0189, Train: 100.00%, Valid: 65.69%, Test In: 66.27% Test OOD1: 60.81% Test OOD2: 50.96% Test OOD3: 58.39% 
Epoch: 87, Loss: 0.0181, Train: 100.00%, Valid: 65.68%, Test In: 66.20% Test OOD1: 60.81% Test OOD2: 50.95% Test OOD3: 58.37% 
Epoch: 88, Loss: 0.0167, Train: 100.00%, Valid: 65.70%, Test In: 66.17% Test OOD1: 60.86% Test OOD2: 50.97% Test OOD3: 58.41% 
Epoch: 89, Loss: 0.0157, Train: 100.00%, Valid: 65.73%, Test In: 66.17% Test OOD1: 60.89% Test OOD2: 51.00% Test OOD3: 58.47% 
Epoch: 90, Loss: 0.0145, Train: 100.00%, Valid: 65.74%, Test In: 66.17% Test OOD1: 60.86% Test OOD2: 51.01% Test OOD3: 58.48% 
Epoch: 91, Loss: 0.0138, Train: 100.00%, Valid: 65.73%, Test In: 66.14% Test OOD1: 60.77% Test OOD2: 51.02% Test OOD3: 58.45% 
Epoch: 92, Loss: 0.0127, Train: 100.00%, Valid: 65.71%, Test In: 66.10% Test OOD1: 60.69% Test OOD2: 51.03% Test OOD3: 58.43% 
Epoch: 93, Loss: 0.0122, Train: 100.00%, Valid: 65.72%, Test In: 66.10% Test OOD1: 60.67% Test OOD2: 51.01% Test OOD3: 58.45% 
Epoch: 94, Loss: 0.0112, Train: 100.00%, Valid: 65.79%, Test In: 66.13% Test OOD1: 60.71% Test OOD2: 51.01% Test OOD3: 58.49% 
Epoch: 95, Loss: 0.0108, Train: 100.00%, Valid: 65.84%, Test In: 66.13% Test OOD1: 60.70% Test OOD2: 51.02% Test OOD3: 58.50% 
Epoch: 96, Loss: 0.0100, Train: 100.00%, Valid: 65.82%, Test In: 66.09% Test OOD1: 60.64% Test OOD2: 51.00% Test OOD3: 58.47% 
Epoch: 97, Loss: 0.0096, Train: 100.00%, Valid: 65.84%, Test In: 66.08% Test OOD1: 60.60% Test OOD2: 51.00% Test OOD3: 58.48% 
Epoch: 98, Loss: 0.0092, Train: 100.00%, Valid: 65.89%, Test In: 66.10% Test OOD1: 60.53% Test OOD2: 51.04% Test OOD3: 58.51% 
Epoch: 99, Loss: 0.0093, Train: 100.00%, Valid: 65.87%, Test In: 66.07% Test OOD1: 60.54% Test OOD2: 51.01% Test OOD3: 58.48% 
Epoch: 100, Loss: 0.0089, Train: 100.00%, Valid: 65.90%, Test In: 66.08% Test OOD1: 60.55% Test OOD2: 51.03% Test OOD3: 58.53% 
Epoch: 101, Loss: 0.0083, Train: 100.00%, Valid: 65.94%, Test In: 66.12% Test OOD1: 60.55% Test OOD2: 51.06% Test OOD3: 58.59% 
Epoch: 102, Loss: 0.0082, Train: 100.00%, Valid: 65.93%, Test In: 66.12% Test OOD1: 60.53% Test OOD2: 51.05% Test OOD3: 58.57% 
Epoch: 103, Loss: 0.0078, Train: 100.00%, Valid: 65.94%, Test In: 66.11% Test OOD1: 60.49% Test OOD2: 51.08% Test OOD3: 58.56% 
Epoch: 104, Loss: 0.0073, Train: 100.00%, Valid: 65.96%, Test In: 66.13% Test OOD1: 60.47% Test OOD2: 51.11% Test OOD3: 58.57% 
Epoch: 105, Loss: 0.0073, Train: 100.00%, Valid: 65.99%, Test In: 66.14% Test OOD1: 60.48% Test OOD2: 51.10% Test OOD3: 58.58% 
Epoch: 106, Loss: 0.0070, Train: 100.00%, Valid: 66.03%, Test In: 66.15% Test OOD1: 60.50% Test OOD2: 51.12% Test OOD3: 58.59% 
Epoch: 107, Loss: 0.0068, Train: 100.00%, Valid: 66.04%, Test In: 66.16% Test OOD1: 60.47% Test OOD2: 51.16% Test OOD3: 58.59% 
Epoch: 108, Loss: 0.0069, Train: 100.00%, Valid: 66.01%, Test In: 66.14% Test OOD1: 60.42% Test OOD2: 51.15% Test OOD3: 58.56% 
Epoch: 109, Loss: 0.0067, Train: 100.00%, Valid: 66.03%, Test In: 66.15% Test OOD1: 60.41% Test OOD2: 51.17% Test OOD3: 58.57% 
Epoch: 110, Loss: 0.0066, Train: 100.00%, Valid: 66.05%, Test In: 66.17% Test OOD1: 60.43% Test OOD2: 51.20% Test OOD3: 58.59% 
Epoch: 111, Loss: 0.0066, Train: 100.00%, Valid: 66.03%, Test In: 66.15% Test OOD1: 60.45% Test OOD2: 51.19% Test OOD3: 58.57% 
Epoch: 112, Loss: 0.0064, Train: 100.00%, Valid: 66.03%, Test In: 66.16% Test OOD1: 60.43% Test OOD2: 51.20% Test OOD3: 58.57% 
Epoch: 113, Loss: 0.0064, Train: 100.00%, Valid: 66.04%, Test In: 66.17% Test OOD1: 60.41% Test OOD2: 51.22% Test OOD3: 58.56% 
Epoch: 114, Loss: 0.0064, Train: 100.00%, Valid: 66.04%, Test In: 66.15% Test OOD1: 60.40% Test OOD2: 51.20% Test OOD3: 58.53% 
Epoch: 115, Loss: 0.0063, Train: 100.00%, Valid: 66.05%, Test In: 66.15% Test OOD1: 60.38% Test OOD2: 51.21% Test OOD3: 58.52% 
Epoch: 116, Loss: 0.0062, Train: 100.00%, Valid: 66.07%, Test In: 66.17% Test OOD1: 60.38% Test OOD2: 51.24% Test OOD3: 58.53% 
Epoch: 117, Loss: 0.0063, Train: 100.00%, Valid: 66.06%, Test In: 66.15% Test OOD1: 60.37% Test OOD2: 51.21% Test OOD3: 58.51% 
Epoch: 118, Loss: 0.0062, Train: 100.00%, Valid: 66.07%, Test In: 66.15% Test OOD1: 60.35% Test OOD2: 51.22% Test OOD3: 58.51% 
Epoch: 119, Loss: 0.0061, Train: 100.00%, Valid: 66.08%, Test In: 66.16% Test OOD1: 60.35% Test OOD2: 51.23% Test OOD3: 58.51% 
Epoch: 120, Loss: 0.0061, Train: 100.00%, Valid: 66.07%, Test In: 66.14% Test OOD1: 60.34% Test OOD2: 51.21% Test OOD3: 58.50% 
Epoch: 121, Loss: 0.0061, Train: 100.00%, Valid: 66.07%, Test In: 66.14% Test OOD1: 60.32% Test OOD2: 51.24% Test OOD3: 58.51% 
Epoch: 122, Loss: 0.0061, Train: 100.00%, Valid: 66.06%, Test In: 66.14% Test OOD1: 60.32% Test OOD2: 51.23% Test OOD3: 58.51% 
Epoch: 123, Loss: 0.0060, Train: 100.00%, Valid: 66.08%, Test In: 66.16% Test OOD1: 60.33% Test OOD2: 51.24% Test OOD3: 58.53% 
Epoch: 124, Loss: 0.0060, Train: 100.00%, Valid: 66.08%, Test In: 66.15% Test OOD1: 60.33% Test OOD2: 51.25% Test OOD3: 58.53% 
Epoch: 125, Loss: 0.0060, Train: 100.00%, Valid: 66.07%, Test In: 66.16% Test OOD1: 60.31% Test OOD2: 51.24% Test OOD3: 58.52% 
Epoch: 126, Loss: 0.0060, Train: 100.00%, Valid: 66.09%, Test In: 66.17% Test OOD1: 60.30% Test OOD2: 51.27% Test OOD3: 58.53% 
Epoch: 127, Loss: 0.0059, Train: 100.00%, Valid: 66.07%, Test In: 66.16% Test OOD1: 60.31% Test OOD2: 51.25% Test OOD3: 58.52% 
Epoch: 128, Loss: 0.0059, Train: 100.00%, Valid: 66.08%, Test In: 66.17% Test OOD1: 60.31% Test OOD2: 51.26% Test OOD3: 58.53% 
Epoch: 129, Loss: 0.0058, Train: 100.00%, Valid: 66.08%, Test In: 66.17% Test OOD1: 60.30% Test OOD2: 51.27% Test OOD3: 58.53% 
Epoch: 130, Loss: 0.0058, Train: 100.00%, Valid: 66.07%, Test In: 66.17% Test OOD1: 60.29% Test OOD2: 51.27% Test OOD3: 58.52% 
Epoch: 131, Loss: 0.0058, Train: 100.00%, Valid: 66.09%, Test In: 66.18% Test OOD1: 60.31% Test OOD2: 51.29% Test OOD3: 58.55% 
Epoch: 132, Loss: 0.0058, Train: 100.00%, Valid: 66.08%, Test In: 66.18% Test OOD1: 60.31% Test OOD2: 51.28% Test OOD3: 58.54% 
Epoch: 133, Loss: 0.0059, Train: 100.00%, Valid: 66.08%, Test In: 66.17% Test OOD1: 60.30% Test OOD2: 51.31% Test OOD3: 58.54% 
Epoch: 134, Loss: 0.0059, Train: 100.00%, Valid: 66.06%, Test In: 66.16% Test OOD1: 60.28% Test OOD2: 51.28% Test OOD3: 58.51% 
Epoch: 135, Loss: 0.0062, Train: 100.00%, Valid: 66.09%, Test In: 66.18% Test OOD1: 60.32% Test OOD2: 51.34% Test OOD3: 58.56% 
Epoch: 136, Loss: 0.0070, Train: 100.00%, Valid: 66.00%, Test In: 66.13% Test OOD1: 60.28% Test OOD2: 51.21% Test OOD3: 58.47% 
Epoch: 137, Loss: 0.0163, Train: 100.00%, Valid: 66.42%, Test In: 66.61% Test OOD1: 60.79% Test OOD2: 51.75% Test OOD3: 59.10% 
Epoch: 138, Loss: 2.9958, Train: 99.91%, Valid: 65.47%, Test In: 65.56% Test OOD1: 60.98% Test OOD2: 51.18% Test OOD3: 59.01% 
Epoch: 139, Loss: 4.2819, Train: 99.92%, Valid: 65.49%, Test In: 65.61% Test OOD1: 60.80% Test OOD2: 51.19% Test OOD3: 58.93% 
Epoch: 140, Loss: 4.1421, Train: 99.96%, Valid: 65.53%, Test In: 65.60% Test OOD1: 60.53% Test OOD2: 51.26% Test OOD3: 58.80% 
Epoch: 141, Loss: 3.3192, Train: 99.98%, Valid: 65.48%, Test In: 65.54% Test OOD1: 60.21% Test OOD2: 51.30% Test OOD3: 58.64% 
Epoch: 142, Loss: 2.3908, Train: 100.00%, Valid: 65.38%, Test In: 65.46% Test OOD1: 59.96% Test OOD2: 51.33% Test OOD3: 58.52% 
Epoch: 143, Loss: 1.5726, Train: 100.00%, Valid: 65.31%, Test In: 65.41% Test OOD1: 59.80% Test OOD2: 51.36% Test OOD3: 58.45% 
Epoch: 144, Loss: 0.9850, Train: 100.00%, Valid: 65.30%, Test In: 65.38% Test OOD1: 59.76% Test OOD2: 51.40% Test OOD3: 58.44% 
Epoch: 145, Loss: 0.6627, Train: 100.00%, Valid: 65.30%, Test In: 65.38% Test OOD1: 59.78% Test OOD2: 51.42% Test OOD3: 58.45% 
Epoch: 146, Loss: 0.5288, Train: 100.00%, Valid: 65.30%, Test In: 65.37% Test OOD1: 59.81% Test OOD2: 51.43% Test OOD3: 58.45% 
Epoch: 147, Loss: 0.4832, Train: 100.00%, Valid: 65.31%, Test In: 65.38% Test OOD1: 59.84% Test OOD2: 51.44% Test OOD3: 58.46% 
Epoch: 148, Loss: 0.4692, Train: 100.00%, Valid: 65.31%, Test In: 65.38% Test OOD1: 59.86% Test OOD2: 51.45% Test OOD3: 58.47% 
Epoch: 149, Loss: 0.4643, Train: 100.00%, Valid: 65.31%, Test In: 65.38% Test OOD1: 59.87% Test OOD2: 51.45% Test OOD3: 58.47% 
Epoch: 150, Loss: 0.4620, Train: 100.00%, Valid: 65.31%, Test In: 65.38% Test OOD1: 59.87% Test OOD2: 51.45% Test OOD3: 58.46% 
Epoch: 151, Loss: 0.4608, Train: 100.00%, Valid: 65.30%, Test In: 65.38% Test OOD1: 59.87% Test OOD2: 51.46% Test OOD3: 58.46% 
Epoch: 152, Loss: 0.4601, Train: 100.00%, Valid: 65.30%, Test In: 65.37% Test OOD1: 59.88% Test OOD2: 51.46% Test OOD3: 58.46% 
Epoch: 153, Loss: 0.4598, Train: 100.00%, Valid: 65.29%, Test In: 65.37% Test OOD1: 59.88% Test OOD2: 51.46% Test OOD3: 58.46% 
Epoch: 154, Loss: 0.4596, Train: 100.00%, Valid: 65.29%, Test In: 65.36% Test OOD1: 59.88% Test OOD2: 51.46% Test OOD3: 58.45% 
Epoch: 155, Loss: 0.4594, Train: 100.00%, Valid: 65.28%, Test In: 65.37% Test OOD1: 59.88% Test OOD2: 51.46% Test OOD3: 58.45% 
Epoch: 156, Loss: 0.4592, Train: 100.00%, Valid: 65.28%, Test In: 65.36% Test OOD1: 59.90% Test OOD2: 51.46% Test OOD3: 58.45% 
Epoch: 157, Loss: 0.4590, Train: 100.00%, Valid: 65.27%, Test In: 65.37% Test OOD1: 59.88% Test OOD2: 51.46% Test OOD3: 58.45% 
Epoch: 158, Loss: 0.4588, Train: 100.00%, Valid: 65.26%, Test In: 65.35% Test OOD1: 59.90% Test OOD2: 51.45% Test OOD3: 58.45% 
Epoch: 159, Loss: 0.4586, Train: 100.00%, Valid: 65.26%, Test In: 65.36% Test OOD1: 59.88% Test OOD2: 51.47% Test OOD3: 58.45% 
Epoch: 160, Loss: 0.4584, Train: 100.00%, Valid: 65.25%, Test In: 65.34% Test OOD1: 59.91% Test OOD2: 51.44% Test OOD3: 58.44% 
Epoch: 161, Loss: 0.4582, Train: 100.00%, Valid: 65.26%, Test In: 65.36% Test OOD1: 59.90% Test OOD2: 51.48% Test OOD3: 58.45% 
Epoch: 162, Loss: 0.4581, Train: 100.00%, Valid: 65.21%, Test In: 65.33% Test OOD1: 59.88% Test OOD2: 51.44% Test OOD3: 58.42% 
Epoch: 163, Loss: 0.4581, Train: 100.00%, Valid: 65.27%, Test In: 65.38% Test OOD1: 59.94% Test OOD2: 51.48% Test OOD3: 58.47% 
Epoch: 164, Loss: 0.4580, Train: 100.00%, Valid: 65.16%, Test In: 65.33% Test OOD1: 59.86% Test OOD2: 51.43% Test OOD3: 58.41% 
Epoch: 165, Loss: 0.4582, Train: 100.00%, Valid: 65.28%, Test In: 65.40% Test OOD1: 59.97% Test OOD2: 51.49% Test OOD3: 58.49% 
Epoch: 166, Loss: 0.4584, Train: 100.00%, Valid: 65.08%, Test In: 65.30% Test OOD1: 59.79% Test OOD2: 51.41% Test OOD3: 58.37% 
Epoch: 167, Loss: 0.4602, Train: 100.00%, Valid: 65.50%, Test In: 65.59% Test OOD1: 60.22% Test OOD2: 51.57% Test OOD3: 58.68% 
Epoch: 168, Loss: 0.5200, Train: 99.89%, Valid: 64.41%, Test In: 64.79% Test OOD1: 60.40% Test OOD2: 51.08% Test OOD3: 58.63% 
Epoch: 169, Loss: 4.9033, Train: 100.00%, Valid: 64.18%, Test In: 64.63% Test OOD1: 59.71% Test OOD2: 51.11% Test OOD3: 58.28% 
Epoch: 170, Loss: 3.7307, Train: 100.00%, Valid: 63.94%, Test In: 64.54% Test OOD1: 58.98% Test OOD2: 51.21% Test OOD3: 57.98% 
Epoch: 171, Loss: 2.4009, Train: 100.00%, Valid: 63.80%, Test In: 64.41% Test OOD1: 58.71% Test OOD2: 51.26% Test OOD3: 57.87% 
Epoch: 172, Loss: 1.5083, Train: 100.00%, Valid: 63.87%, Test In: 64.50% Test OOD1: 58.81% Test OOD2: 51.30% Test OOD3: 57.95% 
Epoch: 173, Loss: 1.0774, Train: 100.00%, Valid: 64.10%, Test In: 64.64% Test OOD1: 59.14% Test OOD2: 51.33% Test OOD3: 58.12% 
Epoch: 174, Loss: 0.9463, Train: 100.00%, Valid: 64.20%, Test In: 64.73% Test OOD1: 59.27% Test OOD2: 51.36% Test OOD3: 58.24% 
Epoch: 175, Loss: 0.9239, Train: 100.00%, Valid: 64.20%, Test In: 64.75% Test OOD1: 59.27% Test OOD2: 51.37% Test OOD3: 58.26% 
Epoch: 176, Loss: 0.9203, Train: 100.00%, Valid: 64.18%, Test In: 64.72% Test OOD1: 59.27% Test OOD2: 51.35% Test OOD3: 58.23% 
Epoch: 177, Loss: 0.9179, Train: 100.00%, Valid: 64.16%, Test In: 64.75% Test OOD1: 59.21% Test OOD2: 51.38% Test OOD3: 58.23% 
Epoch: 178, Loss: 0.9155, Train: 100.00%, Valid: 64.16%, Test In: 64.72% Test OOD1: 59.24% Test OOD2: 51.34% Test OOD3: 58.23% 
Epoch: 179, Loss: 0.9129, Train: 100.00%, Valid: 64.17%, Test In: 64.78% Test OOD1: 59.21% Test OOD2: 51.39% Test OOD3: 58.27% 
Epoch: 180, Loss: 0.9102, Train: 100.00%, Valid: 64.17%, Test In: 64.76% Test OOD1: 59.24% Test OOD2: 51.35% Test OOD3: 58.29% 
Epoch: 181, Loss: 0.9068, Train: 100.00%, Valid: 64.15%, Test In: 64.86% Test OOD1: 59.17% Test OOD2: 51.41% Test OOD3: 58.36% 
Epoch: 182, Loss: 0.9023, Train: 100.00%, Valid: 64.16%, Test In: 64.86% Test OOD1: 59.24% Test OOD2: 51.37% Test OOD3: 58.44% 
Epoch: 183, Loss: 0.8963, Train: 100.00%, Valid: 64.20%, Test In: 65.08% Test OOD1: 59.17% Test OOD2: 51.50% Test OOD3: 58.57% 
Epoch: 184, Loss: 0.8898, Train: 100.00%, Valid: 64.33%, Test In: 65.01% Test OOD1: 59.34% Test OOD2: 51.42% Test OOD3: 58.67% 
Epoch: 185, Loss: 0.8932, Train: 99.43%, Valid: 63.69%, Test In: 65.13% Test OOD1: 57.88% Test OOD2: 51.85% Test OOD3: 58.43% 
Epoch: 186, Loss: 2.6989, Train: 66.77%, Valid: 61.10%, Test In: 60.40% Test OOD1: 59.95% Test OOD2: 50.41% Test OOD3: 56.63% 
Epoch: 187, Loss: 5.3917, Train: 65.70%, Valid: 61.10%, Test In: 60.54% Test OOD1: 59.91% Test OOD2: 50.41% Test OOD3: 56.74% 
Epoch: 188, Loss: 5.2345, Train: 66.73%, Valid: 61.45%, Test In: 61.02% Test OOD1: 59.83% Test OOD2: 50.45% Test OOD3: 56.92% 
Epoch: 189, Loss: 4.4320, Train: 68.77%, Valid: 61.85%, Test In: 61.73% Test OOD1: 59.48% Test OOD2: 50.55% Test OOD3: 57.14% 
Epoch: 190, Loss: 3.5030, Train: 71.16%, Valid: 61.94%, Test In: 62.41% Test OOD1: 57.95% Test OOD2: 50.49% Test OOD3: 57.01% 
Epoch: 191, Loss: 2.6479, Train: 71.09%, Valid: 60.64%, Test In: 61.44% Test OOD1: 54.99% Test OOD2: 50.19% Test OOD3: 55.98% 
Epoch: 192, Loss: 2.0076, Train: 67.44%, Valid: 56.93%, Test In: 57.97% Test OOD1: 51.62% Test OOD2: 50.14% Test OOD3: 54.82% 
Epoch: 193, Loss: 1.6498, Train: 65.66%, Valid: 54.71%, Test In: 55.96% Test OOD1: 50.23% Test OOD2: 50.23% Test OOD3: 54.42% 
Epoch: 194, Loss: 1.4721, Train: 65.58%, Valid: 53.60%, Test In: 54.99% Test OOD1: 49.77% Test OOD2: 50.28% Test OOD3: 54.24% 
Epoch: 195, Loss: 1.3863, Train: 66.62%, Valid: 53.51%, Test In: 54.91% Test OOD1: 50.07% Test OOD2: 50.32% Test OOD3: 54.54% 
Epoch: 196, Loss: 1.3447, Train: 68.61%, Valid: 54.50%, Test In: 56.03% Test OOD1: 51.53% Test OOD2: 50.34% Test OOD3: 55.42% 
Epoch: 197, Loss: 1.3222, Train: 71.01%, Valid: 56.55%, Test In: 58.06% Test OOD1: 53.73% Test OOD2: 50.59% Test OOD3: 56.68% 
Epoch: 198, Loss: 1.3097, Train: 71.84%, Valid: 58.16%, Test In: 59.12% Test OOD1: 55.51% Test OOD2: 50.52% Test OOD3: 56.71% 
Epoch: 199, Loss: 1.3050, Train: 70.57%, Valid: 58.38%, Test In: 58.06% Test OOD1: 56.68% Test OOD2: 50.17% Test OOD3: 56.43% 
Run 02:
Highest Train: 100.00
Highest Valid: 69.48
Highest In Test: 70.07
Highest OOD Test: 64.95
Highest OOD Test: 52.21
Highest OOD Test: 62.41
Chosen epoch: 24
Final Train: 84.03
Final In Test: 69.97
Final OOD Test: 62.45
Final OOD Test: 50.95
Final OOD Test: 60.93
Epoch: 00, Loss: 1.3869, Train: 51.31%, Valid: 48.89%, Test In: 50.05% Test OOD1: 44.40% Test OOD2: 50.95% Test OOD3: 48.57% 
Epoch: 01, Loss: 1.3793, Train: 52.87%, Valid: 50.28%, Test In: 51.43% Test OOD1: 44.73% Test OOD2: 50.95% Test OOD3: 48.99% 
Epoch: 02, Loss: 1.3686, Train: 60.26%, Valid: 55.94%, Test In: 57.05% Test OOD1: 48.28% Test OOD2: 51.59% Test OOD3: 52.06% 
Epoch: 03, Loss: 1.3563, Train: 72.96%, Valid: 66.92%, Test In: 67.83% Test OOD1: 64.06% Test OOD2: 51.67% Test OOD3: 61.73% 
Epoch: 04, Loss: 1.3419, Train: 68.19%, Valid: 64.22%, Test In: 63.99% Test OOD1: 63.06% Test OOD2: 51.09% Test OOD3: 60.15% 
Epoch: 05, Loss: 1.3241, Train: 66.57%, Valid: 63.06%, Test In: 62.69% Test OOD1: 62.52% Test OOD2: 50.95% Test OOD3: 59.55% 
Epoch: 06, Loss: 1.3076, Train: 66.34%, Valid: 62.76%, Test In: 62.42% Test OOD1: 62.43% Test OOD2: 50.90% Test OOD3: 59.52% 
Epoch: 07, Loss: 1.2935, Train: 67.25%, Valid: 63.15%, Test In: 62.99% Test OOD1: 62.74% Test OOD2: 50.95% Test OOD3: 59.97% 
Epoch: 08, Loss: 1.2776, Train: 68.88%, Valid: 64.02%, Test In: 64.11% Test OOD1: 63.31% Test OOD2: 51.02% Test OOD3: 60.65% 
Epoch: 09, Loss: 1.2568, Train: 71.15%, Valid: 65.44%, Test In: 65.83% Test OOD1: 64.13% Test OOD2: 51.13% Test OOD3: 61.42% 
Epoch: 10, Loss: 1.2327, Train: 74.16%, Valid: 67.31%, Test In: 68.12% Test OOD1: 65.07% Test OOD2: 51.31% Test OOD3: 62.22% 
Epoch: 11, Loss: 1.2057, Train: 76.16%, Valid: 68.49%, Test In: 69.47% Test OOD1: 65.31% Test OOD2: 51.37% Test OOD3: 62.59% 
Epoch: 12, Loss: 1.1776, Train: 77.54%, Valid: 69.33%, Test In: 70.24% Test OOD1: 65.03% Test OOD2: 51.60% Test OOD3: 62.63% 
Epoch: 13, Loss: 1.1519, Train: 78.46%, Valid: 69.54%, Test In: 70.65% Test OOD1: 64.92% Test OOD2: 51.32% Test OOD3: 62.50% 
Epoch: 14, Loss: 1.1361, Train: 78.75%, Valid: 69.57%, Test In: 70.32% Test OOD1: 65.16% Test OOD2: 51.18% Test OOD3: 62.33% 
Epoch: 15, Loss: 1.1130, Train: 79.40%, Valid: 69.89%, Test In: 70.63% Test OOD1: 64.76% Test OOD2: 51.46% Test OOD3: 62.25% 
Epoch: 16, Loss: 1.0966, Train: 80.45%, Valid: 69.95%, Test In: 70.77% Test OOD1: 64.66% Test OOD2: 51.28% Test OOD3: 62.10% 
Epoch: 17, Loss: 1.0932, Train: 80.32%, Valid: 69.56%, Test In: 70.17% Test OOD1: 65.17% Test OOD2: 51.09% Test OOD3: 62.06% 
Epoch: 18, Loss: 1.0508, Train: 80.63%, Valid: 69.63%, Test In: 70.20% Test OOD1: 64.91% Test OOD2: 51.25% Test OOD3: 62.00% 
Epoch: 19, Loss: 1.0574, Train: 81.71%, Valid: 69.80%, Test In: 70.39% Test OOD1: 64.48% Test OOD2: 51.32% Test OOD3: 61.81% 
Epoch: 20, Loss: 1.0031, Train: 82.40%, Valid: 69.85%, Test In: 70.45% Test OOD1: 63.99% Test OOD2: 51.28% Test OOD3: 61.58% 
Epoch: 21, Loss: 1.0192, Train: 82.58%, Valid: 69.82%, Test In: 70.37% Test OOD1: 64.36% Test OOD2: 51.21% Test OOD3: 61.67% 
Epoch: 22, Loss: 0.9834, Train: 83.00%, Valid: 69.73%, Test In: 70.25% Test OOD1: 63.66% Test OOD2: 51.19% Test OOD3: 61.33% 
Epoch: 23, Loss: 0.9730, Train: 83.49%, Valid: 69.69%, Test In: 70.27% Test OOD1: 62.95% Test OOD2: 51.19% Test OOD3: 61.05% 
Epoch: 24, Loss: 0.9620, Train: 83.72%, Valid: 69.76%, Test In: 70.34% Test OOD1: 63.61% Test OOD2: 51.12% Test OOD3: 61.33% 
Epoch: 25, Loss: 0.9488, Train: 84.23%, Valid: 69.64%, Test In: 70.30% Test OOD1: 63.03% Test OOD2: 51.20% Test OOD3: 61.15% 
Epoch: 26, Loss: 0.9282, Train: 84.36%, Valid: 69.38%, Test In: 70.12% Test OOD1: 62.28% Test OOD2: 51.24% Test OOD3: 60.84% 
Epoch: 27, Loss: 0.9294, Train: 84.68%, Valid: 69.41%, Test In: 70.05% Test OOD1: 63.03% Test OOD2: 51.06% Test OOD3: 61.07% 
Epoch: 28, Loss: 0.8997, Train: 84.97%, Valid: 69.39%, Test In: 69.99% Test OOD1: 63.11% Test OOD2: 50.99% Test OOD3: 61.06% 
Epoch: 29, Loss: 0.8965, Train: 85.66%, Valid: 69.14%, Test In: 69.85% Test OOD1: 61.90% Test OOD2: 51.23% Test OOD3: 60.59% 
Epoch: 30, Loss: 0.8701, Train: 86.05%, Valid: 68.98%, Test In: 69.69% Test OOD1: 61.52% Test OOD2: 51.22% Test OOD3: 60.43% 
Epoch: 31, Loss: 0.8653, Train: 86.36%, Valid: 69.16%, Test In: 69.75% Test OOD1: 62.41% Test OOD2: 51.01% Test OOD3: 60.73% 
Epoch: 32, Loss: 0.8488, Train: 86.80%, Valid: 69.05%, Test In: 69.68% Test OOD1: 62.21% Test OOD2: 51.05% Test OOD3: 60.66% 
Epoch: 33, Loss: 0.8300, Train: 87.15%, Valid: 68.72%, Test In: 69.41% Test OOD1: 61.47% Test OOD2: 51.11% Test OOD3: 60.38% 
Epoch: 34, Loss: 0.8248, Train: 87.67%, Valid: 68.78%, Test In: 69.37% Test OOD1: 61.73% Test OOD2: 51.07% Test OOD3: 60.43% 
Epoch: 35, Loss: 0.8046, Train: 88.03%, Valid: 68.79%, Test In: 69.31% Test OOD1: 61.78% Test OOD2: 51.04% Test OOD3: 60.36% 
Epoch: 36, Loss: 0.7869, Train: 88.54%, Valid: 68.55%, Test In: 69.04% Test OOD1: 61.31% Test OOD2: 51.03% Test OOD3: 60.11% 
Epoch: 37, Loss: 0.7707, Train: 88.86%, Valid: 68.45%, Test In: 68.93% Test OOD1: 61.35% Test OOD2: 51.01% Test OOD3: 60.12% 
Epoch: 38, Loss: 0.7706, Train: 89.44%, Valid: 68.50%, Test In: 69.00% Test OOD1: 61.52% Test OOD2: 51.04% Test OOD3: 60.14% 
Epoch: 39, Loss: 0.7391, Train: 89.95%, Valid: 68.43%, Test In: 68.91% Test OOD1: 61.46% Test OOD2: 51.00% Test OOD3: 60.08% 
Epoch: 40, Loss: 0.7157, Train: 90.33%, Valid: 68.28%, Test In: 68.72% Test OOD1: 61.21% Test OOD2: 51.00% Test OOD3: 59.92% 
Epoch: 41, Loss: 0.7132, Train: 90.79%, Valid: 68.31%, Test In: 68.69% Test OOD1: 61.23% Test OOD2: 51.03% Test OOD3: 59.82% 
Epoch: 42, Loss: 0.7036, Train: 91.39%, Valid: 68.21%, Test In: 68.50% Test OOD1: 61.08% Test OOD2: 50.98% Test OOD3: 59.68% 
Epoch: 43, Loss: 0.6752, Train: 91.81%, Valid: 68.02%, Test In: 68.37% Test OOD1: 61.06% Test OOD2: 51.07% Test OOD3: 59.66% 
Epoch: 44, Loss: 0.6453, Train: 92.41%, Valid: 68.22%, Test In: 68.52% Test OOD1: 61.45% Test OOD2: 51.05% Test OOD3: 59.79% 
Epoch: 45, Loss: 0.6411, Train: 92.57%, Valid: 67.92%, Test In: 68.28% Test OOD1: 61.19% Test OOD2: 51.09% Test OOD3: 59.67% 
Epoch: 46, Loss: 0.6362, Train: 93.18%, Valid: 68.05%, Test In: 68.25% Test OOD1: 61.14% Test OOD2: 51.16% Test OOD3: 59.51% 
Epoch: 47, Loss: 0.6228, Train: 93.75%, Valid: 67.85%, Test In: 67.99% Test OOD1: 60.91% Test OOD2: 51.18% Test OOD3: 59.27% 
Epoch: 48, Loss: 0.5880, Train: 94.16%, Valid: 67.75%, Test In: 67.91% Test OOD1: 61.13% Test OOD2: 51.23% Test OOD3: 59.31% 
Epoch: 49, Loss: 0.5477, Train: 94.64%, Valid: 67.88%, Test In: 68.03% Test OOD1: 61.47% Test OOD2: 51.23% Test OOD3: 59.43% 
Epoch: 50, Loss: 0.5462, Train: 94.66%, Valid: 67.56%, Test In: 67.85% Test OOD1: 61.21% Test OOD2: 51.22% Test OOD3: 59.32% 
Epoch: 51, Loss: 0.5627, Train: 95.42%, Valid: 67.71%, Test In: 67.89% Test OOD1: 61.17% Test OOD2: 51.24% Test OOD3: 59.18% 
Epoch: 52, Loss: 0.5681, Train: 95.78%, Valid: 67.32%, Test In: 67.52% Test OOD1: 60.70% Test OOD2: 51.27% Test OOD3: 58.93% 
Epoch: 53, Loss: 0.4851, Train: 96.04%, Valid: 67.20%, Test In: 67.46% Test OOD1: 60.95% Test OOD2: 51.33% Test OOD3: 59.04% 
Epoch: 54, Loss: 0.4727, Train: 96.49%, Valid: 67.41%, Test In: 67.68% Test OOD1: 61.57% Test OOD2: 51.32% Test OOD3: 59.29% 
Epoch: 55, Loss: 0.4976, Train: 96.70%, Valid: 67.30%, Test In: 67.62% Test OOD1: 61.49% Test OOD2: 51.34% Test OOD3: 59.28% 
Epoch: 56, Loss: 0.4451, Train: 96.86%, Valid: 66.89%, Test In: 67.38% Test OOD1: 60.92% Test OOD2: 51.31% Test OOD3: 58.94% 
Epoch: 57, Loss: 0.4538, Train: 97.58%, Valid: 67.00%, Test In: 67.36% Test OOD1: 60.72% Test OOD2: 51.24% Test OOD3: 58.69% 
Epoch: 58, Loss: 0.4210, Train: 97.82%, Valid: 66.86%, Test In: 67.23% Test OOD1: 60.80% Test OOD2: 51.30% Test OOD3: 58.67% 
Epoch: 59, Loss: 0.3871, Train: 97.73%, Valid: 66.64%, Test In: 67.10% Test OOD1: 61.05% Test OOD2: 51.37% Test OOD3: 58.77% 
Epoch: 60, Loss: 0.4064, Train: 98.15%, Valid: 66.76%, Test In: 67.16% Test OOD1: 61.25% Test OOD2: 51.37% Test OOD3: 58.87% 
Epoch: 61, Loss: 0.3543, Train: 98.49%, Valid: 66.67%, Test In: 67.13% Test OOD1: 60.99% Test OOD2: 51.31% Test OOD3: 58.74% 
Epoch: 62, Loss: 0.3550, Train: 98.57%, Valid: 66.45%, Test In: 67.00% Test OOD1: 60.62% Test OOD2: 51.37% Test OOD3: 58.61% 
Epoch: 63, Loss: 0.3147, Train: 98.69%, Valid: 66.62%, Test In: 67.06% Test OOD1: 61.03% Test OOD2: 51.36% Test OOD3: 58.86% 
Epoch: 64, Loss: 0.3318, Train: 98.80%, Valid: 66.46%, Test In: 67.01% Test OOD1: 61.06% Test OOD2: 51.42% Test OOD3: 58.81% 
Epoch: 65, Loss: 0.3089, Train: 99.11%, Valid: 66.42%, Test In: 66.73% Test OOD1: 60.89% Test OOD2: 51.37% Test OOD3: 58.60% 
Epoch: 66, Loss: 0.3011, Train: 99.05%, Valid: 66.07%, Test In: 66.56% Test OOD1: 60.29% Test OOD2: 51.48% Test OOD3: 58.33% 
Epoch: 67, Loss: 0.2775, Train: 99.22%, Valid: 66.24%, Test In: 66.68% Test OOD1: 60.60% Test OOD2: 51.46% Test OOD3: 58.49% 
Epoch: 68, Loss: 0.2429, Train: 99.39%, Valid: 66.43%, Test In: 66.84% Test OOD1: 61.00% Test OOD2: 51.41% Test OOD3: 58.72% 
Epoch: 69, Loss: 0.2521, Train: 99.35%, Valid: 66.36%, Test In: 66.91% Test OOD1: 61.02% Test OOD2: 51.50% Test OOD3: 58.79% 
Epoch: 70, Loss: 0.2215, Train: 99.44%, Valid: 66.29%, Test In: 66.84% Test OOD1: 60.90% Test OOD2: 51.51% Test OOD3: 58.71% 
Epoch: 71, Loss: 0.2185, Train: 99.58%, Valid: 66.18%, Test In: 66.68% Test OOD1: 60.74% Test OOD2: 51.48% Test OOD3: 58.51% 
Epoch: 72, Loss: 0.2034, Train: 99.59%, Valid: 66.04%, Test In: 66.58% Test OOD1: 60.56% Test OOD2: 51.50% Test OOD3: 58.37% 
Epoch: 73, Loss: 0.1846, Train: 99.60%, Valid: 66.04%, Test In: 66.58% Test OOD1: 60.56% Test OOD2: 51.48% Test OOD3: 58.37% 
Epoch: 74, Loss: 0.1955, Train: 99.68%, Valid: 66.07%, Test In: 66.61% Test OOD1: 60.72% Test OOD2: 51.48% Test OOD3: 58.43% 
Epoch: 75, Loss: 0.1689, Train: 99.74%, Valid: 66.11%, Test In: 66.67% Test OOD1: 60.82% Test OOD2: 51.47% Test OOD3: 58.53% 
Epoch: 76, Loss: 0.1539, Train: 99.74%, Valid: 66.09%, Test In: 66.72% Test OOD1: 60.80% Test OOD2: 51.48% Test OOD3: 58.63% 
Epoch: 77, Loss: 0.1584, Train: 99.79%, Valid: 66.08%, Test In: 66.66% Test OOD1: 60.81% Test OOD2: 51.46% Test OOD3: 58.60% 
Epoch: 78, Loss: 0.1387, Train: 99.86%, Valid: 66.04%, Test In: 66.55% Test OOD1: 60.80% Test OOD2: 51.42% Test OOD3: 58.55% 
Epoch: 79, Loss: 0.1300, Train: 99.85%, Valid: 65.90%, Test In: 66.43% Test OOD1: 60.64% Test OOD2: 51.43% Test OOD3: 58.50% 
Epoch: 80, Loss: 0.1285, Train: 99.88%, Valid: 65.81%, Test In: 66.29% Test OOD1: 60.51% Test OOD2: 51.42% Test OOD3: 58.39% 
Epoch: 81, Loss: 0.1127, Train: 99.91%, Valid: 65.79%, Test In: 66.26% Test OOD1: 60.59% Test OOD2: 51.37% Test OOD3: 58.40% 
Epoch: 82, Loss: 0.1065, Train: 99.90%, Valid: 65.77%, Test In: 66.26% Test OOD1: 60.70% Test OOD2: 51.40% Test OOD3: 58.50% 
Epoch: 83, Loss: 0.1048, Train: 99.92%, Valid: 65.82%, Test In: 66.31% Test OOD1: 60.76% Test OOD2: 51.39% Test OOD3: 58.53% 
Epoch: 84, Loss: 0.0902, Train: 99.93%, Valid: 65.82%, Test In: 66.33% Test OOD1: 60.70% Test OOD2: 51.40% Test OOD3: 58.54% 
Epoch: 85, Loss: 0.0877, Train: 99.93%, Valid: 65.72%, Test In: 66.27% Test OOD1: 60.58% Test OOD2: 51.46% Test OOD3: 58.52% 
Epoch: 86, Loss: 0.0848, Train: 99.96%, Valid: 65.74%, Test In: 66.25% Test OOD1: 60.56% Test OOD2: 51.46% Test OOD3: 58.48% 
Epoch: 87, Loss: 0.0739, Train: 99.96%, Valid: 65.78%, Test In: 66.27% Test OOD1: 60.64% Test OOD2: 51.44% Test OOD3: 58.50% 
Epoch: 88, Loss: 0.0710, Train: 99.96%, Valid: 65.77%, Test In: 66.28% Test OOD1: 60.71% Test OOD2: 51.46% Test OOD3: 58.55% 
Epoch: 89, Loss: 0.0679, Train: 99.98%, Valid: 65.78%, Test In: 66.25% Test OOD1: 60.69% Test OOD2: 51.43% Test OOD3: 58.50% 
Epoch: 90, Loss: 0.0597, Train: 99.98%, Valid: 65.77%, Test In: 66.22% Test OOD1: 60.62% Test OOD2: 51.42% Test OOD3: 58.45% 
Epoch: 91, Loss: 0.0577, Train: 99.98%, Valid: 65.72%, Test In: 66.21% Test OOD1: 60.54% Test OOD2: 51.44% Test OOD3: 58.45% 
Epoch: 92, Loss: 0.0541, Train: 99.98%, Valid: 65.74%, Test In: 66.19% Test OOD1: 60.50% Test OOD2: 51.44% Test OOD3: 58.43% 
Epoch: 93, Loss: 0.0487, Train: 99.98%, Valid: 65.74%, Test In: 66.16% Test OOD1: 60.50% Test OOD2: 51.45% Test OOD3: 58.43% 
Epoch: 94, Loss: 0.0469, Train: 99.98%, Valid: 65.72%, Test In: 66.16% Test OOD1: 60.51% Test OOD2: 51.47% Test OOD3: 58.47% 
Epoch: 95, Loss: 0.0435, Train: 99.98%, Valid: 65.77%, Test In: 66.16% Test OOD1: 60.51% Test OOD2: 51.47% Test OOD3: 58.51% 
Epoch: 96, Loss: 0.0399, Train: 99.99%, Valid: 65.80%, Test In: 66.17% Test OOD1: 60.52% Test OOD2: 51.47% Test OOD3: 58.55% 
Epoch: 97, Loss: 0.0381, Train: 99.99%, Valid: 65.77%, Test In: 66.16% Test OOD1: 60.52% Test OOD2: 51.48% Test OOD3: 58.58% 
Epoch: 98, Loss: 0.0353, Train: 99.99%, Valid: 65.78%, Test In: 66.17% Test OOD1: 60.48% Test OOD2: 51.48% Test OOD3: 58.58% 
Epoch: 99, Loss: 0.0332, Train: 100.00%, Valid: 65.81%, Test In: 66.16% Test OOD1: 60.40% Test OOD2: 51.51% Test OOD3: 58.57% 
Epoch: 100, Loss: 0.0315, Train: 100.00%, Valid: 65.80%, Test In: 66.17% Test OOD1: 60.38% Test OOD2: 51.53% Test OOD3: 58.58% 
Epoch: 101, Loss: 0.0290, Train: 100.00%, Valid: 65.83%, Test In: 66.17% Test OOD1: 60.41% Test OOD2: 51.52% Test OOD3: 58.61% 
Epoch: 102, Loss: 0.0278, Train: 100.00%, Valid: 65.90%, Test In: 66.18% Test OOD1: 60.43% Test OOD2: 51.53% Test OOD3: 58.64% 
Epoch: 103, Loss: 0.0258, Train: 100.00%, Valid: 65.90%, Test In: 66.17% Test OOD1: 60.41% Test OOD2: 51.53% Test OOD3: 58.64% 
Epoch: 104, Loss: 0.0242, Train: 100.00%, Valid: 65.86%, Test In: 66.12% Test OOD1: 60.33% Test OOD2: 51.53% Test OOD3: 58.60% 
Epoch: 105, Loss: 0.0232, Train: 100.00%, Valid: 65.86%, Test In: 66.08% Test OOD1: 60.20% Test OOD2: 51.54% Test OOD3: 58.55% 
Epoch: 106, Loss: 0.0214, Train: 100.00%, Valid: 65.89%, Test In: 66.10% Test OOD1: 60.16% Test OOD2: 51.55% Test OOD3: 58.57% 
Epoch: 107, Loss: 0.0205, Train: 100.00%, Valid: 65.94%, Test In: 66.13% Test OOD1: 60.24% Test OOD2: 51.55% Test OOD3: 58.64% 
Epoch: 108, Loss: 0.0193, Train: 100.00%, Valid: 66.00%, Test In: 66.17% Test OOD1: 60.28% Test OOD2: 51.56% Test OOD3: 58.70% 
Epoch: 109, Loss: 0.0182, Train: 100.00%, Valid: 66.02%, Test In: 66.16% Test OOD1: 60.25% Test OOD2: 51.56% Test OOD3: 58.70% 
Epoch: 110, Loss: 0.0175, Train: 100.00%, Valid: 66.01%, Test In: 66.12% Test OOD1: 60.18% Test OOD2: 51.57% Test OOD3: 58.67% 
Epoch: 111, Loss: 0.0166, Train: 100.00%, Valid: 65.99%, Test In: 66.09% Test OOD1: 60.10% Test OOD2: 51.59% Test OOD3: 58.65% 
Epoch: 112, Loss: 0.0159, Train: 100.00%, Valid: 66.02%, Test In: 66.08% Test OOD1: 60.08% Test OOD2: 51.58% Test OOD3: 58.65% 
Epoch: 113, Loss: 0.0152, Train: 100.00%, Valid: 66.07%, Test In: 66.09% Test OOD1: 60.15% Test OOD2: 51.57% Test OOD3: 58.69% 
Epoch: 114, Loss: 0.0147, Train: 100.00%, Valid: 66.02%, Test In: 66.08% Test OOD1: 60.05% Test OOD2: 51.58% Test OOD3: 58.68% 
Epoch: 115, Loss: 0.0141, Train: 100.00%, Valid: 66.02%, Test In: 66.07% Test OOD1: 60.05% Test OOD2: 51.56% Test OOD3: 58.69% 
Epoch: 116, Loss: 0.0135, Train: 100.00%, Valid: 66.06%, Test In: 66.10% Test OOD1: 60.08% Test OOD2: 51.55% Test OOD3: 58.73% 
Epoch: 117, Loss: 0.0131, Train: 100.00%, Valid: 66.08%, Test In: 66.13% Test OOD1: 60.10% Test OOD2: 51.55% Test OOD3: 58.78% 
Epoch: 118, Loss: 0.0127, Train: 100.00%, Valid: 66.07%, Test In: 66.11% Test OOD1: 60.10% Test OOD2: 51.54% Test OOD3: 58.77% 
Epoch: 119, Loss: 0.0124, Train: 100.00%, Valid: 66.05%, Test In: 66.08% Test OOD1: 60.05% Test OOD2: 51.53% Test OOD3: 58.73% 
Epoch: 120, Loss: 0.0120, Train: 100.00%, Valid: 66.05%, Test In: 66.06% Test OOD1: 59.99% Test OOD2: 51.54% Test OOD3: 58.72% 
Epoch: 121, Loss: 0.0118, Train: 100.00%, Valid: 66.05%, Test In: 66.05% Test OOD1: 59.99% Test OOD2: 51.54% Test OOD3: 58.72% 
Epoch: 122, Loss: 0.0114, Train: 100.00%, Valid: 66.07%, Test In: 66.06% Test OOD1: 60.01% Test OOD2: 51.53% Test OOD3: 58.75% 
Epoch: 123, Loss: 0.0111, Train: 100.00%, Valid: 66.12%, Test In: 66.08% Test OOD1: 60.03% Test OOD2: 51.53% Test OOD3: 58.80% 
Epoch: 124, Loss: 0.0109, Train: 100.00%, Valid: 66.14%, Test In: 66.08% Test OOD1: 60.04% Test OOD2: 51.53% Test OOD3: 58.82% 
Epoch: 125, Loss: 0.0107, Train: 100.00%, Valid: 66.11%, Test In: 66.06% Test OOD1: 60.01% Test OOD2: 51.53% Test OOD3: 58.81% 
Epoch: 126, Loss: 0.0105, Train: 100.00%, Valid: 66.10%, Test In: 66.05% Test OOD1: 59.95% Test OOD2: 51.54% Test OOD3: 58.79% 
Epoch: 127, Loss: 0.0102, Train: 100.00%, Valid: 66.11%, Test In: 66.06% Test OOD1: 59.94% Test OOD2: 51.53% Test OOD3: 58.78% 
Epoch: 128, Loss: 0.0100, Train: 100.00%, Valid: 66.13%, Test In: 66.07% Test OOD1: 59.95% Test OOD2: 51.53% Test OOD3: 58.81% 
Epoch: 129, Loss: 0.0098, Train: 100.00%, Valid: 66.16%, Test In: 66.09% Test OOD1: 59.96% Test OOD2: 51.54% Test OOD3: 58.83% 
Epoch: 130, Loss: 0.0097, Train: 100.00%, Valid: 66.17%, Test In: 66.09% Test OOD1: 59.96% Test OOD2: 51.53% Test OOD3: 58.82% 
Epoch: 131, Loss: 0.0095, Train: 100.00%, Valid: 66.17%, Test In: 66.09% Test OOD1: 59.92% Test OOD2: 51.54% Test OOD3: 58.81% 
Epoch: 132, Loss: 0.0093, Train: 100.00%, Valid: 66.17%, Test In: 66.10% Test OOD1: 59.93% Test OOD2: 51.54% Test OOD3: 58.82% 
Epoch: 133, Loss: 0.0091, Train: 100.00%, Valid: 66.19%, Test In: 66.11% Test OOD1: 59.94% Test OOD2: 51.54% Test OOD3: 58.84% 
Epoch: 134, Loss: 0.0089, Train: 100.00%, Valid: 66.21%, Test In: 66.12% Test OOD1: 59.94% Test OOD2: 51.55% Test OOD3: 58.85% 
Epoch: 135, Loss: 0.0088, Train: 100.00%, Valid: 66.18%, Test In: 66.11% Test OOD1: 59.92% Test OOD2: 51.55% Test OOD3: 58.85% 
Epoch: 136, Loss: 0.0086, Train: 100.00%, Valid: 66.16%, Test In: 66.11% Test OOD1: 59.87% Test OOD2: 51.55% Test OOD3: 58.83% 
Epoch: 137, Loss: 0.0085, Train: 100.00%, Valid: 66.16%, Test In: 66.11% Test OOD1: 59.89% Test OOD2: 51.55% Test OOD3: 58.84% 
Epoch: 138, Loss: 0.0084, Train: 100.00%, Valid: 66.17%, Test In: 66.14% Test OOD1: 59.89% Test OOD2: 51.56% Test OOD3: 58.86% 
Epoch: 139, Loss: 0.0083, Train: 100.00%, Valid: 66.16%, Test In: 66.13% Test OOD1: 59.92% Test OOD2: 51.55% Test OOD3: 58.86% 
Epoch: 140, Loss: 0.0081, Train: 100.00%, Valid: 66.16%, Test In: 66.13% Test OOD1: 59.87% Test OOD2: 51.56% Test OOD3: 58.84% 
Epoch: 141, Loss: 0.0078, Train: 100.00%, Valid: 66.15%, Test In: 66.12% Test OOD1: 59.86% Test OOD2: 51.55% Test OOD3: 58.83% 
Epoch: 142, Loss: 0.0077, Train: 100.00%, Valid: 66.14%, Test In: 66.12% Test OOD1: 59.86% Test OOD2: 51.55% Test OOD3: 58.84% 
Epoch: 143, Loss: 0.0076, Train: 100.00%, Valid: 66.17%, Test In: 66.14% Test OOD1: 59.88% Test OOD2: 51.54% Test OOD3: 58.86% 
Epoch: 144, Loss: 0.0076, Train: 100.00%, Valid: 66.16%, Test In: 66.13% Test OOD1: 59.87% Test OOD2: 51.53% Test OOD3: 58.85% 
Epoch: 145, Loss: 0.0075, Train: 100.00%, Valid: 66.18%, Test In: 66.13% Test OOD1: 59.86% Test OOD2: 51.53% Test OOD3: 58.85% 
Epoch: 146, Loss: 0.0074, Train: 100.00%, Valid: 66.16%, Test In: 66.12% Test OOD1: 59.82% Test OOD2: 51.54% Test OOD3: 58.84% 
Epoch: 147, Loss: 0.0074, Train: 100.00%, Valid: 66.19%, Test In: 66.12% Test OOD1: 59.85% Test OOD2: 51.53% Test OOD3: 58.85% 
Epoch: 148, Loss: 0.0075, Train: 100.00%, Valid: 66.17%, Test In: 66.13% Test OOD1: 59.83% Test OOD2: 51.54% Test OOD3: 58.85% 
Epoch: 149, Loss: 0.0077, Train: 100.00%, Valid: 66.23%, Test In: 66.13% Test OOD1: 59.87% Test OOD2: 51.53% Test OOD3: 58.85% 
Epoch: 150, Loss: 0.0086, Train: 100.00%, Valid: 66.12%, Test In: 66.13% Test OOD1: 59.82% Test OOD2: 51.56% Test OOD3: 58.88% 
Epoch: 151, Loss: 0.0181, Train: 100.00%, Valid: 66.45%, Test In: 66.03% Test OOD1: 60.34% Test OOD2: 51.41% Test OOD3: 59.07% 
Epoch: 152, Loss: 2.6410, Train: 99.52%, Valid: 64.66%, Test In: 65.23% Test OOD1: 58.12% Test OOD2: 52.08% Test OOD3: 58.10% 
Epoch: 153, Loss: 10.0478, Train: 99.95%, Valid: 65.41%, Test In: 65.63% Test OOD1: 59.09% Test OOD2: 52.00% Test OOD3: 58.60% 
Epoch: 154, Loss: 3.6570, Train: 100.00%, Valid: 66.10%, Test In: 65.89% Test OOD1: 59.68% Test OOD2: 51.58% Test OOD3: 58.87% 
Epoch: 155, Loss: 0.9137, Train: 100.00%, Valid: 66.04%, Test In: 65.86% Test OOD1: 59.76% Test OOD2: 51.50% Test OOD3: 58.72% 
Epoch: 156, Loss: 1.4014, Train: 100.00%, Valid: 65.99%, Test In: 65.83% Test OOD1: 59.76% Test OOD2: 51.50% Test OOD3: 58.65% 
Epoch: 157, Loss: 1.0454, Train: 100.00%, Valid: 65.98%, Test In: 65.80% Test OOD1: 59.68% Test OOD2: 51.58% Test OOD3: 58.64% 
Epoch: 158, Loss: 0.7263, Train: 100.00%, Valid: 65.92%, Test In: 65.78% Test OOD1: 59.83% Test OOD2: 51.50% Test OOD3: 58.67% 
Epoch: 159, Loss: 0.5701, Train: 99.94%, Valid: 65.34%, Test In: 65.35% Test OOD1: 58.74% Test OOD2: 51.73% Test OOD3: 58.31% 
Epoch: 160, Loss: 1.3956, Train: 99.89%, Valid: 64.71%, Test In: 64.97% Test OOD1: 60.30% Test OOD2: 50.59% Test OOD3: 58.16% 
Epoch: 161, Loss: 4.5805, Train: 99.89%, Valid: 64.72%, Test In: 65.01% Test OOD1: 60.23% Test OOD2: 50.63% Test OOD3: 58.14% 
Epoch: 162, Loss: 4.2310, Train: 99.96%, Valid: 64.68%, Test In: 64.99% Test OOD1: 59.89% Test OOD2: 50.70% Test OOD3: 58.00% 
Epoch: 163, Loss: 3.4527, Train: 100.00%, Valid: 64.56%, Test In: 64.90% Test OOD1: 59.48% Test OOD2: 50.75% Test OOD3: 57.82% 
Epoch: 164, Loss: 2.5758, Train: 100.00%, Valid: 64.45%, Test In: 64.79% Test OOD1: 59.18% Test OOD2: 50.78% Test OOD3: 57.68% 
Epoch: 165, Loss: 1.8197, Train: 100.00%, Valid: 64.42%, Test In: 64.77% Test OOD1: 59.06% Test OOD2: 50.82% Test OOD3: 57.62% 
Epoch: 166, Loss: 1.3168, Train: 100.00%, Valid: 64.51%, Test In: 64.85% Test OOD1: 59.11% Test OOD2: 50.84% Test OOD3: 57.65% 
Epoch: 167, Loss: 1.0717, Train: 100.00%, Valid: 64.63%, Test In: 64.96% Test OOD1: 59.26% Test OOD2: 50.84% Test OOD3: 57.76% 
Epoch: 168, Loss: 0.9656, Train: 100.00%, Valid: 64.70%, Test In: 65.05% Test OOD1: 59.38% Test OOD2: 50.85% Test OOD3: 57.85% 
Epoch: 169, Loss: 0.9198, Train: 100.00%, Valid: 64.74%, Test In: 65.10% Test OOD1: 59.48% Test OOD2: 50.86% Test OOD3: 57.90% 
Epoch: 170, Loss: 0.8992, Train: 100.00%, Valid: 64.75%, Test In: 65.14% Test OOD1: 59.52% Test OOD2: 50.86% Test OOD3: 57.94% 
Epoch: 171, Loss: 0.8879, Train: 100.00%, Valid: 64.80%, Test In: 65.19% Test OOD1: 59.59% Test OOD2: 50.86% Test OOD3: 57.97% 
Epoch: 172, Loss: 0.8809, Train: 100.00%, Valid: 64.83%, Test In: 65.23% Test OOD1: 59.65% Test OOD2: 50.87% Test OOD3: 58.01% 
Epoch: 173, Loss: 0.8761, Train: 100.00%, Valid: 64.89%, Test In: 65.29% Test OOD1: 59.72% Test OOD2: 50.88% Test OOD3: 58.06% 
Epoch: 174, Loss: 0.8726, Train: 100.00%, Valid: 64.92%, Test In: 65.33% Test OOD1: 59.76% Test OOD2: 50.90% Test OOD3: 58.10% 
Epoch: 175, Loss: 0.8692, Train: 100.00%, Valid: 64.96%, Test In: 65.37% Test OOD1: 59.81% Test OOD2: 50.91% Test OOD3: 58.14% 
Epoch: 176, Loss: 0.8656, Train: 100.00%, Valid: 65.00%, Test In: 65.41% Test OOD1: 59.85% Test OOD2: 50.92% Test OOD3: 58.17% 
Epoch: 177, Loss: 0.8615, Train: 100.00%, Valid: 65.05%, Test In: 65.45% Test OOD1: 59.89% Test OOD2: 50.93% Test OOD3: 58.19% 
Epoch: 178, Loss: 0.8568, Train: 100.00%, Valid: 65.08%, Test In: 65.47% Test OOD1: 59.89% Test OOD2: 50.93% Test OOD3: 58.19% 
Epoch: 179, Loss: 0.8518, Train: 100.00%, Valid: 65.12%, Test In: 65.49% Test OOD1: 59.89% Test OOD2: 50.92% Test OOD3: 58.20% 
Epoch: 180, Loss: 0.8468, Train: 100.00%, Valid: 65.15%, Test In: 65.52% Test OOD1: 59.89% Test OOD2: 50.92% Test OOD3: 58.20% 
Epoch: 181, Loss: 0.8422, Train: 100.00%, Valid: 65.23%, Test In: 65.59% Test OOD1: 59.95% Test OOD2: 50.91% Test OOD3: 58.23% 
Epoch: 182, Loss: 0.8378, Train: 100.00%, Valid: 65.23%, Test In: 65.62% Test OOD1: 59.92% Test OOD2: 50.93% Test OOD3: 58.23% 
Epoch: 183, Loss: 0.8335, Train: 100.00%, Valid: 65.37%, Test In: 65.71% Test OOD1: 60.02% Test OOD2: 50.90% Test OOD3: 58.26% 
Epoch: 184, Loss: 0.8293, Train: 100.00%, Valid: 65.34%, Test In: 65.74% Test OOD1: 60.01% Test OOD2: 50.94% Test OOD3: 58.28% 
Epoch: 185, Loss: 0.8245, Train: 100.00%, Valid: 65.47%, Test In: 65.81% Test OOD1: 60.07% Test OOD2: 50.89% Test OOD3: 58.29% 
Epoch: 186, Loss: 0.8192, Train: 100.00%, Valid: 65.46%, Test In: 65.84% Test OOD1: 60.10% Test OOD2: 50.91% Test OOD3: 58.32% 
Epoch: 187, Loss: 0.8138, Train: 100.00%, Valid: 65.47%, Test In: 65.88% Test OOD1: 60.16% Test OOD2: 50.91% Test OOD3: 58.36% 
Epoch: 188, Loss: 0.8089, Train: 100.00%, Valid: 65.55%, Test In: 65.91% Test OOD1: 60.18% Test OOD2: 50.88% Test OOD3: 58.37% 
Epoch: 189, Loss: 0.8042, Train: 100.00%, Valid: 65.51%, Test In: 65.93% Test OOD1: 60.17% Test OOD2: 50.90% Test OOD3: 58.38% 
Epoch: 190, Loss: 0.7991, Train: 100.00%, Valid: 65.57%, Test In: 65.98% Test OOD1: 60.17% Test OOD2: 50.88% Test OOD3: 58.38% 
Epoch: 191, Loss: 0.7942, Train: 100.00%, Valid: 65.66%, Test In: 66.04% Test OOD1: 60.22% Test OOD2: 50.86% Test OOD3: 58.39% 
Epoch: 192, Loss: 0.7898, Train: 100.00%, Valid: 65.65%, Test In: 66.09% Test OOD1: 60.23% Test OOD2: 50.87% Test OOD3: 58.41% 
Epoch: 193, Loss: 0.7854, Train: 100.00%, Valid: 65.71%, Test In: 66.12% Test OOD1: 60.21% Test OOD2: 50.85% Test OOD3: 58.39% 
Epoch: 194, Loss: 0.7803, Train: 100.00%, Valid: 65.71%, Test In: 66.15% Test OOD1: 60.20% Test OOD2: 50.86% Test OOD3: 58.40% 
Epoch: 195, Loss: 0.7745, Train: 100.00%, Valid: 65.69%, Test In: 66.19% Test OOD1: 60.23% Test OOD2: 50.89% Test OOD3: 58.44% 
Epoch: 196, Loss: 0.7683, Train: 100.00%, Valid: 65.74%, Test In: 66.23% Test OOD1: 60.25% Test OOD2: 50.88% Test OOD3: 58.44% 
Epoch: 197, Loss: 0.7621, Train: 100.00%, Valid: 65.74%, Test In: 66.28% Test OOD1: 60.25% Test OOD2: 50.91% Test OOD3: 58.44% 
Epoch: 198, Loss: 0.7557, Train: 100.00%, Valid: 65.80%, Test In: 66.36% Test OOD1: 60.25% Test OOD2: 50.91% Test OOD3: 58.43% 
Epoch: 199, Loss: 0.7491, Train: 100.00%, Valid: 65.90%, Test In: 66.46% Test OOD1: 60.26% Test OOD2: 50.89% Test OOD3: 58.44% 
Run 03:
Highest Train: 100.00
Highest Valid: 69.95
Highest In Test: 70.77
Highest OOD Test: 65.31
Highest OOD Test: 52.08
Highest OOD Test: 62.63
Chosen epoch: 17
Final Train: 80.45
Final In Test: 70.77
Final OOD Test: 64.66
Final OOD Test: 51.28
Final OOD Test: 62.10
All runs:
Highest Train: 100.00 ± 0.00
Highest Valid: 69.60 ± 0.31
Highest In Test: 70.34 ± 0.38
Highest OOD Test: 65.08 ± 0.20
Highest OOD Test: 52.20 ± 0.11
Highest OOD Test: 62.50 ± 0.12
  Final Train: 82.93 ± 2.15
   Final In  Test: 70.20 ± 0.50
   Final OOD Test: 63.36 ± 1.16
   Final OOD Test: 51.01 ± 0.24
   Final OOD Test: 61.33 ± 0.67
[INFO] TensorBoard writer closed.

Command: python main.py --dataset twitch --backbone_type gcn --env_type graph --combine_result --store_result --epochs 200 --runs 3 --num_layers 2 --expert_agg mean --tau 3 --lr 0.01 --weight_decay 5e-5 --dropout 0.0 --K 3 --hidden_channels 64 --seed 123 --device 0 --lr 0.01 --weight_decay 5e-05 --dropout 0.0 --lamda 1.0 --K 3 --hidden_channels 64 --other_env_reduce sample --result_name twitch_stage1_lr0.01_weight_decay5e-05_dropout0.0_lamda1.0_K3_hidden_channels64_other_env_reducesample
Return code: 0
Elapsed: 97.30s
