Namespace(K=3, backbone_type='gcn', combine_result=True, cpu=False, data_dir='./data/', dataset='twitch', device=0, display_step=1, dropout=0.1, env_type='graph', epochs=200, expert_agg='mean', gamma=0.99, gate_hidden=64, hidden_channels=32, infer_env=False, infer_env_components=64, infer_env_iters=30, infer_env_num=3, lambda_cl=0.1, lambda_dag=0.1, lambda_ind=0.1, lambda_l1=0.5, lamda=0.5, lamda_ciw=0.0001, lr=0.01, lr_dag=0.001, num_layers=2, other_env_reduce='sample', pos_weight=5.0, result_name='twitch_stage1_lr0.01_weight_decay5e-05_dropout0.1_lamda0.5_K3_hidden_channels32_other_env_reducesample', runs=3, seed=123, store_result=True, tau=3.0, use_bn=False, variant=False, weight_decay=5e-05)
dataset twitch: all nodes 34120 | edges 429113 | classes 2 | feats 3170
train nodes 7897 | valid nodes 3949 | test in nodes 3949
test ood1 nodes 4648 test ood2 nodes 6551 test ood3 nodes 7126 
[INFO] env numbers: 6 train env numbers: 3
MODEL: CaNet(
  (experts): ModuleList(
    (0): ExpertNet(
      (convs): ModuleList(
        (0): CaNetConv()
        (1): CaNetConv()
      )
      (fcs): ModuleList(
        (0): Linear(in_features=3170, out_features=32, bias=True)
        (1): Linear(in_features=32, out_features=2, bias=True)
      )
      (act_fn): ReLU()
    )
    (1): ExpertNet(
      (convs): ModuleList(
        (0): CaNetConv()
        (1): CaNetConv()
      )
      (fcs): ModuleList(
        (0): Linear(in_features=3170, out_features=32, bias=True)
        (1): Linear(in_features=32, out_features=2, bias=True)
      )
      (act_fn): ReLU()
    )
    (2): ExpertNet(
      (convs): ModuleList(
        (0): CaNetConv()
        (1): CaNetConv()
      )
      (fcs): ModuleList(
        (0): Linear(in_features=3170, out_features=32, bias=True)
        (1): Linear(in_features=32, out_features=2, bias=True)
      )
      (act_fn): ReLU()
    )
  )
  (gate): Sequential(
    (0): Linear(in_features=3170, out_features=64, bias=True)
    (1): ReLU()
    (2): Linear(in_features=64, out_features=3, bias=True)
  )
)
[INFO] TensorBoard logging activated. Logs will be saved to: ./runs/twitch/Apr16_04-41-09_lamda_0.5
Epoch: 00, Loss: 1.0484, Train: 67.91%, Valid: 62.99%, Test In: 63.71% Test OOD1: 52.95% Test OOD2: 52.28% Test OOD3: 57.26% 
Epoch: 01, Loss: 1.0423, Train: 67.74%, Valid: 62.79%, Test In: 63.48% Test OOD1: 52.46% Test OOD2: 52.32% Test OOD3: 56.47% 
Epoch: 02, Loss: 1.0337, Train: 61.59%, Valid: 57.82%, Test In: 58.72% Test OOD1: 47.81% Test OOD2: 51.72% Test OOD3: 52.09% 
Epoch: 03, Loss: 1.0217, Train: 57.61%, Valid: 54.63%, Test In: 55.66% Test OOD1: 45.90% Test OOD2: 51.29% Test OOD3: 50.19% 
Epoch: 04, Loss: 1.0096, Train: 62.66%, Valid: 58.89%, Test In: 59.86% Test OOD1: 48.31% Test OOD2: 51.63% Test OOD3: 51.93% 
Epoch: 05, Loss: 1.0031, Train: 73.47%, Valid: 68.27%, Test In: 69.46% Test OOD1: 59.19% Test OOD2: 52.37% Test OOD3: 59.27% 
Epoch: 06, Loss: 0.9948, Train: 74.09%, Valid: 69.02%, Test In: 70.01% Test OOD1: 65.33% Test OOD2: 51.56% Test OOD3: 62.42% 
Epoch: 07, Loss: 0.9818, Train: 71.98%, Valid: 67.78%, Test In: 68.20% Test OOD1: 64.86% Test OOD2: 51.23% Test OOD3: 62.07% 
Epoch: 08, Loss: 0.9696, Train: 71.99%, Valid: 67.83%, Test In: 68.24% Test OOD1: 64.97% Test OOD2: 51.28% Test OOD3: 62.16% 
Epoch: 09, Loss: 0.9541, Train: 72.39%, Valid: 68.17%, Test In: 68.64% Test OOD1: 65.23% Test OOD2: 51.35% Test OOD3: 62.34% 
Epoch: 10, Loss: 0.9414, Train: 73.76%, Valid: 69.06%, Test In: 69.80% Test OOD1: 65.83% Test OOD2: 51.60% Test OOD3: 62.88% 
Epoch: 11, Loss: 0.9292, Train: 73.53%, Valid: 68.96%, Test In: 69.56% Test OOD1: 65.82% Test OOD2: 51.49% Test OOD3: 62.74% 
Epoch: 12, Loss: 0.9207, Train: 75.01%, Valid: 69.82%, Test In: 70.61% Test OOD1: 65.98% Test OOD2: 51.79% Test OOD3: 63.22% 
Epoch: 13, Loss: 0.9080, Train: 75.59%, Valid: 70.08%, Test In: 70.90% Test OOD1: 65.84% Test OOD2: 51.87% Test OOD3: 63.33% 
Epoch: 14, Loss: 0.9014, Train: 75.57%, Valid: 70.01%, Test In: 70.80% Test OOD1: 66.07% Test OOD2: 51.74% Test OOD3: 63.27% 
Epoch: 15, Loss: 0.8943, Train: 76.36%, Valid: 70.29%, Test In: 71.16% Test OOD1: 65.83% Test OOD2: 51.94% Test OOD3: 63.38% 
Epoch: 16, Loss: 0.8827, Train: 77.29%, Valid: 70.53%, Test In: 71.52% Test OOD1: 65.10% Test OOD2: 52.22% Test OOD3: 63.39% 
Epoch: 17, Loss: 0.8755, Train: 77.80%, Valid: 70.74%, Test In: 71.72% Test OOD1: 65.18% Test OOD2: 52.26% Test OOD3: 63.39% 
Epoch: 18, Loss: 0.8665, Train: 78.15%, Valid: 70.83%, Test In: 71.78% Test OOD1: 65.49% Test OOD2: 52.20% Test OOD3: 63.40% 
Epoch: 19, Loss: 0.8583, Train: 78.75%, Valid: 70.81%, Test In: 71.71% Test OOD1: 65.06% Test OOD2: 52.40% Test OOD3: 63.27% 
Epoch: 20, Loss: 0.8476, Train: 79.40%, Valid: 70.78%, Test In: 71.72% Test OOD1: 64.57% Test OOD2: 52.53% Test OOD3: 63.12% 
Epoch: 21, Loss: 0.8383, Train: 79.75%, Valid: 70.77%, Test In: 71.69% Test OOD1: 64.86% Test OOD2: 52.45% Test OOD3: 63.14% 
Epoch: 22, Loss: 0.8333, Train: 80.08%, Valid: 70.68%, Test In: 71.55% Test OOD1: 65.00% Test OOD2: 52.40% Test OOD3: 63.07% 
Epoch: 23, Loss: 0.8210, Train: 80.58%, Valid: 70.56%, Test In: 71.27% Test OOD1: 64.53% Test OOD2: 52.51% Test OOD3: 62.76% 
Epoch: 24, Loss: 0.8154, Train: 81.38%, Valid: 70.72%, Test In: 71.50% Test OOD1: 64.29% Test OOD2: 52.57% Test OOD3: 62.66% 
Epoch: 25, Loss: 0.8046, Train: 81.78%, Valid: 70.75%, Test In: 71.49% Test OOD1: 64.58% Test OOD2: 52.48% Test OOD3: 62.65% 
Epoch: 26, Loss: 0.7974, Train: 82.02%, Valid: 70.49%, Test In: 71.11% Test OOD1: 64.21% Test OOD2: 52.45% Test OOD3: 62.32% 
Epoch: 27, Loss: 0.7892, Train: 82.65%, Valid: 70.37%, Test In: 71.05% Test OOD1: 63.82% Test OOD2: 52.44% Test OOD3: 62.10% 
Epoch: 28, Loss: 0.7821, Train: 82.98%, Valid: 70.36%, Test In: 71.00% Test OOD1: 64.12% Test OOD2: 52.34% Test OOD3: 62.13% 
Epoch: 29, Loss: 0.7709, Train: 83.19%, Valid: 70.16%, Test In: 70.76% Test OOD1: 63.98% Test OOD2: 52.32% Test OOD3: 61.97% 
Epoch: 30, Loss: 0.7676, Train: 83.70%, Valid: 69.97%, Test In: 70.57% Test OOD1: 63.59% Test OOD2: 52.29% Test OOD3: 61.71% 
Epoch: 31, Loss: 0.7580, Train: 83.87%, Valid: 69.91%, Test In: 70.56% Test OOD1: 63.94% Test OOD2: 52.07% Test OOD3: 61.76% 
Epoch: 32, Loss: 0.7545, Train: 84.28%, Valid: 69.81%, Test In: 70.39% Test OOD1: 63.50% Test OOD2: 52.09% Test OOD3: 61.56% 
Epoch: 33, Loss: 0.7388, Train: 84.81%, Valid: 69.78%, Test In: 70.38% Test OOD1: 63.31% Test OOD2: 52.08% Test OOD3: 61.48% 
Epoch: 34, Loss: 0.7283, Train: 84.90%, Valid: 69.77%, Test In: 70.40% Test OOD1: 63.54% Test OOD2: 51.86% Test OOD3: 61.51% 
Epoch: 35, Loss: 0.7251, Train: 85.16%, Valid: 69.72%, Test In: 70.32% Test OOD1: 63.02% Test OOD2: 51.82% Test OOD3: 61.31% 
Epoch: 36, Loss: 0.7175, Train: 85.66%, Valid: 69.79%, Test In: 70.47% Test OOD1: 63.09% Test OOD2: 51.76% Test OOD3: 61.36% 
Epoch: 37, Loss: 0.7068, Train: 85.84%, Valid: 69.79%, Test In: 70.47% Test OOD1: 62.85% Test OOD2: 51.61% Test OOD3: 61.26% 
Epoch: 38, Loss: 0.6963, Train: 86.24%, Valid: 69.72%, Test In: 70.45% Test OOD1: 62.48% Test OOD2: 51.60% Test OOD3: 61.04% 
Epoch: 39, Loss: 0.6950, Train: 86.31%, Valid: 69.72%, Test In: 70.47% Test OOD1: 62.46% Test OOD2: 51.44% Test OOD3: 61.05% 
Epoch: 40, Loss: 0.6837, Train: 87.22%, Valid: 69.59%, Test In: 70.44% Test OOD1: 62.28% Test OOD2: 51.59% Test OOD3: 60.82% 
Epoch: 41, Loss: 0.6833, Train: 86.59%, Valid: 69.54%, Test In: 70.28% Test OOD1: 62.12% Test OOD2: 51.27% Test OOD3: 60.77% 
Epoch: 42, Loss: 0.6781, Train: 87.94%, Valid: 69.57%, Test In: 70.38% Test OOD1: 62.13% Test OOD2: 51.58% Test OOD3: 60.65% 
Epoch: 43, Loss: 0.6610, Train: 88.03%, Valid: 69.56%, Test In: 70.37% Test OOD1: 62.26% Test OOD2: 51.38% Test OOD3: 60.62% 
Epoch: 44, Loss: 0.6450, Train: 87.85%, Valid: 69.55%, Test In: 70.25% Test OOD1: 61.96% Test OOD2: 51.22% Test OOD3: 60.43% 
Epoch: 45, Loss: 0.6526, Train: 88.83%, Valid: 69.63%, Test In: 70.27% Test OOD1: 61.73% Test OOD2: 51.40% Test OOD3: 60.36% 
Epoch: 46, Loss: 0.6337, Train: 88.99%, Valid: 69.74%, Test In: 70.38% Test OOD1: 62.30% Test OOD2: 51.21% Test OOD3: 60.57% 
Epoch: 47, Loss: 0.6361, Train: 89.29%, Valid: 69.64%, Test In: 70.22% Test OOD1: 61.75% Test OOD2: 51.15% Test OOD3: 60.19% 
Epoch: 48, Loss: 0.6244, Train: 89.35%, Valid: 69.64%, Test In: 70.15% Test OOD1: 61.77% Test OOD2: 51.03% Test OOD3: 60.20% 
Epoch: 49, Loss: 0.6102, Train: 90.33%, Valid: 69.62%, Test In: 70.28% Test OOD1: 62.13% Test OOD2: 51.09% Test OOD3: 60.40% 
Epoch: 50, Loss: 0.6030, Train: 90.67%, Valid: 69.57%, Test In: 70.20% Test OOD1: 61.76% Test OOD2: 51.10% Test OOD3: 60.29% 
Epoch: 51, Loss: 0.5895, Train: 90.30%, Valid: 69.49%, Test In: 70.12% Test OOD1: 61.66% Test OOD2: 50.88% Test OOD3: 60.21% 
Epoch: 52, Loss: 0.5876, Train: 91.12%, Valid: 69.37%, Test In: 70.15% Test OOD1: 61.67% Test OOD2: 50.95% Test OOD3: 60.21% 
Epoch: 53, Loss: 0.5726, Train: 91.39%, Valid: 69.53%, Test In: 70.16% Test OOD1: 62.05% Test OOD2: 50.83% Test OOD3: 60.49% 
Epoch: 54, Loss: 0.5711, Train: 91.97%, Valid: 69.42%, Test In: 70.02% Test OOD1: 61.26% Test OOD2: 51.00% Test OOD3: 60.13% 
Epoch: 55, Loss: 0.5574, Train: 91.62%, Valid: 69.50%, Test In: 70.15% Test OOD1: 61.62% Test OOD2: 50.73% Test OOD3: 60.25% 
Epoch: 56, Loss: 0.5518, Train: 92.51%, Valid: 69.48%, Test In: 70.17% Test OOD1: 61.75% Test OOD2: 50.79% Test OOD3: 60.29% 
Epoch: 57, Loss: 0.5291, Train: 93.08%, Valid: 69.44%, Test In: 70.03% Test OOD1: 61.38% Test OOD2: 50.97% Test OOD3: 60.13% 
Epoch: 58, Loss: 0.5340, Train: 92.81%, Valid: 69.44%, Test In: 70.06% Test OOD1: 61.80% Test OOD2: 50.79% Test OOD3: 60.26% 
Epoch: 59, Loss: 0.5171, Train: 93.18%, Valid: 69.30%, Test In: 70.04% Test OOD1: 61.58% Test OOD2: 50.87% Test OOD3: 60.04% 
Epoch: 60, Loss: 0.5057, Train: 94.02%, Valid: 69.26%, Test In: 70.00% Test OOD1: 61.34% Test OOD2: 51.02% Test OOD3: 59.96% 
Epoch: 61, Loss: 0.4970, Train: 93.99%, Valid: 69.33%, Test In: 70.06% Test OOD1: 61.46% Test OOD2: 50.88% Test OOD3: 60.05% 
Epoch: 62, Loss: 0.5055, Train: 94.33%, Valid: 69.13%, Test In: 69.95% Test OOD1: 61.45% Test OOD2: 50.93% Test OOD3: 59.81% 
Epoch: 63, Loss: 0.4916, Train: 94.75%, Valid: 69.17%, Test In: 69.86% Test OOD1: 61.34% Test OOD2: 50.98% Test OOD3: 59.82% 
Epoch: 64, Loss: 0.4662, Train: 94.91%, Valid: 69.14%, Test In: 69.79% Test OOD1: 61.32% Test OOD2: 51.01% Test OOD3: 59.85% 
Epoch: 65, Loss: 0.4787, Train: 95.48%, Valid: 68.94%, Test In: 69.74% Test OOD1: 61.72% Test OOD2: 51.05% Test OOD3: 59.81% 
Epoch: 66, Loss: 0.4554, Train: 95.40%, Valid: 68.90%, Test In: 69.70% Test OOD1: 61.62% Test OOD2: 51.01% Test OOD3: 59.70% 
Epoch: 67, Loss: 0.4494, Train: 95.82%, Valid: 68.93%, Test In: 69.71% Test OOD1: 61.47% Test OOD2: 51.22% Test OOD3: 59.77% 
Epoch: 68, Loss: 0.4443, Train: 96.42%, Valid: 68.85%, Test In: 69.70% Test OOD1: 61.35% Test OOD2: 51.30% Test OOD3: 59.67% 
Epoch: 69, Loss: 0.4319, Train: 96.28%, Valid: 68.96%, Test In: 69.71% Test OOD1: 61.54% Test OOD2: 51.07% Test OOD3: 59.60% 
Epoch: 70, Loss: 0.4184, Train: 96.60%, Valid: 68.93%, Test In: 69.64% Test OOD1: 61.49% Test OOD2: 51.11% Test OOD3: 59.52% 
Epoch: 71, Loss: 0.4101, Train: 97.20%, Valid: 68.84%, Test In: 69.54% Test OOD1: 61.25% Test OOD2: 51.33% Test OOD3: 59.51% 
Epoch: 72, Loss: 0.4054, Train: 97.21%, Valid: 68.82%, Test In: 69.55% Test OOD1: 61.34% Test OOD2: 51.27% Test OOD3: 59.51% 
Epoch: 73, Loss: 0.3975, Train: 97.30%, Valid: 68.62%, Test In: 69.38% Test OOD1: 61.15% Test OOD2: 51.31% Test OOD3: 59.34% 
Epoch: 74, Loss: 0.4085, Train: 97.40%, Valid: 68.52%, Test In: 69.38% Test OOD1: 61.53% Test OOD2: 51.20% Test OOD3: 59.50% 
Epoch: 75, Loss: 0.3929, Train: 97.87%, Valid: 68.53%, Test In: 69.23% Test OOD1: 61.08% Test OOD2: 51.44% Test OOD3: 59.33% 
Epoch: 76, Loss: 0.3756, Train: 97.89%, Valid: 68.58%, Test In: 69.20% Test OOD1: 60.82% Test OOD2: 51.39% Test OOD3: 59.21% 
Epoch: 77, Loss: 0.3586, Train: 97.89%, Valid: 68.56%, Test In: 69.24% Test OOD1: 61.06% Test OOD2: 51.22% Test OOD3: 59.28% 
Epoch: 78, Loss: 0.3609, Train: 98.47%, Valid: 68.42%, Test In: 69.12% Test OOD1: 61.07% Test OOD2: 51.35% Test OOD3: 59.32% 
Epoch: 79, Loss: 0.3613, Train: 98.50%, Valid: 68.46%, Test In: 69.12% Test OOD1: 61.23% Test OOD2: 51.37% Test OOD3: 59.39% 
Epoch: 80, Loss: 0.3428, Train: 98.46%, Valid: 68.53%, Test In: 69.17% Test OOD1: 61.18% Test OOD2: 51.46% Test OOD3: 59.34% 
Epoch: 81, Loss: 0.3355, Train: 98.72%, Valid: 68.41%, Test In: 69.11% Test OOD1: 61.21% Test OOD2: 51.56% Test OOD3: 59.23% 
Epoch: 82, Loss: 0.3379, Train: 98.73%, Valid: 68.29%, Test In: 69.09% Test OOD1: 61.54% Test OOD2: 51.34% Test OOD3: 59.18% 
Epoch: 83, Loss: 0.3359, Train: 98.89%, Valid: 68.34%, Test In: 69.06% Test OOD1: 61.36% Test OOD2: 51.42% Test OOD3: 59.06% 
Epoch: 84, Loss: 0.3150, Train: 98.84%, Valid: 68.41%, Test In: 69.04% Test OOD1: 61.25% Test OOD2: 51.42% Test OOD3: 58.98% 
Epoch: 85, Loss: 0.3059, Train: 99.06%, Valid: 68.31%, Test In: 69.03% Test OOD1: 61.62% Test OOD2: 51.30% Test OOD3: 59.07% 
Epoch: 86, Loss: 0.3036, Train: 99.27%, Valid: 68.21%, Test In: 68.98% Test OOD1: 61.63% Test OOD2: 51.33% Test OOD3: 59.15% 
Epoch: 87, Loss: 0.3005, Train: 99.18%, Valid: 68.40%, Test In: 69.10% Test OOD1: 61.64% Test OOD2: 51.36% Test OOD3: 59.25% 
Epoch: 88, Loss: 0.2942, Train: 99.33%, Valid: 68.38%, Test In: 69.00% Test OOD1: 61.49% Test OOD2: 51.44% Test OOD3: 59.27% 
Epoch: 89, Loss: 0.2833, Train: 99.46%, Valid: 68.21%, Test In: 68.84% Test OOD1: 61.45% Test OOD2: 51.41% Test OOD3: 59.10% 
Epoch: 90, Loss: 0.2825, Train: 99.46%, Valid: 68.09%, Test In: 68.72% Test OOD1: 61.60% Test OOD2: 51.35% Test OOD3: 58.99% 
Epoch: 91, Loss: 0.2845, Train: 99.56%, Valid: 68.02%, Test In: 68.60% Test OOD1: 61.27% Test OOD2: 51.49% Test OOD3: 58.83% 
Epoch: 92, Loss: 0.2834, Train: 99.55%, Valid: 68.11%, Test In: 68.49% Test OOD1: 61.38% Test OOD2: 51.50% Test OOD3: 58.92% 
Epoch: 93, Loss: 0.2811, Train: 99.62%, Valid: 68.08%, Test In: 68.45% Test OOD1: 61.46% Test OOD2: 51.54% Test OOD3: 58.95% 
Epoch: 94, Loss: 0.2601, Train: 99.63%, Valid: 68.08%, Test In: 68.52% Test OOD1: 61.59% Test OOD2: 51.48% Test OOD3: 59.02% 
Epoch: 95, Loss: 0.2565, Train: 99.67%, Valid: 68.08%, Test In: 68.47% Test OOD1: 61.52% Test OOD2: 51.46% Test OOD3: 59.02% 
Epoch: 96, Loss: 0.2563, Train: 99.75%, Valid: 68.06%, Test In: 68.39% Test OOD1: 61.18% Test OOD2: 51.55% Test OOD3: 59.00% 
Epoch: 97, Loss: 0.2474, Train: 99.74%, Valid: 68.13%, Test In: 68.44% Test OOD1: 60.95% Test OOD2: 51.57% Test OOD3: 58.96% 
Epoch: 98, Loss: 0.2507, Train: 99.76%, Valid: 67.93%, Test In: 68.33% Test OOD1: 61.19% Test OOD2: 51.39% Test OOD3: 58.97% 
Epoch: 99, Loss: 0.2422, Train: 99.79%, Valid: 67.68%, Test In: 68.10% Test OOD1: 61.26% Test OOD2: 51.35% Test OOD3: 58.93% 
Epoch: 100, Loss: 0.2435, Train: 99.80%, Valid: 67.78%, Test In: 68.09% Test OOD1: 61.13% Test OOD2: 51.43% Test OOD3: 58.88% 
Epoch: 101, Loss: 0.2335, Train: 99.80%, Valid: 67.87%, Test In: 68.11% Test OOD1: 60.98% Test OOD2: 51.48% Test OOD3: 58.85% 
Epoch: 102, Loss: 0.2310, Train: 99.85%, Valid: 67.72%, Test In: 67.98% Test OOD1: 60.88% Test OOD2: 51.39% Test OOD3: 58.86% 
Epoch: 103, Loss: 0.2249, Train: 99.86%, Valid: 67.71%, Test In: 67.94% Test OOD1: 60.94% Test OOD2: 51.30% Test OOD3: 58.92% 
Epoch: 104, Loss: 0.2207, Train: 99.86%, Valid: 67.85%, Test In: 68.03% Test OOD1: 60.90% Test OOD2: 51.36% Test OOD3: 59.01% 
Epoch: 105, Loss: 0.2169, Train: 99.89%, Valid: 67.85%, Test In: 67.95% Test OOD1: 61.02% Test OOD2: 51.37% Test OOD3: 59.08% 
Epoch: 106, Loss: 0.2180, Train: 99.92%, Valid: 67.68%, Test In: 67.73% Test OOD1: 61.03% Test OOD2: 51.28% Test OOD3: 58.96% 
Epoch: 107, Loss: 0.2246, Train: 99.92%, Valid: 67.79%, Test In: 67.87% Test OOD1: 61.05% Test OOD2: 51.30% Test OOD3: 58.93% 
Epoch: 108, Loss: 0.2114, Train: 99.92%, Valid: 67.85%, Test In: 67.89% Test OOD1: 60.97% Test OOD2: 51.38% Test OOD3: 58.92% 
Epoch: 109, Loss: 0.2119, Train: 99.93%, Valid: 67.65%, Test In: 67.67% Test OOD1: 61.10% Test OOD2: 51.29% Test OOD3: 58.88% 
Epoch: 110, Loss: 0.2083, Train: 99.94%, Valid: 67.70%, Test In: 67.74% Test OOD1: 61.05% Test OOD2: 51.33% Test OOD3: 58.90% 
Epoch: 111, Loss: 0.2047, Train: 99.93%, Valid: 67.94%, Test In: 67.94% Test OOD1: 60.74% Test OOD2: 51.30% Test OOD3: 58.79% 
Epoch: 112, Loss: 0.2066, Train: 99.95%, Valid: 67.84%, Test In: 67.78% Test OOD1: 60.61% Test OOD2: 51.28% Test OOD3: 58.72% 
Epoch: 113, Loss: 0.2035, Train: 99.96%, Valid: 67.63%, Test In: 67.68% Test OOD1: 60.71% Test OOD2: 51.17% Test OOD3: 58.74% 
Epoch: 114, Loss: 0.2031, Train: 99.96%, Valid: 67.61%, Test In: 67.84% Test OOD1: 60.76% Test OOD2: 51.18% Test OOD3: 58.76% 
Epoch: 115, Loss: 0.1980, Train: 99.96%, Valid: 67.63%, Test In: 67.86% Test OOD1: 60.96% Test OOD2: 51.23% Test OOD3: 58.84% 
Epoch: 116, Loss: 0.1935, Train: 99.96%, Valid: 67.48%, Test In: 67.63% Test OOD1: 61.40% Test OOD2: 51.11% Test OOD3: 58.85% 
Epoch: 117, Loss: 0.1959, Train: 99.97%, Valid: 67.41%, Test In: 67.59% Test OOD1: 61.11% Test OOD2: 51.23% Test OOD3: 58.70% 
Epoch: 118, Loss: 0.2126, Train: 99.95%, Valid: 67.79%, Test In: 67.84% Test OOD1: 61.24% Test OOD2: 51.19% Test OOD3: 58.63% 
Epoch: 119, Loss: 0.2266, Train: 99.97%, Valid: 67.37%, Test In: 67.53% Test OOD1: 60.35% Test OOD2: 51.45% Test OOD3: 58.33% 
Epoch: 120, Loss: 0.2520, Train: 99.96%, Valid: 67.37%, Test In: 67.55% Test OOD1: 61.41% Test OOD2: 51.25% Test OOD3: 58.63% 
Epoch: 121, Loss: 0.2339, Train: 99.96%, Valid: 67.36%, Test In: 67.64% Test OOD1: 61.38% Test OOD2: 51.35% Test OOD3: 58.78% 
Epoch: 122, Loss: 0.1994, Train: 99.97%, Valid: 67.20%, Test In: 67.60% Test OOD1: 60.90% Test OOD2: 51.47% Test OOD3: 58.77% 
Epoch: 123, Loss: 0.2283, Train: 99.98%, Valid: 67.14%, Test In: 67.39% Test OOD1: 60.94% Test OOD2: 51.32% Test OOD3: 58.74% 
Epoch: 124, Loss: 0.1879, Train: 99.98%, Valid: 67.40%, Test In: 67.51% Test OOD1: 60.95% Test OOD2: 51.27% Test OOD3: 58.77% 
Epoch: 125, Loss: 0.2093, Train: 99.98%, Valid: 67.64%, Test In: 67.75% Test OOD1: 60.76% Test OOD2: 51.31% Test OOD3: 58.82% 
Epoch: 126, Loss: 0.1902, Train: 99.99%, Valid: 67.54%, Test In: 67.57% Test OOD1: 60.77% Test OOD2: 51.30% Test OOD3: 58.90% 
Epoch: 127, Loss: 0.1956, Train: 99.98%, Valid: 67.57%, Test In: 67.61% Test OOD1: 60.93% Test OOD2: 51.29% Test OOD3: 58.99% 
Epoch: 128, Loss: 0.1836, Train: 99.98%, Valid: 67.63%, Test In: 67.80% Test OOD1: 61.20% Test OOD2: 51.28% Test OOD3: 59.05% 
Epoch: 129, Loss: 0.1808, Train: 99.98%, Valid: 67.51%, Test In: 67.90% Test OOD1: 61.28% Test OOD2: 51.31% Test OOD3: 58.96% 
Epoch: 130, Loss: 0.1905, Train: 99.99%, Valid: 67.14%, Test In: 67.82% Test OOD1: 61.06% Test OOD2: 51.41% Test OOD3: 58.80% 
Epoch: 131, Loss: 0.1778, Train: 99.99%, Valid: 66.98%, Test In: 67.78% Test OOD1: 60.77% Test OOD2: 51.45% Test OOD3: 58.55% 
Epoch: 132, Loss: 0.1805, Train: 99.99%, Valid: 67.13%, Test In: 67.84% Test OOD1: 60.45% Test OOD2: 51.45% Test OOD3: 58.29% 
Epoch: 133, Loss: 0.1769, Train: 99.99%, Valid: 67.06%, Test In: 67.69% Test OOD1: 60.63% Test OOD2: 51.50% Test OOD3: 58.41% 
Epoch: 134, Loss: 0.1727, Train: 99.99%, Valid: 66.98%, Test In: 67.61% Test OOD1: 61.00% Test OOD2: 51.56% Test OOD3: 58.75% 
Epoch: 135, Loss: 0.1670, Train: 99.99%, Valid: 67.08%, Test In: 67.69% Test OOD1: 61.22% Test OOD2: 51.52% Test OOD3: 58.98% 
Epoch: 136, Loss: 0.1766, Train: 99.99%, Valid: 67.22%, Test In: 67.74% Test OOD1: 61.34% Test OOD2: 51.47% Test OOD3: 58.97% 
Epoch: 137, Loss: 0.1692, Train: 99.99%, Valid: 67.17%, Test In: 67.68% Test OOD1: 61.28% Test OOD2: 51.45% Test OOD3: 58.81% 
Epoch: 138, Loss: 0.1735, Train: 100.00%, Valid: 66.95%, Test In: 67.59% Test OOD1: 61.28% Test OOD2: 51.45% Test OOD3: 58.69% 
Epoch: 139, Loss: 0.1668, Train: 99.99%, Valid: 67.02%, Test In: 67.70% Test OOD1: 60.96% Test OOD2: 51.47% Test OOD3: 58.55% 
Epoch: 140, Loss: 0.1622, Train: 99.99%, Valid: 67.11%, Test In: 67.75% Test OOD1: 60.90% Test OOD2: 51.46% Test OOD3: 58.55% 
Epoch: 141, Loss: 0.1668, Train: 100.00%, Valid: 67.09%, Test In: 67.78% Test OOD1: 61.32% Test OOD2: 51.48% Test OOD3: 58.80% 
Epoch: 142, Loss: 0.1632, Train: 99.99%, Valid: 67.29%, Test In: 67.94% Test OOD1: 61.54% Test OOD2: 51.55% Test OOD3: 59.04% 
Epoch: 143, Loss: 0.1606, Train: 99.99%, Valid: 67.45%, Test In: 67.95% Test OOD1: 61.49% Test OOD2: 51.65% Test OOD3: 59.04% 
Epoch: 144, Loss: 0.1730, Train: 99.99%, Valid: 67.19%, Test In: 67.71% Test OOD1: 61.64% Test OOD2: 51.67% Test OOD3: 59.03% 
Epoch: 145, Loss: 0.1593, Train: 100.00%, Valid: 67.20%, Test In: 67.65% Test OOD1: 61.49% Test OOD2: 51.62% Test OOD3: 58.90% 
Epoch: 146, Loss: 0.1585, Train: 100.00%, Valid: 67.24%, Test In: 67.56% Test OOD1: 60.96% Test OOD2: 51.66% Test OOD3: 58.65% 
Epoch: 147, Loss: 0.1605, Train: 100.00%, Valid: 67.17%, Test In: 67.48% Test OOD1: 60.84% Test OOD2: 51.63% Test OOD3: 58.55% 
Epoch: 148, Loss: 0.1513, Train: 100.00%, Valid: 66.99%, Test In: 67.41% Test OOD1: 61.23% Test OOD2: 51.57% Test OOD3: 58.62% 
Epoch: 149, Loss: 0.1549, Train: 100.00%, Valid: 66.94%, Test In: 67.36% Test OOD1: 61.23% Test OOD2: 51.62% Test OOD3: 58.66% 
Epoch: 150, Loss: 0.1574, Train: 100.00%, Valid: 67.08%, Test In: 67.52% Test OOD1: 61.42% Test OOD2: 51.71% Test OOD3: 58.81% 
Epoch: 151, Loss: 0.1524, Train: 100.00%, Valid: 67.17%, Test In: 67.56% Test OOD1: 61.45% Test OOD2: 51.79% Test OOD3: 58.91% 
Epoch: 152, Loss: 0.1537, Train: 100.00%, Valid: 67.08%, Test In: 67.39% Test OOD1: 61.29% Test OOD2: 51.82% Test OOD3: 58.85% 
Epoch: 153, Loss: 0.1519, Train: 100.00%, Valid: 67.22%, Test In: 67.39% Test OOD1: 60.79% Test OOD2: 51.86% Test OOD3: 58.67% 
Epoch: 154, Loss: 0.1523, Train: 100.00%, Valid: 67.32%, Test In: 67.41% Test OOD1: 60.80% Test OOD2: 51.84% Test OOD3: 58.64% 
Epoch: 155, Loss: 0.1562, Train: 100.00%, Valid: 67.16%, Test In: 67.26% Test OOD1: 60.89% Test OOD2: 51.82% Test OOD3: 58.65% 
Epoch: 156, Loss: 0.1435, Train: 100.00%, Valid: 67.03%, Test In: 67.16% Test OOD1: 60.92% Test OOD2: 51.82% Test OOD3: 58.65% 
Epoch: 157, Loss: 0.1497, Train: 100.00%, Valid: 67.17%, Test In: 67.33% Test OOD1: 60.95% Test OOD2: 51.79% Test OOD3: 58.65% 
Epoch: 158, Loss: 0.1533, Train: 100.00%, Valid: 67.14%, Test In: 67.35% Test OOD1: 61.11% Test OOD2: 51.75% Test OOD3: 58.68% 
Epoch: 159, Loss: 0.1520, Train: 100.00%, Valid: 67.12%, Test In: 67.34% Test OOD1: 61.23% Test OOD2: 51.72% Test OOD3: 58.68% 
Epoch: 160, Loss: 0.1429, Train: 100.00%, Valid: 67.32%, Test In: 67.46% Test OOD1: 61.00% Test OOD2: 51.78% Test OOD3: 58.57% 
Epoch: 161, Loss: 0.1458, Train: 100.00%, Valid: 67.48%, Test In: 67.57% Test OOD1: 60.78% Test OOD2: 51.78% Test OOD3: 58.52% 
Epoch: 162, Loss: 0.1516, Train: 100.00%, Valid: 67.42%, Test In: 67.46% Test OOD1: 60.79% Test OOD2: 51.78% Test OOD3: 58.48% 
Epoch: 163, Loss: 0.1502, Train: 100.00%, Valid: 67.35%, Test In: 67.48% Test OOD1: 61.12% Test OOD2: 51.75% Test OOD3: 58.58% 
Epoch: 164, Loss: 0.1445, Train: 100.00%, Valid: 67.56%, Test In: 67.73% Test OOD1: 61.06% Test OOD2: 51.79% Test OOD3: 58.58% 
Epoch: 165, Loss: 0.1395, Train: 100.00%, Valid: 67.53%, Test In: 67.74% Test OOD1: 61.14% Test OOD2: 51.79% Test OOD3: 58.53% 
Epoch: 166, Loss: 0.1466, Train: 100.00%, Valid: 67.23%, Test In: 67.52% Test OOD1: 61.44% Test OOD2: 51.80% Test OOD3: 58.55% 
Epoch: 167, Loss: 0.1500, Train: 100.00%, Valid: 67.18%, Test In: 67.52% Test OOD1: 61.44% Test OOD2: 51.81% Test OOD3: 58.55% 
Epoch: 168, Loss: 0.1415, Train: 100.00%, Valid: 67.40%, Test In: 67.69% Test OOD1: 61.14% Test OOD2: 51.79% Test OOD3: 58.48% 
Epoch: 169, Loss: 0.1519, Train: 100.00%, Valid: 67.24%, Test In: 67.58% Test OOD1: 61.10% Test OOD2: 51.76% Test OOD3: 58.52% 
Epoch: 170, Loss: 0.1409, Train: 100.00%, Valid: 67.01%, Test In: 67.46% Test OOD1: 61.32% Test OOD2: 51.66% Test OOD3: 58.59% 
Epoch: 171, Loss: 0.1445, Train: 100.00%, Valid: 67.18%, Test In: 67.60% Test OOD1: 61.16% Test OOD2: 51.66% Test OOD3: 58.52% 
Epoch: 172, Loss: 0.1434, Train: 100.00%, Valid: 67.15%, Test In: 67.50% Test OOD1: 60.98% Test OOD2: 51.69% Test OOD3: 58.33% 
Epoch: 173, Loss: 0.1496, Train: 100.00%, Valid: 66.87%, Test In: 67.32% Test OOD1: 61.38% Test OOD2: 51.73% Test OOD3: 58.41% 
Epoch: 174, Loss: 0.1409, Train: 100.00%, Valid: 66.96%, Test In: 67.34% Test OOD1: 61.34% Test OOD2: 51.82% Test OOD3: 58.45% 
Epoch: 175, Loss: 0.1416, Train: 100.00%, Valid: 67.13%, Test In: 67.39% Test OOD1: 61.15% Test OOD2: 51.87% Test OOD3: 58.53% 
Epoch: 176, Loss: 0.1387, Train: 100.00%, Valid: 67.05%, Test In: 67.37% Test OOD1: 60.99% Test OOD2: 51.87% Test OOD3: 58.56% 
Epoch: 177, Loss: 0.1415, Train: 100.00%, Valid: 67.14%, Test In: 67.43% Test OOD1: 60.68% Test OOD2: 51.83% Test OOD3: 58.47% 
Epoch: 178, Loss: 0.1363, Train: 100.00%, Valid: 67.32%, Test In: 67.54% Test OOD1: 60.67% Test OOD2: 51.73% Test OOD3: 58.38% 
Epoch: 179, Loss: 0.1450, Train: 100.00%, Valid: 67.29%, Test In: 67.37% Test OOD1: 60.97% Test OOD2: 51.71% Test OOD3: 58.29% 
Epoch: 180, Loss: 0.1361, Train: 100.00%, Valid: 67.24%, Test In: 67.25% Test OOD1: 61.13% Test OOD2: 51.70% Test OOD3: 58.14% 
Epoch: 181, Loss: 0.1423, Train: 100.00%, Valid: 67.27%, Test In: 67.34% Test OOD1: 61.09% Test OOD2: 51.65% Test OOD3: 58.13% 
Epoch: 182, Loss: 0.1314, Train: 100.00%, Valid: 67.36%, Test In: 67.46% Test OOD1: 61.07% Test OOD2: 51.63% Test OOD3: 58.25% 
Epoch: 183, Loss: 0.1397, Train: 100.00%, Valid: 67.33%, Test In: 67.46% Test OOD1: 60.94% Test OOD2: 51.64% Test OOD3: 58.35% 
Epoch: 184, Loss: 0.1286, Train: 100.00%, Valid: 67.32%, Test In: 67.45% Test OOD1: 60.87% Test OOD2: 51.62% Test OOD3: 58.45% 
Epoch: 185, Loss: 0.1354, Train: 100.00%, Valid: 67.35%, Test In: 67.47% Test OOD1: 60.63% Test OOD2: 51.68% Test OOD3: 58.50% 
Epoch: 186, Loss: 0.1359, Train: 100.00%, Valid: 67.15%, Test In: 67.24% Test OOD1: 60.79% Test OOD2: 51.72% Test OOD3: 58.66% 
Epoch: 187, Loss: 0.1387, Train: 100.00%, Valid: 67.02%, Test In: 67.09% Test OOD1: 60.81% Test OOD2: 51.71% Test OOD3: 58.62% 
Epoch: 188, Loss: 0.1358, Train: 100.00%, Valid: 67.01%, Test In: 67.02% Test OOD1: 60.99% Test OOD2: 51.69% Test OOD3: 58.66% 
Epoch: 189, Loss: 0.1390, Train: 100.00%, Valid: 67.13%, Test In: 67.09% Test OOD1: 60.89% Test OOD2: 51.70% Test OOD3: 58.51% 
Epoch: 190, Loss: 0.1361, Train: 100.00%, Valid: 67.22%, Test In: 67.15% Test OOD1: 60.86% Test OOD2: 51.67% Test OOD3: 58.35% 
Epoch: 191, Loss: 0.1305, Train: 100.00%, Valid: 67.25%, Test In: 67.24% Test OOD1: 61.05% Test OOD2: 51.57% Test OOD3: 58.39% 
Epoch: 192, Loss: 0.1335, Train: 100.00%, Valid: 67.24%, Test In: 67.30% Test OOD1: 60.79% Test OOD2: 51.57% Test OOD3: 58.29% 
Epoch: 193, Loss: 0.1339, Train: 100.00%, Valid: 67.37%, Test In: 67.49% Test OOD1: 60.50% Test OOD2: 51.63% Test OOD3: 58.32% 
Epoch: 194, Loss: 0.1313, Train: 100.00%, Valid: 67.33%, Test In: 67.48% Test OOD1: 60.59% Test OOD2: 51.66% Test OOD3: 58.50% 
Epoch: 195, Loss: 0.1309, Train: 100.00%, Valid: 67.28%, Test In: 67.37% Test OOD1: 60.83% Test OOD2: 51.62% Test OOD3: 58.65% 
Epoch: 196, Loss: 0.1274, Train: 100.00%, Valid: 67.46%, Test In: 67.47% Test OOD1: 60.84% Test OOD2: 51.63% Test OOD3: 58.75% 
Epoch: 197, Loss: 0.1329, Train: 100.00%, Valid: 67.47%, Test In: 67.43% Test OOD1: 60.92% Test OOD2: 51.71% Test OOD3: 58.82% 
Epoch: 198, Loss: 0.1334, Train: 100.00%, Valid: 67.35%, Test In: 67.28% Test OOD1: 61.19% Test OOD2: 51.67% Test OOD3: 58.81% 
Epoch: 199, Loss: 0.1280, Train: 100.00%, Valid: 67.47%, Test In: 67.39% Test OOD1: 61.20% Test OOD2: 51.70% Test OOD3: 58.70% 
Run 01:
Highest Train: 100.00
Highest Valid: 70.83
Highest In Test: 71.78
Highest OOD Test: 66.07
Highest OOD Test: 52.57
Highest OOD Test: 63.40
Chosen epoch: 19
Final Train: 78.15
Final In Test: 71.78
Final OOD Test: 65.49
Final OOD Test: 52.20
Final OOD Test: 63.40
Epoch: 00, Loss: 1.0404, Train: 66.24%, Valid: 63.87%, Test In: 63.14% Test OOD1: 62.12% Test OOD2: 50.32% Test OOD3: 58.55% 
Epoch: 01, Loss: 1.0336, Train: 68.59%, Valid: 65.94%, Test In: 65.30% Test OOD1: 63.12% Test OOD2: 50.41% Test OOD3: 59.43% 
Epoch: 02, Loss: 1.0243, Train: 72.11%, Valid: 68.71%, Test In: 68.54% Test OOD1: 64.54% Test OOD2: 50.54% Test OOD3: 60.97% 
Epoch: 03, Loss: 1.0133, Train: 72.22%, Valid: 68.43%, Test In: 68.58% Test OOD1: 52.21% Test OOD2: 51.43% Test OOD3: 54.96% 
Epoch: 04, Loss: 1.0055, Train: 70.39%, Valid: 66.38%, Test In: 66.73% Test OOD1: 51.02% Test OOD2: 51.43% Test OOD3: 53.89% 
Epoch: 05, Loss: 1.0032, Train: 75.60%, Valid: 70.53%, Test In: 71.40% Test OOD1: 61.52% Test OOD2: 51.46% Test OOD3: 60.80% 
Epoch: 06, Loss: 0.9939, Train: 73.18%, Valid: 68.85%, Test In: 69.19% Test OOD1: 64.93% Test OOD2: 51.02% Test OOD3: 61.78% 
Epoch: 07, Loss: 0.9845, Train: 70.68%, Valid: 67.15%, Test In: 67.06% Test OOD1: 64.07% Test OOD2: 50.90% Test OOD3: 60.85% 
Epoch: 08, Loss: 0.9748, Train: 70.04%, Valid: 66.70%, Test In: 66.55% Test OOD1: 63.91% Test OOD2: 50.92% Test OOD3: 60.66% 
Epoch: 09, Loss: 0.9651, Train: 70.37%, Valid: 66.87%, Test In: 66.79% Test OOD1: 64.05% Test OOD2: 51.02% Test OOD3: 60.84% 
Epoch: 10, Loss: 0.9544, Train: 71.00%, Valid: 67.22%, Test In: 67.24% Test OOD1: 64.24% Test OOD2: 51.14% Test OOD3: 61.07% 
Epoch: 11, Loss: 0.9452, Train: 71.65%, Valid: 67.69%, Test In: 67.81% Test OOD1: 64.50% Test OOD2: 51.23% Test OOD3: 61.34% 
Epoch: 12, Loss: 0.9327, Train: 72.46%, Valid: 68.23%, Test In: 68.44% Test OOD1: 64.78% Test OOD2: 51.32% Test OOD3: 61.67% 
Epoch: 13, Loss: 0.9236, Train: 73.40%, Valid: 68.54%, Test In: 68.90% Test OOD1: 64.75% Test OOD2: 51.55% Test OOD3: 61.96% 
Epoch: 14, Loss: 0.9142, Train: 74.32%, Valid: 69.41%, Test In: 69.81% Test OOD1: 65.40% Test OOD2: 51.56% Test OOD3: 62.44% 
Epoch: 15, Loss: 0.9062, Train: 75.36%, Valid: 69.70%, Test In: 70.24% Test OOD1: 65.25% Test OOD2: 51.81% Test OOD3: 62.72% 
Epoch: 16, Loss: 0.8951, Train: 76.28%, Valid: 70.06%, Test In: 70.71% Test OOD1: 65.10% Test OOD2: 51.99% Test OOD3: 62.96% 
Epoch: 17, Loss: 0.8850, Train: 76.90%, Valid: 70.50%, Test In: 71.25% Test OOD1: 65.29% Test OOD2: 52.02% Test OOD3: 63.12% 
Epoch: 18, Loss: 0.8787, Train: 77.65%, Valid: 70.34%, Test In: 71.20% Test OOD1: 64.69% Test OOD2: 52.26% Test OOD3: 63.03% 
Epoch: 19, Loss: 0.8655, Train: 78.22%, Valid: 70.39%, Test In: 71.31% Test OOD1: 64.50% Test OOD2: 52.33% Test OOD3: 62.99% 
Epoch: 20, Loss: 0.8573, Train: 78.78%, Valid: 70.65%, Test In: 71.59% Test OOD1: 64.50% Test OOD2: 52.38% Test OOD3: 63.00% 
Epoch: 21, Loss: 0.8483, Train: 79.49%, Valid: 70.49%, Test In: 71.44% Test OOD1: 63.96% Test OOD2: 52.52% Test OOD3: 62.76% 
Epoch: 22, Loss: 0.8398, Train: 80.11%, Valid: 70.57%, Test In: 71.47% Test OOD1: 63.85% Test OOD2: 52.59% Test OOD3: 62.64% 
Epoch: 23, Loss: 0.8301, Train: 80.64%, Valid: 70.75%, Test In: 71.57% Test OOD1: 64.06% Test OOD2: 52.55% Test OOD3: 62.64% 
Epoch: 24, Loss: 0.8242, Train: 81.29%, Valid: 70.52%, Test In: 71.26% Test OOD1: 63.68% Test OOD2: 52.51% Test OOD3: 62.31% 
Epoch: 25, Loss: 0.8126, Train: 81.82%, Valid: 70.57%, Test In: 71.24% Test OOD1: 63.86% Test OOD2: 52.48% Test OOD3: 62.26% 
Epoch: 26, Loss: 0.8029, Train: 82.39%, Valid: 70.64%, Test In: 71.29% Test OOD1: 64.02% Test OOD2: 52.48% Test OOD3: 62.23% 
Epoch: 27, Loss: 0.7967, Train: 82.86%, Valid: 70.52%, Test In: 71.16% Test OOD1: 64.01% Test OOD2: 52.42% Test OOD3: 62.07% 
Epoch: 28, Loss: 0.7874, Train: 83.16%, Valid: 70.24%, Test In: 70.83% Test OOD1: 63.83% Test OOD2: 52.40% Test OOD3: 61.85% 
Epoch: 29, Loss: 0.7815, Train: 83.64%, Valid: 70.34%, Test In: 71.00% Test OOD1: 64.02% Test OOD2: 52.32% Test OOD3: 61.90% 
Epoch: 30, Loss: 0.7731, Train: 84.32%, Valid: 70.05%, Test In: 70.64% Test OOD1: 63.48% Test OOD2: 52.30% Test OOD3: 61.56% 
Epoch: 31, Loss: 0.7655, Train: 84.42%, Valid: 70.12%, Test In: 70.71% Test OOD1: 63.65% Test OOD2: 52.20% Test OOD3: 61.61% 
Epoch: 32, Loss: 0.7572, Train: 85.20%, Valid: 69.79%, Test In: 70.34% Test OOD1: 63.05% Test OOD2: 52.24% Test OOD3: 61.26% 
Epoch: 33, Loss: 0.7466, Train: 85.61%, Valid: 69.96%, Test In: 70.46% Test OOD1: 62.79% Test OOD2: 52.05% Test OOD3: 61.15% 
Epoch: 34, Loss: 0.7434, Train: 86.27%, Valid: 69.92%, Test In: 70.53% Test OOD1: 62.70% Test OOD2: 52.09% Test OOD3: 61.13% 
Epoch: 35, Loss: 0.7348, Train: 86.56%, Valid: 69.66%, Test In: 70.29% Test OOD1: 62.34% Test OOD2: 51.90% Test OOD3: 60.83% 
Epoch: 36, Loss: 0.7284, Train: 86.72%, Valid: 69.81%, Test In: 70.47% Test OOD1: 62.27% Test OOD2: 51.69% Test OOD3: 60.78% 
Epoch: 37, Loss: 0.7195, Train: 87.60%, Valid: 69.70%, Test In: 70.45% Test OOD1: 62.27% Test OOD2: 51.78% Test OOD3: 60.77% 
Epoch: 38, Loss: 0.7076, Train: 87.76%, Valid: 69.66%, Test In: 70.47% Test OOD1: 62.28% Test OOD2: 51.65% Test OOD3: 60.71% 
Epoch: 39, Loss: 0.6987, Train: 88.00%, Valid: 69.58%, Test In: 70.48% Test OOD1: 62.06% Test OOD2: 51.50% Test OOD3: 60.48% 
Epoch: 40, Loss: 0.6892, Train: 88.75%, Valid: 69.54%, Test In: 70.52% Test OOD1: 62.09% Test OOD2: 51.50% Test OOD3: 60.50% 
Epoch: 41, Loss: 0.6809, Train: 89.08%, Valid: 69.45%, Test In: 70.47% Test OOD1: 62.13% Test OOD2: 51.45% Test OOD3: 60.44% 
Epoch: 42, Loss: 0.6677, Train: 89.41%, Valid: 69.13%, Test In: 70.22% Test OOD1: 61.94% Test OOD2: 51.32% Test OOD3: 60.20% 
Epoch: 43, Loss: 0.6650, Train: 89.57%, Valid: 69.45%, Test In: 70.59% Test OOD1: 62.20% Test OOD2: 51.24% Test OOD3: 60.41% 
Epoch: 44, Loss: 0.6557, Train: 90.47%, Valid: 68.52%, Test In: 69.76% Test OOD1: 61.73% Test OOD2: 51.35% Test OOD3: 59.93% 
Epoch: 45, Loss: 0.6625, Train: 89.80%, Valid: 69.32%, Test In: 70.51% Test OOD1: 62.10% Test OOD2: 51.10% Test OOD3: 60.30% 
Epoch: 46, Loss: 0.6413, Train: 90.50%, Valid: 69.19%, Test In: 70.39% Test OOD1: 62.11% Test OOD2: 51.18% Test OOD3: 60.39% 
Epoch: 47, Loss: 0.6191, Train: 90.56%, Valid: 68.66%, Test In: 69.92% Test OOD1: 61.70% Test OOD2: 51.01% Test OOD3: 60.03% 
Epoch: 48, Loss: 0.6260, Train: 91.19%, Valid: 68.96%, Test In: 70.12% Test OOD1: 62.00% Test OOD2: 51.15% Test OOD3: 60.42% 
Epoch: 49, Loss: 0.6084, Train: 90.76%, Valid: 69.23%, Test In: 70.40% Test OOD1: 61.91% Test OOD2: 50.85% Test OOD3: 60.40% 
Epoch: 50, Loss: 0.5964, Train: 91.34%, Valid: 69.10%, Test In: 70.21% Test OOD1: 61.78% Test OOD2: 50.90% Test OOD3: 60.26% 
Epoch: 51, Loss: 0.5865, Train: 92.09%, Valid: 68.69%, Test In: 69.83% Test OOD1: 61.78% Test OOD2: 51.06% Test OOD3: 60.22% 
Epoch: 52, Loss: 0.5832, Train: 92.04%, Valid: 68.79%, Test In: 69.94% Test OOD1: 61.55% Test OOD2: 50.88% Test OOD3: 60.03% 
Epoch: 53, Loss: 0.5619, Train: 92.28%, Valid: 68.86%, Test In: 70.06% Test OOD1: 61.63% Test OOD2: 50.88% Test OOD3: 60.21% 
Epoch: 54, Loss: 0.5582, Train: 92.94%, Valid: 68.82%, Test In: 70.00% Test OOD1: 61.61% Test OOD2: 51.02% Test OOD3: 60.28% 
Epoch: 55, Loss: 0.5506, Train: 93.05%, Valid: 68.68%, Test In: 69.84% Test OOD1: 61.04% Test OOD2: 50.90% Test OOD3: 59.83% 
Epoch: 56, Loss: 0.5497, Train: 93.82%, Valid: 68.73%, Test In: 69.85% Test OOD1: 61.41% Test OOD2: 51.08% Test OOD3: 60.11% 
Epoch: 57, Loss: 0.5291, Train: 93.80%, Valid: 68.71%, Test In: 69.85% Test OOD1: 61.52% Test OOD2: 51.04% Test OOD3: 60.15% 
Epoch: 58, Loss: 0.5266, Train: 93.90%, Valid: 68.47%, Test In: 69.64% Test OOD1: 61.34% Test OOD2: 51.08% Test OOD3: 59.90% 
Epoch: 59, Loss: 0.5237, Train: 94.80%, Valid: 68.16%, Test In: 69.46% Test OOD1: 61.40% Test OOD2: 51.23% Test OOD3: 60.08% 
Epoch: 60, Loss: 0.5123, Train: 95.00%, Valid: 68.56%, Test In: 69.80% Test OOD1: 61.47% Test OOD2: 51.14% Test OOD3: 60.01% 
Epoch: 61, Loss: 0.4961, Train: 94.90%, Valid: 68.65%, Test In: 69.88% Test OOD1: 61.20% Test OOD2: 51.11% Test OOD3: 59.78% 
Epoch: 62, Loss: 0.4953, Train: 95.53%, Valid: 68.25%, Test In: 69.48% Test OOD1: 61.36% Test OOD2: 51.28% Test OOD3: 59.78% 
Epoch: 63, Loss: 0.4796, Train: 95.84%, Valid: 68.24%, Test In: 69.41% Test OOD1: 61.41% Test OOD2: 51.22% Test OOD3: 59.71% 
Epoch: 64, Loss: 0.4772, Train: 95.89%, Valid: 68.45%, Test In: 69.54% Test OOD1: 61.35% Test OOD2: 51.12% Test OOD3: 59.51% 
Epoch: 65, Loss: 0.4609, Train: 96.31%, Valid: 68.23%, Test In: 69.46% Test OOD1: 61.35% Test OOD2: 51.18% Test OOD3: 59.45% 
Epoch: 66, Loss: 0.4484, Train: 96.69%, Valid: 67.92%, Test In: 69.25% Test OOD1: 61.29% Test OOD2: 51.28% Test OOD3: 59.42% 
Epoch: 67, Loss: 0.4506, Train: 96.82%, Valid: 68.02%, Test In: 69.41% Test OOD1: 61.29% Test OOD2: 51.33% Test OOD3: 59.51% 
Epoch: 68, Loss: 0.4356, Train: 97.04%, Valid: 67.97%, Test In: 69.31% Test OOD1: 61.24% Test OOD2: 51.37% Test OOD3: 59.44% 
Epoch: 69, Loss: 0.4233, Train: 97.33%, Valid: 67.70%, Test In: 69.00% Test OOD1: 61.29% Test OOD2: 51.39% Test OOD3: 59.38% 
Epoch: 70, Loss: 0.4353, Train: 97.35%, Valid: 67.94%, Test In: 69.18% Test OOD1: 61.40% Test OOD2: 51.42% Test OOD3: 59.39% 
Epoch: 71, Loss: 0.4209, Train: 97.71%, Valid: 67.82%, Test In: 69.00% Test OOD1: 61.29% Test OOD2: 51.49% Test OOD3: 59.23% 
Epoch: 72, Loss: 0.4019, Train: 98.10%, Valid: 67.52%, Test In: 68.82% Test OOD1: 61.25% Test OOD2: 51.47% Test OOD3: 59.15% 
Epoch: 73, Loss: 0.3956, Train: 98.03%, Valid: 67.79%, Test In: 69.10% Test OOD1: 61.39% Test OOD2: 51.50% Test OOD3: 59.22% 
Epoch: 74, Loss: 0.3992, Train: 98.21%, Valid: 67.60%, Test In: 68.93% Test OOD1: 61.36% Test OOD2: 51.53% Test OOD3: 59.15% 
Epoch: 75, Loss: 0.3879, Train: 98.51%, Valid: 67.27%, Test In: 68.81% Test OOD1: 61.36% Test OOD2: 51.51% Test OOD3: 59.18% 
Epoch: 76, Loss: 0.3746, Train: 98.54%, Valid: 67.51%, Test In: 69.05% Test OOD1: 61.34% Test OOD2: 51.56% Test OOD3: 59.16% 
Epoch: 77, Loss: 0.3777, Train: 98.77%, Valid: 67.32%, Test In: 68.88% Test OOD1: 61.22% Test OOD2: 51.57% Test OOD3: 59.10% 
Epoch: 78, Loss: 0.3688, Train: 98.95%, Valid: 67.27%, Test In: 68.77% Test OOD1: 61.45% Test OOD2: 51.61% Test OOD3: 59.14% 
Epoch: 79, Loss: 0.3542, Train: 98.94%, Valid: 67.37%, Test In: 68.79% Test OOD1: 61.67% Test OOD2: 51.60% Test OOD3: 59.14% 
Epoch: 80, Loss: 0.3462, Train: 99.04%, Valid: 67.22%, Test In: 68.57% Test OOD1: 61.59% Test OOD2: 51.57% Test OOD3: 59.05% 
Epoch: 81, Loss: 0.3527, Train: 99.12%, Valid: 67.23%, Test In: 68.78% Test OOD1: 61.55% Test OOD2: 51.52% Test OOD3: 59.01% 
Epoch: 82, Loss: 0.3405, Train: 99.22%, Valid: 67.32%, Test In: 68.94% Test OOD1: 61.43% Test OOD2: 51.44% Test OOD3: 58.91% 
Epoch: 83, Loss: 0.3320, Train: 99.37%, Valid: 67.15%, Test In: 68.80% Test OOD1: 61.40% Test OOD2: 51.39% Test OOD3: 58.83% 
Epoch: 84, Loss: 0.3294, Train: 99.34%, Valid: 67.28%, Test In: 68.91% Test OOD1: 61.62% Test OOD2: 51.37% Test OOD3: 58.93% 
Epoch: 85, Loss: 0.3352, Train: 99.46%, Valid: 67.08%, Test In: 68.65% Test OOD1: 61.61% Test OOD2: 51.46% Test OOD3: 58.88% 
Epoch: 86, Loss: 0.3100, Train: 99.52%, Valid: 66.99%, Test In: 68.51% Test OOD1: 61.55% Test OOD2: 51.54% Test OOD3: 58.80% 
Epoch: 87, Loss: 0.3037, Train: 99.55%, Valid: 66.98%, Test In: 68.44% Test OOD1: 61.46% Test OOD2: 51.49% Test OOD3: 58.68% 
Epoch: 88, Loss: 0.3121, Train: 99.60%, Valid: 67.04%, Test In: 68.39% Test OOD1: 61.27% Test OOD2: 51.50% Test OOD3: 58.66% 
Epoch: 89, Loss: 0.3095, Train: 99.67%, Valid: 66.97%, Test In: 68.40% Test OOD1: 61.37% Test OOD2: 51.51% Test OOD3: 58.75% 
Epoch: 90, Loss: 0.2966, Train: 99.67%, Valid: 67.05%, Test In: 68.54% Test OOD1: 61.37% Test OOD2: 51.52% Test OOD3: 58.89% 
Epoch: 91, Loss: 0.3011, Train: 99.69%, Valid: 67.14%, Test In: 68.59% Test OOD1: 61.35% Test OOD2: 51.56% Test OOD3: 59.11% 
Epoch: 92, Loss: 0.2888, Train: 99.77%, Valid: 66.85%, Test In: 68.31% Test OOD1: 61.26% Test OOD2: 51.60% Test OOD3: 59.03% 
Epoch: 93, Loss: 0.2878, Train: 99.79%, Valid: 66.99%, Test In: 68.41% Test OOD1: 61.28% Test OOD2: 51.59% Test OOD3: 58.92% 
Epoch: 94, Loss: 0.2746, Train: 99.80%, Valid: 67.02%, Test In: 68.36% Test OOD1: 61.23% Test OOD2: 51.67% Test OOD3: 58.82% 
Epoch: 95, Loss: 0.2738, Train: 99.82%, Valid: 66.85%, Test In: 68.17% Test OOD1: 61.44% Test OOD2: 51.77% Test OOD3: 58.86% 
Epoch: 96, Loss: 0.2752, Train: 99.82%, Valid: 66.99%, Test In: 68.30% Test OOD1: 61.30% Test OOD2: 51.87% Test OOD3: 58.86% 
Epoch: 97, Loss: 0.2630, Train: 99.85%, Valid: 66.90%, Test In: 68.22% Test OOD1: 61.13% Test OOD2: 51.90% Test OOD3: 58.81% 
Epoch: 98, Loss: 0.2667, Train: 99.88%, Valid: 66.60%, Test In: 68.00% Test OOD1: 61.23% Test OOD2: 51.82% Test OOD3: 58.91% 
Epoch: 99, Loss: 0.2640, Train: 99.89%, Valid: 66.66%, Test In: 68.16% Test OOD1: 61.35% Test OOD2: 51.80% Test OOD3: 59.16% 
Epoch: 100, Loss: 0.2472, Train: 99.88%, Valid: 66.69%, Test In: 68.31% Test OOD1: 61.28% Test OOD2: 51.81% Test OOD3: 59.12% 
Epoch: 101, Loss: 0.2533, Train: 99.89%, Valid: 66.55%, Test In: 68.23% Test OOD1: 61.24% Test OOD2: 51.80% Test OOD3: 58.90% 
Epoch: 102, Loss: 0.2528, Train: 99.91%, Valid: 66.32%, Test In: 67.99% Test OOD1: 60.76% Test OOD2: 51.80% Test OOD3: 58.54% 
Epoch: 103, Loss: 0.2476, Train: 99.92%, Valid: 66.45%, Test In: 68.05% Test OOD1: 60.95% Test OOD2: 51.75% Test OOD3: 58.56% 
Epoch: 104, Loss: 0.2441, Train: 99.94%, Valid: 66.22%, Test In: 67.89% Test OOD1: 61.41% Test OOD2: 51.71% Test OOD3: 58.73% 
Epoch: 105, Loss: 0.2392, Train: 99.95%, Valid: 66.42%, Test In: 67.99% Test OOD1: 61.61% Test OOD2: 51.69% Test OOD3: 58.88% 
Epoch: 106, Loss: 0.2392, Train: 99.95%, Valid: 66.79%, Test In: 68.17% Test OOD1: 61.46% Test OOD2: 51.73% Test OOD3: 58.81% 
Epoch: 107, Loss: 0.2358, Train: 99.97%, Valid: 66.41%, Test In: 67.93% Test OOD1: 61.22% Test OOD2: 51.70% Test OOD3: 58.63% 
Epoch: 108, Loss: 0.2330, Train: 99.97%, Valid: 66.53%, Test In: 68.00% Test OOD1: 61.19% Test OOD2: 51.66% Test OOD3: 58.65% 
Epoch: 109, Loss: 0.2220, Train: 99.96%, Valid: 66.55%, Test In: 68.03% Test OOD1: 61.13% Test OOD2: 51.66% Test OOD3: 58.65% 
Epoch: 110, Loss: 0.2345, Train: 99.97%, Valid: 66.41%, Test In: 67.97% Test OOD1: 60.87% Test OOD2: 51.76% Test OOD3: 58.60% 
Epoch: 111, Loss: 0.2287, Train: 99.96%, Valid: 66.46%, Test In: 68.01% Test OOD1: 60.84% Test OOD2: 51.68% Test OOD3: 58.55% 
Epoch: 112, Loss: 0.2399, Train: 99.97%, Valid: 66.49%, Test In: 67.99% Test OOD1: 60.47% Test OOD2: 51.61% Test OOD3: 58.55% 
Epoch: 113, Loss: 0.2219, Train: 99.98%, Valid: 66.45%, Test In: 67.95% Test OOD1: 60.64% Test OOD2: 51.49% Test OOD3: 58.57% 
Epoch: 114, Loss: 0.2204, Train: 99.98%, Valid: 66.44%, Test In: 67.97% Test OOD1: 60.95% Test OOD2: 51.41% Test OOD3: 58.65% 
Epoch: 115, Loss: 0.2301, Train: 99.99%, Valid: 66.35%, Test In: 67.89% Test OOD1: 60.70% Test OOD2: 51.53% Test OOD3: 58.68% 
Epoch: 116, Loss: 0.2255, Train: 99.98%, Valid: 66.71%, Test In: 68.18% Test OOD1: 60.69% Test OOD2: 51.59% Test OOD3: 58.69% 
Epoch: 117, Loss: 0.2202, Train: 99.98%, Valid: 66.63%, Test In: 68.06% Test OOD1: 60.80% Test OOD2: 51.50% Test OOD3: 58.69% 
Epoch: 118, Loss: 0.2105, Train: 99.99%, Valid: 66.31%, Test In: 67.78% Test OOD1: 60.80% Test OOD2: 51.46% Test OOD3: 58.70% 
Epoch: 119, Loss: 0.2311, Train: 99.99%, Valid: 66.62%, Test In: 68.03% Test OOD1: 61.09% Test OOD2: 51.44% Test OOD3: 58.77% 
Epoch: 120, Loss: 0.2056, Train: 99.99%, Valid: 66.70%, Test In: 68.10% Test OOD1: 60.88% Test OOD2: 51.55% Test OOD3: 58.69% 
Epoch: 121, Loss: 0.2055, Train: 99.99%, Valid: 66.43%, Test In: 67.97% Test OOD1: 60.76% Test OOD2: 51.66% Test OOD3: 58.74% 
Epoch: 122, Loss: 0.2141, Train: 99.99%, Valid: 66.70%, Test In: 68.25% Test OOD1: 61.03% Test OOD2: 51.64% Test OOD3: 58.79% 
Epoch: 123, Loss: 0.1937, Train: 99.99%, Valid: 66.64%, Test In: 68.29% Test OOD1: 61.15% Test OOD2: 51.57% Test OOD3: 58.80% 
Epoch: 124, Loss: 0.2028, Train: 100.00%, Valid: 66.42%, Test In: 68.21% Test OOD1: 61.00% Test OOD2: 51.53% Test OOD3: 58.72% 
Epoch: 125, Loss: 0.2026, Train: 99.99%, Valid: 66.51%, Test In: 68.28% Test OOD1: 60.92% Test OOD2: 51.53% Test OOD3: 58.68% 
Epoch: 126, Loss: 0.2009, Train: 99.99%, Valid: 66.62%, Test In: 68.30% Test OOD1: 61.00% Test OOD2: 51.49% Test OOD3: 58.63% 
Epoch: 127, Loss: 0.2052, Train: 100.00%, Valid: 66.57%, Test In: 68.18% Test OOD1: 61.08% Test OOD2: 51.47% Test OOD3: 58.58% 
Epoch: 128, Loss: 0.1881, Train: 100.00%, Valid: 66.37%, Test In: 68.12% Test OOD1: 61.10% Test OOD2: 51.48% Test OOD3: 58.53% 
Epoch: 129, Loss: 0.1938, Train: 100.00%, Valid: 66.31%, Test In: 68.08% Test OOD1: 60.96% Test OOD2: 51.50% Test OOD3: 58.43% 
Epoch: 130, Loss: 0.2006, Train: 100.00%, Valid: 66.22%, Test In: 67.97% Test OOD1: 60.63% Test OOD2: 51.64% Test OOD3: 58.42% 
Epoch: 131, Loss: 0.1918, Train: 100.00%, Valid: 66.18%, Test In: 67.96% Test OOD1: 60.60% Test OOD2: 51.75% Test OOD3: 58.47% 
Epoch: 132, Loss: 0.1964, Train: 100.00%, Valid: 66.29%, Test In: 68.18% Test OOD1: 61.14% Test OOD2: 51.66% Test OOD3: 58.59% 
Epoch: 133, Loss: 0.1792, Train: 100.00%, Valid: 66.38%, Test In: 68.34% Test OOD1: 61.37% Test OOD2: 51.52% Test OOD3: 58.54% 
Epoch: 134, Loss: 0.1861, Train: 100.00%, Valid: 66.27%, Test In: 68.25% Test OOD1: 61.06% Test OOD2: 51.43% Test OOD3: 58.27% 
Epoch: 135, Loss: 0.1834, Train: 100.00%, Valid: 66.15%, Test In: 68.10% Test OOD1: 61.02% Test OOD2: 51.41% Test OOD3: 58.17% 
Epoch: 136, Loss: 0.1872, Train: 100.00%, Valid: 66.24%, Test In: 68.03% Test OOD1: 60.85% Test OOD2: 51.51% Test OOD3: 58.17% 
Epoch: 137, Loss: 0.1899, Train: 100.00%, Valid: 66.47%, Test In: 68.09% Test OOD1: 61.20% Test OOD2: 51.58% Test OOD3: 58.49% 
Epoch: 138, Loss: 0.1805, Train: 100.00%, Valid: 66.58%, Test In: 68.18% Test OOD1: 61.73% Test OOD2: 51.62% Test OOD3: 58.98% 
Epoch: 139, Loss: 0.1761, Train: 100.00%, Valid: 66.73%, Test In: 68.36% Test OOD1: 61.81% Test OOD2: 51.71% Test OOD3: 59.24% 
Epoch: 140, Loss: 0.1854, Train: 100.00%, Valid: 66.84%, Test In: 68.48% Test OOD1: 61.52% Test OOD2: 51.78% Test OOD3: 59.20% 
Epoch: 141, Loss: 0.1774, Train: 100.00%, Valid: 66.61%, Test In: 68.19% Test OOD1: 61.20% Test OOD2: 51.76% Test OOD3: 58.96% 
Epoch: 142, Loss: 0.1751, Train: 100.00%, Valid: 66.62%, Test In: 68.13% Test OOD1: 60.91% Test OOD2: 51.77% Test OOD3: 58.73% 
Epoch: 143, Loss: 0.1740, Train: 100.00%, Valid: 66.81%, Test In: 68.27% Test OOD1: 60.97% Test OOD2: 51.77% Test OOD3: 58.69% 
Epoch: 144, Loss: 0.1782, Train: 100.00%, Valid: 66.65%, Test In: 68.18% Test OOD1: 61.46% Test OOD2: 51.67% Test OOD3: 59.00% 
Epoch: 145, Loss: 0.1752, Train: 100.00%, Valid: 66.73%, Test In: 68.20% Test OOD1: 61.29% Test OOD2: 51.72% Test OOD3: 59.15% 
Epoch: 146, Loss: 0.1727, Train: 100.00%, Valid: 66.88%, Test In: 68.30% Test OOD1: 61.14% Test OOD2: 51.77% Test OOD3: 59.16% 
Epoch: 147, Loss: 0.1679, Train: 100.00%, Valid: 66.79%, Test In: 68.19% Test OOD1: 61.33% Test OOD2: 51.76% Test OOD3: 59.16% 
Epoch: 148, Loss: 0.1803, Train: 100.00%, Valid: 66.73%, Test In: 68.10% Test OOD1: 61.34% Test OOD2: 51.73% Test OOD3: 59.15% 
Epoch: 149, Loss: 0.1651, Train: 100.00%, Valid: 66.87%, Test In: 68.30% Test OOD1: 61.25% Test OOD2: 51.72% Test OOD3: 58.98% 
Epoch: 150, Loss: 0.1686, Train: 100.00%, Valid: 66.80%, Test In: 68.34% Test OOD1: 61.02% Test OOD2: 51.75% Test OOD3: 58.75% 
Epoch: 151, Loss: 0.1688, Train: 100.00%, Valid: 66.45%, Test In: 68.07% Test OOD1: 60.94% Test OOD2: 51.73% Test OOD3: 58.64% 
Epoch: 152, Loss: 0.1716, Train: 100.00%, Valid: 66.60%, Test In: 68.14% Test OOD1: 61.03% Test OOD2: 51.78% Test OOD3: 58.69% 
Epoch: 153, Loss: 0.1650, Train: 100.00%, Valid: 66.71%, Test In: 68.15% Test OOD1: 60.86% Test OOD2: 51.76% Test OOD3: 58.63% 
Epoch: 154, Loss: 0.1640, Train: 100.00%, Valid: 66.54%, Test In: 68.00% Test OOD1: 61.01% Test OOD2: 51.70% Test OOD3: 58.70% 
Epoch: 155, Loss: 0.1730, Train: 100.00%, Valid: 66.72%, Test In: 68.21% Test OOD1: 61.13% Test OOD2: 51.70% Test OOD3: 58.75% 
Epoch: 156, Loss: 0.1633, Train: 100.00%, Valid: 66.90%, Test In: 68.41% Test OOD1: 61.06% Test OOD2: 51.67% Test OOD3: 58.74% 
Epoch: 157, Loss: 0.1757, Train: 100.00%, Valid: 66.77%, Test In: 68.31% Test OOD1: 61.18% Test OOD2: 51.59% Test OOD3: 58.89% 
Epoch: 158, Loss: 0.1661, Train: 100.00%, Valid: 66.82%, Test In: 68.37% Test OOD1: 61.37% Test OOD2: 51.62% Test OOD3: 58.98% 
Epoch: 159, Loss: 0.1656, Train: 100.00%, Valid: 66.75%, Test In: 68.34% Test OOD1: 60.79% Test OOD2: 51.66% Test OOD3: 58.89% 
Epoch: 160, Loss: 0.1589, Train: 100.00%, Valid: 66.54%, Test In: 68.23% Test OOD1: 60.64% Test OOD2: 51.69% Test OOD3: 58.90% 
Epoch: 161, Loss: 0.1597, Train: 100.00%, Valid: 66.52%, Test In: 68.28% Test OOD1: 60.71% Test OOD2: 51.74% Test OOD3: 58.92% 
Epoch: 162, Loss: 0.1613, Train: 100.00%, Valid: 66.66%, Test In: 68.37% Test OOD1: 60.53% Test OOD2: 51.79% Test OOD3: 58.87% 
Epoch: 163, Loss: 0.1665, Train: 100.00%, Valid: 66.64%, Test In: 68.33% Test OOD1: 60.52% Test OOD2: 51.74% Test OOD3: 58.81% 
Epoch: 164, Loss: 0.1670, Train: 100.00%, Valid: 66.70%, Test In: 68.36% Test OOD1: 61.06% Test OOD2: 51.62% Test OOD3: 58.99% 
Epoch: 165, Loss: 0.1606, Train: 100.00%, Valid: 66.63%, Test In: 68.29% Test OOD1: 61.17% Test OOD2: 51.46% Test OOD3: 59.06% 
Epoch: 166, Loss: 0.1541, Train: 100.00%, Valid: 66.65%, Test In: 68.26% Test OOD1: 60.91% Test OOD2: 51.47% Test OOD3: 58.87% 
Epoch: 167, Loss: 0.1687, Train: 100.00%, Valid: 66.50%, Test In: 68.12% Test OOD1: 60.81% Test OOD2: 51.51% Test OOD3: 58.76% 
Epoch: 168, Loss: 0.1636, Train: 100.00%, Valid: 66.32%, Test In: 67.97% Test OOD1: 60.79% Test OOD2: 51.53% Test OOD3: 58.73% 
Epoch: 169, Loss: 0.1547, Train: 100.00%, Valid: 66.26%, Test In: 68.00% Test OOD1: 60.57% Test OOD2: 51.59% Test OOD3: 58.79% 
Epoch: 170, Loss: 0.1578, Train: 100.00%, Valid: 66.53%, Test In: 68.20% Test OOD1: 60.49% Test OOD2: 51.61% Test OOD3: 58.88% 
Epoch: 171, Loss: 0.1580, Train: 100.00%, Valid: 66.72%, Test In: 68.41% Test OOD1: 60.49% Test OOD2: 51.60% Test OOD3: 58.92% 
Epoch: 172, Loss: 0.1504, Train: 100.00%, Valid: 66.88%, Test In: 68.56% Test OOD1: 60.86% Test OOD2: 51.60% Test OOD3: 59.02% 
Epoch: 173, Loss: 0.1552, Train: 100.00%, Valid: 66.94%, Test In: 68.60% Test OOD1: 61.19% Test OOD2: 51.59% Test OOD3: 59.09% 
Epoch: 174, Loss: 0.1600, Train: 100.00%, Valid: 66.61%, Test In: 68.29% Test OOD1: 61.03% Test OOD2: 51.56% Test OOD3: 58.94% 
Epoch: 175, Loss: 0.1529, Train: 100.00%, Valid: 66.81%, Test In: 68.29% Test OOD1: 61.08% Test OOD2: 51.59% Test OOD3: 58.94% 
Epoch: 176, Loss: 0.1588, Train: 100.00%, Valid: 66.64%, Test In: 68.09% Test OOD1: 60.71% Test OOD2: 51.62% Test OOD3: 58.84% 
Epoch: 177, Loss: 0.1488, Train: 100.00%, Valid: 66.57%, Test In: 67.98% Test OOD1: 60.38% Test OOD2: 51.65% Test OOD3: 58.69% 
Epoch: 178, Loss: 0.1656, Train: 100.00%, Valid: 66.71%, Test In: 68.17% Test OOD1: 60.86% Test OOD2: 51.73% Test OOD3: 58.79% 
Epoch: 179, Loss: 0.1562, Train: 100.00%, Valid: 66.55%, Test In: 68.24% Test OOD1: 60.88% Test OOD2: 51.73% Test OOD3: 58.81% 
Epoch: 180, Loss: 0.1489, Train: 100.00%, Valid: 66.62%, Test In: 68.44% Test OOD1: 60.61% Test OOD2: 51.70% Test OOD3: 58.79% 
Epoch: 181, Loss: 0.1600, Train: 100.00%, Valid: 66.84%, Test In: 68.59% Test OOD1: 60.55% Test OOD2: 51.73% Test OOD3: 58.70% 
Epoch: 182, Loss: 0.1540, Train: 100.00%, Valid: 66.65%, Test In: 68.51% Test OOD1: 60.49% Test OOD2: 51.67% Test OOD3: 58.63% 
Epoch: 183, Loss: 0.1490, Train: 100.00%, Valid: 66.47%, Test In: 68.29% Test OOD1: 60.86% Test OOD2: 51.59% Test OOD3: 58.70% 
Epoch: 184, Loss: 0.1491, Train: 100.00%, Valid: 66.50%, Test In: 68.27% Test OOD1: 60.69% Test OOD2: 51.61% Test OOD3: 58.63% 
Epoch: 185, Loss: 0.1491, Train: 100.00%, Valid: 66.59%, Test In: 68.25% Test OOD1: 60.47% Test OOD2: 51.55% Test OOD3: 58.60% 
Epoch: 186, Loss: 0.1503, Train: 100.00%, Valid: 66.59%, Test In: 68.21% Test OOD1: 60.67% Test OOD2: 51.60% Test OOD3: 58.70% 
Epoch: 187, Loss: 0.1422, Train: 100.00%, Valid: 66.59%, Test In: 68.31% Test OOD1: 60.72% Test OOD2: 51.69% Test OOD3: 58.73% 
Epoch: 188, Loss: 0.1418, Train: 100.00%, Valid: 66.65%, Test In: 68.46% Test OOD1: 60.69% Test OOD2: 51.81% Test OOD3: 58.74% 
Epoch: 189, Loss: 0.1452, Train: 100.00%, Valid: 66.62%, Test In: 68.51% Test OOD1: 60.66% Test OOD2: 51.82% Test OOD3: 58.72% 
Epoch: 190, Loss: 0.1415, Train: 100.00%, Valid: 66.77%, Test In: 68.61% Test OOD1: 60.70% Test OOD2: 51.79% Test OOD3: 58.66% 
Epoch: 191, Loss: 0.1438, Train: 100.00%, Valid: 66.91%, Test In: 68.65% Test OOD1: 60.50% Test OOD2: 51.72% Test OOD3: 58.55% 
Epoch: 192, Loss: 0.1519, Train: 100.00%, Valid: 66.95%, Test In: 68.61% Test OOD1: 60.87% Test OOD2: 51.67% Test OOD3: 58.64% 
Epoch: 193, Loss: 0.1382, Train: 100.00%, Valid: 66.90%, Test In: 68.50% Test OOD1: 60.96% Test OOD2: 51.67% Test OOD3: 58.66% 
Epoch: 194, Loss: 0.1467, Train: 100.00%, Valid: 66.93%, Test In: 68.45% Test OOD1: 60.61% Test OOD2: 51.71% Test OOD3: 58.55% 
Epoch: 195, Loss: 0.1411, Train: 100.00%, Valid: 66.90%, Test In: 68.39% Test OOD1: 60.37% Test OOD2: 51.68% Test OOD3: 58.47% 
Epoch: 196, Loss: 0.1552, Train: 100.00%, Valid: 66.87%, Test In: 68.40% Test OOD1: 60.83% Test OOD2: 51.69% Test OOD3: 58.54% 
Epoch: 197, Loss: 0.1470, Train: 100.00%, Valid: 66.91%, Test In: 68.46% Test OOD1: 60.82% Test OOD2: 51.66% Test OOD3: 58.60% 
Epoch: 198, Loss: 0.1445, Train: 100.00%, Valid: 67.05%, Test In: 68.54% Test OOD1: 60.51% Test OOD2: 51.59% Test OOD3: 58.50% 
Epoch: 199, Loss: 0.1529, Train: 100.00%, Valid: 67.01%, Test In: 68.48% Test OOD1: 61.15% Test OOD2: 51.60% Test OOD3: 58.69% 
Run 02:
Highest Train: 100.00
Highest Valid: 70.75
Highest In Test: 71.59
Highest OOD Test: 65.40
Highest OOD Test: 52.59
Highest OOD Test: 63.12
Chosen epoch: 24
Final Train: 80.64
Final In Test: 71.57
Final OOD Test: 64.06
Final OOD Test: 52.55
Final OOD Test: 62.64
Epoch: 00, Loss: 1.0412, Train: 71.90%, Valid: 66.55%, Test In: 68.00% Test OOD1: 60.04% Test OOD2: 51.75% Test OOD3: 60.62% 
Epoch: 01, Loss: 1.0358, Train: 68.34%, Valid: 63.44%, Test In: 64.52% Test OOD1: 52.14% Test OOD2: 51.94% Test OOD3: 55.39% 
Epoch: 02, Loss: 1.0283, Train: 63.87%, Valid: 59.93%, Test In: 60.63% Test OOD1: 48.34% Test OOD2: 51.55% Test OOD3: 52.28% 
Epoch: 03, Loss: 1.0183, Train: 59.71%, Valid: 56.65%, Test In: 57.44% Test OOD1: 46.22% Test OOD2: 51.19% Test OOD3: 50.40% 
Epoch: 04, Loss: 1.0097, Train: 66.95%, Valid: 62.95%, Test In: 63.49% Test OOD1: 49.81% Test OOD2: 51.78% Test OOD3: 53.23% 
Epoch: 05, Loss: 1.0028, Train: 74.50%, Valid: 69.43%, Test In: 70.48% Test OOD1: 60.54% Test OOD2: 51.99% Test OOD3: 60.08% 
Epoch: 06, Loss: 0.9978, Train: 74.10%, Valid: 69.12%, Test In: 69.88% Test OOD1: 65.08% Test OOD2: 51.35% Test OOD3: 61.94% 
Epoch: 07, Loss: 0.9883, Train: 71.85%, Valid: 67.68%, Test In: 67.92% Test OOD1: 64.64% Test OOD2: 51.13% Test OOD3: 61.53% 
Epoch: 08, Loss: 0.9776, Train: 70.56%, Valid: 66.91%, Test In: 66.91% Test OOD1: 64.23% Test OOD2: 51.02% Test OOD3: 61.08% 
Epoch: 09, Loss: 0.9675, Train: 70.61%, Valid: 67.01%, Test In: 67.02% Test OOD1: 64.31% Test OOD2: 51.06% Test OOD3: 61.09% 
Epoch: 10, Loss: 0.9560, Train: 71.42%, Valid: 67.54%, Test In: 67.68% Test OOD1: 64.67% Test OOD2: 51.19% Test OOD3: 61.37% 
Epoch: 11, Loss: 0.9465, Train: 71.84%, Valid: 67.95%, Test In: 68.15% Test OOD1: 64.92% Test OOD2: 51.21% Test OOD3: 61.56% 
Epoch: 12, Loss: 0.9329, Train: 72.79%, Valid: 68.56%, Test In: 68.83% Test OOD1: 65.22% Test OOD2: 51.38% Test OOD3: 61.92% 
Epoch: 13, Loss: 0.9229, Train: 73.65%, Valid: 69.11%, Test In: 69.49% Test OOD1: 65.49% Test OOD2: 51.52% Test OOD3: 62.29% 
Epoch: 14, Loss: 0.9148, Train: 74.49%, Valid: 69.71%, Test In: 70.17% Test OOD1: 65.72% Test OOD2: 51.60% Test OOD3: 62.65% 
Epoch: 15, Loss: 0.9046, Train: 75.58%, Valid: 70.17%, Test In: 70.77% Test OOD1: 65.44% Test OOD2: 51.87% Test OOD3: 63.01% 
Epoch: 16, Loss: 0.8970, Train: 76.02%, Valid: 70.60%, Test In: 71.26% Test OOD1: 65.68% Test OOD2: 51.83% Test OOD3: 63.15% 
Epoch: 17, Loss: 0.8875, Train: 76.87%, Valid: 70.62%, Test In: 71.40% Test OOD1: 64.98% Test OOD2: 52.10% Test OOD3: 63.18% 
Epoch: 18, Loss: 0.8795, Train: 77.32%, Valid: 70.74%, Test In: 71.57% Test OOD1: 64.99% Test OOD2: 52.17% Test OOD3: 63.17% 
Epoch: 19, Loss: 0.8726, Train: 77.80%, Valid: 70.85%, Test In: 71.73% Test OOD1: 65.00% Test OOD2: 52.23% Test OOD3: 63.16% 
Epoch: 20, Loss: 0.8601, Train: 78.41%, Valid: 70.90%, Test In: 71.79% Test OOD1: 64.77% Test OOD2: 52.32% Test OOD3: 63.08% 
Epoch: 21, Loss: 0.8522, Train: 79.00%, Valid: 70.83%, Test In: 71.70% Test OOD1: 64.49% Test OOD2: 52.42% Test OOD3: 62.95% 
Epoch: 22, Loss: 0.8458, Train: 79.41%, Valid: 70.89%, Test In: 71.66% Test OOD1: 64.60% Test OOD2: 52.44% Test OOD3: 62.90% 
Epoch: 23, Loss: 0.8370, Train: 79.93%, Valid: 70.97%, Test In: 71.63% Test OOD1: 64.59% Test OOD2: 52.50% Test OOD3: 62.81% 
Epoch: 24, Loss: 0.8300, Train: 80.67%, Valid: 71.05%, Test In: 71.73% Test OOD1: 64.47% Test OOD2: 52.56% Test OOD3: 62.70% 
Epoch: 25, Loss: 0.8215, Train: 81.13%, Valid: 71.06%, Test In: 71.73% Test OOD1: 64.53% Test OOD2: 52.51% Test OOD3: 62.62% 
Epoch: 26, Loss: 0.8116, Train: 81.33%, Valid: 70.91%, Test In: 71.51% Test OOD1: 64.60% Test OOD2: 52.49% Test OOD3: 62.49% 
Epoch: 27, Loss: 0.8039, Train: 81.95%, Valid: 70.76%, Test In: 71.36% Test OOD1: 64.40% Test OOD2: 52.50% Test OOD3: 62.32% 
Epoch: 28, Loss: 0.7945, Train: 82.42%, Valid: 70.81%, Test In: 71.43% Test OOD1: 64.56% Test OOD2: 52.43% Test OOD3: 62.33% 
Epoch: 29, Loss: 0.7868, Train: 82.89%, Valid: 70.64%, Test In: 71.22% Test OOD1: 64.35% Test OOD2: 52.32% Test OOD3: 62.10% 
Epoch: 30, Loss: 0.7812, Train: 83.32%, Valid: 70.33%, Test In: 70.88% Test OOD1: 64.05% Test OOD2: 52.30% Test OOD3: 61.85% 
Epoch: 31, Loss: 0.7718, Train: 83.69%, Valid: 70.41%, Test In: 70.95% Test OOD1: 64.20% Test OOD2: 52.17% Test OOD3: 61.85% 
Epoch: 32, Loss: 0.7690, Train: 84.41%, Valid: 69.97%, Test In: 70.45% Test OOD1: 63.51% Test OOD2: 52.14% Test OOD3: 61.42% 
Epoch: 33, Loss: 0.7610, Train: 84.72%, Valid: 70.13%, Test In: 70.56% Test OOD1: 63.59% Test OOD2: 52.06% Test OOD3: 61.40% 
Epoch: 34, Loss: 0.7510, Train: 84.92%, Valid: 70.15%, Test In: 70.59% Test OOD1: 63.56% Test OOD2: 51.90% Test OOD3: 61.33% 
Epoch: 35, Loss: 0.7420, Train: 85.60%, Valid: 69.92%, Test In: 70.34% Test OOD1: 63.01% Test OOD2: 51.93% Test OOD3: 61.02% 
Epoch: 36, Loss: 0.7373, Train: 85.85%, Valid: 70.05%, Test In: 70.57% Test OOD1: 63.25% Test OOD2: 51.90% Test OOD3: 61.14% 
Epoch: 37, Loss: 0.7268, Train: 85.83%, Valid: 70.01%, Test In: 70.60% Test OOD1: 63.19% Test OOD2: 51.72% Test OOD3: 61.07% 
Epoch: 38, Loss: 0.7179, Train: 86.34%, Valid: 69.89%, Test In: 70.51% Test OOD1: 62.88% Test OOD2: 51.71% Test OOD3: 60.88% 
Epoch: 39, Loss: 0.7134, Train: 86.65%, Valid: 69.93%, Test In: 70.60% Test OOD1: 63.14% Test OOD2: 51.72% Test OOD3: 60.94% 
Epoch: 40, Loss: 0.7014, Train: 86.47%, Valid: 69.83%, Test In: 70.55% Test OOD1: 62.99% Test OOD2: 51.55% Test OOD3: 60.82% 
Epoch: 41, Loss: 0.6987, Train: 87.24%, Valid: 69.68%, Test In: 70.49% Test OOD1: 62.67% Test OOD2: 51.56% Test OOD3: 60.57% 
Epoch: 42, Loss: 0.6906, Train: 87.49%, Valid: 69.81%, Test In: 70.69% Test OOD1: 63.02% Test OOD2: 51.47% Test OOD3: 60.74% 
Epoch: 43, Loss: 0.6808, Train: 87.56%, Valid: 69.56%, Test In: 70.43% Test OOD1: 62.72% Test OOD2: 51.50% Test OOD3: 60.55% 
Epoch: 44, Loss: 0.6747, Train: 87.85%, Valid: 69.55%, Test In: 70.48% Test OOD1: 62.80% Test OOD2: 51.34% Test OOD3: 60.50% 
Epoch: 45, Loss: 0.6614, Train: 88.42%, Valid: 69.55%, Test In: 70.54% Test OOD1: 63.06% Test OOD2: 51.33% Test OOD3: 60.59% 
Epoch: 46, Loss: 0.6564, Train: 88.83%, Valid: 69.39%, Test In: 70.38% Test OOD1: 63.01% Test OOD2: 51.38% Test OOD3: 60.51% 
Epoch: 47, Loss: 0.6495, Train: 88.49%, Valid: 69.57%, Test In: 70.45% Test OOD1: 62.95% Test OOD2: 51.20% Test OOD3: 60.54% 
Epoch: 48, Loss: 0.6468, Train: 89.63%, Valid: 69.39%, Test In: 70.31% Test OOD1: 62.82% Test OOD2: 51.31% Test OOD3: 60.34% 
Epoch: 49, Loss: 0.6298, Train: 89.75%, Valid: 69.51%, Test In: 70.43% Test OOD1: 62.81% Test OOD2: 51.19% Test OOD3: 60.31% 
Epoch: 50, Loss: 0.6190, Train: 89.86%, Valid: 69.50%, Test In: 70.34% Test OOD1: 62.62% Test OOD2: 51.11% Test OOD3: 60.23% 
Epoch: 51, Loss: 0.6084, Train: 90.32%, Valid: 69.38%, Test In: 70.21% Test OOD1: 62.65% Test OOD2: 51.10% Test OOD3: 60.25% 
Epoch: 52, Loss: 0.5955, Train: 90.34%, Valid: 69.46%, Test In: 70.31% Test OOD1: 62.82% Test OOD2: 50.99% Test OOD3: 60.38% 
Epoch: 53, Loss: 0.5925, Train: 90.72%, Valid: 69.43%, Test In: 70.30% Test OOD1: 62.62% Test OOD2: 50.98% Test OOD3: 60.29% 
Epoch: 54, Loss: 0.5862, Train: 91.26%, Valid: 69.43%, Test In: 70.32% Test OOD1: 62.60% Test OOD2: 50.98% Test OOD3: 60.38% 
Epoch: 55, Loss: 0.5752, Train: 91.18%, Valid: 69.58%, Test In: 70.44% Test OOD1: 62.16% Test OOD2: 50.85% Test OOD3: 60.19% 
Epoch: 56, Loss: 0.5637, Train: 92.14%, Valid: 69.40%, Test In: 70.19% Test OOD1: 62.10% Test OOD2: 50.87% Test OOD3: 60.05% 
Epoch: 57, Loss: 0.5640, Train: 91.66%, Valid: 69.64%, Test In: 70.37% Test OOD1: 62.39% Test OOD2: 50.69% Test OOD3: 60.14% 
Epoch: 58, Loss: 0.5693, Train: 92.24%, Valid: 69.53%, Test In: 70.18% Test OOD1: 62.03% Test OOD2: 50.69% Test OOD3: 59.85% 
Epoch: 59, Loss: 0.5403, Train: 92.65%, Valid: 69.45%, Test In: 70.10% Test OOD1: 62.23% Test OOD2: 50.70% Test OOD3: 59.86% 
Epoch: 60, Loss: 0.5409, Train: 92.65%, Valid: 69.69%, Test In: 70.33% Test OOD1: 62.52% Test OOD2: 50.67% Test OOD3: 60.05% 
Epoch: 61, Loss: 0.5292, Train: 92.88%, Valid: 69.71%, Test In: 70.42% Test OOD1: 62.40% Test OOD2: 50.74% Test OOD3: 60.03% 
Epoch: 62, Loss: 0.5175, Train: 93.41%, Valid: 69.58%, Test In: 70.32% Test OOD1: 62.38% Test OOD2: 50.88% Test OOD3: 60.02% 
Epoch: 63, Loss: 0.5125, Train: 93.84%, Valid: 69.63%, Test In: 70.40% Test OOD1: 62.47% Test OOD2: 50.88% Test OOD3: 60.00% 
Epoch: 64, Loss: 0.4943, Train: 93.92%, Valid: 69.72%, Test In: 70.47% Test OOD1: 62.61% Test OOD2: 50.82% Test OOD3: 60.05% 
Epoch: 65, Loss: 0.4876, Train: 94.30%, Valid: 69.65%, Test In: 70.43% Test OOD1: 62.29% Test OOD2: 50.93% Test OOD3: 59.82% 
Epoch: 66, Loss: 0.4800, Train: 94.89%, Valid: 69.48%, Test In: 70.23% Test OOD1: 62.45% Test OOD2: 51.07% Test OOD3: 59.99% 
Epoch: 67, Loss: 0.4850, Train: 94.84%, Valid: 69.62%, Test In: 70.39% Test OOD1: 62.05% Test OOD2: 50.89% Test OOD3: 59.63% 
Epoch: 68, Loss: 0.4666, Train: 95.25%, Valid: 69.51%, Test In: 70.30% Test OOD1: 62.26% Test OOD2: 50.91% Test OOD3: 59.81% 
Epoch: 69, Loss: 0.4508, Train: 95.59%, Valid: 69.26%, Test In: 70.10% Test OOD1: 62.29% Test OOD2: 51.00% Test OOD3: 59.80% 
Epoch: 70, Loss: 0.4496, Train: 95.70%, Valid: 69.25%, Test In: 70.16% Test OOD1: 62.14% Test OOD2: 50.94% Test OOD3: 59.65% 
Epoch: 71, Loss: 0.4375, Train: 95.97%, Valid: 69.21%, Test In: 70.20% Test OOD1: 62.26% Test OOD2: 50.94% Test OOD3: 59.83% 
Epoch: 72, Loss: 0.4273, Train: 96.36%, Valid: 69.08%, Test In: 70.14% Test OOD1: 62.17% Test OOD2: 51.06% Test OOD3: 59.88% 
Epoch: 73, Loss: 0.4197, Train: 96.55%, Valid: 69.07%, Test In: 70.15% Test OOD1: 62.01% Test OOD2: 51.06% Test OOD3: 59.78% 
Epoch: 74, Loss: 0.4141, Train: 96.78%, Valid: 68.97%, Test In: 70.06% Test OOD1: 62.16% Test OOD2: 51.03% Test OOD3: 59.85% 
Epoch: 75, Loss: 0.4108, Train: 97.03%, Valid: 68.83%, Test In: 69.88% Test OOD1: 62.10% Test OOD2: 51.07% Test OOD3: 59.67% 
Epoch: 76, Loss: 0.4000, Train: 97.26%, Valid: 68.80%, Test In: 69.85% Test OOD1: 61.95% Test OOD2: 50.98% Test OOD3: 59.40% 
Epoch: 77, Loss: 0.3891, Train: 97.43%, Valid: 68.74%, Test In: 69.85% Test OOD1: 61.96% Test OOD2: 50.95% Test OOD3: 59.41% 
Epoch: 78, Loss: 0.3826, Train: 97.60%, Valid: 68.66%, Test In: 69.74% Test OOD1: 61.83% Test OOD2: 50.99% Test OOD3: 59.40% 
Epoch: 79, Loss: 0.3862, Train: 97.78%, Valid: 68.59%, Test In: 69.75% Test OOD1: 61.80% Test OOD2: 50.94% Test OOD3: 59.25% 
Epoch: 80, Loss: 0.3839, Train: 97.95%, Valid: 68.64%, Test In: 69.61% Test OOD1: 61.87% Test OOD2: 51.03% Test OOD3: 59.56% 
Epoch: 81, Loss: 0.3612, Train: 98.04%, Valid: 68.62%, Test In: 69.52% Test OOD1: 61.84% Test OOD2: 51.14% Test OOD3: 59.53% 
Epoch: 82, Loss: 0.3721, Train: 98.25%, Valid: 68.52%, Test In: 69.59% Test OOD1: 61.91% Test OOD2: 51.00% Test OOD3: 59.42% 
Epoch: 83, Loss: 0.3532, Train: 98.53%, Valid: 68.40%, Test In: 69.47% Test OOD1: 61.72% Test OOD2: 51.05% Test OOD3: 59.23% 
Epoch: 84, Loss: 0.3572, Train: 98.56%, Valid: 68.59%, Test In: 69.61% Test OOD1: 61.52% Test OOD2: 51.21% Test OOD3: 59.18% 
Epoch: 85, Loss: 0.3418, Train: 98.71%, Valid: 68.48%, Test In: 69.48% Test OOD1: 61.46% Test OOD2: 51.30% Test OOD3: 59.23% 
Epoch: 86, Loss: 0.3376, Train: 98.89%, Valid: 68.25%, Test In: 69.31% Test OOD1: 61.50% Test OOD2: 51.26% Test OOD3: 59.27% 
Epoch: 87, Loss: 0.3231, Train: 98.99%, Valid: 68.18%, Test In: 69.21% Test OOD1: 61.54% Test OOD2: 51.26% Test OOD3: 59.25% 
Epoch: 88, Loss: 0.3258, Train: 99.03%, Valid: 68.17%, Test In: 69.14% Test OOD1: 61.60% Test OOD2: 51.35% Test OOD3: 59.35% 
Epoch: 89, Loss: 0.3176, Train: 99.13%, Valid: 68.10%, Test In: 69.07% Test OOD1: 61.66% Test OOD2: 51.41% Test OOD3: 59.34% 
Epoch: 90, Loss: 0.3128, Train: 99.05%, Valid: 68.14%, Test In: 69.26% Test OOD1: 61.79% Test OOD2: 51.29% Test OOD3: 59.35% 
Epoch: 91, Loss: 0.3160, Train: 99.21%, Valid: 67.96%, Test In: 69.09% Test OOD1: 61.77% Test OOD2: 51.48% Test OOD3: 59.28% 
Epoch: 92, Loss: 0.3226, Train: 99.09%, Valid: 68.14%, Test In: 69.23% Test OOD1: 61.71% Test OOD2: 51.46% Test OOD3: 59.30% 
Epoch: 93, Loss: 0.3059, Train: 99.32%, Valid: 68.12%, Test In: 69.17% Test OOD1: 61.25% Test OOD2: 51.64% Test OOD3: 59.12% 
Epoch: 94, Loss: 0.2965, Train: 99.52%, Valid: 67.93%, Test In: 69.02% Test OOD1: 61.19% Test OOD2: 51.65% Test OOD3: 59.02% 
Epoch: 95, Loss: 0.2919, Train: 99.48%, Valid: 67.95%, Test In: 69.03% Test OOD1: 61.49% Test OOD2: 51.52% Test OOD3: 59.24% 
Epoch: 96, Loss: 0.2878, Train: 99.45%, Valid: 68.14%, Test In: 69.06% Test OOD1: 61.79% Test OOD2: 51.55% Test OOD3: 59.37% 
Epoch: 97, Loss: 0.2727, Train: 99.49%, Valid: 67.95%, Test In: 68.85% Test OOD1: 61.96% Test OOD2: 51.59% Test OOD3: 59.40% 
Epoch: 98, Loss: 0.2839, Train: 99.58%, Valid: 67.83%, Test In: 68.76% Test OOD1: 61.71% Test OOD2: 51.46% Test OOD3: 59.15% 
Epoch: 99, Loss: 0.2819, Train: 99.69%, Valid: 67.79%, Test In: 68.83% Test OOD1: 61.31% Test OOD2: 51.45% Test OOD3: 58.81% 
Epoch: 100, Loss: 0.2636, Train: 99.74%, Valid: 67.46%, Test In: 68.67% Test OOD1: 61.43% Test OOD2: 51.45% Test OOD3: 58.87% 
Epoch: 101, Loss: 0.2704, Train: 99.59%, Valid: 67.80%, Test In: 69.07% Test OOD1: 61.34% Test OOD2: 51.50% Test OOD3: 58.97% 
Epoch: 102, Loss: 0.2770, Train: 99.68%, Valid: 67.54%, Test In: 68.90% Test OOD1: 61.47% Test OOD2: 51.47% Test OOD3: 58.93% 
Epoch: 103, Loss: 0.2474, Train: 99.78%, Valid: 67.23%, Test In: 68.49% Test OOD1: 61.55% Test OOD2: 51.48% Test OOD3: 58.91% 
Epoch: 104, Loss: 0.2621, Train: 99.79%, Valid: 67.46%, Test In: 68.72% Test OOD1: 61.36% Test OOD2: 51.45% Test OOD3: 58.82% 
Epoch: 105, Loss: 0.2463, Train: 99.80%, Valid: 67.37%, Test In: 68.59% Test OOD1: 61.52% Test OOD2: 51.46% Test OOD3: 58.92% 
Epoch: 106, Loss: 0.2492, Train: 99.82%, Valid: 67.10%, Test In: 68.45% Test OOD1: 61.74% Test OOD2: 51.48% Test OOD3: 58.97% 
Epoch: 107, Loss: 0.2455, Train: 99.82%, Valid: 67.13%, Test In: 68.60% Test OOD1: 61.63% Test OOD2: 51.50% Test OOD3: 58.84% 
Epoch: 108, Loss: 0.2446, Train: 99.86%, Valid: 67.22%, Test In: 68.70% Test OOD1: 61.34% Test OOD2: 51.47% Test OOD3: 58.75% 
Epoch: 109, Loss: 0.2396, Train: 99.92%, Valid: 66.88%, Test In: 68.36% Test OOD1: 61.11% Test OOD2: 51.36% Test OOD3: 58.79% 
Epoch: 110, Loss: 0.2455, Train: 99.93%, Valid: 67.04%, Test In: 68.51% Test OOD1: 61.34% Test OOD2: 51.39% Test OOD3: 59.01% 
Epoch: 111, Loss: 0.2357, Train: 99.89%, Valid: 67.13%, Test In: 68.63% Test OOD1: 61.78% Test OOD2: 51.44% Test OOD3: 59.28% 
Epoch: 112, Loss: 0.2310, Train: 99.90%, Valid: 67.04%, Test In: 68.57% Test OOD1: 61.94% Test OOD2: 51.53% Test OOD3: 59.34% 
Epoch: 113, Loss: 0.2286, Train: 99.94%, Valid: 67.05%, Test In: 68.52% Test OOD1: 61.70% Test OOD2: 51.62% Test OOD3: 59.17% 
Epoch: 114, Loss: 0.2301, Train: 99.95%, Valid: 66.81%, Test In: 68.33% Test OOD1: 61.49% Test OOD2: 51.65% Test OOD3: 59.15% 
Epoch: 115, Loss: 0.2274, Train: 99.95%, Valid: 66.90%, Test In: 68.51% Test OOD1: 61.29% Test OOD2: 51.67% Test OOD3: 59.13% 
Epoch: 116, Loss: 0.2164, Train: 99.96%, Valid: 66.81%, Test In: 68.56% Test OOD1: 61.40% Test OOD2: 51.63% Test OOD3: 59.27% 
Epoch: 117, Loss: 0.2228, Train: 99.95%, Valid: 66.76%, Test In: 68.57% Test OOD1: 61.64% Test OOD2: 51.55% Test OOD3: 59.41% 
Epoch: 118, Loss: 0.2219, Train: 99.94%, Valid: 67.14%, Test In: 68.86% Test OOD1: 61.61% Test OOD2: 51.48% Test OOD3: 59.35% 
Epoch: 119, Loss: 0.2237, Train: 99.96%, Valid: 66.98%, Test In: 68.48% Test OOD1: 61.56% Test OOD2: 51.48% Test OOD3: 59.17% 
Epoch: 120, Loss: 0.2157, Train: 99.97%, Valid: 66.85%, Test In: 68.20% Test OOD1: 61.33% Test OOD2: 51.52% Test OOD3: 58.95% 
Epoch: 121, Loss: 0.2218, Train: 99.97%, Valid: 67.19%, Test In: 68.50% Test OOD1: 61.14% Test OOD2: 51.53% Test OOD3: 58.82% 
Epoch: 122, Loss: 0.2109, Train: 99.97%, Valid: 67.26%, Test In: 68.62% Test OOD1: 61.18% Test OOD2: 51.58% Test OOD3: 58.92% 
Epoch: 123, Loss: 0.2114, Train: 99.97%, Valid: 67.33%, Test In: 68.84% Test OOD1: 61.22% Test OOD2: 51.59% Test OOD3: 59.06% 
Epoch: 124, Loss: 0.2125, Train: 99.97%, Valid: 67.19%, Test In: 68.84% Test OOD1: 61.21% Test OOD2: 51.51% Test OOD3: 59.08% 
Epoch: 125, Loss: 0.2044, Train: 99.98%, Valid: 66.94%, Test In: 68.64% Test OOD1: 61.22% Test OOD2: 51.51% Test OOD3: 59.03% 
Epoch: 126, Loss: 0.2059, Train: 99.98%, Valid: 67.16%, Test In: 68.74% Test OOD1: 61.16% Test OOD2: 51.50% Test OOD3: 59.05% 
Epoch: 127, Loss: 0.2137, Train: 99.98%, Valid: 67.01%, Test In: 68.52% Test OOD1: 61.17% Test OOD2: 51.47% Test OOD3: 58.91% 
Epoch: 128, Loss: 0.2008, Train: 99.98%, Valid: 66.89%, Test In: 68.33% Test OOD1: 61.14% Test OOD2: 51.50% Test OOD3: 58.72% 
Epoch: 129, Loss: 0.1988, Train: 99.98%, Valid: 67.01%, Test In: 68.43% Test OOD1: 61.01% Test OOD2: 51.52% Test OOD3: 58.68% 
Epoch: 130, Loss: 0.1977, Train: 99.99%, Valid: 66.93%, Test In: 68.37% Test OOD1: 60.86% Test OOD2: 51.59% Test OOD3: 58.79% 
Epoch: 131, Loss: 0.1949, Train: 99.99%, Valid: 66.92%, Test In: 68.45% Test OOD1: 60.74% Test OOD2: 51.71% Test OOD3: 58.88% 
Epoch: 132, Loss: 0.1972, Train: 99.99%, Valid: 66.94%, Test In: 68.49% Test OOD1: 61.08% Test OOD2: 51.80% Test OOD3: 59.05% 
Epoch: 133, Loss: 0.1977, Train: 99.99%, Valid: 66.91%, Test In: 68.42% Test OOD1: 61.39% Test OOD2: 51.89% Test OOD3: 59.00% 
Epoch: 134, Loss: 0.1942, Train: 99.99%, Valid: 67.21%, Test In: 68.54% Test OOD1: 61.42% Test OOD2: 51.95% Test OOD3: 58.87% 
Epoch: 135, Loss: 0.1885, Train: 99.99%, Valid: 67.20%, Test In: 68.44% Test OOD1: 61.56% Test OOD2: 51.99% Test OOD3: 58.80% 
Epoch: 136, Loss: 0.1958, Train: 99.99%, Valid: 67.14%, Test In: 68.46% Test OOD1: 61.65% Test OOD2: 51.96% Test OOD3: 58.84% 
Epoch: 137, Loss: 0.1921, Train: 99.99%, Valid: 67.23%, Test In: 68.59% Test OOD1: 61.38% Test OOD2: 51.94% Test OOD3: 58.89% 
Epoch: 138, Loss: 0.1906, Train: 99.99%, Valid: 67.26%, Test In: 68.68% Test OOD1: 61.32% Test OOD2: 51.86% Test OOD3: 59.10% 
Epoch: 139, Loss: 0.1984, Train: 99.99%, Valid: 67.20%, Test In: 68.71% Test OOD1: 61.43% Test OOD2: 51.85% Test OOD3: 59.20% 
Epoch: 140, Loss: 0.1934, Train: 99.99%, Valid: 67.12%, Test In: 68.57% Test OOD1: 61.29% Test OOD2: 51.91% Test OOD3: 59.19% 
Epoch: 141, Loss: 0.1907, Train: 99.99%, Valid: 67.24%, Test In: 68.62% Test OOD1: 61.08% Test OOD2: 51.92% Test OOD3: 59.11% 
Epoch: 142, Loss: 0.1887, Train: 99.99%, Valid: 67.24%, Test In: 68.63% Test OOD1: 61.42% Test OOD2: 51.94% Test OOD3: 59.14% 
Epoch: 143, Loss: 0.1876, Train: 100.00%, Valid: 66.93%, Test In: 68.33% Test OOD1: 61.55% Test OOD2: 52.04% Test OOD3: 59.08% 
Epoch: 144, Loss: 0.1858, Train: 100.00%, Valid: 66.97%, Test In: 68.40% Test OOD1: 61.77% Test OOD2: 52.10% Test OOD3: 59.19% 
Epoch: 145, Loss: 0.1824, Train: 99.99%, Valid: 67.21%, Test In: 68.73% Test OOD1: 61.85% Test OOD2: 52.08% Test OOD3: 59.30% 
Epoch: 146, Loss: 0.2020, Train: 100.00%, Valid: 66.82%, Test In: 68.38% Test OOD1: 61.66% Test OOD2: 52.01% Test OOD3: 59.04% 
Epoch: 147, Loss: 0.1851, Train: 99.99%, Valid: 67.00%, Test In: 68.65% Test OOD1: 61.17% Test OOD2: 51.94% Test OOD3: 58.78% 
Epoch: 148, Loss: 0.1821, Train: 99.99%, Valid: 67.11%, Test In: 68.82% Test OOD1: 61.24% Test OOD2: 51.86% Test OOD3: 58.98% 
Epoch: 149, Loss: 0.1890, Train: 99.99%, Valid: 66.97%, Test In: 68.58% Test OOD1: 61.40% Test OOD2: 51.91% Test OOD3: 59.14% 
Epoch: 150, Loss: 0.1792, Train: 100.00%, Valid: 66.92%, Test In: 68.58% Test OOD1: 61.54% Test OOD2: 51.96% Test OOD3: 59.30% 
Epoch: 151, Loss: 0.1803, Train: 99.99%, Valid: 66.96%, Test In: 68.67% Test OOD1: 61.64% Test OOD2: 51.92% Test OOD3: 59.44% 
Epoch: 152, Loss: 0.1781, Train: 100.00%, Valid: 66.85%, Test In: 68.52% Test OOD1: 61.45% Test OOD2: 51.87% Test OOD3: 59.31% 
Epoch: 153, Loss: 0.1773, Train: 100.00%, Valid: 66.88%, Test In: 68.41% Test OOD1: 61.26% Test OOD2: 51.83% Test OOD3: 59.17% 
Epoch: 154, Loss: 0.1809, Train: 100.00%, Valid: 67.23%, Test In: 68.69% Test OOD1: 60.96% Test OOD2: 51.77% Test OOD3: 59.03% 
Epoch: 155, Loss: 0.1780, Train: 100.00%, Valid: 67.17%, Test In: 68.54% Test OOD1: 60.85% Test OOD2: 51.74% Test OOD3: 58.94% 
Epoch: 156, Loss: 0.1743, Train: 100.00%, Valid: 67.02%, Test In: 68.47% Test OOD1: 61.05% Test OOD2: 51.67% Test OOD3: 59.09% 
Epoch: 157, Loss: 0.1714, Train: 100.00%, Valid: 67.19%, Test In: 68.74% Test OOD1: 61.27% Test OOD2: 51.67% Test OOD3: 59.27% 
Epoch: 158, Loss: 0.1776, Train: 99.99%, Valid: 67.42%, Test In: 68.86% Test OOD1: 61.26% Test OOD2: 51.68% Test OOD3: 59.29% 
Epoch: 159, Loss: 0.1776, Train: 100.00%, Valid: 67.22%, Test In: 68.65% Test OOD1: 61.26% Test OOD2: 51.63% Test OOD3: 59.25% 
Epoch: 160, Loss: 0.1817, Train: 100.00%, Valid: 67.24%, Test In: 68.82% Test OOD1: 61.20% Test OOD2: 51.64% Test OOD3: 59.20% 
Epoch: 161, Loss: 0.1733, Train: 100.00%, Valid: 67.30%, Test In: 68.88% Test OOD1: 60.87% Test OOD2: 51.73% Test OOD3: 59.02% 
Epoch: 162, Loss: 0.1687, Train: 100.00%, Valid: 67.06%, Test In: 68.61% Test OOD1: 60.97% Test OOD2: 51.75% Test OOD3: 59.07% 
Epoch: 163, Loss: 0.1768, Train: 100.00%, Valid: 66.96%, Test In: 68.66% Test OOD1: 61.20% Test OOD2: 51.71% Test OOD3: 59.21% 
Epoch: 164, Loss: 0.1685, Train: 99.99%, Valid: 67.14%, Test In: 68.81% Test OOD1: 61.16% Test OOD2: 51.80% Test OOD3: 59.23% 
Epoch: 165, Loss: 0.1767, Train: 100.00%, Valid: 67.07%, Test In: 68.64% Test OOD1: 61.00% Test OOD2: 51.86% Test OOD3: 59.03% 
Epoch: 166, Loss: 0.1757, Train: 100.00%, Valid: 66.81%, Test In: 68.48% Test OOD1: 61.30% Test OOD2: 51.73% Test OOD3: 59.07% 
Epoch: 167, Loss: 0.1788, Train: 100.00%, Valid: 66.95%, Test In: 68.65% Test OOD1: 61.08% Test OOD2: 51.77% Test OOD3: 58.87% 
Epoch: 168, Loss: 0.1657, Train: 100.00%, Valid: 67.06%, Test In: 68.68% Test OOD1: 60.71% Test OOD2: 51.85% Test OOD3: 58.59% 
Epoch: 169, Loss: 0.1842, Train: 100.00%, Valid: 66.63%, Test In: 68.57% Test OOD1: 61.48% Test OOD2: 51.76% Test OOD3: 59.06% 
Epoch: 170, Loss: 0.1695, Train: 100.00%, Valid: 66.53%, Test In: 68.48% Test OOD1: 61.61% Test OOD2: 51.66% Test OOD3: 59.29% 
Epoch: 171, Loss: 0.1697, Train: 100.00%, Valid: 66.75%, Test In: 68.60% Test OOD1: 61.04% Test OOD2: 51.65% Test OOD3: 59.05% 
Epoch: 172, Loss: 0.1775, Train: 100.00%, Valid: 66.74%, Test In: 68.60% Test OOD1: 61.06% Test OOD2: 51.56% Test OOD3: 58.99% 
Epoch: 173, Loss: 0.1648, Train: 100.00%, Valid: 66.66%, Test In: 68.48% Test OOD1: 61.01% Test OOD2: 51.46% Test OOD3: 58.83% 
Epoch: 174, Loss: 0.1624, Train: 100.00%, Valid: 66.91%, Test In: 68.60% Test OOD1: 60.71% Test OOD2: 51.41% Test OOD3: 58.54% 
Epoch: 175, Loss: 0.1733, Train: 100.00%, Valid: 67.23%, Test In: 68.80% Test OOD1: 60.42% Test OOD2: 51.47% Test OOD3: 58.32% 
Epoch: 176, Loss: 0.1714, Train: 100.00%, Valid: 67.04%, Test In: 68.72% Test OOD1: 61.22% Test OOD2: 51.52% Test OOD3: 58.75% 
Epoch: 177, Loss: 0.1606, Train: 100.00%, Valid: 66.68%, Test In: 68.52% Test OOD1: 61.77% Test OOD2: 51.58% Test OOD3: 59.07% 
Epoch: 178, Loss: 0.1718, Train: 100.00%, Valid: 66.82%, Test In: 68.57% Test OOD1: 61.58% Test OOD2: 51.66% Test OOD3: 58.99% 
Epoch: 179, Loss: 0.1605, Train: 100.00%, Valid: 66.96%, Test In: 68.70% Test OOD1: 61.23% Test OOD2: 51.64% Test OOD3: 58.91% 
Epoch: 180, Loss: 0.1671, Train: 100.00%, Valid: 66.66%, Test In: 68.52% Test OOD1: 61.18% Test OOD2: 51.60% Test OOD3: 58.83% 
Epoch: 181, Loss: 0.1591, Train: 100.00%, Valid: 66.46%, Test In: 68.46% Test OOD1: 61.16% Test OOD2: 51.50% Test OOD3: 58.70% 
Epoch: 182, Loss: 0.1730, Train: 100.00%, Valid: 66.76%, Test In: 68.74% Test OOD1: 60.81% Test OOD2: 51.46% Test OOD3: 58.49% 
Epoch: 183, Loss: 0.1558, Train: 100.00%, Valid: 66.78%, Test In: 68.81% Test OOD1: 60.80% Test OOD2: 51.41% Test OOD3: 58.53% 
Epoch: 184, Loss: 0.1637, Train: 100.00%, Valid: 66.44%, Test In: 68.58% Test OOD1: 61.22% Test OOD2: 51.46% Test OOD3: 58.83% 
Epoch: 185, Loss: 0.1604, Train: 100.00%, Valid: 66.45%, Test In: 68.68% Test OOD1: 61.42% Test OOD2: 51.55% Test OOD3: 59.05% 
Epoch: 186, Loss: 0.1544, Train: 100.00%, Valid: 66.68%, Test In: 68.84% Test OOD1: 61.24% Test OOD2: 51.67% Test OOD3: 59.03% 
Epoch: 187, Loss: 0.1697, Train: 100.00%, Valid: 66.73%, Test In: 68.66% Test OOD1: 61.13% Test OOD2: 51.74% Test OOD3: 58.96% 
Epoch: 188, Loss: 0.1594, Train: 100.00%, Valid: 66.65%, Test In: 68.52% Test OOD1: 61.35% Test OOD2: 51.73% Test OOD3: 58.96% 
Epoch: 189, Loss: 0.1562, Train: 100.00%, Valid: 66.66%, Test In: 68.50% Test OOD1: 61.36% Test OOD2: 51.74% Test OOD3: 58.90% 
Epoch: 190, Loss: 0.1578, Train: 100.00%, Valid: 66.70%, Test In: 68.53% Test OOD1: 60.90% Test OOD2: 51.78% Test OOD3: 58.67% 
Epoch: 191, Loss: 0.1631, Train: 100.00%, Valid: 66.54%, Test In: 68.51% Test OOD1: 60.77% Test OOD2: 51.73% Test OOD3: 58.60% 
Epoch: 192, Loss: 0.1543, Train: 100.00%, Valid: 66.39%, Test In: 68.51% Test OOD1: 60.98% Test OOD2: 51.67% Test OOD3: 58.77% 
Epoch: 193, Loss: 0.1502, Train: 100.00%, Valid: 66.42%, Test In: 68.63% Test OOD1: 61.19% Test OOD2: 51.68% Test OOD3: 59.00% 
Epoch: 194, Loss: 0.1528, Train: 100.00%, Valid: 66.46%, Test In: 68.69% Test OOD1: 60.88% Test OOD2: 51.74% Test OOD3: 58.99% 
Epoch: 195, Loss: 0.1561, Train: 100.00%, Valid: 66.46%, Test In: 68.60% Test OOD1: 60.94% Test OOD2: 51.77% Test OOD3: 59.06% 
Epoch: 196, Loss: 0.1456, Train: 100.00%, Valid: 66.55%, Test In: 68.51% Test OOD1: 61.09% Test OOD2: 51.83% Test OOD3: 59.04% 
Epoch: 197, Loss: 0.1487, Train: 100.00%, Valid: 66.70%, Test In: 68.49% Test OOD1: 61.22% Test OOD2: 51.88% Test OOD3: 58.96% 
Epoch: 198, Loss: 0.1494, Train: 100.00%, Valid: 66.76%, Test In: 68.47% Test OOD1: 61.38% Test OOD2: 51.84% Test OOD3: 58.90% 
Epoch: 199, Loss: 0.1544, Train: 100.00%, Valid: 66.75%, Test In: 68.49% Test OOD1: 61.28% Test OOD2: 51.78% Test OOD3: 58.82% 
Run 03:
Highest Train: 100.00
Highest Valid: 71.06
Highest In Test: 71.79
Highest OOD Test: 65.72
Highest OOD Test: 52.56
Highest OOD Test: 63.18
Chosen epoch: 26
Final Train: 81.13
Final In Test: 71.73
Final OOD Test: 64.53
Final OOD Test: 52.51
Final OOD Test: 62.62
All runs:
Highest Train: 100.00 ± 0.00
Highest Valid: 70.88 ± 0.16
Highest In Test: 71.72 ± 0.11
Highest OOD Test: 65.73 ± 0.34
Highest OOD Test: 52.57 ± 0.02
Highest OOD Test: 63.23 ± 0.15
  Final Train: 79.97 ± 1.60
   Final In  Test: 71.69 ± 0.11
   Final OOD Test: 64.69 ± 0.73
   Final OOD Test: 52.42 ± 0.19
   Final OOD Test: 62.89 ± 0.45
[INFO] TensorBoard writer closed.

Command: python main.py --dataset twitch --backbone_type gcn --env_type graph --combine_result --store_result --epochs 200 --runs 3 --num_layers 2 --expert_agg mean --tau 3 --lr 0.01 --weight_decay 5e-5 --dropout 0.0 --K 3 --hidden_channels 64 --seed 123 --device 0 --lr 0.01 --weight_decay 5e-05 --dropout 0.1 --lamda 0.5 --K 3 --hidden_channels 32 --other_env_reduce sample --result_name twitch_stage1_lr0.01_weight_decay5e-05_dropout0.1_lamda0.5_K3_hidden_channels32_other_env_reducesample
Return code: 0
Elapsed: 101.46s
