Namespace(K=4, backbone_type='gcn', combine_result=True, cpu=False, data_dir='./data/', dataset='twitch', device=0, display_step=1, dropout=0.1, env_type='graph', epochs=200, expert_agg='mean', gamma=0.99, gate_hidden=64, hidden_channels=64, infer_env=False, infer_env_components=64, infer_env_iters=30, infer_env_num=3, lambda_cl=0.1, lambda_dag=0.1, lambda_ind=0.1, lambda_l1=0.5, lamda=2.0, lamda_ciw=0.0001, lr=0.01, lr_dag=0.001, num_layers=2, other_env_reduce='sample', pos_weight=5.0, result_name='twitch_stage1_lr0.01_weight_decay5e-05_dropout0.1_lamda2.0_K4_hidden_channels64_other_env_reducesample', runs=3, seed=123, store_result=True, tau=3.0, use_bn=False, variant=False, weight_decay=5e-05)
dataset twitch: all nodes 34120 | edges 429113 | classes 2 | feats 3170
train nodes 7897 | valid nodes 3949 | test in nodes 3949
test ood1 nodes 4648 test ood2 nodes 6551 test ood3 nodes 7126 
[INFO] env numbers: 6 train env numbers: 3
MODEL: CaNet(
  (experts): ModuleList(
    (0): ExpertNet(
      (convs): ModuleList(
        (0): CaNetConv()
        (1): CaNetConv()
      )
      (fcs): ModuleList(
        (0): Linear(in_features=3170, out_features=64, bias=True)
        (1): Linear(in_features=64, out_features=2, bias=True)
      )
      (act_fn): ReLU()
    )
    (1): ExpertNet(
      (convs): ModuleList(
        (0): CaNetConv()
        (1): CaNetConv()
      )
      (fcs): ModuleList(
        (0): Linear(in_features=3170, out_features=64, bias=True)
        (1): Linear(in_features=64, out_features=2, bias=True)
      )
      (act_fn): ReLU()
    )
    (2): ExpertNet(
      (convs): ModuleList(
        (0): CaNetConv()
        (1): CaNetConv()
      )
      (fcs): ModuleList(
        (0): Linear(in_features=3170, out_features=64, bias=True)
        (1): Linear(in_features=64, out_features=2, bias=True)
      )
      (act_fn): ReLU()
    )
    (3): ExpertNet(
      (convs): ModuleList(
        (0): CaNetConv()
        (1): CaNetConv()
      )
      (fcs): ModuleList(
        (0): Linear(in_features=3170, out_features=64, bias=True)
        (1): Linear(in_features=64, out_features=2, bias=True)
      )
      (act_fn): ReLU()
    )
  )
  (gate): Sequential(
    (0): Linear(in_features=3170, out_features=64, bias=True)
    (1): ReLU()
    (2): Linear(in_features=64, out_features=4, bias=True)
  )
)
[INFO] TensorBoard logging activated. Logs will be saved to: ./runs/twitch/Apr16_05-20-07_lamda_2.0
Epoch: 00, Loss: 2.0882, Train: 55.13%, Valid: 51.76%, Test In: 53.01% Test OOD1: 45.38% Test OOD2: 50.93% Test OOD3: 49.56% 
Epoch: 01, Loss: 2.0742, Train: 59.49%, Valid: 55.28%, Test In: 56.26% Test OOD1: 47.38% Test OOD2: 51.14% Test OOD3: 51.11% 
Epoch: 02, Loss: 2.0532, Train: 63.87%, Valid: 58.62%, Test In: 59.44% Test OOD1: 50.22% Test OOD2: 51.60% Test OOD3: 53.75% 
Epoch: 03, Loss: 2.0296, Train: 71.89%, Valid: 66.40%, Test In: 66.76% Test OOD1: 63.66% Test OOD2: 51.42% Test OOD3: 61.31% 
Epoch: 04, Loss: 2.0085, Train: 67.70%, Valid: 63.98%, Test In: 63.62% Test OOD1: 62.75% Test OOD2: 50.88% Test OOD3: 59.73% 
Epoch: 05, Loss: 1.9830, Train: 66.70%, Valid: 63.28%, Test In: 62.85% Test OOD1: 62.42% Test OOD2: 50.77% Test OOD3: 59.44% 
Epoch: 06, Loss: 1.9639, Train: 67.32%, Valid: 63.56%, Test In: 63.28% Test OOD1: 62.68% Test OOD2: 50.82% Test OOD3: 59.85% 
Epoch: 07, Loss: 1.9404, Train: 68.61%, Valid: 64.19%, Test In: 64.20% Test OOD1: 63.18% Test OOD2: 50.94% Test OOD3: 60.53% 
Epoch: 08, Loss: 1.9145, Train: 70.14%, Valid: 64.98%, Test In: 65.34% Test OOD1: 63.78% Test OOD2: 51.08% Test OOD3: 61.21% 
Epoch: 09, Loss: 1.8892, Train: 72.22%, Valid: 66.22%, Test In: 66.96% Test OOD1: 64.63% Test OOD2: 51.18% Test OOD3: 61.96% 
Epoch: 10, Loss: 1.8604, Train: 74.54%, Valid: 67.69%, Test In: 68.71% Test OOD1: 65.35% Test OOD2: 51.30% Test OOD3: 62.64% 
Epoch: 11, Loss: 1.8320, Train: 75.45%, Valid: 68.23%, Test In: 69.27% Test OOD1: 65.61% Test OOD2: 51.25% Test OOD3: 62.81% 
Epoch: 12, Loss: 1.8081, Train: 77.44%, Valid: 69.45%, Test In: 70.46% Test OOD1: 65.06% Test OOD2: 51.54% Test OOD3: 62.96% 
Epoch: 13, Loss: 1.7916, Train: 76.98%, Valid: 68.93%, Test In: 69.85% Test OOD1: 65.62% Test OOD2: 51.21% Test OOD3: 62.76% 
Epoch: 14, Loss: 1.7602, Train: 78.16%, Valid: 69.54%, Test In: 70.47% Test OOD1: 65.48% Test OOD2: 51.14% Test OOD3: 62.67% 
Epoch: 15, Loss: 1.7358, Train: 79.31%, Valid: 70.08%, Test In: 71.05% Test OOD1: 64.92% Test OOD2: 51.21% Test OOD3: 62.46% 
Epoch: 16, Loss: 1.7041, Train: 79.84%, Valid: 70.15%, Test In: 71.04% Test OOD1: 64.63% Test OOD2: 51.30% Test OOD3: 62.23% 
Epoch: 17, Loss: 1.6955, Train: 80.53%, Valid: 70.28%, Test In: 71.10% Test OOD1: 64.67% Test OOD2: 51.03% Test OOD3: 62.08% 
Epoch: 18, Loss: 1.6647, Train: 80.37%, Valid: 69.87%, Test In: 70.63% Test OOD1: 65.13% Test OOD2: 50.85% Test OOD3: 61.98% 
Epoch: 19, Loss: 1.6562, Train: 81.31%, Valid: 70.04%, Test In: 70.80% Test OOD1: 64.42% Test OOD2: 51.00% Test OOD3: 61.73% 
Epoch: 20, Loss: 1.6183, Train: 82.22%, Valid: 70.09%, Test In: 70.89% Test OOD1: 63.40% Test OOD2: 51.23% Test OOD3: 61.43% 
Epoch: 21, Loss: 1.6240, Train: 82.33%, Valid: 69.92%, Test In: 70.73% Test OOD1: 63.95% Test OOD2: 51.03% Test OOD3: 61.54% 
Epoch: 22, Loss: 1.5949, Train: 82.62%, Valid: 69.77%, Test In: 70.60% Test OOD1: 63.78% Test OOD2: 50.92% Test OOD3: 61.47% 
Epoch: 23, Loss: 1.5785, Train: 83.54%, Valid: 70.00%, Test In: 70.90% Test OOD1: 63.34% Test OOD2: 51.01% Test OOD3: 61.42% 
Epoch: 24, Loss: 1.5714, Train: 83.64%, Valid: 69.82%, Test In: 70.71% Test OOD1: 62.82% Test OOD2: 51.11% Test OOD3: 61.25% 
Epoch: 25, Loss: 1.5466, Train: 84.03%, Valid: 69.81%, Test In: 70.67% Test OOD1: 62.83% Test OOD2: 51.13% Test OOD3: 61.26% 
Epoch: 26, Loss: 1.5409, Train: 84.65%, Valid: 69.96%, Test In: 70.87% Test OOD1: 63.01% Test OOD2: 51.07% Test OOD3: 61.33% 
Epoch: 27, Loss: 1.5115, Train: 84.95%, Valid: 69.86%, Test In: 70.81% Test OOD1: 62.81% Test OOD2: 51.02% Test OOD3: 61.20% 
Epoch: 28, Loss: 1.4917, Train: 84.84%, Valid: 69.66%, Test In: 70.56% Test OOD1: 62.49% Test OOD2: 51.02% Test OOD3: 60.97% 
Epoch: 29, Loss: 1.4902, Train: 85.68%, Valid: 69.76%, Test In: 70.67% Test OOD1: 62.67% Test OOD2: 51.13% Test OOD3: 61.01% 
Epoch: 30, Loss: 1.4561, Train: 86.32%, Valid: 69.72%, Test In: 70.65% Test OOD1: 62.45% Test OOD2: 51.21% Test OOD3: 60.90% 
Epoch: 31, Loss: 1.4442, Train: 86.59%, Valid: 69.61%, Test In: 70.51% Test OOD1: 62.34% Test OOD2: 51.10% Test OOD3: 60.67% 
Epoch: 32, Loss: 1.4204, Train: 86.57%, Valid: 69.44%, Test In: 70.34% Test OOD1: 62.27% Test OOD2: 51.01% Test OOD3: 60.49% 
Epoch: 33, Loss: 1.4057, Train: 87.30%, Valid: 69.41%, Test In: 70.33% Test OOD1: 62.33% Test OOD2: 51.12% Test OOD3: 60.44% 
Epoch: 34, Loss: 1.3872, Train: 87.94%, Valid: 69.31%, Test In: 70.25% Test OOD1: 62.16% Test OOD2: 51.15% Test OOD3: 60.36% 
Epoch: 35, Loss: 1.3660, Train: 87.78%, Valid: 69.28%, Test In: 70.18% Test OOD1: 62.26% Test OOD2: 50.88% Test OOD3: 60.32% 
Epoch: 36, Loss: 1.3541, Train: 88.28%, Valid: 69.21%, Test In: 70.13% Test OOD1: 62.49% Test OOD2: 50.94% Test OOD3: 60.27% 
Epoch: 37, Loss: 1.3267, Train: 88.88%, Valid: 69.11%, Test In: 70.05% Test OOD1: 62.15% Test OOD2: 51.01% Test OOD3: 60.10% 
Epoch: 38, Loss: 1.3100, Train: 88.87%, Valid: 69.17%, Test In: 70.05% Test OOD1: 62.00% Test OOD2: 50.80% Test OOD3: 60.03% 
Epoch: 39, Loss: 1.2988, Train: 89.53%, Valid: 69.14%, Test In: 70.05% Test OOD1: 62.28% Test OOD2: 50.90% Test OOD3: 60.07% 
Epoch: 40, Loss: 1.2516, Train: 89.98%, Valid: 69.07%, Test In: 69.98% Test OOD1: 62.10% Test OOD2: 50.90% Test OOD3: 59.96% 
Epoch: 41, Loss: 1.2501, Train: 89.96%, Valid: 69.12%, Test In: 69.92% Test OOD1: 62.15% Test OOD2: 50.77% Test OOD3: 59.90% 
Epoch: 42, Loss: 1.2168, Train: 90.83%, Valid: 69.08%, Test In: 69.86% Test OOD1: 62.01% Test OOD2: 50.84% Test OOD3: 59.79% 
Epoch: 43, Loss: 1.1843, Train: 91.02%, Valid: 69.07%, Test In: 69.88% Test OOD1: 61.95% Test OOD2: 50.73% Test OOD3: 59.67% 
Epoch: 44, Loss: 1.1733, Train: 91.34%, Valid: 69.06%, Test In: 69.79% Test OOD1: 61.81% Test OOD2: 50.71% Test OOD3: 59.56% 
Epoch: 45, Loss: 1.1418, Train: 92.04%, Valid: 68.95%, Test In: 69.73% Test OOD1: 61.75% Test OOD2: 50.78% Test OOD3: 59.53% 
Epoch: 46, Loss: 1.1231, Train: 91.91%, Valid: 68.98%, Test In: 69.80% Test OOD1: 61.78% Test OOD2: 50.65% Test OOD3: 59.52% 
Epoch: 47, Loss: 1.1108, Train: 92.94%, Valid: 68.89%, Test In: 69.70% Test OOD1: 61.96% Test OOD2: 50.77% Test OOD3: 59.60% 
Epoch: 48, Loss: 1.0817, Train: 93.04%, Valid: 68.94%, Test In: 69.71% Test OOD1: 61.84% Test OOD2: 50.68% Test OOD3: 59.44% 
Epoch: 49, Loss: 1.0655, Train: 93.45%, Valid: 68.87%, Test In: 69.61% Test OOD1: 61.42% Test OOD2: 50.67% Test OOD3: 59.27% 
Epoch: 50, Loss: 1.0879, Train: 94.17%, Valid: 68.83%, Test In: 69.59% Test OOD1: 61.98% Test OOD2: 50.82% Test OOD3: 59.45% 
Epoch: 51, Loss: 1.0307, Train: 93.94%, Valid: 68.86%, Test In: 69.51% Test OOD1: 62.14% Test OOD2: 50.73% Test OOD3: 59.45% 
Epoch: 52, Loss: 1.0232, Train: 94.95%, Valid: 68.77%, Test In: 69.46% Test OOD1: 61.59% Test OOD2: 50.83% Test OOD3: 59.23% 
Epoch: 53, Loss: 0.9787, Train: 95.37%, Valid: 68.76%, Test In: 69.41% Test OOD1: 61.66% Test OOD2: 50.82% Test OOD3: 59.16% 
Epoch: 54, Loss: 0.9258, Train: 95.23%, Valid: 68.74%, Test In: 69.35% Test OOD1: 61.92% Test OOD2: 50.75% Test OOD3: 59.11% 
Epoch: 55, Loss: 0.9443, Train: 96.02%, Valid: 68.47%, Test In: 69.09% Test OOD1: 62.02% Test OOD2: 50.90% Test OOD3: 59.16% 
Epoch: 56, Loss: 0.8705, Train: 96.18%, Valid: 68.31%, Test In: 68.94% Test OOD1: 61.82% Test OOD2: 50.86% Test OOD3: 59.08% 
Epoch: 57, Loss: 0.8818, Train: 96.41%, Valid: 68.35%, Test In: 68.98% Test OOD1: 61.84% Test OOD2: 50.88% Test OOD3: 58.99% 
Epoch: 58, Loss: 0.8318, Train: 97.00%, Valid: 68.24%, Test In: 68.94% Test OOD1: 61.49% Test OOD2: 50.97% Test OOD3: 58.80% 
Epoch: 59, Loss: 0.8281, Train: 97.23%, Valid: 68.20%, Test In: 68.83% Test OOD1: 61.11% Test OOD2: 50.93% Test OOD3: 58.66% 
Epoch: 60, Loss: 0.7833, Train: 97.26%, Valid: 68.15%, Test In: 68.77% Test OOD1: 61.33% Test OOD2: 50.91% Test OOD3: 58.77% 
Epoch: 61, Loss: 0.7696, Train: 97.77%, Valid: 67.94%, Test In: 68.63% Test OOD1: 61.70% Test OOD2: 51.03% Test OOD3: 58.94% 
Epoch: 62, Loss: 0.7515, Train: 97.93%, Valid: 67.87%, Test In: 68.56% Test OOD1: 61.53% Test OOD2: 50.97% Test OOD3: 58.80% 
Epoch: 63, Loss: 0.7142, Train: 98.13%, Valid: 67.85%, Test In: 68.51% Test OOD1: 60.99% Test OOD2: 50.91% Test OOD3: 58.48% 
Epoch: 64, Loss: 0.6971, Train: 98.52%, Valid: 67.79%, Test In: 68.50% Test OOD1: 60.70% Test OOD2: 50.95% Test OOD3: 58.36% 
Epoch: 65, Loss: 0.6823, Train: 98.55%, Valid: 67.87%, Test In: 68.64% Test OOD1: 60.98% Test OOD2: 50.99% Test OOD3: 58.50% 
Epoch: 66, Loss: 0.6726, Train: 98.85%, Valid: 67.66%, Test In: 68.48% Test OOD1: 61.05% Test OOD2: 51.08% Test OOD3: 58.63% 
Epoch: 67, Loss: 0.6336, Train: 98.97%, Valid: 67.72%, Test In: 68.51% Test OOD1: 61.12% Test OOD2: 51.10% Test OOD3: 58.73% 
Epoch: 68, Loss: 0.6235, Train: 99.04%, Valid: 67.68%, Test In: 68.41% Test OOD1: 61.02% Test OOD2: 51.06% Test OOD3: 58.55% 
Epoch: 69, Loss: 0.5999, Train: 99.33%, Valid: 67.52%, Test In: 68.26% Test OOD1: 60.69% Test OOD2: 51.10% Test OOD3: 58.40% 
Epoch: 70, Loss: 0.5740, Train: 99.43%, Valid: 67.56%, Test In: 68.21% Test OOD1: 60.71% Test OOD2: 51.06% Test OOD3: 58.46% 
Epoch: 71, Loss: 0.5612, Train: 99.36%, Valid: 67.64%, Test In: 68.20% Test OOD1: 60.97% Test OOD2: 50.98% Test OOD3: 58.65% 
Epoch: 72, Loss: 0.5611, Train: 99.58%, Valid: 67.43%, Test In: 68.16% Test OOD1: 61.02% Test OOD2: 51.12% Test OOD3: 58.74% 
Epoch: 73, Loss: 0.5306, Train: 99.63%, Valid: 67.47%, Test In: 68.23% Test OOD1: 61.11% Test OOD2: 51.07% Test OOD3: 58.72% 
Epoch: 74, Loss: 0.5086, Train: 99.66%, Valid: 67.42%, Test In: 68.15% Test OOD1: 60.89% Test OOD2: 51.09% Test OOD3: 58.61% 
Epoch: 75, Loss: 0.5010, Train: 99.77%, Valid: 67.22%, Test In: 67.98% Test OOD1: 60.70% Test OOD2: 51.15% Test OOD3: 58.49% 
Epoch: 76, Loss: 0.4862, Train: 99.80%, Valid: 67.25%, Test In: 67.89% Test OOD1: 60.60% Test OOD2: 51.16% Test OOD3: 58.35% 
Epoch: 77, Loss: 0.4731, Train: 99.82%, Valid: 67.18%, Test In: 67.84% Test OOD1: 60.57% Test OOD2: 51.15% Test OOD3: 58.44% 
Epoch: 78, Loss: 0.4646, Train: 99.85%, Valid: 67.33%, Test In: 68.02% Test OOD1: 60.82% Test OOD2: 51.15% Test OOD3: 58.67% 
Epoch: 79, Loss: 0.4563, Train: 99.88%, Valid: 67.10%, Test In: 67.92% Test OOD1: 60.87% Test OOD2: 51.16% Test OOD3: 58.71% 
Epoch: 80, Loss: 0.4240, Train: 99.89%, Valid: 67.05%, Test In: 67.84% Test OOD1: 60.85% Test OOD2: 51.06% Test OOD3: 58.59% 
Epoch: 81, Loss: 0.4400, Train: 99.91%, Valid: 67.07%, Test In: 67.92% Test OOD1: 60.68% Test OOD2: 51.08% Test OOD3: 58.55% 
Epoch: 82, Loss: 0.4268, Train: 99.93%, Valid: 66.73%, Test In: 67.65% Test OOD1: 60.46% Test OOD2: 51.13% Test OOD3: 58.36% 
Epoch: 83, Loss: 0.4304, Train: 99.93%, Valid: 66.98%, Test In: 67.80% Test OOD1: 61.01% Test OOD2: 51.11% Test OOD3: 58.41% 
Epoch: 84, Loss: 0.4464, Train: 99.95%, Valid: 66.84%, Test In: 67.76% Test OOD1: 61.00% Test OOD2: 51.13% Test OOD3: 58.55% 
Epoch: 85, Loss: 0.4051, Train: 99.95%, Valid: 67.01%, Test In: 67.91% Test OOD1: 61.06% Test OOD2: 51.15% Test OOD3: 58.65% 
Epoch: 86, Loss: 0.3754, Train: 99.96%, Valid: 67.10%, Test In: 67.99% Test OOD1: 60.89% Test OOD2: 51.18% Test OOD3: 58.59% 
Epoch: 87, Loss: 0.4063, Train: 99.97%, Valid: 66.64%, Test In: 67.76% Test OOD1: 60.31% Test OOD2: 51.22% Test OOD3: 58.34% 
Epoch: 88, Loss: 0.3809, Train: 99.97%, Valid: 66.87%, Test In: 67.82% Test OOD1: 60.29% Test OOD2: 51.30% Test OOD3: 58.25% 
Epoch: 89, Loss: 0.3718, Train: 99.97%, Valid: 67.01%, Test In: 67.93% Test OOD1: 60.76% Test OOD2: 51.34% Test OOD3: 58.44% 
Epoch: 90, Loss: 0.3799, Train: 99.97%, Valid: 66.68%, Test In: 67.84% Test OOD1: 60.94% Test OOD2: 51.30% Test OOD3: 58.58% 
Epoch: 91, Loss: 0.3404, Train: 99.97%, Valid: 66.76%, Test In: 67.91% Test OOD1: 60.85% Test OOD2: 51.35% Test OOD3: 58.58% 
Epoch: 92, Loss: 0.3628, Train: 99.98%, Valid: 67.05%, Test In: 68.02% Test OOD1: 60.60% Test OOD2: 51.37% Test OOD3: 58.48% 
Epoch: 93, Loss: 0.3436, Train: 99.98%, Valid: 67.01%, Test In: 67.98% Test OOD1: 60.39% Test OOD2: 51.40% Test OOD3: 58.46% 
Epoch: 94, Loss: 0.3442, Train: 99.98%, Valid: 66.81%, Test In: 67.83% Test OOD1: 60.45% Test OOD2: 51.36% Test OOD3: 58.44% 
Epoch: 95, Loss: 0.3452, Train: 99.98%, Valid: 66.86%, Test In: 67.78% Test OOD1: 60.58% Test OOD2: 51.40% Test OOD3: 58.40% 
Epoch: 96, Loss: 0.3219, Train: 99.98%, Valid: 66.91%, Test In: 67.78% Test OOD1: 60.57% Test OOD2: 51.44% Test OOD3: 58.30% 
Epoch: 97, Loss: 0.3334, Train: 99.98%, Valid: 66.73%, Test In: 67.69% Test OOD1: 60.58% Test OOD2: 51.47% Test OOD3: 58.30% 
Epoch: 98, Loss: 0.3131, Train: 99.98%, Valid: 66.75%, Test In: 67.76% Test OOD1: 60.64% Test OOD2: 51.50% Test OOD3: 58.26% 
Epoch: 99, Loss: 0.3132, Train: 99.99%, Valid: 66.78%, Test In: 67.82% Test OOD1: 60.59% Test OOD2: 51.56% Test OOD3: 58.25% 
Epoch: 100, Loss: 0.2979, Train: 99.99%, Valid: 66.86%, Test In: 67.87% Test OOD1: 60.56% Test OOD2: 51.62% Test OOD3: 58.28% 
Epoch: 101, Loss: 0.3102, Train: 99.99%, Valid: 67.04%, Test In: 67.98% Test OOD1: 60.51% Test OOD2: 51.67% Test OOD3: 58.31% 
Epoch: 102, Loss: 0.3036, Train: 99.99%, Valid: 67.00%, Test In: 67.95% Test OOD1: 60.56% Test OOD2: 51.65% Test OOD3: 58.29% 
Epoch: 103, Loss: 0.2936, Train: 99.99%, Valid: 66.88%, Test In: 67.86% Test OOD1: 60.61% Test OOD2: 51.56% Test OOD3: 58.26% 
Epoch: 104, Loss: 0.2955, Train: 100.00%, Valid: 66.98%, Test In: 67.93% Test OOD1: 60.54% Test OOD2: 51.56% Test OOD3: 58.21% 
Epoch: 105, Loss: 0.2857, Train: 100.00%, Valid: 66.91%, Test In: 67.84% Test OOD1: 60.50% Test OOD2: 51.55% Test OOD3: 58.08% 
Epoch: 106, Loss: 0.2824, Train: 100.00%, Valid: 66.73%, Test In: 67.77% Test OOD1: 60.78% Test OOD2: 51.49% Test OOD3: 58.18% 
Epoch: 107, Loss: 0.2848, Train: 100.00%, Valid: 66.80%, Test In: 67.89% Test OOD1: 60.75% Test OOD2: 51.53% Test OOD3: 58.18% 
Epoch: 108, Loss: 0.2793, Train: 100.00%, Valid: 67.03%, Test In: 68.00% Test OOD1: 60.78% Test OOD2: 51.54% Test OOD3: 58.19% 
Epoch: 109, Loss: 0.2767, Train: 100.00%, Valid: 66.95%, Test In: 68.01% Test OOD1: 60.80% Test OOD2: 51.49% Test OOD3: 58.22% 
Epoch: 110, Loss: 0.2636, Train: 100.00%, Valid: 66.94%, Test In: 68.04% Test OOD1: 60.65% Test OOD2: 51.47% Test OOD3: 58.22% 
Epoch: 111, Loss: 0.2724, Train: 100.00%, Valid: 67.07%, Test In: 68.05% Test OOD1: 60.46% Test OOD2: 51.35% Test OOD3: 58.15% 
Epoch: 112, Loss: 0.2692, Train: 100.00%, Valid: 66.92%, Test In: 67.95% Test OOD1: 60.42% Test OOD2: 51.25% Test OOD3: 58.18% 
Epoch: 113, Loss: 0.2650, Train: 100.00%, Valid: 66.84%, Test In: 67.88% Test OOD1: 60.60% Test OOD2: 51.16% Test OOD3: 58.30% 
Epoch: 114, Loss: 0.2606, Train: 100.00%, Valid: 66.93%, Test In: 67.94% Test OOD1: 60.72% Test OOD2: 51.08% Test OOD3: 58.31% 
Epoch: 115, Loss: 0.2494, Train: 100.00%, Valid: 67.07%, Test In: 68.04% Test OOD1: 60.72% Test OOD2: 51.10% Test OOD3: 58.26% 
Epoch: 116, Loss: 0.2648, Train: 100.00%, Valid: 67.14%, Test In: 68.10% Test OOD1: 60.75% Test OOD2: 51.13% Test OOD3: 58.20% 
Epoch: 117, Loss: 0.2562, Train: 100.00%, Valid: 67.10%, Test In: 68.18% Test OOD1: 60.72% Test OOD2: 51.18% Test OOD3: 58.16% 
Epoch: 118, Loss: 0.2441, Train: 100.00%, Valid: 67.12%, Test In: 68.23% Test OOD1: 60.65% Test OOD2: 51.23% Test OOD3: 58.11% 
Epoch: 119, Loss: 0.2484, Train: 100.00%, Valid: 67.10%, Test In: 68.22% Test OOD1: 60.56% Test OOD2: 51.23% Test OOD3: 58.14% 
Epoch: 120, Loss: 0.2552, Train: 100.00%, Valid: 66.96%, Test In: 68.14% Test OOD1: 60.81% Test OOD2: 51.16% Test OOD3: 58.29% 
Epoch: 121, Loss: 0.2525, Train: 100.00%, Valid: 67.02%, Test In: 68.15% Test OOD1: 60.71% Test OOD2: 51.16% Test OOD3: 58.27% 
Epoch: 122, Loss: 0.2478, Train: 100.00%, Valid: 67.08%, Test In: 68.12% Test OOD1: 60.64% Test OOD2: 51.07% Test OOD3: 58.19% 
Epoch: 123, Loss: 0.2431, Train: 100.00%, Valid: 67.05%, Test In: 68.06% Test OOD1: 60.78% Test OOD2: 51.03% Test OOD3: 58.19% 
Epoch: 124, Loss: 0.2333, Train: 100.00%, Valid: 67.10%, Test In: 68.09% Test OOD1: 60.83% Test OOD2: 51.04% Test OOD3: 58.18% 
Epoch: 125, Loss: 0.2418, Train: 100.00%, Valid: 67.28%, Test In: 68.18% Test OOD1: 61.00% Test OOD2: 51.02% Test OOD3: 58.30% 
Epoch: 126, Loss: 0.2503, Train: 100.00%, Valid: 67.29%, Test In: 68.18% Test OOD1: 60.91% Test OOD2: 51.12% Test OOD3: 58.39% 
Epoch: 127, Loss: 0.2364, Train: 100.00%, Valid: 67.30%, Test In: 68.15% Test OOD1: 60.96% Test OOD2: 51.18% Test OOD3: 58.54% 
Epoch: 128, Loss: 0.2286, Train: 100.00%, Valid: 67.38%, Test In: 68.15% Test OOD1: 60.96% Test OOD2: 51.23% Test OOD3: 58.62% 
Epoch: 129, Loss: 0.2320, Train: 100.00%, Valid: 67.43%, Test In: 68.15% Test OOD1: 60.76% Test OOD2: 51.30% Test OOD3: 58.59% 
Epoch: 130, Loss: 0.2370, Train: 100.00%, Valid: 67.34%, Test In: 68.10% Test OOD1: 61.17% Test OOD2: 51.17% Test OOD3: 58.70% 
Epoch: 131, Loss: 0.2447, Train: 100.00%, Valid: 67.40%, Test In: 68.28% Test OOD1: 60.84% Test OOD2: 51.26% Test OOD3: 58.67% 
Epoch: 132, Loss: 0.2207, Train: 100.00%, Valid: 67.52%, Test In: 68.40% Test OOD1: 60.67% Test OOD2: 51.32% Test OOD3: 58.61% 
Epoch: 133, Loss: 0.2363, Train: 100.00%, Valid: 67.50%, Test In: 68.37% Test OOD1: 61.09% Test OOD2: 51.24% Test OOD3: 58.64% 
Epoch: 134, Loss: 0.2460, Train: 100.00%, Valid: 67.57%, Test In: 68.44% Test OOD1: 60.89% Test OOD2: 51.34% Test OOD3: 58.47% 
Epoch: 135, Loss: 0.2429, Train: 100.00%, Valid: 67.55%, Test In: 68.35% Test OOD1: 60.54% Test OOD2: 51.42% Test OOD3: 58.18% 
Epoch: 136, Loss: 0.2386, Train: 100.00%, Valid: 67.37%, Test In: 68.16% Test OOD1: 60.86% Test OOD2: 51.27% Test OOD3: 58.11% 
Epoch: 137, Loss: 0.2515, Train: 100.00%, Valid: 67.27%, Test In: 68.14% Test OOD1: 60.64% Test OOD2: 51.31% Test OOD3: 58.01% 
Epoch: 138, Loss: 0.2244, Train: 100.00%, Valid: 67.35%, Test In: 68.20% Test OOD1: 60.23% Test OOD2: 51.37% Test OOD3: 57.93% 
Epoch: 139, Loss: 0.2298, Train: 100.00%, Valid: 67.26%, Test In: 68.21% Test OOD1: 60.60% Test OOD2: 51.33% Test OOD3: 58.06% 
Epoch: 140, Loss: 0.2224, Train: 100.00%, Valid: 67.29%, Test In: 68.28% Test OOD1: 60.75% Test OOD2: 51.34% Test OOD3: 58.21% 
Epoch: 141, Loss: 0.2285, Train: 100.00%, Valid: 67.31%, Test In: 68.40% Test OOD1: 60.55% Test OOD2: 51.42% Test OOD3: 58.23% 
Epoch: 142, Loss: 0.2388, Train: 100.00%, Valid: 67.23%, Test In: 68.44% Test OOD1: 61.00% Test OOD2: 51.30% Test OOD3: 58.42% 
Epoch: 143, Loss: 0.2189, Train: 100.00%, Valid: 67.18%, Test In: 68.38% Test OOD1: 61.11% Test OOD2: 51.23% Test OOD3: 58.45% 
Epoch: 144, Loss: 0.2271, Train: 100.00%, Valid: 67.26%, Test In: 68.38% Test OOD1: 60.78% Test OOD2: 51.26% Test OOD3: 58.24% 
Epoch: 145, Loss: 0.2373, Train: 100.00%, Valid: 67.27%, Test In: 68.31% Test OOD1: 60.91% Test OOD2: 51.22% Test OOD3: 58.18% 
Epoch: 146, Loss: 0.2129, Train: 100.00%, Valid: 67.27%, Test In: 68.21% Test OOD1: 60.73% Test OOD2: 51.22% Test OOD3: 57.97% 
Epoch: 147, Loss: 0.2217, Train: 100.00%, Valid: 67.35%, Test In: 68.20% Test OOD1: 60.56% Test OOD2: 51.28% Test OOD3: 57.90% 
Epoch: 148, Loss: 0.2113, Train: 100.00%, Valid: 67.38%, Test In: 68.23% Test OOD1: 60.59% Test OOD2: 51.31% Test OOD3: 57.97% 
Epoch: 149, Loss: 0.2113, Train: 100.00%, Valid: 67.36%, Test In: 68.29% Test OOD1: 60.73% Test OOD2: 51.25% Test OOD3: 58.06% 
Epoch: 150, Loss: 0.2025, Train: 100.00%, Valid: 67.37%, Test In: 68.37% Test OOD1: 60.79% Test OOD2: 51.24% Test OOD3: 58.10% 
Epoch: 151, Loss: 0.2039, Train: 100.00%, Valid: 67.46%, Test In: 68.50% Test OOD1: 60.50% Test OOD2: 51.30% Test OOD3: 57.98% 
Epoch: 152, Loss: 0.2168, Train: 100.00%, Valid: 67.39%, Test In: 68.50% Test OOD1: 60.51% Test OOD2: 51.28% Test OOD3: 57.90% 
Epoch: 153, Loss: 0.1914, Train: 100.00%, Valid: 67.37%, Test In: 68.47% Test OOD1: 60.55% Test OOD2: 51.25% Test OOD3: 57.88% 
Epoch: 154, Loss: 0.2096, Train: 100.00%, Valid: 67.41%, Test In: 68.46% Test OOD1: 60.42% Test OOD2: 51.28% Test OOD3: 57.75% 
Epoch: 155, Loss: 0.2051, Train: 100.00%, Valid: 67.36%, Test In: 68.36% Test OOD1: 60.64% Test OOD2: 51.27% Test OOD3: 57.75% 
Epoch: 156, Loss: 0.1974, Train: 100.00%, Valid: 67.35%, Test In: 68.29% Test OOD1: 60.67% Test OOD2: 51.24% Test OOD3: 57.65% 
Epoch: 157, Loss: 0.2008, Train: 100.00%, Valid: 67.37%, Test In: 68.26% Test OOD1: 60.63% Test OOD2: 51.29% Test OOD3: 57.60% 
Epoch: 158, Loss: 0.1963, Train: 100.00%, Valid: 67.38%, Test In: 68.32% Test OOD1: 60.66% Test OOD2: 51.35% Test OOD3: 57.63% 
Epoch: 159, Loss: 0.1922, Train: 100.00%, Valid: 67.48%, Test In: 68.45% Test OOD1: 60.71% Test OOD2: 51.38% Test OOD3: 57.68% 
Epoch: 160, Loss: 0.1928, Train: 100.00%, Valid: 67.58%, Test In: 68.61% Test OOD1: 60.60% Test OOD2: 51.46% Test OOD3: 57.78% 
Epoch: 161, Loss: 0.1961, Train: 100.00%, Valid: 67.61%, Test In: 68.66% Test OOD1: 60.80% Test OOD2: 51.48% Test OOD3: 57.93% 
Epoch: 162, Loss: 0.1921, Train: 100.00%, Valid: 67.63%, Test In: 68.62% Test OOD1: 60.97% Test OOD2: 51.42% Test OOD3: 58.05% 
Epoch: 163, Loss: 0.2046, Train: 100.00%, Valid: 67.67%, Test In: 68.55% Test OOD1: 60.76% Test OOD2: 51.40% Test OOD3: 57.96% 
Epoch: 164, Loss: 0.1933, Train: 100.00%, Valid: 67.63%, Test In: 68.45% Test OOD1: 60.80% Test OOD2: 51.35% Test OOD3: 57.97% 
Epoch: 165, Loss: 0.1904, Train: 100.00%, Valid: 67.62%, Test In: 68.36% Test OOD1: 60.74% Test OOD2: 51.36% Test OOD3: 58.01% 
Epoch: 166, Loss: 0.2024, Train: 100.00%, Valid: 67.64%, Test In: 68.31% Test OOD1: 60.81% Test OOD2: 51.37% Test OOD3: 58.08% 
Epoch: 167, Loss: 0.2002, Train: 100.00%, Valid: 67.68%, Test In: 68.29% Test OOD1: 60.95% Test OOD2: 51.37% Test OOD3: 58.19% 
Epoch: 168, Loss: 0.1971, Train: 100.00%, Valid: 67.62%, Test In: 68.27% Test OOD1: 60.72% Test OOD2: 51.44% Test OOD3: 58.16% 
Epoch: 169, Loss: 0.1913, Train: 100.00%, Valid: 67.62%, Test In: 68.37% Test OOD1: 60.71% Test OOD2: 51.45% Test OOD3: 58.27% 
Epoch: 170, Loss: 0.1922, Train: 100.00%, Valid: 67.58%, Test In: 68.45% Test OOD1: 60.76% Test OOD2: 51.42% Test OOD3: 58.33% 
Epoch: 171, Loss: 0.2017, Train: 100.00%, Valid: 67.54%, Test In: 68.42% Test OOD1: 60.52% Test OOD2: 51.40% Test OOD3: 58.20% 
Epoch: 172, Loss: 0.1984, Train: 100.00%, Valid: 67.59%, Test In: 68.43% Test OOD1: 60.69% Test OOD2: 51.29% Test OOD3: 58.23% 
Epoch: 173, Loss: 0.2034, Train: 100.00%, Valid: 67.60%, Test In: 68.35% Test OOD1: 60.65% Test OOD2: 51.25% Test OOD3: 58.13% 
Epoch: 174, Loss: 0.1885, Train: 100.00%, Valid: 67.60%, Test In: 68.36% Test OOD1: 60.66% Test OOD2: 51.30% Test OOD3: 58.13% 
Epoch: 175, Loss: 0.1863, Train: 100.00%, Valid: 67.58%, Test In: 68.37% Test OOD1: 60.75% Test OOD2: 51.34% Test OOD3: 58.14% 
Epoch: 176, Loss: 0.2017, Train: 100.00%, Valid: 67.60%, Test In: 68.36% Test OOD1: 60.61% Test OOD2: 51.36% Test OOD3: 58.01% 
Epoch: 177, Loss: 0.1957, Train: 100.00%, Valid: 67.55%, Test In: 68.38% Test OOD1: 60.80% Test OOD2: 51.38% Test OOD3: 58.14% 
Epoch: 178, Loss: 0.1909, Train: 100.00%, Valid: 67.64%, Test In: 68.49% Test OOD1: 61.04% Test OOD2: 51.32% Test OOD3: 58.37% 
Epoch: 179, Loss: 0.1892, Train: 100.00%, Valid: 67.79%, Test In: 68.59% Test OOD1: 61.03% Test OOD2: 51.26% Test OOD3: 58.49% 
Epoch: 180, Loss: 0.2055, Train: 100.00%, Valid: 67.74%, Test In: 68.58% Test OOD1: 60.83% Test OOD2: 51.30% Test OOD3: 58.41% 
Epoch: 181, Loss: 0.1972, Train: 100.00%, Valid: 67.81%, Test In: 68.63% Test OOD1: 60.90% Test OOD2: 51.29% Test OOD3: 58.37% 
Epoch: 182, Loss: 0.1829, Train: 100.00%, Valid: 67.77%, Test In: 68.56% Test OOD1: 61.08% Test OOD2: 51.25% Test OOD3: 58.33% 
Epoch: 183, Loss: 0.1969, Train: 100.00%, Valid: 67.63%, Test In: 68.54% Test OOD1: 61.09% Test OOD2: 51.33% Test OOD3: 58.28% 
Epoch: 184, Loss: 0.1881, Train: 100.00%, Valid: 67.67%, Test In: 68.62% Test OOD1: 61.03% Test OOD2: 51.39% Test OOD3: 58.28% 
Epoch: 185, Loss: 0.1995, Train: 100.00%, Valid: 67.74%, Test In: 68.66% Test OOD1: 61.27% Test OOD2: 51.35% Test OOD3: 58.33% 
Epoch: 186, Loss: 0.1903, Train: 100.00%, Valid: 67.63%, Test In: 68.66% Test OOD1: 61.57% Test OOD2: 51.30% Test OOD3: 58.52% 
Epoch: 187, Loss: 0.1962, Train: 100.00%, Valid: 67.75%, Test In: 68.78% Test OOD1: 61.37% Test OOD2: 51.30% Test OOD3: 58.48% 
Epoch: 188, Loss: 0.1944, Train: 100.00%, Valid: 67.81%, Test In: 68.77% Test OOD1: 61.10% Test OOD2: 51.29% Test OOD3: 58.28% 
Epoch: 189, Loss: 0.1910, Train: 100.00%, Valid: 67.63%, Test In: 68.64% Test OOD1: 61.10% Test OOD2: 51.25% Test OOD3: 58.16% 
Epoch: 190, Loss: 0.1835, Train: 100.00%, Valid: 67.62%, Test In: 68.61% Test OOD1: 60.97% Test OOD2: 51.26% Test OOD3: 58.04% 
Epoch: 191, Loss: 0.1866, Train: 100.00%, Valid: 67.73%, Test In: 68.60% Test OOD1: 60.70% Test OOD2: 51.31% Test OOD3: 57.89% 
Epoch: 192, Loss: 0.1931, Train: 100.00%, Valid: 67.59%, Test In: 68.55% Test OOD1: 61.13% Test OOD2: 51.26% Test OOD3: 58.16% 
Epoch: 193, Loss: 0.1931, Train: 100.00%, Valid: 67.52%, Test In: 68.58% Test OOD1: 61.55% Test OOD2: 51.24% Test OOD3: 58.39% 
Epoch: 194, Loss: 0.1880, Train: 100.00%, Valid: 67.62%, Test In: 68.68% Test OOD1: 61.18% Test OOD2: 51.34% Test OOD3: 58.20% 
Epoch: 195, Loss: 0.1884, Train: 100.00%, Valid: 67.60%, Test In: 68.66% Test OOD1: 61.17% Test OOD2: 51.33% Test OOD3: 58.15% 
Epoch: 196, Loss: 0.1912, Train: 100.00%, Valid: 67.49%, Test In: 68.63% Test OOD1: 61.57% Test OOD2: 51.25% Test OOD3: 58.31% 
Epoch: 197, Loss: 0.2057, Train: 100.00%, Valid: 67.60%, Test In: 68.68% Test OOD1: 61.15% Test OOD2: 51.31% Test OOD3: 58.04% 
Epoch: 198, Loss: 0.1787, Train: 100.00%, Valid: 67.66%, Test In: 68.70% Test OOD1: 60.99% Test OOD2: 51.32% Test OOD3: 57.97% 
Epoch: 199, Loss: 0.1897, Train: 100.00%, Valid: 67.59%, Test In: 68.71% Test OOD1: 61.47% Test OOD2: 51.21% Test OOD3: 58.21% 
Run 01:
Highest Train: 100.00
Highest Valid: 70.28
Highest In Test: 71.10
Highest OOD Test: 65.62
Highest OOD Test: 51.67
Highest OOD Test: 62.96
Chosen epoch: 18
Final Train: 80.53
Final In Test: 71.10
Final OOD Test: 64.67
Final OOD Test: 51.03
Final OOD Test: 62.08
Epoch: 00, Loss: 2.0856, Train: 50.44%, Valid: 48.11%, Test In: 49.53% Test OOD1: 43.59% Test OOD2: 50.64% Test OOD3: 48.02% 
Epoch: 01, Loss: 2.0690, Train: 52.41%, Valid: 49.79%, Test In: 51.11% Test OOD1: 44.35% Test OOD2: 50.77% Test OOD3: 48.72% 
Epoch: 02, Loss: 2.0443, Train: 65.78%, Valid: 60.12%, Test In: 61.17% Test OOD1: 51.85% Test OOD2: 51.95% Test OOD3: 55.01% 
Epoch: 03, Loss: 2.0241, Train: 69.87%, Valid: 65.28%, Test In: 65.31% Test OOD1: 63.43% Test OOD2: 51.09% Test OOD3: 60.52% 
Epoch: 04, Loss: 1.9971, Train: 66.71%, Valid: 63.26%, Test In: 62.84% Test OOD1: 62.44% Test OOD2: 50.82% Test OOD3: 59.42% 
Epoch: 05, Loss: 1.9739, Train: 66.41%, Valid: 62.92%, Test In: 62.54% Test OOD1: 62.38% Test OOD2: 50.79% Test OOD3: 59.45% 
Epoch: 06, Loss: 1.9505, Train: 67.34%, Valid: 63.34%, Test In: 63.13% Test OOD1: 62.74% Test OOD2: 50.88% Test OOD3: 59.99% 
Epoch: 07, Loss: 1.9255, Train: 68.76%, Valid: 64.07%, Test In: 64.14% Test OOD1: 63.28% Test OOD2: 51.02% Test OOD3: 60.66% 
Epoch: 08, Loss: 1.9030, Train: 70.59%, Valid: 65.11%, Test In: 65.55% Test OOD1: 64.02% Test OOD2: 51.13% Test OOD3: 61.34% 
Epoch: 09, Loss: 1.8764, Train: 73.66%, Valid: 67.13%, Test In: 67.95% Test OOD1: 65.11% Test OOD2: 51.36% Test OOD3: 62.23% 
Epoch: 10, Loss: 1.8474, Train: 75.15%, Valid: 67.93%, Test In: 68.93% Test OOD1: 65.42% Test OOD2: 51.30% Test OOD3: 62.59% 
Epoch: 11, Loss: 1.8243, Train: 76.92%, Valid: 69.04%, Test In: 70.03% Test OOD1: 65.40% Test OOD2: 51.55% Test OOD3: 62.86% 
Epoch: 12, Loss: 1.7905, Train: 77.45%, Valid: 69.11%, Test In: 70.16% Test OOD1: 65.42% Test OOD2: 51.34% Test OOD3: 62.76% 
Epoch: 13, Loss: 1.7619, Train: 78.37%, Valid: 69.60%, Test In: 70.53% Test OOD1: 65.47% Test OOD2: 51.29% Test OOD3: 62.66% 
Epoch: 14, Loss: 1.7287, Train: 79.55%, Valid: 70.09%, Test In: 71.06% Test OOD1: 64.93% Test OOD2: 51.32% Test OOD3: 62.41% 
Epoch: 15, Loss: 1.7086, Train: 79.08%, Valid: 69.62%, Test In: 70.40% Test OOD1: 65.61% Test OOD2: 50.99% Test OOD3: 62.31% 
Epoch: 16, Loss: 1.7004, Train: 80.56%, Valid: 70.19%, Test In: 71.00% Test OOD1: 64.31% Test OOD2: 51.45% Test OOD3: 61.89% 
Epoch: 17, Loss: 1.6912, Train: 81.02%, Valid: 70.27%, Test In: 71.07% Test OOD1: 64.59% Test OOD2: 51.04% Test OOD3: 61.87% 
Epoch: 18, Loss: 1.6586, Train: 80.92%, Valid: 69.89%, Test In: 70.65% Test OOD1: 64.86% Test OOD2: 50.89% Test OOD3: 61.79% 
Epoch: 19, Loss: 1.6305, Train: 81.48%, Valid: 69.93%, Test In: 70.65% Test OOD1: 64.56% Test OOD2: 50.97% Test OOD3: 61.66% 
Epoch: 20, Loss: 1.5997, Train: 82.43%, Valid: 70.04%, Test In: 70.84% Test OOD1: 63.60% Test OOD2: 51.25% Test OOD3: 61.41% 
Epoch: 21, Loss: 1.5980, Train: 82.92%, Valid: 70.08%, Test In: 70.89% Test OOD1: 63.39% Test OOD2: 51.25% Test OOD3: 61.35% 
Epoch: 22, Loss: 1.5713, Train: 82.65%, Valid: 69.81%, Test In: 70.63% Test OOD1: 63.54% Test OOD2: 50.83% Test OOD3: 61.30% 
Epoch: 23, Loss: 1.5462, Train: 82.80%, Valid: 69.78%, Test In: 70.56% Test OOD1: 64.08% Test OOD2: 50.63% Test OOD3: 61.43% 
Epoch: 24, Loss: 1.5390, Train: 83.47%, Valid: 69.90%, Test In: 70.71% Test OOD1: 63.19% Test OOD2: 50.85% Test OOD3: 61.22% 
Epoch: 25, Loss: 1.5063, Train: 84.00%, Valid: 69.91%, Test In: 70.80% Test OOD1: 62.78% Test OOD2: 50.98% Test OOD3: 61.17% 
Epoch: 26, Loss: 1.5138, Train: 84.24%, Valid: 69.88%, Test In: 70.76% Test OOD1: 62.94% Test OOD2: 50.86% Test OOD3: 61.17% 
Epoch: 27, Loss: 1.4692, Train: 84.01%, Valid: 69.73%, Test In: 70.57% Test OOD1: 62.93% Test OOD2: 50.71% Test OOD3: 61.07% 
Epoch: 28, Loss: 1.4901, Train: 84.41%, Valid: 69.68%, Test In: 70.49% Test OOD1: 63.16% Test OOD2: 50.52% Test OOD3: 61.00% 
Epoch: 29, Loss: 1.4459, Train: 85.02%, Valid: 69.71%, Test In: 70.54% Test OOD1: 62.78% Test OOD2: 50.66% Test OOD3: 60.84% 
Epoch: 30, Loss: 1.4458, Train: 85.44%, Valid: 69.66%, Test In: 70.55% Test OOD1: 62.66% Test OOD2: 50.71% Test OOD3: 60.76% 
Epoch: 31, Loss: 1.4093, Train: 85.65%, Valid: 69.55%, Test In: 70.47% Test OOD1: 62.31% Test OOD2: 50.76% Test OOD3: 60.56% 
Epoch: 32, Loss: 1.4151, Train: 86.11%, Valid: 69.54%, Test In: 70.38% Test OOD1: 62.33% Test OOD2: 50.67% Test OOD3: 60.48% 
Epoch: 33, Loss: 1.3780, Train: 86.52%, Valid: 69.55%, Test In: 70.40% Test OOD1: 62.85% Test OOD2: 50.56% Test OOD3: 60.61% 
Epoch: 34, Loss: 1.3731, Train: 86.62%, Valid: 69.48%, Test In: 70.30% Test OOD1: 62.91% Test OOD2: 50.50% Test OOD3: 60.55% 
Epoch: 35, Loss: 1.3506, Train: 87.19%, Valid: 69.39%, Test In: 70.25% Test OOD1: 62.22% Test OOD2: 50.64% Test OOD3: 60.24% 
Epoch: 36, Loss: 1.3350, Train: 87.76%, Valid: 69.34%, Test In: 70.20% Test OOD1: 62.14% Test OOD2: 50.67% Test OOD3: 60.16% 
Epoch: 37, Loss: 1.3117, Train: 87.92%, Valid: 69.40%, Test In: 70.22% Test OOD1: 62.76% Test OOD2: 50.54% Test OOD3: 60.36% 
Epoch: 38, Loss: 1.3022, Train: 88.59%, Valid: 69.32%, Test In: 70.18% Test OOD1: 62.41% Test OOD2: 50.55% Test OOD3: 60.18% 
Epoch: 39, Loss: 1.2757, Train: 88.85%, Valid: 69.22%, Test In: 70.11% Test OOD1: 62.07% Test OOD2: 50.62% Test OOD3: 60.01% 
Epoch: 40, Loss: 1.2594, Train: 89.33%, Valid: 69.24%, Test In: 70.11% Test OOD1: 62.33% Test OOD2: 50.64% Test OOD3: 60.09% 
Epoch: 41, Loss: 1.2420, Train: 89.98%, Valid: 69.23%, Test In: 70.07% Test OOD1: 62.31% Test OOD2: 50.63% Test OOD3: 60.04% 
Epoch: 42, Loss: 1.2162, Train: 90.03%, Valid: 69.21%, Test In: 70.02% Test OOD1: 62.29% Test OOD2: 50.59% Test OOD3: 59.92% 
Epoch: 43, Loss: 1.2043, Train: 90.86%, Valid: 69.11%, Test In: 70.03% Test OOD1: 62.08% Test OOD2: 50.68% Test OOD3: 59.88% 
Epoch: 44, Loss: 1.2042, Train: 90.95%, Valid: 69.15%, Test In: 70.01% Test OOD1: 62.18% Test OOD2: 50.63% Test OOD3: 59.83% 
Epoch: 45, Loss: 1.1541, Train: 91.69%, Valid: 69.05%, Test In: 69.92% Test OOD1: 61.89% Test OOD2: 50.64% Test OOD3: 59.68% 
Epoch: 46, Loss: 1.1358, Train: 92.03%, Valid: 68.99%, Test In: 69.86% Test OOD1: 61.98% Test OOD2: 50.64% Test OOD3: 59.68% 
Epoch: 47, Loss: 1.1294, Train: 92.09%, Valid: 68.95%, Test In: 69.83% Test OOD1: 62.06% Test OOD2: 50.62% Test OOD3: 59.60% 
Epoch: 48, Loss: 1.0931, Train: 92.92%, Valid: 68.86%, Test In: 69.74% Test OOD1: 61.71% Test OOD2: 50.68% Test OOD3: 59.43% 
Epoch: 49, Loss: 1.0869, Train: 93.24%, Valid: 68.93%, Test In: 69.84% Test OOD1: 62.06% Test OOD2: 50.65% Test OOD3: 59.59% 
Epoch: 50, Loss: 1.0396, Train: 93.55%, Valid: 68.91%, Test In: 69.83% Test OOD1: 61.95% Test OOD2: 50.68% Test OOD3: 59.56% 
Epoch: 51, Loss: 1.0292, Train: 94.37%, Valid: 68.81%, Test In: 69.81% Test OOD1: 61.75% Test OOD2: 50.70% Test OOD3: 59.44% 
Epoch: 52, Loss: 0.9981, Train: 94.63%, Valid: 68.68%, Test In: 69.63% Test OOD1: 61.54% Test OOD2: 50.69% Test OOD3: 59.25% 
Epoch: 53, Loss: 0.9499, Train: 95.20%, Valid: 68.63%, Test In: 69.48% Test OOD1: 61.68% Test OOD2: 50.72% Test OOD3: 59.26% 
Epoch: 54, Loss: 0.9203, Train: 95.70%, Valid: 68.49%, Test In: 69.34% Test OOD1: 61.59% Test OOD2: 50.75% Test OOD3: 59.18% 
Epoch: 55, Loss: 0.8898, Train: 95.91%, Valid: 68.35%, Test In: 69.26% Test OOD1: 61.28% Test OOD2: 50.77% Test OOD3: 59.05% 
Epoch: 56, Loss: 0.8899, Train: 96.65%, Valid: 68.26%, Test In: 69.27% Test OOD1: 61.34% Test OOD2: 50.81% Test OOD3: 59.14% 
Epoch: 57, Loss: 0.8900, Train: 96.33%, Valid: 68.31%, Test In: 69.27% Test OOD1: 61.40% Test OOD2: 50.71% Test OOD3: 59.22% 
Epoch: 58, Loss: 0.9378, Train: 97.19%, Valid: 68.14%, Test In: 69.28% Test OOD1: 61.44% Test OOD2: 50.81% Test OOD3: 59.28% 
Epoch: 59, Loss: 0.8567, Train: 97.32%, Valid: 68.14%, Test In: 69.24% Test OOD1: 61.23% Test OOD2: 50.78% Test OOD3: 59.20% 
Epoch: 60, Loss: 0.7585, Train: 97.43%, Valid: 68.05%, Test In: 69.16% Test OOD1: 61.13% Test OOD2: 50.82% Test OOD3: 59.14% 
Epoch: 61, Loss: 0.7906, Train: 97.94%, Valid: 67.90%, Test In: 69.06% Test OOD1: 61.11% Test OOD2: 50.84% Test OOD3: 59.08% 
Epoch: 62, Loss: 0.7439, Train: 98.20%, Valid: 67.72%, Test In: 68.85% Test OOD1: 60.72% Test OOD2: 50.91% Test OOD3: 58.87% 
Epoch: 63, Loss: 0.7093, Train: 98.30%, Valid: 67.67%, Test In: 68.76% Test OOD1: 60.83% Test OOD2: 50.93% Test OOD3: 58.87% 
Epoch: 64, Loss: 0.7038, Train: 98.55%, Valid: 67.56%, Test In: 68.72% Test OOD1: 61.08% Test OOD2: 50.84% Test OOD3: 58.97% 
Epoch: 65, Loss: 0.6460, Train: 98.77%, Valid: 67.44%, Test In: 68.74% Test OOD1: 60.91% Test OOD2: 50.91% Test OOD3: 58.99% 
Epoch: 66, Loss: 0.6706, Train: 98.93%, Valid: 67.36%, Test In: 68.70% Test OOD1: 60.97% Test OOD2: 50.88% Test OOD3: 58.94% 
Epoch: 67, Loss: 0.6090, Train: 99.06%, Valid: 67.25%, Test In: 68.58% Test OOD1: 60.68% Test OOD2: 50.91% Test OOD3: 58.73% 
Epoch: 68, Loss: 0.6043, Train: 99.26%, Valid: 67.11%, Test In: 68.54% Test OOD1: 60.55% Test OOD2: 50.90% Test OOD3: 58.61% 
Epoch: 69, Loss: 0.5757, Train: 99.36%, Valid: 67.06%, Test In: 68.50% Test OOD1: 60.71% Test OOD2: 50.88% Test OOD3: 58.60% 
Epoch: 70, Loss: 0.5487, Train: 99.38%, Valid: 67.23%, Test In: 68.51% Test OOD1: 60.64% Test OOD2: 50.94% Test OOD3: 58.63% 
Epoch: 71, Loss: 0.5672, Train: 99.54%, Valid: 67.06%, Test In: 68.54% Test OOD1: 60.72% Test OOD2: 50.82% Test OOD3: 58.61% 
Epoch: 72, Loss: 0.5690, Train: 99.61%, Valid: 67.34%, Test In: 68.70% Test OOD1: 60.57% Test OOD2: 50.84% Test OOD3: 58.69% 
Epoch: 73, Loss: 0.4922, Train: 99.66%, Valid: 67.34%, Test In: 68.68% Test OOD1: 60.51% Test OOD2: 50.86% Test OOD3: 58.69% 
Epoch: 74, Loss: 0.5089, Train: 99.74%, Valid: 67.10%, Test In: 68.55% Test OOD1: 60.60% Test OOD2: 50.76% Test OOD3: 58.62% 
Epoch: 75, Loss: 0.5093, Train: 99.76%, Valid: 67.19%, Test In: 68.50% Test OOD1: 60.70% Test OOD2: 50.72% Test OOD3: 58.56% 
Epoch: 76, Loss: 0.4623, Train: 99.80%, Valid: 67.24%, Test In: 68.47% Test OOD1: 60.55% Test OOD2: 50.79% Test OOD3: 58.52% 
Epoch: 77, Loss: 0.4737, Train: 99.86%, Valid: 67.04%, Test In: 68.43% Test OOD1: 60.47% Test OOD2: 50.74% Test OOD3: 58.42% 
Epoch: 78, Loss: 0.4304, Train: 99.87%, Valid: 66.93%, Test In: 68.39% Test OOD1: 60.41% Test OOD2: 50.69% Test OOD3: 58.35% 
Epoch: 79, Loss: 0.4336, Train: 99.90%, Valid: 67.14%, Test In: 68.53% Test OOD1: 60.38% Test OOD2: 50.72% Test OOD3: 58.48% 
Epoch: 80, Loss: 0.3986, Train: 99.91%, Valid: 67.28%, Test In: 68.62% Test OOD1: 60.27% Test OOD2: 50.78% Test OOD3: 58.58% 
Epoch: 81, Loss: 0.4161, Train: 99.93%, Valid: 67.08%, Test In: 68.47% Test OOD1: 60.58% Test OOD2: 50.68% Test OOD3: 58.61% 
Epoch: 82, Loss: 0.3814, Train: 99.94%, Valid: 66.90%, Test In: 68.30% Test OOD1: 60.72% Test OOD2: 50.66% Test OOD3: 58.60% 
Epoch: 83, Loss: 0.3828, Train: 99.96%, Valid: 67.01%, Test In: 68.36% Test OOD1: 60.51% Test OOD2: 50.77% Test OOD3: 58.63% 
Epoch: 84, Loss: 0.3600, Train: 99.96%, Valid: 67.06%, Test In: 68.35% Test OOD1: 60.09% Test OOD2: 50.87% Test OOD3: 58.48% 
Epoch: 85, Loss: 0.3675, Train: 99.97%, Valid: 66.94%, Test In: 68.30% Test OOD1: 60.01% Test OOD2: 50.89% Test OOD3: 58.44% 
Epoch: 86, Loss: 0.3395, Train: 99.98%, Valid: 66.90%, Test In: 68.32% Test OOD1: 60.15% Test OOD2: 50.90% Test OOD3: 58.44% 
Epoch: 87, Loss: 0.3451, Train: 99.98%, Valid: 67.03%, Test In: 68.45% Test OOD1: 60.49% Test OOD2: 50.90% Test OOD3: 58.50% 
Epoch: 88, Loss: 0.3341, Train: 99.99%, Valid: 67.14%, Test In: 68.59% Test OOD1: 60.46% Test OOD2: 50.93% Test OOD3: 58.49% 
Epoch: 89, Loss: 0.3276, Train: 99.99%, Valid: 67.11%, Test In: 68.66% Test OOD1: 60.24% Test OOD2: 50.99% Test OOD3: 58.36% 
Epoch: 90, Loss: 0.3143, Train: 99.99%, Valid: 66.92%, Test In: 68.58% Test OOD1: 59.99% Test OOD2: 51.01% Test OOD3: 58.04% 
Epoch: 91, Loss: 0.3331, Train: 99.99%, Valid: 66.76%, Test In: 68.50% Test OOD1: 60.01% Test OOD2: 51.11% Test OOD3: 58.05% 
Epoch: 92, Loss: 0.3179, Train: 99.99%, Valid: 66.84%, Test In: 68.52% Test OOD1: 60.15% Test OOD2: 51.13% Test OOD3: 58.25% 
Epoch: 93, Loss: 0.3246, Train: 99.99%, Valid: 66.71%, Test In: 68.40% Test OOD1: 60.53% Test OOD2: 51.05% Test OOD3: 58.37% 
Epoch: 94, Loss: 0.3113, Train: 100.00%, Valid: 66.79%, Test In: 68.40% Test OOD1: 60.36% Test OOD2: 51.09% Test OOD3: 58.38% 
Epoch: 95, Loss: 0.2921, Train: 100.00%, Valid: 66.89%, Test In: 68.47% Test OOD1: 60.01% Test OOD2: 51.11% Test OOD3: 58.26% 
Epoch: 96, Loss: 0.3177, Train: 100.00%, Valid: 66.87%, Test In: 68.44% Test OOD1: 60.35% Test OOD2: 51.10% Test OOD3: 58.31% 
Epoch: 97, Loss: 0.3027, Train: 100.00%, Valid: 67.01%, Test In: 68.49% Test OOD1: 60.39% Test OOD2: 51.16% Test OOD3: 58.35% 
Epoch: 98, Loss: 0.2823, Train: 100.00%, Valid: 67.12%, Test In: 68.55% Test OOD1: 60.42% Test OOD2: 51.12% Test OOD3: 58.34% 
Epoch: 99, Loss: 0.2791, Train: 100.00%, Valid: 67.20%, Test In: 68.56% Test OOD1: 60.47% Test OOD2: 51.05% Test OOD3: 58.29% 
Epoch: 100, Loss: 0.2659, Train: 100.00%, Valid: 67.19%, Test In: 68.58% Test OOD1: 60.23% Test OOD2: 51.06% Test OOD3: 58.19% 
Epoch: 101, Loss: 0.2801, Train: 100.00%, Valid: 67.14%, Test In: 68.58% Test OOD1: 60.17% Test OOD2: 51.03% Test OOD3: 58.18% 
Epoch: 102, Loss: 0.2697, Train: 100.00%, Valid: 67.27%, Test In: 68.63% Test OOD1: 60.34% Test OOD2: 50.96% Test OOD3: 58.22% 
Epoch: 103, Loss: 0.2577, Train: 100.00%, Valid: 67.22%, Test In: 68.57% Test OOD1: 60.56% Test OOD2: 50.89% Test OOD3: 58.28% 
Epoch: 104, Loss: 0.2583, Train: 100.00%, Valid: 67.25%, Test In: 68.57% Test OOD1: 60.65% Test OOD2: 50.91% Test OOD3: 58.38% 
Epoch: 105, Loss: 0.2720, Train: 100.00%, Valid: 67.31%, Test In: 68.60% Test OOD1: 60.66% Test OOD2: 50.92% Test OOD3: 58.39% 
Epoch: 106, Loss: 0.2502, Train: 100.00%, Valid: 67.27%, Test In: 68.60% Test OOD1: 60.75% Test OOD2: 50.88% Test OOD3: 58.32% 
Epoch: 107, Loss: 0.2577, Train: 100.00%, Valid: 67.22%, Test In: 68.53% Test OOD1: 60.61% Test OOD2: 50.89% Test OOD3: 58.20% 
Epoch: 108, Loss: 0.2497, Train: 100.00%, Valid: 67.22%, Test In: 68.46% Test OOD1: 60.52% Test OOD2: 50.85% Test OOD3: 58.10% 
Epoch: 109, Loss: 0.2422, Train: 100.00%, Valid: 67.35%, Test In: 68.46% Test OOD1: 60.51% Test OOD2: 50.81% Test OOD3: 58.07% 
Epoch: 110, Loss: 0.2481, Train: 100.00%, Valid: 67.33%, Test In: 68.45% Test OOD1: 60.58% Test OOD2: 50.77% Test OOD3: 58.14% 
Epoch: 111, Loss: 0.2339, Train: 100.00%, Valid: 67.36%, Test In: 68.47% Test OOD1: 60.59% Test OOD2: 50.77% Test OOD3: 58.28% 
Epoch: 112, Loss: 0.2420, Train: 100.00%, Valid: 67.41%, Test In: 68.53% Test OOD1: 60.74% Test OOD2: 50.72% Test OOD3: 58.44% 
Epoch: 113, Loss: 0.2335, Train: 100.00%, Valid: 67.40%, Test In: 68.59% Test OOD1: 60.75% Test OOD2: 50.70% Test OOD3: 58.53% 
Epoch: 114, Loss: 0.2257, Train: 100.00%, Valid: 67.29%, Test In: 68.58% Test OOD1: 60.80% Test OOD2: 50.77% Test OOD3: 58.57% 
Epoch: 115, Loss: 0.2261, Train: 100.00%, Valid: 67.19%, Test In: 68.57% Test OOD1: 60.92% Test OOD2: 50.78% Test OOD3: 58.59% 
Epoch: 116, Loss: 0.2343, Train: 100.00%, Valid: 67.20%, Test In: 68.53% Test OOD1: 60.65% Test OOD2: 50.82% Test OOD3: 58.44% 
Epoch: 117, Loss: 0.2251, Train: 100.00%, Valid: 67.15%, Test In: 68.42% Test OOD1: 60.47% Test OOD2: 50.83% Test OOD3: 58.35% 
Epoch: 118, Loss: 0.2224, Train: 100.00%, Valid: 67.14%, Test In: 68.33% Test OOD1: 60.56% Test OOD2: 50.84% Test OOD3: 58.37% 
Epoch: 119, Loss: 0.2357, Train: 100.00%, Valid: 67.27%, Test In: 68.26% Test OOD1: 60.54% Test OOD2: 50.86% Test OOD3: 58.31% 
Epoch: 120, Loss: 0.2314, Train: 100.00%, Valid: 67.22%, Test In: 68.18% Test OOD1: 60.71% Test OOD2: 50.85% Test OOD3: 58.29% 
Epoch: 121, Loss: 0.2330, Train: 100.00%, Valid: 67.20%, Test In: 68.18% Test OOD1: 60.52% Test OOD2: 50.90% Test OOD3: 58.19% 
Epoch: 122, Loss: 0.2198, Train: 100.00%, Valid: 67.14%, Test In: 68.17% Test OOD1: 60.44% Test OOD2: 50.93% Test OOD3: 58.07% 
Epoch: 123, Loss: 0.2192, Train: 100.00%, Valid: 67.08%, Test In: 68.26% Test OOD1: 60.64% Test OOD2: 50.90% Test OOD3: 58.16% 
Epoch: 124, Loss: 0.2273, Train: 100.00%, Valid: 67.10%, Test In: 68.35% Test OOD1: 60.47% Test OOD2: 50.95% Test OOD3: 58.16% 
Epoch: 125, Loss: 0.2203, Train: 100.00%, Valid: 67.13%, Test In: 68.42% Test OOD1: 60.40% Test OOD2: 50.91% Test OOD3: 58.14% 
Epoch: 126, Loss: 0.2240, Train: 100.00%, Valid: 67.21%, Test In: 68.50% Test OOD1: 60.61% Test OOD2: 50.81% Test OOD3: 58.27% 
Epoch: 127, Loss: 0.2248, Train: 100.00%, Valid: 67.32%, Test In: 68.52% Test OOD1: 60.39% Test OOD2: 50.83% Test OOD3: 58.29% 
Epoch: 128, Loss: 0.2158, Train: 100.00%, Valid: 67.39%, Test In: 68.56% Test OOD1: 60.67% Test OOD2: 50.80% Test OOD3: 58.37% 
Epoch: 129, Loss: 0.2111, Train: 100.00%, Valid: 67.37%, Test In: 68.57% Test OOD1: 60.83% Test OOD2: 50.77% Test OOD3: 58.36% 
Epoch: 130, Loss: 0.2094, Train: 100.00%, Valid: 67.32%, Test In: 68.54% Test OOD1: 60.62% Test OOD2: 50.80% Test OOD3: 58.23% 
Epoch: 131, Loss: 0.2040, Train: 100.00%, Valid: 67.25%, Test In: 68.47% Test OOD1: 60.54% Test OOD2: 50.82% Test OOD3: 58.12% 
Epoch: 132, Loss: 0.2035, Train: 100.00%, Valid: 67.17%, Test In: 68.43% Test OOD1: 60.51% Test OOD2: 50.84% Test OOD3: 58.09% 
Epoch: 133, Loss: 0.2017, Train: 100.00%, Valid: 67.21%, Test In: 68.43% Test OOD1: 60.49% Test OOD2: 50.91% Test OOD3: 58.18% 
Epoch: 134, Loss: 0.2057, Train: 100.00%, Valid: 67.23%, Test In: 68.50% Test OOD1: 60.58% Test OOD2: 50.95% Test OOD3: 58.29% 
Epoch: 135, Loss: 0.2044, Train: 100.00%, Valid: 67.31%, Test In: 68.57% Test OOD1: 60.80% Test OOD2: 50.99% Test OOD3: 58.41% 
Epoch: 136, Loss: 0.2094, Train: 100.00%, Valid: 67.34%, Test In: 68.57% Test OOD1: 60.85% Test OOD2: 51.01% Test OOD3: 58.41% 
Epoch: 137, Loss: 0.1948, Train: 100.00%, Valid: 67.38%, Test In: 68.54% Test OOD1: 60.71% Test OOD2: 51.05% Test OOD3: 58.36% 
Epoch: 138, Loss: 0.2079, Train: 100.00%, Valid: 67.44%, Test In: 68.61% Test OOD1: 60.86% Test OOD2: 51.01% Test OOD3: 58.40% 
Epoch: 139, Loss: 0.1933, Train: 100.00%, Valid: 67.43%, Test In: 68.59% Test OOD1: 60.74% Test OOD2: 51.01% Test OOD3: 58.35% 
Epoch: 140, Loss: 0.1981, Train: 100.00%, Valid: 67.40%, Test In: 68.53% Test OOD1: 60.55% Test OOD2: 50.99% Test OOD3: 58.25% 
Epoch: 141, Loss: 0.1893, Train: 100.00%, Valid: 67.48%, Test In: 68.54% Test OOD1: 60.46% Test OOD2: 50.97% Test OOD3: 58.22% 
Epoch: 142, Loss: 0.1973, Train: 100.00%, Valid: 67.58%, Test In: 68.54% Test OOD1: 60.57% Test OOD2: 50.92% Test OOD3: 58.26% 
Epoch: 143, Loss: 0.2056, Train: 100.00%, Valid: 67.58%, Test In: 68.51% Test OOD1: 60.54% Test OOD2: 50.89% Test OOD3: 58.27% 
Epoch: 144, Loss: 0.1871, Train: 100.00%, Valid: 67.58%, Test In: 68.50% Test OOD1: 60.36% Test OOD2: 50.84% Test OOD3: 58.18% 
Epoch: 145, Loss: 0.1891, Train: 100.00%, Valid: 67.62%, Test In: 68.55% Test OOD1: 60.40% Test OOD2: 50.78% Test OOD3: 58.20% 
Epoch: 146, Loss: 0.1919, Train: 100.00%, Valid: 67.57%, Test In: 68.56% Test OOD1: 60.50% Test OOD2: 50.76% Test OOD3: 58.28% 
Epoch: 147, Loss: 0.1898, Train: 100.00%, Valid: 67.61%, Test In: 68.65% Test OOD1: 60.28% Test OOD2: 50.80% Test OOD3: 58.26% 
Epoch: 148, Loss: 0.1952, Train: 100.00%, Valid: 67.64%, Test In: 68.76% Test OOD1: 60.45% Test OOD2: 50.81% Test OOD3: 58.38% 
Epoch: 149, Loss: 0.1921, Train: 100.00%, Valid: 67.56%, Test In: 68.73% Test OOD1: 60.38% Test OOD2: 50.89% Test OOD3: 58.34% 
Epoch: 150, Loss: 0.1897, Train: 100.00%, Valid: 67.49%, Test In: 68.70% Test OOD1: 60.45% Test OOD2: 50.93% Test OOD3: 58.31% 
Epoch: 151, Loss: 0.1896, Train: 100.00%, Valid: 67.56%, Test In: 68.77% Test OOD1: 60.60% Test OOD2: 50.95% Test OOD3: 58.32% 
Epoch: 152, Loss: 0.1877, Train: 100.00%, Valid: 67.58%, Test In: 68.73% Test OOD1: 60.40% Test OOD2: 51.01% Test OOD3: 58.14% 
Epoch: 153, Loss: 0.1819, Train: 100.00%, Valid: 67.62%, Test In: 68.70% Test OOD1: 60.69% Test OOD2: 50.99% Test OOD3: 58.15% 
Epoch: 154, Loss: 0.1783, Train: 100.00%, Valid: 67.67%, Test In: 68.76% Test OOD1: 60.96% Test OOD2: 50.93% Test OOD3: 58.25% 
Epoch: 155, Loss: 0.1819, Train: 100.00%, Valid: 67.62%, Test In: 68.77% Test OOD1: 60.87% Test OOD2: 50.91% Test OOD3: 58.21% 
Epoch: 156, Loss: 0.1859, Train: 100.00%, Valid: 67.42%, Test In: 68.75% Test OOD1: 61.20% Test OOD2: 50.80% Test OOD3: 58.24% 
Epoch: 157, Loss: 0.1908, Train: 100.00%, Valid: 67.33%, Test In: 68.78% Test OOD1: 61.02% Test OOD2: 50.81% Test OOD3: 58.11% 
Epoch: 158, Loss: 0.1906, Train: 100.00%, Valid: 67.22%, Test In: 68.80% Test OOD1: 60.41% Test OOD2: 50.85% Test OOD3: 57.83% 
Epoch: 159, Loss: 0.1892, Train: 100.00%, Valid: 67.08%, Test In: 68.72% Test OOD1: 60.81% Test OOD2: 50.83% Test OOD3: 57.92% 
Epoch: 160, Loss: 0.1821, Train: 100.00%, Valid: 67.12%, Test In: 68.72% Test OOD1: 60.85% Test OOD2: 50.86% Test OOD3: 58.01% 
Epoch: 161, Loss: 0.1817, Train: 100.00%, Valid: 67.22%, Test In: 68.76% Test OOD1: 60.43% Test OOD2: 50.94% Test OOD3: 57.98% 
Epoch: 162, Loss: 0.1840, Train: 100.00%, Valid: 67.18%, Test In: 68.75% Test OOD1: 60.70% Test OOD2: 50.96% Test OOD3: 58.11% 
Epoch: 163, Loss: 0.1847, Train: 100.00%, Valid: 67.25%, Test In: 68.78% Test OOD1: 60.90% Test OOD2: 50.98% Test OOD3: 58.24% 
Epoch: 164, Loss: 0.1808, Train: 100.00%, Valid: 67.36%, Test In: 68.82% Test OOD1: 60.44% Test OOD2: 51.08% Test OOD3: 58.10% 
Epoch: 165, Loss: 0.1880, Train: 100.00%, Valid: 67.26%, Test In: 68.73% Test OOD1: 60.49% Test OOD2: 51.01% Test OOD3: 58.07% 
Epoch: 166, Loss: 0.1790, Train: 100.00%, Valid: 67.21%, Test In: 68.62% Test OOD1: 60.46% Test OOD2: 50.94% Test OOD3: 57.99% 
Epoch: 167, Loss: 0.1781, Train: 100.00%, Valid: 67.22%, Test In: 68.50% Test OOD1: 60.10% Test OOD2: 50.94% Test OOD3: 57.75% 
Epoch: 168, Loss: 0.1915, Train: 100.00%, Valid: 67.19%, Test In: 68.46% Test OOD1: 60.23% Test OOD2: 50.88% Test OOD3: 57.84% 
Epoch: 169, Loss: 0.1978, Train: 100.00%, Valid: 67.15%, Test In: 68.45% Test OOD1: 60.71% Test OOD2: 50.88% Test OOD3: 58.13% 
Epoch: 170, Loss: 0.1952, Train: 100.00%, Valid: 67.33%, Test In: 68.51% Test OOD1: 60.38% Test OOD2: 51.01% Test OOD3: 58.04% 
Epoch: 171, Loss: 0.1936, Train: 100.00%, Valid: 67.34%, Test In: 68.61% Test OOD1: 60.50% Test OOD2: 51.02% Test OOD3: 58.15% 
Epoch: 172, Loss: 0.1717, Train: 100.00%, Valid: 67.42%, Test In: 68.78% Test OOD1: 60.66% Test OOD2: 51.06% Test OOD3: 58.26% 
Epoch: 173, Loss: 0.1806, Train: 100.00%, Valid: 67.45%, Test In: 68.77% Test OOD1: 60.55% Test OOD2: 51.13% Test OOD3: 58.25% 
Epoch: 174, Loss: 0.1708, Train: 100.00%, Valid: 67.45%, Test In: 68.79% Test OOD1: 60.68% Test OOD2: 51.09% Test OOD3: 58.35% 
Epoch: 175, Loss: 0.1630, Train: 100.00%, Valid: 67.40%, Test In: 68.77% Test OOD1: 61.12% Test OOD2: 50.97% Test OOD3: 58.57% 
Epoch: 176, Loss: 0.1698, Train: 100.00%, Valid: 67.43%, Test In: 68.75% Test OOD1: 60.92% Test OOD2: 50.94% Test OOD3: 58.52% 
Epoch: 177, Loss: 0.1589, Train: 100.00%, Valid: 67.46%, Test In: 68.71% Test OOD1: 60.51% Test OOD2: 50.96% Test OOD3: 58.39% 
Epoch: 178, Loss: 0.1817, Train: 100.00%, Valid: 67.47%, Test In: 68.74% Test OOD1: 60.73% Test OOD2: 50.86% Test OOD3: 58.52% 
Epoch: 179, Loss: 0.1783, Train: 100.00%, Valid: 67.60%, Test In: 68.77% Test OOD1: 60.45% Test OOD2: 50.93% Test OOD3: 58.50% 
Epoch: 180, Loss: 0.1686, Train: 100.00%, Valid: 67.61%, Test In: 68.70% Test OOD1: 60.37% Test OOD2: 50.98% Test OOD3: 58.55% 
Epoch: 181, Loss: 0.1804, Train: 100.00%, Valid: 67.64%, Test In: 68.78% Test OOD1: 60.90% Test OOD2: 50.89% Test OOD3: 58.81% 
Epoch: 182, Loss: 0.1646, Train: 100.00%, Valid: 67.68%, Test In: 68.78% Test OOD1: 60.95% Test OOD2: 50.87% Test OOD3: 58.79% 
Epoch: 183, Loss: 0.1661, Train: 100.00%, Valid: 67.65%, Test In: 68.76% Test OOD1: 60.61% Test OOD2: 50.93% Test OOD3: 58.51% 
Epoch: 184, Loss: 0.1635, Train: 100.00%, Valid: 67.57%, Test In: 68.76% Test OOD1: 60.67% Test OOD2: 50.90% Test OOD3: 58.41% 
Epoch: 185, Loss: 0.1628, Train: 100.00%, Valid: 67.53%, Test In: 68.80% Test OOD1: 60.57% Test OOD2: 50.90% Test OOD3: 58.32% 
Epoch: 186, Loss: 0.1680, Train: 100.00%, Valid: 67.51%, Test In: 68.77% Test OOD1: 60.31% Test OOD2: 50.95% Test OOD3: 58.20% 
Epoch: 187, Loss: 0.1743, Train: 100.00%, Valid: 67.54%, Test In: 68.75% Test OOD1: 60.58% Test OOD2: 50.97% Test OOD3: 58.34% 
Epoch: 188, Loss: 0.1601, Train: 100.00%, Valid: 67.51%, Test In: 68.72% Test OOD1: 60.73% Test OOD2: 50.91% Test OOD3: 58.45% 
Epoch: 189, Loss: 0.1627, Train: 100.00%, Valid: 67.44%, Test In: 68.66% Test OOD1: 60.94% Test OOD2: 50.89% Test OOD3: 58.52% 
Epoch: 190, Loss: 0.1781, Train: 100.00%, Valid: 67.56%, Test In: 68.78% Test OOD1: 60.16% Test OOD2: 50.94% Test OOD3: 58.23% 
Epoch: 191, Loss: 0.1693, Train: 100.00%, Valid: 67.56%, Test In: 68.86% Test OOD1: 60.38% Test OOD2: 50.91% Test OOD3: 58.32% 
Epoch: 192, Loss: 0.1670, Train: 100.00%, Valid: 67.54%, Test In: 68.86% Test OOD1: 60.42% Test OOD2: 50.91% Test OOD3: 58.28% 
Epoch: 193, Loss: 0.1729, Train: 100.00%, Valid: 67.64%, Test In: 68.96% Test OOD1: 59.95% Test OOD2: 50.92% Test OOD3: 58.11% 
Epoch: 194, Loss: 0.1657, Train: 100.00%, Valid: 67.66%, Test In: 68.90% Test OOD1: 60.63% Test OOD2: 50.87% Test OOD3: 58.28% 
Epoch: 195, Loss: 0.1651, Train: 100.00%, Valid: 67.52%, Test In: 68.73% Test OOD1: 61.03% Test OOD2: 50.86% Test OOD3: 58.25% 
Epoch: 196, Loss: 0.1592, Train: 100.00%, Valid: 67.51%, Test In: 68.64% Test OOD1: 60.94% Test OOD2: 50.88% Test OOD3: 58.09% 
Epoch: 197, Loss: 0.1542, Train: 100.00%, Valid: 67.53%, Test In: 68.59% Test OOD1: 60.64% Test OOD2: 50.91% Test OOD3: 57.81% 
Epoch: 198, Loss: 0.1679, Train: 100.00%, Valid: 67.45%, Test In: 68.56% Test OOD1: 60.42% Test OOD2: 50.95% Test OOD3: 57.65% 
Epoch: 199, Loss: 0.1527, Train: 100.00%, Valid: 67.45%, Test In: 68.61% Test OOD1: 60.25% Test OOD2: 50.97% Test OOD3: 57.64% 
Run 02:
Highest Train: 100.00
Highest Valid: 70.27
Highest In Test: 71.07
Highest OOD Test: 65.61
Highest OOD Test: 51.95
Highest OOD Test: 62.86
Chosen epoch: 18
Final Train: 81.02
Final In Test: 71.07
Final OOD Test: 64.59
Final OOD Test: 51.04
Final OOD Test: 61.87
Epoch: 00, Loss: 2.0881, Train: 52.80%, Valid: 50.26%, Test In: 51.34% Test OOD1: 44.32% Test OOD2: 50.68% Test OOD3: 48.57% 
Epoch: 01, Loss: 2.0725, Train: 53.96%, Valid: 51.09%, Test In: 52.23% Test OOD1: 44.67% Test OOD2: 50.78% Test OOD3: 48.98% 
Epoch: 02, Loss: 2.0493, Train: 58.41%, Valid: 54.64%, Test In: 55.70% Test OOD1: 46.73% Test OOD2: 51.18% Test OOD3: 50.78% 
Epoch: 03, Loss: 2.0301, Train: 72.05%, Valid: 66.88%, Test In: 67.38% Test OOD1: 63.99% Test OOD2: 51.23% Test OOD3: 61.38% 
Epoch: 04, Loss: 2.0056, Train: 67.57%, Valid: 64.13%, Test In: 63.77% Test OOD1: 62.75% Test OOD2: 50.74% Test OOD3: 59.59% 
Epoch: 05, Loss: 1.9782, Train: 67.01%, Valid: 63.73%, Test In: 63.31% Test OOD1: 62.56% Test OOD2: 50.70% Test OOD3: 59.47% 
Epoch: 06, Loss: 1.9565, Train: 67.86%, Valid: 64.19%, Test In: 63.93% Test OOD1: 62.92% Test OOD2: 50.79% Test OOD3: 59.99% 
Epoch: 07, Loss: 1.9304, Train: 69.31%, Valid: 65.01%, Test In: 65.05% Test OOD1: 63.50% Test OOD2: 50.93% Test OOD3: 60.71% 
Epoch: 08, Loss: 1.9034, Train: 71.44%, Valid: 66.32%, Test In: 66.82% Test OOD1: 64.34% Test OOD2: 51.05% Test OOD3: 61.53% 
Epoch: 09, Loss: 1.8730, Train: 73.65%, Valid: 67.85%, Test In: 68.66% Test OOD1: 65.20% Test OOD2: 51.16% Test OOD3: 62.30% 
Epoch: 10, Loss: 1.8421, Train: 75.71%, Valid: 69.27%, Test In: 70.22% Test OOD1: 65.49% Test OOD2: 51.32% Test OOD3: 62.90% 
Epoch: 11, Loss: 1.8143, Train: 76.13%, Valid: 69.55%, Test In: 70.47% Test OOD1: 65.68% Test OOD2: 51.19% Test OOD3: 62.93% 
Epoch: 12, Loss: 1.7912, Train: 78.01%, Valid: 70.38%, Test In: 71.46% Test OOD1: 64.57% Test OOD2: 51.58% Test OOD3: 62.96% 
Epoch: 13, Loss: 1.7843, Train: 77.68%, Valid: 70.29%, Test In: 71.20% Test OOD1: 65.55% Test OOD2: 51.16% Test OOD3: 62.85% 
Epoch: 14, Loss: 1.7484, Train: 78.37%, Valid: 70.51%, Test In: 71.46% Test OOD1: 65.46% Test OOD2: 51.11% Test OOD3: 62.72% 
Epoch: 15, Loss: 1.7306, Train: 79.66%, Valid: 70.74%, Test In: 71.76% Test OOD1: 64.26% Test OOD2: 51.47% Test OOD3: 62.42% 
Epoch: 16, Loss: 1.6925, Train: 80.29%, Valid: 70.84%, Test In: 71.76% Test OOD1: 64.07% Test OOD2: 51.53% Test OOD3: 62.24% 
Epoch: 17, Loss: 1.6854, Train: 80.38%, Valid: 70.66%, Test In: 71.46% Test OOD1: 64.95% Test OOD2: 51.15% Test OOD3: 62.24% 
Epoch: 18, Loss: 1.6540, Train: 80.76%, Valid: 70.44%, Test In: 71.20% Test OOD1: 64.88% Test OOD2: 51.07% Test OOD3: 62.03% 
Epoch: 19, Loss: 1.6475, Train: 81.71%, Valid: 70.58%, Test In: 71.33% Test OOD1: 64.62% Test OOD2: 51.34% Test OOD3: 61.95% 
Epoch: 20, Loss: 1.6156, Train: 82.19%, Valid: 70.30%, Test In: 71.07% Test OOD1: 63.90% Test OOD2: 51.52% Test OOD3: 61.62% 
Epoch: 21, Loss: 1.6077, Train: 82.25%, Valid: 70.11%, Test In: 70.86% Test OOD1: 64.36% Test OOD2: 51.28% Test OOD3: 61.66% 
Epoch: 22, Loss: 1.5807, Train: 82.48%, Valid: 70.08%, Test In: 70.81% Test OOD1: 64.90% Test OOD2: 51.07% Test OOD3: 61.80% 
Epoch: 23, Loss: 1.5772, Train: 83.20%, Valid: 70.07%, Test In: 70.87% Test OOD1: 64.09% Test OOD2: 51.30% Test OOD3: 61.56% 
Epoch: 24, Loss: 1.5451, Train: 83.80%, Valid: 69.98%, Test In: 70.82% Test OOD1: 63.33% Test OOD2: 51.55% Test OOD3: 61.31% 
Epoch: 25, Loss: 1.5331, Train: 84.05%, Valid: 70.06%, Test In: 70.87% Test OOD1: 63.62% Test OOD2: 51.29% Test OOD3: 61.36% 
Epoch: 26, Loss: 1.4983, Train: 84.26%, Valid: 70.07%, Test In: 70.85% Test OOD1: 63.41% Test OOD2: 51.15% Test OOD3: 61.24% 
Epoch: 27, Loss: 1.4964, Train: 84.98%, Valid: 70.05%, Test In: 70.88% Test OOD1: 63.12% Test OOD2: 51.38% Test OOD3: 61.07% 
Epoch: 28, Loss: 1.4718, Train: 85.19%, Valid: 69.94%, Test In: 70.79% Test OOD1: 62.41% Test OOD2: 51.41% Test OOD3: 60.77% 
Epoch: 29, Loss: 1.4615, Train: 85.45%, Valid: 69.98%, Test In: 70.81% Test OOD1: 63.11% Test OOD2: 51.16% Test OOD3: 60.88% 
Epoch: 30, Loss: 1.4344, Train: 85.77%, Valid: 69.80%, Test In: 70.63% Test OOD1: 62.62% Test OOD2: 51.21% Test OOD3: 60.56% 
Epoch: 31, Loss: 1.4166, Train: 86.19%, Valid: 69.75%, Test In: 70.57% Test OOD1: 62.39% Test OOD2: 51.23% Test OOD3: 60.43% 
Epoch: 32, Loss: 1.4048, Train: 86.44%, Valid: 69.71%, Test In: 70.52% Test OOD1: 62.56% Test OOD2: 51.12% Test OOD3: 60.38% 
Epoch: 33, Loss: 1.3972, Train: 86.91%, Valid: 69.65%, Test In: 70.48% Test OOD1: 62.60% Test OOD2: 51.07% Test OOD3: 60.31% 
Epoch: 34, Loss: 1.3697, Train: 87.04%, Valid: 69.55%, Test In: 70.39% Test OOD1: 61.87% Test OOD2: 51.06% Test OOD3: 60.00% 
Epoch: 35, Loss: 1.3620, Train: 87.73%, Valid: 69.54%, Test In: 70.37% Test OOD1: 62.21% Test OOD2: 51.05% Test OOD3: 60.05% 
Epoch: 36, Loss: 1.3374, Train: 88.10%, Valid: 69.45%, Test In: 70.28% Test OOD1: 62.51% Test OOD2: 50.94% Test OOD3: 60.06% 
Epoch: 37, Loss: 1.3287, Train: 88.03%, Valid: 69.36%, Test In: 70.20% Test OOD1: 61.87% Test OOD2: 50.91% Test OOD3: 59.83% 
Epoch: 38, Loss: 1.3156, Train: 88.91%, Valid: 69.31%, Test In: 70.10% Test OOD1: 62.10% Test OOD2: 50.98% Test OOD3: 59.88% 
Epoch: 39, Loss: 1.2907, Train: 88.95%, Valid: 69.29%, Test In: 70.15% Test OOD1: 62.41% Test OOD2: 50.86% Test OOD3: 59.94% 
Epoch: 40, Loss: 1.2847, Train: 89.52%, Valid: 69.32%, Test In: 70.11% Test OOD1: 62.30% Test OOD2: 50.88% Test OOD3: 59.88% 
Epoch: 41, Loss: 1.2424, Train: 90.07%, Valid: 69.19%, Test In: 69.96% Test OOD1: 61.78% Test OOD2: 50.96% Test OOD3: 59.70% 
Epoch: 42, Loss: 1.2491, Train: 89.94%, Valid: 69.23%, Test In: 70.12% Test OOD1: 61.93% Test OOD2: 50.81% Test OOD3: 59.71% 
Epoch: 43, Loss: 1.2263, Train: 90.84%, Valid: 69.24%, Test In: 70.09% Test OOD1: 62.17% Test OOD2: 50.86% Test OOD3: 59.76% 
Epoch: 44, Loss: 1.1931, Train: 91.40%, Valid: 69.12%, Test In: 69.99% Test OOD1: 61.91% Test OOD2: 50.89% Test OOD3: 59.65% 
Epoch: 45, Loss: 1.1805, Train: 91.37%, Valid: 69.08%, Test In: 69.96% Test OOD1: 61.90% Test OOD2: 50.81% Test OOD3: 59.58% 
Epoch: 46, Loss: 1.1502, Train: 91.87%, Valid: 68.96%, Test In: 69.78% Test OOD1: 61.90% Test OOD2: 50.79% Test OOD3: 59.52% 
Epoch: 47, Loss: 1.1550, Train: 92.27%, Valid: 69.01%, Test In: 69.77% Test OOD1: 61.68% Test OOD2: 50.73% Test OOD3: 59.36% 
Epoch: 48, Loss: 1.1592, Train: 92.86%, Valid: 68.93%, Test In: 69.60% Test OOD1: 61.83% Test OOD2: 50.76% Test OOD3: 59.42% 
Epoch: 49, Loss: 1.1212, Train: 92.90%, Valid: 68.81%, Test In: 69.65% Test OOD1: 61.42% Test OOD2: 50.73% Test OOD3: 59.23% 
Epoch: 50, Loss: 1.0815, Train: 93.29%, Valid: 68.92%, Test In: 69.72% Test OOD1: 61.74% Test OOD2: 50.71% Test OOD3: 59.32% 
Epoch: 51, Loss: 1.0523, Train: 93.90%, Valid: 68.86%, Test In: 69.59% Test OOD1: 61.76% Test OOD2: 50.75% Test OOD3: 59.34% 
Epoch: 52, Loss: 1.0391, Train: 94.16%, Valid: 68.77%, Test In: 69.55% Test OOD1: 61.41% Test OOD2: 50.76% Test OOD3: 59.15% 
Epoch: 53, Loss: 0.9953, Train: 94.34%, Valid: 68.81%, Test In: 69.58% Test OOD1: 61.48% Test OOD2: 50.73% Test OOD3: 59.08% 
Epoch: 54, Loss: 0.9769, Train: 94.86%, Valid: 68.76%, Test In: 69.46% Test OOD1: 61.67% Test OOD2: 50.70% Test OOD3: 59.12% 
Epoch: 55, Loss: 0.9562, Train: 95.26%, Valid: 68.62%, Test In: 69.39% Test OOD1: 61.48% Test OOD2: 50.75% Test OOD3: 59.02% 
Epoch: 56, Loss: 0.9209, Train: 95.32%, Valid: 68.66%, Test In: 69.44% Test OOD1: 61.52% Test OOD2: 50.71% Test OOD3: 59.00% 
Epoch: 57, Loss: 0.9122, Train: 95.93%, Valid: 68.49%, Test In: 69.25% Test OOD1: 61.60% Test OOD2: 50.69% Test OOD3: 59.05% 
Epoch: 58, Loss: 0.8831, Train: 96.39%, Valid: 68.31%, Test In: 69.12% Test OOD1: 61.31% Test OOD2: 50.76% Test OOD3: 58.92% 
Epoch: 59, Loss: 0.8662, Train: 96.52%, Valid: 68.31%, Test In: 69.09% Test OOD1: 61.11% Test OOD2: 50.72% Test OOD3: 58.74% 
Epoch: 60, Loss: 0.8632, Train: 97.03%, Valid: 68.12%, Test In: 68.86% Test OOD1: 61.36% Test OOD2: 50.73% Test OOD3: 58.85% 
Epoch: 61, Loss: 0.8246, Train: 97.13%, Valid: 68.17%, Test In: 68.93% Test OOD1: 61.46% Test OOD2: 50.76% Test OOD3: 58.90% 
Epoch: 62, Loss: 0.8014, Train: 97.43%, Valid: 68.13%, Test In: 68.89% Test OOD1: 61.30% Test OOD2: 50.79% Test OOD3: 58.76% 
Epoch: 63, Loss: 0.8252, Train: 97.57%, Valid: 68.03%, Test In: 68.77% Test OOD1: 61.52% Test OOD2: 50.77% Test OOD3: 58.80% 
Epoch: 64, Loss: 0.7946, Train: 97.97%, Valid: 67.97%, Test In: 68.66% Test OOD1: 61.35% Test OOD2: 50.87% Test OOD3: 58.72% 
Epoch: 65, Loss: 0.7237, Train: 98.08%, Valid: 68.02%, Test In: 68.63% Test OOD1: 61.21% Test OOD2: 50.85% Test OOD3: 58.57% 
Epoch: 66, Loss: 0.7753, Train: 98.24%, Valid: 67.83%, Test In: 68.47% Test OOD1: 61.42% Test OOD2: 50.79% Test OOD3: 58.62% 
Epoch: 67, Loss: 0.7179, Train: 98.49%, Valid: 67.80%, Test In: 68.45% Test OOD1: 61.26% Test OOD2: 50.84% Test OOD3: 58.64% 
Epoch: 68, Loss: 0.6707, Train: 98.64%, Valid: 67.84%, Test In: 68.46% Test OOD1: 61.11% Test OOD2: 50.83% Test OOD3: 58.62% 
Epoch: 69, Loss: 0.7096, Train: 98.82%, Valid: 67.62%, Test In: 68.26% Test OOD1: 61.30% Test OOD2: 50.79% Test OOD3: 58.67% 
Epoch: 70, Loss: 0.6437, Train: 98.86%, Valid: 67.62%, Test In: 68.33% Test OOD1: 61.33% Test OOD2: 50.88% Test OOD3: 58.73% 
Epoch: 71, Loss: 0.6495, Train: 98.95%, Valid: 67.81%, Test In: 68.42% Test OOD1: 61.19% Test OOD2: 50.90% Test OOD3: 58.68% 
Epoch: 72, Loss: 0.6535, Train: 99.16%, Valid: 67.58%, Test In: 68.27% Test OOD1: 60.94% Test OOD2: 50.84% Test OOD3: 58.54% 
Epoch: 73, Loss: 0.6161, Train: 99.22%, Valid: 67.44%, Test In: 68.26% Test OOD1: 60.94% Test OOD2: 50.79% Test OOD3: 58.54% 
Epoch: 74, Loss: 0.5958, Train: 99.25%, Valid: 67.69%, Test In: 68.42% Test OOD1: 61.02% Test OOD2: 50.77% Test OOD3: 58.64% 
Epoch: 75, Loss: 0.5911, Train: 99.36%, Valid: 67.62%, Test In: 68.30% Test OOD1: 61.05% Test OOD2: 50.92% Test OOD3: 58.63% 
Epoch: 76, Loss: 0.5622, Train: 99.41%, Valid: 67.43%, Test In: 68.10% Test OOD1: 61.15% Test OOD2: 50.92% Test OOD3: 58.59% 
Epoch: 77, Loss: 0.5312, Train: 99.48%, Valid: 67.41%, Test In: 68.18% Test OOD1: 61.09% Test OOD2: 51.03% Test OOD3: 58.59% 
Epoch: 78, Loss: 0.5142, Train: 99.55%, Valid: 67.59%, Test In: 68.38% Test OOD1: 60.73% Test OOD2: 51.17% Test OOD3: 58.52% 
Epoch: 79, Loss: 0.5260, Train: 99.63%, Valid: 67.54%, Test In: 68.35% Test OOD1: 60.82% Test OOD2: 51.08% Test OOD3: 58.46% 
Epoch: 80, Loss: 0.4926, Train: 99.63%, Valid: 67.37%, Test In: 68.21% Test OOD1: 60.89% Test OOD2: 51.05% Test OOD3: 58.43% 
Epoch: 81, Loss: 0.4827, Train: 99.69%, Valid: 67.40%, Test In: 68.22% Test OOD1: 60.88% Test OOD2: 51.02% Test OOD3: 58.37% 
Epoch: 82, Loss: 0.4599, Train: 99.73%, Valid: 67.45%, Test In: 68.32% Test OOD1: 60.67% Test OOD2: 51.08% Test OOD3: 58.35% 
Epoch: 83, Loss: 0.4485, Train: 99.76%, Valid: 67.28%, Test In: 68.24% Test OOD1: 60.93% Test OOD2: 51.09% Test OOD3: 58.50% 
Epoch: 84, Loss: 0.4297, Train: 99.78%, Valid: 67.18%, Test In: 68.21% Test OOD1: 61.15% Test OOD2: 51.06% Test OOD3: 58.60% 
Epoch: 85, Loss: 0.4420, Train: 99.81%, Valid: 67.34%, Test In: 68.38% Test OOD1: 60.98% Test OOD2: 51.15% Test OOD3: 58.64% 
Epoch: 86, Loss: 0.4179, Train: 99.84%, Valid: 67.30%, Test In: 68.44% Test OOD1: 60.86% Test OOD2: 51.16% Test OOD3: 58.59% 
Epoch: 87, Loss: 0.4193, Train: 99.87%, Valid: 67.08%, Test In: 68.33% Test OOD1: 60.68% Test OOD2: 51.10% Test OOD3: 58.46% 
Epoch: 88, Loss: 0.3991, Train: 99.88%, Valid: 67.13%, Test In: 68.32% Test OOD1: 60.59% Test OOD2: 51.02% Test OOD3: 58.37% 
Epoch: 89, Loss: 0.3942, Train: 99.90%, Valid: 67.23%, Test In: 68.43% Test OOD1: 60.70% Test OOD2: 50.91% Test OOD3: 58.38% 
Epoch: 90, Loss: 0.3939, Train: 99.90%, Valid: 67.11%, Test In: 68.45% Test OOD1: 60.48% Test OOD2: 50.93% Test OOD3: 58.39% 
Epoch: 91, Loss: 0.3942, Train: 99.92%, Valid: 67.14%, Test In: 68.52% Test OOD1: 60.50% Test OOD2: 50.88% Test OOD3: 58.40% 
Epoch: 92, Loss: 0.3564, Train: 99.93%, Valid: 67.14%, Test In: 68.56% Test OOD1: 60.59% Test OOD2: 50.88% Test OOD3: 58.52% 
Epoch: 93, Loss: 0.3643, Train: 99.94%, Valid: 66.96%, Test In: 68.40% Test OOD1: 60.73% Test OOD2: 50.97% Test OOD3: 58.65% 
Epoch: 94, Loss: 0.3828, Train: 99.95%, Valid: 67.06%, Test In: 68.39% Test OOD1: 60.89% Test OOD2: 50.91% Test OOD3: 58.71% 
Epoch: 95, Loss: 0.3501, Train: 99.95%, Valid: 67.17%, Test In: 68.38% Test OOD1: 60.75% Test OOD2: 50.94% Test OOD3: 58.61% 
Epoch: 96, Loss: 0.3372, Train: 99.96%, Valid: 66.99%, Test In: 68.23% Test OOD1: 60.60% Test OOD2: 50.92% Test OOD3: 58.53% 
Epoch: 97, Loss: 0.3234, Train: 99.96%, Valid: 66.95%, Test In: 68.18% Test OOD1: 60.41% Test OOD2: 50.87% Test OOD3: 58.42% 
Epoch: 98, Loss: 0.3268, Train: 99.97%, Valid: 67.18%, Test In: 68.35% Test OOD1: 60.27% Test OOD2: 50.85% Test OOD3: 58.46% 
Epoch: 99, Loss: 0.3328, Train: 99.97%, Valid: 67.26%, Test In: 68.40% Test OOD1: 60.41% Test OOD2: 50.87% Test OOD3: 58.64% 
Epoch: 100, Loss: 0.3301, Train: 99.97%, Valid: 67.22%, Test In: 68.42% Test OOD1: 60.61% Test OOD2: 50.87% Test OOD3: 58.73% 
Epoch: 101, Loss: 0.3098, Train: 99.97%, Valid: 67.22%, Test In: 68.47% Test OOD1: 60.86% Test OOD2: 50.84% Test OOD3: 58.76% 
Epoch: 102, Loss: 0.3121, Train: 99.97%, Valid: 67.24%, Test In: 68.47% Test OOD1: 60.81% Test OOD2: 50.85% Test OOD3: 58.67% 
Epoch: 103, Loss: 0.3048, Train: 99.98%, Valid: 67.22%, Test In: 68.42% Test OOD1: 60.68% Test OOD2: 50.87% Test OOD3: 58.44% 
Epoch: 104, Loss: 0.3041, Train: 99.98%, Valid: 67.19%, Test In: 68.42% Test OOD1: 60.71% Test OOD2: 50.83% Test OOD3: 58.30% 
Epoch: 105, Loss: 0.2947, Train: 99.98%, Valid: 67.14%, Test In: 68.37% Test OOD1: 60.60% Test OOD2: 50.90% Test OOD3: 58.21% 
Epoch: 106, Loss: 0.2920, Train: 99.99%, Valid: 67.15%, Test In: 68.36% Test OOD1: 60.68% Test OOD2: 50.91% Test OOD3: 58.20% 
Epoch: 107, Loss: 0.2983, Train: 99.99%, Valid: 67.19%, Test In: 68.40% Test OOD1: 60.79% Test OOD2: 50.91% Test OOD3: 58.19% 
Epoch: 108, Loss: 0.2941, Train: 99.99%, Valid: 67.12%, Test In: 68.35% Test OOD1: 60.80% Test OOD2: 50.94% Test OOD3: 58.21% 
Epoch: 109, Loss: 0.2850, Train: 99.99%, Valid: 67.07%, Test In: 68.32% Test OOD1: 60.84% Test OOD2: 50.95% Test OOD3: 58.25% 
Epoch: 110, Loss: 0.2750, Train: 100.00%, Valid: 67.14%, Test In: 68.33% Test OOD1: 60.71% Test OOD2: 50.99% Test OOD3: 58.23% 
Epoch: 111, Loss: 0.2741, Train: 100.00%, Valid: 67.19%, Test In: 68.38% Test OOD1: 60.63% Test OOD2: 51.01% Test OOD3: 58.25% 
Epoch: 112, Loss: 0.2678, Train: 100.00%, Valid: 67.09%, Test In: 68.32% Test OOD1: 60.64% Test OOD2: 51.04% Test OOD3: 58.37% 
Epoch: 113, Loss: 0.2834, Train: 100.00%, Valid: 67.05%, Test In: 68.31% Test OOD1: 60.74% Test OOD2: 51.00% Test OOD3: 58.49% 
Epoch: 114, Loss: 0.2712, Train: 100.00%, Valid: 67.12%, Test In: 68.34% Test OOD1: 60.48% Test OOD2: 51.04% Test OOD3: 58.45% 
Epoch: 115, Loss: 0.2728, Train: 100.00%, Valid: 67.16%, Test In: 68.38% Test OOD1: 60.55% Test OOD2: 51.03% Test OOD3: 58.47% 
Epoch: 116, Loss: 0.2734, Train: 100.00%, Valid: 67.16%, Test In: 68.35% Test OOD1: 60.44% Test OOD2: 51.01% Test OOD3: 58.38% 
Epoch: 117, Loss: 0.2624, Train: 100.00%, Valid: 67.26%, Test In: 68.38% Test OOD1: 60.39% Test OOD2: 51.04% Test OOD3: 58.29% 
Epoch: 118, Loss: 0.2603, Train: 100.00%, Valid: 67.42%, Test In: 68.52% Test OOD1: 60.66% Test OOD2: 51.07% Test OOD3: 58.38% 
Epoch: 119, Loss: 0.2614, Train: 100.00%, Valid: 67.28%, Test In: 68.39% Test OOD1: 60.75% Test OOD2: 51.04% Test OOD3: 58.40% 
Epoch: 120, Loss: 0.2626, Train: 100.00%, Valid: 67.32%, Test In: 68.39% Test OOD1: 60.87% Test OOD2: 50.99% Test OOD3: 58.44% 
Epoch: 121, Loss: 0.2570, Train: 100.00%, Valid: 67.45%, Test In: 68.52% Test OOD1: 60.79% Test OOD2: 50.99% Test OOD3: 58.46% 
Epoch: 122, Loss: 0.2561, Train: 100.00%, Valid: 67.40%, Test In: 68.42% Test OOD1: 60.39% Test OOD2: 50.97% Test OOD3: 58.33% 
Epoch: 123, Loss: 0.2554, Train: 100.00%, Valid: 67.40%, Test In: 68.41% Test OOD1: 60.61% Test OOD2: 50.96% Test OOD3: 58.46% 
Epoch: 124, Loss: 0.2373, Train: 100.00%, Valid: 67.31%, Test In: 68.31% Test OOD1: 60.83% Test OOD2: 50.98% Test OOD3: 58.54% 
Epoch: 125, Loss: 0.2493, Train: 100.00%, Valid: 67.26%, Test In: 68.30% Test OOD1: 60.83% Test OOD2: 51.01% Test OOD3: 58.56% 
Epoch: 126, Loss: 0.2439, Train: 100.00%, Valid: 67.36%, Test In: 68.39% Test OOD1: 60.95% Test OOD2: 51.10% Test OOD3: 58.63% 
Epoch: 127, Loss: 0.2388, Train: 100.00%, Valid: 67.28%, Test In: 68.32% Test OOD1: 61.03% Test OOD2: 51.12% Test OOD3: 58.64% 
Epoch: 128, Loss: 0.2349, Train: 100.00%, Valid: 67.23%, Test In: 68.32% Test OOD1: 61.01% Test OOD2: 51.11% Test OOD3: 58.62% 
Epoch: 129, Loss: 0.2457, Train: 100.00%, Valid: 67.29%, Test In: 68.37% Test OOD1: 60.99% Test OOD2: 51.15% Test OOD3: 58.58% 
Epoch: 130, Loss: 0.2584, Train: 100.00%, Valid: 67.30%, Test In: 68.42% Test OOD1: 61.01% Test OOD2: 51.07% Test OOD3: 58.55% 
Epoch: 131, Loss: 0.2439, Train: 100.00%, Valid: 67.27%, Test In: 68.34% Test OOD1: 60.73% Test OOD2: 51.04% Test OOD3: 58.43% 
Epoch: 132, Loss: 0.2322, Train: 100.00%, Valid: 67.23%, Test In: 68.38% Test OOD1: 60.70% Test OOD2: 50.93% Test OOD3: 58.39% 
Epoch: 133, Loss: 0.2296, Train: 100.00%, Valid: 67.23%, Test In: 68.33% Test OOD1: 60.34% Test OOD2: 50.91% Test OOD3: 58.20% 
Epoch: 134, Loss: 0.2327, Train: 100.00%, Valid: 67.22%, Test In: 68.35% Test OOD1: 60.55% Test OOD2: 50.88% Test OOD3: 58.35% 
Epoch: 135, Loss: 0.2278, Train: 100.00%, Valid: 67.19%, Test In: 68.32% Test OOD1: 60.89% Test OOD2: 50.85% Test OOD3: 58.57% 
Epoch: 136, Loss: 0.2379, Train: 100.00%, Valid: 67.24%, Test In: 68.40% Test OOD1: 60.88% Test OOD2: 50.87% Test OOD3: 58.66% 
Epoch: 137, Loss: 0.2270, Train: 100.00%, Valid: 67.29%, Test In: 68.46% Test OOD1: 60.79% Test OOD2: 50.92% Test OOD3: 58.70% 
Epoch: 138, Loss: 0.2388, Train: 100.00%, Valid: 67.24%, Test In: 68.45% Test OOD1: 60.84% Test OOD2: 50.89% Test OOD3: 58.66% 
Epoch: 139, Loss: 0.2270, Train: 100.00%, Valid: 67.28%, Test In: 68.43% Test OOD1: 60.48% Test OOD2: 50.96% Test OOD3: 58.49% 
Epoch: 140, Loss: 0.2245, Train: 100.00%, Valid: 67.35%, Test In: 68.51% Test OOD1: 60.68% Test OOD2: 50.90% Test OOD3: 58.51% 
Epoch: 141, Loss: 0.2166, Train: 100.00%, Valid: 67.27%, Test In: 68.50% Test OOD1: 60.89% Test OOD2: 50.84% Test OOD3: 58.52% 
Epoch: 142, Loss: 0.2292, Train: 100.00%, Valid: 67.31%, Test In: 68.49% Test OOD1: 60.37% Test OOD2: 50.86% Test OOD3: 58.25% 
Epoch: 143, Loss: 0.2330, Train: 100.00%, Valid: 67.29%, Test In: 68.59% Test OOD1: 60.86% Test OOD2: 50.76% Test OOD3: 58.39% 
Epoch: 144, Loss: 0.2289, Train: 100.00%, Valid: 67.26%, Test In: 68.57% Test OOD1: 60.62% Test OOD2: 50.75% Test OOD3: 58.26% 
Epoch: 145, Loss: 0.2124, Train: 100.00%, Valid: 67.26%, Test In: 68.55% Test OOD1: 60.40% Test OOD2: 50.79% Test OOD3: 58.16% 
Epoch: 146, Loss: 0.2159, Train: 100.00%, Valid: 67.31%, Test In: 68.70% Test OOD1: 60.79% Test OOD2: 50.79% Test OOD3: 58.37% 
Epoch: 147, Loss: 0.2326, Train: 100.00%, Valid: 67.31%, Test In: 68.64% Test OOD1: 60.55% Test OOD2: 50.83% Test OOD3: 58.27% 
Epoch: 148, Loss: 0.2217, Train: 100.00%, Valid: 67.39%, Test In: 68.76% Test OOD1: 60.64% Test OOD2: 50.88% Test OOD3: 58.25% 
Epoch: 149, Loss: 0.2180, Train: 100.00%, Valid: 67.39%, Test In: 68.87% Test OOD1: 61.08% Test OOD2: 50.90% Test OOD3: 58.38% 
Epoch: 150, Loss: 0.2330, Train: 100.00%, Valid: 67.36%, Test In: 68.84% Test OOD1: 60.72% Test OOD2: 50.94% Test OOD3: 58.30% 
Epoch: 151, Loss: 0.2289, Train: 100.00%, Valid: 67.41%, Test In: 68.99% Test OOD1: 60.77% Test OOD2: 50.91% Test OOD3: 58.34% 
Epoch: 152, Loss: 0.2112, Train: 100.00%, Valid: 67.29%, Test In: 68.95% Test OOD1: 60.84% Test OOD2: 50.90% Test OOD3: 58.35% 
Epoch: 153, Loss: 0.2185, Train: 100.00%, Valid: 67.32%, Test In: 68.91% Test OOD1: 60.50% Test OOD2: 50.88% Test OOD3: 58.28% 
Epoch: 154, Loss: 0.2200, Train: 100.00%, Valid: 67.43%, Test In: 69.06% Test OOD1: 60.60% Test OOD2: 50.76% Test OOD3: 58.37% 
Epoch: 155, Loss: 0.2197, Train: 100.00%, Valid: 67.23%, Test In: 68.95% Test OOD1: 61.02% Test OOD2: 50.82% Test OOD3: 58.60% 
Epoch: 156, Loss: 0.2133, Train: 100.00%, Valid: 67.24%, Test In: 68.96% Test OOD1: 60.90% Test OOD2: 50.89% Test OOD3: 58.50% 
Epoch: 157, Loss: 0.2097, Train: 100.00%, Valid: 67.32%, Test In: 69.03% Test OOD1: 60.87% Test OOD2: 50.93% Test OOD3: 58.38% 
Epoch: 158, Loss: 0.2148, Train: 100.00%, Valid: 67.33%, Test In: 69.04% Test OOD1: 60.95% Test OOD2: 51.04% Test OOD3: 58.28% 
Epoch: 159, Loss: 0.2045, Train: 100.00%, Valid: 67.31%, Test In: 68.95% Test OOD1: 60.92% Test OOD2: 51.13% Test OOD3: 58.24% 
Epoch: 160, Loss: 0.1976, Train: 100.00%, Valid: 67.40%, Test In: 68.97% Test OOD1: 61.00% Test OOD2: 51.16% Test OOD3: 58.26% 
Epoch: 161, Loss: 0.1994, Train: 100.00%, Valid: 67.39%, Test In: 68.98% Test OOD1: 61.27% Test OOD2: 51.18% Test OOD3: 58.37% 
Epoch: 162, Loss: 0.1951, Train: 100.00%, Valid: 67.41%, Test In: 68.99% Test OOD1: 61.15% Test OOD2: 51.24% Test OOD3: 58.36% 
Epoch: 163, Loss: 0.1944, Train: 100.00%, Valid: 67.49%, Test In: 69.07% Test OOD1: 60.87% Test OOD2: 51.18% Test OOD3: 58.32% 
Epoch: 164, Loss: 0.2036, Train: 100.00%, Valid: 67.46%, Test In: 69.11% Test OOD1: 61.12% Test OOD2: 51.12% Test OOD3: 58.45% 
Epoch: 165, Loss: 0.1996, Train: 100.00%, Valid: 67.37%, Test In: 68.96% Test OOD1: 60.92% Test OOD2: 51.15% Test OOD3: 58.36% 
Epoch: 166, Loss: 0.1929, Train: 100.00%, Valid: 67.40%, Test In: 68.92% Test OOD1: 60.54% Test OOD2: 51.17% Test OOD3: 58.21% 
Epoch: 167, Loss: 0.1995, Train: 100.00%, Valid: 67.53%, Test In: 69.09% Test OOD1: 61.02% Test OOD2: 51.08% Test OOD3: 58.40% 
Epoch: 168, Loss: 0.2048, Train: 100.00%, Valid: 67.47%, Test In: 68.97% Test OOD1: 60.91% Test OOD2: 51.07% Test OOD3: 58.36% 
Epoch: 169, Loss: 0.1887, Train: 100.00%, Valid: 67.47%, Test In: 68.86% Test OOD1: 60.59% Test OOD2: 51.11% Test OOD3: 58.26% 
Epoch: 170, Loss: 0.2091, Train: 100.00%, Valid: 67.55%, Test In: 69.03% Test OOD1: 60.52% Test OOD2: 51.04% Test OOD3: 58.18% 
Epoch: 171, Loss: 0.1888, Train: 100.00%, Valid: 67.47%, Test In: 68.94% Test OOD1: 60.53% Test OOD2: 51.03% Test OOD3: 58.15% 
Epoch: 172, Loss: 0.1869, Train: 100.00%, Valid: 67.29%, Test In: 68.66% Test OOD1: 60.16% Test OOD2: 51.14% Test OOD3: 57.91% 
Epoch: 173, Loss: 0.2074, Train: 100.00%, Valid: 67.34%, Test In: 68.78% Test OOD1: 60.44% Test OOD2: 51.11% Test OOD3: 58.01% 
Epoch: 174, Loss: 0.1978, Train: 100.00%, Valid: 67.41%, Test In: 68.84% Test OOD1: 60.52% Test OOD2: 51.08% Test OOD3: 57.99% 
Epoch: 175, Loss: 0.1900, Train: 100.00%, Valid: 67.34%, Test In: 68.74% Test OOD1: 60.69% Test OOD2: 51.10% Test OOD3: 58.07% 
Epoch: 176, Loss: 0.1898, Train: 100.00%, Valid: 67.45%, Test In: 68.89% Test OOD1: 60.88% Test OOD2: 51.03% Test OOD3: 58.19% 
Epoch: 177, Loss: 0.1943, Train: 100.00%, Valid: 67.60%, Test In: 68.99% Test OOD1: 60.77% Test OOD2: 51.06% Test OOD3: 58.19% 
Epoch: 178, Loss: 0.1909, Train: 100.00%, Valid: 67.49%, Test In: 68.88% Test OOD1: 60.51% Test OOD2: 51.11% Test OOD3: 58.05% 
Epoch: 179, Loss: 0.1868, Train: 100.00%, Valid: 67.47%, Test In: 68.95% Test OOD1: 60.58% Test OOD2: 51.06% Test OOD3: 58.11% 
Epoch: 180, Loss: 0.1714, Train: 100.00%, Valid: 67.52%, Test In: 69.02% Test OOD1: 60.52% Test OOD2: 51.02% Test OOD3: 58.14% 
Epoch: 181, Loss: 0.1955, Train: 100.00%, Valid: 67.32%, Test In: 68.87% Test OOD1: 60.66% Test OOD2: 51.06% Test OOD3: 58.21% 
Epoch: 182, Loss: 0.1747, Train: 100.00%, Valid: 67.15%, Test In: 68.83% Test OOD1: 60.79% Test OOD2: 51.06% Test OOD3: 58.27% 
Epoch: 183, Loss: 0.1816, Train: 100.00%, Valid: 67.17%, Test In: 68.91% Test OOD1: 60.64% Test OOD2: 51.06% Test OOD3: 58.26% 
Epoch: 184, Loss: 0.1784, Train: 100.00%, Valid: 67.22%, Test In: 69.00% Test OOD1: 60.47% Test OOD2: 51.09% Test OOD3: 58.25% 
Epoch: 185, Loss: 0.1815, Train: 100.00%, Valid: 67.30%, Test In: 69.02% Test OOD1: 60.46% Test OOD2: 51.06% Test OOD3: 58.31% 
Epoch: 186, Loss: 0.1790, Train: 100.00%, Valid: 67.35%, Test In: 69.09% Test OOD1: 60.77% Test OOD2: 50.98% Test OOD3: 58.50% 
Epoch: 187, Loss: 0.1755, Train: 100.00%, Valid: 67.50%, Test In: 69.16% Test OOD1: 60.67% Test OOD2: 50.98% Test OOD3: 58.46% 
Epoch: 188, Loss: 0.1818, Train: 100.00%, Valid: 67.50%, Test In: 69.05% Test OOD1: 60.66% Test OOD2: 50.99% Test OOD3: 58.37% 
Epoch: 189, Loss: 0.1773, Train: 100.00%, Valid: 67.38%, Test In: 68.97% Test OOD1: 60.62% Test OOD2: 50.93% Test OOD3: 58.27% 
Epoch: 190, Loss: 0.1795, Train: 100.00%, Valid: 67.32%, Test In: 68.97% Test OOD1: 60.26% Test OOD2: 50.99% Test OOD3: 58.09% 
Epoch: 191, Loss: 0.1751, Train: 100.00%, Valid: 67.23%, Test In: 68.95% Test OOD1: 60.14% Test OOD2: 51.04% Test OOD3: 58.06% 
Epoch: 192, Loss: 0.1683, Train: 100.00%, Valid: 67.25%, Test In: 68.98% Test OOD1: 60.31% Test OOD2: 51.02% Test OOD3: 58.24% 
Epoch: 193, Loss: 0.1727, Train: 100.00%, Valid: 67.27%, Test In: 68.99% Test OOD1: 60.40% Test OOD2: 51.02% Test OOD3: 58.39% 
Epoch: 194, Loss: 0.1683, Train: 100.00%, Valid: 67.33%, Test In: 69.02% Test OOD1: 60.52% Test OOD2: 50.97% Test OOD3: 58.51% 
Epoch: 195, Loss: 0.1734, Train: 100.00%, Valid: 67.36%, Test In: 69.01% Test OOD1: 60.44% Test OOD2: 50.91% Test OOD3: 58.49% 
Epoch: 196, Loss: 0.1686, Train: 100.00%, Valid: 67.40%, Test In: 68.99% Test OOD1: 60.24% Test OOD2: 50.88% Test OOD3: 58.41% 
Epoch: 197, Loss: 0.1648, Train: 100.00%, Valid: 67.44%, Test In: 68.96% Test OOD1: 60.07% Test OOD2: 50.91% Test OOD3: 58.33% 
Epoch: 198, Loss: 0.1692, Train: 100.00%, Valid: 67.53%, Test In: 69.06% Test OOD1: 60.34% Test OOD2: 50.85% Test OOD3: 58.42% 
Epoch: 199, Loss: 0.1593, Train: 100.00%, Valid: 67.60%, Test In: 69.10% Test OOD1: 60.60% Test OOD2: 50.83% Test OOD3: 58.52% 
Run 03:
Highest Train: 100.00
Highest Valid: 70.84
Highest In Test: 71.76
Highest OOD Test: 65.68
Highest OOD Test: 51.58
Highest OOD Test: 62.96
Chosen epoch: 17
Final Train: 80.29
Final In Test: 71.76
Final OOD Test: 64.07
Final OOD Test: 51.53
Final OOD Test: 62.24
All runs:
Highest Train: 100.00 ± 0.00
Highest Valid: 70.47 ± 0.33
Highest In Test: 71.31 ± 0.39
Highest OOD Test: 65.63 ± 0.04
Highest OOD Test: 51.74 ± 0.19
Highest OOD Test: 62.93 ± 0.06
  Final Train: 80.61 ± 0.37
   Final In  Test: 71.31 ± 0.39
   Final OOD Test: 64.44 ± 0.33
   Final OOD Test: 51.20 ± 0.28
   Final OOD Test: 62.06 ± 0.18
[INFO] TensorBoard writer closed.

Command: python main.py --dataset twitch --backbone_type gcn --env_type graph --combine_result --store_result --epochs 200 --runs 3 --num_layers 2 --expert_agg mean --tau 3 --lr 0.01 --weight_decay 5e-5 --dropout 0.0 --K 3 --hidden_channels 64 --seed 123 --device 0 --lr 0.01 --weight_decay 5e-05 --dropout 0.1 --lamda 2.0 --K 4 --hidden_channels 64 --other_env_reduce sample --result_name twitch_stage1_lr0.01_weight_decay5e-05_dropout0.1_lamda2.0_K4_hidden_channels64_other_env_reducesample
Return code: 0
Elapsed: 153.19s
