Namespace(K=4, backbone_type='gcn', combine_result=True, cpu=False, data_dir='./data/', dataset='twitch', device=0, display_step=1, dropout=0.1, env_type='graph', epochs=200, expert_agg='mean', gamma=0.99, gate_hidden=64, hidden_channels=64, infer_env=False, infer_env_components=64, infer_env_iters=30, infer_env_num=3, lambda_cl=0.1, lambda_dag=0.1, lambda_ind=0.1, lambda_l1=0.5, lamda=2.0, lamda_ciw=0.0001, lr=0.01, lr_dag=0.001, num_layers=2, other_env_reduce='env', pos_weight=5.0, result_name='twitch_stage1_lr0.01_weight_decay5e-05_dropout0.1_lamda2.0_K4_hidden_channels64_other_env_reduceenv', runs=3, seed=123, store_result=True, tau=3.0, use_bn=False, variant=False, weight_decay=5e-05)
dataset twitch: all nodes 34120 | edges 429113 | classes 2 | feats 3170
train nodes 7897 | valid nodes 3949 | test in nodes 3949
test ood1 nodes 4648 test ood2 nodes 6551 test ood3 nodes 7126 
[INFO] env numbers: 6 train env numbers: 3
MODEL: CaNet(
  (experts): ModuleList(
    (0): ExpertNet(
      (convs): ModuleList(
        (0): CaNetConv()
        (1): CaNetConv()
      )
      (fcs): ModuleList(
        (0): Linear(in_features=3170, out_features=64, bias=True)
        (1): Linear(in_features=64, out_features=2, bias=True)
      )
      (act_fn): ReLU()
    )
    (1): ExpertNet(
      (convs): ModuleList(
        (0): CaNetConv()
        (1): CaNetConv()
      )
      (fcs): ModuleList(
        (0): Linear(in_features=3170, out_features=64, bias=True)
        (1): Linear(in_features=64, out_features=2, bias=True)
      )
      (act_fn): ReLU()
    )
    (2): ExpertNet(
      (convs): ModuleList(
        (0): CaNetConv()
        (1): CaNetConv()
      )
      (fcs): ModuleList(
        (0): Linear(in_features=3170, out_features=64, bias=True)
        (1): Linear(in_features=64, out_features=2, bias=True)
      )
      (act_fn): ReLU()
    )
    (3): ExpertNet(
      (convs): ModuleList(
        (0): CaNetConv()
        (1): CaNetConv()
      )
      (fcs): ModuleList(
        (0): Linear(in_features=3170, out_features=64, bias=True)
        (1): Linear(in_features=64, out_features=2, bias=True)
      )
      (act_fn): ReLU()
    )
  )
  (gate): Sequential(
    (0): Linear(in_features=3170, out_features=64, bias=True)
    (1): ReLU()
    (2): Linear(in_features=64, out_features=4, bias=True)
  )
)
[INFO] TensorBoard logging activated. Logs will be saved to: ./runs/twitch/Apr16_05-22-40_lamda_2.0
Epoch: 00, Loss: 2.0900, Train: 44.00%, Valid: 43.50%, Test In: 44.50% Test OOD1: 41.07% Test OOD2: 50.13% Test OOD3: 45.61% 
Epoch: 01, Loss: 2.0722, Train: 43.92%, Valid: 43.61%, Test In: 44.58% Test OOD1: 41.08% Test OOD2: 50.11% Test OOD3: 45.59% 
Epoch: 02, Loss: 2.0473, Train: 45.59%, Valid: 44.86%, Test In: 45.90% Test OOD1: 41.68% Test OOD2: 50.25% Test OOD3: 46.23% 
Epoch: 03, Loss: 2.0303, Train: 57.21%, Valid: 53.54%, Test In: 54.67% Test OOD1: 46.12% Test OOD2: 51.21% Test OOD3: 50.65% 
Epoch: 04, Loss: 2.0080, Train: 73.53%, Valid: 67.08%, Test In: 68.22% Test OOD1: 63.17% Test OOD2: 51.91% Test OOD3: 62.07% 
Epoch: 05, Loss: 1.9781, Train: 69.93%, Valid: 65.08%, Test In: 65.38% Test OOD1: 63.66% Test OOD2: 51.28% Test OOD3: 61.00% 
Epoch: 06, Loss: 1.9514, Train: 68.41%, Valid: 63.97%, Test In: 64.09% Test OOD1: 63.20% Test OOD2: 51.21% Test OOD3: 60.54% 
Epoch: 07, Loss: 1.9255, Train: 68.16%, Valid: 63.61%, Test In: 63.80% Test OOD1: 63.08% Test OOD2: 51.23% Test OOD3: 60.52% 
Epoch: 08, Loss: 1.9069, Train: 68.49%, Valid: 63.57%, Test In: 63.82% Test OOD1: 63.13% Test OOD2: 51.27% Test OOD3: 60.73% 
Epoch: 09, Loss: 1.8884, Train: 69.14%, Valid: 63.71%, Test In: 64.06% Test OOD1: 63.35% Test OOD2: 51.30% Test OOD3: 61.05% 
Epoch: 10, Loss: 1.8691, Train: 70.82%, Valid: 64.60%, Test In: 65.31% Test OOD1: 64.01% Test OOD2: 51.37% Test OOD3: 61.56% 
Epoch: 11, Loss: 1.8454, Train: 73.48%, Valid: 66.43%, Test In: 67.38% Test OOD1: 64.62% Test OOD2: 51.67% Test OOD3: 62.16% 
Epoch: 12, Loss: 1.8192, Train: 75.14%, Valid: 67.39%, Test In: 68.25% Test OOD1: 64.53% Test OOD2: 51.97% Test OOD3: 62.35% 
Epoch: 13, Loss: 1.7937, Train: 76.51%, Valid: 68.17%, Test In: 69.02% Test OOD1: 64.19% Test OOD2: 52.10% Test OOD3: 62.35% 
Epoch: 14, Loss: 1.7668, Train: 77.55%, Valid: 68.65%, Test In: 69.41% Test OOD1: 63.56% Test OOD2: 52.08% Test OOD3: 62.03% 
Epoch: 15, Loss: 1.7448, Train: 78.13%, Valid: 68.64%, Test In: 69.34% Test OOD1: 63.18% Test OOD2: 52.05% Test OOD3: 61.70% 
Epoch: 16, Loss: 1.7271, Train: 78.86%, Valid: 69.13%, Test In: 69.67% Test OOD1: 62.92% Test OOD2: 51.78% Test OOD3: 61.42% 
Epoch: 17, Loss: 1.6967, Train: 79.13%, Valid: 69.14%, Test In: 69.73% Test OOD1: 63.07% Test OOD2: 51.55% Test OOD3: 61.33% 
Epoch: 18, Loss: 1.6779, Train: 79.42%, Valid: 68.81%, Test In: 69.46% Test OOD1: 63.20% Test OOD2: 51.35% Test OOD3: 61.24% 
Epoch: 19, Loss: 1.6561, Train: 79.54%, Valid: 68.69%, Test In: 69.23% Test OOD1: 63.63% Test OOD2: 50.90% Test OOD3: 61.27% 
Epoch: 20, Loss: 1.6294, Train: 79.91%, Valid: 68.55%, Test In: 69.22% Test OOD1: 63.14% Test OOD2: 51.05% Test OOD3: 61.12% 
Epoch: 21, Loss: 1.6172, Train: 80.23%, Valid: 68.31%, Test In: 68.92% Test OOD1: 63.01% Test OOD2: 50.94% Test OOD3: 60.96% 
Epoch: 22, Loss: 1.5902, Train: 79.83%, Valid: 67.45%, Test In: 68.45% Test OOD1: 63.15% Test OOD2: 50.62% Test OOD3: 60.91% 
Epoch: 23, Loss: 1.5792, Train: 80.89%, Valid: 68.47%, Test In: 69.12% Test OOD1: 62.16% Test OOD2: 50.73% Test OOD3: 60.78% 
Epoch: 24, Loss: 1.5419, Train: 81.11%, Valid: 68.43%, Test In: 68.94% Test OOD1: 62.21% Test OOD2: 50.71% Test OOD3: 60.71% 
Epoch: 25, Loss: 1.5104, Train: 80.98%, Valid: 67.96%, Test In: 68.61% Test OOD1: 62.60% Test OOD2: 50.48% Test OOD3: 60.66% 
Epoch: 26, Loss: 1.5005, Train: 81.69%, Valid: 68.40%, Test In: 68.85% Test OOD1: 61.98% Test OOD2: 50.57% Test OOD3: 60.47% 
Epoch: 27, Loss: 1.4566, Train: 82.09%, Valid: 68.63%, Test In: 69.17% Test OOD1: 61.71% Test OOD2: 50.63% Test OOD3: 60.29% 
Epoch: 28, Loss: 1.4596, Train: 82.28%, Valid: 68.37%, Test In: 68.89% Test OOD1: 61.91% Test OOD2: 50.50% Test OOD3: 60.15% 
Epoch: 29, Loss: 1.4473, Train: 82.43%, Valid: 68.20%, Test In: 68.67% Test OOD1: 62.12% Test OOD2: 50.37% Test OOD3: 60.09% 
Epoch: 30, Loss: 1.4158, Train: 83.21%, Valid: 68.62%, Test In: 69.25% Test OOD1: 61.42% Test OOD2: 50.60% Test OOD3: 59.81% 
Epoch: 31, Loss: 1.4037, Train: 83.51%, Valid: 68.49%, Test In: 69.16% Test OOD1: 61.45% Test OOD2: 50.61% Test OOD3: 59.76% 
Epoch: 32, Loss: 1.4002, Train: 83.46%, Valid: 68.06%, Test In: 68.66% Test OOD1: 62.15% Test OOD2: 50.31% Test OOD3: 59.84% 
Epoch: 33, Loss: 1.3511, Train: 84.11%, Valid: 68.35%, Test In: 68.98% Test OOD1: 61.99% Test OOD2: 50.45% Test OOD3: 59.77% 
Epoch: 34, Loss: 1.3447, Train: 84.77%, Valid: 68.45%, Test In: 69.18% Test OOD1: 61.53% Test OOD2: 50.63% Test OOD3: 59.62% 
Epoch: 35, Loss: 1.3115, Train: 84.88%, Valid: 68.42%, Test In: 69.16% Test OOD1: 61.95% Test OOD2: 50.62% Test OOD3: 59.71% 
Epoch: 36, Loss: 1.3123, Train: 85.46%, Valid: 68.36%, Test In: 69.13% Test OOD1: 61.92% Test OOD2: 50.56% Test OOD3: 59.71% 
Epoch: 37, Loss: 1.2600, Train: 86.11%, Valid: 68.52%, Test In: 69.33% Test OOD1: 61.59% Test OOD2: 50.63% Test OOD3: 59.60% 
Epoch: 38, Loss: 1.2781, Train: 86.36%, Valid: 68.36%, Test In: 69.15% Test OOD1: 61.99% Test OOD2: 50.67% Test OOD3: 59.68% 
Epoch: 39, Loss: 1.2485, Train: 86.73%, Valid: 68.39%, Test In: 69.21% Test OOD1: 61.96% Test OOD2: 50.72% Test OOD3: 59.66% 
Epoch: 40, Loss: 1.2167, Train: 87.42%, Valid: 68.56%, Test In: 69.37% Test OOD1: 61.47% Test OOD2: 50.78% Test OOD3: 59.48% 
Epoch: 41, Loss: 1.2049, Train: 87.96%, Valid: 68.49%, Test In: 69.27% Test OOD1: 61.60% Test OOD2: 50.72% Test OOD3: 59.46% 
Epoch: 42, Loss: 1.1537, Train: 88.27%, Valid: 68.34%, Test In: 69.09% Test OOD1: 61.81% Test OOD2: 50.68% Test OOD3: 59.52% 
Epoch: 43, Loss: 1.1345, Train: 88.81%, Valid: 68.39%, Test In: 69.17% Test OOD1: 61.57% Test OOD2: 50.72% Test OOD3: 59.39% 
Epoch: 44, Loss: 1.1127, Train: 89.23%, Valid: 68.42%, Test In: 69.20% Test OOD1: 61.39% Test OOD2: 50.71% Test OOD3: 59.29% 
Epoch: 45, Loss: 1.0922, Train: 89.84%, Valid: 68.33%, Test In: 69.08% Test OOD1: 61.46% Test OOD2: 50.65% Test OOD3: 59.28% 
Epoch: 46, Loss: 1.0494, Train: 90.29%, Valid: 68.26%, Test In: 68.99% Test OOD1: 61.53% Test OOD2: 50.61% Test OOD3: 59.31% 
Epoch: 47, Loss: 1.0446, Train: 90.67%, Valid: 68.25%, Test In: 68.96% Test OOD1: 61.48% Test OOD2: 50.62% Test OOD3: 59.23% 
Epoch: 48, Loss: 0.9985, Train: 91.22%, Valid: 68.32%, Test In: 68.95% Test OOD1: 61.17% Test OOD2: 50.66% Test OOD3: 59.06% 
Epoch: 49, Loss: 0.9796, Train: 91.77%, Valid: 68.28%, Test In: 68.85% Test OOD1: 61.38% Test OOD2: 50.58% Test OOD3: 59.09% 
Epoch: 50, Loss: 0.9532, Train: 92.10%, Valid: 68.19%, Test In: 68.84% Test OOD1: 61.49% Test OOD2: 50.57% Test OOD3: 59.10% 
Epoch: 51, Loss: 0.9525, Train: 92.56%, Valid: 68.23%, Test In: 68.71% Test OOD1: 61.31% Test OOD2: 50.62% Test OOD3: 59.01% 
Epoch: 52, Loss: 0.9002, Train: 92.99%, Valid: 68.15%, Test In: 68.64% Test OOD1: 61.29% Test OOD2: 50.65% Test OOD3: 58.93% 
Epoch: 53, Loss: 0.8636, Train: 93.48%, Valid: 68.02%, Test In: 68.57% Test OOD1: 61.34% Test OOD2: 50.61% Test OOD3: 58.93% 
Epoch: 54, Loss: 0.8390, Train: 93.91%, Valid: 68.02%, Test In: 68.53% Test OOD1: 61.18% Test OOD2: 50.63% Test OOD3: 58.88% 
Epoch: 55, Loss: 0.8218, Train: 94.24%, Valid: 67.95%, Test In: 68.50% Test OOD1: 61.04% Test OOD2: 50.69% Test OOD3: 58.75% 
Epoch: 56, Loss: 0.8044, Train: 94.70%, Valid: 67.88%, Test In: 68.38% Test OOD1: 61.19% Test OOD2: 50.63% Test OOD3: 58.81% 
Epoch: 57, Loss: 0.7760, Train: 95.19%, Valid: 67.87%, Test In: 68.41% Test OOD1: 61.08% Test OOD2: 50.71% Test OOD3: 58.79% 
Epoch: 58, Loss: 0.7267, Train: 95.57%, Valid: 67.87%, Test In: 68.34% Test OOD1: 61.03% Test OOD2: 50.75% Test OOD3: 58.72% 
Epoch: 59, Loss: 0.7237, Train: 96.06%, Valid: 67.81%, Test In: 68.21% Test OOD1: 60.90% Test OOD2: 50.72% Test OOD3: 58.55% 
Epoch: 60, Loss: 0.6912, Train: 96.41%, Valid: 67.83%, Test In: 68.24% Test OOD1: 60.79% Test OOD2: 50.80% Test OOD3: 58.52% 
Epoch: 61, Loss: 0.6607, Train: 96.69%, Valid: 67.79%, Test In: 68.09% Test OOD1: 60.92% Test OOD2: 50.82% Test OOD3: 58.57% 
Epoch: 62, Loss: 0.6442, Train: 97.12%, Valid: 67.66%, Test In: 68.05% Test OOD1: 61.05% Test OOD2: 50.80% Test OOD3: 58.68% 
Epoch: 63, Loss: 0.6414, Train: 97.33%, Valid: 67.60%, Test In: 67.95% Test OOD1: 61.12% Test OOD2: 50.86% Test OOD3: 58.63% 
Epoch: 64, Loss: 0.6071, Train: 97.60%, Valid: 67.58%, Test In: 67.90% Test OOD1: 60.90% Test OOD2: 50.95% Test OOD3: 58.56% 
Epoch: 65, Loss: 0.5853, Train: 97.96%, Valid: 67.42%, Test In: 67.85% Test OOD1: 60.95% Test OOD2: 50.89% Test OOD3: 58.52% 
Epoch: 66, Loss: 0.5877, Train: 98.13%, Valid: 67.30%, Test In: 67.63% Test OOD1: 60.91% Test OOD2: 50.93% Test OOD3: 58.36% 
Epoch: 67, Loss: 0.5749, Train: 98.29%, Valid: 67.51%, Test In: 67.70% Test OOD1: 60.73% Test OOD2: 50.97% Test OOD3: 58.41% 
Epoch: 68, Loss: 0.5652, Train: 98.51%, Valid: 67.23%, Test In: 67.40% Test OOD1: 60.94% Test OOD2: 50.77% Test OOD3: 58.34% 
Epoch: 69, Loss: 0.5323, Train: 98.71%, Valid: 67.21%, Test In: 67.35% Test OOD1: 60.79% Test OOD2: 50.84% Test OOD3: 58.36% 
Epoch: 70, Loss: 0.4917, Train: 98.83%, Valid: 67.47%, Test In: 67.58% Test OOD1: 60.56% Test OOD2: 51.06% Test OOD3: 58.52% 
Epoch: 71, Loss: 0.5130, Train: 99.04%, Valid: 67.10%, Test In: 67.29% Test OOD1: 60.61% Test OOD2: 50.97% Test OOD3: 58.42% 
Epoch: 72, Loss: 0.4698, Train: 99.16%, Valid: 66.83%, Test In: 67.02% Test OOD1: 60.60% Test OOD2: 50.94% Test OOD3: 58.34% 
Epoch: 73, Loss: 0.4714, Train: 99.28%, Valid: 67.29%, Test In: 67.27% Test OOD1: 60.49% Test OOD2: 51.12% Test OOD3: 58.47% 
Epoch: 74, Loss: 0.4507, Train: 99.38%, Valid: 67.16%, Test In: 67.07% Test OOD1: 60.66% Test OOD2: 51.10% Test OOD3: 58.46% 
Epoch: 75, Loss: 0.4227, Train: 99.48%, Valid: 66.81%, Test In: 66.77% Test OOD1: 60.73% Test OOD2: 50.96% Test OOD3: 58.36% 
Epoch: 76, Loss: 0.4268, Train: 99.56%, Valid: 67.15%, Test In: 67.04% Test OOD1: 60.60% Test OOD2: 51.03% Test OOD3: 58.43% 
Epoch: 77, Loss: 0.4178, Train: 99.60%, Valid: 67.12%, Test In: 67.07% Test OOD1: 60.61% Test OOD2: 51.08% Test OOD3: 58.59% 
Epoch: 78, Loss: 0.4148, Train: 99.64%, Valid: 67.11%, Test In: 67.09% Test OOD1: 60.66% Test OOD2: 51.13% Test OOD3: 58.63% 
Epoch: 79, Loss: 0.3985, Train: 99.69%, Valid: 66.89%, Test In: 66.98% Test OOD1: 60.61% Test OOD2: 51.07% Test OOD3: 58.62% 
Epoch: 80, Loss: 0.3735, Train: 99.71%, Valid: 66.87%, Test In: 67.03% Test OOD1: 60.64% Test OOD2: 51.05% Test OOD3: 58.62% 
Epoch: 81, Loss: 0.3879, Train: 99.72%, Valid: 67.04%, Test In: 67.17% Test OOD1: 60.63% Test OOD2: 51.17% Test OOD3: 58.49% 
Epoch: 82, Loss: 0.4054, Train: 99.76%, Valid: 66.68%, Test In: 66.84% Test OOD1: 60.74% Test OOD2: 51.02% Test OOD3: 58.47% 
Epoch: 83, Loss: 0.3633, Train: 99.78%, Valid: 66.76%, Test In: 66.92% Test OOD1: 60.86% Test OOD2: 51.05% Test OOD3: 58.57% 
Epoch: 84, Loss: 0.3614, Train: 99.80%, Valid: 67.01%, Test In: 67.17% Test OOD1: 61.12% Test OOD2: 51.21% Test OOD3: 58.70% 
Epoch: 85, Loss: 0.3709, Train: 99.83%, Valid: 66.93%, Test In: 67.04% Test OOD1: 60.91% Test OOD2: 51.22% Test OOD3: 58.53% 
Epoch: 86, Loss: 0.3298, Train: 99.85%, Valid: 66.85%, Test In: 67.01% Test OOD1: 60.55% Test OOD2: 51.20% Test OOD3: 58.32% 
Epoch: 87, Loss: 0.3455, Train: 99.87%, Valid: 66.81%, Test In: 66.96% Test OOD1: 60.39% Test OOD2: 51.25% Test OOD3: 58.13% 
Epoch: 88, Loss: 0.3222, Train: 99.88%, Valid: 66.67%, Test In: 66.87% Test OOD1: 60.56% Test OOD2: 51.26% Test OOD3: 58.17% 
Epoch: 89, Loss: 0.3382, Train: 99.89%, Valid: 66.89%, Test In: 67.06% Test OOD1: 60.62% Test OOD2: 51.32% Test OOD3: 58.29% 
Epoch: 90, Loss: 0.3073, Train: 99.90%, Valid: 66.89%, Test In: 67.11% Test OOD1: 60.80% Test OOD2: 51.37% Test OOD3: 58.39% 
Epoch: 91, Loss: 0.3163, Train: 99.91%, Valid: 66.77%, Test In: 67.08% Test OOD1: 61.00% Test OOD2: 51.44% Test OOD3: 58.46% 
Epoch: 92, Loss: 0.3188, Train: 99.92%, Valid: 67.01%, Test In: 67.22% Test OOD1: 60.88% Test OOD2: 51.50% Test OOD3: 58.48% 
Epoch: 93, Loss: 0.2978, Train: 99.93%, Valid: 67.11%, Test In: 67.25% Test OOD1: 60.67% Test OOD2: 51.50% Test OOD3: 58.48% 
Epoch: 94, Loss: 0.2977, Train: 99.94%, Valid: 66.92%, Test In: 67.06% Test OOD1: 60.60% Test OOD2: 51.43% Test OOD3: 58.41% 
Epoch: 95, Loss: 0.2927, Train: 99.95%, Valid: 66.91%, Test In: 67.06% Test OOD1: 60.53% Test OOD2: 51.50% Test OOD3: 58.28% 
Epoch: 96, Loss: 0.2844, Train: 99.95%, Valid: 67.13%, Test In: 67.23% Test OOD1: 60.56% Test OOD2: 51.60% Test OOD3: 58.31% 
Epoch: 97, Loss: 0.2844, Train: 99.96%, Valid: 66.96%, Test In: 67.22% Test OOD1: 60.84% Test OOD2: 51.51% Test OOD3: 58.44% 
Epoch: 98, Loss: 0.2884, Train: 99.96%, Valid: 66.86%, Test In: 67.18% Test OOD1: 61.06% Test OOD2: 51.44% Test OOD3: 58.45% 
Epoch: 99, Loss: 0.2814, Train: 99.97%, Valid: 67.05%, Test In: 67.36% Test OOD1: 60.95% Test OOD2: 51.45% Test OOD3: 58.39% 
Epoch: 100, Loss: 0.2985, Train: 99.98%, Valid: 67.01%, Test In: 67.43% Test OOD1: 60.89% Test OOD2: 51.41% Test OOD3: 58.36% 
Epoch: 101, Loss: 0.2916, Train: 99.99%, Valid: 67.06%, Test In: 67.57% Test OOD1: 60.88% Test OOD2: 51.42% Test OOD3: 58.34% 
Epoch: 102, Loss: 0.2696, Train: 99.99%, Valid: 67.19%, Test In: 67.64% Test OOD1: 60.90% Test OOD2: 51.47% Test OOD3: 58.42% 
Epoch: 103, Loss: 0.2811, Train: 99.99%, Valid: 67.23%, Test In: 67.74% Test OOD1: 61.16% Test OOD2: 51.45% Test OOD3: 58.73% 
Epoch: 104, Loss: 0.2576, Train: 99.99%, Valid: 67.25%, Test In: 67.71% Test OOD1: 61.19% Test OOD2: 51.44% Test OOD3: 58.75% 
Epoch: 105, Loss: 0.2800, Train: 99.99%, Valid: 67.07%, Test In: 67.51% Test OOD1: 61.10% Test OOD2: 51.39% Test OOD3: 58.48% 
Epoch: 106, Loss: 0.2662, Train: 99.99%, Valid: 67.02%, Test In: 67.55% Test OOD1: 60.95% Test OOD2: 51.37% Test OOD3: 58.32% 
Epoch: 107, Loss: 0.2646, Train: 99.99%, Valid: 66.92%, Test In: 67.55% Test OOD1: 60.74% Test OOD2: 51.39% Test OOD3: 58.21% 
Epoch: 108, Loss: 0.2698, Train: 99.99%, Valid: 66.91%, Test In: 67.57% Test OOD1: 60.81% Test OOD2: 51.38% Test OOD3: 58.29% 
Epoch: 109, Loss: 0.2627, Train: 100.00%, Valid: 67.09%, Test In: 67.76% Test OOD1: 60.96% Test OOD2: 51.50% Test OOD3: 58.49% 
Epoch: 110, Loss: 0.2571, Train: 100.00%, Valid: 67.20%, Test In: 67.88% Test OOD1: 61.11% Test OOD2: 51.51% Test OOD3: 58.72% 
Epoch: 111, Loss: 0.2650, Train: 100.00%, Valid: 67.03%, Test In: 67.69% Test OOD1: 61.17% Test OOD2: 51.47% Test OOD3: 58.66% 
Epoch: 112, Loss: 0.2565, Train: 100.00%, Valid: 66.96%, Test In: 67.52% Test OOD1: 60.99% Test OOD2: 51.45% Test OOD3: 58.48% 
Epoch: 113, Loss: 0.2584, Train: 100.00%, Valid: 67.17%, Test In: 67.64% Test OOD1: 60.66% Test OOD2: 51.47% Test OOD3: 58.39% 
Epoch: 114, Loss: 0.2499, Train: 100.00%, Valid: 67.00%, Test In: 67.52% Test OOD1: 60.59% Test OOD2: 51.35% Test OOD3: 58.36% 
Epoch: 115, Loss: 0.2361, Train: 100.00%, Valid: 66.86%, Test In: 67.45% Test OOD1: 60.61% Test OOD2: 51.23% Test OOD3: 58.34% 
Epoch: 116, Loss: 0.2501, Train: 100.00%, Valid: 67.08%, Test In: 67.62% Test OOD1: 60.62% Test OOD2: 51.23% Test OOD3: 58.34% 
Epoch: 117, Loss: 0.2531, Train: 100.00%, Valid: 67.24%, Test In: 67.82% Test OOD1: 60.77% Test OOD2: 51.23% Test OOD3: 58.45% 
Epoch: 118, Loss: 0.2460, Train: 100.00%, Valid: 67.06%, Test In: 67.71% Test OOD1: 61.20% Test OOD2: 51.17% Test OOD3: 58.64% 
Epoch: 119, Loss: 0.2447, Train: 100.00%, Valid: 66.97%, Test In: 67.70% Test OOD1: 61.26% Test OOD2: 51.17% Test OOD3: 58.63% 
Epoch: 120, Loss: 0.2305, Train: 100.00%, Valid: 67.12%, Test In: 67.78% Test OOD1: 61.04% Test OOD2: 51.22% Test OOD3: 58.52% 
Epoch: 121, Loss: 0.2499, Train: 100.00%, Valid: 67.04%, Test In: 67.73% Test OOD1: 60.94% Test OOD2: 51.23% Test OOD3: 58.39% 
Epoch: 122, Loss: 0.2390, Train: 100.00%, Valid: 66.77%, Test In: 67.58% Test OOD1: 60.85% Test OOD2: 51.18% Test OOD3: 58.22% 
Epoch: 123, Loss: 0.2316, Train: 100.00%, Valid: 66.85%, Test In: 67.63% Test OOD1: 60.73% Test OOD2: 51.16% Test OOD3: 58.15% 
Epoch: 124, Loss: 0.2330, Train: 100.00%, Valid: 67.04%, Test In: 67.70% Test OOD1: 60.81% Test OOD2: 51.19% Test OOD3: 58.23% 
Epoch: 125, Loss: 0.2360, Train: 100.00%, Valid: 66.97%, Test In: 67.63% Test OOD1: 61.26% Test OOD2: 51.15% Test OOD3: 58.37% 
Epoch: 126, Loss: 0.2409, Train: 100.00%, Valid: 66.88%, Test In: 67.61% Test OOD1: 61.56% Test OOD2: 51.10% Test OOD3: 58.48% 
Epoch: 127, Loss: 0.2386, Train: 100.00%, Valid: 67.10%, Test In: 67.79% Test OOD1: 61.58% Test OOD2: 51.17% Test OOD3: 58.47% 
Epoch: 128, Loss: 0.2211, Train: 100.00%, Valid: 67.29%, Test In: 67.90% Test OOD1: 61.41% Test OOD2: 51.22% Test OOD3: 58.42% 
Epoch: 129, Loss: 0.2487, Train: 100.00%, Valid: 67.03%, Test In: 67.75% Test OOD1: 61.34% Test OOD2: 51.16% Test OOD3: 58.36% 
Epoch: 130, Loss: 0.2279, Train: 100.00%, Valid: 67.14%, Test In: 67.79% Test OOD1: 61.30% Test OOD2: 51.20% Test OOD3: 58.35% 
Epoch: 131, Loss: 0.2316, Train: 100.00%, Valid: 67.39%, Test In: 67.87% Test OOD1: 61.38% Test OOD2: 51.28% Test OOD3: 58.41% 
Epoch: 132, Loss: 0.2241, Train: 100.00%, Valid: 67.35%, Test In: 67.83% Test OOD1: 61.60% Test OOD2: 51.26% Test OOD3: 58.51% 
Epoch: 133, Loss: 0.2261, Train: 100.00%, Valid: 67.19%, Test In: 67.79% Test OOD1: 61.59% Test OOD2: 51.25% Test OOD3: 58.53% 
Epoch: 134, Loss: 0.2219, Train: 100.00%, Valid: 67.23%, Test In: 67.90% Test OOD1: 61.35% Test OOD2: 51.28% Test OOD3: 58.43% 
Epoch: 135, Loss: 0.2240, Train: 100.00%, Valid: 67.19%, Test In: 67.95% Test OOD1: 61.08% Test OOD2: 51.30% Test OOD3: 58.25% 
Epoch: 136, Loss: 0.2262, Train: 100.00%, Valid: 67.08%, Test In: 67.91% Test OOD1: 61.00% Test OOD2: 51.28% Test OOD3: 58.13% 
Epoch: 137, Loss: 0.2179, Train: 100.00%, Valid: 67.05%, Test In: 67.96% Test OOD1: 60.93% Test OOD2: 51.28% Test OOD3: 58.08% 
Epoch: 138, Loss: 0.2270, Train: 100.00%, Valid: 67.15%, Test In: 68.03% Test OOD1: 61.18% Test OOD2: 51.27% Test OOD3: 58.24% 
Epoch: 139, Loss: 0.2173, Train: 100.00%, Valid: 67.21%, Test In: 68.03% Test OOD1: 61.47% Test OOD2: 51.25% Test OOD3: 58.41% 
Epoch: 140, Loss: 0.2083, Train: 100.00%, Valid: 67.27%, Test In: 68.05% Test OOD1: 61.53% Test OOD2: 51.27% Test OOD3: 58.44% 
Epoch: 141, Loss: 0.2050, Train: 100.00%, Valid: 67.37%, Test In: 68.10% Test OOD1: 61.34% Test OOD2: 51.34% Test OOD3: 58.32% 
Epoch: 142, Loss: 0.2157, Train: 100.00%, Valid: 67.35%, Test In: 68.09% Test OOD1: 61.04% Test OOD2: 51.31% Test OOD3: 58.16% 
Epoch: 143, Loss: 0.2000, Train: 100.00%, Valid: 67.21%, Test In: 68.07% Test OOD1: 60.91% Test OOD2: 51.26% Test OOD3: 58.05% 
Epoch: 144, Loss: 0.1985, Train: 100.00%, Valid: 67.09%, Test In: 68.01% Test OOD1: 60.86% Test OOD2: 51.22% Test OOD3: 58.01% 
Epoch: 145, Loss: 0.2145, Train: 100.00%, Valid: 67.12%, Test In: 68.04% Test OOD1: 60.91% Test OOD2: 51.27% Test OOD3: 58.11% 
Epoch: 146, Loss: 0.2050, Train: 100.00%, Valid: 67.16%, Test In: 68.08% Test OOD1: 61.03% Test OOD2: 51.24% Test OOD3: 58.21% 
Epoch: 147, Loss: 0.2111, Train: 100.00%, Valid: 67.11%, Test In: 68.05% Test OOD1: 61.11% Test OOD2: 51.20% Test OOD3: 58.13% 
Epoch: 148, Loss: 0.2044, Train: 100.00%, Valid: 67.30%, Test In: 68.16% Test OOD1: 61.09% Test OOD2: 51.23% Test OOD3: 58.09% 
Epoch: 149, Loss: 0.1994, Train: 100.00%, Valid: 67.42%, Test In: 68.20% Test OOD1: 61.30% Test OOD2: 51.25% Test OOD3: 58.15% 
Epoch: 150, Loss: 0.1956, Train: 100.00%, Valid: 67.45%, Test In: 68.25% Test OOD1: 61.44% Test OOD2: 51.30% Test OOD3: 58.27% 
Epoch: 151, Loss: 0.2026, Train: 100.00%, Valid: 67.52%, Test In: 68.38% Test OOD1: 61.22% Test OOD2: 51.38% Test OOD3: 58.22% 
Epoch: 152, Loss: 0.1994, Train: 100.00%, Valid: 67.49%, Test In: 68.39% Test OOD1: 61.05% Test OOD2: 51.37% Test OOD3: 58.18% 
Epoch: 153, Loss: 0.1969, Train: 100.00%, Valid: 67.42%, Test In: 68.40% Test OOD1: 60.90% Test OOD2: 51.37% Test OOD3: 58.14% 
Epoch: 154, Loss: 0.1916, Train: 100.00%, Valid: 67.38%, Test In: 68.41% Test OOD1: 60.82% Test OOD2: 51.38% Test OOD3: 58.06% 
Epoch: 155, Loss: 0.1979, Train: 100.00%, Valid: 67.26%, Test In: 68.32% Test OOD1: 60.91% Test OOD2: 51.31% Test OOD3: 58.01% 
Epoch: 156, Loss: 0.1955, Train: 100.00%, Valid: 67.18%, Test In: 68.26% Test OOD1: 61.10% Test OOD2: 51.23% Test OOD3: 58.04% 
Epoch: 157, Loss: 0.1939, Train: 100.00%, Valid: 67.18%, Test In: 68.25% Test OOD1: 61.16% Test OOD2: 51.18% Test OOD3: 58.05% 
Epoch: 158, Loss: 0.1795, Train: 100.00%, Valid: 67.18%, Test In: 68.25% Test OOD1: 61.16% Test OOD2: 51.19% Test OOD3: 58.11% 
Epoch: 159, Loss: 0.1859, Train: 100.00%, Valid: 67.08%, Test In: 68.24% Test OOD1: 61.14% Test OOD2: 51.20% Test OOD3: 58.14% 
Epoch: 160, Loss: 0.1820, Train: 100.00%, Valid: 67.13%, Test In: 68.31% Test OOD1: 60.97% Test OOD2: 51.26% Test OOD3: 58.11% 
Epoch: 161, Loss: 0.1971, Train: 100.00%, Valid: 67.19%, Test In: 68.31% Test OOD1: 60.90% Test OOD2: 51.31% Test OOD3: 58.05% 
Epoch: 162, Loss: 0.1898, Train: 100.00%, Valid: 67.22%, Test In: 68.29% Test OOD1: 61.07% Test OOD2: 51.29% Test OOD3: 58.09% 
Epoch: 163, Loss: 0.1836, Train: 100.00%, Valid: 67.25%, Test In: 68.26% Test OOD1: 61.20% Test OOD2: 51.26% Test OOD3: 58.07% 
Epoch: 164, Loss: 0.1872, Train: 100.00%, Valid: 67.29%, Test In: 68.20% Test OOD1: 61.35% Test OOD2: 51.24% Test OOD3: 58.11% 
Epoch: 165, Loss: 0.1865, Train: 100.00%, Valid: 67.23%, Test In: 68.08% Test OOD1: 61.22% Test OOD2: 51.21% Test OOD3: 58.08% 
Epoch: 166, Loss: 0.2009, Train: 100.00%, Valid: 67.10%, Test In: 67.97% Test OOD1: 61.02% Test OOD2: 51.22% Test OOD3: 57.92% 
Epoch: 167, Loss: 0.1753, Train: 100.00%, Valid: 67.01%, Test In: 67.91% Test OOD1: 60.92% Test OOD2: 51.26% Test OOD3: 57.86% 
Epoch: 168, Loss: 0.1820, Train: 100.00%, Valid: 67.05%, Test In: 68.01% Test OOD1: 61.14% Test OOD2: 51.29% Test OOD3: 58.10% 
Epoch: 169, Loss: 0.1858, Train: 100.00%, Valid: 67.13%, Test In: 68.11% Test OOD1: 61.30% Test OOD2: 51.29% Test OOD3: 58.31% 
Epoch: 170, Loss: 0.1874, Train: 100.00%, Valid: 67.04%, Test In: 68.14% Test OOD1: 61.52% Test OOD2: 51.24% Test OOD3: 58.44% 
Epoch: 171, Loss: 0.1781, Train: 100.00%, Valid: 67.05%, Test In: 68.20% Test OOD1: 61.55% Test OOD2: 51.28% Test OOD3: 58.43% 
Epoch: 172, Loss: 0.1849, Train: 100.00%, Valid: 67.15%, Test In: 68.28% Test OOD1: 61.45% Test OOD2: 51.32% Test OOD3: 58.38% 
Epoch: 173, Loss: 0.1904, Train: 100.00%, Valid: 67.21%, Test In: 68.30% Test OOD1: 61.21% Test OOD2: 51.39% Test OOD3: 58.22% 
Epoch: 174, Loss: 0.1788, Train: 100.00%, Valid: 67.13%, Test In: 68.23% Test OOD1: 61.12% Test OOD2: 51.37% Test OOD3: 58.14% 
Epoch: 175, Loss: 0.1789, Train: 100.00%, Valid: 67.04%, Test In: 68.19% Test OOD1: 61.37% Test OOD2: 51.26% Test OOD3: 58.32% 
Epoch: 176, Loss: 0.1874, Train: 100.00%, Valid: 67.15%, Test In: 68.27% Test OOD1: 61.34% Test OOD2: 51.24% Test OOD3: 58.42% 
Epoch: 177, Loss: 0.1757, Train: 100.00%, Valid: 67.19%, Test In: 68.34% Test OOD1: 61.37% Test OOD2: 51.19% Test OOD3: 58.46% 
Epoch: 178, Loss: 0.1859, Train: 100.00%, Valid: 67.06%, Test In: 68.28% Test OOD1: 61.52% Test OOD2: 51.08% Test OOD3: 58.50% 
Epoch: 179, Loss: 0.1695, Train: 100.00%, Valid: 67.11%, Test In: 68.34% Test OOD1: 61.30% Test OOD2: 51.11% Test OOD3: 58.38% 
Epoch: 180, Loss: 0.1754, Train: 100.00%, Valid: 67.25%, Test In: 68.43% Test OOD1: 61.09% Test OOD2: 51.15% Test OOD3: 58.33% 
Epoch: 181, Loss: 0.1765, Train: 100.00%, Valid: 67.31%, Test In: 68.47% Test OOD1: 61.23% Test OOD2: 51.13% Test OOD3: 58.38% 
Epoch: 182, Loss: 0.1777, Train: 100.00%, Valid: 67.26%, Test In: 68.39% Test OOD1: 61.46% Test OOD2: 51.06% Test OOD3: 58.36% 
Epoch: 183, Loss: 0.1787, Train: 100.00%, Valid: 67.32%, Test In: 68.37% Test OOD1: 61.56% Test OOD2: 51.06% Test OOD3: 58.38% 
Epoch: 184, Loss: 0.1867, Train: 100.00%, Valid: 67.33%, Test In: 68.40% Test OOD1: 61.58% Test OOD2: 51.08% Test OOD3: 58.33% 
Epoch: 185, Loss: 0.1894, Train: 100.00%, Valid: 67.35%, Test In: 68.34% Test OOD1: 61.37% Test OOD2: 51.08% Test OOD3: 58.18% 
Epoch: 186, Loss: 0.1860, Train: 100.00%, Valid: 67.12%, Test In: 68.16% Test OOD1: 61.30% Test OOD2: 51.08% Test OOD3: 58.15% 
Epoch: 187, Loss: 0.1784, Train: 100.00%, Valid: 66.95%, Test In: 68.07% Test OOD1: 61.35% Test OOD2: 51.02% Test OOD3: 58.30% 
Epoch: 188, Loss: 0.1865, Train: 100.00%, Valid: 67.04%, Test In: 68.12% Test OOD1: 61.09% Test OOD2: 51.10% Test OOD3: 58.33% 
Epoch: 189, Loss: 0.1840, Train: 100.00%, Valid: 67.13%, Test In: 68.15% Test OOD1: 60.95% Test OOD2: 51.16% Test OOD3: 58.39% 
Epoch: 190, Loss: 0.1722, Train: 100.00%, Valid: 67.14%, Test In: 68.15% Test OOD1: 61.17% Test OOD2: 51.13% Test OOD3: 58.52% 
Epoch: 191, Loss: 0.1724, Train: 100.00%, Valid: 67.18%, Test In: 68.16% Test OOD1: 61.39% Test OOD2: 51.09% Test OOD3: 58.58% 
Epoch: 192, Loss: 0.1683, Train: 100.00%, Valid: 67.31%, Test In: 68.20% Test OOD1: 61.25% Test OOD2: 51.15% Test OOD3: 58.45% 
Epoch: 193, Loss: 0.1844, Train: 100.00%, Valid: 67.32%, Test In: 68.18% Test OOD1: 61.47% Test OOD2: 51.15% Test OOD3: 58.52% 
Epoch: 194, Loss: 0.1730, Train: 100.00%, Valid: 67.20%, Test In: 68.10% Test OOD1: 61.85% Test OOD2: 51.08% Test OOD3: 58.65% 
Epoch: 195, Loss: 0.1833, Train: 100.00%, Valid: 67.27%, Test In: 68.10% Test OOD1: 61.74% Test OOD2: 51.08% Test OOD3: 58.51% 
Epoch: 196, Loss: 0.1684, Train: 100.00%, Valid: 67.22%, Test In: 68.14% Test OOD1: 61.51% Test OOD2: 51.05% Test OOD3: 58.44% 
Epoch: 197, Loss: 0.1690, Train: 100.00%, Valid: 67.15%, Test In: 68.18% Test OOD1: 61.29% Test OOD2: 51.01% Test OOD3: 58.44% 
Epoch: 198, Loss: 0.1631, Train: 100.00%, Valid: 67.12%, Test In: 68.23% Test OOD1: 61.23% Test OOD2: 50.99% Test OOD3: 58.50% 
Epoch: 199, Loss: 0.1805, Train: 100.00%, Valid: 67.11%, Test In: 68.29% Test OOD1: 61.22% Test OOD2: 51.00% Test OOD3: 58.55% 
Run 01:
Highest Train: 100.00
Highest Valid: 69.14
Highest In Test: 69.73
Highest OOD Test: 64.62
Highest OOD Test: 52.10
Highest OOD Test: 62.35
Chosen epoch: 18
Final Train: 79.13
Final In Test: 69.73
Final OOD Test: 63.07
Final OOD Test: 51.55
Final OOD Test: 61.33
Epoch: 00, Loss: 2.0885, Train: 43.35%, Valid: 43.08%, Test In: 44.13% Test OOD1: 40.92% Test OOD2: 50.14% Test OOD3: 45.44% 
Epoch: 01, Loss: 2.0676, Train: 43.85%, Valid: 43.58%, Test In: 44.63% Test OOD1: 41.11% Test OOD2: 50.16% Test OOD3: 45.66% 
Epoch: 02, Loss: 2.0414, Train: 48.32%, Valid: 46.86%, Test In: 48.07% Test OOD1: 42.67% Test OOD2: 50.46% Test OOD3: 47.29% 
Epoch: 03, Loss: 2.0224, Train: 70.18%, Valid: 63.88%, Test In: 64.92% Test OOD1: 55.95% Test OOD2: 52.25% Test OOD3: 58.74% 
Epoch: 04, Loss: 1.9931, Train: 71.15%, Valid: 65.88%, Test In: 66.52% Test OOD1: 64.11% Test OOD2: 51.37% Test OOD3: 61.46% 
Epoch: 05, Loss: 1.9619, Train: 68.82%, Valid: 64.29%, Test In: 64.53% Test OOD1: 63.39% Test OOD2: 51.22% Test OOD3: 60.67% 
Epoch: 06, Loss: 1.9334, Train: 68.34%, Valid: 63.82%, Test In: 64.02% Test OOD1: 63.21% Test OOD2: 51.19% Test OOD3: 60.58% 
Epoch: 07, Loss: 1.9079, Train: 68.60%, Valid: 63.75%, Test In: 64.03% Test OOD1: 63.28% Test OOD2: 51.20% Test OOD3: 60.75% 
Epoch: 08, Loss: 1.8908, Train: 69.36%, Valid: 63.96%, Test In: 64.35% Test OOD1: 63.52% Test OOD2: 51.23% Test OOD3: 61.05% 
Epoch: 09, Loss: 1.8704, Train: 70.76%, Valid: 64.58%, Test In: 65.18% Test OOD1: 64.01% Test OOD2: 51.31% Test OOD3: 61.46% 
Epoch: 10, Loss: 1.8468, Train: 72.70%, Valid: 65.70%, Test In: 66.56% Test OOD1: 64.63% Test OOD2: 51.43% Test OOD3: 61.93% 
Epoch: 11, Loss: 1.8231, Train: 75.08%, Valid: 67.30%, Test In: 68.24% Test OOD1: 64.80% Test OOD2: 51.71% Test OOD3: 62.32% 
Epoch: 12, Loss: 1.7949, Train: 76.30%, Valid: 68.05%, Test In: 68.97% Test OOD1: 64.77% Test OOD2: 51.72% Test OOD3: 62.40% 
Epoch: 13, Loss: 1.7690, Train: 77.55%, Valid: 68.64%, Test In: 69.42% Test OOD1: 64.14% Test OOD2: 51.81% Test OOD3: 62.21% 
Epoch: 14, Loss: 1.7443, Train: 78.37%, Valid: 69.08%, Test In: 69.77% Test OOD1: 63.71% Test OOD2: 51.75% Test OOD3: 61.94% 
Epoch: 15, Loss: 1.7227, Train: 78.83%, Valid: 69.28%, Test In: 70.01% Test OOD1: 63.87% Test OOD2: 51.31% Test OOD3: 61.78% 
Epoch: 16, Loss: 1.6975, Train: 79.23%, Valid: 69.10%, Test In: 69.76% Test OOD1: 63.46% Test OOD2: 51.58% Test OOD3: 61.49% 
Epoch: 17, Loss: 1.6750, Train: 79.38%, Valid: 68.95%, Test In: 69.67% Test OOD1: 63.94% Test OOD2: 51.13% Test OOD3: 61.51% 
Epoch: 18, Loss: 1.6523, Train: 79.36%, Valid: 68.61%, Test In: 69.14% Test OOD1: 64.06% Test OOD2: 50.83% Test OOD3: 61.40% 
Epoch: 19, Loss: 1.6231, Train: 79.87%, Valid: 68.61%, Test In: 69.18% Test OOD1: 63.66% Test OOD2: 51.04% Test OOD3: 61.24% 
Epoch: 20, Loss: 1.5971, Train: 80.00%, Valid: 68.51%, Test In: 69.16% Test OOD1: 63.69% Test OOD2: 50.92% Test OOD3: 61.20% 
Epoch: 21, Loss: 1.5799, Train: 80.26%, Valid: 68.34%, Test In: 68.93% Test OOD1: 63.29% Test OOD2: 50.75% Test OOD3: 61.00% 
Epoch: 22, Loss: 1.5584, Train: 80.79%, Valid: 68.52%, Test In: 69.19% Test OOD1: 63.05% Test OOD2: 50.84% Test OOD3: 60.90% 
Epoch: 23, Loss: 1.5134, Train: 81.43%, Valid: 68.95%, Test In: 69.61% Test OOD1: 62.32% Test OOD2: 50.84% Test OOD3: 60.69% 
Epoch: 24, Loss: 1.5208, Train: 81.45%, Valid: 68.68%, Test In: 69.29% Test OOD1: 62.59% Test OOD2: 50.59% Test OOD3: 60.62% 
Epoch: 25, Loss: 1.4817, Train: 81.48%, Valid: 68.49%, Test In: 69.16% Test OOD1: 62.76% Test OOD2: 50.61% Test OOD3: 60.61% 
Epoch: 26, Loss: 1.4693, Train: 82.36%, Valid: 68.94%, Test In: 69.58% Test OOD1: 61.91% Test OOD2: 50.73% Test OOD3: 60.30% 
Epoch: 27, Loss: 1.4597, Train: 82.54%, Valid: 68.84%, Test In: 69.44% Test OOD1: 62.22% Test OOD2: 50.63% Test OOD3: 60.30% 
Epoch: 28, Loss: 1.4193, Train: 82.79%, Valid: 68.74%, Test In: 69.33% Test OOD1: 62.28% Test OOD2: 50.50% Test OOD3: 60.19% 
Epoch: 29, Loss: 1.3977, Train: 83.48%, Valid: 68.86%, Test In: 69.49% Test OOD1: 61.77% Test OOD2: 50.63% Test OOD3: 59.91% 
Epoch: 30, Loss: 1.3818, Train: 83.86%, Valid: 68.81%, Test In: 69.51% Test OOD1: 61.60% Test OOD2: 50.62% Test OOD3: 59.80% 
Epoch: 31, Loss: 1.3726, Train: 84.05%, Valid: 68.70%, Test In: 69.40% Test OOD1: 62.22% Test OOD2: 50.48% Test OOD3: 59.96% 
Epoch: 32, Loss: 1.3570, Train: 84.68%, Valid: 68.70%, Test In: 69.41% Test OOD1: 61.75% Test OOD2: 50.64% Test OOD3: 59.79% 
Epoch: 33, Loss: 1.3282, Train: 85.06%, Valid: 68.63%, Test In: 69.37% Test OOD1: 61.92% Test OOD2: 50.59% Test OOD3: 59.80% 
Epoch: 34, Loss: 1.3088, Train: 85.56%, Valid: 68.62%, Test In: 69.36% Test OOD1: 61.99% Test OOD2: 50.60% Test OOD3: 59.76% 
Epoch: 35, Loss: 1.2968, Train: 86.13%, Valid: 68.60%, Test In: 69.33% Test OOD1: 61.74% Test OOD2: 50.63% Test OOD3: 59.64% 
Epoch: 36, Loss: 1.2555, Train: 86.51%, Valid: 68.62%, Test In: 69.37% Test OOD1: 61.66% Test OOD2: 50.62% Test OOD3: 59.64% 
Epoch: 37, Loss: 1.2559, Train: 87.15%, Valid: 68.60%, Test In: 69.35% Test OOD1: 61.71% Test OOD2: 50.59% Test OOD3: 59.62% 
Epoch: 38, Loss: 1.2124, Train: 87.63%, Valid: 68.66%, Test In: 69.37% Test OOD1: 61.70% Test OOD2: 50.60% Test OOD3: 59.63% 
Epoch: 39, Loss: 1.2108, Train: 87.91%, Valid: 68.56%, Test In: 69.29% Test OOD1: 61.95% Test OOD2: 50.56% Test OOD3: 59.70% 
Epoch: 40, Loss: 1.1867, Train: 88.52%, Valid: 68.59%, Test In: 69.32% Test OOD1: 61.30% Test OOD2: 50.61% Test OOD3: 59.43% 
Epoch: 41, Loss: 1.1705, Train: 88.99%, Valid: 68.61%, Test In: 69.34% Test OOD1: 61.74% Test OOD2: 50.60% Test OOD3: 59.61% 
Epoch: 42, Loss: 1.1401, Train: 89.53%, Valid: 68.52%, Test In: 69.33% Test OOD1: 61.63% Test OOD2: 50.52% Test OOD3: 59.48% 
Epoch: 43, Loss: 1.0947, Train: 89.90%, Valid: 68.53%, Test In: 69.28% Test OOD1: 61.35% Test OOD2: 50.56% Test OOD3: 59.36% 
Epoch: 44, Loss: 1.0925, Train: 90.52%, Valid: 68.49%, Test In: 69.22% Test OOD1: 61.41% Test OOD2: 50.55% Test OOD3: 59.40% 
Epoch: 45, Loss: 1.0714, Train: 90.73%, Valid: 68.30%, Test In: 69.11% Test OOD1: 61.73% Test OOD2: 50.48% Test OOD3: 59.46% 
Epoch: 46, Loss: 1.0242, Train: 91.42%, Valid: 68.32%, Test In: 69.08% Test OOD1: 61.09% Test OOD2: 50.57% Test OOD3: 59.14% 
Epoch: 47, Loss: 1.0256, Train: 91.60%, Valid: 68.39%, Test In: 69.08% Test OOD1: 61.29% Test OOD2: 50.64% Test OOD3: 59.26% 
Epoch: 48, Loss: 1.0306, Train: 92.32%, Valid: 68.26%, Test In: 69.02% Test OOD1: 61.33% Test OOD2: 50.58% Test OOD3: 59.32% 
Epoch: 49, Loss: 0.9792, Train: 92.68%, Valid: 68.27%, Test In: 69.06% Test OOD1: 61.37% Test OOD2: 50.63% Test OOD3: 59.35% 
Epoch: 50, Loss: 0.9044, Train: 93.07%, Valid: 68.33%, Test In: 69.11% Test OOD1: 60.96% Test OOD2: 50.73% Test OOD3: 59.20% 
Epoch: 51, Loss: 0.9326, Train: 93.63%, Valid: 68.27%, Test In: 69.04% Test OOD1: 61.13% Test OOD2: 50.59% Test OOD3: 59.33% 
Epoch: 52, Loss: 0.8645, Train: 94.09%, Valid: 68.19%, Test In: 68.97% Test OOD1: 61.07% Test OOD2: 50.59% Test OOD3: 59.30% 
Epoch: 53, Loss: 0.8426, Train: 94.44%, Valid: 68.18%, Test In: 68.93% Test OOD1: 60.69% Test OOD2: 50.77% Test OOD3: 59.11% 
Epoch: 54, Loss: 0.8336, Train: 94.83%, Valid: 68.08%, Test In: 68.86% Test OOD1: 60.76% Test OOD2: 50.73% Test OOD3: 59.21% 
Epoch: 55, Loss: 0.7743, Train: 95.25%, Valid: 67.96%, Test In: 68.77% Test OOD1: 60.95% Test OOD2: 50.71% Test OOD3: 59.36% 
Epoch: 56, Loss: 0.7705, Train: 95.57%, Valid: 67.89%, Test In: 68.77% Test OOD1: 60.94% Test OOD2: 50.80% Test OOD3: 59.34% 
Epoch: 57, Loss: 0.7412, Train: 96.09%, Valid: 67.80%, Test In: 68.64% Test OOD1: 60.62% Test OOD2: 50.83% Test OOD3: 59.15% 
Epoch: 58, Loss: 0.7052, Train: 96.51%, Valid: 67.71%, Test In: 68.56% Test OOD1: 60.55% Test OOD2: 50.77% Test OOD3: 59.08% 
Epoch: 59, Loss: 0.6953, Train: 96.72%, Valid: 67.59%, Test In: 68.55% Test OOD1: 60.61% Test OOD2: 50.78% Test OOD3: 59.01% 
Epoch: 60, Loss: 0.6758, Train: 97.27%, Valid: 67.53%, Test In: 68.42% Test OOD1: 60.30% Test OOD2: 50.86% Test OOD3: 58.83% 
Epoch: 61, Loss: 0.6316, Train: 97.53%, Valid: 67.49%, Test In: 68.32% Test OOD1: 60.35% Test OOD2: 50.85% Test OOD3: 58.86% 
Epoch: 62, Loss: 0.6185, Train: 97.55%, Valid: 67.38%, Test In: 68.24% Test OOD1: 60.72% Test OOD2: 50.82% Test OOD3: 58.99% 
Epoch: 63, Loss: 0.6228, Train: 98.03%, Valid: 67.31%, Test In: 68.18% Test OOD1: 60.73% Test OOD2: 50.90% Test OOD3: 59.08% 
Epoch: 64, Loss: 0.5665, Train: 98.25%, Valid: 67.35%, Test In: 68.20% Test OOD1: 60.39% Test OOD2: 50.97% Test OOD3: 59.01% 
Epoch: 65, Loss: 0.5715, Train: 98.50%, Valid: 67.06%, Test In: 68.06% Test OOD1: 60.49% Test OOD2: 50.86% Test OOD3: 58.94% 
Epoch: 66, Loss: 0.5254, Train: 98.66%, Valid: 67.03%, Test In: 68.01% Test OOD1: 60.34% Test OOD2: 50.87% Test OOD3: 58.80% 
Epoch: 67, Loss: 0.5156, Train: 98.84%, Valid: 67.01%, Test In: 67.92% Test OOD1: 60.27% Test OOD2: 50.95% Test OOD3: 58.74% 
Epoch: 68, Loss: 0.5056, Train: 98.94%, Valid: 66.85%, Test In: 67.85% Test OOD1: 60.61% Test OOD2: 50.83% Test OOD3: 58.79% 
Epoch: 69, Loss: 0.4762, Train: 99.02%, Valid: 66.88%, Test In: 67.92% Test OOD1: 60.60% Test OOD2: 50.85% Test OOD3: 58.78% 
Epoch: 70, Loss: 0.4758, Train: 99.20%, Valid: 66.63%, Test In: 67.74% Test OOD1: 60.50% Test OOD2: 50.87% Test OOD3: 58.75% 
Epoch: 71, Loss: 0.4753, Train: 99.25%, Valid: 66.93%, Test In: 68.04% Test OOD1: 60.26% Test OOD2: 50.89% Test OOD3: 58.77% 
Epoch: 72, Loss: 0.4879, Train: 99.38%, Valid: 66.45%, Test In: 67.66% Test OOD1: 60.07% Test OOD2: 50.94% Test OOD3: 58.62% 
Epoch: 73, Loss: 0.4551, Train: 99.45%, Valid: 66.53%, Test In: 67.74% Test OOD1: 60.37% Test OOD2: 50.94% Test OOD3: 58.77% 
Epoch: 74, Loss: 0.4121, Train: 99.47%, Valid: 66.82%, Test In: 68.01% Test OOD1: 60.38% Test OOD2: 51.02% Test OOD3: 58.85% 
Epoch: 75, Loss: 0.4595, Train: 99.58%, Valid: 66.51%, Test In: 67.80% Test OOD1: 60.38% Test OOD2: 51.06% Test OOD3: 58.88% 
Epoch: 76, Loss: 0.4194, Train: 99.63%, Valid: 66.39%, Test In: 67.73% Test OOD1: 60.46% Test OOD2: 51.01% Test OOD3: 58.88% 
Epoch: 77, Loss: 0.4137, Train: 99.70%, Valid: 66.84%, Test In: 68.04% Test OOD1: 60.39% Test OOD2: 51.06% Test OOD3: 58.84% 
Epoch: 78, Loss: 0.3769, Train: 99.73%, Valid: 67.01%, Test In: 68.15% Test OOD1: 60.15% Test OOD2: 51.12% Test OOD3: 58.72% 
Epoch: 79, Loss: 0.3884, Train: 99.78%, Valid: 66.52%, Test In: 67.83% Test OOD1: 60.28% Test OOD2: 51.01% Test OOD3: 58.62% 
Epoch: 80, Loss: 0.3704, Train: 99.80%, Valid: 66.52%, Test In: 67.93% Test OOD1: 60.02% Test OOD2: 51.10% Test OOD3: 58.55% 
Epoch: 81, Loss: 0.3788, Train: 99.84%, Valid: 66.57%, Test In: 67.97% Test OOD1: 60.27% Test OOD2: 51.07% Test OOD3: 58.68% 
Epoch: 82, Loss: 0.3486, Train: 99.85%, Valid: 66.76%, Test In: 68.15% Test OOD1: 60.45% Test OOD2: 51.06% Test OOD3: 58.84% 
Epoch: 83, Loss: 0.3393, Train: 99.87%, Valid: 66.79%, Test In: 68.18% Test OOD1: 60.48% Test OOD2: 51.06% Test OOD3: 58.96% 
Epoch: 84, Loss: 0.3387, Train: 99.89%, Valid: 66.64%, Test In: 68.04% Test OOD1: 60.46% Test OOD2: 51.06% Test OOD3: 59.01% 
Epoch: 85, Loss: 0.3229, Train: 99.90%, Valid: 66.76%, Test In: 68.03% Test OOD1: 60.29% Test OOD2: 51.13% Test OOD3: 59.00% 
Epoch: 86, Loss: 0.3387, Train: 99.91%, Valid: 66.86%, Test In: 68.05% Test OOD1: 60.21% Test OOD2: 51.15% Test OOD3: 58.98% 
Epoch: 87, Loss: 0.3003, Train: 99.91%, Valid: 67.00%, Test In: 68.14% Test OOD1: 60.22% Test OOD2: 51.20% Test OOD3: 59.03% 
Epoch: 88, Loss: 0.3172, Train: 99.92%, Valid: 66.97%, Test In: 68.07% Test OOD1: 60.16% Test OOD2: 51.21% Test OOD3: 58.90% 
Epoch: 89, Loss: 0.2984, Train: 99.93%, Valid: 66.90%, Test In: 68.01% Test OOD1: 60.10% Test OOD2: 51.22% Test OOD3: 58.78% 
Epoch: 90, Loss: 0.2967, Train: 99.93%, Valid: 66.50%, Test In: 67.73% Test OOD1: 60.34% Test OOD2: 51.13% Test OOD3: 58.71% 
Epoch: 91, Loss: 0.3112, Train: 99.94%, Valid: 66.71%, Test In: 67.90% Test OOD1: 60.29% Test OOD2: 51.16% Test OOD3: 58.72% 
Epoch: 92, Loss: 0.2875, Train: 99.95%, Valid: 66.86%, Test In: 68.05% Test OOD1: 60.15% Test OOD2: 51.20% Test OOD3: 58.81% 
Epoch: 93, Loss: 0.2964, Train: 99.96%, Valid: 66.54%, Test In: 67.90% Test OOD1: 60.45% Test OOD2: 51.01% Test OOD3: 58.94% 
Epoch: 94, Loss: 0.2935, Train: 99.96%, Valid: 66.80%, Test In: 68.05% Test OOD1: 60.36% Test OOD2: 51.04% Test OOD3: 59.00% 
Epoch: 95, Loss: 0.2846, Train: 99.97%, Valid: 67.03%, Test In: 68.07% Test OOD1: 60.11% Test OOD2: 51.07% Test OOD3: 58.96% 
Epoch: 96, Loss: 0.2784, Train: 99.97%, Valid: 66.84%, Test In: 67.96% Test OOD1: 60.47% Test OOD2: 50.98% Test OOD3: 59.01% 
Epoch: 97, Loss: 0.2828, Train: 99.97%, Valid: 66.95%, Test In: 68.04% Test OOD1: 60.45% Test OOD2: 51.05% Test OOD3: 58.98% 
Epoch: 98, Loss: 0.2772, Train: 99.98%, Valid: 67.00%, Test In: 67.99% Test OOD1: 60.21% Test OOD2: 51.06% Test OOD3: 58.81% 
Epoch: 99, Loss: 0.2677, Train: 99.98%, Valid: 66.86%, Test In: 67.97% Test OOD1: 60.25% Test OOD2: 51.01% Test OOD3: 58.67% 
Epoch: 100, Loss: 0.2605, Train: 99.98%, Valid: 66.99%, Test In: 68.15% Test OOD1: 60.21% Test OOD2: 51.04% Test OOD3: 58.65% 
Epoch: 101, Loss: 0.2672, Train: 99.98%, Valid: 67.11%, Test In: 68.20% Test OOD1: 60.10% Test OOD2: 51.00% Test OOD3: 58.63% 
Epoch: 102, Loss: 0.2599, Train: 99.98%, Valid: 67.14%, Test In: 68.10% Test OOD1: 60.01% Test OOD2: 50.92% Test OOD3: 58.45% 
Epoch: 103, Loss: 0.2608, Train: 99.98%, Valid: 67.01%, Test In: 68.06% Test OOD1: 60.18% Test OOD2: 50.85% Test OOD3: 58.43% 
Epoch: 104, Loss: 0.2494, Train: 99.98%, Valid: 67.15%, Test In: 68.17% Test OOD1: 60.17% Test OOD2: 50.86% Test OOD3: 58.57% 
Epoch: 105, Loss: 0.2482, Train: 99.99%, Valid: 67.21%, Test In: 68.21% Test OOD1: 60.23% Test OOD2: 50.85% Test OOD3: 58.67% 
Epoch: 106, Loss: 0.2462, Train: 99.99%, Valid: 67.13%, Test In: 68.19% Test OOD1: 60.43% Test OOD2: 50.89% Test OOD3: 58.73% 
Epoch: 107, Loss: 0.2349, Train: 99.99%, Valid: 67.10%, Test In: 68.15% Test OOD1: 60.39% Test OOD2: 50.91% Test OOD3: 58.73% 
Epoch: 108, Loss: 0.2316, Train: 99.99%, Valid: 67.19%, Test In: 68.15% Test OOD1: 60.24% Test OOD2: 50.99% Test OOD3: 58.70% 
Epoch: 109, Loss: 0.2313, Train: 99.99%, Valid: 67.22%, Test In: 68.20% Test OOD1: 60.20% Test OOD2: 51.08% Test OOD3: 58.68% 
Epoch: 110, Loss: 0.2345, Train: 99.99%, Valid: 67.01%, Test In: 68.15% Test OOD1: 60.24% Test OOD2: 51.07% Test OOD3: 58.64% 
Epoch: 111, Loss: 0.2336, Train: 99.99%, Valid: 67.03%, Test In: 68.14% Test OOD1: 60.06% Test OOD2: 51.05% Test OOD3: 58.61% 
Epoch: 112, Loss: 0.2346, Train: 99.99%, Valid: 67.16%, Test In: 68.21% Test OOD1: 59.93% Test OOD2: 51.08% Test OOD3: 58.58% 
Epoch: 113, Loss: 0.2280, Train: 99.99%, Valid: 67.05%, Test In: 68.20% Test OOD1: 60.31% Test OOD2: 51.02% Test OOD3: 58.68% 
Epoch: 114, Loss: 0.2278, Train: 99.99%, Valid: 67.11%, Test In: 68.17% Test OOD1: 60.46% Test OOD2: 51.03% Test OOD3: 58.73% 
Epoch: 115, Loss: 0.2180, Train: 99.99%, Valid: 67.26%, Test In: 68.17% Test OOD1: 60.54% Test OOD2: 51.08% Test OOD3: 58.80% 
Epoch: 116, Loss: 0.2495, Train: 99.99%, Valid: 67.22%, Test In: 68.27% Test OOD1: 60.78% Test OOD2: 51.13% Test OOD3: 58.94% 
Epoch: 117, Loss: 0.2174, Train: 99.99%, Valid: 67.15%, Test In: 68.28% Test OOD1: 60.73% Test OOD2: 51.12% Test OOD3: 58.92% 
Epoch: 118, Loss: 0.2197, Train: 99.99%, Valid: 67.20%, Test In: 68.26% Test OOD1: 60.38% Test OOD2: 51.17% Test OOD3: 58.79% 
Epoch: 119, Loss: 0.2184, Train: 99.99%, Valid: 67.12%, Test In: 68.13% Test OOD1: 60.19% Test OOD2: 51.20% Test OOD3: 58.70% 
Epoch: 120, Loss: 0.2089, Train: 100.00%, Valid: 66.99%, Test In: 68.03% Test OOD1: 60.31% Test OOD2: 51.16% Test OOD3: 58.70% 
Epoch: 121, Loss: 0.2257, Train: 99.99%, Valid: 67.03%, Test In: 68.01% Test OOD1: 60.48% Test OOD2: 51.16% Test OOD3: 58.80% 
Epoch: 122, Loss: 0.2101, Train: 100.00%, Valid: 67.23%, Test In: 68.07% Test OOD1: 60.34% Test OOD2: 51.24% Test OOD3: 58.82% 
Epoch: 123, Loss: 0.2160, Train: 100.00%, Valid: 67.17%, Test In: 68.02% Test OOD1: 60.51% Test OOD2: 51.18% Test OOD3: 58.87% 
Epoch: 124, Loss: 0.2094, Train: 100.00%, Valid: 67.11%, Test In: 68.05% Test OOD1: 60.55% Test OOD2: 51.15% Test OOD3: 58.79% 
Epoch: 125, Loss: 0.2040, Train: 100.00%, Valid: 67.22%, Test In: 68.18% Test OOD1: 60.51% Test OOD2: 51.15% Test OOD3: 58.68% 
Epoch: 126, Loss: 0.1979, Train: 100.00%, Valid: 67.33%, Test In: 68.23% Test OOD1: 60.72% Test OOD2: 51.10% Test OOD3: 58.72% 
Epoch: 127, Loss: 0.2071, Train: 100.00%, Valid: 67.39%, Test In: 68.33% Test OOD1: 60.95% Test OOD2: 51.12% Test OOD3: 58.80% 
Epoch: 128, Loss: 0.2027, Train: 100.00%, Valid: 67.40%, Test In: 68.42% Test OOD1: 61.00% Test OOD2: 51.06% Test OOD3: 58.81% 
Epoch: 129, Loss: 0.2022, Train: 100.00%, Valid: 67.49%, Test In: 68.52% Test OOD1: 60.77% Test OOD2: 51.04% Test OOD3: 58.66% 
Epoch: 130, Loss: 0.2048, Train: 100.00%, Valid: 67.52%, Test In: 68.52% Test OOD1: 60.43% Test OOD2: 51.02% Test OOD3: 58.50% 
Epoch: 131, Loss: 0.2073, Train: 100.00%, Valid: 67.47%, Test In: 68.44% Test OOD1: 60.33% Test OOD2: 50.98% Test OOD3: 58.47% 
Epoch: 132, Loss: 0.2032, Train: 100.00%, Valid: 67.40%, Test In: 68.44% Test OOD1: 60.61% Test OOD2: 50.96% Test OOD3: 58.68% 
Epoch: 133, Loss: 0.2092, Train: 100.00%, Valid: 67.48%, Test In: 68.48% Test OOD1: 60.73% Test OOD2: 51.01% Test OOD3: 58.80% 
Epoch: 134, Loss: 0.1984, Train: 100.00%, Valid: 67.60%, Test In: 68.41% Test OOD1: 60.85% Test OOD2: 51.05% Test OOD3: 58.83% 
Epoch: 135, Loss: 0.1919, Train: 100.00%, Valid: 67.62%, Test In: 68.38% Test OOD1: 60.97% Test OOD2: 51.10% Test OOD3: 58.88% 
Epoch: 136, Loss: 0.1927, Train: 100.00%, Valid: 67.59%, Test In: 68.42% Test OOD1: 61.00% Test OOD2: 51.15% Test OOD3: 58.84% 
Epoch: 137, Loss: 0.1982, Train: 100.00%, Valid: 67.61%, Test In: 68.45% Test OOD1: 60.81% Test OOD2: 51.18% Test OOD3: 58.70% 
Epoch: 138, Loss: 0.2012, Train: 100.00%, Valid: 67.55%, Test In: 68.48% Test OOD1: 60.78% Test OOD2: 51.16% Test OOD3: 58.55% 
Epoch: 139, Loss: 0.1921, Train: 100.00%, Valid: 67.48%, Test In: 68.51% Test OOD1: 60.85% Test OOD2: 51.14% Test OOD3: 58.39% 
Epoch: 140, Loss: 0.1960, Train: 100.00%, Valid: 67.38%, Test In: 68.46% Test OOD1: 61.12% Test OOD2: 51.07% Test OOD3: 58.34% 
Epoch: 141, Loss: 0.1879, Train: 100.00%, Valid: 67.48%, Test In: 68.49% Test OOD1: 60.88% Test OOD2: 51.10% Test OOD3: 58.18% 
Epoch: 142, Loss: 0.2012, Train: 100.00%, Valid: 67.56%, Test In: 68.48% Test OOD1: 60.72% Test OOD2: 51.14% Test OOD3: 58.18% 
Epoch: 143, Loss: 0.1973, Train: 100.00%, Valid: 67.50%, Test In: 68.40% Test OOD1: 60.83% Test OOD2: 51.10% Test OOD3: 58.35% 
Epoch: 144, Loss: 0.1862, Train: 100.00%, Valid: 67.50%, Test In: 68.32% Test OOD1: 60.77% Test OOD2: 51.07% Test OOD3: 58.46% 
Epoch: 145, Loss: 0.1945, Train: 100.00%, Valid: 67.57%, Test In: 68.29% Test OOD1: 60.58% Test OOD2: 51.09% Test OOD3: 58.43% 
Epoch: 146, Loss: 0.2001, Train: 100.00%, Valid: 67.50%, Test In: 68.12% Test OOD1: 60.66% Test OOD2: 50.99% Test OOD3: 58.42% 
Epoch: 147, Loss: 0.1850, Train: 100.00%, Valid: 67.45%, Test In: 68.04% Test OOD1: 60.64% Test OOD2: 50.91% Test OOD3: 58.32% 
Epoch: 148, Loss: 0.1918, Train: 100.00%, Valid: 67.41%, Test In: 68.09% Test OOD1: 60.58% Test OOD2: 50.89% Test OOD3: 58.30% 
Epoch: 149, Loss: 0.1868, Train: 100.00%, Valid: 67.41%, Test In: 68.14% Test OOD1: 60.67% Test OOD2: 50.86% Test OOD3: 58.34% 
Epoch: 150, Loss: 0.1805, Train: 100.00%, Valid: 67.47%, Test In: 68.20% Test OOD1: 60.66% Test OOD2: 50.85% Test OOD3: 58.36% 
Epoch: 151, Loss: 0.1916, Train: 100.00%, Valid: 67.48%, Test In: 68.30% Test OOD1: 60.75% Test OOD2: 50.82% Test OOD3: 58.45% 
Epoch: 152, Loss: 0.1749, Train: 100.00%, Valid: 67.53%, Test In: 68.36% Test OOD1: 60.70% Test OOD2: 50.76% Test OOD3: 58.48% 
Epoch: 153, Loss: 0.2003, Train: 100.00%, Valid: 67.65%, Test In: 68.37% Test OOD1: 60.49% Test OOD2: 50.77% Test OOD3: 58.35% 
Epoch: 154, Loss: 0.1939, Train: 100.00%, Valid: 67.59%, Test In: 68.32% Test OOD1: 60.90% Test OOD2: 50.73% Test OOD3: 58.48% 
Epoch: 155, Loss: 0.1863, Train: 100.00%, Valid: 67.59%, Test In: 68.28% Test OOD1: 60.95% Test OOD2: 50.73% Test OOD3: 58.47% 
Epoch: 156, Loss: 0.1976, Train: 100.00%, Valid: 67.78%, Test In: 68.29% Test OOD1: 60.56% Test OOD2: 50.84% Test OOD3: 58.30% 
Epoch: 157, Loss: 0.1865, Train: 100.00%, Valid: 67.69%, Test In: 68.29% Test OOD1: 60.64% Test OOD2: 50.90% Test OOD3: 58.36% 
Epoch: 158, Loss: 0.1776, Train: 100.00%, Valid: 67.48%, Test In: 68.26% Test OOD1: 60.86% Test OOD2: 50.87% Test OOD3: 58.46% 
Epoch: 159, Loss: 0.1936, Train: 100.00%, Valid: 67.52%, Test In: 68.40% Test OOD1: 60.73% Test OOD2: 50.94% Test OOD3: 58.46% 
Epoch: 160, Loss: 0.1764, Train: 100.00%, Valid: 67.61%, Test In: 68.45% Test OOD1: 60.51% Test OOD2: 51.00% Test OOD3: 58.39% 
Epoch: 161, Loss: 0.1962, Train: 100.00%, Valid: 67.50%, Test In: 68.38% Test OOD1: 60.92% Test OOD2: 50.88% Test OOD3: 58.50% 
Epoch: 162, Loss: 0.1836, Train: 100.00%, Valid: 67.42%, Test In: 68.37% Test OOD1: 61.17% Test OOD2: 50.78% Test OOD3: 58.59% 
Epoch: 163, Loss: 0.1783, Train: 100.00%, Valid: 67.55%, Test In: 68.45% Test OOD1: 61.00% Test OOD2: 50.77% Test OOD3: 58.61% 
Epoch: 164, Loss: 0.1890, Train: 100.00%, Valid: 67.55%, Test In: 68.33% Test OOD1: 60.66% Test OOD2: 50.75% Test OOD3: 58.49% 
Epoch: 165, Loss: 0.1819, Train: 100.00%, Valid: 67.39%, Test In: 68.19% Test OOD1: 60.84% Test OOD2: 50.62% Test OOD3: 58.48% 
Epoch: 166, Loss: 0.1860, Train: 100.00%, Valid: 67.39%, Test In: 68.17% Test OOD1: 60.74% Test OOD2: 50.56% Test OOD3: 58.35% 
Epoch: 167, Loss: 0.1736, Train: 100.00%, Valid: 67.49%, Test In: 68.24% Test OOD1: 60.62% Test OOD2: 50.59% Test OOD3: 58.31% 
Epoch: 168, Loss: 0.1772, Train: 100.00%, Valid: 67.54%, Test In: 68.30% Test OOD1: 60.66% Test OOD2: 50.65% Test OOD3: 58.42% 
Epoch: 169, Loss: 0.1896, Train: 100.00%, Valid: 67.49%, Test In: 68.32% Test OOD1: 61.10% Test OOD2: 50.62% Test OOD3: 58.67% 
Epoch: 170, Loss: 0.1867, Train: 100.00%, Valid: 67.55%, Test In: 68.35% Test OOD1: 61.14% Test OOD2: 50.65% Test OOD3: 58.75% 
Epoch: 171, Loss: 0.1782, Train: 100.00%, Valid: 67.76%, Test In: 68.44% Test OOD1: 60.75% Test OOD2: 50.80% Test OOD3: 58.69% 
Epoch: 172, Loss: 0.1730, Train: 100.00%, Valid: 67.83%, Test In: 68.44% Test OOD1: 60.66% Test OOD2: 50.81% Test OOD3: 58.67% 
Epoch: 173, Loss: 0.1751, Train: 100.00%, Valid: 67.80%, Test In: 68.44% Test OOD1: 60.98% Test OOD2: 50.71% Test OOD3: 58.74% 
Epoch: 174, Loss: 0.1668, Train: 100.00%, Valid: 67.78%, Test In: 68.42% Test OOD1: 61.03% Test OOD2: 50.68% Test OOD3: 58.71% 
Epoch: 175, Loss: 0.1683, Train: 100.00%, Valid: 67.82%, Test In: 68.38% Test OOD1: 60.69% Test OOD2: 50.69% Test OOD3: 58.52% 
Epoch: 176, Loss: 0.1687, Train: 100.00%, Valid: 67.74%, Test In: 68.31% Test OOD1: 60.92% Test OOD2: 50.61% Test OOD3: 58.57% 
Epoch: 177, Loss: 0.1784, Train: 100.00%, Valid: 67.63%, Test In: 68.24% Test OOD1: 60.92% Test OOD2: 50.64% Test OOD3: 58.63% 
Epoch: 178, Loss: 0.1644, Train: 100.00%, Valid: 67.52%, Test In: 68.21% Test OOD1: 60.90% Test OOD2: 50.67% Test OOD3: 58.70% 
Epoch: 179, Loss: 0.1630, Train: 100.00%, Valid: 67.50%, Test In: 68.22% Test OOD1: 60.85% Test OOD2: 50.67% Test OOD3: 58.74% 
Epoch: 180, Loss: 0.1696, Train: 100.00%, Valid: 67.45%, Test In: 68.20% Test OOD1: 60.91% Test OOD2: 50.64% Test OOD3: 58.83% 
Epoch: 181, Loss: 0.1750, Train: 100.00%, Valid: 67.44%, Test In: 68.19% Test OOD1: 60.84% Test OOD2: 50.64% Test OOD3: 58.79% 
Epoch: 182, Loss: 0.1657, Train: 100.00%, Valid: 67.44%, Test In: 68.24% Test OOD1: 60.91% Test OOD2: 50.64% Test OOD3: 58.78% 
Epoch: 183, Loss: 0.1739, Train: 100.00%, Valid: 67.46%, Test In: 68.21% Test OOD1: 60.82% Test OOD2: 50.63% Test OOD3: 58.61% 
Epoch: 184, Loss: 0.1562, Train: 100.00%, Valid: 67.49%, Test In: 68.23% Test OOD1: 60.83% Test OOD2: 50.62% Test OOD3: 58.54% 
Epoch: 185, Loss: 0.1688, Train: 100.00%, Valid: 67.48%, Test In: 68.27% Test OOD1: 60.81% Test OOD2: 50.68% Test OOD3: 58.55% 
Epoch: 186, Loss: 0.1687, Train: 100.00%, Valid: 67.37%, Test In: 68.25% Test OOD1: 60.85% Test OOD2: 50.73% Test OOD3: 58.59% 
Epoch: 187, Loss: 0.1634, Train: 100.00%, Valid: 67.22%, Test In: 68.20% Test OOD1: 60.96% Test OOD2: 50.74% Test OOD3: 58.69% 
Epoch: 188, Loss: 0.1638, Train: 100.00%, Valid: 67.17%, Test In: 68.16% Test OOD1: 60.77% Test OOD2: 50.75% Test OOD3: 58.58% 
Epoch: 189, Loss: 0.1556, Train: 100.00%, Valid: 67.17%, Test In: 68.11% Test OOD1: 60.30% Test OOD2: 50.76% Test OOD3: 58.25% 
Epoch: 190, Loss: 0.1711, Train: 100.00%, Valid: 67.14%, Test In: 68.06% Test OOD1: 60.43% Test OOD2: 50.69% Test OOD3: 58.20% 
Epoch: 191, Loss: 0.1569, Train: 100.00%, Valid: 67.16%, Test In: 68.03% Test OOD1: 60.55% Test OOD2: 50.61% Test OOD3: 58.19% 
Epoch: 192, Loss: 0.1658, Train: 100.00%, Valid: 67.25%, Test In: 68.04% Test OOD1: 60.41% Test OOD2: 50.63% Test OOD3: 58.16% 
Epoch: 193, Loss: 0.1590, Train: 100.00%, Valid: 67.29%, Test In: 68.13% Test OOD1: 60.47% Test OOD2: 50.62% Test OOD3: 58.30% 
Epoch: 194, Loss: 0.1620, Train: 100.00%, Valid: 67.25%, Test In: 68.19% Test OOD1: 60.56% Test OOD2: 50.70% Test OOD3: 58.41% 
Epoch: 195, Loss: 0.1529, Train: 100.00%, Valid: 67.22%, Test In: 68.22% Test OOD1: 60.79% Test OOD2: 50.76% Test OOD3: 58.53% 
Epoch: 196, Loss: 0.1634, Train: 100.00%, Valid: 67.22%, Test In: 68.26% Test OOD1: 60.92% Test OOD2: 50.80% Test OOD3: 58.68% 
Epoch: 197, Loss: 0.1622, Train: 100.00%, Valid: 67.29%, Test In: 68.28% Test OOD1: 60.53% Test OOD2: 50.87% Test OOD3: 58.52% 
Epoch: 198, Loss: 0.1681, Train: 100.00%, Valid: 67.30%, Test In: 68.29% Test OOD1: 60.80% Test OOD2: 50.81% Test OOD3: 58.59% 
Epoch: 199, Loss: 0.1578, Train: 100.00%, Valid: 67.26%, Test In: 68.28% Test OOD1: 61.17% Test OOD2: 50.69% Test OOD3: 58.68% 
Run 02:
Highest Train: 100.00
Highest Valid: 69.28
Highest In Test: 70.01
Highest OOD Test: 64.80
Highest OOD Test: 52.25
Highest OOD Test: 62.40
Chosen epoch: 16
Final Train: 78.83
Final In Test: 70.01
Final OOD Test: 63.87
Final OOD Test: 51.31
Final OOD Test: 61.78
Epoch: 00, Loss: 2.0893, Train: 43.78%, Valid: 43.54%, Test In: 44.51% Test OOD1: 41.14% Test OOD2: 50.09% Test OOD3: 45.65% 
Epoch: 01, Loss: 2.0701, Train: 43.78%, Valid: 43.55%, Test In: 44.57% Test OOD1: 41.07% Test OOD2: 50.10% Test OOD3: 45.61% 
Epoch: 02, Loss: 2.0443, Train: 46.00%, Valid: 45.21%, Test In: 46.32% Test OOD1: 41.85% Test OOD2: 50.28% Test OOD3: 46.43% 
Epoch: 03, Loss: 2.0272, Train: 61.27%, Valid: 56.81%, Test In: 57.95% Test OOD1: 48.33% Test OOD2: 51.53% Test OOD3: 52.75% 
Epoch: 04, Loss: 2.0044, Train: 72.77%, Valid: 66.92%, Test In: 67.89% Test OOD1: 63.86% Test OOD2: 51.66% Test OOD3: 62.05% 
Epoch: 05, Loss: 1.9748, Train: 69.51%, Valid: 64.86%, Test In: 65.17% Test OOD1: 63.54% Test OOD2: 51.21% Test OOD3: 60.82% 
Epoch: 06, Loss: 1.9481, Train: 68.44%, Valid: 63.99%, Test In: 64.20% Test OOD1: 63.18% Test OOD2: 51.19% Test OOD3: 60.53% 
Epoch: 07, Loss: 1.9250, Train: 68.56%, Valid: 63.83%, Test In: 64.16% Test OOD1: 63.21% Test OOD2: 51.23% Test OOD3: 60.66% 
Epoch: 08, Loss: 1.9045, Train: 69.29%, Valid: 64.02%, Test In: 64.54% Test OOD1: 63.44% Test OOD2: 51.32% Test OOD3: 61.00% 
Epoch: 09, Loss: 1.8835, Train: 70.49%, Valid: 64.48%, Test In: 65.25% Test OOD1: 63.82% Test OOD2: 51.41% Test OOD3: 61.42% 
Epoch: 10, Loss: 1.8628, Train: 72.42%, Valid: 65.60%, Test In: 66.61% Test OOD1: 64.38% Test OOD2: 51.58% Test OOD3: 61.96% 
Epoch: 11, Loss: 1.8366, Train: 74.26%, Valid: 66.87%, Test In: 67.86% Test OOD1: 64.58% Test OOD2: 51.86% Test OOD3: 62.31% 
Epoch: 12, Loss: 1.8129, Train: 75.81%, Valid: 67.80%, Test In: 68.65% Test OOD1: 64.39% Test OOD2: 52.05% Test OOD3: 62.46% 
Epoch: 13, Loss: 1.7893, Train: 76.87%, Valid: 68.23%, Test In: 69.14% Test OOD1: 64.28% Test OOD2: 52.05% Test OOD3: 62.48% 
Epoch: 14, Loss: 1.7645, Train: 77.93%, Valid: 68.72%, Test In: 69.53% Test OOD1: 63.74% Test OOD2: 52.07% Test OOD3: 62.15% 
Epoch: 15, Loss: 1.7397, Train: 78.70%, Valid: 69.10%, Test In: 69.71% Test OOD1: 63.46% Test OOD2: 51.93% Test OOD3: 61.85% 
Epoch: 16, Loss: 1.7124, Train: 79.34%, Valid: 69.21%, Test In: 69.87% Test OOD1: 63.38% Test OOD2: 51.83% Test OOD3: 61.66% 
Epoch: 17, Loss: 1.6923, Train: 79.57%, Valid: 68.99%, Test In: 69.67% Test OOD1: 63.33% Test OOD2: 51.69% Test OOD3: 61.47% 
Epoch: 18, Loss: 1.6728, Train: 79.83%, Valid: 68.95%, Test In: 69.55% Test OOD1: 63.38% Test OOD2: 51.33% Test OOD3: 61.34% 
Epoch: 19, Loss: 1.6517, Train: 80.16%, Valid: 68.53%, Test In: 69.08% Test OOD1: 63.80% Test OOD2: 51.17% Test OOD3: 61.31% 
Epoch: 20, Loss: 1.6258, Train: 80.41%, Valid: 68.43%, Test In: 69.09% Test OOD1: 63.05% Test OOD2: 51.18% Test OOD3: 61.10% 
Epoch: 21, Loss: 1.6078, Train: 80.65%, Valid: 68.30%, Test In: 68.97% Test OOD1: 63.22% Test OOD2: 51.04% Test OOD3: 61.05% 
Epoch: 22, Loss: 1.5749, Train: 80.70%, Valid: 67.59%, Test In: 68.35% Test OOD1: 63.23% Test OOD2: 50.81% Test OOD3: 60.96% 
Epoch: 23, Loss: 1.5628, Train: 81.29%, Valid: 68.27%, Test In: 68.79% Test OOD1: 62.46% Test OOD2: 50.92% Test OOD3: 60.81% 
Epoch: 24, Loss: 1.5318, Train: 81.91%, Valid: 68.43%, Test In: 69.08% Test OOD1: 61.82% Test OOD2: 51.02% Test OOD3: 60.58% 
Epoch: 25, Loss: 1.5250, Train: 81.54%, Valid: 67.93%, Test In: 68.47% Test OOD1: 62.47% Test OOD2: 50.55% Test OOD3: 60.61% 
Epoch: 26, Loss: 1.4865, Train: 82.18%, Valid: 68.35%, Test In: 68.68% Test OOD1: 62.14% Test OOD2: 50.67% Test OOD3: 60.46% 
Epoch: 27, Loss: 1.4726, Train: 82.79%, Valid: 68.41%, Test In: 68.83% Test OOD1: 61.97% Test OOD2: 50.78% Test OOD3: 60.34% 
Epoch: 28, Loss: 1.4614, Train: 82.89%, Valid: 68.28%, Test In: 68.70% Test OOD1: 62.16% Test OOD2: 50.65% Test OOD3: 60.27% 
Epoch: 29, Loss: 1.4210, Train: 83.38%, Valid: 68.38%, Test In: 68.88% Test OOD1: 61.67% Test OOD2: 50.63% Test OOD3: 59.99% 
Epoch: 30, Loss: 1.4261, Train: 84.00%, Valid: 68.25%, Test In: 68.63% Test OOD1: 61.95% Test OOD2: 50.48% Test OOD3: 59.91% 
Epoch: 31, Loss: 1.3825, Train: 84.25%, Valid: 68.27%, Test In: 68.82% Test OOD1: 61.96% Test OOD2: 50.64% Test OOD3: 59.86% 
Epoch: 32, Loss: 1.3831, Train: 84.84%, Valid: 68.37%, Test In: 69.03% Test OOD1: 61.62% Test OOD2: 50.63% Test OOD3: 59.77% 
Epoch: 33, Loss: 1.3408, Train: 84.84%, Valid: 68.13%, Test In: 68.81% Test OOD1: 62.02% Test OOD2: 50.50% Test OOD3: 59.87% 
Epoch: 34, Loss: 1.3366, Train: 85.70%, Valid: 68.10%, Test In: 68.71% Test OOD1: 61.99% Test OOD2: 50.49% Test OOD3: 59.81% 
Epoch: 35, Loss: 1.2922, Train: 86.38%, Valid: 68.29%, Test In: 68.98% Test OOD1: 61.68% Test OOD2: 50.56% Test OOD3: 59.69% 
Epoch: 36, Loss: 1.2930, Train: 86.16%, Valid: 67.96%, Test In: 68.75% Test OOD1: 61.94% Test OOD2: 50.46% Test OOD3: 59.76% 
Epoch: 37, Loss: 1.2506, Train: 86.91%, Valid: 68.02%, Test In: 68.95% Test OOD1: 61.56% Test OOD2: 50.57% Test OOD3: 59.65% 
Epoch: 38, Loss: 1.2288, Train: 87.68%, Valid: 68.16%, Test In: 69.00% Test OOD1: 61.38% Test OOD2: 50.60% Test OOD3: 59.54% 
Epoch: 39, Loss: 1.2090, Train: 87.49%, Valid: 67.84%, Test In: 68.57% Test OOD1: 61.88% Test OOD2: 50.52% Test OOD3: 59.65% 
Epoch: 40, Loss: 1.1936, Train: 88.03%, Valid: 67.68%, Test In: 68.56% Test OOD1: 61.72% Test OOD2: 50.53% Test OOD3: 59.56% 
Epoch: 41, Loss: 1.1549, Train: 88.89%, Valid: 68.01%, Test In: 68.90% Test OOD1: 61.28% Test OOD2: 50.60% Test OOD3: 59.40% 
Epoch: 42, Loss: 1.1463, Train: 89.18%, Valid: 67.95%, Test In: 68.82% Test OOD1: 61.39% Test OOD2: 50.56% Test OOD3: 59.44% 
Epoch: 43, Loss: 1.0936, Train: 89.37%, Valid: 67.77%, Test In: 68.64% Test OOD1: 61.50% Test OOD2: 50.53% Test OOD3: 59.45% 
Epoch: 44, Loss: 1.0901, Train: 90.01%, Valid: 67.88%, Test In: 68.73% Test OOD1: 61.50% Test OOD2: 50.58% Test OOD3: 59.48% 
Epoch: 45, Loss: 1.0306, Train: 90.50%, Valid: 68.02%, Test In: 68.89% Test OOD1: 60.99% Test OOD2: 50.70% Test OOD3: 59.22% 
Epoch: 46, Loss: 1.0556, Train: 90.53%, Valid: 67.64%, Test In: 68.41% Test OOD1: 61.66% Test OOD2: 50.47% Test OOD3: 59.49% 
Epoch: 47, Loss: 1.0282, Train: 91.35%, Valid: 67.72%, Test In: 68.63% Test OOD1: 61.42% Test OOD2: 50.56% Test OOD3: 59.36% 
Epoch: 48, Loss: 0.9681, Train: 91.76%, Valid: 67.96%, Test In: 68.76% Test OOD1: 60.84% Test OOD2: 50.66% Test OOD3: 59.05% 
Epoch: 49, Loss: 0.9788, Train: 92.03%, Valid: 67.84%, Test In: 68.43% Test OOD1: 61.41% Test OOD2: 50.53% Test OOD3: 59.20% 
Epoch: 50, Loss: 0.9341, Train: 92.36%, Valid: 67.65%, Test In: 68.27% Test OOD1: 61.42% Test OOD2: 50.48% Test OOD3: 59.20% 
Epoch: 51, Loss: 0.9181, Train: 92.99%, Valid: 67.93%, Test In: 68.47% Test OOD1: 60.91% Test OOD2: 50.64% Test OOD3: 58.94% 
Epoch: 52, Loss: 0.8869, Train: 93.44%, Valid: 67.84%, Test In: 68.41% Test OOD1: 60.89% Test OOD2: 50.58% Test OOD3: 58.92% 
Epoch: 53, Loss: 0.8287, Train: 93.74%, Valid: 67.69%, Test In: 68.30% Test OOD1: 61.07% Test OOD2: 50.43% Test OOD3: 58.97% 
Epoch: 54, Loss: 0.8183, Train: 94.19%, Valid: 67.80%, Test In: 68.36% Test OOD1: 60.89% Test OOD2: 50.48% Test OOD3: 58.92% 
Epoch: 55, Loss: 0.7845, Train: 94.58%, Valid: 67.72%, Test In: 68.38% Test OOD1: 60.83% Test OOD2: 50.44% Test OOD3: 58.94% 
Epoch: 56, Loss: 0.7521, Train: 94.87%, Valid: 67.64%, Test In: 68.36% Test OOD1: 60.85% Test OOD2: 50.36% Test OOD3: 58.94% 
Epoch: 57, Loss: 0.7522, Train: 95.36%, Valid: 67.65%, Test In: 68.24% Test OOD1: 60.66% Test OOD2: 50.42% Test OOD3: 58.82% 
Epoch: 58, Loss: 0.7129, Train: 95.76%, Valid: 67.50%, Test In: 68.08% Test OOD1: 60.60% Test OOD2: 50.37% Test OOD3: 58.74% 
Epoch: 59, Loss: 0.7062, Train: 96.24%, Valid: 67.52%, Test In: 68.07% Test OOD1: 60.37% Test OOD2: 50.43% Test OOD3: 58.60% 
Epoch: 60, Loss: 0.6828, Train: 96.60%, Valid: 67.53%, Test In: 68.05% Test OOD1: 60.43% Test OOD2: 50.51% Test OOD3: 58.70% 
Epoch: 61, Loss: 0.6520, Train: 96.85%, Valid: 67.43%, Test In: 68.01% Test OOD1: 60.64% Test OOD2: 50.49% Test OOD3: 58.84% 
Epoch: 62, Loss: 0.6137, Train: 97.13%, Valid: 67.37%, Test In: 67.89% Test OOD1: 60.61% Test OOD2: 50.48% Test OOD3: 58.82% 
Epoch: 63, Loss: 0.6126, Train: 97.49%, Valid: 67.25%, Test In: 67.77% Test OOD1: 60.42% Test OOD2: 50.45% Test OOD3: 58.57% 
Epoch: 64, Loss: 0.5809, Train: 97.94%, Valid: 67.21%, Test In: 67.70% Test OOD1: 60.01% Test OOD2: 50.44% Test OOD3: 58.29% 
Epoch: 65, Loss: 0.5613, Train: 98.17%, Valid: 67.07%, Test In: 67.51% Test OOD1: 60.02% Test OOD2: 50.40% Test OOD3: 58.20% 
Epoch: 66, Loss: 0.5452, Train: 98.40%, Valid: 67.07%, Test In: 67.44% Test OOD1: 60.18% Test OOD2: 50.46% Test OOD3: 58.29% 
Epoch: 67, Loss: 0.5285, Train: 98.49%, Valid: 67.04%, Test In: 67.54% Test OOD1: 60.28% Test OOD2: 50.48% Test OOD3: 58.47% 
Epoch: 68, Loss: 0.5196, Train: 98.80%, Valid: 67.18%, Test In: 67.48% Test OOD1: 60.42% Test OOD2: 50.50% Test OOD3: 58.57% 
Epoch: 69, Loss: 0.5101, Train: 98.88%, Valid: 66.93%, Test In: 67.46% Test OOD1: 60.26% Test OOD2: 50.63% Test OOD3: 58.56% 
Epoch: 70, Loss: 0.4840, Train: 99.09%, Valid: 66.95%, Test In: 67.35% Test OOD1: 60.17% Test OOD2: 50.65% Test OOD3: 58.50% 
Epoch: 71, Loss: 0.4598, Train: 99.21%, Valid: 66.87%, Test In: 67.22% Test OOD1: 60.20% Test OOD2: 50.67% Test OOD3: 58.49% 
Epoch: 72, Loss: 0.4543, Train: 99.22%, Valid: 66.77%, Test In: 67.32% Test OOD1: 60.11% Test OOD2: 50.70% Test OOD3: 58.51% 
Epoch: 73, Loss: 0.4555, Train: 99.37%, Valid: 66.88%, Test In: 67.27% Test OOD1: 60.35% Test OOD2: 50.68% Test OOD3: 58.62% 
Epoch: 74, Loss: 0.4263, Train: 99.44%, Valid: 66.86%, Test In: 67.34% Test OOD1: 60.45% Test OOD2: 50.75% Test OOD3: 58.67% 
Epoch: 75, Loss: 0.4123, Train: 99.46%, Valid: 66.86%, Test In: 67.41% Test OOD1: 60.52% Test OOD2: 50.86% Test OOD3: 58.66% 
Epoch: 76, Loss: 0.4128, Train: 99.54%, Valid: 66.82%, Test In: 67.16% Test OOD1: 60.51% Test OOD2: 50.88% Test OOD3: 58.55% 
Epoch: 77, Loss: 0.4208, Train: 99.56%, Valid: 66.98%, Test In: 67.46% Test OOD1: 60.39% Test OOD2: 51.02% Test OOD3: 58.63% 
Epoch: 78, Loss: 0.3872, Train: 99.60%, Valid: 66.82%, Test In: 67.33% Test OOD1: 60.27% Test OOD2: 50.97% Test OOD3: 58.59% 
Epoch: 79, Loss: 0.3733, Train: 99.67%, Valid: 66.89%, Test In: 67.33% Test OOD1: 60.12% Test OOD2: 50.95% Test OOD3: 58.55% 
Epoch: 80, Loss: 0.3792, Train: 99.71%, Valid: 66.80%, Test In: 67.47% Test OOD1: 60.00% Test OOD2: 51.00% Test OOD3: 58.55% 
Epoch: 81, Loss: 0.3633, Train: 99.76%, Valid: 66.61%, Test In: 67.27% Test OOD1: 60.17% Test OOD2: 50.99% Test OOD3: 58.61% 
Epoch: 82, Loss: 0.3536, Train: 99.79%, Valid: 66.49%, Test In: 67.21% Test OOD1: 60.28% Test OOD2: 51.10% Test OOD3: 58.69% 
Epoch: 83, Loss: 0.3411, Train: 99.80%, Valid: 66.58%, Test In: 67.40% Test OOD1: 60.37% Test OOD2: 51.21% Test OOD3: 58.80% 
Epoch: 84, Loss: 0.3378, Train: 99.82%, Valid: 66.50%, Test In: 67.30% Test OOD1: 60.25% Test OOD2: 51.11% Test OOD3: 58.70% 
Epoch: 85, Loss: 0.3425, Train: 99.84%, Valid: 66.34%, Test In: 67.17% Test OOD1: 60.02% Test OOD2: 51.13% Test OOD3: 58.55% 
Epoch: 86, Loss: 0.3207, Train: 99.85%, Valid: 66.53%, Test In: 67.37% Test OOD1: 59.95% Test OOD2: 51.13% Test OOD3: 58.60% 
Epoch: 87, Loss: 0.3139, Train: 99.86%, Valid: 66.56%, Test In: 67.29% Test OOD1: 60.06% Test OOD2: 51.04% Test OOD3: 58.59% 
Epoch: 88, Loss: 0.3305, Train: 99.88%, Valid: 66.35%, Test In: 67.07% Test OOD1: 60.07% Test OOD2: 51.11% Test OOD3: 58.52% 
Epoch: 89, Loss: 0.3042, Train: 99.89%, Valid: 66.37%, Test In: 67.15% Test OOD1: 59.98% Test OOD2: 51.19% Test OOD3: 58.50% 
Epoch: 90, Loss: 0.3019, Train: 99.91%, Valid: 66.55%, Test In: 67.28% Test OOD1: 59.92% Test OOD2: 51.16% Test OOD3: 58.48% 
Epoch: 91, Loss: 0.3034, Train: 99.91%, Valid: 66.40%, Test In: 67.27% Test OOD1: 60.06% Test OOD2: 51.17% Test OOD3: 58.57% 
Epoch: 92, Loss: 0.3037, Train: 99.92%, Valid: 66.72%, Test In: 67.47% Test OOD1: 60.07% Test OOD2: 51.26% Test OOD3: 58.63% 
Epoch: 93, Loss: 0.3107, Train: 99.93%, Valid: 66.52%, Test In: 67.26% Test OOD1: 60.69% Test OOD2: 51.12% Test OOD3: 58.85% 
Epoch: 94, Loss: 0.2944, Train: 99.93%, Valid: 66.64%, Test In: 67.37% Test OOD1: 60.81% Test OOD2: 51.12% Test OOD3: 58.94% 
Epoch: 95, Loss: 0.2912, Train: 99.93%, Valid: 66.96%, Test In: 67.63% Test OOD1: 60.63% Test OOD2: 51.18% Test OOD3: 58.91% 
Epoch: 96, Loss: 0.3068, Train: 99.94%, Valid: 66.59%, Test In: 67.21% Test OOD1: 60.75% Test OOD2: 51.08% Test OOD3: 58.78% 
Epoch: 97, Loss: 0.2710, Train: 99.95%, Valid: 66.52%, Test In: 67.17% Test OOD1: 60.61% Test OOD2: 51.07% Test OOD3: 58.60% 
Epoch: 98, Loss: 0.2900, Train: 99.95%, Valid: 66.84%, Test In: 67.52% Test OOD1: 60.15% Test OOD2: 51.15% Test OOD3: 58.48% 
Epoch: 99, Loss: 0.3006, Train: 99.96%, Valid: 66.50%, Test In: 67.19% Test OOD1: 60.58% Test OOD2: 51.10% Test OOD3: 58.57% 
Epoch: 100, Loss: 0.2772, Train: 99.96%, Valid: 66.64%, Test In: 67.30% Test OOD1: 60.75% Test OOD2: 51.12% Test OOD3: 58.71% 
Epoch: 101, Loss: 0.2664, Train: 99.97%, Valid: 66.91%, Test In: 67.52% Test OOD1: 60.65% Test OOD2: 51.21% Test OOD3: 58.75% 
Epoch: 102, Loss: 0.2723, Train: 99.97%, Valid: 66.63%, Test In: 67.43% Test OOD1: 60.72% Test OOD2: 51.26% Test OOD3: 58.71% 
Epoch: 103, Loss: 0.2814, Train: 99.97%, Valid: 66.59%, Test In: 67.39% Test OOD1: 60.59% Test OOD2: 51.18% Test OOD3: 58.54% 
Epoch: 104, Loss: 0.2558, Train: 99.97%, Valid: 66.67%, Test In: 67.44% Test OOD1: 60.50% Test OOD2: 51.15% Test OOD3: 58.45% 
Epoch: 105, Loss: 0.2692, Train: 99.98%, Valid: 66.47%, Test In: 67.46% Test OOD1: 60.63% Test OOD2: 51.23% Test OOD3: 58.53% 
Epoch: 106, Loss: 0.2522, Train: 99.98%, Valid: 66.46%, Test In: 67.54% Test OOD1: 60.65% Test OOD2: 51.29% Test OOD3: 58.58% 
Epoch: 107, Loss: 0.2583, Train: 99.98%, Valid: 66.50%, Test In: 67.48% Test OOD1: 60.54% Test OOD2: 51.33% Test OOD3: 58.50% 
Epoch: 108, Loss: 0.2565, Train: 99.98%, Valid: 66.24%, Test In: 67.26% Test OOD1: 60.67% Test OOD2: 51.28% Test OOD3: 58.48% 
Epoch: 109, Loss: 0.2451, Train: 99.98%, Valid: 66.16%, Test In: 67.23% Test OOD1: 60.67% Test OOD2: 51.30% Test OOD3: 58.42% 
Epoch: 110, Loss: 0.2412, Train: 99.98%, Valid: 66.42%, Test In: 67.46% Test OOD1: 60.35% Test OOD2: 51.31% Test OOD3: 58.34% 
Epoch: 111, Loss: 0.2490, Train: 99.98%, Valid: 66.40%, Test In: 67.49% Test OOD1: 60.29% Test OOD2: 51.28% Test OOD3: 58.31% 
Epoch: 112, Loss: 0.2327, Train: 99.98%, Valid: 66.48%, Test In: 67.60% Test OOD1: 60.40% Test OOD2: 51.30% Test OOD3: 58.40% 
Epoch: 113, Loss: 0.2446, Train: 99.99%, Valid: 66.73%, Test In: 67.79% Test OOD1: 60.33% Test OOD2: 51.37% Test OOD3: 58.45% 
Epoch: 114, Loss: 0.2319, Train: 99.99%, Valid: 66.78%, Test In: 67.77% Test OOD1: 60.39% Test OOD2: 51.40% Test OOD3: 58.48% 
Epoch: 115, Loss: 0.2456, Train: 99.99%, Valid: 66.37%, Test In: 67.44% Test OOD1: 60.64% Test OOD2: 51.40% Test OOD3: 58.46% 
Epoch: 116, Loss: 0.2509, Train: 99.99%, Valid: 66.47%, Test In: 67.47% Test OOD1: 60.39% Test OOD2: 51.42% Test OOD3: 58.31% 
Epoch: 117, Loss: 0.2384, Train: 99.99%, Valid: 66.59%, Test In: 67.56% Test OOD1: 60.15% Test OOD2: 51.40% Test OOD3: 58.19% 
Epoch: 118, Loss: 0.2373, Train: 99.99%, Valid: 66.34%, Test In: 67.44% Test OOD1: 60.47% Test OOD2: 51.37% Test OOD3: 58.24% 
Epoch: 119, Loss: 0.2307, Train: 99.99%, Valid: 66.47%, Test In: 67.58% Test OOD1: 60.60% Test OOD2: 51.30% Test OOD3: 58.35% 
Epoch: 120, Loss: 0.2182, Train: 99.99%, Valid: 66.65%, Test In: 67.73% Test OOD1: 60.56% Test OOD2: 51.27% Test OOD3: 58.36% 
Epoch: 121, Loss: 0.2357, Train: 99.99%, Valid: 66.58%, Test In: 67.67% Test OOD1: 60.57% Test OOD2: 51.26% Test OOD3: 58.31% 
Epoch: 122, Loss: 0.2184, Train: 99.99%, Valid: 66.49%, Test In: 67.63% Test OOD1: 60.60% Test OOD2: 51.25% Test OOD3: 58.31% 
Epoch: 123, Loss: 0.2256, Train: 99.99%, Valid: 66.75%, Test In: 67.76% Test OOD1: 60.45% Test OOD2: 51.22% Test OOD3: 58.33% 
Epoch: 124, Loss: 0.2229, Train: 100.00%, Valid: 66.61%, Test In: 67.60% Test OOD1: 60.32% Test OOD2: 51.19% Test OOD3: 58.22% 
Epoch: 125, Loss: 0.2183, Train: 100.00%, Valid: 66.43%, Test In: 67.52% Test OOD1: 60.51% Test OOD2: 51.16% Test OOD3: 58.19% 
Epoch: 126, Loss: 0.2248, Train: 100.00%, Valid: 66.52%, Test In: 67.66% Test OOD1: 60.75% Test OOD2: 51.14% Test OOD3: 58.28% 
Epoch: 127, Loss: 0.2204, Train: 100.00%, Valid: 66.64%, Test In: 67.81% Test OOD1: 60.79% Test OOD2: 51.24% Test OOD3: 58.38% 
Epoch: 128, Loss: 0.2154, Train: 100.00%, Valid: 66.51%, Test In: 67.84% Test OOD1: 60.80% Test OOD2: 51.33% Test OOD3: 58.37% 
Epoch: 129, Loss: 0.2162, Train: 100.00%, Valid: 66.39%, Test In: 67.78% Test OOD1: 60.77% Test OOD2: 51.36% Test OOD3: 58.28% 
Epoch: 130, Loss: 0.2247, Train: 100.00%, Valid: 66.60%, Test In: 67.94% Test OOD1: 60.42% Test OOD2: 51.47% Test OOD3: 58.16% 
Epoch: 131, Loss: 0.2225, Train: 100.00%, Valid: 66.62%, Test In: 67.96% Test OOD1: 60.39% Test OOD2: 51.54% Test OOD3: 58.19% 
Epoch: 132, Loss: 0.2159, Train: 100.00%, Valid: 66.47%, Test In: 67.81% Test OOD1: 60.72% Test OOD2: 51.49% Test OOD3: 58.33% 
Epoch: 133, Loss: 0.2003, Train: 100.00%, Valid: 66.54%, Test In: 67.70% Test OOD1: 60.75% Test OOD2: 51.46% Test OOD3: 58.37% 
Epoch: 134, Loss: 0.2103, Train: 100.00%, Valid: 66.63%, Test In: 67.71% Test OOD1: 60.78% Test OOD2: 51.48% Test OOD3: 58.43% 
Epoch: 135, Loss: 0.2092, Train: 100.00%, Valid: 66.61%, Test In: 67.65% Test OOD1: 60.85% Test OOD2: 51.46% Test OOD3: 58.47% 
Epoch: 136, Loss: 0.2045, Train: 100.00%, Valid: 66.52%, Test In: 67.55% Test OOD1: 60.73% Test OOD2: 51.44% Test OOD3: 58.35% 
Epoch: 137, Loss: 0.2044, Train: 100.00%, Valid: 66.58%, Test In: 67.58% Test OOD1: 60.64% Test OOD2: 51.43% Test OOD3: 58.30% 
Epoch: 138, Loss: 0.2154, Train: 100.00%, Valid: 66.61%, Test In: 67.67% Test OOD1: 60.79% Test OOD2: 51.54% Test OOD3: 58.36% 
Epoch: 139, Loss: 0.2024, Train: 100.00%, Valid: 66.71%, Test In: 67.81% Test OOD1: 60.80% Test OOD2: 51.63% Test OOD3: 58.45% 
Epoch: 140, Loss: 0.2129, Train: 100.00%, Valid: 66.67%, Test In: 67.70% Test OOD1: 60.72% Test OOD2: 51.58% Test OOD3: 58.43% 
Epoch: 141, Loss: 0.2039, Train: 100.00%, Valid: 66.47%, Test In: 67.63% Test OOD1: 60.93% Test OOD2: 51.53% Test OOD3: 58.58% 
Epoch: 142, Loss: 0.1962, Train: 100.00%, Valid: 66.71%, Test In: 67.82% Test OOD1: 60.65% Test OOD2: 51.52% Test OOD3: 58.57% 
Epoch: 143, Loss: 0.1922, Train: 100.00%, Valid: 66.84%, Test In: 67.89% Test OOD1: 60.41% Test OOD2: 51.46% Test OOD3: 58.45% 
Epoch: 144, Loss: 0.2124, Train: 100.00%, Valid: 66.79%, Test In: 67.95% Test OOD1: 60.60% Test OOD2: 51.43% Test OOD3: 58.50% 
Epoch: 145, Loss: 0.1987, Train: 100.00%, Valid: 66.77%, Test In: 68.04% Test OOD1: 60.60% Test OOD2: 51.49% Test OOD3: 58.51% 
Epoch: 146, Loss: 0.1906, Train: 100.00%, Valid: 66.80%, Test In: 68.12% Test OOD1: 60.68% Test OOD2: 51.54% Test OOD3: 58.56% 
Epoch: 147, Loss: 0.1964, Train: 100.00%, Valid: 66.76%, Test In: 68.12% Test OOD1: 60.89% Test OOD2: 51.50% Test OOD3: 58.58% 
Epoch: 148, Loss: 0.2016, Train: 100.00%, Valid: 66.67%, Test In: 68.06% Test OOD1: 60.83% Test OOD2: 51.52% Test OOD3: 58.47% 
Epoch: 149, Loss: 0.1929, Train: 100.00%, Valid: 66.61%, Test In: 68.02% Test OOD1: 60.73% Test OOD2: 51.58% Test OOD3: 58.35% 
Epoch: 150, Loss: 0.1990, Train: 100.00%, Valid: 66.58%, Test In: 68.02% Test OOD1: 60.63% Test OOD2: 51.55% Test OOD3: 58.30% 
Epoch: 151, Loss: 0.1965, Train: 100.00%, Valid: 66.49%, Test In: 68.01% Test OOD1: 60.61% Test OOD2: 51.52% Test OOD3: 58.33% 
Epoch: 152, Loss: 0.1882, Train: 100.00%, Valid: 66.42%, Test In: 68.02% Test OOD1: 60.58% Test OOD2: 51.55% Test OOD3: 58.32% 
Epoch: 153, Loss: 0.1939, Train: 100.00%, Valid: 66.60%, Test In: 68.10% Test OOD1: 60.40% Test OOD2: 51.57% Test OOD3: 58.28% 
Epoch: 154, Loss: 0.1941, Train: 100.00%, Valid: 66.59%, Test In: 68.22% Test OOD1: 60.88% Test OOD2: 51.54% Test OOD3: 58.45% 
Epoch: 155, Loss: 0.1894, Train: 100.00%, Valid: 66.67%, Test In: 68.33% Test OOD1: 61.08% Test OOD2: 51.56% Test OOD3: 58.59% 
Epoch: 156, Loss: 0.1887, Train: 100.00%, Valid: 66.85%, Test In: 68.45% Test OOD1: 61.00% Test OOD2: 51.60% Test OOD3: 58.66% 
Epoch: 157, Loss: 0.2004, Train: 100.00%, Valid: 66.87%, Test In: 68.48% Test OOD1: 60.64% Test OOD2: 51.64% Test OOD3: 58.42% 
Epoch: 158, Loss: 0.2061, Train: 100.00%, Valid: 66.62%, Test In: 68.48% Test OOD1: 60.78% Test OOD2: 51.59% Test OOD3: 58.44% 
Epoch: 159, Loss: 0.2141, Train: 100.00%, Valid: 66.75%, Test In: 68.51% Test OOD1: 60.56% Test OOD2: 51.54% Test OOD3: 58.35% 
Epoch: 160, Loss: 0.1896, Train: 100.00%, Valid: 66.76%, Test In: 68.51% Test OOD1: 60.92% Test OOD2: 51.49% Test OOD3: 58.61% 
Epoch: 161, Loss: 0.1951, Train: 100.00%, Valid: 66.70%, Test In: 68.44% Test OOD1: 61.11% Test OOD2: 51.52% Test OOD3: 58.70% 
Epoch: 162, Loss: 0.1940, Train: 100.00%, Valid: 66.57%, Test In: 68.30% Test OOD1: 61.34% Test OOD2: 51.49% Test OOD3: 58.75% 
Epoch: 163, Loss: 0.1879, Train: 100.00%, Valid: 66.49%, Test In: 68.25% Test OOD1: 61.40% Test OOD2: 51.50% Test OOD3: 58.80% 
Epoch: 164, Loss: 0.1846, Train: 100.00%, Valid: 66.58%, Test In: 68.36% Test OOD1: 61.27% Test OOD2: 51.57% Test OOD3: 58.70% 
Epoch: 165, Loss: 0.1961, Train: 100.00%, Valid: 66.61%, Test In: 68.24% Test OOD1: 61.01% Test OOD2: 51.51% Test OOD3: 58.49% 
Epoch: 166, Loss: 0.1948, Train: 100.00%, Valid: 66.46%, Test In: 68.12% Test OOD1: 61.17% Test OOD2: 51.43% Test OOD3: 58.51% 
Epoch: 167, Loss: 0.1820, Train: 100.00%, Valid: 66.56%, Test In: 68.14% Test OOD1: 61.01% Test OOD2: 51.45% Test OOD3: 58.40% 
Epoch: 168, Loss: 0.1930, Train: 100.00%, Valid: 66.64%, Test In: 68.13% Test OOD1: 60.99% Test OOD2: 51.44% Test OOD3: 58.35% 
Epoch: 169, Loss: 0.1884, Train: 100.00%, Valid: 66.60%, Test In: 68.01% Test OOD1: 61.16% Test OOD2: 51.37% Test OOD3: 58.36% 
Epoch: 170, Loss: 0.1873, Train: 100.00%, Valid: 66.58%, Test In: 67.99% Test OOD1: 61.12% Test OOD2: 51.38% Test OOD3: 58.38% 
Epoch: 171, Loss: 0.1969, Train: 100.00%, Valid: 66.76%, Test In: 68.08% Test OOD1: 60.91% Test OOD2: 51.40% Test OOD3: 58.24% 
Epoch: 172, Loss: 0.1845, Train: 100.00%, Valid: 66.91%, Test In: 68.19% Test OOD1: 60.93% Test OOD2: 51.38% Test OOD3: 58.23% 
Epoch: 173, Loss: 0.1946, Train: 100.00%, Valid: 66.83%, Test In: 68.18% Test OOD1: 61.13% Test OOD2: 51.39% Test OOD3: 58.36% 
Epoch: 174, Loss: 0.1783, Train: 100.00%, Valid: 66.72%, Test In: 68.17% Test OOD1: 61.20% Test OOD2: 51.42% Test OOD3: 58.40% 
Epoch: 175, Loss: 0.1829, Train: 100.00%, Valid: 66.82%, Test In: 68.25% Test OOD1: 61.09% Test OOD2: 51.39% Test OOD3: 58.28% 
Epoch: 176, Loss: 0.1782, Train: 100.00%, Valid: 66.85%, Test In: 68.25% Test OOD1: 61.03% Test OOD2: 51.36% Test OOD3: 58.28% 
Epoch: 177, Loss: 0.1885, Train: 100.00%, Valid: 66.68%, Test In: 68.16% Test OOD1: 61.15% Test OOD2: 51.32% Test OOD3: 58.33% 
Epoch: 178, Loss: 0.1829, Train: 100.00%, Valid: 66.70%, Test In: 68.15% Test OOD1: 61.03% Test OOD2: 51.30% Test OOD3: 58.26% 
Epoch: 179, Loss: 0.1854, Train: 100.00%, Valid: 66.79%, Test In: 68.17% Test OOD1: 60.91% Test OOD2: 51.31% Test OOD3: 58.23% 
Epoch: 180, Loss: 0.1715, Train: 100.00%, Valid: 66.83%, Test In: 68.18% Test OOD1: 60.99% Test OOD2: 51.32% Test OOD3: 58.34% 
Epoch: 181, Loss: 0.1883, Train: 100.00%, Valid: 66.87%, Test In: 68.17% Test OOD1: 60.98% Test OOD2: 51.37% Test OOD3: 58.42% 
Epoch: 182, Loss: 0.1767, Train: 100.00%, Valid: 66.93%, Test In: 68.22% Test OOD1: 61.04% Test OOD2: 51.40% Test OOD3: 58.54% 
Epoch: 183, Loss: 0.1874, Train: 100.00%, Valid: 66.98%, Test In: 68.34% Test OOD1: 61.28% Test OOD2: 51.41% Test OOD3: 58.72% 
Epoch: 184, Loss: 0.1707, Train: 100.00%, Valid: 67.04%, Test In: 68.45% Test OOD1: 61.34% Test OOD2: 51.42% Test OOD3: 58.77% 
Epoch: 185, Loss: 0.1716, Train: 100.00%, Valid: 67.05%, Test In: 68.48% Test OOD1: 61.39% Test OOD2: 51.39% Test OOD3: 58.77% 
Epoch: 186, Loss: 0.1704, Train: 100.00%, Valid: 67.08%, Test In: 68.49% Test OOD1: 61.46% Test OOD2: 51.34% Test OOD3: 58.71% 
Epoch: 187, Loss: 0.1707, Train: 100.00%, Valid: 67.12%, Test In: 68.51% Test OOD1: 61.39% Test OOD2: 51.34% Test OOD3: 58.58% 
Epoch: 188, Loss: 0.1699, Train: 100.00%, Valid: 67.15%, Test In: 68.51% Test OOD1: 61.13% Test OOD2: 51.30% Test OOD3: 58.38% 
Epoch: 189, Loss: 0.1670, Train: 100.00%, Valid: 67.06%, Test In: 68.49% Test OOD1: 61.11% Test OOD2: 51.26% Test OOD3: 58.27% 
Epoch: 190, Loss: 0.1663, Train: 100.00%, Valid: 67.01%, Test In: 68.48% Test OOD1: 61.10% Test OOD2: 51.26% Test OOD3: 58.18% 
Epoch: 191, Loss: 0.1753, Train: 100.00%, Valid: 67.13%, Test In: 68.56% Test OOD1: 60.78% Test OOD2: 51.34% Test OOD3: 58.08% 
Epoch: 192, Loss: 0.1640, Train: 100.00%, Valid: 67.12%, Test In: 68.62% Test OOD1: 61.01% Test OOD2: 51.36% Test OOD3: 58.32% 
Epoch: 193, Loss: 0.1694, Train: 100.00%, Valid: 67.13%, Test In: 68.59% Test OOD1: 61.08% Test OOD2: 51.35% Test OOD3: 58.35% 
Epoch: 194, Loss: 0.1619, Train: 100.00%, Valid: 67.12%, Test In: 68.60% Test OOD1: 61.13% Test OOD2: 51.34% Test OOD3: 58.42% 
Epoch: 195, Loss: 0.1682, Train: 100.00%, Valid: 67.12%, Test In: 68.61% Test OOD1: 61.15% Test OOD2: 51.35% Test OOD3: 58.46% 
Epoch: 196, Loss: 0.1601, Train: 100.00%, Valid: 67.07%, Test In: 68.53% Test OOD1: 61.30% Test OOD2: 51.31% Test OOD3: 58.54% 
Epoch: 197, Loss: 0.1677, Train: 100.00%, Valid: 67.15%, Test In: 68.52% Test OOD1: 61.07% Test OOD2: 51.30% Test OOD3: 58.40% 
Epoch: 198, Loss: 0.1752, Train: 100.00%, Valid: 67.29%, Test In: 68.65% Test OOD1: 60.96% Test OOD2: 51.36% Test OOD3: 58.38% 
Epoch: 199, Loss: 0.1555, Train: 100.00%, Valid: 67.40%, Test In: 68.73% Test OOD1: 60.99% Test OOD2: 51.40% Test OOD3: 58.44% 
Run 03:
Highest Train: 100.00
Highest Valid: 69.21
Highest In Test: 69.87
Highest OOD Test: 64.58
Highest OOD Test: 52.07
Highest OOD Test: 62.48
Chosen epoch: 17
Final Train: 79.34
Final In Test: 69.87
Final OOD Test: 63.38
Final OOD Test: 51.83
Final OOD Test: 61.66
All runs:
Highest Train: 100.00 ± 0.00
Highest Valid: 69.21 ± 0.07
Highest In Test: 69.87 ± 0.14
Highest OOD Test: 64.67 ± 0.12
Highest OOD Test: 52.14 ± 0.10
Highest OOD Test: 62.41 ± 0.06
  Final Train: 79.10 ± 0.26
   Final In  Test: 69.87 ± 0.14
   Final OOD Test: 63.44 ± 0.40
   Final OOD Test: 51.56 ± 0.26
   Final OOD Test: 61.59 ± 0.23
[INFO] TensorBoard writer closed.

Command: python main.py --dataset twitch --backbone_type gcn --env_type graph --combine_result --store_result --epochs 200 --runs 3 --num_layers 2 --expert_agg mean --tau 3 --lr 0.01 --weight_decay 5e-5 --dropout 0.0 --K 3 --hidden_channels 64 --seed 123 --device 0 --lr 0.01 --weight_decay 5e-05 --dropout 0.1 --lamda 2.0 --K 4 --hidden_channels 64 --other_env_reduce env --result_name twitch_stage1_lr0.01_weight_decay5e-05_dropout0.1_lamda2.0_K4_hidden_channels64_other_env_reduceenv
Return code: 0
Elapsed: 145.93s
