Namespace(K=3, backbone_type='gcn', combine_result=True, cpu=False, data_dir='./data/', dataset='twitch', device=0, display_step=1, dropout=0.0, env_type='graph', epochs=200, expert_agg='mean', gamma=0.99, gate_hidden=64, hidden_channels=64, infer_env=False, infer_env_components=64, infer_env_iters=30, infer_env_num=3, lambda_cl=0.1, lambda_dag=0.1, lambda_ind=0.1, lambda_l1=0.5, lamda=0.1, lamda_ciw=0.0001, lr=0.005, lr_dag=0.001, num_layers=2, other_env_reduce='env', pos_weight=5.0, result_name='twitch_stage1_lr0.005_weight_decay0.0005_dropout0.0_lamda0.1_K3_hidden_channels64_other_env_reduceenv', runs=3, seed=123, store_result=True, tau=3.0, use_bn=False, variant=False, weight_decay=0.0005)
dataset twitch: all nodes 34120 | edges 429113 | classes 2 | feats 3170
train nodes 7897 | valid nodes 3949 | test in nodes 3949
test ood1 nodes 4648 test ood2 nodes 6551 test ood3 nodes 7126 
[INFO] env numbers: 6 train env numbers: 3
MODEL: CaNet(
  (experts): ModuleList(
    (0): ExpertNet(
      (convs): ModuleList(
        (0): CaNetConv()
        (1): CaNetConv()
      )
      (fcs): ModuleList(
        (0): Linear(in_features=3170, out_features=64, bias=True)
        (1): Linear(in_features=64, out_features=2, bias=True)
      )
      (act_fn): ReLU()
    )
    (1): ExpertNet(
      (convs): ModuleList(
        (0): CaNetConv()
        (1): CaNetConv()
      )
      (fcs): ModuleList(
        (0): Linear(in_features=3170, out_features=64, bias=True)
        (1): Linear(in_features=64, out_features=2, bias=True)
      )
      (act_fn): ReLU()
    )
    (2): ExpertNet(
      (convs): ModuleList(
        (0): CaNetConv()
        (1): CaNetConv()
      )
      (fcs): ModuleList(
        (0): Linear(in_features=3170, out_features=64, bias=True)
        (1): Linear(in_features=64, out_features=2, bias=True)
      )
      (act_fn): ReLU()
    )
  )
  (gate): Sequential(
    (0): Linear(in_features=3170, out_features=64, bias=True)
    (1): ReLU()
    (2): Linear(in_features=64, out_features=3, bias=True)
  )
)
[INFO] TensorBoard logging activated. Logs will be saved to: ./runs/twitch/Apr16_06-28-20_lamda_0.1
Epoch: 00, Loss: 0.7672, Train: 47.98%, Valid: 46.51%, Test In: 47.65% Test OOD1: 44.26% Test OOD2: 51.73% Test OOD3: 48.08% 
Epoch: 01, Loss: 0.7632, Train: 45.84%, Valid: 45.12%, Test In: 46.34% Test OOD1: 42.73% Test OOD2: 50.96% Test OOD3: 46.88% 
Epoch: 02, Loss: 0.7584, Train: 43.90%, Valid: 43.70%, Test In: 44.84% Test OOD1: 41.66% Test OOD2: 50.58% Test OOD3: 46.11% 
Epoch: 03, Loss: 0.7517, Train: 42.99%, Valid: 43.00%, Test In: 44.11% Test OOD1: 41.22% Test OOD2: 50.41% Test OOD3: 45.69% 
Epoch: 04, Loss: 0.7424, Train: 42.57%, Valid: 42.68%, Test In: 43.79% Test OOD1: 41.02% Test OOD2: 50.33% Test OOD3: 45.51% 
Epoch: 05, Loss: 0.7305, Train: 42.34%, Valid: 42.52%, Test In: 43.64% Test OOD1: 40.93% Test OOD2: 50.28% Test OOD3: 45.42% 
Epoch: 06, Loss: 0.7179, Train: 42.35%, Valid: 42.53%, Test In: 43.68% Test OOD1: 40.94% Test OOD2: 50.26% Test OOD3: 45.43% 
Epoch: 07, Loss: 0.7090, Train: 42.66%, Valid: 42.75%, Test In: 43.94% Test OOD1: 41.07% Test OOD2: 50.29% Test OOD3: 45.57% 
Epoch: 08, Loss: 0.7083, Train: 43.45%, Valid: 43.32%, Test In: 44.58% Test OOD1: 41.39% Test OOD2: 50.36% Test OOD3: 45.93% 
Epoch: 09, Loss: 0.7101, Train: 45.07%, Valid: 44.52%, Test In: 45.91% Test OOD1: 42.06% Test OOD2: 50.54% Test OOD3: 46.66% 
Epoch: 10, Loss: 0.7066, Train: 48.71%, Valid: 47.30%, Test In: 48.92% Test OOD1: 43.65% Test OOD2: 50.97% Test OOD3: 48.33% 
Epoch: 11, Loss: 0.7000, Train: 58.38%, Valid: 55.05%, Test In: 56.80% Test OOD1: 48.95% Test OOD2: 52.18% Test OOD3: 53.21% 
Epoch: 12, Loss: 0.6942, Train: 69.37%, Valid: 64.97%, Test In: 66.52% Test OOD1: 61.50% Test OOD2: 52.95% Test OOD3: 61.00% 
Epoch: 13, Loss: 0.6904, Train: 67.66%, Valid: 64.48%, Test In: 64.92% Test OOD1: 63.54% Test OOD2: 51.89% Test OOD3: 60.60% 
Epoch: 14, Loss: 0.6879, Train: 66.09%, Valid: 63.55%, Test In: 63.53% Test OOD1: 63.10% Test OOD2: 51.49% Test OOD3: 59.89% 
Epoch: 15, Loss: 0.6855, Train: 65.40%, Valid: 63.12%, Test In: 62.92% Test OOD1: 62.87% Test OOD2: 51.33% Test OOD3: 59.56% 
Epoch: 16, Loss: 0.6827, Train: 65.11%, Valid: 62.92%, Test In: 62.66% Test OOD1: 62.79% Test OOD2: 51.30% Test OOD3: 59.46% 
Epoch: 17, Loss: 0.6792, Train: 65.05%, Valid: 62.85%, Test In: 62.58% Test OOD1: 62.80% Test OOD2: 51.32% Test OOD3: 59.47% 
Epoch: 18, Loss: 0.6752, Train: 65.14%, Valid: 62.87%, Test In: 62.63% Test OOD1: 62.86% Test OOD2: 51.38% Test OOD3: 59.55% 
Epoch: 19, Loss: 0.6711, Train: 65.34%, Valid: 62.97%, Test In: 62.76% Test OOD1: 62.95% Test OOD2: 51.45% Test OOD3: 59.68% 
Epoch: 20, Loss: 0.6676, Train: 65.62%, Valid: 63.14%, Test In: 62.97% Test OOD1: 63.06% Test OOD2: 51.50% Test OOD3: 59.81% 
Epoch: 21, Loss: 0.6644, Train: 65.97%, Valid: 63.38%, Test In: 63.25% Test OOD1: 63.21% Test OOD2: 51.53% Test OOD3: 59.99% 
Epoch: 22, Loss: 0.6610, Train: 66.46%, Valid: 63.74%, Test In: 63.65% Test OOD1: 63.46% Test OOD2: 51.60% Test OOD3: 60.24% 
Epoch: 23, Loss: 0.6570, Train: 67.20%, Valid: 64.27%, Test In: 64.24% Test OOD1: 63.80% Test OOD2: 51.77% Test OOD3: 60.58% 
Epoch: 24, Loss: 0.6515, Train: 68.05%, Valid: 64.87%, Test In: 64.92% Test OOD1: 64.19% Test OOD2: 51.98% Test OOD3: 60.96% 
Epoch: 25, Loss: 0.6456, Train: 68.85%, Valid: 65.49%, Test In: 65.61% Test OOD1: 64.69% Test OOD2: 52.13% Test OOD3: 61.43% 
Epoch: 26, Loss: 0.6393, Train: 69.84%, Valid: 66.18%, Test In: 66.40% Test OOD1: 65.12% Test OOD2: 52.42% Test OOD3: 61.89% 
Epoch: 27, Loss: 0.6332, Train: 70.88%, Valid: 66.80%, Test In: 67.15% Test OOD1: 65.37% Test OOD2: 52.77% Test OOD3: 62.31% 
Epoch: 28, Loss: 0.6279, Train: 71.54%, Valid: 67.31%, Test In: 67.79% Test OOD1: 65.89% Test OOD2: 52.84% Test OOD3: 62.78% 
Epoch: 29, Loss: 0.6239, Train: 72.32%, Valid: 67.49%, Test In: 68.15% Test OOD1: 65.39% Test OOD2: 53.27% Test OOD3: 62.88% 
Epoch: 30, Loss: 0.6184, Train: 72.69%, Valid: 67.77%, Test In: 68.51% Test OOD1: 65.66% Test OOD2: 53.34% Test OOD3: 63.08% 
Epoch: 31, Loss: 0.6110, Train: 72.92%, Valid: 67.90%, Test In: 68.69% Test OOD1: 65.87% Test OOD2: 53.39% Test OOD3: 63.16% 
Epoch: 32, Loss: 0.6072, Train: 73.12%, Valid: 67.63%, Test In: 68.50% Test OOD1: 65.08% Test OOD2: 53.68% Test OOD3: 62.93% 
Epoch: 33, Loss: 0.6032, Train: 73.37%, Valid: 67.88%, Test In: 68.73% Test OOD1: 65.49% Test OOD2: 53.67% Test OOD3: 63.04% 
Epoch: 34, Loss: 0.5964, Train: 73.42%, Valid: 67.81%, Test In: 68.66% Test OOD1: 65.58% Test OOD2: 53.70% Test OOD3: 62.94% 
Epoch: 35, Loss: 0.5930, Train: 73.53%, Valid: 67.60%, Test In: 68.39% Test OOD1: 64.81% Test OOD2: 53.90% Test OOD3: 62.61% 
Epoch: 36, Loss: 0.5895, Train: 73.56%, Valid: 67.57%, Test In: 68.33% Test OOD1: 65.18% Test OOD2: 53.82% Test OOD3: 62.57% 
Epoch: 37, Loss: 0.5833, Train: 73.97%, Valid: 67.91%, Test In: 68.60% Test OOD1: 65.40% Test OOD2: 53.74% Test OOD3: 62.67% 
Epoch: 38, Loss: 0.5807, Train: 73.70%, Valid: 67.31%, Test In: 68.00% Test OOD1: 64.51% Test OOD2: 53.80% Test OOD3: 62.16% 
Epoch: 39, Loss: 0.5766, Train: 73.87%, Valid: 67.38%, Test In: 68.07% Test OOD1: 64.90% Test OOD2: 53.69% Test OOD3: 62.19% 
Epoch: 40, Loss: 0.5710, Train: 74.31%, Valid: 67.65%, Test In: 68.30% Test OOD1: 65.22% Test OOD2: 53.64% Test OOD3: 62.31% 
Epoch: 41, Loss: 0.5698, Train: 73.76%, Valid: 66.91%, Test In: 67.60% Test OOD1: 64.32% Test OOD2: 53.64% Test OOD3: 61.75% 
Epoch: 42, Loss: 0.5669, Train: 74.51%, Valid: 67.39%, Test In: 68.09% Test OOD1: 64.84% Test OOD2: 53.63% Test OOD3: 62.04% 
Epoch: 43, Loss: 0.5615, Train: 74.40%, Valid: 67.20%, Test In: 67.91% Test OOD1: 64.82% Test OOD2: 53.54% Test OOD3: 61.94% 
Epoch: 44, Loss: 0.5576, Train: 73.96%, Valid: 66.64%, Test In: 67.36% Test OOD1: 64.02% Test OOD2: 53.53% Test OOD3: 61.53% 
Epoch: 45, Loss: 0.5572, Train: 75.00%, Valid: 67.36%, Test In: 68.07% Test OOD1: 64.57% Test OOD2: 53.60% Test OOD3: 61.98% 
Epoch: 46, Loss: 0.5539, Train: 74.84%, Valid: 67.11%, Test In: 67.81% Test OOD1: 64.40% Test OOD2: 53.51% Test OOD3: 61.82% 
Epoch: 47, Loss: 0.5475, Train: 73.86%, Valid: 66.24%, Test In: 66.98% Test OOD1: 63.51% Test OOD2: 53.42% Test OOD3: 61.29% 
Epoch: 48, Loss: 0.5528, Train: 75.24%, Valid: 67.18%, Test In: 67.90% Test OOD1: 64.40% Test OOD2: 53.45% Test OOD3: 61.85% 
Epoch: 49, Loss: 0.5419, Train: 75.60%, Valid: 67.28%, Test In: 68.02% Test OOD1: 64.27% Test OOD2: 53.50% Test OOD3: 61.92% 
Epoch: 50, Loss: 0.5404, Train: 74.94%, Valid: 66.65%, Test In: 67.37% Test OOD1: 63.80% Test OOD2: 53.33% Test OOD3: 61.51% 
Epoch: 51, Loss: 0.5325, Train: 74.64%, Valid: 66.49%, Test In: 67.22% Test OOD1: 63.93% Test OOD2: 53.19% Test OOD3: 61.46% 
Epoch: 52, Loss: 0.5330, Train: 75.86%, Valid: 66.96%, Test In: 67.66% Test OOD1: 63.74% Test OOD2: 53.36% Test OOD3: 61.66% 
Epoch: 53, Loss: 0.5275, Train: 75.96%, Valid: 67.12%, Test In: 67.78% Test OOD1: 64.22% Test OOD2: 53.27% Test OOD3: 61.80% 
Epoch: 54, Loss: 0.5240, Train: 75.29%, Valid: 66.42%, Test In: 67.09% Test OOD1: 63.38% Test OOD2: 53.13% Test OOD3: 61.30% 
Epoch: 55, Loss: 0.5166, Train: 75.55%, Valid: 66.52%, Test In: 67.18% Test OOD1: 63.56% Test OOD2: 53.08% Test OOD3: 61.39% 
Epoch: 56, Loss: 0.5101, Train: 76.41%, Valid: 66.98%, Test In: 67.59% Test OOD1: 63.93% Test OOD2: 53.17% Test OOD3: 61.73% 
Epoch: 57, Loss: 0.5077, Train: 76.41%, Valid: 66.71%, Test In: 67.33% Test OOD1: 63.50% Test OOD2: 53.10% Test OOD3: 61.53% 
Epoch: 58, Loss: 0.5011, Train: 75.69%, Valid: 66.43%, Test In: 67.05% Test OOD1: 63.67% Test OOD2: 52.86% Test OOD3: 61.44% 
Epoch: 59, Loss: 0.5029, Train: 76.98%, Valid: 66.80%, Test In: 67.37% Test OOD1: 63.43% Test OOD2: 53.06% Test OOD3: 61.59% 
Epoch: 60, Loss: 0.4965, Train: 76.94%, Valid: 66.96%, Test In: 67.48% Test OOD1: 64.05% Test OOD2: 52.89% Test OOD3: 61.78% 
Epoch: 61, Loss: 0.4936, Train: 76.48%, Valid: 66.49%, Test In: 67.11% Test OOD1: 63.34% Test OOD2: 52.84% Test OOD3: 61.46% 
Epoch: 62, Loss: 0.4879, Train: 77.27%, Valid: 66.78%, Test In: 67.29% Test OOD1: 63.43% Test OOD2: 52.86% Test OOD3: 61.56% 
Epoch: 63, Loss: 0.4749, Train: 77.51%, Valid: 67.02%, Test In: 67.47% Test OOD1: 63.90% Test OOD2: 52.79% Test OOD3: 61.73% 
Epoch: 64, Loss: 0.4794, Train: 77.44%, Valid: 66.73%, Test In: 67.22% Test OOD1: 63.20% Test OOD2: 52.79% Test OOD3: 61.46% 
Epoch: 65, Loss: 0.4714, Train: 77.73%, Valid: 66.87%, Test In: 67.31% Test OOD1: 63.42% Test OOD2: 52.72% Test OOD3: 61.54% 
Epoch: 66, Loss: 0.4608, Train: 78.13%, Valid: 67.03%, Test In: 67.42% Test OOD1: 63.57% Test OOD2: 52.68% Test OOD3: 61.61% 
Epoch: 67, Loss: 0.4643, Train: 78.25%, Valid: 66.84%, Test In: 67.30% Test OOD1: 63.04% Test OOD2: 52.68% Test OOD3: 61.42% 
Epoch: 68, Loss: 0.4568, Train: 78.48%, Valid: 67.01%, Test In: 67.49% Test OOD1: 63.49% Test OOD2: 52.59% Test OOD3: 61.58% 
Epoch: 69, Loss: 0.4506, Train: 78.66%, Valid: 66.96%, Test In: 67.35% Test OOD1: 63.15% Test OOD2: 52.56% Test OOD3: 61.48% 
Epoch: 70, Loss: 0.4499, Train: 78.86%, Valid: 66.95%, Test In: 67.42% Test OOD1: 63.00% Test OOD2: 52.58% Test OOD3: 61.44% 
Epoch: 71, Loss: 0.4439, Train: 79.41%, Valid: 67.24%, Test In: 67.72% Test OOD1: 63.60% Test OOD2: 52.52% Test OOD3: 61.61% 
Epoch: 72, Loss: 0.4452, Train: 79.26%, Valid: 66.88%, Test In: 67.34% Test OOD1: 62.66% Test OOD2: 52.50% Test OOD3: 61.26% 
Epoch: 73, Loss: 0.4360, Train: 79.68%, Valid: 67.13%, Test In: 67.71% Test OOD1: 63.15% Test OOD2: 52.44% Test OOD3: 61.39% 
Epoch: 74, Loss: 0.4320, Train: 79.57%, Valid: 66.92%, Test In: 67.43% Test OOD1: 62.69% Test OOD2: 52.37% Test OOD3: 61.23% 
Epoch: 75, Loss: 0.4343, Train: 80.10%, Valid: 67.11%, Test In: 67.77% Test OOD1: 62.79% Test OOD2: 52.40% Test OOD3: 61.27% 
Epoch: 76, Loss: 0.4267, Train: 80.18%, Valid: 67.14%, Test In: 67.71% Test OOD1: 62.97% Test OOD2: 52.24% Test OOD3: 61.32% 
Epoch: 77, Loss: 0.4168, Train: 80.68%, Valid: 67.12%, Test In: 67.66% Test OOD1: 62.41% Test OOD2: 52.23% Test OOD3: 61.15% 
Epoch: 78, Loss: 0.4210, Train: 80.10%, Valid: 67.10%, Test In: 67.87% Test OOD1: 62.79% Test OOD2: 52.09% Test OOD3: 61.33% 
Epoch: 79, Loss: 0.4273, Train: 81.42%, Valid: 67.42%, Test In: 68.08% Test OOD1: 62.77% Test OOD2: 52.24% Test OOD3: 61.24% 
Epoch: 80, Loss: 0.4324, Train: 80.96%, Valid: 67.19%, Test In: 67.95% Test OOD1: 62.51% Test OOD2: 52.03% Test OOD3: 61.32% 
Epoch: 81, Loss: 0.4003, Train: 80.19%, Valid: 66.86%, Test In: 67.90% Test OOD1: 62.14% Test OOD2: 52.05% Test OOD3: 61.23% 
Epoch: 82, Loss: 0.4244, Train: 81.80%, Valid: 67.29%, Test In: 68.21% Test OOD1: 62.52% Test OOD2: 52.13% Test OOD3: 61.16% 
Epoch: 83, Loss: 0.4192, Train: 81.72%, Valid: 67.34%, Test In: 68.33% Test OOD1: 63.04% Test OOD2: 52.03% Test OOD3: 61.32% 
Epoch: 84, Loss: 0.4112, Train: 81.28%, Valid: 66.85%, Test In: 68.04% Test OOD1: 62.02% Test OOD2: 52.05% Test OOD3: 61.12% 
Epoch: 85, Loss: 0.3963, Train: 80.84%, Valid: 66.75%, Test In: 67.89% Test OOD1: 62.26% Test OOD2: 51.98% Test OOD3: 61.21% 
Epoch: 86, Loss: 0.4049, Train: 82.23%, Valid: 67.23%, Test In: 68.38% Test OOD1: 62.57% Test OOD2: 52.04% Test OOD3: 61.24% 
Epoch: 87, Loss: 0.3775, Train: 82.62%, Valid: 67.32%, Test In: 68.37% Test OOD1: 62.50% Test OOD2: 52.06% Test OOD3: 61.13% 
Epoch: 88, Loss: 0.3907, Train: 82.57%, Valid: 67.27%, Test In: 68.37% Test OOD1: 62.65% Test OOD2: 51.95% Test OOD3: 61.25% 
Epoch: 89, Loss: 0.3740, Train: 82.27%, Valid: 66.85%, Test In: 68.01% Test OOD1: 61.89% Test OOD2: 51.99% Test OOD3: 61.06% 
Epoch: 90, Loss: 0.3698, Train: 81.70%, Valid: 66.82%, Test In: 67.89% Test OOD1: 62.21% Test OOD2: 51.88% Test OOD3: 61.19% 
Epoch: 91, Loss: 0.3852, Train: 82.72%, Valid: 67.09%, Test In: 68.29% Test OOD1: 62.24% Test OOD2: 51.90% Test OOD3: 61.17% 
Epoch: 92, Loss: 0.3840, Train: 82.80%, Valid: 67.08%, Test In: 68.04% Test OOD1: 61.98% Test OOD2: 51.70% Test OOD3: 61.02% 
Epoch: 93, Loss: 0.3830, Train: 83.56%, Valid: 67.35%, Test In: 68.39% Test OOD1: 62.30% Test OOD2: 51.69% Test OOD3: 61.16% 
Epoch: 94, Loss: 0.3555, Train: 83.49%, Valid: 67.18%, Test In: 68.25% Test OOD1: 62.04% Test OOD2: 51.67% Test OOD3: 61.16% 
Epoch: 95, Loss: 0.3540, Train: 82.80%, Valid: 66.94%, Test In: 67.85% Test OOD1: 62.01% Test OOD2: 51.58% Test OOD3: 61.16% 
Epoch: 96, Loss: 0.3636, Train: 83.41%, Valid: 66.91%, Test In: 67.83% Test OOD1: 61.67% Test OOD2: 51.62% Test OOD3: 61.03% 
Epoch: 97, Loss: 0.3457, Train: 83.86%, Valid: 67.22%, Test In: 68.21% Test OOD1: 62.51% Test OOD2: 51.63% Test OOD3: 61.31% 
Epoch: 98, Loss: 0.3499, Train: 84.12%, Valid: 67.05%, Test In: 67.84% Test OOD1: 61.79% Test OOD2: 51.60% Test OOD3: 61.00% 
Epoch: 99, Loss: 0.3386, Train: 84.20%, Valid: 67.02%, Test In: 67.83% Test OOD1: 61.86% Test OOD2: 51.65% Test OOD3: 61.08% 
Epoch: 100, Loss: 0.3269, Train: 84.13%, Valid: 67.01%, Test In: 67.95% Test OOD1: 62.13% Test OOD2: 51.74% Test OOD3: 61.26% 
Epoch: 101, Loss: 0.3327, Train: 84.27%, Valid: 66.84%, Test In: 67.64% Test OOD1: 61.50% Test OOD2: 51.73% Test OOD3: 61.02% 
Epoch: 102, Loss: 0.3252, Train: 84.55%, Valid: 67.01%, Test In: 67.82% Test OOD1: 61.94% Test OOD2: 51.68% Test OOD3: 61.17% 
Epoch: 103, Loss: 0.3256, Train: 85.30%, Valid: 67.10%, Test In: 68.05% Test OOD1: 61.75% Test OOD2: 51.70% Test OOD3: 61.12% 
Epoch: 104, Loss: 0.3285, Train: 85.09%, Valid: 67.07%, Test In: 67.90% Test OOD1: 61.97% Test OOD2: 51.66% Test OOD3: 61.19% 
Epoch: 105, Loss: 0.3095, Train: 84.97%, Valid: 66.95%, Test In: 67.73% Test OOD1: 61.66% Test OOD2: 51.67% Test OOD3: 61.06% 
Epoch: 106, Loss: 0.3088, Train: 85.37%, Valid: 67.11%, Test In: 68.02% Test OOD1: 61.95% Test OOD2: 51.73% Test OOD3: 61.22% 
Epoch: 107, Loss: 0.3108, Train: 85.56%, Valid: 67.13%, Test In: 67.89% Test OOD1: 61.96% Test OOD2: 51.66% Test OOD3: 61.17% 
Epoch: 108, Loss: 0.2983, Train: 85.71%, Valid: 67.03%, Test In: 67.72% Test OOD1: 61.53% Test OOD2: 51.63% Test OOD3: 60.98% 
Epoch: 109, Loss: 0.3048, Train: 85.78%, Valid: 67.29%, Test In: 68.10% Test OOD1: 62.39% Test OOD2: 51.67% Test OOD3: 61.38% 
Epoch: 110, Loss: 0.3098, Train: 85.86%, Valid: 67.05%, Test In: 67.72% Test OOD1: 61.62% Test OOD2: 51.68% Test OOD3: 61.03% 
Epoch: 111, Loss: 0.2948, Train: 85.94%, Valid: 67.20%, Test In: 67.84% Test OOD1: 61.98% Test OOD2: 51.66% Test OOD3: 61.15% 
Epoch: 112, Loss: 0.2912, Train: 86.63%, Valid: 67.40%, Test In: 68.12% Test OOD1: 62.07% Test OOD2: 51.64% Test OOD3: 61.25% 
Epoch: 113, Loss: 0.2894, Train: 86.72%, Valid: 67.29%, Test In: 67.91% Test OOD1: 61.76% Test OOD2: 51.63% Test OOD3: 61.05% 
Epoch: 114, Loss: 0.2749, Train: 86.51%, Valid: 67.28%, Test In: 67.84% Test OOD1: 61.87% Test OOD2: 51.60% Test OOD3: 61.04% 
Epoch: 115, Loss: 0.2853, Train: 87.15%, Valid: 67.40%, Test In: 68.04% Test OOD1: 61.79% Test OOD2: 51.62% Test OOD3: 61.07% 
Epoch: 116, Loss: 0.2867, Train: 87.19%, Valid: 67.49%, Test In: 68.03% Test OOD1: 62.09% Test OOD2: 51.59% Test OOD3: 61.15% 
Epoch: 117, Loss: 0.2748, Train: 87.23%, Valid: 67.32%, Test In: 67.78% Test OOD1: 61.50% Test OOD2: 51.57% Test OOD3: 60.88% 
Epoch: 118, Loss: 0.2787, Train: 87.65%, Valid: 67.60%, Test In: 68.15% Test OOD1: 62.00% Test OOD2: 51.65% Test OOD3: 61.20% 
Epoch: 119, Loss: 0.2678, Train: 87.82%, Valid: 67.56%, Test In: 68.01% Test OOD1: 61.80% Test OOD2: 51.66% Test OOD3: 61.09% 
Epoch: 120, Loss: 0.2564, Train: 87.80%, Valid: 67.37%, Test In: 67.74% Test OOD1: 61.45% Test OOD2: 51.59% Test OOD3: 60.83% 
Epoch: 121, Loss: 0.2673, Train: 88.24%, Valid: 67.62%, Test In: 68.03% Test OOD1: 62.00% Test OOD2: 51.60% Test OOD3: 61.09% 
Epoch: 122, Loss: 0.2622, Train: 88.49%, Valid: 67.51%, Test In: 67.86% Test OOD1: 61.49% Test OOD2: 51.62% Test OOD3: 60.87% 
Epoch: 123, Loss: 0.2635, Train: 88.22%, Valid: 67.47%, Test In: 67.83% Test OOD1: 61.83% Test OOD2: 51.61% Test OOD3: 60.92% 
Epoch: 124, Loss: 0.2666, Train: 88.88%, Valid: 67.51%, Test In: 67.91% Test OOD1: 61.53% Test OOD2: 51.63% Test OOD3: 60.86% 
Epoch: 125, Loss: 0.2456, Train: 89.09%, Valid: 67.58%, Test In: 68.06% Test OOD1: 61.70% Test OOD2: 51.67% Test OOD3: 60.98% 
Epoch: 126, Loss: 0.2427, Train: 88.85%, Valid: 67.41%, Test In: 67.90% Test OOD1: 61.63% Test OOD2: 51.69% Test OOD3: 60.88% 
Epoch: 127, Loss: 0.2460, Train: 89.34%, Valid: 67.39%, Test In: 67.89% Test OOD1: 61.39% Test OOD2: 51.67% Test OOD3: 60.80% 
Epoch: 128, Loss: 0.2416, Train: 89.51%, Valid: 67.55%, Test In: 68.13% Test OOD1: 61.92% Test OOD2: 51.67% Test OOD3: 61.04% 
Epoch: 129, Loss: 0.2447, Train: 89.47%, Valid: 67.34%, Test In: 67.88% Test OOD1: 61.47% Test OOD2: 51.63% Test OOD3: 60.80% 
Epoch: 130, Loss: 0.2346, Train: 89.85%, Valid: 67.43%, Test In: 68.01% Test OOD1: 61.54% Test OOD2: 51.64% Test OOD3: 60.84% 
Epoch: 131, Loss: 0.2249, Train: 90.12%, Valid: 67.51%, Test In: 68.12% Test OOD1: 61.71% Test OOD2: 51.63% Test OOD3: 60.90% 
Epoch: 132, Loss: 0.2303, Train: 90.10%, Valid: 67.32%, Test In: 67.86% Test OOD1: 61.30% Test OOD2: 51.60% Test OOD3: 60.67% 
Epoch: 133, Loss: 0.2315, Train: 90.28%, Valid: 67.48%, Test In: 68.06% Test OOD1: 61.75% Test OOD2: 51.64% Test OOD3: 60.88% 
Epoch: 134, Loss: 0.2264, Train: 90.58%, Valid: 67.49%, Test In: 68.04% Test OOD1: 61.59% Test OOD2: 51.64% Test OOD3: 60.83% 
Epoch: 135, Loss: 0.2211, Train: 90.52%, Valid: 67.43%, Test In: 67.96% Test OOD1: 61.62% Test OOD2: 51.64% Test OOD3: 60.80% 
Epoch: 136, Loss: 0.2167, Train: 90.89%, Valid: 67.54%, Test In: 68.08% Test OOD1: 61.62% Test OOD2: 51.69% Test OOD3: 60.83% 
Epoch: 137, Loss: 0.2140, Train: 91.10%, Valid: 67.51%, Test In: 68.00% Test OOD1: 61.38% Test OOD2: 51.68% Test OOD3: 60.70% 
Epoch: 138, Loss: 0.2152, Train: 91.00%, Valid: 67.54%, Test In: 68.04% Test OOD1: 61.73% Test OOD2: 51.69% Test OOD3: 60.79% 
Epoch: 139, Loss: 0.2193, Train: 91.35%, Valid: 67.64%, Test In: 68.05% Test OOD1: 61.52% Test OOD2: 51.72% Test OOD3: 60.72% 
Epoch: 140, Loss: 0.2184, Train: 91.30%, Valid: 67.64%, Test In: 68.06% Test OOD1: 61.82% Test OOD2: 51.70% Test OOD3: 60.77% 
Epoch: 141, Loss: 0.2116, Train: 91.62%, Valid: 67.61%, Test In: 68.01% Test OOD1: 61.52% Test OOD2: 51.70% Test OOD3: 60.65% 
Epoch: 142, Loss: 0.2040, Train: 91.85%, Valid: 67.66%, Test In: 68.08% Test OOD1: 61.53% Test OOD2: 51.71% Test OOD3: 60.67% 
Epoch: 143, Loss: 0.2015, Train: 91.81%, Valid: 67.59%, Test In: 68.00% Test OOD1: 61.55% Test OOD2: 51.65% Test OOD3: 60.63% 
Epoch: 144, Loss: 0.2018, Train: 92.13%, Valid: 67.69%, Test In: 68.02% Test OOD1: 61.46% Test OOD2: 51.65% Test OOD3: 60.60% 
Epoch: 145, Loss: 0.2041, Train: 92.04%, Valid: 67.65%, Test In: 68.01% Test OOD1: 61.68% Test OOD2: 51.61% Test OOD3: 60.62% 
Epoch: 146, Loss: 0.2075, Train: 92.37%, Valid: 67.64%, Test In: 67.89% Test OOD1: 61.30% Test OOD2: 51.61% Test OOD3: 60.46% 
Epoch: 147, Loss: 0.2093, Train: 92.39%, Valid: 67.74%, Test In: 68.05% Test OOD1: 61.72% Test OOD2: 51.60% Test OOD3: 60.62% 
Epoch: 148, Loss: 0.2100, Train: 92.56%, Valid: 67.68%, Test In: 67.88% Test OOD1: 61.38% Test OOD2: 51.60% Test OOD3: 60.47% 
Epoch: 149, Loss: 0.2011, Train: 92.74%, Valid: 67.84%, Test In: 68.09% Test OOD1: 61.73% Test OOD2: 51.62% Test OOD3: 60.65% 
Epoch: 150, Loss: 0.1927, Train: 92.73%, Valid: 67.72%, Test In: 67.94% Test OOD1: 61.57% Test OOD2: 51.62% Test OOD3: 60.51% 
Epoch: 151, Loss: 0.1903, Train: 93.13%, Valid: 67.79%, Test In: 67.97% Test OOD1: 61.45% Test OOD2: 51.62% Test OOD3: 60.48% 
Epoch: 152, Loss: 0.1950, Train: 92.95%, Valid: 67.68%, Test In: 67.90% Test OOD1: 61.58% Test OOD2: 51.61% Test OOD3: 60.43% 
Epoch: 153, Loss: 0.1993, Train: 93.30%, Valid: 67.78%, Test In: 67.91% Test OOD1: 61.42% Test OOD2: 51.63% Test OOD3: 60.42% 
Epoch: 154, Loss: 0.1964, Train: 93.18%, Valid: 67.77%, Test In: 67.97% Test OOD1: 61.69% Test OOD2: 51.63% Test OOD3: 60.50% 
Epoch: 155, Loss: 0.1885, Train: 93.33%, Valid: 67.77%, Test In: 67.95% Test OOD1: 61.56% Test OOD2: 51.63% Test OOD3: 60.47% 
Epoch: 156, Loss: 0.1814, Train: 93.54%, Valid: 67.82%, Test In: 68.01% Test OOD1: 61.55% Test OOD2: 51.62% Test OOD3: 60.49% 
Epoch: 157, Loss: 0.1812, Train: 93.46%, Valid: 67.73%, Test In: 67.96% Test OOD1: 61.54% Test OOD2: 51.59% Test OOD3: 60.41% 
Epoch: 158, Loss: 0.1855, Train: 93.82%, Valid: 67.81%, Test In: 68.00% Test OOD1: 61.42% Test OOD2: 51.61% Test OOD3: 60.42% 
Epoch: 159, Loss: 0.1897, Train: 93.61%, Valid: 67.73%, Test In: 67.98% Test OOD1: 61.56% Test OOD2: 51.61% Test OOD3: 60.38% 
Epoch: 160, Loss: 0.1908, Train: 93.97%, Valid: 67.86%, Test In: 68.03% Test OOD1: 61.49% Test OOD2: 51.63% Test OOD3: 60.43% 
Epoch: 161, Loss: 0.1864, Train: 93.86%, Valid: 67.76%, Test In: 67.95% Test OOD1: 61.49% Test OOD2: 51.63% Test OOD3: 60.34% 
Epoch: 162, Loss: 0.1785, Train: 94.11%, Valid: 67.85%, Test In: 68.00% Test OOD1: 61.52% Test OOD2: 51.62% Test OOD3: 60.38% 
Epoch: 163, Loss: 0.1724, Train: 94.16%, Valid: 67.84%, Test In: 67.98% Test OOD1: 61.45% Test OOD2: 51.62% Test OOD3: 60.34% 
Epoch: 164, Loss: 0.1713, Train: 94.10%, Valid: 67.81%, Test In: 67.96% Test OOD1: 61.58% Test OOD2: 51.59% Test OOD3: 60.34% 
Epoch: 165, Loss: 0.1748, Train: 94.37%, Valid: 67.88%, Test In: 68.00% Test OOD1: 61.47% Test OOD2: 51.61% Test OOD3: 60.36% 
Epoch: 166, Loss: 0.1792, Train: 94.26%, Valid: 67.78%, Test In: 67.96% Test OOD1: 61.53% Test OOD2: 51.59% Test OOD3: 60.29% 
Epoch: 167, Loss: 0.1817, Train: 94.60%, Valid: 67.85%, Test In: 67.94% Test OOD1: 61.36% Test OOD2: 51.62% Test OOD3: 60.28% 
Epoch: 168, Loss: 0.1805, Train: 94.52%, Valid: 67.85%, Test In: 68.00% Test OOD1: 61.59% Test OOD2: 51.65% Test OOD3: 60.34% 
Epoch: 169, Loss: 0.1771, Train: 94.65%, Valid: 67.87%, Test In: 67.92% Test OOD1: 61.51% Test OOD2: 51.66% Test OOD3: 60.32% 
Epoch: 170, Loss: 0.1707, Train: 94.78%, Valid: 67.94%, Test In: 68.06% Test OOD1: 61.59% Test OOD2: 51.71% Test OOD3: 60.40% 
Epoch: 171, Loss: 0.1657, Train: 94.78%, Valid: 67.86%, Test In: 67.95% Test OOD1: 61.52% Test OOD2: 51.68% Test OOD3: 60.30% 
Epoch: 172, Loss: 0.1647, Train: 95.05%, Valid: 67.92%, Test In: 68.03% Test OOD1: 61.41% Test OOD2: 51.72% Test OOD3: 60.31% 
Epoch: 173, Loss: 0.1672, Train: 94.90%, Valid: 67.83%, Test In: 67.96% Test OOD1: 61.47% Test OOD2: 51.68% Test OOD3: 60.23% 
Epoch: 174, Loss: 0.1706, Train: 95.12%, Valid: 67.94%, Test In: 67.98% Test OOD1: 61.47% Test OOD2: 51.70% Test OOD3: 60.29% 
Epoch: 175, Loss: 0.1732, Train: 95.03%, Valid: 67.91%, Test In: 68.01% Test OOD1: 61.59% Test OOD2: 51.69% Test OOD3: 60.28% 
Epoch: 176, Loss: 0.1730, Train: 95.19%, Valid: 67.93%, Test In: 67.90% Test OOD1: 61.46% Test OOD2: 51.70% Test OOD3: 60.22% 
Epoch: 177, Loss: 0.1681, Train: 95.26%, Valid: 68.01%, Test In: 68.09% Test OOD1: 61.62% Test OOD2: 51.71% Test OOD3: 60.35% 
Epoch: 178, Loss: 0.1622, Train: 95.28%, Valid: 67.94%, Test In: 67.95% Test OOD1: 61.49% Test OOD2: 51.71% Test OOD3: 60.23% 
Epoch: 179, Loss: 0.1565, Train: 95.49%, Valid: 67.98%, Test In: 68.02% Test OOD1: 61.48% Test OOD2: 51.71% Test OOD3: 60.26% 
Epoch: 180, Loss: 0.1545, Train: 95.50%, Valid: 67.90%, Test In: 67.96% Test OOD1: 61.42% Test OOD2: 51.69% Test OOD3: 60.17% 
Epoch: 181, Loss: 0.1559, Train: 95.63%, Valid: 67.90%, Test In: 67.87% Test OOD1: 61.35% Test OOD2: 51.69% Test OOD3: 60.13% 
Epoch: 182, Loss: 0.1598, Train: 95.66%, Valid: 67.95%, Test In: 68.01% Test OOD1: 61.50% Test OOD2: 51.68% Test OOD3: 60.23% 
Epoch: 183, Loss: 0.1645, Train: 95.66%, Valid: 67.95%, Test In: 67.86% Test OOD1: 61.40% Test OOD2: 51.70% Test OOD3: 60.16% 
Epoch: 184, Loss: 0.1652, Train: 95.78%, Valid: 68.04%, Test In: 68.09% Test OOD1: 61.54% Test OOD2: 51.71% Test OOD3: 60.31% 
Epoch: 185, Loss: 0.1616, Train: 95.78%, Valid: 67.97%, Test In: 67.94% Test OOD1: 61.39% Test OOD2: 51.71% Test OOD3: 60.17% 
Epoch: 186, Loss: 0.1545, Train: 95.95%, Valid: 68.04%, Test In: 68.06% Test OOD1: 61.45% Test OOD2: 51.72% Test OOD3: 60.26% 
Epoch: 187, Loss: 0.1497, Train: 95.90%, Valid: 67.95%, Test In: 67.96% Test OOD1: 61.40% Test OOD2: 51.69% Test OOD3: 60.13% 
Epoch: 188, Loss: 0.1481, Train: 96.01%, Valid: 67.98%, Test In: 67.93% Test OOD1: 61.43% Test OOD2: 51.69% Test OOD3: 60.12% 
Epoch: 189, Loss: 0.1500, Train: 96.02%, Valid: 67.97%, Test In: 68.01% Test OOD1: 61.46% Test OOD2: 51.67% Test OOD3: 60.11% 
Epoch: 190, Loss: 0.1547, Train: 96.04%, Valid: 67.95%, Test In: 67.85% Test OOD1: 61.35% Test OOD2: 51.68% Test OOD3: 60.02% 
Epoch: 191, Loss: 0.1580, Train: 96.13%, Valid: 68.04%, Test In: 68.07% Test OOD1: 61.50% Test OOD2: 51.69% Test OOD3: 60.17% 
Epoch: 192, Loss: 0.1567, Train: 96.17%, Valid: 68.00%, Test In: 67.91% Test OOD1: 61.37% Test OOD2: 51.72% Test OOD3: 60.08% 
Epoch: 193, Loss: 0.1485, Train: 96.29%, Valid: 68.02%, Test In: 68.01% Test OOD1: 61.41% Test OOD2: 51.73% Test OOD3: 60.13% 
Epoch: 194, Loss: 0.1408, Train: 96.38%, Valid: 67.99%, Test In: 67.97% Test OOD1: 61.39% Test OOD2: 51.73% Test OOD3: 60.10% 
Epoch: 195, Loss: 0.1382, Train: 96.41%, Valid: 67.96%, Test In: 67.89% Test OOD1: 61.33% Test OOD2: 51.74% Test OOD3: 60.03% 
Epoch: 196, Loss: 0.1409, Train: 96.51%, Valid: 68.00%, Test In: 68.00% Test OOD1: 61.39% Test OOD2: 51.73% Test OOD3: 60.06% 
Epoch: 197, Loss: 0.1463, Train: 96.48%, Valid: 67.97%, Test In: 67.84% Test OOD1: 61.28% Test OOD2: 51.74% Test OOD3: 59.95% 
Epoch: 198, Loss: 0.1510, Train: 96.56%, Valid: 68.06%, Test In: 68.05% Test OOD1: 61.41% Test OOD2: 51.74% Test OOD3: 60.10% 
Epoch: 199, Loss: 0.1541, Train: 96.54%, Valid: 68.03%, Test In: 67.87% Test OOD1: 61.32% Test OOD2: 51.77% Test OOD3: 60.01% 
Run 01:
Highest Train: 96.56
Highest Valid: 68.06
Highest In Test: 68.73
Highest OOD Test: 65.89
Highest OOD Test: 53.90
Highest OOD Test: 63.16
Chosen epoch: 199
Final Train: 96.56
Final In Test: 68.05
Final OOD Test: 61.41
Final OOD Test: 51.74
Final OOD Test: 60.10
Epoch: 00, Loss: 0.7625, Train: 42.19%, Valid: 42.66%, Test In: 43.54% Test OOD1: 41.49% Test OOD2: 50.36% Test OOD3: 46.11% 
Epoch: 01, Loss: 0.7579, Train: 41.58%, Valid: 41.91%, Test In: 42.97% Test OOD1: 40.93% Test OOD2: 50.32% Test OOD3: 45.45% 
Epoch: 02, Loss: 0.7516, Train: 41.23%, Valid: 41.56%, Test In: 42.68% Test OOD1: 40.65% Test OOD2: 50.22% Test OOD3: 45.15% 
Epoch: 03, Loss: 0.7427, Train: 40.99%, Valid: 41.35%, Test In: 42.48% Test OOD1: 40.46% Test OOD2: 50.16% Test OOD3: 44.93% 
Epoch: 04, Loss: 0.7310, Train: 40.88%, Valid: 41.27%, Test In: 42.40% Test OOD1: 40.37% Test OOD2: 50.14% Test OOD3: 44.81% 
Epoch: 05, Loss: 0.7188, Train: 40.95%, Valid: 41.32%, Test In: 42.46% Test OOD1: 40.39% Test OOD2: 50.13% Test OOD3: 44.82% 
Epoch: 06, Loss: 0.7109, Train: 41.37%, Valid: 41.64%, Test In: 42.83% Test OOD1: 40.56% Test OOD2: 50.16% Test OOD3: 45.05% 
Epoch: 07, Loss: 0.7109, Train: 42.48%, Valid: 42.47%, Test In: 43.74% Test OOD1: 41.02% Test OOD2: 50.29% Test OOD3: 45.60% 
Epoch: 08, Loss: 0.7105, Train: 45.40%, Valid: 44.69%, Test In: 46.15% Test OOD1: 42.26% Test OOD2: 50.60% Test OOD3: 46.92% 
Epoch: 09, Loss: 0.7053, Train: 54.73%, Valid: 52.01%, Test In: 53.84% Test OOD1: 46.63% Test OOD2: 51.68% Test OOD3: 51.23% 
Epoch: 10, Loss: 0.6983, Train: 69.09%, Valid: 64.55%, Test In: 66.08% Test OOD1: 60.26% Test OOD2: 52.96% Test OOD3: 60.64% 
Epoch: 11, Loss: 0.6929, Train: 68.07%, Valid: 64.58%, Test In: 65.20% Test OOD1: 63.56% Test OOD2: 51.79% Test OOD3: 60.66% 
Epoch: 12, Loss: 0.6899, Train: 66.09%, Valid: 63.41%, Test In: 63.46% Test OOD1: 62.98% Test OOD2: 51.43% Test OOD3: 59.84% 
Epoch: 13, Loss: 0.6877, Train: 65.28%, Valid: 62.89%, Test In: 62.75% Test OOD1: 62.72% Test OOD2: 51.28% Test OOD3: 59.48% 
Epoch: 14, Loss: 0.6846, Train: 64.87%, Valid: 62.63%, Test In: 62.40% Test OOD1: 62.57% Test OOD2: 51.19% Test OOD3: 59.29% 
Epoch: 15, Loss: 0.6804, Train: 64.68%, Valid: 62.52%, Test In: 62.24% Test OOD1: 62.51% Test OOD2: 51.17% Test OOD3: 59.22% 
Epoch: 16, Loss: 0.6759, Train: 64.68%, Valid: 62.51%, Test In: 62.21% Test OOD1: 62.52% Test OOD2: 51.18% Test OOD3: 59.25% 
Epoch: 17, Loss: 0.6721, Train: 64.83%, Valid: 62.59%, Test In: 62.31% Test OOD1: 62.61% Test OOD2: 51.22% Test OOD3: 59.36% 
Epoch: 18, Loss: 0.6690, Train: 65.11%, Valid: 62.76%, Test In: 62.51% Test OOD1: 62.74% Test OOD2: 51.28% Test OOD3: 59.51% 
Epoch: 19, Loss: 0.6664, Train: 65.47%, Valid: 62.99%, Test In: 62.79% Test OOD1: 62.91% Test OOD2: 51.35% Test OOD3: 59.69% 
Epoch: 20, Loss: 0.6633, Train: 65.86%, Valid: 63.28%, Test In: 63.10% Test OOD1: 63.12% Test OOD2: 51.40% Test OOD3: 59.89% 
Epoch: 21, Loss: 0.6586, Train: 66.42%, Valid: 63.69%, Test In: 63.56% Test OOD1: 63.43% Test OOD2: 51.50% Test OOD3: 60.20% 
Epoch: 22, Loss: 0.6532, Train: 67.33%, Valid: 64.34%, Test In: 64.30% Test OOD1: 63.91% Test OOD2: 51.70% Test OOD3: 60.67% 
Epoch: 23, Loss: 0.6471, Train: 68.41%, Valid: 65.11%, Test In: 65.19% Test OOD1: 64.47% Test OOD2: 51.98% Test OOD3: 61.22% 
Epoch: 24, Loss: 0.6413, Train: 69.24%, Valid: 65.74%, Test In: 65.89% Test OOD1: 64.97% Test OOD2: 52.14% Test OOD3: 61.71% 
Epoch: 25, Loss: 0.6356, Train: 70.57%, Valid: 66.65%, Test In: 66.96% Test OOD1: 65.50% Test OOD2: 52.51% Test OOD3: 62.32% 
Epoch: 26, Loss: 0.6293, Train: 71.40%, Valid: 67.22%, Test In: 67.64% Test OOD1: 65.85% Test OOD2: 52.69% Test OOD3: 62.76% 
Epoch: 27, Loss: 0.6227, Train: 72.27%, Valid: 67.77%, Test In: 68.30% Test OOD1: 66.02% Test OOD2: 52.93% Test OOD3: 63.12% 
Epoch: 28, Loss: 0.6160, Train: 73.00%, Valid: 68.20%, Test In: 68.81% Test OOD1: 65.98% Test OOD2: 53.18% Test OOD3: 63.36% 
Epoch: 29, Loss: 0.6099, Train: 73.14%, Valid: 68.30%, Test In: 68.94% Test OOD1: 66.37% Test OOD2: 53.13% Test OOD3: 63.45% 
Epoch: 30, Loss: 0.6087, Train: 73.57%, Valid: 68.25%, Test In: 68.98% Test OOD1: 65.05% Test OOD2: 53.66% Test OOD3: 63.26% 
Epoch: 31, Loss: 0.6114, Train: 73.68%, Valid: 68.44%, Test In: 69.12% Test OOD1: 65.95% Test OOD2: 53.48% Test OOD3: 63.35% 
Epoch: 32, Loss: 0.5951, Train: 73.37%, Valid: 68.13%, Test In: 68.80% Test OOD1: 66.21% Test OOD2: 53.38% Test OOD3: 63.18% 
Epoch: 33, Loss: 0.5988, Train: 73.86%, Valid: 68.47%, Test In: 69.06% Test OOD1: 65.77% Test OOD2: 53.58% Test OOD3: 63.14% 
Epoch: 34, Loss: 0.5870, Train: 73.33%, Valid: 67.61%, Test In: 68.22% Test OOD1: 64.72% Test OOD2: 53.81% Test OOD3: 62.48% 
Epoch: 35, Loss: 0.5930, Train: 73.90%, Valid: 68.14%, Test In: 68.64% Test OOD1: 65.08% Test OOD2: 53.71% Test OOD3: 62.70% 
Epoch: 36, Loss: 0.5808, Train: 74.00%, Valid: 68.28%, Test In: 68.76% Test OOD1: 65.75% Test OOD2: 53.49% Test OOD3: 62.85% 
Epoch: 37, Loss: 0.5800, Train: 73.56%, Valid: 67.70%, Test In: 68.29% Test OOD1: 65.61% Test OOD2: 53.44% Test OOD3: 62.57% 
Epoch: 38, Loss: 0.5756, Train: 73.32%, Valid: 67.27%, Test In: 67.93% Test OOD1: 65.06% Test OOD2: 53.50% Test OOD3: 62.29% 
Epoch: 39, Loss: 0.5724, Train: 74.08%, Valid: 67.66%, Test In: 68.27% Test OOD1: 64.91% Test OOD2: 53.58% Test OOD3: 62.38% 
Epoch: 40, Loss: 0.5680, Train: 74.29%, Valid: 67.66%, Test In: 68.32% Test OOD1: 64.90% Test OOD2: 53.59% Test OOD3: 62.40% 
Epoch: 41, Loss: 0.5667, Train: 73.68%, Valid: 67.06%, Test In: 67.85% Test OOD1: 64.86% Test OOD2: 53.43% Test OOD3: 62.12% 
Epoch: 42, Loss: 0.5584, Train: 73.46%, Valid: 66.76%, Test In: 67.63% Test OOD1: 64.83% Test OOD2: 53.36% Test OOD3: 62.01% 
Epoch: 43, Loss: 0.5584, Train: 74.19%, Valid: 67.21%, Test In: 68.08% Test OOD1: 64.99% Test OOD2: 53.42% Test OOD3: 62.22% 
Epoch: 44, Loss: 0.5550, Train: 74.19%, Valid: 66.95%, Test In: 67.87% Test OOD1: 64.56% Test OOD2: 53.44% Test OOD3: 61.96% 
Epoch: 45, Loss: 0.5478, Train: 73.43%, Valid: 66.27%, Test In: 67.20% Test OOD1: 63.98% Test OOD2: 53.40% Test OOD3: 61.52% 
Epoch: 46, Loss: 0.5515, Train: 74.38%, Valid: 66.86%, Test In: 67.80% Test OOD1: 64.56% Test OOD2: 53.36% Test OOD3: 61.90% 
Epoch: 47, Loss: 0.5412, Train: 74.32%, Valid: 66.75%, Test In: 67.69% Test OOD1: 64.75% Test OOD2: 53.25% Test OOD3: 61.91% 
Epoch: 48, Loss: 0.5383, Train: 73.61%, Valid: 66.16%, Test In: 67.12% Test OOD1: 64.36% Test OOD2: 53.16% Test OOD3: 61.58% 
Epoch: 49, Loss: 0.5374, Train: 74.33%, Valid: 66.50%, Test In: 67.44% Test OOD1: 64.44% Test OOD2: 53.19% Test OOD3: 61.67% 
Epoch: 50, Loss: 0.5280, Train: 74.89%, Valid: 66.77%, Test In: 67.65% Test OOD1: 64.40% Test OOD2: 53.23% Test OOD3: 61.77% 
Epoch: 51, Loss: 0.5290, Train: 74.29%, Valid: 66.23%, Test In: 67.19% Test OOD1: 64.05% Test OOD2: 53.12% Test OOD3: 61.43% 
Epoch: 52, Loss: 0.5210, Train: 74.38%, Valid: 66.19%, Test In: 67.18% Test OOD1: 64.09% Test OOD2: 53.05% Test OOD3: 61.42% 
Epoch: 53, Loss: 0.5165, Train: 75.15%, Valid: 66.65%, Test In: 67.54% Test OOD1: 64.37% Test OOD2: 53.07% Test OOD3: 61.65% 
Epoch: 54, Loss: 0.5149, Train: 75.01%, Valid: 66.34%, Test In: 67.29% Test OOD1: 63.93% Test OOD2: 53.01% Test OOD3: 61.37% 
Epoch: 55, Loss: 0.5055, Train: 74.73%, Valid: 66.09%, Test In: 67.09% Test OOD1: 63.54% Test OOD2: 52.98% Test OOD3: 61.19% 
Epoch: 56, Loss: 0.5065, Train: 75.95%, Valid: 66.86%, Test In: 67.64% Test OOD1: 64.13% Test OOD2: 53.01% Test OOD3: 61.65% 
Epoch: 57, Loss: 0.5073, Train: 75.80%, Valid: 66.58%, Test In: 67.56% Test OOD1: 64.03% Test OOD2: 52.89% Test OOD3: 61.48% 
Epoch: 58, Loss: 0.4938, Train: 74.97%, Valid: 66.03%, Test In: 67.02% Test OOD1: 63.33% Test OOD2: 52.92% Test OOD3: 61.17% 
Epoch: 59, Loss: 0.5010, Train: 76.69%, Valid: 66.89%, Test In: 67.72% Test OOD1: 63.78% Test OOD2: 53.02% Test OOD3: 61.56% 
Epoch: 60, Loss: 0.4904, Train: 76.93%, Valid: 67.13%, Test In: 68.01% Test OOD1: 64.00% Test OOD2: 53.05% Test OOD3: 61.67% 
Epoch: 61, Loss: 0.4912, Train: 76.09%, Valid: 66.30%, Test In: 67.29% Test OOD1: 63.41% Test OOD2: 52.83% Test OOD3: 61.24% 
Epoch: 62, Loss: 0.4817, Train: 76.18%, Valid: 66.29%, Test In: 67.32% Test OOD1: 63.28% Test OOD2: 52.88% Test OOD3: 61.20% 
Epoch: 63, Loss: 0.4745, Train: 77.36%, Valid: 66.96%, Test In: 67.87% Test OOD1: 63.63% Test OOD2: 53.00% Test OOD3: 61.47% 
Epoch: 64, Loss: 0.4731, Train: 77.33%, Valid: 66.78%, Test In: 67.60% Test OOD1: 63.57% Test OOD2: 52.83% Test OOD3: 61.42% 
Epoch: 65, Loss: 0.4761, Train: 76.75%, Valid: 66.42%, Test In: 67.44% Test OOD1: 63.35% Test OOD2: 52.80% Test OOD3: 61.23% 
Epoch: 66, Loss: 0.4626, Train: 76.86%, Valid: 66.33%, Test In: 67.32% Test OOD1: 63.08% Test OOD2: 52.77% Test OOD3: 61.14% 
Epoch: 67, Loss: 0.4594, Train: 77.85%, Valid: 66.75%, Test In: 67.64% Test OOD1: 63.38% Test OOD2: 52.72% Test OOD3: 61.34% 
Epoch: 68, Loss: 0.4606, Train: 78.04%, Valid: 66.87%, Test In: 67.88% Test OOD1: 63.51% Test OOD2: 52.74% Test OOD3: 61.39% 
Epoch: 69, Loss: 0.4563, Train: 77.47%, Valid: 66.33%, Test In: 67.33% Test OOD1: 62.84% Test OOD2: 52.58% Test OOD3: 61.11% 
Epoch: 70, Loss: 0.4502, Train: 77.92%, Valid: 66.50%, Test In: 67.52% Test OOD1: 63.04% Test OOD2: 52.55% Test OOD3: 61.21% 
Epoch: 71, Loss: 0.4407, Train: 78.63%, Valid: 66.86%, Test In: 67.89% Test OOD1: 63.27% Test OOD2: 52.56% Test OOD3: 61.38% 
Epoch: 72, Loss: 0.4420, Train: 78.46%, Valid: 66.64%, Test In: 67.60% Test OOD1: 62.90% Test OOD2: 52.38% Test OOD3: 61.25% 
Epoch: 73, Loss: 0.4437, Train: 77.57%, Valid: 66.60%, Test In: 67.60% Test OOD1: 62.96% Test OOD2: 52.41% Test OOD3: 61.27% 
Epoch: 74, Loss: 0.4531, Train: 79.22%, Valid: 66.95%, Test In: 67.94% Test OOD1: 62.94% Test OOD2: 52.38% Test OOD3: 61.36% 
Epoch: 75, Loss: 0.4310, Train: 78.91%, Valid: 66.73%, Test In: 67.69% Test OOD1: 62.86% Test OOD2: 52.14% Test OOD3: 61.26% 
Epoch: 76, Loss: 0.4487, Train: 78.42%, Valid: 66.68%, Test In: 67.69% Test OOD1: 62.46% Test OOD2: 52.33% Test OOD3: 61.15% 
Epoch: 77, Loss: 0.4395, Train: 79.23%, Valid: 67.09%, Test In: 68.12% Test OOD1: 63.03% Test OOD2: 52.21% Test OOD3: 61.35% 
Epoch: 78, Loss: 0.4331, Train: 79.84%, Valid: 66.91%, Test In: 67.92% Test OOD1: 62.48% Test OOD2: 52.13% Test OOD3: 61.12% 
Epoch: 79, Loss: 0.4297, Train: 79.23%, Valid: 66.74%, Test In: 67.74% Test OOD1: 62.69% Test OOD2: 52.05% Test OOD3: 61.11% 
Epoch: 80, Loss: 0.4262, Train: 79.87%, Valid: 67.07%, Test In: 68.07% Test OOD1: 62.44% Test OOD2: 52.23% Test OOD3: 61.14% 
Epoch: 81, Loss: 0.4211, Train: 80.11%, Valid: 67.26%, Test In: 68.23% Test OOD1: 62.98% Test OOD2: 52.11% Test OOD3: 61.32% 
Epoch: 82, Loss: 0.4181, Train: 80.03%, Valid: 66.95%, Test In: 67.95% Test OOD1: 62.46% Test OOD2: 52.06% Test OOD3: 61.07% 
Epoch: 83, Loss: 0.4098, Train: 80.44%, Valid: 67.04%, Test In: 68.02% Test OOD1: 62.40% Test OOD2: 52.04% Test OOD3: 61.07% 
Epoch: 84, Loss: 0.4063, Train: 80.61%, Valid: 67.29%, Test In: 68.25% Test OOD1: 62.78% Test OOD2: 52.05% Test OOD3: 61.23% 
Epoch: 85, Loss: 0.4077, Train: 80.58%, Valid: 67.13%, Test In: 68.08% Test OOD1: 62.17% Test OOD2: 52.10% Test OOD3: 61.02% 
Epoch: 86, Loss: 0.4069, Train: 80.96%, Valid: 67.25%, Test In: 68.16% Test OOD1: 62.80% Test OOD2: 51.90% Test OOD3: 61.20% 
Epoch: 87, Loss: 0.4060, Train: 81.05%, Valid: 67.23%, Test In: 68.14% Test OOD1: 62.31% Test OOD2: 51.99% Test OOD3: 61.07% 
Epoch: 88, Loss: 0.3935, Train: 81.28%, Valid: 67.45%, Test In: 68.34% Test OOD1: 62.53% Test OOD2: 51.98% Test OOD3: 61.18% 
Epoch: 89, Loss: 0.3902, Train: 81.50%, Valid: 67.47%, Test In: 68.34% Test OOD1: 62.56% Test OOD2: 51.91% Test OOD3: 61.17% 
Epoch: 90, Loss: 0.3852, Train: 81.52%, Valid: 67.40%, Test In: 68.21% Test OOD1: 62.11% Test OOD2: 51.89% Test OOD3: 61.00% 
Epoch: 91, Loss: 0.3895, Train: 81.95%, Valid: 67.75%, Test In: 68.52% Test OOD1: 62.87% Test OOD2: 51.92% Test OOD3: 61.25% 
Epoch: 92, Loss: 0.3963, Train: 81.70%, Valid: 67.53%, Test In: 68.20% Test OOD1: 62.00% Test OOD2: 51.92% Test OOD3: 60.92% 
Epoch: 93, Loss: 0.3844, Train: 82.16%, Valid: 67.64%, Test In: 68.32% Test OOD1: 62.67% Test OOD2: 51.80% Test OOD3: 61.12% 
Epoch: 94, Loss: 0.3987, Train: 82.07%, Valid: 67.79%, Test In: 68.40% Test OOD1: 62.31% Test OOD2: 51.93% Test OOD3: 61.05% 
Epoch: 95, Loss: 0.3744, Train: 82.28%, Valid: 67.87%, Test In: 68.40% Test OOD1: 62.17% Test OOD2: 51.95% Test OOD3: 61.04% 
Epoch: 96, Loss: 0.3740, Train: 82.88%, Valid: 67.90%, Test In: 68.42% Test OOD1: 62.61% Test OOD2: 51.83% Test OOD3: 61.18% 
Epoch: 97, Loss: 0.3742, Train: 82.80%, Valid: 67.81%, Test In: 68.29% Test OOD1: 61.91% Test OOD2: 51.83% Test OOD3: 60.97% 
Epoch: 98, Loss: 0.3658, Train: 82.89%, Valid: 68.00%, Test In: 68.47% Test OOD1: 62.64% Test OOD2: 51.85% Test OOD3: 61.25% 
Epoch: 99, Loss: 0.3656, Train: 83.52%, Valid: 68.05%, Test In: 68.52% Test OOD1: 62.27% Test OOD2: 51.87% Test OOD3: 61.16% 
Epoch: 100, Loss: 0.3541, Train: 83.13%, Valid: 67.88%, Test In: 68.35% Test OOD1: 62.23% Test OOD2: 51.73% Test OOD3: 61.08% 
Epoch: 101, Loss: 0.3530, Train: 84.14%, Valid: 68.16%, Test In: 68.63% Test OOD1: 62.72% Test OOD2: 51.85% Test OOD3: 61.28% 
Epoch: 102, Loss: 0.3504, Train: 83.43%, Valid: 67.85%, Test In: 68.39% Test OOD1: 61.89% Test OOD2: 51.88% Test OOD3: 60.91% 
Epoch: 103, Loss: 0.3542, Train: 84.39%, Valid: 68.13%, Test In: 68.67% Test OOD1: 62.83% Test OOD2: 51.82% Test OOD3: 61.29% 
Epoch: 104, Loss: 0.3575, Train: 84.29%, Valid: 68.01%, Test In: 68.62% Test OOD1: 62.08% Test OOD2: 51.82% Test OOD3: 61.02% 
Epoch: 105, Loss: 0.3344, Train: 83.94%, Valid: 67.96%, Test In: 68.61% Test OOD1: 62.44% Test OOD2: 51.89% Test OOD3: 61.11% 
Epoch: 106, Loss: 0.3341, Train: 85.03%, Valid: 68.29%, Test In: 68.81% Test OOD1: 62.86% Test OOD2: 51.87% Test OOD3: 61.32% 
Epoch: 107, Loss: 0.3317, Train: 84.85%, Valid: 68.12%, Test In: 68.68% Test OOD1: 62.44% Test OOD2: 51.83% Test OOD3: 61.13% 
Epoch: 108, Loss: 0.3176, Train: 84.00%, Valid: 67.91%, Test In: 68.42% Test OOD1: 62.47% Test OOD2: 51.94% Test OOD3: 61.05% 
Epoch: 109, Loss: 0.3417, Train: 85.86%, Valid: 68.36%, Test In: 68.76% Test OOD1: 62.59% Test OOD2: 51.85% Test OOD3: 61.13% 
Epoch: 110, Loss: 0.3276, Train: 85.04%, Valid: 68.18%, Test In: 68.54% Test OOD1: 62.54% Test OOD2: 51.70% Test OOD3: 61.09% 
Epoch: 111, Loss: 0.3332, Train: 84.61%, Valid: 68.03%, Test In: 68.45% Test OOD1: 62.03% Test OOD2: 51.89% Test OOD3: 60.91% 
Epoch: 112, Loss: 0.3352, Train: 85.71%, Valid: 68.38%, Test In: 68.75% Test OOD1: 62.55% Test OOD2: 51.81% Test OOD3: 61.16% 
Epoch: 113, Loss: 0.3068, Train: 85.94%, Valid: 68.27%, Test In: 68.58% Test OOD1: 62.43% Test OOD2: 51.76% Test OOD3: 61.05% 
Epoch: 114, Loss: 0.3122, Train: 85.89%, Valid: 68.07%, Test In: 68.42% Test OOD1: 62.15% Test OOD2: 51.80% Test OOD3: 60.90% 
Epoch: 115, Loss: 0.2933, Train: 85.42%, Valid: 67.99%, Test In: 68.38% Test OOD1: 62.62% Test OOD2: 51.78% Test OOD3: 61.08% 
Epoch: 116, Loss: 0.3094, Train: 86.67%, Valid: 68.27%, Test In: 68.58% Test OOD1: 62.51% Test OOD2: 51.76% Test OOD3: 61.06% 
Epoch: 117, Loss: 0.3005, Train: 86.55%, Valid: 68.19%, Test In: 68.45% Test OOD1: 62.62% Test OOD2: 51.62% Test OOD3: 61.10% 
Epoch: 118, Loss: 0.2934, Train: 86.56%, Valid: 68.08%, Test In: 68.36% Test OOD1: 62.06% Test OOD2: 51.67% Test OOD3: 60.91% 
Epoch: 119, Loss: 0.2768, Train: 86.80%, Valid: 68.12%, Test In: 68.44% Test OOD1: 62.15% Test OOD2: 51.72% Test OOD3: 60.95% 
Epoch: 120, Loss: 0.2758, Train: 87.22%, Valid: 68.24%, Test In: 68.58% Test OOD1: 62.70% Test OOD2: 51.66% Test OOD3: 61.13% 
Epoch: 121, Loss: 0.2802, Train: 87.52%, Valid: 68.21%, Test In: 68.45% Test OOD1: 62.28% Test OOD2: 51.67% Test OOD3: 60.90% 
Epoch: 122, Loss: 0.2730, Train: 87.23%, Valid: 68.04%, Test In: 68.28% Test OOD1: 62.30% Test OOD2: 51.65% Test OOD3: 60.87% 
Epoch: 123, Loss: 0.2632, Train: 87.67%, Valid: 68.06%, Test In: 68.33% Test OOD1: 62.30% Test OOD2: 51.64% Test OOD3: 60.90% 
Epoch: 124, Loss: 0.2576, Train: 88.36%, Valid: 68.18%, Test In: 68.45% Test OOD1: 62.25% Test OOD2: 51.61% Test OOD3: 60.89% 
Epoch: 125, Loss: 0.2584, Train: 88.07%, Valid: 68.08%, Test In: 68.30% Test OOD1: 62.34% Test OOD2: 51.56% Test OOD3: 60.92% 
Epoch: 126, Loss: 0.2615, Train: 88.35%, Valid: 68.08%, Test In: 68.27% Test OOD1: 62.05% Test OOD2: 51.63% Test OOD3: 60.79% 
Epoch: 127, Loss: 0.2501, Train: 88.66%, Valid: 68.18%, Test In: 68.38% Test OOD1: 62.21% Test OOD2: 51.61% Test OOD3: 60.90% 
Epoch: 128, Loss: 0.2417, Train: 89.13%, Valid: 68.23%, Test In: 68.42% Test OOD1: 62.07% Test OOD2: 51.62% Test OOD3: 60.84% 
Epoch: 129, Loss: 0.2374, Train: 89.30%, Valid: 68.18%, Test In: 68.33% Test OOD1: 61.86% Test OOD2: 51.67% Test OOD3: 60.74% 
Epoch: 130, Loss: 0.2367, Train: 89.19%, Valid: 68.20%, Test In: 68.35% Test OOD1: 62.26% Test OOD2: 51.63% Test OOD3: 60.91% 
Epoch: 131, Loss: 0.2430, Train: 89.71%, Valid: 68.23%, Test In: 68.33% Test OOD1: 62.00% Test OOD2: 51.66% Test OOD3: 60.79% 
Epoch: 132, Loss: 0.2322, Train: 89.76%, Valid: 68.26%, Test In: 68.42% Test OOD1: 62.12% Test OOD2: 51.67% Test OOD3: 60.89% 
Epoch: 133, Loss: 0.2312, Train: 90.20%, Valid: 68.30%, Test In: 68.45% Test OOD1: 61.97% Test OOD2: 51.69% Test OOD3: 60.85% 
Epoch: 134, Loss: 0.2210, Train: 90.39%, Valid: 68.25%, Test In: 68.42% Test OOD1: 61.86% Test OOD2: 51.73% Test OOD3: 60.80% 
Epoch: 135, Loss: 0.2145, Train: 90.42%, Valid: 68.18%, Test In: 68.41% Test OOD1: 61.93% Test OOD2: 51.72% Test OOD3: 60.85% 
Epoch: 136, Loss: 0.2218, Train: 90.87%, Valid: 68.26%, Test In: 68.39% Test OOD1: 61.94% Test OOD2: 51.71% Test OOD3: 60.79% 
Epoch: 137, Loss: 0.2199, Train: 90.87%, Valid: 68.22%, Test In: 68.39% Test OOD1: 62.00% Test OOD2: 51.73% Test OOD3: 60.82% 
Epoch: 138, Loss: 0.2208, Train: 91.18%, Valid: 68.07%, Test In: 68.26% Test OOD1: 61.50% Test OOD2: 51.74% Test OOD3: 60.58% 
Epoch: 139, Loss: 0.2195, Train: 91.36%, Valid: 68.26%, Test In: 68.41% Test OOD1: 62.10% Test OOD2: 51.66% Test OOD3: 60.86% 
Epoch: 140, Loss: 0.2079, Train: 91.58%, Valid: 68.24%, Test In: 68.35% Test OOD1: 61.94% Test OOD2: 51.68% Test OOD3: 60.76% 
Epoch: 141, Loss: 0.1986, Train: 91.78%, Valid: 68.11%, Test In: 68.25% Test OOD1: 61.65% Test OOD2: 51.67% Test OOD3: 60.63% 
Epoch: 142, Loss: 0.1947, Train: 92.07%, Valid: 68.19%, Test In: 68.33% Test OOD1: 61.84% Test OOD2: 51.57% Test OOD3: 60.72% 
Epoch: 143, Loss: 0.1953, Train: 92.28%, Valid: 68.22%, Test In: 68.28% Test OOD1: 61.85% Test OOD2: 51.54% Test OOD3: 60.68% 
Epoch: 144, Loss: 0.2003, Train: 92.17%, Valid: 68.23%, Test In: 68.32% Test OOD1: 62.15% Test OOD2: 51.51% Test OOD3: 60.82% 
Epoch: 145, Loss: 0.2012, Train: 92.55%, Valid: 68.22%, Test In: 68.28% Test OOD1: 61.91% Test OOD2: 51.47% Test OOD3: 60.70% 
Epoch: 146, Loss: 0.1921, Train: 92.78%, Valid: 68.32%, Test In: 68.35% Test OOD1: 62.04% Test OOD2: 51.47% Test OOD3: 60.75% 
Epoch: 147, Loss: 0.1832, Train: 92.98%, Valid: 68.23%, Test In: 68.23% Test OOD1: 61.80% Test OOD2: 51.50% Test OOD3: 60.60% 
Epoch: 148, Loss: 0.1774, Train: 93.17%, Valid: 68.16%, Test In: 68.14% Test OOD1: 61.76% Test OOD2: 51.46% Test OOD3: 60.53% 
Epoch: 149, Loss: 0.1833, Train: 93.22%, Valid: 68.27%, Test In: 68.22% Test OOD1: 62.23% Test OOD2: 51.43% Test OOD3: 60.73% 
Epoch: 150, Loss: 0.1890, Train: 93.48%, Valid: 68.17%, Test In: 68.08% Test OOD1: 61.88% Test OOD2: 51.47% Test OOD3: 60.55% 
Epoch: 151, Loss: 0.1814, Train: 93.62%, Valid: 68.15%, Test In: 68.17% Test OOD1: 61.86% Test OOD2: 51.46% Test OOD3: 60.64% 
Epoch: 152, Loss: 0.1783, Train: 93.93%, Valid: 68.27%, Test In: 68.22% Test OOD1: 61.87% Test OOD2: 51.45% Test OOD3: 60.65% 
Epoch: 153, Loss: 0.1713, Train: 94.01%, Valid: 68.22%, Test In: 68.17% Test OOD1: 61.83% Test OOD2: 51.47% Test OOD3: 60.62% 
Epoch: 154, Loss: 0.1644, Train: 94.04%, Valid: 68.19%, Test In: 68.17% Test OOD1: 61.89% Test OOD2: 51.44% Test OOD3: 60.62% 
Epoch: 155, Loss: 0.1719, Train: 94.33%, Valid: 68.26%, Test In: 68.11% Test OOD1: 61.87% Test OOD2: 51.43% Test OOD3: 60.54% 
Epoch: 156, Loss: 0.1722, Train: 94.43%, Valid: 68.25%, Test In: 68.14% Test OOD1: 61.85% Test OOD2: 51.43% Test OOD3: 60.53% 
Epoch: 157, Loss: 0.1706, Train: 94.57%, Valid: 68.15%, Test In: 68.07% Test OOD1: 61.61% Test OOD2: 51.41% Test OOD3: 60.39% 
Epoch: 158, Loss: 0.1725, Train: 94.63%, Valid: 68.31%, Test In: 68.23% Test OOD1: 62.00% Test OOD2: 51.41% Test OOD3: 60.61% 
Epoch: 159, Loss: 0.1636, Train: 94.83%, Valid: 68.28%, Test In: 68.21% Test OOD1: 61.87% Test OOD2: 51.40% Test OOD3: 60.55% 
Epoch: 160, Loss: 0.1566, Train: 94.96%, Valid: 68.18%, Test In: 68.16% Test OOD1: 61.66% Test OOD2: 51.39% Test OOD3: 60.48% 
Epoch: 161, Loss: 0.1543, Train: 95.12%, Valid: 68.21%, Test In: 68.14% Test OOD1: 61.75% Test OOD2: 51.38% Test OOD3: 60.47% 
Epoch: 162, Loss: 0.1493, Train: 95.22%, Valid: 68.24%, Test In: 68.10% Test OOD1: 61.92% Test OOD2: 51.32% Test OOD3: 60.48% 
Epoch: 163, Loss: 0.1532, Train: 95.26%, Valid: 68.18%, Test In: 68.09% Test OOD1: 61.89% Test OOD2: 51.33% Test OOD3: 60.47% 
Epoch: 164, Loss: 0.1552, Train: 95.48%, Valid: 68.13%, Test In: 68.01% Test OOD1: 61.62% Test OOD2: 51.32% Test OOD3: 60.33% 
Epoch: 165, Loss: 0.1595, Train: 95.54%, Valid: 68.26%, Test In: 68.24% Test OOD1: 61.90% Test OOD2: 51.29% Test OOD3: 60.55% 
Epoch: 166, Loss: 0.1716, Train: 95.69%, Valid: 68.20%, Test In: 68.13% Test OOD1: 61.66% Test OOD2: 51.33% Test OOD3: 60.41% 
Epoch: 167, Loss: 0.1639, Train: 95.59%, Valid: 68.31%, Test In: 68.28% Test OOD1: 62.09% Test OOD2: 51.33% Test OOD3: 60.64% 
Epoch: 168, Loss: 0.1536, Train: 95.87%, Valid: 68.34%, Test In: 68.22% Test OOD1: 62.04% Test OOD2: 51.32% Test OOD3: 60.57% 
Epoch: 169, Loss: 0.1410, Train: 96.09%, Valid: 68.21%, Test In: 68.08% Test OOD1: 61.74% Test OOD2: 51.31% Test OOD3: 60.38% 
Epoch: 170, Loss: 0.1438, Train: 96.04%, Valid: 68.20%, Test In: 68.14% Test OOD1: 61.87% Test OOD2: 51.30% Test OOD3: 60.45% 
Epoch: 171, Loss: 0.1567, Train: 96.18%, Valid: 68.23%, Test In: 68.07% Test OOD1: 61.89% Test OOD2: 51.27% Test OOD3: 60.40% 
Epoch: 172, Loss: 0.1496, Train: 96.31%, Valid: 68.22%, Test In: 68.15% Test OOD1: 61.87% Test OOD2: 51.26% Test OOD3: 60.47% 
Epoch: 173, Loss: 0.1341, Train: 96.33%, Valid: 68.16%, Test In: 68.14% Test OOD1: 61.65% Test OOD2: 51.30% Test OOD3: 60.40% 
Epoch: 174, Loss: 0.1364, Train: 96.52%, Valid: 68.24%, Test In: 68.16% Test OOD1: 61.77% Test OOD2: 51.23% Test OOD3: 60.45% 
Epoch: 175, Loss: 0.1453, Train: 96.42%, Valid: 68.24%, Test In: 68.21% Test OOD1: 61.90% Test OOD2: 51.29% Test OOD3: 60.52% 
Epoch: 176, Loss: 0.1402, Train: 96.45%, Valid: 68.19%, Test In: 68.12% Test OOD1: 61.90% Test OOD2: 51.26% Test OOD3: 60.47% 
Epoch: 177, Loss: 0.1330, Train: 96.66%, Valid: 68.22%, Test In: 68.12% Test OOD1: 61.85% Test OOD2: 51.24% Test OOD3: 60.43% 
Epoch: 178, Loss: 0.1322, Train: 96.77%, Valid: 68.13%, Test In: 68.10% Test OOD1: 61.60% Test OOD2: 51.26% Test OOD3: 60.33% 
Epoch: 179, Loss: 0.1340, Train: 96.78%, Valid: 68.09%, Test In: 68.04% Test OOD1: 61.61% Test OOD2: 51.25% Test OOD3: 60.30% 
Epoch: 180, Loss: 0.1386, Train: 96.76%, Valid: 68.25%, Test In: 68.17% Test OOD1: 62.00% Test OOD2: 51.26% Test OOD3: 60.51% 
Epoch: 181, Loss: 0.1341, Train: 96.88%, Valid: 68.21%, Test In: 68.15% Test OOD1: 62.01% Test OOD2: 51.22% Test OOD3: 60.53% 
Epoch: 182, Loss: 0.1242, Train: 96.90%, Valid: 68.07%, Test In: 68.03% Test OOD1: 61.59% Test OOD2: 51.28% Test OOD3: 60.33% 
Epoch: 183, Loss: 0.1305, Train: 97.07%, Valid: 68.17%, Test In: 68.18% Test OOD1: 61.82% Test OOD2: 51.18% Test OOD3: 60.48% 
Epoch: 184, Loss: 0.1332, Train: 97.07%, Valid: 68.10%, Test In: 68.03% Test OOD1: 61.70% Test OOD2: 51.24% Test OOD3: 60.36% 
Epoch: 185, Loss: 0.1287, Train: 97.03%, Valid: 68.08%, Test In: 68.10% Test OOD1: 61.80% Test OOD2: 51.21% Test OOD3: 60.44% 
Epoch: 186, Loss: 0.1267, Train: 97.17%, Valid: 68.14%, Test In: 68.07% Test OOD1: 61.90% Test OOD2: 51.18% Test OOD3: 60.43% 
Epoch: 187, Loss: 0.1174, Train: 97.24%, Valid: 68.13%, Test In: 68.03% Test OOD1: 61.82% Test OOD2: 51.19% Test OOD3: 60.36% 
Epoch: 188, Loss: 0.1202, Train: 97.25%, Valid: 68.09%, Test In: 68.07% Test OOD1: 61.87% Test OOD2: 51.15% Test OOD3: 60.41% 
Epoch: 189, Loss: 0.1241, Train: 97.26%, Valid: 68.07%, Test In: 67.98% Test OOD1: 61.81% Test OOD2: 51.18% Test OOD3: 60.34% 
Epoch: 190, Loss: 0.1258, Train: 97.38%, Valid: 68.12%, Test In: 68.14% Test OOD1: 61.91% Test OOD2: 51.13% Test OOD3: 60.47% 
Epoch: 191, Loss: 0.1300, Train: 97.49%, Valid: 68.04%, Test In: 67.99% Test OOD1: 61.62% Test OOD2: 51.16% Test OOD3: 60.34% 
Epoch: 192, Loss: 0.1211, Train: 97.51%, Valid: 68.07%, Test In: 68.03% Test OOD1: 61.70% Test OOD2: 51.18% Test OOD3: 60.39% 
Epoch: 193, Loss: 0.1149, Train: 97.59%, Valid: 68.14%, Test In: 68.04% Test OOD1: 62.01% Test OOD2: 51.13% Test OOD3: 60.47% 
Epoch: 194, Loss: 0.1135, Train: 97.60%, Valid: 68.07%, Test In: 67.95% Test OOD1: 61.86% Test OOD2: 51.17% Test OOD3: 60.34% 
Epoch: 195, Loss: 0.1138, Train: 97.68%, Valid: 68.04%, Test In: 68.04% Test OOD1: 61.84% Test OOD2: 51.13% Test OOD3: 60.38% 
Epoch: 196, Loss: 0.1201, Train: 97.78%, Valid: 68.03%, Test In: 67.93% Test OOD1: 61.68% Test OOD2: 51.15% Test OOD3: 60.25% 
Epoch: 197, Loss: 0.1217, Train: 97.80%, Valid: 68.05%, Test In: 68.07% Test OOD1: 61.75% Test OOD2: 51.13% Test OOD3: 60.38% 
Epoch: 198, Loss: 0.1174, Train: 97.78%, Valid: 68.04%, Test In: 67.98% Test OOD1: 61.70% Test OOD2: 51.17% Test OOD3: 60.35% 
Epoch: 199, Loss: 0.1127, Train: 97.84%, Valid: 68.13%, Test In: 68.03% Test OOD1: 61.88% Test OOD2: 51.18% Test OOD3: 60.42% 
Run 02:
Highest Train: 97.84
Highest Valid: 68.47
Highest In Test: 69.12
Highest OOD Test: 66.37
Highest OOD Test: 53.81
Highest OOD Test: 63.45
Chosen epoch: 34
Final Train: 73.86
Final In Test: 69.06
Final OOD Test: 65.77
Final OOD Test: 53.58
Final OOD Test: 63.14
Epoch: 00, Loss: 0.7625, Train: 66.32%, Valid: 63.66%, Test In: 64.41% Test OOD1: 62.86% Test OOD2: 51.98% Test OOD3: 59.30% 
Epoch: 01, Loss: 0.7587, Train: 68.93%, Valid: 65.54%, Test In: 66.61% Test OOD1: 62.22% Test OOD2: 52.32% Test OOD3: 60.59% 
Epoch: 02, Loss: 0.7545, Train: 66.89%, Valid: 63.76%, Test In: 64.41% Test OOD1: 57.10% Test OOD2: 52.72% Test OOD3: 58.93% 
Epoch: 03, Loss: 0.7486, Train: 62.27%, Valid: 59.80%, Test In: 60.42% Test OOD1: 51.35% Test OOD2: 52.36% Test OOD3: 55.31% 
Epoch: 04, Loss: 0.7406, Train: 58.36%, Valid: 56.46%, Test In: 57.29% Test OOD1: 48.31% Test OOD2: 51.99% Test OOD3: 52.67% 
Epoch: 05, Loss: 0.7308, Train: 54.75%, Valid: 53.28%, Test In: 54.39% Test OOD1: 46.21% Test OOD2: 51.52% Test OOD3: 50.66% 
Epoch: 06, Loss: 0.7208, Train: 49.58%, Valid: 48.71%, Test In: 49.95% Test OOD1: 43.95% Test OOD2: 50.98% Test OOD3: 48.45% 
Epoch: 07, Loss: 0.7124, Train: 45.53%, Valid: 45.16%, Test In: 46.44% Test OOD1: 42.38% Test OOD2: 50.61% Test OOD3: 46.91% 
Epoch: 08, Loss: 0.7065, Train: 44.40%, Valid: 44.12%, Test In: 45.42% Test OOD1: 41.94% Test OOD2: 50.51% Test OOD3: 46.49% 
Epoch: 09, Loss: 0.7054, Train: 45.23%, Valid: 44.68%, Test In: 46.09% Test OOD1: 42.31% Test OOD2: 50.61% Test OOD3: 46.90% 
Epoch: 10, Loss: 0.7048, Train: 48.55%, Valid: 47.21%, Test In: 48.81% Test OOD1: 43.81% Test OOD2: 51.03% Test OOD3: 48.52% 
Epoch: 11, Loss: 0.7006, Train: 58.42%, Valid: 55.14%, Test In: 56.79% Test OOD1: 49.36% Test OOD2: 52.33% Test OOD3: 53.75% 
Epoch: 12, Loss: 0.6949, Train: 69.51%, Valid: 65.22%, Test In: 66.52% Test OOD1: 61.90% Test OOD2: 53.15% Test OOD3: 61.54% 
Epoch: 13, Loss: 0.6900, Train: 67.83%, Valid: 64.62%, Test In: 65.01% Test OOD1: 63.77% Test OOD2: 51.90% Test OOD3: 60.73% 
Epoch: 14, Loss: 0.6867, Train: 66.02%, Valid: 63.51%, Test In: 63.42% Test OOD1: 63.12% Test OOD2: 51.50% Test OOD3: 59.92% 
Epoch: 15, Loss: 0.6840, Train: 65.29%, Valid: 63.03%, Test In: 62.77% Test OOD1: 62.85% Test OOD2: 51.35% Test OOD3: 59.56% 
Epoch: 16, Loss: 0.6813, Train: 64.96%, Valid: 62.79%, Test In: 62.46% Test OOD1: 62.72% Test OOD2: 51.30% Test OOD3: 59.42% 
Epoch: 17, Loss: 0.6783, Train: 64.85%, Valid: 62.68%, Test In: 62.34% Test OOD1: 62.68% Test OOD2: 51.29% Test OOD3: 59.39% 
Epoch: 18, Loss: 0.6747, Train: 64.90%, Valid: 62.67%, Test In: 62.34% Test OOD1: 62.69% Test OOD2: 51.31% Test OOD3: 59.43% 
Epoch: 19, Loss: 0.6707, Train: 65.07%, Valid: 62.73%, Test In: 62.44% Test OOD1: 62.75% Test OOD2: 51.36% Test OOD3: 59.53% 
Epoch: 20, Loss: 0.6671, Train: 65.37%, Valid: 62.87%, Test In: 62.63% Test OOD1: 62.85% Test OOD2: 51.44% Test OOD3: 59.69% 
Epoch: 21, Loss: 0.6645, Train: 65.76%, Valid: 63.08%, Test In: 62.92% Test OOD1: 63.01% Test OOD2: 51.53% Test OOD3: 59.89% 
Epoch: 22, Loss: 0.6618, Train: 66.22%, Valid: 63.38%, Test In: 63.26% Test OOD1: 63.25% Test OOD2: 51.63% Test OOD3: 60.14% 
Epoch: 23, Loss: 0.6573, Train: 66.73%, Valid: 63.74%, Test In: 63.67% Test OOD1: 63.55% Test OOD2: 51.74% Test OOD3: 60.41% 
Epoch: 24, Loss: 0.6519, Train: 67.38%, Valid: 64.16%, Test In: 64.18% Test OOD1: 63.89% Test OOD2: 51.91% Test OOD3: 60.72% 
Epoch: 25, Loss: 0.6463, Train: 68.13%, Valid: 64.63%, Test In: 64.74% Test OOD1: 64.18% Test OOD2: 52.14% Test OOD3: 61.00% 
Epoch: 26, Loss: 0.6410, Train: 68.92%, Valid: 65.14%, Test In: 65.39% Test OOD1: 64.47% Test OOD2: 52.35% Test OOD3: 61.32% 
Epoch: 27, Loss: 0.6357, Train: 69.73%, Valid: 65.75%, Test In: 66.10% Test OOD1: 64.90% Test OOD2: 52.49% Test OOD3: 61.73% 
Epoch: 28, Loss: 0.6301, Train: 70.47%, Valid: 66.14%, Test In: 66.61% Test OOD1: 64.92% Test OOD2: 52.75% Test OOD3: 61.91% 
Epoch: 29, Loss: 0.6236, Train: 71.06%, Valid: 66.36%, Test In: 66.96% Test OOD1: 64.86% Test OOD2: 53.01% Test OOD3: 62.01% 
Epoch: 30, Loss: 0.6172, Train: 71.73%, Valid: 66.97%, Test In: 67.64% Test OOD1: 65.37% Test OOD2: 53.11% Test OOD3: 62.39% 
Epoch: 31, Loss: 0.6114, Train: 72.06%, Valid: 66.77%, Test In: 67.52% Test OOD1: 64.71% Test OOD2: 53.46% Test OOD3: 62.18% 
Epoch: 32, Loss: 0.6058, Train: 72.44%, Valid: 67.15%, Test In: 67.86% Test OOD1: 65.05% Test OOD2: 53.57% Test OOD3: 62.33% 
Epoch: 33, Loss: 0.5995, Train: 72.95%, Valid: 67.55%, Test In: 68.24% Test OOD1: 65.08% Test OOD2: 53.68% Test OOD3: 62.48% 
Epoch: 34, Loss: 0.5950, Train: 72.81%, Valid: 66.92%, Test In: 67.66% Test OOD1: 64.31% Test OOD2: 53.81% Test OOD3: 61.97% 
Epoch: 35, Loss: 0.5921, Train: 73.48%, Valid: 67.78%, Test In: 68.44% Test OOD1: 65.30% Test OOD2: 53.73% Test OOD3: 62.49% 
Epoch: 36, Loss: 0.5871, Train: 73.61%, Valid: 67.52%, Test In: 68.14% Test OOD1: 64.60% Test OOD2: 53.81% Test OOD3: 62.16% 
Epoch: 37, Loss: 0.5797, Train: 73.50%, Valid: 67.21%, Test In: 67.83% Test OOD1: 64.29% Test OOD2: 53.79% Test OOD3: 61.88% 
Epoch: 38, Loss: 0.5777, Train: 74.34%, Valid: 68.02%, Test In: 68.66% Test OOD1: 65.37% Test OOD2: 53.74% Test OOD3: 62.46% 
Epoch: 39, Loss: 0.5772, Train: 74.15%, Valid: 67.48%, Test In: 68.14% Test OOD1: 64.62% Test OOD2: 53.72% Test OOD3: 61.99% 
Epoch: 40, Loss: 0.5664, Train: 73.59%, Valid: 66.91%, Test In: 67.60% Test OOD1: 64.09% Test OOD2: 53.66% Test OOD3: 61.61% 
Epoch: 41, Loss: 0.5708, Train: 74.69%, Valid: 67.79%, Test In: 68.50% Test OOD1: 65.23% Test OOD2: 53.68% Test OOD3: 62.27% 
Epoch: 42, Loss: 0.5646, Train: 74.89%, Valid: 67.66%, Test In: 68.43% Test OOD1: 64.89% Test OOD2: 53.74% Test OOD3: 62.14% 
Epoch: 43, Loss: 0.5606, Train: 74.15%, Valid: 66.81%, Test In: 67.66% Test OOD1: 64.19% Test OOD2: 53.57% Test OOD3: 61.57% 
Epoch: 44, Loss: 0.5537, Train: 73.88%, Valid: 66.72%, Test In: 67.55% Test OOD1: 64.53% Test OOD2: 53.43% Test OOD3: 61.61% 
Epoch: 45, Loss: 0.5527, Train: 74.80%, Valid: 67.15%, Test In: 68.03% Test OOD1: 64.69% Test OOD2: 53.54% Test OOD3: 61.81% 
Epoch: 46, Loss: 0.5465, Train: 74.94%, Valid: 66.96%, Test In: 67.88% Test OOD1: 64.31% Test OOD2: 53.57% Test OOD3: 61.66% 
Epoch: 47, Loss: 0.5454, Train: 74.04%, Valid: 66.37%, Test In: 67.29% Test OOD1: 64.25% Test OOD2: 53.31% Test OOD3: 61.37% 
Epoch: 48, Loss: 0.5390, Train: 74.15%, Valid: 66.27%, Test In: 67.21% Test OOD1: 64.11% Test OOD2: 53.28% Test OOD3: 61.28% 
Epoch: 49, Loss: 0.5338, Train: 75.04%, Valid: 66.63%, Test In: 67.56% Test OOD1: 64.17% Test OOD2: 53.41% Test OOD3: 61.48% 
Epoch: 50, Loss: 0.5343, Train: 74.83%, Valid: 66.48%, Test In: 67.40% Test OOD1: 64.26% Test OOD2: 53.27% Test OOD3: 61.43% 
Epoch: 51, Loss: 0.5259, Train: 74.14%, Valid: 65.96%, Test In: 66.93% Test OOD1: 63.60% Test OOD2: 53.19% Test OOD3: 61.10% 
Epoch: 52, Loss: 0.5280, Train: 75.38%, Valid: 66.45%, Test In: 67.43% Test OOD1: 63.79% Test OOD2: 53.34% Test OOD3: 61.37% 
Epoch: 53, Loss: 0.5190, Train: 75.65%, Valid: 66.71%, Test In: 67.63% Test OOD1: 64.20% Test OOD2: 53.28% Test OOD3: 61.61% 
Epoch: 54, Loss: 0.5162, Train: 75.14%, Valid: 66.19%, Test In: 67.19% Test OOD1: 63.46% Test OOD2: 53.16% Test OOD3: 61.25% 
Epoch: 55, Loss: 0.5098, Train: 75.68%, Valid: 66.33%, Test In: 67.35% Test OOD1: 63.44% Test OOD2: 53.18% Test OOD3: 61.34% 
Epoch: 56, Loss: 0.5028, Train: 76.33%, Valid: 66.87%, Test In: 67.71% Test OOD1: 64.08% Test OOD2: 53.16% Test OOD3: 61.71% 
Epoch: 57, Loss: 0.5019, Train: 76.29%, Valid: 66.49%, Test In: 67.48% Test OOD1: 63.41% Test OOD2: 53.09% Test OOD3: 61.44% 
Epoch: 58, Loss: 0.4928, Train: 76.05%, Valid: 66.36%, Test In: 67.29% Test OOD1: 63.42% Test OOD2: 52.92% Test OOD3: 61.39% 
Epoch: 59, Loss: 0.4908, Train: 77.15%, Valid: 66.97%, Test In: 67.78% Test OOD1: 63.77% Test OOD2: 53.03% Test OOD3: 61.73% 
Epoch: 60, Loss: 0.4860, Train: 77.18%, Valid: 66.65%, Test In: 67.51% Test OOD1: 63.32% Test OOD2: 52.95% Test OOD3: 61.53% 
Epoch: 61, Loss: 0.4770, Train: 76.49%, Valid: 66.38%, Test In: 67.28% Test OOD1: 63.29% Test OOD2: 52.80% Test OOD3: 61.41% 
Epoch: 62, Loss: 0.4803, Train: 77.96%, Valid: 66.80%, Test In: 67.62% Test OOD1: 63.20% Test OOD2: 52.97% Test OOD3: 61.58% 
Epoch: 63, Loss: 0.4726, Train: 77.99%, Valid: 66.90%, Test In: 67.79% Test OOD1: 63.70% Test OOD2: 52.83% Test OOD3: 61.71% 
Epoch: 64, Loss: 0.4650, Train: 77.20%, Valid: 66.23%, Test In: 67.24% Test OOD1: 62.70% Test OOD2: 52.80% Test OOD3: 61.25% 
Epoch: 65, Loss: 0.4638, Train: 77.99%, Valid: 66.95%, Test In: 67.98% Test OOD1: 63.28% Test OOD2: 52.81% Test OOD3: 61.54% 
Epoch: 66, Loss: 0.4734, Train: 78.46%, Valid: 66.72%, Test In: 67.65% Test OOD1: 63.28% Test OOD2: 52.77% Test OOD3: 61.55% 
Epoch: 67, Loss: 0.4612, Train: 78.24%, Valid: 66.41%, Test In: 67.44% Test OOD1: 62.66% Test OOD2: 52.78% Test OOD3: 61.27% 
Epoch: 68, Loss: 0.4449, Train: 78.11%, Valid: 66.78%, Test In: 67.79% Test OOD1: 63.23% Test OOD2: 52.71% Test OOD3: 61.47% 
Epoch: 69, Loss: 0.4538, Train: 79.25%, Valid: 66.87%, Test In: 67.81% Test OOD1: 62.85% Test OOD2: 52.80% Test OOD3: 61.44% 
Epoch: 70, Loss: 0.4421, Train: 78.86%, Valid: 66.67%, Test In: 67.59% Test OOD1: 62.99% Test OOD2: 52.62% Test OOD3: 61.44% 
Epoch: 71, Loss: 0.4463, Train: 78.65%, Valid: 66.63%, Test In: 67.63% Test OOD1: 62.61% Test OOD2: 52.69% Test OOD3: 61.30% 
Epoch: 72, Loss: 0.4329, Train: 79.83%, Valid: 67.17%, Test In: 68.09% Test OOD1: 62.90% Test OOD2: 52.68% Test OOD3: 61.52% 
Epoch: 73, Loss: 0.4414, Train: 79.75%, Valid: 66.99%, Test In: 67.95% Test OOD1: 63.08% Test OOD2: 52.60% Test OOD3: 61.55% 
Epoch: 74, Loss: 0.4241, Train: 78.98%, Valid: 66.35%, Test In: 67.44% Test OOD1: 62.06% Test OOD2: 52.58% Test OOD3: 61.17% 
Epoch: 75, Loss: 0.4401, Train: 80.33%, Valid: 67.17%, Test In: 68.17% Test OOD1: 63.16% Test OOD2: 52.59% Test OOD3: 61.63% 
Epoch: 76, Loss: 0.4221, Train: 80.58%, Valid: 67.14%, Test In: 68.20% Test OOD1: 62.71% Test OOD2: 52.63% Test OOD3: 61.52% 
Epoch: 77, Loss: 0.4187, Train: 79.73%, Valid: 66.59%, Test In: 67.84% Test OOD1: 62.27% Test OOD2: 52.59% Test OOD3: 61.33% 
Epoch: 78, Loss: 0.4157, Train: 80.51%, Valid: 66.96%, Test In: 68.15% Test OOD1: 62.73% Test OOD2: 52.56% Test OOD3: 61.51% 
Epoch: 79, Loss: 0.4037, Train: 81.20%, Valid: 67.14%, Test In: 68.27% Test OOD1: 62.41% Test OOD2: 52.61% Test OOD3: 61.43% 
Epoch: 80, Loss: 0.4120, Train: 80.78%, Valid: 66.96%, Test In: 68.23% Test OOD1: 62.66% Test OOD2: 52.51% Test OOD3: 61.49% 
Epoch: 81, Loss: 0.3996, Train: 80.74%, Valid: 66.61%, Test In: 68.01% Test OOD1: 61.88% Test OOD2: 52.52% Test OOD3: 61.26% 
Epoch: 82, Loss: 0.3998, Train: 81.59%, Valid: 67.34%, Test In: 68.56% Test OOD1: 62.64% Test OOD2: 52.47% Test OOD3: 61.55% 
Epoch: 83, Loss: 0.3999, Train: 81.78%, Valid: 67.13%, Test In: 68.43% Test OOD1: 62.37% Test OOD2: 52.42% Test OOD3: 61.47% 
Epoch: 84, Loss: 0.3829, Train: 81.09%, Valid: 66.64%, Test In: 68.09% Test OOD1: 61.81% Test OOD2: 52.33% Test OOD3: 61.25% 
Epoch: 85, Loss: 0.4032, Train: 82.18%, Valid: 67.44%, Test In: 68.72% Test OOD1: 62.72% Test OOD2: 52.32% Test OOD3: 61.62% 
Epoch: 86, Loss: 0.3911, Train: 82.50%, Valid: 67.25%, Test In: 68.57% Test OOD1: 62.02% Test OOD2: 52.34% Test OOD3: 61.42% 
Epoch: 87, Loss: 0.3881, Train: 81.85%, Valid: 67.00%, Test In: 68.44% Test OOD1: 62.34% Test OOD2: 52.24% Test OOD3: 61.47% 
Epoch: 88, Loss: 0.3855, Train: 82.85%, Valid: 67.19%, Test In: 68.56% Test OOD1: 62.20% Test OOD2: 52.27% Test OOD3: 61.45% 
Epoch: 89, Loss: 0.3695, Train: 83.21%, Valid: 67.48%, Test In: 68.84% Test OOD1: 62.45% Test OOD2: 52.33% Test OOD3: 61.59% 
Epoch: 90, Loss: 0.3680, Train: 82.86%, Valid: 67.26%, Test In: 68.68% Test OOD1: 62.28% Test OOD2: 52.34% Test OOD3: 61.53% 
Epoch: 91, Loss: 0.3633, Train: 83.31%, Valid: 67.12%, Test In: 68.49% Test OOD1: 61.99% Test OOD2: 52.31% Test OOD3: 61.35% 
Epoch: 92, Loss: 0.3630, Train: 83.76%, Valid: 67.53%, Test In: 68.80% Test OOD1: 62.78% Test OOD2: 52.30% Test OOD3: 61.59% 
Epoch: 93, Loss: 0.3586, Train: 83.91%, Valid: 67.29%, Test In: 68.57% Test OOD1: 62.06% Test OOD2: 52.37% Test OOD3: 61.39% 
Epoch: 94, Loss: 0.3538, Train: 83.99%, Valid: 67.40%, Test In: 68.65% Test OOD1: 62.49% Test OOD2: 52.31% Test OOD3: 61.54% 
Epoch: 95, Loss: 0.3430, Train: 84.54%, Valid: 67.54%, Test In: 68.73% Test OOD1: 62.55% Test OOD2: 52.26% Test OOD3: 61.57% 
Epoch: 96, Loss: 0.3417, Train: 84.66%, Valid: 67.50%, Test In: 68.70% Test OOD1: 62.22% Test OOD2: 52.32% Test OOD3: 61.56% 
Epoch: 97, Loss: 0.3399, Train: 84.75%, Valid: 67.60%, Test In: 68.74% Test OOD1: 62.54% Test OOD2: 52.27% Test OOD3: 61.65% 
Epoch: 98, Loss: 0.3354, Train: 85.15%, Valid: 67.56%, Test In: 68.61% Test OOD1: 62.21% Test OOD2: 52.22% Test OOD3: 61.47% 
Epoch: 99, Loss: 0.3494, Train: 85.19%, Valid: 67.74%, Test In: 68.73% Test OOD1: 62.69% Test OOD2: 52.26% Test OOD3: 61.69% 
Epoch: 100, Loss: 0.3369, Train: 85.62%, Valid: 67.64%, Test In: 68.54% Test OOD1: 62.19% Test OOD2: 52.31% Test OOD3: 61.52% 
Epoch: 101, Loss: 0.3285, Train: 85.88%, Valid: 67.76%, Test In: 68.63% Test OOD1: 62.65% Test OOD2: 52.14% Test OOD3: 61.58% 
Epoch: 102, Loss: 0.3219, Train: 86.01%, Valid: 67.68%, Test In: 68.57% Test OOD1: 62.45% Test OOD2: 52.24% Test OOD3: 61.55% 
Epoch: 103, Loss: 0.3126, Train: 86.45%, Valid: 67.68%, Test In: 68.54% Test OOD1: 62.09% Test OOD2: 52.30% Test OOD3: 61.47% 
Epoch: 104, Loss: 0.3156, Train: 86.59%, Valid: 67.86%, Test In: 68.71% Test OOD1: 62.66% Test OOD2: 52.22% Test OOD3: 61.64% 
Epoch: 105, Loss: 0.3141, Train: 86.62%, Valid: 67.56%, Test In: 68.41% Test OOD1: 61.93% Test OOD2: 52.29% Test OOD3: 61.34% 
Epoch: 106, Loss: 0.3148, Train: 87.13%, Valid: 67.85%, Test In: 68.65% Test OOD1: 62.68% Test OOD2: 52.23% Test OOD3: 61.61% 
Epoch: 107, Loss: 0.3015, Train: 87.41%, Valid: 67.77%, Test In: 68.53% Test OOD1: 62.48% Test OOD2: 52.27% Test OOD3: 61.51% 
Epoch: 108, Loss: 0.2965, Train: 87.52%, Valid: 67.74%, Test In: 68.48% Test OOD1: 62.46% Test OOD2: 52.25% Test OOD3: 61.42% 
Epoch: 109, Loss: 0.2943, Train: 87.92%, Valid: 67.87%, Test In: 68.63% Test OOD1: 62.69% Test OOD2: 52.18% Test OOD3: 61.50% 
Epoch: 110, Loss: 0.2914, Train: 88.18%, Valid: 67.69%, Test In: 68.50% Test OOD1: 62.04% Test OOD2: 52.29% Test OOD3: 61.30% 
Epoch: 111, Loss: 0.2930, Train: 88.29%, Valid: 67.89%, Test In: 68.73% Test OOD1: 62.62% Test OOD2: 52.16% Test OOD3: 61.48% 
Epoch: 112, Loss: 0.2931, Train: 88.73%, Valid: 67.76%, Test In: 68.55% Test OOD1: 62.11% Test OOD2: 52.22% Test OOD3: 61.27% 
Epoch: 113, Loss: 0.2876, Train: 88.83%, Valid: 67.90%, Test In: 68.67% Test OOD1: 62.73% Test OOD2: 52.18% Test OOD3: 61.44% 
Epoch: 114, Loss: 0.2821, Train: 89.12%, Valid: 67.91%, Test In: 68.61% Test OOD1: 62.61% Test OOD2: 52.14% Test OOD3: 61.35% 
Epoch: 115, Loss: 0.2778, Train: 89.34%, Valid: 67.91%, Test In: 68.63% Test OOD1: 62.48% Test OOD2: 52.23% Test OOD3: 61.34% 
Epoch: 116, Loss: 0.2775, Train: 89.56%, Valid: 68.01%, Test In: 68.77% Test OOD1: 62.66% Test OOD2: 52.09% Test OOD3: 61.34% 
Epoch: 117, Loss: 0.2714, Train: 89.63%, Valid: 67.88%, Test In: 68.68% Test OOD1: 62.11% Test OOD2: 52.22% Test OOD3: 61.11% 
Epoch: 118, Loss: 0.2754, Train: 89.81%, Valid: 68.11%, Test In: 68.75% Test OOD1: 62.83% Test OOD2: 52.16% Test OOD3: 61.37% 
Epoch: 119, Loss: 0.2919, Train: 90.23%, Valid: 67.96%, Test In: 68.59% Test OOD1: 62.24% Test OOD2: 52.21% Test OOD3: 61.08% 
Epoch: 120, Loss: 0.2765, Train: 89.38%, Valid: 68.00%, Test In: 68.63% Test OOD1: 62.63% Test OOD2: 52.08% Test OOD3: 61.08% 
Epoch: 121, Loss: 0.3028, Train: 90.59%, Valid: 68.09%, Test In: 68.63% Test OOD1: 62.45% Test OOD2: 52.24% Test OOD3: 61.13% 
Epoch: 122, Loss: 0.2751, Train: 90.58%, Valid: 68.08%, Test In: 68.65% Test OOD1: 62.38% Test OOD2: 52.31% Test OOD3: 61.13% 
Epoch: 123, Loss: 0.2814, Train: 90.62%, Valid: 68.01%, Test In: 68.66% Test OOD1: 62.51% Test OOD2: 52.09% Test OOD3: 61.01% 
Epoch: 124, Loss: 0.2579, Train: 90.01%, Valid: 67.74%, Test In: 68.34% Test OOD1: 61.74% Test OOD2: 52.14% Test OOD3: 60.62% 
Epoch: 125, Loss: 0.2897, Train: 90.80%, Valid: 68.02%, Test In: 68.64% Test OOD1: 62.72% Test OOD2: 52.05% Test OOD3: 61.07% 
Epoch: 126, Loss: 0.2644, Train: 91.13%, Valid: 67.96%, Test In: 68.47% Test OOD1: 62.07% Test OOD2: 52.29% Test OOD3: 60.98% 
Epoch: 127, Loss: 0.2736, Train: 91.22%, Valid: 68.07%, Test In: 68.60% Test OOD1: 62.62% Test OOD2: 52.09% Test OOD3: 61.14% 
Epoch: 128, Loss: 0.2558, Train: 90.96%, Valid: 67.93%, Test In: 68.47% Test OOD1: 62.39% Test OOD2: 52.04% Test OOD3: 60.97% 
Epoch: 129, Loss: 0.2456, Train: 90.86%, Valid: 67.81%, Test In: 68.33% Test OOD1: 62.11% Test OOD2: 52.07% Test OOD3: 60.79% 
Epoch: 130, Loss: 0.2572, Train: 91.41%, Valid: 67.95%, Test In: 68.51% Test OOD1: 62.69% Test OOD2: 51.98% Test OOD3: 61.00% 
Epoch: 131, Loss: 0.2500, Train: 91.77%, Valid: 67.93%, Test In: 68.43% Test OOD1: 62.20% Test OOD2: 52.14% Test OOD3: 60.88% 
Epoch: 132, Loss: 0.2567, Train: 91.74%, Valid: 68.02%, Test In: 68.54% Test OOD1: 62.68% Test OOD2: 52.06% Test OOD3: 61.01% 
Epoch: 133, Loss: 0.2471, Train: 91.67%, Valid: 67.98%, Test In: 68.42% Test OOD1: 62.42% Test OOD2: 52.02% Test OOD3: 60.87% 
Epoch: 134, Loss: 0.2394, Train: 91.65%, Valid: 67.99%, Test In: 68.43% Test OOD1: 62.43% Test OOD2: 52.05% Test OOD3: 60.86% 
Epoch: 135, Loss: 0.2378, Train: 92.15%, Valid: 68.11%, Test In: 68.50% Test OOD1: 62.78% Test OOD2: 51.96% Test OOD3: 60.98% 
Epoch: 136, Loss: 0.2343, Train: 92.33%, Valid: 68.08%, Test In: 68.43% Test OOD1: 62.50% Test OOD2: 52.04% Test OOD3: 60.89% 
Epoch: 137, Loss: 0.2395, Train: 92.21%, Valid: 68.10%, Test In: 68.48% Test OOD1: 62.81% Test OOD2: 51.95% Test OOD3: 60.90% 
Epoch: 138, Loss: 0.2366, Train: 92.12%, Valid: 68.02%, Test In: 68.34% Test OOD1: 62.41% Test OOD2: 51.94% Test OOD3: 60.71% 
Epoch: 139, Loss: 0.2424, Train: 92.47%, Valid: 68.15%, Test In: 68.51% Test OOD1: 62.74% Test OOD2: 52.03% Test OOD3: 60.85% 
Epoch: 140, Loss: 0.2319, Train: 92.80%, Valid: 68.20%, Test In: 68.48% Test OOD1: 62.68% Test OOD2: 52.04% Test OOD3: 60.89% 
Epoch: 141, Loss: 0.2282, Train: 92.71%, Valid: 68.20%, Test In: 68.55% Test OOD1: 62.72% Test OOD2: 52.11% Test OOD3: 60.90% 
Epoch: 142, Loss: 0.2193, Train: 92.52%, Valid: 68.20%, Test In: 68.52% Test OOD1: 62.83% Test OOD2: 52.04% Test OOD3: 60.90% 
Epoch: 143, Loss: 0.2219, Train: 93.00%, Valid: 68.22%, Test In: 68.52% Test OOD1: 62.61% Test OOD2: 52.08% Test OOD3: 60.85% 
Epoch: 144, Loss: 0.2191, Train: 93.07%, Valid: 68.27%, Test In: 68.59% Test OOD1: 62.85% Test OOD2: 52.06% Test OOD3: 60.89% 
Epoch: 145, Loss: 0.2244, Train: 93.04%, Valid: 68.25%, Test In: 68.50% Test OOD1: 62.49% Test OOD2: 52.03% Test OOD3: 60.78% 
Epoch: 146, Loss: 0.2247, Train: 92.92%, Valid: 68.29%, Test In: 68.61% Test OOD1: 62.73% Test OOD2: 52.07% Test OOD3: 60.82% 
Epoch: 147, Loss: 0.2231, Train: 93.39%, Valid: 68.35%, Test In: 68.60% Test OOD1: 62.55% Test OOD2: 52.08% Test OOD3: 60.80% 
Epoch: 148, Loss: 0.2144, Train: 93.45%, Valid: 68.33%, Test In: 68.66% Test OOD1: 62.52% Test OOD2: 52.14% Test OOD3: 60.75% 
Epoch: 149, Loss: 0.2052, Train: 93.31%, Valid: 68.29%, Test In: 68.60% Test OOD1: 62.47% Test OOD2: 52.07% Test OOD3: 60.67% 
Epoch: 150, Loss: 0.2053, Train: 93.68%, Valid: 68.29%, Test In: 68.59% Test OOD1: 62.35% Test OOD2: 52.12% Test OOD3: 60.65% 
Epoch: 151, Loss: 0.2044, Train: 93.69%, Valid: 68.32%, Test In: 68.64% Test OOD1: 62.61% Test OOD2: 52.07% Test OOD3: 60.70% 
Epoch: 152, Loss: 0.2080, Train: 93.63%, Valid: 68.31%, Test In: 68.57% Test OOD1: 62.20% Test OOD2: 52.07% Test OOD3: 60.60% 
Epoch: 153, Loss: 0.2090, Train: 93.81%, Valid: 68.39%, Test In: 68.70% Test OOD1: 62.47% Test OOD2: 52.12% Test OOD3: 60.69% 
Epoch: 154, Loss: 0.2038, Train: 94.01%, Valid: 68.45%, Test In: 68.69% Test OOD1: 62.45% Test OOD2: 52.07% Test OOD3: 60.75% 
Epoch: 155, Loss: 0.1974, Train: 93.95%, Valid: 68.42%, Test In: 68.71% Test OOD1: 62.28% Test OOD2: 52.18% Test OOD3: 60.69% 
Epoch: 156, Loss: 0.1922, Train: 94.02%, Valid: 68.46%, Test In: 68.76% Test OOD1: 62.66% Test OOD2: 52.03% Test OOD3: 60.80% 
Epoch: 157, Loss: 0.1954, Train: 94.17%, Valid: 68.41%, Test In: 68.74% Test OOD1: 62.27% Test OOD2: 52.21% Test OOD3: 60.69% 
Epoch: 158, Loss: 0.1951, Train: 94.09%, Valid: 68.43%, Test In: 68.79% Test OOD1: 62.60% Test OOD2: 52.07% Test OOD3: 60.73% 
Epoch: 159, Loss: 0.1927, Train: 94.26%, Valid: 68.45%, Test In: 68.73% Test OOD1: 62.51% Test OOD2: 52.07% Test OOD3: 60.73% 
Epoch: 160, Loss: 0.1935, Train: 94.25%, Valid: 68.40%, Test In: 68.77% Test OOD1: 62.36% Test OOD2: 52.13% Test OOD3: 60.60% 
Epoch: 161, Loss: 0.1837, Train: 94.43%, Valid: 68.41%, Test In: 68.74% Test OOD1: 62.32% Test OOD2: 52.12% Test OOD3: 60.60% 
Epoch: 162, Loss: 0.1734, Train: 94.55%, Valid: 68.40%, Test In: 68.72% Test OOD1: 62.44% Test OOD2: 52.09% Test OOD3: 60.63% 
Epoch: 163, Loss: 0.1744, Train: 94.51%, Valid: 68.33%, Test In: 68.72% Test OOD1: 62.40% Test OOD2: 52.16% Test OOD3: 60.59% 
Epoch: 164, Loss: 0.1754, Train: 94.76%, Valid: 68.33%, Test In: 68.69% Test OOD1: 62.37% Test OOD2: 52.19% Test OOD3: 60.66% 
Epoch: 165, Loss: 0.1797, Train: 94.78%, Valid: 68.30%, Test In: 68.70% Test OOD1: 62.41% Test OOD2: 52.08% Test OOD3: 60.60% 
Epoch: 166, Loss: 0.1807, Train: 94.89%, Valid: 68.31%, Test In: 68.65% Test OOD1: 62.11% Test OOD2: 52.17% Test OOD3: 60.58% 
Epoch: 167, Loss: 0.1752, Train: 95.07%, Valid: 68.35%, Test In: 68.72% Test OOD1: 62.48% Test OOD2: 52.13% Test OOD3: 60.68% 
Epoch: 168, Loss: 0.1689, Train: 95.09%, Valid: 68.33%, Test In: 68.66% Test OOD1: 62.35% Test OOD2: 52.11% Test OOD3: 60.64% 
Epoch: 169, Loss: 0.1631, Train: 95.31%, Valid: 68.33%, Test In: 68.70% Test OOD1: 62.43% Test OOD2: 52.21% Test OOD3: 60.63% 
Epoch: 170, Loss: 0.1598, Train: 95.38%, Valid: 68.23%, Test In: 68.66% Test OOD1: 62.24% Test OOD2: 52.19% Test OOD3: 60.47% 
Epoch: 171, Loss: 0.1587, Train: 95.54%, Valid: 68.22%, Test In: 68.62% Test OOD1: 62.18% Test OOD2: 52.20% Test OOD3: 60.49% 
Epoch: 172, Loss: 0.1620, Train: 95.57%, Valid: 68.21%, Test In: 68.67% Test OOD1: 62.39% Test OOD2: 52.22% Test OOD3: 60.51% 
Epoch: 173, Loss: 0.1651, Train: 95.55%, Valid: 68.23%, Test In: 68.60% Test OOD1: 62.25% Test OOD2: 52.19% Test OOD3: 60.56% 
Epoch: 174, Loss: 0.1649, Train: 95.74%, Valid: 68.30%, Test In: 68.70% Test OOD1: 62.61% Test OOD2: 52.15% Test OOD3: 60.65% 
Epoch: 175, Loss: 0.1622, Train: 95.77%, Valid: 68.21%, Test In: 68.56% Test OOD1: 62.04% Test OOD2: 52.22% Test OOD3: 60.46% 
Epoch: 176, Loss: 0.1530, Train: 96.06%, Valid: 68.25%, Test In: 68.60% Test OOD1: 62.24% Test OOD2: 52.18% Test OOD3: 60.48% 
Epoch: 177, Loss: 0.1465, Train: 96.13%, Valid: 68.18%, Test In: 68.52% Test OOD1: 62.07% Test OOD2: 52.21% Test OOD3: 60.35% 
Epoch: 178, Loss: 0.1444, Train: 96.11%, Valid: 68.19%, Test In: 68.47% Test OOD1: 61.98% Test OOD2: 52.23% Test OOD3: 60.36% 
Epoch: 179, Loss: 0.1490, Train: 96.19%, Valid: 68.25%, Test In: 68.58% Test OOD1: 62.43% Test OOD2: 52.16% Test OOD3: 60.50% 
Epoch: 180, Loss: 0.1560, Train: 96.14%, Valid: 68.24%, Test In: 68.50% Test OOD1: 61.94% Test OOD2: 52.25% Test OOD3: 60.44% 
Epoch: 181, Loss: 0.1553, Train: 96.36%, Valid: 68.28%, Test In: 68.61% Test OOD1: 62.27% Test OOD2: 52.19% Test OOD3: 60.50% 
Epoch: 182, Loss: 0.1500, Train: 96.47%, Valid: 68.27%, Test In: 68.50% Test OOD1: 61.94% Test OOD2: 52.26% Test OOD3: 60.42% 
Epoch: 183, Loss: 0.1398, Train: 96.55%, Valid: 68.21%, Test In: 68.42% Test OOD1: 61.94% Test OOD2: 52.25% Test OOD3: 60.35% 
Epoch: 184, Loss: 0.1345, Train: 96.66%, Valid: 68.25%, Test In: 68.46% Test OOD1: 62.27% Test OOD2: 52.21% Test OOD3: 60.45% 
Epoch: 185, Loss: 0.1370, Train: 96.67%, Valid: 68.17%, Test In: 68.29% Test OOD1: 61.90% Test OOD2: 52.25% Test OOD3: 60.32% 
Epoch: 186, Loss: 0.1393, Train: 96.83%, Valid: 68.15%, Test In: 68.38% Test OOD1: 62.13% Test OOD2: 52.19% Test OOD3: 60.34% 
Epoch: 187, Loss: 0.1414, Train: 96.86%, Valid: 68.19%, Test In: 68.34% Test OOD1: 61.91% Test OOD2: 52.24% Test OOD3: 60.37% 
Epoch: 188, Loss: 0.1400, Train: 96.93%, Valid: 68.15%, Test In: 68.37% Test OOD1: 62.01% Test OOD2: 52.20% Test OOD3: 60.35% 
Epoch: 189, Loss: 0.1360, Train: 97.01%, Valid: 68.25%, Test In: 68.40% Test OOD1: 62.16% Test OOD2: 52.23% Test OOD3: 60.49% 
Epoch: 190, Loss: 0.1306, Train: 97.07%, Valid: 68.16%, Test In: 68.31% Test OOD1: 61.93% Test OOD2: 52.23% Test OOD3: 60.33% 
Epoch: 191, Loss: 0.1262, Train: 97.22%, Valid: 68.18%, Test In: 68.37% Test OOD1: 62.14% Test OOD2: 52.21% Test OOD3: 60.37% 
Epoch: 192, Loss: 0.1269, Train: 97.28%, Valid: 68.10%, Test In: 68.27% Test OOD1: 61.73% Test OOD2: 52.27% Test OOD3: 60.22% 
Epoch: 193, Loss: 0.1279, Train: 97.38%, Valid: 68.10%, Test In: 68.34% Test OOD1: 61.92% Test OOD2: 52.22% Test OOD3: 60.21% 
Epoch: 194, Loss: 0.1303, Train: 97.35%, Valid: 68.19%, Test In: 68.35% Test OOD1: 61.91% Test OOD2: 52.29% Test OOD3: 60.35% 
Epoch: 195, Loss: 0.1318, Train: 97.38%, Valid: 68.15%, Test In: 68.38% Test OOD1: 62.06% Test OOD2: 52.22% Test OOD3: 60.31% 
Epoch: 196, Loss: 0.1309, Train: 97.40%, Valid: 68.26%, Test In: 68.37% Test OOD1: 62.15% Test OOD2: 52.27% Test OOD3: 60.45% 
Epoch: 197, Loss: 0.1275, Train: 97.54%, Valid: 68.13%, Test In: 68.29% Test OOD1: 61.95% Test OOD2: 52.25% Test OOD3: 60.25% 
Epoch: 198, Loss: 0.1215, Train: 97.69%, Valid: 68.15%, Test In: 68.29% Test OOD1: 61.98% Test OOD2: 52.26% Test OOD3: 60.27% 
Epoch: 199, Loss: 0.1166, Train: 97.75%, Valid: 68.05%, Test In: 68.19% Test OOD1: 61.71% Test OOD2: 52.29% Test OOD3: 60.12% 
Run 03:
Highest Train: 97.75
Highest Valid: 68.46
Highest In Test: 68.84
Highest OOD Test: 65.37
Highest OOD Test: 53.81
Highest OOD Test: 62.49
Chosen epoch: 157
Final Train: 94.02
Final In Test: 68.76
Final OOD Test: 62.66
Final OOD Test: 52.03
Final OOD Test: 60.80
All runs:
Highest Train: 97.38 ± 0.71
Highest Valid: 68.33 ± 0.23
Highest In Test: 68.90 ± 0.20
Highest OOD Test: 65.88 ± 0.50
Highest OOD Test: 53.84 ± 0.05
Highest OOD Test: 63.03 ± 0.49
  Final Train: 88.15 ± 12.44
   Final In  Test: 68.62 ± 0.52
   Final OOD Test: 63.28 ± 2.25
   Final OOD Test: 52.45 ± 0.99
   Final OOD Test: 61.35 ± 1.59
[INFO] TensorBoard writer closed.

Command: python main.py --dataset twitch --backbone_type gcn --env_type graph --combine_result --store_result --epochs 200 --runs 3 --num_layers 2 --expert_agg mean --tau 3 --lr 0.01 --weight_decay 5e-5 --dropout 0.0 --K 3 --hidden_channels 64 --seed 123 --device 0 --lr 0.005 --weight_decay 0.0005 --dropout 0.0 --lamda 0.1 --K 3 --hidden_channels 64 --other_env_reduce env --result_name twitch_stage1_lr0.005_weight_decay0.0005_dropout0.0_lamda0.1_K3_hidden_channels64_other_env_reduceenv
Return code: 0
Elapsed: 104.53s
