Namespace(K=4, backbone_type='gcn', combine_result=True, cpu=False, data_dir='./data/', dataset='twitch', device=0, display_step=1, dropout=0.0, env_type='graph', epochs=200, expert_agg='mean', gamma=0.99, gate_hidden=64, hidden_channels=32, infer_env=False, infer_env_components=64, infer_env_iters=30, infer_env_num=3, lambda_cl=0.1, lambda_dag=0.1, lambda_ind=0.1, lambda_l1=0.5, lamda=0.5, lamda_ciw=0.0001, lr=0.005, lr_dag=0.001, num_layers=2, other_env_reduce='env', pos_weight=5.0, result_name='twitch_stage1_lr0.005_weight_decay0.0005_dropout0.0_lamda0.5_K4_hidden_channels32_other_env_reduceenv', runs=3, seed=123, store_result=True, tau=3.0, use_bn=False, variant=False, weight_decay=0.0005)
dataset twitch: all nodes 34120 | edges 429113 | classes 2 | feats 3170
train nodes 7897 | valid nodes 3949 | test in nodes 3949
test ood1 nodes 4648 test ood2 nodes 6551 test ood3 nodes 7126 
[INFO] env numbers: 6 train env numbers: 3
MODEL: CaNet(
  (experts): ModuleList(
    (0): ExpertNet(
      (convs): ModuleList(
        (0): CaNetConv()
        (1): CaNetConv()
      )
      (fcs): ModuleList(
        (0): Linear(in_features=3170, out_features=32, bias=True)
        (1): Linear(in_features=32, out_features=2, bias=True)
      )
      (act_fn): ReLU()
    )
    (1): ExpertNet(
      (convs): ModuleList(
        (0): CaNetConv()
        (1): CaNetConv()
      )
      (fcs): ModuleList(
        (0): Linear(in_features=3170, out_features=32, bias=True)
        (1): Linear(in_features=32, out_features=2, bias=True)
      )
      (act_fn): ReLU()
    )
    (2): ExpertNet(
      (convs): ModuleList(
        (0): CaNetConv()
        (1): CaNetConv()
      )
      (fcs): ModuleList(
        (0): Linear(in_features=3170, out_features=32, bias=True)
        (1): Linear(in_features=32, out_features=2, bias=True)
      )
      (act_fn): ReLU()
    )
    (3): ExpertNet(
      (convs): ModuleList(
        (0): CaNetConv()
        (1): CaNetConv()
      )
      (fcs): ModuleList(
        (0): Linear(in_features=3170, out_features=32, bias=True)
        (1): Linear(in_features=32, out_features=2, bias=True)
      )
      (act_fn): ReLU()
    )
  )
  (gate): Sequential(
    (0): Linear(in_features=3170, out_features=64, bias=True)
    (1): ReLU()
    (2): Linear(in_features=64, out_features=4, bias=True)
  )
)
[INFO] TensorBoard logging activated. Logs will be saved to: ./runs/twitch/Apr16_06-45-19_lamda_0.5
Epoch: 00, Loss: 1.0470, Train: 68.02%, Valid: 65.49%, Test In: 66.11% Test OOD1: 62.22% Test OOD2: 52.46% Test OOD3: 60.96% 
Epoch: 01, Loss: 1.0447, Train: 70.08%, Valid: 66.82%, Test In: 67.97% Test OOD1: 62.72% Test OOD2: 52.61% Test OOD3: 62.07% 
Epoch: 02, Loss: 1.0424, Train: 69.58%, Valid: 65.91%, Test In: 67.31% Test OOD1: 59.25% Test OOD2: 53.00% Test OOD3: 61.17% 
Epoch: 03, Loss: 1.0397, Train: 66.27%, Valid: 62.66%, Test In: 64.06% Test OOD1: 54.31% Test OOD2: 52.80% Test OOD3: 58.15% 
Epoch: 04, Loss: 1.0363, Train: 61.99%, Valid: 58.87%, Test In: 60.33% Test OOD1: 50.57% Test OOD2: 52.44% Test OOD3: 55.12% 
Epoch: 05, Loss: 1.0322, Train: 57.78%, Valid: 55.29%, Test In: 56.83% Test OOD1: 47.90% Test OOD2: 52.02% Test OOD3: 52.68% 
Epoch: 06, Loss: 1.0273, Train: 54.50%, Valid: 52.58%, Test In: 54.14% Test OOD1: 46.19% Test OOD2: 51.65% Test OOD3: 50.96% 
Epoch: 07, Loss: 1.0218, Train: 52.08%, Valid: 50.59%, Test In: 52.12% Test OOD1: 45.04% Test OOD2: 51.34% Test OOD3: 49.76% 
Epoch: 08, Loss: 1.0159, Train: 50.64%, Valid: 49.40%, Test In: 50.94% Test OOD1: 44.41% Test OOD2: 51.15% Test OOD3: 49.06% 
Epoch: 09, Loss: 1.0103, Train: 50.44%, Valid: 49.24%, Test In: 50.80% Test OOD1: 44.33% Test OOD2: 51.11% Test OOD3: 48.94% 
Epoch: 10, Loss: 1.0059, Train: 52.03%, Valid: 50.55%, Test In: 52.18% Test OOD1: 45.04% Test OOD2: 51.28% Test OOD3: 49.61% 
Epoch: 11, Loss: 1.0029, Train: 56.72%, Valid: 54.42%, Test In: 56.16% Test OOD1: 47.41% Test OOD2: 51.79% Test OOD3: 51.71% 
Epoch: 12, Loss: 1.0009, Train: 65.00%, Valid: 61.49%, Test In: 63.11% Test OOD1: 53.27% Test OOD2: 52.61% Test OOD3: 56.28% 
Epoch: 13, Loss: 0.9985, Train: 70.77%, Valid: 66.76%, Test In: 68.49% Test OOD1: 61.95% Test OOD2: 52.63% Test OOD3: 61.26% 
Epoch: 14, Loss: 0.9947, Train: 70.10%, Valid: 66.64%, Test In: 67.66% Test OOD1: 64.20% Test OOD2: 51.85% Test OOD3: 61.53% 
Epoch: 15, Loss: 0.9899, Train: 68.47%, Valid: 65.66%, Test In: 66.09% Test OOD1: 63.80% Test OOD2: 51.46% Test OOD3: 60.92% 
Epoch: 16, Loss: 0.9847, Train: 67.67%, Valid: 65.15%, Test In: 65.33% Test OOD1: 63.55% Test OOD2: 51.28% Test OOD3: 60.55% 
Epoch: 17, Loss: 0.9798, Train: 67.30%, Valid: 64.92%, Test In: 64.97% Test OOD1: 63.45% Test OOD2: 51.19% Test OOD3: 60.38% 
Epoch: 18, Loss: 0.9753, Train: 67.20%, Valid: 64.90%, Test In: 64.88% Test OOD1: 63.45% Test OOD2: 51.15% Test OOD3: 60.33% 
Epoch: 19, Loss: 0.9709, Train: 67.35%, Valid: 65.05%, Test In: 65.02% Test OOD1: 63.55% Test OOD2: 51.16% Test OOD3: 60.40% 
Epoch: 20, Loss: 0.9663, Train: 67.66%, Valid: 65.32%, Test In: 65.32% Test OOD1: 63.73% Test OOD2: 51.21% Test OOD3: 60.56% 
Epoch: 21, Loss: 0.9612, Train: 68.03%, Valid: 65.64%, Test In: 65.67% Test OOD1: 63.92% Test OOD2: 51.25% Test OOD3: 60.73% 
Epoch: 22, Loss: 0.9555, Train: 68.56%, Valid: 66.09%, Test In: 66.16% Test OOD1: 64.20% Test OOD2: 51.33% Test OOD3: 60.98% 
Epoch: 23, Loss: 0.9494, Train: 69.24%, Valid: 66.63%, Test In: 66.78% Test OOD1: 64.54% Test OOD2: 51.42% Test OOD3: 61.29% 
Epoch: 24, Loss: 0.9431, Train: 69.88%, Valid: 67.14%, Test In: 67.35% Test OOD1: 64.87% Test OOD2: 51.50% Test OOD3: 61.58% 
Epoch: 25, Loss: 0.9369, Train: 70.87%, Valid: 67.88%, Test In: 68.24% Test OOD1: 65.37% Test OOD2: 51.67% Test OOD3: 62.04% 
Epoch: 26, Loss: 0.9316, Train: 71.10%, Valid: 68.07%, Test In: 68.40% Test OOD1: 65.51% Test OOD2: 51.67% Test OOD3: 62.14% 
Epoch: 27, Loss: 0.9267, Train: 71.98%, Valid: 68.73%, Test In: 69.18% Test OOD1: 65.90% Test OOD2: 51.83% Test OOD3: 62.54% 
Epoch: 28, Loss: 0.9204, Train: 72.86%, Valid: 69.38%, Test In: 69.93% Test OOD1: 66.17% Test OOD2: 52.05% Test OOD3: 62.94% 
Epoch: 29, Loss: 0.9165, Train: 72.93%, Valid: 69.45%, Test In: 69.96% Test OOD1: 66.30% Test OOD2: 52.01% Test OOD3: 62.97% 
Epoch: 30, Loss: 0.9113, Train: 73.65%, Valid: 69.96%, Test In: 70.53% Test OOD1: 66.35% Test OOD2: 52.25% Test OOD3: 63.27% 
Epoch: 31, Loss: 0.9072, Train: 74.05%, Valid: 70.24%, Test In: 70.82% Test OOD1: 66.38% Test OOD2: 52.37% Test OOD3: 63.43% 
Epoch: 32, Loss: 0.9045, Train: 74.27%, Valid: 70.34%, Test In: 70.92% Test OOD1: 66.47% Test OOD2: 52.43% Test OOD3: 63.50% 
Epoch: 33, Loss: 0.8995, Train: 74.59%, Valid: 70.49%, Test In: 71.09% Test OOD1: 66.48% Test OOD2: 52.56% Test OOD3: 63.60% 
Epoch: 34, Loss: 0.8980, Train: 74.84%, Valid: 70.60%, Test In: 71.22% Test OOD1: 66.49% Test OOD2: 52.64% Test OOD3: 63.66% 
Epoch: 35, Loss: 0.8945, Train: 75.09%, Valid: 70.67%, Test In: 71.31% Test OOD1: 66.50% Test OOD2: 52.72% Test OOD3: 63.70% 
Epoch: 36, Loss: 0.8906, Train: 75.25%, Valid: 70.69%, Test In: 71.32% Test OOD1: 66.59% Test OOD2: 52.78% Test OOD3: 63.73% 
Epoch: 37, Loss: 0.8893, Train: 75.39%, Valid: 70.69%, Test In: 71.34% Test OOD1: 66.70% Test OOD2: 52.82% Test OOD3: 63.75% 
Epoch: 38, Loss: 0.8852, Train: 75.61%, Valid: 70.71%, Test In: 71.38% Test OOD1: 66.67% Test OOD2: 52.90% Test OOD3: 63.76% 
Epoch: 39, Loss: 0.8824, Train: 75.73%, Valid: 70.67%, Test In: 71.33% Test OOD1: 66.79% Test OOD2: 52.94% Test OOD3: 63.76% 
Epoch: 40, Loss: 0.8805, Train: 75.82%, Valid: 70.65%, Test In: 71.31% Test OOD1: 66.91% Test OOD2: 52.94% Test OOD3: 63.76% 
Epoch: 41, Loss: 0.8764, Train: 76.05%, Valid: 70.67%, Test In: 71.34% Test OOD1: 66.80% Test OOD2: 53.02% Test OOD3: 63.71% 
Epoch: 42, Loss: 0.8738, Train: 76.16%, Valid: 70.61%, Test In: 71.28% Test OOD1: 66.87% Test OOD2: 53.05% Test OOD3: 63.69% 
Epoch: 43, Loss: 0.8713, Train: 76.26%, Valid: 70.58%, Test In: 71.27% Test OOD1: 66.96% Test OOD2: 53.03% Test OOD3: 63.67% 
Epoch: 44, Loss: 0.8671, Train: 76.48%, Valid: 70.60%, Test In: 71.30% Test OOD1: 66.81% Test OOD2: 53.10% Test OOD3: 63.60% 
Epoch: 45, Loss: 0.8646, Train: 76.58%, Valid: 70.55%, Test In: 71.24% Test OOD1: 66.79% Test OOD2: 53.11% Test OOD3: 63.55% 
Epoch: 46, Loss: 0.8618, Train: 76.74%, Valid: 70.62%, Test In: 71.29% Test OOD1: 66.81% Test OOD2: 53.07% Test OOD3: 63.51% 
Epoch: 47, Loss: 0.8579, Train: 76.81%, Valid: 70.46%, Test In: 71.18% Test OOD1: 66.57% Test OOD2: 53.12% Test OOD3: 63.42% 
Epoch: 48, Loss: 0.8558, Train: 77.04%, Valid: 70.58%, Test In: 71.23% Test OOD1: 66.57% Test OOD2: 53.08% Test OOD3: 63.40% 
Epoch: 49, Loss: 0.8519, Train: 77.20%, Valid: 70.64%, Test In: 71.26% Test OOD1: 66.50% Test OOD2: 53.06% Test OOD3: 63.36% 
Epoch: 50, Loss: 0.8483, Train: 77.25%, Valid: 70.50%, Test In: 71.13% Test OOD1: 66.25% Test OOD2: 53.06% Test OOD3: 63.28% 
Epoch: 51, Loss: 0.8451, Train: 77.46%, Valid: 70.58%, Test In: 71.16% Test OOD1: 66.24% Test OOD2: 53.04% Test OOD3: 63.27% 
Epoch: 52, Loss: 0.8414, Train: 77.69%, Valid: 70.70%, Test In: 71.23% Test OOD1: 66.12% Test OOD2: 53.02% Test OOD3: 63.23% 
Epoch: 53, Loss: 0.8389, Train: 77.72%, Valid: 70.55%, Test In: 71.10% Test OOD1: 65.95% Test OOD2: 53.00% Test OOD3: 63.16% 
Epoch: 54, Loss: 0.8342, Train: 77.93%, Valid: 70.59%, Test In: 71.13% Test OOD1: 65.88% Test OOD2: 52.98% Test OOD3: 63.13% 
Epoch: 55, Loss: 0.8300, Train: 78.15%, Valid: 70.67%, Test In: 71.20% Test OOD1: 65.75% Test OOD2: 52.95% Test OOD3: 63.08% 
Epoch: 56, Loss: 0.8278, Train: 78.15%, Valid: 70.51%, Test In: 71.04% Test OOD1: 65.61% Test OOD2: 52.92% Test OOD3: 62.99% 
Epoch: 57, Loss: 0.8253, Train: 78.46%, Valid: 70.67%, Test In: 71.20% Test OOD1: 65.55% Test OOD2: 52.87% Test OOD3: 62.99% 
Epoch: 58, Loss: 0.8210, Train: 78.55%, Valid: 70.55%, Test In: 71.10% Test OOD1: 65.43% Test OOD2: 52.84% Test OOD3: 62.90% 
Epoch: 59, Loss: 0.8155, Train: 78.66%, Valid: 70.51%, Test In: 71.06% Test OOD1: 65.33% Test OOD2: 52.79% Test OOD3: 62.83% 
Epoch: 60, Loss: 0.8118, Train: 78.94%, Valid: 70.66%, Test In: 71.23% Test OOD1: 65.29% Test OOD2: 52.74% Test OOD3: 62.85% 
Epoch: 61, Loss: 0.8100, Train: 78.94%, Valid: 70.44%, Test In: 71.03% Test OOD1: 65.19% Test OOD2: 52.68% Test OOD3: 62.70% 
Epoch: 62, Loss: 0.8052, Train: 79.25%, Valid: 70.51%, Test In: 71.10% Test OOD1: 65.15% Test OOD2: 52.65% Test OOD3: 62.68% 
Epoch: 63, Loss: 0.8017, Train: 79.41%, Valid: 70.48%, Test In: 71.09% Test OOD1: 65.10% Test OOD2: 52.59% Test OOD3: 62.62% 
Epoch: 64, Loss: 0.8008, Train: 79.41%, Valid: 70.38%, Test In: 70.97% Test OOD1: 65.09% Test OOD2: 52.52% Test OOD3: 62.53% 
Epoch: 65, Loss: 0.8002, Train: 79.72%, Valid: 70.56%, Test In: 71.18% Test OOD1: 64.95% Test OOD2: 52.51% Test OOD3: 62.57% 
Epoch: 66, Loss: 0.7956, Train: 79.84%, Valid: 70.40%, Test In: 70.97% Test OOD1: 64.97% Test OOD2: 52.44% Test OOD3: 62.46% 
Epoch: 67, Loss: 0.7865, Train: 79.76%, Valid: 70.31%, Test In: 70.93% Test OOD1: 64.85% Test OOD2: 52.36% Test OOD3: 62.40% 
Epoch: 68, Loss: 0.7872, Train: 80.08%, Valid: 70.55%, Test In: 71.13% Test OOD1: 65.00% Test OOD2: 52.36% Test OOD3: 62.56% 
Epoch: 69, Loss: 0.7870, Train: 80.30%, Valid: 70.41%, Test In: 70.98% Test OOD1: 64.73% Test OOD2: 52.34% Test OOD3: 62.38% 
Epoch: 70, Loss: 0.7760, Train: 79.79%, Valid: 70.16%, Test In: 70.82% Test OOD1: 64.67% Test OOD2: 52.22% Test OOD3: 62.26% 
Epoch: 71, Loss: 0.7839, Train: 80.47%, Valid: 70.51%, Test In: 71.12% Test OOD1: 64.83% Test OOD2: 52.24% Test OOD3: 62.46% 
Epoch: 72, Loss: 0.7752, Train: 80.77%, Valid: 70.57%, Test In: 71.17% Test OOD1: 64.58% Test OOD2: 52.27% Test OOD3: 62.39% 
Epoch: 73, Loss: 0.7742, Train: 80.28%, Valid: 70.19%, Test In: 70.86% Test OOD1: 64.60% Test OOD2: 52.11% Test OOD3: 62.23% 
Epoch: 74, Loss: 0.7683, Train: 80.56%, Valid: 70.22%, Test In: 70.88% Test OOD1: 64.42% Test OOD2: 52.13% Test OOD3: 62.17% 
Epoch: 75, Loss: 0.7631, Train: 81.08%, Valid: 70.49%, Test In: 71.12% Test OOD1: 64.44% Test OOD2: 52.13% Test OOD3: 62.29% 
Epoch: 76, Loss: 0.7608, Train: 80.85%, Valid: 70.40%, Test In: 71.04% Test OOD1: 64.72% Test OOD2: 52.02% Test OOD3: 62.35% 
Epoch: 77, Loss: 0.7617, Train: 81.09%, Valid: 70.25%, Test In: 70.93% Test OOD1: 64.26% Test OOD2: 52.09% Test OOD3: 62.12% 
Epoch: 78, Loss: 0.7544, Train: 80.98%, Valid: 70.19%, Test In: 70.88% Test OOD1: 64.10% Test OOD2: 52.02% Test OOD3: 62.02% 
Epoch: 79, Loss: 0.7516, Train: 81.34%, Valid: 70.37%, Test In: 71.02% Test OOD1: 64.60% Test OOD2: 51.97% Test OOD3: 62.26% 
Epoch: 80, Loss: 0.7475, Train: 81.76%, Valid: 70.44%, Test In: 71.10% Test OOD1: 64.25% Test OOD2: 52.02% Test OOD3: 62.14% 
Epoch: 81, Loss: 0.7461, Train: 81.35%, Valid: 70.19%, Test In: 70.87% Test OOD1: 64.08% Test OOD2: 51.96% Test OOD3: 61.97% 
Epoch: 82, Loss: 0.7435, Train: 81.76%, Valid: 70.24%, Test In: 70.96% Test OOD1: 64.17% Test OOD2: 52.03% Test OOD3: 62.03% 
Epoch: 83, Loss: 0.7401, Train: 81.99%, Valid: 70.39%, Test In: 71.06% Test OOD1: 64.10% Test OOD2: 51.91% Test OOD3: 62.05% 
Epoch: 84, Loss: 0.7358, Train: 82.06%, Valid: 70.33%, Test In: 71.01% Test OOD1: 64.15% Test OOD2: 51.91% Test OOD3: 62.05% 
Epoch: 85, Loss: 0.7285, Train: 82.09%, Valid: 70.18%, Test In: 70.95% Test OOD1: 63.93% Test OOD2: 52.00% Test OOD3: 61.92% 
Epoch: 86, Loss: 0.7307, Train: 82.31%, Valid: 70.32%, Test In: 71.00% Test OOD1: 63.94% Test OOD2: 51.85% Test OOD3: 61.95% 
Epoch: 87, Loss: 0.7254, Train: 82.68%, Valid: 70.38%, Test In: 71.07% Test OOD1: 64.08% Test OOD2: 51.91% Test OOD3: 62.00% 
Epoch: 88, Loss: 0.7222, Train: 82.46%, Valid: 70.16%, Test In: 70.91% Test OOD1: 63.87% Test OOD2: 51.90% Test OOD3: 61.85% 
Epoch: 89, Loss: 0.7205, Train: 82.82%, Valid: 70.30%, Test In: 70.99% Test OOD1: 63.74% Test OOD2: 51.83% Test OOD3: 61.83% 
Epoch: 90, Loss: 0.7174, Train: 83.05%, Valid: 70.34%, Test In: 71.04% Test OOD1: 64.18% Test OOD2: 51.86% Test OOD3: 61.99% 
Epoch: 91, Loss: 0.7193, Train: 82.84%, Valid: 70.19%, Test In: 70.93% Test OOD1: 63.58% Test OOD2: 51.81% Test OOD3: 61.74% 
Epoch: 92, Loss: 0.7134, Train: 83.40%, Valid: 70.32%, Test In: 71.04% Test OOD1: 63.79% Test OOD2: 51.86% Test OOD3: 61.84% 
Epoch: 93, Loss: 0.7019, Train: 83.39%, Valid: 70.31%, Test In: 71.01% Test OOD1: 64.00% Test OOD2: 51.77% Test OOD3: 61.91% 
Epoch: 94, Loss: 0.6984, Train: 83.44%, Valid: 70.21%, Test In: 70.95% Test OOD1: 63.31% Test OOD2: 51.78% Test OOD3: 61.59% 
Epoch: 95, Loss: 0.7004, Train: 83.84%, Valid: 70.31%, Test In: 71.02% Test OOD1: 63.96% Test OOD2: 51.79% Test OOD3: 61.85% 
Epoch: 96, Loss: 0.6974, Train: 83.80%, Valid: 70.23%, Test In: 70.93% Test OOD1: 63.58% Test OOD2: 51.73% Test OOD3: 61.66% 
Epoch: 97, Loss: 0.6876, Train: 84.21%, Valid: 70.22%, Test In: 70.95% Test OOD1: 63.25% Test OOD2: 51.80% Test OOD3: 61.53% 
Epoch: 98, Loss: 0.6842, Train: 84.12%, Valid: 70.22%, Test In: 70.91% Test OOD1: 64.06% Test OOD2: 51.74% Test OOD3: 61.83% 
Epoch: 99, Loss: 0.6885, Train: 84.37%, Valid: 70.13%, Test In: 70.86% Test OOD1: 62.83% Test OOD2: 51.75% Test OOD3: 61.34% 
Epoch: 100, Loss: 0.6855, Train: 84.60%, Valid: 70.24%, Test In: 70.93% Test OOD1: 63.87% Test OOD2: 51.76% Test OOD3: 61.75% 
Epoch: 101, Loss: 0.6762, Train: 84.72%, Valid: 70.15%, Test In: 70.85% Test OOD1: 63.31% Test OOD2: 51.72% Test OOD3: 61.50% 
Epoch: 102, Loss: 0.6644, Train: 85.12%, Valid: 70.17%, Test In: 70.85% Test OOD1: 63.08% Test OOD2: 51.76% Test OOD3: 61.39% 
Epoch: 103, Loss: 0.6614, Train: 85.09%, Valid: 70.14%, Test In: 70.82% Test OOD1: 63.75% Test OOD2: 51.75% Test OOD3: 61.64% 
Epoch: 104, Loss: 0.6622, Train: 85.30%, Valid: 70.06%, Test In: 70.76% Test OOD1: 62.76% Test OOD2: 51.71% Test OOD3: 61.21% 
Epoch: 105, Loss: 0.6608, Train: 85.53%, Valid: 70.18%, Test In: 70.86% Test OOD1: 63.76% Test OOD2: 51.76% Test OOD3: 61.63% 
Epoch: 106, Loss: 0.6626, Train: 85.50%, Valid: 70.01%, Test In: 70.70% Test OOD1: 62.90% Test OOD2: 51.69% Test OOD3: 61.24% 
Epoch: 107, Loss: 0.6535, Train: 86.10%, Valid: 70.16%, Test In: 70.82% Test OOD1: 63.21% Test OOD2: 51.74% Test OOD3: 61.38% 
Epoch: 108, Loss: 0.6436, Train: 86.11%, Valid: 70.05%, Test In: 70.73% Test OOD1: 63.26% Test OOD2: 51.70% Test OOD3: 61.38% 
Epoch: 109, Loss: 0.6340, Train: 86.27%, Valid: 69.98%, Test In: 70.67% Test OOD1: 62.64% Test OOD2: 51.68% Test OOD3: 61.09% 
Epoch: 110, Loss: 0.6348, Train: 86.49%, Valid: 70.08%, Test In: 70.77% Test OOD1: 63.51% Test OOD2: 51.70% Test OOD3: 61.47% 
Epoch: 111, Loss: 0.6404, Train: 86.59%, Valid: 69.93%, Test In: 70.60% Test OOD1: 62.68% Test OOD2: 51.66% Test OOD3: 61.08% 
Epoch: 112, Loss: 0.6312, Train: 87.03%, Valid: 69.98%, Test In: 70.65% Test OOD1: 63.11% Test OOD2: 51.67% Test OOD3: 61.27% 
Epoch: 113, Loss: 0.6219, Train: 87.19%, Valid: 70.01%, Test In: 70.67% Test OOD1: 62.99% Test OOD2: 51.63% Test OOD3: 61.23% 
Epoch: 114, Loss: 0.6164, Train: 87.27%, Valid: 69.90%, Test In: 70.54% Test OOD1: 62.73% Test OOD2: 51.64% Test OOD3: 61.10% 
Epoch: 115, Loss: 0.6118, Train: 87.66%, Valid: 70.01%, Test In: 70.67% Test OOD1: 63.15% Test OOD2: 51.64% Test OOD3: 61.26% 
Epoch: 116, Loss: 0.6107, Train: 87.58%, Valid: 69.86%, Test In: 70.46% Test OOD1: 62.51% Test OOD2: 51.61% Test OOD3: 60.95% 
Epoch: 117, Loss: 0.6086, Train: 88.18%, Valid: 69.92%, Test In: 70.59% Test OOD1: 63.01% Test OOD2: 51.65% Test OOD3: 61.22% 
Epoch: 118, Loss: 0.6091, Train: 88.12%, Valid: 69.87%, Test In: 70.52% Test OOD1: 62.59% Test OOD2: 51.56% Test OOD3: 61.00% 
Epoch: 119, Loss: 0.6005, Train: 88.47%, Valid: 69.79%, Test In: 70.48% Test OOD1: 62.51% Test OOD2: 51.59% Test OOD3: 60.98% 
Epoch: 120, Loss: 0.5981, Train: 88.58%, Valid: 69.88%, Test In: 70.61% Test OOD1: 63.09% Test OOD2: 51.55% Test OOD3: 61.24% 
Epoch: 121, Loss: 0.6041, Train: 88.62%, Valid: 69.71%, Test In: 70.41% Test OOD1: 62.28% Test OOD2: 51.56% Test OOD3: 60.84% 
Epoch: 122, Loss: 0.5950, Train: 89.11%, Valid: 69.82%, Test In: 70.57% Test OOD1: 62.89% Test OOD2: 51.57% Test OOD3: 61.13% 
Epoch: 123, Loss: 0.5804, Train: 89.19%, Valid: 69.74%, Test In: 70.47% Test OOD1: 62.59% Test OOD2: 51.56% Test OOD3: 60.96% 
Epoch: 124, Loss: 0.5707, Train: 89.38%, Valid: 69.66%, Test In: 70.37% Test OOD1: 62.27% Test OOD2: 51.59% Test OOD3: 60.80% 
Epoch: 125, Loss: 0.5755, Train: 89.66%, Valid: 69.76%, Test In: 70.50% Test OOD1: 62.81% Test OOD2: 51.59% Test OOD3: 61.07% 
Epoch: 126, Loss: 0.5807, Train: 89.55%, Valid: 69.60%, Test In: 70.29% Test OOD1: 62.28% Test OOD2: 51.60% Test OOD3: 60.81% 
Epoch: 127, Loss: 0.5725, Train: 90.21%, Valid: 69.69%, Test In: 70.42% Test OOD1: 62.39% Test OOD2: 51.62% Test OOD3: 60.91% 
Epoch: 128, Loss: 0.5644, Train: 90.03%, Valid: 69.63%, Test In: 70.32% Test OOD1: 62.63% Test OOD2: 51.60% Test OOD3: 60.99% 
Epoch: 129, Loss: 0.5575, Train: 90.38%, Valid: 69.56%, Test In: 70.26% Test OOD1: 62.05% Test OOD2: 51.64% Test OOD3: 60.74% 
Epoch: 130, Loss: 0.5544, Train: 90.56%, Valid: 69.63%, Test In: 70.35% Test OOD1: 62.71% Test OOD2: 51.62% Test OOD3: 61.05% 
Epoch: 131, Loss: 0.5567, Train: 90.39%, Valid: 69.47%, Test In: 70.16% Test OOD1: 62.10% Test OOD2: 51.64% Test OOD3: 60.72% 
Epoch: 132, Loss: 0.5566, Train: 91.12%, Valid: 69.60%, Test In: 70.30% Test OOD1: 62.37% Test OOD2: 51.66% Test OOD3: 60.88% 
Epoch: 133, Loss: 0.5558, Train: 90.90%, Valid: 69.49%, Test In: 70.15% Test OOD1: 62.29% Test OOD2: 51.63% Test OOD3: 60.78% 
Epoch: 134, Loss: 0.5435, Train: 91.36%, Valid: 69.48%, Test In: 70.14% Test OOD1: 61.84% Test OOD2: 51.65% Test OOD3: 60.60% 
Epoch: 135, Loss: 0.5373, Train: 91.42%, Valid: 69.53%, Test In: 70.21% Test OOD1: 62.50% Test OOD2: 51.64% Test OOD3: 60.94% 
Epoch: 136, Loss: 0.5401, Train: 91.40%, Valid: 69.40%, Test In: 70.06% Test OOD1: 61.83% Test OOD2: 51.64% Test OOD3: 60.62% 
Epoch: 137, Loss: 0.5389, Train: 91.74%, Valid: 69.52%, Test In: 70.17% Test OOD1: 62.43% Test OOD2: 51.63% Test OOD3: 60.89% 
Epoch: 138, Loss: 0.5346, Train: 91.82%, Valid: 69.45%, Test In: 70.06% Test OOD1: 62.10% Test OOD2: 51.64% Test OOD3: 60.70% 
Epoch: 139, Loss: 0.5246, Train: 92.05%, Valid: 69.44%, Test In: 70.04% Test OOD1: 61.97% Test OOD2: 51.64% Test OOD3: 60.61% 
Epoch: 140, Loss: 0.5197, Train: 92.27%, Valid: 69.48%, Test In: 70.06% Test OOD1: 62.34% Test OOD2: 51.65% Test OOD3: 60.78% 
Epoch: 141, Loss: 0.5215, Train: 92.19%, Valid: 69.35%, Test In: 69.90% Test OOD1: 61.67% Test OOD2: 51.66% Test OOD3: 60.40% 
Epoch: 142, Loss: 0.5239, Train: 92.54%, Valid: 69.48%, Test In: 70.06% Test OOD1: 62.36% Test OOD2: 51.66% Test OOD3: 60.78% 
Epoch: 143, Loss: 0.5269, Train: 92.56%, Valid: 69.34%, Test In: 69.88% Test OOD1: 61.65% Test OOD2: 51.68% Test OOD3: 60.39% 
Epoch: 144, Loss: 0.5163, Train: 92.70%, Valid: 69.43%, Test In: 69.96% Test OOD1: 62.17% Test OOD2: 51.66% Test OOD3: 60.62% 
Epoch: 145, Loss: 0.5111, Train: 92.98%, Valid: 69.41%, Test In: 69.95% Test OOD1: 62.15% Test OOD2: 51.70% Test OOD3: 60.63% 
Epoch: 146, Loss: 0.5099, Train: 92.91%, Valid: 69.33%, Test In: 69.84% Test OOD1: 61.84% Test OOD2: 51.70% Test OOD3: 60.43% 
Epoch: 147, Loss: 0.5105, Train: 93.16%, Valid: 69.43%, Test In: 69.96% Test OOD1: 62.35% Test OOD2: 51.70% Test OOD3: 60.70% 
Epoch: 148, Loss: 0.5124, Train: 93.32%, Valid: 69.31%, Test In: 69.80% Test OOD1: 61.53% Test OOD2: 51.73% Test OOD3: 60.28% 
Epoch: 149, Loss: 0.5046, Train: 93.24%, Valid: 69.43%, Test In: 69.87% Test OOD1: 62.23% Test OOD2: 51.68% Test OOD3: 60.55% 
Epoch: 150, Loss: 0.4978, Train: 93.70%, Valid: 69.42%, Test In: 69.82% Test OOD1: 61.80% Test OOD2: 51.73% Test OOD3: 60.39% 
Epoch: 151, Loss: 0.4949, Train: 93.44%, Valid: 69.38%, Test In: 69.76% Test OOD1: 61.97% Test OOD2: 51.69% Test OOD3: 60.40% 
Epoch: 152, Loss: 0.4986, Train: 93.92%, Valid: 69.44%, Test In: 69.85% Test OOD1: 61.90% Test OOD2: 51.75% Test OOD3: 60.46% 
Epoch: 153, Loss: 0.5023, Train: 93.73%, Valid: 69.33%, Test In: 69.71% Test OOD1: 61.66% Test OOD2: 51.72% Test OOD3: 60.30% 
Epoch: 154, Loss: 0.4933, Train: 94.05%, Valid: 69.44%, Test In: 69.81% Test OOD1: 61.96% Test OOD2: 51.71% Test OOD3: 60.45% 
Epoch: 155, Loss: 0.4817, Train: 94.07%, Valid: 69.38%, Test In: 69.71% Test OOD1: 61.83% Test OOD2: 51.70% Test OOD3: 60.36% 
Epoch: 156, Loss: 0.4758, Train: 94.12%, Valid: 69.37%, Test In: 69.69% Test OOD1: 61.87% Test OOD2: 51.68% Test OOD3: 60.34% 
Epoch: 157, Loss: 0.4803, Train: 94.41%, Valid: 69.37%, Test In: 69.70% Test OOD1: 61.71% Test OOD2: 51.71% Test OOD3: 60.32% 
Epoch: 158, Loss: 0.4860, Train: 94.19%, Valid: 69.32%, Test In: 69.63% Test OOD1: 61.71% Test OOD2: 51.69% Test OOD3: 60.27% 
Epoch: 159, Loss: 0.4873, Train: 94.68%, Valid: 69.38%, Test In: 69.68% Test OOD1: 61.64% Test OOD2: 51.74% Test OOD3: 60.29% 
Epoch: 160, Loss: 0.4807, Train: 94.42%, Valid: 69.34%, Test In: 69.60% Test OOD1: 61.82% Test OOD2: 51.69% Test OOD3: 60.33% 
Epoch: 161, Loss: 0.4698, Train: 94.83%, Valid: 69.38%, Test In: 69.61% Test OOD1: 61.65% Test OOD2: 51.72% Test OOD3: 60.27% 
Epoch: 162, Loss: 0.4646, Train: 94.77%, Valid: 69.35%, Test In: 69.59% Test OOD1: 61.77% Test OOD2: 51.70% Test OOD3: 60.33% 
Epoch: 163, Loss: 0.4644, Train: 94.75%, Valid: 69.33%, Test In: 69.56% Test OOD1: 61.70% Test OOD2: 51.70% Test OOD3: 60.29% 
Epoch: 164, Loss: 0.4676, Train: 95.00%, Valid: 69.36%, Test In: 69.58% Test OOD1: 61.74% Test OOD2: 51.71% Test OOD3: 60.31% 
Epoch: 165, Loss: 0.4673, Train: 94.84%, Valid: 69.28%, Test In: 69.45% Test OOD1: 61.66% Test OOD2: 51.67% Test OOD3: 60.18% 
Epoch: 166, Loss: 0.4636, Train: 95.34%, Valid: 69.36%, Test In: 69.51% Test OOD1: 61.63% Test OOD2: 51.68% Test OOD3: 60.18% 
Epoch: 167, Loss: 0.4632, Train: 95.02%, Valid: 69.24%, Test In: 69.35% Test OOD1: 61.60% Test OOD2: 51.62% Test OOD3: 60.09% 
Epoch: 168, Loss: 0.4587, Train: 95.41%, Valid: 69.31%, Test In: 69.42% Test OOD1: 61.55% Test OOD2: 51.66% Test OOD3: 60.09% 
Epoch: 169, Loss: 0.4566, Train: 95.27%, Valid: 69.29%, Test In: 69.41% Test OOD1: 61.79% Test OOD2: 51.63% Test OOD3: 60.22% 
Epoch: 170, Loss: 0.4544, Train: 95.43%, Valid: 69.21%, Test In: 69.31% Test OOD1: 61.40% Test OOD2: 51.66% Test OOD3: 60.03% 
Epoch: 171, Loss: 0.4539, Train: 95.54%, Valid: 69.31%, Test In: 69.45% Test OOD1: 61.90% Test OOD2: 51.64% Test OOD3: 60.29% 
Epoch: 172, Loss: 0.4538, Train: 95.55%, Valid: 69.16%, Test In: 69.28% Test OOD1: 61.36% Test OOD2: 51.66% Test OOD3: 60.01% 
Epoch: 173, Loss: 0.4488, Train: 95.66%, Valid: 69.26%, Test In: 69.40% Test OOD1: 61.77% Test OOD2: 51.65% Test OOD3: 60.18% 
Epoch: 174, Loss: 0.4443, Train: 95.76%, Valid: 69.19%, Test In: 69.33% Test OOD1: 61.51% Test OOD2: 51.65% Test OOD3: 60.04% 
Epoch: 175, Loss: 0.4386, Train: 95.81%, Valid: 69.16%, Test In: 69.27% Test OOD1: 61.43% Test OOD2: 51.66% Test OOD3: 59.95% 
Epoch: 176, Loss: 0.4372, Train: 95.95%, Valid: 69.24%, Test In: 69.35% Test OOD1: 61.70% Test OOD2: 51.65% Test OOD3: 60.10% 
Epoch: 177, Loss: 0.4398, Train: 95.93%, Valid: 69.05%, Test In: 69.15% Test OOD1: 61.16% Test OOD2: 51.66% Test OOD3: 59.83% 
Epoch: 178, Loss: 0.4423, Train: 96.01%, Valid: 69.25%, Test In: 69.37% Test OOD1: 61.88% Test OOD2: 51.64% Test OOD3: 60.17% 
Epoch: 179, Loss: 0.4477, Train: 96.05%, Valid: 69.03%, Test In: 69.13% Test OOD1: 61.13% Test OOD2: 51.65% Test OOD3: 59.80% 
Epoch: 180, Loss: 0.4415, Train: 96.10%, Valid: 69.19%, Test In: 69.30% Test OOD1: 61.80% Test OOD2: 51.61% Test OOD3: 60.08% 
Epoch: 181, Loss: 0.4338, Train: 96.29%, Valid: 69.09%, Test In: 69.19% Test OOD1: 61.35% Test OOD2: 51.62% Test OOD3: 59.88% 
Epoch: 182, Loss: 0.4252, Train: 96.23%, Valid: 69.08%, Test In: 69.16% Test OOD1: 61.41% Test OOD2: 51.61% Test OOD3: 59.88% 
Epoch: 183, Loss: 0.4223, Train: 96.42%, Valid: 69.15%, Test In: 69.26% Test OOD1: 61.57% Test OOD2: 51.62% Test OOD3: 59.99% 
Epoch: 184, Loss: 0.4228, Train: 96.39%, Valid: 69.00%, Test In: 69.10% Test OOD1: 61.22% Test OOD2: 51.63% Test OOD3: 59.80% 
Epoch: 185, Loss: 0.4219, Train: 96.41%, Valid: 69.12%, Test In: 69.21% Test OOD1: 61.74% Test OOD2: 51.60% Test OOD3: 60.02% 
Epoch: 186, Loss: 0.4238, Train: 96.62%, Valid: 69.02%, Test In: 69.09% Test OOD1: 61.22% Test OOD2: 51.62% Test OOD3: 59.79% 
Epoch: 187, Loss: 0.4259, Train: 96.41%, Valid: 69.07%, Test In: 69.16% Test OOD1: 61.72% Test OOD2: 51.57% Test OOD3: 59.98% 
Epoch: 188, Loss: 0.4275, Train: 96.79%, Valid: 69.03%, Test In: 69.12% Test OOD1: 61.18% Test OOD2: 51.62% Test OOD3: 59.78% 
Epoch: 189, Loss: 0.4240, Train: 96.56%, Valid: 69.00%, Test In: 69.08% Test OOD1: 61.44% Test OOD2: 51.58% Test OOD3: 59.83% 
Epoch: 190, Loss: 0.4173, Train: 96.88%, Valid: 69.05%, Test In: 69.12% Test OOD1: 61.33% Test OOD2: 51.60% Test OOD3: 59.81% 
Epoch: 191, Loss: 0.4127, Train: 96.77%, Valid: 68.93%, Test In: 68.99% Test OOD1: 61.23% Test OOD2: 51.59% Test OOD3: 59.70% 
Epoch: 192, Loss: 0.4069, Train: 96.90%, Valid: 69.01%, Test In: 69.08% Test OOD1: 61.46% Test OOD2: 51.58% Test OOD3: 59.84% 
Epoch: 193, Loss: 0.4055, Train: 97.00%, Valid: 68.92%, Test In: 69.00% Test OOD1: 61.12% Test OOD2: 51.62% Test OOD3: 59.70% 
Epoch: 194, Loss: 0.4079, Train: 96.83%, Valid: 68.96%, Test In: 69.07% Test OOD1: 61.55% Test OOD2: 51.59% Test OOD3: 59.87% 
Epoch: 195, Loss: 0.4134, Train: 97.15%, Valid: 68.97%, Test In: 69.03% Test OOD1: 61.21% Test OOD2: 51.62% Test OOD3: 59.75% 
Epoch: 196, Loss: 0.4148, Train: 96.90%, Valid: 68.98%, Test In: 69.05% Test OOD1: 61.60% Test OOD2: 51.58% Test OOD3: 59.86% 
Epoch: 197, Loss: 0.4097, Train: 97.23%, Valid: 68.95%, Test In: 68.98% Test OOD1: 61.18% Test OOD2: 51.61% Test OOD3: 59.68% 
Epoch: 198, Loss: 0.4003, Train: 97.16%, Valid: 68.96%, Test In: 69.00% Test OOD1: 61.39% Test OOD2: 51.58% Test OOD3: 59.74% 
Epoch: 199, Loss: 0.3926, Train: 97.25%, Valid: 68.90%, Test In: 68.94% Test OOD1: 61.19% Test OOD2: 51.59% Test OOD3: 59.66% 
Run 01:
Highest Train: 97.25
Highest Valid: 70.71
Highest In Test: 71.38
Highest OOD Test: 66.96
Highest OOD Test: 53.12
Highest OOD Test: 63.76
Chosen epoch: 39
Final Train: 75.61
Final In Test: 71.38
Final OOD Test: 66.67
Final OOD Test: 52.90
Final OOD Test: 63.76
Epoch: 00, Loss: 1.0542, Train: 52.45%, Valid: 51.15%, Test In: 52.21% Test OOD1: 46.69% Test OOD2: 51.59% Test OOD3: 51.86% 
Epoch: 01, Loss: 1.0516, Train: 59.78%, Valid: 57.38%, Test In: 58.84% Test OOD1: 50.19% Test OOD2: 52.19% Test OOD3: 55.44% 
Epoch: 02, Loss: 1.0489, Train: 60.51%, Valid: 58.10%, Test In: 59.58% Test OOD1: 49.97% Test OOD2: 52.15% Test OOD3: 55.22% 
Epoch: 03, Loss: 1.0454, Train: 59.11%, Valid: 57.00%, Test In: 58.53% Test OOD1: 48.68% Test OOD2: 51.89% Test OOD3: 53.73% 
Epoch: 04, Loss: 1.0409, Train: 56.98%, Valid: 55.18%, Test In: 56.67% Test OOD1: 47.11% Test OOD2: 51.56% Test OOD3: 52.00% 
Epoch: 05, Loss: 1.0354, Train: 54.52%, Valid: 53.03%, Test In: 54.50% Test OOD1: 45.72% Test OOD2: 51.27% Test OOD3: 50.53% 
Epoch: 06, Loss: 1.0292, Train: 52.49%, Valid: 51.28%, Test In: 52.77% Test OOD1: 44.75% Test OOD2: 51.04% Test OOD3: 49.46% 
Epoch: 07, Loss: 1.0226, Train: 51.39%, Valid: 50.34%, Test In: 51.81% Test OOD1: 44.25% Test OOD2: 50.91% Test OOD3: 48.84% 
Epoch: 08, Loss: 1.0165, Train: 51.39%, Valid: 50.32%, Test In: 51.80% Test OOD1: 44.19% Test OOD2: 50.88% Test OOD3: 48.70% 
Epoch: 09, Loss: 1.0112, Train: 52.25%, Valid: 51.01%, Test In: 52.54% Test OOD1: 44.50% Test OOD2: 50.95% Test OOD3: 48.94% 
Epoch: 10, Loss: 1.0071, Train: 54.38%, Valid: 52.76%, Test In: 54.34% Test OOD1: 45.38% Test OOD2: 51.15% Test OOD3: 49.76% 
Epoch: 11, Loss: 1.0041, Train: 59.06%, Valid: 56.66%, Test In: 58.24% Test OOD1: 47.65% Test OOD2: 51.60% Test OOD3: 51.81% 
Epoch: 12, Loss: 1.0017, Train: 66.04%, Valid: 62.67%, Test In: 64.09% Test OOD1: 52.75% Test OOD2: 52.22% Test OOD3: 55.83% 
Epoch: 13, Loss: 0.9990, Train: 70.99%, Valid: 67.09%, Test In: 68.65% Test OOD1: 60.65% Test OOD2: 52.38% Test OOD3: 60.63% 
Epoch: 14, Loss: 0.9953, Train: 71.01%, Valid: 67.32%, Test In: 68.42% Test OOD1: 64.23% Test OOD2: 51.78% Test OOD3: 61.59% 
Epoch: 15, Loss: 0.9908, Train: 69.01%, Valid: 66.09%, Test In: 66.58% Test OOD1: 63.96% Test OOD2: 51.39% Test OOD3: 60.93% 
Epoch: 16, Loss: 0.9860, Train: 67.81%, Valid: 65.27%, Test In: 65.41% Test OOD1: 63.58% Test OOD2: 51.21% Test OOD3: 60.42% 
Epoch: 17, Loss: 0.9813, Train: 67.16%, Valid: 64.84%, Test In: 64.81% Test OOD1: 63.37% Test OOD2: 51.13% Test OOD3: 60.14% 
Epoch: 18, Loss: 0.9768, Train: 66.90%, Valid: 64.66%, Test In: 64.56% Test OOD1: 63.31% Test OOD2: 51.10% Test OOD3: 60.03% 
Epoch: 19, Loss: 0.9726, Train: 66.89%, Valid: 64.67%, Test In: 64.55% Test OOD1: 63.33% Test OOD2: 51.11% Test OOD3: 60.04% 
Epoch: 20, Loss: 0.9683, Train: 67.02%, Valid: 64.79%, Test In: 64.66% Test OOD1: 63.41% Test OOD2: 51.14% Test OOD3: 60.11% 
Epoch: 21, Loss: 0.9638, Train: 67.22%, Valid: 64.96%, Test In: 64.85% Test OOD1: 63.52% Test OOD2: 51.17% Test OOD3: 60.20% 
Epoch: 22, Loss: 0.9590, Train: 67.54%, Valid: 65.23%, Test In: 65.15% Test OOD1: 63.68% Test OOD2: 51.20% Test OOD3: 60.35% 
Epoch: 23, Loss: 0.9539, Train: 68.04%, Valid: 65.63%, Test In: 65.61% Test OOD1: 63.91% Test OOD2: 51.27% Test OOD3: 60.56% 
Epoch: 24, Loss: 0.9482, Train: 68.64%, Valid: 66.11%, Test In: 66.15% Test OOD1: 64.17% Test OOD2: 51.34% Test OOD3: 60.81% 
Epoch: 25, Loss: 0.9423, Train: 69.28%, Valid: 66.64%, Test In: 66.73% Test OOD1: 64.51% Test OOD2: 51.41% Test OOD3: 61.11% 
Epoch: 26, Loss: 0.9365, Train: 70.08%, Valid: 67.25%, Test In: 67.44% Test OOD1: 64.84% Test OOD2: 51.54% Test OOD3: 61.45% 
Epoch: 27, Loss: 0.9311, Train: 70.75%, Valid: 67.77%, Test In: 68.03% Test OOD1: 65.24% Test OOD2: 51.60% Test OOD3: 61.79% 
Epoch: 28, Loss: 0.9256, Train: 71.60%, Valid: 68.39%, Test In: 68.74% Test OOD1: 65.58% Test OOD2: 51.78% Test OOD3: 62.18% 
Epoch: 29, Loss: 0.9198, Train: 72.32%, Valid: 68.92%, Test In: 69.32% Test OOD1: 65.93% Test OOD2: 51.91% Test OOD3: 62.55% 
Epoch: 30, Loss: 0.9139, Train: 73.01%, Valid: 69.40%, Test In: 69.87% Test OOD1: 66.24% Test OOD2: 52.05% Test OOD3: 62.90% 
Epoch: 31, Loss: 0.9084, Train: 73.72%, Valid: 69.86%, Test In: 70.36% Test OOD1: 66.35% Test OOD2: 52.29% Test OOD3: 63.22% 
Epoch: 32, Loss: 0.9041, Train: 74.16%, Valid: 70.19%, Test In: 70.73% Test OOD1: 66.51% Test OOD2: 52.35% Test OOD3: 63.43% 
Epoch: 33, Loss: 0.9019, Train: 74.45%, Valid: 70.30%, Test In: 70.86% Test OOD1: 66.49% Test OOD2: 52.48% Test OOD3: 63.51% 
Epoch: 34, Loss: 0.8967, Train: 74.84%, Valid: 70.49%, Test In: 71.07% Test OOD1: 66.41% Test OOD2: 52.62% Test OOD3: 63.61% 
Epoch: 35, Loss: 0.8929, Train: 75.09%, Valid: 70.64%, Test In: 71.24% Test OOD1: 66.44% Test OOD2: 52.66% Test OOD3: 63.65% 
Epoch: 36, Loss: 0.8918, Train: 75.27%, Valid: 70.65%, Test In: 71.24% Test OOD1: 66.44% Test OOD2: 52.73% Test OOD3: 63.68% 
Epoch: 37, Loss: 0.8857, Train: 75.40%, Valid: 70.62%, Test In: 71.22% Test OOD1: 66.51% Test OOD2: 52.80% Test OOD3: 63.71% 
Epoch: 38, Loss: 0.8851, Train: 75.55%, Valid: 70.65%, Test In: 71.27% Test OOD1: 66.62% Test OOD2: 52.82% Test OOD3: 63.72% 
Epoch: 39, Loss: 0.8800, Train: 75.73%, Valid: 70.66%, Test In: 71.30% Test OOD1: 66.57% Test OOD2: 52.90% Test OOD3: 63.70% 
Epoch: 40, Loss: 0.8776, Train: 75.85%, Valid: 70.61%, Test In: 71.25% Test OOD1: 66.61% Test OOD2: 52.95% Test OOD3: 63.70% 
Epoch: 41, Loss: 0.8749, Train: 75.96%, Valid: 70.62%, Test In: 71.26% Test OOD1: 66.76% Test OOD2: 52.93% Test OOD3: 63.69% 
Epoch: 42, Loss: 0.8706, Train: 76.12%, Valid: 70.62%, Test In: 71.27% Test OOD1: 66.71% Test OOD2: 53.00% Test OOD3: 63.65% 
Epoch: 43, Loss: 0.8690, Train: 76.28%, Valid: 70.59%, Test In: 71.24% Test OOD1: 66.58% Test OOD2: 53.08% Test OOD3: 63.59% 
Epoch: 44, Loss: 0.8646, Train: 76.38%, Valid: 70.58%, Test In: 71.21% Test OOD1: 66.70% Test OOD2: 53.06% Test OOD3: 63.58% 
Epoch: 45, Loss: 0.8624, Train: 76.49%, Valid: 70.54%, Test In: 71.20% Test OOD1: 66.67% Test OOD2: 53.06% Test OOD3: 63.54% 
Epoch: 46, Loss: 0.8591, Train: 76.74%, Valid: 70.58%, Test In: 71.21% Test OOD1: 66.42% Test OOD2: 53.12% Test OOD3: 63.43% 
Epoch: 47, Loss: 0.8557, Train: 76.80%, Valid: 70.49%, Test In: 71.12% Test OOD1: 66.40% Test OOD2: 53.10% Test OOD3: 63.39% 
Epoch: 48, Loss: 0.8533, Train: 76.95%, Valid: 70.58%, Test In: 71.14% Test OOD1: 66.45% Test OOD2: 53.03% Test OOD3: 63.37% 
Epoch: 49, Loss: 0.8498, Train: 77.06%, Valid: 70.46%, Test In: 71.06% Test OOD1: 66.10% Test OOD2: 53.10% Test OOD3: 63.25% 
Epoch: 50, Loss: 0.8480, Train: 77.34%, Valid: 70.64%, Test In: 71.13% Test OOD1: 66.08% Test OOD2: 53.07% Test OOD3: 63.24% 
Epoch: 51, Loss: 0.8448, Train: 77.38%, Valid: 70.57%, Test In: 71.05% Test OOD1: 66.13% Test OOD2: 53.01% Test OOD3: 63.23% 
Epoch: 52, Loss: 0.8403, Train: 77.52%, Valid: 70.51%, Test In: 71.00% Test OOD1: 65.80% Test OOD2: 53.05% Test OOD3: 63.13% 
Epoch: 53, Loss: 0.8387, Train: 77.83%, Valid: 70.68%, Test In: 71.11% Test OOD1: 65.73% Test OOD2: 53.04% Test OOD3: 63.12% 
Epoch: 54, Loss: 0.8355, Train: 77.87%, Valid: 70.60%, Test In: 71.05% Test OOD1: 65.81% Test OOD2: 52.98% Test OOD3: 63.12% 
Epoch: 55, Loss: 0.8310, Train: 77.99%, Valid: 70.50%, Test In: 70.97% Test OOD1: 65.42% Test OOD2: 53.00% Test OOD3: 62.99% 
Epoch: 56, Loss: 0.8295, Train: 78.30%, Valid: 70.67%, Test In: 71.11% Test OOD1: 65.38% Test OOD2: 52.98% Test OOD3: 63.01% 
Epoch: 57, Loss: 0.8265, Train: 78.34%, Valid: 70.59%, Test In: 71.03% Test OOD1: 65.47% Test OOD2: 52.90% Test OOD3: 63.01% 
Epoch: 58, Loss: 0.8217, Train: 78.48%, Valid: 70.47%, Test In: 70.94% Test OOD1: 64.98% Test OOD2: 52.92% Test OOD3: 62.84% 
Epoch: 59, Loss: 0.8207, Train: 78.72%, Valid: 70.67%, Test In: 71.15% Test OOD1: 65.24% Test OOD2: 52.85% Test OOD3: 62.97% 
Epoch: 60, Loss: 0.8177, Train: 78.87%, Valid: 70.58%, Test In: 71.06% Test OOD1: 65.08% Test OOD2: 52.82% Test OOD3: 62.89% 
Epoch: 61, Loss: 0.8116, Train: 78.86%, Valid: 70.39%, Test In: 70.90% Test OOD1: 64.73% Test OOD2: 52.78% Test OOD3: 62.72% 
Epoch: 62, Loss: 0.8130, Train: 79.15%, Valid: 70.64%, Test In: 71.14% Test OOD1: 65.15% Test OOD2: 52.71% Test OOD3: 62.91% 
Epoch: 63, Loss: 0.8083, Train: 79.46%, Valid: 70.58%, Test In: 71.08% Test OOD1: 64.50% Test OOD2: 52.78% Test OOD3: 62.70% 
Epoch: 64, Loss: 0.8048, Train: 79.25%, Valid: 70.42%, Test In: 70.93% Test OOD1: 64.95% Test OOD2: 52.58% Test OOD3: 62.75% 
Epoch: 65, Loss: 0.8038, Train: 79.76%, Valid: 70.52%, Test In: 71.01% Test OOD1: 64.47% Test OOD2: 52.65% Test OOD3: 62.63% 
Epoch: 66, Loss: 0.7961, Train: 79.88%, Valid: 70.64%, Test In: 71.15% Test OOD1: 64.71% Test OOD2: 52.58% Test OOD3: 62.72% 
Epoch: 67, Loss: 0.7951, Train: 80.01%, Valid: 70.49%, Test In: 70.99% Test OOD1: 64.56% Test OOD2: 52.50% Test OOD3: 62.59% 
Epoch: 68, Loss: 0.7887, Train: 80.16%, Valid: 70.42%, Test In: 70.93% Test OOD1: 64.28% Test OOD2: 52.48% Test OOD3: 62.48% 
Epoch: 69, Loss: 0.7868, Train: 80.39%, Valid: 70.65%, Test In: 71.16% Test OOD1: 64.73% Test OOD2: 52.42% Test OOD3: 62.67% 
Epoch: 70, Loss: 0.7875, Train: 80.67%, Valid: 70.44%, Test In: 70.95% Test OOD1: 63.82% Test OOD2: 52.48% Test OOD3: 62.33% 
Epoch: 71, Loss: 0.7830, Train: 80.31%, Valid: 70.36%, Test In: 70.87% Test OOD1: 64.72% Test OOD2: 52.24% Test OOD3: 62.53% 
Epoch: 72, Loss: 0.7868, Train: 81.11%, Valid: 70.63%, Test In: 71.12% Test OOD1: 63.78% Test OOD2: 52.47% Test OOD3: 62.34% 
Epoch: 73, Loss: 0.7803, Train: 81.06%, Valid: 70.61%, Test In: 71.14% Test OOD1: 64.30% Test OOD2: 52.33% Test OOD3: 62.51% 
Epoch: 74, Loss: 0.7720, Train: 80.96%, Valid: 70.41%, Test In: 70.96% Test OOD1: 64.40% Test OOD2: 52.21% Test OOD3: 62.42% 
Epoch: 75, Loss: 0.7709, Train: 81.57%, Valid: 70.54%, Test In: 71.06% Test OOD1: 63.78% Test OOD2: 52.36% Test OOD3: 62.25% 
Epoch: 76, Loss: 0.7655, Train: 81.50%, Valid: 70.62%, Test In: 71.16% Test OOD1: 64.35% Test OOD2: 52.27% Test OOD3: 62.48% 
Epoch: 77, Loss: 0.7643, Train: 81.81%, Valid: 70.51%, Test In: 71.07% Test OOD1: 64.15% Test OOD2: 52.26% Test OOD3: 62.33% 
Epoch: 78, Loss: 0.7557, Train: 81.90%, Valid: 70.44%, Test In: 71.02% Test OOD1: 63.90% Test OOD2: 52.24% Test OOD3: 62.19% 
Epoch: 79, Loss: 0.7564, Train: 82.01%, Valid: 70.55%, Test In: 71.11% Test OOD1: 64.26% Test OOD2: 52.23% Test OOD3: 62.38% 
Epoch: 80, Loss: 0.7530, Train: 82.48%, Valid: 70.56%, Test In: 71.16% Test OOD1: 63.93% Test OOD2: 52.28% Test OOD3: 62.24% 
Epoch: 81, Loss: 0.7485, Train: 82.35%, Valid: 70.36%, Test In: 71.00% Test OOD1: 63.92% Test OOD2: 52.18% Test OOD3: 62.18% 
Epoch: 82, Loss: 0.7459, Train: 82.66%, Valid: 70.45%, Test In: 71.10% Test OOD1: 64.16% Test OOD2: 52.20% Test OOD3: 62.30% 
Epoch: 83, Loss: 0.7389, Train: 83.07%, Valid: 70.51%, Test In: 71.19% Test OOD1: 63.88% Test OOD2: 52.26% Test OOD3: 62.20% 
Epoch: 84, Loss: 0.7381, Train: 82.83%, Valid: 70.30%, Test In: 70.99% Test OOD1: 64.06% Test OOD2: 52.14% Test OOD3: 62.18% 
Epoch: 85, Loss: 0.7364, Train: 83.36%, Valid: 70.41%, Test In: 71.13% Test OOD1: 64.02% Test OOD2: 52.18% Test OOD3: 62.20% 
Epoch: 86, Loss: 0.7279, Train: 83.61%, Valid: 70.44%, Test In: 71.18% Test OOD1: 63.83% Test OOD2: 52.20% Test OOD3: 62.15% 
Epoch: 87, Loss: 0.7239, Train: 83.43%, Valid: 70.29%, Test In: 71.01% Test OOD1: 64.01% Test OOD2: 52.08% Test OOD3: 62.14% 
Epoch: 88, Loss: 0.7227, Train: 84.02%, Valid: 70.47%, Test In: 71.22% Test OOD1: 63.92% Test OOD2: 52.15% Test OOD3: 62.13% 
Epoch: 89, Loss: 0.7209, Train: 84.03%, Valid: 70.37%, Test In: 71.10% Test OOD1: 63.94% Test OOD2: 52.09% Test OOD3: 62.13% 
Epoch: 90, Loss: 0.7159, Train: 84.21%, Valid: 70.29%, Test In: 71.03% Test OOD1: 63.91% Test OOD2: 52.05% Test OOD3: 62.06% 
Epoch: 91, Loss: 0.7114, Train: 84.54%, Valid: 70.44%, Test In: 71.23% Test OOD1: 63.79% Test OOD2: 52.12% Test OOD3: 62.11% 
Epoch: 92, Loss: 0.7078, Train: 84.67%, Valid: 70.33%, Test In: 71.10% Test OOD1: 63.86% Test OOD2: 52.05% Test OOD3: 62.08% 
Epoch: 93, Loss: 0.7000, Train: 84.69%, Valid: 70.28%, Test In: 71.06% Test OOD1: 63.81% Test OOD2: 52.01% Test OOD3: 62.00% 
Epoch: 94, Loss: 0.7047, Train: 84.86%, Valid: 70.44%, Test In: 71.25% Test OOD1: 63.86% Test OOD2: 52.07% Test OOD3: 62.16% 
Epoch: 95, Loss: 0.7067, Train: 85.33%, Valid: 70.45%, Test In: 71.29% Test OOD1: 63.74% Test OOD2: 52.08% Test OOD3: 62.11% 
Epoch: 96, Loss: 0.6992, Train: 84.91%, Valid: 70.17%, Test In: 71.01% Test OOD1: 63.82% Test OOD2: 51.95% Test OOD3: 62.02% 
Epoch: 97, Loss: 0.6997, Train: 85.60%, Valid: 70.26%, Test In: 71.07% Test OOD1: 63.73% Test OOD2: 52.00% Test OOD3: 61.99% 
Epoch: 98, Loss: 0.6872, Train: 85.83%, Valid: 70.40%, Test In: 71.20% Test OOD1: 63.56% Test OOD2: 52.03% Test OOD3: 62.00% 
Epoch: 99, Loss: 0.6879, Train: 85.97%, Valid: 70.33%, Test In: 71.12% Test OOD1: 63.81% Test OOD2: 51.93% Test OOD3: 62.02% 
Epoch: 100, Loss: 0.6772, Train: 85.99%, Valid: 70.15%, Test In: 70.93% Test OOD1: 63.32% Test OOD2: 51.93% Test OOD3: 61.78% 
Epoch: 101, Loss: 0.6779, Train: 86.28%, Valid: 70.40%, Test In: 71.14% Test OOD1: 63.78% Test OOD2: 51.92% Test OOD3: 61.95% 
Epoch: 102, Loss: 0.6746, Train: 86.60%, Valid: 70.29%, Test In: 71.03% Test OOD1: 63.49% Test OOD2: 51.93% Test OOD3: 61.85% 
Epoch: 103, Loss: 0.6740, Train: 86.84%, Valid: 70.32%, Test In: 71.06% Test OOD1: 63.53% Test OOD2: 51.85% Test OOD3: 61.88% 
Epoch: 104, Loss: 0.6627, Train: 86.93%, Valid: 70.27%, Test In: 70.98% Test OOD1: 63.45% Test OOD2: 51.79% Test OOD3: 61.82% 
Epoch: 105, Loss: 0.6590, Train: 87.21%, Valid: 70.36%, Test In: 71.10% Test OOD1: 63.51% Test OOD2: 51.81% Test OOD3: 61.88% 
Epoch: 106, Loss: 0.6534, Train: 87.49%, Valid: 70.38%, Test In: 71.05% Test OOD1: 63.46% Test OOD2: 51.83% Test OOD3: 61.80% 
Epoch: 107, Loss: 0.6494, Train: 87.28%, Valid: 70.12%, Test In: 70.77% Test OOD1: 63.38% Test OOD2: 51.73% Test OOD3: 61.65% 
Epoch: 108, Loss: 0.6549, Train: 87.71%, Valid: 70.44%, Test In: 71.11% Test OOD1: 63.58% Test OOD2: 51.79% Test OOD3: 61.82% 
Epoch: 109, Loss: 0.6511, Train: 88.14%, Valid: 70.32%, Test In: 71.05% Test OOD1: 63.22% Test OOD2: 51.77% Test OOD3: 61.74% 
Epoch: 110, Loss: 0.6431, Train: 87.68%, Valid: 70.18%, Test In: 70.92% Test OOD1: 63.52% Test OOD2: 51.65% Test OOD3: 61.82% 
Epoch: 111, Loss: 0.6402, Train: 88.54%, Valid: 70.34%, Test In: 71.05% Test OOD1: 63.12% Test OOD2: 51.78% Test OOD3: 61.76% 
Epoch: 112, Loss: 0.6312, Train: 88.35%, Valid: 70.27%, Test In: 70.95% Test OOD1: 63.49% Test OOD2: 51.73% Test OOD3: 61.80% 
Epoch: 113, Loss: 0.6309, Train: 88.45%, Valid: 70.32%, Test In: 70.90% Test OOD1: 63.39% Test OOD2: 51.75% Test OOD3: 61.66% 
Epoch: 114, Loss: 0.6278, Train: 88.67%, Valid: 70.17%, Test In: 70.75% Test OOD1: 63.24% Test OOD2: 51.69% Test OOD3: 61.54% 
Epoch: 115, Loss: 0.6237, Train: 88.86%, Valid: 70.32%, Test In: 70.92% Test OOD1: 63.55% Test OOD2: 51.71% Test OOD3: 61.74% 
Epoch: 116, Loss: 0.6204, Train: 89.43%, Valid: 70.23%, Test In: 70.88% Test OOD1: 62.94% Test OOD2: 51.71% Test OOD3: 61.57% 
Epoch: 117, Loss: 0.6161, Train: 88.82%, Valid: 70.09%, Test In: 70.69% Test OOD1: 63.42% Test OOD2: 51.57% Test OOD3: 61.63% 
Epoch: 118, Loss: 0.6172, Train: 89.76%, Valid: 70.32%, Test In: 70.86% Test OOD1: 62.93% Test OOD2: 51.72% Test OOD3: 61.48% 
Epoch: 119, Loss: 0.6113, Train: 89.42%, Valid: 70.24%, Test In: 70.76% Test OOD1: 63.41% Test OOD2: 51.61% Test OOD3: 61.56% 
Epoch: 120, Loss: 0.6041, Train: 89.38%, Valid: 70.15%, Test In: 70.72% Test OOD1: 63.05% Test OOD2: 51.63% Test OOD3: 61.41% 
Epoch: 121, Loss: 0.6044, Train: 89.64%, Valid: 70.12%, Test In: 70.79% Test OOD1: 62.95% Test OOD2: 51.61% Test OOD3: 61.43% 
Epoch: 122, Loss: 0.6085, Train: 89.14%, Valid: 70.27%, Test In: 70.99% Test OOD1: 63.48% Test OOD2: 51.75% Test OOD3: 61.58% 
Epoch: 123, Loss: 0.6271, Train: 89.85%, Valid: 70.11%, Test In: 70.77% Test OOD1: 63.07% Test OOD2: 51.61% Test OOD3: 61.32% 
Epoch: 124, Loss: 0.5984, Train: 89.22%, Valid: 69.88%, Test In: 70.56% Test OOD1: 63.02% Test OOD2: 51.56% Test OOD3: 61.27% 
Epoch: 125, Loss: 0.6390, Train: 90.47%, Valid: 70.20%, Test In: 70.83% Test OOD1: 62.90% Test OOD2: 51.70% Test OOD3: 61.30% 
Epoch: 126, Loss: 0.5912, Train: 89.52%, Valid: 70.15%, Test In: 70.83% Test OOD1: 63.49% Test OOD2: 51.69% Test OOD3: 61.51% 
Epoch: 127, Loss: 0.6100, Train: 90.23%, Valid: 70.10%, Test In: 70.73% Test OOD1: 62.79% Test OOD2: 51.62% Test OOD3: 61.31% 
Epoch: 128, Loss: 0.5913, Train: 90.10%, Valid: 70.00%, Test In: 70.63% Test OOD1: 63.07% Test OOD2: 51.54% Test OOD3: 61.46% 
Epoch: 129, Loss: 0.5977, Train: 90.56%, Valid: 70.05%, Test In: 70.64% Test OOD1: 62.75% Test OOD2: 51.57% Test OOD3: 61.34% 
Epoch: 130, Loss: 0.5867, Train: 90.33%, Valid: 69.98%, Test In: 70.54% Test OOD1: 62.99% Test OOD2: 51.52% Test OOD3: 61.28% 
Epoch: 131, Loss: 0.5780, Train: 90.29%, Valid: 70.13%, Test In: 70.71% Test OOD1: 63.30% Test OOD2: 51.68% Test OOD3: 61.37% 
Epoch: 132, Loss: 0.5841, Train: 90.99%, Valid: 70.08%, Test In: 70.65% Test OOD1: 62.63% Test OOD2: 51.68% Test OOD3: 61.07% 
Epoch: 133, Loss: 0.5795, Train: 90.04%, Valid: 69.80%, Test In: 70.35% Test OOD1: 63.05% Test OOD2: 51.48% Test OOD3: 61.15% 
Epoch: 134, Loss: 0.5831, Train: 91.07%, Valid: 69.96%, Test In: 70.52% Test OOD1: 62.59% Test OOD2: 51.56% Test OOD3: 61.10% 
Epoch: 135, Loss: 0.5677, Train: 91.06%, Valid: 70.05%, Test In: 70.60% Test OOD1: 62.91% Test OOD2: 51.55% Test OOD3: 61.30% 
Epoch: 136, Loss: 0.5588, Train: 90.71%, Valid: 69.92%, Test In: 70.48% Test OOD1: 63.02% Test OOD2: 51.48% Test OOD3: 61.30% 
Epoch: 137, Loss: 0.5605, Train: 91.14%, Valid: 69.96%, Test In: 70.51% Test OOD1: 62.66% Test OOD2: 51.51% Test OOD3: 61.22% 
Epoch: 138, Loss: 0.5571, Train: 91.00%, Valid: 69.97%, Test In: 70.52% Test OOD1: 63.04% Test OOD2: 51.50% Test OOD3: 61.37% 
Epoch: 139, Loss: 0.5556, Train: 91.46%, Valid: 69.94%, Test In: 70.45% Test OOD1: 62.69% Test OOD2: 51.52% Test OOD3: 61.17% 
Epoch: 140, Loss: 0.5491, Train: 91.28%, Valid: 69.90%, Test In: 70.37% Test OOD1: 62.75% Test OOD2: 51.51% Test OOD3: 61.12% 
Epoch: 141, Loss: 0.5512, Train: 91.68%, Valid: 69.94%, Test In: 70.37% Test OOD1: 62.79% Test OOD2: 51.54% Test OOD3: 61.10% 
Epoch: 142, Loss: 0.5462, Train: 91.69%, Valid: 69.91%, Test In: 70.32% Test OOD1: 62.77% Test OOD2: 51.50% Test OOD3: 61.08% 
Epoch: 143, Loss: 0.5379, Train: 91.63%, Valid: 69.82%, Test In: 70.27% Test OOD1: 62.59% Test OOD2: 51.44% Test OOD3: 61.02% 
Epoch: 144, Loss: 0.5371, Train: 91.95%, Valid: 69.95%, Test In: 70.42% Test OOD1: 62.78% Test OOD2: 51.44% Test OOD3: 61.20% 
Epoch: 145, Loss: 0.5337, Train: 92.09%, Valid: 69.93%, Test In: 70.47% Test OOD1: 62.60% Test OOD2: 51.42% Test OOD3: 61.17% 
Epoch: 146, Loss: 0.5298, Train: 91.81%, Valid: 69.80%, Test In: 70.35% Test OOD1: 62.50% Test OOD2: 51.36% Test OOD3: 61.09% 
Epoch: 147, Loss: 0.5323, Train: 92.12%, Valid: 69.94%, Test In: 70.42% Test OOD1: 62.87% Test OOD2: 51.39% Test OOD3: 61.20% 
Epoch: 148, Loss: 0.5252, Train: 92.47%, Valid: 69.94%, Test In: 70.36% Test OOD1: 62.61% Test OOD2: 51.40% Test OOD3: 61.03% 
Epoch: 149, Loss: 0.5258, Train: 91.92%, Valid: 69.83%, Test In: 70.20% Test OOD1: 62.98% Test OOD2: 51.35% Test OOD3: 61.10% 
Epoch: 150, Loss: 0.5261, Train: 92.62%, Valid: 69.88%, Test In: 70.28% Test OOD1: 62.49% Test OOD2: 51.43% Test OOD3: 60.93% 
Epoch: 151, Loss: 0.5184, Train: 92.40%, Valid: 69.89%, Test In: 70.34% Test OOD1: 62.89% Test OOD2: 51.41% Test OOD3: 61.14% 
Epoch: 152, Loss: 0.5129, Train: 92.76%, Valid: 69.88%, Test In: 70.38% Test OOD1: 62.49% Test OOD2: 51.44% Test OOD3: 61.02% 
Epoch: 153, Loss: 0.5039, Train: 92.73%, Valid: 69.81%, Test In: 70.32% Test OOD1: 62.39% Test OOD2: 51.43% Test OOD3: 60.99% 
Epoch: 154, Loss: 0.5046, Train: 92.88%, Valid: 69.87%, Test In: 70.35% Test OOD1: 62.69% Test OOD2: 51.43% Test OOD3: 61.07% 
Epoch: 155, Loss: 0.5043, Train: 93.22%, Valid: 69.83%, Test In: 70.28% Test OOD1: 62.45% Test OOD2: 51.44% Test OOD3: 60.93% 
Epoch: 156, Loss: 0.4977, Train: 92.87%, Valid: 69.78%, Test In: 70.23% Test OOD1: 62.60% Test OOD2: 51.43% Test OOD3: 60.99% 
Epoch: 157, Loss: 0.4976, Train: 93.34%, Valid: 69.86%, Test In: 70.35% Test OOD1: 62.58% Test OOD2: 51.45% Test OOD3: 61.00% 
Epoch: 158, Loss: 0.4944, Train: 93.43%, Valid: 69.80%, Test In: 70.33% Test OOD1: 62.45% Test OOD2: 51.46% Test OOD3: 60.97% 
Epoch: 159, Loss: 0.4888, Train: 93.22%, Valid: 69.77%, Test In: 70.32% Test OOD1: 62.31% Test OOD2: 51.47% Test OOD3: 60.91% 
Epoch: 160, Loss: 0.5006, Train: 93.64%, Valid: 69.76%, Test In: 70.34% Test OOD1: 62.48% Test OOD2: 51.49% Test OOD3: 61.01% 
Epoch: 161, Loss: 0.4978, Train: 93.89%, Valid: 69.81%, Test In: 70.38% Test OOD1: 62.30% Test OOD2: 51.54% Test OOD3: 60.94% 
Epoch: 162, Loss: 0.5008, Train: 93.58%, Valid: 69.72%, Test In: 70.26% Test OOD1: 62.64% Test OOD2: 51.52% Test OOD3: 61.08% 
Epoch: 163, Loss: 0.4952, Train: 93.95%, Valid: 69.74%, Test In: 70.29% Test OOD1: 62.34% Test OOD2: 51.60% Test OOD3: 61.00% 
Epoch: 164, Loss: 0.4736, Train: 94.14%, Valid: 69.78%, Test In: 70.33% Test OOD1: 62.55% Test OOD2: 51.57% Test OOD3: 61.09% 
Epoch: 165, Loss: 0.4774, Train: 94.23%, Valid: 69.67%, Test In: 70.23% Test OOD1: 62.47% Test OOD2: 51.58% Test OOD3: 61.07% 
Epoch: 166, Loss: 0.4835, Train: 94.26%, Valid: 69.70%, Test In: 70.23% Test OOD1: 62.26% Test OOD2: 51.57% Test OOD3: 60.97% 
Epoch: 167, Loss: 0.4766, Train: 94.72%, Valid: 69.61%, Test In: 70.16% Test OOD1: 61.94% Test OOD2: 51.61% Test OOD3: 60.82% 
Epoch: 168, Loss: 0.4649, Train: 94.63%, Valid: 69.64%, Test In: 70.18% Test OOD1: 62.43% Test OOD2: 51.57% Test OOD3: 61.01% 
Epoch: 169, Loss: 0.4699, Train: 94.85%, Valid: 69.60%, Test In: 70.12% Test OOD1: 62.00% Test OOD2: 51.60% Test OOD3: 60.85% 
Epoch: 170, Loss: 0.4597, Train: 94.92%, Valid: 69.58%, Test In: 70.12% Test OOD1: 62.13% Test OOD2: 51.61% Test OOD3: 60.91% 
Epoch: 171, Loss: 0.4534, Train: 94.98%, Valid: 69.63%, Test In: 70.16% Test OOD1: 62.50% Test OOD2: 51.55% Test OOD3: 61.05% 
Epoch: 172, Loss: 0.4602, Train: 95.30%, Valid: 69.52%, Test In: 70.06% Test OOD1: 61.91% Test OOD2: 51.65% Test OOD3: 60.81% 
Epoch: 173, Loss: 0.4542, Train: 95.13%, Valid: 69.60%, Test In: 70.12% Test OOD1: 62.22% Test OOD2: 51.57% Test OOD3: 60.91% 
Epoch: 174, Loss: 0.4559, Train: 95.59%, Valid: 69.49%, Test In: 70.00% Test OOD1: 61.96% Test OOD2: 51.66% Test OOD3: 60.77% 
Epoch: 175, Loss: 0.4575, Train: 95.59%, Valid: 69.52%, Test In: 70.02% Test OOD1: 62.05% Test OOD2: 51.65% Test OOD3: 60.81% 
Epoch: 176, Loss: 0.4517, Train: 95.56%, Valid: 69.49%, Test In: 69.97% Test OOD1: 61.88% Test OOD2: 51.66% Test OOD3: 60.75% 
Epoch: 177, Loss: 0.4589, Train: 95.53%, Valid: 69.52%, Test In: 70.01% Test OOD1: 62.40% Test OOD2: 51.68% Test OOD3: 61.01% 
Epoch: 178, Loss: 0.4616, Train: 95.92%, Valid: 69.50%, Test In: 69.99% Test OOD1: 61.93% Test OOD2: 51.72% Test OOD3: 60.83% 
Epoch: 179, Loss: 0.4489, Train: 95.63%, Valid: 69.44%, Test In: 69.95% Test OOD1: 61.89% Test OOD2: 51.70% Test OOD3: 60.82% 
Epoch: 180, Loss: 0.4449, Train: 96.02%, Valid: 69.46%, Test In: 69.98% Test OOD1: 61.96% Test OOD2: 51.74% Test OOD3: 60.87% 
Epoch: 181, Loss: 0.4353, Train: 96.22%, Valid: 69.43%, Test In: 69.93% Test OOD1: 61.74% Test OOD2: 51.76% Test OOD3: 60.77% 
Epoch: 182, Loss: 0.4414, Train: 95.90%, Valid: 69.37%, Test In: 69.88% Test OOD1: 61.89% Test OOD2: 51.73% Test OOD3: 60.84% 
Epoch: 183, Loss: 0.4425, Train: 96.20%, Valid: 69.39%, Test In: 69.87% Test OOD1: 61.75% Test OOD2: 51.74% Test OOD3: 60.78% 
Epoch: 184, Loss: 0.4344, Train: 96.34%, Valid: 69.34%, Test In: 69.83% Test OOD1: 61.78% Test OOD2: 51.81% Test OOD3: 60.79% 
Epoch: 185, Loss: 0.4302, Train: 96.39%, Valid: 69.37%, Test In: 69.83% Test OOD1: 61.90% Test OOD2: 51.77% Test OOD3: 60.81% 
Epoch: 186, Loss: 0.4244, Train: 96.51%, Valid: 69.25%, Test In: 69.69% Test OOD1: 61.45% Test OOD2: 51.80% Test OOD3: 60.59% 
Epoch: 187, Loss: 0.4283, Train: 96.57%, Valid: 69.29%, Test In: 69.73% Test OOD1: 61.84% Test OOD2: 51.80% Test OOD3: 60.77% 
Epoch: 188, Loss: 0.4242, Train: 96.74%, Valid: 69.31%, Test In: 69.73% Test OOD1: 61.77% Test OOD2: 51.80% Test OOD3: 60.74% 
Epoch: 189, Loss: 0.4233, Train: 96.68%, Valid: 69.24%, Test In: 69.69% Test OOD1: 61.70% Test OOD2: 51.80% Test OOD3: 60.73% 
Epoch: 190, Loss: 0.4159, Train: 96.79%, Valid: 69.28%, Test In: 69.72% Test OOD1: 61.80% Test OOD2: 51.77% Test OOD3: 60.75% 
Epoch: 191, Loss: 0.4121, Train: 97.04%, Valid: 69.23%, Test In: 69.67% Test OOD1: 61.63% Test OOD2: 51.80% Test OOD3: 60.65% 
Epoch: 192, Loss: 0.4148, Train: 96.91%, Valid: 69.25%, Test In: 69.69% Test OOD1: 61.88% Test OOD2: 51.77% Test OOD3: 60.73% 
Epoch: 193, Loss: 0.4151, Train: 97.03%, Valid: 69.25%, Test In: 69.66% Test OOD1: 61.58% Test OOD2: 51.80% Test OOD3: 60.55% 
Epoch: 194, Loss: 0.4190, Train: 97.04%, Valid: 69.24%, Test In: 69.68% Test OOD1: 61.94% Test OOD2: 51.78% Test OOD3: 60.71% 
Epoch: 195, Loss: 0.4170, Train: 97.25%, Valid: 69.23%, Test In: 69.66% Test OOD1: 61.61% Test OOD2: 51.81% Test OOD3: 60.54% 
Epoch: 196, Loss: 0.4089, Train: 97.07%, Valid: 69.20%, Test In: 69.65% Test OOD1: 61.69% Test OOD2: 51.80% Test OOD3: 60.58% 
Epoch: 197, Loss: 0.4095, Train: 97.31%, Valid: 69.19%, Test In: 69.66% Test OOD1: 61.73% Test OOD2: 51.82% Test OOD3: 60.64% 
Epoch: 198, Loss: 0.4053, Train: 97.39%, Valid: 69.18%, Test In: 69.64% Test OOD1: 61.69% Test OOD2: 51.82% Test OOD3: 60.63% 
Epoch: 199, Loss: 0.4006, Train: 97.17%, Valid: 69.15%, Test In: 69.62% Test OOD1: 61.68% Test OOD2: 51.82% Test OOD3: 60.60% 
Run 02:
Highest Train: 97.39
Highest Valid: 70.68
Highest In Test: 71.30
Highest OOD Test: 66.76
Highest OOD Test: 53.12
Highest OOD Test: 63.72
Chosen epoch: 54
Final Train: 77.83
Final In Test: 71.11
Final OOD Test: 65.73
Final OOD Test: 53.04
Final OOD Test: 63.12
Epoch: 00, Loss: 1.0525, Train: 64.04%, Valid: 61.22%, Test In: 61.58% Test OOD1: 57.55% Test OOD2: 52.57% Test OOD3: 58.50% 
Epoch: 01, Loss: 1.0501, Train: 66.26%, Valid: 62.65%, Test In: 63.48% Test OOD1: 58.21% Test OOD2: 53.42% Test OOD3: 60.02% 
Epoch: 02, Loss: 1.0474, Train: 61.42%, Valid: 58.16%, Test In: 59.41% Test OOD1: 52.22% Test OOD2: 53.23% Test OOD3: 56.52% 
Epoch: 03, Loss: 1.0438, Train: 56.12%, Valid: 53.69%, Test In: 55.15% Test OOD1: 47.96% Test OOD2: 52.38% Test OOD3: 52.72% 
Epoch: 04, Loss: 1.0390, Train: 51.80%, Valid: 50.16%, Test In: 51.59% Test OOD1: 45.24% Test OOD2: 51.60% Test OOD3: 50.02% 
Epoch: 05, Loss: 1.0332, Train: 49.15%, Valid: 48.06%, Test In: 49.43% Test OOD1: 43.88% Test OOD2: 51.13% Test OOD3: 48.56% 
Epoch: 06, Loss: 1.0265, Train: 47.55%, Valid: 46.81%, Test In: 48.13% Test OOD1: 43.11% Test OOD2: 50.87% Test OOD3: 47.70% 
Epoch: 07, Loss: 1.0194, Train: 46.79%, Valid: 46.21%, Test In: 47.53% Test OOD1: 42.75% Test OOD2: 50.75% Test OOD3: 47.30% 
Epoch: 08, Loss: 1.0130, Train: 47.00%, Valid: 46.40%, Test In: 47.75% Test OOD1: 42.81% Test OOD2: 50.75% Test OOD3: 47.34% 
Epoch: 09, Loss: 1.0085, Train: 48.74%, Valid: 47.82%, Test In: 49.25% Test OOD1: 43.49% Test OOD2: 50.90% Test OOD3: 48.00% 
Epoch: 10, Loss: 1.0060, Train: 53.59%, Valid: 51.85%, Test In: 53.39% Test OOD1: 45.57% Test OOD2: 51.38% Test OOD3: 49.95% 
Epoch: 11, Loss: 1.0040, Train: 63.64%, Valid: 60.34%, Test In: 61.78% Test OOD1: 51.53% Test OOD2: 52.37% Test OOD3: 54.96% 
Epoch: 12, Loss: 1.0007, Train: 70.95%, Valid: 66.92%, Test In: 68.45% Test OOD1: 61.93% Test OOD2: 52.58% Test OOD3: 61.23% 
Epoch: 13, Loss: 0.9958, Train: 69.77%, Valid: 66.39%, Test In: 67.13% Test OOD1: 64.17% Test OOD2: 51.67% Test OOD3: 61.17% 
Epoch: 14, Loss: 0.9904, Train: 67.85%, Valid: 65.18%, Test In: 65.34% Test OOD1: 63.58% Test OOD2: 51.32% Test OOD3: 60.42% 
Epoch: 15, Loss: 0.9851, Train: 66.95%, Valid: 64.56%, Test In: 64.51% Test OOD1: 63.28% Test OOD2: 51.16% Test OOD3: 60.03% 
Epoch: 16, Loss: 0.9805, Train: 66.53%, Valid: 64.28%, Test In: 64.13% Test OOD1: 63.13% Test OOD2: 51.08% Test OOD3: 59.83% 
Epoch: 17, Loss: 0.9761, Train: 66.39%, Valid: 64.21%, Test In: 64.01% Test OOD1: 63.11% Test OOD2: 51.06% Test OOD3: 59.79% 
Epoch: 18, Loss: 0.9718, Train: 66.47%, Valid: 64.29%, Test In: 64.08% Test OOD1: 63.18% Test OOD2: 51.07% Test OOD3: 59.85% 
Epoch: 19, Loss: 0.9671, Train: 66.70%, Valid: 64.49%, Test In: 64.30% Test OOD1: 63.30% Test OOD2: 51.11% Test OOD3: 59.97% 
Epoch: 20, Loss: 0.9620, Train: 67.01%, Valid: 64.75%, Test In: 64.60% Test OOD1: 63.46% Test OOD2: 51.16% Test OOD3: 60.13% 
Epoch: 21, Loss: 0.9565, Train: 67.41%, Valid: 65.09%, Test In: 64.97% Test OOD1: 63.65% Test OOD2: 51.21% Test OOD3: 60.32% 
Epoch: 22, Loss: 0.9510, Train: 68.00%, Valid: 65.55%, Test In: 65.51% Test OOD1: 63.93% Test OOD2: 51.29% Test OOD3: 60.59% 
Epoch: 23, Loss: 0.9454, Train: 68.71%, Valid: 66.11%, Test In: 66.16% Test OOD1: 64.26% Test OOD2: 51.38% Test OOD3: 60.91% 
Epoch: 24, Loss: 0.9397, Train: 69.41%, Valid: 66.67%, Test In: 66.80% Test OOD1: 64.62% Test OOD2: 51.45% Test OOD3: 61.23% 
Epoch: 25, Loss: 0.9337, Train: 70.44%, Valid: 67.48%, Test In: 67.72% Test OOD1: 65.11% Test OOD2: 51.61% Test OOD3: 61.68% 
Epoch: 26, Loss: 0.9277, Train: 71.08%, Valid: 67.97%, Test In: 68.27% Test OOD1: 65.47% Test OOD2: 51.66% Test OOD3: 62.00% 
Epoch: 27, Loss: 0.9219, Train: 72.10%, Valid: 68.73%, Test In: 69.15% Test OOD1: 65.89% Test OOD2: 51.86% Test OOD3: 62.46% 
Epoch: 28, Loss: 0.9159, Train: 72.94%, Valid: 69.34%, Test In: 69.85% Test OOD1: 66.18% Test OOD2: 52.04% Test OOD3: 62.87% 
Epoch: 29, Loss: 0.9108, Train: 73.21%, Valid: 69.57%, Test In: 70.07% Test OOD1: 66.36% Test OOD2: 52.05% Test OOD3: 63.01% 
Epoch: 30, Loss: 0.9069, Train: 74.13%, Valid: 70.19%, Test In: 70.77% Test OOD1: 66.29% Test OOD2: 52.36% Test OOD3: 63.39% 
Epoch: 31, Loss: 0.9026, Train: 74.34%, Valid: 70.32%, Test In: 70.89% Test OOD1: 66.43% Test OOD2: 52.40% Test OOD3: 63.48% 
Epoch: 32, Loss: 0.8980, Train: 74.60%, Valid: 70.45%, Test In: 71.03% Test OOD1: 66.54% Test OOD2: 52.46% Test OOD3: 63.57% 
Epoch: 33, Loss: 0.8947, Train: 75.19%, Valid: 70.71%, Test In: 71.35% Test OOD1: 66.19% Test OOD2: 52.70% Test OOD3: 63.68% 
Epoch: 34, Loss: 0.8927, Train: 75.05%, Valid: 70.61%, Test In: 71.21% Test OOD1: 66.72% Test OOD2: 52.58% Test OOD3: 63.69% 
Epoch: 35, Loss: 0.8897, Train: 75.49%, Valid: 70.76%, Test In: 71.39% Test OOD1: 66.46% Test OOD2: 52.77% Test OOD3: 63.73% 
Epoch: 36, Loss: 0.8850, Train: 75.73%, Valid: 70.79%, Test In: 71.44% Test OOD1: 66.36% Test OOD2: 52.87% Test OOD3: 63.72% 
Epoch: 37, Loss: 0.8831, Train: 75.61%, Valid: 70.67%, Test In: 71.29% Test OOD1: 66.91% Test OOD2: 52.75% Test OOD3: 63.77% 
Epoch: 38, Loss: 0.8813, Train: 75.95%, Valid: 70.73%, Test In: 71.39% Test OOD1: 66.60% Test OOD2: 52.92% Test OOD3: 63.73% 
Epoch: 39, Loss: 0.8764, Train: 76.09%, Valid: 70.69%, Test In: 71.35% Test OOD1: 66.61% Test OOD2: 52.98% Test OOD3: 63.70% 
Epoch: 40, Loss: 0.8740, Train: 76.01%, Valid: 70.60%, Test In: 71.24% Test OOD1: 67.04% Test OOD2: 52.87% Test OOD3: 63.75% 
Epoch: 41, Loss: 0.8717, Train: 76.32%, Valid: 70.66%, Test In: 71.31% Test OOD1: 66.74% Test OOD2: 53.00% Test OOD3: 63.66% 
Epoch: 42, Loss: 0.8678, Train: 76.44%, Valid: 70.62%, Test In: 71.27% Test OOD1: 66.71% Test OOD2: 53.03% Test OOD3: 63.61% 
Epoch: 43, Loss: 0.8652, Train: 76.40%, Valid: 70.52%, Test In: 71.16% Test OOD1: 66.94% Test OOD2: 52.95% Test OOD3: 63.63% 
Epoch: 44, Loss: 0.8616, Train: 76.65%, Valid: 70.57%, Test In: 71.21% Test OOD1: 66.70% Test OOD2: 53.01% Test OOD3: 63.54% 
Epoch: 45, Loss: 0.8584, Train: 76.77%, Valid: 70.55%, Test In: 71.17% Test OOD1: 66.63% Test OOD2: 53.02% Test OOD3: 63.49% 
Epoch: 46, Loss: 0.8555, Train: 76.86%, Valid: 70.51%, Test In: 71.14% Test OOD1: 66.60% Test OOD2: 52.98% Test OOD3: 63.45% 
Epoch: 47, Loss: 0.8509, Train: 77.06%, Valid: 70.57%, Test In: 71.15% Test OOD1: 66.52% Test OOD2: 52.97% Test OOD3: 63.39% 
Epoch: 48, Loss: 0.8481, Train: 77.09%, Valid: 70.44%, Test In: 71.06% Test OOD1: 66.31% Test OOD2: 52.99% Test OOD3: 63.32% 
Epoch: 49, Loss: 0.8465, Train: 77.45%, Valid: 70.66%, Test In: 71.19% Test OOD1: 66.16% Test OOD2: 52.98% Test OOD3: 63.27% 
Epoch: 50, Loss: 0.8418, Train: 77.44%, Valid: 70.58%, Test In: 71.10% Test OOD1: 66.29% Test OOD2: 52.91% Test OOD3: 63.29% 
Epoch: 51, Loss: 0.8375, Train: 77.55%, Valid: 70.47%, Test In: 71.03% Test OOD1: 65.86% Test OOD2: 52.97% Test OOD3: 63.17% 
Epoch: 52, Loss: 0.8351, Train: 77.87%, Valid: 70.63%, Test In: 71.13% Test OOD1: 65.82% Test OOD2: 52.93% Test OOD3: 63.17% 
Epoch: 53, Loss: 0.8300, Train: 77.89%, Valid: 70.62%, Test In: 71.09% Test OOD1: 65.99% Test OOD2: 52.84% Test OOD3: 63.20% 
Epoch: 54, Loss: 0.8272, Train: 78.07%, Valid: 70.52%, Test In: 71.01% Test OOD1: 65.34% Test OOD2: 52.92% Test OOD3: 63.00% 
Epoch: 55, Loss: 0.8254, Train: 78.23%, Valid: 70.62%, Test In: 71.08% Test OOD1: 65.75% Test OOD2: 52.78% Test OOD3: 63.11% 
Epoch: 56, Loss: 0.8201, Train: 78.53%, Valid: 70.65%, Test In: 71.11% Test OOD1: 65.37% Test OOD2: 52.81% Test OOD3: 63.00% 
Epoch: 57, Loss: 0.8162, Train: 78.47%, Valid: 70.50%, Test In: 70.96% Test OOD1: 65.24% Test OOD2: 52.77% Test OOD3: 62.91% 
Epoch: 58, Loss: 0.8139, Train: 78.80%, Valid: 70.65%, Test In: 71.09% Test OOD1: 65.38% Test OOD2: 52.69% Test OOD3: 62.95% 
Epoch: 59, Loss: 0.8080, Train: 79.04%, Valid: 70.60%, Test In: 71.06% Test OOD1: 65.01% Test OOD2: 52.70% Test OOD3: 62.82% 
Epoch: 60, Loss: 0.8038, Train: 78.95%, Valid: 70.47%, Test In: 70.95% Test OOD1: 65.14% Test OOD2: 52.60% Test OOD3: 62.80% 
Epoch: 61, Loss: 0.8026, Train: 79.41%, Valid: 70.63%, Test In: 71.10% Test OOD1: 64.96% Test OOD2: 52.59% Test OOD3: 62.77% 
Epoch: 62, Loss: 0.7988, Train: 79.47%, Valid: 70.50%, Test In: 70.99% Test OOD1: 64.90% Test OOD2: 52.53% Test OOD3: 62.69% 
Epoch: 63, Loss: 0.7922, Train: 79.54%, Valid: 70.46%, Test In: 70.97% Test OOD1: 64.99% Test OOD2: 52.44% Test OOD3: 62.67% 
Epoch: 64, Loss: 0.7881, Train: 80.01%, Valid: 70.58%, Test In: 71.08% Test OOD1: 64.61% Test OOD2: 52.47% Test OOD3: 62.57% 
Epoch: 65, Loss: 0.7866, Train: 79.76%, Valid: 70.37%, Test In: 70.92% Test OOD1: 64.94% Test OOD2: 52.31% Test OOD3: 62.56% 
Epoch: 66, Loss: 0.7824, Train: 80.30%, Valid: 70.47%, Test In: 71.03% Test OOD1: 64.30% Test OOD2: 52.33% Test OOD3: 62.37% 
Epoch: 67, Loss: 0.7800, Train: 80.30%, Valid: 70.51%, Test In: 71.04% Test OOD1: 64.91% Test OOD2: 52.26% Test OOD3: 62.52% 
Epoch: 68, Loss: 0.7803, Train: 80.44%, Valid: 70.39%, Test In: 70.96% Test OOD1: 64.48% Test OOD2: 52.21% Test OOD3: 62.34% 
Epoch: 69, Loss: 0.7681, Train: 80.60%, Valid: 70.50%, Test In: 71.08% Test OOD1: 64.36% Test OOD2: 52.15% Test OOD3: 62.35% 
Epoch: 70, Loss: 0.7787, Train: 80.58%, Valid: 70.35%, Test In: 70.91% Test OOD1: 64.62% Test OOD2: 52.10% Test OOD3: 62.34% 
Epoch: 71, Loss: 0.7623, Train: 81.15%, Valid: 70.53%, Test In: 71.06% Test OOD1: 64.37% Test OOD2: 52.20% Test OOD3: 62.31% 
Epoch: 72, Loss: 0.7664, Train: 80.91%, Valid: 70.42%, Test In: 70.96% Test OOD1: 64.91% Test OOD2: 52.05% Test OOD3: 62.42% 
Epoch: 73, Loss: 0.7595, Train: 81.21%, Valid: 70.32%, Test In: 70.91% Test OOD1: 63.84% Test OOD2: 52.12% Test OOD3: 62.03% 
Epoch: 74, Loss: 0.7624, Train: 81.02%, Valid: 70.43%, Test In: 70.99% Test OOD1: 64.80% Test OOD2: 51.96% Test OOD3: 62.37% 
Epoch: 75, Loss: 0.7653, Train: 81.39%, Valid: 70.35%, Test In: 70.95% Test OOD1: 64.27% Test OOD2: 52.07% Test OOD3: 62.12% 
Epoch: 76, Loss: 0.7475, Train: 81.95%, Valid: 70.52%, Test In: 71.08% Test OOD1: 64.10% Test OOD2: 52.12% Test OOD3: 62.11% 
Epoch: 77, Loss: 0.7514, Train: 81.51%, Valid: 70.34%, Test In: 70.94% Test OOD1: 64.68% Test OOD2: 51.96% Test OOD3: 62.23% 
Epoch: 78, Loss: 0.7427, Train: 81.75%, Valid: 70.28%, Test In: 70.94% Test OOD1: 64.01% Test OOD2: 51.99% Test OOD3: 61.98% 
Epoch: 79, Loss: 0.7419, Train: 82.10%, Valid: 70.45%, Test In: 71.03% Test OOD1: 64.27% Test OOD2: 51.99% Test OOD3: 62.09% 
Epoch: 80, Loss: 0.7431, Train: 82.11%, Valid: 70.27%, Test In: 70.96% Test OOD1: 64.14% Test OOD2: 52.03% Test OOD3: 61.98% 
Epoch: 81, Loss: 0.7352, Train: 82.28%, Valid: 70.40%, Test In: 71.03% Test OOD1: 64.57% Test OOD2: 51.94% Test OOD3: 62.16% 
Epoch: 82, Loss: 0.7311, Train: 82.39%, Valid: 70.25%, Test In: 70.95% Test OOD1: 64.00% Test OOD2: 51.96% Test OOD3: 61.93% 
Epoch: 83, Loss: 0.7247, Train: 82.68%, Valid: 70.24%, Test In: 70.97% Test OOD1: 63.76% Test OOD2: 52.00% Test OOD3: 61.83% 
Epoch: 84, Loss: 0.7217, Train: 82.66%, Valid: 70.33%, Test In: 71.01% Test OOD1: 64.64% Test OOD2: 51.90% Test OOD3: 62.16% 
Epoch: 85, Loss: 0.7245, Train: 82.87%, Valid: 70.18%, Test In: 70.95% Test OOD1: 63.93% Test OOD2: 51.99% Test OOD3: 61.87% 
Epoch: 86, Loss: 0.7178, Train: 83.13%, Valid: 70.32%, Test In: 71.04% Test OOD1: 64.06% Test OOD2: 51.91% Test OOD3: 61.97% 
Epoch: 87, Loss: 0.7171, Train: 83.24%, Valid: 70.19%, Test In: 70.97% Test OOD1: 64.00% Test OOD2: 51.93% Test OOD3: 61.92% 
Epoch: 88, Loss: 0.7028, Train: 83.40%, Valid: 70.16%, Test In: 70.97% Test OOD1: 64.06% Test OOD2: 51.92% Test OOD3: 61.95% 
Epoch: 89, Loss: 0.7058, Train: 83.59%, Valid: 70.27%, Test In: 71.04% Test OOD1: 64.24% Test OOD2: 51.88% Test OOD3: 62.01% 
Epoch: 90, Loss: 0.7052, Train: 83.85%, Valid: 70.11%, Test In: 70.90% Test OOD1: 63.52% Test OOD2: 51.92% Test OOD3: 61.70% 
Epoch: 91, Loss: 0.6976, Train: 83.90%, Valid: 70.12%, Test In: 70.92% Test OOD1: 64.21% Test OOD2: 51.84% Test OOD3: 61.94% 
Epoch: 92, Loss: 0.6924, Train: 84.32%, Valid: 70.19%, Test In: 70.96% Test OOD1: 63.90% Test OOD2: 51.88% Test OOD3: 61.82% 
Epoch: 93, Loss: 0.6854, Train: 84.31%, Valid: 70.07%, Test In: 70.84% Test OOD1: 63.59% Test OOD2: 51.85% Test OOD3: 61.65% 
Epoch: 94, Loss: 0.6851, Train: 84.64%, Valid: 70.19%, Test In: 70.95% Test OOD1: 64.15% Test OOD2: 51.85% Test OOD3: 61.87% 
Epoch: 95, Loss: 0.6833, Train: 84.81%, Valid: 70.08%, Test In: 70.84% Test OOD1: 63.66% Test OOD2: 51.81% Test OOD3: 61.63% 
Epoch: 96, Loss: 0.6729, Train: 84.99%, Valid: 70.07%, Test In: 70.81% Test OOD1: 63.70% Test OOD2: 51.77% Test OOD3: 61.62% 
Epoch: 97, Loss: 0.6702, Train: 85.51%, Valid: 70.18%, Test In: 70.92% Test OOD1: 63.69% Test OOD2: 51.85% Test OOD3: 61.64% 
Epoch: 98, Loss: 0.6722, Train: 85.18%, Valid: 70.01%, Test In: 70.73% Test OOD1: 63.77% Test OOD2: 51.72% Test OOD3: 61.60% 
Epoch: 99, Loss: 0.6670, Train: 85.74%, Valid: 70.17%, Test In: 70.92% Test OOD1: 63.57% Test OOD2: 51.85% Test OOD3: 61.58% 
Epoch: 100, Loss: 0.6686, Train: 85.82%, Valid: 70.05%, Test In: 70.80% Test OOD1: 63.45% Test OOD2: 51.80% Test OOD3: 61.51% 
Epoch: 101, Loss: 0.6617, Train: 85.93%, Valid: 70.07%, Test In: 70.85% Test OOD1: 63.62% Test OOD2: 51.76% Test OOD3: 61.58% 
Epoch: 102, Loss: 0.6528, Train: 86.51%, Valid: 70.07%, Test In: 70.86% Test OOD1: 63.26% Test OOD2: 51.81% Test OOD3: 61.43% 
Epoch: 103, Loss: 0.6416, Train: 86.47%, Valid: 69.98%, Test In: 70.77% Test OOD1: 63.34% Test OOD2: 51.76% Test OOD3: 61.44% 
Epoch: 104, Loss: 0.6425, Train: 86.67%, Valid: 70.07%, Test In: 70.90% Test OOD1: 63.41% Test OOD2: 51.78% Test OOD3: 61.51% 
Epoch: 105, Loss: 0.6458, Train: 86.99%, Valid: 70.00%, Test In: 70.82% Test OOD1: 63.41% Test OOD2: 51.78% Test OOD3: 61.52% 
Epoch: 106, Loss: 0.6374, Train: 86.91%, Valid: 69.90%, Test In: 70.74% Test OOD1: 62.90% Test OOD2: 51.70% Test OOD3: 61.27% 
Epoch: 107, Loss: 0.6373, Train: 87.23%, Valid: 70.09%, Test In: 70.93% Test OOD1: 63.65% Test OOD2: 51.79% Test OOD3: 61.62% 
Epoch: 108, Loss: 0.6387, Train: 87.62%, Valid: 69.95%, Test In: 70.79% Test OOD1: 63.11% Test OOD2: 51.76% Test OOD3: 61.35% 
Epoch: 109, Loss: 0.6161, Train: 87.54%, Valid: 69.87%, Test In: 70.72% Test OOD1: 62.79% Test OOD2: 51.69% Test OOD3: 61.20% 
Epoch: 110, Loss: 0.6261, Train: 87.68%, Valid: 70.07%, Test In: 70.90% Test OOD1: 63.66% Test OOD2: 51.73% Test OOD3: 61.60% 
Epoch: 111, Loss: 0.6386, Train: 88.36%, Valid: 69.93%, Test In: 70.76% Test OOD1: 62.90% Test OOD2: 51.76% Test OOD3: 61.26% 
Epoch: 112, Loss: 0.6070, Train: 87.77%, Valid: 69.79%, Test In: 70.61% Test OOD1: 62.75% Test OOD2: 51.62% Test OOD3: 61.14% 
Epoch: 113, Loss: 0.6323, Train: 88.35%, Valid: 70.06%, Test In: 70.91% Test OOD1: 63.34% Test OOD2: 51.76% Test OOD3: 61.44% 
Epoch: 114, Loss: 0.6281, Train: 88.73%, Valid: 69.96%, Test In: 70.78% Test OOD1: 63.16% Test OOD2: 51.73% Test OOD3: 61.34% 
Epoch: 115, Loss: 0.6020, Train: 88.43%, Valid: 69.72%, Test In: 70.56% Test OOD1: 62.26% Test OOD2: 51.69% Test OOD3: 60.89% 
Epoch: 116, Loss: 0.6295, Train: 88.71%, Valid: 69.91%, Test In: 70.75% Test OOD1: 63.05% Test OOD2: 51.67% Test OOD3: 61.23% 
Epoch: 117, Loss: 0.6029, Train: 89.04%, Valid: 69.99%, Test In: 70.84% Test OOD1: 63.17% Test OOD2: 51.74% Test OOD3: 61.33% 
Epoch: 118, Loss: 0.6182, Train: 89.29%, Valid: 69.81%, Test In: 70.65% Test OOD1: 62.73% Test OOD2: 51.72% Test OOD3: 61.13% 
Epoch: 119, Loss: 0.5999, Train: 89.11%, Valid: 69.74%, Test In: 70.55% Test OOD1: 62.46% Test OOD2: 51.66% Test OOD3: 60.99% 
Epoch: 120, Loss: 0.6067, Train: 89.61%, Valid: 69.90%, Test In: 70.73% Test OOD1: 62.89% Test OOD2: 51.72% Test OOD3: 61.21% 
Epoch: 121, Loss: 0.5850, Train: 89.44%, Valid: 69.87%, Test In: 70.71% Test OOD1: 63.27% Test OOD2: 51.67% Test OOD3: 61.35% 
Epoch: 122, Loss: 0.5904, Train: 89.89%, Valid: 69.70%, Test In: 70.53% Test OOD1: 62.28% Test OOD2: 51.72% Test OOD3: 60.91% 
Epoch: 123, Loss: 0.5781, Train: 89.86%, Valid: 69.67%, Test In: 70.48% Test OOD1: 62.42% Test OOD2: 51.69% Test OOD3: 60.98% 
Epoch: 124, Loss: 0.5817, Train: 90.23%, Valid: 69.77%, Test In: 70.60% Test OOD1: 62.82% Test OOD2: 51.68% Test OOD3: 61.18% 
Epoch: 125, Loss: 0.5717, Train: 90.40%, Valid: 69.77%, Test In: 70.59% Test OOD1: 62.52% Test OOD2: 51.67% Test OOD3: 61.06% 
Epoch: 126, Loss: 0.5747, Train: 90.09%, Valid: 69.65%, Test In: 70.44% Test OOD1: 62.66% Test OOD2: 51.57% Test OOD3: 61.10% 
Epoch: 127, Loss: 0.5704, Train: 90.86%, Valid: 69.66%, Test In: 70.44% Test OOD1: 62.08% Test OOD2: 51.72% Test OOD3: 60.95% 
Epoch: 128, Loss: 0.5769, Train: 90.77%, Valid: 69.71%, Test In: 70.49% Test OOD1: 62.68% Test OOD2: 51.60% Test OOD3: 61.11% 
Epoch: 129, Loss: 0.5536, Train: 90.46%, Valid: 69.69%, Test In: 70.44% Test OOD1: 62.50% Test OOD2: 51.54% Test OOD3: 60.99% 
Epoch: 130, Loss: 0.5683, Train: 91.34%, Valid: 69.72%, Test In: 70.43% Test OOD1: 62.33% Test OOD2: 51.68% Test OOD3: 60.97% 
Epoch: 131, Loss: 0.5547, Train: 91.09%, Valid: 69.66%, Test In: 70.35% Test OOD1: 62.49% Test OOD2: 51.65% Test OOD3: 60.99% 
Epoch: 132, Loss: 0.5571, Train: 91.13%, Valid: 69.62%, Test In: 70.29% Test OOD1: 62.05% Test OOD2: 51.59% Test OOD3: 60.72% 
Epoch: 133, Loss: 0.5565, Train: 91.44%, Valid: 69.68%, Test In: 70.37% Test OOD1: 62.69% Test OOD2: 51.59% Test OOD3: 61.03% 
Epoch: 134, Loss: 0.5497, Train: 91.88%, Valid: 69.66%, Test In: 70.32% Test OOD1: 62.29% Test OOD2: 51.65% Test OOD3: 60.91% 
Epoch: 135, Loss: 0.5453, Train: 91.51%, Valid: 69.58%, Test In: 70.19% Test OOD1: 62.16% Test OOD2: 51.57% Test OOD3: 60.80% 
Epoch: 136, Loss: 0.5488, Train: 91.87%, Valid: 69.65%, Test In: 70.26% Test OOD1: 62.35% Test OOD2: 51.58% Test OOD3: 60.88% 
Epoch: 137, Loss: 0.5337, Train: 92.12%, Valid: 69.70%, Test In: 70.32% Test OOD1: 62.55% Test OOD2: 51.62% Test OOD3: 61.00% 
Epoch: 138, Loss: 0.5373, Train: 92.16%, Valid: 69.65%, Test In: 70.21% Test OOD1: 62.32% Test OOD2: 51.61% Test OOD3: 60.86% 
Epoch: 139, Loss: 0.5222, Train: 92.06%, Valid: 69.60%, Test In: 70.12% Test OOD1: 62.08% Test OOD2: 51.62% Test OOD3: 60.72% 
Epoch: 140, Loss: 0.5300, Train: 92.55%, Valid: 69.66%, Test In: 70.19% Test OOD1: 62.46% Test OOD2: 51.65% Test OOD3: 60.91% 
Epoch: 141, Loss: 0.5270, Train: 92.68%, Valid: 69.65%, Test In: 70.14% Test OOD1: 62.29% Test OOD2: 51.63% Test OOD3: 60.81% 
Epoch: 142, Loss: 0.5238, Train: 92.35%, Valid: 69.57%, Test In: 70.04% Test OOD1: 62.08% Test OOD2: 51.62% Test OOD3: 60.67% 
Epoch: 143, Loss: 0.5304, Train: 92.90%, Valid: 69.64%, Test In: 70.14% Test OOD1: 62.25% Test OOD2: 51.68% Test OOD3: 60.83% 
Epoch: 144, Loss: 0.5259, Train: 93.05%, Valid: 69.68%, Test In: 70.13% Test OOD1: 62.29% Test OOD2: 51.64% Test OOD3: 60.81% 
Epoch: 145, Loss: 0.5168, Train: 92.59%, Valid: 69.64%, Test In: 70.06% Test OOD1: 62.15% Test OOD2: 51.58% Test OOD3: 60.71% 
Epoch: 146, Loss: 0.5212, Train: 93.31%, Valid: 69.65%, Test In: 70.12% Test OOD1: 62.10% Test OOD2: 51.69% Test OOD3: 60.74% 
Epoch: 147, Loss: 0.5091, Train: 93.30%, Valid: 69.64%, Test In: 70.12% Test OOD1: 62.35% Test OOD2: 51.66% Test OOD3: 60.81% 
Epoch: 148, Loss: 0.5036, Train: 93.14%, Valid: 69.59%, Test In: 70.01% Test OOD1: 61.97% Test OOD2: 51.64% Test OOD3: 60.60% 
Epoch: 149, Loss: 0.5078, Train: 93.45%, Valid: 69.60%, Test In: 70.03% Test OOD1: 62.20% Test OOD2: 51.63% Test OOD3: 60.72% 
Epoch: 150, Loss: 0.4980, Train: 93.73%, Valid: 69.61%, Test In: 70.06% Test OOD1: 62.08% Test OOD2: 51.67% Test OOD3: 60.73% 
Epoch: 151, Loss: 0.5056, Train: 93.59%, Valid: 69.61%, Test In: 69.97% Test OOD1: 62.13% Test OOD2: 51.61% Test OOD3: 60.69% 
Epoch: 152, Loss: 0.4998, Train: 93.63%, Valid: 69.61%, Test In: 69.97% Test OOD1: 62.08% Test OOD2: 51.59% Test OOD3: 60.67% 
Epoch: 153, Loss: 0.5003, Train: 94.09%, Valid: 69.61%, Test In: 70.03% Test OOD1: 62.01% Test OOD2: 51.66% Test OOD3: 60.68% 
Epoch: 154, Loss: 0.5003, Train: 93.94%, Valid: 69.61%, Test In: 69.99% Test OOD1: 62.18% Test OOD2: 51.59% Test OOD3: 60.69% 
Epoch: 155, Loss: 0.4889, Train: 93.93%, Valid: 69.59%, Test In: 69.96% Test OOD1: 61.83% Test OOD2: 51.61% Test OOD3: 60.50% 
Epoch: 156, Loss: 0.4899, Train: 94.26%, Valid: 69.63%, Test In: 70.03% Test OOD1: 62.16% Test OOD2: 51.63% Test OOD3: 60.70% 
Epoch: 157, Loss: 0.4863, Train: 94.39%, Valid: 69.59%, Test In: 69.98% Test OOD1: 61.91% Test OOD2: 51.62% Test OOD3: 60.57% 
Epoch: 158, Loss: 0.4807, Train: 94.00%, Valid: 69.57%, Test In: 69.90% Test OOD1: 61.80% Test OOD2: 51.58% Test OOD3: 60.46% 
Epoch: 159, Loss: 0.4959, Train: 94.61%, Valid: 69.59%, Test In: 69.98% Test OOD1: 62.00% Test OOD2: 51.64% Test OOD3: 60.65% 
Epoch: 160, Loss: 0.4911, Train: 94.61%, Valid: 69.56%, Test In: 69.94% Test OOD1: 61.99% Test OOD2: 51.62% Test OOD3: 60.62% 
Epoch: 161, Loss: 0.4808, Train: 94.30%, Valid: 69.53%, Test In: 69.86% Test OOD1: 61.65% Test OOD2: 51.60% Test OOD3: 60.40% 
Epoch: 162, Loss: 0.4844, Train: 94.76%, Valid: 69.55%, Test In: 69.89% Test OOD1: 62.03% Test OOD2: 51.60% Test OOD3: 60.61% 
Epoch: 163, Loss: 0.4680, Train: 94.99%, Valid: 69.52%, Test In: 69.89% Test OOD1: 61.80% Test OOD2: 51.66% Test OOD3: 60.55% 
Epoch: 164, Loss: 0.4742, Train: 94.69%, Valid: 69.51%, Test In: 69.79% Test OOD1: 61.87% Test OOD2: 51.59% Test OOD3: 60.48% 
Epoch: 165, Loss: 0.4695, Train: 94.82%, Valid: 69.49%, Test In: 69.78% Test OOD1: 61.75% Test OOD2: 51.61% Test OOD3: 60.43% 
Epoch: 166, Loss: 0.4668, Train: 95.16%, Valid: 69.49%, Test In: 69.84% Test OOD1: 61.84% Test OOD2: 51.63% Test OOD3: 60.57% 
Epoch: 167, Loss: 0.4676, Train: 95.09%, Valid: 69.50%, Test In: 69.79% Test OOD1: 62.09% Test OOD2: 51.57% Test OOD3: 60.64% 
Epoch: 168, Loss: 0.4632, Train: 95.10%, Valid: 69.46%, Test In: 69.73% Test OOD1: 61.53% Test OOD2: 51.62% Test OOD3: 60.35% 
Epoch: 169, Loss: 0.4667, Train: 95.18%, Valid: 69.48%, Test In: 69.74% Test OOD1: 62.03% Test OOD2: 51.58% Test OOD3: 60.57% 
Epoch: 170, Loss: 0.4620, Train: 95.64%, Valid: 69.45%, Test In: 69.70% Test OOD1: 61.65% Test OOD2: 51.64% Test OOD3: 60.39% 
Epoch: 171, Loss: 0.4614, Train: 95.20%, Valid: 69.47%, Test In: 69.67% Test OOD1: 61.84% Test OOD2: 51.59% Test OOD3: 60.40% 
Epoch: 172, Loss: 0.4554, Train: 95.56%, Valid: 69.43%, Test In: 69.67% Test OOD1: 61.56% Test OOD2: 51.65% Test OOD3: 60.30% 
Epoch: 173, Loss: 0.4499, Train: 95.65%, Valid: 69.48%, Test In: 69.70% Test OOD1: 61.88% Test OOD2: 51.62% Test OOD3: 60.50% 
Epoch: 174, Loss: 0.4503, Train: 95.60%, Valid: 69.46%, Test In: 69.67% Test OOD1: 61.77% Test OOD2: 51.63% Test OOD3: 60.44% 
Epoch: 175, Loss: 0.4440, Train: 95.71%, Valid: 69.43%, Test In: 69.64% Test OOD1: 61.60% Test OOD2: 51.66% Test OOD3: 60.36% 
Epoch: 176, Loss: 0.4454, Train: 95.76%, Valid: 69.46%, Test In: 69.64% Test OOD1: 62.07% Test OOD2: 51.62% Test OOD3: 60.56% 
Epoch: 177, Loss: 0.4493, Train: 95.98%, Valid: 69.39%, Test In: 69.59% Test OOD1: 61.52% Test OOD2: 51.69% Test OOD3: 60.26% 
Epoch: 178, Loss: 0.4417, Train: 95.74%, Valid: 69.41%, Test In: 69.61% Test OOD1: 61.81% Test OOD2: 51.66% Test OOD3: 60.37% 
Epoch: 179, Loss: 0.4431, Train: 96.22%, Valid: 69.40%, Test In: 69.60% Test OOD1: 61.65% Test OOD2: 51.69% Test OOD3: 60.34% 
Epoch: 180, Loss: 0.4474, Train: 95.93%, Valid: 69.42%, Test In: 69.60% Test OOD1: 61.81% Test OOD2: 51.65% Test OOD3: 60.38% 
Epoch: 181, Loss: 0.4411, Train: 96.15%, Valid: 69.35%, Test In: 69.56% Test OOD1: 61.37% Test OOD2: 51.71% Test OOD3: 60.19% 
Epoch: 182, Loss: 0.4461, Train: 96.11%, Valid: 69.42%, Test In: 69.61% Test OOD1: 62.03% Test OOD2: 51.65% Test OOD3: 60.53% 
Epoch: 183, Loss: 0.4537, Train: 96.23%, Valid: 69.35%, Test In: 69.57% Test OOD1: 61.59% Test OOD2: 51.71% Test OOD3: 60.28% 
Epoch: 184, Loss: 0.4321, Train: 96.18%, Valid: 69.31%, Test In: 69.56% Test OOD1: 61.44% Test OOD2: 51.71% Test OOD3: 60.20% 
Epoch: 185, Loss: 0.4322, Train: 96.15%, Valid: 69.38%, Test In: 69.57% Test OOD1: 62.09% Test OOD2: 51.64% Test OOD3: 60.51% 
Epoch: 186, Loss: 0.4497, Train: 96.58%, Valid: 69.24%, Test In: 69.48% Test OOD1: 61.15% Test OOD2: 51.72% Test OOD3: 60.02% 
Epoch: 187, Loss: 0.4385, Train: 95.97%, Valid: 69.30%, Test In: 69.50% Test OOD1: 61.65% Test OOD2: 51.66% Test OOD3: 60.21% 
Epoch: 188, Loss: 0.4534, Train: 96.55%, Valid: 69.33%, Test In: 69.52% Test OOD1: 61.66% Test OOD2: 51.72% Test OOD3: 60.31% 
Epoch: 189, Loss: 0.4548, Train: 96.55%, Valid: 69.29%, Test In: 69.50% Test OOD1: 61.67% Test OOD2: 51.69% Test OOD3: 60.24% 
Epoch: 190, Loss: 0.4199, Train: 96.12%, Valid: 69.18%, Test In: 69.42% Test OOD1: 61.31% Test OOD2: 51.71% Test OOD3: 60.06% 
Epoch: 191, Loss: 0.4506, Train: 96.68%, Valid: 69.26%, Test In: 69.45% Test OOD1: 61.60% Test OOD2: 51.73% Test OOD3: 60.27% 
Epoch: 192, Loss: 0.4467, Train: 96.59%, Valid: 69.24%, Test In: 69.47% Test OOD1: 61.83% Test OOD2: 51.68% Test OOD3: 60.35% 
Epoch: 193, Loss: 0.4307, Train: 96.48%, Valid: 69.07%, Test In: 69.30% Test OOD1: 60.98% Test OOD2: 51.70% Test OOD3: 59.90% 
Epoch: 194, Loss: 0.4396, Train: 96.55%, Valid: 69.16%, Test In: 69.35% Test OOD1: 61.51% Test OOD2: 51.66% Test OOD3: 60.12% 
Epoch: 195, Loss: 0.4244, Train: 96.75%, Valid: 69.15%, Test In: 69.38% Test OOD1: 61.76% Test OOD2: 51.68% Test OOD3: 60.32% 
Epoch: 196, Loss: 0.4226, Train: 96.94%, Valid: 69.01%, Test In: 69.29% Test OOD1: 61.30% Test OOD2: 51.71% Test OOD3: 60.10% 
Epoch: 197, Loss: 0.4242, Train: 96.68%, Valid: 69.02%, Test In: 69.24% Test OOD1: 61.54% Test OOD2: 51.65% Test OOD3: 60.14% 
Epoch: 198, Loss: 0.4143, Train: 96.84%, Valid: 69.02%, Test In: 69.21% Test OOD1: 61.40% Test OOD2: 51.66% Test OOD3: 60.09% 
Epoch: 199, Loss: 0.4168, Train: 97.03%, Valid: 69.01%, Test In: 69.26% Test OOD1: 61.54% Test OOD2: 51.65% Test OOD3: 60.20% 
Run 03:
Highest Train: 97.03
Highest Valid: 70.79
Highest In Test: 71.44
Highest OOD Test: 67.04
Highest OOD Test: 53.42
Highest OOD Test: 63.77
Chosen epoch: 37
Final Train: 75.73
Final In Test: 71.44
Final OOD Test: 66.36
Final OOD Test: 52.87
Final OOD Test: 63.72
All runs:
Highest Train: 97.22 ± 0.18
Highest Valid: 70.72 ± 0.06
Highest In Test: 71.37 ± 0.07
Highest OOD Test: 66.92 ± 0.15
Highest OOD Test: 53.22 ± 0.17
Highest OOD Test: 63.75 ± 0.03
  Final Train: 76.39 ± 1.25
   Final In  Test: 71.31 ± 0.18
   Final OOD Test: 66.25 ± 0.48
   Final OOD Test: 52.94 ± 0.09
   Final OOD Test: 63.53 ± 0.36
[INFO] TensorBoard writer closed.

Command: python main.py --dataset twitch --backbone_type gcn --env_type graph --combine_result --store_result --epochs 200 --runs 3 --num_layers 2 --expert_agg mean --tau 3 --lr 0.01 --weight_decay 5e-5 --dropout 0.0 --K 3 --hidden_channels 64 --seed 123 --device 0 --lr 0.005 --weight_decay 0.0005 --dropout 0.0 --lamda 0.5 --K 4 --hidden_channels 32 --other_env_reduce env --result_name twitch_stage1_lr0.005_weight_decay0.0005_dropout0.0_lamda0.5_K4_hidden_channels32_other_env_reduceenv
Return code: 0
Elapsed: 91.82s
