Namespace(K=4, backbone_type='gcn', combine_result=True, cpu=False, data_dir='./data/', dataset='twitch', device=0, display_step=1, dropout=0.0, env_type='graph', epochs=200, expert_agg='mean', gamma=0.99, gate_hidden=64, hidden_channels=64, infer_env=False, infer_env_components=64, infer_env_iters=30, infer_env_num=3, lambda_cl=0.1, lambda_dag=0.1, lambda_ind=0.1, lambda_l1=0.5, lamda=1.0, lamda_ciw=0.0001, lr=0.005, lr_dag=0.001, num_layers=2, other_env_reduce='env', pos_weight=5.0, result_name='twitch_stage1_lr0.005_weight_decay0.0005_dropout0.0_lamda1.0_K4_hidden_channels64_other_env_reduceenv', runs=3, seed=123, store_result=True, tau=3.0, use_bn=False, variant=False, weight_decay=0.0005)
dataset twitch: all nodes 34120 | edges 429113 | classes 2 | feats 3170
train nodes 7897 | valid nodes 3949 | test in nodes 3949
test ood1 nodes 4648 test ood2 nodes 6551 test ood3 nodes 7126 
[INFO] env numbers: 6 train env numbers: 3
MODEL: CaNet(
  (experts): ModuleList(
    (0): ExpertNet(
      (convs): ModuleList(
        (0): CaNetConv()
        (1): CaNetConv()
      )
      (fcs): ModuleList(
        (0): Linear(in_features=3170, out_features=64, bias=True)
        (1): Linear(in_features=64, out_features=2, bias=True)
      )
      (act_fn): ReLU()
    )
    (1): ExpertNet(
      (convs): ModuleList(
        (0): CaNetConv()
        (1): CaNetConv()
      )
      (fcs): ModuleList(
        (0): Linear(in_features=3170, out_features=64, bias=True)
        (1): Linear(in_features=64, out_features=2, bias=True)
      )
      (act_fn): ReLU()
    )
    (2): ExpertNet(
      (convs): ModuleList(
        (0): CaNetConv()
        (1): CaNetConv()
      )
      (fcs): ModuleList(
        (0): Linear(in_features=3170, out_features=64, bias=True)
        (1): Linear(in_features=64, out_features=2, bias=True)
      )
      (act_fn): ReLU()
    )
    (3): ExpertNet(
      (convs): ModuleList(
        (0): CaNetConv()
        (1): CaNetConv()
      )
      (fcs): ModuleList(
        (0): Linear(in_features=3170, out_features=64, bias=True)
        (1): Linear(in_features=64, out_features=2, bias=True)
      )
      (act_fn): ReLU()
    )
  )
  (gate): Sequential(
    (0): Linear(in_features=3170, out_features=64, bias=True)
    (1): ReLU()
    (2): Linear(in_features=64, out_features=4, bias=True)
  )
)
[INFO] TensorBoard logging activated. Logs will be saved to: ./runs/twitch/Apr16_07-01-09_lamda_1.0
Epoch: 00, Loss: 1.3930, Train: 52.34%, Valid: 50.23%, Test In: 51.98% Test OOD1: 45.40% Test OOD2: 51.55% Test OOD3: 49.38% 
Epoch: 01, Loss: 1.3887, Train: 48.98%, Valid: 47.63%, Test In: 49.03% Test OOD1: 43.73% Test OOD2: 51.04% Test OOD3: 47.88% 
Epoch: 02, Loss: 1.3842, Train: 47.53%, Valid: 46.53%, Test In: 47.86% Test OOD1: 43.00% Test OOD2: 50.81% Test OOD3: 47.35% 
Epoch: 03, Loss: 1.3784, Train: 46.59%, Valid: 45.80%, Test In: 47.10% Test OOD1: 42.56% Test OOD2: 50.70% Test OOD3: 47.00% 
Epoch: 04, Loss: 1.3709, Train: 46.11%, Valid: 45.46%, Test In: 46.73% Test OOD1: 42.36% Test OOD2: 50.64% Test OOD3: 46.84% 
Epoch: 05, Loss: 1.3624, Train: 46.21%, Valid: 45.55%, Test In: 46.84% Test OOD1: 42.44% Test OOD2: 50.65% Test OOD3: 46.95% 
Epoch: 06, Loss: 1.3550, Train: 48.34%, Valid: 47.19%, Test In: 48.61% Test OOD1: 43.41% Test OOD2: 50.90% Test OOD3: 47.94% 
Epoch: 07, Loss: 1.3500, Train: 55.11%, Valid: 52.56%, Test In: 54.12% Test OOD1: 46.91% Test OOD2: 51.71% Test OOD3: 51.24% 
Epoch: 08, Loss: 1.3455, Train: 67.47%, Valid: 62.90%, Test In: 64.37% Test OOD1: 57.91% Test OOD2: 53.06% Test OOD3: 59.22% 
Epoch: 09, Loss: 1.3388, Train: 68.76%, Valid: 64.91%, Test In: 65.64% Test OOD1: 63.41% Test OOD2: 52.06% Test OOD3: 60.99% 
Epoch: 10, Loss: 1.3304, Train: 66.45%, Valid: 63.59%, Test In: 63.60% Test OOD1: 62.90% Test OOD2: 51.53% Test OOD3: 59.99% 
Epoch: 11, Loss: 1.3223, Train: 65.25%, Valid: 62.80%, Test In: 62.58% Test OOD1: 62.48% Test OOD2: 51.27% Test OOD3: 59.42% 
Epoch: 12, Loss: 1.3155, Train: 64.57%, Valid: 62.31%, Test In: 62.00% Test OOD1: 62.19% Test OOD2: 51.14% Test OOD3: 59.09% 
Epoch: 13, Loss: 1.3100, Train: 64.22%, Valid: 62.04%, Test In: 61.70% Test OOD1: 62.03% Test OOD2: 51.05% Test OOD3: 58.91% 
Epoch: 14, Loss: 1.3052, Train: 64.11%, Valid: 61.94%, Test In: 61.60% Test OOD1: 61.98% Test OOD2: 51.02% Test OOD3: 58.87% 
Epoch: 15, Loss: 1.3010, Train: 64.20%, Valid: 61.97%, Test In: 61.67% Test OOD1: 62.01% Test OOD2: 51.02% Test OOD3: 58.95% 
Epoch: 16, Loss: 1.2971, Train: 64.46%, Valid: 62.13%, Test In: 61.87% Test OOD1: 62.12% Test OOD2: 51.05% Test OOD3: 59.11% 
Epoch: 17, Loss: 1.2933, Train: 64.85%, Valid: 62.36%, Test In: 62.17% Test OOD1: 62.29% Test OOD2: 51.09% Test OOD3: 59.32% 
Epoch: 18, Loss: 1.2890, Train: 65.38%, Valid: 62.69%, Test In: 62.57% Test OOD1: 62.51% Test OOD2: 51.15% Test OOD3: 59.59% 
Epoch: 19, Loss: 1.2835, Train: 66.10%, Valid: 63.18%, Test In: 63.16% Test OOD1: 62.83% Test OOD2: 51.22% Test OOD3: 59.94% 
Epoch: 20, Loss: 1.2771, Train: 67.08%, Valid: 63.87%, Test In: 63.99% Test OOD1: 63.28% Test OOD2: 51.35% Test OOD3: 60.40% 
Epoch: 21, Loss: 1.2702, Train: 68.28%, Valid: 64.69%, Test In: 65.00% Test OOD1: 63.80% Test OOD2: 51.51% Test OOD3: 60.95% 
Epoch: 22, Loss: 1.2627, Train: 69.56%, Valid: 65.56%, Test In: 66.05% Test OOD1: 64.38% Test OOD2: 51.68% Test OOD3: 61.53% 
Epoch: 23, Loss: 1.2540, Train: 70.74%, Valid: 66.38%, Test In: 67.01% Test OOD1: 64.87% Test OOD2: 51.87% Test OOD3: 62.06% 
Epoch: 24, Loss: 1.2440, Train: 71.83%, Valid: 67.12%, Test In: 67.85% Test OOD1: 65.28% Test OOD2: 52.05% Test OOD3: 62.51% 
Epoch: 25, Loss: 1.2328, Train: 72.76%, Valid: 67.76%, Test In: 68.54% Test OOD1: 65.60% Test OOD2: 52.17% Test OOD3: 62.85% 
Epoch: 26, Loss: 1.2211, Train: 73.77%, Valid: 68.49%, Test In: 69.29% Test OOD1: 65.80% Test OOD2: 52.35% Test OOD3: 63.15% 
Epoch: 27, Loss: 1.2108, Train: 74.26%, Valid: 68.84%, Test In: 69.59% Test OOD1: 65.99% Test OOD2: 52.38% Test OOD3: 63.23% 
Epoch: 28, Loss: 1.2060, Train: 74.43%, Valid: 68.92%, Test In: 69.67% Test OOD1: 66.16% Test OOD2: 52.26% Test OOD3: 63.21% 
Epoch: 29, Loss: 1.1968, Train: 75.35%, Valid: 69.55%, Test In: 70.23% Test OOD1: 65.90% Test OOD2: 52.50% Test OOD3: 63.32% 
Epoch: 30, Loss: 1.1872, Train: 75.68%, Valid: 69.69%, Test In: 70.37% Test OOD1: 65.86% Test OOD2: 52.53% Test OOD3: 63.29% 
Epoch: 31, Loss: 1.1835, Train: 75.76%, Valid: 69.64%, Test In: 70.32% Test OOD1: 66.08% Test OOD2: 52.40% Test OOD3: 63.25% 
Epoch: 32, Loss: 1.1685, Train: 76.05%, Valid: 69.72%, Test In: 70.43% Test OOD1: 65.95% Test OOD2: 52.43% Test OOD3: 63.20% 
Epoch: 33, Loss: 1.1655, Train: 76.55%, Valid: 69.98%, Test In: 70.67% Test OOD1: 65.73% Test OOD2: 52.51% Test OOD3: 63.18% 
Epoch: 34, Loss: 1.1543, Train: 76.68%, Valid: 69.87%, Test In: 70.61% Test OOD1: 65.48% Test OOD2: 52.50% Test OOD3: 63.05% 
Epoch: 35, Loss: 1.1532, Train: 77.01%, Valid: 70.01%, Test In: 70.72% Test OOD1: 65.60% Test OOD2: 52.49% Test OOD3: 63.07% 
Epoch: 36, Loss: 1.1390, Train: 77.23%, Valid: 70.05%, Test In: 70.77% Test OOD1: 65.57% Test OOD2: 52.48% Test OOD3: 63.04% 
Epoch: 37, Loss: 1.1357, Train: 77.31%, Valid: 69.94%, Test In: 70.68% Test OOD1: 65.49% Test OOD2: 52.42% Test OOD3: 62.97% 
Epoch: 38, Loss: 1.1266, Train: 77.47%, Valid: 69.90%, Test In: 70.67% Test OOD1: 65.38% Test OOD2: 52.40% Test OOD3: 62.91% 
Epoch: 39, Loss: 1.1190, Train: 77.91%, Valid: 70.05%, Test In: 70.79% Test OOD1: 65.21% Test OOD2: 52.45% Test OOD3: 62.88% 
Epoch: 40, Loss: 1.1151, Train: 78.09%, Valid: 69.99%, Test In: 70.77% Test OOD1: 65.06% Test OOD2: 52.42% Test OOD3: 62.81% 
Epoch: 41, Loss: 1.1052, Train: 77.94%, Valid: 69.76%, Test In: 70.62% Test OOD1: 64.96% Test OOD2: 52.31% Test OOD3: 62.70% 
Epoch: 42, Loss: 1.1060, Train: 78.25%, Valid: 69.88%, Test In: 70.64% Test OOD1: 65.34% Test OOD2: 52.23% Test OOD3: 62.81% 
Epoch: 43, Loss: 1.0984, Train: 78.64%, Valid: 69.94%, Test In: 70.76% Test OOD1: 64.72% Test OOD2: 52.36% Test OOD3: 62.63% 
Epoch: 44, Loss: 1.0884, Train: 78.57%, Valid: 69.78%, Test In: 70.69% Test OOD1: 64.23% Test OOD2: 52.32% Test OOD3: 62.41% 
Epoch: 45, Loss: 1.0909, Train: 78.73%, Valid: 69.80%, Test In: 70.60% Test OOD1: 65.07% Test OOD2: 52.13% Test OOD3: 62.64% 
Epoch: 46, Loss: 1.0805, Train: 79.00%, Valid: 69.85%, Test In: 70.68% Test OOD1: 64.85% Test OOD2: 52.18% Test OOD3: 62.56% 
Epoch: 47, Loss: 1.0737, Train: 79.16%, Valid: 69.82%, Test In: 70.73% Test OOD1: 63.99% Test OOD2: 52.27% Test OOD3: 62.26% 
Epoch: 48, Loss: 1.0729, Train: 79.36%, Valid: 69.88%, Test In: 70.73% Test OOD1: 64.49% Test OOD2: 52.14% Test OOD3: 62.40% 
Epoch: 49, Loss: 1.0655, Train: 79.52%, Valid: 69.85%, Test In: 70.71% Test OOD1: 64.60% Test OOD2: 52.10% Test OOD3: 62.40% 
Epoch: 50, Loss: 1.0579, Train: 79.76%, Valid: 69.88%, Test In: 70.75% Test OOD1: 64.05% Test OOD2: 52.17% Test OOD3: 62.20% 
Epoch: 51, Loss: 1.0545, Train: 79.91%, Valid: 69.93%, Test In: 70.76% Test OOD1: 64.16% Test OOD2: 52.06% Test OOD3: 62.21% 
Epoch: 52, Loss: 1.0552, Train: 80.16%, Valid: 69.89%, Test In: 70.75% Test OOD1: 64.09% Test OOD2: 52.07% Test OOD3: 62.15% 
Epoch: 53, Loss: 1.0391, Train: 80.37%, Valid: 69.89%, Test In: 70.77% Test OOD1: 63.98% Test OOD2: 52.07% Test OOD3: 62.10% 
Epoch: 54, Loss: 1.0391, Train: 80.38%, Valid: 69.92%, Test In: 70.73% Test OOD1: 64.10% Test OOD2: 51.95% Test OOD3: 62.11% 
Epoch: 55, Loss: 1.0401, Train: 80.76%, Valid: 69.87%, Test In: 70.78% Test OOD1: 63.65% Test OOD2: 52.02% Test OOD3: 61.92% 
Epoch: 56, Loss: 1.0267, Train: 80.92%, Valid: 69.89%, Test In: 70.75% Test OOD1: 64.01% Test OOD2: 51.93% Test OOD3: 62.03% 
Epoch: 57, Loss: 1.0190, Train: 80.94%, Valid: 69.85%, Test In: 70.70% Test OOD1: 63.86% Test OOD2: 51.88% Test OOD3: 61.92% 
Epoch: 58, Loss: 1.0188, Train: 81.38%, Valid: 69.83%, Test In: 70.77% Test OOD1: 63.42% Test OOD2: 51.97% Test OOD3: 61.74% 
Epoch: 59, Loss: 1.0172, Train: 81.29%, Valid: 69.81%, Test In: 70.66% Test OOD1: 64.10% Test OOD2: 51.77% Test OOD3: 61.95% 
Epoch: 60, Loss: 1.0113, Train: 81.65%, Valid: 69.77%, Test In: 70.70% Test OOD1: 63.26% Test OOD2: 51.90% Test OOD3: 61.58% 
Epoch: 61, Loss: 0.9986, Train: 81.95%, Valid: 69.81%, Test In: 70.72% Test OOD1: 63.66% Test OOD2: 51.85% Test OOD3: 61.73% 
Epoch: 62, Loss: 0.9940, Train: 81.94%, Valid: 69.75%, Test In: 70.63% Test OOD1: 63.50% Test OOD2: 51.80% Test OOD3: 61.61% 
Epoch: 63, Loss: 0.9923, Train: 82.36%, Valid: 69.72%, Test In: 70.65% Test OOD1: 63.13% Test OOD2: 51.86% Test OOD3: 61.44% 
Epoch: 64, Loss: 0.9872, Train: 82.32%, Valid: 69.72%, Test In: 70.56% Test OOD1: 63.77% Test OOD2: 51.71% Test OOD3: 61.69% 
Epoch: 65, Loss: 0.9837, Train: 82.75%, Valid: 69.68%, Test In: 70.57% Test OOD1: 62.73% Test OOD2: 51.84% Test OOD3: 61.23% 
Epoch: 66, Loss: 0.9781, Train: 82.76%, Valid: 69.64%, Test In: 70.49% Test OOD1: 63.70% Test OOD2: 51.71% Test OOD3: 61.60% 
Epoch: 67, Loss: 0.9826, Train: 83.03%, Valid: 69.70%, Test In: 70.53% Test OOD1: 63.01% Test OOD2: 51.77% Test OOD3: 61.33% 
Epoch: 68, Loss: 0.9706, Train: 83.47%, Valid: 69.69%, Test In: 70.52% Test OOD1: 62.78% Test OOD2: 51.81% Test OOD3: 61.21% 
Epoch: 69, Loss: 0.9658, Train: 83.04%, Valid: 69.53%, Test In: 70.29% Test OOD1: 63.84% Test OOD2: 51.60% Test OOD3: 61.61% 
Epoch: 70, Loss: 0.9754, Train: 83.84%, Valid: 69.67%, Test In: 70.44% Test OOD1: 62.39% Test OOD2: 51.79% Test OOD3: 61.02% 
Epoch: 71, Loss: 0.9544, Train: 83.99%, Valid: 69.74%, Test In: 70.46% Test OOD1: 63.20% Test OOD2: 51.73% Test OOD3: 61.36% 
Epoch: 72, Loss: 0.9424, Train: 83.83%, Valid: 69.62%, Test In: 70.28% Test OOD1: 63.34% Test OOD2: 51.64% Test OOD3: 61.38% 
Epoch: 73, Loss: 0.9458, Train: 84.50%, Valid: 69.67%, Test In: 70.35% Test OOD1: 62.60% Test OOD2: 51.73% Test OOD3: 61.07% 
Epoch: 74, Loss: 0.9357, Train: 84.56%, Valid: 69.73%, Test In: 70.35% Test OOD1: 63.11% Test OOD2: 51.67% Test OOD3: 61.31% 
Epoch: 75, Loss: 0.9298, Train: 84.65%, Valid: 69.55%, Test In: 70.17% Test OOD1: 62.87% Test OOD2: 51.63% Test OOD3: 61.14% 
Epoch: 76, Loss: 0.9210, Train: 85.17%, Valid: 69.68%, Test In: 70.30% Test OOD1: 62.88% Test OOD2: 51.66% Test OOD3: 61.18% 
Epoch: 77, Loss: 0.9157, Train: 85.22%, Valid: 69.59%, Test In: 70.17% Test OOD1: 62.55% Test OOD2: 51.63% Test OOD3: 61.02% 
Epoch: 78, Loss: 0.9100, Train: 85.45%, Valid: 69.49%, Test In: 70.10% Test OOD1: 62.89% Test OOD2: 51.58% Test OOD3: 61.12% 
Epoch: 79, Loss: 0.9013, Train: 85.68%, Valid: 69.58%, Test In: 70.15% Test OOD1: 62.92% Test OOD2: 51.58% Test OOD3: 61.15% 
Epoch: 80, Loss: 0.8977, Train: 86.03%, Valid: 69.42%, Test In: 70.02% Test OOD1: 62.26% Test OOD2: 51.58% Test OOD3: 60.81% 
Epoch: 81, Loss: 0.8882, Train: 86.19%, Valid: 69.48%, Test In: 70.06% Test OOD1: 63.04% Test OOD2: 51.55% Test OOD3: 61.16% 
Epoch: 82, Loss: 0.8802, Train: 86.44%, Valid: 69.38%, Test In: 69.98% Test OOD1: 62.46% Test OOD2: 51.53% Test OOD3: 60.88% 
Epoch: 83, Loss: 0.8727, Train: 86.93%, Valid: 69.37%, Test In: 70.00% Test OOD1: 62.40% Test OOD2: 51.55% Test OOD3: 60.83% 
Epoch: 84, Loss: 0.8665, Train: 86.82%, Valid: 69.39%, Test In: 69.96% Test OOD1: 62.85% Test OOD2: 51.50% Test OOD3: 61.02% 
Epoch: 85, Loss: 0.8642, Train: 87.33%, Valid: 69.23%, Test In: 69.86% Test OOD1: 62.16% Test OOD2: 51.51% Test OOD3: 60.65% 
Epoch: 86, Loss: 0.8575, Train: 87.60%, Valid: 69.37%, Test In: 69.97% Test OOD1: 62.64% Test OOD2: 51.51% Test OOD3: 60.90% 
Epoch: 87, Loss: 0.8514, Train: 87.75%, Valid: 69.20%, Test In: 69.79% Test OOD1: 62.23% Test OOD2: 51.47% Test OOD3: 60.65% 
Epoch: 88, Loss: 0.8381, Train: 88.23%, Valid: 69.29%, Test In: 69.89% Test OOD1: 62.42% Test OOD2: 51.50% Test OOD3: 60.75% 
Epoch: 89, Loss: 0.8366, Train: 88.24%, Valid: 69.24%, Test In: 69.82% Test OOD1: 62.36% Test OOD2: 51.45% Test OOD3: 60.72% 
Epoch: 90, Loss: 0.8294, Train: 88.67%, Valid: 69.14%, Test In: 69.73% Test OOD1: 62.11% Test OOD2: 51.45% Test OOD3: 60.54% 
Epoch: 91, Loss: 0.8189, Train: 88.87%, Valid: 69.24%, Test In: 69.81% Test OOD1: 62.52% Test OOD2: 51.44% Test OOD3: 60.78% 
Epoch: 92, Loss: 0.8119, Train: 89.19%, Valid: 69.06%, Test In: 69.64% Test OOD1: 61.90% Test OOD2: 51.42% Test OOD3: 60.42% 
Epoch: 93, Loss: 0.7980, Train: 89.54%, Valid: 69.12%, Test In: 69.69% Test OOD1: 62.33% Test OOD2: 51.41% Test OOD3: 60.62% 
Epoch: 94, Loss: 0.7902, Train: 89.79%, Valid: 69.09%, Test In: 69.61% Test OOD1: 61.95% Test OOD2: 51.40% Test OOD3: 60.43% 
Epoch: 95, Loss: 0.7827, Train: 89.99%, Valid: 68.94%, Test In: 69.50% Test OOD1: 61.94% Test OOD2: 51.38% Test OOD3: 60.37% 
Epoch: 96, Loss: 0.7851, Train: 90.20%, Valid: 69.12%, Test In: 69.64% Test OOD1: 62.15% Test OOD2: 51.41% Test OOD3: 60.56% 
Epoch: 97, Loss: 0.7954, Train: 90.52%, Valid: 68.84%, Test In: 69.39% Test OOD1: 61.64% Test OOD2: 51.37% Test OOD3: 60.22% 
Epoch: 98, Loss: 0.7757, Train: 90.78%, Valid: 68.99%, Test In: 69.51% Test OOD1: 62.21% Test OOD2: 51.36% Test OOD3: 60.56% 
Epoch: 99, Loss: 0.7643, Train: 91.27%, Valid: 68.88%, Test In: 69.37% Test OOD1: 61.44% Test OOD2: 51.36% Test OOD3: 60.14% 
Epoch: 100, Loss: 0.7827, Train: 91.08%, Valid: 68.78%, Test In: 69.32% Test OOD1: 62.20% Test OOD2: 51.30% Test OOD3: 60.46% 
Epoch: 101, Loss: 0.7981, Train: 91.50%, Valid: 69.00%, Test In: 69.51% Test OOD1: 61.95% Test OOD2: 51.35% Test OOD3: 60.43% 
Epoch: 102, Loss: 0.7439, Train: 91.72%, Valid: 68.77%, Test In: 69.30% Test OOD1: 61.52% Test OOD2: 51.32% Test OOD3: 60.12% 
Epoch: 103, Loss: 0.7958, Train: 91.97%, Valid: 68.92%, Test In: 69.49% Test OOD1: 61.90% Test OOD2: 51.31% Test OOD3: 60.37% 
Epoch: 104, Loss: 0.7511, Train: 91.81%, Valid: 68.82%, Test In: 69.28% Test OOD1: 62.09% Test OOD2: 51.27% Test OOD3: 60.43% 
Epoch: 105, Loss: 0.7488, Train: 92.47%, Valid: 68.83%, Test In: 69.37% Test OOD1: 61.46% Test OOD2: 51.29% Test OOD3: 60.10% 
Epoch: 106, Loss: 0.7114, Train: 92.67%, Valid: 68.93%, Test In: 69.38% Test OOD1: 61.51% Test OOD2: 51.30% Test OOD3: 60.16% 
Epoch: 107, Loss: 0.7191, Train: 92.67%, Valid: 68.71%, Test In: 69.20% Test OOD1: 61.77% Test OOD2: 51.24% Test OOD3: 60.19% 
Epoch: 108, Loss: 0.7083, Train: 93.08%, Valid: 68.80%, Test In: 69.30% Test OOD1: 61.76% Test OOD2: 51.25% Test OOD3: 60.20% 
Epoch: 109, Loss: 0.7123, Train: 93.16%, Valid: 68.68%, Test In: 69.15% Test OOD1: 61.51% Test OOD2: 51.25% Test OOD3: 60.02% 
Epoch: 110, Loss: 0.6827, Train: 93.56%, Valid: 68.67%, Test In: 69.15% Test OOD1: 61.40% Test OOD2: 51.24% Test OOD3: 59.92% 
Epoch: 111, Loss: 0.6850, Train: 93.71%, Valid: 68.66%, Test In: 69.08% Test OOD1: 61.35% Test OOD2: 51.23% Test OOD3: 59.94% 
Epoch: 112, Loss: 0.6705, Train: 93.89%, Valid: 68.50%, Test In: 68.96% Test OOD1: 61.45% Test OOD2: 51.18% Test OOD3: 59.92% 
Epoch: 113, Loss: 0.6789, Train: 94.24%, Valid: 68.63%, Test In: 69.07% Test OOD1: 61.31% Test OOD2: 51.20% Test OOD3: 59.93% 
Epoch: 114, Loss: 0.6585, Train: 94.34%, Valid: 68.43%, Test In: 68.92% Test OOD1: 61.05% Test OOD2: 51.20% Test OOD3: 59.76% 
Epoch: 115, Loss: 0.6601, Train: 94.52%, Valid: 68.57%, Test In: 69.06% Test OOD1: 61.46% Test OOD2: 51.16% Test OOD3: 59.98% 
Epoch: 116, Loss: 0.6578, Train: 94.68%, Valid: 68.43%, Test In: 68.90% Test OOD1: 61.09% Test OOD2: 51.19% Test OOD3: 59.78% 
Epoch: 117, Loss: 0.6564, Train: 94.89%, Valid: 68.44%, Test In: 68.89% Test OOD1: 61.30% Test OOD2: 51.13% Test OOD3: 59.83% 
Epoch: 118, Loss: 0.6360, Train: 95.15%, Valid: 68.46%, Test In: 68.87% Test OOD1: 60.97% Test OOD2: 51.15% Test OOD3: 59.70% 
Epoch: 119, Loss: 0.6376, Train: 95.25%, Valid: 68.29%, Test In: 68.76% Test OOD1: 60.91% Test OOD2: 51.14% Test OOD3: 59.60% 
Epoch: 120, Loss: 0.6243, Train: 95.45%, Valid: 68.45%, Test In: 68.86% Test OOD1: 61.18% Test OOD2: 51.12% Test OOD3: 59.80% 
Epoch: 121, Loss: 0.6160, Train: 95.65%, Valid: 68.34%, Test In: 68.76% Test OOD1: 60.95% Test OOD2: 51.14% Test OOD3: 59.65% 
Epoch: 122, Loss: 0.5939, Train: 95.75%, Valid: 68.28%, Test In: 68.72% Test OOD1: 60.90% Test OOD2: 51.12% Test OOD3: 59.59% 
Epoch: 123, Loss: 0.5996, Train: 95.93%, Valid: 68.42%, Test In: 68.80% Test OOD1: 60.95% Test OOD2: 51.09% Test OOD3: 59.67% 
Epoch: 124, Loss: 0.6108, Train: 95.98%, Valid: 68.23%, Test In: 68.63% Test OOD1: 60.94% Test OOD2: 51.08% Test OOD3: 59.57% 
Epoch: 125, Loss: 0.6101, Train: 96.29%, Valid: 68.33%, Test In: 68.66% Test OOD1: 60.73% Test OOD2: 51.07% Test OOD3: 59.53% 
Epoch: 126, Loss: 0.6003, Train: 96.40%, Valid: 68.28%, Test In: 68.61% Test OOD1: 60.84% Test OOD2: 51.05% Test OOD3: 59.52% 
Epoch: 127, Loss: 0.5896, Train: 96.51%, Valid: 68.24%, Test In: 68.59% Test OOD1: 60.63% Test OOD2: 51.09% Test OOD3: 59.46% 
Epoch: 128, Loss: 0.5726, Train: 96.60%, Valid: 68.39%, Test In: 68.70% Test OOD1: 61.02% Test OOD2: 51.04% Test OOD3: 59.67% 
Epoch: 129, Loss: 0.5701, Train: 96.70%, Valid: 68.23%, Test In: 68.56% Test OOD1: 60.78% Test OOD2: 51.09% Test OOD3: 59.50% 
Epoch: 130, Loss: 0.5576, Train: 96.92%, Valid: 68.28%, Test In: 68.55% Test OOD1: 60.69% Test OOD2: 51.08% Test OOD3: 59.48% 
Epoch: 131, Loss: 0.5601, Train: 97.00%, Valid: 68.22%, Test In: 68.48% Test OOD1: 60.82% Test OOD2: 51.05% Test OOD3: 59.48% 
Epoch: 132, Loss: 0.5576, Train: 97.13%, Valid: 68.16%, Test In: 68.41% Test OOD1: 60.52% Test OOD2: 51.07% Test OOD3: 59.37% 
Epoch: 133, Loss: 0.5583, Train: 97.24%, Valid: 68.22%, Test In: 68.45% Test OOD1: 60.77% Test OOD2: 51.02% Test OOD3: 59.46% 
Epoch: 134, Loss: 0.5502, Train: 97.31%, Valid: 68.16%, Test In: 68.39% Test OOD1: 60.60% Test OOD2: 51.06% Test OOD3: 59.42% 
Epoch: 135, Loss: 0.5323, Train: 97.48%, Valid: 68.19%, Test In: 68.43% Test OOD1: 60.69% Test OOD2: 51.04% Test OOD3: 59.47% 
Epoch: 136, Loss: 0.5232, Train: 97.56%, Valid: 68.15%, Test In: 68.37% Test OOD1: 60.69% Test OOD2: 51.03% Test OOD3: 59.45% 
Epoch: 137, Loss: 0.5183, Train: 97.66%, Valid: 68.09%, Test In: 68.30% Test OOD1: 60.49% Test OOD2: 51.04% Test OOD3: 59.35% 
Epoch: 138, Loss: 0.5211, Train: 97.73%, Valid: 68.15%, Test In: 68.34% Test OOD1: 60.78% Test OOD2: 51.00% Test OOD3: 59.46% 
Epoch: 139, Loss: 0.5273, Train: 97.80%, Valid: 68.04%, Test In: 68.21% Test OOD1: 60.39% Test OOD2: 51.04% Test OOD3: 59.27% 
Epoch: 140, Loss: 0.5244, Train: 97.91%, Valid: 68.11%, Test In: 68.27% Test OOD1: 60.66% Test OOD2: 51.01% Test OOD3: 59.36% 
Epoch: 141, Loss: 0.5165, Train: 97.97%, Valid: 68.03%, Test In: 68.21% Test OOD1: 60.44% Test OOD2: 51.06% Test OOD3: 59.30% 
Epoch: 142, Loss: 0.5051, Train: 98.08%, Valid: 68.03%, Test In: 68.21% Test OOD1: 60.51% Test OOD2: 51.04% Test OOD3: 59.28% 
Epoch: 143, Loss: 0.4936, Train: 98.15%, Valid: 68.03%, Test In: 68.23% Test OOD1: 60.59% Test OOD2: 51.05% Test OOD3: 59.38% 
Epoch: 144, Loss: 0.4844, Train: 98.20%, Valid: 67.94%, Test In: 68.15% Test OOD1: 60.42% Test OOD2: 51.05% Test OOD3: 59.26% 
Epoch: 145, Loss: 0.4823, Train: 98.28%, Valid: 68.02%, Test In: 68.21% Test OOD1: 60.71% Test OOD2: 51.01% Test OOD3: 59.39% 
Epoch: 146, Loss: 0.4887, Train: 98.32%, Valid: 67.89%, Test In: 68.10% Test OOD1: 60.31% Test OOD2: 51.04% Test OOD3: 59.19% 
Epoch: 147, Loss: 0.4952, Train: 98.41%, Valid: 67.98%, Test In: 68.15% Test OOD1: 60.63% Test OOD2: 50.98% Test OOD3: 59.30% 
Epoch: 148, Loss: 0.5000, Train: 98.47%, Valid: 67.86%, Test In: 68.08% Test OOD1: 60.24% Test OOD2: 51.01% Test OOD3: 59.14% 
Epoch: 149, Loss: 0.4866, Train: 98.51%, Valid: 67.92%, Test In: 68.11% Test OOD1: 60.49% Test OOD2: 50.97% Test OOD3: 59.24% 
Epoch: 150, Loss: 0.4666, Train: 98.58%, Valid: 67.92%, Test In: 68.15% Test OOD1: 60.55% Test OOD2: 50.98% Test OOD3: 59.33% 
Epoch: 151, Loss: 0.4642, Train: 98.60%, Valid: 67.79%, Test In: 68.00% Test OOD1: 60.21% Test OOD2: 50.97% Test OOD3: 59.09% 
Epoch: 152, Loss: 0.4978, Train: 98.66%, Valid: 67.94%, Test In: 68.18% Test OOD1: 60.87% Test OOD2: 50.95% Test OOD3: 59.47% 
Epoch: 153, Loss: 0.5533, Train: 98.64%, Valid: 67.82%, Test In: 68.03% Test OOD1: 60.21% Test OOD2: 50.97% Test OOD3: 59.12% 
Epoch: 154, Loss: 0.4943, Train: 98.67%, Valid: 67.99%, Test In: 68.15% Test OOD1: 60.60% Test OOD2: 50.92% Test OOD3: 59.31% 
Epoch: 155, Loss: 0.4589, Train: 98.74%, Valid: 67.89%, Test In: 68.10% Test OOD1: 60.49% Test OOD2: 50.98% Test OOD3: 59.32% 
Epoch: 156, Loss: 0.4957, Train: 98.71%, Valid: 67.87%, Test In: 68.00% Test OOD1: 60.29% Test OOD2: 50.95% Test OOD3: 59.11% 
Epoch: 157, Loss: 0.4811, Train: 98.72%, Valid: 67.93%, Test In: 68.06% Test OOD1: 60.47% Test OOD2: 51.02% Test OOD3: 59.31% 
Epoch: 158, Loss: 0.4883, Train: 98.76%, Valid: 67.70%, Test In: 68.00% Test OOD1: 60.32% Test OOD2: 51.02% Test OOD3: 59.16% 
Epoch: 159, Loss: 0.5444, Train: 98.24%, Valid: 68.02%, Test In: 68.21% Test OOD1: 60.84% Test OOD2: 51.10% Test OOD3: 59.63% 
Epoch: 160, Loss: 0.6518, Train: 98.67%, Valid: 67.65%, Test In: 67.97% Test OOD1: 60.23% Test OOD2: 51.07% Test OOD3: 59.12% 
Epoch: 161, Loss: 0.6038, Train: 98.78%, Valid: 67.79%, Test In: 68.05% Test OOD1: 60.48% Test OOD2: 51.07% Test OOD3: 59.38% 
Epoch: 162, Loss: 0.4387, Train: 98.45%, Valid: 67.90%, Test In: 68.07% Test OOD1: 60.63% Test OOD2: 51.11% Test OOD3: 59.53% 
Epoch: 163, Loss: 0.5213, Train: 98.66%, Valid: 67.63%, Test In: 67.83% Test OOD1: 60.23% Test OOD2: 51.05% Test OOD3: 59.19% 
Epoch: 164, Loss: 0.4510, Train: 98.80%, Valid: 67.60%, Test In: 67.86% Test OOD1: 60.57% Test OOD2: 51.04% Test OOD3: 59.30% 
Epoch: 165, Loss: 0.4801, Train: 98.78%, Valid: 67.48%, Test In: 67.74% Test OOD1: 60.37% Test OOD2: 51.03% Test OOD3: 59.17% 
Epoch: 166, Loss: 0.4558, Train: 98.75%, Valid: 67.56%, Test In: 67.75% Test OOD1: 60.43% Test OOD2: 51.01% Test OOD3: 59.22% 
Epoch: 167, Loss: 0.4271, Train: 98.70%, Valid: 67.66%, Test In: 67.81% Test OOD1: 60.48% Test OOD2: 51.04% Test OOD3: 59.31% 
Epoch: 168, Loss: 0.4462, Train: 98.80%, Valid: 67.49%, Test In: 67.66% Test OOD1: 60.24% Test OOD2: 51.04% Test OOD3: 59.12% 
Epoch: 169, Loss: 0.4265, Train: 98.93%, Valid: 67.37%, Test In: 67.53% Test OOD1: 60.31% Test OOD2: 50.98% Test OOD3: 59.01% 
Epoch: 170, Loss: 0.4213, Train: 98.96%, Valid: 67.14%, Test In: 67.40% Test OOD1: 60.10% Test OOD2: 50.99% Test OOD3: 58.89% 
Epoch: 171, Loss: 0.4332, Train: 99.06%, Valid: 67.21%, Test In: 67.44% Test OOD1: 60.30% Test OOD2: 50.98% Test OOD3: 59.06% 
Epoch: 172, Loss: 0.4255, Train: 99.05%, Valid: 67.20%, Test In: 67.39% Test OOD1: 60.01% Test OOD2: 51.00% Test OOD3: 58.97% 
Epoch: 173, Loss: 0.4159, Train: 99.09%, Valid: 67.32%, Test In: 67.51% Test OOD1: 60.14% Test OOD2: 51.06% Test OOD3: 59.17% 
Epoch: 174, Loss: 0.4174, Train: 99.13%, Valid: 67.28%, Test In: 67.50% Test OOD1: 60.08% Test OOD2: 51.04% Test OOD3: 59.18% 
Epoch: 175, Loss: 0.4041, Train: 99.17%, Valid: 67.16%, Test In: 67.42% Test OOD1: 60.10% Test OOD2: 51.04% Test OOD3: 59.13% 
Epoch: 176, Loss: 0.3868, Train: 99.23%, Valid: 67.16%, Test In: 67.43% Test OOD1: 60.27% Test OOD2: 51.02% Test OOD3: 59.22% 
Epoch: 177, Loss: 0.3874, Train: 99.24%, Valid: 67.09%, Test In: 67.35% Test OOD1: 60.13% Test OOD2: 51.05% Test OOD3: 59.13% 
Epoch: 178, Loss: 0.3840, Train: 99.31%, Valid: 67.17%, Test In: 67.35% Test OOD1: 60.22% Test OOD2: 51.07% Test OOD3: 59.16% 
Epoch: 179, Loss: 0.3832, Train: 99.32%, Valid: 67.16%, Test In: 67.37% Test OOD1: 60.07% Test OOD2: 51.11% Test OOD3: 59.15% 
Epoch: 180, Loss: 0.3915, Train: 99.36%, Valid: 67.21%, Test In: 67.40% Test OOD1: 60.22% Test OOD2: 51.13% Test OOD3: 59.23% 
Epoch: 181, Loss: 0.3837, Train: 99.35%, Valid: 67.16%, Test In: 67.38% Test OOD1: 60.23% Test OOD2: 51.10% Test OOD3: 59.20% 
Epoch: 182, Loss: 0.3728, Train: 99.38%, Valid: 67.15%, Test In: 67.41% Test OOD1: 60.27% Test OOD2: 51.13% Test OOD3: 59.24% 
Epoch: 183, Loss: 0.3743, Train: 99.38%, Valid: 67.21%, Test In: 67.40% Test OOD1: 60.34% Test OOD2: 51.09% Test OOD3: 59.24% 
Epoch: 184, Loss: 0.3610, Train: 99.43%, Valid: 67.14%, Test In: 67.34% Test OOD1: 60.15% Test OOD2: 51.14% Test OOD3: 59.18% 
Epoch: 185, Loss: 0.3517, Train: 99.46%, Valid: 67.21%, Test In: 67.37% Test OOD1: 60.32% Test OOD2: 51.12% Test OOD3: 59.26% 
Epoch: 186, Loss: 0.3523, Train: 99.45%, Valid: 67.12%, Test In: 67.27% Test OOD1: 60.16% Test OOD2: 51.11% Test OOD3: 59.16% 
Epoch: 187, Loss: 0.3488, Train: 99.50%, Valid: 67.17%, Test In: 67.33% Test OOD1: 60.32% Test OOD2: 51.10% Test OOD3: 59.27% 
Epoch: 188, Loss: 0.3571, Train: 99.46%, Valid: 67.12%, Test In: 67.28% Test OOD1: 60.19% Test OOD2: 51.08% Test OOD3: 59.19% 
Epoch: 189, Loss: 0.3653, Train: 99.54%, Valid: 67.16%, Test In: 67.36% Test OOD1: 60.24% Test OOD2: 51.11% Test OOD3: 59.29% 
Epoch: 190, Loss: 0.3660, Train: 99.51%, Valid: 67.14%, Test In: 67.30% Test OOD1: 60.11% Test OOD2: 51.10% Test OOD3: 59.19% 
Epoch: 191, Loss: 0.3574, Train: 99.56%, Valid: 67.18%, Test In: 67.36% Test OOD1: 60.22% Test OOD2: 51.11% Test OOD3: 59.27% 
Epoch: 192, Loss: 0.3372, Train: 99.54%, Valid: 67.17%, Test In: 67.32% Test OOD1: 60.24% Test OOD2: 51.08% Test OOD3: 59.21% 
Epoch: 193, Loss: 0.3212, Train: 99.55%, Valid: 67.13%, Test In: 67.30% Test OOD1: 60.23% Test OOD2: 51.08% Test OOD3: 59.19% 
Epoch: 194, Loss: 0.3211, Train: 99.58%, Valid: 67.12%, Test In: 67.27% Test OOD1: 60.23% Test OOD2: 51.08% Test OOD3: 59.15% 
Epoch: 195, Loss: 0.3247, Train: 99.59%, Valid: 67.05%, Test In: 67.24% Test OOD1: 60.09% Test OOD2: 51.08% Test OOD3: 59.09% 
Epoch: 196, Loss: 0.3279, Train: 99.62%, Valid: 67.07%, Test In: 67.24% Test OOD1: 60.09% Test OOD2: 51.09% Test OOD3: 59.09% 
Epoch: 197, Loss: 0.3221, Train: 99.62%, Valid: 67.08%, Test In: 67.26% Test OOD1: 60.12% Test OOD2: 51.06% Test OOD3: 59.10% 
Epoch: 198, Loss: 0.3134, Train: 99.61%, Valid: 66.99%, Test In: 67.21% Test OOD1: 59.97% Test OOD2: 51.10% Test OOD3: 59.01% 
Epoch: 199, Loss: 0.3097, Train: 99.64%, Valid: 67.12%, Test In: 67.33% Test OOD1: 60.28% Test OOD2: 51.05% Test OOD3: 59.18% 
Run 01:
Highest Train: 99.64
Highest Valid: 70.05
Highest In Test: 70.79
Highest OOD Test: 66.16
Highest OOD Test: 53.06
Highest OOD Test: 63.32
Chosen epoch: 37
Final Train: 77.23
Final In Test: 70.77
Final OOD Test: 65.57
Final OOD Test: 52.48
Final OOD Test: 63.04
Epoch: 00, Loss: 1.3956, Train: 49.22%, Valid: 48.06%, Test In: 49.34% Test OOD1: 44.73% Test OOD2: 51.22% Test OOD3: 48.75% 
Epoch: 01, Loss: 1.3906, Train: 47.07%, Valid: 46.20%, Test In: 47.50% Test OOD1: 43.26% Test OOD2: 50.92% Test OOD3: 47.51% 
Epoch: 02, Loss: 1.3842, Train: 45.64%, Valid: 45.07%, Test In: 46.33% Test OOD1: 42.44% Test OOD2: 50.65% Test OOD3: 46.85% 
Epoch: 03, Loss: 1.3757, Train: 45.49%, Valid: 44.99%, Test In: 46.24% Test OOD1: 42.33% Test OOD2: 50.60% Test OOD3: 46.81% 
Epoch: 04, Loss: 1.3660, Train: 46.54%, Valid: 45.82%, Test In: 47.12% Test OOD1: 42.76% Test OOD2: 50.71% Test OOD3: 47.28% 
Epoch: 05, Loss: 1.3571, Train: 49.94%, Valid: 48.50%, Test In: 49.92% Test OOD1: 44.32% Test OOD2: 51.09% Test OOD3: 48.86% 
Epoch: 06, Loss: 1.3502, Train: 60.28%, Valid: 56.89%, Test In: 58.28% Test OOD1: 50.44% Test OOD2: 52.27% Test OOD3: 54.46% 
Epoch: 07, Loss: 1.3436, Train: 69.68%, Valid: 65.30%, Test In: 66.48% Test OOD1: 62.50% Test OOD2: 52.68% Test OOD3: 61.57% 
Epoch: 08, Loss: 1.3355, Train: 67.40%, Valid: 64.26%, Test In: 64.43% Test OOD1: 63.23% Test OOD2: 51.52% Test OOD3: 60.28% 
Epoch: 09, Loss: 1.3263, Train: 65.55%, Valid: 63.08%, Test In: 62.84% Test OOD1: 62.56% Test OOD2: 51.18% Test OOD3: 59.46% 
Epoch: 10, Loss: 1.3177, Train: 64.79%, Valid: 62.53%, Test In: 62.19% Test OOD1: 62.25% Test OOD2: 51.04% Test OOD3: 59.09% 
Epoch: 11, Loss: 1.3106, Train: 64.50%, Valid: 62.31%, Test In: 61.96% Test OOD1: 62.13% Test OOD2: 50.98% Test OOD3: 58.97% 
Epoch: 12, Loss: 1.3051, Train: 64.55%, Valid: 62.32%, Test In: 62.00% Test OOD1: 62.16% Test OOD2: 50.97% Test OOD3: 59.03% 
Epoch: 13, Loss: 1.3002, Train: 64.82%, Valid: 62.50%, Test In: 62.23% Test OOD1: 62.29% Test OOD2: 51.00% Test OOD3: 59.21% 
Epoch: 14, Loss: 1.2950, Train: 65.26%, Valid: 62.78%, Test In: 62.58% Test OOD1: 62.49% Test OOD2: 51.06% Test OOD3: 59.47% 
Epoch: 15, Loss: 1.2888, Train: 65.85%, Valid: 63.17%, Test In: 63.04% Test OOD1: 62.75% Test OOD2: 51.13% Test OOD3: 59.78% 
Epoch: 16, Loss: 1.2821, Train: 66.64%, Valid: 63.71%, Test In: 63.70% Test OOD1: 63.09% Test OOD2: 51.22% Test OOD3: 60.17% 
Epoch: 17, Loss: 1.2753, Train: 67.68%, Valid: 64.44%, Test In: 64.61% Test OOD1: 63.57% Test OOD2: 51.34% Test OOD3: 60.67% 
Epoch: 18, Loss: 1.2673, Train: 68.98%, Valid: 65.34%, Test In: 65.74% Test OOD1: 64.18% Test OOD2: 51.49% Test OOD3: 61.24% 
Epoch: 19, Loss: 1.2578, Train: 70.31%, Valid: 66.30%, Test In: 66.86% Test OOD1: 64.77% Test OOD2: 51.67% Test OOD3: 61.81% 
Epoch: 20, Loss: 1.2474, Train: 71.67%, Valid: 67.26%, Test In: 67.96% Test OOD1: 65.27% Test OOD2: 51.89% Test OOD3: 62.37% 
Epoch: 21, Loss: 1.2366, Train: 72.42%, Valid: 67.78%, Test In: 68.52% Test OOD1: 65.61% Test OOD2: 51.95% Test OOD3: 62.69% 
Epoch: 22, Loss: 1.2263, Train: 73.89%, Valid: 68.82%, Test In: 69.65% Test OOD1: 65.62% Test OOD2: 52.28% Test OOD3: 63.14% 
Epoch: 23, Loss: 1.2208, Train: 73.60%, Valid: 68.59%, Test In: 69.38% Test OOD1: 65.99% Test OOD2: 52.05% Test OOD3: 63.04% 
Epoch: 24, Loss: 1.2080, Train: 74.39%, Valid: 69.10%, Test In: 69.93% Test OOD1: 65.98% Test OOD2: 52.24% Test OOD3: 63.18% 
Epoch: 25, Loss: 1.2037, Train: 74.88%, Valid: 69.38%, Test In: 70.20% Test OOD1: 65.96% Test OOD2: 52.31% Test OOD3: 63.23% 
Epoch: 26, Loss: 1.1881, Train: 75.34%, Valid: 69.67%, Test In: 70.44% Test OOD1: 65.95% Test OOD2: 52.34% Test OOD3: 63.26% 
Epoch: 27, Loss: 1.1852, Train: 75.63%, Valid: 69.78%, Test In: 70.54% Test OOD1: 65.99% Test OOD2: 52.36% Test OOD3: 63.23% 
Epoch: 28, Loss: 1.1733, Train: 75.82%, Valid: 69.83%, Test In: 70.55% Test OOD1: 66.12% Test OOD2: 52.29% Test OOD3: 63.20% 
Epoch: 29, Loss: 1.1663, Train: 76.21%, Valid: 69.97%, Test In: 70.69% Test OOD1: 66.00% Test OOD2: 52.36% Test OOD3: 63.17% 
Epoch: 30, Loss: 1.1577, Train: 76.67%, Valid: 70.10%, Test In: 70.86% Test OOD1: 65.52% Test OOD2: 52.51% Test OOD3: 63.05% 
Epoch: 31, Loss: 1.1514, Train: 76.83%, Valid: 70.15%, Test In: 70.84% Test OOD1: 65.87% Test OOD2: 52.40% Test OOD3: 63.09% 
Epoch: 32, Loss: 1.1436, Train: 76.85%, Valid: 69.97%, Test In: 70.73% Test OOD1: 65.77% Test OOD2: 52.35% Test OOD3: 62.97% 
Epoch: 33, Loss: 1.1432, Train: 77.46%, Valid: 70.21%, Test In: 70.94% Test OOD1: 65.25% Test OOD2: 52.53% Test OOD3: 62.87% 
Epoch: 34, Loss: 1.1299, Train: 77.60%, Valid: 70.22%, Test In: 70.92% Test OOD1: 65.50% Test OOD2: 52.48% Test OOD3: 62.92% 
Epoch: 35, Loss: 1.1256, Train: 77.63%, Valid: 70.10%, Test In: 70.83% Test OOD1: 65.47% Test OOD2: 52.38% Test OOD3: 62.86% 
Epoch: 36, Loss: 1.1167, Train: 77.89%, Valid: 70.09%, Test In: 70.86% Test OOD1: 65.06% Test OOD2: 52.45% Test OOD3: 62.73% 
Epoch: 37, Loss: 1.1119, Train: 78.15%, Valid: 70.19%, Test In: 70.88% Test OOD1: 65.41% Test OOD2: 52.38% Test OOD3: 62.85% 
Epoch: 38, Loss: 1.1112, Train: 78.36%, Valid: 70.15%, Test In: 70.90% Test OOD1: 64.98% Test OOD2: 52.42% Test OOD3: 62.69% 
Epoch: 39, Loss: 1.0961, Train: 78.29%, Valid: 70.01%, Test In: 70.80% Test OOD1: 64.93% Test OOD2: 52.31% Test OOD3: 62.62% 
Epoch: 40, Loss: 1.0951, Train: 78.64%, Valid: 70.13%, Test In: 70.84% Test OOD1: 65.19% Test OOD2: 52.26% Test OOD3: 62.72% 
Epoch: 41, Loss: 1.0893, Train: 78.89%, Valid: 70.11%, Test In: 70.90% Test OOD1: 64.44% Test OOD2: 52.35% Test OOD3: 62.45% 
Epoch: 42, Loss: 1.0844, Train: 78.73%, Valid: 69.99%, Test In: 70.78% Test OOD1: 64.84% Test OOD2: 52.15% Test OOD3: 62.51% 
Epoch: 43, Loss: 1.0814, Train: 79.19%, Valid: 70.12%, Test In: 70.88% Test OOD1: 64.79% Test OOD2: 52.18% Test OOD3: 62.50% 
Epoch: 44, Loss: 1.0684, Train: 79.36%, Valid: 70.10%, Test In: 70.90% Test OOD1: 64.24% Test OOD2: 52.23% Test OOD3: 62.27% 
Epoch: 45, Loss: 1.0657, Train: 79.28%, Valid: 70.02%, Test In: 70.80% Test OOD1: 64.59% Test OOD2: 52.10% Test OOD3: 62.33% 
Epoch: 46, Loss: 1.0663, Train: 79.76%, Valid: 70.14%, Test In: 70.90% Test OOD1: 64.36% Test OOD2: 52.13% Test OOD3: 62.26% 
Epoch: 47, Loss: 1.0547, Train: 79.81%, Valid: 70.07%, Test In: 70.87% Test OOD1: 64.10% Test OOD2: 52.11% Test OOD3: 62.12% 
Epoch: 48, Loss: 1.0485, Train: 79.93%, Valid: 70.05%, Test In: 70.84% Test OOD1: 64.22% Test OOD2: 52.07% Test OOD3: 62.14% 
Epoch: 49, Loss: 1.0498, Train: 80.25%, Valid: 70.12%, Test In: 70.88% Test OOD1: 64.01% Test OOD2: 52.05% Test OOD3: 62.07% 
Epoch: 50, Loss: 1.0397, Train: 80.29%, Valid: 70.02%, Test In: 70.82% Test OOD1: 63.92% Test OOD2: 52.03% Test OOD3: 62.00% 
Epoch: 51, Loss: 1.0316, Train: 80.56%, Valid: 70.04%, Test In: 70.84% Test OOD1: 63.85% Test OOD2: 52.03% Test OOD3: 61.97% 
Epoch: 52, Loss: 1.0368, Train: 80.68%, Valid: 70.05%, Test In: 70.81% Test OOD1: 63.86% Test OOD2: 51.96% Test OOD3: 61.97% 
Epoch: 53, Loss: 1.0327, Train: 80.87%, Valid: 69.99%, Test In: 70.79% Test OOD1: 63.68% Test OOD2: 52.00% Test OOD3: 61.88% 
Epoch: 54, Loss: 1.0143, Train: 81.11%, Valid: 69.99%, Test In: 70.79% Test OOD1: 63.66% Test OOD2: 51.97% Test OOD3: 61.87% 
Epoch: 55, Loss: 1.0085, Train: 81.21%, Valid: 69.97%, Test In: 70.74% Test OOD1: 63.63% Test OOD2: 51.93% Test OOD3: 61.83% 
Epoch: 56, Loss: 1.0144, Train: 81.45%, Valid: 69.94%, Test In: 70.73% Test OOD1: 63.45% Test OOD2: 51.95% Test OOD3: 61.73% 
Epoch: 57, Loss: 1.0143, Train: 81.59%, Valid: 69.91%, Test In: 70.69% Test OOD1: 63.55% Test OOD2: 51.91% Test OOD3: 61.75% 
Epoch: 58, Loss: 1.0061, Train: 81.80%, Valid: 69.90%, Test In: 70.66% Test OOD1: 63.38% Test OOD2: 51.91% Test OOD3: 61.66% 
Epoch: 59, Loss: 0.9993, Train: 82.08%, Valid: 69.93%, Test In: 70.68% Test OOD1: 63.21% Test OOD2: 51.93% Test OOD3: 61.60% 
Epoch: 60, Loss: 0.9966, Train: 82.04%, Valid: 69.89%, Test In: 70.62% Test OOD1: 63.46% Test OOD2: 51.84% Test OOD3: 61.68% 
Epoch: 61, Loss: 0.9947, Train: 82.38%, Valid: 69.91%, Test In: 70.63% Test OOD1: 63.03% Test OOD2: 51.92% Test OOD3: 61.51% 
Epoch: 62, Loss: 0.9912, Train: 82.46%, Valid: 69.94%, Test In: 70.63% Test OOD1: 63.42% Test OOD2: 51.82% Test OOD3: 61.67% 
Epoch: 63, Loss: 0.9864, Train: 82.67%, Valid: 69.89%, Test In: 70.58% Test OOD1: 63.08% Test OOD2: 51.85% Test OOD3: 61.51% 
Epoch: 64, Loss: 0.9709, Train: 82.93%, Valid: 69.93%, Test In: 70.60% Test OOD1: 63.14% Test OOD2: 51.84% Test OOD3: 61.54% 
Epoch: 65, Loss: 0.9662, Train: 83.00%, Valid: 69.92%, Test In: 70.57% Test OOD1: 63.08% Test OOD2: 51.77% Test OOD3: 61.49% 
Epoch: 66, Loss: 0.9745, Train: 83.23%, Valid: 69.86%, Test In: 70.48% Test OOD1: 62.94% Test OOD2: 51.80% Test OOD3: 61.39% 
Epoch: 67, Loss: 0.9664, Train: 83.42%, Valid: 69.86%, Test In: 70.48% Test OOD1: 63.10% Test OOD2: 51.75% Test OOD3: 61.45% 
Epoch: 68, Loss: 0.9460, Train: 83.70%, Valid: 69.84%, Test In: 70.46% Test OOD1: 62.60% Test OOD2: 51.76% Test OOD3: 61.23% 
Epoch: 69, Loss: 0.9399, Train: 83.79%, Valid: 69.81%, Test In: 70.38% Test OOD1: 62.98% Test OOD2: 51.71% Test OOD3: 61.37% 
Epoch: 70, Loss: 0.9509, Train: 83.98%, Valid: 69.80%, Test In: 70.40% Test OOD1: 62.67% Test OOD2: 51.69% Test OOD3: 61.25% 
Epoch: 71, Loss: 0.9489, Train: 84.35%, Valid: 69.77%, Test In: 70.32% Test OOD1: 62.53% Test OOD2: 51.70% Test OOD3: 61.18% 
Epoch: 72, Loss: 0.9270, Train: 84.35%, Valid: 69.70%, Test In: 70.23% Test OOD1: 62.96% Test OOD2: 51.63% Test OOD3: 61.34% 
Epoch: 73, Loss: 0.9185, Train: 84.79%, Valid: 69.71%, Test In: 70.28% Test OOD1: 62.20% Test OOD2: 51.68% Test OOD3: 61.00% 
Epoch: 74, Loss: 0.9234, Train: 84.76%, Valid: 69.65%, Test In: 70.17% Test OOD1: 62.87% Test OOD2: 51.60% Test OOD3: 61.25% 
Epoch: 75, Loss: 0.9290, Train: 85.01%, Valid: 69.66%, Test In: 70.24% Test OOD1: 62.38% Test OOD2: 51.62% Test OOD3: 61.05% 
Epoch: 76, Loss: 0.9241, Train: 85.44%, Valid: 69.64%, Test In: 70.17% Test OOD1: 62.31% Test OOD2: 51.61% Test OOD3: 61.00% 
Epoch: 77, Loss: 0.8977, Train: 85.49%, Valid: 69.61%, Test In: 70.11% Test OOD1: 62.59% Test OOD2: 51.56% Test OOD3: 61.10% 
Epoch: 78, Loss: 0.8841, Train: 85.89%, Valid: 69.61%, Test In: 70.14% Test OOD1: 61.99% Test OOD2: 51.60% Test OOD3: 60.83% 
Epoch: 79, Loss: 0.8927, Train: 85.77%, Valid: 69.50%, Test In: 70.03% Test OOD1: 62.77% Test OOD2: 51.50% Test OOD3: 61.14% 
Epoch: 80, Loss: 0.9080, Train: 86.21%, Valid: 69.55%, Test In: 70.10% Test OOD1: 61.89% Test OOD2: 51.57% Test OOD3: 60.77% 
Epoch: 81, Loss: 0.9044, Train: 86.39%, Valid: 69.51%, Test In: 70.05% Test OOD1: 62.56% Test OOD2: 51.51% Test OOD3: 61.06% 
Epoch: 82, Loss: 0.8749, Train: 86.74%, Valid: 69.47%, Test In: 70.01% Test OOD1: 62.04% Test OOD2: 51.53% Test OOD3: 60.81% 
Epoch: 83, Loss: 0.8503, Train: 86.96%, Valid: 69.50%, Test In: 70.02% Test OOD1: 62.07% Test OOD2: 51.52% Test OOD3: 60.82% 
Epoch: 84, Loss: 0.8514, Train: 87.11%, Valid: 69.38%, Test In: 69.93% Test OOD1: 62.33% Test OOD2: 51.47% Test OOD3: 60.89% 
Epoch: 85, Loss: 0.8649, Train: 87.37%, Valid: 69.38%, Test In: 69.92% Test OOD1: 61.71% Test OOD2: 51.50% Test OOD3: 60.60% 
Epoch: 86, Loss: 0.8718, Train: 87.62%, Valid: 69.30%, Test In: 69.86% Test OOD1: 62.33% Test OOD2: 51.45% Test OOD3: 60.86% 
Epoch: 87, Loss: 0.8534, Train: 88.05%, Valid: 69.23%, Test In: 69.82% Test OOD1: 61.56% Test OOD2: 51.47% Test OOD3: 60.52% 
Epoch: 88, Loss: 0.8327, Train: 88.07%, Valid: 69.24%, Test In: 69.79% Test OOD1: 62.21% Test OOD2: 51.42% Test OOD3: 60.82% 
Epoch: 89, Loss: 0.8330, Train: 88.50%, Valid: 69.18%, Test In: 69.78% Test OOD1: 61.80% Test OOD2: 51.45% Test OOD3: 60.64% 
Epoch: 90, Loss: 0.8319, Train: 88.44%, Valid: 69.23%, Test In: 69.79% Test OOD1: 61.80% Test OOD2: 51.43% Test OOD3: 60.63% 
Epoch: 91, Loss: 0.8393, Train: 88.74%, Valid: 69.14%, Test In: 69.73% Test OOD1: 62.17% Test OOD2: 51.41% Test OOD3: 60.79% 
Epoch: 92, Loss: 0.8402, Train: 89.09%, Valid: 69.09%, Test In: 69.67% Test OOD1: 61.34% Test OOD2: 51.40% Test OOD3: 60.41% 
Epoch: 93, Loss: 0.8233, Train: 89.35%, Valid: 69.12%, Test In: 69.67% Test OOD1: 61.96% Test OOD2: 51.38% Test OOD3: 60.71% 
Epoch: 94, Loss: 0.7879, Train: 89.64%, Valid: 69.01%, Test In: 69.57% Test OOD1: 61.61% Test OOD2: 51.37% Test OOD3: 60.51% 
Epoch: 95, Loss: 0.7767, Train: 89.75%, Valid: 69.07%, Test In: 69.59% Test OOD1: 61.41% Test OOD2: 51.37% Test OOD3: 60.43% 
Epoch: 96, Loss: 0.7935, Train: 89.95%, Valid: 68.96%, Test In: 69.50% Test OOD1: 61.96% Test OOD2: 51.34% Test OOD3: 60.67% 
Epoch: 97, Loss: 0.7939, Train: 90.33%, Valid: 68.82%, Test In: 69.37% Test OOD1: 61.13% Test OOD2: 51.34% Test OOD3: 60.25% 
Epoch: 98, Loss: 0.7794, Train: 90.48%, Valid: 68.97%, Test In: 69.50% Test OOD1: 61.76% Test OOD2: 51.31% Test OOD3: 60.62% 
Epoch: 99, Loss: 0.7727, Train: 90.77%, Valid: 68.76%, Test In: 69.29% Test OOD1: 61.34% Test OOD2: 51.27% Test OOD3: 60.35% 
Epoch: 100, Loss: 0.7625, Train: 90.91%, Valid: 68.91%, Test In: 69.41% Test OOD1: 61.43% Test OOD2: 51.26% Test OOD3: 60.43% 
Epoch: 101, Loss: 0.7499, Train: 91.31%, Valid: 68.77%, Test In: 69.28% Test OOD1: 61.39% Test OOD2: 51.24% Test OOD3: 60.37% 
Epoch: 102, Loss: 0.7371, Train: 91.46%, Valid: 68.68%, Test In: 69.20% Test OOD1: 61.18% Test OOD2: 51.23% Test OOD3: 60.23% 
Epoch: 103, Loss: 0.7411, Train: 91.77%, Valid: 68.76%, Test In: 69.30% Test OOD1: 61.46% Test OOD2: 51.25% Test OOD3: 60.41% 
Epoch: 104, Loss: 0.7558, Train: 91.88%, Valid: 68.49%, Test In: 69.04% Test OOD1: 60.96% Test OOD2: 51.25% Test OOD3: 60.06% 
Epoch: 105, Loss: 0.7589, Train: 91.95%, Valid: 68.79%, Test In: 69.32% Test OOD1: 61.62% Test OOD2: 51.25% Test OOD3: 60.48% 
Epoch: 106, Loss: 0.7430, Train: 92.32%, Valid: 68.53%, Test In: 69.08% Test OOD1: 61.07% Test OOD2: 51.25% Test OOD3: 60.12% 
Epoch: 107, Loss: 0.7116, Train: 92.32%, Valid: 68.66%, Test In: 69.17% Test OOD1: 61.28% Test OOD2: 51.20% Test OOD3: 60.25% 
Epoch: 108, Loss: 0.7134, Train: 92.78%, Valid: 68.61%, Test In: 69.17% Test OOD1: 61.22% Test OOD2: 51.22% Test OOD3: 60.21% 
Epoch: 109, Loss: 0.7221, Train: 92.82%, Valid: 68.48%, Test In: 69.03% Test OOD1: 61.04% Test OOD2: 51.22% Test OOD3: 60.05% 
Epoch: 110, Loss: 0.7075, Train: 93.09%, Valid: 68.60%, Test In: 69.12% Test OOD1: 61.27% Test OOD2: 51.22% Test OOD3: 60.17% 
Epoch: 111, Loss: 0.6806, Train: 93.27%, Valid: 68.50%, Test In: 69.00% Test OOD1: 61.16% Test OOD2: 51.22% Test OOD3: 60.04% 
Epoch: 112, Loss: 0.6700, Train: 93.31%, Valid: 68.44%, Test In: 68.93% Test OOD1: 60.98% Test OOD2: 51.21% Test OOD3: 59.92% 
Epoch: 113, Loss: 0.6827, Train: 93.77%, Valid: 68.42%, Test In: 68.93% Test OOD1: 61.00% Test OOD2: 51.20% Test OOD3: 59.93% 
Epoch: 114, Loss: 0.6893, Train: 93.77%, Valid: 68.31%, Test In: 68.80% Test OOD1: 60.83% Test OOD2: 51.20% Test OOD3: 59.83% 
Epoch: 115, Loss: 0.6786, Train: 94.14%, Valid: 68.35%, Test In: 68.85% Test OOD1: 60.94% Test OOD2: 51.19% Test OOD3: 59.90% 
Epoch: 116, Loss: 0.6610, Train: 94.20%, Valid: 68.36%, Test In: 68.82% Test OOD1: 61.20% Test OOD2: 51.16% Test OOD3: 60.02% 
Epoch: 117, Loss: 0.6638, Train: 94.32%, Valid: 68.28%, Test In: 68.80% Test OOD1: 60.80% Test OOD2: 51.22% Test OOD3: 59.81% 
Epoch: 118, Loss: 0.6790, Train: 94.46%, Valid: 68.39%, Test In: 68.84% Test OOD1: 61.33% Test OOD2: 51.14% Test OOD3: 60.04% 
Epoch: 119, Loss: 0.6784, Train: 94.53%, Valid: 68.26%, Test In: 68.73% Test OOD1: 60.78% Test OOD2: 51.19% Test OOD3: 59.71% 
Epoch: 120, Loss: 0.6527, Train: 94.93%, Valid: 68.34%, Test In: 68.78% Test OOD1: 60.89% Test OOD2: 51.16% Test OOD3: 59.73% 
Epoch: 121, Loss: 0.6535, Train: 94.94%, Valid: 68.25%, Test In: 68.66% Test OOD1: 60.97% Test OOD2: 51.12% Test OOD3: 59.73% 
Epoch: 122, Loss: 0.6556, Train: 95.08%, Valid: 68.36%, Test In: 68.79% Test OOD1: 61.10% Test OOD2: 51.13% Test OOD3: 59.82% 
Epoch: 123, Loss: 0.6262, Train: 95.32%, Valid: 68.28%, Test In: 68.72% Test OOD1: 60.82% Test OOD2: 51.15% Test OOD3: 59.67% 
Epoch: 124, Loss: 0.6240, Train: 95.19%, Valid: 68.29%, Test In: 68.73% Test OOD1: 61.17% Test OOD2: 51.13% Test OOD3: 59.85% 
Epoch: 125, Loss: 0.6334, Train: 95.59%, Valid: 68.29%, Test In: 68.74% Test OOD1: 60.89% Test OOD2: 51.14% Test OOD3: 59.68% 
Epoch: 126, Loss: 0.6174, Train: 95.52%, Valid: 68.12%, Test In: 68.55% Test OOD1: 60.59% Test OOD2: 51.16% Test OOD3: 59.47% 
Epoch: 127, Loss: 0.6322, Train: 95.83%, Valid: 68.25%, Test In: 68.62% Test OOD1: 61.11% Test OOD2: 51.09% Test OOD3: 59.70% 
Epoch: 128, Loss: 0.6354, Train: 95.88%, Valid: 68.08%, Test In: 68.46% Test OOD1: 60.70% Test OOD2: 51.15% Test OOD3: 59.45% 
Epoch: 129, Loss: 0.6007, Train: 96.08%, Valid: 68.14%, Test In: 68.52% Test OOD1: 60.86% Test OOD2: 51.14% Test OOD3: 59.56% 
Epoch: 130, Loss: 0.5887, Train: 96.21%, Valid: 68.11%, Test In: 68.50% Test OOD1: 60.93% Test OOD2: 51.11% Test OOD3: 59.59% 
Epoch: 131, Loss: 0.5832, Train: 96.17%, Valid: 68.04%, Test In: 68.46% Test OOD1: 60.79% Test OOD2: 51.15% Test OOD3: 59.53% 
Epoch: 132, Loss: 0.5796, Train: 96.49%, Valid: 68.04%, Test In: 68.50% Test OOD1: 60.74% Test OOD2: 51.12% Test OOD3: 59.49% 
Epoch: 133, Loss: 0.5888, Train: 96.51%, Valid: 67.93%, Test In: 68.35% Test OOD1: 60.68% Test OOD2: 51.12% Test OOD3: 59.41% 
Epoch: 134, Loss: 0.5738, Train: 96.70%, Valid: 67.99%, Test In: 68.39% Test OOD1: 60.82% Test OOD2: 51.10% Test OOD3: 59.46% 
Epoch: 135, Loss: 0.5605, Train: 96.85%, Valid: 67.90%, Test In: 68.28% Test OOD1: 60.50% Test OOD2: 51.11% Test OOD3: 59.27% 
Epoch: 136, Loss: 0.5700, Train: 96.80%, Valid: 67.96%, Test In: 68.33% Test OOD1: 60.84% Test OOD2: 51.11% Test OOD3: 59.48% 
Epoch: 137, Loss: 0.5717, Train: 97.03%, Valid: 67.97%, Test In: 68.37% Test OOD1: 60.68% Test OOD2: 51.10% Test OOD3: 59.42% 
Epoch: 138, Loss: 0.5673, Train: 96.95%, Valid: 67.91%, Test In: 68.31% Test OOD1: 60.61% Test OOD2: 51.13% Test OOD3: 59.38% 
Epoch: 139, Loss: 0.5694, Train: 97.20%, Valid: 67.95%, Test In: 68.39% Test OOD1: 60.75% Test OOD2: 51.09% Test OOD3: 59.46% 
Epoch: 140, Loss: 0.5602, Train: 97.12%, Valid: 67.89%, Test In: 68.30% Test OOD1: 60.61% Test OOD2: 51.11% Test OOD3: 59.35% 
Epoch: 141, Loss: 0.5495, Train: 97.36%, Valid: 67.85%, Test In: 68.28% Test OOD1: 60.63% Test OOD2: 51.14% Test OOD3: 59.31% 
Epoch: 142, Loss: 0.5413, Train: 97.41%, Valid: 67.92%, Test In: 68.31% Test OOD1: 60.67% Test OOD2: 51.09% Test OOD3: 59.34% 
Epoch: 143, Loss: 0.5373, Train: 97.39%, Valid: 67.87%, Test In: 68.28% Test OOD1: 60.70% Test OOD2: 51.13% Test OOD3: 59.33% 
Epoch: 144, Loss: 0.5379, Train: 97.59%, Valid: 67.81%, Test In: 68.25% Test OOD1: 60.50% Test OOD2: 51.13% Test OOD3: 59.21% 
Epoch: 145, Loss: 0.5385, Train: 97.51%, Valid: 67.86%, Test In: 68.26% Test OOD1: 60.73% Test OOD2: 51.11% Test OOD3: 59.33% 
Epoch: 146, Loss: 0.5262, Train: 97.73%, Valid: 67.76%, Test In: 68.19% Test OOD1: 60.52% Test OOD2: 51.13% Test OOD3: 59.18% 
Epoch: 147, Loss: 0.5026, Train: 97.81%, Valid: 67.75%, Test In: 68.17% Test OOD1: 60.59% Test OOD2: 51.11% Test OOD3: 59.20% 
Epoch: 148, Loss: 0.4950, Train: 97.80%, Valid: 67.75%, Test In: 68.13% Test OOD1: 60.59% Test OOD2: 51.10% Test OOD3: 59.20% 
Epoch: 149, Loss: 0.5045, Train: 97.99%, Valid: 67.68%, Test In: 68.07% Test OOD1: 60.39% Test OOD2: 51.11% Test OOD3: 59.09% 
Epoch: 150, Loss: 0.5130, Train: 97.98%, Valid: 67.68%, Test In: 68.05% Test OOD1: 60.57% Test OOD2: 51.12% Test OOD3: 59.18% 
Epoch: 151, Loss: 0.5188, Train: 98.12%, Valid: 67.72%, Test In: 68.10% Test OOD1: 60.39% Test OOD2: 51.10% Test OOD3: 59.11% 
Epoch: 152, Loss: 0.5268, Train: 98.07%, Valid: 67.69%, Test In: 68.07% Test OOD1: 60.70% Test OOD2: 51.14% Test OOD3: 59.25% 
Epoch: 153, Loss: 0.5250, Train: 98.16%, Valid: 67.78%, Test In: 68.17% Test OOD1: 60.51% Test OOD2: 51.10% Test OOD3: 59.20% 
Epoch: 154, Loss: 0.5049, Train: 98.21%, Valid: 67.74%, Test In: 68.15% Test OOD1: 60.65% Test OOD2: 51.11% Test OOD3: 59.25% 
Epoch: 155, Loss: 0.4778, Train: 98.25%, Valid: 67.70%, Test In: 68.09% Test OOD1: 60.49% Test OOD2: 51.11% Test OOD3: 59.13% 
Epoch: 156, Loss: 0.4703, Train: 98.34%, Valid: 67.77%, Test In: 68.15% Test OOD1: 60.54% Test OOD2: 51.06% Test OOD3: 59.13% 
Epoch: 157, Loss: 0.4786, Train: 98.33%, Valid: 67.66%, Test In: 68.00% Test OOD1: 60.51% Test OOD2: 51.10% Test OOD3: 59.05% 
Epoch: 158, Loss: 0.4831, Train: 98.42%, Valid: 67.72%, Test In: 68.02% Test OOD1: 60.47% Test OOD2: 51.04% Test OOD3: 59.06% 
Epoch: 159, Loss: 0.4789, Train: 98.49%, Valid: 67.64%, Test In: 67.96% Test OOD1: 60.40% Test OOD2: 51.08% Test OOD3: 59.01% 
Epoch: 160, Loss: 0.4715, Train: 98.50%, Valid: 67.65%, Test In: 67.95% Test OOD1: 60.52% Test OOD2: 51.07% Test OOD3: 59.10% 
Epoch: 161, Loss: 0.4815, Train: 98.59%, Valid: 67.61%, Test In: 67.98% Test OOD1: 60.24% Test OOD2: 51.08% Test OOD3: 58.97% 
Epoch: 162, Loss: 0.5156, Train: 98.57%, Valid: 67.62%, Test In: 67.98% Test OOD1: 60.73% Test OOD2: 51.06% Test OOD3: 59.22% 
Epoch: 163, Loss: 0.5376, Train: 98.60%, Valid: 67.74%, Test In: 68.13% Test OOD1: 60.48% Test OOD2: 51.05% Test OOD3: 59.12% 
Epoch: 164, Loss: 0.4799, Train: 98.58%, Valid: 67.63%, Test In: 68.04% Test OOD1: 60.52% Test OOD2: 51.11% Test OOD3: 59.08% 
Epoch: 165, Loss: 0.4790, Train: 98.71%, Valid: 67.72%, Test In: 68.09% Test OOD1: 60.65% Test OOD2: 51.00% Test OOD3: 59.15% 
Epoch: 166, Loss: 0.5060, Train: 98.70%, Valid: 67.65%, Test In: 68.06% Test OOD1: 60.52% Test OOD2: 51.08% Test OOD3: 59.03% 
Epoch: 167, Loss: 0.4496, Train: 98.69%, Valid: 67.65%, Test In: 68.04% Test OOD1: 60.46% Test OOD2: 51.05% Test OOD3: 58.98% 
Epoch: 168, Loss: 0.4504, Train: 98.81%, Valid: 67.70%, Test In: 68.08% Test OOD1: 60.71% Test OOD2: 51.01% Test OOD3: 59.11% 
Epoch: 169, Loss: 0.4582, Train: 98.77%, Valid: 67.59%, Test In: 68.00% Test OOD1: 60.52% Test OOD2: 51.05% Test OOD3: 58.99% 
Epoch: 170, Loss: 0.4287, Train: 98.85%, Valid: 67.59%, Test In: 68.00% Test OOD1: 60.35% Test OOD2: 51.02% Test OOD3: 58.92% 
Epoch: 171, Loss: 0.4567, Train: 98.91%, Valid: 67.53%, Test In: 67.91% Test OOD1: 60.50% Test OOD2: 51.06% Test OOD3: 58.99% 
Epoch: 172, Loss: 0.4414, Train: 98.94%, Valid: 67.51%, Test In: 67.86% Test OOD1: 60.40% Test OOD2: 51.02% Test OOD3: 58.96% 
Epoch: 173, Loss: 0.4432, Train: 98.98%, Valid: 67.50%, Test In: 67.90% Test OOD1: 60.38% Test OOD2: 51.08% Test OOD3: 58.97% 
Epoch: 174, Loss: 0.4638, Train: 98.95%, Valid: 67.47%, Test In: 67.81% Test OOD1: 60.33% Test OOD2: 51.06% Test OOD3: 58.95% 
Epoch: 175, Loss: 0.4454, Train: 99.07%, Valid: 67.50%, Test In: 67.91% Test OOD1: 60.48% Test OOD2: 51.08% Test OOD3: 59.03% 
Epoch: 176, Loss: 0.4525, Train: 98.93%, Valid: 67.50%, Test In: 67.86% Test OOD1: 60.37% Test OOD2: 51.07% Test OOD3: 58.97% 
Epoch: 177, Loss: 0.4445, Train: 99.03%, Valid: 67.39%, Test In: 67.82% Test OOD1: 60.27% Test OOD2: 51.11% Test OOD3: 58.84% 
Epoch: 178, Loss: 0.4688, Train: 98.42%, Valid: 67.70%, Test In: 68.00% Test OOD1: 60.77% Test OOD2: 51.08% Test OOD3: 59.14% 
Epoch: 179, Loss: 0.6761, Train: 98.66%, Valid: 67.29%, Test In: 67.71% Test OOD1: 60.19% Test OOD2: 51.26% Test OOD3: 58.79% 
Epoch: 180, Loss: 1.3068, Train: 98.64%, Valid: 67.77%, Test In: 68.12% Test OOD1: 60.66% Test OOD2: 51.12% Test OOD3: 59.24% 
Epoch: 181, Loss: 0.4871, Train: 97.83%, Valid: 67.90%, Test In: 68.03% Test OOD1: 61.20% Test OOD2: 51.10% Test OOD3: 59.37% 
Epoch: 182, Loss: 0.9900, Train: 98.44%, Valid: 67.81%, Test In: 68.24% Test OOD1: 60.66% Test OOD2: 51.13% Test OOD3: 59.34% 
Epoch: 183, Loss: 0.4363, Train: 98.39%, Valid: 67.48%, Test In: 68.04% Test OOD1: 60.52% Test OOD2: 51.26% Test OOD3: 59.22% 
Epoch: 184, Loss: 0.6424, Train: 98.37%, Valid: 67.54%, Test In: 68.10% Test OOD1: 60.76% Test OOD2: 51.23% Test OOD3: 59.35% 
Epoch: 185, Loss: 0.6549, Train: 98.33%, Valid: 67.57%, Test In: 68.06% Test OOD1: 60.95% Test OOD2: 51.22% Test OOD3: 59.44% 
Epoch: 186, Loss: 0.4563, Train: 98.18%, Valid: 67.73%, Test In: 67.99% Test OOD1: 60.98% Test OOD2: 51.18% Test OOD3: 59.41% 
Epoch: 187, Loss: 0.4939, Train: 98.15%, Valid: 67.79%, Test In: 67.92% Test OOD1: 61.14% Test OOD2: 51.21% Test OOD3: 59.42% 
Epoch: 188, Loss: 0.5766, Train: 98.23%, Valid: 67.68%, Test In: 67.79% Test OOD1: 61.06% Test OOD2: 51.16% Test OOD3: 59.37% 
Epoch: 189, Loss: 0.5241, Train: 98.29%, Valid: 67.45%, Test In: 67.70% Test OOD1: 61.06% Test OOD2: 51.16% Test OOD3: 59.36% 
Epoch: 190, Loss: 0.4337, Train: 98.34%, Valid: 67.11%, Test In: 67.48% Test OOD1: 60.97% Test OOD2: 51.15% Test OOD3: 59.26% 
Epoch: 191, Loss: 0.4186, Train: 98.39%, Valid: 66.91%, Test In: 67.34% Test OOD1: 60.91% Test OOD2: 51.15% Test OOD3: 59.17% 
Epoch: 192, Loss: 0.4618, Train: 98.47%, Valid: 66.75%, Test In: 67.20% Test OOD1: 60.70% Test OOD2: 51.16% Test OOD3: 59.01% 
Epoch: 193, Loss: 0.4729, Train: 98.65%, Valid: 66.72%, Test In: 67.11% Test OOD1: 60.41% Test OOD2: 51.09% Test OOD3: 58.84% 
Epoch: 194, Loss: 0.4466, Train: 98.68%, Valid: 66.68%, Test In: 67.06% Test OOD1: 60.17% Test OOD2: 51.13% Test OOD3: 58.71% 
Epoch: 195, Loss: 0.4391, Train: 98.61%, Valid: 66.84%, Test In: 67.14% Test OOD1: 59.95% Test OOD2: 51.02% Test OOD3: 58.65% 
Epoch: 196, Loss: 0.4704, Train: 98.59%, Valid: 66.80%, Test In: 67.07% Test OOD1: 59.85% Test OOD2: 51.17% Test OOD3: 58.58% 
Epoch: 197, Loss: 0.5661, Train: 97.63%, Valid: 66.93%, Test In: 67.34% Test OOD1: 60.33% Test OOD2: 50.76% Test OOD3: 59.07% 
Epoch: 198, Loss: 0.9567, Train: 98.48%, Valid: 67.03%, Test In: 67.31% Test OOD1: 60.28% Test OOD2: 51.13% Test OOD3: 58.95% 
Epoch: 199, Loss: 0.6519, Train: 98.44%, Valid: 67.14%, Test In: 67.45% Test OOD1: 60.68% Test OOD2: 51.02% Test OOD3: 59.30% 
Run 02:
Highest Train: 99.07
Highest Valid: 70.22
Highest In Test: 70.94
Highest OOD Test: 66.12
Highest OOD Test: 52.68
Highest OOD Test: 63.26
Chosen epoch: 35
Final Train: 77.60
Final In Test: 70.92
Final OOD Test: 65.50
Final OOD Test: 52.48
Final OOD Test: 62.92
Epoch: 00, Loss: 1.3972, Train: 56.17%, Valid: 53.96%, Test In: 56.16% Test OOD1: 47.83% Test OOD2: 51.48% Test OOD3: 50.04% 
Epoch: 01, Loss: 1.3929, Train: 49.43%, Valid: 48.03%, Test In: 49.75% Test OOD1: 43.93% Test OOD2: 50.95% Test OOD3: 47.97% 
Epoch: 02, Loss: 1.3885, Train: 47.92%, Valid: 46.79%, Test In: 48.38% Test OOD1: 43.12% Test OOD2: 50.75% Test OOD3: 47.43% 
Epoch: 03, Loss: 1.3828, Train: 46.79%, Valid: 45.94%, Test In: 47.40% Test OOD1: 42.67% Test OOD2: 50.64% Test OOD3: 47.09% 
Epoch: 04, Loss: 1.3753, Train: 46.22%, Valid: 45.53%, Test In: 46.91% Test OOD1: 42.46% Test OOD2: 50.59% Test OOD3: 46.91% 
Epoch: 05, Loss: 1.3666, Train: 46.37%, Valid: 45.69%, Test In: 47.06% Test OOD1: 42.53% Test OOD2: 50.62% Test OOD3: 47.00% 
Epoch: 06, Loss: 1.3585, Train: 48.57%, Valid: 47.42%, Test In: 48.89% Test OOD1: 43.48% Test OOD2: 50.84% Test OOD3: 47.92% 
Epoch: 07, Loss: 1.3523, Train: 56.29%, Valid: 53.67%, Test In: 55.27% Test OOD1: 47.39% Test OOD2: 51.68% Test OOD3: 51.49% 
Epoch: 08, Loss: 1.3466, Train: 69.29%, Valid: 64.77%, Test In: 66.22% Test OOD1: 60.14% Test OOD2: 52.83% Test OOD3: 60.35% 
Epoch: 09, Loss: 1.3392, Train: 68.32%, Valid: 64.93%, Test In: 65.35% Test OOD1: 63.46% Test OOD2: 51.57% Test OOD3: 60.54% 
Epoch: 10, Loss: 1.3303, Train: 66.17%, Valid: 63.59%, Test In: 63.46% Test OOD1: 62.76% Test OOD2: 51.18% Test OOD3: 59.63% 
Epoch: 11, Loss: 1.3215, Train: 65.34%, Valid: 63.03%, Test In: 62.75% Test OOD1: 62.45% Test OOD2: 51.02% Test OOD3: 59.24% 
Epoch: 12, Loss: 1.3144, Train: 65.06%, Valid: 62.85%, Test In: 62.52% Test OOD1: 62.34% Test OOD2: 50.96% Test OOD3: 59.12% 
Epoch: 13, Loss: 1.3085, Train: 65.14%, Valid: 62.91%, Test In: 62.60% Test OOD1: 62.38% Test OOD2: 50.96% Test OOD3: 59.18% 
Epoch: 14, Loss: 1.3022, Train: 65.51%, Valid: 63.18%, Test In: 62.93% Test OOD1: 62.56% Test OOD2: 51.00% Test OOD3: 59.41% 
Epoch: 15, Loss: 1.2950, Train: 66.10%, Valid: 63.61%, Test In: 63.45% Test OOD1: 62.84% Test OOD2: 51.09% Test OOD3: 59.72% 
Epoch: 16, Loss: 1.2875, Train: 66.77%, Valid: 64.11%, Test In: 64.05% Test OOD1: 63.16% Test OOD2: 51.17% Test OOD3: 60.07% 
Epoch: 17, Loss: 1.2802, Train: 67.65%, Valid: 64.75%, Test In: 64.86% Test OOD1: 63.59% Test OOD2: 51.27% Test OOD3: 60.47% 
Epoch: 18, Loss: 1.2727, Train: 68.93%, Valid: 65.72%, Test In: 66.00% Test OOD1: 64.20% Test OOD2: 51.39% Test OOD3: 61.01% 
Epoch: 19, Loss: 1.2643, Train: 69.83%, Valid: 66.41%, Test In: 66.80% Test OOD1: 64.70% Test OOD2: 51.46% Test OOD3: 61.43% 
Epoch: 20, Loss: 1.2561, Train: 71.66%, Valid: 67.75%, Test In: 68.34% Test OOD1: 65.29% Test OOD2: 51.75% Test OOD3: 62.17% 
Epoch: 21, Loss: 1.2505, Train: 71.68%, Valid: 67.80%, Test In: 68.34% Test OOD1: 65.47% Test OOD2: 51.64% Test OOD3: 62.25% 
Epoch: 22, Loss: 1.2419, Train: 72.61%, Valid: 68.44%, Test In: 69.08% Test OOD1: 65.75% Test OOD2: 51.80% Test OOD3: 62.64% 
Epoch: 23, Loss: 1.2324, Train: 73.72%, Valid: 69.16%, Test In: 69.90% Test OOD1: 65.85% Test OOD2: 52.06% Test OOD3: 63.07% 
Epoch: 24, Loss: 1.2270, Train: 73.87%, Valid: 69.23%, Test In: 69.97% Test OOD1: 66.07% Test OOD2: 52.06% Test OOD3: 63.13% 
Epoch: 25, Loss: 1.2154, Train: 73.88%, Valid: 69.19%, Test In: 69.90% Test OOD1: 66.24% Test OOD2: 51.99% Test OOD3: 63.11% 
Epoch: 26, Loss: 1.2117, Train: 74.99%, Valid: 69.89%, Test In: 70.65% Test OOD1: 65.98% Test OOD2: 52.33% Test OOD3: 63.38% 
Epoch: 27, Loss: 1.2022, Train: 75.20%, Valid: 69.97%, Test In: 70.70% Test OOD1: 66.13% Test OOD2: 52.33% Test OOD3: 63.38% 
Epoch: 28, Loss: 1.1924, Train: 75.21%, Valid: 69.89%, Test In: 70.60% Test OOD1: 66.40% Test OOD2: 52.24% Test OOD3: 63.34% 
Epoch: 29, Loss: 1.1890, Train: 75.94%, Valid: 70.24%, Test In: 70.96% Test OOD1: 65.94% Test OOD2: 52.52% Test OOD3: 63.35% 
Epoch: 30, Loss: 1.1819, Train: 76.07%, Valid: 70.20%, Test In: 70.90% Test OOD1: 66.14% Test OOD2: 52.49% Test OOD3: 63.35% 
Epoch: 31, Loss: 1.1771, Train: 76.25%, Valid: 70.23%, Test In: 70.91% Test OOD1: 66.20% Test OOD2: 52.50% Test OOD3: 63.33% 
Epoch: 32, Loss: 1.1669, Train: 76.61%, Valid: 70.27%, Test In: 70.97% Test OOD1: 65.87% Test OOD2: 52.63% Test OOD3: 63.24% 
Epoch: 33, Loss: 1.1632, Train: 76.77%, Valid: 70.26%, Test In: 70.92% Test OOD1: 66.03% Test OOD2: 52.60% Test OOD3: 63.26% 
Epoch: 34, Loss: 1.1592, Train: 76.98%, Valid: 70.27%, Test In: 70.93% Test OOD1: 65.99% Test OOD2: 52.60% Test OOD3: 63.23% 
Epoch: 35, Loss: 1.1463, Train: 77.32%, Valid: 70.31%, Test In: 70.99% Test OOD1: 65.68% Test OOD2: 52.67% Test OOD3: 63.14% 
Epoch: 36, Loss: 1.1451, Train: 77.38%, Valid: 70.14%, Test In: 70.86% Test OOD1: 65.67% Test OOD2: 52.60% Test OOD3: 63.10% 
Epoch: 37, Loss: 1.1386, Train: 77.69%, Valid: 70.33%, Test In: 70.99% Test OOD1: 65.84% Test OOD2: 52.56% Test OOD3: 63.13% 
Epoch: 38, Loss: 1.1310, Train: 77.97%, Valid: 70.23%, Test In: 70.95% Test OOD1: 65.37% Test OOD2: 52.61% Test OOD3: 62.98% 
Epoch: 39, Loss: 1.1254, Train: 78.06%, Valid: 70.12%, Test In: 70.85% Test OOD1: 65.15% Test OOD2: 52.56% Test OOD3: 62.89% 
Epoch: 40, Loss: 1.1201, Train: 78.30%, Valid: 70.19%, Test In: 70.89% Test OOD1: 65.43% Test OOD2: 52.49% Test OOD3: 62.92% 
Epoch: 41, Loss: 1.1111, Train: 78.71%, Valid: 70.36%, Test In: 71.01% Test OOD1: 65.21% Test OOD2: 52.51% Test OOD3: 62.86% 
Epoch: 42, Loss: 1.1076, Train: 78.82%, Valid: 70.14%, Test In: 70.90% Test OOD1: 64.61% Test OOD2: 52.52% Test OOD3: 62.63% 
Epoch: 43, Loss: 1.1008, Train: 78.81%, Valid: 70.13%, Test In: 70.83% Test OOD1: 65.14% Test OOD2: 52.39% Test OOD3: 62.76% 
Epoch: 44, Loss: 1.0971, Train: 79.31%, Valid: 70.30%, Test In: 70.96% Test OOD1: 64.91% Test OOD2: 52.40% Test OOD3: 62.68% 
Epoch: 45, Loss: 1.0858, Train: 79.56%, Valid: 70.26%, Test In: 70.96% Test OOD1: 64.38% Test OOD2: 52.41% Test OOD3: 62.46% 
Epoch: 46, Loss: 1.0848, Train: 79.38%, Valid: 70.13%, Test In: 70.83% Test OOD1: 64.87% Test OOD2: 52.27% Test OOD3: 62.57% 
Epoch: 47, Loss: 1.0824, Train: 79.94%, Valid: 70.24%, Test In: 70.93% Test OOD1: 64.52% Test OOD2: 52.27% Test OOD3: 62.44% 
Epoch: 48, Loss: 1.0698, Train: 80.03%, Valid: 70.24%, Test In: 70.92% Test OOD1: 64.44% Test OOD2: 52.19% Test OOD3: 62.39% 
Epoch: 49, Loss: 1.0706, Train: 80.13%, Valid: 70.15%, Test In: 70.87% Test OOD1: 64.39% Test OOD2: 52.18% Test OOD3: 62.35% 
Epoch: 50, Loss: 1.0628, Train: 80.38%, Valid: 70.14%, Test In: 70.84% Test OOD1: 64.55% Test OOD2: 52.07% Test OOD3: 62.36% 
Epoch: 51, Loss: 1.0497, Train: 80.58%, Valid: 70.16%, Test In: 70.88% Test OOD1: 64.19% Test OOD2: 52.04% Test OOD3: 62.22% 
Epoch: 52, Loss: 1.0514, Train: 80.67%, Valid: 70.07%, Test In: 70.84% Test OOD1: 64.18% Test OOD2: 52.03% Test OOD3: 62.17% 
Epoch: 53, Loss: 1.0467, Train: 80.85%, Valid: 70.06%, Test In: 70.77% Test OOD1: 64.64% Test OOD2: 51.88% Test OOD3: 62.29% 
Epoch: 54, Loss: 1.0381, Train: 81.20%, Valid: 70.06%, Test In: 70.83% Test OOD1: 63.61% Test OOD2: 51.95% Test OOD3: 61.88% 
Epoch: 55, Loss: 1.0406, Train: 81.00%, Valid: 69.93%, Test In: 70.71% Test OOD1: 64.48% Test OOD2: 51.80% Test OOD3: 62.12% 
Epoch: 56, Loss: 1.0322, Train: 81.64%, Valid: 70.13%, Test In: 70.87% Test OOD1: 64.21% Test OOD2: 51.86% Test OOD3: 62.06% 
Epoch: 57, Loss: 1.0189, Train: 81.48%, Valid: 69.94%, Test In: 70.77% Test OOD1: 63.40% Test OOD2: 51.83% Test OOD3: 61.66% 
Epoch: 58, Loss: 1.0199, Train: 81.66%, Valid: 69.96%, Test In: 70.71% Test OOD1: 64.45% Test OOD2: 51.69% Test OOD3: 62.02% 
Epoch: 59, Loss: 1.0129, Train: 82.22%, Valid: 70.03%, Test In: 70.85% Test OOD1: 63.64% Test OOD2: 51.83% Test OOD3: 61.72% 
Epoch: 60, Loss: 0.9941, Train: 82.08%, Valid: 69.89%, Test In: 70.74% Test OOD1: 63.50% Test OOD2: 51.73% Test OOD3: 61.60% 
Epoch: 61, Loss: 0.9965, Train: 82.43%, Valid: 70.09%, Test In: 70.83% Test OOD1: 64.13% Test OOD2: 51.70% Test OOD3: 61.89% 
Epoch: 62, Loss: 1.0006, Train: 82.52%, Valid: 69.86%, Test In: 70.74% Test OOD1: 63.37% Test OOD2: 51.73% Test OOD3: 61.49% 
Epoch: 63, Loss: 0.9819, Train: 83.00%, Valid: 70.07%, Test In: 70.81% Test OOD1: 63.46% Test OOD2: 51.72% Test OOD3: 61.57% 
Epoch: 64, Loss: 0.9734, Train: 83.07%, Valid: 69.93%, Test In: 70.74% Test OOD1: 63.80% Test OOD2: 51.63% Test OOD3: 61.65% 
Epoch: 65, Loss: 0.9679, Train: 83.25%, Valid: 69.83%, Test In: 70.67% Test OOD1: 62.95% Test OOD2: 51.67% Test OOD3: 61.25% 
Epoch: 66, Loss: 0.9636, Train: 83.71%, Valid: 70.10%, Test In: 70.81% Test OOD1: 63.56% Test OOD2: 51.64% Test OOD3: 61.55% 
Epoch: 67, Loss: 0.9623, Train: 83.76%, Valid: 69.81%, Test In: 70.60% Test OOD1: 63.42% Test OOD2: 51.57% Test OOD3: 61.42% 
Epoch: 68, Loss: 0.9401, Train: 84.19%, Valid: 69.83%, Test In: 70.63% Test OOD1: 62.69% Test OOD2: 51.62% Test OOD3: 61.09% 
Epoch: 69, Loss: 0.9406, Train: 83.88%, Valid: 69.83%, Test In: 70.50% Test OOD1: 64.00% Test OOD2: 51.42% Test OOD3: 61.62% 
Epoch: 70, Loss: 0.9833, Train: 84.59%, Valid: 69.79%, Test In: 70.55% Test OOD1: 62.53% Test OOD2: 51.58% Test OOD3: 60.99% 
Epoch: 71, Loss: 0.9626, Train: 84.98%, Valid: 69.85%, Test In: 70.59% Test OOD1: 63.20% Test OOD2: 51.50% Test OOD3: 61.26% 
Epoch: 72, Loss: 0.9117, Train: 84.84%, Valid: 69.77%, Test In: 70.43% Test OOD1: 63.67% Test OOD2: 51.36% Test OOD3: 61.45% 
Epoch: 73, Loss: 0.9202, Train: 85.35%, Valid: 69.75%, Test In: 70.43% Test OOD1: 62.75% Test OOD2: 51.49% Test OOD3: 61.01% 
Epoch: 74, Loss: 0.9078, Train: 85.88%, Valid: 69.94%, Test In: 70.60% Test OOD1: 63.07% Test OOD2: 51.47% Test OOD3: 61.18% 
Epoch: 75, Loss: 0.9056, Train: 85.74%, Valid: 69.64%, Test In: 70.23% Test OOD1: 63.18% Test OOD2: 51.38% Test OOD3: 61.15% 
Epoch: 76, Loss: 0.8941, Train: 86.40%, Valid: 69.73%, Test In: 70.32% Test OOD1: 62.92% Test OOD2: 51.41% Test OOD3: 61.03% 
Epoch: 77, Loss: 0.8712, Train: 86.70%, Valid: 69.81%, Test In: 70.39% Test OOD1: 62.93% Test OOD2: 51.38% Test OOD3: 61.06% 
Epoch: 78, Loss: 0.8771, Train: 86.79%, Valid: 69.56%, Test In: 70.11% Test OOD1: 62.35% Test OOD2: 51.41% Test OOD3: 60.74% 
Epoch: 79, Loss: 0.8808, Train: 86.56%, Valid: 69.77%, Test In: 70.35% Test OOD1: 63.40% Test OOD2: 51.32% Test OOD3: 61.26% 
Epoch: 80, Loss: 0.9176, Train: 87.40%, Valid: 69.56%, Test In: 70.10% Test OOD1: 62.48% Test OOD2: 51.38% Test OOD3: 60.85% 
Epoch: 81, Loss: 0.8509, Train: 87.98%, Valid: 69.62%, Test In: 70.22% Test OOD1: 62.08% Test OOD2: 51.43% Test OOD3: 60.70% 
Epoch: 82, Loss: 0.8700, Train: 87.40%, Valid: 69.64%, Test In: 70.21% Test OOD1: 63.20% Test OOD2: 51.31% Test OOD3: 61.20% 
Epoch: 83, Loss: 0.8729, Train: 88.11%, Valid: 69.57%, Test In: 70.11% Test OOD1: 62.52% Test OOD2: 51.37% Test OOD3: 60.87% 
Epoch: 84, Loss: 0.8517, Train: 88.40%, Valid: 69.59%, Test In: 70.19% Test OOD1: 62.70% Test OOD2: 51.41% Test OOD3: 60.97% 
Epoch: 85, Loss: 0.8693, Train: 88.64%, Valid: 69.53%, Test In: 70.08% Test OOD1: 62.47% Test OOD2: 51.37% Test OOD3: 60.83% 
Epoch: 86, Loss: 0.8110, Train: 88.73%, Valid: 69.64%, Test In: 70.18% Test OOD1: 62.69% Test OOD2: 51.37% Test OOD3: 60.92% 
Epoch: 87, Loss: 0.8310, Train: 89.14%, Valid: 69.48%, Test In: 69.98% Test OOD1: 62.77% Test OOD2: 51.36% Test OOD3: 60.93% 
Epoch: 88, Loss: 0.7986, Train: 89.42%, Valid: 69.34%, Test In: 69.89% Test OOD1: 62.06% Test OOD2: 51.40% Test OOD3: 60.60% 
Epoch: 89, Loss: 0.8109, Train: 89.80%, Valid: 69.60%, Test In: 70.12% Test OOD1: 62.39% Test OOD2: 51.39% Test OOD3: 60.79% 
Epoch: 90, Loss: 0.7979, Train: 89.55%, Valid: 69.33%, Test In: 69.82% Test OOD1: 62.47% Test OOD2: 51.31% Test OOD3: 60.79% 
Epoch: 91, Loss: 0.8141, Train: 90.30%, Valid: 69.48%, Test In: 69.98% Test OOD1: 62.27% Test OOD2: 51.38% Test OOD3: 60.72% 
Epoch: 92, Loss: 0.7790, Train: 90.60%, Valid: 69.25%, Test In: 69.76% Test OOD1: 61.87% Test OOD2: 51.36% Test OOD3: 60.48% 
Epoch: 93, Loss: 0.7677, Train: 90.66%, Valid: 69.26%, Test In: 69.72% Test OOD1: 62.30% Test OOD2: 51.32% Test OOD3: 60.66% 
Epoch: 94, Loss: 0.7632, Train: 91.06%, Valid: 69.42%, Test In: 69.91% Test OOD1: 62.26% Test OOD2: 51.39% Test OOD3: 60.66% 
Epoch: 95, Loss: 0.7619, Train: 91.39%, Valid: 69.09%, Test In: 69.57% Test OOD1: 61.69% Test OOD2: 51.42% Test OOD3: 60.36% 
Epoch: 96, Loss: 0.7464, Train: 91.66%, Valid: 69.17%, Test In: 69.60% Test OOD1: 62.09% Test OOD2: 51.41% Test OOD3: 60.55% 
Epoch: 97, Loss: 0.7269, Train: 91.92%, Valid: 69.30%, Test In: 69.71% Test OOD1: 62.13% Test OOD2: 51.41% Test OOD3: 60.57% 
Epoch: 98, Loss: 0.7313, Train: 92.16%, Valid: 69.08%, Test In: 69.51% Test OOD1: 61.79% Test OOD2: 51.43% Test OOD3: 60.38% 
Epoch: 99, Loss: 0.7150, Train: 92.45%, Valid: 69.17%, Test In: 69.57% Test OOD1: 61.94% Test OOD2: 51.46% Test OOD3: 60.44% 
Epoch: 100, Loss: 0.7182, Train: 92.87%, Valid: 69.07%, Test In: 69.46% Test OOD1: 61.62% Test OOD2: 51.44% Test OOD3: 60.20% 
Epoch: 101, Loss: 0.6974, Train: 93.09%, Valid: 69.03%, Test In: 69.40% Test OOD1: 61.74% Test OOD2: 51.46% Test OOD3: 60.21% 
Epoch: 102, Loss: 0.6860, Train: 93.34%, Valid: 69.04%, Test In: 69.41% Test OOD1: 61.81% Test OOD2: 51.52% Test OOD3: 60.24% 
Epoch: 103, Loss: 0.6951, Train: 93.51%, Valid: 68.88%, Test In: 69.26% Test OOD1: 61.46% Test OOD2: 51.51% Test OOD3: 60.06% 
Epoch: 104, Loss: 0.6885, Train: 93.72%, Valid: 69.13%, Test In: 69.48% Test OOD1: 61.89% Test OOD2: 51.50% Test OOD3: 60.32% 
Epoch: 105, Loss: 0.6953, Train: 93.97%, Valid: 68.82%, Test In: 69.17% Test OOD1: 61.32% Test OOD2: 51.56% Test OOD3: 60.00% 
Epoch: 106, Loss: 0.6753, Train: 94.27%, Valid: 68.99%, Test In: 69.24% Test OOD1: 61.75% Test OOD2: 51.52% Test OOD3: 60.19% 
Epoch: 107, Loss: 0.6474, Train: 94.57%, Valid: 68.99%, Test In: 69.21% Test OOD1: 61.58% Test OOD2: 51.54% Test OOD3: 60.07% 
Epoch: 108, Loss: 0.6425, Train: 94.67%, Valid: 68.79%, Test In: 69.01% Test OOD1: 61.36% Test OOD2: 51.59% Test OOD3: 59.92% 
Epoch: 109, Loss: 0.6442, Train: 95.07%, Valid: 68.93%, Test In: 69.12% Test OOD1: 61.36% Test OOD2: 51.57% Test OOD3: 59.91% 
Epoch: 110, Loss: 0.6331, Train: 95.24%, Valid: 68.81%, Test In: 68.97% Test OOD1: 61.39% Test OOD2: 51.58% Test OOD3: 59.90% 
Epoch: 111, Loss: 0.6219, Train: 95.34%, Valid: 68.73%, Test In: 68.87% Test OOD1: 61.35% Test OOD2: 51.60% Test OOD3: 59.83% 
Epoch: 112, Loss: 0.6497, Train: 95.57%, Valid: 68.82%, Test In: 68.95% Test OOD1: 61.80% Test OOD2: 51.54% Test OOD3: 60.07% 
Epoch: 113, Loss: 0.7294, Train: 95.66%, Valid: 68.75%, Test In: 68.89% Test OOD1: 61.42% Test OOD2: 51.61% Test OOD3: 59.90% 
Epoch: 114, Loss: 0.6886, Train: 95.96%, Valid: 68.85%, Test In: 69.01% Test OOD1: 61.21% Test OOD2: 51.63% Test OOD3: 59.82% 
Epoch: 115, Loss: 0.6439, Train: 95.85%, Valid: 68.92%, Test In: 69.03% Test OOD1: 61.97% Test OOD2: 51.55% Test OOD3: 60.17% 
Epoch: 116, Loss: 0.6339, Train: 96.02%, Valid: 68.88%, Test In: 68.99% Test OOD1: 61.65% Test OOD2: 51.58% Test OOD3: 59.99% 
Epoch: 117, Loss: 0.6026, Train: 96.45%, Valid: 68.87%, Test In: 69.01% Test OOD1: 61.04% Test OOD2: 51.59% Test OOD3: 59.65% 
Epoch: 118, Loss: 0.6380, Train: 96.42%, Valid: 68.76%, Test In: 68.91% Test OOD1: 61.37% Test OOD2: 51.58% Test OOD3: 59.80% 
Epoch: 119, Loss: 0.5994, Train: 96.65%, Valid: 68.83%, Test In: 68.96% Test OOD1: 61.57% Test OOD2: 51.55% Test OOD3: 59.88% 
Epoch: 120, Loss: 0.5971, Train: 96.75%, Valid: 68.75%, Test In: 68.86% Test OOD1: 61.23% Test OOD2: 51.54% Test OOD3: 59.65% 
Epoch: 121, Loss: 0.5982, Train: 96.85%, Valid: 68.66%, Test In: 68.79% Test OOD1: 61.34% Test OOD2: 51.56% Test OOD3: 59.72% 
Epoch: 122, Loss: 0.5640, Train: 97.17%, Valid: 68.71%, Test In: 68.82% Test OOD1: 61.54% Test OOD2: 51.51% Test OOD3: 59.85% 
Epoch: 123, Loss: 0.5955, Train: 97.21%, Valid: 68.54%, Test In: 68.65% Test OOD1: 61.16% Test OOD2: 51.54% Test OOD3: 59.62% 
Epoch: 124, Loss: 0.5569, Train: 97.44%, Valid: 68.52%, Test In: 68.61% Test OOD1: 61.03% Test OOD2: 51.52% Test OOD3: 59.54% 
Epoch: 125, Loss: 0.5728, Train: 97.54%, Valid: 68.56%, Test In: 68.59% Test OOD1: 61.35% Test OOD2: 51.48% Test OOD3: 59.67% 
Epoch: 126, Loss: 0.5525, Train: 97.60%, Valid: 68.44%, Test In: 68.50% Test OOD1: 61.28% Test OOD2: 51.51% Test OOD3: 59.63% 
Epoch: 127, Loss: 0.5563, Train: 97.76%, Valid: 68.55%, Test In: 68.62% Test OOD1: 61.12% Test OOD2: 51.48% Test OOD3: 59.55% 
Epoch: 128, Loss: 0.5621, Train: 97.72%, Valid: 68.38%, Test In: 68.44% Test OOD1: 61.12% Test OOD2: 51.50% Test OOD3: 59.50% 
Epoch: 129, Loss: 0.5532, Train: 97.95%, Valid: 68.56%, Test In: 68.57% Test OOD1: 61.36% Test OOD2: 51.46% Test OOD3: 59.61% 
Epoch: 130, Loss: 0.5490, Train: 98.00%, Valid: 68.40%, Test In: 68.40% Test OOD1: 61.11% Test OOD2: 51.49% Test OOD3: 59.43% 
Epoch: 131, Loss: 0.5346, Train: 98.11%, Valid: 68.44%, Test In: 68.43% Test OOD1: 61.05% Test OOD2: 51.47% Test OOD3: 59.40% 
Epoch: 132, Loss: 0.5235, Train: 98.22%, Valid: 68.53%, Test In: 68.51% Test OOD1: 61.23% Test OOD2: 51.45% Test OOD3: 59.51% 
Epoch: 133, Loss: 0.5211, Train: 98.18%, Valid: 68.43%, Test In: 68.43% Test OOD1: 61.25% Test OOD2: 51.47% Test OOD3: 59.52% 
Epoch: 134, Loss: 0.5268, Train: 98.32%, Valid: 68.56%, Test In: 68.51% Test OOD1: 61.28% Test OOD2: 51.41% Test OOD3: 59.52% 
Epoch: 135, Loss: 0.5155, Train: 98.35%, Valid: 68.38%, Test In: 68.35% Test OOD1: 61.03% Test OOD2: 51.43% Test OOD3: 59.35% 
Epoch: 136, Loss: 0.5151, Train: 98.54%, Valid: 68.43%, Test In: 68.37% Test OOD1: 60.98% Test OOD2: 51.39% Test OOD3: 59.32% 
Epoch: 137, Loss: 0.5053, Train: 98.57%, Valid: 68.40%, Test In: 68.34% Test OOD1: 61.06% Test OOD2: 51.42% Test OOD3: 59.35% 
Epoch: 138, Loss: 0.4924, Train: 98.56%, Valid: 68.39%, Test In: 68.34% Test OOD1: 61.15% Test OOD2: 51.43% Test OOD3: 59.38% 
Epoch: 139, Loss: 0.4944, Train: 98.70%, Valid: 68.44%, Test In: 68.38% Test OOD1: 61.13% Test OOD2: 51.42% Test OOD3: 59.40% 
Epoch: 140, Loss: 0.4925, Train: 98.65%, Valid: 68.31%, Test In: 68.30% Test OOD1: 61.05% Test OOD2: 51.47% Test OOD3: 59.35% 
Epoch: 141, Loss: 0.4935, Train: 98.79%, Valid: 68.44%, Test In: 68.37% Test OOD1: 61.00% Test OOD2: 51.41% Test OOD3: 59.28% 
Epoch: 142, Loss: 0.5056, Train: 98.63%, Valid: 68.20%, Test In: 68.18% Test OOD1: 60.88% Test OOD2: 51.51% Test OOD3: 59.18% 
Epoch: 143, Loss: 0.5145, Train: 98.61%, Valid: 68.47%, Test In: 68.49% Test OOD1: 61.22% Test OOD2: 51.39% Test OOD3: 59.37% 
Epoch: 144, Loss: 0.5704, Train: 98.52%, Valid: 68.09%, Test In: 68.13% Test OOD1: 60.76% Test OOD2: 51.59% Test OOD3: 59.13% 
Epoch: 145, Loss: 0.6119, Train: 97.84%, Valid: 68.50%, Test In: 68.53% Test OOD1: 61.44% Test OOD2: 51.46% Test OOD3: 59.65% 
Epoch: 146, Loss: 0.7320, Train: 98.38%, Valid: 68.26%, Test In: 68.32% Test OOD1: 60.97% Test OOD2: 51.59% Test OOD3: 59.37% 
Epoch: 147, Loss: 0.8443, Train: 98.43%, Valid: 68.16%, Test In: 68.21% Test OOD1: 61.07% Test OOD2: 51.53% Test OOD3: 59.40% 
Epoch: 148, Loss: 0.5254, Train: 97.68%, Valid: 68.24%, Test In: 68.26% Test OOD1: 61.15% Test OOD2: 51.52% Test OOD3: 59.47% 
Epoch: 149, Loss: 0.7860, Train: 98.30%, Valid: 68.19%, Test In: 68.24% Test OOD1: 61.15% Test OOD2: 51.43% Test OOD3: 59.45% 
Epoch: 150, Loss: 0.4944, Train: 98.44%, Valid: 67.97%, Test In: 68.09% Test OOD1: 61.13% Test OOD2: 51.50% Test OOD3: 59.44% 
Epoch: 151, Loss: 0.6205, Train: 98.41%, Valid: 67.80%, Test In: 67.93% Test OOD1: 61.27% Test OOD2: 51.53% Test OOD3: 59.44% 
Epoch: 152, Loss: 0.5892, Train: 98.34%, Valid: 67.77%, Test In: 67.93% Test OOD1: 61.31% Test OOD2: 51.47% Test OOD3: 59.44% 
Epoch: 153, Loss: 0.4711, Train: 98.12%, Valid: 67.98%, Test In: 68.06% Test OOD1: 61.29% Test OOD2: 51.38% Test OOD3: 59.41% 
Epoch: 154, Loss: 0.4813, Train: 97.85%, Valid: 68.10%, Test In: 68.12% Test OOD1: 61.39% Test OOD2: 51.37% Test OOD3: 59.46% 
Epoch: 155, Loss: 0.5543, Train: 98.23%, Valid: 67.80%, Test In: 67.85% Test OOD1: 61.27% Test OOD2: 51.40% Test OOD3: 59.31% 
Epoch: 156, Loss: 0.4963, Train: 98.42%, Valid: 67.52%, Test In: 67.74% Test OOD1: 61.43% Test OOD2: 51.42% Test OOD3: 59.42% 
Epoch: 157, Loss: 0.4843, Train: 98.64%, Valid: 67.29%, Test In: 67.54% Test OOD1: 61.03% Test OOD2: 51.46% Test OOD3: 59.20% 
Epoch: 158, Loss: 0.5074, Train: 98.70%, Valid: 67.26%, Test In: 67.58% Test OOD1: 61.25% Test OOD2: 51.46% Test OOD3: 59.39% 
Epoch: 159, Loss: 0.5727, Train: 98.78%, Valid: 67.14%, Test In: 67.43% Test OOD1: 60.90% Test OOD2: 51.48% Test OOD3: 59.13% 
Epoch: 160, Loss: 0.5066, Train: 98.75%, Valid: 67.23%, Test In: 67.47% Test OOD1: 61.10% Test OOD2: 51.45% Test OOD3: 59.21% 
Epoch: 161, Loss: 0.4343, Train: 98.85%, Valid: 67.33%, Test In: 67.45% Test OOD1: 60.87% Test OOD2: 51.39% Test OOD3: 59.03% 
Epoch: 162, Loss: 0.4264, Train: 98.78%, Valid: 67.31%, Test In: 67.32% Test OOD1: 60.40% Test OOD2: 51.33% Test OOD3: 58.68% 
Epoch: 163, Loss: 0.4821, Train: 98.88%, Valid: 67.33%, Test In: 67.36% Test OOD1: 60.65% Test OOD2: 51.31% Test OOD3: 58.81% 
Epoch: 164, Loss: 0.4546, Train: 98.89%, Valid: 67.20%, Test In: 67.26% Test OOD1: 60.66% Test OOD2: 51.31% Test OOD3: 58.79% 
Epoch: 165, Loss: 0.4167, Train: 99.02%, Valid: 67.06%, Test In: 67.14% Test OOD1: 60.60% Test OOD2: 51.32% Test OOD3: 58.80% 
Epoch: 166, Loss: 0.4164, Train: 99.11%, Valid: 67.06%, Test In: 67.20% Test OOD1: 60.82% Test OOD2: 51.32% Test OOD3: 59.07% 
Epoch: 167, Loss: 0.4333, Train: 99.06%, Valid: 67.06%, Test In: 67.22% Test OOD1: 60.96% Test OOD2: 51.36% Test OOD3: 59.20% 
Epoch: 168, Loss: 0.4135, Train: 99.06%, Valid: 67.11%, Test In: 67.27% Test OOD1: 61.09% Test OOD2: 51.38% Test OOD3: 59.31% 
Epoch: 169, Loss: 0.4144, Train: 99.22%, Valid: 67.17%, Test In: 67.36% Test OOD1: 60.99% Test OOD2: 51.41% Test OOD3: 59.31% 
Epoch: 170, Loss: 0.3989, Train: 99.24%, Valid: 67.19%, Test In: 67.35% Test OOD1: 60.85% Test OOD2: 51.42% Test OOD3: 59.21% 
Epoch: 171, Loss: 0.3844, Train: 99.24%, Valid: 67.22%, Test In: 67.33% Test OOD1: 60.99% Test OOD2: 51.46% Test OOD3: 59.23% 
Epoch: 172, Loss: 0.3900, Train: 99.26%, Valid: 67.24%, Test In: 67.35% Test OOD1: 61.09% Test OOD2: 51.48% Test OOD3: 59.27% 
Epoch: 173, Loss: 0.4052, Train: 99.33%, Valid: 67.21%, Test In: 67.31% Test OOD1: 60.99% Test OOD2: 51.47% Test OOD3: 59.23% 
Epoch: 174, Loss: 0.3859, Train: 99.35%, Valid: 67.16%, Test In: 67.28% Test OOD1: 60.89% Test OOD2: 51.50% Test OOD3: 59.18% 
Epoch: 175, Loss: 0.3671, Train: 99.36%, Valid: 67.14%, Test In: 67.28% Test OOD1: 60.94% Test OOD2: 51.52% Test OOD3: 59.21% 
Epoch: 176, Loss: 0.3679, Train: 99.37%, Valid: 67.13%, Test In: 67.25% Test OOD1: 60.95% Test OOD2: 51.50% Test OOD3: 59.17% 
Epoch: 177, Loss: 0.3656, Train: 99.44%, Valid: 67.13%, Test In: 67.24% Test OOD1: 60.86% Test OOD2: 51.47% Test OOD3: 59.13% 
Epoch: 178, Loss: 0.3592, Train: 99.48%, Valid: 67.08%, Test In: 67.17% Test OOD1: 60.76% Test OOD2: 51.46% Test OOD3: 59.04% 
Epoch: 179, Loss: 0.3546, Train: 99.45%, Valid: 67.04%, Test In: 67.11% Test OOD1: 60.67% Test OOD2: 51.46% Test OOD3: 58.96% 
Epoch: 180, Loss: 0.3667, Train: 99.53%, Valid: 67.09%, Test In: 67.14% Test OOD1: 60.71% Test OOD2: 51.44% Test OOD3: 59.01% 
Epoch: 181, Loss: 0.3706, Train: 99.49%, Valid: 67.09%, Test In: 67.11% Test OOD1: 60.77% Test OOD2: 51.44% Test OOD3: 59.01% 
Epoch: 182, Loss: 0.3635, Train: 99.50%, Valid: 67.14%, Test In: 67.15% Test OOD1: 60.92% Test OOD2: 51.45% Test OOD3: 59.14% 
Epoch: 183, Loss: 0.3448, Train: 99.51%, Valid: 67.12%, Test In: 67.14% Test OOD1: 60.84% Test OOD2: 51.47% Test OOD3: 59.11% 
Epoch: 184, Loss: 0.3301, Train: 99.53%, Valid: 67.12%, Test In: 67.14% Test OOD1: 60.78% Test OOD2: 51.47% Test OOD3: 59.09% 
Epoch: 185, Loss: 0.3252, Train: 99.57%, Valid: 67.14%, Test In: 67.17% Test OOD1: 60.78% Test OOD2: 51.48% Test OOD3: 59.11% 
Epoch: 186, Loss: 0.3258, Train: 99.55%, Valid: 67.12%, Test In: 67.13% Test OOD1: 60.75% Test OOD2: 51.47% Test OOD3: 59.06% 
Epoch: 187, Loss: 0.3327, Train: 99.62%, Valid: 67.16%, Test In: 67.17% Test OOD1: 60.69% Test OOD2: 51.48% Test OOD3: 59.08% 
Epoch: 188, Loss: 0.3370, Train: 99.59%, Valid: 67.13%, Test In: 67.14% Test OOD1: 60.67% Test OOD2: 51.48% Test OOD3: 59.06% 
Epoch: 189, Loss: 0.3354, Train: 99.62%, Valid: 67.20%, Test In: 67.24% Test OOD1: 60.83% Test OOD2: 51.48% Test OOD3: 59.20% 
Epoch: 190, Loss: 0.3290, Train: 99.61%, Valid: 67.19%, Test In: 67.22% Test OOD1: 60.82% Test OOD2: 51.47% Test OOD3: 59.18% 
Epoch: 191, Loss: 0.3163, Train: 99.64%, Valid: 67.20%, Test In: 67.23% Test OOD1: 60.84% Test OOD2: 51.47% Test OOD3: 59.19% 
Epoch: 192, Loss: 0.3003, Train: 99.63%, Valid: 67.16%, Test In: 67.18% Test OOD1: 60.77% Test OOD2: 51.47% Test OOD3: 59.12% 
Epoch: 193, Loss: 0.2907, Train: 99.66%, Valid: 67.11%, Test In: 67.13% Test OOD1: 60.67% Test OOD2: 51.45% Test OOD3: 59.03% 
Epoch: 194, Loss: 0.2891, Train: 99.70%, Valid: 67.11%, Test In: 67.13% Test OOD1: 60.62% Test OOD2: 51.45% Test OOD3: 59.02% 
Epoch: 195, Loss: 0.2982, Train: 99.66%, Valid: 67.07%, Test In: 67.08% Test OOD1: 60.60% Test OOD2: 51.44% Test OOD3: 58.98% 
Epoch: 196, Loss: 0.3198, Train: 99.73%, Valid: 67.17%, Test In: 67.19% Test OOD1: 60.64% Test OOD2: 51.46% Test OOD3: 59.08% 
Epoch: 197, Loss: 0.3630, Train: 99.66%, Valid: 67.10%, Test In: 67.11% Test OOD1: 60.59% Test OOD2: 51.45% Test OOD3: 59.03% 
Epoch: 198, Loss: 0.3991, Train: 99.71%, Valid: 67.28%, Test In: 67.32% Test OOD1: 60.88% Test OOD2: 51.45% Test OOD3: 59.27% 
Epoch: 199, Loss: 0.3688, Train: 99.68%, Valid: 67.23%, Test In: 67.25% Test OOD1: 60.72% Test OOD2: 51.45% Test OOD3: 59.16% 
Run 03:
Highest Train: 99.73
Highest Valid: 70.36
Highest In Test: 71.01
Highest OOD Test: 66.40
Highest OOD Test: 52.83
Highest OOD Test: 63.38
Chosen epoch: 42
Final Train: 78.71
Final In Test: 71.01
Final OOD Test: 65.21
Final OOD Test: 52.51
Final OOD Test: 62.86
All runs:
Highest Train: 99.48 ± 0.36
Highest Valid: 70.21 ± 0.15
Highest In Test: 70.91 ± 0.11
Highest OOD Test: 66.23 ± 0.15
Highest OOD Test: 52.86 ± 0.19
Highest OOD Test: 63.32 ± 0.06
  Final Train: 77.84 ± 0.77
   Final In  Test: 70.90 ± 0.12
   Final OOD Test: 65.43 ± 0.19
   Final OOD Test: 52.49 ± 0.02
   Final OOD Test: 62.94 ± 0.09
[INFO] TensorBoard writer closed.

Command: python main.py --dataset twitch --backbone_type gcn --env_type graph --combine_result --store_result --epochs 200 --runs 3 --num_layers 2 --expert_agg mean --tau 3 --lr 0.01 --weight_decay 5e-5 --dropout 0.0 --K 3 --hidden_channels 64 --seed 123 --device 0 --lr 0.005 --weight_decay 0.0005 --dropout 0.0 --lamda 1.0 --K 4 --hidden_channels 64 --other_env_reduce env --result_name twitch_stage1_lr0.005_weight_decay0.0005_dropout0.0_lamda1.0_K4_hidden_channels64_other_env_reduceenv
Return code: 0
Elapsed: 97.27s
