Namespace(K=3, backbone_type='gcn', combine_result=True, cpu=False, data_dir='./data/', dataset='twitch', device=0, display_step=1, dropout=0.1, env_type='graph', epochs=200, expert_agg='mean', gamma=0.99, gate_hidden=64, hidden_channels=64, infer_env=False, infer_env_components=64, infer_env_iters=30, infer_env_num=3, lambda_cl=0.1, lambda_dag=0.1, lambda_ind=0.1, lambda_l1=0.5, lamda=0.5, lamda_ciw=0.0001, lr=0.005, lr_dag=0.001, num_layers=2, other_env_reduce='sample', pos_weight=5.0, result_name='twitch_stage1_lr0.005_weight_decay0.0005_dropout0.1_lamda0.5_K3_hidden_channels64_other_env_reducesample', runs=3, seed=123, store_result=True, tau=3.0, use_bn=False, variant=False, weight_decay=0.0005)
dataset twitch: all nodes 34120 | edges 429113 | classes 2 | feats 3170
train nodes 7897 | valid nodes 3949 | test in nodes 3949
test ood1 nodes 4648 test ood2 nodes 6551 test ood3 nodes 7126 
[INFO] env numbers: 6 train env numbers: 3
MODEL: CaNet(
  (experts): ModuleList(
    (0): ExpertNet(
      (convs): ModuleList(
        (0): CaNetConv()
        (1): CaNetConv()
      )
      (fcs): ModuleList(
        (0): Linear(in_features=3170, out_features=64, bias=True)
        (1): Linear(in_features=64, out_features=2, bias=True)
      )
      (act_fn): ReLU()
    )
    (1): ExpertNet(
      (convs): ModuleList(
        (0): CaNetConv()
        (1): CaNetConv()
      )
      (fcs): ModuleList(
        (0): Linear(in_features=3170, out_features=64, bias=True)
        (1): Linear(in_features=64, out_features=2, bias=True)
      )
      (act_fn): ReLU()
    )
    (2): ExpertNet(
      (convs): ModuleList(
        (0): CaNetConv()
        (1): CaNetConv()
      )
      (fcs): ModuleList(
        (0): Linear(in_features=3170, out_features=64, bias=True)
        (1): Linear(in_features=64, out_features=2, bias=True)
      )
      (act_fn): ReLU()
    )
  )
  (gate): Sequential(
    (0): Linear(in_features=3170, out_features=64, bias=True)
    (1): ReLU()
    (2): Linear(in_features=64, out_features=3, bias=True)
  )
)
[INFO] TensorBoard logging activated. Logs will be saved to: ./runs/twitch/Apr16_07-30-23_lamda_0.5
Epoch: 00, Loss: 1.0454, Train: 61.17%, Valid: 57.66%, Test In: 59.10% Test OOD1: 51.95% Test OOD2: 52.29% Test OOD3: 53.56% 
Epoch: 01, Loss: 1.0419, Train: 55.70%, Valid: 53.20%, Test In: 54.64% Test OOD1: 47.24% Test OOD2: 51.73% Test OOD3: 50.95% 
Epoch: 02, Loss: 1.0381, Train: 50.38%, Valid: 48.86%, Test In: 50.33% Test OOD1: 44.34% Test OOD2: 51.16% Test OOD3: 48.70% 
Epoch: 03, Loss: 1.0327, Train: 47.57%, Valid: 46.62%, Test In: 48.02% Test OOD1: 43.01% Test OOD2: 50.81% Test OOD3: 47.52% 
Epoch: 04, Loss: 1.0261, Train: 46.23%, Valid: 45.60%, Test In: 46.95% Test OOD1: 42.41% Test OOD2: 50.64% Test OOD3: 46.97% 
Epoch: 05, Loss: 1.0179, Train: 45.85%, Valid: 45.33%, Test In: 46.67% Test OOD1: 42.24% Test OOD2: 50.58% Test OOD3: 46.83% 
Epoch: 06, Loss: 1.0118, Train: 47.81%, Valid: 46.86%, Test In: 48.31% Test OOD1: 43.02% Test OOD2: 50.75% Test OOD3: 47.63% 
Epoch: 07, Loss: 1.0080, Train: 55.05%, Valid: 52.63%, Test In: 54.35% Test OOD1: 46.31% Test OOD2: 51.53% Test OOD3: 50.85% 
Epoch: 08, Loss: 1.0047, Train: 68.88%, Valid: 64.47%, Test In: 65.92% Test OOD1: 58.27% Test OOD2: 52.78% Test OOD3: 59.70% 
Epoch: 09, Loss: 0.9989, Train: 68.93%, Valid: 65.51%, Test In: 66.09% Test OOD1: 63.59% Test OOD2: 51.58% Test OOD3: 60.79% 
Epoch: 10, Loss: 0.9919, Train: 66.61%, Valid: 64.01%, Test In: 63.97% Test OOD1: 62.89% Test OOD2: 51.15% Test OOD3: 59.80% 
Epoch: 11, Loss: 0.9850, Train: 65.76%, Valid: 63.42%, Test In: 63.22% Test OOD1: 62.61% Test OOD2: 51.03% Test OOD3: 59.43% 
Epoch: 12, Loss: 0.9794, Train: 65.47%, Valid: 63.22%, Test In: 62.96% Test OOD1: 62.53% Test OOD2: 50.98% Test OOD3: 59.33% 
Epoch: 13, Loss: 0.9753, Train: 65.48%, Valid: 63.23%, Test In: 62.98% Test OOD1: 62.55% Test OOD2: 50.98% Test OOD3: 59.37% 
Epoch: 14, Loss: 0.9696, Train: 65.71%, Valid: 63.41%, Test In: 63.19% Test OOD1: 62.68% Test OOD2: 51.02% Test OOD3: 59.52% 
Epoch: 15, Loss: 0.9640, Train: 66.19%, Valid: 63.75%, Test In: 63.62% Test OOD1: 62.91% Test OOD2: 51.11% Test OOD3: 59.78% 
Epoch: 16, Loss: 0.9575, Train: 66.86%, Valid: 64.24%, Test In: 64.22% Test OOD1: 63.19% Test OOD2: 51.20% Test OOD3: 60.11% 
Epoch: 17, Loss: 0.9526, Train: 67.65%, Valid: 64.82%, Test In: 64.93% Test OOD1: 63.58% Test OOD2: 51.28% Test OOD3: 60.48% 
Epoch: 18, Loss: 0.9457, Train: 68.96%, Valid: 65.82%, Test In: 66.11% Test OOD1: 64.14% Test OOD2: 51.42% Test OOD3: 61.02% 
Epoch: 19, Loss: 0.9389, Train: 70.08%, Valid: 66.69%, Test In: 67.11% Test OOD1: 64.68% Test OOD2: 51.53% Test OOD3: 61.55% 
Epoch: 20, Loss: 0.9323, Train: 71.90%, Valid: 68.03%, Test In: 68.61% Test OOD1: 65.30% Test OOD2: 51.85% Test OOD3: 62.32% 
Epoch: 21, Loss: 0.9274, Train: 72.12%, Valid: 68.28%, Test In: 68.83% Test OOD1: 65.58% Test OOD2: 51.80% Test OOD3: 62.51% 
Epoch: 22, Loss: 0.9216, Train: 73.47%, Valid: 69.19%, Test In: 69.86% Test OOD1: 65.74% Test OOD2: 52.12% Test OOD3: 63.06% 
Epoch: 23, Loss: 0.9126, Train: 74.27%, Valid: 69.67%, Test In: 70.41% Test OOD1: 65.62% Test OOD2: 52.35% Test OOD3: 63.36% 
Epoch: 24, Loss: 0.9113, Train: 74.12%, Valid: 69.58%, Test In: 70.27% Test OOD1: 66.10% Test OOD2: 52.22% Test OOD3: 63.32% 
Epoch: 25, Loss: 0.9082, Train: 74.75%, Valid: 69.91%, Test In: 70.67% Test OOD1: 66.00% Test OOD2: 52.38% Test OOD3: 63.48% 
Epoch: 26, Loss: 0.9023, Train: 75.38%, Valid: 70.17%, Test In: 70.99% Test OOD1: 65.51% Test OOD2: 52.56% Test OOD3: 63.55% 
Epoch: 27, Loss: 0.8990, Train: 75.41%, Valid: 70.15%, Test In: 70.93% Test OOD1: 66.02% Test OOD2: 52.47% Test OOD3: 63.57% 
Epoch: 28, Loss: 0.8897, Train: 75.52%, Valid: 70.09%, Test In: 70.87% Test OOD1: 66.22% Test OOD2: 52.48% Test OOD3: 63.57% 
Epoch: 29, Loss: 0.8886, Train: 76.13%, Valid: 70.35%, Test In: 71.12% Test OOD1: 65.87% Test OOD2: 52.61% Test OOD3: 63.53% 
Epoch: 30, Loss: 0.8842, Train: 76.46%, Valid: 70.38%, Test In: 71.11% Test OOD1: 65.69% Test OOD2: 52.72% Test OOD3: 63.44% 
Epoch: 31, Loss: 0.8795, Train: 76.33%, Valid: 70.20%, Test In: 70.92% Test OOD1: 66.14% Test OOD2: 52.64% Test OOD3: 63.40% 
Epoch: 32, Loss: 0.8693, Train: 76.59%, Valid: 70.24%, Test In: 70.95% Test OOD1: 66.24% Test OOD2: 52.57% Test OOD3: 63.34% 
Epoch: 33, Loss: 0.8665, Train: 77.04%, Valid: 70.40%, Test In: 71.06% Test OOD1: 66.00% Test OOD2: 52.61% Test OOD3: 63.22% 
Epoch: 34, Loss: 0.8605, Train: 76.97%, Valid: 70.21%, Test In: 70.84% Test OOD1: 65.73% Test OOD2: 52.65% Test OOD3: 63.04% 
Epoch: 35, Loss: 0.8579, Train: 77.34%, Valid: 70.49%, Test In: 70.99% Test OOD1: 66.31% Test OOD2: 52.49% Test OOD3: 63.11% 
Epoch: 36, Loss: 0.8477, Train: 77.34%, Valid: 70.41%, Test In: 70.89% Test OOD1: 66.43% Test OOD2: 52.33% Test OOD3: 63.04% 
Epoch: 37, Loss: 0.8447, Train: 77.42%, Valid: 70.29%, Test In: 70.80% Test OOD1: 65.92% Test OOD2: 52.41% Test OOD3: 62.82% 
Epoch: 38, Loss: 0.8369, Train: 77.84%, Valid: 70.48%, Test In: 70.85% Test OOD1: 65.95% Test OOD2: 52.38% Test OOD3: 62.77% 
Epoch: 39, Loss: 0.8356, Train: 77.90%, Valid: 70.50%, Test In: 70.83% Test OOD1: 66.33% Test OOD2: 52.17% Test OOD3: 62.81% 
Epoch: 40, Loss: 0.8294, Train: 77.90%, Valid: 70.39%, Test In: 70.79% Test OOD1: 66.02% Test OOD2: 52.13% Test OOD3: 62.62% 
Epoch: 41, Loss: 0.8226, Train: 78.31%, Valid: 70.53%, Test In: 70.86% Test OOD1: 65.68% Test OOD2: 52.21% Test OOD3: 62.45% 
Epoch: 42, Loss: 0.8163, Train: 78.71%, Valid: 70.63%, Test In: 70.92% Test OOD1: 65.65% Test OOD2: 52.10% Test OOD3: 62.41% 
Epoch: 43, Loss: 0.8118, Train: 78.57%, Valid: 70.52%, Test In: 70.89% Test OOD1: 65.39% Test OOD2: 52.03% Test OOD3: 62.27% 
Epoch: 44, Loss: 0.8088, Train: 78.98%, Valid: 70.61%, Test In: 70.89% Test OOD1: 65.48% Test OOD2: 52.01% Test OOD3: 62.30% 
Epoch: 45, Loss: 0.7987, Train: 79.32%, Valid: 70.69%, Test In: 70.99% Test OOD1: 64.70% Test OOD2: 52.01% Test OOD3: 62.05% 
Epoch: 46, Loss: 0.8004, Train: 79.33%, Valid: 70.65%, Test In: 70.96% Test OOD1: 64.92% Test OOD2: 51.98% Test OOD3: 62.10% 
Epoch: 47, Loss: 0.7885, Train: 79.51%, Valid: 70.60%, Test In: 70.92% Test OOD1: 65.21% Test OOD2: 51.83% Test OOD3: 62.21% 
Epoch: 48, Loss: 0.7907, Train: 79.66%, Valid: 70.64%, Test In: 71.06% Test OOD1: 64.16% Test OOD2: 52.02% Test OOD3: 61.86% 
Epoch: 49, Loss: 0.7889, Train: 80.07%, Valid: 70.66%, Test In: 71.05% Test OOD1: 64.89% Test OOD2: 51.86% Test OOD3: 62.08% 
Epoch: 50, Loss: 0.7800, Train: 79.99%, Valid: 70.59%, Test In: 71.04% Test OOD1: 64.74% Test OOD2: 51.77% Test OOD3: 62.00% 
Epoch: 51, Loss: 0.7739, Train: 80.26%, Valid: 70.65%, Test In: 71.16% Test OOD1: 64.01% Test OOD2: 51.98% Test OOD3: 61.74% 
Epoch: 52, Loss: 0.7707, Train: 80.70%, Valid: 70.68%, Test In: 71.15% Test OOD1: 64.67% Test OOD2: 51.79% Test OOD3: 61.94% 
Epoch: 53, Loss: 0.7769, Train: 80.58%, Valid: 70.64%, Test In: 71.15% Test OOD1: 64.08% Test OOD2: 51.70% Test OOD3: 61.75% 
Epoch: 54, Loss: 0.7664, Train: 80.80%, Valid: 70.59%, Test In: 71.20% Test OOD1: 64.10% Test OOD2: 52.05% Test OOD3: 61.73% 
Epoch: 55, Loss: 0.7772, Train: 81.14%, Valid: 70.65%, Test In: 71.19% Test OOD1: 64.44% Test OOD2: 51.63% Test OOD3: 61.84% 
Epoch: 56, Loss: 0.7599, Train: 81.06%, Valid: 70.61%, Test In: 71.16% Test OOD1: 64.22% Test OOD2: 51.55% Test OOD3: 61.80% 
Epoch: 57, Loss: 0.7637, Train: 81.32%, Valid: 70.59%, Test In: 71.22% Test OOD1: 64.26% Test OOD2: 51.97% Test OOD3: 61.78% 
Epoch: 58, Loss: 0.7701, Train: 81.65%, Valid: 70.64%, Test In: 71.25% Test OOD1: 64.56% Test OOD2: 51.72% Test OOD3: 61.90% 
Epoch: 59, Loss: 0.7466, Train: 81.40%, Valid: 70.58%, Test In: 71.17% Test OOD1: 64.44% Test OOD2: 51.43% Test OOD3: 61.93% 
Epoch: 60, Loss: 0.7615, Train: 81.90%, Valid: 70.65%, Test In: 71.30% Test OOD1: 64.44% Test OOD2: 51.61% Test OOD3: 61.94% 
Epoch: 61, Loss: 0.7320, Train: 82.07%, Valid: 70.67%, Test In: 71.33% Test OOD1: 64.32% Test OOD2: 51.82% Test OOD3: 61.93% 
Epoch: 62, Loss: 0.7448, Train: 82.12%, Valid: 70.66%, Test In: 71.31% Test OOD1: 64.32% Test OOD2: 51.52% Test OOD3: 61.98% 
Epoch: 63, Loss: 0.7278, Train: 82.44%, Valid: 70.69%, Test In: 71.32% Test OOD1: 64.15% Test OOD2: 51.45% Test OOD3: 61.92% 
Epoch: 64, Loss: 0.7366, Train: 82.35%, Valid: 70.58%, Test In: 71.22% Test OOD1: 64.84% Test OOD2: 51.49% Test OOD3: 62.16% 
Epoch: 65, Loss: 0.7243, Train: 82.94%, Valid: 70.70%, Test In: 71.36% Test OOD1: 63.74% Test OOD2: 51.68% Test OOD3: 61.77% 
Epoch: 66, Loss: 0.7253, Train: 82.95%, Valid: 70.69%, Test In: 71.33% Test OOD1: 63.98% Test OOD2: 51.46% Test OOD3: 61.87% 
Epoch: 67, Loss: 0.7136, Train: 83.02%, Valid: 70.62%, Test In: 71.26% Test OOD1: 64.68% Test OOD2: 51.39% Test OOD3: 62.11% 
Epoch: 68, Loss: 0.7174, Train: 83.59%, Valid: 70.74%, Test In: 71.36% Test OOD1: 64.01% Test OOD2: 51.47% Test OOD3: 61.85% 
Epoch: 69, Loss: 0.7036, Train: 83.53%, Valid: 70.70%, Test In: 71.31% Test OOD1: 63.86% Test OOD2: 51.47% Test OOD3: 61.78% 
Epoch: 70, Loss: 0.7097, Train: 83.92%, Valid: 70.70%, Test In: 71.34% Test OOD1: 64.35% Test OOD2: 51.41% Test OOD3: 61.96% 
Epoch: 71, Loss: 0.6985, Train: 84.20%, Valid: 70.72%, Test In: 71.37% Test OOD1: 63.84% Test OOD2: 51.31% Test OOD3: 61.73% 
Epoch: 72, Loss: 0.6947, Train: 84.27%, Valid: 70.65%, Test In: 71.31% Test OOD1: 64.07% Test OOD2: 51.31% Test OOD3: 61.80% 
Epoch: 73, Loss: 0.6889, Train: 84.91%, Valid: 70.68%, Test In: 71.35% Test OOD1: 63.62% Test OOD2: 51.43% Test OOD3: 61.60% 
Epoch: 74, Loss: 0.6861, Train: 84.83%, Valid: 70.64%, Test In: 71.34% Test OOD1: 63.74% Test OOD2: 51.18% Test OOD3: 61.65% 
Epoch: 75, Loss: 0.6805, Train: 85.09%, Valid: 70.58%, Test In: 71.28% Test OOD1: 64.25% Test OOD2: 51.21% Test OOD3: 61.82% 
Epoch: 76, Loss: 0.6751, Train: 85.56%, Valid: 70.57%, Test In: 71.23% Test OOD1: 63.09% Test OOD2: 51.32% Test OOD3: 61.29% 
Epoch: 77, Loss: 0.6741, Train: 85.74%, Valid: 70.52%, Test In: 71.22% Test OOD1: 64.03% Test OOD2: 51.20% Test OOD3: 61.68% 
Epoch: 78, Loss: 0.6646, Train: 85.93%, Valid: 70.50%, Test In: 71.20% Test OOD1: 63.60% Test OOD2: 51.15% Test OOD3: 61.45% 
Epoch: 79, Loss: 0.6621, Train: 86.61%, Valid: 70.47%, Test In: 71.16% Test OOD1: 63.36% Test OOD2: 51.34% Test OOD3: 61.30% 
Epoch: 80, Loss: 0.6542, Train: 86.69%, Valid: 70.45%, Test In: 71.14% Test OOD1: 63.56% Test OOD2: 51.21% Test OOD3: 61.39% 
Epoch: 81, Loss: 0.6431, Train: 87.04%, Valid: 70.47%, Test In: 71.13% Test OOD1: 63.22% Test OOD2: 51.22% Test OOD3: 61.23% 
Epoch: 82, Loss: 0.6484, Train: 87.40%, Valid: 70.41%, Test In: 71.04% Test OOD1: 63.69% Test OOD2: 51.26% Test OOD3: 61.45% 
Epoch: 83, Loss: 0.6456, Train: 87.71%, Valid: 70.41%, Test In: 70.97% Test OOD1: 62.61% Test OOD2: 51.39% Test OOD3: 60.95% 
Epoch: 84, Loss: 0.6439, Train: 87.58%, Valid: 70.41%, Test In: 70.96% Test OOD1: 64.04% Test OOD2: 51.20% Test OOD3: 61.60% 
Epoch: 85, Loss: 0.6527, Train: 88.20%, Valid: 70.45%, Test In: 70.96% Test OOD1: 62.80% Test OOD2: 51.45% Test OOD3: 61.06% 
Epoch: 86, Loss: 0.6247, Train: 88.58%, Valid: 70.48%, Test In: 70.95% Test OOD1: 63.01% Test OOD2: 51.46% Test OOD3: 61.14% 
Epoch: 87, Loss: 0.6078, Train: 88.69%, Valid: 70.46%, Test In: 70.94% Test OOD1: 63.77% Test OOD2: 51.31% Test OOD3: 61.47% 
Epoch: 88, Loss: 0.6284, Train: 89.21%, Valid: 70.46%, Test In: 70.89% Test OOD1: 62.91% Test OOD2: 51.40% Test OOD3: 61.06% 
Epoch: 89, Loss: 0.6032, Train: 89.41%, Valid: 70.42%, Test In: 70.86% Test OOD1: 62.84% Test OOD2: 51.36% Test OOD3: 61.01% 
Epoch: 90, Loss: 0.6025, Train: 89.83%, Valid: 70.43%, Test In: 70.87% Test OOD1: 63.43% Test OOD2: 51.25% Test OOD3: 61.28% 
Epoch: 91, Loss: 0.6063, Train: 90.04%, Valid: 70.37%, Test In: 70.81% Test OOD1: 63.31% Test OOD2: 51.22% Test OOD3: 61.14% 
Epoch: 92, Loss: 0.5825, Train: 90.50%, Valid: 70.28%, Test In: 70.76% Test OOD1: 62.62% Test OOD2: 51.29% Test OOD3: 60.75% 
Epoch: 93, Loss: 0.5908, Train: 90.46%, Valid: 70.24%, Test In: 70.69% Test OOD1: 63.73% Test OOD2: 51.08% Test OOD3: 61.23% 
Epoch: 94, Loss: 0.5811, Train: 91.57%, Valid: 70.19%, Test In: 70.68% Test OOD1: 62.82% Test OOD2: 51.27% Test OOD3: 60.78% 
Epoch: 95, Loss: 0.5913, Train: 90.96%, Valid: 70.17%, Test In: 70.67% Test OOD1: 63.31% Test OOD2: 51.10% Test OOD3: 60.96% 
Epoch: 96, Loss: 0.5830, Train: 91.54%, Valid: 70.24%, Test In: 70.73% Test OOD1: 63.30% Test OOD2: 51.17% Test OOD3: 60.93% 
Epoch: 97, Loss: 0.5609, Train: 92.22%, Valid: 70.20%, Test In: 70.64% Test OOD1: 63.10% Test OOD2: 51.21% Test OOD3: 60.75% 
Epoch: 98, Loss: 0.5682, Train: 91.86%, Valid: 70.21%, Test In: 70.61% Test OOD1: 63.63% Test OOD2: 51.03% Test OOD3: 60.95% 
Epoch: 99, Loss: 0.5545, Train: 92.29%, Valid: 70.18%, Test In: 70.59% Test OOD1: 63.48% Test OOD2: 51.04% Test OOD3: 60.84% 
Epoch: 100, Loss: 0.5504, Train: 92.77%, Valid: 70.14%, Test In: 70.53% Test OOD1: 63.28% Test OOD2: 51.06% Test OOD3: 60.72% 
Epoch: 101, Loss: 0.5570, Train: 93.33%, Valid: 69.99%, Test In: 70.50% Test OOD1: 62.40% Test OOD2: 51.13% Test OOD3: 60.30% 
Epoch: 102, Loss: 0.5423, Train: 92.74%, Valid: 70.03%, Test In: 70.48% Test OOD1: 63.23% Test OOD2: 50.96% Test OOD3: 60.72% 
Epoch: 103, Loss: 0.5539, Train: 93.74%, Valid: 69.93%, Test In: 70.38% Test OOD1: 62.52% Test OOD2: 51.10% Test OOD3: 60.40% 
Epoch: 104, Loss: 0.5415, Train: 93.55%, Valid: 69.99%, Test In: 70.28% Test OOD1: 63.03% Test OOD2: 51.06% Test OOD3: 60.62% 
Epoch: 105, Loss: 0.5280, Train: 93.70%, Valid: 70.00%, Test In: 70.25% Test OOD1: 63.26% Test OOD2: 51.04% Test OOD3: 60.81% 
Epoch: 106, Loss: 0.5159, Train: 93.98%, Valid: 69.97%, Test In: 70.21% Test OOD1: 63.26% Test OOD2: 51.05% Test OOD3: 60.82% 
Epoch: 107, Loss: 0.5262, Train: 94.11%, Valid: 69.99%, Test In: 70.23% Test OOD1: 63.10% Test OOD2: 51.03% Test OOD3: 60.71% 
Epoch: 108, Loss: 0.5107, Train: 94.69%, Valid: 69.94%, Test In: 70.20% Test OOD1: 62.68% Test OOD2: 51.09% Test OOD3: 60.47% 
Epoch: 109, Loss: 0.5061, Train: 94.96%, Valid: 69.91%, Test In: 70.21% Test OOD1: 62.56% Test OOD2: 51.13% Test OOD3: 60.37% 
Epoch: 110, Loss: 0.5038, Train: 94.79%, Valid: 69.96%, Test In: 70.25% Test OOD1: 63.10% Test OOD2: 51.06% Test OOD3: 60.57% 
Epoch: 111, Loss: 0.4990, Train: 95.23%, Valid: 69.96%, Test In: 70.27% Test OOD1: 62.83% Test OOD2: 51.20% Test OOD3: 60.40% 
Epoch: 112, Loss: 0.4882, Train: 95.52%, Valid: 69.95%, Test In: 70.25% Test OOD1: 62.86% Test OOD2: 51.27% Test OOD3: 60.42% 
Epoch: 113, Loss: 0.4900, Train: 95.15%, Valid: 70.05%, Test In: 70.32% Test OOD1: 63.45% Test OOD2: 51.13% Test OOD3: 60.67% 
Epoch: 114, Loss: 0.4944, Train: 95.68%, Valid: 70.05%, Test In: 70.27% Test OOD1: 63.37% Test OOD2: 51.20% Test OOD3: 60.62% 
Epoch: 115, Loss: 0.4780, Train: 96.01%, Valid: 69.87%, Test In: 70.15% Test OOD1: 62.30% Test OOD2: 51.34% Test OOD3: 59.96% 
Epoch: 116, Loss: 0.5132, Train: 94.92%, Valid: 69.80%, Test In: 70.11% Test OOD1: 64.08% Test OOD2: 51.04% Test OOD3: 60.93% 
Epoch: 117, Loss: 0.5838, Train: 96.09%, Valid: 69.93%, Test In: 70.19% Test OOD1: 62.88% Test OOD2: 51.23% Test OOD3: 60.00% 
Epoch: 118, Loss: 0.4916, Train: 96.46%, Valid: 69.89%, Test In: 70.17% Test OOD1: 62.54% Test OOD2: 51.29% Test OOD3: 59.87% 
Epoch: 119, Loss: 0.4839, Train: 95.76%, Valid: 69.90%, Test In: 70.26% Test OOD1: 63.76% Test OOD2: 51.10% Test OOD3: 60.65% 
Epoch: 120, Loss: 0.5012, Train: 96.29%, Valid: 69.99%, Test In: 70.31% Test OOD1: 63.32% Test OOD2: 51.18% Test OOD3: 60.45% 
Epoch: 121, Loss: 0.4580, Train: 96.68%, Valid: 69.80%, Test In: 70.19% Test OOD1: 62.30% Test OOD2: 51.32% Test OOD3: 59.98% 
Epoch: 122, Loss: 0.4939, Train: 96.57%, Valid: 69.92%, Test In: 70.25% Test OOD1: 63.25% Test OOD2: 51.17% Test OOD3: 60.48% 
Epoch: 123, Loss: 0.4479, Train: 96.32%, Valid: 69.83%, Test In: 70.21% Test OOD1: 63.63% Test OOD2: 51.11% Test OOD3: 60.71% 
Epoch: 124, Loss: 0.4641, Train: 96.86%, Valid: 69.81%, Test In: 70.18% Test OOD1: 63.21% Test OOD2: 51.16% Test OOD3: 60.50% 
Epoch: 125, Loss: 0.4419, Train: 96.98%, Valid: 69.75%, Test In: 70.14% Test OOD1: 62.82% Test OOD2: 51.17% Test OOD3: 60.26% 
Epoch: 126, Loss: 0.4527, Train: 97.02%, Valid: 69.75%, Test In: 70.17% Test OOD1: 62.87% Test OOD2: 51.10% Test OOD3: 60.26% 
Epoch: 127, Loss: 0.4406, Train: 97.14%, Valid: 69.68%, Test In: 70.16% Test OOD1: 62.92% Test OOD2: 51.09% Test OOD3: 60.30% 
Epoch: 128, Loss: 0.4358, Train: 97.44%, Valid: 69.57%, Test In: 70.10% Test OOD1: 62.48% Test OOD2: 51.12% Test OOD3: 60.04% 
Epoch: 129, Loss: 0.4319, Train: 97.52%, Valid: 69.50%, Test In: 70.02% Test OOD1: 62.36% Test OOD2: 51.06% Test OOD3: 59.87% 
Epoch: 130, Loss: 0.4248, Train: 97.58%, Valid: 69.47%, Test In: 69.97% Test OOD1: 62.45% Test OOD2: 51.02% Test OOD3: 59.90% 
Epoch: 131, Loss: 0.4220, Train: 97.64%, Valid: 69.45%, Test In: 69.94% Test OOD1: 62.84% Test OOD2: 51.00% Test OOD3: 60.16% 
Epoch: 132, Loss: 0.4197, Train: 97.78%, Valid: 69.43%, Test In: 69.91% Test OOD1: 62.74% Test OOD2: 50.98% Test OOD3: 60.20% 
Epoch: 133, Loss: 0.4279, Train: 97.68%, Valid: 69.37%, Test In: 69.83% Test OOD1: 63.10% Test OOD2: 50.90% Test OOD3: 60.37% 
Epoch: 134, Loss: 0.4512, Train: 98.15%, Valid: 69.32%, Test In: 69.78% Test OOD1: 62.08% Test OOD2: 51.00% Test OOD3: 60.01% 
Epoch: 135, Loss: 0.4501, Train: 98.12%, Valid: 69.45%, Test In: 69.92% Test OOD1: 62.62% Test OOD2: 50.97% Test OOD3: 60.30% 
Epoch: 136, Loss: 0.4127, Train: 98.13%, Valid: 69.50%, Test In: 69.93% Test OOD1: 62.74% Test OOD2: 50.92% Test OOD3: 60.32% 
Epoch: 137, Loss: 0.4125, Train: 98.31%, Valid: 69.44%, Test In: 69.81% Test OOD1: 62.26% Test OOD2: 50.93% Test OOD3: 60.02% 
Epoch: 138, Loss: 0.4219, Train: 98.33%, Valid: 69.43%, Test In: 69.82% Test OOD1: 62.50% Test OOD2: 50.91% Test OOD3: 60.12% 
Epoch: 139, Loss: 0.3967, Train: 98.31%, Valid: 69.43%, Test In: 69.80% Test OOD1: 62.90% Test OOD2: 50.83% Test OOD3: 60.31% 
Epoch: 140, Loss: 0.4111, Train: 98.34%, Valid: 69.45%, Test In: 69.81% Test OOD1: 62.82% Test OOD2: 50.83% Test OOD3: 60.37% 
Epoch: 141, Loss: 0.3902, Train: 98.47%, Valid: 69.40%, Test In: 69.73% Test OOD1: 62.50% Test OOD2: 50.86% Test OOD3: 60.31% 
Epoch: 142, Loss: 0.4036, Train: 98.55%, Valid: 69.42%, Test In: 69.77% Test OOD1: 62.59% Test OOD2: 50.85% Test OOD3: 60.35% 
Epoch: 143, Loss: 0.3807, Train: 98.63%, Valid: 69.42%, Test In: 69.77% Test OOD1: 62.60% Test OOD2: 50.86% Test OOD3: 60.35% 
Epoch: 144, Loss: 0.3889, Train: 98.74%, Valid: 69.37%, Test In: 69.72% Test OOD1: 62.29% Test OOD2: 50.91% Test OOD3: 60.17% 
Epoch: 145, Loss: 0.3789, Train: 98.79%, Valid: 69.34%, Test In: 69.68% Test OOD1: 62.24% Test OOD2: 50.90% Test OOD3: 60.10% 
Epoch: 146, Loss: 0.3740, Train: 98.81%, Valid: 69.36%, Test In: 69.69% Test OOD1: 62.50% Test OOD2: 50.88% Test OOD3: 60.19% 
Epoch: 147, Loss: 0.3720, Train: 98.84%, Valid: 69.36%, Test In: 69.70% Test OOD1: 62.55% Test OOD2: 50.91% Test OOD3: 60.23% 
Epoch: 148, Loss: 0.3682, Train: 98.88%, Valid: 69.32%, Test In: 69.68% Test OOD1: 62.43% Test OOD2: 50.93% Test OOD3: 60.16% 
Epoch: 149, Loss: 0.3626, Train: 98.94%, Valid: 69.31%, Test In: 69.70% Test OOD1: 62.52% Test OOD2: 50.96% Test OOD3: 60.21% 
Epoch: 150, Loss: 0.3620, Train: 98.94%, Valid: 69.33%, Test In: 69.76% Test OOD1: 62.75% Test OOD2: 50.96% Test OOD3: 60.34% 
Epoch: 151, Loss: 0.3615, Train: 99.07%, Valid: 69.33%, Test In: 69.76% Test OOD1: 62.50% Test OOD2: 51.05% Test OOD3: 60.27% 
Epoch: 152, Loss: 0.3542, Train: 99.12%, Valid: 69.31%, Test In: 69.77% Test OOD1: 62.52% Test OOD2: 51.11% Test OOD3: 60.29% 
Epoch: 153, Loss: 0.3460, Train: 99.10%, Valid: 69.30%, Test In: 69.81% Test OOD1: 62.88% Test OOD2: 51.12% Test OOD3: 60.44% 
Epoch: 154, Loss: 0.3502, Train: 99.24%, Valid: 69.23%, Test In: 69.78% Test OOD1: 62.55% Test OOD2: 51.23% Test OOD3: 60.33% 
Epoch: 155, Loss: 0.3462, Train: 99.22%, Valid: 69.22%, Test In: 69.79% Test OOD1: 62.82% Test OOD2: 51.22% Test OOD3: 60.42% 
Epoch: 156, Loss: 0.3378, Train: 99.22%, Valid: 69.20%, Test In: 69.79% Test OOD1: 63.03% Test OOD2: 51.23% Test OOD3: 60.51% 
Epoch: 157, Loss: 0.3370, Train: 99.34%, Valid: 69.11%, Test In: 69.77% Test OOD1: 62.65% Test OOD2: 51.27% Test OOD3: 60.33% 
Epoch: 158, Loss: 0.3410, Train: 99.34%, Valid: 69.08%, Test In: 69.77% Test OOD1: 62.68% Test OOD2: 51.17% Test OOD3: 60.26% 
Epoch: 159, Loss: 0.3307, Train: 99.41%, Valid: 68.98%, Test In: 69.73% Test OOD1: 62.44% Test OOD2: 51.14% Test OOD3: 60.12% 
Epoch: 160, Loss: 0.3265, Train: 99.47%, Valid: 68.88%, Test In: 69.62% Test OOD1: 62.13% Test OOD2: 51.09% Test OOD3: 59.99% 
Epoch: 161, Loss: 0.3249, Train: 99.43%, Valid: 68.95%, Test In: 69.65% Test OOD1: 62.56% Test OOD2: 51.01% Test OOD3: 60.20% 
Epoch: 162, Loss: 0.3177, Train: 99.48%, Valid: 68.94%, Test In: 69.63% Test OOD1: 62.46% Test OOD2: 51.00% Test OOD3: 60.23% 
Epoch: 163, Loss: 0.3169, Train: 99.52%, Valid: 68.94%, Test In: 69.60% Test OOD1: 62.27% Test OOD2: 51.00% Test OOD3: 60.17% 
Epoch: 164, Loss: 0.3181, Train: 99.46%, Valid: 69.03%, Test In: 69.62% Test OOD1: 62.78% Test OOD2: 50.93% Test OOD3: 60.32% 
Epoch: 165, Loss: 0.3105, Train: 99.55%, Valid: 68.94%, Test In: 69.58% Test OOD1: 62.61% Test OOD2: 50.95% Test OOD3: 60.21% 
Epoch: 166, Loss: 0.3069, Train: 99.59%, Valid: 68.88%, Test In: 69.54% Test OOD1: 62.59% Test OOD2: 50.97% Test OOD3: 60.11% 
Epoch: 167, Loss: 0.3078, Train: 99.56%, Valid: 68.85%, Test In: 69.52% Test OOD1: 62.92% Test OOD2: 50.94% Test OOD3: 60.24% 
Epoch: 168, Loss: 0.3157, Train: 99.64%, Valid: 68.80%, Test In: 69.49% Test OOD1: 62.58% Test OOD2: 51.00% Test OOD3: 59.97% 
Epoch: 169, Loss: 0.3114, Train: 99.68%, Valid: 68.76%, Test In: 69.47% Test OOD1: 62.39% Test OOD2: 51.03% Test OOD3: 60.04% 
Epoch: 170, Loss: 0.3556, Train: 99.49%, Valid: 68.86%, Test In: 69.48% Test OOD1: 63.23% Test OOD2: 50.88% Test OOD3: 60.33% 
Epoch: 171, Loss: 0.4048, Train: 99.70%, Valid: 68.91%, Test In: 69.61% Test OOD1: 62.30% Test OOD2: 51.00% Test OOD3: 60.16% 
Epoch: 172, Loss: 0.3074, Train: 99.73%, Valid: 68.95%, Test In: 69.65% Test OOD1: 62.26% Test OOD2: 51.00% Test OOD3: 60.32% 
Epoch: 173, Loss: 0.3441, Train: 99.69%, Valid: 69.04%, Test In: 69.74% Test OOD1: 62.57% Test OOD2: 50.95% Test OOD3: 60.42% 
Epoch: 174, Loss: 0.3215, Train: 99.72%, Valid: 69.01%, Test In: 69.71% Test OOD1: 62.52% Test OOD2: 50.96% Test OOD3: 60.49% 
Epoch: 175, Loss: 0.3248, Train: 99.73%, Valid: 69.00%, Test In: 69.70% Test OOD1: 62.58% Test OOD2: 50.94% Test OOD3: 60.59% 
Epoch: 176, Loss: 0.2955, Train: 99.71%, Valid: 68.96%, Test In: 69.56% Test OOD1: 62.60% Test OOD2: 50.91% Test OOD3: 60.53% 
Epoch: 177, Loss: 0.3236, Train: 99.75%, Valid: 68.92%, Test In: 69.59% Test OOD1: 62.52% Test OOD2: 50.94% Test OOD3: 60.51% 
Epoch: 178, Loss: 0.2872, Train: 99.76%, Valid: 68.88%, Test In: 69.52% Test OOD1: 62.45% Test OOD2: 51.00% Test OOD3: 60.44% 
Epoch: 179, Loss: 0.3092, Train: 99.75%, Valid: 68.92%, Test In: 69.52% Test OOD1: 62.59% Test OOD2: 51.02% Test OOD3: 60.53% 
Epoch: 180, Loss: 0.2820, Train: 99.76%, Valid: 68.97%, Test In: 69.46% Test OOD1: 62.56% Test OOD2: 51.07% Test OOD3: 60.60% 
Epoch: 181, Loss: 0.2875, Train: 99.77%, Valid: 69.00%, Test In: 69.44% Test OOD1: 62.59% Test OOD2: 51.11% Test OOD3: 60.64% 
Epoch: 182, Loss: 0.2864, Train: 99.78%, Valid: 69.01%, Test In: 69.38% Test OOD1: 62.62% Test OOD2: 51.15% Test OOD3: 60.54% 
Epoch: 183, Loss: 0.2798, Train: 99.79%, Valid: 68.97%, Test In: 69.28% Test OOD1: 62.73% Test OOD2: 51.16% Test OOD3: 60.54% 
Epoch: 184, Loss: 0.2811, Train: 99.83%, Valid: 68.87%, Test In: 69.18% Test OOD1: 62.18% Test OOD2: 51.23% Test OOD3: 60.26% 
Epoch: 185, Loss: 0.2699, Train: 99.83%, Valid: 68.79%, Test In: 69.14% Test OOD1: 62.44% Test OOD2: 51.20% Test OOD3: 60.36% 
Epoch: 186, Loss: 0.2790, Train: 99.85%, Valid: 68.73%, Test In: 69.11% Test OOD1: 62.38% Test OOD2: 51.23% Test OOD3: 60.21% 
Epoch: 187, Loss: 0.2652, Train: 99.86%, Valid: 68.72%, Test In: 69.09% Test OOD1: 62.19% Test OOD2: 51.26% Test OOD3: 60.09% 
Epoch: 188, Loss: 0.2814, Train: 99.84%, Valid: 68.80%, Test In: 69.13% Test OOD1: 62.75% Test OOD2: 51.18% Test OOD3: 60.49% 
Epoch: 189, Loss: 0.2653, Train: 99.87%, Valid: 68.85%, Test In: 69.12% Test OOD1: 62.23% Test OOD2: 51.25% Test OOD3: 60.28% 
Epoch: 190, Loss: 0.2740, Train: 99.88%, Valid: 68.92%, Test In: 69.11% Test OOD1: 62.62% Test OOD2: 51.17% Test OOD3: 60.47% 
Epoch: 191, Loss: 0.2567, Train: 99.88%, Valid: 68.95%, Test In: 69.08% Test OOD1: 62.65% Test OOD2: 51.13% Test OOD3: 60.46% 
Epoch: 192, Loss: 0.2652, Train: 99.88%, Valid: 68.92%, Test In: 69.05% Test OOD1: 62.32% Test OOD2: 51.16% Test OOD3: 60.35% 
Epoch: 193, Loss: 0.2556, Train: 99.88%, Valid: 68.94%, Test In: 69.11% Test OOD1: 62.72% Test OOD2: 51.11% Test OOD3: 60.54% 
Epoch: 194, Loss: 0.2755, Train: 99.89%, Valid: 68.89%, Test In: 69.12% Test OOD1: 62.07% Test OOD2: 51.21% Test OOD3: 60.08% 
Epoch: 195, Loss: 0.2729, Train: 99.87%, Valid: 68.94%, Test In: 69.23% Test OOD1: 62.90% Test OOD2: 51.11% Test OOD3: 60.50% 
Epoch: 196, Loss: 0.2641, Train: 99.90%, Valid: 68.93%, Test In: 69.33% Test OOD1: 62.42% Test OOD2: 51.24% Test OOD3: 60.32% 
Epoch: 197, Loss: 0.2495, Train: 99.91%, Valid: 68.91%, Test In: 69.37% Test OOD1: 62.38% Test OOD2: 51.21% Test OOD3: 60.30% 
Epoch: 198, Loss: 0.2530, Train: 99.92%, Valid: 68.87%, Test In: 69.37% Test OOD1: 62.59% Test OOD2: 51.11% Test OOD3: 60.41% 
Epoch: 199, Loss: 0.2515, Train: 99.93%, Valid: 68.80%, Test In: 69.34% Test OOD1: 62.29% Test OOD2: 51.11% Test OOD3: 60.25% 
Run 01:
Highest Train: 99.93
Highest Valid: 70.74
Highest In Test: 71.37
Highest OOD Test: 66.43
Highest OOD Test: 52.78
Highest OOD Test: 63.57
Chosen epoch: 69
Final Train: 83.59
Final In Test: 71.36
Final OOD Test: 64.01
Final OOD Test: 51.47
Final OOD Test: 61.85
Epoch: 00, Loss: 1.0433, Train: 66.42%, Valid: 63.43%, Test In: 64.21% Test OOD1: 58.56% Test OOD2: 52.77% Test OOD3: 58.19% 
Epoch: 01, Loss: 1.0403, Train: 61.06%, Valid: 58.13%, Test In: 59.42% Test OOD1: 51.54% Test OOD2: 52.23% Test OOD3: 53.89% 
Epoch: 02, Loss: 1.0372, Train: 55.03%, Valid: 52.88%, Test In: 54.39% Test OOD1: 46.89% Test OOD2: 51.64% Test OOD3: 50.74% 
Epoch: 03, Loss: 1.0332, Train: 52.00%, Valid: 50.33%, Test In: 51.85% Test OOD1: 45.08% Test OOD2: 51.29% Test OOD3: 49.30% 
Epoch: 04, Loss: 1.0282, Train: 52.51%, Valid: 50.71%, Test In: 52.24% Test OOD1: 45.30% Test OOD2: 51.36% Test OOD3: 49.52% 
Epoch: 05, Loss: 1.0223, Train: 57.30%, Valid: 54.65%, Test In: 56.18% Test OOD1: 47.93% Test OOD2: 51.94% Test OOD3: 51.80% 
Epoch: 06, Loss: 1.0165, Train: 65.12%, Valid: 61.32%, Test In: 62.78% Test OOD1: 54.17% Test OOD2: 52.73% Test OOD3: 56.47% 
Epoch: 07, Loss: 1.0094, Train: 69.63%, Valid: 65.35%, Test In: 66.93% Test OOD1: 60.72% Test OOD2: 52.85% Test OOD3: 60.31% 
Epoch: 08, Loss: 1.0032, Train: 70.16%, Valid: 66.14%, Test In: 67.33% Test OOD1: 63.74% Test OOD2: 52.08% Test OOD3: 61.23% 
Epoch: 09, Loss: 0.9981, Train: 68.42%, Valid: 65.13%, Test In: 65.58% Test OOD1: 63.57% Test OOD2: 51.59% Test OOD3: 60.60% 
Epoch: 10, Loss: 0.9942, Train: 67.02%, Valid: 64.20%, Test In: 64.28% Test OOD1: 63.12% Test OOD2: 51.34% Test OOD3: 60.07% 
Epoch: 11, Loss: 0.9897, Train: 66.25%, Valid: 63.69%, Test In: 63.60% Test OOD1: 62.87% Test OOD2: 51.22% Test OOD3: 59.78% 
Epoch: 12, Loss: 0.9838, Train: 65.82%, Valid: 63.39%, Test In: 63.23% Test OOD1: 62.73% Test OOD2: 51.16% Test OOD3: 59.61% 
Epoch: 13, Loss: 0.9774, Train: 65.62%, Valid: 63.27%, Test In: 63.07% Test OOD1: 62.66% Test OOD2: 51.11% Test OOD3: 59.52% 
Epoch: 14, Loss: 0.9723, Train: 65.73%, Valid: 63.37%, Test In: 63.17% Test OOD1: 62.73% Test OOD2: 51.10% Test OOD3: 59.59% 
Epoch: 15, Loss: 0.9678, Train: 66.20%, Valid: 63.72%, Test In: 63.58% Test OOD1: 62.94% Test OOD2: 51.17% Test OOD3: 59.82% 
Epoch: 16, Loss: 0.9609, Train: 66.86%, Valid: 64.24%, Test In: 64.17% Test OOD1: 63.21% Test OOD2: 51.24% Test OOD3: 60.11% 
Epoch: 17, Loss: 0.9549, Train: 67.59%, Valid: 64.82%, Test In: 64.84% Test OOD1: 63.53% Test OOD2: 51.30% Test OOD3: 60.43% 
Epoch: 18, Loss: 0.9486, Train: 68.66%, Valid: 65.65%, Test In: 65.79% Test OOD1: 63.97% Test OOD2: 51.42% Test OOD3: 60.89% 
Epoch: 19, Loss: 0.9393, Train: 69.86%, Valid: 66.58%, Test In: 66.86% Test OOD1: 64.50% Test OOD2: 51.59% Test OOD3: 61.42% 
Epoch: 20, Loss: 0.9340, Train: 70.84%, Valid: 67.38%, Test In: 67.71% Test OOD1: 65.00% Test OOD2: 51.71% Test OOD3: 61.87% 
Epoch: 21, Loss: 0.9265, Train: 72.36%, Valid: 68.43%, Test In: 68.90% Test OOD1: 65.40% Test OOD2: 52.09% Test OOD3: 62.49% 
Epoch: 22, Loss: 0.9223, Train: 72.77%, Valid: 68.84%, Test In: 69.29% Test OOD1: 65.76% Test OOD2: 52.03% Test OOD3: 62.70% 
Epoch: 23, Loss: 0.9157, Train: 73.74%, Valid: 69.51%, Test In: 70.05% Test OOD1: 65.80% Test OOD2: 52.25% Test OOD3: 63.07% 
Epoch: 24, Loss: 0.9079, Train: 74.63%, Valid: 69.95%, Test In: 70.59% Test OOD1: 65.41% Test OOD2: 52.52% Test OOD3: 63.30% 
Epoch: 25, Loss: 0.9041, Train: 74.80%, Valid: 70.09%, Test In: 70.73% Test OOD1: 65.79% Test OOD2: 52.51% Test OOD3: 63.34% 
Epoch: 26, Loss: 0.8983, Train: 75.27%, Valid: 70.30%, Test In: 70.95% Test OOD1: 65.69% Test OOD2: 52.60% Test OOD3: 63.38% 
Epoch: 27, Loss: 0.8938, Train: 75.83%, Valid: 70.44%, Test In: 71.12% Test OOD1: 65.19% Test OOD2: 52.82% Test OOD3: 63.33% 
Epoch: 28, Loss: 0.8907, Train: 75.95%, Valid: 70.47%, Test In: 71.14% Test OOD1: 65.57% Test OOD2: 52.79% Test OOD3: 63.34% 
Epoch: 29, Loss: 0.8824, Train: 76.05%, Valid: 70.41%, Test In: 71.06% Test OOD1: 65.77% Test OOD2: 52.79% Test OOD3: 63.29% 
Epoch: 30, Loss: 0.8801, Train: 76.62%, Valid: 70.54%, Test In: 71.23% Test OOD1: 65.38% Test OOD2: 52.91% Test OOD3: 63.19% 
Epoch: 31, Loss: 0.8722, Train: 76.73%, Valid: 70.44%, Test In: 71.08% Test OOD1: 65.46% Test OOD2: 52.91% Test OOD3: 63.09% 
Epoch: 32, Loss: 0.8677, Train: 76.88%, Valid: 70.52%, Test In: 71.14% Test OOD1: 65.87% Test OOD2: 52.78% Test OOD3: 63.10% 
Epoch: 33, Loss: 0.8682, Train: 77.43%, Valid: 70.74%, Test In: 71.34% Test OOD1: 65.62% Test OOD2: 52.76% Test OOD3: 63.07% 
Epoch: 34, Loss: 0.8644, Train: 77.39%, Valid: 70.30%, Test In: 70.93% Test OOD1: 65.41% Test OOD2: 52.82% Test OOD3: 62.78% 
Epoch: 35, Loss: 0.8581, Train: 77.47%, Valid: 70.36%, Test In: 70.99% Test OOD1: 65.87% Test OOD2: 52.58% Test OOD3: 62.82% 
Epoch: 36, Loss: 0.8508, Train: 77.79%, Valid: 70.59%, Test In: 71.13% Test OOD1: 66.05% Test OOD2: 52.47% Test OOD3: 62.87% 
Epoch: 37, Loss: 0.8487, Train: 78.06%, Valid: 70.37%, Test In: 70.87% Test OOD1: 65.66% Test OOD2: 52.55% Test OOD3: 62.54% 
Epoch: 38, Loss: 0.8408, Train: 78.03%, Valid: 70.28%, Test In: 70.72% Test OOD1: 65.69% Test OOD2: 52.44% Test OOD3: 62.40% 
Epoch: 39, Loss: 0.8390, Train: 78.36%, Valid: 70.61%, Test In: 71.00% Test OOD1: 66.05% Test OOD2: 52.28% Test OOD3: 62.64% 
Epoch: 40, Loss: 0.8374, Train: 78.69%, Valid: 70.49%, Test In: 70.82% Test OOD1: 65.71% Test OOD2: 52.32% Test OOD3: 62.37% 
Epoch: 41, Loss: 0.8247, Train: 78.33%, Valid: 70.17%, Test In: 70.42% Test OOD1: 65.23% Test OOD2: 52.33% Test OOD3: 61.91% 
Epoch: 42, Loss: 0.8325, Train: 79.01%, Valid: 70.51%, Test In: 70.76% Test OOD1: 65.60% Test OOD2: 52.17% Test OOD3: 62.23% 
Epoch: 43, Loss: 0.8154, Train: 79.23%, Valid: 70.69%, Test In: 70.92% Test OOD1: 65.68% Test OOD2: 52.11% Test OOD3: 62.34% 
Epoch: 44, Loss: 0.8172, Train: 79.63%, Valid: 70.57%, Test In: 70.76% Test OOD1: 65.07% Test OOD2: 52.21% Test OOD3: 62.00% 
Epoch: 45, Loss: 0.8070, Train: 79.26%, Valid: 70.34%, Test In: 70.58% Test OOD1: 64.88% Test OOD2: 52.10% Test OOD3: 61.81% 
Epoch: 46, Loss: 0.8057, Train: 79.67%, Valid: 70.58%, Test In: 70.77% Test OOD1: 65.43% Test OOD2: 52.04% Test OOD3: 62.10% 
Epoch: 47, Loss: 0.8010, Train: 80.19%, Valid: 70.73%, Test In: 70.96% Test OOD1: 64.84% Test OOD2: 51.99% Test OOD3: 62.08% 
Epoch: 48, Loss: 0.8016, Train: 80.36%, Valid: 70.65%, Test In: 70.87% Test OOD1: 64.84% Test OOD2: 52.04% Test OOD3: 61.99% 
Epoch: 49, Loss: 0.7899, Train: 79.95%, Valid: 70.40%, Test In: 70.72% Test OOD1: 64.89% Test OOD2: 51.99% Test OOD3: 61.91% 
Epoch: 50, Loss: 0.7895, Train: 80.30%, Valid: 70.47%, Test In: 70.80% Test OOD1: 64.75% Test OOD2: 51.84% Test OOD3: 61.93% 
Epoch: 51, Loss: 0.7839, Train: 80.92%, Valid: 70.62%, Test In: 70.92% Test OOD1: 64.72% Test OOD2: 51.92% Test OOD3: 61.98% 
Epoch: 52, Loss: 0.7759, Train: 80.94%, Valid: 70.47%, Test In: 70.87% Test OOD1: 64.71% Test OOD2: 51.90% Test OOD3: 61.89% 
Epoch: 53, Loss: 0.7735, Train: 80.67%, Valid: 70.26%, Test In: 70.75% Test OOD1: 64.35% Test OOD2: 51.78% Test OOD3: 61.72% 
Epoch: 54, Loss: 0.7731, Train: 81.45%, Valid: 70.40%, Test In: 70.87% Test OOD1: 64.37% Test OOD2: 51.83% Test OOD3: 61.75% 
Epoch: 55, Loss: 0.7636, Train: 81.68%, Valid: 70.46%, Test In: 70.95% Test OOD1: 64.56% Test OOD2: 51.74% Test OOD3: 61.87% 
Epoch: 56, Loss: 0.7639, Train: 81.52%, Valid: 70.32%, Test In: 70.83% Test OOD1: 64.23% Test OOD2: 51.58% Test OOD3: 61.74% 
Epoch: 57, Loss: 0.7597, Train: 81.73%, Valid: 70.27%, Test In: 70.85% Test OOD1: 64.21% Test OOD2: 51.87% Test OOD3: 61.75% 
Epoch: 58, Loss: 0.7619, Train: 82.14%, Valid: 70.48%, Test In: 70.93% Test OOD1: 64.25% Test OOD2: 51.47% Test OOD3: 61.86% 
Epoch: 59, Loss: 0.7523, Train: 82.37%, Valid: 70.45%, Test In: 70.95% Test OOD1: 64.39% Test OOD2: 51.51% Test OOD3: 61.93% 
Epoch: 60, Loss: 0.7406, Train: 82.37%, Valid: 70.31%, Test In: 70.91% Test OOD1: 64.18% Test OOD2: 51.70% Test OOD3: 61.86% 
Epoch: 61, Loss: 0.7412, Train: 82.55%, Valid: 70.42%, Test In: 70.96% Test OOD1: 64.15% Test OOD2: 51.36% Test OOD3: 61.91% 
Epoch: 62, Loss: 0.7398, Train: 82.96%, Valid: 70.52%, Test In: 71.11% Test OOD1: 64.62% Test OOD2: 51.51% Test OOD3: 62.10% 
Epoch: 63, Loss: 0.7371, Train: 83.32%, Valid: 70.45%, Test In: 71.03% Test OOD1: 64.02% Test OOD2: 51.45% Test OOD3: 61.85% 
Epoch: 64, Loss: 0.7265, Train: 83.14%, Valid: 70.41%, Test In: 71.01% Test OOD1: 64.11% Test OOD2: 51.26% Test OOD3: 61.85% 
Epoch: 65, Loss: 0.7255, Train: 83.90%, Valid: 70.53%, Test In: 71.13% Test OOD1: 64.25% Test OOD2: 51.52% Test OOD3: 61.87% 
Epoch: 66, Loss: 0.7274, Train: 83.81%, Valid: 70.45%, Test In: 71.08% Test OOD1: 64.11% Test OOD2: 51.29% Test OOD3: 61.77% 
Epoch: 67, Loss: 0.7085, Train: 84.04%, Valid: 70.43%, Test In: 71.10% Test OOD1: 63.91% Test OOD2: 51.27% Test OOD3: 61.68% 
Epoch: 68, Loss: 0.7087, Train: 84.45%, Valid: 70.43%, Test In: 71.14% Test OOD1: 64.11% Test OOD2: 51.44% Test OOD3: 61.77% 
Epoch: 69, Loss: 0.7064, Train: 84.50%, Valid: 70.41%, Test In: 71.11% Test OOD1: 64.04% Test OOD2: 51.21% Test OOD3: 61.71% 
Epoch: 70, Loss: 0.6928, Train: 84.92%, Valid: 70.43%, Test In: 71.10% Test OOD1: 63.74% Test OOD2: 51.17% Test OOD3: 61.54% 
Epoch: 71, Loss: 0.6850, Train: 85.11%, Valid: 70.30%, Test In: 71.00% Test OOD1: 63.78% Test OOD2: 51.35% Test OOD3: 61.58% 
Epoch: 72, Loss: 0.6947, Train: 85.19%, Valid: 70.47%, Test In: 71.03% Test OOD1: 64.02% Test OOD2: 51.06% Test OOD3: 61.58% 
Epoch: 73, Loss: 0.6934, Train: 85.86%, Valid: 70.34%, Test In: 70.94% Test OOD1: 63.33% Test OOD2: 51.10% Test OOD3: 61.34% 
Epoch: 74, Loss: 0.6761, Train: 86.09%, Valid: 70.37%, Test In: 70.97% Test OOD1: 64.00% Test OOD2: 51.18% Test OOD3: 61.69% 
Epoch: 75, Loss: 0.6691, Train: 86.38%, Valid: 70.44%, Test In: 70.96% Test OOD1: 63.79% Test OOD2: 50.99% Test OOD3: 61.59% 
Epoch: 76, Loss: 0.6594, Train: 86.79%, Valid: 70.40%, Test In: 70.93% Test OOD1: 63.54% Test OOD2: 51.03% Test OOD3: 61.51% 
Epoch: 77, Loss: 0.6539, Train: 86.91%, Valid: 70.43%, Test In: 71.00% Test OOD1: 64.13% Test OOD2: 51.06% Test OOD3: 61.78% 
Epoch: 78, Loss: 0.6497, Train: 87.42%, Valid: 70.45%, Test In: 70.95% Test OOD1: 63.36% Test OOD2: 50.96% Test OOD3: 61.39% 
Epoch: 79, Loss: 0.6441, Train: 87.48%, Valid: 70.36%, Test In: 70.92% Test OOD1: 63.87% Test OOD2: 51.00% Test OOD3: 61.55% 
Epoch: 80, Loss: 0.6403, Train: 88.28%, Valid: 70.45%, Test In: 70.98% Test OOD1: 63.48% Test OOD2: 51.02% Test OOD3: 61.39% 
Epoch: 81, Loss: 0.6403, Train: 88.03%, Valid: 70.35%, Test In: 70.93% Test OOD1: 63.47% Test OOD2: 50.91% Test OOD3: 61.29% 
Epoch: 82, Loss: 0.6272, Train: 88.45%, Valid: 70.32%, Test In: 70.96% Test OOD1: 63.89% Test OOD2: 51.00% Test OOD3: 61.50% 
Epoch: 83, Loss: 0.6226, Train: 89.15%, Valid: 70.25%, Test In: 70.87% Test OOD1: 63.01% Test OOD2: 51.03% Test OOD3: 61.04% 
Epoch: 84, Loss: 0.6133, Train: 89.16%, Valid: 70.23%, Test In: 70.89% Test OOD1: 63.63% Test OOD2: 50.94% Test OOD3: 61.31% 
Epoch: 85, Loss: 0.5994, Train: 89.63%, Valid: 70.19%, Test In: 70.85% Test OOD1: 63.70% Test OOD2: 50.98% Test OOD3: 61.33% 
Epoch: 86, Loss: 0.5995, Train: 90.06%, Valid: 70.16%, Test In: 70.79% Test OOD1: 62.97% Test OOD2: 50.96% Test OOD3: 60.96% 
Epoch: 87, Loss: 0.5992, Train: 90.45%, Valid: 70.18%, Test In: 70.85% Test OOD1: 63.52% Test OOD2: 50.96% Test OOD3: 61.26% 
Epoch: 88, Loss: 0.5863, Train: 90.67%, Valid: 70.20%, Test In: 70.88% Test OOD1: 63.42% Test OOD2: 50.92% Test OOD3: 61.25% 
Epoch: 89, Loss: 0.5690, Train: 91.07%, Valid: 70.19%, Test In: 70.83% Test OOD1: 63.03% Test OOD2: 50.97% Test OOD3: 61.11% 
Epoch: 90, Loss: 0.5725, Train: 91.53%, Valid: 70.15%, Test In: 70.82% Test OOD1: 63.43% Test OOD2: 51.12% Test OOD3: 61.29% 
Epoch: 91, Loss: 0.5740, Train: 90.73%, Valid: 70.16%, Test In: 70.71% Test OOD1: 63.84% Test OOD2: 50.95% Test OOD3: 61.38% 
Epoch: 92, Loss: 0.6022, Train: 92.11%, Valid: 70.01%, Test In: 70.55% Test OOD1: 62.52% Test OOD2: 51.25% Test OOD3: 60.73% 
Epoch: 93, Loss: 0.6437, Train: 90.97%, Valid: 70.18%, Test In: 70.69% Test OOD1: 64.01% Test OOD2: 51.10% Test OOD3: 61.48% 
Epoch: 94, Loss: 0.5942, Train: 91.03%, Valid: 70.22%, Test In: 70.69% Test OOD1: 63.75% Test OOD2: 51.02% Test OOD3: 61.38% 
Epoch: 95, Loss: 0.6018, Train: 92.66%, Valid: 70.27%, Test In: 70.72% Test OOD1: 62.97% Test OOD2: 51.30% Test OOD3: 61.14% 
Epoch: 96, Loss: 0.5502, Train: 92.70%, Valid: 70.25%, Test In: 70.67% Test OOD1: 63.14% Test OOD2: 51.44% Test OOD3: 61.26% 
Epoch: 97, Loss: 0.5868, Train: 92.41%, Valid: 70.36%, Test In: 70.67% Test OOD1: 63.32% Test OOD2: 51.20% Test OOD3: 61.28% 
Epoch: 98, Loss: 0.5399, Train: 92.14%, Valid: 70.31%, Test In: 70.64% Test OOD1: 63.58% Test OOD2: 51.28% Test OOD3: 61.39% 
Epoch: 99, Loss: 0.5644, Train: 92.55%, Valid: 70.32%, Test In: 70.63% Test OOD1: 63.59% Test OOD2: 51.27% Test OOD3: 61.37% 
Epoch: 100, Loss: 0.5329, Train: 93.24%, Valid: 70.25%, Test In: 70.52% Test OOD1: 63.03% Test OOD2: 51.27% Test OOD3: 61.03% 
Epoch: 101, Loss: 0.5306, Train: 93.58%, Valid: 70.15%, Test In: 70.41% Test OOD1: 63.28% Test OOD2: 51.43% Test OOD3: 61.12% 
Epoch: 102, Loss: 0.5524, Train: 93.68%, Valid: 70.13%, Test In: 70.41% Test OOD1: 63.31% Test OOD2: 51.35% Test OOD3: 61.10% 
Epoch: 103, Loss: 0.5135, Train: 93.54%, Valid: 70.06%, Test In: 70.39% Test OOD1: 63.40% Test OOD2: 51.34% Test OOD3: 61.14% 
Epoch: 104, Loss: 0.5146, Train: 93.44%, Valid: 70.01%, Test In: 70.39% Test OOD1: 63.68% Test OOD2: 51.42% Test OOD3: 61.29% 
Epoch: 105, Loss: 0.5266, Train: 94.02%, Valid: 69.95%, Test In: 70.31% Test OOD1: 63.34% Test OOD2: 51.42% Test OOD3: 61.10% 
Epoch: 106, Loss: 0.5025, Train: 94.53%, Valid: 69.84%, Test In: 70.22% Test OOD1: 63.06% Test OOD2: 51.56% Test OOD3: 61.04% 
Epoch: 107, Loss: 0.4990, Train: 94.51%, Valid: 69.78%, Test In: 70.19% Test OOD1: 63.33% Test OOD2: 51.51% Test OOD3: 61.14% 
Epoch: 108, Loss: 0.5059, Train: 94.92%, Valid: 69.73%, Test In: 70.07% Test OOD1: 62.99% Test OOD2: 51.46% Test OOD3: 60.93% 
Epoch: 109, Loss: 0.4882, Train: 94.76%, Valid: 69.81%, Test In: 70.05% Test OOD1: 63.52% Test OOD2: 51.32% Test OOD3: 61.06% 
Epoch: 110, Loss: 0.4834, Train: 95.03%, Valid: 69.81%, Test In: 69.95% Test OOD1: 63.33% Test OOD2: 51.26% Test OOD3: 60.86% 
Epoch: 111, Loss: 0.4848, Train: 95.38%, Valid: 69.80%, Test In: 69.91% Test OOD1: 63.16% Test OOD2: 51.29% Test OOD3: 60.74% 
Epoch: 112, Loss: 0.4714, Train: 95.53%, Valid: 69.77%, Test In: 69.94% Test OOD1: 63.13% Test OOD2: 51.41% Test OOD3: 60.77% 
Epoch: 113, Loss: 0.4700, Train: 95.91%, Valid: 69.73%, Test In: 69.92% Test OOD1: 62.56% Test OOD2: 51.44% Test OOD3: 60.57% 
Epoch: 114, Loss: 0.4737, Train: 95.76%, Valid: 69.76%, Test In: 70.01% Test OOD1: 63.20% Test OOD2: 51.49% Test OOD3: 60.97% 
Epoch: 115, Loss: 0.4639, Train: 96.24%, Valid: 69.79%, Test In: 69.97% Test OOD1: 62.75% Test OOD2: 51.55% Test OOD3: 60.84% 
Epoch: 116, Loss: 0.4602, Train: 96.09%, Valid: 69.75%, Test In: 69.98% Test OOD1: 63.29% Test OOD2: 51.45% Test OOD3: 61.10% 
Epoch: 117, Loss: 0.4882, Train: 96.54%, Valid: 69.56%, Test In: 69.82% Test OOD1: 62.76% Test OOD2: 51.66% Test OOD3: 60.97% 
Epoch: 118, Loss: 0.5010, Train: 96.49%, Valid: 69.66%, Test In: 69.92% Test OOD1: 62.97% Test OOD2: 51.53% Test OOD3: 61.00% 
Epoch: 119, Loss: 0.4477, Train: 96.52%, Valid: 69.65%, Test In: 69.86% Test OOD1: 63.26% Test OOD2: 51.45% Test OOD3: 61.12% 
Epoch: 120, Loss: 0.4625, Train: 96.97%, Valid: 69.65%, Test In: 69.76% Test OOD1: 62.81% Test OOD2: 51.52% Test OOD3: 60.89% 
Epoch: 121, Loss: 0.4407, Train: 97.23%, Valid: 69.60%, Test In: 69.62% Test OOD1: 62.66% Test OOD2: 51.49% Test OOD3: 60.71% 
Epoch: 122, Loss: 0.4402, Train: 97.19%, Valid: 69.56%, Test In: 69.62% Test OOD1: 63.01% Test OOD2: 51.45% Test OOD3: 60.79% 
Epoch: 123, Loss: 0.4312, Train: 97.37%, Valid: 69.51%, Test In: 69.55% Test OOD1: 62.92% Test OOD2: 51.49% Test OOD3: 60.71% 
Epoch: 124, Loss: 0.4318, Train: 97.52%, Valid: 69.46%, Test In: 69.53% Test OOD1: 62.78% Test OOD2: 51.60% Test OOD3: 60.69% 
Epoch: 125, Loss: 0.4240, Train: 97.54%, Valid: 69.45%, Test In: 69.57% Test OOD1: 62.90% Test OOD2: 51.66% Test OOD3: 60.81% 
Epoch: 126, Loss: 0.4270, Train: 97.70%, Valid: 69.44%, Test In: 69.64% Test OOD1: 62.84% Test OOD2: 51.65% Test OOD3: 60.79% 
Epoch: 127, Loss: 0.4158, Train: 97.72%, Valid: 69.41%, Test In: 69.64% Test OOD1: 63.07% Test OOD2: 51.70% Test OOD3: 60.97% 
Epoch: 128, Loss: 0.4190, Train: 97.97%, Valid: 69.33%, Test In: 69.60% Test OOD1: 62.79% Test OOD2: 51.79% Test OOD3: 60.90% 
Epoch: 129, Loss: 0.4077, Train: 98.03%, Valid: 69.32%, Test In: 69.57% Test OOD1: 62.93% Test OOD2: 51.80% Test OOD3: 61.00% 
Epoch: 130, Loss: 0.4049, Train: 98.12%, Valid: 69.33%, Test In: 69.60% Test OOD1: 62.95% Test OOD2: 51.73% Test OOD3: 60.96% 
Epoch: 131, Loss: 0.3924, Train: 98.12%, Valid: 69.36%, Test In: 69.63% Test OOD1: 63.16% Test OOD2: 51.64% Test OOD3: 61.02% 
Epoch: 132, Loss: 0.4026, Train: 98.25%, Valid: 69.39%, Test In: 69.65% Test OOD1: 63.09% Test OOD2: 51.66% Test OOD3: 60.93% 
Epoch: 133, Loss: 0.3934, Train: 98.33%, Valid: 69.41%, Test In: 69.62% Test OOD1: 63.07% Test OOD2: 51.63% Test OOD3: 60.85% 
Epoch: 134, Loss: 0.3899, Train: 98.44%, Valid: 69.40%, Test In: 69.59% Test OOD1: 63.00% Test OOD2: 51.57% Test OOD3: 60.69% 
Epoch: 135, Loss: 0.3835, Train: 98.56%, Valid: 69.39%, Test In: 69.60% Test OOD1: 62.85% Test OOD2: 51.53% Test OOD3: 60.58% 
Epoch: 136, Loss: 0.3799, Train: 98.60%, Valid: 69.39%, Test In: 69.65% Test OOD1: 62.90% Test OOD2: 51.52% Test OOD3: 60.61% 
Epoch: 137, Loss: 0.3798, Train: 98.74%, Valid: 69.33%, Test In: 69.66% Test OOD1: 62.52% Test OOD2: 51.57% Test OOD3: 60.46% 
Epoch: 138, Loss: 0.3798, Train: 98.60%, Valid: 69.36%, Test In: 69.65% Test OOD1: 63.02% Test OOD2: 51.48% Test OOD3: 60.77% 
Epoch: 139, Loss: 0.3827, Train: 98.83%, Valid: 69.35%, Test In: 69.63% Test OOD1: 62.49% Test OOD2: 51.53% Test OOD3: 60.56% 
Epoch: 140, Loss: 0.3804, Train: 98.71%, Valid: 69.41%, Test In: 69.60% Test OOD1: 63.07% Test OOD2: 51.48% Test OOD3: 60.86% 
Epoch: 141, Loss: 0.3887, Train: 98.96%, Valid: 69.39%, Test In: 69.52% Test OOD1: 62.74% Test OOD2: 51.46% Test OOD3: 60.71% 
Epoch: 142, Loss: 0.3619, Train: 99.00%, Valid: 69.37%, Test In: 69.47% Test OOD1: 62.87% Test OOD2: 51.41% Test OOD3: 60.77% 
Epoch: 143, Loss: 0.3560, Train: 99.01%, Valid: 69.37%, Test In: 69.41% Test OOD1: 62.94% Test OOD2: 51.41% Test OOD3: 60.79% 
Epoch: 144, Loss: 0.3556, Train: 99.13%, Valid: 69.31%, Test In: 69.32% Test OOD1: 62.71% Test OOD2: 51.40% Test OOD3: 60.61% 
Epoch: 145, Loss: 0.3500, Train: 99.15%, Valid: 69.30%, Test In: 69.24% Test OOD1: 62.74% Test OOD2: 51.39% Test OOD3: 60.56% 
Epoch: 146, Loss: 0.3427, Train: 99.23%, Valid: 69.30%, Test In: 69.18% Test OOD1: 62.55% Test OOD2: 51.42% Test OOD3: 60.48% 
Epoch: 147, Loss: 0.3441, Train: 99.26%, Valid: 69.30%, Test In: 69.15% Test OOD1: 62.60% Test OOD2: 51.38% Test OOD3: 60.52% 
Epoch: 148, Loss: 0.3389, Train: 99.28%, Valid: 69.32%, Test In: 69.16% Test OOD1: 62.67% Test OOD2: 51.34% Test OOD3: 60.60% 
Epoch: 149, Loss: 0.3324, Train: 99.31%, Valid: 69.34%, Test In: 69.18% Test OOD1: 62.65% Test OOD2: 51.34% Test OOD3: 60.61% 
Epoch: 150, Loss: 0.3293, Train: 99.32%, Valid: 69.32%, Test In: 69.18% Test OOD1: 62.81% Test OOD2: 51.34% Test OOD3: 60.69% 
Epoch: 151, Loss: 0.3241, Train: 99.39%, Valid: 69.29%, Test In: 69.21% Test OOD1: 62.76% Test OOD2: 51.41% Test OOD3: 60.71% 
Epoch: 152, Loss: 0.3208, Train: 99.43%, Valid: 69.26%, Test In: 69.19% Test OOD1: 62.68% Test OOD2: 51.46% Test OOD3: 60.67% 
Epoch: 153, Loss: 0.3223, Train: 99.47%, Valid: 69.24%, Test In: 69.17% Test OOD1: 62.62% Test OOD2: 51.43% Test OOD3: 60.65% 
Epoch: 154, Loss: 0.3195, Train: 99.54%, Valid: 69.24%, Test In: 69.14% Test OOD1: 62.36% Test OOD2: 51.47% Test OOD3: 60.59% 
Epoch: 155, Loss: 0.3142, Train: 99.55%, Valid: 69.25%, Test In: 69.11% Test OOD1: 62.48% Test OOD2: 51.37% Test OOD3: 60.64% 
Epoch: 156, Loss: 0.3148, Train: 99.56%, Valid: 69.32%, Test In: 69.07% Test OOD1: 62.55% Test OOD2: 51.35% Test OOD3: 60.72% 
Epoch: 157, Loss: 0.3151, Train: 99.58%, Valid: 69.29%, Test In: 69.04% Test OOD1: 62.65% Test OOD2: 51.23% Test OOD3: 60.73% 
Epoch: 158, Loss: 0.3239, Train: 99.60%, Valid: 69.35%, Test In: 69.00% Test OOD1: 62.68% Test OOD2: 51.28% Test OOD3: 60.80% 
Epoch: 159, Loss: 0.3342, Train: 99.63%, Valid: 69.27%, Test In: 69.02% Test OOD1: 62.48% Test OOD2: 51.24% Test OOD3: 60.69% 
Epoch: 160, Loss: 0.3276, Train: 99.67%, Valid: 69.32%, Test In: 69.07% Test OOD1: 62.55% Test OOD2: 51.27% Test OOD3: 60.81% 
Epoch: 161, Loss: 0.3064, Train: 99.69%, Valid: 69.28%, Test In: 69.11% Test OOD1: 62.33% Test OOD2: 51.27% Test OOD3: 60.70% 
Epoch: 162, Loss: 0.2995, Train: 99.68%, Valid: 69.20%, Test In: 69.08% Test OOD1: 62.60% Test OOD2: 51.22% Test OOD3: 60.70% 
Epoch: 163, Loss: 0.3030, Train: 99.71%, Valid: 69.15%, Test In: 69.02% Test OOD1: 62.40% Test OOD2: 51.28% Test OOD3: 60.63% 
Epoch: 164, Loss: 0.2924, Train: 99.73%, Valid: 69.07%, Test In: 68.94% Test OOD1: 62.32% Test OOD2: 51.28% Test OOD3: 60.52% 
Epoch: 165, Loss: 0.2920, Train: 99.71%, Valid: 69.00%, Test In: 68.81% Test OOD1: 62.65% Test OOD2: 51.24% Test OOD3: 60.57% 
Epoch: 166, Loss: 0.3071, Train: 99.77%, Valid: 68.97%, Test In: 68.77% Test OOD1: 62.06% Test OOD2: 51.40% Test OOD3: 60.36% 
Epoch: 167, Loss: 0.2973, Train: 99.77%, Valid: 69.00%, Test In: 68.76% Test OOD1: 62.49% Test OOD2: 51.38% Test OOD3: 60.47% 
Epoch: 168, Loss: 0.2777, Train: 99.77%, Valid: 68.96%, Test In: 68.77% Test OOD1: 62.63% Test OOD2: 51.37% Test OOD3: 60.50% 
Epoch: 169, Loss: 0.2982, Train: 99.80%, Valid: 69.01%, Test In: 68.82% Test OOD1: 62.35% Test OOD2: 51.40% Test OOD3: 60.55% 
Epoch: 170, Loss: 0.2875, Train: 99.76%, Valid: 69.01%, Test In: 68.82% Test OOD1: 62.80% Test OOD2: 51.32% Test OOD3: 60.83% 
Epoch: 171, Loss: 0.2815, Train: 99.82%, Valid: 68.96%, Test In: 68.87% Test OOD1: 62.61% Test OOD2: 51.32% Test OOD3: 60.73% 
Epoch: 172, Loss: 0.2880, Train: 99.85%, Valid: 68.97%, Test In: 68.89% Test OOD1: 62.22% Test OOD2: 51.35% Test OOD3: 60.68% 
Epoch: 173, Loss: 0.2748, Train: 99.84%, Valid: 68.98%, Test In: 68.87% Test OOD1: 62.47% Test OOD2: 51.29% Test OOD3: 60.78% 
Epoch: 174, Loss: 0.2740, Train: 99.85%, Valid: 68.95%, Test In: 68.92% Test OOD1: 62.34% Test OOD2: 51.31% Test OOD3: 60.66% 
Epoch: 175, Loss: 0.2756, Train: 99.86%, Valid: 69.01%, Test In: 68.98% Test OOD1: 62.46% Test OOD2: 51.28% Test OOD3: 60.83% 
Epoch: 176, Loss: 0.2623, Train: 99.85%, Valid: 68.98%, Test In: 68.95% Test OOD1: 62.59% Test OOD2: 51.23% Test OOD3: 60.89% 
Epoch: 177, Loss: 0.2667, Train: 99.87%, Valid: 68.90%, Test In: 69.00% Test OOD1: 62.14% Test OOD2: 51.22% Test OOD3: 60.60% 
Epoch: 178, Loss: 0.2766, Train: 99.86%, Valid: 69.00%, Test In: 69.01% Test OOD1: 62.51% Test OOD2: 51.22% Test OOD3: 60.84% 
Epoch: 179, Loss: 0.2702, Train: 99.88%, Valid: 69.01%, Test In: 69.11% Test OOD1: 62.02% Test OOD2: 51.26% Test OOD3: 60.65% 
Epoch: 180, Loss: 0.2545, Train: 99.89%, Valid: 69.02%, Test In: 69.08% Test OOD1: 62.17% Test OOD2: 51.28% Test OOD3: 60.57% 
Epoch: 181, Loss: 0.2599, Train: 99.89%, Valid: 69.09%, Test In: 69.02% Test OOD1: 62.41% Test OOD2: 51.33% Test OOD3: 60.61% 
Epoch: 182, Loss: 0.2557, Train: 99.90%, Valid: 69.06%, Test In: 68.94% Test OOD1: 62.22% Test OOD2: 51.35% Test OOD3: 60.43% 
Epoch: 183, Loss: 0.2511, Train: 99.90%, Valid: 69.01%, Test In: 68.84% Test OOD1: 62.40% Test OOD2: 51.34% Test OOD3: 60.41% 
Epoch: 184, Loss: 0.2524, Train: 99.90%, Valid: 69.04%, Test In: 68.86% Test OOD1: 62.41% Test OOD2: 51.39% Test OOD3: 60.50% 
Epoch: 185, Loss: 0.2479, Train: 99.90%, Valid: 69.06%, Test In: 68.97% Test OOD1: 62.18% Test OOD2: 51.45% Test OOD3: 60.48% 
Epoch: 186, Loss: 0.2483, Train: 99.90%, Valid: 69.07%, Test In: 68.96% Test OOD1: 62.50% Test OOD2: 51.44% Test OOD3: 60.64% 
Epoch: 187, Loss: 0.2488, Train: 99.91%, Valid: 69.06%, Test In: 68.97% Test OOD1: 62.19% Test OOD2: 51.52% Test OOD3: 60.58% 
Epoch: 188, Loss: 0.2421, Train: 99.91%, Valid: 69.01%, Test In: 68.86% Test OOD1: 62.16% Test OOD2: 51.52% Test OOD3: 60.45% 
Epoch: 189, Loss: 0.2469, Train: 99.92%, Valid: 68.97%, Test In: 68.66% Test OOD1: 62.40% Test OOD2: 51.49% Test OOD3: 60.39% 
Epoch: 190, Loss: 0.2404, Train: 99.93%, Valid: 68.98%, Test In: 68.59% Test OOD1: 62.09% Test OOD2: 51.55% Test OOD3: 60.19% 
Epoch: 191, Loss: 0.2435, Train: 99.93%, Valid: 68.98%, Test In: 68.55% Test OOD1: 62.41% Test OOD2: 51.50% Test OOD3: 60.24% 
Epoch: 192, Loss: 0.2339, Train: 99.94%, Valid: 68.96%, Test In: 68.56% Test OOD1: 62.39% Test OOD2: 51.53% Test OOD3: 60.22% 
Epoch: 193, Loss: 0.2393, Train: 99.94%, Valid: 68.87%, Test In: 68.62% Test OOD1: 61.91% Test OOD2: 51.65% Test OOD3: 60.10% 
Epoch: 194, Loss: 0.2421, Train: 99.95%, Valid: 68.91%, Test In: 68.74% Test OOD1: 62.48% Test OOD2: 51.59% Test OOD3: 60.48% 
Epoch: 195, Loss: 0.2381, Train: 99.95%, Valid: 68.95%, Test In: 68.86% Test OOD1: 62.46% Test OOD2: 51.63% Test OOD3: 60.65% 
Epoch: 196, Loss: 0.2330, Train: 99.95%, Valid: 68.95%, Test In: 68.88% Test OOD1: 62.35% Test OOD2: 51.67% Test OOD3: 60.67% 
Epoch: 197, Loss: 0.2285, Train: 99.95%, Valid: 68.92%, Test In: 68.81% Test OOD1: 62.67% Test OOD2: 51.61% Test OOD3: 60.71% 
Epoch: 198, Loss: 0.2299, Train: 99.96%, Valid: 68.87%, Test In: 68.80% Test OOD1: 62.20% Test OOD2: 51.65% Test OOD3: 60.46% 
Epoch: 199, Loss: 0.2264, Train: 99.97%, Valid: 68.81%, Test In: 68.76% Test OOD1: 62.18% Test OOD2: 51.68% Test OOD3: 60.31% 
Run 02:
Highest Train: 99.97
Highest Valid: 70.74
Highest In Test: 71.34
Highest OOD Test: 66.05
Highest OOD Test: 52.91
Highest OOD Test: 63.38
Chosen epoch: 34
Final Train: 77.43
Final In Test: 71.34
Final OOD Test: 65.62
Final OOD Test: 52.76
Final OOD Test: 63.07
Epoch: 00, Loss: 1.0384, Train: 66.16%, Valid: 62.51%, Test In: 63.41% Test OOD1: 58.29% Test OOD2: 52.28% Test OOD3: 57.83% 
Epoch: 01, Loss: 1.0354, Train: 65.97%, Valid: 62.18%, Test In: 63.41% Test OOD1: 56.75% Test OOD2: 52.74% Test OOD3: 57.76% 
Epoch: 02, Loss: 1.0321, Train: 61.15%, Valid: 57.96%, Test In: 59.20% Test OOD1: 51.18% Test OOD2: 52.37% Test OOD3: 54.49% 
Epoch: 03, Loss: 1.0277, Train: 56.84%, Valid: 54.36%, Test In: 55.76% Test OOD1: 48.03% Test OOD2: 51.93% Test OOD3: 52.04% 
Epoch: 04, Loss: 1.0218, Train: 53.91%, Valid: 51.95%, Test In: 53.37% Test OOD1: 46.17% Test OOD2: 51.54% Test OOD3: 50.48% 
Epoch: 05, Loss: 1.0154, Train: 53.83%, Valid: 51.88%, Test In: 53.29% Test OOD1: 46.03% Test OOD2: 51.51% Test OOD3: 50.40% 
Epoch: 06, Loss: 1.0089, Train: 58.07%, Valid: 55.34%, Test In: 56.74% Test OOD1: 48.42% Test OOD2: 51.96% Test OOD3: 52.47% 
Epoch: 07, Loss: 1.0038, Train: 68.02%, Valid: 63.87%, Test In: 64.99% Test OOD1: 57.46% Test OOD2: 52.87% Test OOD3: 59.01% 
Epoch: 08, Loss: 0.9995, Train: 69.67%, Valid: 65.93%, Test In: 66.68% Test OOD1: 63.74% Test OOD2: 51.76% Test OOD3: 61.06% 
Epoch: 09, Loss: 0.9953, Train: 66.93%, Valid: 64.21%, Test In: 64.18% Test OOD1: 62.99% Test OOD2: 51.24% Test OOD3: 59.92% 
Epoch: 10, Loss: 0.9881, Train: 65.76%, Valid: 63.41%, Test In: 63.15% Test OOD1: 62.59% Test OOD2: 51.05% Test OOD3: 59.39% 
Epoch: 11, Loss: 0.9813, Train: 65.29%, Valid: 63.06%, Test In: 62.75% Test OOD1: 62.43% Test OOD2: 50.98% Test OOD3: 59.20% 
Epoch: 12, Loss: 0.9763, Train: 65.15%, Valid: 62.95%, Test In: 62.64% Test OOD1: 62.39% Test OOD2: 50.95% Test OOD3: 59.16% 
Epoch: 13, Loss: 0.9723, Train: 65.25%, Valid: 63.03%, Test In: 62.73% Test OOD1: 62.45% Test OOD2: 50.97% Test OOD3: 59.24% 
Epoch: 14, Loss: 0.9680, Train: 65.59%, Valid: 63.28%, Test In: 63.02% Test OOD1: 62.62% Test OOD2: 51.02% Test OOD3: 59.45% 
Epoch: 15, Loss: 0.9623, Train: 66.18%, Valid: 63.72%, Test In: 63.54% Test OOD1: 62.90% Test OOD2: 51.11% Test OOD3: 59.76% 
Epoch: 16, Loss: 0.9556, Train: 66.98%, Valid: 64.29%, Test In: 64.26% Test OOD1: 63.26% Test OOD2: 51.21% Test OOD3: 60.14% 
Epoch: 17, Loss: 0.9499, Train: 67.97%, Valid: 65.03%, Test In: 65.16% Test OOD1: 63.72% Test OOD2: 51.30% Test OOD3: 60.58% 
Epoch: 18, Loss: 0.9443, Train: 69.46%, Valid: 66.16%, Test In: 66.50% Test OOD1: 64.36% Test OOD2: 51.47% Test OOD3: 61.22% 
Epoch: 19, Loss: 0.9364, Train: 70.46%, Valid: 66.96%, Test In: 67.38% Test OOD1: 64.84% Test OOD2: 51.59% Test OOD3: 61.72% 
Epoch: 20, Loss: 0.9311, Train: 72.20%, Valid: 68.23%, Test In: 68.78% Test OOD1: 65.36% Test OOD2: 51.92% Test OOD3: 62.48% 
Epoch: 21, Loss: 0.9222, Train: 72.70%, Valid: 68.63%, Test In: 69.21% Test OOD1: 65.64% Test OOD2: 51.98% Test OOD3: 62.74% 
Epoch: 22, Loss: 0.9171, Train: 73.79%, Valid: 69.36%, Test In: 70.05% Test OOD1: 65.67% Test OOD2: 52.21% Test OOD3: 63.16% 
Epoch: 23, Loss: 0.9089, Train: 74.32%, Valid: 69.68%, Test In: 70.44% Test OOD1: 65.74% Test OOD2: 52.30% Test OOD3: 63.32% 
Epoch: 24, Loss: 0.9029, Train: 74.78%, Valid: 69.93%, Test In: 70.74% Test OOD1: 65.80% Test OOD2: 52.35% Test OOD3: 63.40% 
Epoch: 25, Loss: 0.8990, Train: 75.50%, Valid: 70.22%, Test In: 71.11% Test OOD1: 65.26% Test OOD2: 52.55% Test OOD3: 63.43% 
Epoch: 26, Loss: 0.9002, Train: 75.19%, Valid: 69.98%, Test In: 70.80% Test OOD1: 66.19% Test OOD2: 52.34% Test OOD3: 63.41% 
Epoch: 27, Loss: 0.8980, Train: 75.96%, Valid: 70.35%, Test In: 71.18% Test OOD1: 65.66% Test OOD2: 52.57% Test OOD3: 63.40% 
Epoch: 28, Loss: 0.8837, Train: 76.39%, Valid: 70.40%, Test In: 71.22% Test OOD1: 65.07% Test OOD2: 52.77% Test OOD3: 63.20% 
Epoch: 29, Loss: 0.8824, Train: 76.52%, Valid: 70.49%, Test In: 71.23% Test OOD1: 65.90% Test OOD2: 52.54% Test OOD3: 63.33% 
Epoch: 30, Loss: 0.8712, Train: 76.29%, Valid: 70.11%, Test In: 70.84% Test OOD1: 66.08% Test OOD2: 52.51% Test OOD3: 63.23% 
Epoch: 31, Loss: 0.8682, Train: 76.96%, Valid: 70.41%, Test In: 71.13% Test OOD1: 65.87% Test OOD2: 52.51% Test OOD3: 63.16% 
Epoch: 32, Loss: 0.8583, Train: 77.35%, Valid: 70.44%, Test In: 71.10% Test OOD1: 65.47% Test OOD2: 52.62% Test OOD3: 62.98% 
Epoch: 33, Loss: 0.8589, Train: 77.33%, Valid: 70.29%, Test In: 70.92% Test OOD1: 65.66% Test OOD2: 52.54% Test OOD3: 62.92% 
Epoch: 34, Loss: 0.8462, Train: 77.42%, Valid: 70.32%, Test In: 70.91% Test OOD1: 66.16% Test OOD2: 52.28% Test OOD3: 62.95% 
Epoch: 35, Loss: 0.8420, Train: 77.44%, Valid: 70.13%, Test In: 70.73% Test OOD1: 66.10% Test OOD2: 52.24% Test OOD3: 62.82% 
Epoch: 36, Loss: 0.8411, Train: 77.96%, Valid: 70.31%, Test In: 70.85% Test OOD1: 65.96% Test OOD2: 52.25% Test OOD3: 62.71% 
Epoch: 37, Loss: 0.8304, Train: 78.10%, Valid: 70.19%, Test In: 70.75% Test OOD1: 65.49% Test OOD2: 52.24% Test OOD3: 62.47% 
Epoch: 38, Loss: 0.8249, Train: 78.34%, Valid: 70.26%, Test In: 70.76% Test OOD1: 65.97% Test OOD2: 52.09% Test OOD3: 62.53% 
Epoch: 39, Loss: 0.8237, Train: 78.11%, Valid: 69.99%, Test In: 70.54% Test OOD1: 65.73% Test OOD2: 51.97% Test OOD3: 62.32% 
Epoch: 40, Loss: 0.8163, Train: 78.27%, Valid: 69.97%, Test In: 70.51% Test OOD1: 65.68% Test OOD2: 51.94% Test OOD3: 62.23% 
Epoch: 41, Loss: 0.8102, Train: 78.85%, Valid: 70.16%, Test In: 70.66% Test OOD1: 65.51% Test OOD2: 51.93% Test OOD3: 62.16% 
Epoch: 42, Loss: 0.8059, Train: 78.76%, Valid: 70.09%, Test In: 70.68% Test OOD1: 64.49% Test OOD2: 52.15% Test OOD3: 61.75% 
Epoch: 43, Loss: 0.8136, Train: 79.22%, Valid: 70.31%, Test In: 70.78% Test OOD1: 65.61% Test OOD2: 51.89% Test OOD3: 62.30% 
Epoch: 44, Loss: 0.8209, Train: 79.25%, Valid: 70.19%, Test In: 70.76% Test OOD1: 64.90% Test OOD2: 51.82% Test OOD3: 61.98% 
Epoch: 45, Loss: 0.7989, Train: 78.92%, Valid: 70.03%, Test In: 70.77% Test OOD1: 64.38% Test OOD2: 52.28% Test OOD3: 61.81% 
Epoch: 46, Loss: 0.8219, Train: 79.77%, Valid: 70.35%, Test In: 71.00% Test OOD1: 65.00% Test OOD2: 51.95% Test OOD3: 62.08% 
Epoch: 47, Loss: 0.7868, Train: 79.83%, Valid: 70.54%, Test In: 71.01% Test OOD1: 64.82% Test OOD2: 51.75% Test OOD3: 62.15% 
Epoch: 48, Loss: 0.8102, Train: 79.97%, Valid: 70.42%, Test In: 71.04% Test OOD1: 65.15% Test OOD2: 51.79% Test OOD3: 62.22% 
Epoch: 49, Loss: 0.7829, Train: 79.70%, Valid: 70.24%, Test In: 71.06% Test OOD1: 64.77% Test OOD2: 52.06% Test OOD3: 62.12% 
Epoch: 50, Loss: 0.7880, Train: 79.98%, Valid: 70.35%, Test In: 71.11% Test OOD1: 64.25% Test OOD2: 51.94% Test OOD3: 61.97% 
Epoch: 51, Loss: 0.7869, Train: 80.56%, Valid: 70.50%, Test In: 71.20% Test OOD1: 64.74% Test OOD2: 51.83% Test OOD3: 62.15% 
Epoch: 52, Loss: 0.7709, Train: 80.53%, Valid: 70.48%, Test In: 71.14% Test OOD1: 65.15% Test OOD2: 51.73% Test OOD3: 62.31% 
Epoch: 53, Loss: 0.7827, Train: 80.56%, Valid: 70.42%, Test In: 71.10% Test OOD1: 64.66% Test OOD2: 51.60% Test OOD3: 62.14% 
Epoch: 54, Loss: 0.7731, Train: 80.73%, Valid: 70.35%, Test In: 71.18% Test OOD1: 64.54% Test OOD2: 51.96% Test OOD3: 62.11% 
Epoch: 55, Loss: 0.7645, Train: 80.83%, Valid: 70.33%, Test In: 71.18% Test OOD1: 64.18% Test OOD2: 51.92% Test OOD3: 62.00% 
Epoch: 56, Loss: 0.7642, Train: 80.96%, Valid: 70.32%, Test In: 71.15% Test OOD1: 64.51% Test OOD2: 51.67% Test OOD3: 62.11% 
Epoch: 57, Loss: 0.7570, Train: 81.15%, Valid: 70.32%, Test In: 71.12% Test OOD1: 65.03% Test OOD2: 51.75% Test OOD3: 62.30% 
Epoch: 58, Loss: 0.7578, Train: 81.45%, Valid: 70.41%, Test In: 71.20% Test OOD1: 64.18% Test OOD2: 51.58% Test OOD3: 62.02% 
Epoch: 59, Loss: 0.7559, Train: 81.47%, Valid: 70.28%, Test In: 71.18% Test OOD1: 64.56% Test OOD2: 51.75% Test OOD3: 62.13% 
Epoch: 60, Loss: 0.7460, Train: 81.42%, Valid: 70.26%, Test In: 71.16% Test OOD1: 64.25% Test OOD2: 51.66% Test OOD3: 62.02% 
Epoch: 61, Loss: 0.7485, Train: 81.82%, Valid: 70.33%, Test In: 71.20% Test OOD1: 64.21% Test OOD2: 51.58% Test OOD3: 61.99% 
Epoch: 62, Loss: 0.7397, Train: 82.06%, Valid: 70.36%, Test In: 71.18% Test OOD1: 64.60% Test OOD2: 51.56% Test OOD3: 62.09% 
Epoch: 63, Loss: 0.7370, Train: 82.11%, Valid: 70.38%, Test In: 71.14% Test OOD1: 63.97% Test OOD2: 51.37% Test OOD3: 61.87% 
Epoch: 64, Loss: 0.7378, Train: 82.10%, Valid: 70.31%, Test In: 71.10% Test OOD1: 64.65% Test OOD2: 51.57% Test OOD3: 62.12% 
Epoch: 65, Loss: 0.7380, Train: 82.41%, Valid: 70.37%, Test In: 71.18% Test OOD1: 63.78% Test OOD2: 51.49% Test OOD3: 61.78% 
Epoch: 66, Loss: 0.7307, Train: 82.60%, Valid: 70.38%, Test In: 71.13% Test OOD1: 64.24% Test OOD2: 51.35% Test OOD3: 61.92% 
Epoch: 67, Loss: 0.7220, Train: 82.66%, Valid: 70.37%, Test In: 71.06% Test OOD1: 64.88% Test OOD2: 51.37% Test OOD3: 62.13% 
Epoch: 68, Loss: 0.7363, Train: 83.07%, Valid: 70.48%, Test In: 71.18% Test OOD1: 63.93% Test OOD2: 51.33% Test OOD3: 61.77% 
Epoch: 69, Loss: 0.7199, Train: 83.04%, Valid: 70.45%, Test In: 71.14% Test OOD1: 64.11% Test OOD2: 51.40% Test OOD3: 61.81% 
Epoch: 70, Loss: 0.7119, Train: 83.39%, Valid: 70.53%, Test In: 71.18% Test OOD1: 64.27% Test OOD2: 51.44% Test OOD3: 61.84% 
Epoch: 71, Loss: 0.7146, Train: 83.55%, Valid: 70.55%, Test In: 71.16% Test OOD1: 64.21% Test OOD2: 51.23% Test OOD3: 61.76% 
Epoch: 72, Loss: 0.7023, Train: 83.96%, Valid: 70.66%, Test In: 71.24% Test OOD1: 63.86% Test OOD2: 51.25% Test OOD3: 61.61% 
Epoch: 73, Loss: 0.7046, Train: 83.86%, Valid: 70.64%, Test In: 71.20% Test OOD1: 64.31% Test OOD2: 51.35% Test OOD3: 61.83% 
Epoch: 74, Loss: 0.7048, Train: 84.33%, Valid: 70.68%, Test In: 71.22% Test OOD1: 63.76% Test OOD2: 51.26% Test OOD3: 61.60% 
Epoch: 75, Loss: 0.6894, Train: 84.62%, Valid: 70.72%, Test In: 71.18% Test OOD1: 63.84% Test OOD2: 51.15% Test OOD3: 61.62% 
Epoch: 76, Loss: 0.6858, Train: 84.60%, Valid: 70.64%, Test In: 71.09% Test OOD1: 64.43% Test OOD2: 51.16% Test OOD3: 61.86% 
Epoch: 77, Loss: 0.6875, Train: 85.19%, Valid: 70.68%, Test In: 71.14% Test OOD1: 63.62% Test OOD2: 51.26% Test OOD3: 61.54% 
Epoch: 78, Loss: 0.6767, Train: 85.28%, Valid: 70.64%, Test In: 71.04% Test OOD1: 63.92% Test OOD2: 51.10% Test OOD3: 61.64% 
Epoch: 79, Loss: 0.6723, Train: 85.79%, Valid: 70.72%, Test In: 71.09% Test OOD1: 63.96% Test OOD2: 51.17% Test OOD3: 61.64% 
Epoch: 80, Loss: 0.6764, Train: 85.92%, Valid: 70.62%, Test In: 71.00% Test OOD1: 63.65% Test OOD2: 51.19% Test OOD3: 61.51% 
Epoch: 81, Loss: 0.6608, Train: 86.60%, Valid: 70.70%, Test In: 71.02% Test OOD1: 63.18% Test OOD2: 51.26% Test OOD3: 61.28% 
Epoch: 82, Loss: 0.6552, Train: 86.39%, Valid: 70.58%, Test In: 70.94% Test OOD1: 64.00% Test OOD2: 51.13% Test OOD3: 61.62% 
Epoch: 83, Loss: 0.6568, Train: 87.10%, Valid: 70.59%, Test In: 70.92% Test OOD1: 63.05% Test OOD2: 51.26% Test OOD3: 61.21% 
Epoch: 84, Loss: 0.6454, Train: 87.37%, Valid: 70.57%, Test In: 70.94% Test OOD1: 63.49% Test OOD2: 51.23% Test OOD3: 61.44% 
Epoch: 85, Loss: 0.6367, Train: 87.41%, Valid: 70.50%, Test In: 70.87% Test OOD1: 63.80% Test OOD2: 51.16% Test OOD3: 61.58% 
Epoch: 86, Loss: 0.6275, Train: 88.04%, Valid: 70.53%, Test In: 70.90% Test OOD1: 63.07% Test OOD2: 51.23% Test OOD3: 61.25% 
Epoch: 87, Loss: 0.6339, Train: 87.66%, Valid: 70.42%, Test In: 70.84% Test OOD1: 64.16% Test OOD2: 51.11% Test OOD3: 61.78% 
Epoch: 88, Loss: 0.6377, Train: 88.65%, Valid: 70.58%, Test In: 70.97% Test OOD1: 62.76% Test OOD2: 51.20% Test OOD3: 61.21% 
Epoch: 89, Loss: 0.6192, Train: 88.84%, Valid: 70.59%, Test In: 71.08% Test OOD1: 63.35% Test OOD2: 51.20% Test OOD3: 61.52% 
Epoch: 90, Loss: 0.6082, Train: 89.13%, Valid: 70.55%, Test In: 71.00% Test OOD1: 63.28% Test OOD2: 51.15% Test OOD3: 61.43% 
Epoch: 91, Loss: 0.5993, Train: 89.74%, Valid: 70.48%, Test In: 70.94% Test OOD1: 62.65% Test OOD2: 51.19% Test OOD3: 61.10% 
Epoch: 92, Loss: 0.5983, Train: 89.71%, Valid: 70.44%, Test In: 70.90% Test OOD1: 63.53% Test OOD2: 51.10% Test OOD3: 61.49% 
Epoch: 93, Loss: 0.5948, Train: 90.24%, Valid: 70.36%, Test In: 70.78% Test OOD1: 62.87% Test OOD2: 51.11% Test OOD3: 61.10% 
Epoch: 94, Loss: 0.5880, Train: 90.63%, Valid: 70.40%, Test In: 70.80% Test OOD1: 63.22% Test OOD2: 51.15% Test OOD3: 61.33% 
Epoch: 95, Loss: 0.5814, Train: 90.87%, Valid: 70.29%, Test In: 70.70% Test OOD1: 62.97% Test OOD2: 51.17% Test OOD3: 61.22% 
Epoch: 96, Loss: 0.5750, Train: 91.16%, Valid: 70.33%, Test In: 70.67% Test OOD1: 63.05% Test OOD2: 51.17% Test OOD3: 61.30% 
Epoch: 97, Loss: 0.5762, Train: 91.44%, Valid: 70.24%, Test In: 70.64% Test OOD1: 62.98% Test OOD2: 51.33% Test OOD3: 61.33% 
Epoch: 98, Loss: 0.5913, Train: 91.19%, Valid: 70.26%, Test In: 70.56% Test OOD1: 63.20% Test OOD2: 51.10% Test OOD3: 61.34% 
Epoch: 99, Loss: 0.5981, Train: 91.91%, Valid: 70.28%, Test In: 70.58% Test OOD1: 63.28% Test OOD2: 51.26% Test OOD3: 61.44% 
Epoch: 100, Loss: 0.5523, Train: 92.36%, Valid: 70.15%, Test In: 70.50% Test OOD1: 62.57% Test OOD2: 51.33% Test OOD3: 61.01% 
Epoch: 101, Loss: 0.5714, Train: 92.27%, Valid: 70.25%, Test In: 70.49% Test OOD1: 63.14% Test OOD2: 51.20% Test OOD3: 61.14% 
Epoch: 102, Loss: 0.5527, Train: 92.16%, Valid: 70.16%, Test In: 70.36% Test OOD1: 63.67% Test OOD2: 51.18% Test OOD3: 61.29% 
Epoch: 103, Loss: 0.5493, Train: 93.11%, Valid: 70.06%, Test In: 70.34% Test OOD1: 62.51% Test OOD2: 51.39% Test OOD3: 60.73% 
Epoch: 104, Loss: 0.5515, Train: 92.95%, Valid: 70.06%, Test In: 70.28% Test OOD1: 63.32% Test OOD2: 51.26% Test OOD3: 61.06% 
Epoch: 105, Loss: 0.5341, Train: 93.08%, Valid: 70.13%, Test In: 70.37% Test OOD1: 63.06% Test OOD2: 51.21% Test OOD3: 60.90% 
Epoch: 106, Loss: 0.5300, Train: 93.37%, Valid: 70.08%, Test In: 70.35% Test OOD1: 62.98% Test OOD2: 51.20% Test OOD3: 60.87% 
Epoch: 107, Loss: 0.5119, Train: 93.72%, Valid: 70.00%, Test In: 70.29% Test OOD1: 62.88% Test OOD2: 51.30% Test OOD3: 60.91% 
Epoch: 108, Loss: 0.5197, Train: 94.15%, Valid: 69.98%, Test In: 70.27% Test OOD1: 62.45% Test OOD2: 51.27% Test OOD3: 60.67% 
Epoch: 109, Loss: 0.5081, Train: 93.87%, Valid: 69.99%, Test In: 70.23% Test OOD1: 63.35% Test OOD2: 51.13% Test OOD3: 61.08% 
Epoch: 110, Loss: 0.5105, Train: 94.45%, Valid: 69.94%, Test In: 70.22% Test OOD1: 62.93% Test OOD2: 51.20% Test OOD3: 60.88% 
Epoch: 111, Loss: 0.4929, Train: 94.73%, Valid: 69.83%, Test In: 70.18% Test OOD1: 62.80% Test OOD2: 51.29% Test OOD3: 60.82% 
Epoch: 112, Loss: 0.4916, Train: 94.81%, Valid: 69.79%, Test In: 70.12% Test OOD1: 63.05% Test OOD2: 51.29% Test OOD3: 60.94% 
Epoch: 113, Loss: 0.4910, Train: 95.12%, Valid: 69.75%, Test In: 70.12% Test OOD1: 62.68% Test OOD2: 51.25% Test OOD3: 60.65% 
Epoch: 114, Loss: 0.4938, Train: 95.13%, Valid: 69.72%, Test In: 70.07% Test OOD1: 63.16% Test OOD2: 51.19% Test OOD3: 60.94% 
Epoch: 115, Loss: 0.4835, Train: 95.65%, Valid: 69.71%, Test In: 70.07% Test OOD1: 62.48% Test OOD2: 51.29% Test OOD3: 60.63% 
Epoch: 116, Loss: 0.4715, Train: 95.71%, Valid: 69.72%, Test In: 70.08% Test OOD1: 62.77% Test OOD2: 51.24% Test OOD3: 60.78% 
Epoch: 117, Loss: 0.4712, Train: 95.80%, Valid: 69.73%, Test In: 70.01% Test OOD1: 62.90% Test OOD2: 51.20% Test OOD3: 60.87% 
Epoch: 118, Loss: 0.4774, Train: 95.98%, Valid: 69.69%, Test In: 70.01% Test OOD1: 62.88% Test OOD2: 51.21% Test OOD3: 60.81% 
Epoch: 119, Loss: 0.4742, Train: 96.33%, Valid: 69.63%, Test In: 69.98% Test OOD1: 62.56% Test OOD2: 51.31% Test OOD3: 60.77% 
Epoch: 120, Loss: 0.4667, Train: 96.43%, Valid: 69.64%, Test In: 70.00% Test OOD1: 62.75% Test OOD2: 51.26% Test OOD3: 60.79% 
Epoch: 121, Loss: 0.4454, Train: 96.56%, Valid: 69.62%, Test In: 69.98% Test OOD1: 62.73% Test OOD2: 51.22% Test OOD3: 60.69% 
Epoch: 122, Loss: 0.4462, Train: 96.69%, Valid: 69.57%, Test In: 69.89% Test OOD1: 62.76% Test OOD2: 51.22% Test OOD3: 60.68% 
Epoch: 123, Loss: 0.4552, Train: 96.90%, Valid: 69.52%, Test In: 69.83% Test OOD1: 62.56% Test OOD2: 51.22% Test OOD3: 60.51% 
Epoch: 124, Loss: 0.4505, Train: 97.06%, Valid: 69.56%, Test In: 69.86% Test OOD1: 62.58% Test OOD2: 51.18% Test OOD3: 60.53% 
Epoch: 125, Loss: 0.4262, Train: 97.07%, Valid: 69.60%, Test In: 69.93% Test OOD1: 62.74% Test OOD2: 51.11% Test OOD3: 60.65% 
Epoch: 126, Loss: 0.4272, Train: 97.24%, Valid: 69.55%, Test In: 69.96% Test OOD1: 62.61% Test OOD2: 51.14% Test OOD3: 60.59% 
Epoch: 127, Loss: 0.4338, Train: 97.33%, Valid: 69.51%, Test In: 69.97% Test OOD1: 62.69% Test OOD2: 51.15% Test OOD3: 60.69% 
Epoch: 128, Loss: 0.4259, Train: 97.45%, Valid: 69.51%, Test In: 70.01% Test OOD1: 62.81% Test OOD2: 51.08% Test OOD3: 60.71% 
Epoch: 129, Loss: 0.4102, Train: 97.60%, Valid: 69.47%, Test In: 69.99% Test OOD1: 62.74% Test OOD2: 51.07% Test OOD3: 60.70% 
Epoch: 130, Loss: 0.4080, Train: 97.77%, Valid: 69.40%, Test In: 69.91% Test OOD1: 62.62% Test OOD2: 51.10% Test OOD3: 60.64% 
Epoch: 131, Loss: 0.4160, Train: 97.94%, Valid: 69.35%, Test In: 69.82% Test OOD1: 62.45% Test OOD2: 51.07% Test OOD3: 60.47% 
Epoch: 132, Loss: 0.4046, Train: 97.98%, Valid: 69.39%, Test In: 69.80% Test OOD1: 62.63% Test OOD2: 51.02% Test OOD3: 60.52% 
Epoch: 133, Loss: 0.4007, Train: 98.09%, Valid: 69.40%, Test In: 69.77% Test OOD1: 62.67% Test OOD2: 51.01% Test OOD3: 60.51% 
Epoch: 134, Loss: 0.3884, Train: 98.22%, Valid: 69.37%, Test In: 69.72% Test OOD1: 62.53% Test OOD2: 51.06% Test OOD3: 60.45% 
Epoch: 135, Loss: 0.3911, Train: 98.13%, Valid: 69.34%, Test In: 69.68% Test OOD1: 62.84% Test OOD2: 51.05% Test OOD3: 60.61% 
Epoch: 136, Loss: 0.3940, Train: 98.32%, Valid: 69.31%, Test In: 69.66% Test OOD1: 62.60% Test OOD2: 51.08% Test OOD3: 60.49% 
Epoch: 137, Loss: 0.3906, Train: 98.46%, Valid: 69.35%, Test In: 69.65% Test OOD1: 62.33% Test OOD2: 51.13% Test OOD3: 60.46% 
Epoch: 138, Loss: 0.3843, Train: 98.52%, Valid: 69.32%, Test In: 69.68% Test OOD1: 62.39% Test OOD2: 51.11% Test OOD3: 60.50% 
Epoch: 139, Loss: 0.3827, Train: 98.68%, Valid: 69.27%, Test In: 69.60% Test OOD1: 61.87% Test OOD2: 51.14% Test OOD3: 60.34% 
Epoch: 140, Loss: 0.3880, Train: 98.55%, Valid: 69.28%, Test In: 69.59% Test OOD1: 62.68% Test OOD2: 51.02% Test OOD3: 60.75% 
Epoch: 141, Loss: 0.3774, Train: 98.77%, Valid: 69.25%, Test In: 69.55% Test OOD1: 62.22% Test OOD2: 51.06% Test OOD3: 60.64% 
Epoch: 142, Loss: 0.3612, Train: 98.85%, Valid: 69.23%, Test In: 69.51% Test OOD1: 62.21% Test OOD2: 51.05% Test OOD3: 60.73% 
Epoch: 143, Loss: 0.3611, Train: 98.81%, Valid: 69.15%, Test In: 69.51% Test OOD1: 62.52% Test OOD2: 51.00% Test OOD3: 60.88% 
Epoch: 144, Loss: 0.3644, Train: 98.98%, Valid: 69.08%, Test In: 69.52% Test OOD1: 61.96% Test OOD2: 51.14% Test OOD3: 60.72% 
Epoch: 145, Loss: 0.3613, Train: 98.98%, Valid: 69.11%, Test In: 69.54% Test OOD1: 62.30% Test OOD2: 51.10% Test OOD3: 60.78% 
Epoch: 146, Loss: 0.3516, Train: 99.14%, Valid: 69.01%, Test In: 69.48% Test OOD1: 61.81% Test OOD2: 51.21% Test OOD3: 60.44% 
Epoch: 147, Loss: 0.3526, Train: 99.18%, Valid: 69.01%, Test In: 69.44% Test OOD1: 61.86% Test OOD2: 51.20% Test OOD3: 60.45% 
Epoch: 148, Loss: 0.3504, Train: 99.11%, Valid: 69.03%, Test In: 69.44% Test OOD1: 62.48% Test OOD2: 51.06% Test OOD3: 60.64% 
Epoch: 149, Loss: 0.3430, Train: 99.18%, Valid: 69.01%, Test In: 69.45% Test OOD1: 62.35% Test OOD2: 51.06% Test OOD3: 60.59% 
Epoch: 150, Loss: 0.3339, Train: 99.24%, Valid: 68.96%, Test In: 69.47% Test OOD1: 62.30% Test OOD2: 51.03% Test OOD3: 60.60% 
Epoch: 151, Loss: 0.3344, Train: 99.28%, Valid: 68.94%, Test In: 69.52% Test OOD1: 62.33% Test OOD2: 50.96% Test OOD3: 60.57% 
Epoch: 152, Loss: 0.3379, Train: 99.33%, Valid: 68.92%, Test In: 69.53% Test OOD1: 62.28% Test OOD2: 50.99% Test OOD3: 60.55% 
Epoch: 153, Loss: 0.3274, Train: 99.33%, Valid: 68.93%, Test In: 69.53% Test OOD1: 62.42% Test OOD2: 50.94% Test OOD3: 60.59% 
Epoch: 154, Loss: 0.3158, Train: 99.34%, Valid: 68.91%, Test In: 69.51% Test OOD1: 62.55% Test OOD2: 50.87% Test OOD3: 60.57% 
Epoch: 155, Loss: 0.3250, Train: 99.45%, Valid: 68.88%, Test In: 69.45% Test OOD1: 62.14% Test OOD2: 50.91% Test OOD3: 60.38% 
Epoch: 156, Loss: 0.3316, Train: 99.48%, Valid: 68.85%, Test In: 69.40% Test OOD1: 62.29% Test OOD2: 50.86% Test OOD3: 60.36% 
Epoch: 157, Loss: 0.3106, Train: 99.48%, Valid: 68.83%, Test In: 69.32% Test OOD1: 62.49% Test OOD2: 50.84% Test OOD3: 60.42% 
Epoch: 158, Loss: 0.3028, Train: 99.53%, Valid: 68.77%, Test In: 69.26% Test OOD1: 62.30% Test OOD2: 50.89% Test OOD3: 60.32% 
Epoch: 159, Loss: 0.3065, Train: 99.54%, Valid: 68.77%, Test In: 69.27% Test OOD1: 62.49% Test OOD2: 50.83% Test OOD3: 60.35% 
Epoch: 160, Loss: 0.3073, Train: 99.60%, Valid: 68.76%, Test In: 69.32% Test OOD1: 62.23% Test OOD2: 50.91% Test OOD3: 60.34% 
Epoch: 161, Loss: 0.3038, Train: 99.62%, Valid: 68.74%, Test In: 69.41% Test OOD1: 62.15% Test OOD2: 50.96% Test OOD3: 60.38% 
Epoch: 162, Loss: 0.2976, Train: 99.60%, Valid: 68.78%, Test In: 69.50% Test OOD1: 62.62% Test OOD2: 50.90% Test OOD3: 60.63% 
Epoch: 163, Loss: 0.2981, Train: 99.67%, Valid: 68.71%, Test In: 69.45% Test OOD1: 62.18% Test OOD2: 51.02% Test OOD3: 60.46% 
Epoch: 164, Loss: 0.3035, Train: 99.64%, Valid: 68.77%, Test In: 69.48% Test OOD1: 62.91% Test OOD2: 50.90% Test OOD3: 60.70% 
Epoch: 165, Loss: 0.3002, Train: 99.71%, Valid: 68.75%, Test In: 69.43% Test OOD1: 62.52% Test OOD2: 50.98% Test OOD3: 60.50% 
Epoch: 166, Loss: 0.2947, Train: 99.74%, Valid: 68.73%, Test In: 69.41% Test OOD1: 62.53% Test OOD2: 51.01% Test OOD3: 60.37% 
Epoch: 167, Loss: 0.2906, Train: 99.76%, Valid: 68.69%, Test In: 69.37% Test OOD1: 62.56% Test OOD2: 51.08% Test OOD3: 60.37% 
Epoch: 168, Loss: 0.2854, Train: 99.77%, Valid: 68.57%, Test In: 69.28% Test OOD1: 62.31% Test OOD2: 51.19% Test OOD3: 60.23% 
Epoch: 169, Loss: 0.2843, Train: 99.72%, Valid: 68.54%, Test In: 69.27% Test OOD1: 62.89% Test OOD2: 51.13% Test OOD3: 60.40% 
Epoch: 170, Loss: 0.2921, Train: 99.78%, Valid: 68.48%, Test In: 69.21% Test OOD1: 62.47% Test OOD2: 51.22% Test OOD3: 60.19% 
Epoch: 171, Loss: 0.2786, Train: 99.77%, Valid: 68.49%, Test In: 69.23% Test OOD1: 62.68% Test OOD2: 51.20% Test OOD3: 60.23% 
Epoch: 172, Loss: 0.2746, Train: 99.78%, Valid: 68.51%, Test In: 69.27% Test OOD1: 62.77% Test OOD2: 51.21% Test OOD3: 60.24% 
Epoch: 173, Loss: 0.2704, Train: 99.81%, Valid: 68.46%, Test In: 69.25% Test OOD1: 62.18% Test OOD2: 51.33% Test OOD3: 60.02% 
Epoch: 174, Loss: 0.2791, Train: 99.81%, Valid: 68.54%, Test In: 69.41% Test OOD1: 62.63% Test OOD2: 51.30% Test OOD3: 60.23% 
Epoch: 175, Loss: 0.2737, Train: 99.82%, Valid: 68.51%, Test In: 69.38% Test OOD1: 62.19% Test OOD2: 51.42% Test OOD3: 60.12% 
Epoch: 176, Loss: 0.2696, Train: 99.82%, Valid: 68.58%, Test In: 69.38% Test OOD1: 62.64% Test OOD2: 51.34% Test OOD3: 60.35% 
Epoch: 177, Loss: 0.2599, Train: 99.84%, Valid: 68.55%, Test In: 69.33% Test OOD1: 62.41% Test OOD2: 51.38% Test OOD3: 60.21% 
Epoch: 178, Loss: 0.2605, Train: 99.85%, Valid: 68.59%, Test In: 69.25% Test OOD1: 62.38% Test OOD2: 51.38% Test OOD3: 60.21% 
Epoch: 179, Loss: 0.2623, Train: 99.84%, Valid: 68.67%, Test In: 69.23% Test OOD1: 62.73% Test OOD2: 51.30% Test OOD3: 60.33% 
Epoch: 180, Loss: 0.2601, Train: 99.88%, Valid: 68.69%, Test In: 69.25% Test OOD1: 62.15% Test OOD2: 51.43% Test OOD3: 60.06% 
Epoch: 181, Loss: 0.2654, Train: 99.87%, Valid: 68.72%, Test In: 69.26% Test OOD1: 62.43% Test OOD2: 51.35% Test OOD3: 60.23% 
Epoch: 182, Loss: 0.2639, Train: 99.86%, Valid: 68.75%, Test In: 69.34% Test OOD1: 62.57% Test OOD2: 51.35% Test OOD3: 60.28% 
Epoch: 183, Loss: 0.2695, Train: 99.89%, Valid: 68.70%, Test In: 69.29% Test OOD1: 62.02% Test OOD2: 51.46% Test OOD3: 60.15% 
Epoch: 184, Loss: 0.2736, Train: 99.80%, Valid: 68.76%, Test In: 69.28% Test OOD1: 63.04% Test OOD2: 51.26% Test OOD3: 60.57% 
Epoch: 185, Loss: 0.2836, Train: 99.90%, Valid: 68.73%, Test In: 69.29% Test OOD1: 62.10% Test OOD2: 51.47% Test OOD3: 60.25% 
Epoch: 186, Loss: 0.2693, Train: 99.88%, Valid: 68.76%, Test In: 69.25% Test OOD1: 62.66% Test OOD2: 51.25% Test OOD3: 60.41% 
Epoch: 187, Loss: 0.2637, Train: 99.92%, Valid: 68.72%, Test In: 69.25% Test OOD1: 62.33% Test OOD2: 51.29% Test OOD3: 60.08% 
Epoch: 188, Loss: 0.2507, Train: 99.93%, Valid: 68.69%, Test In: 69.19% Test OOD1: 61.94% Test OOD2: 51.34% Test OOD3: 59.92% 
Epoch: 189, Loss: 0.2476, Train: 99.91%, Valid: 68.78%, Test In: 69.21% Test OOD1: 62.73% Test OOD2: 51.16% Test OOD3: 60.23% 
Epoch: 190, Loss: 0.2534, Train: 99.93%, Valid: 68.79%, Test In: 69.29% Test OOD1: 62.44% Test OOD2: 51.24% Test OOD3: 60.20% 
Epoch: 191, Loss: 0.2393, Train: 99.93%, Valid: 68.76%, Test In: 69.35% Test OOD1: 62.20% Test OOD2: 51.30% Test OOD3: 60.20% 
Epoch: 192, Loss: 0.2395, Train: 99.92%, Valid: 68.73%, Test In: 69.43% Test OOD1: 62.69% Test OOD2: 51.21% Test OOD3: 60.44% 
Epoch: 193, Loss: 0.2486, Train: 99.93%, Valid: 68.49%, Test In: 69.36% Test OOD1: 62.17% Test OOD2: 51.30% Test OOD3: 60.21% 
Epoch: 194, Loss: 0.2437, Train: 99.94%, Valid: 68.29%, Test In: 69.35% Test OOD1: 62.24% Test OOD2: 51.31% Test OOD3: 60.13% 
Epoch: 195, Loss: 0.2429, Train: 99.94%, Valid: 68.18%, Test In: 69.19% Test OOD1: 62.26% Test OOD2: 51.29% Test OOD3: 60.11% 
Epoch: 196, Loss: 0.2400, Train: 99.95%, Valid: 68.15%, Test In: 69.17% Test OOD1: 62.14% Test OOD2: 51.35% Test OOD3: 60.04% 
Epoch: 197, Loss: 0.2306, Train: 99.95%, Valid: 68.20%, Test In: 69.13% Test OOD1: 62.05% Test OOD2: 51.37% Test OOD3: 60.00% 
Epoch: 198, Loss: 0.2269, Train: 99.95%, Valid: 68.28%, Test In: 69.10% Test OOD1: 62.10% Test OOD2: 51.31% Test OOD3: 60.00% 
Epoch: 199, Loss: 0.2307, Train: 99.95%, Valid: 68.32%, Test In: 69.15% Test OOD1: 62.14% Test OOD2: 51.30% Test OOD3: 60.01% 
Run 03:
Highest Train: 99.95
Highest Valid: 70.72
Highest In Test: 71.24
Highest OOD Test: 66.19
Highest OOD Test: 52.87
Highest OOD Test: 63.43
Chosen epoch: 76
Final Train: 84.62
Final In Test: 71.18
Final OOD Test: 63.84
Final OOD Test: 51.15
Final OOD Test: 61.62
All runs:
Highest Train: 99.95 ± 0.02
Highest Valid: 70.73 ± 0.01
Highest In Test: 71.32 ± 0.07
Highest OOD Test: 66.22 ± 0.19
Highest OOD Test: 52.85 ± 0.07
Highest OOD Test: 63.46 ± 0.10
  Final Train: 81.88 ± 3.89
   Final In  Test: 71.30 ± 0.10
   Final OOD Test: 64.49 ± 0.99
   Final OOD Test: 51.79 ± 0.85
   Final OOD Test: 62.18 ± 0.78
[INFO] TensorBoard writer closed.

Command: python main.py --dataset twitch --backbone_type gcn --env_type graph --combine_result --store_result --epochs 200 --runs 3 --num_layers 2 --expert_agg mean --tau 3 --lr 0.01 --weight_decay 5e-5 --dropout 0.0 --K 3 --hidden_channels 64 --seed 123 --device 0 --lr 0.005 --weight_decay 0.0005 --dropout 0.1 --lamda 0.5 --K 3 --hidden_channels 64 --other_env_reduce sample --result_name twitch_stage1_lr0.005_weight_decay0.0005_dropout0.1_lamda0.5_K3_hidden_channels64_other_env_reducesample
Return code: 0
Elapsed: 82.14s
