Namespace(K=4, backbone_type='gcn', combine_result=True, cpu=False, data_dir='./data/', dataset='twitch', device=0, display_step=1, dropout=0.1, env_type='graph', epochs=200, expert_agg='mean', gamma=0.99, gate_hidden=64, hidden_channels=32, infer_env=False, infer_env_components=64, infer_env_iters=30, infer_env_num=3, lambda_cl=0.1, lambda_dag=0.1, lambda_ind=0.1, lambda_l1=0.5, lamda=0.5, lamda_ciw=0.0001, lr=0.005, lr_dag=0.001, num_layers=2, other_env_reduce='sample', pos_weight=5.0, result_name='twitch_stage1_lr0.005_weight_decay0.0005_dropout0.1_lamda0.5_K4_hidden_channels32_other_env_reducesample', runs=3, seed=123, store_result=True, tau=3.0, use_bn=False, variant=False, weight_decay=0.0005)
dataset twitch: all nodes 34120 | edges 429113 | classes 2 | feats 3170
train nodes 7897 | valid nodes 3949 | test in nodes 3949
test ood1 nodes 4648 test ood2 nodes 6551 test ood3 nodes 7126 
[INFO] env numbers: 6 train env numbers: 3
MODEL: CaNet(
  (experts): ModuleList(
    (0): ExpertNet(
      (convs): ModuleList(
        (0): CaNetConv()
        (1): CaNetConv()
      )
      (fcs): ModuleList(
        (0): Linear(in_features=3170, out_features=32, bias=True)
        (1): Linear(in_features=32, out_features=2, bias=True)
      )
      (act_fn): ReLU()
    )
    (1): ExpertNet(
      (convs): ModuleList(
        (0): CaNetConv()
        (1): CaNetConv()
      )
      (fcs): ModuleList(
        (0): Linear(in_features=3170, out_features=32, bias=True)
        (1): Linear(in_features=32, out_features=2, bias=True)
      )
      (act_fn): ReLU()
    )
    (2): ExpertNet(
      (convs): ModuleList(
        (0): CaNetConv()
        (1): CaNetConv()
      )
      (fcs): ModuleList(
        (0): Linear(in_features=3170, out_features=32, bias=True)
        (1): Linear(in_features=32, out_features=2, bias=True)
      )
      (act_fn): ReLU()
    )
    (3): ExpertNet(
      (convs): ModuleList(
        (0): CaNetConv()
        (1): CaNetConv()
      )
      (fcs): ModuleList(
        (0): Linear(in_features=3170, out_features=32, bias=True)
        (1): Linear(in_features=32, out_features=2, bias=True)
      )
      (act_fn): ReLU()
    )
  )
  (gate): Sequential(
    (0): Linear(in_features=3170, out_features=64, bias=True)
    (1): ReLU()
    (2): Linear(in_features=64, out_features=4, bias=True)
  )
)
[INFO] TensorBoard logging activated. Logs will be saved to: ./runs/twitch/Apr16_07-33-12_lamda_0.5
Epoch: 00, Loss: 1.0464, Train: 68.52%, Valid: 65.87%, Test In: 66.51% Test OOD1: 61.30% Test OOD2: 52.86% Test OOD3: 61.38% 
Epoch: 01, Loss: 1.0444, Train: 70.40%, Valid: 66.91%, Test In: 68.26% Test OOD1: 61.95% Test OOD2: 52.94% Test OOD3: 62.21% 
Epoch: 02, Loss: 1.0425, Train: 69.84%, Valid: 66.14%, Test In: 67.46% Test OOD1: 59.75% Test OOD2: 53.14% Test OOD3: 61.28% 
Epoch: 03, Loss: 1.0403, Train: 68.53%, Valid: 64.79%, Test In: 66.11% Test OOD1: 57.41% Test OOD2: 53.06% Test OOD3: 59.76% 
Epoch: 04, Loss: 1.0377, Train: 66.45%, Valid: 62.86%, Test In: 64.18% Test OOD1: 54.76% Test OOD2: 52.89% Test OOD3: 57.95% 
Epoch: 05, Loss: 1.0343, Train: 63.88%, Valid: 60.54%, Test In: 61.92% Test OOD1: 52.30% Test OOD2: 52.63% Test OOD3: 56.09% 
Epoch: 06, Loss: 1.0303, Train: 61.05%, Valid: 58.09%, Test In: 59.61% Test OOD1: 50.14% Test OOD2: 52.33% Test OOD3: 54.33% 
Epoch: 07, Loss: 1.0262, Train: 58.69%, Valid: 56.09%, Test In: 57.72% Test OOD1: 48.61% Test OOD2: 52.05% Test OOD3: 52.99% 
Epoch: 08, Loss: 1.0219, Train: 57.40%, Valid: 55.01%, Test In: 56.68% Test OOD1: 47.87% Test OOD2: 51.91% Test OOD3: 52.30% 
Epoch: 09, Loss: 1.0177, Train: 58.41%, Valid: 55.84%, Test In: 57.55% Test OOD1: 48.48% Test OOD2: 52.01% Test OOD3: 52.78% 
Epoch: 10, Loss: 1.0145, Train: 62.63%, Valid: 59.42%, Test In: 61.04% Test OOD1: 51.39% Test OOD2: 52.46% Test OOD3: 55.07% 
Epoch: 11, Loss: 1.0117, Train: 68.65%, Valid: 64.74%, Test In: 66.33% Test OOD1: 57.74% Test OOD2: 52.95% Test OOD3: 59.32% 
Epoch: 12, Loss: 1.0086, Train: 71.05%, Valid: 67.14%, Test In: 68.73% Test OOD1: 63.61% Test OOD2: 52.32% Test OOD3: 61.86% 
Epoch: 13, Loss: 1.0056, Train: 69.27%, Valid: 66.12%, Test In: 66.89% Test OOD1: 63.93% Test OOD2: 51.65% Test OOD3: 61.26% 
Epoch: 14, Loss: 1.0019, Train: 67.78%, Valid: 65.15%, Test In: 65.43% Test OOD1: 63.47% Test OOD2: 51.33% Test OOD3: 60.60% 
Epoch: 15, Loss: 0.9969, Train: 66.95%, Valid: 64.59%, Test In: 64.65% Test OOD1: 63.19% Test OOD2: 51.18% Test OOD3: 60.18% 
Epoch: 16, Loss: 0.9935, Train: 66.50%, Valid: 64.29%, Test In: 64.22% Test OOD1: 63.01% Test OOD2: 51.07% Test OOD3: 59.93% 
Epoch: 17, Loss: 0.9884, Train: 66.34%, Valid: 64.18%, Test In: 64.08% Test OOD1: 62.97% Test OOD2: 51.03% Test OOD3: 59.85% 
Epoch: 18, Loss: 0.9845, Train: 66.43%, Valid: 64.27%, Test In: 64.15% Test OOD1: 63.03% Test OOD2: 51.02% Test OOD3: 59.90% 
Epoch: 19, Loss: 0.9814, Train: 66.64%, Valid: 64.45%, Test In: 64.35% Test OOD1: 63.14% Test OOD2: 51.04% Test OOD3: 60.01% 
Epoch: 20, Loss: 0.9769, Train: 66.94%, Valid: 64.71%, Test In: 64.66% Test OOD1: 63.30% Test OOD2: 51.07% Test OOD3: 60.16% 
Epoch: 21, Loss: 0.9725, Train: 67.39%, Valid: 65.08%, Test In: 65.09% Test OOD1: 63.51% Test OOD2: 51.12% Test OOD3: 60.36% 
Epoch: 22, Loss: 0.9677, Train: 67.85%, Valid: 65.46%, Test In: 65.52% Test OOD1: 63.74% Test OOD2: 51.17% Test OOD3: 60.57% 
Epoch: 23, Loss: 0.9625, Train: 68.53%, Valid: 66.00%, Test In: 66.16% Test OOD1: 64.07% Test OOD2: 51.25% Test OOD3: 60.89% 
Epoch: 24, Loss: 0.9574, Train: 69.29%, Valid: 66.60%, Test In: 66.86% Test OOD1: 64.42% Test OOD2: 51.33% Test OOD3: 61.23% 
Epoch: 25, Loss: 0.9517, Train: 70.19%, Valid: 67.32%, Test In: 67.67% Test OOD1: 64.83% Test OOD2: 51.43% Test OOD3: 61.62% 
Epoch: 26, Loss: 0.9477, Train: 70.75%, Valid: 67.77%, Test In: 68.17% Test OOD1: 65.13% Test OOD2: 51.47% Test OOD3: 61.88% 
Epoch: 27, Loss: 0.9420, Train: 71.83%, Valid: 68.62%, Test In: 69.13% Test OOD1: 65.57% Test OOD2: 51.64% Test OOD3: 62.36% 
Epoch: 28, Loss: 0.9364, Train: 72.59%, Valid: 69.22%, Test In: 69.80% Test OOD1: 65.84% Test OOD2: 51.77% Test OOD3: 62.69% 
Epoch: 29, Loss: 0.9311, Train: 73.03%, Valid: 69.58%, Test In: 70.14% Test OOD1: 66.03% Test OOD2: 51.83% Test OOD3: 62.88% 
Epoch: 30, Loss: 0.9270, Train: 73.74%, Valid: 70.13%, Test In: 70.73% Test OOD1: 66.07% Test OOD2: 52.02% Test OOD3: 63.16% 
Epoch: 31, Loss: 0.9223, Train: 74.23%, Valid: 70.46%, Test In: 71.09% Test OOD1: 66.03% Test OOD2: 52.17% Test OOD3: 63.33% 
Epoch: 32, Loss: 0.9180, Train: 74.43%, Valid: 70.58%, Test In: 71.21% Test OOD1: 66.20% Test OOD2: 52.21% Test OOD3: 63.39% 
Epoch: 33, Loss: 0.9157, Train: 74.71%, Valid: 70.75%, Test In: 71.39% Test OOD1: 66.27% Test OOD2: 52.28% Test OOD3: 63.45% 
Epoch: 34, Loss: 0.9086, Train: 75.24%, Valid: 71.00%, Test In: 71.69% Test OOD1: 65.81% Test OOD2: 52.51% Test OOD3: 63.53% 
Epoch: 35, Loss: 0.9104, Train: 75.28%, Valid: 71.01%, Test In: 71.68% Test OOD1: 66.26% Test OOD2: 52.43% Test OOD3: 63.55% 
Epoch: 36, Loss: 0.9028, Train: 75.49%, Valid: 71.08%, Test In: 71.74% Test OOD1: 66.32% Test OOD2: 52.49% Test OOD3: 63.58% 
Epoch: 37, Loss: 0.9027, Train: 75.87%, Valid: 71.17%, Test In: 71.85% Test OOD1: 65.91% Test OOD2: 52.66% Test OOD3: 63.52% 
Epoch: 38, Loss: 0.8993, Train: 75.92%, Valid: 71.17%, Test In: 71.84% Test OOD1: 66.40% Test OOD2: 52.59% Test OOD3: 63.58% 
Epoch: 39, Loss: 0.8934, Train: 76.07%, Valid: 71.19%, Test In: 71.85% Test OOD1: 66.54% Test OOD2: 52.58% Test OOD3: 63.58% 
Epoch: 40, Loss: 0.8909, Train: 76.35%, Valid: 71.22%, Test In: 71.88% Test OOD1: 66.24% Test OOD2: 52.71% Test OOD3: 63.48% 
Epoch: 41, Loss: 0.8879, Train: 76.45%, Valid: 71.21%, Test In: 71.86% Test OOD1: 66.51% Test OOD2: 52.68% Test OOD3: 63.49% 
Epoch: 42, Loss: 0.8857, Train: 76.53%, Valid: 71.18%, Test In: 71.84% Test OOD1: 66.78% Test OOD2: 52.61% Test OOD3: 63.50% 
Epoch: 43, Loss: 0.8815, Train: 76.78%, Valid: 71.22%, Test In: 71.87% Test OOD1: 66.55% Test OOD2: 52.69% Test OOD3: 63.38% 
Epoch: 44, Loss: 0.8789, Train: 76.96%, Valid: 71.28%, Test In: 71.91% Test OOD1: 66.68% Test OOD2: 52.64% Test OOD3: 63.37% 
Epoch: 45, Loss: 0.8767, Train: 76.94%, Valid: 71.16%, Test In: 71.80% Test OOD1: 66.85% Test OOD2: 52.61% Test OOD3: 63.37% 
Epoch: 46, Loss: 0.8733, Train: 77.18%, Valid: 71.21%, Test In: 71.84% Test OOD1: 66.73% Test OOD2: 52.61% Test OOD3: 63.28% 
Epoch: 47, Loss: 0.8698, Train: 77.34%, Valid: 71.23%, Test In: 71.84% Test OOD1: 66.65% Test OOD2: 52.60% Test OOD3: 63.21% 
Epoch: 48, Loss: 0.8640, Train: 77.47%, Valid: 71.25%, Test In: 71.82% Test OOD1: 66.67% Test OOD2: 52.57% Test OOD3: 63.17% 
Epoch: 49, Loss: 0.8619, Train: 77.65%, Valid: 71.30%, Test In: 71.80% Test OOD1: 66.54% Test OOD2: 52.53% Test OOD3: 63.09% 
Epoch: 50, Loss: 0.8570, Train: 77.65%, Valid: 71.23%, Test In: 71.71% Test OOD1: 66.52% Test OOD2: 52.49% Test OOD3: 63.03% 
Epoch: 51, Loss: 0.8560, Train: 78.09%, Valid: 71.45%, Test In: 71.85% Test OOD1: 66.18% Test OOD2: 52.44% Test OOD3: 62.90% 
Epoch: 52, Loss: 0.8545, Train: 78.03%, Valid: 71.35%, Test In: 71.73% Test OOD1: 66.42% Test OOD2: 52.36% Test OOD3: 62.92% 
Epoch: 53, Loss: 0.8500, Train: 78.17%, Valid: 71.30%, Test In: 71.68% Test OOD1: 65.99% Test OOD2: 52.41% Test OOD3: 62.75% 
Epoch: 54, Loss: 0.8477, Train: 78.64%, Valid: 71.51%, Test In: 71.82% Test OOD1: 65.79% Test OOD2: 52.36% Test OOD3: 62.70% 
Epoch: 55, Loss: 0.8427, Train: 78.42%, Valid: 71.34%, Test In: 71.69% Test OOD1: 66.17% Test OOD2: 52.22% Test OOD3: 62.80% 
Epoch: 56, Loss: 0.8410, Train: 78.68%, Valid: 71.34%, Test In: 71.67% Test OOD1: 65.54% Test OOD2: 52.34% Test OOD3: 62.58% 
Epoch: 57, Loss: 0.8368, Train: 78.98%, Valid: 71.47%, Test In: 71.78% Test OOD1: 65.72% Test OOD2: 52.24% Test OOD3: 62.68% 
Epoch: 58, Loss: 0.8334, Train: 78.81%, Valid: 71.33%, Test In: 71.72% Test OOD1: 65.94% Test OOD2: 52.09% Test OOD3: 62.76% 
Epoch: 59, Loss: 0.8318, Train: 79.06%, Valid: 71.28%, Test In: 71.68% Test OOD1: 65.27% Test OOD2: 52.23% Test OOD3: 62.50% 
Epoch: 60, Loss: 0.8298, Train: 79.21%, Valid: 71.31%, Test In: 71.72% Test OOD1: 65.57% Test OOD2: 52.16% Test OOD3: 62.62% 
Epoch: 61, Loss: 0.8233, Train: 79.20%, Valid: 71.28%, Test In: 71.76% Test OOD1: 65.75% Test OOD2: 51.97% Test OOD3: 62.71% 
Epoch: 62, Loss: 0.8279, Train: 79.55%, Valid: 71.27%, Test In: 71.73% Test OOD1: 65.13% Test OOD2: 52.08% Test OOD3: 62.48% 
Epoch: 63, Loss: 0.8218, Train: 79.35%, Valid: 71.15%, Test In: 71.68% Test OOD1: 65.51% Test OOD2: 52.02% Test OOD3: 62.55% 
Epoch: 64, Loss: 0.8211, Train: 79.61%, Valid: 71.21%, Test In: 71.75% Test OOD1: 65.47% Test OOD2: 51.87% Test OOD3: 62.60% 
Epoch: 65, Loss: 0.8201, Train: 79.99%, Valid: 71.30%, Test In: 71.78% Test OOD1: 65.33% Test OOD2: 51.99% Test OOD3: 62.53% 
Epoch: 66, Loss: 0.8160, Train: 79.72%, Valid: 71.16%, Test In: 71.71% Test OOD1: 65.41% Test OOD2: 51.93% Test OOD3: 62.48% 
Epoch: 67, Loss: 0.8135, Train: 79.94%, Valid: 71.22%, Test In: 71.75% Test OOD1: 65.29% Test OOD2: 51.82% Test OOD3: 62.45% 
Epoch: 68, Loss: 0.8104, Train: 80.40%, Valid: 71.40%, Test In: 71.88% Test OOD1: 65.52% Test OOD2: 51.94% Test OOD3: 62.58% 
Epoch: 69, Loss: 0.8120, Train: 80.30%, Valid: 71.34%, Test In: 71.81% Test OOD1: 65.54% Test OOD2: 51.88% Test OOD3: 62.53% 
Epoch: 70, Loss: 0.8042, Train: 80.33%, Valid: 71.33%, Test In: 71.80% Test OOD1: 64.96% Test OOD2: 51.83% Test OOD3: 62.32% 
Epoch: 71, Loss: 0.8041, Train: 80.64%, Valid: 71.42%, Test In: 71.86% Test OOD1: 65.45% Test OOD2: 51.85% Test OOD3: 62.53% 
Epoch: 72, Loss: 0.7974, Train: 80.83%, Valid: 71.42%, Test In: 71.87% Test OOD1: 65.43% Test OOD2: 51.89% Test OOD3: 62.53% 
Epoch: 73, Loss: 0.7967, Train: 80.72%, Valid: 71.33%, Test In: 71.81% Test OOD1: 65.09% Test OOD2: 51.80% Test OOD3: 62.41% 
Epoch: 74, Loss: 0.7897, Train: 80.92%, Valid: 71.33%, Test In: 71.82% Test OOD1: 65.10% Test OOD2: 51.82% Test OOD3: 62.43% 
Epoch: 75, Loss: 0.7912, Train: 81.21%, Valid: 71.37%, Test In: 71.84% Test OOD1: 65.29% Test OOD2: 51.83% Test OOD3: 62.54% 
Epoch: 76, Loss: 0.7903, Train: 80.99%, Valid: 71.26%, Test In: 71.78% Test OOD1: 65.36% Test OOD2: 51.66% Test OOD3: 62.56% 
Epoch: 77, Loss: 0.7855, Train: 81.39%, Valid: 71.27%, Test In: 71.82% Test OOD1: 64.74% Test OOD2: 51.79% Test OOD3: 62.33% 
Epoch: 78, Loss: 0.7814, Train: 81.44%, Valid: 71.26%, Test In: 71.82% Test OOD1: 65.23% Test OOD2: 51.67% Test OOD3: 62.52% 
Epoch: 79, Loss: 0.7772, Train: 81.49%, Valid: 71.23%, Test In: 71.83% Test OOD1: 65.08% Test OOD2: 51.58% Test OOD3: 62.45% 
Epoch: 80, Loss: 0.7770, Train: 81.86%, Valid: 71.23%, Test In: 71.86% Test OOD1: 64.57% Test OOD2: 51.69% Test OOD3: 62.26% 
Epoch: 81, Loss: 0.7742, Train: 81.88%, Valid: 71.21%, Test In: 71.85% Test OOD1: 64.88% Test OOD2: 51.56% Test OOD3: 62.36% 
Epoch: 82, Loss: 0.7713, Train: 82.04%, Valid: 71.21%, Test In: 71.86% Test OOD1: 64.63% Test OOD2: 51.50% Test OOD3: 62.26% 
Epoch: 83, Loss: 0.7686, Train: 82.47%, Valid: 71.20%, Test In: 71.88% Test OOD1: 64.19% Test OOD2: 51.63% Test OOD3: 62.12% 
Epoch: 84, Loss: 0.7632, Train: 82.35%, Valid: 71.19%, Test In: 71.89% Test OOD1: 64.37% Test OOD2: 51.42% Test OOD3: 62.20% 
Epoch: 85, Loss: 0.7598, Train: 82.71%, Valid: 71.22%, Test In: 71.93% Test OOD1: 64.61% Test OOD2: 51.53% Test OOD3: 62.30% 
Epoch: 86, Loss: 0.7614, Train: 82.88%, Valid: 71.19%, Test In: 71.97% Test OOD1: 63.86% Test OOD2: 51.49% Test OOD3: 62.04% 
Epoch: 87, Loss: 0.7574, Train: 82.94%, Valid: 71.19%, Test In: 71.99% Test OOD1: 64.53% Test OOD2: 51.47% Test OOD3: 62.33% 
Epoch: 88, Loss: 0.7494, Train: 83.29%, Valid: 71.26%, Test In: 72.05% Test OOD1: 64.43% Test OOD2: 51.48% Test OOD3: 62.30% 
Epoch: 89, Loss: 0.7479, Train: 83.44%, Valid: 71.19%, Test In: 72.05% Test OOD1: 63.98% Test OOD2: 51.48% Test OOD3: 62.13% 
Epoch: 90, Loss: 0.7458, Train: 83.50%, Valid: 71.19%, Test In: 72.00% Test OOD1: 64.72% Test OOD2: 51.47% Test OOD3: 62.39% 
Epoch: 91, Loss: 0.7446, Train: 83.96%, Valid: 71.19%, Test In: 72.01% Test OOD1: 64.11% Test OOD2: 51.51% Test OOD3: 62.10% 
Epoch: 92, Loss: 0.7362, Train: 84.01%, Valid: 71.14%, Test In: 71.96% Test OOD1: 64.25% Test OOD2: 51.48% Test OOD3: 62.12% 
Epoch: 93, Loss: 0.7342, Train: 84.22%, Valid: 71.19%, Test In: 71.95% Test OOD1: 64.62% Test OOD2: 51.54% Test OOD3: 62.28% 
Epoch: 94, Loss: 0.7339, Train: 84.41%, Valid: 71.05%, Test In: 71.87% Test OOD1: 63.83% Test OOD2: 51.50% Test OOD3: 61.95% 
Epoch: 95, Loss: 0.7351, Train: 84.52%, Valid: 71.13%, Test In: 71.89% Test OOD1: 64.60% Test OOD2: 51.48% Test OOD3: 62.31% 
Epoch: 96, Loss: 0.7278, Train: 84.87%, Valid: 71.06%, Test In: 71.86% Test OOD1: 64.10% Test OOD2: 51.47% Test OOD3: 62.12% 
Epoch: 97, Loss: 0.7157, Train: 85.03%, Valid: 71.01%, Test In: 71.80% Test OOD1: 63.89% Test OOD2: 51.42% Test OOD3: 62.03% 
Epoch: 98, Loss: 0.7202, Train: 85.29%, Valid: 71.09%, Test In: 71.82% Test OOD1: 64.44% Test OOD2: 51.45% Test OOD3: 62.27% 
Epoch: 99, Loss: 0.7251, Train: 85.54%, Valid: 71.01%, Test In: 71.73% Test OOD1: 63.72% Test OOD2: 51.37% Test OOD3: 61.93% 
Epoch: 100, Loss: 0.7130, Train: 85.80%, Valid: 71.05%, Test In: 71.74% Test OOD1: 63.82% Test OOD2: 51.37% Test OOD3: 61.91% 
Epoch: 101, Loss: 0.7059, Train: 85.92%, Valid: 71.07%, Test In: 71.69% Test OOD1: 64.29% Test OOD2: 51.34% Test OOD3: 62.11% 
Epoch: 102, Loss: 0.7090, Train: 86.27%, Valid: 71.00%, Test In: 71.62% Test OOD1: 63.41% Test OOD2: 51.38% Test OOD3: 61.71% 
Epoch: 103, Loss: 0.7021, Train: 86.31%, Valid: 71.05%, Test In: 71.70% Test OOD1: 63.86% Test OOD2: 51.35% Test OOD3: 61.96% 
Epoch: 104, Loss: 0.7023, Train: 86.67%, Valid: 70.97%, Test In: 71.61% Test OOD1: 63.77% Test OOD2: 51.33% Test OOD3: 61.99% 
Epoch: 105, Loss: 0.6981, Train: 86.92%, Valid: 71.03%, Test In: 71.64% Test OOD1: 63.41% Test OOD2: 51.40% Test OOD3: 61.83% 
Epoch: 106, Loss: 0.6970, Train: 87.00%, Valid: 71.00%, Test In: 71.61% Test OOD1: 63.89% Test OOD2: 51.38% Test OOD3: 62.03% 
Epoch: 107, Loss: 0.6851, Train: 87.40%, Valid: 70.98%, Test In: 71.55% Test OOD1: 63.76% Test OOD2: 51.48% Test OOD3: 61.93% 
Epoch: 108, Loss: 0.6840, Train: 87.55%, Valid: 70.99%, Test In: 71.55% Test OOD1: 63.41% Test OOD2: 51.54% Test OOD3: 61.70% 
Epoch: 109, Loss: 0.6837, Train: 87.77%, Valid: 70.97%, Test In: 71.55% Test OOD1: 63.91% Test OOD2: 51.53% Test OOD3: 61.89% 
Epoch: 110, Loss: 0.6775, Train: 88.08%, Valid: 70.89%, Test In: 71.50% Test OOD1: 63.36% Test OOD2: 51.59% Test OOD3: 61.59% 
Epoch: 111, Loss: 0.6757, Train: 88.16%, Valid: 70.89%, Test In: 71.50% Test OOD1: 63.65% Test OOD2: 51.54% Test OOD3: 61.71% 
Epoch: 112, Loss: 0.6755, Train: 88.59%, Valid: 70.77%, Test In: 71.42% Test OOD1: 63.43% Test OOD2: 51.59% Test OOD3: 61.62% 
Epoch: 113, Loss: 0.6665, Train: 88.59%, Valid: 70.75%, Test In: 71.40% Test OOD1: 63.41% Test OOD2: 51.53% Test OOD3: 61.58% 
Epoch: 114, Loss: 0.6590, Train: 89.06%, Valid: 70.80%, Test In: 71.44% Test OOD1: 63.30% Test OOD2: 51.58% Test OOD3: 61.54% 
Epoch: 115, Loss: 0.6653, Train: 89.14%, Valid: 70.73%, Test In: 71.37% Test OOD1: 63.21% Test OOD2: 51.56% Test OOD3: 61.47% 
Epoch: 116, Loss: 0.6541, Train: 89.45%, Valid: 70.75%, Test In: 71.37% Test OOD1: 63.44% Test OOD2: 51.56% Test OOD3: 61.59% 
Epoch: 117, Loss: 0.6436, Train: 89.77%, Valid: 70.75%, Test In: 71.33% Test OOD1: 63.01% Test OOD2: 51.58% Test OOD3: 61.40% 
Epoch: 118, Loss: 0.6464, Train: 89.74%, Valid: 70.69%, Test In: 71.30% Test OOD1: 63.50% Test OOD2: 51.51% Test OOD3: 61.65% 
Epoch: 119, Loss: 0.6482, Train: 90.16%, Valid: 70.69%, Test In: 71.31% Test OOD1: 63.03% Test OOD2: 51.56% Test OOD3: 61.54% 
Epoch: 120, Loss: 0.6440, Train: 90.11%, Valid: 70.67%, Test In: 71.33% Test OOD1: 63.47% Test OOD2: 51.46% Test OOD3: 61.75% 
Epoch: 121, Loss: 0.6377, Train: 90.38%, Valid: 70.64%, Test In: 71.35% Test OOD1: 63.24% Test OOD2: 51.50% Test OOD3: 61.72% 
Epoch: 122, Loss: 0.6364, Train: 90.61%, Valid: 70.66%, Test In: 71.35% Test OOD1: 63.26% Test OOD2: 51.47% Test OOD3: 61.71% 
Epoch: 123, Loss: 0.6335, Train: 90.84%, Valid: 70.59%, Test In: 71.31% Test OOD1: 63.40% Test OOD2: 51.43% Test OOD3: 61.68% 
Epoch: 124, Loss: 0.6260, Train: 91.14%, Valid: 70.52%, Test In: 71.28% Test OOD1: 62.89% Test OOD2: 51.53% Test OOD3: 61.38% 
Epoch: 125, Loss: 0.6267, Train: 91.27%, Valid: 70.64%, Test In: 71.33% Test OOD1: 63.56% Test OOD2: 51.51% Test OOD3: 61.68% 
Epoch: 126, Loss: 0.6324, Train: 91.12%, Valid: 70.56%, Test In: 71.26% Test OOD1: 62.90% Test OOD2: 51.48% Test OOD3: 61.25% 
Epoch: 127, Loss: 0.6344, Train: 91.59%, Valid: 70.64%, Test In: 71.36% Test OOD1: 63.42% Test OOD2: 51.56% Test OOD3: 61.49% 
Epoch: 128, Loss: 0.6321, Train: 91.82%, Valid: 70.68%, Test In: 71.35% Test OOD1: 63.32% Test OOD2: 51.53% Test OOD3: 61.43% 
Epoch: 129, Loss: 0.6099, Train: 91.31%, Valid: 70.60%, Test In: 71.29% Test OOD1: 63.21% Test OOD2: 51.44% Test OOD3: 61.28% 
Epoch: 130, Loss: 0.6350, Train: 92.12%, Valid: 70.59%, Test In: 71.32% Test OOD1: 63.39% Test OOD2: 51.54% Test OOD3: 61.41% 
Epoch: 131, Loss: 0.6104, Train: 92.48%, Valid: 70.58%, Test In: 71.33% Test OOD1: 63.17% Test OOD2: 51.56% Test OOD3: 61.35% 
Epoch: 132, Loss: 0.6103, Train: 91.89%, Valid: 70.57%, Test In: 71.25% Test OOD1: 63.44% Test OOD2: 51.36% Test OOD3: 61.35% 
Epoch: 133, Loss: 0.6047, Train: 92.45%, Valid: 70.56%, Test In: 71.26% Test OOD1: 62.93% Test OOD2: 51.44% Test OOD3: 61.18% 
Epoch: 134, Loss: 0.6025, Train: 92.71%, Valid: 70.53%, Test In: 71.26% Test OOD1: 63.39% Test OOD2: 51.42% Test OOD3: 61.42% 
Epoch: 135, Loss: 0.6035, Train: 92.88%, Valid: 70.54%, Test In: 71.24% Test OOD1: 63.43% Test OOD2: 51.40% Test OOD3: 61.34% 
Epoch: 136, Loss: 0.5919, Train: 92.81%, Valid: 70.49%, Test In: 71.19% Test OOD1: 63.24% Test OOD2: 51.36% Test OOD3: 61.17% 
Epoch: 137, Loss: 0.5851, Train: 93.03%, Valid: 70.47%, Test In: 71.15% Test OOD1: 63.31% Test OOD2: 51.34% Test OOD3: 61.16% 
Epoch: 138, Loss: 0.5757, Train: 93.50%, Valid: 70.45%, Test In: 71.16% Test OOD1: 63.28% Test OOD2: 51.40% Test OOD3: 61.16% 
Epoch: 139, Loss: 0.5809, Train: 93.46%, Valid: 70.46%, Test In: 71.11% Test OOD1: 63.51% Test OOD2: 51.34% Test OOD3: 61.28% 
Epoch: 140, Loss: 0.5703, Train: 93.36%, Valid: 70.39%, Test In: 71.04% Test OOD1: 63.36% Test OOD2: 51.27% Test OOD3: 61.18% 
Epoch: 141, Loss: 0.5741, Train: 93.88%, Valid: 70.33%, Test In: 70.99% Test OOD1: 62.94% Test OOD2: 51.33% Test OOD3: 61.01% 
Epoch: 142, Loss: 0.5654, Train: 94.11%, Valid: 70.30%, Test In: 70.94% Test OOD1: 63.18% Test OOD2: 51.33% Test OOD3: 61.07% 
Epoch: 143, Loss: 0.5649, Train: 94.32%, Valid: 70.30%, Test In: 70.91% Test OOD1: 63.00% Test OOD2: 51.35% Test OOD3: 60.96% 
Epoch: 144, Loss: 0.5583, Train: 94.27%, Valid: 70.26%, Test In: 70.85% Test OOD1: 62.95% Test OOD2: 51.31% Test OOD3: 60.92% 
Epoch: 145, Loss: 0.5527, Train: 94.41%, Valid: 70.23%, Test In: 70.83% Test OOD1: 62.97% Test OOD2: 51.33% Test OOD3: 60.96% 
Epoch: 146, Loss: 0.5533, Train: 94.86%, Valid: 70.23%, Test In: 70.89% Test OOD1: 62.73% Test OOD2: 51.42% Test OOD3: 60.97% 
Epoch: 147, Loss: 0.5519, Train: 94.62%, Valid: 70.21%, Test In: 70.82% Test OOD1: 63.18% Test OOD2: 51.30% Test OOD3: 61.09% 
Epoch: 148, Loss: 0.5630, Train: 95.20%, Valid: 70.17%, Test In: 70.84% Test OOD1: 62.19% Test OOD2: 51.41% Test OOD3: 60.81% 
Epoch: 149, Loss: 0.5698, Train: 94.92%, Valid: 70.14%, Test In: 70.76% Test OOD1: 63.03% Test OOD2: 51.29% Test OOD3: 61.10% 
Epoch: 150, Loss: 0.5534, Train: 95.25%, Valid: 70.19%, Test In: 70.78% Test OOD1: 62.87% Test OOD2: 51.31% Test OOD3: 61.10% 
Epoch: 151, Loss: 0.5360, Train: 95.45%, Valid: 70.19%, Test In: 70.79% Test OOD1: 62.64% Test OOD2: 51.30% Test OOD3: 61.01% 
Epoch: 152, Loss: 0.5424, Train: 95.44%, Valid: 70.18%, Test In: 70.73% Test OOD1: 62.64% Test OOD2: 51.26% Test OOD3: 60.96% 
Epoch: 153, Loss: 0.5333, Train: 95.63%, Valid: 70.19%, Test In: 70.74% Test OOD1: 62.62% Test OOD2: 51.30% Test OOD3: 61.00% 
Epoch: 154, Loss: 0.5307, Train: 95.69%, Valid: 70.23%, Test In: 70.74% Test OOD1: 62.85% Test OOD2: 51.29% Test OOD3: 61.14% 
Epoch: 155, Loss: 0.5263, Train: 95.67%, Valid: 70.24%, Test In: 70.71% Test OOD1: 62.84% Test OOD2: 51.27% Test OOD3: 61.11% 
Epoch: 156, Loss: 0.5190, Train: 95.70%, Valid: 70.19%, Test In: 70.66% Test OOD1: 62.94% Test OOD2: 51.28% Test OOD3: 61.12% 
Epoch: 157, Loss: 0.5213, Train: 96.09%, Valid: 70.18%, Test In: 70.71% Test OOD1: 62.67% Test OOD2: 51.34% Test OOD3: 61.08% 
Epoch: 158, Loss: 0.5123, Train: 96.14%, Valid: 70.16%, Test In: 70.69% Test OOD1: 62.85% Test OOD2: 51.30% Test OOD3: 61.14% 
Epoch: 159, Loss: 0.5173, Train: 96.30%, Valid: 70.07%, Test In: 70.63% Test OOD1: 62.56% Test OOD2: 51.31% Test OOD3: 61.00% 
Epoch: 160, Loss: 0.5165, Train: 96.21%, Valid: 70.02%, Test In: 70.59% Test OOD1: 63.10% Test OOD2: 51.25% Test OOD3: 61.21% 
Epoch: 161, Loss: 0.5227, Train: 96.61%, Valid: 69.98%, Test In: 70.64% Test OOD1: 62.57% Test OOD2: 51.32% Test OOD3: 61.08% 
Epoch: 162, Loss: 0.5232, Train: 96.41%, Valid: 70.00%, Test In: 70.60% Test OOD1: 63.01% Test OOD2: 51.24% Test OOD3: 61.12% 
Epoch: 163, Loss: 0.4996, Train: 96.51%, Valid: 69.95%, Test In: 70.52% Test OOD1: 63.07% Test OOD2: 51.20% Test OOD3: 60.98% 
Epoch: 164, Loss: 0.5055, Train: 96.97%, Valid: 69.93%, Test In: 70.50% Test OOD1: 62.46% Test OOD2: 51.23% Test OOD3: 60.68% 
Epoch: 165, Loss: 0.4992, Train: 96.99%, Valid: 69.90%, Test In: 70.47% Test OOD1: 62.41% Test OOD2: 51.21% Test OOD3: 60.55% 
Epoch: 166, Loss: 0.4889, Train: 96.90%, Valid: 69.87%, Test In: 70.41% Test OOD1: 62.79% Test OOD2: 51.15% Test OOD3: 60.67% 
Epoch: 167, Loss: 0.4962, Train: 97.10%, Valid: 69.88%, Test In: 70.50% Test OOD1: 62.37% Test OOD2: 51.21% Test OOD3: 60.66% 
Epoch: 168, Loss: 0.4834, Train: 97.21%, Valid: 69.89%, Test In: 70.51% Test OOD1: 62.13% Test OOD2: 51.25% Test OOD3: 60.67% 
Epoch: 169, Loss: 0.4873, Train: 97.18%, Valid: 69.90%, Test In: 70.48% Test OOD1: 62.64% Test OOD2: 51.26% Test OOD3: 60.85% 
Epoch: 170, Loss: 0.4824, Train: 97.37%, Valid: 69.86%, Test In: 70.47% Test OOD1: 62.41% Test OOD2: 51.37% Test OOD3: 60.82% 
Epoch: 171, Loss: 0.4786, Train: 97.48%, Valid: 69.87%, Test In: 70.44% Test OOD1: 62.41% Test OOD2: 51.36% Test OOD3: 60.83% 
Epoch: 172, Loss: 0.4770, Train: 97.45%, Valid: 69.85%, Test In: 70.37% Test OOD1: 62.83% Test OOD2: 51.32% Test OOD3: 60.95% 
Epoch: 173, Loss: 0.4625, Train: 97.59%, Valid: 69.80%, Test In: 70.30% Test OOD1: 62.77% Test OOD2: 51.36% Test OOD3: 60.91% 
Epoch: 174, Loss: 0.4612, Train: 97.83%, Valid: 69.78%, Test In: 70.29% Test OOD1: 62.42% Test OOD2: 51.41% Test OOD3: 60.81% 
Epoch: 175, Loss: 0.4575, Train: 97.91%, Valid: 69.73%, Test In: 70.22% Test OOD1: 62.40% Test OOD2: 51.41% Test OOD3: 60.77% 
Epoch: 176, Loss: 0.4525, Train: 97.95%, Valid: 69.68%, Test In: 70.19% Test OOD1: 62.44% Test OOD2: 51.43% Test OOD3: 60.76% 
Epoch: 177, Loss: 0.4510, Train: 98.00%, Valid: 69.68%, Test In: 70.20% Test OOD1: 62.39% Test OOD2: 51.43% Test OOD3: 60.75% 
Epoch: 178, Loss: 0.4515, Train: 98.00%, Valid: 69.69%, Test In: 70.20% Test OOD1: 62.62% Test OOD2: 51.35% Test OOD3: 60.80% 
Epoch: 179, Loss: 0.4520, Train: 98.11%, Valid: 69.69%, Test In: 70.20% Test OOD1: 62.59% Test OOD2: 51.36% Test OOD3: 60.75% 
Epoch: 180, Loss: 0.4456, Train: 98.23%, Valid: 69.67%, Test In: 70.19% Test OOD1: 62.48% Test OOD2: 51.36% Test OOD3: 60.69% 
Epoch: 181, Loss: 0.4398, Train: 98.23%, Valid: 69.67%, Test In: 70.19% Test OOD1: 62.72% Test OOD2: 51.27% Test OOD3: 60.79% 
Epoch: 182, Loss: 0.4456, Train: 98.33%, Valid: 69.63%, Test In: 70.23% Test OOD1: 62.60% Test OOD2: 51.29% Test OOD3: 60.78% 
Epoch: 183, Loss: 0.4367, Train: 98.38%, Valid: 69.59%, Test In: 70.23% Test OOD1: 62.58% Test OOD2: 51.28% Test OOD3: 60.75% 
Epoch: 184, Loss: 0.4337, Train: 98.46%, Valid: 69.57%, Test In: 70.22% Test OOD1: 62.52% Test OOD2: 51.20% Test OOD3: 60.71% 
Epoch: 185, Loss: 0.4279, Train: 98.58%, Valid: 69.53%, Test In: 70.22% Test OOD1: 62.29% Test OOD2: 51.24% Test OOD3: 60.63% 
Epoch: 186, Loss: 0.4276, Train: 98.61%, Valid: 69.54%, Test In: 70.15% Test OOD1: 62.49% Test OOD2: 51.22% Test OOD3: 60.63% 
Epoch: 187, Loss: 0.4297, Train: 98.67%, Valid: 69.57%, Test In: 70.11% Test OOD1: 62.56% Test OOD2: 51.19% Test OOD3: 60.65% 
Epoch: 188, Loss: 0.4236, Train: 98.59%, Valid: 69.59%, Test In: 70.03% Test OOD1: 63.00% Test OOD2: 51.13% Test OOD3: 60.75% 
Epoch: 189, Loss: 0.4156, Train: 98.69%, Valid: 69.62%, Test In: 70.03% Test OOD1: 62.88% Test OOD2: 51.16% Test OOD3: 60.72% 
Epoch: 190, Loss: 0.4167, Train: 98.77%, Valid: 69.59%, Test In: 69.98% Test OOD1: 62.66% Test OOD2: 51.18% Test OOD3: 60.63% 
Epoch: 191, Loss: 0.4109, Train: 98.80%, Valid: 69.54%, Test In: 69.92% Test OOD1: 62.73% Test OOD2: 51.17% Test OOD3: 60.67% 
Epoch: 192, Loss: 0.4160, Train: 98.95%, Valid: 69.45%, Test In: 69.93% Test OOD1: 62.16% Test OOD2: 51.27% Test OOD3: 60.48% 
Epoch: 193, Loss: 0.4196, Train: 98.87%, Valid: 69.46%, Test In: 69.90% Test OOD1: 62.55% Test OOD2: 51.25% Test OOD3: 60.62% 
Epoch: 194, Loss: 0.4108, Train: 98.93%, Valid: 69.46%, Test In: 69.92% Test OOD1: 62.63% Test OOD2: 51.25% Test OOD3: 60.69% 
Epoch: 195, Loss: 0.4041, Train: 98.99%, Valid: 69.46%, Test In: 69.88% Test OOD1: 62.45% Test OOD2: 51.22% Test OOD3: 60.69% 
Epoch: 196, Loss: 0.4009, Train: 98.94%, Valid: 69.46%, Test In: 69.79% Test OOD1: 62.92% Test OOD2: 51.11% Test OOD3: 60.90% 
Epoch: 197, Loss: 0.4045, Train: 99.08%, Valid: 69.44%, Test In: 69.81% Test OOD1: 62.46% Test OOD2: 51.17% Test OOD3: 60.74% 
Epoch: 198, Loss: 0.3989, Train: 99.09%, Valid: 69.44%, Test In: 69.78% Test OOD1: 62.71% Test OOD2: 51.16% Test OOD3: 60.88% 
Epoch: 199, Loss: 0.3889, Train: 99.13%, Valid: 69.42%, Test In: 69.77% Test OOD1: 62.56% Test OOD2: 51.15% Test OOD3: 60.89% 
Run 01:
Highest Train: 99.13
Highest Valid: 71.51
Highest In Test: 72.05
Highest OOD Test: 66.85
Highest OOD Test: 53.14
Highest OOD Test: 63.58
Chosen epoch: 55
Final Train: 78.64
Final In Test: 71.82
Final OOD Test: 65.79
Final OOD Test: 52.36
Final OOD Test: 62.70
Epoch: 00, Loss: 1.0352, Train: 64.35%, Valid: 62.70%, Test In: 62.17% Test OOD1: 61.62% Test OOD2: 50.51% Test OOD3: 58.16% 
Epoch: 01, Loss: 1.0337, Train: 64.39%, Valid: 62.72%, Test In: 62.17% Test OOD1: 61.95% Test OOD2: 50.65% Test OOD3: 58.45% 
Epoch: 02, Loss: 1.0325, Train: 64.81%, Valid: 63.00%, Test In: 62.60% Test OOD1: 62.17% Test OOD2: 50.75% Test OOD3: 58.77% 
Epoch: 03, Loss: 1.0312, Train: 65.03%, Valid: 63.16%, Test In: 62.80% Test OOD1: 62.27% Test OOD2: 50.80% Test OOD3: 58.90% 
Epoch: 04, Loss: 1.0296, Train: 65.14%, Valid: 63.26%, Test In: 62.91% Test OOD1: 62.33% Test OOD2: 50.82% Test OOD3: 58.91% 
Epoch: 05, Loss: 1.0279, Train: 65.24%, Valid: 63.35%, Test In: 63.00% Test OOD1: 62.35% Test OOD2: 50.82% Test OOD3: 58.89% 
Epoch: 06, Loss: 1.0256, Train: 65.36%, Valid: 63.45%, Test In: 63.14% Test OOD1: 62.36% Test OOD2: 50.82% Test OOD3: 58.89% 
Epoch: 07, Loss: 1.0232, Train: 65.53%, Valid: 63.59%, Test In: 63.31% Test OOD1: 62.39% Test OOD2: 50.82% Test OOD3: 58.92% 
Epoch: 08, Loss: 1.0207, Train: 65.73%, Valid: 63.76%, Test In: 63.52% Test OOD1: 62.44% Test OOD2: 50.82% Test OOD3: 58.97% 
Epoch: 09, Loss: 1.0177, Train: 66.01%, Valid: 63.98%, Test In: 63.80% Test OOD1: 62.50% Test OOD2: 50.84% Test OOD3: 59.06% 
Epoch: 10, Loss: 1.0152, Train: 66.27%, Valid: 64.17%, Test In: 64.05% Test OOD1: 62.58% Test OOD2: 50.86% Test OOD3: 59.16% 
Epoch: 11, Loss: 1.0118, Train: 66.36%, Valid: 64.23%, Test In: 64.15% Test OOD1: 62.60% Test OOD2: 50.87% Test OOD3: 59.18% 
Epoch: 12, Loss: 1.0094, Train: 66.26%, Valid: 64.16%, Test In: 64.06% Test OOD1: 62.57% Test OOD2: 50.86% Test OOD3: 59.14% 
Epoch: 13, Loss: 1.0069, Train: 66.07%, Valid: 64.02%, Test In: 63.87% Test OOD1: 62.50% Test OOD2: 50.86% Test OOD3: 59.07% 
Epoch: 14, Loss: 1.0043, Train: 65.85%, Valid: 63.84%, Test In: 63.66% Test OOD1: 62.45% Test OOD2: 50.85% Test OOD3: 59.02% 
Epoch: 15, Loss: 1.0021, Train: 65.63%, Valid: 63.68%, Test In: 63.45% Test OOD1: 62.40% Test OOD2: 50.83% Test OOD3: 58.99% 
Epoch: 16, Loss: 0.9995, Train: 65.48%, Valid: 63.56%, Test In: 63.31% Test OOD1: 62.38% Test OOD2: 50.82% Test OOD3: 58.98% 
Epoch: 17, Loss: 0.9969, Train: 65.40%, Valid: 63.50%, Test In: 63.24% Test OOD1: 62.39% Test OOD2: 50.81% Test OOD3: 59.00% 
Epoch: 18, Loss: 0.9939, Train: 65.40%, Valid: 63.52%, Test In: 63.24% Test OOD1: 62.43% Test OOD2: 50.82% Test OOD3: 59.05% 
Epoch: 19, Loss: 0.9908, Train: 65.49%, Valid: 63.61%, Test In: 63.33% Test OOD1: 62.50% Test OOD2: 50.82% Test OOD3: 59.12% 
Epoch: 20, Loss: 0.9874, Train: 65.67%, Valid: 63.77%, Test In: 63.49% Test OOD1: 62.59% Test OOD2: 50.84% Test OOD3: 59.22% 
Epoch: 21, Loss: 0.9842, Train: 65.93%, Valid: 64.00%, Test In: 63.75% Test OOD1: 62.73% Test OOD2: 50.87% Test OOD3: 59.36% 
Epoch: 22, Loss: 0.9814, Train: 66.27%, Valid: 64.30%, Test In: 64.08% Test OOD1: 62.91% Test OOD2: 50.89% Test OOD3: 59.53% 
Epoch: 23, Loss: 0.9773, Train: 66.70%, Valid: 64.67%, Test In: 64.50% Test OOD1: 63.11% Test OOD2: 50.94% Test OOD3: 59.73% 
Epoch: 24, Loss: 0.9722, Train: 67.26%, Valid: 65.13%, Test In: 65.05% Test OOD1: 63.37% Test OOD2: 51.01% Test OOD3: 59.98% 
Epoch: 25, Loss: 0.9688, Train: 67.85%, Valid: 65.63%, Test In: 65.62% Test OOD1: 63.66% Test OOD2: 51.07% Test OOD3: 60.26% 
Epoch: 26, Loss: 0.9637, Train: 68.49%, Valid: 66.16%, Test In: 66.22% Test OOD1: 63.98% Test OOD2: 51.14% Test OOD3: 60.54% 
Epoch: 27, Loss: 0.9585, Train: 69.31%, Valid: 66.84%, Test In: 66.98% Test OOD1: 64.35% Test OOD2: 51.24% Test OOD3: 60.89% 
Epoch: 28, Loss: 0.9540, Train: 69.97%, Valid: 67.40%, Test In: 67.60% Test OOD1: 64.72% Test OOD2: 51.29% Test OOD3: 61.22% 
Epoch: 29, Loss: 0.9491, Train: 70.93%, Valid: 68.15%, Test In: 68.43% Test OOD1: 65.14% Test OOD2: 51.44% Test OOD3: 61.65% 
Epoch: 30, Loss: 0.9419, Train: 71.58%, Valid: 68.69%, Test In: 69.01% Test OOD1: 65.51% Test OOD2: 51.50% Test OOD3: 61.97% 
Epoch: 31, Loss: 0.9365, Train: 72.42%, Valid: 69.33%, Test In: 69.75% Test OOD1: 65.86% Test OOD2: 51.65% Test OOD3: 62.39% 
Epoch: 32, Loss: 0.9336, Train: 73.17%, Valid: 69.89%, Test In: 70.35% Test OOD1: 66.09% Test OOD2: 51.80% Test OOD3: 62.74% 
Epoch: 33, Loss: 0.9294, Train: 73.65%, Valid: 70.24%, Test In: 70.74% Test OOD1: 66.29% Test OOD2: 51.84% Test OOD3: 62.95% 
Epoch: 34, Loss: 0.9260, Train: 74.16%, Valid: 70.59%, Test In: 71.12% Test OOD1: 66.31% Test OOD2: 51.98% Test OOD3: 63.17% 
Epoch: 35, Loss: 0.9216, Train: 74.71%, Valid: 70.91%, Test In: 71.50% Test OOD1: 66.20% Test OOD2: 52.16% Test OOD3: 63.35% 
Epoch: 36, Loss: 0.9185, Train: 74.82%, Valid: 70.97%, Test In: 71.57% Test OOD1: 66.43% Test OOD2: 52.14% Test OOD3: 63.38% 
Epoch: 37, Loss: 0.9158, Train: 75.15%, Valid: 71.13%, Test In: 71.73% Test OOD1: 66.41% Test OOD2: 52.25% Test OOD3: 63.46% 
Epoch: 38, Loss: 0.9113, Train: 75.57%, Valid: 71.28%, Test In: 71.93% Test OOD1: 66.12% Test OOD2: 52.41% Test OOD3: 63.51% 
Epoch: 39, Loss: 0.9095, Train: 75.61%, Valid: 71.28%, Test In: 71.89% Test OOD1: 66.49% Test OOD2: 52.36% Test OOD3: 63.53% 
Epoch: 40, Loss: 0.9056, Train: 75.82%, Valid: 71.32%, Test In: 71.94% Test OOD1: 66.51% Test OOD2: 52.43% Test OOD3: 63.55% 
Epoch: 41, Loss: 0.9025, Train: 76.13%, Valid: 71.36%, Test In: 71.98% Test OOD1: 66.20% Test OOD2: 52.56% Test OOD3: 63.52% 
Epoch: 42, Loss: 0.9029, Train: 76.05%, Valid: 71.29%, Test In: 71.91% Test OOD1: 66.78% Test OOD2: 52.45% Test OOD3: 63.58% 
Epoch: 43, Loss: 0.8972, Train: 76.19%, Valid: 71.29%, Test In: 71.90% Test OOD1: 66.79% Test OOD2: 52.47% Test OOD3: 63.58% 
Epoch: 44, Loss: 0.8944, Train: 76.48%, Valid: 71.31%, Test In: 71.93% Test OOD1: 66.40% Test OOD2: 52.60% Test OOD3: 63.50% 
Epoch: 45, Loss: 0.8912, Train: 76.47%, Valid: 71.29%, Test In: 71.88% Test OOD1: 66.75% Test OOD2: 52.53% Test OOD3: 63.55% 
Epoch: 46, Loss: 0.8873, Train: 76.38%, Valid: 71.21%, Test In: 71.76% Test OOD1: 67.08% Test OOD2: 52.42% Test OOD3: 63.56% 
Epoch: 47, Loss: 0.8853, Train: 76.67%, Valid: 71.30%, Test In: 71.83% Test OOD1: 66.79% Test OOD2: 52.50% Test OOD3: 63.49% 
Epoch: 48, Loss: 0.8790, Train: 76.91%, Valid: 71.34%, Test In: 71.82% Test OOD1: 66.49% Test OOD2: 52.57% Test OOD3: 63.41% 
Epoch: 49, Loss: 0.8775, Train: 76.92%, Valid: 71.36%, Test In: 71.80% Test OOD1: 66.82% Test OOD2: 52.46% Test OOD3: 63.42% 
Epoch: 50, Loss: 0.8713, Train: 76.92%, Valid: 71.31%, Test In: 71.73% Test OOD1: 67.00% Test OOD2: 52.37% Test OOD3: 63.40% 
Epoch: 51, Loss: 0.8698, Train: 77.16%, Valid: 71.33%, Test In: 71.78% Test OOD1: 66.54% Test OOD2: 52.52% Test OOD3: 63.29% 
Epoch: 52, Loss: 0.8667, Train: 77.45%, Valid: 71.45%, Test In: 71.79% Test OOD1: 66.53% Test OOD2: 52.45% Test OOD3: 63.23% 
Epoch: 53, Loss: 0.8643, Train: 77.43%, Valid: 71.40%, Test In: 71.74% Test OOD1: 66.73% Test OOD2: 52.34% Test OOD3: 63.23% 
Epoch: 54, Loss: 0.8594, Train: 77.45%, Valid: 71.33%, Test In: 71.72% Test OOD1: 66.60% Test OOD2: 52.41% Test OOD3: 63.17% 
Epoch: 55, Loss: 0.8592, Train: 77.72%, Valid: 71.39%, Test In: 71.74% Test OOD1: 66.41% Test OOD2: 52.44% Test OOD3: 63.08% 
Epoch: 56, Loss: 0.8541, Train: 77.87%, Valid: 71.40%, Test In: 71.73% Test OOD1: 66.39% Test OOD2: 52.31% Test OOD3: 63.03% 
Epoch: 57, Loss: 0.8502, Train: 77.98%, Valid: 71.44%, Test In: 71.75% Test OOD1: 66.35% Test OOD2: 52.39% Test OOD3: 63.01% 
Epoch: 58, Loss: 0.8474, Train: 78.10%, Valid: 71.42%, Test In: 71.77% Test OOD1: 66.07% Test OOD2: 52.32% Test OOD3: 62.89% 
Epoch: 59, Loss: 0.8446, Train: 78.24%, Valid: 71.46%, Test In: 71.78% Test OOD1: 66.21% Test OOD2: 52.28% Test OOD3: 62.87% 
Epoch: 60, Loss: 0.8357, Train: 78.42%, Valid: 71.48%, Test In: 71.81% Test OOD1: 66.01% Test OOD2: 52.33% Test OOD3: 62.78% 
Epoch: 61, Loss: 0.8407, Train: 78.60%, Valid: 71.48%, Test In: 71.84% Test OOD1: 65.59% Test OOD2: 52.33% Test OOD3: 62.62% 
Epoch: 62, Loss: 0.8292, Train: 78.70%, Valid: 71.50%, Test In: 71.85% Test OOD1: 65.96% Test OOD2: 52.29% Test OOD3: 62.69% 
Epoch: 63, Loss: 0.8309, Train: 78.75%, Valid: 71.47%, Test In: 71.84% Test OOD1: 65.94% Test OOD2: 52.21% Test OOD3: 62.66% 
Epoch: 64, Loss: 0.8281, Train: 78.99%, Valid: 71.51%, Test In: 71.88% Test OOD1: 65.55% Test OOD2: 52.25% Test OOD3: 62.57% 
Epoch: 65, Loss: 0.8231, Train: 79.21%, Valid: 71.53%, Test In: 71.91% Test OOD1: 65.62% Test OOD2: 52.28% Test OOD3: 62.60% 
Epoch: 66, Loss: 0.8207, Train: 79.14%, Valid: 71.46%, Test In: 71.89% Test OOD1: 65.62% Test OOD2: 52.08% Test OOD3: 62.64% 
Epoch: 67, Loss: 0.8184, Train: 79.34%, Valid: 71.52%, Test In: 71.96% Test OOD1: 65.74% Test OOD2: 52.18% Test OOD3: 62.73% 
Epoch: 68, Loss: 0.8154, Train: 79.69%, Valid: 71.52%, Test In: 71.97% Test OOD1: 65.43% Test OOD2: 52.01% Test OOD3: 62.62% 
Epoch: 69, Loss: 0.8157, Train: 79.68%, Valid: 71.50%, Test In: 72.02% Test OOD1: 65.06% Test OOD2: 52.09% Test OOD3: 62.52% 
Epoch: 70, Loss: 0.8141, Train: 79.62%, Valid: 71.42%, Test In: 71.96% Test OOD1: 65.84% Test OOD2: 51.94% Test OOD3: 62.77% 
Epoch: 71, Loss: 0.8079, Train: 80.00%, Valid: 71.47%, Test In: 72.02% Test OOD1: 65.29% Test OOD2: 51.96% Test OOD3: 62.59% 
Epoch: 72, Loss: 0.8007, Train: 80.15%, Valid: 71.46%, Test In: 72.05% Test OOD1: 64.95% Test OOD2: 52.04% Test OOD3: 62.48% 
Epoch: 73, Loss: 0.8011, Train: 80.11%, Valid: 71.40%, Test In: 72.02% Test OOD1: 65.40% Test OOD2: 51.91% Test OOD3: 62.63% 
Epoch: 74, Loss: 0.7950, Train: 80.22%, Valid: 71.37%, Test In: 72.00% Test OOD1: 65.34% Test OOD2: 51.85% Test OOD3: 62.62% 
Epoch: 75, Loss: 0.7951, Train: 80.57%, Valid: 71.40%, Test In: 72.06% Test OOD1: 64.92% Test OOD2: 51.99% Test OOD3: 62.49% 
Epoch: 76, Loss: 0.7932, Train: 80.54%, Valid: 71.37%, Test In: 72.04% Test OOD1: 64.94% Test OOD2: 51.85% Test OOD3: 62.52% 
Epoch: 77, Loss: 0.7929, Train: 80.62%, Valid: 71.34%, Test In: 72.05% Test OOD1: 65.34% Test OOD2: 51.91% Test OOD3: 62.67% 
Epoch: 78, Loss: 0.7902, Train: 80.82%, Valid: 71.36%, Test In: 72.06% Test OOD1: 64.54% Test OOD2: 51.80% Test OOD3: 62.38% 
Epoch: 79, Loss: 0.7940, Train: 80.95%, Valid: 71.35%, Test In: 72.07% Test OOD1: 65.13% Test OOD2: 51.91% Test OOD3: 62.60% 
Epoch: 80, Loss: 0.7843, Train: 81.08%, Valid: 71.35%, Test In: 72.07% Test OOD1: 65.09% Test OOD2: 51.84% Test OOD3: 62.58% 
Epoch: 81, Loss: 0.7831, Train: 81.22%, Valid: 71.36%, Test In: 72.07% Test OOD1: 64.49% Test OOD2: 51.77% Test OOD3: 62.36% 
Epoch: 82, Loss: 0.7799, Train: 81.34%, Valid: 71.39%, Test In: 72.09% Test OOD1: 64.93% Test OOD2: 51.86% Test OOD3: 62.52% 
Epoch: 83, Loss: 0.7777, Train: 81.41%, Valid: 71.39%, Test In: 72.06% Test OOD1: 65.28% Test OOD2: 51.76% Test OOD3: 62.65% 
Epoch: 84, Loss: 0.7785, Train: 81.64%, Valid: 71.40%, Test In: 72.08% Test OOD1: 64.49% Test OOD2: 51.80% Test OOD3: 62.33% 
Epoch: 85, Loss: 0.7737, Train: 81.72%, Valid: 71.40%, Test In: 72.08% Test OOD1: 64.77% Test OOD2: 51.72% Test OOD3: 62.43% 
Epoch: 86, Loss: 0.7674, Train: 81.93%, Valid: 71.43%, Test In: 72.09% Test OOD1: 64.94% Test OOD2: 51.80% Test OOD3: 62.49% 
Epoch: 87, Loss: 0.7676, Train: 82.08%, Valid: 71.38%, Test In: 72.06% Test OOD1: 64.68% Test OOD2: 51.76% Test OOD3: 62.39% 
Epoch: 88, Loss: 0.7617, Train: 82.06%, Valid: 71.31%, Test In: 72.02% Test OOD1: 64.76% Test OOD2: 51.64% Test OOD3: 62.43% 
Epoch: 89, Loss: 0.7627, Train: 82.50%, Valid: 71.30%, Test In: 72.04% Test OOD1: 64.51% Test OOD2: 51.80% Test OOD3: 62.32% 
Epoch: 90, Loss: 0.7591, Train: 82.40%, Valid: 71.25%, Test In: 72.02% Test OOD1: 64.95% Test OOD2: 51.71% Test OOD3: 62.47% 
Epoch: 91, Loss: 0.7568, Train: 82.61%, Valid: 71.20%, Test In: 71.99% Test OOD1: 64.65% Test OOD2: 51.64% Test OOD3: 62.33% 
Epoch: 92, Loss: 0.7515, Train: 82.94%, Valid: 71.18%, Test In: 71.99% Test OOD1: 64.27% Test OOD2: 51.78% Test OOD3: 62.13% 
Epoch: 93, Loss: 0.7549, Train: 82.85%, Valid: 71.18%, Test In: 72.00% Test OOD1: 64.98% Test OOD2: 51.63% Test OOD3: 62.40% 
Epoch: 94, Loss: 0.7499, Train: 83.19%, Valid: 71.20%, Test In: 72.01% Test OOD1: 64.45% Test OOD2: 51.72% Test OOD3: 62.17% 
Epoch: 95, Loss: 0.7447, Train: 83.45%, Valid: 71.20%, Test In: 72.02% Test OOD1: 64.21% Test OOD2: 51.73% Test OOD3: 62.07% 
Epoch: 96, Loss: 0.7442, Train: 83.40%, Valid: 71.21%, Test In: 72.03% Test OOD1: 64.78% Test OOD2: 51.57% Test OOD3: 62.35% 
Epoch: 97, Loss: 0.7425, Train: 83.78%, Valid: 71.20%, Test In: 72.02% Test OOD1: 64.13% Test OOD2: 51.70% Test OOD3: 62.09% 
Epoch: 98, Loss: 0.7426, Train: 83.99%, Valid: 71.25%, Test In: 72.04% Test OOD1: 64.25% Test OOD2: 51.58% Test OOD3: 62.18% 
Epoch: 99, Loss: 0.7412, Train: 83.94%, Valid: 71.23%, Test In: 72.03% Test OOD1: 64.61% Test OOD2: 51.60% Test OOD3: 62.31% 
Epoch: 100, Loss: 0.7345, Train: 84.32%, Valid: 71.22%, Test In: 72.02% Test OOD1: 64.09% Test OOD2: 51.60% Test OOD3: 62.13% 
Epoch: 101, Loss: 0.7268, Train: 84.32%, Valid: 71.21%, Test In: 72.05% Test OOD1: 64.57% Test OOD2: 51.51% Test OOD3: 62.33% 
Epoch: 102, Loss: 0.7266, Train: 84.48%, Valid: 71.17%, Test In: 72.03% Test OOD1: 64.51% Test OOD2: 51.58% Test OOD3: 62.31% 
Epoch: 103, Loss: 0.7257, Train: 84.80%, Valid: 71.15%, Test In: 72.04% Test OOD1: 64.20% Test OOD2: 51.57% Test OOD3: 62.16% 
Epoch: 104, Loss: 0.7180, Train: 84.81%, Valid: 71.16%, Test In: 72.04% Test OOD1: 64.71% Test OOD2: 51.55% Test OOD3: 62.31% 
Epoch: 105, Loss: 0.7218, Train: 85.21%, Valid: 71.10%, Test In: 71.98% Test OOD1: 63.90% Test OOD2: 51.65% Test OOD3: 61.90% 
Epoch: 106, Loss: 0.7146, Train: 85.28%, Valid: 71.12%, Test In: 72.00% Test OOD1: 64.47% Test OOD2: 51.61% Test OOD3: 62.10% 
Epoch: 107, Loss: 0.7140, Train: 85.60%, Valid: 71.09%, Test In: 71.95% Test OOD1: 63.92% Test OOD2: 51.70% Test OOD3: 61.83% 
Epoch: 108, Loss: 0.7023, Train: 85.82%, Valid: 71.08%, Test In: 71.93% Test OOD1: 63.93% Test OOD2: 51.72% Test OOD3: 61.84% 
Epoch: 109, Loss: 0.7068, Train: 85.96%, Valid: 71.09%, Test In: 71.93% Test OOD1: 64.13% Test OOD2: 51.66% Test OOD3: 61.98% 
Epoch: 110, Loss: 0.7067, Train: 86.23%, Valid: 71.05%, Test In: 71.86% Test OOD1: 63.58% Test OOD2: 51.77% Test OOD3: 61.78% 
Epoch: 111, Loss: 0.6983, Train: 86.30%, Valid: 71.11%, Test In: 71.90% Test OOD1: 64.16% Test OOD2: 51.72% Test OOD3: 62.12% 
Epoch: 112, Loss: 0.6995, Train: 86.48%, Valid: 71.07%, Test In: 71.85% Test OOD1: 63.83% Test OOD2: 51.70% Test OOD3: 61.98% 
Epoch: 113, Loss: 0.6980, Train: 86.75%, Valid: 71.08%, Test In: 71.84% Test OOD1: 63.89% Test OOD2: 51.78% Test OOD3: 62.06% 
Epoch: 114, Loss: 0.6951, Train: 86.88%, Valid: 71.03%, Test In: 71.77% Test OOD1: 63.95% Test OOD2: 51.72% Test OOD3: 62.06% 
Epoch: 115, Loss: 0.6928, Train: 87.13%, Valid: 71.03%, Test In: 71.74% Test OOD1: 63.82% Test OOD2: 51.71% Test OOD3: 61.96% 
Epoch: 116, Loss: 0.6796, Train: 87.35%, Valid: 70.99%, Test In: 71.69% Test OOD1: 63.83% Test OOD2: 51.76% Test OOD3: 61.91% 
Epoch: 117, Loss: 0.6767, Train: 87.56%, Valid: 70.96%, Test In: 71.60% Test OOD1: 63.73% Test OOD2: 51.69% Test OOD3: 61.80% 
Epoch: 118, Loss: 0.6760, Train: 87.66%, Valid: 70.96%, Test In: 71.59% Test OOD1: 64.07% Test OOD2: 51.68% Test OOD3: 61.90% 
Epoch: 119, Loss: 0.6721, Train: 88.14%, Valid: 70.90%, Test In: 71.52% Test OOD1: 63.40% Test OOD2: 51.73% Test OOD3: 61.57% 
Epoch: 120, Loss: 0.6683, Train: 88.23%, Valid: 70.94%, Test In: 71.52% Test OOD1: 63.70% Test OOD2: 51.67% Test OOD3: 61.71% 
Epoch: 121, Loss: 0.6621, Train: 88.47%, Valid: 70.92%, Test In: 71.51% Test OOD1: 63.56% Test OOD2: 51.70% Test OOD3: 61.66% 
Epoch: 122, Loss: 0.6653, Train: 88.71%, Valid: 70.87%, Test In: 71.44% Test OOD1: 63.25% Test OOD2: 51.70% Test OOD3: 61.52% 
Epoch: 123, Loss: 0.6614, Train: 88.63%, Valid: 70.92%, Test In: 71.46% Test OOD1: 63.88% Test OOD2: 51.65% Test OOD3: 61.84% 
Epoch: 124, Loss: 0.6600, Train: 89.03%, Valid: 70.87%, Test In: 71.45% Test OOD1: 63.37% Test OOD2: 51.61% Test OOD3: 61.64% 
Epoch: 125, Loss: 0.6509, Train: 89.32%, Valid: 70.84%, Test In: 71.44% Test OOD1: 63.43% Test OOD2: 51.71% Test OOD3: 61.69% 
Epoch: 126, Loss: 0.6562, Train: 89.26%, Valid: 70.87%, Test In: 71.42% Test OOD1: 63.73% Test OOD2: 51.56% Test OOD3: 61.82% 
Epoch: 127, Loss: 0.6558, Train: 89.81%, Valid: 70.82%, Test In: 71.41% Test OOD1: 63.24% Test OOD2: 51.64% Test OOD3: 61.60% 
Epoch: 128, Loss: 0.6423, Train: 89.86%, Valid: 70.81%, Test In: 71.45% Test OOD1: 63.33% Test OOD2: 51.74% Test OOD3: 61.63% 
Epoch: 129, Loss: 0.6406, Train: 90.06%, Valid: 70.80%, Test In: 71.43% Test OOD1: 63.20% Test OOD2: 51.63% Test OOD3: 61.55% 
Epoch: 130, Loss: 0.6398, Train: 90.28%, Valid: 70.82%, Test In: 71.46% Test OOD1: 63.42% Test OOD2: 51.69% Test OOD3: 61.68% 
Epoch: 131, Loss: 0.6329, Train: 90.37%, Valid: 70.81%, Test In: 71.46% Test OOD1: 63.32% Test OOD2: 51.65% Test OOD3: 61.68% 
Epoch: 132, Loss: 0.6359, Train: 90.72%, Valid: 70.81%, Test In: 71.42% Test OOD1: 63.18% Test OOD2: 51.62% Test OOD3: 61.64% 
Epoch: 133, Loss: 0.6224, Train: 90.64%, Valid: 70.80%, Test In: 71.43% Test OOD1: 63.61% Test OOD2: 51.61% Test OOD3: 61.81% 
Epoch: 134, Loss: 0.6206, Train: 91.02%, Valid: 70.76%, Test In: 71.37% Test OOD1: 63.12% Test OOD2: 51.64% Test OOD3: 61.56% 
Epoch: 135, Loss: 0.6197, Train: 91.32%, Valid: 70.75%, Test In: 71.31% Test OOD1: 63.23% Test OOD2: 51.70% Test OOD3: 61.56% 
Epoch: 136, Loss: 0.6142, Train: 91.20%, Valid: 70.74%, Test In: 71.26% Test OOD1: 63.62% Test OOD2: 51.65% Test OOD3: 61.65% 
Epoch: 137, Loss: 0.6146, Train: 91.87%, Valid: 70.67%, Test In: 71.18% Test OOD1: 62.75% Test OOD2: 51.77% Test OOD3: 61.25% 
Epoch: 138, Loss: 0.6060, Train: 91.55%, Valid: 70.68%, Test In: 71.18% Test OOD1: 63.59% Test OOD2: 51.73% Test OOD3: 61.57% 
Epoch: 139, Loss: 0.6146, Train: 92.19%, Valid: 70.71%, Test In: 71.13% Test OOD1: 62.81% Test OOD2: 51.72% Test OOD3: 61.23% 
Epoch: 140, Loss: 0.6343, Train: 92.02%, Valid: 70.68%, Test In: 71.17% Test OOD1: 63.37% Test OOD2: 51.76% Test OOD3: 61.49% 
Epoch: 141, Loss: 0.6022, Train: 92.09%, Valid: 70.64%, Test In: 71.19% Test OOD1: 63.33% Test OOD2: 51.72% Test OOD3: 61.48% 
Epoch: 142, Loss: 0.6060, Train: 92.54%, Valid: 70.65%, Test In: 71.20% Test OOD1: 62.95% Test OOD2: 51.72% Test OOD3: 61.39% 
Epoch: 143, Loss: 0.6037, Train: 92.68%, Valid: 70.62%, Test In: 71.23% Test OOD1: 62.94% Test OOD2: 51.74% Test OOD3: 61.45% 
Epoch: 144, Loss: 0.5894, Train: 92.68%, Valid: 70.55%, Test In: 71.21% Test OOD1: 63.02% Test OOD2: 51.68% Test OOD3: 61.46% 
Epoch: 145, Loss: 0.5976, Train: 93.04%, Valid: 70.59%, Test In: 71.20% Test OOD1: 62.91% Test OOD2: 51.65% Test OOD3: 61.46% 
Epoch: 146, Loss: 0.5851, Train: 93.17%, Valid: 70.61%, Test In: 71.19% Test OOD1: 62.96% Test OOD2: 51.69% Test OOD3: 61.48% 
Epoch: 147, Loss: 0.5854, Train: 93.44%, Valid: 70.55%, Test In: 71.15% Test OOD1: 62.49% Test OOD2: 51.70% Test OOD3: 61.26% 
Epoch: 148, Loss: 0.5840, Train: 93.23%, Valid: 70.59%, Test In: 71.17% Test OOD1: 63.11% Test OOD2: 51.70% Test OOD3: 61.49% 
Epoch: 149, Loss: 0.5847, Train: 93.51%, Valid: 70.59%, Test In: 71.14% Test OOD1: 62.84% Test OOD2: 51.66% Test OOD3: 61.35% 
Epoch: 150, Loss: 0.5730, Train: 93.83%, Valid: 70.55%, Test In: 71.13% Test OOD1: 62.43% Test OOD2: 51.76% Test OOD3: 61.16% 
Epoch: 151, Loss: 0.5702, Train: 93.84%, Valid: 70.54%, Test In: 71.10% Test OOD1: 62.63% Test OOD2: 51.76% Test OOD3: 61.21% 
Epoch: 152, Loss: 0.5689, Train: 94.03%, Valid: 70.49%, Test In: 71.04% Test OOD1: 62.49% Test OOD2: 51.74% Test OOD3: 61.14% 
Epoch: 153, Loss: 0.5661, Train: 93.92%, Valid: 70.49%, Test In: 71.02% Test OOD1: 62.96% Test OOD2: 51.74% Test OOD3: 61.34% 
Epoch: 154, Loss: 0.5632, Train: 94.42%, Valid: 70.46%, Test In: 70.96% Test OOD1: 62.40% Test OOD2: 51.79% Test OOD3: 61.17% 
Epoch: 155, Loss: 0.5593, Train: 94.39%, Valid: 70.49%, Test In: 70.91% Test OOD1: 62.80% Test OOD2: 51.75% Test OOD3: 61.33% 
Epoch: 156, Loss: 0.5568, Train: 94.59%, Valid: 70.46%, Test In: 70.84% Test OOD1: 62.68% Test OOD2: 51.78% Test OOD3: 61.31% 
Epoch: 157, Loss: 0.5598, Train: 94.55%, Valid: 70.47%, Test In: 70.80% Test OOD1: 62.95% Test OOD2: 51.70% Test OOD3: 61.35% 
Epoch: 158, Loss: 0.5543, Train: 94.94%, Valid: 70.44%, Test In: 70.79% Test OOD1: 62.52% Test OOD2: 51.75% Test OOD3: 61.19% 
Epoch: 159, Loss: 0.5451, Train: 95.05%, Valid: 70.43%, Test In: 70.79% Test OOD1: 62.59% Test OOD2: 51.71% Test OOD3: 61.16% 
Epoch: 160, Loss: 0.5391, Train: 95.06%, Valid: 70.42%, Test In: 70.77% Test OOD1: 62.75% Test OOD2: 51.67% Test OOD3: 61.18% 
Epoch: 161, Loss: 0.5434, Train: 95.34%, Valid: 70.41%, Test In: 70.75% Test OOD1: 62.54% Test OOD2: 51.68% Test OOD3: 61.09% 
Epoch: 162, Loss: 0.5341, Train: 95.38%, Valid: 70.42%, Test In: 70.80% Test OOD1: 62.64% Test OOD2: 51.63% Test OOD3: 61.11% 
Epoch: 163, Loss: 0.5318, Train: 95.49%, Valid: 70.40%, Test In: 70.81% Test OOD1: 62.61% Test OOD2: 51.62% Test OOD3: 61.09% 
Epoch: 164, Loss: 0.5278, Train: 95.64%, Valid: 70.40%, Test In: 70.79% Test OOD1: 62.58% Test OOD2: 51.62% Test OOD3: 61.07% 
Epoch: 165, Loss: 0.5283, Train: 95.63%, Valid: 70.42%, Test In: 70.82% Test OOD1: 62.74% Test OOD2: 51.59% Test OOD3: 61.12% 
Epoch: 166, Loss: 0.5207, Train: 95.86%, Valid: 70.37%, Test In: 70.81% Test OOD1: 62.43% Test OOD2: 51.65% Test OOD3: 61.00% 
Epoch: 167, Loss: 0.5220, Train: 95.90%, Valid: 70.37%, Test In: 70.83% Test OOD1: 62.63% Test OOD2: 51.64% Test OOD3: 61.05% 
Epoch: 168, Loss: 0.5139, Train: 95.83%, Valid: 70.38%, Test In: 70.86% Test OOD1: 62.97% Test OOD2: 51.55% Test OOD3: 61.20% 
Epoch: 169, Loss: 0.5198, Train: 96.24%, Valid: 70.30%, Test In: 70.81% Test OOD1: 62.35% Test OOD2: 51.65% Test OOD3: 60.97% 
Epoch: 170, Loss: 0.5174, Train: 96.14%, Valid: 70.32%, Test In: 70.79% Test OOD1: 62.83% Test OOD2: 51.57% Test OOD3: 61.18% 
Epoch: 171, Loss: 0.5139, Train: 96.39%, Valid: 70.30%, Test In: 70.74% Test OOD1: 62.49% Test OOD2: 51.54% Test OOD3: 61.02% 
Epoch: 172, Loss: 0.5225, Train: 96.39%, Valid: 70.22%, Test In: 70.69% Test OOD1: 62.40% Test OOD2: 51.65% Test OOD3: 61.01% 
Epoch: 173, Loss: 0.5193, Train: 96.55%, Valid: 70.30%, Test In: 70.71% Test OOD1: 62.46% Test OOD2: 51.56% Test OOD3: 61.00% 
Epoch: 174, Loss: 0.5063, Train: 96.57%, Valid: 70.30%, Test In: 70.68% Test OOD1: 62.58% Test OOD2: 51.57% Test OOD3: 61.01% 
Epoch: 175, Loss: 0.5019, Train: 96.60%, Valid: 70.21%, Test In: 70.63% Test OOD1: 62.50% Test OOD2: 51.58% Test OOD3: 60.92% 
Epoch: 176, Loss: 0.5031, Train: 96.86%, Valid: 70.20%, Test In: 70.59% Test OOD1: 62.19% Test OOD2: 51.58% Test OOD3: 60.73% 
Epoch: 177, Loss: 0.4994, Train: 96.64%, Valid: 70.25%, Test In: 70.60% Test OOD1: 62.66% Test OOD2: 51.42% Test OOD3: 60.90% 
Epoch: 178, Loss: 0.4940, Train: 97.05%, Valid: 70.15%, Test In: 70.54% Test OOD1: 62.02% Test OOD2: 51.48% Test OOD3: 60.60% 
Epoch: 179, Loss: 0.4882, Train: 97.06%, Valid: 70.11%, Test In: 70.53% Test OOD1: 62.07% Test OOD2: 51.46% Test OOD3: 60.59% 
Epoch: 180, Loss: 0.4901, Train: 97.08%, Valid: 70.11%, Test In: 70.54% Test OOD1: 62.30% Test OOD2: 51.44% Test OOD3: 60.64% 
Epoch: 181, Loss: 0.4854, Train: 97.19%, Valid: 70.09%, Test In: 70.51% Test OOD1: 62.29% Test OOD2: 51.48% Test OOD3: 60.60% 
Epoch: 182, Loss: 0.4798, Train: 97.25%, Valid: 70.08%, Test In: 70.48% Test OOD1: 62.36% Test OOD2: 51.52% Test OOD3: 60.61% 
Epoch: 183, Loss: 0.4813, Train: 97.35%, Valid: 70.09%, Test In: 70.48% Test OOD1: 62.44% Test OOD2: 51.51% Test OOD3: 60.63% 
Epoch: 184, Loss: 0.4733, Train: 97.34%, Valid: 70.08%, Test In: 70.47% Test OOD1: 62.63% Test OOD2: 51.52% Test OOD3: 60.72% 
Epoch: 185, Loss: 0.4739, Train: 97.63%, Valid: 70.02%, Test In: 70.40% Test OOD1: 62.00% Test OOD2: 51.63% Test OOD3: 60.52% 
Epoch: 186, Loss: 0.4715, Train: 97.53%, Valid: 70.06%, Test In: 70.45% Test OOD1: 62.53% Test OOD2: 51.54% Test OOD3: 60.67% 
Epoch: 187, Loss: 0.4743, Train: 97.79%, Valid: 70.01%, Test In: 70.38% Test OOD1: 62.04% Test OOD2: 51.58% Test OOD3: 60.45% 
Epoch: 188, Loss: 0.4683, Train: 97.76%, Valid: 70.01%, Test In: 70.37% Test OOD1: 62.17% Test OOD2: 51.55% Test OOD3: 60.44% 
Epoch: 189, Loss: 0.4658, Train: 97.83%, Valid: 70.00%, Test In: 70.34% Test OOD1: 62.25% Test OOD2: 51.52% Test OOD3: 60.46% 
Epoch: 190, Loss: 0.4676, Train: 97.96%, Valid: 69.97%, Test In: 70.31% Test OOD1: 62.11% Test OOD2: 51.52% Test OOD3: 60.44% 
Epoch: 191, Loss: 0.4642, Train: 97.80%, Valid: 69.99%, Test In: 70.35% Test OOD1: 62.65% Test OOD2: 51.47% Test OOD3: 60.65% 
Epoch: 192, Loss: 0.4696, Train: 98.11%, Valid: 69.99%, Test In: 70.34% Test OOD1: 62.03% Test OOD2: 51.58% Test OOD3: 60.55% 
Epoch: 193, Loss: 0.4571, Train: 98.02%, Valid: 70.07%, Test In: 70.42% Test OOD1: 62.47% Test OOD2: 51.53% Test OOD3: 60.73% 
Epoch: 194, Loss: 0.4511, Train: 98.04%, Valid: 70.05%, Test In: 70.41% Test OOD1: 62.43% Test OOD2: 51.54% Test OOD3: 60.78% 
Epoch: 195, Loss: 0.4526, Train: 98.20%, Valid: 70.05%, Test In: 70.39% Test OOD1: 62.16% Test OOD2: 51.61% Test OOD3: 60.72% 
Epoch: 196, Loss: 0.4455, Train: 98.17%, Valid: 70.03%, Test In: 70.38% Test OOD1: 62.48% Test OOD2: 51.54% Test OOD3: 60.76% 
Epoch: 197, Loss: 0.4367, Train: 98.30%, Valid: 69.95%, Test In: 70.30% Test OOD1: 62.30% Test OOD2: 51.52% Test OOD3: 60.59% 
Epoch: 198, Loss: 0.4393, Train: 98.36%, Valid: 69.92%, Test In: 70.26% Test OOD1: 62.29% Test OOD2: 51.51% Test OOD3: 60.56% 
Epoch: 199, Loss: 0.4404, Train: 98.36%, Valid: 69.86%, Test In: 70.22% Test OOD1: 62.40% Test OOD2: 51.42% Test OOD3: 60.59% 
Run 02:
Highest Train: 98.36
Highest Valid: 71.53
Highest In Test: 72.09
Highest OOD Test: 67.08
Highest OOD Test: 52.60
Highest OOD Test: 63.58
Chosen epoch: 66
Final Train: 79.21
Final In Test: 71.91
Final OOD Test: 65.62
Final OOD Test: 52.28
Final OOD Test: 62.60
Epoch: 00, Loss: 1.0394, Train: 64.20%, Valid: 61.97%, Test In: 61.79% Test OOD1: 62.10% Test OOD2: 51.05% Test OOD3: 58.77% 
Epoch: 01, Loss: 1.0374, Train: 65.61%, Valid: 63.09%, Test In: 63.01% Test OOD1: 62.84% Test OOD2: 51.44% Test OOD3: 59.64% 
Epoch: 02, Loss: 1.0356, Train: 66.84%, Valid: 63.95%, Test In: 64.11% Test OOD1: 63.26% Test OOD2: 51.71% Test OOD3: 60.32% 
Epoch: 03, Loss: 1.0336, Train: 67.85%, Valid: 64.53%, Test In: 65.00% Test OOD1: 63.53% Test OOD2: 51.93% Test OOD3: 60.79% 
Epoch: 04, Loss: 1.0310, Train: 68.57%, Valid: 64.94%, Test In: 65.76% Test OOD1: 63.53% Test OOD2: 52.15% Test OOD3: 61.08% 
Epoch: 05, Loss: 1.0280, Train: 69.03%, Valid: 65.16%, Test In: 66.27% Test OOD1: 63.13% Test OOD2: 52.54% Test OOD3: 61.27% 
Epoch: 06, Loss: 1.0245, Train: 69.07%, Valid: 65.01%, Test In: 66.31% Test OOD1: 62.10% Test OOD2: 52.86% Test OOD3: 61.29% 
Epoch: 07, Loss: 1.0212, Train: 68.77%, Valid: 64.61%, Test In: 65.95% Test OOD1: 60.99% Test OOD2: 53.10% Test OOD3: 61.14% 
Epoch: 08, Loss: 1.0175, Train: 68.68%, Valid: 64.54%, Test In: 65.88% Test OOD1: 60.75% Test OOD2: 53.14% Test OOD3: 61.13% 
Epoch: 09, Loss: 1.0139, Train: 69.05%, Valid: 65.04%, Test In: 66.33% Test OOD1: 61.92% Test OOD2: 52.93% Test OOD3: 61.44% 
Epoch: 10, Loss: 1.0110, Train: 69.05%, Valid: 65.39%, Test In: 66.42% Test OOD1: 63.33% Test OOD2: 52.34% Test OOD3: 61.32% 
Epoch: 11, Loss: 1.0084, Train: 68.15%, Valid: 64.95%, Test In: 65.44% Test OOD1: 63.58% Test OOD2: 51.76% Test OOD3: 60.67% 
Epoch: 12, Loss: 1.0052, Train: 66.75%, Valid: 64.09%, Test In: 64.20% Test OOD1: 63.13% Test OOD2: 51.43% Test OOD3: 60.02% 
Epoch: 13, Loss: 1.0029, Train: 65.82%, Valid: 63.48%, Test In: 63.38% Test OOD1: 62.77% Test OOD2: 51.20% Test OOD3: 59.55% 
Epoch: 14, Loss: 1.0002, Train: 65.22%, Valid: 63.06%, Test In: 62.84% Test OOD1: 62.50% Test OOD2: 51.07% Test OOD3: 59.24% 
Epoch: 15, Loss: 0.9967, Train: 64.84%, Valid: 62.78%, Test In: 62.51% Test OOD1: 62.33% Test OOD2: 50.98% Test OOD3: 59.05% 
Epoch: 16, Loss: 0.9938, Train: 64.62%, Valid: 62.63%, Test In: 62.33% Test OOD1: 62.25% Test OOD2: 50.93% Test OOD3: 58.96% 
Epoch: 17, Loss: 0.9923, Train: 64.56%, Valid: 62.58%, Test In: 62.28% Test OOD1: 62.23% Test OOD2: 50.91% Test OOD3: 58.95% 
Epoch: 18, Loss: 0.9885, Train: 64.60%, Valid: 62.62%, Test In: 62.32% Test OOD1: 62.28% Test OOD2: 50.91% Test OOD3: 59.01% 
Epoch: 19, Loss: 0.9864, Train: 64.74%, Valid: 62.72%, Test In: 62.45% Test OOD1: 62.36% Test OOD2: 50.93% Test OOD3: 59.11% 
Epoch: 20, Loss: 0.9835, Train: 64.96%, Valid: 62.89%, Test In: 62.66% Test OOD1: 62.48% Test OOD2: 50.95% Test OOD3: 59.27% 
Epoch: 21, Loss: 0.9811, Train: 65.25%, Valid: 63.11%, Test In: 62.92% Test OOD1: 62.63% Test OOD2: 50.99% Test OOD3: 59.45% 
Epoch: 22, Loss: 0.9776, Train: 65.62%, Valid: 63.38%, Test In: 63.24% Test OOD1: 62.80% Test OOD2: 51.04% Test OOD3: 59.66% 
Epoch: 23, Loss: 0.9747, Train: 66.03%, Valid: 63.70%, Test In: 63.61% Test OOD1: 63.01% Test OOD2: 51.09% Test OOD3: 59.88% 
Epoch: 24, Loss: 0.9717, Train: 66.52%, Valid: 64.07%, Test In: 64.06% Test OOD1: 63.24% Test OOD2: 51.15% Test OOD3: 60.13% 
Epoch: 25, Loss: 0.9676, Train: 67.14%, Valid: 64.55%, Test In: 64.61% Test OOD1: 63.53% Test OOD2: 51.23% Test OOD3: 60.43% 
Epoch: 26, Loss: 0.9633, Train: 67.89%, Valid: 65.13%, Test In: 65.30% Test OOD1: 63.90% Test OOD2: 51.31% Test OOD3: 60.78% 
Epoch: 27, Loss: 0.9608, Train: 68.65%, Valid: 65.72%, Test In: 65.98% Test OOD1: 64.27% Test OOD2: 51.38% Test OOD3: 61.13% 
Epoch: 28, Loss: 0.9552, Train: 69.60%, Valid: 66.46%, Test In: 66.80% Test OOD1: 64.71% Test OOD2: 51.49% Test OOD3: 61.55% 
Epoch: 29, Loss: 0.9492, Train: 70.59%, Valid: 67.25%, Test In: 67.69% Test OOD1: 65.17% Test OOD2: 51.60% Test OOD3: 61.98% 
Epoch: 30, Loss: 0.9453, Train: 71.35%, Valid: 67.84%, Test In: 68.34% Test OOD1: 65.53% Test OOD2: 51.67% Test OOD3: 62.31% 
Epoch: 31, Loss: 0.9388, Train: 72.40%, Valid: 68.64%, Test In: 69.22% Test OOD1: 65.98% Test OOD2: 51.83% Test OOD3: 62.74% 
Epoch: 32, Loss: 0.9336, Train: 73.10%, Valid: 69.19%, Test In: 69.79% Test OOD1: 66.24% Test OOD2: 51.91% Test OOD3: 63.01% 
Epoch: 33, Loss: 0.9283, Train: 73.65%, Valid: 69.63%, Test In: 70.23% Test OOD1: 66.44% Test OOD2: 51.98% Test OOD3: 63.20% 
Epoch: 34, Loss: 0.9252, Train: 74.41%, Valid: 70.18%, Test In: 70.81% Test OOD1: 66.49% Test OOD2: 52.17% Test OOD3: 63.44% 
Epoch: 35, Loss: 0.9186, Train: 74.99%, Valid: 70.61%, Test In: 71.24% Test OOD1: 66.42% Test OOD2: 52.28% Test OOD3: 63.56% 
Epoch: 36, Loss: 0.9153, Train: 74.59%, Valid: 70.28%, Test In: 70.88% Test OOD1: 66.79% Test OOD2: 52.07% Test OOD3: 63.44% 
Epoch: 37, Loss: 0.9161, Train: 75.37%, Valid: 70.78%, Test In: 71.41% Test OOD1: 66.52% Test OOD2: 52.32% Test OOD3: 63.59% 
Epoch: 38, Loss: 0.9085, Train: 75.91%, Valid: 71.04%, Test In: 71.72% Test OOD1: 65.85% Test OOD2: 52.54% Test OOD3: 63.56% 
Epoch: 39, Loss: 0.9116, Train: 75.77%, Valid: 70.93%, Test In: 71.59% Test OOD1: 66.47% Test OOD2: 52.40% Test OOD3: 63.60% 
Epoch: 40, Loss: 0.9029, Train: 75.61%, Valid: 70.75%, Test In: 71.41% Test OOD1: 66.79% Test OOD2: 52.28% Test OOD3: 63.58% 
Epoch: 41, Loss: 0.9040, Train: 76.11%, Valid: 70.98%, Test In: 71.66% Test OOD1: 66.38% Test OOD2: 52.47% Test OOD3: 63.61% 
Epoch: 42, Loss: 0.8995, Train: 76.46%, Valid: 71.09%, Test In: 71.79% Test OOD1: 65.73% Test OOD2: 52.64% Test OOD3: 63.49% 
Epoch: 43, Loss: 0.8966, Train: 76.50%, Valid: 71.08%, Test In: 71.77% Test OOD1: 66.06% Test OOD2: 52.61% Test OOD3: 63.53% 
Epoch: 44, Loss: 0.8938, Train: 76.34%, Valid: 70.93%, Test In: 71.62% Test OOD1: 66.61% Test OOD2: 52.49% Test OOD3: 63.60% 
Epoch: 45, Loss: 0.8891, Train: 76.46%, Valid: 70.94%, Test In: 71.61% Test OOD1: 66.63% Test OOD2: 52.50% Test OOD3: 63.59% 
Epoch: 46, Loss: 0.8854, Train: 76.84%, Valid: 71.08%, Test In: 71.73% Test OOD1: 66.18% Test OOD2: 52.62% Test OOD3: 63.50% 
Epoch: 47, Loss: 0.8825, Train: 77.02%, Valid: 71.12%, Test In: 71.79% Test OOD1: 65.85% Test OOD2: 52.63% Test OOD3: 63.37% 
Epoch: 48, Loss: 0.8816, Train: 77.08%, Valid: 71.13%, Test In: 71.76% Test OOD1: 66.24% Test OOD2: 52.57% Test OOD3: 63.45% 
Epoch: 49, Loss: 0.8755, Train: 77.00%, Valid: 71.00%, Test In: 71.62% Test OOD1: 66.56% Test OOD2: 52.48% Test OOD3: 63.49% 
Epoch: 50, Loss: 0.8737, Train: 77.13%, Valid: 70.98%, Test In: 71.59% Test OOD1: 66.45% Test OOD2: 52.43% Test OOD3: 63.42% 
Epoch: 51, Loss: 0.8719, Train: 77.45%, Valid: 71.12%, Test In: 71.67% Test OOD1: 66.30% Test OOD2: 52.48% Test OOD3: 63.37% 
Epoch: 52, Loss: 0.8661, Train: 77.61%, Valid: 71.14%, Test In: 71.70% Test OOD1: 66.12% Test OOD2: 52.47% Test OOD3: 63.29% 
Epoch: 53, Loss: 0.8635, Train: 77.62%, Valid: 71.08%, Test In: 71.65% Test OOD1: 66.21% Test OOD2: 52.35% Test OOD3: 63.26% 
Epoch: 54, Loss: 0.8594, Train: 77.66%, Valid: 71.10%, Test In: 71.59% Test OOD1: 66.56% Test OOD2: 52.27% Test OOD3: 63.29% 
Epoch: 55, Loss: 0.8583, Train: 77.78%, Valid: 71.05%, Test In: 71.55% Test OOD1: 66.30% Test OOD2: 52.22% Test OOD3: 63.15% 
Epoch: 56, Loss: 0.8533, Train: 78.00%, Valid: 71.11%, Test In: 71.58% Test OOD1: 66.13% Test OOD2: 52.23% Test OOD3: 63.04% 
Epoch: 57, Loss: 0.8497, Train: 78.10%, Valid: 71.12%, Test In: 71.58% Test OOD1: 66.21% Test OOD2: 52.24% Test OOD3: 63.02% 
Epoch: 58, Loss: 0.8462, Train: 78.18%, Valid: 71.11%, Test In: 71.59% Test OOD1: 66.01% Test OOD2: 52.11% Test OOD3: 62.87% 
Epoch: 59, Loss: 0.8434, Train: 78.26%, Valid: 71.07%, Test In: 71.53% Test OOD1: 66.04% Test OOD2: 52.08% Test OOD3: 62.81% 
Epoch: 60, Loss: 0.8386, Train: 78.51%, Valid: 71.16%, Test In: 71.58% Test OOD1: 65.99% Test OOD2: 52.05% Test OOD3: 62.76% 
Epoch: 61, Loss: 0.8356, Train: 78.55%, Valid: 71.08%, Test In: 71.54% Test OOD1: 65.53% Test OOD2: 52.05% Test OOD3: 62.57% 
Epoch: 62, Loss: 0.8377, Train: 78.75%, Valid: 71.16%, Test In: 71.58% Test OOD1: 65.87% Test OOD2: 51.99% Test OOD3: 62.69% 
Epoch: 63, Loss: 0.8317, Train: 78.88%, Valid: 71.16%, Test In: 71.59% Test OOD1: 65.73% Test OOD2: 51.92% Test OOD3: 62.65% 
Epoch: 64, Loss: 0.8273, Train: 78.91%, Valid: 71.10%, Test In: 71.53% Test OOD1: 65.46% Test OOD2: 51.94% Test OOD3: 62.56% 
Epoch: 65, Loss: 0.8191, Train: 79.06%, Valid: 71.13%, Test In: 71.54% Test OOD1: 65.80% Test OOD2: 51.88% Test OOD3: 62.71% 
Epoch: 66, Loss: 0.8217, Train: 79.27%, Valid: 71.19%, Test In: 71.61% Test OOD1: 65.55% Test OOD2: 51.84% Test OOD3: 62.68% 
Epoch: 67, Loss: 0.8188, Train: 79.27%, Valid: 71.15%, Test In: 71.57% Test OOD1: 65.41% Test OOD2: 51.90% Test OOD3: 62.61% 
Epoch: 68, Loss: 0.8187, Train: 79.29%, Valid: 71.12%, Test In: 71.54% Test OOD1: 65.85% Test OOD2: 51.87% Test OOD3: 62.71% 
Epoch: 69, Loss: 0.8166, Train: 79.60%, Valid: 71.20%, Test In: 71.63% Test OOD1: 65.45% Test OOD2: 51.82% Test OOD3: 62.61% 
Epoch: 70, Loss: 0.8100, Train: 79.69%, Valid: 71.20%, Test In: 71.65% Test OOD1: 65.09% Test OOD2: 51.95% Test OOD3: 62.45% 
Epoch: 71, Loss: 0.8091, Train: 79.75%, Valid: 71.20%, Test In: 71.65% Test OOD1: 65.59% Test OOD2: 51.91% Test OOD3: 62.58% 
Epoch: 72, Loss: 0.8097, Train: 79.92%, Valid: 71.21%, Test In: 71.66% Test OOD1: 65.44% Test OOD2: 51.86% Test OOD3: 62.52% 
Epoch: 73, Loss: 0.8007, Train: 80.11%, Valid: 71.25%, Test In: 71.73% Test OOD1: 64.77% Test OOD2: 52.02% Test OOD3: 62.27% 
Epoch: 74, Loss: 0.8071, Train: 80.29%, Valid: 71.28%, Test In: 71.76% Test OOD1: 65.26% Test OOD2: 51.93% Test OOD3: 62.45% 
Epoch: 75, Loss: 0.7996, Train: 80.18%, Valid: 71.20%, Test In: 71.70% Test OOD1: 65.58% Test OOD2: 51.91% Test OOD3: 62.52% 
Epoch: 76, Loss: 0.7988, Train: 80.47%, Valid: 71.24%, Test In: 71.78% Test OOD1: 65.05% Test OOD2: 51.95% Test OOD3: 62.35% 
Epoch: 77, Loss: 0.7946, Train: 80.69%, Valid: 71.30%, Test In: 71.84% Test OOD1: 65.10% Test OOD2: 51.87% Test OOD3: 62.42% 
Epoch: 78, Loss: 0.7910, Train: 80.52%, Valid: 71.18%, Test In: 71.76% Test OOD1: 65.45% Test OOD2: 51.89% Test OOD3: 62.51% 
Epoch: 79, Loss: 0.7907, Train: 80.84%, Valid: 71.23%, Test In: 71.79% Test OOD1: 65.42% Test OOD2: 51.82% Test OOD3: 62.49% 
Epoch: 80, Loss: 0.7857, Train: 81.03%, Valid: 71.24%, Test In: 71.81% Test OOD1: 65.03% Test OOD2: 51.83% Test OOD3: 62.34% 
Epoch: 81, Loss: 0.7830, Train: 81.05%, Valid: 71.17%, Test In: 71.74% Test OOD1: 65.19% Test OOD2: 51.76% Test OOD3: 62.36% 
Epoch: 82, Loss: 0.7800, Train: 81.35%, Valid: 71.17%, Test In: 71.75% Test OOD1: 65.20% Test OOD2: 51.77% Test OOD3: 62.32% 
Epoch: 83, Loss: 0.7799, Train: 81.57%, Valid: 71.20%, Test In: 71.77% Test OOD1: 64.90% Test OOD2: 51.75% Test OOD3: 62.21% 
Epoch: 84, Loss: 0.7745, Train: 81.60%, Valid: 71.13%, Test In: 71.71% Test OOD1: 64.80% Test OOD2: 51.71% Test OOD3: 62.17% 
Epoch: 85, Loss: 0.7740, Train: 81.90%, Valid: 71.19%, Test In: 71.76% Test OOD1: 64.96% Test OOD2: 51.67% Test OOD3: 62.24% 
Epoch: 86, Loss: 0.7702, Train: 81.92%, Valid: 71.13%, Test In: 71.75% Test OOD1: 64.73% Test OOD2: 51.75% Test OOD3: 62.18% 
Epoch: 87, Loss: 0.7756, Train: 82.05%, Valid: 71.18%, Test In: 71.72% Test OOD1: 64.94% Test OOD2: 51.53% Test OOD3: 62.30% 
Epoch: 88, Loss: 0.7710, Train: 82.33%, Valid: 71.19%, Test In: 71.80% Test OOD1: 64.84% Test OOD2: 51.61% Test OOD3: 62.30% 
Epoch: 89, Loss: 0.7568, Train: 82.28%, Valid: 71.12%, Test In: 71.81% Test OOD1: 64.80% Test OOD2: 51.69% Test OOD3: 62.35% 
Epoch: 90, Loss: 0.7712, Train: 82.52%, Valid: 71.20%, Test In: 71.83% Test OOD1: 64.90% Test OOD2: 51.53% Test OOD3: 62.41% 
Epoch: 91, Loss: 0.7609, Train: 82.72%, Valid: 71.22%, Test In: 71.91% Test OOD1: 64.89% Test OOD2: 51.56% Test OOD3: 62.42% 
Epoch: 92, Loss: 0.7534, Train: 82.80%, Valid: 71.09%, Test In: 71.89% Test OOD1: 64.82% Test OOD2: 51.66% Test OOD3: 62.39% 
Epoch: 93, Loss: 0.7590, Train: 83.15%, Valid: 71.12%, Test In: 71.89% Test OOD1: 64.45% Test OOD2: 51.66% Test OOD3: 62.25% 
Epoch: 94, Loss: 0.7482, Train: 83.21%, Valid: 71.20%, Test In: 71.94% Test OOD1: 64.76% Test OOD2: 51.58% Test OOD3: 62.34% 
Epoch: 95, Loss: 0.7492, Train: 83.43%, Valid: 71.07%, Test In: 71.86% Test OOD1: 64.80% Test OOD2: 51.60% Test OOD3: 62.35% 
Epoch: 96, Loss: 0.7506, Train: 83.70%, Valid: 71.10%, Test In: 71.90% Test OOD1: 64.09% Test OOD2: 51.74% Test OOD3: 62.10% 
Epoch: 97, Loss: 0.7441, Train: 83.77%, Valid: 71.08%, Test In: 71.85% Test OOD1: 64.64% Test OOD2: 51.62% Test OOD3: 62.29% 
Epoch: 98, Loss: 0.7358, Train: 83.99%, Valid: 71.07%, Test In: 71.83% Test OOD1: 64.82% Test OOD2: 51.60% Test OOD3: 62.35% 
Epoch: 99, Loss: 0.7401, Train: 84.28%, Valid: 71.06%, Test In: 71.86% Test OOD1: 64.14% Test OOD2: 51.71% Test OOD3: 62.13% 
Epoch: 100, Loss: 0.7313, Train: 84.28%, Valid: 71.01%, Test In: 71.80% Test OOD1: 64.64% Test OOD2: 51.63% Test OOD3: 62.32% 
Epoch: 101, Loss: 0.7247, Train: 84.68%, Valid: 71.09%, Test In: 71.86% Test OOD1: 64.51% Test OOD2: 51.65% Test OOD3: 62.29% 
Epoch: 102, Loss: 0.7232, Train: 84.82%, Valid: 71.06%, Test In: 71.84% Test OOD1: 64.26% Test OOD2: 51.64% Test OOD3: 62.21% 
Epoch: 103, Loss: 0.7185, Train: 84.93%, Valid: 70.98%, Test In: 71.77% Test OOD1: 64.27% Test OOD2: 51.67% Test OOD3: 62.24% 
Epoch: 104, Loss: 0.7197, Train: 85.32%, Valid: 71.04%, Test In: 71.85% Test OOD1: 64.20% Test OOD2: 51.67% Test OOD3: 62.21% 
Epoch: 105, Loss: 0.7133, Train: 85.31%, Valid: 70.97%, Test In: 71.76% Test OOD1: 64.29% Test OOD2: 51.56% Test OOD3: 62.23% 
Epoch: 106, Loss: 0.7177, Train: 85.52%, Valid: 70.93%, Test In: 71.77% Test OOD1: 64.29% Test OOD2: 51.66% Test OOD3: 62.27% 
Epoch: 107, Loss: 0.7100, Train: 85.94%, Valid: 70.95%, Test In: 71.76% Test OOD1: 63.90% Test OOD2: 51.68% Test OOD3: 62.09% 
Epoch: 108, Loss: 0.7035, Train: 85.78%, Valid: 70.92%, Test In: 71.68% Test OOD1: 64.44% Test OOD2: 51.56% Test OOD3: 62.28% 
Epoch: 109, Loss: 0.7084, Train: 86.32%, Valid: 70.96%, Test In: 71.77% Test OOD1: 63.97% Test OOD2: 51.74% Test OOD3: 62.14% 
Epoch: 110, Loss: 0.7016, Train: 86.42%, Valid: 70.87%, Test In: 71.66% Test OOD1: 63.89% Test OOD2: 51.69% Test OOD3: 62.09% 
Epoch: 111, Loss: 0.6954, Train: 86.58%, Valid: 70.94%, Test In: 71.72% Test OOD1: 64.03% Test OOD2: 51.70% Test OOD3: 62.17% 
Epoch: 112, Loss: 0.6902, Train: 86.84%, Valid: 70.87%, Test In: 71.67% Test OOD1: 64.13% Test OOD2: 51.71% Test OOD3: 62.22% 
Epoch: 113, Loss: 0.6865, Train: 87.02%, Valid: 70.82%, Test In: 71.60% Test OOD1: 63.68% Test OOD2: 51.75% Test OOD3: 62.05% 
Epoch: 114, Loss: 0.6869, Train: 87.18%, Valid: 70.85%, Test In: 71.65% Test OOD1: 64.05% Test OOD2: 51.71% Test OOD3: 62.18% 
Epoch: 115, Loss: 0.6800, Train: 87.44%, Valid: 70.77%, Test In: 71.56% Test OOD1: 64.10% Test OOD2: 51.68% Test OOD3: 62.14% 
Epoch: 116, Loss: 0.6792, Train: 87.74%, Valid: 70.78%, Test In: 71.59% Test OOD1: 63.43% Test OOD2: 51.76% Test OOD3: 61.88% 
Epoch: 117, Loss: 0.6770, Train: 87.71%, Valid: 70.76%, Test In: 71.52% Test OOD1: 64.25% Test OOD2: 51.59% Test OOD3: 62.14% 
Epoch: 118, Loss: 0.6699, Train: 88.17%, Valid: 70.82%, Test In: 71.56% Test OOD1: 63.82% Test OOD2: 51.68% Test OOD3: 61.93% 
Epoch: 119, Loss: 0.6610, Train: 88.35%, Valid: 70.84%, Test In: 71.57% Test OOD1: 63.62% Test OOD2: 51.71% Test OOD3: 61.84% 
Epoch: 120, Loss: 0.6644, Train: 88.47%, Valid: 70.80%, Test In: 71.52% Test OOD1: 64.09% Test OOD2: 51.61% Test OOD3: 61.98% 
Epoch: 121, Loss: 0.6569, Train: 88.89%, Valid: 70.83%, Test In: 71.59% Test OOD1: 63.54% Test OOD2: 51.71% Test OOD3: 61.71% 
Epoch: 122, Loss: 0.6520, Train: 89.07%, Valid: 70.82%, Test In: 71.58% Test OOD1: 63.53% Test OOD2: 51.73% Test OOD3: 61.71% 
Epoch: 123, Loss: 0.6510, Train: 89.40%, Valid: 70.77%, Test In: 71.53% Test OOD1: 63.59% Test OOD2: 51.69% Test OOD3: 61.67% 
Epoch: 124, Loss: 0.6454, Train: 89.60%, Valid: 70.78%, Test In: 71.53% Test OOD1: 63.49% Test OOD2: 51.69% Test OOD3: 61.60% 
Epoch: 125, Loss: 0.6390, Train: 89.88%, Valid: 70.77%, Test In: 71.47% Test OOD1: 63.40% Test OOD2: 51.68% Test OOD3: 61.57% 
Epoch: 126, Loss: 0.6414, Train: 90.11%, Valid: 70.70%, Test In: 71.42% Test OOD1: 63.48% Test OOD2: 51.59% Test OOD3: 61.54% 
Epoch: 127, Loss: 0.6377, Train: 90.31%, Valid: 70.71%, Test In: 71.42% Test OOD1: 63.45% Test OOD2: 51.60% Test OOD3: 61.54% 
Epoch: 128, Loss: 0.6336, Train: 90.73%, Valid: 70.61%, Test In: 71.35% Test OOD1: 63.07% Test OOD2: 51.63% Test OOD3: 61.36% 
Epoch: 129, Loss: 0.6365, Train: 90.53%, Valid: 70.63%, Test In: 71.36% Test OOD1: 63.84% Test OOD2: 51.50% Test OOD3: 61.67% 
Epoch: 130, Loss: 0.6309, Train: 91.11%, Valid: 70.58%, Test In: 71.36% Test OOD1: 63.09% Test OOD2: 51.59% Test OOD3: 61.36% 
Epoch: 131, Loss: 0.6272, Train: 90.94%, Valid: 70.57%, Test In: 71.33% Test OOD1: 63.70% Test OOD2: 51.53% Test OOD3: 61.68% 
Epoch: 132, Loss: 0.6366, Train: 91.37%, Valid: 70.55%, Test In: 71.38% Test OOD1: 63.11% Test OOD2: 51.57% Test OOD3: 61.38% 
Epoch: 133, Loss: 0.6275, Train: 91.56%, Valid: 70.59%, Test In: 71.41% Test OOD1: 63.46% Test OOD2: 51.55% Test OOD3: 61.56% 
Epoch: 134, Loss: 0.6155, Train: 91.56%, Valid: 70.59%, Test In: 71.40% Test OOD1: 63.52% Test OOD2: 51.54% Test OOD3: 61.62% 
Epoch: 135, Loss: 0.6149, Train: 92.07%, Valid: 70.53%, Test In: 71.39% Test OOD1: 62.80% Test OOD2: 51.61% Test OOD3: 61.29% 
Epoch: 136, Loss: 0.6140, Train: 91.90%, Valid: 70.56%, Test In: 71.38% Test OOD1: 63.49% Test OOD2: 51.53% Test OOD3: 61.60% 
Epoch: 137, Loss: 0.6023, Train: 92.09%, Valid: 70.53%, Test In: 71.36% Test OOD1: 63.33% Test OOD2: 51.56% Test OOD3: 61.53% 
Epoch: 138, Loss: 0.5967, Train: 92.40%, Valid: 70.44%, Test In: 71.26% Test OOD1: 63.21% Test OOD2: 51.55% Test OOD3: 61.43% 
Epoch: 139, Loss: 0.6029, Train: 92.58%, Valid: 70.46%, Test In: 71.32% Test OOD1: 62.93% Test OOD2: 51.58% Test OOD3: 61.33% 
Epoch: 140, Loss: 0.6034, Train: 92.67%, Valid: 70.36%, Test In: 71.17% Test OOD1: 63.46% Test OOD2: 51.46% Test OOD3: 61.53% 
Epoch: 141, Loss: 0.6083, Train: 92.98%, Valid: 70.41%, Test In: 71.25% Test OOD1: 63.05% Test OOD2: 51.55% Test OOD3: 61.35% 
Epoch: 142, Loss: 0.5794, Train: 93.21%, Valid: 70.42%, Test In: 71.27% Test OOD1: 62.77% Test OOD2: 51.60% Test OOD3: 61.23% 
Epoch: 143, Loss: 0.5892, Train: 93.25%, Valid: 70.38%, Test In: 71.13% Test OOD1: 63.46% Test OOD2: 51.53% Test OOD3: 61.52% 
Epoch: 144, Loss: 0.5870, Train: 93.30%, Valid: 70.38%, Test In: 71.09% Test OOD1: 63.58% Test OOD2: 51.50% Test OOD3: 61.54% 
Epoch: 145, Loss: 0.5808, Train: 93.75%, Valid: 70.41%, Test In: 71.14% Test OOD1: 62.93% Test OOD2: 51.58% Test OOD3: 61.26% 
Epoch: 146, Loss: 0.5840, Train: 93.80%, Valid: 70.39%, Test In: 71.08% Test OOD1: 63.23% Test OOD2: 51.49% Test OOD3: 61.39% 
Epoch: 147, Loss: 0.5694, Train: 94.06%, Valid: 70.27%, Test In: 70.94% Test OOD1: 63.15% Test OOD2: 51.43% Test OOD3: 61.34% 
Epoch: 148, Loss: 0.5702, Train: 94.27%, Valid: 70.28%, Test In: 70.95% Test OOD1: 63.00% Test OOD2: 51.41% Test OOD3: 61.30% 
Epoch: 149, Loss: 0.5617, Train: 94.52%, Valid: 70.27%, Test In: 70.96% Test OOD1: 62.50% Test OOD2: 51.44% Test OOD3: 61.12% 
Epoch: 150, Loss: 0.5637, Train: 94.60%, Valid: 70.22%, Test In: 70.91% Test OOD1: 62.57% Test OOD2: 51.37% Test OOD3: 61.16% 
Epoch: 151, Loss: 0.5579, Train: 94.73%, Valid: 70.21%, Test In: 70.84% Test OOD1: 63.02% Test OOD2: 51.28% Test OOD3: 61.36% 
Epoch: 152, Loss: 0.5600, Train: 94.60%, Valid: 70.21%, Test In: 70.86% Test OOD1: 63.22% Test OOD2: 51.24% Test OOD3: 61.48% 
Epoch: 153, Loss: 0.5543, Train: 95.02%, Valid: 70.22%, Test In: 70.92% Test OOD1: 62.58% Test OOD2: 51.32% Test OOD3: 61.21% 
Epoch: 154, Loss: 0.5742, Train: 94.78%, Valid: 70.30%, Test In: 70.96% Test OOD1: 63.12% Test OOD2: 51.25% Test OOD3: 61.47% 
Epoch: 155, Loss: 0.5557, Train: 95.09%, Valid: 70.29%, Test In: 70.94% Test OOD1: 62.93% Test OOD2: 51.22% Test OOD3: 61.36% 
Epoch: 156, Loss: 0.5409, Train: 95.45%, Valid: 70.25%, Test In: 70.90% Test OOD1: 62.55% Test OOD2: 51.26% Test OOD3: 61.17% 
Epoch: 157, Loss: 0.5527, Train: 95.44%, Valid: 70.25%, Test In: 70.90% Test OOD1: 62.47% Test OOD2: 51.27% Test OOD3: 61.12% 
Epoch: 158, Loss: 0.5370, Train: 95.49%, Valid: 70.22%, Test In: 70.83% Test OOD1: 62.81% Test OOD2: 51.27% Test OOD3: 61.17% 
Epoch: 159, Loss: 0.5363, Train: 95.82%, Valid: 70.12%, Test In: 70.68% Test OOD1: 62.69% Test OOD2: 51.34% Test OOD3: 60.98% 
Epoch: 160, Loss: 0.5352, Train: 95.90%, Valid: 70.09%, Test In: 70.62% Test OOD1: 62.71% Test OOD2: 51.41% Test OOD3: 60.90% 
Epoch: 161, Loss: 0.5239, Train: 95.86%, Valid: 70.07%, Test In: 70.67% Test OOD1: 62.69% Test OOD2: 51.46% Test OOD3: 60.92% 
Epoch: 162, Loss: 0.5291, Train: 96.04%, Valid: 70.02%, Test In: 70.63% Test OOD1: 62.62% Test OOD2: 51.47% Test OOD3: 60.91% 
Epoch: 163, Loss: 0.5146, Train: 96.18%, Valid: 69.98%, Test In: 70.59% Test OOD1: 62.65% Test OOD2: 51.43% Test OOD3: 60.93% 
Epoch: 164, Loss: 0.5224, Train: 96.19%, Valid: 69.98%, Test In: 70.61% Test OOD1: 62.72% Test OOD2: 51.37% Test OOD3: 60.97% 
Epoch: 165, Loss: 0.5111, Train: 96.31%, Valid: 69.98%, Test In: 70.64% Test OOD1: 62.63% Test OOD2: 51.34% Test OOD3: 60.94% 
Epoch: 166, Loss: 0.5148, Train: 96.56%, Valid: 69.98%, Test In: 70.61% Test OOD1: 62.44% Test OOD2: 51.31% Test OOD3: 60.85% 
Epoch: 167, Loss: 0.5045, Train: 96.66%, Valid: 70.00%, Test In: 70.66% Test OOD1: 62.52% Test OOD2: 51.27% Test OOD3: 60.88% 
Epoch: 168, Loss: 0.5096, Train: 96.68%, Valid: 70.03%, Test In: 70.71% Test OOD1: 62.60% Test OOD2: 51.25% Test OOD3: 60.94% 
Epoch: 169, Loss: 0.5035, Train: 96.86%, Valid: 69.99%, Test In: 70.69% Test OOD1: 62.46% Test OOD2: 51.27% Test OOD3: 60.83% 
Epoch: 170, Loss: 0.5016, Train: 96.67%, Valid: 69.99%, Test In: 70.67% Test OOD1: 63.20% Test OOD2: 51.19% Test OOD3: 61.13% 
Epoch: 171, Loss: 0.5056, Train: 96.91%, Valid: 70.01%, Test In: 70.66% Test OOD1: 62.79% Test OOD2: 51.25% Test OOD3: 60.90% 
Epoch: 172, Loss: 0.5001, Train: 96.77%, Valid: 70.05%, Test In: 70.61% Test OOD1: 63.24% Test OOD2: 51.16% Test OOD3: 61.03% 
Epoch: 173, Loss: 0.5028, Train: 97.21%, Valid: 70.04%, Test In: 70.55% Test OOD1: 62.60% Test OOD2: 51.21% Test OOD3: 60.64% 
Epoch: 174, Loss: 0.4920, Train: 97.18%, Valid: 70.07%, Test In: 70.53% Test OOD1: 62.90% Test OOD2: 51.12% Test OOD3: 60.78% 
Epoch: 175, Loss: 0.4825, Train: 97.33%, Valid: 70.04%, Test In: 70.51% Test OOD1: 62.70% Test OOD2: 51.09% Test OOD3: 60.68% 
Epoch: 176, Loss: 0.4792, Train: 97.59%, Valid: 69.95%, Test In: 70.47% Test OOD1: 62.21% Test OOD2: 51.10% Test OOD3: 60.46% 
Epoch: 177, Loss: 0.4870, Train: 97.45%, Valid: 69.97%, Test In: 70.49% Test OOD1: 62.63% Test OOD2: 51.07% Test OOD3: 60.78% 
Epoch: 178, Loss: 0.4816, Train: 97.67%, Valid: 69.94%, Test In: 70.48% Test OOD1: 62.35% Test OOD2: 51.14% Test OOD3: 60.72% 
Epoch: 179, Loss: 0.4690, Train: 97.84%, Valid: 69.89%, Test In: 70.43% Test OOD1: 62.06% Test OOD2: 51.20% Test OOD3: 60.62% 
Epoch: 180, Loss: 0.4735, Train: 97.64%, Valid: 69.94%, Test In: 70.41% Test OOD1: 62.57% Test OOD2: 51.17% Test OOD3: 60.95% 
Epoch: 181, Loss: 0.4694, Train: 97.83%, Valid: 69.89%, Test In: 70.38% Test OOD1: 62.42% Test OOD2: 51.21% Test OOD3: 60.89% 
Epoch: 182, Loss: 0.4633, Train: 97.97%, Valid: 69.87%, Test In: 70.33% Test OOD1: 62.25% Test OOD2: 51.25% Test OOD3: 60.77% 
Epoch: 183, Loss: 0.4583, Train: 97.94%, Valid: 69.86%, Test In: 70.30% Test OOD1: 62.44% Test OOD2: 51.25% Test OOD3: 60.85% 
Epoch: 184, Loss: 0.4566, Train: 97.98%, Valid: 69.78%, Test In: 70.24% Test OOD1: 62.52% Test OOD2: 51.22% Test OOD3: 60.78% 
Epoch: 185, Loss: 0.4520, Train: 98.17%, Valid: 69.72%, Test In: 70.23% Test OOD1: 61.97% Test OOD2: 51.28% Test OOD3: 60.50% 
Epoch: 186, Loss: 0.4577, Train: 98.14%, Valid: 69.77%, Test In: 70.24% Test OOD1: 62.42% Test OOD2: 51.20% Test OOD3: 60.74% 
Epoch: 187, Loss: 0.4476, Train: 98.26%, Valid: 69.80%, Test In: 70.27% Test OOD1: 62.23% Test OOD2: 51.25% Test OOD3: 60.73% 
Epoch: 188, Loss: 0.4433, Train: 98.40%, Valid: 69.77%, Test In: 70.29% Test OOD1: 62.01% Test OOD2: 51.27% Test OOD3: 60.68% 
Epoch: 189, Loss: 0.4449, Train: 98.36%, Valid: 69.79%, Test In: 70.29% Test OOD1: 62.33% Test OOD2: 51.22% Test OOD3: 60.89% 
Epoch: 190, Loss: 0.4389, Train: 98.54%, Valid: 69.77%, Test In: 70.28% Test OOD1: 62.18% Test OOD2: 51.29% Test OOD3: 60.82% 
Epoch: 191, Loss: 0.4402, Train: 98.63%, Valid: 69.74%, Test In: 70.23% Test OOD1: 61.85% Test OOD2: 51.33% Test OOD3: 60.64% 
Epoch: 192, Loss: 0.4360, Train: 98.53%, Valid: 69.67%, Test In: 70.13% Test OOD1: 62.61% Test OOD2: 51.27% Test OOD3: 60.89% 
Epoch: 193, Loss: 0.4500, Train: 98.66%, Valid: 69.71%, Test In: 70.17% Test OOD1: 62.12% Test OOD2: 51.36% Test OOD3: 60.73% 
Epoch: 194, Loss: 0.4416, Train: 98.78%, Valid: 69.68%, Test In: 70.08% Test OOD1: 62.29% Test OOD2: 51.38% Test OOD3: 60.73% 
Epoch: 195, Loss: 0.4343, Train: 98.62%, Valid: 69.73%, Test In: 70.12% Test OOD1: 62.55% Test OOD2: 51.33% Test OOD3: 60.86% 
Epoch: 196, Loss: 0.4358, Train: 98.91%, Valid: 69.73%, Test In: 70.06% Test OOD1: 61.82% Test OOD2: 51.46% Test OOD3: 60.49% 
Epoch: 197, Loss: 0.4410, Train: 98.77%, Valid: 69.77%, Test In: 70.09% Test OOD1: 62.37% Test OOD2: 51.36% Test OOD3: 60.70% 
Epoch: 198, Loss: 0.4322, Train: 98.84%, Valid: 69.82%, Test In: 70.07% Test OOD1: 62.19% Test OOD2: 51.35% Test OOD3: 60.64% 
Epoch: 199, Loss: 0.4117, Train: 98.99%, Valid: 69.79%, Test In: 70.01% Test OOD1: 61.64% Test OOD2: 51.35% Test OOD3: 60.39% 
Run 03:
Highest Train: 98.99
Highest Valid: 71.30
Highest In Test: 71.94
Highest OOD Test: 66.79
Highest OOD Test: 53.14
Highest OOD Test: 63.61
Chosen epoch: 78
Final Train: 80.69
Final In Test: 71.84
Final OOD Test: 65.10
Final OOD Test: 51.87
Final OOD Test: 62.42
All runs:
Highest Train: 98.83 ± 0.41
Highest Valid: 71.45 ± 0.13
Highest In Test: 72.03 ± 0.08
Highest OOD Test: 66.91 ± 0.16
Highest OOD Test: 52.96 ± 0.31
Highest OOD Test: 63.59 ± 0.01
  Final Train: 79.51 ± 1.06
   Final In  Test: 71.86 ± 0.05
   Final OOD Test: 65.51 ± 0.36
   Final OOD Test: 52.17 ± 0.26
   Final OOD Test: 62.57 ± 0.14
[INFO] TensorBoard writer closed.

Command: python main.py --dataset twitch --backbone_type gcn --env_type graph --combine_result --store_result --epochs 200 --runs 3 --num_layers 2 --expert_agg mean --tau 3 --lr 0.01 --weight_decay 5e-5 --dropout 0.0 --K 3 --hidden_channels 64 --seed 123 --device 0 --lr 0.005 --weight_decay 0.0005 --dropout 0.1 --lamda 0.5 --K 4 --hidden_channels 32 --other_env_reduce sample --result_name twitch_stage1_lr0.005_weight_decay0.0005_dropout0.1_lamda0.5_K4_hidden_channels32_other_env_reducesample
Return code: 0
Elapsed: 92.34s
