Namespace(K=4, backbone_type='gcn', combine_result=True, cpu=False, data_dir='./data/', dataset='twitch', device=0, display_step=1, dropout=0.1, env_type='graph', epochs=200, expert_agg='mean', gamma=0.99, gate_hidden=64, hidden_channels=64, infer_env=False, infer_env_components=64, infer_env_iters=30, infer_env_num=3, lambda_cl=0.1, lambda_dag=0.1, lambda_ind=0.1, lambda_l1=0.5, lamda=1.0, lamda_ciw=0.0001, lr=0.005, lr_dag=0.001, num_layers=2, other_env_reduce='sample', pos_weight=5.0, result_name='twitch_stage1_lr0.005_weight_decay0.0005_dropout0.1_lamda1.0_K4_hidden_channels64_other_env_reducesample', runs=3, seed=123, store_result=True, tau=3.0, use_bn=False, variant=False, weight_decay=0.0005)
dataset twitch: all nodes 34120 | edges 429113 | classes 2 | feats 3170
train nodes 7897 | valid nodes 3949 | test in nodes 3949
test ood1 nodes 4648 test ood2 nodes 6551 test ood3 nodes 7126 
[INFO] env numbers: 6 train env numbers: 3
MODEL: CaNet(
  (experts): ModuleList(
    (0): ExpertNet(
      (convs): ModuleList(
        (0): CaNetConv()
        (1): CaNetConv()
      )
      (fcs): ModuleList(
        (0): Linear(in_features=3170, out_features=64, bias=True)
        (1): Linear(in_features=64, out_features=2, bias=True)
      )
      (act_fn): ReLU()
    )
    (1): ExpertNet(
      (convs): ModuleList(
        (0): CaNetConv()
        (1): CaNetConv()
      )
      (fcs): ModuleList(
        (0): Linear(in_features=3170, out_features=64, bias=True)
        (1): Linear(in_features=64, out_features=2, bias=True)
      )
      (act_fn): ReLU()
    )
    (2): ExpertNet(
      (convs): ModuleList(
        (0): CaNetConv()
        (1): CaNetConv()
      )
      (fcs): ModuleList(
        (0): Linear(in_features=3170, out_features=64, bias=True)
        (1): Linear(in_features=64, out_features=2, bias=True)
      )
      (act_fn): ReLU()
    )
    (3): ExpertNet(
      (convs): ModuleList(
        (0): CaNetConv()
        (1): CaNetConv()
      )
      (fcs): ModuleList(
        (0): Linear(in_features=3170, out_features=64, bias=True)
        (1): Linear(in_features=64, out_features=2, bias=True)
      )
      (act_fn): ReLU()
    )
  )
  (gate): Sequential(
    (0): Linear(in_features=3170, out_features=64, bias=True)
    (1): ReLU()
    (2): Linear(in_features=64, out_features=4, bias=True)
  )
)
[INFO] TensorBoard logging activated. Logs will be saved to: ./runs/twitch/Apr16_07-48-47_lamda_1.0
Epoch: 00, Loss: 1.3921, Train: 60.69%, Valid: 57.07%, Test In: 59.12% Test OOD1: 50.95% Test OOD2: 51.83% Test OOD3: 53.53% 
Epoch: 01, Loss: 1.3887, Train: 57.95%, Valid: 55.14%, Test In: 56.63% Test OOD1: 48.64% Test OOD2: 51.84% Test OOD3: 52.03% 
Epoch: 02, Loss: 1.3853, Train: 55.53%, Valid: 53.13%, Test In: 54.47% Test OOD1: 47.01% Test OOD2: 51.58% Test OOD3: 50.94% 
Epoch: 03, Loss: 1.3810, Train: 54.74%, Valid: 52.41%, Test In: 53.85% Test OOD1: 46.55% Test OOD2: 51.47% Test OOD3: 50.62% 
Epoch: 04, Loss: 1.3757, Train: 54.98%, Valid: 52.54%, Test In: 54.04% Test OOD1: 46.66% Test OOD2: 51.52% Test OOD3: 50.82% 
Epoch: 05, Loss: 1.3696, Train: 58.39%, Valid: 55.32%, Test In: 56.78% Test OOD1: 48.82% Test OOD2: 51.94% Test OOD3: 52.68% 
Epoch: 06, Loss: 1.3641, Train: 65.77%, Valid: 61.46%, Test In: 62.98% Test OOD1: 55.47% Test OOD2: 52.72% Test OOD3: 57.39% 
Epoch: 07, Loss: 1.3584, Train: 69.53%, Valid: 64.99%, Test In: 66.21% Test OOD1: 62.54% Test OOD2: 52.33% Test OOD3: 60.83% 
Epoch: 08, Loss: 1.3529, Train: 67.59%, Valid: 64.23%, Test In: 64.56% Test OOD1: 63.01% Test OOD2: 51.76% Test OOD3: 60.47% 
Epoch: 09, Loss: 1.3465, Train: 66.15%, Valid: 63.36%, Test In: 63.32% Test OOD1: 62.71% Test OOD2: 51.44% Test OOD3: 59.81% 
Epoch: 10, Loss: 1.3395, Train: 65.15%, Valid: 62.70%, Test In: 62.48% Test OOD1: 62.39% Test OOD2: 51.25% Test OOD3: 59.35% 
Epoch: 11, Loss: 1.3332, Train: 64.48%, Valid: 62.21%, Test In: 61.91% Test OOD1: 62.13% Test OOD2: 51.14% Test OOD3: 59.04% 
Epoch: 12, Loss: 1.3278, Train: 64.02%, Valid: 61.85%, Test In: 61.50% Test OOD1: 61.92% Test OOD2: 51.06% Test OOD3: 58.83% 
Epoch: 13, Loss: 1.3221, Train: 63.71%, Valid: 61.59%, Test In: 61.23% Test OOD1: 61.77% Test OOD2: 51.00% Test OOD3: 58.70% 
Epoch: 14, Loss: 1.3181, Train: 63.56%, Valid: 61.45%, Test In: 61.10% Test OOD1: 61.69% Test OOD2: 50.96% Test OOD3: 58.65% 
Epoch: 15, Loss: 1.3155, Train: 63.59%, Valid: 61.43%, Test In: 61.11% Test OOD1: 61.69% Test OOD2: 50.94% Test OOD3: 58.69% 
Epoch: 16, Loss: 1.3137, Train: 63.79%, Valid: 61.56%, Test In: 61.26% Test OOD1: 61.78% Test OOD2: 50.96% Test OOD3: 58.81% 
Epoch: 17, Loss: 1.3092, Train: 64.15%, Valid: 61.78%, Test In: 61.54% Test OOD1: 61.94% Test OOD2: 50.99% Test OOD3: 59.00% 
Epoch: 18, Loss: 1.3068, Train: 64.64%, Valid: 62.10%, Test In: 61.92% Test OOD1: 62.15% Test OOD2: 51.03% Test OOD3: 59.25% 
Epoch: 19, Loss: 1.3016, Train: 65.32%, Valid: 62.55%, Test In: 62.47% Test OOD1: 62.44% Test OOD2: 51.10% Test OOD3: 59.58% 
Epoch: 20, Loss: 1.2972, Train: 66.22%, Valid: 63.18%, Test In: 63.19% Test OOD1: 62.81% Test OOD2: 51.23% Test OOD3: 60.01% 
Epoch: 21, Loss: 1.2919, Train: 67.34%, Valid: 63.94%, Test In: 64.12% Test OOD1: 63.26% Test OOD2: 51.39% Test OOD3: 60.52% 
Epoch: 22, Loss: 1.2842, Train: 68.57%, Valid: 64.76%, Test In: 65.19% Test OOD1: 63.74% Test OOD2: 51.58% Test OOD3: 61.08% 
Epoch: 23, Loss: 1.2778, Train: 69.77%, Valid: 65.52%, Test In: 66.17% Test OOD1: 64.20% Test OOD2: 51.72% Test OOD3: 61.59% 
Epoch: 24, Loss: 1.2694, Train: 70.90%, Valid: 66.31%, Test In: 67.06% Test OOD1: 64.56% Test OOD2: 51.81% Test OOD3: 62.02% 
Epoch: 25, Loss: 1.2611, Train: 71.94%, Valid: 67.09%, Test In: 67.82% Test OOD1: 64.91% Test OOD2: 51.91% Test OOD3: 62.37% 
Epoch: 26, Loss: 1.2533, Train: 72.85%, Valid: 67.72%, Test In: 68.50% Test OOD1: 65.17% Test OOD2: 52.02% Test OOD3: 62.64% 
Epoch: 27, Loss: 1.2394, Train: 73.57%, Valid: 68.21%, Test In: 69.00% Test OOD1: 65.36% Test OOD2: 51.99% Test OOD3: 62.79% 
Epoch: 28, Loss: 1.2285, Train: 74.41%, Valid: 68.82%, Test In: 69.58% Test OOD1: 65.51% Test OOD2: 52.00% Test OOD3: 62.91% 
Epoch: 29, Loss: 1.2167, Train: 74.89%, Valid: 69.22%, Test In: 69.90% Test OOD1: 65.73% Test OOD2: 52.01% Test OOD3: 62.96% 
Epoch: 30, Loss: 1.2062, Train: 75.42%, Valid: 69.53%, Test In: 70.19% Test OOD1: 65.85% Test OOD2: 51.82% Test OOD3: 62.96% 
Epoch: 31, Loss: 1.1919, Train: 76.17%, Valid: 70.09%, Test In: 70.69% Test OOD1: 65.64% Test OOD2: 51.97% Test OOD3: 62.98% 
Epoch: 32, Loss: 1.1804, Train: 76.31%, Valid: 70.19%, Test In: 70.75% Test OOD1: 65.94% Test OOD2: 51.80% Test OOD3: 62.97% 
Epoch: 33, Loss: 1.1711, Train: 76.77%, Valid: 70.40%, Test In: 70.95% Test OOD1: 65.93% Test OOD2: 51.69% Test OOD3: 62.93% 
Epoch: 34, Loss: 1.1622, Train: 77.43%, Valid: 70.81%, Test In: 71.39% Test OOD1: 65.23% Test OOD2: 51.96% Test OOD3: 62.80% 
Epoch: 35, Loss: 1.1587, Train: 77.28%, Valid: 70.59%, Test In: 71.19% Test OOD1: 65.87% Test OOD2: 51.66% Test OOD3: 62.84% 
Epoch: 36, Loss: 1.1513, Train: 77.61%, Valid: 70.71%, Test In: 71.29% Test OOD1: 65.75% Test OOD2: 51.59% Test OOD3: 62.79% 
Epoch: 37, Loss: 1.1451, Train: 78.11%, Valid: 70.96%, Test In: 71.60% Test OOD1: 65.03% Test OOD2: 51.87% Test OOD3: 62.63% 
Epoch: 38, Loss: 1.1456, Train: 78.21%, Valid: 70.93%, Test In: 71.58% Test OOD1: 65.16% Test OOD2: 51.76% Test OOD3: 62.63% 
Epoch: 39, Loss: 1.1290, Train: 78.14%, Valid: 70.77%, Test In: 71.41% Test OOD1: 65.55% Test OOD2: 51.53% Test OOD3: 62.69% 
Epoch: 40, Loss: 1.1370, Train: 78.29%, Valid: 70.82%, Test In: 71.47% Test OOD1: 65.53% Test OOD2: 51.60% Test OOD3: 62.68% 
Epoch: 41, Loss: 1.1250, Train: 78.71%, Valid: 71.01%, Test In: 71.66% Test OOD1: 64.93% Test OOD2: 51.74% Test OOD3: 62.54% 
Epoch: 42, Loss: 1.1192, Train: 78.90%, Valid: 71.03%, Test In: 71.68% Test OOD1: 64.59% Test OOD2: 51.72% Test OOD3: 62.46% 
Epoch: 43, Loss: 1.1230, Train: 78.82%, Valid: 70.91%, Test In: 71.57% Test OOD1: 65.12% Test OOD2: 51.60% Test OOD3: 62.59% 
Epoch: 44, Loss: 1.1138, Train: 78.71%, Valid: 70.78%, Test In: 71.42% Test OOD1: 65.55% Test OOD2: 51.44% Test OOD3: 62.69% 
Epoch: 45, Loss: 1.1140, Train: 79.14%, Valid: 70.96%, Test In: 71.62% Test OOD1: 64.91% Test OOD2: 51.59% Test OOD3: 62.57% 
Epoch: 46, Loss: 1.1062, Train: 79.41%, Valid: 71.02%, Test In: 71.71% Test OOD1: 64.41% Test OOD2: 51.72% Test OOD3: 62.40% 
Epoch: 47, Loss: 1.1076, Train: 79.26%, Valid: 70.93%, Test In: 71.56% Test OOD1: 65.25% Test OOD2: 51.50% Test OOD3: 62.67% 
Epoch: 48, Loss: 1.1070, Train: 79.46%, Valid: 70.94%, Test In: 71.60% Test OOD1: 65.07% Test OOD2: 51.56% Test OOD3: 62.61% 
Epoch: 49, Loss: 1.0976, Train: 79.68%, Valid: 70.97%, Test In: 71.66% Test OOD1: 64.81% Test OOD2: 51.62% Test OOD3: 62.53% 
Epoch: 50, Loss: 1.1000, Train: 79.55%, Valid: 70.87%, Test In: 71.51% Test OOD1: 65.38% Test OOD2: 51.43% Test OOD3: 62.69% 
Epoch: 51, Loss: 1.0964, Train: 79.89%, Valid: 70.95%, Test In: 71.64% Test OOD1: 65.00% Test OOD2: 51.56% Test OOD3: 62.56% 
Epoch: 52, Loss: 1.0908, Train: 80.18%, Valid: 71.02%, Test In: 71.74% Test OOD1: 64.62% Test OOD2: 51.64% Test OOD3: 62.40% 
Epoch: 53, Loss: 1.0887, Train: 80.12%, Valid: 70.95%, Test In: 71.64% Test OOD1: 65.11% Test OOD2: 51.48% Test OOD3: 62.54% 
Epoch: 54, Loss: 1.0863, Train: 80.33%, Valid: 70.94%, Test In: 71.67% Test OOD1: 64.90% Test OOD2: 51.52% Test OOD3: 62.43% 
Epoch: 55, Loss: 1.0874, Train: 80.43%, Valid: 70.93%, Test In: 71.67% Test OOD1: 65.01% Test OOD2: 51.50% Test OOD3: 62.45% 
Epoch: 56, Loss: 1.0782, Train: 80.72%, Valid: 71.03%, Test In: 71.77% Test OOD1: 64.67% Test OOD2: 51.52% Test OOD3: 62.33% 
Epoch: 57, Loss: 1.0801, Train: 80.88%, Valid: 71.00%, Test In: 71.76% Test OOD1: 64.66% Test OOD2: 51.54% Test OOD3: 62.29% 
Epoch: 58, Loss: 1.0708, Train: 81.01%, Valid: 70.97%, Test In: 71.73% Test OOD1: 64.70% Test OOD2: 51.49% Test OOD3: 62.31% 
Epoch: 59, Loss: 1.0690, Train: 81.17%, Valid: 70.97%, Test In: 71.71% Test OOD1: 64.71% Test OOD2: 51.45% Test OOD3: 62.33% 
Epoch: 60, Loss: 1.0665, Train: 81.44%, Valid: 70.99%, Test In: 71.75% Test OOD1: 64.46% Test OOD2: 51.50% Test OOD3: 62.25% 
Epoch: 61, Loss: 1.0637, Train: 81.45%, Valid: 70.95%, Test In: 71.68% Test OOD1: 64.76% Test OOD2: 51.37% Test OOD3: 62.38% 
Epoch: 62, Loss: 1.0666, Train: 81.94%, Valid: 71.03%, Test In: 71.78% Test OOD1: 64.09% Test OOD2: 51.54% Test OOD3: 62.15% 
Epoch: 63, Loss: 1.0617, Train: 81.90%, Valid: 70.92%, Test In: 71.65% Test OOD1: 64.66% Test OOD2: 51.37% Test OOD3: 62.35% 
Epoch: 64, Loss: 1.0507, Train: 82.00%, Valid: 70.92%, Test In: 71.61% Test OOD1: 64.84% Test OOD2: 51.34% Test OOD3: 62.39% 
Epoch: 65, Loss: 1.0497, Train: 82.65%, Valid: 70.99%, Test In: 71.74% Test OOD1: 63.12% Test OOD2: 51.57% Test OOD3: 61.70% 
Epoch: 66, Loss: 1.1103, Train: 81.91%, Valid: 70.83%, Test In: 71.50% Test OOD1: 65.28% Test OOD2: 51.24% Test OOD3: 62.49% 
Epoch: 67, Loss: 1.0916, Train: 82.25%, Valid: 70.92%, Test In: 71.61% Test OOD1: 65.08% Test OOD2: 51.30% Test OOD3: 62.43% 
Epoch: 68, Loss: 1.0817, Train: 82.75%, Valid: 70.98%, Test In: 71.73% Test OOD1: 64.56% Test OOD2: 51.36% Test OOD3: 62.23% 
Epoch: 69, Loss: 1.0486, Train: 83.07%, Valid: 71.10%, Test In: 71.86% Test OOD1: 63.80% Test OOD2: 51.44% Test OOD3: 61.94% 
Epoch: 70, Loss: 1.0767, Train: 83.03%, Valid: 71.03%, Test In: 71.79% Test OOD1: 64.51% Test OOD2: 51.38% Test OOD3: 62.22% 
Epoch: 71, Loss: 1.0240, Train: 82.81%, Valid: 70.92%, Test In: 71.64% Test OOD1: 64.98% Test OOD2: 51.28% Test OOD3: 62.41% 
Epoch: 72, Loss: 1.0446, Train: 83.07%, Valid: 71.00%, Test In: 71.73% Test OOD1: 64.74% Test OOD2: 51.32% Test OOD3: 62.36% 
Epoch: 73, Loss: 1.0497, Train: 83.44%, Valid: 70.98%, Test In: 71.76% Test OOD1: 64.40% Test OOD2: 51.38% Test OOD3: 62.24% 
Epoch: 74, Loss: 1.0255, Train: 83.50%, Valid: 70.97%, Test In: 71.76% Test OOD1: 64.39% Test OOD2: 51.33% Test OOD3: 62.24% 
Epoch: 75, Loss: 1.0234, Train: 83.92%, Valid: 70.99%, Test In: 71.79% Test OOD1: 63.84% Test OOD2: 51.39% Test OOD3: 62.03% 
Epoch: 76, Loss: 1.0324, Train: 83.89%, Valid: 70.94%, Test In: 71.67% Test OOD1: 64.34% Test OOD2: 51.32% Test OOD3: 62.23% 
Epoch: 77, Loss: 1.0149, Train: 84.18%, Valid: 70.95%, Test In: 71.63% Test OOD1: 64.28% Test OOD2: 51.32% Test OOD3: 62.18% 
Epoch: 78, Loss: 1.0084, Train: 84.35%, Valid: 70.93%, Test In: 71.56% Test OOD1: 64.35% Test OOD2: 51.30% Test OOD3: 62.19% 
Epoch: 79, Loss: 1.0144, Train: 84.42%, Valid: 70.99%, Test In: 71.57% Test OOD1: 64.33% Test OOD2: 51.25% Test OOD3: 62.19% 
Epoch: 80, Loss: 1.0130, Train: 84.97%, Valid: 70.96%, Test In: 71.57% Test OOD1: 63.70% Test OOD2: 51.34% Test OOD3: 61.90% 
Epoch: 81, Loss: 1.0246, Train: 84.39%, Valid: 70.94%, Test In: 71.51% Test OOD1: 64.35% Test OOD2: 51.16% Test OOD3: 62.19% 
Epoch: 82, Loss: 1.0275, Train: 85.20%, Valid: 71.02%, Test In: 71.56% Test OOD1: 63.63% Test OOD2: 51.26% Test OOD3: 61.90% 
Epoch: 83, Loss: 0.9938, Train: 85.34%, Valid: 70.91%, Test In: 71.46% Test OOD1: 63.93% Test OOD2: 51.24% Test OOD3: 62.01% 
Epoch: 84, Loss: 1.0194, Train: 85.31%, Valid: 70.96%, Test In: 71.49% Test OOD1: 64.03% Test OOD2: 51.18% Test OOD3: 62.06% 
Epoch: 85, Loss: 0.9915, Train: 85.22%, Valid: 70.84%, Test In: 71.36% Test OOD1: 64.34% Test OOD2: 51.09% Test OOD3: 62.16% 
Epoch: 86, Loss: 0.9880, Train: 85.83%, Valid: 70.87%, Test In: 71.36% Test OOD1: 63.88% Test OOD2: 51.20% Test OOD3: 61.94% 
Epoch: 87, Loss: 0.9815, Train: 86.11%, Valid: 70.87%, Test In: 71.34% Test OOD1: 63.49% Test OOD2: 51.24% Test OOD3: 61.72% 
Epoch: 88, Loss: 0.9812, Train: 85.85%, Valid: 70.78%, Test In: 71.23% Test OOD1: 63.95% Test OOD2: 51.11% Test OOD3: 61.88% 
Epoch: 89, Loss: 0.9694, Train: 86.20%, Valid: 70.77%, Test In: 71.21% Test OOD1: 63.76% Test OOD2: 51.14% Test OOD3: 61.79% 
Epoch: 90, Loss: 0.9613, Train: 86.77%, Valid: 70.74%, Test In: 71.19% Test OOD1: 63.33% Test OOD2: 51.21% Test OOD3: 61.60% 
Epoch: 91, Loss: 0.9607, Train: 86.86%, Valid: 70.67%, Test In: 71.14% Test OOD1: 63.48% Test OOD2: 51.16% Test OOD3: 61.66% 
Epoch: 92, Loss: 0.9594, Train: 86.86%, Valid: 70.69%, Test In: 71.15% Test OOD1: 63.33% Test OOD2: 51.15% Test OOD3: 61.62% 
Epoch: 93, Loss: 0.9541, Train: 87.21%, Valid: 70.68%, Test In: 71.16% Test OOD1: 62.95% Test OOD2: 51.17% Test OOD3: 61.51% 
Epoch: 94, Loss: 0.9542, Train: 87.30%, Valid: 70.43%, Test In: 70.91% Test OOD1: 63.50% Test OOD2: 51.02% Test OOD3: 61.72% 
Epoch: 95, Loss: 0.9765, Train: 87.79%, Valid: 70.59%, Test In: 71.05% Test OOD1: 62.91% Test OOD2: 51.14% Test OOD3: 61.51% 
Epoch: 96, Loss: 0.9345, Train: 87.71%, Valid: 70.54%, Test In: 71.02% Test OOD1: 63.29% Test OOD2: 51.05% Test OOD3: 61.66% 
Epoch: 97, Loss: 0.9431, Train: 87.99%, Valid: 70.37%, Test In: 70.83% Test OOD1: 63.41% Test OOD2: 50.95% Test OOD3: 61.66% 
Epoch: 98, Loss: 0.9325, Train: 88.36%, Valid: 70.36%, Test In: 70.87% Test OOD1: 63.01% Test OOD2: 51.02% Test OOD3: 61.49% 
Epoch: 99, Loss: 0.9255, Train: 88.68%, Valid: 70.44%, Test In: 70.95% Test OOD1: 62.74% Test OOD2: 51.04% Test OOD3: 61.36% 
Epoch: 100, Loss: 0.9246, Train: 88.85%, Valid: 70.37%, Test In: 70.88% Test OOD1: 62.96% Test OOD2: 50.99% Test OOD3: 61.41% 
Epoch: 101, Loss: 0.9100, Train: 88.95%, Valid: 70.22%, Test In: 70.74% Test OOD1: 63.42% Test OOD2: 50.87% Test OOD3: 61.56% 
Epoch: 102, Loss: 0.9278, Train: 89.47%, Valid: 70.29%, Test In: 70.84% Test OOD1: 62.50% Test OOD2: 51.02% Test OOD3: 61.13% 
Epoch: 103, Loss: 0.9207, Train: 89.41%, Valid: 70.35%, Test In: 70.89% Test OOD1: 63.14% Test OOD2: 50.97% Test OOD3: 61.42% 
Epoch: 104, Loss: 0.9122, Train: 89.79%, Valid: 70.28%, Test In: 70.81% Test OOD1: 63.28% Test OOD2: 50.97% Test OOD3: 61.45% 
Epoch: 105, Loss: 0.8830, Train: 90.24%, Valid: 70.21%, Test In: 70.74% Test OOD1: 62.96% Test OOD2: 50.99% Test OOD3: 61.27% 
Epoch: 106, Loss: 0.9016, Train: 90.24%, Valid: 70.21%, Test In: 70.74% Test OOD1: 63.18% Test OOD2: 50.98% Test OOD3: 61.37% 
Epoch: 107, Loss: 0.8764, Train: 90.58%, Valid: 70.22%, Test In: 70.74% Test OOD1: 63.08% Test OOD2: 51.00% Test OOD3: 61.31% 
Epoch: 108, Loss: 0.8810, Train: 91.08%, Valid: 70.14%, Test In: 70.66% Test OOD1: 62.76% Test OOD2: 51.04% Test OOD3: 61.12% 
Epoch: 109, Loss: 0.8729, Train: 91.16%, Valid: 70.12%, Test In: 70.62% Test OOD1: 62.93% Test OOD2: 51.00% Test OOD3: 61.20% 
Epoch: 110, Loss: 0.8619, Train: 91.35%, Valid: 70.13%, Test In: 70.61% Test OOD1: 62.97% Test OOD2: 51.00% Test OOD3: 61.22% 
Epoch: 111, Loss: 0.8542, Train: 91.84%, Valid: 70.11%, Test In: 70.56% Test OOD1: 62.59% Test OOD2: 51.06% Test OOD3: 61.04% 
Epoch: 112, Loss: 0.8565, Train: 91.81%, Valid: 70.11%, Test In: 70.51% Test OOD1: 62.73% Test OOD2: 51.01% Test OOD3: 61.09% 
Epoch: 113, Loss: 0.8452, Train: 92.13%, Valid: 70.04%, Test In: 70.41% Test OOD1: 62.90% Test OOD2: 50.95% Test OOD3: 61.16% 
Epoch: 114, Loss: 0.8339, Train: 92.51%, Valid: 70.04%, Test In: 70.37% Test OOD1: 62.79% Test OOD2: 50.93% Test OOD3: 61.11% 
Epoch: 115, Loss: 0.8335, Train: 92.59%, Valid: 70.04%, Test In: 70.39% Test OOD1: 62.50% Test OOD2: 50.95% Test OOD3: 60.99% 
Epoch: 116, Loss: 0.8291, Train: 92.92%, Valid: 70.02%, Test In: 70.33% Test OOD1: 62.57% Test OOD2: 50.94% Test OOD3: 61.03% 
Epoch: 117, Loss: 0.8143, Train: 93.33%, Valid: 69.99%, Test In: 70.30% Test OOD1: 62.38% Test OOD2: 50.95% Test OOD3: 60.95% 
Epoch: 118, Loss: 0.8166, Train: 93.29%, Valid: 70.01%, Test In: 70.32% Test OOD1: 62.36% Test OOD2: 50.92% Test OOD3: 60.91% 
Epoch: 119, Loss: 0.8039, Train: 93.72%, Valid: 69.99%, Test In: 70.27% Test OOD1: 62.34% Test OOD2: 50.92% Test OOD3: 60.87% 
Epoch: 120, Loss: 0.7942, Train: 94.08%, Valid: 69.94%, Test In: 70.23% Test OOD1: 62.25% Test OOD2: 50.94% Test OOD3: 60.81% 
Epoch: 121, Loss: 0.7981, Train: 93.93%, Valid: 70.03%, Test In: 70.28% Test OOD1: 62.69% Test OOD2: 50.89% Test OOD3: 61.03% 
Epoch: 122, Loss: 0.7964, Train: 94.42%, Valid: 69.99%, Test In: 70.29% Test OOD1: 61.93% Test OOD2: 50.99% Test OOD3: 60.68% 
Epoch: 123, Loss: 0.8081, Train: 94.58%, Valid: 70.05%, Test In: 70.27% Test OOD1: 62.82% Test OOD2: 50.92% Test OOD3: 61.14% 
Epoch: 124, Loss: 0.8303, Train: 94.60%, Valid: 70.12%, Test In: 70.39% Test OOD1: 62.61% Test OOD2: 50.98% Test OOD3: 60.96% 
Epoch: 125, Loss: 0.7628, Train: 94.85%, Valid: 70.10%, Test In: 70.38% Test OOD1: 62.42% Test OOD2: 50.99% Test OOD3: 60.81% 
Epoch: 126, Loss: 0.7784, Train: 95.14%, Valid: 70.07%, Test In: 70.26% Test OOD1: 62.87% Test OOD2: 50.93% Test OOD3: 61.01% 
Epoch: 127, Loss: 0.7817, Train: 95.23%, Valid: 70.11%, Test In: 70.35% Test OOD1: 62.59% Test OOD2: 50.98% Test OOD3: 60.84% 
Epoch: 128, Loss: 0.7474, Train: 95.56%, Valid: 70.08%, Test In: 70.33% Test OOD1: 62.25% Test OOD2: 50.98% Test OOD3: 60.67% 
Epoch: 129, Loss: 0.7562, Train: 95.92%, Valid: 70.00%, Test In: 70.21% Test OOD1: 62.24% Test OOD2: 51.00% Test OOD3: 60.65% 
Epoch: 130, Loss: 0.7408, Train: 95.76%, Valid: 70.01%, Test In: 70.18% Test OOD1: 62.65% Test OOD2: 50.94% Test OOD3: 60.82% 
Epoch: 131, Loss: 0.7407, Train: 96.04%, Valid: 69.97%, Test In: 70.11% Test OOD1: 62.63% Test OOD2: 50.88% Test OOD3: 60.77% 
Epoch: 132, Loss: 0.7160, Train: 96.40%, Valid: 69.80%, Test In: 70.04% Test OOD1: 61.79% Test OOD2: 50.95% Test OOD3: 60.32% 
Epoch: 133, Loss: 0.7386, Train: 96.32%, Valid: 69.90%, Test In: 70.06% Test OOD1: 62.65% Test OOD2: 50.84% Test OOD3: 60.72% 
Epoch: 134, Loss: 0.7128, Train: 96.54%, Valid: 69.81%, Test In: 70.10% Test OOD1: 62.22% Test OOD2: 50.97% Test OOD3: 60.47% 
Epoch: 135, Loss: 0.7425, Train: 96.65%, Valid: 69.79%, Test In: 70.02% Test OOD1: 62.63% Test OOD2: 50.87% Test OOD3: 60.66% 
Epoch: 136, Loss: 0.7467, Train: 96.77%, Valid: 69.73%, Test In: 70.05% Test OOD1: 62.06% Test OOD2: 50.96% Test OOD3: 60.36% 
Epoch: 137, Loss: 0.7134, Train: 96.75%, Valid: 69.79%, Test In: 70.04% Test OOD1: 62.58% Test OOD2: 50.87% Test OOD3: 60.65% 
Epoch: 138, Loss: 0.6842, Train: 97.16%, Valid: 69.77%, Test In: 69.98% Test OOD1: 62.37% Test OOD2: 50.86% Test OOD3: 60.61% 
Epoch: 139, Loss: 0.6881, Train: 97.36%, Valid: 69.63%, Test In: 69.90% Test OOD1: 61.74% Test OOD2: 50.92% Test OOD3: 60.33% 
Epoch: 140, Loss: 0.6744, Train: 97.23%, Valid: 69.61%, Test In: 69.88% Test OOD1: 62.17% Test OOD2: 50.81% Test OOD3: 60.53% 
Epoch: 141, Loss: 0.6656, Train: 97.50%, Valid: 69.53%, Test In: 69.75% Test OOD1: 62.19% Test OOD2: 50.82% Test OOD3: 60.51% 
Epoch: 142, Loss: 0.6558, Train: 97.71%, Valid: 69.36%, Test In: 69.64% Test OOD1: 61.85% Test OOD2: 50.93% Test OOD3: 60.33% 
Epoch: 143, Loss: 0.6525, Train: 97.59%, Valid: 69.37%, Test In: 69.69% Test OOD1: 62.11% Test OOD2: 50.81% Test OOD3: 60.43% 
Epoch: 144, Loss: 0.6455, Train: 97.88%, Valid: 69.36%, Test In: 69.66% Test OOD1: 61.92% Test OOD2: 50.84% Test OOD3: 60.31% 
Epoch: 145, Loss: 0.6343, Train: 98.12%, Valid: 69.32%, Test In: 69.59% Test OOD1: 61.87% Test OOD2: 50.92% Test OOD3: 60.29% 
Epoch: 146, Loss: 0.6522, Train: 98.02%, Valid: 69.34%, Test In: 69.63% Test OOD1: 61.81% Test OOD2: 50.90% Test OOD3: 60.27% 
Epoch: 147, Loss: 0.6443, Train: 98.09%, Valid: 69.38%, Test In: 69.55% Test OOD1: 62.42% Test OOD2: 50.83% Test OOD3: 60.59% 
Epoch: 148, Loss: 0.6510, Train: 98.27%, Valid: 69.34%, Test In: 69.58% Test OOD1: 61.89% Test OOD2: 51.01% Test OOD3: 60.38% 
Epoch: 149, Loss: 0.6235, Train: 98.28%, Valid: 69.40%, Test In: 69.60% Test OOD1: 62.06% Test OOD2: 50.93% Test OOD3: 60.43% 
Epoch: 150, Loss: 0.6071, Train: 98.35%, Valid: 69.43%, Test In: 69.52% Test OOD1: 62.24% Test OOD2: 50.88% Test OOD3: 60.42% 
Epoch: 151, Loss: 0.6175, Train: 98.55%, Valid: 69.38%, Test In: 69.51% Test OOD1: 61.91% Test OOD2: 50.96% Test OOD3: 60.20% 
Epoch: 152, Loss: 0.5855, Train: 98.61%, Valid: 69.34%, Test In: 69.47% Test OOD1: 61.78% Test OOD2: 50.93% Test OOD3: 60.03% 
Epoch: 153, Loss: 0.5962, Train: 98.67%, Valid: 69.36%, Test In: 69.40% Test OOD1: 61.98% Test OOD2: 50.89% Test OOD3: 60.06% 
Epoch: 154, Loss: 0.5937, Train: 98.74%, Valid: 69.38%, Test In: 69.43% Test OOD1: 62.10% Test OOD2: 50.86% Test OOD3: 60.05% 
Epoch: 155, Loss: 0.5677, Train: 98.83%, Valid: 69.33%, Test In: 69.37% Test OOD1: 61.75% Test OOD2: 50.94% Test OOD3: 59.84% 
Epoch: 156, Loss: 0.5732, Train: 98.90%, Valid: 69.31%, Test In: 69.31% Test OOD1: 61.90% Test OOD2: 50.90% Test OOD3: 59.89% 
Epoch: 157, Loss: 0.5594, Train: 98.92%, Valid: 69.34%, Test In: 69.30% Test OOD1: 62.21% Test OOD2: 50.77% Test OOD3: 60.02% 
Epoch: 158, Loss: 0.5696, Train: 99.06%, Valid: 69.23%, Test In: 69.20% Test OOD1: 61.68% Test OOD2: 50.88% Test OOD3: 59.83% 
Epoch: 159, Loss: 0.5443, Train: 99.10%, Valid: 69.24%, Test In: 69.18% Test OOD1: 61.76% Test OOD2: 50.81% Test OOD3: 59.91% 
Epoch: 160, Loss: 0.5379, Train: 99.15%, Valid: 69.25%, Test In: 69.13% Test OOD1: 61.95% Test OOD2: 50.74% Test OOD3: 60.03% 
Epoch: 161, Loss: 0.5452, Train: 99.24%, Valid: 69.15%, Test In: 69.04% Test OOD1: 61.53% Test OOD2: 50.81% Test OOD3: 59.88% 
Epoch: 162, Loss: 0.5266, Train: 99.22%, Valid: 69.14%, Test In: 69.05% Test OOD1: 61.74% Test OOD2: 50.74% Test OOD3: 59.98% 
Epoch: 163, Loss: 0.5341, Train: 99.28%, Valid: 69.09%, Test In: 69.04% Test OOD1: 61.74% Test OOD2: 50.80% Test OOD3: 59.99% 
Epoch: 164, Loss: 0.5205, Train: 99.30%, Valid: 69.08%, Test In: 69.08% Test OOD1: 61.86% Test OOD2: 50.81% Test OOD3: 60.04% 
Epoch: 165, Loss: 0.5115, Train: 99.34%, Valid: 69.02%, Test In: 69.08% Test OOD1: 61.57% Test OOD2: 50.90% Test OOD3: 59.92% 
Epoch: 166, Loss: 0.5167, Train: 99.40%, Valid: 69.05%, Test In: 69.10% Test OOD1: 61.75% Test OOD2: 50.92% Test OOD3: 59.97% 
Epoch: 167, Loss: 0.5009, Train: 99.42%, Valid: 69.05%, Test In: 69.08% Test OOD1: 61.82% Test OOD2: 50.89% Test OOD3: 60.01% 
Epoch: 168, Loss: 0.5022, Train: 99.46%, Valid: 68.95%, Test In: 68.95% Test OOD1: 61.57% Test OOD2: 50.96% Test OOD3: 59.85% 
Epoch: 169, Loss: 0.4991, Train: 99.49%, Valid: 68.96%, Test In: 68.95% Test OOD1: 61.67% Test OOD2: 50.89% Test OOD3: 59.90% 
Epoch: 170, Loss: 0.4767, Train: 99.56%, Valid: 68.92%, Test In: 68.93% Test OOD1: 61.57% Test OOD2: 50.90% Test OOD3: 59.84% 
Epoch: 171, Loss: 0.4807, Train: 99.55%, Valid: 68.81%, Test In: 68.83% Test OOD1: 61.27% Test OOD2: 50.90% Test OOD3: 59.68% 
Epoch: 172, Loss: 0.4772, Train: 99.55%, Valid: 68.89%, Test In: 68.93% Test OOD1: 61.92% Test OOD2: 50.80% Test OOD3: 59.94% 
Epoch: 173, Loss: 0.4910, Train: 99.59%, Valid: 68.79%, Test In: 68.83% Test OOD1: 61.40% Test OOD2: 50.83% Test OOD3: 59.67% 
Epoch: 174, Loss: 0.5232, Train: 99.57%, Valid: 68.88%, Test In: 69.00% Test OOD1: 61.97% Test OOD2: 50.72% Test OOD3: 59.97% 
Epoch: 175, Loss: 0.5538, Train: 99.63%, Valid: 68.95%, Test In: 69.02% Test OOD1: 61.74% Test OOD2: 50.76% Test OOD3: 59.85% 
Epoch: 176, Loss: 0.4535, Train: 99.66%, Valid: 68.99%, Test In: 69.04% Test OOD1: 61.68% Test OOD2: 50.75% Test OOD3: 59.81% 
Epoch: 177, Loss: 0.4717, Train: 99.63%, Valid: 69.01%, Test In: 69.14% Test OOD1: 62.13% Test OOD2: 50.66% Test OOD3: 59.99% 
Epoch: 178, Loss: 0.4719, Train: 99.66%, Valid: 69.00%, Test In: 69.11% Test OOD1: 62.14% Test OOD2: 50.64% Test OOD3: 59.91% 
Epoch: 179, Loss: 0.4498, Train: 99.71%, Valid: 68.97%, Test In: 69.02% Test OOD1: 61.72% Test OOD2: 50.66% Test OOD3: 59.64% 
Epoch: 180, Loss: 0.4640, Train: 99.74%, Valid: 68.88%, Test In: 68.97% Test OOD1: 61.50% Test OOD2: 50.71% Test OOD3: 59.46% 
Epoch: 181, Loss: 0.4425, Train: 99.74%, Valid: 68.82%, Test In: 69.04% Test OOD1: 61.96% Test OOD2: 50.62% Test OOD3: 59.66% 
Epoch: 182, Loss: 0.4529, Train: 99.77%, Valid: 68.68%, Test In: 68.93% Test OOD1: 61.74% Test OOD2: 50.68% Test OOD3: 59.52% 
Epoch: 183, Loss: 0.4432, Train: 99.74%, Valid: 68.66%, Test In: 68.93% Test OOD1: 61.79% Test OOD2: 50.67% Test OOD3: 59.61% 
Epoch: 184, Loss: 0.4424, Train: 99.80%, Valid: 68.63%, Test In: 68.90% Test OOD1: 61.49% Test OOD2: 50.78% Test OOD3: 59.50% 
Epoch: 185, Loss: 0.4323, Train: 99.80%, Valid: 68.65%, Test In: 68.96% Test OOD1: 61.60% Test OOD2: 50.77% Test OOD3: 59.59% 
Epoch: 186, Loss: 0.4196, Train: 99.83%, Valid: 68.68%, Test In: 68.94% Test OOD1: 61.64% Test OOD2: 50.77% Test OOD3: 59.60% 
Epoch: 187, Loss: 0.4196, Train: 99.83%, Valid: 68.59%, Test In: 68.77% Test OOD1: 61.46% Test OOD2: 50.82% Test OOD3: 59.46% 
Epoch: 188, Loss: 0.4149, Train: 99.84%, Valid: 68.59%, Test In: 68.70% Test OOD1: 61.56% Test OOD2: 50.80% Test OOD3: 59.47% 
Epoch: 189, Loss: 0.4069, Train: 99.86%, Valid: 68.58%, Test In: 68.70% Test OOD1: 61.68% Test OOD2: 50.80% Test OOD3: 59.47% 
Epoch: 190, Loss: 0.3937, Train: 99.87%, Valid: 68.50%, Test In: 68.60% Test OOD1: 61.53% Test OOD2: 50.84% Test OOD3: 59.38% 
Epoch: 191, Loss: 0.3889, Train: 99.85%, Valid: 68.45%, Test In: 68.59% Test OOD1: 61.76% Test OOD2: 50.81% Test OOD3: 59.54% 
Epoch: 192, Loss: 0.3903, Train: 99.87%, Valid: 68.38%, Test In: 68.54% Test OOD1: 61.58% Test OOD2: 50.89% Test OOD3: 59.47% 
Epoch: 193, Loss: 0.3838, Train: 99.89%, Valid: 68.40%, Test In: 68.58% Test OOD1: 61.58% Test OOD2: 50.88% Test OOD3: 59.43% 
Epoch: 194, Loss: 0.3792, Train: 99.90%, Valid: 68.44%, Test In: 68.59% Test OOD1: 61.55% Test OOD2: 50.88% Test OOD3: 59.37% 
Epoch: 195, Loss: 0.3760, Train: 99.89%, Valid: 68.43%, Test In: 68.57% Test OOD1: 61.44% Test OOD2: 50.89% Test OOD3: 59.31% 
Epoch: 196, Loss: 0.3805, Train: 99.89%, Valid: 68.51%, Test In: 68.62% Test OOD1: 61.97% Test OOD2: 50.79% Test OOD3: 59.48% 
Epoch: 197, Loss: 0.3771, Train: 99.90%, Valid: 68.47%, Test In: 68.58% Test OOD1: 61.72% Test OOD2: 50.83% Test OOD3: 59.28% 
Epoch: 198, Loss: 0.3973, Train: 99.91%, Valid: 68.62%, Test In: 68.73% Test OOD1: 61.99% Test OOD2: 50.80% Test OOD3: 59.39% 
Epoch: 199, Loss: 0.4544, Train: 99.90%, Valid: 68.56%, Test In: 68.73% Test OOD1: 61.41% Test OOD2: 50.91% Test OOD3: 59.23% 
Run 01:
Highest Train: 99.91
Highest Valid: 71.10
Highest In Test: 71.86
Highest OOD Test: 65.94
Highest OOD Test: 52.72
Highest OOD Test: 62.98
Chosen epoch: 70
Final Train: 83.07
Final In Test: 71.86
Final OOD Test: 63.80
Final OOD Test: 51.44
Final OOD Test: 61.94
Epoch: 00, Loss: 1.3921, Train: 62.04%, Valid: 58.07%, Test In: 60.17% Test OOD1: 51.64% Test OOD2: 52.37% Test OOD3: 54.47% 
Epoch: 01, Loss: 1.3884, Train: 61.78%, Valid: 58.05%, Test In: 59.86% Test OOD1: 51.56% Test OOD2: 52.05% Test OOD3: 54.49% 
Epoch: 02, Loss: 1.3846, Train: 61.20%, Valid: 57.62%, Test In: 59.28% Test OOD1: 51.10% Test OOD2: 52.04% Test OOD3: 54.13% 
Epoch: 03, Loss: 1.3796, Train: 62.20%, Valid: 58.51%, Test In: 60.06% Test OOD1: 51.95% Test OOD2: 52.26% Test OOD3: 54.82% 
Epoch: 04, Loss: 1.3735, Train: 65.25%, Valid: 61.07%, Test In: 62.57% Test OOD1: 55.01% Test OOD2: 52.59% Test OOD3: 57.00% 
Epoch: 05, Loss: 1.3669, Train: 68.84%, Valid: 64.19%, Test In: 65.81% Test OOD1: 60.28% Test OOD2: 52.65% Test OOD3: 60.05% 
Epoch: 06, Loss: 1.3596, Train: 69.24%, Valid: 65.07%, Test In: 65.99% Test OOD1: 63.25% Test OOD2: 51.98% Test OOD3: 61.00% 
Epoch: 07, Loss: 1.3528, Train: 67.37%, Valid: 64.17%, Test In: 64.30% Test OOD1: 63.10% Test OOD2: 51.59% Test OOD3: 60.35% 
Epoch: 08, Loss: 1.3457, Train: 65.99%, Valid: 63.32%, Test In: 63.14% Test OOD1: 62.72% Test OOD2: 51.32% Test OOD3: 59.71% 
Epoch: 09, Loss: 1.3379, Train: 65.03%, Valid: 62.64%, Test In: 62.34% Test OOD1: 62.36% Test OOD2: 51.15% Test OOD3: 59.25% 
Epoch: 10, Loss: 1.3312, Train: 64.39%, Valid: 62.17%, Test In: 61.79% Test OOD1: 62.08% Test OOD2: 51.04% Test OOD3: 58.95% 
Epoch: 11, Loss: 1.3249, Train: 64.02%, Valid: 61.87%, Test In: 61.47% Test OOD1: 61.92% Test OOD2: 50.96% Test OOD3: 58.79% 
Epoch: 12, Loss: 1.3199, Train: 63.90%, Valid: 61.75%, Test In: 61.35% Test OOD1: 61.86% Test OOD2: 50.92% Test OOD3: 58.76% 
Epoch: 13, Loss: 1.3150, Train: 64.01%, Valid: 61.80%, Test In: 61.44% Test OOD1: 61.91% Test OOD2: 50.92% Test OOD3: 58.85% 
Epoch: 14, Loss: 1.3111, Train: 64.33%, Valid: 62.02%, Test In: 61.71% Test OOD1: 62.04% Test OOD2: 50.94% Test OOD3: 59.04% 
Epoch: 15, Loss: 1.3069, Train: 64.84%, Valid: 62.36%, Test In: 62.13% Test OOD1: 62.26% Test OOD2: 50.98% Test OOD3: 59.32% 
Epoch: 16, Loss: 1.3023, Train: 65.53%, Valid: 62.81%, Test In: 62.69% Test OOD1: 62.56% Test OOD2: 51.05% Test OOD3: 59.67% 
Epoch: 17, Loss: 1.2974, Train: 66.44%, Valid: 63.46%, Test In: 63.46% Test OOD1: 62.97% Test OOD2: 51.16% Test OOD3: 60.10% 
Epoch: 18, Loss: 1.2907, Train: 67.66%, Valid: 64.32%, Test In: 64.50% Test OOD1: 63.49% Test OOD2: 51.31% Test OOD3: 60.65% 
Epoch: 19, Loss: 1.2820, Train: 69.09%, Valid: 65.28%, Test In: 65.74% Test OOD1: 64.10% Test OOD2: 51.51% Test OOD3: 61.27% 
Epoch: 20, Loss: 1.2747, Train: 70.39%, Valid: 66.16%, Test In: 66.81% Test OOD1: 64.63% Test OOD2: 51.66% Test OOD3: 61.81% 
Epoch: 21, Loss: 1.2650, Train: 71.43%, Valid: 66.90%, Test In: 67.65% Test OOD1: 65.02% Test OOD2: 51.74% Test OOD3: 62.22% 
Epoch: 22, Loss: 1.2566, Train: 72.68%, Valid: 67.75%, Test In: 68.64% Test OOD1: 65.34% Test OOD2: 51.97% Test OOD3: 62.65% 
Epoch: 23, Loss: 1.2464, Train: 73.17%, Valid: 68.12%, Test In: 68.97% Test OOD1: 65.59% Test OOD2: 51.90% Test OOD3: 62.77% 
Epoch: 24, Loss: 1.2357, Train: 74.21%, Valid: 68.87%, Test In: 69.74% Test OOD1: 65.65% Test OOD2: 52.07% Test OOD3: 62.99% 
Epoch: 25, Loss: 1.2266, Train: 74.67%, Valid: 69.26%, Test In: 70.04% Test OOD1: 65.83% Test OOD2: 51.92% Test OOD3: 63.02% 
Epoch: 26, Loss: 1.2147, Train: 75.19%, Valid: 69.65%, Test In: 70.38% Test OOD1: 65.93% Test OOD2: 52.03% Test OOD3: 63.07% 
Epoch: 27, Loss: 1.2052, Train: 75.91%, Valid: 70.10%, Test In: 70.81% Test OOD1: 65.74% Test OOD2: 52.03% Test OOD3: 63.06% 
Epoch: 28, Loss: 1.1957, Train: 75.79%, Valid: 70.03%, Test In: 70.61% Test OOD1: 66.24% Test OOD2: 51.75% Test OOD3: 63.01% 
Epoch: 29, Loss: 1.1909, Train: 76.54%, Valid: 70.51%, Test In: 71.15% Test OOD1: 65.79% Test OOD2: 52.01% Test OOD3: 62.97% 
Epoch: 30, Loss: 1.1732, Train: 76.97%, Valid: 70.72%, Test In: 71.34% Test OOD1: 65.66% Test OOD2: 51.94% Test OOD3: 62.90% 
Epoch: 31, Loss: 1.1721, Train: 77.08%, Valid: 70.76%, Test In: 71.32% Test OOD1: 65.93% Test OOD2: 51.80% Test OOD3: 62.89% 
Epoch: 32, Loss: 1.1553, Train: 77.32%, Valid: 70.82%, Test In: 71.42% Test OOD1: 65.79% Test OOD2: 51.84% Test OOD3: 62.79% 
Epoch: 33, Loss: 1.1552, Train: 77.78%, Valid: 71.02%, Test In: 71.60% Test OOD1: 65.51% Test OOD2: 51.81% Test OOD3: 62.71% 
Epoch: 34, Loss: 1.1468, Train: 77.88%, Valid: 71.00%, Test In: 71.59% Test OOD1: 65.73% Test OOD2: 51.76% Test OOD3: 62.71% 
Epoch: 35, Loss: 1.1456, Train: 78.24%, Valid: 71.08%, Test In: 71.72% Test OOD1: 64.85% Test OOD2: 51.94% Test OOD3: 62.43% 
Epoch: 36, Loss: 1.1448, Train: 78.08%, Valid: 70.91%, Test In: 71.49% Test OOD1: 65.92% Test OOD2: 51.59% Test OOD3: 62.71% 
Epoch: 37, Loss: 1.1321, Train: 78.28%, Valid: 70.94%, Test In: 71.55% Test OOD1: 65.78% Test OOD2: 51.63% Test OOD3: 62.69% 
Epoch: 38, Loss: 1.1331, Train: 78.74%, Valid: 71.10%, Test In: 71.76% Test OOD1: 64.56% Test OOD2: 51.95% Test OOD3: 62.33% 
Epoch: 39, Loss: 1.1341, Train: 78.68%, Valid: 71.02%, Test In: 71.67% Test OOD1: 65.44% Test OOD2: 51.72% Test OOD3: 62.65% 
Epoch: 40, Loss: 1.1171, Train: 78.41%, Valid: 70.79%, Test In: 71.40% Test OOD1: 65.94% Test OOD2: 51.48% Test OOD3: 62.75% 
Epoch: 41, Loss: 1.1285, Train: 78.95%, Valid: 71.01%, Test In: 71.69% Test OOD1: 65.10% Test OOD2: 51.79% Test OOD3: 62.57% 
Epoch: 42, Loss: 1.1133, Train: 79.20%, Valid: 71.07%, Test In: 71.77% Test OOD1: 64.75% Test OOD2: 51.86% Test OOD3: 62.47% 
Epoch: 43, Loss: 1.1150, Train: 79.03%, Valid: 70.93%, Test In: 71.60% Test OOD1: 65.43% Test OOD2: 51.60% Test OOD3: 62.66% 
Epoch: 44, Loss: 1.1084, Train: 79.08%, Valid: 70.89%, Test In: 71.55% Test OOD1: 65.42% Test OOD2: 51.54% Test OOD3: 62.65% 
Epoch: 45, Loss: 1.1103, Train: 79.39%, Valid: 70.99%, Test In: 71.70% Test OOD1: 65.09% Test OOD2: 51.69% Test OOD3: 62.57% 
Epoch: 46, Loss: 1.1018, Train: 79.65%, Valid: 71.06%, Test In: 71.79% Test OOD1: 64.61% Test OOD2: 51.75% Test OOD3: 62.41% 
Epoch: 47, Loss: 1.0997, Train: 79.50%, Valid: 70.92%, Test In: 71.64% Test OOD1: 65.25% Test OOD2: 51.55% Test OOD3: 62.60% 
Epoch: 48, Loss: 1.0970, Train: 79.57%, Valid: 70.89%, Test In: 71.62% Test OOD1: 65.36% Test OOD2: 51.49% Test OOD3: 62.61% 
Epoch: 49, Loss: 1.0953, Train: 80.06%, Valid: 71.08%, Test In: 71.85% Test OOD1: 64.39% Test OOD2: 51.68% Test OOD3: 62.32% 
Epoch: 50, Loss: 1.0944, Train: 79.97%, Valid: 70.98%, Test In: 71.74% Test OOD1: 65.04% Test OOD2: 51.55% Test OOD3: 62.54% 
Epoch: 51, Loss: 1.0883, Train: 80.06%, Valid: 70.97%, Test In: 71.71% Test OOD1: 65.10% Test OOD2: 51.45% Test OOD3: 62.57% 
Epoch: 52, Loss: 1.0889, Train: 80.33%, Valid: 71.05%, Test In: 71.80% Test OOD1: 64.85% Test OOD2: 51.51% Test OOD3: 62.51% 
Epoch: 53, Loss: 1.0806, Train: 80.59%, Valid: 71.09%, Test In: 71.86% Test OOD1: 64.46% Test OOD2: 51.57% Test OOD3: 62.38% 
Epoch: 54, Loss: 1.0822, Train: 80.52%, Valid: 70.99%, Test In: 71.73% Test OOD1: 64.99% Test OOD2: 51.43% Test OOD3: 62.56% 
Epoch: 55, Loss: 1.0762, Train: 80.90%, Valid: 71.11%, Test In: 71.83% Test OOD1: 64.50% Test OOD2: 51.48% Test OOD3: 62.39% 
Epoch: 56, Loss: 1.0757, Train: 81.00%, Valid: 71.09%, Test In: 71.80% Test OOD1: 64.60% Test OOD2: 51.47% Test OOD3: 62.41% 
Epoch: 57, Loss: 1.0660, Train: 81.23%, Valid: 71.11%, Test In: 71.79% Test OOD1: 64.40% Test OOD2: 51.48% Test OOD3: 62.32% 
Epoch: 58, Loss: 1.0673, Train: 81.33%, Valid: 71.10%, Test In: 71.73% Test OOD1: 64.60% Test OOD2: 51.39% Test OOD3: 62.38% 
Epoch: 59, Loss: 1.0633, Train: 81.67%, Valid: 71.15%, Test In: 71.77% Test OOD1: 64.09% Test OOD2: 51.46% Test OOD3: 62.17% 
Epoch: 60, Loss: 1.0655, Train: 81.45%, Valid: 71.05%, Test In: 71.65% Test OOD1: 64.86% Test OOD2: 51.35% Test OOD3: 62.45% 
Epoch: 61, Loss: 1.0874, Train: 81.90%, Valid: 71.13%, Test In: 71.71% Test OOD1: 64.40% Test OOD2: 51.34% Test OOD3: 62.27% 
Epoch: 62, Loss: 1.0612, Train: 82.14%, Valid: 71.17%, Test In: 71.76% Test OOD1: 64.04% Test OOD2: 51.43% Test OOD3: 62.10% 
Epoch: 63, Loss: 1.0593, Train: 82.16%, Valid: 71.14%, Test In: 71.75% Test OOD1: 64.44% Test OOD2: 51.37% Test OOD3: 62.25% 
Epoch: 64, Loss: 1.0542, Train: 81.97%, Valid: 70.97%, Test In: 71.57% Test OOD1: 64.96% Test OOD2: 51.23% Test OOD3: 62.39% 
Epoch: 65, Loss: 1.0482, Train: 82.77%, Valid: 71.16%, Test In: 71.84% Test OOD1: 63.20% Test OOD2: 51.44% Test OOD3: 61.65% 
Epoch: 66, Loss: 1.0596, Train: 82.42%, Valid: 71.00%, Test In: 71.66% Test OOD1: 64.66% Test OOD2: 51.23% Test OOD3: 62.22% 
Epoch: 67, Loss: 1.0515, Train: 82.69%, Valid: 71.02%, Test In: 71.73% Test OOD1: 64.41% Test OOD2: 51.31% Test OOD3: 62.11% 
Epoch: 68, Loss: 1.0524, Train: 83.04%, Valid: 71.06%, Test In: 71.81% Test OOD1: 64.05% Test OOD2: 51.34% Test OOD3: 61.93% 
Epoch: 69, Loss: 1.0266, Train: 83.08%, Valid: 70.97%, Test In: 71.74% Test OOD1: 64.17% Test OOD2: 51.30% Test OOD3: 61.94% 
Epoch: 70, Loss: 1.0402, Train: 83.29%, Valid: 70.94%, Test In: 71.75% Test OOD1: 64.08% Test OOD2: 51.35% Test OOD3: 61.88% 
Epoch: 71, Loss: 1.0289, Train: 83.28%, Valid: 70.91%, Test In: 71.71% Test OOD1: 64.44% Test OOD2: 51.25% Test OOD3: 62.01% 
Epoch: 72, Loss: 1.0403, Train: 83.59%, Valid: 70.90%, Test In: 71.74% Test OOD1: 63.97% Test OOD2: 51.40% Test OOD3: 61.84% 
Epoch: 73, Loss: 1.0310, Train: 83.55%, Valid: 70.85%, Test In: 71.66% Test OOD1: 64.31% Test OOD2: 51.24% Test OOD3: 61.99% 
Epoch: 74, Loss: 1.0273, Train: 83.96%, Valid: 70.90%, Test In: 71.72% Test OOD1: 63.84% Test OOD2: 51.36% Test OOD3: 61.81% 
Epoch: 75, Loss: 1.0065, Train: 84.04%, Valid: 70.86%, Test In: 71.68% Test OOD1: 64.00% Test OOD2: 51.37% Test OOD3: 61.88% 
Epoch: 76, Loss: 1.0242, Train: 83.82%, Valid: 70.72%, Test In: 71.49% Test OOD1: 64.54% Test OOD2: 51.15% Test OOD3: 62.07% 
Epoch: 77, Loss: 1.0154, Train: 84.46%, Valid: 70.83%, Test In: 71.62% Test OOD1: 63.55% Test OOD2: 51.32% Test OOD3: 61.67% 
Epoch: 78, Loss: 1.0014, Train: 84.60%, Valid: 70.79%, Test In: 71.57% Test OOD1: 63.66% Test OOD2: 51.33% Test OOD3: 61.71% 
Epoch: 79, Loss: 1.0124, Train: 84.34%, Valid: 70.65%, Test In: 71.36% Test OOD1: 64.41% Test OOD2: 51.12% Test OOD3: 62.00% 
Epoch: 80, Loss: 0.9975, Train: 84.91%, Valid: 70.76%, Test In: 71.47% Test OOD1: 63.64% Test OOD2: 51.23% Test OOD3: 61.67% 
Epoch: 81, Loss: 0.9928, Train: 85.17%, Valid: 70.70%, Test In: 71.41% Test OOD1: 63.42% Test OOD2: 51.28% Test OOD3: 61.53% 
Epoch: 82, Loss: 0.9984, Train: 85.03%, Valid: 70.59%, Test In: 71.25% Test OOD1: 64.16% Test OOD2: 51.17% Test OOD3: 61.82% 
Epoch: 83, Loss: 0.9814, Train: 85.47%, Valid: 70.70%, Test In: 71.34% Test OOD1: 63.57% Test OOD2: 51.22% Test OOD3: 61.58% 
Epoch: 84, Loss: 0.9875, Train: 85.67%, Valid: 70.63%, Test In: 71.24% Test OOD1: 63.57% Test OOD2: 51.26% Test OOD3: 61.54% 
Epoch: 85, Loss: 0.9690, Train: 85.80%, Valid: 70.58%, Test In: 71.19% Test OOD1: 63.71% Test OOD2: 51.28% Test OOD3: 61.60% 
Epoch: 86, Loss: 0.9709, Train: 86.18%, Valid: 70.63%, Test In: 71.22% Test OOD1: 63.24% Test OOD2: 51.32% Test OOD3: 61.43% 
Epoch: 87, Loss: 0.9636, Train: 86.23%, Valid: 70.53%, Test In: 71.13% Test OOD1: 63.56% Test OOD2: 51.30% Test OOD3: 61.55% 
Epoch: 88, Loss: 0.9552, Train: 86.60%, Valid: 70.53%, Test In: 71.15% Test OOD1: 63.20% Test OOD2: 51.37% Test OOD3: 61.40% 
Epoch: 89, Loss: 0.9553, Train: 86.96%, Valid: 70.48%, Test In: 71.12% Test OOD1: 62.69% Test OOD2: 51.40% Test OOD3: 61.18% 
Epoch: 90, Loss: 0.9441, Train: 86.84%, Valid: 70.39%, Test In: 71.05% Test OOD1: 63.54% Test OOD2: 51.29% Test OOD3: 61.57% 
Epoch: 91, Loss: 0.9436, Train: 87.46%, Valid: 70.43%, Test In: 71.09% Test OOD1: 62.80% Test OOD2: 51.37% Test OOD3: 61.25% 
Epoch: 92, Loss: 0.9294, Train: 87.65%, Valid: 70.33%, Test In: 71.01% Test OOD1: 62.85% Test OOD2: 51.38% Test OOD3: 61.24% 
Epoch: 93, Loss: 0.9302, Train: 87.78%, Valid: 70.32%, Test In: 71.02% Test OOD1: 63.24% Test OOD2: 51.29% Test OOD3: 61.38% 
Epoch: 94, Loss: 0.9276, Train: 88.26%, Valid: 70.28%, Test In: 70.97% Test OOD1: 62.64% Test OOD2: 51.34% Test OOD3: 61.08% 
Epoch: 95, Loss: 0.9202, Train: 88.15%, Valid: 70.25%, Test In: 70.96% Test OOD1: 63.20% Test OOD2: 51.32% Test OOD3: 61.33% 
Epoch: 96, Loss: 0.9519, Train: 88.74%, Valid: 70.27%, Test In: 70.95% Test OOD1: 62.61% Test OOD2: 51.32% Test OOD3: 61.01% 
Epoch: 97, Loss: 0.9262, Train: 88.86%, Valid: 70.23%, Test In: 70.90% Test OOD1: 63.01% Test OOD2: 51.31% Test OOD3: 61.20% 
Epoch: 98, Loss: 0.9063, Train: 88.99%, Valid: 70.24%, Test In: 70.87% Test OOD1: 63.18% Test OOD2: 51.28% Test OOD3: 61.25% 
Epoch: 99, Loss: 0.9013, Train: 89.49%, Valid: 70.23%, Test In: 70.81% Test OOD1: 62.70% Test OOD2: 51.30% Test OOD3: 61.01% 
Epoch: 100, Loss: 0.8859, Train: 89.68%, Valid: 70.17%, Test In: 70.72% Test OOD1: 63.03% Test OOD2: 51.28% Test OOD3: 61.13% 
Epoch: 101, Loss: 0.8749, Train: 90.03%, Valid: 70.14%, Test In: 70.66% Test OOD1: 62.76% Test OOD2: 51.31% Test OOD3: 60.99% 
Epoch: 102, Loss: 0.8816, Train: 90.42%, Valid: 70.04%, Test In: 70.55% Test OOD1: 62.58% Test OOD2: 51.29% Test OOD3: 60.83% 
Epoch: 103, Loss: 0.8752, Train: 90.50%, Valid: 70.02%, Test In: 70.45% Test OOD1: 63.14% Test OOD2: 51.21% Test OOD3: 61.02% 
Epoch: 104, Loss: 0.8590, Train: 90.99%, Valid: 69.98%, Test In: 70.40% Test OOD1: 62.66% Test OOD2: 51.23% Test OOD3: 60.80% 
Epoch: 105, Loss: 0.8504, Train: 91.17%, Valid: 69.97%, Test In: 70.36% Test OOD1: 62.85% Test OOD2: 51.17% Test OOD3: 60.89% 
Epoch: 106, Loss: 0.8504, Train: 91.49%, Valid: 69.98%, Test In: 70.36% Test OOD1: 62.76% Test OOD2: 51.15% Test OOD3: 60.90% 
Epoch: 107, Loss: 0.8405, Train: 91.87%, Valid: 69.93%, Test In: 70.32% Test OOD1: 62.58% Test OOD2: 51.12% Test OOD3: 60.82% 
Epoch: 108, Loss: 0.8234, Train: 92.07%, Valid: 69.92%, Test In: 70.29% Test OOD1: 62.73% Test OOD2: 51.06% Test OOD3: 60.87% 
Epoch: 109, Loss: 0.8184, Train: 92.47%, Valid: 69.86%, Test In: 70.24% Test OOD1: 62.50% Test OOD2: 51.09% Test OOD3: 60.73% 
Epoch: 110, Loss: 0.8254, Train: 92.63%, Valid: 69.84%, Test In: 70.21% Test OOD1: 62.67% Test OOD2: 51.05% Test OOD3: 60.78% 
Epoch: 111, Loss: 0.8248, Train: 93.05%, Valid: 69.81%, Test In: 70.21% Test OOD1: 62.43% Test OOD2: 51.06% Test OOD3: 60.66% 
Epoch: 112, Loss: 0.8018, Train: 93.32%, Valid: 69.74%, Test In: 70.17% Test OOD1: 62.44% Test OOD2: 51.08% Test OOD3: 60.65% 
Epoch: 113, Loss: 0.7806, Train: 93.52%, Valid: 69.73%, Test In: 70.19% Test OOD1: 62.44% Test OOD2: 51.08% Test OOD3: 60.66% 
Epoch: 114, Loss: 0.7784, Train: 93.88%, Valid: 69.68%, Test In: 70.18% Test OOD1: 62.15% Test OOD2: 51.17% Test OOD3: 60.55% 
Epoch: 115, Loss: 0.7874, Train: 94.04%, Valid: 69.60%, Test In: 70.12% Test OOD1: 62.11% Test OOD2: 51.18% Test OOD3: 60.54% 
Epoch: 116, Loss: 0.7965, Train: 94.02%, Valid: 69.68%, Test In: 70.21% Test OOD1: 62.40% Test OOD2: 51.16% Test OOD3: 60.71% 
Epoch: 117, Loss: 0.8332, Train: 94.60%, Valid: 69.55%, Test In: 70.09% Test OOD1: 61.94% Test OOD2: 51.24% Test OOD3: 60.53% 
Epoch: 118, Loss: 0.7692, Train: 94.58%, Valid: 69.65%, Test In: 70.19% Test OOD1: 62.45% Test OOD2: 51.12% Test OOD3: 60.75% 
Epoch: 119, Loss: 0.7512, Train: 94.89%, Valid: 69.59%, Test In: 70.10% Test OOD1: 62.06% Test OOD2: 51.21% Test OOD3: 60.54% 
Epoch: 120, Loss: 0.7709, Train: 95.10%, Valid: 69.65%, Test In: 70.13% Test OOD1: 62.38% Test OOD2: 51.06% Test OOD3: 60.61% 
Epoch: 121, Loss: 0.7361, Train: 95.56%, Valid: 69.57%, Test In: 69.98% Test OOD1: 61.76% Test OOD2: 51.10% Test OOD3: 60.23% 
Epoch: 122, Loss: 0.7234, Train: 95.60%, Valid: 69.60%, Test In: 69.95% Test OOD1: 62.25% Test OOD2: 51.04% Test OOD3: 60.42% 
Epoch: 123, Loss: 0.7307, Train: 95.46%, Valid: 69.64%, Test In: 69.96% Test OOD1: 62.56% Test OOD2: 50.88% Test OOD3: 60.49% 
Epoch: 124, Loss: 0.7311, Train: 96.08%, Valid: 69.48%, Test In: 69.76% Test OOD1: 61.85% Test OOD2: 50.98% Test OOD3: 60.16% 
Epoch: 125, Loss: 0.7319, Train: 96.00%, Valid: 69.58%, Test In: 69.93% Test OOD1: 62.40% Test OOD2: 50.80% Test OOD3: 60.46% 
Epoch: 126, Loss: 0.6989, Train: 96.30%, Valid: 69.57%, Test In: 69.88% Test OOD1: 61.97% Test OOD2: 50.83% Test OOD3: 60.27% 
Epoch: 127, Loss: 0.6988, Train: 96.61%, Valid: 69.49%, Test In: 69.78% Test OOD1: 62.00% Test OOD2: 50.79% Test OOD3: 60.27% 
Epoch: 128, Loss: 0.6888, Train: 96.70%, Valid: 69.47%, Test In: 69.76% Test OOD1: 61.89% Test OOD2: 50.75% Test OOD3: 60.18% 
Epoch: 129, Loss: 0.6788, Train: 96.88%, Valid: 69.44%, Test In: 69.69% Test OOD1: 62.16% Test OOD2: 50.74% Test OOD3: 60.30% 
Epoch: 130, Loss: 0.6715, Train: 97.10%, Valid: 69.41%, Test In: 69.68% Test OOD1: 61.94% Test OOD2: 50.76% Test OOD3: 60.20% 
Epoch: 131, Loss: 0.6472, Train: 97.26%, Valid: 69.34%, Test In: 69.68% Test OOD1: 61.86% Test OOD2: 50.79% Test OOD3: 60.21% 
Epoch: 132, Loss: 0.6485, Train: 97.47%, Valid: 69.32%, Test In: 69.72% Test OOD1: 61.93% Test OOD2: 50.85% Test OOD3: 60.32% 
Epoch: 133, Loss: 0.6403, Train: 97.61%, Valid: 69.28%, Test In: 69.71% Test OOD1: 61.72% Test OOD2: 50.87% Test OOD3: 60.24% 
Epoch: 134, Loss: 0.6345, Train: 97.73%, Valid: 69.21%, Test In: 69.65% Test OOD1: 61.88% Test OOD2: 50.87% Test OOD3: 60.25% 
Epoch: 135, Loss: 0.6285, Train: 97.90%, Valid: 69.20%, Test In: 69.62% Test OOD1: 61.85% Test OOD2: 50.92% Test OOD3: 60.21% 
Epoch: 136, Loss: 0.6178, Train: 98.08%, Valid: 69.13%, Test In: 69.51% Test OOD1: 61.55% Test OOD2: 50.92% Test OOD3: 60.01% 
Epoch: 137, Loss: 0.6116, Train: 98.22%, Valid: 69.14%, Test In: 69.49% Test OOD1: 61.69% Test OOD2: 50.92% Test OOD3: 60.07% 
Epoch: 138, Loss: 0.6003, Train: 98.34%, Valid: 69.13%, Test In: 69.46% Test OOD1: 61.46% Test OOD2: 51.00% Test OOD3: 59.97% 
Epoch: 139, Loss: 0.5941, Train: 98.36%, Valid: 69.19%, Test In: 69.51% Test OOD1: 61.83% Test OOD2: 50.92% Test OOD3: 60.15% 
Epoch: 140, Loss: 0.5842, Train: 98.49%, Valid: 69.13%, Test In: 69.46% Test OOD1: 61.74% Test OOD2: 50.98% Test OOD3: 60.17% 
Epoch: 141, Loss: 0.5780, Train: 98.55%, Valid: 69.17%, Test In: 69.55% Test OOD1: 61.70% Test OOD2: 50.97% Test OOD3: 60.18% 
Epoch: 142, Loss: 0.5811, Train: 98.70%, Valid: 69.13%, Test In: 69.44% Test OOD1: 61.44% Test OOD2: 50.96% Test OOD3: 60.02% 
Epoch: 143, Loss: 0.5885, Train: 98.72%, Valid: 69.20%, Test In: 69.50% Test OOD1: 61.62% Test OOD2: 50.96% Test OOD3: 60.11% 
Epoch: 144, Loss: 0.5918, Train: 98.86%, Valid: 69.11%, Test In: 69.37% Test OOD1: 61.39% Test OOD2: 50.98% Test OOD3: 59.94% 
Epoch: 145, Loss: 0.5669, Train: 98.87%, Valid: 69.13%, Test In: 69.35% Test OOD1: 61.83% Test OOD2: 50.91% Test OOD3: 60.12% 
Epoch: 146, Loss: 0.5491, Train: 98.93%, Valid: 69.09%, Test In: 69.33% Test OOD1: 61.69% Test OOD2: 50.96% Test OOD3: 60.03% 
Epoch: 147, Loss: 0.5423, Train: 99.05%, Valid: 68.98%, Test In: 69.30% Test OOD1: 61.58% Test OOD2: 51.00% Test OOD3: 59.87% 
Epoch: 148, Loss: 0.5685, Train: 98.99%, Valid: 69.04%, Test In: 69.38% Test OOD1: 61.78% Test OOD2: 50.99% Test OOD3: 59.95% 
Epoch: 149, Loss: 0.5420, Train: 99.17%, Valid: 68.99%, Test In: 69.32% Test OOD1: 61.55% Test OOD2: 51.04% Test OOD3: 59.78% 
Epoch: 150, Loss: 0.5198, Train: 99.21%, Valid: 68.97%, Test In: 69.30% Test OOD1: 61.40% Test OOD2: 51.04% Test OOD3: 59.73% 
Epoch: 151, Loss: 0.5307, Train: 99.27%, Valid: 68.96%, Test In: 69.23% Test OOD1: 61.56% Test OOD2: 51.01% Test OOD3: 59.83% 
Epoch: 152, Loss: 0.5146, Train: 99.23%, Valid: 68.95%, Test In: 69.22% Test OOD1: 62.00% Test OOD2: 50.89% Test OOD3: 60.07% 
Epoch: 153, Loss: 0.5083, Train: 99.35%, Valid: 68.84%, Test In: 69.09% Test OOD1: 61.65% Test OOD2: 50.94% Test OOD3: 59.98% 
Epoch: 154, Loss: 0.4982, Train: 99.40%, Valid: 68.86%, Test In: 69.11% Test OOD1: 61.79% Test OOD2: 50.83% Test OOD3: 60.05% 
Epoch: 155, Loss: 0.4830, Train: 99.40%, Valid: 68.86%, Test In: 69.14% Test OOD1: 61.65% Test OOD2: 50.78% Test OOD3: 60.00% 
Epoch: 156, Loss: 0.5007, Train: 99.48%, Valid: 68.72%, Test In: 69.07% Test OOD1: 61.66% Test OOD2: 50.77% Test OOD3: 60.00% 
Epoch: 157, Loss: 0.5309, Train: 99.45%, Valid: 68.79%, Test In: 69.13% Test OOD1: 61.53% Test OOD2: 50.76% Test OOD3: 59.90% 
Epoch: 158, Loss: 0.5195, Train: 99.50%, Valid: 68.76%, Test In: 69.14% Test OOD1: 61.76% Test OOD2: 50.70% Test OOD3: 59.95% 
Epoch: 159, Loss: 0.4858, Train: 99.60%, Valid: 68.70%, Test In: 69.05% Test OOD1: 61.09% Test OOD2: 50.87% Test OOD3: 59.59% 
Epoch: 160, Loss: 0.4650, Train: 99.58%, Valid: 68.78%, Test In: 69.17% Test OOD1: 61.35% Test OOD2: 50.86% Test OOD3: 59.71% 
Epoch: 161, Loss: 0.4945, Train: 99.61%, Valid: 68.69%, Test In: 69.17% Test OOD1: 61.64% Test OOD2: 50.94% Test OOD3: 59.83% 
Epoch: 162, Loss: 0.4672, Train: 99.57%, Valid: 68.71%, Test In: 69.25% Test OOD1: 61.95% Test OOD2: 50.95% Test OOD3: 60.03% 
Epoch: 163, Loss: 0.4719, Train: 99.63%, Valid: 68.72%, Test In: 69.29% Test OOD1: 61.52% Test OOD2: 51.03% Test OOD3: 59.85% 
Epoch: 164, Loss: 0.5048, Train: 99.61%, Valid: 68.76%, Test In: 69.35% Test OOD1: 61.81% Test OOD2: 50.99% Test OOD3: 60.05% 
Epoch: 165, Loss: 0.5076, Train: 99.71%, Valid: 68.71%, Test In: 69.21% Test OOD1: 61.47% Test OOD2: 51.07% Test OOD3: 59.82% 
Epoch: 166, Loss: 0.4591, Train: 99.69%, Valid: 68.75%, Test In: 69.27% Test OOD1: 61.74% Test OOD2: 51.01% Test OOD3: 59.94% 
Epoch: 167, Loss: 0.4355, Train: 99.67%, Valid: 68.69%, Test In: 69.21% Test OOD1: 61.80% Test OOD2: 51.01% Test OOD3: 59.98% 
Epoch: 168, Loss: 0.4562, Train: 99.75%, Valid: 68.66%, Test In: 69.12% Test OOD1: 61.49% Test OOD2: 51.01% Test OOD3: 59.75% 
Epoch: 169, Loss: 0.4267, Train: 99.75%, Valid: 68.68%, Test In: 69.15% Test OOD1: 61.53% Test OOD2: 50.98% Test OOD3: 59.72% 
Epoch: 170, Loss: 0.4459, Train: 99.74%, Valid: 68.57%, Test In: 69.08% Test OOD1: 61.60% Test OOD2: 50.99% Test OOD3: 59.79% 
Epoch: 171, Loss: 0.4243, Train: 99.74%, Valid: 68.55%, Test In: 69.08% Test OOD1: 61.74% Test OOD2: 50.93% Test OOD3: 59.87% 
Epoch: 172, Loss: 0.4207, Train: 99.77%, Valid: 68.60%, Test In: 69.05% Test OOD1: 61.69% Test OOD2: 50.88% Test OOD3: 59.84% 
Epoch: 173, Loss: 0.4189, Train: 99.80%, Valid: 68.52%, Test In: 68.92% Test OOD1: 61.25% Test OOD2: 50.97% Test OOD3: 59.70% 
Epoch: 174, Loss: 0.4084, Train: 99.81%, Valid: 68.55%, Test In: 68.92% Test OOD1: 61.38% Test OOD2: 50.94% Test OOD3: 59.77% 
Epoch: 175, Loss: 0.4020, Train: 99.81%, Valid: 68.54%, Test In: 68.89% Test OOD1: 61.60% Test OOD2: 50.88% Test OOD3: 59.85% 
Epoch: 176, Loss: 0.4063, Train: 99.83%, Valid: 68.37%, Test In: 68.66% Test OOD1: 61.24% Test OOD2: 51.00% Test OOD3: 59.69% 
Epoch: 177, Loss: 0.4016, Train: 99.84%, Valid: 68.40%, Test In: 68.66% Test OOD1: 61.49% Test OOD2: 50.96% Test OOD3: 59.81% 
Epoch: 178, Loss: 0.3881, Train: 99.84%, Valid: 68.42%, Test In: 68.69% Test OOD1: 61.53% Test OOD2: 50.92% Test OOD3: 59.85% 
Epoch: 179, Loss: 0.3882, Train: 99.86%, Valid: 68.34%, Test In: 68.62% Test OOD1: 61.21% Test OOD2: 51.01% Test OOD3: 59.74% 
Epoch: 180, Loss: 0.3849, Train: 99.87%, Valid: 68.34%, Test In: 68.63% Test OOD1: 61.31% Test OOD2: 51.01% Test OOD3: 59.80% 
Epoch: 181, Loss: 0.3826, Train: 99.87%, Valid: 68.39%, Test In: 68.69% Test OOD1: 61.53% Test OOD2: 50.92% Test OOD3: 59.86% 
Epoch: 182, Loss: 0.3711, Train: 99.88%, Valid: 68.40%, Test In: 68.66% Test OOD1: 61.55% Test OOD2: 50.89% Test OOD3: 59.89% 
Epoch: 183, Loss: 0.3783, Train: 99.89%, Valid: 68.39%, Test In: 68.64% Test OOD1: 61.55% Test OOD2: 50.86% Test OOD3: 59.86% 
Epoch: 184, Loss: 0.3616, Train: 99.89%, Valid: 68.39%, Test In: 68.63% Test OOD1: 61.47% Test OOD2: 50.84% Test OOD3: 59.81% 
Epoch: 185, Loss: 0.3688, Train: 99.90%, Valid: 68.41%, Test In: 68.66% Test OOD1: 61.59% Test OOD2: 50.81% Test OOD3: 59.90% 
Epoch: 186, Loss: 0.3659, Train: 99.90%, Valid: 68.42%, Test In: 68.72% Test OOD1: 61.54% Test OOD2: 50.79% Test OOD3: 59.90% 
Epoch: 187, Loss: 0.3638, Train: 99.90%, Valid: 68.43%, Test In: 68.79% Test OOD1: 61.58% Test OOD2: 50.78% Test OOD3: 59.91% 
Epoch: 188, Loss: 0.3679, Train: 99.91%, Valid: 68.35%, Test In: 68.73% Test OOD1: 61.22% Test OOD2: 50.81% Test OOD3: 59.75% 
Epoch: 189, Loss: 0.3540, Train: 99.91%, Valid: 68.42%, Test In: 68.80% Test OOD1: 61.56% Test OOD2: 50.72% Test OOD3: 59.84% 
Epoch: 190, Loss: 0.3553, Train: 99.92%, Valid: 68.41%, Test In: 68.72% Test OOD1: 61.34% Test OOD2: 50.77% Test OOD3: 59.71% 
Epoch: 191, Loss: 0.3396, Train: 99.93%, Valid: 68.40%, Test In: 68.66% Test OOD1: 61.22% Test OOD2: 50.82% Test OOD3: 59.65% 
Epoch: 192, Loss: 0.3412, Train: 99.93%, Valid: 68.43%, Test In: 68.73% Test OOD1: 61.39% Test OOD2: 50.79% Test OOD3: 59.74% 
Epoch: 193, Loss: 0.3442, Train: 99.93%, Valid: 68.37%, Test In: 68.67% Test OOD1: 61.17% Test OOD2: 50.90% Test OOD3: 59.66% 
Epoch: 194, Loss: 0.3384, Train: 99.93%, Valid: 68.38%, Test In: 68.74% Test OOD1: 61.55% Test OOD2: 50.94% Test OOD3: 59.80% 
Epoch: 195, Loss: 0.3329, Train: 99.93%, Valid: 68.36%, Test In: 68.69% Test OOD1: 61.64% Test OOD2: 51.00% Test OOD3: 59.81% 
Epoch: 196, Loss: 0.3277, Train: 99.94%, Valid: 68.32%, Test In: 68.63% Test OOD1: 61.55% Test OOD2: 51.06% Test OOD3: 59.72% 
Epoch: 197, Loss: 0.3330, Train: 99.94%, Valid: 68.37%, Test In: 68.63% Test OOD1: 61.69% Test OOD2: 51.01% Test OOD3: 59.71% 
Epoch: 198, Loss: 0.3425, Train: 99.94%, Valid: 68.37%, Test In: 68.53% Test OOD1: 61.35% Test OOD2: 51.10% Test OOD3: 59.57% 
Epoch: 199, Loss: 0.3368, Train: 99.94%, Valid: 68.46%, Test In: 68.61% Test OOD1: 61.63% Test OOD2: 51.00% Test OOD3: 59.75% 
Run 02:
Highest Train: 99.94
Highest Valid: 71.17
Highest In Test: 71.86
Highest OOD Test: 66.24
Highest OOD Test: 52.65
Highest OOD Test: 63.07
Chosen epoch: 63
Final Train: 82.14
Final In Test: 71.76
Final OOD Test: 64.04
Final OOD Test: 51.43
Final OOD Test: 62.10
Epoch: 00, Loss: 1.3914, Train: 57.71%, Valid: 55.51%, Test In: 56.94% Test OOD1: 48.93% Test OOD2: 51.09% Test OOD3: 51.67% 
Epoch: 01, Loss: 1.3878, Train: 58.72%, Valid: 55.87%, Test In: 57.35% Test OOD1: 49.18% Test OOD2: 51.58% Test OOD3: 52.52% 
Epoch: 02, Loss: 1.3844, Train: 57.96%, Valid: 55.04%, Test In: 56.55% Test OOD1: 48.55% Test OOD2: 51.74% Test OOD3: 52.24% 
Epoch: 03, Loss: 1.3800, Train: 58.00%, Valid: 55.01%, Test In: 56.49% Test OOD1: 48.58% Test OOD2: 51.80% Test OOD3: 52.30% 
Epoch: 04, Loss: 1.3747, Train: 59.65%, Valid: 56.35%, Test In: 57.81% Test OOD1: 49.78% Test OOD2: 51.97% Test OOD3: 53.24% 
Epoch: 05, Loss: 1.3687, Train: 64.10%, Valid: 60.09%, Test In: 61.53% Test OOD1: 53.75% Test OOD2: 52.47% Test OOD3: 56.06% 
Epoch: 06, Loss: 1.3629, Train: 69.09%, Valid: 64.45%, Test In: 66.05% Test OOD1: 60.97% Test OOD2: 52.53% Test OOD3: 60.12% 
Epoch: 07, Loss: 1.3568, Train: 68.54%, Valid: 64.73%, Test In: 65.34% Test OOD1: 63.14% Test OOD2: 51.88% Test OOD3: 60.70% 
Epoch: 08, Loss: 1.3505, Train: 66.76%, Valid: 63.82%, Test In: 63.85% Test OOD1: 62.90% Test OOD2: 51.50% Test OOD3: 60.03% 
Epoch: 09, Loss: 1.3439, Train: 65.53%, Valid: 63.02%, Test In: 62.81% Test OOD1: 62.54% Test OOD2: 51.26% Test OOD3: 59.45% 
Epoch: 10, Loss: 1.3370, Train: 64.67%, Valid: 62.40%, Test In: 62.09% Test OOD1: 62.22% Test OOD2: 51.10% Test OOD3: 59.04% 
Epoch: 11, Loss: 1.3303, Train: 64.07%, Valid: 61.95%, Test In: 61.57% Test OOD1: 61.95% Test OOD2: 51.00% Test OOD3: 58.76% 
Epoch: 12, Loss: 1.3252, Train: 63.67%, Valid: 61.63%, Test In: 61.22% Test OOD1: 61.77% Test OOD2: 50.92% Test OOD3: 58.57% 
Epoch: 13, Loss: 1.3203, Train: 63.48%, Valid: 61.47%, Test In: 61.05% Test OOD1: 61.67% Test OOD2: 50.87% Test OOD3: 58.49% 
Epoch: 14, Loss: 1.3175, Train: 63.50%, Valid: 61.46%, Test In: 61.05% Test OOD1: 61.68% Test OOD2: 50.86% Test OOD3: 58.53% 
Epoch: 15, Loss: 1.3141, Train: 63.72%, Valid: 61.59%, Test In: 61.24% Test OOD1: 61.78% Test OOD2: 50.87% Test OOD3: 58.68% 
Epoch: 16, Loss: 1.3111, Train: 64.10%, Valid: 61.84%, Test In: 61.55% Test OOD1: 61.94% Test OOD2: 50.91% Test OOD3: 58.90% 
Epoch: 17, Loss: 1.3078, Train: 64.61%, Valid: 62.17%, Test In: 61.96% Test OOD1: 62.14% Test OOD2: 50.95% Test OOD3: 59.16% 
Epoch: 18, Loss: 1.3037, Train: 65.26%, Valid: 62.61%, Test In: 62.49% Test OOD1: 62.41% Test OOD2: 51.01% Test OOD3: 59.49% 
Epoch: 19, Loss: 1.2983, Train: 66.11%, Valid: 63.22%, Test In: 63.20% Test OOD1: 62.77% Test OOD2: 51.11% Test OOD3: 59.90% 
Epoch: 20, Loss: 1.2932, Train: 67.20%, Valid: 64.00%, Test In: 64.11% Test OOD1: 63.26% Test OOD2: 51.26% Test OOD3: 60.40% 
Epoch: 21, Loss: 1.2883, Train: 68.43%, Valid: 64.82%, Test In: 65.19% Test OOD1: 63.77% Test OOD2: 51.43% Test OOD3: 60.96% 
Epoch: 22, Loss: 1.2792, Train: 69.60%, Valid: 65.59%, Test In: 66.14% Test OOD1: 64.24% Test OOD2: 51.56% Test OOD3: 61.48% 
Epoch: 23, Loss: 1.2741, Train: 70.61%, Valid: 66.30%, Test In: 66.93% Test OOD1: 64.61% Test OOD2: 51.65% Test OOD3: 61.89% 
Epoch: 24, Loss: 1.2649, Train: 71.60%, Valid: 67.04%, Test In: 67.71% Test OOD1: 64.98% Test OOD2: 51.78% Test OOD3: 62.25% 
Epoch: 25, Loss: 1.2568, Train: 72.52%, Valid: 67.70%, Test In: 68.42% Test OOD1: 65.25% Test OOD2: 51.92% Test OOD3: 62.56% 
Epoch: 26, Loss: 1.2464, Train: 73.22%, Valid: 68.21%, Test In: 68.92% Test OOD1: 65.41% Test OOD2: 51.87% Test OOD3: 62.73% 
Epoch: 27, Loss: 1.2359, Train: 73.97%, Valid: 68.75%, Test In: 69.44% Test OOD1: 65.59% Test OOD2: 51.90% Test OOD3: 62.86% 
Epoch: 28, Loss: 1.2221, Train: 74.74%, Valid: 69.34%, Test In: 70.01% Test OOD1: 65.69% Test OOD2: 52.03% Test OOD3: 62.96% 
Epoch: 29, Loss: 1.2103, Train: 75.25%, Valid: 69.70%, Test In: 70.31% Test OOD1: 65.91% Test OOD2: 51.84% Test OOD3: 62.95% 
Epoch: 30, Loss: 1.1966, Train: 75.82%, Valid: 70.10%, Test In: 70.68% Test OOD1: 65.92% Test OOD2: 51.84% Test OOD3: 62.95% 
Epoch: 31, Loss: 1.1868, Train: 76.43%, Valid: 70.58%, Test In: 71.15% Test OOD1: 65.58% Test OOD2: 52.07% Test OOD3: 62.90% 
Epoch: 32, Loss: 1.1983, Train: 76.55%, Valid: 70.55%, Test In: 71.10% Test OOD1: 65.96% Test OOD2: 51.79% Test OOD3: 62.90% 
Epoch: 33, Loss: 1.1634, Train: 76.67%, Valid: 70.54%, Test In: 71.06% Test OOD1: 66.14% Test OOD2: 51.62% Test OOD3: 62.86% 
Epoch: 34, Loss: 1.1787, Train: 76.87%, Valid: 70.59%, Test In: 71.14% Test OOD1: 66.11% Test OOD2: 51.65% Test OOD3: 62.84% 
Epoch: 35, Loss: 1.1567, Train: 77.45%, Valid: 70.92%, Test In: 71.50% Test OOD1: 65.60% Test OOD2: 51.82% Test OOD3: 62.74% 
Epoch: 36, Loss: 1.1483, Train: 77.95%, Valid: 71.07%, Test In: 71.68% Test OOD1: 64.57% Test OOD2: 51.91% Test OOD3: 62.45% 
Epoch: 37, Loss: 1.1682, Train: 77.71%, Valid: 70.86%, Test In: 71.45% Test OOD1: 65.78% Test OOD2: 51.65% Test OOD3: 62.74% 
Epoch: 38, Loss: 1.1403, Train: 77.61%, Valid: 70.69%, Test In: 71.31% Test OOD1: 65.95% Test OOD2: 51.60% Test OOD3: 62.73% 
Epoch: 39, Loss: 1.1514, Train: 77.98%, Valid: 70.85%, Test In: 71.46% Test OOD1: 65.68% Test OOD2: 51.58% Test OOD3: 62.70% 
Epoch: 40, Loss: 1.1345, Train: 78.41%, Valid: 71.06%, Test In: 71.72% Test OOD1: 64.86% Test OOD2: 51.82% Test OOD3: 62.52% 
Epoch: 41, Loss: 1.1412, Train: 78.47%, Valid: 71.04%, Test In: 71.73% Test OOD1: 64.83% Test OOD2: 51.89% Test OOD3: 62.51% 
Epoch: 42, Loss: 1.1288, Train: 78.30%, Valid: 70.89%, Test In: 71.57% Test OOD1: 65.61% Test OOD2: 51.67% Test OOD3: 62.74% 
Epoch: 43, Loss: 1.1323, Train: 78.38%, Valid: 70.89%, Test In: 71.56% Test OOD1: 65.63% Test OOD2: 51.63% Test OOD3: 62.77% 
Epoch: 44, Loss: 1.1249, Train: 78.68%, Valid: 70.99%, Test In: 71.74% Test OOD1: 65.05% Test OOD2: 51.83% Test OOD3: 62.65% 
Epoch: 45, Loss: 1.1200, Train: 78.72%, Valid: 70.96%, Test In: 71.71% Test OOD1: 65.10% Test OOD2: 51.81% Test OOD3: 62.66% 
Epoch: 46, Loss: 1.1229, Train: 78.54%, Valid: 70.82%, Test In: 71.52% Test OOD1: 65.63% Test OOD2: 51.62% Test OOD3: 62.79% 
Epoch: 47, Loss: 1.1186, Train: 78.72%, Valid: 70.89%, Test In: 71.61% Test OOD1: 65.50% Test OOD2: 51.69% Test OOD3: 62.78% 
Epoch: 48, Loss: 1.1135, Train: 79.03%, Valid: 71.00%, Test In: 71.77% Test OOD1: 64.97% Test OOD2: 51.87% Test OOD3: 62.64% 
Epoch: 49, Loss: 1.1214, Train: 79.05%, Valid: 70.95%, Test In: 71.71% Test OOD1: 65.12% Test OOD2: 51.79% Test OOD3: 62.67% 
Epoch: 50, Loss: 1.1068, Train: 78.98%, Valid: 70.85%, Test In: 71.59% Test OOD1: 65.39% Test OOD2: 51.65% Test OOD3: 62.73% 
Epoch: 51, Loss: 1.1170, Train: 79.17%, Valid: 70.89%, Test In: 71.65% Test OOD1: 65.21% Test OOD2: 51.70% Test OOD3: 62.67% 
Epoch: 52, Loss: 1.1051, Train: 79.35%, Valid: 70.93%, Test In: 71.69% Test OOD1: 65.08% Test OOD2: 51.73% Test OOD3: 62.63% 
Epoch: 53, Loss: 1.1035, Train: 79.30%, Valid: 70.87%, Test In: 71.60% Test OOD1: 65.34% Test OOD2: 51.61% Test OOD3: 62.71% 
Epoch: 54, Loss: 1.1011, Train: 79.46%, Valid: 70.90%, Test In: 71.63% Test OOD1: 65.19% Test OOD2: 51.60% Test OOD3: 62.68% 
Epoch: 55, Loss: 1.0991, Train: 79.79%, Valid: 71.02%, Test In: 71.76% Test OOD1: 64.62% Test OOD2: 51.72% Test OOD3: 62.51% 
Epoch: 56, Loss: 1.1008, Train: 79.81%, Valid: 70.99%, Test In: 71.69% Test OOD1: 64.92% Test OOD2: 51.60% Test OOD3: 62.60% 
Epoch: 57, Loss: 1.0930, Train: 79.69%, Valid: 70.87%, Test In: 71.54% Test OOD1: 65.33% Test OOD2: 51.46% Test OOD3: 62.70% 
Epoch: 58, Loss: 1.0990, Train: 80.00%, Valid: 70.97%, Test In: 71.66% Test OOD1: 65.01% Test OOD2: 51.54% Test OOD3: 62.61% 
Epoch: 59, Loss: 1.0937, Train: 80.24%, Valid: 71.06%, Test In: 71.73% Test OOD1: 64.72% Test OOD2: 51.55% Test OOD3: 62.52% 
Epoch: 60, Loss: 1.0855, Train: 80.45%, Valid: 71.09%, Test In: 71.77% Test OOD1: 64.52% Test OOD2: 51.59% Test OOD3: 62.42% 
Epoch: 61, Loss: 1.0808, Train: 80.46%, Valid: 71.00%, Test In: 71.67% Test OOD1: 64.88% Test OOD2: 51.51% Test OOD3: 62.50% 
Epoch: 62, Loss: 1.0775, Train: 80.49%, Valid: 70.95%, Test In: 71.59% Test OOD1: 65.07% Test OOD2: 51.42% Test OOD3: 62.53% 
Epoch: 63, Loss: 1.0764, Train: 80.90%, Valid: 71.08%, Test In: 71.73% Test OOD1: 64.56% Test OOD2: 51.54% Test OOD3: 62.35% 
Epoch: 64, Loss: 1.0719, Train: 81.08%, Valid: 71.10%, Test In: 71.74% Test OOD1: 64.46% Test OOD2: 51.54% Test OOD3: 62.29% 
Epoch: 65, Loss: 1.0745, Train: 81.06%, Valid: 71.03%, Test In: 71.65% Test OOD1: 64.82% Test OOD2: 51.41% Test OOD3: 62.41% 
Epoch: 66, Loss: 1.0701, Train: 81.43%, Valid: 71.13%, Test In: 71.76% Test OOD1: 64.43% Test OOD2: 51.52% Test OOD3: 62.26% 
Epoch: 67, Loss: 1.0714, Train: 81.29%, Valid: 71.01%, Test In: 71.63% Test OOD1: 64.94% Test OOD2: 51.35% Test OOD3: 62.44% 
Epoch: 68, Loss: 1.0658, Train: 81.78%, Valid: 71.17%, Test In: 71.82% Test OOD1: 64.28% Test OOD2: 51.49% Test OOD3: 62.21% 
Epoch: 69, Loss: 1.0541, Train: 82.02%, Valid: 71.19%, Test In: 71.87% Test OOD1: 64.15% Test OOD2: 51.52% Test OOD3: 62.14% 
Epoch: 70, Loss: 1.0575, Train: 81.58%, Valid: 70.92%, Test In: 71.60% Test OOD1: 65.13% Test OOD2: 51.29% Test OOD3: 62.48% 
Epoch: 71, Loss: 1.0633, Train: 82.33%, Valid: 71.13%, Test In: 71.87% Test OOD1: 64.10% Test OOD2: 51.51% Test OOD3: 62.10% 
Epoch: 72, Loss: 1.0532, Train: 82.37%, Valid: 71.10%, Test In: 71.85% Test OOD1: 64.41% Test OOD2: 51.45% Test OOD3: 62.22% 
Epoch: 73, Loss: 1.0472, Train: 82.34%, Valid: 71.00%, Test In: 71.74% Test OOD1: 64.78% Test OOD2: 51.38% Test OOD3: 62.32% 
Epoch: 74, Loss: 1.0459, Train: 82.82%, Valid: 71.07%, Test In: 71.85% Test OOD1: 64.08% Test OOD2: 51.50% Test OOD3: 62.01% 
Epoch: 75, Loss: 1.0508, Train: 82.76%, Valid: 71.07%, Test In: 71.81% Test OOD1: 64.37% Test OOD2: 51.41% Test OOD3: 62.16% 
Epoch: 76, Loss: 1.0486, Train: 82.94%, Valid: 71.01%, Test In: 71.74% Test OOD1: 64.44% Test OOD2: 51.41% Test OOD3: 62.16% 
Epoch: 77, Loss: 1.0307, Train: 83.33%, Valid: 71.01%, Test In: 71.78% Test OOD1: 63.87% Test OOD2: 51.49% Test OOD3: 61.93% 
Epoch: 78, Loss: 1.0390, Train: 83.28%, Valid: 70.99%, Test In: 71.71% Test OOD1: 64.29% Test OOD2: 51.39% Test OOD3: 62.14% 
Epoch: 79, Loss: 1.0295, Train: 83.37%, Valid: 70.93%, Test In: 71.64% Test OOD1: 64.31% Test OOD2: 51.35% Test OOD3: 62.16% 
Epoch: 80, Loss: 1.0243, Train: 83.77%, Valid: 70.87%, Test In: 71.59% Test OOD1: 64.12% Test OOD2: 51.39% Test OOD3: 62.05% 
Epoch: 81, Loss: 1.0151, Train: 84.04%, Valid: 70.85%, Test In: 71.58% Test OOD1: 63.87% Test OOD2: 51.41% Test OOD3: 61.95% 
Epoch: 82, Loss: 1.0116, Train: 83.97%, Valid: 70.81%, Test In: 71.52% Test OOD1: 64.22% Test OOD2: 51.33% Test OOD3: 62.10% 
Epoch: 83, Loss: 1.0103, Train: 84.26%, Valid: 70.77%, Test In: 71.46% Test OOD1: 64.13% Test OOD2: 51.33% Test OOD3: 62.02% 
Epoch: 84, Loss: 1.0048, Train: 84.57%, Valid: 70.74%, Test In: 71.44% Test OOD1: 63.92% Test OOD2: 51.35% Test OOD3: 61.90% 
Epoch: 85, Loss: 1.0100, Train: 84.92%, Valid: 70.78%, Test In: 71.49% Test OOD1: 63.05% Test OOD2: 51.42% Test OOD3: 61.56% 
Epoch: 86, Loss: 1.0213, Train: 84.21%, Valid: 70.57%, Test In: 71.24% Test OOD1: 64.65% Test OOD2: 51.12% Test OOD3: 62.16% 
Epoch: 87, Loss: 1.0360, Train: 85.10%, Valid: 70.78%, Test In: 71.45% Test OOD1: 63.78% Test OOD2: 51.31% Test OOD3: 61.87% 
Epoch: 88, Loss: 0.9828, Train: 85.43%, Valid: 70.80%, Test In: 71.45% Test OOD1: 62.82% Test OOD2: 51.40% Test OOD3: 61.47% 
Epoch: 89, Loss: 1.0339, Train: 85.21%, Valid: 70.77%, Test In: 71.42% Test OOD1: 64.00% Test OOD2: 51.25% Test OOD3: 61.98% 
Epoch: 90, Loss: 0.9767, Train: 85.30%, Valid: 70.73%, Test In: 71.33% Test OOD1: 64.09% Test OOD2: 51.21% Test OOD3: 62.01% 
Epoch: 91, Loss: 1.0037, Train: 85.78%, Valid: 70.77%, Test In: 71.36% Test OOD1: 63.62% Test OOD2: 51.28% Test OOD3: 61.80% 
Epoch: 92, Loss: 0.9742, Train: 85.98%, Valid: 70.79%, Test In: 71.43% Test OOD1: 63.39% Test OOD2: 51.29% Test OOD3: 61.71% 
Epoch: 93, Loss: 0.9798, Train: 86.23%, Valid: 70.74%, Test In: 71.40% Test OOD1: 63.22% Test OOD2: 51.30% Test OOD3: 61.62% 
Epoch: 94, Loss: 0.9769, Train: 86.54%, Valid: 70.68%, Test In: 71.26% Test OOD1: 63.28% Test OOD2: 51.31% Test OOD3: 61.63% 
Epoch: 95, Loss: 0.9660, Train: 86.34%, Valid: 70.51%, Test In: 71.11% Test OOD1: 63.93% Test OOD2: 51.21% Test OOD3: 61.86% 
Epoch: 96, Loss: 0.9803, Train: 87.07%, Valid: 70.66%, Test In: 71.29% Test OOD1: 62.96% Test OOD2: 51.36% Test OOD3: 61.48% 
Epoch: 97, Loss: 0.9787, Train: 86.95%, Valid: 70.49%, Test In: 71.08% Test OOD1: 63.61% Test OOD2: 51.25% Test OOD3: 61.71% 
Epoch: 98, Loss: 0.9712, Train: 87.18%, Valid: 70.57%, Test In: 71.19% Test OOD1: 63.33% Test OOD2: 51.27% Test OOD3: 61.63% 
Epoch: 99, Loss: 0.9615, Train: 87.49%, Valid: 70.63%, Test In: 71.22% Test OOD1: 63.37% Test OOD2: 51.22% Test OOD3: 61.72% 
Epoch: 100, Loss: 0.9770, Train: 87.94%, Valid: 70.60%, Test In: 71.17% Test OOD1: 62.91% Test OOD2: 51.29% Test OOD3: 61.55% 
Epoch: 101, Loss: 0.9693, Train: 87.27%, Valid: 70.33%, Test In: 70.92% Test OOD1: 64.12% Test OOD2: 51.01% Test OOD3: 62.04% 
Epoch: 102, Loss: 0.9640, Train: 88.06%, Valid: 70.53%, Test In: 71.11% Test OOD1: 63.46% Test OOD2: 51.14% Test OOD3: 61.83% 
Epoch: 103, Loss: 0.9252, Train: 88.43%, Valid: 70.57%, Test In: 71.21% Test OOD1: 62.55% Test OOD2: 51.24% Test OOD3: 61.43% 
Epoch: 104, Loss: 0.9469, Train: 88.41%, Valid: 70.56%, Test In: 71.17% Test OOD1: 63.39% Test OOD2: 51.16% Test OOD3: 61.78% 
Epoch: 105, Loss: 0.9173, Train: 88.68%, Valid: 70.42%, Test In: 70.96% Test OOD1: 63.67% Test OOD2: 51.10% Test OOD3: 61.80% 
Epoch: 106, Loss: 0.9257, Train: 88.87%, Valid: 70.48%, Test In: 71.05% Test OOD1: 63.52% Test OOD2: 51.10% Test OOD3: 61.71% 
Epoch: 107, Loss: 0.9285, Train: 89.45%, Valid: 70.49%, Test In: 71.02% Test OOD1: 62.91% Test OOD2: 51.13% Test OOD3: 61.44% 
Epoch: 108, Loss: 0.9012, Train: 89.46%, Valid: 70.51%, Test In: 71.05% Test OOD1: 62.98% Test OOD2: 51.09% Test OOD3: 61.46% 
Epoch: 109, Loss: 0.9169, Train: 89.86%, Valid: 70.43%, Test In: 70.94% Test OOD1: 62.96% Test OOD2: 51.07% Test OOD3: 61.41% 
Epoch: 110, Loss: 0.8886, Train: 90.18%, Valid: 70.31%, Test In: 70.80% Test OOD1: 63.04% Test OOD2: 51.05% Test OOD3: 61.42% 
Epoch: 111, Loss: 0.8984, Train: 90.03%, Valid: 70.28%, Test In: 70.80% Test OOD1: 63.39% Test OOD2: 51.03% Test OOD3: 61.60% 
Epoch: 112, Loss: 0.8873, Train: 90.63%, Valid: 70.25%, Test In: 70.75% Test OOD1: 62.81% Test OOD2: 51.12% Test OOD3: 61.39% 
Epoch: 113, Loss: 0.8931, Train: 90.45%, Valid: 70.26%, Test In: 70.86% Test OOD1: 62.82% Test OOD2: 51.13% Test OOD3: 61.44% 
Epoch: 114, Loss: 0.8857, Train: 91.19%, Valid: 70.11%, Test In: 70.67% Test OOD1: 62.62% Test OOD2: 51.17% Test OOD3: 61.34% 
Epoch: 115, Loss: 0.8766, Train: 91.00%, Valid: 70.12%, Test In: 70.67% Test OOD1: 63.22% Test OOD2: 51.06% Test OOD3: 61.59% 
Epoch: 116, Loss: 0.8774, Train: 91.66%, Valid: 70.13%, Test In: 70.67% Test OOD1: 62.67% Test OOD2: 51.15% Test OOD3: 61.33% 
Epoch: 117, Loss: 0.8532, Train: 91.93%, Valid: 70.12%, Test In: 70.64% Test OOD1: 62.20% Test OOD2: 51.17% Test OOD3: 61.08% 
Epoch: 118, Loss: 0.8586, Train: 91.83%, Valid: 70.20%, Test In: 70.67% Test OOD1: 62.83% Test OOD2: 51.07% Test OOD3: 61.33% 
Epoch: 119, Loss: 0.8534, Train: 92.56%, Valid: 70.13%, Test In: 70.55% Test OOD1: 62.59% Test OOD2: 51.07% Test OOD3: 61.14% 
Epoch: 120, Loss: 0.8517, Train: 92.32%, Valid: 70.20%, Test In: 70.70% Test OOD1: 62.56% Test OOD2: 51.06% Test OOD3: 61.17% 
Epoch: 121, Loss: 0.8421, Train: 92.84%, Valid: 70.16%, Test In: 70.63% Test OOD1: 62.38% Test OOD2: 51.04% Test OOD3: 61.07% 
Epoch: 122, Loss: 0.8272, Train: 93.06%, Valid: 70.15%, Test In: 70.61% Test OOD1: 62.61% Test OOD2: 50.97% Test OOD3: 61.17% 
Epoch: 123, Loss: 0.8162, Train: 93.00%, Valid: 70.15%, Test In: 70.66% Test OOD1: 62.71% Test OOD2: 50.94% Test OOD3: 61.19% 
Epoch: 124, Loss: 0.8218, Train: 93.60%, Valid: 70.12%, Test In: 70.56% Test OOD1: 62.30% Test OOD2: 50.96% Test OOD3: 60.95% 
Epoch: 125, Loss: 0.8068, Train: 93.83%, Valid: 70.14%, Test In: 70.56% Test OOD1: 62.34% Test OOD2: 50.95% Test OOD3: 60.92% 
Epoch: 126, Loss: 0.7947, Train: 93.85%, Valid: 70.14%, Test In: 70.57% Test OOD1: 62.49% Test OOD2: 50.95% Test OOD3: 60.95% 
Epoch: 127, Loss: 0.8000, Train: 94.36%, Valid: 70.08%, Test In: 70.41% Test OOD1: 62.27% Test OOD2: 50.99% Test OOD3: 60.75% 
Epoch: 128, Loss: 0.7913, Train: 94.30%, Valid: 70.10%, Test In: 70.49% Test OOD1: 62.42% Test OOD2: 50.99% Test OOD3: 60.80% 
Epoch: 129, Loss: 0.7824, Train: 94.74%, Valid: 70.03%, Test In: 70.37% Test OOD1: 62.40% Test OOD2: 51.01% Test OOD3: 60.74% 
Epoch: 130, Loss: 0.7734, Train: 94.98%, Valid: 69.97%, Test In: 70.32% Test OOD1: 62.32% Test OOD2: 51.05% Test OOD3: 60.67% 
Epoch: 131, Loss: 0.7679, Train: 94.99%, Valid: 69.96%, Test In: 70.41% Test OOD1: 62.26% Test OOD2: 51.05% Test OOD3: 60.64% 
Epoch: 132, Loss: 0.7724, Train: 95.42%, Valid: 69.90%, Test In: 70.27% Test OOD1: 62.44% Test OOD2: 51.06% Test OOD3: 60.72% 
Epoch: 133, Loss: 0.7625, Train: 95.67%, Valid: 69.85%, Test In: 70.27% Test OOD1: 62.01% Test OOD2: 51.11% Test OOD3: 60.55% 
Epoch: 134, Loss: 0.7501, Train: 95.74%, Valid: 69.91%, Test In: 70.28% Test OOD1: 62.37% Test OOD2: 51.07% Test OOD3: 60.72% 
Epoch: 135, Loss: 0.7392, Train: 96.08%, Valid: 69.83%, Test In: 70.15% Test OOD1: 62.10% Test OOD2: 51.14% Test OOD3: 60.58% 
Epoch: 136, Loss: 0.7315, Train: 96.02%, Valid: 69.89%, Test In: 70.21% Test OOD1: 62.14% Test OOD2: 51.08% Test OOD3: 60.61% 
Epoch: 137, Loss: 0.7249, Train: 96.44%, Valid: 69.84%, Test In: 70.09% Test OOD1: 61.96% Test OOD2: 51.08% Test OOD3: 60.53% 
Epoch: 138, Loss: 0.7254, Train: 96.51%, Valid: 69.76%, Test In: 70.05% Test OOD1: 61.67% Test OOD2: 51.05% Test OOD3: 60.36% 
Epoch: 139, Loss: 0.7147, Train: 96.61%, Valid: 69.75%, Test In: 69.99% Test OOD1: 62.16% Test OOD2: 50.94% Test OOD3: 60.54% 
Epoch: 140, Loss: 0.7162, Train: 96.98%, Valid: 69.56%, Test In: 69.81% Test OOD1: 61.37% Test OOD2: 51.05% Test OOD3: 60.10% 
Epoch: 141, Loss: 0.7316, Train: 96.57%, Valid: 69.71%, Test In: 69.98% Test OOD1: 62.39% Test OOD2: 50.81% Test OOD3: 60.61% 
Epoch: 142, Loss: 0.7478, Train: 97.29%, Valid: 69.63%, Test In: 69.88% Test OOD1: 61.66% Test OOD2: 50.96% Test OOD3: 60.29% 
Epoch: 143, Loss: 0.6978, Train: 97.24%, Valid: 69.74%, Test In: 70.02% Test OOD1: 61.78% Test OOD2: 50.91% Test OOD3: 60.39% 
Epoch: 144, Loss: 0.7009, Train: 97.13%, Valid: 69.69%, Test In: 69.97% Test OOD1: 62.61% Test OOD2: 50.76% Test OOD3: 60.79% 
Epoch: 145, Loss: 0.7305, Train: 97.48%, Valid: 69.77%, Test In: 70.10% Test OOD1: 62.00% Test OOD2: 50.92% Test OOD3: 60.52% 
Epoch: 146, Loss: 0.6753, Train: 97.52%, Valid: 69.69%, Test In: 70.08% Test OOD1: 61.83% Test OOD2: 50.88% Test OOD3: 60.37% 
Epoch: 147, Loss: 0.6897, Train: 97.60%, Valid: 69.68%, Test In: 69.95% Test OOD1: 62.57% Test OOD2: 50.76% Test OOD3: 60.63% 
Epoch: 148, Loss: 0.7030, Train: 97.84%, Valid: 69.63%, Test In: 69.95% Test OOD1: 61.88% Test OOD2: 50.79% Test OOD3: 60.22% 
Epoch: 149, Loss: 0.6847, Train: 97.82%, Valid: 69.66%, Test In: 69.95% Test OOD1: 62.14% Test OOD2: 50.82% Test OOD3: 60.23% 
Epoch: 150, Loss: 0.6740, Train: 98.18%, Valid: 69.58%, Test In: 69.82% Test OOD1: 62.06% Test OOD2: 50.87% Test OOD3: 60.20% 
Epoch: 151, Loss: 0.6435, Train: 98.05%, Valid: 69.57%, Test In: 69.90% Test OOD1: 62.16% Test OOD2: 50.85% Test OOD3: 60.26% 
Epoch: 152, Loss: 0.6601, Train: 98.15%, Valid: 69.58%, Test In: 69.85% Test OOD1: 62.25% Test OOD2: 50.94% Test OOD3: 60.28% 
Epoch: 153, Loss: 0.6468, Train: 98.26%, Valid: 69.48%, Test In: 69.73% Test OOD1: 62.37% Test OOD2: 50.95% Test OOD3: 60.31% 
Epoch: 154, Loss: 0.6368, Train: 98.31%, Valid: 69.46%, Test In: 69.79% Test OOD1: 62.35% Test OOD2: 50.94% Test OOD3: 60.25% 
Epoch: 155, Loss: 0.6340, Train: 98.45%, Valid: 69.48%, Test In: 69.77% Test OOD1: 62.16% Test OOD2: 51.03% Test OOD3: 60.12% 
Epoch: 156, Loss: 0.6337, Train: 98.56%, Valid: 69.41%, Test In: 69.69% Test OOD1: 62.10% Test OOD2: 51.00% Test OOD3: 60.04% 
Epoch: 157, Loss: 0.6188, Train: 98.68%, Valid: 69.32%, Test In: 69.62% Test OOD1: 61.88% Test OOD2: 51.03% Test OOD3: 59.92% 
Epoch: 158, Loss: 0.6235, Train: 98.67%, Valid: 69.34%, Test In: 69.64% Test OOD1: 62.07% Test OOD2: 51.04% Test OOD3: 59.98% 
Epoch: 159, Loss: 0.6057, Train: 98.69%, Valid: 69.33%, Test In: 69.58% Test OOD1: 62.19% Test OOD2: 51.04% Test OOD3: 60.07% 
Epoch: 160, Loss: 0.5977, Train: 98.84%, Valid: 69.27%, Test In: 69.47% Test OOD1: 61.94% Test OOD2: 51.10% Test OOD3: 59.96% 
Epoch: 161, Loss: 0.5958, Train: 98.90%, Valid: 69.31%, Test In: 69.52% Test OOD1: 61.88% Test OOD2: 51.13% Test OOD3: 59.98% 
Epoch: 162, Loss: 0.5824, Train: 98.86%, Valid: 69.40%, Test In: 69.58% Test OOD1: 62.12% Test OOD2: 51.10% Test OOD3: 60.14% 
Epoch: 163, Loss: 0.5815, Train: 99.04%, Valid: 69.35%, Test In: 69.40% Test OOD1: 61.70% Test OOD2: 51.21% Test OOD3: 59.98% 
Epoch: 164, Loss: 0.5831, Train: 98.94%, Valid: 69.38%, Test In: 69.47% Test OOD1: 61.93% Test OOD2: 51.10% Test OOD3: 60.05% 
Epoch: 165, Loss: 0.5846, Train: 99.11%, Valid: 69.43%, Test In: 69.40% Test OOD1: 62.01% Test OOD2: 51.13% Test OOD3: 60.05% 
Epoch: 166, Loss: 0.5637, Train: 99.12%, Valid: 69.42%, Test In: 69.34% Test OOD1: 61.96% Test OOD2: 51.14% Test OOD3: 60.01% 
Epoch: 167, Loss: 0.5488, Train: 99.13%, Valid: 69.37%, Test In: 69.34% Test OOD1: 61.90% Test OOD2: 51.12% Test OOD3: 59.97% 
Epoch: 168, Loss: 0.5611, Train: 99.26%, Valid: 69.42%, Test In: 69.34% Test OOD1: 62.08% Test OOD2: 51.10% Test OOD3: 60.07% 
Epoch: 169, Loss: 0.5550, Train: 99.18%, Valid: 69.43%, Test In: 69.36% Test OOD1: 62.25% Test OOD2: 50.99% Test OOD3: 60.12% 
Epoch: 170, Loss: 0.5453, Train: 99.34%, Valid: 69.31%, Test In: 69.18% Test OOD1: 61.89% Test OOD2: 51.02% Test OOD3: 59.89% 
Epoch: 171, Loss: 0.5330, Train: 99.38%, Valid: 69.31%, Test In: 69.18% Test OOD1: 62.19% Test OOD2: 50.91% Test OOD3: 59.94% 
Epoch: 172, Loss: 0.5203, Train: 99.34%, Valid: 69.26%, Test In: 69.19% Test OOD1: 62.12% Test OOD2: 50.86% Test OOD3: 59.86% 
Epoch: 173, Loss: 0.5356, Train: 99.49%, Valid: 69.11%, Test In: 69.09% Test OOD1: 61.80% Test OOD2: 50.95% Test OOD3: 59.71% 
Epoch: 174, Loss: 0.5401, Train: 99.38%, Valid: 69.13%, Test In: 69.21% Test OOD1: 62.16% Test OOD2: 50.83% Test OOD3: 59.88% 
Epoch: 175, Loss: 0.5253, Train: 99.48%, Valid: 69.14%, Test In: 69.22% Test OOD1: 62.14% Test OOD2: 50.90% Test OOD3: 59.90% 
Epoch: 176, Loss: 0.5077, Train: 99.53%, Valid: 69.08%, Test In: 69.23% Test OOD1: 61.89% Test OOD2: 50.94% Test OOD3: 59.79% 
Epoch: 177, Loss: 0.5018, Train: 99.46%, Valid: 69.10%, Test In: 69.32% Test OOD1: 62.13% Test OOD2: 50.83% Test OOD3: 59.88% 
Epoch: 178, Loss: 0.5060, Train: 99.57%, Valid: 69.07%, Test In: 69.31% Test OOD1: 61.96% Test OOD2: 50.88% Test OOD3: 59.81% 
Epoch: 179, Loss: 0.4950, Train: 99.60%, Valid: 68.94%, Test In: 69.22% Test OOD1: 61.63% Test OOD2: 50.88% Test OOD3: 59.61% 
Epoch: 180, Loss: 0.4907, Train: 99.58%, Valid: 68.95%, Test In: 69.29% Test OOD1: 62.19% Test OOD2: 50.76% Test OOD3: 59.86% 
Epoch: 181, Loss: 0.5100, Train: 99.63%, Valid: 68.93%, Test In: 69.27% Test OOD1: 61.69% Test OOD2: 50.82% Test OOD3: 59.70% 
Epoch: 182, Loss: 0.5110, Train: 99.67%, Valid: 68.92%, Test In: 69.28% Test OOD1: 61.99% Test OOD2: 50.77% Test OOD3: 59.87% 
Epoch: 183, Loss: 0.4995, Train: 99.64%, Valid: 68.96%, Test In: 69.32% Test OOD1: 61.98% Test OOD2: 50.70% Test OOD3: 59.94% 
Epoch: 184, Loss: 0.4637, Train: 99.70%, Valid: 68.91%, Test In: 69.26% Test OOD1: 61.60% Test OOD2: 50.75% Test OOD3: 59.80% 
Epoch: 185, Loss: 0.4775, Train: 99.73%, Valid: 68.83%, Test In: 69.17% Test OOD1: 61.79% Test OOD2: 50.73% Test OOD3: 59.86% 
Epoch: 186, Loss: 0.4811, Train: 99.71%, Valid: 68.88%, Test In: 69.17% Test OOD1: 61.89% Test OOD2: 50.66% Test OOD3: 59.90% 
Epoch: 187, Loss: 0.4513, Train: 99.73%, Valid: 68.85%, Test In: 69.08% Test OOD1: 61.60% Test OOD2: 50.73% Test OOD3: 59.70% 
Epoch: 188, Loss: 0.4761, Train: 99.76%, Valid: 68.80%, Test In: 69.09% Test OOD1: 61.85% Test OOD2: 50.72% Test OOD3: 59.78% 
Epoch: 189, Loss: 0.4509, Train: 99.77%, Valid: 68.87%, Test In: 69.13% Test OOD1: 61.82% Test OOD2: 50.70% Test OOD3: 59.77% 
Epoch: 190, Loss: 0.4510, Train: 99.79%, Valid: 68.87%, Test In: 69.09% Test OOD1: 61.57% Test OOD2: 50.77% Test OOD3: 59.68% 
Epoch: 191, Loss: 0.4420, Train: 99.80%, Valid: 68.88%, Test In: 69.09% Test OOD1: 61.70% Test OOD2: 50.76% Test OOD3: 59.72% 
Epoch: 192, Loss: 0.4329, Train: 99.80%, Valid: 68.91%, Test In: 69.15% Test OOD1: 61.87% Test OOD2: 50.71% Test OOD3: 59.77% 
Epoch: 193, Loss: 0.4502, Train: 99.82%, Valid: 68.83%, Test In: 69.11% Test OOD1: 61.77% Test OOD2: 50.75% Test OOD3: 59.73% 
Epoch: 194, Loss: 0.4307, Train: 99.83%, Valid: 68.76%, Test In: 69.02% Test OOD1: 61.52% Test OOD2: 50.79% Test OOD3: 59.61% 
Epoch: 195, Loss: 0.4264, Train: 99.84%, Valid: 68.72%, Test In: 69.04% Test OOD1: 61.78% Test OOD2: 50.74% Test OOD3: 59.69% 
Epoch: 196, Loss: 0.4154, Train: 99.86%, Valid: 68.64%, Test In: 68.97% Test OOD1: 61.77% Test OOD2: 50.79% Test OOD3: 59.66% 
Epoch: 197, Loss: 0.4159, Train: 99.85%, Valid: 68.66%, Test In: 68.95% Test OOD1: 61.81% Test OOD2: 50.82% Test OOD3: 59.65% 
Epoch: 198, Loss: 0.4159, Train: 99.85%, Valid: 68.66%, Test In: 68.89% Test OOD1: 61.91% Test OOD2: 50.83% Test OOD3: 59.69% 
Epoch: 199, Loss: 0.4027, Train: 99.88%, Valid: 68.69%, Test In: 68.92% Test OOD1: 61.85% Test OOD2: 50.87% Test OOD3: 59.69% 
Run 03:
Highest Train: 99.88
Highest Valid: 71.19
Highest In Test: 71.87
Highest OOD Test: 66.14
Highest OOD Test: 52.53
Highest OOD Test: 62.96
Chosen epoch: 70
Final Train: 82.02
Final In Test: 71.87
Final OOD Test: 64.15
Final OOD Test: 51.52
Final OOD Test: 62.14
All runs:
Highest Train: 99.91 ± 0.03
Highest Valid: 71.15 ± 0.04
Highest In Test: 71.86 ± 0.01
Highest OOD Test: 66.11 ± 0.15
Highest OOD Test: 52.63 ± 0.10
Highest OOD Test: 63.00 ± 0.06
  Final Train: 82.41 ± 0.58
   Final In  Test: 71.83 ± 0.06
   Final OOD Test: 64.00 ± 0.18
   Final OOD Test: 51.46 ± 0.05
   Final OOD Test: 62.06 ± 0.11
[INFO] TensorBoard writer closed.

Command: python main.py --dataset twitch --backbone_type gcn --env_type graph --combine_result --store_result --epochs 200 --runs 3 --num_layers 2 --expert_agg mean --tau 3 --lr 0.01 --weight_decay 5e-5 --dropout 0.0 --K 3 --hidden_channels 64 --seed 123 --device 0 --lr 0.005 --weight_decay 0.0005 --dropout 0.1 --lamda 1.0 --K 4 --hidden_channels 64 --other_env_reduce sample --result_name twitch_stage1_lr0.005_weight_decay0.0005_dropout0.1_lamda1.0_K4_hidden_channels64_other_env_reducesample
Return code: 0
Elapsed: 89.25s
