Namespace(K=3, backbone_type='gcn', combine_result=True, cpu=False, data_dir='./data/', dataset='twitch', device=0, display_step=1, dropout=0.0, env_type='graph', epochs=200, expert_agg='mean', gamma=0.99, gate_hidden=64, hidden_channels=32, infer_env=False, infer_env_components=64, infer_env_iters=30, infer_env_num=3, lambda_cl=0.1, lambda_dag=0.1, lambda_ind=0.1, lambda_l1=0.5, lamda=0.1, lamda_ciw=0.0001, lr=0.005, lr_dag=0.001, num_layers=2, other_env_reduce='sample', pos_weight=5.0, result_name='twitch_stage1_lr0.005_weight_decay5e-05_dropout0.0_lamda0.1_K3_hidden_channels32_other_env_reducesample', runs=3, seed=123, store_result=True, tau=3.0, use_bn=False, variant=False, weight_decay=5e-05)
dataset twitch: all nodes 34120 | edges 429113 | classes 2 | feats 3170
train nodes 7897 | valid nodes 3949 | test in nodes 3949
test ood1 nodes 4648 test ood2 nodes 6551 test ood3 nodes 7126 
[INFO] env numbers: 6 train env numbers: 3
MODEL: CaNet(
  (experts): ModuleList(
    (0): ExpertNet(
      (convs): ModuleList(
        (0): CaNetConv()
        (1): CaNetConv()
      )
      (fcs): ModuleList(
        (0): Linear(in_features=3170, out_features=32, bias=True)
        (1): Linear(in_features=32, out_features=2, bias=True)
      )
      (act_fn): ReLU()
    )
    (1): ExpertNet(
      (convs): ModuleList(
        (0): CaNetConv()
        (1): CaNetConv()
      )
      (fcs): ModuleList(
        (0): Linear(in_features=3170, out_features=32, bias=True)
        (1): Linear(in_features=32, out_features=2, bias=True)
      )
      (act_fn): ReLU()
    )
    (2): ExpertNet(
      (convs): ModuleList(
        (0): CaNetConv()
        (1): CaNetConv()
      )
      (fcs): ModuleList(
        (0): Linear(in_features=3170, out_features=32, bias=True)
        (1): Linear(in_features=32, out_features=2, bias=True)
      )
      (act_fn): ReLU()
    )
  )
  (gate): Sequential(
    (0): Linear(in_features=3170, out_features=64, bias=True)
    (1): ReLU()
    (2): Linear(in_features=64, out_features=3, bias=True)
  )
)
[INFO] TensorBoard logging activated. Logs will be saved to: ./runs/twitch/Apr16_09-58-15_lamda_0.1
Epoch: 00, Loss: 0.7695, Train: 64.27%, Valid: 61.52%, Test In: 61.27% Test OOD1: 59.32% Test OOD2: 50.89% Test OOD3: 57.53% 
Epoch: 01, Loss: 0.7661, Train: 67.03%, Valid: 62.99%, Test In: 62.58% Test OOD1: 56.08% Test OOD2: 51.72% Test OOD3: 57.96% 
Epoch: 02, Loss: 0.7625, Train: 65.98%, Valid: 61.81%, Test In: 61.18% Test OOD1: 52.24% Test OOD2: 51.68% Test OOD3: 56.02% 
Epoch: 03, Loss: 0.7579, Train: 62.59%, Valid: 58.95%, Test In: 58.41% Test OOD1: 48.73% Test OOD2: 51.61% Test OOD3: 53.33% 
Epoch: 04, Loss: 0.7519, Train: 58.85%, Valid: 55.84%, Test In: 55.59% Test OOD1: 46.38% Test OOD2: 51.46% Test OOD3: 51.22% 
Epoch: 05, Loss: 0.7445, Train: 55.38%, Valid: 53.01%, Test In: 53.08% Test OOD1: 44.81% Test OOD2: 51.26% Test OOD3: 49.49% 
Epoch: 06, Loss: 0.7363, Train: 52.38%, Valid: 50.61%, Test In: 51.03% Test OOD1: 43.69% Test OOD2: 50.93% Test OOD3: 48.24% 
Epoch: 07, Loss: 0.7279, Train: 50.29%, Valid: 48.92%, Test In: 49.56% Test OOD1: 43.05% Test OOD2: 50.75% Test OOD3: 47.55% 
Epoch: 08, Loss: 0.7207, Train: 48.73%, Valid: 47.61%, Test In: 48.43% Test OOD1: 42.65% Test OOD2: 50.64% Test OOD3: 47.10% 
Epoch: 09, Loss: 0.7149, Train: 47.22%, Valid: 46.34%, Test In: 47.28% Test OOD1: 42.29% Test OOD2: 50.56% Test OOD3: 46.72% 
Epoch: 10, Loss: 0.7104, Train: 46.53%, Valid: 45.72%, Test In: 46.72% Test OOD1: 42.14% Test OOD2: 50.52% Test OOD3: 46.58% 
Epoch: 11, Loss: 0.7080, Train: 46.93%, Valid: 45.94%, Test In: 46.99% Test OOD1: 42.33% Test OOD2: 50.57% Test OOD3: 46.77% 
Epoch: 12, Loss: 0.7069, Train: 48.63%, Valid: 47.19%, Test In: 48.27% Test OOD1: 42.98% Test OOD2: 50.75% Test OOD3: 47.43% 
Epoch: 13, Loss: 0.7049, Train: 52.53%, Valid: 50.21%, Test In: 51.33% Test OOD1: 44.48% Test OOD2: 51.17% Test OOD3: 48.89% 
Epoch: 14, Loss: 0.7011, Train: 60.21%, Valid: 56.50%, Test In: 57.54% Test OOD1: 48.11% Test OOD2: 52.03% Test OOD3: 52.13% 
Epoch: 15, Loss: 0.6957, Train: 69.41%, Valid: 64.44%, Test In: 65.36% Test OOD1: 55.53% Test OOD2: 52.88% Test OOD3: 57.88% 
Epoch: 16, Loss: 0.6897, Train: 73.21%, Valid: 68.09%, Test In: 69.15% Test OOD1: 63.02% Test OOD2: 52.90% Test OOD3: 61.92% 
Epoch: 17, Loss: 0.6841, Train: 72.85%, Valid: 68.00%, Test In: 68.91% Test OOD1: 65.39% Test OOD2: 52.27% Test OOD3: 62.23% 
Epoch: 18, Loss: 0.6790, Train: 71.60%, Valid: 67.24%, Test In: 67.83% Test OOD1: 65.40% Test OOD2: 51.98% Test OOD3: 61.77% 
Epoch: 19, Loss: 0.6743, Train: 70.82%, Valid: 66.76%, Test In: 67.19% Test OOD1: 65.13% Test OOD2: 51.89% Test OOD3: 61.51% 
Epoch: 20, Loss: 0.6697, Train: 70.58%, Valid: 66.58%, Test In: 66.94% Test OOD1: 65.00% Test OOD2: 51.89% Test OOD3: 61.43% 
Epoch: 21, Loss: 0.6646, Train: 70.63%, Valid: 66.56%, Test In: 66.94% Test OOD1: 64.97% Test OOD2: 51.94% Test OOD3: 61.42% 
Epoch: 22, Loss: 0.6591, Train: 70.83%, Valid: 66.64%, Test In: 67.04% Test OOD1: 64.97% Test OOD2: 52.01% Test OOD3: 61.44% 
Epoch: 23, Loss: 0.6531, Train: 71.08%, Valid: 66.79%, Test In: 67.19% Test OOD1: 65.03% Test OOD2: 52.04% Test OOD3: 61.51% 
Epoch: 24, Loss: 0.6466, Train: 71.40%, Valid: 67.01%, Test In: 67.41% Test OOD1: 65.13% Test OOD2: 52.05% Test OOD3: 61.63% 
Epoch: 25, Loss: 0.6398, Train: 71.82%, Valid: 67.28%, Test In: 67.68% Test OOD1: 65.24% Test OOD2: 52.07% Test OOD3: 61.76% 
Epoch: 26, Loss: 0.6333, Train: 72.30%, Valid: 67.52%, Test In: 67.94% Test OOD1: 65.25% Test OOD2: 52.15% Test OOD3: 61.86% 
Epoch: 27, Loss: 0.6268, Train: 72.75%, Valid: 67.69%, Test In: 68.10% Test OOD1: 65.12% Test OOD2: 52.25% Test OOD3: 61.92% 
Epoch: 28, Loss: 0.6209, Train: 73.17%, Valid: 67.85%, Test In: 68.30% Test OOD1: 65.10% Test OOD2: 52.34% Test OOD3: 62.04% 
Epoch: 29, Loss: 0.6149, Train: 73.59%, Valid: 68.07%, Test In: 68.57% Test OOD1: 65.19% Test OOD2: 52.41% Test OOD3: 62.20% 
Epoch: 30, Loss: 0.6090, Train: 74.05%, Valid: 68.21%, Test In: 68.76% Test OOD1: 65.08% Test OOD2: 52.56% Test OOD3: 62.29% 
Epoch: 31, Loss: 0.6026, Train: 74.52%, Valid: 68.30%, Test In: 68.91% Test OOD1: 64.86% Test OOD2: 52.76% Test OOD3: 62.33% 
Epoch: 32, Loss: 0.5962, Train: 75.03%, Valid: 68.61%, Test In: 69.25% Test OOD1: 64.94% Test OOD2: 52.89% Test OOD3: 62.53% 
Epoch: 33, Loss: 0.5896, Train: 75.52%, Valid: 68.74%, Test In: 69.45% Test OOD1: 64.75% Test OOD2: 53.06% Test OOD3: 62.59% 
Epoch: 34, Loss: 0.5834, Train: 75.96%, Valid: 68.75%, Test In: 69.55% Test OOD1: 64.39% Test OOD2: 53.24% Test OOD3: 62.57% 
Epoch: 35, Loss: 0.5781, Train: 76.37%, Valid: 69.02%, Test In: 69.82% Test OOD1: 64.49% Test OOD2: 53.34% Test OOD3: 62.75% 
Epoch: 36, Loss: 0.5735, Train: 76.63%, Valid: 68.75%, Test In: 69.58% Test OOD1: 63.74% Test OOD2: 53.48% Test OOD3: 62.47% 
Epoch: 37, Loss: 0.5688, Train: 77.02%, Valid: 69.00%, Test In: 69.83% Test OOD1: 63.99% Test OOD2: 53.51% Test OOD3: 62.62% 
Epoch: 38, Loss: 0.5628, Train: 77.34%, Valid: 69.01%, Test In: 69.83% Test OOD1: 63.88% Test OOD2: 53.52% Test OOD3: 62.57% 
Epoch: 39, Loss: 0.5572, Train: 77.58%, Valid: 68.79%, Test In: 69.56% Test OOD1: 63.40% Test OOD2: 53.54% Test OOD3: 62.33% 
Epoch: 40, Loss: 0.5520, Train: 77.93%, Valid: 68.98%, Test In: 69.75% Test OOD1: 63.81% Test OOD2: 53.46% Test OOD3: 62.46% 
Epoch: 41, Loss: 0.5454, Train: 78.20%, Valid: 68.92%, Test In: 69.64% Test OOD1: 63.75% Test OOD2: 53.40% Test OOD3: 62.36% 
Epoch: 42, Loss: 0.5393, Train: 78.48%, Valid: 68.74%, Test In: 69.40% Test OOD1: 63.38% Test OOD2: 53.38% Test OOD3: 62.14% 
Epoch: 43, Loss: 0.5340, Train: 78.76%, Valid: 68.83%, Test In: 69.48% Test OOD1: 63.71% Test OOD2: 53.26% Test OOD3: 62.21% 
Epoch: 44, Loss: 0.5276, Train: 79.05%, Valid: 68.72%, Test In: 69.36% Test OOD1: 63.52% Test OOD2: 53.20% Test OOD3: 62.08% 
Epoch: 45, Loss: 0.5213, Train: 79.37%, Valid: 68.47%, Test In: 69.10% Test OOD1: 63.03% Test OOD2: 53.18% Test OOD3: 61.84% 
Epoch: 46, Loss: 0.5156, Train: 79.60%, Valid: 68.46%, Test In: 69.09% Test OOD1: 63.17% Test OOD2: 53.07% Test OOD3: 61.86% 
Epoch: 47, Loss: 0.5091, Train: 80.07%, Valid: 68.34%, Test In: 69.01% Test OOD1: 62.91% Test OOD2: 53.03% Test OOD3: 61.77% 
Epoch: 48, Loss: 0.5031, Train: 80.08%, Valid: 67.91%, Test In: 68.55% Test OOD1: 62.36% Test OOD2: 52.95% Test OOD3: 61.44% 
Epoch: 49, Loss: 0.4980, Train: 80.72%, Valid: 68.05%, Test In: 68.75% Test OOD1: 62.55% Test OOD2: 52.90% Test OOD3: 61.58% 
Epoch: 50, Loss: 0.4910, Train: 80.95%, Valid: 67.81%, Test In: 68.49% Test OOD1: 62.23% Test OOD2: 52.85% Test OOD3: 61.40% 
Epoch: 51, Loss: 0.4840, Train: 80.94%, Valid: 67.48%, Test In: 68.10% Test OOD1: 61.89% Test OOD2: 52.77% Test OOD3: 61.13% 
Epoch: 52, Loss: 0.4787, Train: 81.49%, Valid: 67.65%, Test In: 68.30% Test OOD1: 62.09% Test OOD2: 52.71% Test OOD3: 61.26% 
Epoch: 53, Loss: 0.4713, Train: 81.87%, Valid: 67.47%, Test In: 68.12% Test OOD1: 61.75% Test OOD2: 52.69% Test OOD3: 61.09% 
Epoch: 54, Loss: 0.4646, Train: 81.96%, Valid: 67.37%, Test In: 68.01% Test OOD1: 61.75% Test OOD2: 52.62% Test OOD3: 61.00% 
Epoch: 55, Loss: 0.4575, Train: 82.24%, Valid: 67.42%, Test In: 68.03% Test OOD1: 61.86% Test OOD2: 52.56% Test OOD3: 61.00% 
Epoch: 56, Loss: 0.4504, Train: 82.62%, Valid: 67.27%, Test In: 67.86% Test OOD1: 61.55% Test OOD2: 52.53% Test OOD3: 60.80% 
Epoch: 57, Loss: 0.4443, Train: 82.78%, Valid: 67.39%, Test In: 67.95% Test OOD1: 61.81% Test OOD2: 52.46% Test OOD3: 60.86% 
Epoch: 58, Loss: 0.4376, Train: 83.18%, Valid: 67.16%, Test In: 67.73% Test OOD1: 61.41% Test OOD2: 52.45% Test OOD3: 60.60% 
Epoch: 59, Loss: 0.4305, Train: 83.49%, Valid: 67.31%, Test In: 67.85% Test OOD1: 61.55% Test OOD2: 52.39% Test OOD3: 60.62% 
Epoch: 60, Loss: 0.4237, Train: 83.74%, Valid: 67.17%, Test In: 67.73% Test OOD1: 61.38% Test OOD2: 52.34% Test OOD3: 60.45% 
Epoch: 61, Loss: 0.4171, Train: 84.15%, Valid: 67.15%, Test In: 67.76% Test OOD1: 61.31% Test OOD2: 52.33% Test OOD3: 60.34% 
Epoch: 62, Loss: 0.4108, Train: 84.30%, Valid: 67.19%, Test In: 67.81% Test OOD1: 61.39% Test OOD2: 52.26% Test OOD3: 60.32% 
Epoch: 63, Loss: 0.4048, Train: 84.75%, Valid: 66.98%, Test In: 67.67% Test OOD1: 61.12% Test OOD2: 52.26% Test OOD3: 60.10% 
Epoch: 64, Loss: 0.3993, Train: 84.81%, Valid: 67.29%, Test In: 68.00% Test OOD1: 61.58% Test OOD2: 52.21% Test OOD3: 60.36% 
Epoch: 65, Loss: 0.3957, Train: 85.26%, Valid: 66.76%, Test In: 67.53% Test OOD1: 60.95% Test OOD2: 52.17% Test OOD3: 59.93% 
Epoch: 66, Loss: 0.3905, Train: 85.38%, Valid: 67.13%, Test In: 67.90% Test OOD1: 61.38% Test OOD2: 52.14% Test OOD3: 60.17% 
Epoch: 67, Loss: 0.3810, Train: 85.73%, Valid: 67.03%, Test In: 67.91% Test OOD1: 61.39% Test OOD2: 52.13% Test OOD3: 60.13% 
Epoch: 68, Loss: 0.3768, Train: 85.87%, Valid: 66.77%, Test In: 67.61% Test OOD1: 60.91% Test OOD2: 52.01% Test OOD3: 59.79% 
Epoch: 69, Loss: 0.3750, Train: 86.29%, Valid: 66.94%, Test In: 67.89% Test OOD1: 61.27% Test OOD2: 52.06% Test OOD3: 60.01% 
Epoch: 70, Loss: 0.3655, Train: 86.50%, Valid: 66.97%, Test In: 67.94% Test OOD1: 61.28% Test OOD2: 52.03% Test OOD3: 60.01% 
Epoch: 71, Loss: 0.3605, Train: 86.58%, Valid: 66.75%, Test In: 67.67% Test OOD1: 60.90% Test OOD2: 51.94% Test OOD3: 59.74% 
Epoch: 72, Loss: 0.3591, Train: 87.04%, Valid: 66.90%, Test In: 67.94% Test OOD1: 61.20% Test OOD2: 52.02% Test OOD3: 59.96% 
Epoch: 73, Loss: 0.3506, Train: 87.15%, Valid: 66.97%, Test In: 68.01% Test OOD1: 61.28% Test OOD2: 51.99% Test OOD3: 60.01% 
Epoch: 74, Loss: 0.3465, Train: 87.26%, Valid: 66.84%, Test In: 67.82% Test OOD1: 60.92% Test OOD2: 51.92% Test OOD3: 59.77% 
Epoch: 75, Loss: 0.3442, Train: 87.73%, Valid: 66.93%, Test In: 68.00% Test OOD1: 61.18% Test OOD2: 52.00% Test OOD3: 59.94% 
Epoch: 76, Loss: 0.3368, Train: 87.87%, Valid: 67.04%, Test In: 68.10% Test OOD1: 61.24% Test OOD2: 51.98% Test OOD3: 59.99% 
Epoch: 77, Loss: 0.3327, Train: 87.94%, Valid: 66.93%, Test In: 67.91% Test OOD1: 60.90% Test OOD2: 51.91% Test OOD3: 59.74% 
Epoch: 78, Loss: 0.3306, Train: 88.44%, Valid: 66.99%, Test In: 68.11% Test OOD1: 61.20% Test OOD2: 51.99% Test OOD3: 59.89% 
Epoch: 79, Loss: 0.3235, Train: 88.59%, Valid: 67.08%, Test In: 68.19% Test OOD1: 61.20% Test OOD2: 51.99% Test OOD3: 59.89% 
Epoch: 80, Loss: 0.3184, Train: 88.57%, Valid: 67.00%, Test In: 68.01% Test OOD1: 60.87% Test OOD2: 51.90% Test OOD3: 59.66% 
Epoch: 81, Loss: 0.3173, Train: 89.09%, Valid: 67.06%, Test In: 68.23% Test OOD1: 61.22% Test OOD2: 52.01% Test OOD3: 59.83% 
Epoch: 82, Loss: 0.3103, Train: 89.33%, Valid: 67.01%, Test In: 68.18% Test OOD1: 61.11% Test OOD2: 52.01% Test OOD3: 59.74% 
Epoch: 83, Loss: 0.3046, Train: 89.26%, Valid: 66.99%, Test In: 68.08% Test OOD1: 60.82% Test OOD2: 51.93% Test OOD3: 59.58% 
Epoch: 84, Loss: 0.3030, Train: 89.70%, Valid: 67.07%, Test In: 68.30% Test OOD1: 61.17% Test OOD2: 52.03% Test OOD3: 59.76% 
Epoch: 85, Loss: 0.2975, Train: 90.11%, Valid: 66.88%, Test In: 68.11% Test OOD1: 60.96% Test OOD2: 52.03% Test OOD3: 59.59% 
Epoch: 86, Loss: 0.2932, Train: 89.83%, Valid: 67.11%, Test In: 68.27% Test OOD1: 60.91% Test OOD2: 51.96% Test OOD3: 59.65% 
Epoch: 87, Loss: 0.2893, Train: 90.44%, Valid: 66.98%, Test In: 68.23% Test OOD1: 60.99% Test OOD2: 52.05% Test OOD3: 59.62% 
Epoch: 88, Loss: 0.2827, Train: 90.67%, Valid: 66.95%, Test In: 68.20% Test OOD1: 60.95% Test OOD2: 52.04% Test OOD3: 59.59% 
Epoch: 89, Loss: 0.2786, Train: 90.46%, Valid: 67.10%, Test In: 68.31% Test OOD1: 60.84% Test OOD2: 51.96% Test OOD3: 59.60% 
Epoch: 90, Loss: 0.2768, Train: 91.21%, Valid: 66.82%, Test In: 68.12% Test OOD1: 60.83% Test OOD2: 52.01% Test OOD3: 59.49% 
Epoch: 91, Loss: 0.2735, Train: 91.02%, Valid: 67.11%, Test In: 68.45% Test OOD1: 61.02% Test OOD2: 51.98% Test OOD3: 59.67% 
Epoch: 92, Loss: 0.2712, Train: 91.28%, Valid: 66.79%, Test In: 68.06% Test OOD1: 60.54% Test OOD2: 51.86% Test OOD3: 59.33% 
Epoch: 93, Loss: 0.2694, Train: 91.64%, Valid: 67.00%, Test In: 68.42% Test OOD1: 61.02% Test OOD2: 51.97% Test OOD3: 59.63% 
Epoch: 94, Loss: 0.2633, Train: 91.72%, Valid: 66.89%, Test In: 68.27% Test OOD1: 60.70% Test OOD2: 51.88% Test OOD3: 59.44% 
Epoch: 95, Loss: 0.2549, Train: 91.95%, Valid: 66.75%, Test In: 68.14% Test OOD1: 60.57% Test OOD2: 51.82% Test OOD3: 59.33% 
Epoch: 96, Loss: 0.2542, Train: 92.24%, Valid: 66.93%, Test In: 68.45% Test OOD1: 60.96% Test OOD2: 51.90% Test OOD3: 59.60% 
Epoch: 97, Loss: 0.2560, Train: 92.32%, Valid: 66.68%, Test In: 68.13% Test OOD1: 60.51% Test OOD2: 51.78% Test OOD3: 59.30% 
Epoch: 98, Loss: 0.2486, Train: 92.56%, Valid: 66.78%, Test In: 68.29% Test OOD1: 60.69% Test OOD2: 51.81% Test OOD3: 59.44% 
Epoch: 99, Loss: 0.2418, Train: 92.81%, Valid: 66.79%, Test In: 68.36% Test OOD1: 60.78% Test OOD2: 51.81% Test OOD3: 59.49% 
Epoch: 100, Loss: 0.2406, Train: 92.92%, Valid: 66.57%, Test In: 68.11% Test OOD1: 60.48% Test OOD2: 51.71% Test OOD3: 59.26% 
Epoch: 101, Loss: 0.2401, Train: 93.21%, Valid: 66.80%, Test In: 68.41% Test OOD1: 60.81% Test OOD2: 51.79% Test OOD3: 59.52% 
Epoch: 102, Loss: 0.2368, Train: 93.35%, Valid: 66.64%, Test In: 68.25% Test OOD1: 60.55% Test OOD2: 51.73% Test OOD3: 59.33% 
Epoch: 103, Loss: 0.2300, Train: 93.58%, Valid: 66.65%, Test In: 68.32% Test OOD1: 60.56% Test OOD2: 51.75% Test OOD3: 59.35% 
Epoch: 104, Loss: 0.2264, Train: 93.79%, Valid: 66.76%, Test In: 68.49% Test OOD1: 60.71% Test OOD2: 51.80% Test OOD3: 59.47% 
Epoch: 105, Loss: 0.2258, Train: 93.89%, Valid: 66.55%, Test In: 68.24% Test OOD1: 60.43% Test OOD2: 51.70% Test OOD3: 59.24% 
Epoch: 106, Loss: 0.2250, Train: 94.21%, Valid: 66.76%, Test In: 68.55% Test OOD1: 60.71% Test OOD2: 51.80% Test OOD3: 59.46% 
Epoch: 107, Loss: 0.2236, Train: 94.14%, Valid: 66.59%, Test In: 68.34% Test OOD1: 60.38% Test OOD2: 51.72% Test OOD3: 59.22% 
Epoch: 108, Loss: 0.2180, Train: 94.66%, Valid: 66.62%, Test In: 68.48% Test OOD1: 60.58% Test OOD2: 51.80% Test OOD3: 59.34% 
Epoch: 109, Loss: 0.2134, Train: 94.55%, Valid: 66.64%, Test In: 68.52% Test OOD1: 60.46% Test OOD2: 51.77% Test OOD3: 59.28% 
Epoch: 110, Loss: 0.2092, Train: 94.81%, Valid: 66.45%, Test In: 68.37% Test OOD1: 60.35% Test OOD2: 51.74% Test OOD3: 59.16% 
Epoch: 111, Loss: 0.2085, Train: 95.01%, Valid: 66.62%, Test In: 68.63% Test OOD1: 60.62% Test OOD2: 51.82% Test OOD3: 59.37% 
Epoch: 112, Loss: 0.2100, Train: 95.08%, Valid: 66.31%, Test In: 68.29% Test OOD1: 60.32% Test OOD2: 51.75% Test OOD3: 59.11% 
Epoch: 113, Loss: 0.2088, Train: 95.23%, Valid: 66.60%, Test In: 68.70% Test OOD1: 60.59% Test OOD2: 51.82% Test OOD3: 59.35% 
Epoch: 114, Loss: 0.2055, Train: 95.57%, Valid: 66.31%, Test In: 68.40% Test OOD1: 60.32% Test OOD2: 51.76% Test OOD3: 59.12% 
Epoch: 115, Loss: 0.1979, Train: 95.52%, Valid: 66.42%, Test In: 68.55% Test OOD1: 60.32% Test OOD2: 51.77% Test OOD3: 59.16% 
Epoch: 116, Loss: 0.1937, Train: 95.92%, Valid: 66.41%, Test In: 68.62% Test OOD1: 60.45% Test OOD2: 51.81% Test OOD3: 59.27% 
Epoch: 117, Loss: 0.1953, Train: 95.83%, Valid: 66.22%, Test In: 68.36% Test OOD1: 60.19% Test OOD2: 51.74% Test OOD3: 59.03% 
Epoch: 118, Loss: 0.1957, Train: 96.12%, Valid: 66.40%, Test In: 68.66% Test OOD1: 60.44% Test OOD2: 51.80% Test OOD3: 59.26% 
Epoch: 119, Loss: 0.1955, Train: 96.18%, Valid: 66.16%, Test In: 68.35% Test OOD1: 60.18% Test OOD2: 51.72% Test OOD3: 59.02% 
Epoch: 120, Loss: 0.1870, Train: 96.24%, Valid: 66.26%, Test In: 68.48% Test OOD1: 60.21% Test OOD2: 51.73% Test OOD3: 59.08% 
Epoch: 121, Loss: 0.1819, Train: 96.60%, Valid: 66.20%, Test In: 68.47% Test OOD1: 60.26% Test OOD2: 51.74% Test OOD3: 59.16% 
Epoch: 122, Loss: 0.1826, Train: 96.56%, Valid: 66.03%, Test In: 68.26% Test OOD1: 60.09% Test OOD2: 51.69% Test OOD3: 59.00% 
Epoch: 123, Loss: 0.1820, Train: 96.58%, Valid: 66.29%, Test In: 68.58% Test OOD1: 60.28% Test OOD2: 51.74% Test OOD3: 59.21% 
Epoch: 124, Loss: 0.1807, Train: 96.97%, Valid: 65.98%, Test In: 68.26% Test OOD1: 60.14% Test OOD2: 51.68% Test OOD3: 59.06% 
Epoch: 125, Loss: 0.1765, Train: 96.78%, Valid: 66.22%, Test In: 68.50% Test OOD1: 60.14% Test OOD2: 51.68% Test OOD3: 59.12% 
Epoch: 126, Loss: 0.1721, Train: 97.23%, Valid: 66.05%, Test In: 68.38% Test OOD1: 60.13% Test OOD2: 51.71% Test OOD3: 59.14% 
Epoch: 127, Loss: 0.1713, Train: 97.08%, Valid: 66.01%, Test In: 68.29% Test OOD1: 60.01% Test OOD2: 51.68% Test OOD3: 59.01% 
Epoch: 128, Loss: 0.1703, Train: 97.30%, Valid: 66.13%, Test In: 68.49% Test OOD1: 60.14% Test OOD2: 51.75% Test OOD3: 59.18% 
Epoch: 129, Loss: 0.1708, Train: 97.37%, Valid: 65.92%, Test In: 68.19% Test OOD1: 60.03% Test OOD2: 51.69% Test OOD3: 59.01% 
Epoch: 130, Loss: 0.1677, Train: 97.27%, Valid: 66.18%, Test In: 68.50% Test OOD1: 60.14% Test OOD2: 51.74% Test OOD3: 59.18% 
Epoch: 131, Loss: 0.1642, Train: 97.71%, Valid: 65.85%, Test In: 68.21% Test OOD1: 60.03% Test OOD2: 51.73% Test OOD3: 59.09% 
Epoch: 132, Loss: 0.1607, Train: 97.52%, Valid: 66.01%, Test In: 68.34% Test OOD1: 59.99% Test OOD2: 51.74% Test OOD3: 59.08% 
Epoch: 133, Loss: 0.1568, Train: 97.78%, Valid: 65.96%, Test In: 68.33% Test OOD1: 59.98% Test OOD2: 51.75% Test OOD3: 59.12% 
Epoch: 134, Loss: 0.1551, Train: 97.81%, Valid: 65.88%, Test In: 68.20% Test OOD1: 59.92% Test OOD2: 51.74% Test OOD3: 59.04% 
Epoch: 135, Loss: 0.1536, Train: 97.73%, Valid: 66.15%, Test In: 68.50% Test OOD1: 59.96% Test OOD2: 51.79% Test OOD3: 59.17% 
Epoch: 136, Loss: 0.1534, Train: 98.14%, Valid: 65.75%, Test In: 68.10% Test OOD1: 59.77% Test OOD2: 51.78% Test OOD3: 59.04% 
Epoch: 137, Loss: 0.1541, Train: 97.75%, Valid: 66.31%, Test In: 68.60% Test OOD1: 59.94% Test OOD2: 51.84% Test OOD3: 59.22% 
Epoch: 138, Loss: 0.1530, Train: 98.35%, Valid: 65.80%, Test In: 68.13% Test OOD1: 59.82% Test OOD2: 51.85% Test OOD3: 59.14% 
Epoch: 139, Loss: 0.1529, Train: 97.79%, Valid: 66.42%, Test In: 68.62% Test OOD1: 59.96% Test OOD2: 51.85% Test OOD3: 59.25% 
Epoch: 140, Loss: 0.1455, Train: 98.37%, Valid: 66.09%, Test In: 68.41% Test OOD1: 59.87% Test OOD2: 51.89% Test OOD3: 59.25% 
Epoch: 141, Loss: 0.1414, Train: 98.28%, Valid: 66.16%, Test In: 68.40% Test OOD1: 59.86% Test OOD2: 51.89% Test OOD3: 59.18% 
Epoch: 142, Loss: 0.1363, Train: 97.93%, Valid: 66.51%, Test In: 68.63% Test OOD1: 59.88% Test OOD2: 51.89% Test OOD3: 59.24% 
Epoch: 143, Loss: 0.1413, Train: 98.62%, Valid: 65.84%, Test In: 68.14% Test OOD1: 59.76% Test OOD2: 51.93% Test OOD3: 59.15% 
Epoch: 144, Loss: 0.1429, Train: 98.38%, Valid: 66.31%, Test In: 68.56% Test OOD1: 59.90% Test OOD2: 51.95% Test OOD3: 59.27% 
Epoch: 145, Loss: 0.1346, Train: 98.16%, Valid: 66.31%, Test In: 68.39% Test OOD1: 59.72% Test OOD2: 51.88% Test OOD3: 59.08% 
Epoch: 146, Loss: 0.1372, Train: 98.70%, Valid: 66.02%, Test In: 68.33% Test OOD1: 59.76% Test OOD2: 52.00% Test OOD3: 59.26% 
Epoch: 147, Loss: 0.1320, Train: 98.73%, Valid: 66.05%, Test In: 68.39% Test OOD1: 59.80% Test OOD2: 51.97% Test OOD3: 59.25% 
Epoch: 148, Loss: 0.1256, Train: 98.40%, Valid: 66.20%, Test In: 68.35% Test OOD1: 59.74% Test OOD2: 51.94% Test OOD3: 59.11% 
Epoch: 149, Loss: 0.1293, Train: 98.69%, Valid: 66.20%, Test In: 68.52% Test OOD1: 59.81% Test OOD2: 51.99% Test OOD3: 59.27% 
Epoch: 150, Loss: 0.1242, Train: 98.98%, Valid: 65.68%, Test In: 68.09% Test OOD1: 59.71% Test OOD2: 52.03% Test OOD3: 59.17% 
Epoch: 151, Loss: 0.1272, Train: 98.81%, Valid: 66.16%, Test In: 68.52% Test OOD1: 59.93% Test OOD2: 52.04% Test OOD3: 59.37% 
Epoch: 152, Loss: 0.1215, Train: 98.76%, Valid: 66.04%, Test In: 68.34% Test OOD1: 59.79% Test OOD2: 51.95% Test OOD3: 59.20% 
Epoch: 153, Loss: 0.1202, Train: 98.98%, Valid: 65.92%, Test In: 68.36% Test OOD1: 59.75% Test OOD2: 52.01% Test OOD3: 59.28% 
Epoch: 154, Loss: 0.1128, Train: 99.13%, Valid: 65.79%, Test In: 68.31% Test OOD1: 59.68% Test OOD2: 52.04% Test OOD3: 59.29% 
Epoch: 155, Loss: 0.1133, Train: 99.10%, Valid: 65.83%, Test In: 68.24% Test OOD1: 59.74% Test OOD2: 52.05% Test OOD3: 59.24% 
Epoch: 156, Loss: 0.1110, Train: 98.94%, Valid: 66.21%, Test In: 68.53% Test OOD1: 59.80% Test OOD2: 52.00% Test OOD3: 59.34% 
Epoch: 157, Loss: 0.1148, Train: 99.31%, Valid: 65.56%, Test In: 68.07% Test OOD1: 59.63% Test OOD2: 52.02% Test OOD3: 59.21% 
Epoch: 158, Loss: 0.1131, Train: 99.24%, Valid: 65.85%, Test In: 68.36% Test OOD1: 59.77% Test OOD2: 52.03% Test OOD3: 59.39% 
Epoch: 159, Loss: 0.1116, Train: 99.22%, Valid: 65.88%, Test In: 68.23% Test OOD1: 59.80% Test OOD2: 51.95% Test OOD3: 59.26% 
Epoch: 160, Loss: 0.1066, Train: 99.24%, Valid: 65.98%, Test In: 68.34% Test OOD1: 59.80% Test OOD2: 51.97% Test OOD3: 59.33% 
Epoch: 161, Loss: 0.1026, Train: 99.39%, Valid: 65.74%, Test In: 68.24% Test OOD1: 59.69% Test OOD2: 52.01% Test OOD3: 59.32% 
Epoch: 162, Loss: 0.1021, Train: 99.45%, Valid: 65.64%, Test In: 68.11% Test OOD1: 59.69% Test OOD2: 51.99% Test OOD3: 59.26% 
Epoch: 163, Loss: 0.1019, Train: 99.30%, Valid: 66.10%, Test In: 68.43% Test OOD1: 59.86% Test OOD2: 51.95% Test OOD3: 59.36% 
Epoch: 164, Loss: 0.1028, Train: 99.47%, Valid: 65.70%, Test In: 68.09% Test OOD1: 59.71% Test OOD2: 51.93% Test OOD3: 59.22% 
Epoch: 165, Loss: 0.1010, Train: 99.47%, Valid: 65.85%, Test In: 68.27% Test OOD1: 59.75% Test OOD2: 51.99% Test OOD3: 59.36% 
Epoch: 166, Loss: 0.1000, Train: 99.55%, Valid: 65.71%, Test In: 68.12% Test OOD1: 59.71% Test OOD2: 51.95% Test OOD3: 59.24% 
Epoch: 167, Loss: 0.0961, Train: 99.48%, Valid: 66.00%, Test In: 68.30% Test OOD1: 59.85% Test OOD2: 51.95% Test OOD3: 59.32% 
Epoch: 168, Loss: 0.0943, Train: 99.59%, Valid: 65.81%, Test In: 68.18% Test OOD1: 59.77% Test OOD2: 51.97% Test OOD3: 59.33% 
Epoch: 169, Loss: 0.0924, Train: 99.63%, Valid: 65.69%, Test In: 68.04% Test OOD1: 59.72% Test OOD2: 51.98% Test OOD3: 59.27% 
Epoch: 170, Loss: 0.0927, Train: 99.55%, Valid: 66.05%, Test In: 68.31% Test OOD1: 59.83% Test OOD2: 51.94% Test OOD3: 59.33% 
Epoch: 171, Loss: 0.0934, Train: 99.66%, Valid: 65.70%, Test In: 68.00% Test OOD1: 59.73% Test OOD2: 51.97% Test OOD3: 59.21% 
Epoch: 172, Loss: 0.0930, Train: 99.63%, Valid: 65.96%, Test In: 68.22% Test OOD1: 59.83% Test OOD2: 51.97% Test OOD3: 59.34% 
Epoch: 173, Loss: 0.0932, Train: 99.68%, Valid: 65.77%, Test In: 67.98% Test OOD1: 59.72% Test OOD2: 51.94% Test OOD3: 59.16% 
Epoch: 174, Loss: 0.0914, Train: 99.64%, Valid: 66.08%, Test In: 68.24% Test OOD1: 59.84% Test OOD2: 51.95% Test OOD3: 59.31% 
Epoch: 175, Loss: 0.0887, Train: 99.73%, Valid: 65.79%, Test In: 68.01% Test OOD1: 59.72% Test OOD2: 51.98% Test OOD3: 59.22% 
Epoch: 176, Loss: 0.0857, Train: 99.71%, Valid: 65.96%, Test In: 68.09% Test OOD1: 59.80% Test OOD2: 51.99% Test OOD3: 59.27% 
Epoch: 177, Loss: 0.0834, Train: 99.70%, Valid: 66.06%, Test In: 68.15% Test OOD1: 59.79% Test OOD2: 51.92% Test OOD3: 59.23% 
Epoch: 178, Loss: 0.0837, Train: 99.77%, Valid: 65.71%, Test In: 67.85% Test OOD1: 59.69% Test OOD2: 52.03% Test OOD3: 59.19% 
Epoch: 179, Loss: 0.0847, Train: 99.74%, Valid: 66.00%, Test In: 68.12% Test OOD1: 59.80% Test OOD2: 51.94% Test OOD3: 59.24% 
Epoch: 180, Loss: 0.0835, Train: 99.73%, Valid: 65.98%, Test In: 67.96% Test OOD1: 59.77% Test OOD2: 51.95% Test OOD3: 59.14% 
Epoch: 181, Loss: 0.0846, Train: 99.79%, Valid: 65.81%, Test In: 67.95% Test OOD1: 59.69% Test OOD2: 52.00% Test OOD3: 59.27% 
Epoch: 182, Loss: 0.0844, Train: 99.80%, Valid: 65.81%, Test In: 67.83% Test OOD1: 59.70% Test OOD2: 51.97% Test OOD3: 59.18% 
Epoch: 183, Loss: 0.0791, Train: 99.72%, Valid: 66.22%, Test In: 68.10% Test OOD1: 59.81% Test OOD2: 51.89% Test OOD3: 59.20% 
Epoch: 184, Loss: 0.0811, Train: 99.83%, Valid: 65.69%, Test In: 67.75% Test OOD1: 59.64% Test OOD2: 52.00% Test OOD3: 59.25% 
Epoch: 185, Loss: 0.0791, Train: 99.83%, Valid: 65.76%, Test In: 67.76% Test OOD1: 59.68% Test OOD2: 51.96% Test OOD3: 59.22% 
Epoch: 186, Loss: 0.0762, Train: 99.76%, Valid: 66.20%, Test In: 68.02% Test OOD1: 59.78% Test OOD2: 51.84% Test OOD3: 59.17% 
Epoch: 187, Loss: 0.0779, Train: 99.83%, Valid: 65.86%, Test In: 67.75% Test OOD1: 59.73% Test OOD2: 51.91% Test OOD3: 59.17% 
Epoch: 188, Loss: 0.0746, Train: 99.85%, Valid: 65.78%, Test In: 67.79% Test OOD1: 59.66% Test OOD2: 51.91% Test OOD3: 59.22% 
Epoch: 189, Loss: 0.0770, Train: 99.84%, Valid: 65.81%, Test In: 67.66% Test OOD1: 59.71% Test OOD2: 51.90% Test OOD3: 59.15% 
Epoch: 190, Loss: 0.0756, Train: 99.79%, Valid: 66.22%, Test In: 68.04% Test OOD1: 59.76% Test OOD2: 51.78% Test OOD3: 59.16% 
Epoch: 191, Loss: 0.0792, Train: 99.86%, Valid: 65.74%, Test In: 67.57% Test OOD1: 59.65% Test OOD2: 51.87% Test OOD3: 59.11% 
Epoch: 192, Loss: 0.0798, Train: 99.85%, Valid: 66.05%, Test In: 67.97% Test OOD1: 59.76% Test OOD2: 51.86% Test OOD3: 59.29% 
Epoch: 193, Loss: 0.0852, Train: 99.88%, Valid: 65.71%, Test In: 67.53% Test OOD1: 59.61% Test OOD2: 51.80% Test OOD3: 59.03% 
Epoch: 194, Loss: 0.0881, Train: 99.78%, Valid: 66.52%, Test In: 68.24% Test OOD1: 60.04% Test OOD2: 51.81% Test OOD3: 59.36% 
Epoch: 195, Loss: 0.0906, Train: 99.90%, Valid: 65.75%, Test In: 67.62% Test OOD1: 59.57% Test OOD2: 51.82% Test OOD3: 59.14% 
Epoch: 196, Loss: 0.0747, Train: 99.89%, Valid: 65.87%, Test In: 67.71% Test OOD1: 59.64% Test OOD2: 51.88% Test OOD3: 59.27% 
Epoch: 197, Loss: 0.0673, Train: 99.84%, Valid: 66.32%, Test In: 68.10% Test OOD1: 59.85% Test OOD2: 51.81% Test OOD3: 59.33% 
Epoch: 198, Loss: 0.0761, Train: 99.89%, Valid: 65.94%, Test In: 67.72% Test OOD1: 59.66% Test OOD2: 51.77% Test OOD3: 59.13% 
Epoch: 199, Loss: 0.0696, Train: 99.91%, Valid: 65.86%, Test In: 67.67% Test OOD1: 59.67% Test OOD2: 51.86% Test OOD3: 59.23% 
Run 01:
Highest Train: 99.91
Highest Valid: 69.02
Highest In Test: 69.83
Highest OOD Test: 65.40
Highest OOD Test: 53.54
Highest OOD Test: 62.75
Chosen epoch: 36
Final Train: 76.37
Final In Test: 69.82
Final OOD Test: 64.49
Final OOD Test: 53.34
Final OOD Test: 62.75
Epoch: 00, Loss: 0.7643, Train: 42.59%, Valid: 42.52%, Test In: 43.66% Test OOD1: 41.26% Test OOD2: 50.33% Test OOD3: 46.06% 
Epoch: 01, Loss: 0.7612, Train: 42.20%, Valid: 42.17%, Test In: 43.24% Test OOD1: 40.98% Test OOD2: 50.27% Test OOD3: 45.71% 
Epoch: 02, Loss: 0.7580, Train: 42.14%, Valid: 42.15%, Test In: 43.20% Test OOD1: 40.90% Test OOD2: 50.29% Test OOD3: 45.61% 
Epoch: 03, Loss: 0.7538, Train: 42.05%, Valid: 42.08%, Test In: 43.11% Test OOD1: 40.80% Test OOD2: 50.25% Test OOD3: 45.46% 
Epoch: 04, Loss: 0.7483, Train: 41.96%, Valid: 42.01%, Test In: 43.04% Test OOD1: 40.74% Test OOD2: 50.24% Test OOD3: 45.38% 
Epoch: 05, Loss: 0.7416, Train: 41.89%, Valid: 41.97%, Test In: 43.00% Test OOD1: 40.69% Test OOD2: 50.22% Test OOD3: 45.32% 
Epoch: 06, Loss: 0.7339, Train: 41.84%, Valid: 41.94%, Test In: 42.97% Test OOD1: 40.66% Test OOD2: 50.20% Test OOD3: 45.28% 
Epoch: 07, Loss: 0.7263, Train: 41.86%, Valid: 41.96%, Test In: 42.99% Test OOD1: 40.65% Test OOD2: 50.19% Test OOD3: 45.25% 
Epoch: 08, Loss: 0.7201, Train: 42.01%, Valid: 42.08%, Test In: 43.12% Test OOD1: 40.69% Test OOD2: 50.19% Test OOD3: 45.30% 
Epoch: 09, Loss: 0.7171, Train: 42.42%, Valid: 42.39%, Test In: 43.45% Test OOD1: 40.83% Test OOD2: 50.21% Test OOD3: 45.46% 
Epoch: 10, Loss: 0.7164, Train: 43.23%, Valid: 42.99%, Test In: 44.09% Test OOD1: 41.11% Test OOD2: 50.26% Test OOD3: 45.78% 
Epoch: 11, Loss: 0.7151, Train: 44.72%, Valid: 44.08%, Test In: 45.22% Test OOD1: 41.63% Test OOD2: 50.37% Test OOD3: 46.34% 
Epoch: 12, Loss: 0.7117, Train: 47.58%, Valid: 46.19%, Test In: 47.43% Test OOD1: 42.63% Test OOD2: 50.61% Test OOD3: 47.34% 
Epoch: 13, Loss: 0.7069, Train: 53.29%, Valid: 50.51%, Test In: 51.93% Test OOD1: 44.71% Test OOD2: 51.14% Test OOD3: 49.37% 
Epoch: 14, Loss: 0.7018, Train: 63.14%, Valid: 58.36%, Test In: 59.81% Test OOD1: 49.28% Test OOD2: 52.09% Test OOD3: 53.42% 
Epoch: 15, Loss: 0.6971, Train: 71.76%, Valid: 65.89%, Test In: 67.28% Test OOD1: 57.19% Test OOD2: 52.87% Test OOD3: 59.17% 
Epoch: 16, Loss: 0.6929, Train: 74.52%, Valid: 68.65%, Test In: 70.20% Test OOD1: 63.55% Test OOD2: 52.66% Test OOD3: 62.54% 
Epoch: 17, Loss: 0.6889, Train: 74.40%, Valid: 68.75%, Test In: 70.09% Test OOD1: 65.68% Test OOD2: 52.30% Test OOD3: 63.17% 
Epoch: 18, Loss: 0.6846, Train: 73.45%, Valid: 68.24%, Test In: 69.36% Test OOD1: 65.99% Test OOD2: 52.04% Test OOD3: 63.04% 
Epoch: 19, Loss: 0.6796, Train: 72.84%, Valid: 67.93%, Test In: 68.86% Test OOD1: 65.87% Test OOD2: 51.90% Test OOD3: 62.90% 
Epoch: 20, Loss: 0.6741, Train: 72.74%, Valid: 67.89%, Test In: 68.76% Test OOD1: 65.87% Test OOD2: 51.90% Test OOD3: 62.90% 
Epoch: 21, Loss: 0.6679, Train: 73.06%, Valid: 68.10%, Test In: 69.01% Test OOD1: 66.02% Test OOD2: 52.00% Test OOD3: 63.04% 
Epoch: 22, Loss: 0.6613, Train: 73.45%, Valid: 68.34%, Test In: 69.30% Test OOD1: 66.20% Test OOD2: 52.12% Test OOD3: 63.19% 
Epoch: 23, Loss: 0.6547, Train: 73.71%, Valid: 68.54%, Test In: 69.46% Test OOD1: 66.34% Test OOD2: 52.19% Test OOD3: 63.28% 
Epoch: 24, Loss: 0.6482, Train: 74.16%, Valid: 68.83%, Test In: 69.74% Test OOD1: 66.51% Test OOD2: 52.32% Test OOD3: 63.41% 
Epoch: 25, Loss: 0.6420, Train: 74.75%, Valid: 69.18%, Test In: 70.12% Test OOD1: 66.64% Test OOD2: 52.52% Test OOD3: 63.56% 
Epoch: 26, Loss: 0.6362, Train: 75.06%, Valid: 69.38%, Test In: 70.26% Test OOD1: 66.75% Test OOD2: 52.61% Test OOD3: 63.65% 
Epoch: 27, Loss: 0.6305, Train: 75.65%, Valid: 69.71%, Test In: 70.58% Test OOD1: 66.68% Test OOD2: 52.83% Test OOD3: 63.78% 
Epoch: 28, Loss: 0.6247, Train: 75.95%, Valid: 69.88%, Test In: 70.69% Test OOD1: 66.73% Test OOD2: 52.91% Test OOD3: 63.85% 
Epoch: 29, Loss: 0.6190, Train: 76.54%, Valid: 70.11%, Test In: 70.90% Test OOD1: 66.43% Test OOD2: 53.13% Test OOD3: 63.94% 
Epoch: 30, Loss: 0.6140, Train: 76.61%, Valid: 70.13%, Test In: 70.87% Test OOD1: 66.71% Test OOD2: 53.08% Test OOD3: 63.95% 
Epoch: 31, Loss: 0.6098, Train: 77.17%, Valid: 70.23%, Test In: 71.00% Test OOD1: 66.14% Test OOD2: 53.32% Test OOD3: 63.96% 
Epoch: 32, Loss: 0.6046, Train: 77.36%, Valid: 70.24%, Test In: 70.98% Test OOD1: 66.29% Test OOD2: 53.30% Test OOD3: 63.96% 
Epoch: 33, Loss: 0.5990, Train: 77.50%, Valid: 70.21%, Test In: 70.93% Test OOD1: 66.49% Test OOD2: 53.24% Test OOD3: 63.95% 
Epoch: 34, Loss: 0.5944, Train: 77.87%, Valid: 70.13%, Test In: 70.90% Test OOD1: 66.11% Test OOD2: 53.34% Test OOD3: 63.87% 
Epoch: 35, Loss: 0.5883, Train: 78.04%, Valid: 70.05%, Test In: 70.82% Test OOD1: 66.18% Test OOD2: 53.32% Test OOD3: 63.82% 
Epoch: 36, Loss: 0.5819, Train: 78.11%, Valid: 69.95%, Test In: 70.72% Test OOD1: 66.41% Test OOD2: 53.24% Test OOD3: 63.78% 
Epoch: 37, Loss: 0.5760, Train: 78.41%, Valid: 69.81%, Test In: 70.61% Test OOD1: 66.08% Test OOD2: 53.28% Test OOD3: 63.66% 
Epoch: 38, Loss: 0.5689, Train: 78.64%, Valid: 69.66%, Test In: 70.50% Test OOD1: 65.92% Test OOD2: 53.27% Test OOD3: 63.54% 
Epoch: 39, Loss: 0.5626, Train: 78.71%, Valid: 69.54%, Test In: 70.38% Test OOD1: 66.05% Test OOD2: 53.19% Test OOD3: 63.47% 
Epoch: 40, Loss: 0.5563, Train: 78.94%, Valid: 69.35%, Test In: 70.23% Test OOD1: 65.70% Test OOD2: 53.24% Test OOD3: 63.31% 
Epoch: 41, Loss: 0.5494, Train: 79.18%, Valid: 69.16%, Test In: 70.07% Test OOD1: 65.33% Test OOD2: 53.26% Test OOD3: 63.13% 
Epoch: 42, Loss: 0.5431, Train: 79.35%, Valid: 69.06%, Test In: 69.96% Test OOD1: 65.36% Test OOD2: 53.21% Test OOD3: 63.05% 
Epoch: 43, Loss: 0.5363, Train: 79.59%, Valid: 68.87%, Test In: 69.79% Test OOD1: 65.02% Test OOD2: 53.24% Test OOD3: 62.88% 
Epoch: 44, Loss: 0.5293, Train: 79.76%, Valid: 68.62%, Test In: 69.56% Test OOD1: 64.59% Test OOD2: 53.28% Test OOD3: 62.67% 
Epoch: 45, Loss: 0.5229, Train: 79.90%, Valid: 68.53%, Test In: 69.44% Test OOD1: 64.60% Test OOD2: 53.21% Test OOD3: 62.60% 
Epoch: 46, Loss: 0.5158, Train: 80.17%, Valid: 68.36%, Test In: 69.27% Test OOD1: 64.24% Test OOD2: 53.19% Test OOD3: 62.44% 
Epoch: 47, Loss: 0.5085, Train: 80.33%, Valid: 68.16%, Test In: 69.06% Test OOD1: 63.92% Test OOD2: 53.17% Test OOD3: 62.30% 
Epoch: 48, Loss: 0.5015, Train: 80.49%, Valid: 68.14%, Test In: 69.00% Test OOD1: 63.98% Test OOD2: 53.07% Test OOD3: 62.29% 
Epoch: 49, Loss: 0.4944, Train: 80.75%, Valid: 67.98%, Test In: 68.82% Test OOD1: 63.60% Test OOD2: 53.07% Test OOD3: 62.14% 
Epoch: 50, Loss: 0.4867, Train: 80.86%, Valid: 67.92%, Test In: 68.75% Test OOD1: 63.61% Test OOD2: 52.99% Test OOD3: 62.10% 
Epoch: 51, Loss: 0.4791, Train: 81.08%, Valid: 67.88%, Test In: 68.68% Test OOD1: 63.55% Test OOD2: 52.91% Test OOD3: 62.04% 
Epoch: 52, Loss: 0.4719, Train: 81.16%, Valid: 67.72%, Test In: 68.52% Test OOD1: 63.29% Test OOD2: 52.83% Test OOD3: 61.92% 
Epoch: 53, Loss: 0.4651, Train: 81.37%, Valid: 67.78%, Test In: 68.53% Test OOD1: 63.53% Test OOD2: 52.71% Test OOD3: 61.93% 
Epoch: 54, Loss: 0.4589, Train: 81.48%, Valid: 67.58%, Test In: 68.37% Test OOD1: 63.09% Test OOD2: 52.67% Test OOD3: 61.76% 
Epoch: 55, Loss: 0.4523, Train: 81.57%, Valid: 67.64%, Test In: 68.40% Test OOD1: 63.43% Test OOD2: 52.54% Test OOD3: 61.78% 
Epoch: 56, Loss: 0.4454, Train: 81.94%, Valid: 67.53%, Test In: 68.32% Test OOD1: 63.13% Test OOD2: 52.52% Test OOD3: 61.63% 
Epoch: 57, Loss: 0.4383, Train: 81.90%, Valid: 67.48%, Test In: 68.27% Test OOD1: 63.08% Test OOD2: 52.42% Test OOD3: 61.58% 
Epoch: 58, Loss: 0.4324, Train: 82.25%, Valid: 67.50%, Test In: 68.32% Test OOD1: 63.18% Test OOD2: 52.37% Test OOD3: 61.53% 
Epoch: 59, Loss: 0.4270, Train: 82.55%, Valid: 67.36%, Test In: 68.24% Test OOD1: 62.78% Test OOD2: 52.36% Test OOD3: 61.37% 
Epoch: 60, Loss: 0.4218, Train: 82.50%, Valid: 67.40%, Test In: 68.26% Test OOD1: 62.97% Test OOD2: 52.25% Test OOD3: 61.39% 
Epoch: 61, Loss: 0.4172, Train: 83.12%, Valid: 67.32%, Test In: 68.26% Test OOD1: 62.70% Test OOD2: 52.27% Test OOD3: 61.23% 
Epoch: 62, Loss: 0.4110, Train: 83.11%, Valid: 67.29%, Test In: 68.23% Test OOD1: 62.65% Test OOD2: 52.22% Test OOD3: 61.18% 
Epoch: 63, Loss: 0.4047, Train: 83.31%, Valid: 67.29%, Test In: 68.27% Test OOD1: 62.70% Test OOD2: 52.17% Test OOD3: 61.13% 
Epoch: 64, Loss: 0.4005, Train: 83.77%, Valid: 67.18%, Test In: 68.21% Test OOD1: 62.45% Test OOD2: 52.19% Test OOD3: 60.98% 
Epoch: 65, Loss: 0.3972, Train: 83.63%, Valid: 67.25%, Test In: 68.27% Test OOD1: 62.59% Test OOD2: 52.14% Test OOD3: 61.01% 
Epoch: 66, Loss: 0.3927, Train: 84.15%, Valid: 67.16%, Test In: 68.22% Test OOD1: 62.34% Test OOD2: 52.16% Test OOD3: 60.89% 
Epoch: 67, Loss: 0.3860, Train: 84.28%, Valid: 67.16%, Test In: 68.22% Test OOD1: 62.28% Test OOD2: 52.14% Test OOD3: 60.86% 
Epoch: 68, Loss: 0.3806, Train: 84.35%, Valid: 67.19%, Test In: 68.23% Test OOD1: 62.27% Test OOD2: 52.11% Test OOD3: 60.84% 
Epoch: 69, Loss: 0.3774, Train: 84.85%, Valid: 67.09%, Test In: 68.14% Test OOD1: 62.01% Test OOD2: 52.13% Test OOD3: 60.72% 
Epoch: 70, Loss: 0.3749, Train: 84.64%, Valid: 67.20%, Test In: 68.21% Test OOD1: 62.13% Test OOD2: 52.10% Test OOD3: 60.75% 
Epoch: 71, Loss: 0.3722, Train: 85.18%, Valid: 67.10%, Test In: 68.11% Test OOD1: 61.96% Test OOD2: 52.12% Test OOD3: 60.65% 
Epoch: 72, Loss: 0.3659, Train: 85.26%, Valid: 67.15%, Test In: 68.12% Test OOD1: 61.94% Test OOD2: 52.10% Test OOD3: 60.63% 
Epoch: 73, Loss: 0.3603, Train: 85.39%, Valid: 67.22%, Test In: 68.18% Test OOD1: 61.97% Test OOD2: 52.11% Test OOD3: 60.61% 
Epoch: 74, Loss: 0.3580, Train: 85.87%, Valid: 67.16%, Test In: 68.09% Test OOD1: 61.83% Test OOD2: 52.15% Test OOD3: 60.49% 
Epoch: 75, Loss: 0.3561, Train: 85.62%, Valid: 67.26%, Test In: 68.18% Test OOD1: 61.99% Test OOD2: 52.09% Test OOD3: 60.56% 
Epoch: 76, Loss: 0.3531, Train: 86.27%, Valid: 67.16%, Test In: 68.09% Test OOD1: 61.79% Test OOD2: 52.16% Test OOD3: 60.41% 
Epoch: 77, Loss: 0.3496, Train: 86.21%, Valid: 67.29%, Test In: 68.21% Test OOD1: 61.93% Test OOD2: 52.14% Test OOD3: 60.46% 
Epoch: 78, Loss: 0.3436, Train: 86.42%, Valid: 67.27%, Test In: 68.17% Test OOD1: 61.77% Test OOD2: 52.15% Test OOD3: 60.36% 
Epoch: 79, Loss: 0.3396, Train: 86.92%, Valid: 67.26%, Test In: 68.20% Test OOD1: 61.75% Test OOD2: 52.20% Test OOD3: 60.30% 
Epoch: 80, Loss: 0.3370, Train: 86.76%, Valid: 67.33%, Test In: 68.22% Test OOD1: 61.84% Test OOD2: 52.15% Test OOD3: 60.35% 
Epoch: 81, Loss: 0.3343, Train: 87.18%, Valid: 67.21%, Test In: 68.14% Test OOD1: 61.49% Test OOD2: 52.18% Test OOD3: 60.20% 
Epoch: 82, Loss: 0.3323, Train: 87.26%, Valid: 67.35%, Test In: 68.27% Test OOD1: 61.87% Test OOD2: 52.14% Test OOD3: 60.32% 
Epoch: 83, Loss: 0.3308, Train: 87.51%, Valid: 67.26%, Test In: 68.21% Test OOD1: 61.43% Test OOD2: 52.18% Test OOD3: 60.16% 
Epoch: 84, Loss: 0.3262, Train: 87.71%, Valid: 67.32%, Test In: 68.29% Test OOD1: 61.57% Test OOD2: 52.14% Test OOD3: 60.19% 
Epoch: 85, Loss: 0.3203, Train: 87.97%, Valid: 67.30%, Test In: 68.30% Test OOD1: 61.53% Test OOD2: 52.11% Test OOD3: 60.16% 
Epoch: 86, Loss: 0.3165, Train: 88.11%, Valid: 67.22%, Test In: 68.22% Test OOD1: 61.29% Test OOD2: 52.13% Test OOD3: 60.07% 
Epoch: 87, Loss: 0.3153, Train: 88.28%, Valid: 67.33%, Test In: 68.36% Test OOD1: 61.57% Test OOD2: 52.08% Test OOD3: 60.16% 
Epoch: 88, Loss: 0.3153, Train: 88.60%, Valid: 67.17%, Test In: 68.23% Test OOD1: 61.11% Test OOD2: 52.10% Test OOD3: 59.97% 
Epoch: 89, Loss: 0.3118, Train: 88.60%, Valid: 67.32%, Test In: 68.39% Test OOD1: 61.41% Test OOD2: 52.04% Test OOD3: 60.08% 
Epoch: 90, Loss: 0.3087, Train: 89.08%, Valid: 67.19%, Test In: 68.32% Test OOD1: 61.19% Test OOD2: 52.07% Test OOD3: 59.98% 
Epoch: 91, Loss: 0.3035, Train: 89.03%, Valid: 67.15%, Test In: 68.25% Test OOD1: 61.15% Test OOD2: 52.06% Test OOD3: 59.97% 
Epoch: 92, Loss: 0.3000, Train: 89.40%, Valid: 67.22%, Test In: 68.41% Test OOD1: 61.30% Test OOD2: 52.02% Test OOD3: 60.01% 
Epoch: 93, Loss: 0.2999, Train: 89.61%, Valid: 67.06%, Test In: 68.28% Test OOD1: 60.86% Test OOD2: 52.07% Test OOD3: 59.84% 
Epoch: 94, Loss: 0.2972, Train: 89.64%, Valid: 67.25%, Test In: 68.48% Test OOD1: 61.12% Test OOD2: 52.04% Test OOD3: 59.94% 
Epoch: 95, Loss: 0.2949, Train: 90.19%, Valid: 67.09%, Test In: 68.34% Test OOD1: 60.82% Test OOD2: 52.07% Test OOD3: 59.80% 
Epoch: 96, Loss: 0.2900, Train: 90.09%, Valid: 67.09%, Test In: 68.32% Test OOD1: 60.92% Test OOD2: 52.05% Test OOD3: 59.84% 
Epoch: 97, Loss: 0.2849, Train: 90.50%, Valid: 67.10%, Test In: 68.35% Test OOD1: 60.98% Test OOD2: 52.04% Test OOD3: 59.85% 
Epoch: 98, Loss: 0.2832, Train: 90.70%, Valid: 66.99%, Test In: 68.23% Test OOD1: 60.70% Test OOD2: 52.04% Test OOD3: 59.74% 
Epoch: 99, Loss: 0.2809, Train: 90.66%, Valid: 67.20%, Test In: 68.43% Test OOD1: 60.94% Test OOD2: 52.00% Test OOD3: 59.85% 
Epoch: 100, Loss: 0.2804, Train: 91.36%, Valid: 66.97%, Test In: 68.29% Test OOD1: 60.55% Test OOD2: 52.04% Test OOD3: 59.65% 
Epoch: 101, Loss: 0.2781, Train: 91.15%, Valid: 67.16%, Test In: 68.41% Test OOD1: 60.90% Test OOD2: 52.03% Test OOD3: 59.82% 
Epoch: 102, Loss: 0.2733, Train: 91.41%, Valid: 67.01%, Test In: 68.26% Test OOD1: 60.67% Test OOD2: 52.04% Test OOD3: 59.70% 
Epoch: 103, Loss: 0.2684, Train: 91.95%, Valid: 67.01%, Test In: 68.33% Test OOD1: 60.69% Test OOD2: 52.05% Test OOD3: 59.69% 
Epoch: 104, Loss: 0.2654, Train: 91.78%, Valid: 67.09%, Test In: 68.35% Test OOD1: 60.78% Test OOD2: 52.00% Test OOD3: 59.73% 
Epoch: 105, Loss: 0.2629, Train: 92.08%, Valid: 66.94%, Test In: 68.20% Test OOD1: 60.51% Test OOD2: 52.01% Test OOD3: 59.59% 
Epoch: 106, Loss: 0.2617, Train: 92.46%, Valid: 67.13%, Test In: 68.40% Test OOD1: 60.82% Test OOD2: 52.02% Test OOD3: 59.71% 
Epoch: 107, Loss: 0.2619, Train: 92.55%, Valid: 66.90%, Test In: 68.16% Test OOD1: 60.42% Test OOD2: 52.05% Test OOD3: 59.53% 
Epoch: 108, Loss: 0.2581, Train: 92.47%, Valid: 67.14%, Test In: 68.34% Test OOD1: 60.77% Test OOD2: 52.01% Test OOD3: 59.69% 
Epoch: 109, Loss: 0.2546, Train: 93.26%, Valid: 66.94%, Test In: 68.20% Test OOD1: 60.46% Test OOD2: 52.07% Test OOD3: 59.56% 
Epoch: 110, Loss: 0.2505, Train: 93.10%, Valid: 67.02%, Test In: 68.21% Test OOD1: 60.53% Test OOD2: 52.01% Test OOD3: 59.62% 
Epoch: 111, Loss: 0.2452, Train: 92.69%, Valid: 67.08%, Test In: 68.23% Test OOD1: 60.68% Test OOD2: 51.99% Test OOD3: 59.69% 
Epoch: 112, Loss: 0.2470, Train: 93.89%, Valid: 66.83%, Test In: 68.06% Test OOD1: 60.27% Test OOD2: 52.02% Test OOD3: 59.50% 
Epoch: 113, Loss: 0.2471, Train: 93.80%, Valid: 67.09%, Test In: 68.23% Test OOD1: 60.64% Test OOD2: 51.97% Test OOD3: 59.70% 
Epoch: 114, Loss: 0.2433, Train: 93.15%, Valid: 66.93%, Test In: 68.02% Test OOD1: 60.39% Test OOD2: 51.93% Test OOD3: 59.56% 
Epoch: 115, Loss: 0.2409, Train: 93.91%, Valid: 67.05%, Test In: 68.13% Test OOD1: 60.59% Test OOD2: 51.97% Test OOD3: 59.65% 
Epoch: 116, Loss: 0.2328, Train: 94.36%, Valid: 66.93%, Test In: 68.03% Test OOD1: 60.36% Test OOD2: 51.95% Test OOD3: 59.54% 
Epoch: 117, Loss: 0.2295, Train: 94.26%, Valid: 66.95%, Test In: 68.01% Test OOD1: 60.39% Test OOD2: 51.91% Test OOD3: 59.54% 
Epoch: 118, Loss: 0.2249, Train: 93.86%, Valid: 67.09%, Test In: 68.10% Test OOD1: 60.63% Test OOD2: 51.81% Test OOD3: 59.61% 
Epoch: 119, Loss: 0.2257, Train: 94.63%, Valid: 66.84%, Test In: 67.89% Test OOD1: 60.28% Test OOD2: 51.84% Test OOD3: 59.44% 
Epoch: 120, Loss: 0.2229, Train: 94.90%, Valid: 67.01%, Test In: 68.06% Test OOD1: 60.55% Test OOD2: 51.80% Test OOD3: 59.58% 
Epoch: 121, Loss: 0.2229, Train: 94.95%, Valid: 66.84%, Test In: 67.87% Test OOD1: 60.28% Test OOD2: 51.81% Test OOD3: 59.44% 
Epoch: 122, Loss: 0.2171, Train: 94.60%, Valid: 67.09%, Test In: 68.04% Test OOD1: 60.58% Test OOD2: 51.74% Test OOD3: 59.59% 
Epoch: 123, Loss: 0.2136, Train: 95.20%, Valid: 66.90%, Test In: 67.88% Test OOD1: 60.38% Test OOD2: 51.80% Test OOD3: 59.49% 
Epoch: 124, Loss: 0.2081, Train: 95.54%, Valid: 66.86%, Test In: 67.87% Test OOD1: 60.28% Test OOD2: 51.78% Test OOD3: 59.45% 
Epoch: 125, Loss: 0.2059, Train: 95.44%, Valid: 67.03%, Test In: 67.99% Test OOD1: 60.40% Test OOD2: 51.73% Test OOD3: 59.53% 
Epoch: 126, Loss: 0.2037, Train: 95.33%, Valid: 66.88%, Test In: 67.81% Test OOD1: 60.22% Test OOD2: 51.75% Test OOD3: 59.43% 
Epoch: 127, Loss: 0.2040, Train: 95.64%, Valid: 67.02%, Test In: 67.93% Test OOD1: 60.51% Test OOD2: 51.71% Test OOD3: 59.55% 
Epoch: 128, Loss: 0.2030, Train: 96.04%, Valid: 66.77%, Test In: 67.68% Test OOD1: 60.09% Test OOD2: 51.71% Test OOD3: 59.32% 
Epoch: 129, Loss: 0.2004, Train: 95.90%, Valid: 67.01%, Test In: 67.88% Test OOD1: 60.48% Test OOD2: 51.69% Test OOD3: 59.50% 
Epoch: 130, Loss: 0.1961, Train: 95.86%, Valid: 66.92%, Test In: 67.79% Test OOD1: 60.32% Test OOD2: 51.69% Test OOD3: 59.40% 
Epoch: 131, Loss: 0.1909, Train: 96.18%, Valid: 66.91%, Test In: 67.78% Test OOD1: 60.37% Test OOD2: 51.67% Test OOD3: 59.41% 
Epoch: 132, Loss: 0.1862, Train: 96.42%, Valid: 66.88%, Test In: 67.77% Test OOD1: 60.40% Test OOD2: 51.66% Test OOD3: 59.41% 
Epoch: 133, Loss: 0.1850, Train: 96.47%, Valid: 66.76%, Test In: 67.66% Test OOD1: 60.29% Test OOD2: 51.66% Test OOD3: 59.31% 
Epoch: 134, Loss: 0.1843, Train: 96.30%, Valid: 66.93%, Test In: 67.81% Test OOD1: 60.60% Test OOD2: 51.62% Test OOD3: 59.44% 
Epoch: 135, Loss: 0.1846, Train: 96.70%, Valid: 66.71%, Test In: 67.61% Test OOD1: 60.28% Test OOD2: 51.61% Test OOD3: 59.27% 
Epoch: 136, Loss: 0.1817, Train: 96.79%, Valid: 66.85%, Test In: 67.74% Test OOD1: 60.55% Test OOD2: 51.57% Test OOD3: 59.38% 
Epoch: 137, Loss: 0.1784, Train: 96.84%, Valid: 66.77%, Test In: 67.67% Test OOD1: 60.41% Test OOD2: 51.55% Test OOD3: 59.29% 
Epoch: 138, Loss: 0.1730, Train: 96.82%, Valid: 66.82%, Test In: 67.72% Test OOD1: 60.53% Test OOD2: 51.54% Test OOD3: 59.33% 
Epoch: 139, Loss: 0.1694, Train: 97.06%, Valid: 66.80%, Test In: 67.69% Test OOD1: 60.51% Test OOD2: 51.48% Test OOD3: 59.29% 
Epoch: 140, Loss: 0.1671, Train: 97.22%, Valid: 66.65%, Test In: 67.54% Test OOD1: 60.41% Test OOD2: 51.49% Test OOD3: 59.21% 
Epoch: 141, Loss: 0.1664, Train: 97.08%, Valid: 66.83%, Test In: 67.72% Test OOD1: 60.69% Test OOD2: 51.43% Test OOD3: 59.33% 
Epoch: 142, Loss: 0.1660, Train: 97.25%, Valid: 66.71%, Test In: 67.60% Test OOD1: 60.43% Test OOD2: 51.42% Test OOD3: 59.18% 
Epoch: 143, Loss: 0.1649, Train: 97.36%, Valid: 66.73%, Test In: 67.64% Test OOD1: 60.64% Test OOD2: 51.42% Test OOD3: 59.28% 
Epoch: 144, Loss: 0.1640, Train: 97.50%, Valid: 66.61%, Test In: 67.51% Test OOD1: 60.41% Test OOD2: 51.39% Test OOD3: 59.13% 
Epoch: 145, Loss: 0.1594, Train: 97.36%, Valid: 66.78%, Test In: 67.70% Test OOD1: 60.67% Test OOD2: 51.35% Test OOD3: 59.26% 
Epoch: 146, Loss: 0.1554, Train: 97.58%, Valid: 66.64%, Test In: 67.54% Test OOD1: 60.51% Test OOD2: 51.36% Test OOD3: 59.18% 
Epoch: 147, Loss: 0.1514, Train: 97.68%, Valid: 66.61%, Test In: 67.51% Test OOD1: 60.51% Test OOD2: 51.34% Test OOD3: 59.16% 
Epoch: 148, Loss: 0.1493, Train: 97.61%, Valid: 66.70%, Test In: 67.60% Test OOD1: 60.65% Test OOD2: 51.32% Test OOD3: 59.21% 
Epoch: 149, Loss: 0.1486, Train: 97.77%, Valid: 66.53%, Test In: 67.44% Test OOD1: 60.49% Test OOD2: 51.34% Test OOD3: 59.08% 
Epoch: 150, Loss: 0.1483, Train: 97.82%, Valid: 66.57%, Test In: 67.49% Test OOD1: 60.65% Test OOD2: 51.31% Test OOD3: 59.16% 
Epoch: 151, Loss: 0.1488, Train: 97.94%, Valid: 66.50%, Test In: 67.40% Test OOD1: 60.44% Test OOD2: 51.30% Test OOD3: 59.03% 
Epoch: 152, Loss: 0.1471, Train: 97.84%, Valid: 66.68%, Test In: 67.56% Test OOD1: 60.74% Test OOD2: 51.28% Test OOD3: 59.19% 
Epoch: 153, Loss: 0.1450, Train: 98.03%, Valid: 66.54%, Test In: 67.44% Test OOD1: 60.54% Test OOD2: 51.27% Test OOD3: 59.05% 
Epoch: 154, Loss: 0.1406, Train: 98.04%, Valid: 66.56%, Test In: 67.47% Test OOD1: 60.69% Test OOD2: 51.26% Test OOD3: 59.12% 
Epoch: 155, Loss: 0.1368, Train: 98.08%, Valid: 66.54%, Test In: 67.45% Test OOD1: 60.67% Test OOD2: 51.25% Test OOD3: 59.10% 
Epoch: 156, Loss: 0.1342, Train: 98.18%, Valid: 66.49%, Test In: 67.39% Test OOD1: 60.63% Test OOD2: 51.24% Test OOD3: 59.05% 
Epoch: 157, Loss: 0.1334, Train: 98.21%, Valid: 66.52%, Test In: 67.42% Test OOD1: 60.72% Test OOD2: 51.22% Test OOD3: 59.09% 
Epoch: 158, Loss: 0.1336, Train: 98.30%, Valid: 66.48%, Test In: 67.36% Test OOD1: 60.55% Test OOD2: 51.22% Test OOD3: 58.97% 
Epoch: 159, Loss: 0.1337, Train: 98.25%, Valid: 66.58%, Test In: 67.43% Test OOD1: 60.77% Test OOD2: 51.20% Test OOD3: 59.08% 
Epoch: 160, Loss: 0.1338, Train: 98.44%, Valid: 66.42%, Test In: 67.27% Test OOD1: 60.52% Test OOD2: 51.20% Test OOD3: 58.92% 
Epoch: 161, Loss: 0.1317, Train: 98.38%, Valid: 66.56%, Test In: 67.39% Test OOD1: 60.75% Test OOD2: 51.19% Test OOD3: 59.06% 
Epoch: 162, Loss: 0.1292, Train: 98.46%, Valid: 66.53%, Test In: 67.35% Test OOD1: 60.62% Test OOD2: 51.19% Test OOD3: 58.99% 
Epoch: 163, Loss: 0.1255, Train: 98.50%, Valid: 66.56%, Test In: 67.36% Test OOD1: 60.69% Test OOD2: 51.18% Test OOD3: 59.02% 
Epoch: 164, Loss: 0.1225, Train: 98.56%, Valid: 66.56%, Test In: 67.36% Test OOD1: 60.64% Test OOD2: 51.18% Test OOD3: 59.00% 
Epoch: 165, Loss: 0.1209, Train: 98.61%, Valid: 66.55%, Test In: 67.33% Test OOD1: 60.58% Test OOD2: 51.18% Test OOD3: 58.95% 
Epoch: 166, Loss: 0.1205, Train: 98.60%, Valid: 66.60%, Test In: 67.37% Test OOD1: 60.73% Test OOD2: 51.16% Test OOD3: 59.01% 
Epoch: 167, Loss: 0.1209, Train: 98.71%, Valid: 66.51%, Test In: 67.26% Test OOD1: 60.58% Test OOD2: 51.16% Test OOD3: 58.89% 
Epoch: 168, Loss: 0.1213, Train: 98.66%, Valid: 66.65%, Test In: 67.37% Test OOD1: 60.78% Test OOD2: 51.14% Test OOD3: 59.01% 
Epoch: 169, Loss: 0.1218, Train: 98.80%, Valid: 66.52%, Test In: 67.25% Test OOD1: 60.52% Test OOD2: 51.14% Test OOD3: 58.85% 
Epoch: 170, Loss: 0.1203, Train: 98.76%, Valid: 66.65%, Test In: 67.38% Test OOD1: 60.73% Test OOD2: 51.12% Test OOD3: 58.98% 
Epoch: 171, Loss: 0.1187, Train: 98.84%, Valid: 66.62%, Test In: 67.32% Test OOD1: 60.59% Test OOD2: 51.11% Test OOD3: 58.88% 
Epoch: 172, Loss: 0.1147, Train: 98.84%, Valid: 66.66%, Test In: 67.34% Test OOD1: 60.70% Test OOD2: 51.10% Test OOD3: 58.93% 
Epoch: 173, Loss: 0.1115, Train: 98.90%, Valid: 66.66%, Test In: 67.34% Test OOD1: 60.64% Test OOD2: 51.07% Test OOD3: 58.89% 
Epoch: 174, Loss: 0.1095, Train: 98.96%, Valid: 66.64%, Test In: 67.32% Test OOD1: 60.55% Test OOD2: 51.06% Test OOD3: 58.84% 
Epoch: 175, Loss: 0.1093, Train: 98.96%, Valid: 66.65%, Test In: 67.33% Test OOD1: 60.65% Test OOD2: 51.04% Test OOD3: 58.88% 
Epoch: 176, Loss: 0.1099, Train: 99.03%, Valid: 66.56%, Test In: 67.22% Test OOD1: 60.54% Test OOD2: 51.04% Test OOD3: 58.77% 
Epoch: 177, Loss: 0.1103, Train: 99.01%, Valid: 66.69%, Test In: 67.36% Test OOD1: 60.70% Test OOD2: 51.02% Test OOD3: 58.87% 
Epoch: 178, Loss: 0.1104, Train: 99.11%, Valid: 66.60%, Test In: 67.27% Test OOD1: 60.49% Test OOD2: 51.02% Test OOD3: 58.74% 
Epoch: 179, Loss: 0.1086, Train: 99.09%, Valid: 66.68%, Test In: 67.34% Test OOD1: 60.65% Test OOD2: 51.01% Test OOD3: 58.83% 
Epoch: 180, Loss: 0.1065, Train: 99.15%, Valid: 66.59%, Test In: 67.26% Test OOD1: 60.54% Test OOD2: 51.02% Test OOD3: 58.75% 
Epoch: 181, Loss: 0.1036, Train: 99.16%, Valid: 66.66%, Test In: 67.32% Test OOD1: 60.59% Test OOD2: 51.02% Test OOD3: 58.79% 
Epoch: 182, Loss: 0.1014, Train: 99.19%, Valid: 66.66%, Test In: 67.33% Test OOD1: 60.56% Test OOD2: 51.01% Test OOD3: 58.76% 
Epoch: 183, Loss: 0.1001, Train: 99.24%, Valid: 66.61%, Test In: 67.29% Test OOD1: 60.49% Test OOD2: 51.01% Test OOD3: 58.71% 
Epoch: 184, Loss: 0.0997, Train: 99.24%, Valid: 66.64%, Test In: 67.32% Test OOD1: 60.52% Test OOD2: 51.01% Test OOD3: 58.74% 
Epoch: 185, Loss: 0.0999, Train: 99.30%, Valid: 66.55%, Test In: 67.25% Test OOD1: 60.42% Test OOD2: 51.02% Test OOD3: 58.66% 
Epoch: 186, Loss: 0.1003, Train: 99.28%, Valid: 66.66%, Test In: 67.34% Test OOD1: 60.57% Test OOD2: 50.99% Test OOD3: 58.75% 
Epoch: 187, Loss: 0.1014, Train: 99.35%, Valid: 66.57%, Test In: 67.27% Test OOD1: 60.35% Test OOD2: 50.99% Test OOD3: 58.63% 
Epoch: 188, Loss: 0.1021, Train: 99.32%, Valid: 66.68%, Test In: 67.37% Test OOD1: 60.53% Test OOD2: 50.96% Test OOD3: 58.75% 
Epoch: 189, Loss: 0.1034, Train: 99.40%, Valid: 66.57%, Test In: 67.28% Test OOD1: 60.32% Test OOD2: 50.98% Test OOD3: 58.61% 
Epoch: 190, Loss: 0.1017, Train: 99.36%, Valid: 66.68%, Test In: 67.38% Test OOD1: 60.55% Test OOD2: 50.95% Test OOD3: 58.74% 
Epoch: 191, Loss: 0.0992, Train: 99.42%, Valid: 66.64%, Test In: 67.35% Test OOD1: 60.39% Test OOD2: 50.96% Test OOD3: 58.64% 
Epoch: 192, Loss: 0.0943, Train: 99.44%, Valid: 66.65%, Test In: 67.36% Test OOD1: 60.43% Test OOD2: 50.93% Test OOD3: 58.66% 
Epoch: 193, Loss: 0.0914, Train: 99.44%, Valid: 66.67%, Test In: 67.37% Test OOD1: 60.45% Test OOD2: 50.93% Test OOD3: 58.67% 
Epoch: 194, Loss: 0.0915, Train: 99.50%, Valid: 66.56%, Test In: 67.28% Test OOD1: 60.32% Test OOD2: 50.92% Test OOD3: 58.56% 
Epoch: 195, Loss: 0.0930, Train: 99.46%, Valid: 66.68%, Test In: 67.38% Test OOD1: 60.49% Test OOD2: 50.90% Test OOD3: 58.66% 
Epoch: 196, Loss: 0.0942, Train: 99.53%, Valid: 66.55%, Test In: 67.28% Test OOD1: 60.29% Test OOD2: 50.90% Test OOD3: 58.54% 
Epoch: 197, Loss: 0.0927, Train: 99.51%, Valid: 66.64%, Test In: 67.36% Test OOD1: 60.44% Test OOD2: 50.89% Test OOD3: 58.64% 
Epoch: 198, Loss: 0.0902, Train: 99.55%, Valid: 66.57%, Test In: 67.32% Test OOD1: 60.33% Test OOD2: 50.90% Test OOD3: 58.55% 
Epoch: 199, Loss: 0.0873, Train: 99.57%, Valid: 66.57%, Test In: 67.34% Test OOD1: 60.32% Test OOD2: 50.87% Test OOD3: 58.54% 
Run 02:
Highest Train: 99.57
Highest Valid: 70.24
Highest In Test: 71.00
Highest OOD Test: 66.75
Highest OOD Test: 53.34
Highest OOD Test: 63.96
Chosen epoch: 33
Final Train: 77.36
Final In Test: 70.98
Final OOD Test: 66.29
Final OOD Test: 53.30
Final OOD Test: 63.96
Epoch: 00, Loss: 0.7625, Train: 66.90%, Valid: 63.64%, Test In: 63.52% Test OOD1: 60.59% Test OOD2: 52.23% Test OOD3: 59.48% 
Epoch: 01, Loss: 0.7592, Train: 70.36%, Valid: 65.90%, Test In: 65.83% Test OOD1: 59.64% Test OOD2: 52.82% Test OOD3: 60.83% 
Epoch: 02, Loss: 0.7553, Train: 70.94%, Valid: 66.35%, Test In: 66.31% Test OOD1: 56.76% Test OOD2: 53.08% Test OOD3: 60.58% 
Epoch: 03, Loss: 0.7506, Train: 70.34%, Valid: 66.04%, Test In: 66.05% Test OOD1: 55.21% Test OOD2: 52.89% Test OOD3: 59.27% 
Epoch: 04, Loss: 0.7447, Train: 70.04%, Valid: 65.97%, Test In: 65.96% Test OOD1: 54.31% Test OOD2: 52.86% Test OOD3: 58.39% 
Epoch: 05, Loss: 0.7383, Train: 72.13%, Valid: 67.97%, Test In: 68.23% Test OOD1: 56.49% Test OOD2: 53.06% Test OOD3: 59.50% 
Epoch: 06, Loss: 0.7322, Train: 74.05%, Valid: 69.63%, Test In: 70.34% Test OOD1: 60.37% Test OOD2: 53.06% Test OOD3: 61.13% 
Epoch: 07, Loss: 0.7267, Train: 72.18%, Valid: 68.00%, Test In: 68.59% Test OOD1: 56.19% Test OOD2: 53.23% Test OOD3: 58.53% 
Epoch: 08, Loss: 0.7205, Train: 62.85%, Valid: 59.61%, Test In: 60.16% Test OOD1: 48.84% Test OOD2: 52.42% Test OOD3: 52.85% 
Epoch: 09, Loss: 0.7134, Train: 53.73%, Valid: 51.67%, Test In: 52.60% Test OOD1: 45.19% Test OOD2: 51.52% Test OOD3: 49.54% 
Epoch: 10, Loss: 0.7074, Train: 49.87%, Valid: 48.37%, Test In: 49.42% Test OOD1: 43.85% Test OOD2: 51.15% Test OOD3: 48.28% 
Epoch: 11, Loss: 0.7043, Train: 49.54%, Valid: 48.00%, Test In: 49.10% Test OOD1: 43.80% Test OOD2: 51.14% Test OOD3: 48.25% 
Epoch: 12, Loss: 0.7031, Train: 51.90%, Valid: 49.79%, Test In: 50.93% Test OOD1: 44.86% Test OOD2: 51.45% Test OOD3: 49.29% 
Epoch: 13, Loss: 0.7012, Train: 57.70%, Valid: 54.52%, Test In: 55.53% Test OOD1: 47.73% Test OOD2: 52.18% Test OOD3: 51.95% 
Epoch: 14, Loss: 0.6972, Train: 66.63%, Valid: 62.00%, Test In: 62.81% Test OOD1: 53.79% Test OOD2: 53.14% Test OOD3: 57.02% 
Epoch: 15, Loss: 0.6917, Train: 72.35%, Valid: 67.19%, Test In: 68.17% Test OOD1: 61.40% Test OOD2: 53.42% Test OOD3: 61.60% 
Epoch: 16, Loss: 0.6856, Train: 72.92%, Valid: 68.00%, Test In: 68.97% Test OOD1: 65.01% Test OOD2: 52.81% Test OOD3: 62.49% 
Epoch: 17, Loss: 0.6799, Train: 71.85%, Valid: 67.34%, Test In: 67.98% Test OOD1: 65.47% Test OOD2: 52.33% Test OOD3: 62.07% 
Epoch: 18, Loss: 0.6748, Train: 70.91%, Valid: 66.73%, Test In: 67.19% Test OOD1: 65.26% Test OOD2: 52.16% Test OOD3: 61.74% 
Epoch: 19, Loss: 0.6699, Train: 70.59%, Valid: 66.46%, Test In: 66.85% Test OOD1: 65.11% Test OOD2: 52.11% Test OOD3: 61.62% 
Epoch: 20, Loss: 0.6648, Train: 70.64%, Valid: 66.42%, Test In: 66.81% Test OOD1: 65.08% Test OOD2: 52.13% Test OOD3: 61.61% 
Epoch: 21, Loss: 0.6592, Train: 70.88%, Valid: 66.50%, Test In: 66.92% Test OOD1: 65.09% Test OOD2: 52.20% Test OOD3: 61.64% 
Epoch: 22, Loss: 0.6533, Train: 71.22%, Valid: 66.64%, Test In: 67.08% Test OOD1: 65.11% Test OOD2: 52.26% Test OOD3: 61.69% 
Epoch: 23, Loss: 0.6471, Train: 71.58%, Valid: 66.83%, Test In: 67.29% Test OOD1: 65.15% Test OOD2: 52.28% Test OOD3: 61.79% 
Epoch: 24, Loss: 0.6403, Train: 71.95%, Valid: 67.05%, Test In: 67.51% Test OOD1: 65.22% Test OOD2: 52.29% Test OOD3: 61.92% 
Epoch: 25, Loss: 0.6334, Train: 72.30%, Valid: 67.24%, Test In: 67.75% Test OOD1: 65.29% Test OOD2: 52.32% Test OOD3: 62.05% 
Epoch: 26, Loss: 0.6269, Train: 72.69%, Valid: 67.37%, Test In: 67.96% Test OOD1: 65.25% Test OOD2: 52.42% Test OOD3: 62.12% 
Epoch: 27, Loss: 0.6206, Train: 73.09%, Valid: 67.43%, Test In: 68.09% Test OOD1: 65.07% Test OOD2: 52.58% Test OOD3: 62.13% 
Epoch: 28, Loss: 0.6145, Train: 73.47%, Valid: 67.49%, Test In: 68.20% Test OOD1: 64.92% Test OOD2: 52.71% Test OOD3: 62.16% 
Epoch: 29, Loss: 0.6086, Train: 73.92%, Valid: 67.71%, Test In: 68.46% Test OOD1: 65.00% Test OOD2: 52.80% Test OOD3: 62.30% 
Epoch: 30, Loss: 0.6018, Train: 74.37%, Valid: 67.97%, Test In: 68.73% Test OOD1: 65.10% Test OOD2: 52.90% Test OOD3: 62.44% 
Epoch: 31, Loss: 0.5952, Train: 74.81%, Valid: 68.05%, Test In: 68.83% Test OOD1: 64.89% Test OOD2: 53.08% Test OOD3: 62.44% 
Epoch: 32, Loss: 0.5883, Train: 75.23%, Valid: 68.05%, Test In: 68.89% Test OOD1: 64.61% Test OOD2: 53.26% Test OOD3: 62.42% 
Epoch: 33, Loss: 0.5822, Train: 75.72%, Valid: 68.31%, Test In: 69.18% Test OOD1: 64.71% Test OOD2: 53.36% Test OOD3: 62.57% 
Epoch: 34, Loss: 0.5762, Train: 76.18%, Valid: 68.37%, Test In: 69.28% Test OOD1: 64.47% Test OOD2: 53.48% Test OOD3: 62.58% 
Epoch: 35, Loss: 0.5706, Train: 76.61%, Valid: 68.35%, Test In: 69.28% Test OOD1: 64.07% Test OOD2: 53.59% Test OOD3: 62.52% 
Epoch: 36, Loss: 0.5656, Train: 77.00%, Valid: 68.63%, Test In: 69.54% Test OOD1: 64.38% Test OOD2: 53.57% Test OOD3: 62.68% 
Epoch: 37, Loss: 0.5604, Train: 77.32%, Valid: 68.39%, Test In: 69.28% Test OOD1: 63.79% Test OOD2: 53.60% Test OOD3: 62.44% 
Epoch: 38, Loss: 0.5540, Train: 77.68%, Valid: 68.52%, Test In: 69.38% Test OOD1: 64.02% Test OOD2: 53.53% Test OOD3: 62.49% 
Epoch: 39, Loss: 0.5467, Train: 77.96%, Valid: 68.56%, Test In: 69.40% Test OOD1: 64.16% Test OOD2: 53.43% Test OOD3: 62.47% 
Epoch: 40, Loss: 0.5404, Train: 78.30%, Valid: 68.34%, Test In: 69.13% Test OOD1: 63.71% Test OOD2: 53.40% Test OOD3: 62.25% 
Epoch: 41, Loss: 0.5342, Train: 78.54%, Valid: 68.41%, Test In: 69.20% Test OOD1: 63.99% Test OOD2: 53.27% Test OOD3: 62.30% 
Epoch: 42, Loss: 0.5270, Train: 78.81%, Valid: 68.31%, Test In: 69.09% Test OOD1: 63.87% Test OOD2: 53.18% Test OOD3: 62.21% 
Epoch: 43, Loss: 0.5201, Train: 79.18%, Valid: 68.09%, Test In: 68.86% Test OOD1: 63.41% Test OOD2: 53.13% Test OOD3: 61.99% 
Epoch: 44, Loss: 0.5136, Train: 79.32%, Valid: 68.05%, Test In: 68.83% Test OOD1: 63.59% Test OOD2: 52.99% Test OOD3: 62.01% 
Epoch: 45, Loss: 0.5065, Train: 79.88%, Valid: 67.97%, Test In: 68.79% Test OOD1: 63.31% Test OOD2: 52.94% Test OOD3: 61.90% 
Epoch: 46, Loss: 0.5001, Train: 79.82%, Valid: 67.53%, Test In: 68.33% Test OOD1: 62.87% Test OOD2: 52.79% Test OOD3: 61.60% 
Epoch: 47, Loss: 0.4934, Train: 80.29%, Valid: 67.64%, Test In: 68.43% Test OOD1: 63.07% Test OOD2: 52.72% Test OOD3: 61.68% 
Epoch: 48, Loss: 0.4858, Train: 80.73%, Valid: 67.43%, Test In: 68.22% Test OOD1: 62.62% Test OOD2: 52.69% Test OOD3: 61.46% 
Epoch: 49, Loss: 0.4783, Train: 80.80%, Valid: 67.22%, Test In: 67.99% Test OOD1: 62.46% Test OOD2: 52.59% Test OOD3: 61.29% 
Epoch: 50, Loss: 0.4714, Train: 81.18%, Valid: 67.27%, Test In: 68.03% Test OOD1: 62.58% Test OOD2: 52.52% Test OOD3: 61.32% 
Epoch: 51, Loss: 0.4642, Train: 81.53%, Valid: 67.04%, Test In: 67.79% Test OOD1: 62.17% Test OOD2: 52.51% Test OOD3: 61.08% 
Epoch: 52, Loss: 0.4572, Train: 81.54%, Valid: 67.06%, Test In: 67.77% Test OOD1: 62.38% Test OOD2: 52.42% Test OOD3: 61.09% 
Epoch: 53, Loss: 0.4501, Train: 82.08%, Valid: 67.03%, Test In: 67.74% Test OOD1: 62.21% Test OOD2: 52.45% Test OOD3: 61.00% 
Epoch: 54, Loss: 0.4426, Train: 82.30%, Valid: 66.99%, Test In: 67.69% Test OOD1: 62.16% Test OOD2: 52.42% Test OOD3: 60.93% 
Epoch: 55, Loss: 0.4359, Train: 82.45%, Valid: 67.01%, Test In: 67.71% Test OOD1: 62.26% Test OOD2: 52.38% Test OOD3: 60.93% 
Epoch: 56, Loss: 0.4300, Train: 82.97%, Valid: 66.91%, Test In: 67.64% Test OOD1: 61.98% Test OOD2: 52.42% Test OOD3: 60.76% 
Epoch: 57, Loss: 0.4244, Train: 83.03%, Valid: 67.09%, Test In: 67.79% Test OOD1: 62.29% Test OOD2: 52.37% Test OOD3: 60.88% 
Epoch: 58, Loss: 0.4190, Train: 83.54%, Valid: 66.90%, Test In: 67.64% Test OOD1: 61.85% Test OOD2: 52.38% Test OOD3: 60.62% 
Epoch: 59, Loss: 0.4121, Train: 83.75%, Valid: 67.04%, Test In: 67.80% Test OOD1: 62.09% Test OOD2: 52.35% Test OOD3: 60.70% 
Epoch: 60, Loss: 0.4050, Train: 84.04%, Valid: 67.00%, Test In: 67.80% Test OOD1: 62.00% Test OOD2: 52.32% Test OOD3: 60.62% 
Epoch: 61, Loss: 0.3990, Train: 84.46%, Valid: 66.94%, Test In: 67.77% Test OOD1: 61.80% Test OOD2: 52.33% Test OOD3: 60.47% 
Epoch: 62, Loss: 0.3940, Train: 84.53%, Valid: 67.12%, Test In: 67.95% Test OOD1: 62.09% Test OOD2: 52.28% Test OOD3: 60.61% 
Epoch: 63, Loss: 0.3892, Train: 85.04%, Valid: 66.95%, Test In: 67.82% Test OOD1: 61.70% Test OOD2: 52.29% Test OOD3: 60.36% 
Epoch: 64, Loss: 0.3834, Train: 85.17%, Valid: 67.13%, Test In: 68.01% Test OOD1: 61.93% Test OOD2: 52.24% Test OOD3: 60.49% 
Epoch: 65, Loss: 0.3766, Train: 85.54%, Valid: 67.11%, Test In: 68.02% Test OOD1: 61.80% Test OOD2: 52.23% Test OOD3: 60.40% 
Epoch: 66, Loss: 0.3705, Train: 85.87%, Valid: 67.06%, Test In: 67.98% Test OOD1: 61.63% Test OOD2: 52.21% Test OOD3: 60.29% 
Epoch: 67, Loss: 0.3660, Train: 86.00%, Valid: 67.21%, Test In: 68.16% Test OOD1: 61.91% Test OOD2: 52.17% Test OOD3: 60.43% 
Epoch: 68, Loss: 0.3641, Train: 86.25%, Valid: 67.05%, Test In: 67.94% Test OOD1: 61.47% Test OOD2: 52.15% Test OOD3: 60.15% 
Epoch: 69, Loss: 0.3629, Train: 86.57%, Valid: 67.22%, Test In: 68.18% Test OOD1: 61.77% Test OOD2: 52.16% Test OOD3: 60.35% 
Epoch: 70, Loss: 0.3532, Train: 86.99%, Valid: 67.13%, Test In: 68.13% Test OOD1: 61.52% Test OOD2: 52.17% Test OOD3: 60.21% 
Epoch: 71, Loss: 0.3487, Train: 87.14%, Valid: 67.13%, Test In: 68.11% Test OOD1: 61.42% Test OOD2: 52.13% Test OOD3: 60.16% 
Epoch: 72, Loss: 0.3424, Train: 87.19%, Valid: 67.28%, Test In: 68.26% Test OOD1: 61.64% Test OOD2: 52.10% Test OOD3: 60.29% 
Epoch: 73, Loss: 0.3402, Train: 87.85%, Valid: 67.08%, Test In: 68.11% Test OOD1: 61.26% Test OOD2: 52.14% Test OOD3: 60.05% 
Epoch: 74, Loss: 0.3359, Train: 87.84%, Valid: 67.33%, Test In: 68.35% Test OOD1: 61.67% Test OOD2: 52.14% Test OOD3: 60.32% 
Epoch: 75, Loss: 0.3306, Train: 88.10%, Valid: 67.22%, Test In: 68.21% Test OOD1: 61.34% Test OOD2: 52.09% Test OOD3: 60.10% 
Epoch: 76, Loss: 0.3233, Train: 88.38%, Valid: 67.29%, Test In: 68.26% Test OOD1: 61.40% Test OOD2: 52.10% Test OOD3: 60.12% 
Epoch: 77, Loss: 0.3170, Train: 88.53%, Valid: 67.37%, Test In: 68.36% Test OOD1: 61.59% Test OOD2: 52.10% Test OOD3: 60.23% 
Epoch: 78, Loss: 0.3140, Train: 89.04%, Valid: 67.26%, Test In: 68.21% Test OOD1: 61.26% Test OOD2: 52.09% Test OOD3: 59.98% 
Epoch: 79, Loss: 0.3092, Train: 88.74%, Valid: 67.48%, Test In: 68.40% Test OOD1: 61.55% Test OOD2: 52.02% Test OOD3: 60.21% 
Epoch: 80, Loss: 0.3065, Train: 89.52%, Valid: 67.35%, Test In: 68.32% Test OOD1: 61.26% Test OOD2: 52.10% Test OOD3: 60.02% 
Epoch: 81, Loss: 0.2996, Train: 89.55%, Valid: 67.42%, Test In: 68.41% Test OOD1: 61.31% Test OOD2: 52.07% Test OOD3: 60.08% 
Epoch: 82, Loss: 0.2924, Train: 89.46%, Valid: 67.49%, Test In: 68.46% Test OOD1: 61.29% Test OOD2: 52.00% Test OOD3: 60.06% 
Epoch: 83, Loss: 0.2906, Train: 90.12%, Valid: 67.35%, Test In: 68.37% Test OOD1: 61.04% Test OOD2: 52.06% Test OOD3: 59.92% 
Epoch: 84, Loss: 0.2847, Train: 90.02%, Valid: 67.53%, Test In: 68.61% Test OOD1: 61.38% Test OOD2: 52.05% Test OOD3: 60.18% 
Epoch: 85, Loss: 0.2834, Train: 90.43%, Valid: 67.37%, Test In: 68.41% Test OOD1: 60.90% Test OOD2: 52.03% Test OOD3: 59.87% 
Epoch: 86, Loss: 0.2769, Train: 90.32%, Valid: 67.57%, Test In: 68.63% Test OOD1: 61.13% Test OOD2: 52.03% Test OOD3: 60.08% 
Epoch: 87, Loss: 0.2709, Train: 90.93%, Valid: 67.54%, Test In: 68.63% Test OOD1: 60.96% Test OOD2: 52.08% Test OOD3: 60.01% 
Epoch: 88, Loss: 0.2648, Train: 91.15%, Valid: 67.57%, Test In: 68.63% Test OOD1: 60.78% Test OOD2: 52.08% Test OOD3: 59.95% 
Epoch: 89, Loss: 0.2597, Train: 90.95%, Valid: 67.75%, Test In: 68.76% Test OOD1: 60.88% Test OOD2: 52.03% Test OOD3: 60.06% 
Epoch: 90, Loss: 0.2584, Train: 91.74%, Valid: 67.59%, Test In: 68.62% Test OOD1: 60.44% Test OOD2: 52.07% Test OOD3: 59.83% 
Epoch: 91, Loss: 0.2534, Train: 91.63%, Valid: 67.84%, Test In: 68.89% Test OOD1: 60.80% Test OOD2: 52.05% Test OOD3: 60.11% 
Epoch: 92, Loss: 0.2495, Train: 91.94%, Valid: 67.69%, Test In: 68.71% Test OOD1: 60.34% Test OOD2: 52.00% Test OOD3: 59.83% 
Epoch: 93, Loss: 0.2413, Train: 92.10%, Valid: 67.79%, Test In: 68.84% Test OOD1: 60.35% Test OOD2: 51.99% Test OOD3: 59.93% 
Epoch: 94, Loss: 0.2338, Train: 92.46%, Valid: 67.81%, Test In: 68.93% Test OOD1: 60.51% Test OOD2: 51.95% Test OOD3: 60.03% 
Epoch: 95, Loss: 0.2317, Train: 92.51%, Valid: 67.69%, Test In: 68.79% Test OOD1: 59.99% Test OOD2: 51.93% Test OOD3: 59.80% 
Epoch: 96, Loss: 0.2296, Train: 92.61%, Valid: 67.89%, Test In: 69.03% Test OOD1: 60.45% Test OOD2: 51.86% Test OOD3: 60.03% 
Epoch: 97, Loss: 0.2276, Train: 93.20%, Valid: 67.69%, Test In: 68.88% Test OOD1: 59.96% Test OOD2: 51.89% Test OOD3: 59.79% 
Epoch: 98, Loss: 0.2218, Train: 93.11%, Valid: 67.82%, Test In: 69.01% Test OOD1: 60.06% Test OOD2: 51.87% Test OOD3: 59.84% 
Epoch: 99, Loss: 0.2144, Train: 93.30%, Valid: 67.79%, Test In: 69.00% Test OOD1: 60.05% Test OOD2: 51.75% Test OOD3: 59.75% 
Epoch: 100, Loss: 0.2124, Train: 93.89%, Valid: 67.66%, Test In: 68.90% Test OOD1: 59.96% Test OOD2: 51.80% Test OOD3: 59.71% 
Epoch: 101, Loss: 0.2106, Train: 93.73%, Valid: 67.80%, Test In: 69.05% Test OOD1: 60.26% Test OOD2: 51.77% Test OOD3: 59.85% 
Epoch: 102, Loss: 0.2081, Train: 93.96%, Valid: 67.60%, Test In: 68.83% Test OOD1: 59.83% Test OOD2: 51.62% Test OOD3: 59.51% 
Epoch: 103, Loss: 0.2092, Train: 94.23%, Valid: 67.77%, Test In: 69.07% Test OOD1: 60.32% Test OOD2: 51.70% Test OOD3: 59.83% 
Epoch: 104, Loss: 0.2024, Train: 94.60%, Valid: 67.58%, Test In: 68.88% Test OOD1: 59.99% Test OOD2: 51.68% Test OOD3: 59.61% 
Epoch: 105, Loss: 0.1966, Train: 94.55%, Valid: 67.64%, Test In: 68.95% Test OOD1: 60.02% Test OOD2: 51.57% Test OOD3: 59.56% 
Epoch: 106, Loss: 0.1905, Train: 94.62%, Valid: 67.65%, Test In: 68.96% Test OOD1: 60.16% Test OOD2: 51.58% Test OOD3: 59.63% 
Epoch: 107, Loss: 0.1884, Train: 95.24%, Valid: 67.44%, Test In: 68.78% Test OOD1: 60.05% Test OOD2: 51.60% Test OOD3: 59.53% 
Epoch: 108, Loss: 0.1884, Train: 95.27%, Valid: 67.62%, Test In: 68.97% Test OOD1: 60.44% Test OOD2: 51.55% Test OOD3: 59.72% 
Epoch: 109, Loss: 0.1873, Train: 95.45%, Valid: 67.40%, Test In: 68.73% Test OOD1: 59.88% Test OOD2: 51.50% Test OOD3: 59.32% 
Epoch: 110, Loss: 0.1831, Train: 95.52%, Valid: 67.55%, Test In: 68.91% Test OOD1: 60.17% Test OOD2: 51.56% Test OOD3: 59.50% 
Epoch: 111, Loss: 0.1762, Train: 96.11%, Valid: 67.43%, Test In: 68.81% Test OOD1: 60.05% Test OOD2: 51.51% Test OOD3: 59.40% 
Epoch: 112, Loss: 0.1715, Train: 96.22%, Valid: 67.38%, Test In: 68.78% Test OOD1: 60.01% Test OOD2: 51.53% Test OOD3: 59.33% 
Epoch: 113, Loss: 0.1681, Train: 96.04%, Valid: 67.49%, Test In: 68.88% Test OOD1: 60.23% Test OOD2: 51.56% Test OOD3: 59.42% 
Epoch: 114, Loss: 0.1693, Train: 96.75%, Valid: 67.26%, Test In: 68.66% Test OOD1: 59.99% Test OOD2: 51.49% Test OOD3: 59.23% 
Epoch: 115, Loss: 0.1680, Train: 96.62%, Valid: 67.48%, Test In: 68.88% Test OOD1: 60.40% Test OOD2: 51.58% Test OOD3: 59.46% 
Epoch: 116, Loss: 0.1667, Train: 96.88%, Valid: 67.28%, Test In: 68.66% Test OOD1: 59.95% Test OOD2: 51.52% Test OOD3: 59.15% 
Epoch: 117, Loss: 0.1608, Train: 96.98%, Valid: 67.42%, Test In: 68.81% Test OOD1: 60.14% Test OOD2: 51.51% Test OOD3: 59.26% 
Epoch: 118, Loss: 0.1547, Train: 97.23%, Valid: 67.37%, Test In: 68.75% Test OOD1: 60.09% Test OOD2: 51.57% Test OOD3: 59.22% 
Epoch: 119, Loss: 0.1513, Train: 97.44%, Valid: 67.30%, Test In: 68.66% Test OOD1: 59.93% Test OOD2: 51.52% Test OOD3: 59.10% 
Epoch: 120, Loss: 0.1501, Train: 97.30%, Valid: 67.48%, Test In: 68.82% Test OOD1: 60.21% Test OOD2: 51.53% Test OOD3: 59.23% 
Epoch: 121, Loss: 0.1517, Train: 97.78%, Valid: 67.22%, Test In: 68.55% Test OOD1: 59.89% Test OOD2: 51.55% Test OOD3: 59.01% 
Epoch: 122, Loss: 0.1511, Train: 97.67%, Valid: 67.50%, Test In: 68.81% Test OOD1: 60.29% Test OOD2: 51.55% Test OOD3: 59.22% 
Epoch: 123, Loss: 0.1492, Train: 97.85%, Valid: 67.33%, Test In: 68.61% Test OOD1: 59.86% Test OOD2: 51.52% Test OOD3: 58.94% 
Epoch: 124, Loss: 0.1433, Train: 97.98%, Valid: 67.43%, Test In: 68.73% Test OOD1: 60.04% Test OOD2: 51.56% Test OOD3: 59.04% 
Epoch: 125, Loss: 0.1371, Train: 98.15%, Valid: 67.40%, Test In: 68.72% Test OOD1: 59.98% Test OOD2: 51.54% Test OOD3: 58.98% 
Epoch: 126, Loss: 0.1348, Train: 98.18%, Valid: 67.33%, Test In: 68.60% Test OOD1: 59.77% Test OOD2: 51.53% Test OOD3: 58.84% 
Epoch: 127, Loss: 0.1352, Train: 98.22%, Valid: 67.49%, Test In: 68.78% Test OOD1: 60.08% Test OOD2: 51.53% Test OOD3: 59.00% 
Epoch: 128, Loss: 0.1364, Train: 98.54%, Valid: 67.23%, Test In: 68.53% Test OOD1: 59.72% Test OOD2: 51.51% Test OOD3: 58.77% 
Epoch: 129, Loss: 0.1352, Train: 98.39%, Valid: 67.51%, Test In: 68.79% Test OOD1: 60.09% Test OOD2: 51.53% Test OOD3: 58.97% 
Epoch: 130, Loss: 0.1322, Train: 98.62%, Valid: 67.33%, Test In: 68.61% Test OOD1: 59.74% Test OOD2: 51.48% Test OOD3: 58.75% 
Epoch: 131, Loss: 0.1263, Train: 98.70%, Valid: 67.37%, Test In: 68.67% Test OOD1: 59.81% Test OOD2: 51.52% Test OOD3: 58.78% 
Epoch: 132, Loss: 0.1219, Train: 98.77%, Valid: 67.38%, Test In: 68.68% Test OOD1: 59.77% Test OOD2: 51.49% Test OOD3: 58.74% 
Epoch: 133, Loss: 0.1206, Train: 98.83%, Valid: 67.25%, Test In: 68.52% Test OOD1: 59.56% Test OOD2: 51.49% Test OOD3: 58.60% 
Epoch: 134, Loss: 0.1216, Train: 98.90%, Valid: 67.39%, Test In: 68.71% Test OOD1: 59.90% Test OOD2: 51.49% Test OOD3: 58.77% 
Epoch: 135, Loss: 0.1231, Train: 99.02%, Valid: 67.14%, Test In: 68.43% Test OOD1: 59.52% Test OOD2: 51.51% Test OOD3: 58.56% 
Epoch: 136, Loss: 0.1219, Train: 98.94%, Valid: 67.42%, Test In: 68.72% Test OOD1: 59.90% Test OOD2: 51.49% Test OOD3: 58.75% 
Epoch: 137, Loss: 0.1201, Train: 99.14%, Valid: 67.15%, Test In: 68.46% Test OOD1: 59.56% Test OOD2: 51.51% Test OOD3: 58.58% 
Epoch: 138, Loss: 0.1140, Train: 99.16%, Valid: 67.28%, Test In: 68.59% Test OOD1: 59.72% Test OOD2: 51.50% Test OOD3: 58.65% 
Epoch: 139, Loss: 0.1090, Train: 99.15%, Valid: 67.30%, Test In: 68.59% Test OOD1: 59.69% Test OOD2: 51.49% Test OOD3: 58.63% 
Epoch: 140, Loss: 0.1074, Train: 99.29%, Valid: 67.10%, Test In: 68.42% Test OOD1: 59.52% Test OOD2: 51.49% Test OOD3: 58.53% 
Epoch: 141, Loss: 0.1080, Train: 99.26%, Valid: 67.30%, Test In: 68.62% Test OOD1: 59.79% Test OOD2: 51.48% Test OOD3: 58.65% 
Epoch: 142, Loss: 0.1093, Train: 99.31%, Valid: 67.08%, Test In: 68.38% Test OOD1: 59.42% Test OOD2: 51.44% Test OOD3: 58.46% 
Epoch: 143, Loss: 0.1091, Train: 99.36%, Valid: 67.28%, Test In: 68.60% Test OOD1: 59.78% Test OOD2: 51.46% Test OOD3: 58.61% 
Epoch: 144, Loss: 0.1077, Train: 99.40%, Valid: 67.05%, Test In: 68.36% Test OOD1: 59.41% Test OOD2: 51.45% Test OOD3: 58.43% 
Epoch: 145, Loss: 0.1026, Train: 99.38%, Valid: 67.25%, Test In: 68.54% Test OOD1: 59.65% Test OOD2: 51.41% Test OOD3: 58.52% 
Epoch: 146, Loss: 0.0985, Train: 99.47%, Valid: 67.13%, Test In: 68.42% Test OOD1: 59.61% Test OOD2: 51.45% Test OOD3: 58.50% 
Epoch: 147, Loss: 0.0958, Train: 99.51%, Valid: 67.08%, Test In: 68.37% Test OOD1: 59.54% Test OOD2: 51.39% Test OOD3: 58.43% 
Epoch: 148, Loss: 0.0952, Train: 99.44%, Valid: 67.26%, Test In: 68.53% Test OOD1: 59.76% Test OOD2: 51.41% Test OOD3: 58.53% 
Epoch: 149, Loss: 0.0968, Train: 99.58%, Valid: 66.93%, Test In: 68.22% Test OOD1: 59.38% Test OOD2: 51.39% Test OOD3: 58.34% 
Epoch: 150, Loss: 0.0973, Train: 99.54%, Valid: 67.22%, Test In: 68.49% Test OOD1: 59.75% Test OOD2: 51.40% Test OOD3: 58.49% 
Epoch: 151, Loss: 0.0978, Train: 99.56%, Valid: 66.99%, Test In: 68.24% Test OOD1: 59.34% Test OOD2: 51.38% Test OOD3: 58.30% 
Epoch: 152, Loss: 0.0960, Train: 99.61%, Valid: 67.18%, Test In: 68.42% Test OOD1: 59.71% Test OOD2: 51.38% Test OOD3: 58.46% 
Epoch: 153, Loss: 0.0927, Train: 99.63%, Valid: 67.01%, Test In: 68.25% Test OOD1: 59.44% Test OOD2: 51.44% Test OOD3: 58.36% 
Epoch: 154, Loss: 0.0874, Train: 99.63%, Valid: 67.13%, Test In: 68.35% Test OOD1: 59.53% Test OOD2: 51.35% Test OOD3: 58.37% 
Epoch: 155, Loss: 0.0851, Train: 99.66%, Valid: 67.09%, Test In: 68.33% Test OOD1: 59.58% Test OOD2: 51.48% Test OOD3: 58.41% 
Epoch: 156, Loss: 0.0845, Train: 99.72%, Valid: 66.92%, Test In: 68.17% Test OOD1: 59.35% Test OOD2: 51.39% Test OOD3: 58.29% 
Epoch: 157, Loss: 0.0852, Train: 99.65%, Valid: 67.18%, Test In: 68.44% Test OOD1: 59.71% Test OOD2: 51.45% Test OOD3: 58.45% 
Epoch: 158, Loss: 0.0865, Train: 99.74%, Valid: 66.89%, Test In: 68.15% Test OOD1: 59.37% Test OOD2: 51.46% Test OOD3: 58.29% 
Epoch: 159, Loss: 0.0854, Train: 99.73%, Valid: 67.13%, Test In: 68.39% Test OOD1: 59.75% Test OOD2: 51.45% Test OOD3: 58.45% 
Epoch: 160, Loss: 0.0840, Train: 99.74%, Valid: 66.96%, Test In: 68.22% Test OOD1: 59.45% Test OOD2: 51.46% Test OOD3: 58.31% 
Epoch: 161, Loss: 0.0800, Train: 99.76%, Valid: 67.04%, Test In: 68.32% Test OOD1: 59.59% Test OOD2: 51.46% Test OOD3: 58.37% 
Epoch: 162, Loss: 0.0761, Train: 99.79%, Valid: 66.97%, Test In: 68.25% Test OOD1: 59.50% Test OOD2: 51.47% Test OOD3: 58.31% 
Epoch: 163, Loss: 0.0743, Train: 99.79%, Valid: 66.94%, Test In: 68.21% Test OOD1: 59.43% Test OOD2: 51.48% Test OOD3: 58.28% 
Epoch: 164, Loss: 0.0743, Train: 99.80%, Valid: 67.04%, Test In: 68.32% Test OOD1: 59.64% Test OOD2: 51.47% Test OOD3: 58.35% 
Epoch: 165, Loss: 0.0753, Train: 99.83%, Valid: 66.80%, Test In: 68.08% Test OOD1: 59.35% Test OOD2: 51.50% Test OOD3: 58.20% 
Epoch: 166, Loss: 0.0762, Train: 99.80%, Valid: 67.08%, Test In: 68.35% Test OOD1: 59.69% Test OOD2: 51.48% Test OOD3: 58.37% 
Epoch: 167, Loss: 0.0776, Train: 99.85%, Valid: 66.77%, Test In: 68.04% Test OOD1: 59.27% Test OOD2: 51.47% Test OOD3: 58.15% 
Epoch: 168, Loss: 0.0771, Train: 99.82%, Valid: 67.08%, Test In: 68.34% Test OOD1: 59.73% Test OOD2: 51.50% Test OOD3: 58.39% 
Epoch: 169, Loss: 0.0764, Train: 99.86%, Valid: 66.87%, Test In: 68.11% Test OOD1: 59.39% Test OOD2: 51.42% Test OOD3: 58.21% 
Epoch: 170, Loss: 0.0717, Train: 99.85%, Valid: 67.02%, Test In: 68.26% Test OOD1: 59.65% Test OOD2: 51.49% Test OOD3: 58.33% 
Epoch: 171, Loss: 0.0667, Train: 99.86%, Valid: 66.99%, Test In: 68.23% Test OOD1: 59.56% Test OOD2: 51.40% Test OOD3: 58.26% 
Epoch: 172, Loss: 0.0645, Train: 99.87%, Valid: 66.87%, Test In: 68.12% Test OOD1: 59.38% Test OOD2: 51.43% Test OOD3: 58.15% 
Epoch: 173, Loss: 0.0658, Train: 99.87%, Valid: 67.03%, Test In: 68.28% Test OOD1: 59.59% Test OOD2: 51.39% Test OOD3: 58.25% 
Epoch: 174, Loss: 0.0676, Train: 99.88%, Valid: 66.82%, Test In: 68.06% Test OOD1: 59.29% Test OOD2: 51.39% Test OOD3: 58.09% 
Epoch: 175, Loss: 0.0659, Train: 99.88%, Valid: 67.03%, Test In: 68.25% Test OOD1: 59.59% Test OOD2: 51.38% Test OOD3: 58.24% 
Epoch: 176, Loss: 0.0627, Train: 99.90%, Valid: 66.91%, Test In: 68.12% Test OOD1: 59.46% Test OOD2: 51.37% Test OOD3: 58.17% 
Epoch: 177, Loss: 0.0595, Train: 99.90%, Valid: 66.92%, Test In: 68.12% Test OOD1: 59.46% Test OOD2: 51.37% Test OOD3: 58.15% 
Epoch: 178, Loss: 0.0586, Train: 99.90%, Valid: 66.97%, Test In: 68.18% Test OOD1: 59.52% Test OOD2: 51.33% Test OOD3: 58.17% 
Epoch: 179, Loss: 0.0596, Train: 99.91%, Valid: 66.79%, Test In: 67.97% Test OOD1: 59.25% Test OOD2: 51.35% Test OOD3: 58.01% 
Epoch: 180, Loss: 0.0602, Train: 99.91%, Valid: 66.98%, Test In: 68.16% Test OOD1: 59.47% Test OOD2: 51.31% Test OOD3: 58.12% 
Epoch: 181, Loss: 0.0599, Train: 99.92%, Valid: 66.77%, Test In: 67.93% Test OOD1: 59.23% Test OOD2: 51.34% Test OOD3: 57.98% 
Epoch: 182, Loss: 0.0581, Train: 99.92%, Valid: 66.94%, Test In: 68.10% Test OOD1: 59.44% Test OOD2: 51.30% Test OOD3: 58.09% 
Epoch: 183, Loss: 0.0557, Train: 99.93%, Valid: 66.85%, Test In: 67.98% Test OOD1: 59.32% Test OOD2: 51.33% Test OOD3: 58.02% 
Epoch: 184, Loss: 0.0534, Train: 99.93%, Valid: 66.86%, Test In: 67.99% Test OOD1: 59.33% Test OOD2: 51.31% Test OOD3: 58.02% 
Epoch: 185, Loss: 0.0523, Train: 99.93%, Valid: 66.91%, Test In: 68.04% Test OOD1: 59.41% Test OOD2: 51.31% Test OOD3: 58.05% 
Epoch: 186, Loss: 0.0522, Train: 99.94%, Valid: 66.78%, Test In: 67.91% Test OOD1: 59.26% Test OOD2: 51.32% Test OOD3: 57.96% 
Epoch: 187, Loss: 0.0526, Train: 99.94%, Valid: 66.92%, Test In: 68.06% Test OOD1: 59.45% Test OOD2: 51.29% Test OOD3: 58.04% 
Epoch: 188, Loss: 0.0529, Train: 99.95%, Valid: 66.71%, Test In: 67.83% Test OOD1: 59.17% Test OOD2: 51.31% Test OOD3: 57.89% 
Epoch: 189, Loss: 0.0529, Train: 99.94%, Valid: 66.91%, Test In: 68.04% Test OOD1: 59.40% Test OOD2: 51.27% Test OOD3: 58.01% 
Epoch: 190, Loss: 0.0527, Train: 99.95%, Valid: 66.71%, Test In: 67.81% Test OOD1: 59.15% Test OOD2: 51.30% Test OOD3: 57.87% 
Epoch: 191, Loss: 0.0518, Train: 99.95%, Valid: 66.92%, Test In: 68.03% Test OOD1: 59.41% Test OOD2: 51.25% Test OOD3: 58.02% 
Epoch: 192, Loss: 0.0504, Train: 99.95%, Valid: 66.79%, Test In: 67.87% Test OOD1: 59.24% Test OOD2: 51.29% Test OOD3: 57.93% 
Epoch: 193, Loss: 0.0481, Train: 99.96%, Valid: 66.89%, Test In: 67.97% Test OOD1: 59.34% Test OOD2: 51.24% Test OOD3: 57.99% 
Epoch: 194, Loss: 0.0460, Train: 99.96%, Valid: 66.86%, Test In: 67.94% Test OOD1: 59.30% Test OOD2: 51.25% Test OOD3: 57.95% 
Epoch: 195, Loss: 0.0448, Train: 99.96%, Valid: 66.79%, Test In: 67.86% Test OOD1: 59.23% Test OOD2: 51.25% Test OOD3: 57.90% 
Epoch: 196, Loss: 0.0447, Train: 99.96%, Valid: 66.90%, Test In: 67.96% Test OOD1: 59.36% Test OOD2: 51.21% Test OOD3: 57.96% 
Epoch: 197, Loss: 0.0452, Train: 99.97%, Valid: 66.72%, Test In: 67.77% Test OOD1: 59.17% Test OOD2: 51.23% Test OOD3: 57.84% 
Epoch: 198, Loss: 0.0455, Train: 99.96%, Valid: 66.89%, Test In: 67.94% Test OOD1: 59.39% Test OOD2: 51.22% Test OOD3: 57.95% 
Epoch: 199, Loss: 0.0460, Train: 99.98%, Valid: 66.67%, Test In: 67.69% Test OOD1: 59.08% Test OOD2: 51.19% Test OOD3: 57.79% 
Run 03:
Highest Train: 99.98
Highest Valid: 69.63
Highest In Test: 70.34
Highest OOD Test: 65.47
Highest OOD Test: 53.60
Highest OOD Test: 62.68
Chosen epoch: 7
Final Train: 74.05
Final In Test: 70.34
Final OOD Test: 60.37
Final OOD Test: 53.06
Final OOD Test: 61.13
All runs:
Highest Train: 99.82 ± 0.22
Highest Valid: 69.63 ± 0.61
Highest In Test: 70.39 ± 0.59
Highest OOD Test: 65.87 ± 0.76
Highest OOD Test: 53.50 ± 0.14
Highest OOD Test: 63.13 ± 0.72
  Final Train: 75.93 ± 1.70
   Final In  Test: 70.38 ± 0.58
   Final OOD Test: 63.72 ± 3.04
   Final OOD Test: 53.23 ± 0.15
   Final OOD Test: 62.61 ± 1.42
[INFO] TensorBoard writer closed.

Command: python main.py --dataset twitch --backbone_type gcn --env_type graph --combine_result --store_result --epochs 200 --runs 3 --num_layers 2 --expert_agg mean --tau 3 --lr 0.01 --weight_decay 5e-5 --dropout 0.0 --K 3 --hidden_channels 64 --seed 123 --device 0 --lr 0.005 --weight_decay 5e-05 --dropout 0.0 --lamda 0.1 --K 3 --hidden_channels 32 --other_env_reduce sample --result_name twitch_stage1_lr0.005_weight_decay5e-05_dropout0.0_lamda0.1_K3_hidden_channels32_other_env_reducesample
Return code: 0
Elapsed: 396.20s
