Namespace(K=4, backbone_type='gcn', combine_result=True, cpu=False, data_dir='./data/', dataset='twitch', device=0, display_step=1, dropout=0.0, env_type='graph', epochs=200, expert_agg='mean', gate_hidden=64, hidden_channels=32, infer_env=False, infer_env_components=64, infer_env_iters=30, infer_env_num=3, lamda=0.5, lr=0.005, num_layers=2, other_env_reduce='sample', pos_weight=5.0, result_name='twitch_stage1_lr0.005_weight_decay5e-05_dropout0.0_lamda0.5_K4_hidden_channels32_other_env_reducesample', runs=3, seed=123, store_result=True, tau=3.0, use_bn=False, variant=False, weight_decay=5e-05)
dataset twitch: all nodes 34120 | edges 429113 | classes 2 | feats 3170
train nodes 7897 | valid nodes 3949 | test in nodes 3949
test ood1 nodes 4648 test ood2 nodes 6551 test ood3 nodes 7126 
[INFO] env numbers: 6 train env numbers: 3
MODEL: CaNet(
  (experts): ModuleList(
    (0): ExpertNet(
      (convs): ModuleList(
        (0): CaNetConv()
        (1): CaNetConv()
      )
      (fcs): ModuleList(
        (0): Linear(in_features=3170, out_features=32, bias=True)
        (1): Linear(in_features=32, out_features=2, bias=True)
      )
      (act_fn): ReLU()
    )
    (1): ExpertNet(
      (convs): ModuleList(
        (0): CaNetConv()
        (1): CaNetConv()
      )
      (fcs): ModuleList(
        (0): Linear(in_features=3170, out_features=32, bias=True)
        (1): Linear(in_features=32, out_features=2, bias=True)
      )
      (act_fn): ReLU()
    )
    (2): ExpertNet(
      (convs): ModuleList(
        (0): CaNetConv()
        (1): CaNetConv()
      )
      (fcs): ModuleList(
        (0): Linear(in_features=3170, out_features=32, bias=True)
        (1): Linear(in_features=32, out_features=2, bias=True)
      )
      (act_fn): ReLU()
    )
    (3): ExpertNet(
      (convs): ModuleList(
        (0): CaNetConv()
        (1): CaNetConv()
      )
      (fcs): ModuleList(
        (0): Linear(in_features=3170, out_features=32, bias=True)
        (1): Linear(in_features=32, out_features=2, bias=True)
      )
      (act_fn): ReLU()
    )
  )
  (gate): Sequential(
    (0): Linear(in_features=3170, out_features=64, bias=True)
    (1): ReLU()
    (2): Linear(in_features=64, out_features=4, bias=True)
  )
)
[INFO] TensorBoard logging activated. Logs will be saved to: ./runs/twitch/Apr16_11-07-54_lamda_0.5
Epoch: 00, Loss: 1.0464, Train: 71.59%, Valid: 67.47%, Test In: 67.98% Test OOD1: 63.09% Test OOD2: 52.05% Test OOD3: 61.87% 
Epoch: 01, Loss: 1.0439, Train: 73.53%, Valid: 68.70%, Test In: 69.70% Test OOD1: 64.00% Test OOD2: 52.05% Test OOD3: 62.54% 
Epoch: 02, Loss: 1.0413, Train: 74.20%, Valid: 69.12%, Test In: 70.24% Test OOD1: 63.50% Test OOD2: 52.14% Test OOD3: 62.57% 
Epoch: 03, Loss: 1.0380, Train: 74.42%, Valid: 69.28%, Test In: 70.38% Test OOD1: 62.91% Test OOD2: 52.20% Test OOD3: 62.32% 
Epoch: 04, Loss: 1.0337, Train: 74.37%, Valid: 69.23%, Test In: 70.31% Test OOD1: 61.86% Test OOD2: 52.29% Test OOD3: 61.82% 
Epoch: 05, Loss: 1.0286, Train: 73.97%, Valid: 68.89%, Test In: 69.92% Test OOD1: 60.12% Test OOD2: 52.43% Test OOD3: 60.83% 
Epoch: 06, Loss: 1.0228, Train: 73.30%, Valid: 68.39%, Test In: 69.29% Test OOD1: 58.33% Test OOD2: 52.46% Test OOD3: 59.57% 
Epoch: 07, Loss: 1.0169, Train: 73.17%, Valid: 68.32%, Test In: 69.26% Test OOD1: 57.85% Test OOD2: 52.39% Test OOD3: 59.00% 
Epoch: 08, Loss: 1.0114, Train: 74.08%, Valid: 69.16%, Test In: 70.28% Test OOD1: 59.71% Test OOD2: 52.31% Test OOD3: 59.87% 
Epoch: 09, Loss: 1.0068, Train: 75.18%, Valid: 70.06%, Test In: 71.32% Test OOD1: 63.30% Test OOD2: 51.86% Test OOD3: 61.57% 
Epoch: 10, Loss: 1.0025, Train: 74.81%, Valid: 69.86%, Test In: 70.93% Test OOD1: 65.14% Test OOD2: 51.51% Test OOD3: 62.30% 
Epoch: 11, Loss: 0.9974, Train: 73.64%, Valid: 69.09%, Test In: 69.90% Test OOD1: 65.24% Test OOD2: 51.30% Test OOD3: 62.25% 
Epoch: 12, Loss: 0.9909, Train: 72.77%, Valid: 68.53%, Test In: 69.08% Test OOD1: 65.02% Test OOD2: 51.19% Test OOD3: 62.11% 
Epoch: 13, Loss: 0.9831, Train: 72.31%, Valid: 68.23%, Test In: 68.67% Test OOD1: 64.91% Test OOD2: 51.15% Test OOD3: 62.03% 
Epoch: 14, Loss: 0.9746, Train: 72.19%, Valid: 68.18%, Test In: 68.58% Test OOD1: 64.93% Test OOD2: 51.14% Test OOD3: 62.05% 
Epoch: 15, Loss: 0.9658, Train: 72.36%, Valid: 68.35%, Test In: 68.76% Test OOD1: 65.05% Test OOD2: 51.16% Test OOD3: 62.14% 
Epoch: 16, Loss: 0.9567, Train: 72.68%, Valid: 68.61%, Test In: 69.08% Test OOD1: 65.23% Test OOD2: 51.19% Test OOD3: 62.29% 
Epoch: 17, Loss: 0.9474, Train: 73.20%, Valid: 68.99%, Test In: 69.57% Test OOD1: 65.49% Test OOD2: 51.26% Test OOD3: 62.50% 
Epoch: 18, Loss: 0.9377, Train: 73.95%, Valid: 69.50%, Test In: 70.23% Test OOD1: 65.80% Test OOD2: 51.37% Test OOD3: 62.78% 
Epoch: 19, Loss: 0.9280, Train: 74.44%, Valid: 69.86%, Test In: 70.64% Test OOD1: 65.98% Test OOD2: 51.44% Test OOD3: 62.95% 
Epoch: 20, Loss: 0.9185, Train: 75.26%, Valid: 70.39%, Test In: 71.29% Test OOD1: 66.14% Test OOD2: 51.59% Test OOD3: 63.17% 
Epoch: 21, Loss: 0.9098, Train: 75.57%, Valid: 70.58%, Test In: 71.46% Test OOD1: 66.15% Test OOD2: 51.65% Test OOD3: 63.25% 
Epoch: 22, Loss: 0.9016, Train: 76.08%, Valid: 70.86%, Test In: 71.79% Test OOD1: 65.98% Test OOD2: 51.77% Test OOD3: 63.35% 
Epoch: 23, Loss: 0.8939, Train: 76.65%, Valid: 71.08%, Test In: 72.07% Test OOD1: 65.55% Test OOD2: 51.98% Test OOD3: 63.43% 
Epoch: 24, Loss: 0.8875, Train: 76.85%, Valid: 71.15%, Test In: 72.11% Test OOD1: 65.66% Test OOD2: 52.01% Test OOD3: 63.46% 
Epoch: 25, Loss: 0.8812, Train: 77.38%, Valid: 71.27%, Test In: 72.28% Test OOD1: 65.13% Test OOD2: 52.22% Test OOD3: 63.46% 
Epoch: 26, Loss: 0.8744, Train: 77.71%, Valid: 71.35%, Test In: 72.36% Test OOD1: 65.03% Test OOD2: 52.32% Test OOD3: 63.46% 
Epoch: 27, Loss: 0.8683, Train: 78.08%, Valid: 71.36%, Test In: 72.38% Test OOD1: 64.95% Test OOD2: 52.41% Test OOD3: 63.45% 
Epoch: 28, Loss: 0.8617, Train: 78.44%, Valid: 71.39%, Test In: 72.43% Test OOD1: 64.85% Test OOD2: 52.49% Test OOD3: 63.43% 
Epoch: 29, Loss: 0.8544, Train: 78.82%, Valid: 71.37%, Test In: 72.42% Test OOD1: 64.76% Test OOD2: 52.58% Test OOD3: 63.39% 
Epoch: 30, Loss: 0.8477, Train: 79.18%, Valid: 71.32%, Test In: 72.36% Test OOD1: 64.99% Test OOD2: 52.63% Test OOD3: 63.41% 
Epoch: 31, Loss: 0.8405, Train: 79.51%, Valid: 71.28%, Test In: 72.31% Test OOD1: 65.22% Test OOD2: 52.66% Test OOD3: 63.44% 
Epoch: 32, Loss: 0.8325, Train: 79.91%, Valid: 71.17%, Test In: 72.20% Test OOD1: 65.16% Test OOD2: 52.72% Test OOD3: 63.36% 
Epoch: 33, Loss: 0.8248, Train: 80.17%, Valid: 71.09%, Test In: 72.06% Test OOD1: 65.55% Test OOD2: 52.69% Test OOD3: 63.40% 
Epoch: 34, Loss: 0.8170, Train: 80.51%, Valid: 71.01%, Test In: 71.96% Test OOD1: 65.59% Test OOD2: 52.70% Test OOD3: 63.34% 
Epoch: 35, Loss: 0.8092, Train: 80.90%, Valid: 70.88%, Test In: 71.80% Test OOD1: 65.41% Test OOD2: 52.73% Test OOD3: 63.19% 
Epoch: 36, Loss: 0.8017, Train: 81.17%, Valid: 70.84%, Test In: 71.71% Test OOD1: 65.63% Test OOD2: 52.68% Test OOD3: 63.17% 
Epoch: 37, Loss: 0.7939, Train: 81.54%, Valid: 70.72%, Test In: 71.53% Test OOD1: 65.26% Test OOD2: 52.71% Test OOD3: 62.95% 
Epoch: 38, Loss: 0.7861, Train: 82.01%, Valid: 70.68%, Test In: 71.48% Test OOD1: 65.20% Test OOD2: 52.70% Test OOD3: 62.85% 
Epoch: 39, Loss: 0.7789, Train: 82.18%, Valid: 70.56%, Test In: 71.27% Test OOD1: 65.06% Test OOD2: 52.61% Test OOD3: 62.69% 
Epoch: 40, Loss: 0.7705, Train: 82.60%, Valid: 70.42%, Test In: 71.09% Test OOD1: 64.49% Test OOD2: 52.61% Test OOD3: 62.43% 
Epoch: 41, Loss: 0.7632, Train: 82.89%, Valid: 70.42%, Test In: 71.06% Test OOD1: 64.73% Test OOD2: 52.50% Test OOD3: 62.44% 
Epoch: 42, Loss: 0.7564, Train: 83.24%, Valid: 70.28%, Test In: 70.85% Test OOD1: 64.06% Test OOD2: 52.49% Test OOD3: 62.15% 
Epoch: 43, Loss: 0.7473, Train: 83.43%, Valid: 70.26%, Test In: 70.76% Test OOD1: 64.05% Test OOD2: 52.39% Test OOD3: 62.11% 
Epoch: 44, Loss: 0.7394, Train: 83.87%, Valid: 70.23%, Test In: 70.69% Test OOD1: 63.89% Test OOD2: 52.32% Test OOD3: 62.01% 
Epoch: 45, Loss: 0.7324, Train: 84.02%, Valid: 70.12%, Test In: 70.54% Test OOD1: 63.48% Test OOD2: 52.24% Test OOD3: 61.84% 
Epoch: 46, Loss: 0.7244, Train: 84.28%, Valid: 70.11%, Test In: 70.49% Test OOD1: 63.49% Test OOD2: 52.13% Test OOD3: 61.82% 
Epoch: 47, Loss: 0.7173, Train: 84.87%, Valid: 70.02%, Test In: 70.36% Test OOD1: 62.98% Test OOD2: 52.09% Test OOD3: 61.61% 
Epoch: 48, Loss: 0.7133, Train: 84.61%, Valid: 70.02%, Test In: 70.35% Test OOD1: 63.32% Test OOD2: 51.91% Test OOD3: 61.70% 
Epoch: 49, Loss: 0.7111, Train: 85.39%, Valid: 69.88%, Test In: 70.22% Test OOD1: 62.53% Test OOD2: 51.95% Test OOD3: 61.40% 
Epoch: 50, Loss: 0.6999, Train: 85.55%, Valid: 69.90%, Test In: 70.25% Test OOD1: 62.69% Test OOD2: 51.85% Test OOD3: 61.43% 
Epoch: 51, Loss: 0.6888, Train: 85.45%, Valid: 69.88%, Test In: 70.26% Test OOD1: 62.81% Test OOD2: 51.75% Test OOD3: 61.44% 
Epoch: 52, Loss: 0.6883, Train: 86.20%, Valid: 69.76%, Test In: 70.20% Test OOD1: 62.41% Test OOD2: 51.75% Test OOD3: 61.25% 
Epoch: 53, Loss: 0.6788, Train: 86.22%, Valid: 69.71%, Test In: 70.15% Test OOD1: 62.18% Test OOD2: 51.72% Test OOD3: 61.12% 
Epoch: 54, Loss: 0.6717, Train: 86.36%, Valid: 69.74%, Test In: 70.22% Test OOD1: 62.60% Test OOD2: 51.64% Test OOD3: 61.25% 
Epoch: 55, Loss: 0.6679, Train: 86.82%, Valid: 69.65%, Test In: 70.17% Test OOD1: 62.34% Test OOD2: 51.60% Test OOD3: 61.07% 
Epoch: 56, Loss: 0.6575, Train: 86.92%, Valid: 69.55%, Test In: 70.07% Test OOD1: 61.98% Test OOD2: 51.60% Test OOD3: 60.89% 
Epoch: 57, Loss: 0.6555, Train: 87.16%, Valid: 69.60%, Test In: 70.14% Test OOD1: 62.52% Test OOD2: 51.51% Test OOD3: 61.03% 
Epoch: 58, Loss: 0.6486, Train: 87.40%, Valid: 69.53%, Test In: 70.08% Test OOD1: 62.24% Test OOD2: 51.49% Test OOD3: 60.88% 
Epoch: 59, Loss: 0.6392, Train: 87.56%, Valid: 69.43%, Test In: 70.00% Test OOD1: 61.94% Test OOD2: 51.47% Test OOD3: 60.70% 
Epoch: 60, Loss: 0.6373, Train: 87.81%, Valid: 69.47%, Test In: 70.04% Test OOD1: 62.38% Test OOD2: 51.40% Test OOD3: 60.83% 
Epoch: 61, Loss: 0.6314, Train: 87.90%, Valid: 69.40%, Test In: 69.98% Test OOD1: 62.07% Test OOD2: 51.40% Test OOD3: 60.72% 
Epoch: 62, Loss: 0.6252, Train: 88.16%, Valid: 69.34%, Test In: 69.95% Test OOD1: 61.91% Test OOD2: 51.33% Test OOD3: 60.59% 
Epoch: 63, Loss: 0.6214, Train: 88.33%, Valid: 69.34%, Test In: 69.95% Test OOD1: 62.09% Test OOD2: 51.33% Test OOD3: 60.67% 
Epoch: 64, Loss: 0.6133, Train: 88.56%, Valid: 69.29%, Test In: 69.91% Test OOD1: 61.91% Test OOD2: 51.33% Test OOD3: 60.58% 
Epoch: 65, Loss: 0.6092, Train: 88.70%, Valid: 69.23%, Test In: 69.90% Test OOD1: 61.79% Test OOD2: 51.25% Test OOD3: 60.48% 
Epoch: 66, Loss: 0.6060, Train: 88.78%, Valid: 69.21%, Test In: 69.87% Test OOD1: 61.76% Test OOD2: 51.29% Test OOD3: 60.47% 
Epoch: 67, Loss: 0.5987, Train: 89.25%, Valid: 69.18%, Test In: 69.84% Test OOD1: 61.75% Test OOD2: 51.25% Test OOD3: 60.42% 
Epoch: 68, Loss: 0.5955, Train: 89.19%, Valid: 69.12%, Test In: 69.79% Test OOD1: 61.56% Test OOD2: 51.22% Test OOD3: 60.32% 
Epoch: 69, Loss: 0.5902, Train: 89.44%, Valid: 69.08%, Test In: 69.75% Test OOD1: 61.51% Test OOD2: 51.25% Test OOD3: 60.27% 
Epoch: 70, Loss: 0.5841, Train: 89.82%, Valid: 69.04%, Test In: 69.72% Test OOD1: 61.63% Test OOD2: 51.21% Test OOD3: 60.26% 
Epoch: 71, Loss: 0.5803, Train: 89.73%, Valid: 68.97%, Test In: 69.67% Test OOD1: 61.36% Test OOD2: 51.19% Test OOD3: 60.16% 
Epoch: 72, Loss: 0.5727, Train: 90.15%, Valid: 68.93%, Test In: 69.62% Test OOD1: 61.41% Test OOD2: 51.24% Test OOD3: 60.13% 
Epoch: 73, Loss: 0.5675, Train: 90.35%, Valid: 68.89%, Test In: 69.59% Test OOD1: 61.47% Test OOD2: 51.18% Test OOD3: 60.09% 
Epoch: 74, Loss: 0.5651, Train: 90.37%, Valid: 68.82%, Test In: 69.53% Test OOD1: 61.15% Test OOD2: 51.19% Test OOD3: 59.98% 
Epoch: 75, Loss: 0.5646, Train: 90.76%, Valid: 68.83%, Test In: 69.51% Test OOD1: 61.47% Test OOD2: 51.24% Test OOD3: 60.04% 
Epoch: 76, Loss: 0.5677, Train: 90.83%, Valid: 68.78%, Test In: 69.52% Test OOD1: 61.22% Test OOD2: 51.18% Test OOD3: 59.95% 
Epoch: 77, Loss: 0.5575, Train: 91.01%, Valid: 68.74%, Test In: 69.47% Test OOD1: 61.14% Test OOD2: 51.21% Test OOD3: 59.92% 
Epoch: 78, Loss: 0.5443, Train: 91.29%, Valid: 68.78%, Test In: 69.52% Test OOD1: 61.45% Test OOD2: 51.24% Test OOD3: 59.98% 
Epoch: 79, Loss: 0.5430, Train: 91.31%, Valid: 68.69%, Test In: 69.47% Test OOD1: 61.04% Test OOD2: 51.20% Test OOD3: 59.85% 
Epoch: 80, Loss: 0.5416, Train: 91.69%, Valid: 68.66%, Test In: 69.41% Test OOD1: 61.16% Test OOD2: 51.24% Test OOD3: 59.85% 
Epoch: 81, Loss: 0.5338, Train: 91.73%, Valid: 68.69%, Test In: 69.48% Test OOD1: 61.21% Test OOD2: 51.23% Test OOD3: 59.85% 
Epoch: 82, Loss: 0.5252, Train: 91.87%, Valid: 68.59%, Test In: 69.38% Test OOD1: 60.86% Test OOD2: 51.22% Test OOD3: 59.71% 
Epoch: 83, Loss: 0.5242, Train: 92.25%, Valid: 68.63%, Test In: 69.42% Test OOD1: 61.23% Test OOD2: 51.26% Test OOD3: 59.78% 
Epoch: 84, Loss: 0.5259, Train: 92.00%, Valid: 68.61%, Test In: 69.41% Test OOD1: 60.95% Test OOD2: 51.22% Test OOD3: 59.71% 
Epoch: 85, Loss: 0.5169, Train: 92.70%, Valid: 68.48%, Test In: 69.30% Test OOD1: 60.91% Test OOD2: 51.27% Test OOD3: 59.64% 
Epoch: 86, Loss: 0.5118, Train: 92.50%, Valid: 68.58%, Test In: 69.39% Test OOD1: 61.06% Test OOD2: 51.26% Test OOD3: 59.71% 
Epoch: 87, Loss: 0.5046, Train: 92.67%, Valid: 68.49%, Test In: 69.31% Test OOD1: 60.80% Test OOD2: 51.25% Test OOD3: 59.59% 
Epoch: 88, Loss: 0.4992, Train: 93.20%, Valid: 68.42%, Test In: 69.25% Test OOD1: 60.97% Test OOD2: 51.29% Test OOD3: 59.60% 
Epoch: 89, Loss: 0.4996, Train: 92.82%, Valid: 68.54%, Test In: 69.34% Test OOD1: 60.94% Test OOD2: 51.23% Test OOD3: 59.62% 
Epoch: 90, Loss: 0.4945, Train: 93.53%, Valid: 68.32%, Test In: 69.16% Test OOD1: 60.73% Test OOD2: 51.27% Test OOD3: 59.47% 
Epoch: 91, Loss: 0.4879, Train: 93.43%, Valid: 68.45%, Test In: 69.27% Test OOD1: 60.92% Test OOD2: 51.26% Test OOD3: 59.55% 
Epoch: 92, Loss: 0.4791, Train: 93.51%, Valid: 68.40%, Test In: 69.22% Test OOD1: 60.72% Test OOD2: 51.22% Test OOD3: 59.45% 
Epoch: 93, Loss: 0.4739, Train: 94.06%, Valid: 68.27%, Test In: 69.13% Test OOD1: 60.82% Test OOD2: 51.26% Test OOD3: 59.41% 
Epoch: 94, Loss: 0.4752, Train: 93.65%, Valid: 68.43%, Test In: 69.26% Test OOD1: 60.84% Test OOD2: 51.19% Test OOD3: 59.44% 
Epoch: 95, Loss: 0.4717, Train: 94.44%, Valid: 68.14%, Test In: 69.03% Test OOD1: 60.60% Test OOD2: 51.23% Test OOD3: 59.26% 
Epoch: 96, Loss: 0.4686, Train: 94.16%, Valid: 68.36%, Test In: 69.24% Test OOD1: 60.86% Test OOD2: 51.21% Test OOD3: 59.39% 
Epoch: 97, Loss: 0.4610, Train: 94.49%, Valid: 68.17%, Test In: 69.09% Test OOD1: 60.50% Test OOD2: 51.20% Test OOD3: 59.19% 
Epoch: 98, Loss: 0.4523, Train: 94.77%, Valid: 68.20%, Test In: 69.14% Test OOD1: 60.81% Test OOD2: 51.25% Test OOD3: 59.30% 
Epoch: 99, Loss: 0.4473, Train: 94.58%, Valid: 68.24%, Test In: 69.15% Test OOD1: 60.67% Test OOD2: 51.20% Test OOD3: 59.24% 
Epoch: 100, Loss: 0.4418, Train: 95.24%, Valid: 68.01%, Test In: 69.00% Test OOD1: 60.62% Test OOD2: 51.22% Test OOD3: 59.14% 
Epoch: 101, Loss: 0.4417, Train: 94.87%, Valid: 68.22%, Test In: 69.16% Test OOD1: 60.79% Test OOD2: 51.22% Test OOD3: 59.23% 
Epoch: 102, Loss: 0.4398, Train: 95.45%, Valid: 67.90%, Test In: 68.90% Test OOD1: 60.37% Test OOD2: 51.20% Test OOD3: 58.99% 
Epoch: 103, Loss: 0.4377, Train: 95.35%, Valid: 68.13%, Test In: 69.14% Test OOD1: 60.85% Test OOD2: 51.27% Test OOD3: 59.20% 
Epoch: 104, Loss: 0.4351, Train: 95.47%, Valid: 67.96%, Test In: 68.99% Test OOD1: 60.37% Test OOD2: 51.23% Test OOD3: 58.98% 
Epoch: 105, Loss: 0.4264, Train: 95.87%, Valid: 67.95%, Test In: 69.01% Test OOD1: 60.71% Test OOD2: 51.26% Test OOD3: 59.09% 
Epoch: 106, Loss: 0.4195, Train: 95.65%, Valid: 68.07%, Test In: 69.09% Test OOD1: 60.64% Test OOD2: 51.25% Test OOD3: 59.06% 
Epoch: 107, Loss: 0.4117, Train: 96.13%, Valid: 67.80%, Test In: 68.88% Test OOD1: 60.34% Test OOD2: 51.25% Test OOD3: 58.90% 
Epoch: 108, Loss: 0.4116, Train: 96.08%, Valid: 68.01%, Test In: 69.06% Test OOD1: 60.75% Test OOD2: 51.28% Test OOD3: 59.06% 
Epoch: 109, Loss: 0.4098, Train: 96.16%, Valid: 67.85%, Test In: 68.90% Test OOD1: 60.31% Test OOD2: 51.24% Test OOD3: 58.85% 
Epoch: 110, Loss: 0.3977, Train: 96.56%, Valid: 67.77%, Test In: 68.87% Test OOD1: 60.51% Test OOD2: 51.28% Test OOD3: 58.90% 
Epoch: 111, Loss: 0.3914, Train: 96.28%, Valid: 67.94%, Test In: 68.97% Test OOD1: 60.56% Test OOD2: 51.25% Test OOD3: 58.91% 
Epoch: 112, Loss: 0.3891, Train: 96.80%, Valid: 67.62%, Test In: 68.74% Test OOD1: 60.25% Test OOD2: 51.28% Test OOD3: 58.75% 
Epoch: 113, Loss: 0.3894, Train: 96.67%, Valid: 67.86%, Test In: 68.94% Test OOD1: 60.59% Test OOD2: 51.27% Test OOD3: 58.89% 
Epoch: 114, Loss: 0.3843, Train: 96.86%, Valid: 67.65%, Test In: 68.78% Test OOD1: 60.21% Test OOD2: 51.25% Test OOD3: 58.71% 
Epoch: 115, Loss: 0.3723, Train: 97.16%, Valid: 67.59%, Test In: 68.76% Test OOD1: 60.37% Test OOD2: 51.27% Test OOD3: 58.75% 
Epoch: 116, Loss: 0.3660, Train: 96.85%, Valid: 67.74%, Test In: 68.88% Test OOD1: 60.37% Test OOD2: 51.21% Test OOD3: 58.77% 
Epoch: 117, Loss: 0.3650, Train: 97.46%, Valid: 67.30%, Test In: 68.56% Test OOD1: 60.19% Test OOD2: 51.24% Test OOD3: 58.62% 
Epoch: 118, Loss: 0.3708, Train: 96.98%, Valid: 67.73%, Test In: 68.91% Test OOD1: 60.45% Test OOD2: 51.21% Test OOD3: 58.80% 
Epoch: 119, Loss: 0.3661, Train: 97.53%, Valid: 67.31%, Test In: 68.58% Test OOD1: 60.14% Test OOD2: 51.22% Test OOD3: 58.59% 
Epoch: 120, Loss: 0.3576, Train: 97.53%, Valid: 67.51%, Test In: 68.76% Test OOD1: 60.40% Test OOD2: 51.23% Test OOD3: 58.72% 
Epoch: 121, Loss: 0.3464, Train: 97.36%, Valid: 67.46%, Test In: 68.75% Test OOD1: 60.15% Test OOD2: 51.19% Test OOD3: 58.63% 
Epoch: 122, Loss: 0.3411, Train: 97.87%, Valid: 67.17%, Test In: 68.51% Test OOD1: 60.19% Test OOD2: 51.22% Test OOD3: 58.53% 
Epoch: 123, Loss: 0.3393, Train: 97.75%, Valid: 67.41%, Test In: 68.70% Test OOD1: 60.34% Test OOD2: 51.21% Test OOD3: 58.63% 
Epoch: 124, Loss: 0.3325, Train: 97.62%, Valid: 67.23%, Test In: 68.59% Test OOD1: 59.95% Test OOD2: 51.19% Test OOD3: 58.49% 
Epoch: 125, Loss: 0.3416, Train: 97.94%, Valid: 67.16%, Test In: 68.49% Test OOD1: 60.50% Test OOD2: 51.19% Test OOD3: 58.56% 
Epoch: 126, Loss: 0.3492, Train: 98.11%, Valid: 67.05%, Test In: 68.42% Test OOD1: 59.99% Test OOD2: 51.20% Test OOD3: 58.41% 
Epoch: 127, Loss: 0.3299, Train: 97.68%, Valid: 67.38%, Test In: 68.72% Test OOD1: 60.27% Test OOD2: 51.18% Test OOD3: 58.61% 
Epoch: 128, Loss: 0.3349, Train: 98.23%, Valid: 66.96%, Test In: 68.36% Test OOD1: 60.14% Test OOD2: 51.21% Test OOD3: 58.38% 
Epoch: 129, Loss: 0.3160, Train: 98.33%, Valid: 66.86%, Test In: 68.30% Test OOD1: 60.05% Test OOD2: 51.23% Test OOD3: 58.31% 
Epoch: 130, Loss: 0.3138, Train: 98.12%, Valid: 67.24%, Test In: 68.64% Test OOD1: 60.18% Test OOD2: 51.22% Test OOD3: 58.51% 
Epoch: 131, Loss: 0.3115, Train: 98.05%, Valid: 67.04%, Test In: 68.49% Test OOD1: 59.75% Test OOD2: 51.24% Test OOD3: 58.34% 
Epoch: 132, Loss: 0.3227, Train: 98.46%, Valid: 67.00%, Test In: 68.42% Test OOD1: 60.35% Test OOD2: 51.24% Test OOD3: 58.47% 
Epoch: 133, Loss: 0.3104, Train: 98.50%, Valid: 66.67%, Test In: 68.22% Test OOD1: 60.04% Test OOD2: 51.26% Test OOD3: 58.25% 
Epoch: 134, Loss: 0.3094, Train: 98.60%, Valid: 66.94%, Test In: 68.40% Test OOD1: 60.10% Test OOD2: 51.27% Test OOD3: 58.44% 
Epoch: 135, Loss: 0.2809, Train: 98.10%, Valid: 67.17%, Test In: 68.56% Test OOD1: 60.05% Test OOD2: 51.28% Test OOD3: 58.50% 
Epoch: 136, Loss: 0.3090, Train: 98.81%, Valid: 66.59%, Test In: 68.13% Test OOD1: 59.82% Test OOD2: 51.31% Test OOD3: 58.22% 
Epoch: 137, Loss: 0.2880, Train: 98.67%, Valid: 66.58%, Test In: 68.16% Test OOD1: 60.23% Test OOD2: 51.29% Test OOD3: 58.26% 
Epoch: 138, Loss: 0.3254, Train: 98.82%, Valid: 66.70%, Test In: 68.22% Test OOD1: 59.81% Test OOD2: 51.32% Test OOD3: 58.24% 
Epoch: 139, Loss: 0.2773, Train: 98.37%, Valid: 67.07%, Test In: 68.47% Test OOD1: 60.02% Test OOD2: 51.32% Test OOD3: 58.47% 
Epoch: 140, Loss: 0.2976, Train: 98.77%, Valid: 66.90%, Test In: 68.35% Test OOD1: 59.99% Test OOD2: 51.34% Test OOD3: 58.36% 
Epoch: 141, Loss: 0.2614, Train: 99.05%, Valid: 66.46%, Test In: 68.02% Test OOD1: 59.92% Test OOD2: 51.38% Test OOD3: 58.20% 
Epoch: 142, Loss: 0.2640, Train: 98.95%, Valid: 66.51%, Test In: 68.11% Test OOD1: 60.11% Test OOD2: 51.38% Test OOD3: 58.20% 
Epoch: 143, Loss: 0.2794, Train: 99.13%, Valid: 66.34%, Test In: 67.97% Test OOD1: 59.75% Test OOD2: 51.42% Test OOD3: 58.10% 
Epoch: 144, Loss: 0.2695, Train: 99.03%, Valid: 66.83%, Test In: 68.29% Test OOD1: 60.13% Test OOD2: 51.35% Test OOD3: 58.39% 
Epoch: 145, Loss: 0.2633, Train: 98.92%, Valid: 66.78%, Test In: 68.26% Test OOD1: 59.72% Test OOD2: 51.38% Test OOD3: 58.26% 
Epoch: 146, Loss: 0.2619, Train: 99.01%, Valid: 66.83%, Test In: 68.29% Test OOD1: 59.94% Test OOD2: 51.35% Test OOD3: 58.35% 
Epoch: 147, Loss: 0.2476, Train: 99.17%, Valid: 66.67%, Test In: 68.20% Test OOD1: 59.86% Test OOD2: 51.39% Test OOD3: 58.20% 
Epoch: 148, Loss: 0.2354, Train: 99.33%, Valid: 66.30%, Test In: 67.92% Test OOD1: 59.71% Test OOD2: 51.41% Test OOD3: 58.04% 
Epoch: 149, Loss: 0.2402, Train: 99.26%, Valid: 66.45%, Test In: 68.03% Test OOD1: 59.96% Test OOD2: 51.39% Test OOD3: 58.11% 
Epoch: 150, Loss: 0.2471, Train: 99.37%, Valid: 66.28%, Test In: 67.90% Test OOD1: 59.67% Test OOD2: 51.41% Test OOD3: 58.00% 
Epoch: 151, Loss: 0.2419, Train: 99.30%, Valid: 66.64%, Test In: 68.15% Test OOD1: 60.09% Test OOD2: 51.36% Test OOD3: 58.27% 
Epoch: 152, Loss: 0.2388, Train: 99.28%, Valid: 66.60%, Test In: 68.12% Test OOD1: 59.81% Test OOD2: 51.39% Test OOD3: 58.17% 
Epoch: 153, Loss: 0.2409, Train: 99.28%, Valid: 66.69%, Test In: 68.21% Test OOD1: 60.02% Test OOD2: 51.37% Test OOD3: 58.29% 
Epoch: 154, Loss: 0.2407, Train: 99.41%, Valid: 66.55%, Test In: 68.14% Test OOD1: 59.85% Test OOD2: 51.40% Test OOD3: 58.16% 
Epoch: 155, Loss: 0.2248, Train: 99.49%, Valid: 66.35%, Test In: 68.05% Test OOD1: 59.74% Test OOD2: 51.42% Test OOD3: 58.06% 
Epoch: 156, Loss: 0.2163, Train: 99.48%, Valid: 66.45%, Test In: 68.12% Test OOD1: 59.99% Test OOD2: 51.41% Test OOD3: 58.14% 
Epoch: 157, Loss: 0.2202, Train: 99.54%, Valid: 66.30%, Test In: 68.03% Test OOD1: 59.72% Test OOD2: 51.44% Test OOD3: 58.03% 
Epoch: 158, Loss: 0.2184, Train: 99.52%, Valid: 66.54%, Test In: 68.18% Test OOD1: 60.03% Test OOD2: 51.39% Test OOD3: 58.23% 
Epoch: 159, Loss: 0.2084, Train: 99.48%, Valid: 66.60%, Test In: 68.20% Test OOD1: 59.93% Test OOD2: 51.40% Test OOD3: 58.20% 
Epoch: 160, Loss: 0.1999, Train: 99.57%, Valid: 66.43%, Test In: 68.07% Test OOD1: 59.83% Test OOD2: 51.40% Test OOD3: 58.14% 
Epoch: 161, Loss: 0.2019, Train: 99.56%, Valid: 66.53%, Test In: 68.15% Test OOD1: 60.01% Test OOD2: 51.39% Test OOD3: 58.20% 
Epoch: 162, Loss: 0.2058, Train: 99.67%, Valid: 66.17%, Test In: 67.92% Test OOD1: 59.73% Test OOD2: 51.43% Test OOD3: 58.03% 
Epoch: 163, Loss: 0.2015, Train: 99.65%, Valid: 66.36%, Test In: 68.05% Test OOD1: 59.99% Test OOD2: 51.39% Test OOD3: 58.14% 
Epoch: 164, Loss: 0.1948, Train: 99.68%, Valid: 66.29%, Test In: 68.00% Test OOD1: 59.84% Test OOD2: 51.39% Test OOD3: 58.10% 
Epoch: 165, Loss: 0.1891, Train: 99.68%, Valid: 66.35%, Test In: 68.01% Test OOD1: 59.84% Test OOD2: 51.39% Test OOD3: 58.14% 
Epoch: 166, Loss: 0.1873, Train: 99.66%, Valid: 66.42%, Test In: 68.06% Test OOD1: 59.87% Test OOD2: 51.35% Test OOD3: 58.18% 
Epoch: 167, Loss: 0.1850, Train: 99.73%, Valid: 66.25%, Test In: 67.97% Test OOD1: 59.76% Test OOD2: 51.37% Test OOD3: 58.12% 
Epoch: 168, Loss: 0.1788, Train: 99.73%, Valid: 66.31%, Test In: 68.03% Test OOD1: 59.86% Test OOD2: 51.36% Test OOD3: 58.16% 
Epoch: 169, Loss: 0.1771, Train: 99.78%, Valid: 66.14%, Test In: 67.94% Test OOD1: 59.81% Test OOD2: 51.36% Test OOD3: 58.12% 
Epoch: 170, Loss: 0.1794, Train: 99.76%, Valid: 66.29%, Test In: 68.04% Test OOD1: 59.86% Test OOD2: 51.37% Test OOD3: 58.16% 
Epoch: 171, Loss: 0.1805, Train: 99.78%, Valid: 66.24%, Test In: 68.02% Test OOD1: 59.83% Test OOD2: 51.35% Test OOD3: 58.18% 
Epoch: 172, Loss: 0.1763, Train: 99.76%, Valid: 66.39%, Test In: 68.12% Test OOD1: 59.86% Test OOD2: 51.36% Test OOD3: 58.20% 
Epoch: 173, Loss: 0.1693, Train: 99.80%, Valid: 66.24%, Test In: 68.05% Test OOD1: 59.78% Test OOD2: 51.36% Test OOD3: 58.16% 
Epoch: 174, Loss: 0.1620, Train: 99.81%, Valid: 66.23%, Test In: 68.07% Test OOD1: 59.79% Test OOD2: 51.36% Test OOD3: 58.14% 
Epoch: 175, Loss: 0.1593, Train: 99.83%, Valid: 66.18%, Test In: 68.05% Test OOD1: 59.79% Test OOD2: 51.37% Test OOD3: 58.12% 
Epoch: 176, Loss: 0.1599, Train: 99.84%, Valid: 66.18%, Test In: 68.05% Test OOD1: 59.85% Test OOD2: 51.35% Test OOD3: 58.15% 
Epoch: 177, Loss: 0.1604, Train: 99.83%, Valid: 66.27%, Test In: 68.10% Test OOD1: 59.87% Test OOD2: 51.36% Test OOD3: 58.16% 
Epoch: 178, Loss: 0.1596, Train: 99.85%, Valid: 66.14%, Test In: 68.01% Test OOD1: 59.79% Test OOD2: 51.34% Test OOD3: 58.11% 
Epoch: 179, Loss: 0.1571, Train: 99.86%, Valid: 66.20%, Test In: 68.06% Test OOD1: 59.80% Test OOD2: 51.34% Test OOD3: 58.11% 
Epoch: 180, Loss: 0.1535, Train: 99.89%, Valid: 65.98%, Test In: 67.95% Test OOD1: 59.64% Test OOD2: 51.35% Test OOD3: 58.03% 
Epoch: 181, Loss: 0.1495, Train: 99.89%, Valid: 66.12%, Test In: 68.07% Test OOD1: 59.83% Test OOD2: 51.33% Test OOD3: 58.13% 
Epoch: 182, Loss: 0.1465, Train: 99.89%, Valid: 66.04%, Test In: 68.05% Test OOD1: 59.72% Test OOD2: 51.36% Test OOD3: 58.10% 
Epoch: 183, Loss: 0.1434, Train: 99.90%, Valid: 66.09%, Test In: 68.09% Test OOD1: 59.86% Test OOD2: 51.33% Test OOD3: 58.18% 
Epoch: 184, Loss: 0.1418, Train: 99.89%, Valid: 66.05%, Test In: 68.08% Test OOD1: 59.70% Test OOD2: 51.36% Test OOD3: 58.10% 
Epoch: 185, Loss: 0.1414, Train: 99.92%, Valid: 65.91%, Test In: 67.99% Test OOD1: 59.80% Test OOD2: 51.31% Test OOD3: 58.14% 
Epoch: 186, Loss: 0.1427, Train: 99.91%, Valid: 66.01%, Test In: 68.07% Test OOD1: 59.67% Test OOD2: 51.35% Test OOD3: 58.09% 
Epoch: 187, Loss: 0.1431, Train: 99.93%, Valid: 65.82%, Test In: 67.94% Test OOD1: 59.82% Test OOD2: 51.30% Test OOD3: 58.16% 
Epoch: 188, Loss: 0.1449, Train: 99.89%, Valid: 66.13%, Test In: 68.17% Test OOD1: 59.69% Test OOD2: 51.36% Test OOD3: 58.15% 
Epoch: 189, Loss: 0.1472, Train: 99.91%, Valid: 65.44%, Test In: 67.63% Test OOD1: 59.73% Test OOD2: 51.33% Test OOD3: 58.18% 
Epoch: 190, Loss: 0.2222, Train: 99.49%, Valid: 66.36%, Test In: 68.46% Test OOD1: 59.21% Test OOD2: 51.40% Test OOD3: 58.10% 
Epoch: 191, Loss: 1.0884, Train: 99.94%, Valid: 65.59%, Test In: 67.82% Test OOD1: 59.77% Test OOD2: 51.34% Test OOD3: 58.26% 
Epoch: 192, Loss: 0.1513, Train: 99.86%, Valid: 65.02%, Test In: 67.37% Test OOD1: 59.42% Test OOD2: 51.38% Test OOD3: 58.22% 
Epoch: 193, Loss: 0.9409, Train: 99.87%, Valid: 64.77%, Test In: 67.21% Test OOD1: 59.11% Test OOD2: 51.42% Test OOD3: 58.10% 
Epoch: 194, Loss: 0.8977, Train: 99.88%, Valid: 65.09%, Test In: 67.48% Test OOD1: 59.57% Test OOD2: 51.36% Test OOD3: 58.46% 
Epoch: 195, Loss: 0.4961, Train: 99.91%, Valid: 66.00%, Test In: 68.27% Test OOD1: 60.51% Test OOD2: 51.32% Test OOD3: 58.92% 
Epoch: 196, Loss: 0.1436, Train: 99.71%, Valid: 66.76%, Test In: 68.92% Test OOD1: 60.70% Test OOD2: 51.32% Test OOD3: 59.13% 
Epoch: 197, Loss: 0.4236, Train: 99.69%, Valid: 66.87%, Test In: 69.00% Test OOD1: 60.80% Test OOD2: 51.35% Test OOD3: 59.22% 
Epoch: 198, Loss: 0.4784, Train: 99.85%, Valid: 66.48%, Test In: 68.71% Test OOD1: 60.71% Test OOD2: 51.32% Test OOD3: 59.16% 
Epoch: 199, Loss: 0.2177, Train: 99.91%, Valid: 65.80%, Test In: 68.21% Test OOD1: 60.42% Test OOD2: 51.34% Test OOD3: 59.03% 
Run 01:
Highest Train: 99.94
Highest Valid: 71.39
Highest In Test: 72.43
Highest OOD Test: 66.15
Highest OOD Test: 52.73
Highest OOD Test: 63.46
Chosen epoch: 29
Final Train: 78.44
Final In Test: 72.43
Final OOD Test: 64.85
Final OOD Test: 52.49
Final OOD Test: 63.43
Epoch: 00, Loss: 1.0521, Train: 65.99%, Valid: 61.93%, Test In: 62.37% Test OOD1: 52.99% Test OOD2: 52.12% Test OOD3: 57.80% 
Epoch: 01, Loss: 1.0494, Train: 72.64%, Valid: 67.91%, Test In: 68.54% Test OOD1: 58.10% Test OOD2: 52.41% Test OOD3: 61.54% 
Epoch: 02, Loss: 1.0464, Train: 73.19%, Valid: 68.62%, Test In: 69.35% Test OOD1: 58.17% Test OOD2: 52.45% Test OOD3: 61.44% 
Epoch: 03, Loss: 1.0424, Train: 72.53%, Valid: 68.14%, Test In: 68.67% Test OOD1: 56.11% Test OOD2: 52.48% Test OOD3: 60.09% 
Epoch: 04, Loss: 1.0373, Train: 71.56%, Valid: 67.29%, Test In: 67.78% Test OOD1: 54.19% Test OOD2: 52.38% Test OOD3: 58.51% 
Epoch: 05, Loss: 1.0317, Train: 70.78%, Valid: 66.63%, Test In: 67.14% Test OOD1: 53.05% Test OOD2: 52.28% Test OOD3: 57.27% 
Epoch: 06, Loss: 1.0261, Train: 71.67%, Valid: 67.50%, Test In: 68.02% Test OOD1: 53.90% Test OOD2: 52.28% Test OOD3: 57.53% 
Epoch: 07, Loss: 1.0210, Train: 72.94%, Valid: 68.64%, Test In: 69.30% Test OOD1: 55.75% Test OOD2: 52.25% Test OOD3: 58.37% 
Epoch: 08, Loss: 1.0159, Train: 73.59%, Valid: 69.15%, Test In: 69.94% Test OOD1: 57.05% Test OOD2: 52.20% Test OOD3: 58.79% 
Epoch: 09, Loss: 1.0108, Train: 74.46%, Valid: 69.79%, Test In: 70.76% Test OOD1: 59.22% Test OOD2: 52.14% Test OOD3: 59.82% 
Epoch: 10, Loss: 1.0061, Train: 75.42%, Valid: 70.43%, Test In: 71.56% Test OOD1: 62.73% Test OOD2: 51.87% Test OOD3: 61.54% 
Epoch: 11, Loss: 1.0016, Train: 75.35%, Valid: 70.29%, Test In: 71.31% Test OOD1: 65.14% Test OOD2: 51.57% Test OOD3: 62.52% 
Epoch: 12, Loss: 0.9964, Train: 74.19%, Valid: 69.53%, Test In: 70.30% Test OOD1: 65.69% Test OOD2: 51.35% Test OOD3: 62.51% 
Epoch: 13, Loss: 0.9902, Train: 73.06%, Valid: 68.76%, Test In: 69.29% Test OOD1: 65.35% Test OOD2: 51.23% Test OOD3: 62.22% 
Epoch: 14, Loss: 0.9830, Train: 72.37%, Valid: 68.29%, Test In: 68.65% Test OOD1: 65.07% Test OOD2: 51.19% Test OOD3: 61.99% 
Epoch: 15, Loss: 0.9752, Train: 72.07%, Valid: 68.09%, Test In: 68.37% Test OOD1: 64.96% Test OOD2: 51.19% Test OOD3: 61.88% 
Epoch: 16, Loss: 0.9672, Train: 72.06%, Valid: 68.06%, Test In: 68.34% Test OOD1: 64.96% Test OOD2: 51.22% Test OOD3: 61.88% 
Epoch: 17, Loss: 0.9592, Train: 72.23%, Valid: 68.16%, Test In: 68.48% Test OOD1: 65.04% Test OOD2: 51.27% Test OOD3: 61.95% 
Epoch: 18, Loss: 0.9510, Train: 72.58%, Valid: 68.38%, Test In: 68.77% Test OOD1: 65.20% Test OOD2: 51.33% Test OOD3: 62.11% 
Epoch: 19, Loss: 0.9426, Train: 73.07%, Valid: 68.68%, Test In: 69.14% Test OOD1: 65.41% Test OOD2: 51.40% Test OOD3: 62.31% 
Epoch: 20, Loss: 0.9338, Train: 73.62%, Valid: 68.99%, Test In: 69.55% Test OOD1: 65.61% Test OOD2: 51.48% Test OOD3: 62.52% 
Epoch: 21, Loss: 0.9245, Train: 74.21%, Valid: 69.33%, Test In: 69.98% Test OOD1: 65.83% Test OOD2: 51.55% Test OOD3: 62.75% 
Epoch: 22, Loss: 0.9151, Train: 74.85%, Valid: 69.68%, Test In: 70.43% Test OOD1: 65.98% Test OOD2: 51.64% Test OOD3: 62.98% 
Epoch: 23, Loss: 0.9057, Train: 75.48%, Valid: 69.99%, Test In: 70.82% Test OOD1: 66.07% Test OOD2: 51.74% Test OOD3: 63.18% 
Epoch: 24, Loss: 0.8967, Train: 76.06%, Valid: 70.31%, Test In: 71.20% Test OOD1: 66.07% Test OOD2: 51.83% Test OOD3: 63.33% 
Epoch: 25, Loss: 0.8882, Train: 76.63%, Valid: 70.54%, Test In: 71.49% Test OOD1: 65.89% Test OOD2: 51.97% Test OOD3: 63.43% 
Epoch: 26, Loss: 0.8801, Train: 77.10%, Valid: 70.79%, Test In: 71.77% Test OOD1: 65.74% Test OOD2: 52.07% Test OOD3: 63.47% 
Epoch: 27, Loss: 0.8725, Train: 77.59%, Valid: 70.87%, Test In: 71.90% Test OOD1: 65.39% Test OOD2: 52.24% Test OOD3: 63.46% 
Epoch: 28, Loss: 0.8658, Train: 77.97%, Valid: 71.05%, Test In: 72.06% Test OOD1: 65.08% Test OOD2: 52.35% Test OOD3: 63.41% 
Epoch: 29, Loss: 0.8601, Train: 78.33%, Valid: 71.06%, Test In: 72.07% Test OOD1: 65.02% Test OOD2: 52.42% Test OOD3: 63.38% 
Epoch: 30, Loss: 0.8533, Train: 78.71%, Valid: 71.09%, Test In: 72.08% Test OOD1: 64.73% Test OOD2: 52.52% Test OOD3: 63.30% 
Epoch: 31, Loss: 0.8467, Train: 79.05%, Valid: 71.12%, Test In: 72.10% Test OOD1: 64.51% Test OOD2: 52.61% Test OOD3: 63.22% 
Epoch: 32, Loss: 0.8416, Train: 79.43%, Valid: 71.01%, Test In: 71.98% Test OOD1: 64.41% Test OOD2: 52.68% Test OOD3: 63.13% 
Epoch: 33, Loss: 0.8341, Train: 79.76%, Valid: 71.03%, Test In: 71.96% Test OOD1: 64.71% Test OOD2: 52.69% Test OOD3: 63.18% 
Epoch: 34, Loss: 0.8274, Train: 80.12%, Valid: 70.97%, Test In: 71.90% Test OOD1: 64.63% Test OOD2: 52.74% Test OOD3: 63.10% 
Epoch: 35, Loss: 0.8199, Train: 80.54%, Valid: 70.81%, Test In: 71.72% Test OOD1: 64.35% Test OOD2: 52.80% Test OOD3: 62.95% 
Epoch: 36, Loss: 0.8133, Train: 80.86%, Valid: 70.83%, Test In: 71.70% Test OOD1: 64.78% Test OOD2: 52.77% Test OOD3: 63.03% 
Epoch: 37, Loss: 0.8057, Train: 81.22%, Valid: 70.76%, Test In: 71.61% Test OOD1: 64.83% Test OOD2: 52.77% Test OOD3: 62.98% 
Epoch: 38, Loss: 0.7990, Train: 81.68%, Valid: 70.59%, Test In: 71.44% Test OOD1: 64.43% Test OOD2: 52.82% Test OOD3: 62.75% 
Epoch: 39, Loss: 0.7927, Train: 81.99%, Valid: 70.58%, Test In: 71.41% Test OOD1: 64.64% Test OOD2: 52.77% Test OOD3: 62.75% 
Epoch: 40, Loss: 0.7854, Train: 82.36%, Valid: 70.48%, Test In: 71.29% Test OOD1: 64.61% Test OOD2: 52.74% Test OOD3: 62.66% 
Epoch: 41, Loss: 0.7790, Train: 82.82%, Valid: 70.32%, Test In: 71.13% Test OOD1: 64.17% Test OOD2: 52.74% Test OOD3: 62.44% 
Epoch: 42, Loss: 0.7721, Train: 83.10%, Valid: 70.26%, Test In: 71.03% Test OOD1: 64.17% Test OOD2: 52.67% Test OOD3: 62.37% 
Epoch: 43, Loss: 0.7653, Train: 83.49%, Valid: 70.14%, Test In: 70.89% Test OOD1: 63.98% Test OOD2: 52.62% Test OOD3: 62.25% 
Epoch: 44, Loss: 0.7581, Train: 83.84%, Valid: 70.02%, Test In: 70.73% Test OOD1: 63.67% Test OOD2: 52.59% Test OOD3: 62.09% 
Epoch: 45, Loss: 0.7507, Train: 84.18%, Valid: 70.00%, Test In: 70.67% Test OOD1: 63.51% Test OOD2: 52.52% Test OOD3: 62.01% 
Epoch: 46, Loss: 0.7440, Train: 84.58%, Valid: 69.86%, Test In: 70.49% Test OOD1: 63.21% Test OOD2: 52.47% Test OOD3: 61.86% 
Epoch: 47, Loss: 0.7375, Train: 84.89%, Valid: 69.89%, Test In: 70.48% Test OOD1: 63.09% Test OOD2: 52.39% Test OOD3: 61.80% 
Epoch: 48, Loss: 0.7302, Train: 85.26%, Valid: 69.71%, Test In: 70.28% Test OOD1: 62.74% Test OOD2: 52.34% Test OOD3: 61.64% 
Epoch: 49, Loss: 0.7226, Train: 85.58%, Valid: 69.78%, Test In: 70.32% Test OOD1: 62.73% Test OOD2: 52.25% Test OOD3: 61.63% 
Epoch: 50, Loss: 0.7151, Train: 85.96%, Valid: 69.65%, Test In: 70.21% Test OOD1: 62.38% Test OOD2: 52.21% Test OOD3: 61.47% 
Epoch: 51, Loss: 0.7080, Train: 86.27%, Valid: 69.63%, Test In: 70.18% Test OOD1: 62.42% Test OOD2: 52.13% Test OOD3: 61.47% 
Epoch: 52, Loss: 0.7012, Train: 86.59%, Valid: 69.58%, Test In: 70.16% Test OOD1: 62.23% Test OOD2: 52.08% Test OOD3: 61.38% 
Epoch: 53, Loss: 0.6944, Train: 87.00%, Valid: 69.40%, Test In: 70.00% Test OOD1: 62.04% Test OOD2: 52.04% Test OOD3: 61.26% 
Epoch: 54, Loss: 0.6879, Train: 87.13%, Valid: 69.53%, Test In: 70.15% Test OOD1: 62.28% Test OOD2: 51.95% Test OOD3: 61.34% 
Epoch: 55, Loss: 0.6826, Train: 87.74%, Valid: 69.18%, Test In: 69.84% Test OOD1: 61.70% Test OOD2: 51.96% Test OOD3: 61.05% 
Epoch: 56, Loss: 0.6740, Train: 87.97%, Valid: 69.28%, Test In: 69.95% Test OOD1: 61.97% Test OOD2: 51.88% Test OOD3: 61.11% 
Epoch: 57, Loss: 0.6647, Train: 88.22%, Valid: 69.17%, Test In: 69.88% Test OOD1: 61.81% Test OOD2: 51.84% Test OOD3: 60.99% 
Epoch: 58, Loss: 0.6617, Train: 88.76%, Valid: 69.04%, Test In: 69.74% Test OOD1: 61.77% Test OOD2: 51.84% Test OOD3: 60.92% 
Epoch: 59, Loss: 0.6561, Train: 89.00%, Valid: 68.95%, Test In: 69.69% Test OOD1: 61.61% Test OOD2: 51.78% Test OOD3: 60.81% 
Epoch: 60, Loss: 0.6434, Train: 89.20%, Valid: 68.98%, Test In: 69.73% Test OOD1: 61.74% Test OOD2: 51.72% Test OOD3: 60.83% 
Epoch: 61, Loss: 0.6380, Train: 89.73%, Valid: 68.83%, Test In: 69.59% Test OOD1: 61.63% Test OOD2: 51.73% Test OOD3: 60.75% 
Epoch: 62, Loss: 0.6337, Train: 89.96%, Valid: 68.73%, Test In: 69.53% Test OOD1: 61.49% Test OOD2: 51.69% Test OOD3: 60.68% 
Epoch: 63, Loss: 0.6233, Train: 90.08%, Valid: 68.78%, Test In: 69.59% Test OOD1: 61.72% Test OOD2: 51.64% Test OOD3: 60.74% 
Epoch: 64, Loss: 0.6168, Train: 90.56%, Valid: 68.55%, Test In: 69.43% Test OOD1: 61.47% Test OOD2: 51.62% Test OOD3: 60.61% 
Epoch: 65, Loss: 0.6140, Train: 90.69%, Valid: 68.58%, Test In: 69.45% Test OOD1: 61.39% Test OOD2: 51.64% Test OOD3: 60.54% 
Epoch: 66, Loss: 0.6101, Train: 90.79%, Valid: 68.61%, Test In: 69.50% Test OOD1: 61.66% Test OOD2: 51.57% Test OOD3: 60.63% 
Epoch: 67, Loss: 0.6021, Train: 91.37%, Valid: 68.32%, Test In: 69.29% Test OOD1: 61.40% Test OOD2: 51.53% Test OOD3: 60.50% 
Epoch: 68, Loss: 0.5931, Train: 91.46%, Valid: 68.35%, Test In: 69.37% Test OOD1: 61.39% Test OOD2: 51.49% Test OOD3: 60.46% 
Epoch: 69, Loss: 0.5858, Train: 91.71%, Valid: 68.41%, Test In: 69.38% Test OOD1: 61.42% Test OOD2: 51.49% Test OOD3: 60.42% 
Epoch: 70, Loss: 0.5800, Train: 92.20%, Valid: 68.23%, Test In: 69.25% Test OOD1: 61.07% Test OOD2: 51.53% Test OOD3: 60.22% 
Epoch: 71, Loss: 0.5761, Train: 92.20%, Valid: 68.37%, Test In: 69.38% Test OOD1: 61.42% Test OOD2: 51.48% Test OOD3: 60.33% 
Epoch: 72, Loss: 0.5663, Train: 92.51%, Valid: 68.09%, Test In: 69.14% Test OOD1: 61.14% Test OOD2: 51.38% Test OOD3: 60.18% 
Epoch: 73, Loss: 0.5613, Train: 92.88%, Valid: 68.14%, Test In: 69.20% Test OOD1: 61.19% Test OOD2: 51.41% Test OOD3: 60.15% 
Epoch: 74, Loss: 0.5492, Train: 93.05%, Valid: 68.22%, Test In: 69.25% Test OOD1: 61.39% Test OOD2: 51.42% Test OOD3: 60.16% 
Epoch: 75, Loss: 0.5455, Train: 93.50%, Valid: 67.98%, Test In: 69.06% Test OOD1: 61.07% Test OOD2: 51.40% Test OOD3: 60.00% 
Epoch: 76, Loss: 0.5405, Train: 93.35%, Valid: 68.16%, Test In: 69.24% Test OOD1: 61.52% Test OOD2: 51.35% Test OOD3: 60.18% 
Epoch: 77, Loss: 0.5336, Train: 94.00%, Valid: 67.91%, Test In: 69.01% Test OOD1: 61.09% Test OOD2: 51.36% Test OOD3: 59.98% 
Epoch: 78, Loss: 0.5247, Train: 94.03%, Valid: 68.07%, Test In: 69.17% Test OOD1: 61.21% Test OOD2: 51.37% Test OOD3: 60.00% 
Epoch: 79, Loss: 0.5154, Train: 94.35%, Valid: 68.02%, Test In: 69.10% Test OOD1: 61.20% Test OOD2: 51.36% Test OOD3: 59.94% 
Epoch: 80, Loss: 0.5081, Train: 94.65%, Valid: 67.91%, Test In: 69.03% Test OOD1: 60.98% Test OOD2: 51.37% Test OOD3: 59.82% 
Epoch: 81, Loss: 0.5030, Train: 94.60%, Valid: 68.07%, Test In: 69.16% Test OOD1: 61.33% Test OOD2: 51.33% Test OOD3: 59.91% 
Epoch: 82, Loss: 0.4978, Train: 95.19%, Valid: 67.81%, Test In: 68.93% Test OOD1: 60.98% Test OOD2: 51.34% Test OOD3: 59.70% 
Epoch: 83, Loss: 0.4901, Train: 95.01%, Valid: 68.00%, Test In: 69.13% Test OOD1: 61.31% Test OOD2: 51.33% Test OOD3: 59.80% 
Epoch: 84, Loss: 0.4835, Train: 95.53%, Valid: 67.78%, Test In: 68.89% Test OOD1: 61.09% Test OOD2: 51.33% Test OOD3: 59.65% 
Epoch: 85, Loss: 0.4769, Train: 95.56%, Valid: 67.83%, Test In: 69.02% Test OOD1: 61.07% Test OOD2: 51.35% Test OOD3: 59.62% 
Epoch: 86, Loss: 0.4674, Train: 95.63%, Valid: 67.89%, Test In: 69.07% Test OOD1: 61.22% Test OOD2: 51.32% Test OOD3: 59.65% 
Epoch: 87, Loss: 0.4606, Train: 96.12%, Valid: 67.64%, Test In: 68.89% Test OOD1: 60.91% Test OOD2: 51.35% Test OOD3: 59.51% 
Epoch: 88, Loss: 0.4554, Train: 95.88%, Valid: 67.87%, Test In: 69.10% Test OOD1: 61.20% Test OOD2: 51.30% Test OOD3: 59.58% 
Epoch: 89, Loss: 0.4481, Train: 96.40%, Valid: 67.68%, Test In: 68.94% Test OOD1: 60.97% Test OOD2: 51.33% Test OOD3: 59.42% 
Epoch: 90, Loss: 0.4383, Train: 96.45%, Valid: 67.72%, Test In: 68.98% Test OOD1: 60.95% Test OOD2: 51.33% Test OOD3: 59.33% 
Epoch: 91, Loss: 0.4308, Train: 96.39%, Valid: 67.76%, Test In: 68.96% Test OOD1: 61.23% Test OOD2: 51.31% Test OOD3: 59.40% 
Epoch: 92, Loss: 0.4265, Train: 96.88%, Valid: 67.54%, Test In: 68.80% Test OOD1: 60.84% Test OOD2: 51.30% Test OOD3: 59.20% 
Epoch: 93, Loss: 0.4217, Train: 96.66%, Valid: 67.71%, Test In: 68.93% Test OOD1: 61.25% Test OOD2: 51.31% Test OOD3: 59.36% 
Epoch: 94, Loss: 0.4121, Train: 97.10%, Valid: 67.56%, Test In: 68.79% Test OOD1: 60.92% Test OOD2: 51.29% Test OOD3: 59.19% 
Epoch: 95, Loss: 0.4004, Train: 97.17%, Valid: 67.58%, Test In: 68.85% Test OOD1: 60.91% Test OOD2: 51.29% Test OOD3: 59.15% 
Epoch: 96, Loss: 0.3920, Train: 97.15%, Valid: 67.60%, Test In: 68.84% Test OOD1: 61.08% Test OOD2: 51.28% Test OOD3: 59.20% 
Epoch: 97, Loss: 0.3893, Train: 97.56%, Valid: 67.39%, Test In: 68.69% Test OOD1: 60.78% Test OOD2: 51.27% Test OOD3: 59.03% 
Epoch: 98, Loss: 0.3874, Train: 97.27%, Valid: 67.58%, Test In: 68.80% Test OOD1: 61.23% Test OOD2: 51.26% Test OOD3: 59.18% 
Epoch: 99, Loss: 0.3831, Train: 97.78%, Valid: 67.36%, Test In: 68.62% Test OOD1: 60.83% Test OOD2: 51.24% Test OOD3: 58.97% 
Epoch: 100, Loss: 0.3734, Train: 97.63%, Valid: 67.46%, Test In: 68.73% Test OOD1: 61.07% Test OOD2: 51.24% Test OOD3: 59.03% 
Epoch: 101, Loss: 0.3621, Train: 97.84%, Valid: 67.37%, Test In: 68.64% Test OOD1: 60.95% Test OOD2: 51.22% Test OOD3: 58.94% 
Epoch: 102, Loss: 0.3540, Train: 98.09%, Valid: 67.26%, Test In: 68.58% Test OOD1: 60.71% Test OOD2: 51.22% Test OOD3: 58.81% 
Epoch: 103, Loss: 0.3518, Train: 97.88%, Valid: 67.37%, Test In: 68.63% Test OOD1: 61.10% Test OOD2: 51.20% Test OOD3: 58.95% 
Epoch: 104, Loss: 0.3526, Train: 98.32%, Valid: 67.14%, Test In: 68.49% Test OOD1: 60.67% Test OOD2: 51.20% Test OOD3: 58.74% 
Epoch: 105, Loss: 0.3467, Train: 98.10%, Valid: 67.32%, Test In: 68.60% Test OOD1: 61.03% Test OOD2: 51.21% Test OOD3: 58.88% 
Epoch: 106, Loss: 0.3356, Train: 98.39%, Valid: 67.20%, Test In: 68.54% Test OOD1: 60.80% Test OOD2: 51.21% Test OOD3: 58.77% 
Epoch: 107, Loss: 0.3239, Train: 98.49%, Valid: 67.16%, Test In: 68.53% Test OOD1: 60.81% Test OOD2: 51.22% Test OOD3: 58.75% 
Epoch: 108, Loss: 0.3187, Train: 98.41%, Valid: 67.22%, Test In: 68.55% Test OOD1: 61.02% Test OOD2: 51.22% Test OOD3: 58.82% 
Epoch: 109, Loss: 0.3194, Train: 98.76%, Valid: 67.03%, Test In: 68.44% Test OOD1: 60.69% Test OOD2: 51.23% Test OOD3: 58.64% 
Epoch: 110, Loss: 0.3191, Train: 98.51%, Valid: 67.19%, Test In: 68.54% Test OOD1: 61.12% Test OOD2: 51.23% Test OOD3: 58.83% 
Epoch: 111, Loss: 0.3149, Train: 98.87%, Valid: 67.02%, Test In: 68.46% Test OOD1: 60.74% Test OOD2: 51.24% Test OOD3: 58.62% 
Epoch: 112, Loss: 0.3030, Train: 98.79%, Valid: 67.11%, Test In: 68.52% Test OOD1: 60.96% Test OOD2: 51.25% Test OOD3: 58.70% 
Epoch: 113, Loss: 0.2914, Train: 98.87%, Valid: 67.08%, Test In: 68.49% Test OOD1: 61.00% Test OOD2: 51.24% Test OOD3: 58.68% 
Epoch: 114, Loss: 0.2862, Train: 99.04%, Valid: 66.96%, Test In: 68.43% Test OOD1: 60.79% Test OOD2: 51.24% Test OOD3: 58.58% 
Epoch: 115, Loss: 0.2865, Train: 98.90%, Valid: 67.08%, Test In: 68.50% Test OOD1: 61.14% Test OOD2: 51.25% Test OOD3: 58.70% 
Epoch: 116, Loss: 0.2889, Train: 99.20%, Valid: 66.86%, Test In: 68.38% Test OOD1: 60.69% Test OOD2: 51.25% Test OOD3: 58.50% 
Epoch: 117, Loss: 0.2859, Train: 99.01%, Valid: 67.06%, Test In: 68.50% Test OOD1: 61.16% Test OOD2: 51.25% Test OOD3: 58.69% 
Epoch: 118, Loss: 0.2781, Train: 99.24%, Valid: 66.89%, Test In: 68.40% Test OOD1: 60.92% Test OOD2: 51.25% Test OOD3: 58.58% 
Epoch: 119, Loss: 0.2661, Train: 99.23%, Valid: 66.95%, Test In: 68.47% Test OOD1: 60.99% Test OOD2: 51.26% Test OOD3: 58.61% 
Epoch: 120, Loss: 0.2571, Train: 99.23%, Valid: 66.95%, Test In: 68.47% Test OOD1: 61.06% Test OOD2: 51.26% Test OOD3: 58.66% 
Epoch: 121, Loss: 0.2553, Train: 99.39%, Valid: 66.79%, Test In: 68.37% Test OOD1: 60.80% Test OOD2: 51.26% Test OOD3: 58.51% 
Epoch: 122, Loss: 0.2569, Train: 99.25%, Valid: 66.92%, Test In: 68.44% Test OOD1: 61.18% Test OOD2: 51.26% Test OOD3: 58.69% 
Epoch: 123, Loss: 0.2575, Train: 99.48%, Valid: 66.71%, Test In: 68.31% Test OOD1: 60.81% Test OOD2: 51.27% Test OOD3: 58.47% 
Epoch: 124, Loss: 0.2512, Train: 99.39%, Valid: 66.84%, Test In: 68.42% Test OOD1: 61.09% Test OOD2: 51.27% Test OOD3: 58.65% 
Epoch: 125, Loss: 0.2396, Train: 99.47%, Valid: 66.73%, Test In: 68.37% Test OOD1: 60.80% Test OOD2: 51.29% Test OOD3: 58.52% 
Epoch: 126, Loss: 0.2320, Train: 99.53%, Valid: 66.63%, Test In: 68.26% Test OOD1: 60.98% Test OOD2: 51.26% Test OOD3: 58.47% 
Epoch: 127, Loss: 0.2330, Train: 99.50%, Valid: 66.71%, Test In: 68.32% Test OOD1: 61.06% Test OOD2: 51.27% Test OOD3: 58.52% 
Epoch: 128, Loss: 0.2303, Train: 99.59%, Valid: 66.57%, Test In: 68.24% Test OOD1: 60.66% Test OOD2: 51.29% Test OOD3: 58.45% 
Epoch: 129, Loss: 0.2321, Train: 99.54%, Valid: 66.75%, Test In: 68.34% Test OOD1: 61.07% Test OOD2: 51.27% Test OOD3: 58.60% 
Epoch: 130, Loss: 0.2277, Train: 99.68%, Valid: 66.54%, Test In: 68.21% Test OOD1: 60.71% Test OOD2: 51.27% Test OOD3: 58.40% 
Epoch: 131, Loss: 0.2217, Train: 99.64%, Valid: 66.70%, Test In: 68.32% Test OOD1: 61.02% Test OOD2: 51.30% Test OOD3: 58.61% 
Epoch: 132, Loss: 0.2102, Train: 99.68%, Valid: 66.65%, Test In: 68.27% Test OOD1: 60.83% Test OOD2: 51.31% Test OOD3: 58.53% 
Epoch: 133, Loss: 0.2029, Train: 99.73%, Valid: 66.53%, Test In: 68.19% Test OOD1: 60.86% Test OOD2: 51.30% Test OOD3: 58.49% 
Epoch: 134, Loss: 0.1977, Train: 99.71%, Valid: 66.55%, Test In: 68.19% Test OOD1: 61.04% Test OOD2: 51.29% Test OOD3: 58.53% 
Epoch: 135, Loss: 0.1992, Train: 99.77%, Valid: 66.33%, Test In: 68.05% Test OOD1: 60.78% Test OOD2: 51.30% Test OOD3: 58.39% 
Epoch: 136, Loss: 0.2000, Train: 99.72%, Valid: 66.47%, Test In: 68.10% Test OOD1: 61.02% Test OOD2: 51.30% Test OOD3: 58.52% 
Epoch: 137, Loss: 0.1994, Train: 99.81%, Valid: 66.26%, Test In: 67.97% Test OOD1: 60.60% Test OOD2: 51.31% Test OOD3: 58.27% 
Epoch: 138, Loss: 0.1934, Train: 99.78%, Valid: 66.41%, Test In: 68.05% Test OOD1: 60.90% Test OOD2: 51.29% Test OOD3: 58.45% 
Epoch: 139, Loss: 0.1855, Train: 99.82%, Valid: 66.35%, Test In: 68.02% Test OOD1: 60.59% Test OOD2: 51.29% Test OOD3: 58.32% 
Epoch: 140, Loss: 0.1769, Train: 99.83%, Valid: 66.36%, Test In: 67.98% Test OOD1: 60.75% Test OOD2: 51.31% Test OOD3: 58.44% 
Epoch: 141, Loss: 0.1727, Train: 99.83%, Valid: 66.41%, Test In: 68.02% Test OOD1: 60.75% Test OOD2: 51.31% Test OOD3: 58.40% 
Epoch: 142, Loss: 0.1718, Train: 99.87%, Valid: 66.25%, Test In: 67.90% Test OOD1: 60.71% Test OOD2: 51.32% Test OOD3: 58.34% 
Epoch: 143, Loss: 0.1721, Train: 99.85%, Valid: 66.39%, Test In: 67.98% Test OOD1: 60.98% Test OOD2: 51.31% Test OOD3: 58.45% 
Epoch: 144, Loss: 0.1720, Train: 99.88%, Valid: 66.21%, Test In: 67.88% Test OOD1: 60.67% Test OOD2: 51.31% Test OOD3: 58.25% 
Epoch: 145, Loss: 0.1692, Train: 99.87%, Valid: 66.34%, Test In: 67.91% Test OOD1: 60.93% Test OOD2: 51.28% Test OOD3: 58.36% 
Epoch: 146, Loss: 0.1647, Train: 99.89%, Valid: 66.21%, Test In: 67.85% Test OOD1: 60.56% Test OOD2: 51.27% Test OOD3: 58.15% 
Epoch: 147, Loss: 0.1574, Train: 99.89%, Valid: 66.24%, Test In: 67.87% Test OOD1: 60.63% Test OOD2: 51.25% Test OOD3: 58.17% 
Epoch: 148, Loss: 0.1518, Train: 99.90%, Valid: 66.25%, Test In: 67.88% Test OOD1: 60.67% Test OOD2: 51.26% Test OOD3: 58.20% 
Epoch: 149, Loss: 0.1490, Train: 99.91%, Valid: 66.14%, Test In: 67.82% Test OOD1: 60.53% Test OOD2: 51.27% Test OOD3: 58.08% 
Epoch: 150, Loss: 0.1485, Train: 99.91%, Valid: 66.24%, Test In: 67.85% Test OOD1: 60.74% Test OOD2: 51.26% Test OOD3: 58.19% 
Epoch: 151, Loss: 0.1492, Train: 99.93%, Valid: 66.05%, Test In: 67.70% Test OOD1: 60.51% Test OOD2: 51.28% Test OOD3: 58.05% 
Epoch: 152, Loss: 0.1493, Train: 99.92%, Valid: 66.22%, Test In: 67.80% Test OOD1: 60.72% Test OOD2: 51.25% Test OOD3: 58.17% 
Epoch: 153, Loss: 0.1481, Train: 99.94%, Valid: 66.03%, Test In: 67.68% Test OOD1: 60.50% Test OOD2: 51.26% Test OOD3: 58.07% 
Epoch: 154, Loss: 0.1434, Train: 99.94%, Valid: 66.16%, Test In: 67.78% Test OOD1: 60.65% Test OOD2: 51.24% Test OOD3: 58.17% 
Epoch: 155, Loss: 0.1375, Train: 99.95%, Valid: 66.09%, Test In: 67.73% Test OOD1: 60.50% Test OOD2: 51.24% Test OOD3: 58.09% 
Epoch: 156, Loss: 0.1314, Train: 99.95%, Valid: 66.08%, Test In: 67.69% Test OOD1: 60.56% Test OOD2: 51.23% Test OOD3: 58.12% 
Epoch: 157, Loss: 0.1283, Train: 99.96%, Valid: 66.14%, Test In: 67.72% Test OOD1: 60.59% Test OOD2: 51.21% Test OOD3: 58.14% 
Epoch: 158, Loss: 0.1283, Train: 99.97%, Valid: 65.96%, Test In: 67.58% Test OOD1: 60.40% Test OOD2: 51.20% Test OOD3: 58.04% 
Epoch: 159, Loss: 0.1316, Train: 99.96%, Valid: 66.14%, Test In: 67.68% Test OOD1: 60.65% Test OOD2: 51.17% Test OOD3: 58.19% 
Epoch: 160, Loss: 0.1372, Train: 99.97%, Valid: 65.86%, Test In: 67.48% Test OOD1: 60.28% Test OOD2: 51.19% Test OOD3: 57.98% 
Epoch: 161, Loss: 0.1425, Train: 99.97%, Valid: 66.18%, Test In: 67.69% Test OOD1: 60.67% Test OOD2: 51.17% Test OOD3: 58.22% 
Epoch: 162, Loss: 0.1451, Train: 99.98%, Valid: 65.91%, Test In: 67.50% Test OOD1: 60.24% Test OOD2: 51.19% Test OOD3: 57.98% 
Epoch: 163, Loss: 0.1328, Train: 99.98%, Valid: 66.14%, Test In: 67.67% Test OOD1: 60.47% Test OOD2: 51.19% Test OOD3: 58.14% 
Epoch: 164, Loss: 0.1171, Train: 99.98%, Valid: 66.18%, Test In: 67.68% Test OOD1: 60.46% Test OOD2: 51.18% Test OOD3: 58.13% 
Epoch: 165, Loss: 0.1195, Train: 99.98%, Valid: 66.02%, Test In: 67.57% Test OOD1: 60.34% Test OOD2: 51.17% Test OOD3: 58.07% 
Epoch: 166, Loss: 0.1210, Train: 99.98%, Valid: 66.15%, Test In: 67.66% Test OOD1: 60.44% Test OOD2: 51.16% Test OOD3: 58.15% 
Epoch: 167, Loss: 0.1110, Train: 99.98%, Valid: 66.11%, Test In: 67.60% Test OOD1: 60.33% Test OOD2: 51.14% Test OOD3: 58.07% 
Epoch: 168, Loss: 0.1120, Train: 99.99%, Valid: 65.99%, Test In: 67.50% Test OOD1: 60.29% Test OOD2: 51.12% Test OOD3: 58.05% 
Epoch: 169, Loss: 0.1155, Train: 99.99%, Valid: 66.05%, Test In: 67.54% Test OOD1: 60.28% Test OOD2: 51.14% Test OOD3: 58.08% 
Epoch: 170, Loss: 0.1093, Train: 99.99%, Valid: 66.06%, Test In: 67.49% Test OOD1: 60.35% Test OOD2: 51.06% Test OOD3: 58.02% 
Epoch: 171, Loss: 0.1121, Train: 99.99%, Valid: 65.91%, Test In: 67.40% Test OOD1: 60.12% Test OOD2: 51.11% Test OOD3: 57.97% 
Epoch: 172, Loss: 0.1128, Train: 99.99%, Valid: 66.13%, Test In: 67.58% Test OOD1: 60.36% Test OOD2: 51.12% Test OOD3: 58.20% 
Epoch: 173, Loss: 0.1121, Train: 99.99%, Valid: 65.93%, Test In: 67.29% Test OOD1: 59.94% Test OOD2: 50.99% Test OOD3: 57.78% 
Epoch: 174, Loss: 0.1251, Train: 100.00%, Valid: 66.04%, Test In: 67.51% Test OOD1: 60.29% Test OOD2: 51.10% Test OOD3: 58.19% 
Epoch: 175, Loss: 0.1064, Train: 99.99%, Valid: 66.19%, Test In: 67.60% Test OOD1: 60.27% Test OOD2: 51.13% Test OOD3: 58.28% 
Epoch: 176, Loss: 0.1121, Train: 100.00%, Valid: 65.96%, Test In: 67.27% Test OOD1: 59.93% Test OOD2: 50.92% Test OOD3: 57.80% 
Epoch: 177, Loss: 0.1153, Train: 100.00%, Valid: 65.89%, Test In: 67.20% Test OOD1: 59.90% Test OOD2: 50.89% Test OOD3: 57.77% 
Epoch: 178, Loss: 0.1232, Train: 100.00%, Valid: 66.13%, Test In: 67.50% Test OOD1: 60.19% Test OOD2: 51.07% Test OOD3: 58.22% 
Epoch: 179, Loss: 0.0999, Train: 99.99%, Valid: 66.27%, Test In: 67.63% Test OOD1: 60.36% Test OOD2: 51.11% Test OOD3: 58.48% 
Epoch: 180, Loss: 0.1439, Train: 100.00%, Valid: 66.04%, Test In: 67.39% Test OOD1: 60.08% Test OOD2: 50.99% Test OOD3: 58.10% 
Epoch: 181, Loss: 0.0966, Train: 100.00%, Valid: 66.03%, Test In: 67.29% Test OOD1: 59.89% Test OOD2: 50.82% Test OOD3: 57.85% 
Epoch: 182, Loss: 0.1246, Train: 100.00%, Valid: 66.03%, Test In: 67.30% Test OOD1: 59.86% Test OOD2: 50.82% Test OOD3: 57.89% 
Epoch: 183, Loss: 0.1201, Train: 100.00%, Valid: 66.14%, Test In: 67.42% Test OOD1: 60.04% Test OOD2: 50.85% Test OOD3: 58.17% 
Epoch: 184, Loss: 0.0982, Train: 100.00%, Valid: 66.45%, Test In: 67.57% Test OOD1: 60.24% Test OOD2: 50.89% Test OOD3: 58.43% 
Epoch: 185, Loss: 0.1126, Train: 100.00%, Valid: 66.29%, Test In: 67.48% Test OOD1: 59.97% Test OOD2: 50.88% Test OOD3: 58.26% 
Epoch: 186, Loss: 0.0974, Train: 100.00%, Valid: 66.21%, Test In: 67.44% Test OOD1: 60.04% Test OOD2: 50.84% Test OOD3: 58.15% 
Epoch: 187, Loss: 0.0912, Train: 100.00%, Valid: 66.15%, Test In: 67.39% Test OOD1: 59.93% Test OOD2: 50.83% Test OOD3: 58.02% 
Epoch: 188, Loss: 0.0895, Train: 100.00%, Valid: 66.04%, Test In: 67.33% Test OOD1: 59.92% Test OOD2: 50.80% Test OOD3: 57.94% 
Epoch: 189, Loss: 0.0874, Train: 100.00%, Valid: 65.99%, Test In: 67.30% Test OOD1: 59.86% Test OOD2: 50.79% Test OOD3: 57.89% 
Epoch: 190, Loss: 0.0865, Train: 100.00%, Valid: 66.00%, Test In: 67.33% Test OOD1: 59.86% Test OOD2: 50.78% Test OOD3: 57.90% 
Epoch: 191, Loss: 0.0872, Train: 100.00%, Valid: 65.95%, Test In: 67.32% Test OOD1: 59.90% Test OOD2: 50.76% Test OOD3: 57.93% 
Epoch: 192, Loss: 0.0871, Train: 100.00%, Valid: 65.97%, Test In: 67.36% Test OOD1: 59.87% Test OOD2: 50.79% Test OOD3: 57.96% 
Epoch: 193, Loss: 0.0862, Train: 100.00%, Valid: 66.00%, Test In: 67.40% Test OOD1: 60.01% Test OOD2: 50.79% Test OOD3: 58.04% 
Epoch: 194, Loss: 0.0858, Train: 100.00%, Valid: 65.93%, Test In: 67.34% Test OOD1: 59.87% Test OOD2: 50.83% Test OOD3: 58.00% 
Epoch: 195, Loss: 0.0846, Train: 100.00%, Valid: 66.02%, Test In: 67.39% Test OOD1: 60.04% Test OOD2: 50.81% Test OOD3: 58.09% 
Epoch: 196, Loss: 0.0830, Train: 100.00%, Valid: 65.97%, Test In: 67.36% Test OOD1: 59.90% Test OOD2: 50.84% Test OOD3: 58.03% 
Epoch: 197, Loss: 0.0808, Train: 100.00%, Valid: 66.00%, Test In: 67.38% Test OOD1: 60.03% Test OOD2: 50.83% Test OOD3: 58.09% 
Epoch: 198, Loss: 0.0791, Train: 100.00%, Valid: 66.02%, Test In: 67.40% Test OOD1: 59.97% Test OOD2: 50.84% Test OOD3: 58.09% 
Epoch: 199, Loss: 0.0771, Train: 100.00%, Valid: 65.97%, Test In: 67.37% Test OOD1: 59.99% Test OOD2: 50.84% Test OOD3: 58.11% 
Run 02:
Highest Train: 100.00
Highest Valid: 71.12
Highest In Test: 72.10
Highest OOD Test: 66.07
Highest OOD Test: 52.82
Highest OOD Test: 63.47
Chosen epoch: 32
Final Train: 79.05
Final In Test: 72.10
Final OOD Test: 64.51
Final OOD Test: 52.61
Final OOD Test: 63.22
Epoch: 00, Loss: 1.0507, Train: 69.87%, Valid: 65.08%, Test In: 65.19% Test OOD1: 61.37% Test OOD2: 52.34% Test OOD3: 60.61% 
Epoch: 01, Loss: 1.0481, Train: 71.97%, Valid: 66.53%, Test In: 66.81% Test OOD1: 61.22% Test OOD2: 52.99% Test OOD3: 61.57% 
Epoch: 02, Loss: 1.0450, Train: 71.62%, Valid: 65.81%, Test In: 66.30% Test OOD1: 58.13% Test OOD2: 53.06% Test OOD3: 59.98% 
Epoch: 03, Loss: 1.0408, Train: 69.78%, Valid: 64.32%, Test In: 64.91% Test OOD1: 54.91% Test OOD2: 52.80% Test OOD3: 57.91% 
Epoch: 04, Loss: 1.0354, Train: 67.07%, Valid: 62.34%, Test In: 62.88% Test OOD1: 51.83% Test OOD2: 52.44% Test OOD3: 55.55% 
Epoch: 05, Loss: 1.0291, Train: 64.38%, Valid: 60.27%, Test In: 60.87% Test OOD1: 49.57% Test OOD2: 52.10% Test OOD3: 53.59% 
Epoch: 06, Loss: 1.0226, Train: 64.06%, Valid: 60.10%, Test In: 60.74% Test OOD1: 49.10% Test OOD2: 51.97% Test OOD3: 53.01% 
Epoch: 07, Loss: 1.0170, Train: 67.56%, Valid: 63.12%, Test In: 63.72% Test OOD1: 51.28% Test OOD2: 52.16% Test OOD3: 54.47% 
Epoch: 08, Loss: 1.0129, Train: 73.39%, Valid: 68.20%, Test In: 69.00% Test OOD1: 57.94% Test OOD2: 52.49% Test OOD3: 58.88% 
Epoch: 09, Loss: 1.0091, Train: 75.19%, Valid: 69.81%, Test In: 70.89% Test OOD1: 64.53% Test OOD2: 51.79% Test OOD3: 62.16% 
Epoch: 10, Loss: 1.0039, Train: 73.33%, Valid: 68.61%, Test In: 69.16% Test OOD1: 65.14% Test OOD2: 51.30% Test OOD3: 61.95% 
Epoch: 11, Loss: 0.9972, Train: 71.54%, Valid: 67.44%, Test In: 67.58% Test OOD1: 64.49% Test OOD2: 51.12% Test OOD3: 61.46% 
Epoch: 12, Loss: 0.9899, Train: 70.64%, Valid: 66.82%, Test In: 66.79% Test OOD1: 64.19% Test OOD2: 51.04% Test OOD3: 61.20% 
Epoch: 13, Loss: 0.9824, Train: 70.27%, Valid: 66.56%, Test In: 66.51% Test OOD1: 64.09% Test OOD2: 51.01% Test OOD3: 61.10% 
Epoch: 14, Loss: 0.9747, Train: 70.23%, Valid: 66.54%, Test In: 66.51% Test OOD1: 64.11% Test OOD2: 51.01% Test OOD3: 61.13% 
Epoch: 15, Loss: 0.9669, Train: 70.46%, Valid: 66.71%, Test In: 66.73% Test OOD1: 64.23% Test OOD2: 51.04% Test OOD3: 61.26% 
Epoch: 16, Loss: 0.9584, Train: 70.90%, Valid: 67.01%, Test In: 67.14% Test OOD1: 64.45% Test OOD2: 51.09% Test OOD3: 61.47% 
Epoch: 17, Loss: 0.9492, Train: 71.52%, Valid: 67.45%, Test In: 67.68% Test OOD1: 64.71% Test OOD2: 51.16% Test OOD3: 61.74% 
Epoch: 18, Loss: 0.9396, Train: 72.24%, Valid: 67.93%, Test In: 68.30% Test OOD1: 65.03% Test OOD2: 51.25% Test OOD3: 62.03% 
Epoch: 19, Loss: 0.9297, Train: 72.96%, Valid: 68.41%, Test In: 68.93% Test OOD1: 65.35% Test OOD2: 51.33% Test OOD3: 62.31% 
Epoch: 20, Loss: 0.9198, Train: 73.71%, Valid: 68.91%, Test In: 69.55% Test OOD1: 65.65% Test OOD2: 51.41% Test OOD3: 62.59% 
Epoch: 21, Loss: 0.9101, Train: 74.56%, Valid: 69.45%, Test In: 70.21% Test OOD1: 65.92% Test OOD2: 51.52% Test OOD3: 62.89% 
Epoch: 22, Loss: 0.9008, Train: 75.29%, Valid: 69.92%, Test In: 70.76% Test OOD1: 66.07% Test OOD2: 51.62% Test OOD3: 63.14% 
Epoch: 23, Loss: 0.8917, Train: 75.95%, Valid: 70.34%, Test In: 71.23% Test OOD1: 66.06% Test OOD2: 51.74% Test OOD3: 63.31% 
Epoch: 24, Loss: 0.8832, Train: 76.68%, Valid: 70.72%, Test In: 71.68% Test OOD1: 65.74% Test OOD2: 51.94% Test OOD3: 63.46% 
Epoch: 25, Loss: 0.8752, Train: 77.07%, Valid: 70.93%, Test In: 71.91% Test OOD1: 65.65% Test OOD2: 52.01% Test OOD3: 63.49% 
Epoch: 26, Loss: 0.8680, Train: 77.69%, Valid: 71.09%, Test In: 72.13% Test OOD1: 64.97% Test OOD2: 52.24% Test OOD3: 63.47% 
Epoch: 27, Loss: 0.8613, Train: 77.99%, Valid: 71.20%, Test In: 72.21% Test OOD1: 65.07% Test OOD2: 52.28% Test OOD3: 63.45% 
Epoch: 28, Loss: 0.8543, Train: 78.44%, Valid: 71.23%, Test In: 72.25% Test OOD1: 64.63% Test OOD2: 52.40% Test OOD3: 63.34% 
Epoch: 29, Loss: 0.8467, Train: 78.85%, Valid: 71.22%, Test In: 72.25% Test OOD1: 64.40% Test OOD2: 52.48% Test OOD3: 63.26% 
Epoch: 30, Loss: 0.8394, Train: 79.22%, Valid: 71.26%, Test In: 72.26% Test OOD1: 64.57% Test OOD2: 52.49% Test OOD3: 63.26% 
Epoch: 31, Loss: 0.8319, Train: 79.64%, Valid: 71.16%, Test In: 72.16% Test OOD1: 64.38% Test OOD2: 52.58% Test OOD3: 63.15% 
Epoch: 32, Loss: 0.8238, Train: 80.05%, Valid: 71.09%, Test In: 72.07% Test OOD1: 64.49% Test OOD2: 52.63% Test OOD3: 63.12% 
Epoch: 33, Loss: 0.8157, Train: 80.46%, Valid: 71.06%, Test In: 72.00% Test OOD1: 64.73% Test OOD2: 52.65% Test OOD3: 63.13% 
Epoch: 34, Loss: 0.8080, Train: 80.87%, Valid: 71.00%, Test In: 71.90% Test OOD1: 64.90% Test OOD2: 52.66% Test OOD3: 63.11% 
Epoch: 35, Loss: 0.8010, Train: 81.32%, Valid: 70.81%, Test In: 71.71% Test OOD1: 64.59% Test OOD2: 52.73% Test OOD3: 62.90% 
Epoch: 36, Loss: 0.7949, Train: 81.62%, Valid: 70.82%, Test In: 71.66% Test OOD1: 65.04% Test OOD2: 52.65% Test OOD3: 62.97% 
Epoch: 37, Loss: 0.7862, Train: 82.02%, Valid: 70.68%, Test In: 71.50% Test OOD1: 64.87% Test OOD2: 52.65% Test OOD3: 62.82% 
Epoch: 38, Loss: 0.7798, Train: 82.47%, Valid: 70.57%, Test In: 71.37% Test OOD1: 64.64% Test OOD2: 52.65% Test OOD3: 62.64% 
Epoch: 39, Loss: 0.7720, Train: 82.86%, Valid: 70.49%, Test In: 71.23% Test OOD1: 64.54% Test OOD2: 52.63% Test OOD3: 62.51% 
Epoch: 40, Loss: 0.7642, Train: 83.19%, Valid: 70.41%, Test In: 71.08% Test OOD1: 64.51% Test OOD2: 52.55% Test OOD3: 62.42% 
Epoch: 41, Loss: 0.7574, Train: 83.53%, Valid: 70.35%, Test In: 70.96% Test OOD1: 64.36% Test OOD2: 52.46% Test OOD3: 62.29% 
Epoch: 42, Loss: 0.7493, Train: 84.02%, Valid: 70.12%, Test In: 70.70% Test OOD1: 63.75% Test OOD2: 52.46% Test OOD3: 62.00% 
Epoch: 43, Loss: 0.7428, Train: 84.31%, Valid: 70.17%, Test In: 70.70% Test OOD1: 63.87% Test OOD2: 52.35% Test OOD3: 62.00% 
Epoch: 44, Loss: 0.7342, Train: 84.63%, Valid: 70.07%, Test In: 70.55% Test OOD1: 63.61% Test OOD2: 52.27% Test OOD3: 61.86% 
Epoch: 45, Loss: 0.7273, Train: 85.09%, Valid: 70.02%, Test In: 70.45% Test OOD1: 63.20% Test OOD2: 52.23% Test OOD3: 61.67% 
Epoch: 46, Loss: 0.7193, Train: 85.38%, Valid: 69.96%, Test In: 70.38% Test OOD1: 63.07% Test OOD2: 52.13% Test OOD3: 61.61% 
Epoch: 47, Loss: 0.7122, Train: 85.74%, Valid: 69.93%, Test In: 70.32% Test OOD1: 62.84% Test OOD2: 52.06% Test OOD3: 61.49% 
Epoch: 48, Loss: 0.7054, Train: 85.96%, Valid: 69.94%, Test In: 70.33% Test OOD1: 62.86% Test OOD2: 51.96% Test OOD3: 61.49% 
Epoch: 49, Loss: 0.6978, Train: 86.46%, Valid: 69.76%, Test In: 70.17% Test OOD1: 62.37% Test OOD2: 51.94% Test OOD3: 61.28% 
Epoch: 50, Loss: 0.6901, Train: 86.61%, Valid: 69.80%, Test In: 70.22% Test OOD1: 62.58% Test OOD2: 51.81% Test OOD3: 61.34% 
Epoch: 51, Loss: 0.6815, Train: 86.94%, Valid: 69.76%, Test In: 70.17% Test OOD1: 62.46% Test OOD2: 51.76% Test OOD3: 61.25% 
Epoch: 52, Loss: 0.6745, Train: 87.34%, Valid: 69.49%, Test In: 69.95% Test OOD1: 62.18% Test OOD2: 51.71% Test OOD3: 61.11% 
Epoch: 53, Loss: 0.6702, Train: 87.40%, Valid: 69.63%, Test In: 70.06% Test OOD1: 62.39% Test OOD2: 51.64% Test OOD3: 61.10% 
Epoch: 54, Loss: 0.6648, Train: 88.00%, Valid: 69.42%, Test In: 69.89% Test OOD1: 62.25% Test OOD2: 51.61% Test OOD3: 61.00% 
Epoch: 55, Loss: 0.6524, Train: 88.10%, Valid: 69.22%, Test In: 69.74% Test OOD1: 62.14% Test OOD2: 51.54% Test OOD3: 60.91% 
Epoch: 56, Loss: 0.6495, Train: 88.29%, Valid: 69.32%, Test In: 69.83% Test OOD1: 62.33% Test OOD2: 51.50% Test OOD3: 60.87% 
Epoch: 57, Loss: 0.6419, Train: 88.97%, Valid: 69.07%, Test In: 69.62% Test OOD1: 62.07% Test OOD2: 51.53% Test OOD3: 60.70% 
Epoch: 58, Loss: 0.6342, Train: 88.98%, Valid: 69.08%, Test In: 69.65% Test OOD1: 62.36% Test OOD2: 51.44% Test OOD3: 60.79% 
Epoch: 59, Loss: 0.6243, Train: 89.10%, Valid: 68.95%, Test In: 69.58% Test OOD1: 62.17% Test OOD2: 51.39% Test OOD3: 60.67% 
Epoch: 60, Loss: 0.6192, Train: 89.64%, Valid: 68.87%, Test In: 69.52% Test OOD1: 62.13% Test OOD2: 51.39% Test OOD3: 60.60% 
Epoch: 61, Loss: 0.6091, Train: 89.76%, Valid: 68.87%, Test In: 69.54% Test OOD1: 62.28% Test OOD2: 51.36% Test OOD3: 60.64% 
Epoch: 62, Loss: 0.6058, Train: 90.11%, Valid: 68.70%, Test In: 69.43% Test OOD1: 62.00% Test OOD2: 51.32% Test OOD3: 60.49% 
Epoch: 63, Loss: 0.5956, Train: 90.03%, Valid: 68.73%, Test In: 69.48% Test OOD1: 62.17% Test OOD2: 51.25% Test OOD3: 60.56% 
Epoch: 64, Loss: 0.5906, Train: 90.72%, Valid: 68.61%, Test In: 69.36% Test OOD1: 61.98% Test OOD2: 51.29% Test OOD3: 60.43% 
Epoch: 65, Loss: 0.5861, Train: 90.62%, Valid: 68.68%, Test In: 69.45% Test OOD1: 62.16% Test OOD2: 51.23% Test OOD3: 60.47% 
Epoch: 66, Loss: 0.5822, Train: 90.88%, Valid: 68.64%, Test In: 69.43% Test OOD1: 62.09% Test OOD2: 51.22% Test OOD3: 60.43% 
Epoch: 67, Loss: 0.5700, Train: 91.30%, Valid: 68.48%, Test In: 69.30% Test OOD1: 61.91% Test OOD2: 51.21% Test OOD3: 60.31% 
Epoch: 68, Loss: 0.5672, Train: 91.03%, Valid: 68.66%, Test In: 69.45% Test OOD1: 62.22% Test OOD2: 51.15% Test OOD3: 60.38% 
Epoch: 69, Loss: 0.5627, Train: 91.67%, Valid: 68.51%, Test In: 69.31% Test OOD1: 62.08% Test OOD2: 51.20% Test OOD3: 60.25% 
Epoch: 70, Loss: 0.5517, Train: 91.77%, Valid: 68.50%, Test In: 69.32% Test OOD1: 61.91% Test OOD2: 51.17% Test OOD3: 60.15% 
Epoch: 71, Loss: 0.5455, Train: 91.67%, Valid: 68.60%, Test In: 69.40% Test OOD1: 62.18% Test OOD2: 51.13% Test OOD3: 60.24% 
Epoch: 72, Loss: 0.5418, Train: 92.30%, Valid: 68.45%, Test In: 69.27% Test OOD1: 62.06% Test OOD2: 51.18% Test OOD3: 60.14% 
Epoch: 73, Loss: 0.5350, Train: 92.23%, Valid: 68.53%, Test In: 69.37% Test OOD1: 62.07% Test OOD2: 51.15% Test OOD3: 60.13% 
Epoch: 74, Loss: 0.5309, Train: 92.45%, Valid: 68.50%, Test In: 69.35% Test OOD1: 62.17% Test OOD2: 51.14% Test OOD3: 60.14% 
Epoch: 75, Loss: 0.5216, Train: 92.71%, Valid: 68.48%, Test In: 69.33% Test OOD1: 62.11% Test OOD2: 51.14% Test OOD3: 60.05% 
Epoch: 76, Loss: 0.5122, Train: 92.86%, Valid: 68.46%, Test In: 69.31% Test OOD1: 62.04% Test OOD2: 51.12% Test OOD3: 59.97% 
Epoch: 77, Loss: 0.5119, Train: 93.10%, Valid: 68.36%, Test In: 69.23% Test OOD1: 62.15% Test OOD2: 51.15% Test OOD3: 59.98% 
Epoch: 78, Loss: 0.5096, Train: 93.04%, Valid: 68.50%, Test In: 69.34% Test OOD1: 62.14% Test OOD2: 51.10% Test OOD3: 59.91% 
Epoch: 79, Loss: 0.5011, Train: 93.64%, Valid: 68.31%, Test In: 69.22% Test OOD1: 62.03% Test OOD2: 51.19% Test OOD3: 59.81% 
Epoch: 80, Loss: 0.4960, Train: 93.51%, Valid: 68.43%, Test In: 69.35% Test OOD1: 62.13% Test OOD2: 51.14% Test OOD3: 59.85% 
Epoch: 81, Loss: 0.4874, Train: 93.69%, Valid: 68.44%, Test In: 69.35% Test OOD1: 62.06% Test OOD2: 51.15% Test OOD3: 59.75% 
Epoch: 82, Loss: 0.4818, Train: 94.20%, Valid: 68.21%, Test In: 69.21% Test OOD1: 62.07% Test OOD2: 51.22% Test OOD3: 59.73% 
Epoch: 83, Loss: 0.4837, Train: 93.90%, Valid: 68.41%, Test In: 69.38% Test OOD1: 62.21% Test OOD2: 51.15% Test OOD3: 59.79% 
Epoch: 84, Loss: 0.4780, Train: 94.28%, Valid: 68.30%, Test In: 69.31% Test OOD1: 61.87% Test OOD2: 51.18% Test OOD3: 59.55% 
Epoch: 85, Loss: 0.4739, Train: 94.49%, Valid: 68.19%, Test In: 69.25% Test OOD1: 62.14% Test OOD2: 51.26% Test OOD3: 59.66% 
Epoch: 86, Loss: 0.4720, Train: 94.54%, Valid: 68.24%, Test In: 69.31% Test OOD1: 62.01% Test OOD2: 51.22% Test OOD3: 59.60% 
Epoch: 87, Loss: 0.4585, Train: 94.46%, Valid: 68.29%, Test In: 69.34% Test OOD1: 61.56% Test OOD2: 51.18% Test OOD3: 59.26% 
Epoch: 88, Loss: 0.4713, Train: 94.84%, Valid: 68.24%, Test In: 69.32% Test OOD1: 62.11% Test OOD2: 51.28% Test OOD3: 59.50% 
Epoch: 89, Loss: 0.4554, Train: 95.16%, Valid: 67.99%, Test In: 69.14% Test OOD1: 61.90% Test OOD2: 51.29% Test OOD3: 59.51% 
Epoch: 90, Loss: 0.4594, Train: 95.16%, Valid: 68.17%, Test In: 69.29% Test OOD1: 62.04% Test OOD2: 51.25% Test OOD3: 59.47% 
Epoch: 91, Loss: 0.4396, Train: 95.00%, Valid: 68.20%, Test In: 69.31% Test OOD1: 61.79% Test OOD2: 51.18% Test OOD3: 59.33% 
Epoch: 92, Loss: 0.4446, Train: 95.66%, Valid: 68.00%, Test In: 69.20% Test OOD1: 61.74% Test OOD2: 51.26% Test OOD3: 59.33% 
Epoch: 93, Loss: 0.4262, Train: 95.53%, Valid: 68.02%, Test In: 69.16% Test OOD1: 61.89% Test OOD2: 51.28% Test OOD3: 59.43% 
Epoch: 94, Loss: 0.4343, Train: 96.14%, Valid: 67.82%, Test In: 69.06% Test OOD1: 61.50% Test OOD2: 51.31% Test OOD3: 59.19% 
Epoch: 95, Loss: 0.4322, Train: 95.60%, Valid: 68.16%, Test In: 69.27% Test OOD1: 61.78% Test OOD2: 51.21% Test OOD3: 59.29% 
Epoch: 96, Loss: 0.4319, Train: 96.08%, Valid: 67.95%, Test In: 69.14% Test OOD1: 61.50% Test OOD2: 51.23% Test OOD3: 59.21% 
Epoch: 97, Loss: 0.4148, Train: 96.27%, Valid: 67.92%, Test In: 69.11% Test OOD1: 61.80% Test OOD2: 51.32% Test OOD3: 59.32% 
Epoch: 98, Loss: 0.4011, Train: 96.29%, Valid: 67.87%, Test In: 69.07% Test OOD1: 61.99% Test OOD2: 51.33% Test OOD3: 59.38% 
Epoch: 99, Loss: 0.4029, Train: 96.62%, Valid: 67.72%, Test In: 68.97% Test OOD1: 61.73% Test OOD2: 51.29% Test OOD3: 59.25% 
Epoch: 100, Loss: 0.3990, Train: 96.31%, Valid: 67.92%, Test In: 69.11% Test OOD1: 61.92% Test OOD2: 51.24% Test OOD3: 59.28% 
Epoch: 101, Loss: 0.3952, Train: 96.76%, Valid: 67.77%, Test In: 69.03% Test OOD1: 61.72% Test OOD2: 51.26% Test OOD3: 59.18% 
Epoch: 102, Loss: 0.3867, Train: 96.91%, Valid: 67.75%, Test In: 69.02% Test OOD1: 61.71% Test OOD2: 51.30% Test OOD3: 59.19% 
Epoch: 103, Loss: 0.3846, Train: 96.96%, Valid: 67.77%, Test In: 69.03% Test OOD1: 61.74% Test OOD2: 51.29% Test OOD3: 59.19% 
Epoch: 104, Loss: 0.3788, Train: 97.17%, Valid: 67.72%, Test In: 69.03% Test OOD1: 61.51% Test OOD2: 51.25% Test OOD3: 59.07% 
Epoch: 105, Loss: 0.3678, Train: 97.12%, Valid: 67.78%, Test In: 69.07% Test OOD1: 61.59% Test OOD2: 51.23% Test OOD3: 59.10% 
Epoch: 106, Loss: 0.3632, Train: 97.37%, Valid: 67.63%, Test In: 68.95% Test OOD1: 61.64% Test OOD2: 51.25% Test OOD3: 59.12% 
Epoch: 107, Loss: 0.3622, Train: 97.46%, Valid: 67.57%, Test In: 68.90% Test OOD1: 61.70% Test OOD2: 51.28% Test OOD3: 59.15% 
Epoch: 108, Loss: 0.3637, Train: 97.49%, Valid: 67.53%, Test In: 68.89% Test OOD1: 61.77% Test OOD2: 51.27% Test OOD3: 59.18% 
Epoch: 109, Loss: 0.3575, Train: 97.56%, Valid: 67.55%, Test In: 68.92% Test OOD1: 61.72% Test OOD2: 51.28% Test OOD3: 59.14% 
Epoch: 110, Loss: 0.3459, Train: 97.72%, Valid: 67.50%, Test In: 68.90% Test OOD1: 61.63% Test OOD2: 51.29% Test OOD3: 59.10% 
Epoch: 111, Loss: 0.3353, Train: 97.84%, Valid: 67.48%, Test In: 68.88% Test OOD1: 61.55% Test OOD2: 51.30% Test OOD3: 59.01% 
Epoch: 112, Loss: 0.3323, Train: 97.92%, Valid: 67.47%, Test In: 68.86% Test OOD1: 61.38% Test OOD2: 51.29% Test OOD3: 58.91% 
Epoch: 113, Loss: 0.3334, Train: 97.99%, Valid: 67.42%, Test In: 68.84% Test OOD1: 61.40% Test OOD2: 51.30% Test OOD3: 58.86% 
Epoch: 114, Loss: 0.3351, Train: 98.11%, Valid: 67.41%, Test In: 68.79% Test OOD1: 61.35% Test OOD2: 51.34% Test OOD3: 58.87% 
Epoch: 115, Loss: 0.3314, Train: 98.19%, Valid: 67.37%, Test In: 68.75% Test OOD1: 61.45% Test OOD2: 51.37% Test OOD3: 58.91% 
Epoch: 116, Loss: 0.3216, Train: 98.26%, Valid: 67.39%, Test In: 68.76% Test OOD1: 61.48% Test OOD2: 51.39% Test OOD3: 58.91% 
Epoch: 117, Loss: 0.3093, Train: 98.33%, Valid: 67.37%, Test In: 68.73% Test OOD1: 61.49% Test OOD2: 51.42% Test OOD3: 58.93% 
Epoch: 118, Loss: 0.3013, Train: 98.46%, Valid: 67.31%, Test In: 68.69% Test OOD1: 61.48% Test OOD2: 51.45% Test OOD3: 58.89% 
Epoch: 119, Loss: 0.2998, Train: 98.54%, Valid: 67.30%, Test In: 68.67% Test OOD1: 61.38% Test OOD2: 51.48% Test OOD3: 58.84% 
Epoch: 120, Loss: 0.3015, Train: 98.57%, Valid: 67.29%, Test In: 68.67% Test OOD1: 61.38% Test OOD2: 51.50% Test OOD3: 58.83% 
Epoch: 121, Loss: 0.3039, Train: 98.73%, Valid: 67.25%, Test In: 68.63% Test OOD1: 61.29% Test OOD2: 51.54% Test OOD3: 58.76% 
Epoch: 122, Loss: 0.3015, Train: 98.72%, Valid: 67.28%, Test In: 68.64% Test OOD1: 61.39% Test OOD2: 51.58% Test OOD3: 58.84% 
Epoch: 123, Loss: 0.2930, Train: 98.87%, Valid: 67.22%, Test In: 68.59% Test OOD1: 61.26% Test OOD2: 51.60% Test OOD3: 58.73% 
Epoch: 124, Loss: 0.2788, Train: 98.86%, Valid: 67.25%, Test In: 68.58% Test OOD1: 61.33% Test OOD2: 51.64% Test OOD3: 58.79% 
Epoch: 125, Loss: 0.2699, Train: 98.98%, Valid: 67.16%, Test In: 68.52% Test OOD1: 61.34% Test OOD2: 51.65% Test OOD3: 58.74% 
Epoch: 126, Loss: 0.2698, Train: 99.03%, Valid: 67.13%, Test In: 68.47% Test OOD1: 61.29% Test OOD2: 51.68% Test OOD3: 58.70% 
Epoch: 127, Loss: 0.2728, Train: 99.03%, Valid: 67.10%, Test In: 68.45% Test OOD1: 61.33% Test OOD2: 51.70% Test OOD3: 58.70% 
Epoch: 128, Loss: 0.2733, Train: 99.15%, Valid: 67.05%, Test In: 68.41% Test OOD1: 61.23% Test OOD2: 51.71% Test OOD3: 58.61% 
Epoch: 129, Loss: 0.2664, Train: 99.16%, Valid: 66.99%, Test In: 68.36% Test OOD1: 61.19% Test OOD2: 51.75% Test OOD3: 58.65% 
Epoch: 130, Loss: 0.2550, Train: 99.22%, Valid: 67.02%, Test In: 68.39% Test OOD1: 61.19% Test OOD2: 51.73% Test OOD3: 58.60% 
Epoch: 131, Loss: 0.2464, Train: 99.28%, Valid: 66.89%, Test In: 68.30% Test OOD1: 61.09% Test OOD2: 51.78% Test OOD3: 58.61% 
Epoch: 132, Loss: 0.2427, Train: 99.32%, Valid: 66.90%, Test In: 68.31% Test OOD1: 61.19% Test OOD2: 51.76% Test OOD3: 58.63% 
Epoch: 133, Loss: 0.2435, Train: 99.37%, Valid: 66.81%, Test In: 68.27% Test OOD1: 61.08% Test OOD2: 51.78% Test OOD3: 58.59% 
Epoch: 134, Loss: 0.2439, Train: 99.39%, Valid: 66.78%, Test In: 68.26% Test OOD1: 61.15% Test OOD2: 51.80% Test OOD3: 58.67% 
Epoch: 135, Loss: 0.2420, Train: 99.46%, Valid: 66.77%, Test In: 68.28% Test OOD1: 61.08% Test OOD2: 51.78% Test OOD3: 58.61% 
Epoch: 136, Loss: 0.2358, Train: 99.45%, Valid: 66.72%, Test In: 68.26% Test OOD1: 61.03% Test OOD2: 51.82% Test OOD3: 58.67% 
Epoch: 137, Loss: 0.2274, Train: 99.51%, Valid: 66.73%, Test In: 68.27% Test OOD1: 61.13% Test OOD2: 51.80% Test OOD3: 58.67% 
Epoch: 138, Loss: 0.2205, Train: 99.52%, Valid: 66.61%, Test In: 68.21% Test OOD1: 61.01% Test OOD2: 51.85% Test OOD3: 58.69% 
Epoch: 139, Loss: 0.2155, Train: 99.54%, Valid: 66.68%, Test In: 68.25% Test OOD1: 61.09% Test OOD2: 51.81% Test OOD3: 58.68% 
Epoch: 140, Loss: 0.2149, Train: 99.61%, Valid: 66.49%, Test In: 68.12% Test OOD1: 60.91% Test OOD2: 51.84% Test OOD3: 58.61% 
Epoch: 141, Loss: 0.2152, Train: 99.60%, Valid: 66.56%, Test In: 68.15% Test OOD1: 60.99% Test OOD2: 51.83% Test OOD3: 58.66% 
Epoch: 142, Loss: 0.2154, Train: 99.65%, Valid: 66.56%, Test In: 68.17% Test OOD1: 60.81% Test OOD2: 51.80% Test OOD3: 58.55% 
Epoch: 143, Loss: 0.2116, Train: 99.67%, Valid: 66.44%, Test In: 68.10% Test OOD1: 60.79% Test OOD2: 51.85% Test OOD3: 58.61% 
Epoch: 144, Loss: 0.2048, Train: 99.71%, Valid: 66.52%, Test In: 68.16% Test OOD1: 60.80% Test OOD2: 51.81% Test OOD3: 58.55% 
Epoch: 145, Loss: 0.1977, Train: 99.68%, Valid: 66.46%, Test In: 68.14% Test OOD1: 60.67% Test OOD2: 51.83% Test OOD3: 58.53% 
Epoch: 146, Loss: 0.1924, Train: 99.74%, Valid: 66.42%, Test In: 68.09% Test OOD1: 60.79% Test OOD2: 51.83% Test OOD3: 58.58% 
Epoch: 147, Loss: 0.1890, Train: 99.77%, Valid: 66.29%, Test In: 68.02% Test OOD1: 60.60% Test OOD2: 51.84% Test OOD3: 58.50% 
Epoch: 148, Loss: 0.1866, Train: 99.72%, Valid: 66.49%, Test In: 68.16% Test OOD1: 60.75% Test OOD2: 51.82% Test OOD3: 58.55% 
Epoch: 149, Loss: 0.1878, Train: 99.81%, Valid: 66.22%, Test In: 67.97% Test OOD1: 60.53% Test OOD2: 51.82% Test OOD3: 58.46% 
Epoch: 150, Loss: 0.1846, Train: 99.80%, Valid: 66.22%, Test In: 67.98% Test OOD1: 60.54% Test OOD2: 51.83% Test OOD3: 58.50% 
Epoch: 151, Loss: 0.1807, Train: 99.79%, Valid: 66.37%, Test In: 68.12% Test OOD1: 60.49% Test OOD2: 51.78% Test OOD3: 58.43% 
Epoch: 152, Loss: 0.1774, Train: 99.83%, Valid: 66.13%, Test In: 67.97% Test OOD1: 60.35% Test OOD2: 51.79% Test OOD3: 58.40% 
Epoch: 153, Loss: 0.1724, Train: 99.83%, Valid: 66.25%, Test In: 68.04% Test OOD1: 60.48% Test OOD2: 51.79% Test OOD3: 58.46% 
Epoch: 154, Loss: 0.1697, Train: 99.85%, Valid: 66.11%, Test In: 67.99% Test OOD1: 60.25% Test OOD2: 51.80% Test OOD3: 58.36% 
Epoch: 155, Loss: 0.1647, Train: 99.84%, Valid: 66.28%, Test In: 68.12% Test OOD1: 60.46% Test OOD2: 51.79% Test OOD3: 58.42% 
Epoch: 156, Loss: 0.1627, Train: 99.87%, Valid: 66.05%, Test In: 67.96% Test OOD1: 60.27% Test OOD2: 51.83% Test OOD3: 58.36% 
Epoch: 157, Loss: 0.1617, Train: 99.88%, Valid: 66.11%, Test In: 68.00% Test OOD1: 60.42% Test OOD2: 51.83% Test OOD3: 58.40% 
Epoch: 158, Loss: 0.1622, Train: 99.87%, Valid: 66.13%, Test In: 68.01% Test OOD1: 60.26% Test OOD2: 51.82% Test OOD3: 58.29% 
Epoch: 159, Loss: 0.1606, Train: 99.89%, Valid: 66.03%, Test In: 67.94% Test OOD1: 60.30% Test OOD2: 51.84% Test OOD3: 58.33% 
Epoch: 160, Loss: 0.1563, Train: 99.90%, Valid: 66.01%, Test In: 67.90% Test OOD1: 60.26% Test OOD2: 51.83% Test OOD3: 58.26% 
Epoch: 161, Loss: 0.1516, Train: 99.90%, Valid: 65.98%, Test In: 67.89% Test OOD1: 60.16% Test OOD2: 51.83% Test OOD3: 58.21% 
Epoch: 162, Loss: 0.1465, Train: 99.91%, Valid: 66.08%, Test In: 67.93% Test OOD1: 60.27% Test OOD2: 51.83% Test OOD3: 58.22% 
Epoch: 163, Loss: 0.1431, Train: 99.93%, Valid: 65.82%, Test In: 67.77% Test OOD1: 60.08% Test OOD2: 51.85% Test OOD3: 58.16% 
Epoch: 164, Loss: 0.1405, Train: 99.93%, Valid: 65.98%, Test In: 67.88% Test OOD1: 60.27% Test OOD2: 51.86% Test OOD3: 58.22% 
Epoch: 165, Loss: 0.1389, Train: 99.93%, Valid: 65.88%, Test In: 67.80% Test OOD1: 60.09% Test OOD2: 51.87% Test OOD3: 58.12% 
Epoch: 166, Loss: 0.1377, Train: 99.95%, Valid: 65.82%, Test In: 67.75% Test OOD1: 60.17% Test OOD2: 51.88% Test OOD3: 58.17% 
Epoch: 167, Loss: 0.1363, Train: 99.95%, Valid: 65.81%, Test In: 67.73% Test OOD1: 60.12% Test OOD2: 51.88% Test OOD3: 58.11% 
Epoch: 168, Loss: 0.1341, Train: 99.95%, Valid: 65.80%, Test In: 67.72% Test OOD1: 60.09% Test OOD2: 51.87% Test OOD3: 58.10% 
Epoch: 169, Loss: 0.1324, Train: 99.96%, Valid: 65.82%, Test In: 67.71% Test OOD1: 60.15% Test OOD2: 51.87% Test OOD3: 58.09% 
Epoch: 170, Loss: 0.1311, Train: 99.97%, Valid: 65.64%, Test In: 67.60% Test OOD1: 59.97% Test OOD2: 51.86% Test OOD3: 58.02% 
Epoch: 171, Loss: 0.1291, Train: 99.96%, Valid: 65.87%, Test In: 67.76% Test OOD1: 60.15% Test OOD2: 51.84% Test OOD3: 58.04% 
Epoch: 172, Loss: 0.1269, Train: 99.97%, Valid: 65.66%, Test In: 67.62% Test OOD1: 59.96% Test OOD2: 51.85% Test OOD3: 57.98% 
Epoch: 173, Loss: 0.1226, Train: 99.97%, Valid: 65.77%, Test In: 67.69% Test OOD1: 60.14% Test OOD2: 51.83% Test OOD3: 58.04% 
Epoch: 174, Loss: 0.1206, Train: 99.97%, Valid: 65.69%, Test In: 67.63% Test OOD1: 59.94% Test OOD2: 51.83% Test OOD3: 57.94% 
Epoch: 175, Loss: 0.1212, Train: 99.97%, Valid: 65.76%, Test In: 67.68% Test OOD1: 60.10% Test OOD2: 51.81% Test OOD3: 58.02% 
Epoch: 176, Loss: 0.1259, Train: 99.98%, Valid: 65.62%, Test In: 67.58% Test OOD1: 59.88% Test OOD2: 51.83% Test OOD3: 57.91% 
Epoch: 177, Loss: 0.1280, Train: 99.98%, Valid: 65.73%, Test In: 67.68% Test OOD1: 60.06% Test OOD2: 51.83% Test OOD3: 58.01% 
Epoch: 178, Loss: 0.1284, Train: 99.98%, Valid: 65.68%, Test In: 67.64% Test OOD1: 59.87% Test OOD2: 51.84% Test OOD3: 57.90% 
Epoch: 179, Loss: 0.1181, Train: 99.98%, Valid: 65.67%, Test In: 67.65% Test OOD1: 59.91% Test OOD2: 51.86% Test OOD3: 57.96% 
Epoch: 180, Loss: 0.1075, Train: 99.98%, Valid: 65.74%, Test In: 67.71% Test OOD1: 59.99% Test OOD2: 51.85% Test OOD3: 57.98% 
Epoch: 181, Loss: 0.1056, Train: 99.98%, Valid: 65.64%, Test In: 67.66% Test OOD1: 59.80% Test OOD2: 51.87% Test OOD3: 57.91% 
Epoch: 182, Loss: 0.1078, Train: 99.98%, Valid: 65.71%, Test In: 67.72% Test OOD1: 59.96% Test OOD2: 51.86% Test OOD3: 57.99% 
Epoch: 183, Loss: 0.1063, Train: 99.99%, Valid: 65.63%, Test In: 67.65% Test OOD1: 59.85% Test OOD2: 51.88% Test OOD3: 57.93% 
Epoch: 184, Loss: 0.1005, Train: 99.98%, Valid: 65.57%, Test In: 67.62% Test OOD1: 59.78% Test OOD2: 51.88% Test OOD3: 57.91% 
Epoch: 185, Loss: 0.1000, Train: 99.99%, Valid: 65.66%, Test In: 67.69% Test OOD1: 59.94% Test OOD2: 51.88% Test OOD3: 57.95% 
Epoch: 186, Loss: 0.1040, Train: 99.99%, Valid: 65.43%, Test In: 67.52% Test OOD1: 59.64% Test OOD2: 51.90% Test OOD3: 57.86% 
Epoch: 187, Loss: 0.1037, Train: 99.99%, Valid: 65.63%, Test In: 67.67% Test OOD1: 59.87% Test OOD2: 51.88% Test OOD3: 57.92% 
Epoch: 188, Loss: 0.1005, Train: 99.99%, Valid: 65.49%, Test In: 67.58% Test OOD1: 59.70% Test OOD2: 51.89% Test OOD3: 57.89% 
Epoch: 189, Loss: 0.0968, Train: 99.99%, Valid: 65.55%, Test In: 67.62% Test OOD1: 59.74% Test OOD2: 51.88% Test OOD3: 57.88% 
Epoch: 190, Loss: 0.0962, Train: 99.99%, Valid: 65.58%, Test In: 67.66% Test OOD1: 59.77% Test OOD2: 51.87% Test OOD3: 57.94% 
Epoch: 191, Loss: 0.0945, Train: 99.99%, Valid: 65.54%, Test In: 67.62% Test OOD1: 59.68% Test OOD2: 51.87% Test OOD3: 57.90% 
Epoch: 192, Loss: 0.0899, Train: 99.99%, Valid: 65.60%, Test In: 67.68% Test OOD1: 59.78% Test OOD2: 51.86% Test OOD3: 57.97% 
Epoch: 193, Loss: 0.0860, Train: 99.99%, Valid: 65.56%, Test In: 67.65% Test OOD1: 59.71% Test OOD2: 51.85% Test OOD3: 57.95% 
Epoch: 194, Loss: 0.0850, Train: 99.99%, Valid: 65.58%, Test In: 67.65% Test OOD1: 59.72% Test OOD2: 51.85% Test OOD3: 57.92% 
Epoch: 195, Loss: 0.0867, Train: 99.99%, Valid: 65.56%, Test In: 67.65% Test OOD1: 59.71% Test OOD2: 51.85% Test OOD3: 57.93% 
Epoch: 196, Loss: 0.0876, Train: 99.99%, Valid: 65.56%, Test In: 67.64% Test OOD1: 59.66% Test OOD2: 51.84% Test OOD3: 57.87% 
Epoch: 197, Loss: 0.0859, Train: 99.99%, Valid: 65.56%, Test In: 67.64% Test OOD1: 59.67% Test OOD2: 51.84% Test OOD3: 57.90% 
Epoch: 198, Loss: 0.0822, Train: 100.00%, Valid: 65.57%, Test In: 67.64% Test OOD1: 59.67% Test OOD2: 51.84% Test OOD3: 57.89% 
Epoch: 199, Loss: 0.0783, Train: 100.00%, Valid: 65.57%, Test In: 67.64% Test OOD1: 59.65% Test OOD2: 51.83% Test OOD3: 57.89% 
Run 03:
Highest Train: 100.00
Highest Valid: 71.26
Highest In Test: 72.26
Highest OOD Test: 66.07
Highest OOD Test: 53.06
Highest OOD Test: 63.49
Chosen epoch: 31
Final Train: 79.22
Final In Test: 72.26
Final OOD Test: 64.57
Final OOD Test: 52.49
Final OOD Test: 63.26
All runs:
Highest Train: 99.98 ± 0.03
Highest Valid: 71.26 ± 0.14
Highest In Test: 72.26 ± 0.16
Highest OOD Test: 66.10 ± 0.05
Highest OOD Test: 52.87 ± 0.17
Highest OOD Test: 63.47 ± 0.01
  Final Train: 78.90 ± 0.41
   Final In  Test: 72.26 ± 0.16
   Final OOD Test: 64.64 ± 0.18
   Final OOD Test: 52.53 ± 0.07
   Final OOD Test: 63.30 ± 0.11
[INFO] TensorBoard writer closed.

Command: python main.py --dataset twitch --backbone_type gcn --env_type graph --combine_result --store_result --epochs 200 --runs 3 --num_layers 2 --expert_agg mean --tau 3 --lr 0.01 --weight_decay 5e-5 --dropout 0.0 --K 3 --hidden_channels 64 --seed 123 --device 0 --lr 0.005 --weight_decay 5e-05 --dropout 0.0 --lamda 0.5 --K 4 --hidden_channels 32 --other_env_reduce sample --result_name twitch_stage1_lr0.005_weight_decay5e-05_dropout0.0_lamda0.5_K4_hidden_channels32_other_env_reducesample
Return code: 0
Elapsed: 310.40s
