Namespace(K=4, backbone_type='gcn', combine_result=True, cpu=False, data_dir='./data/', dataset='twitch', device=0, display_step=1, dropout=0.0, env_type='graph', epochs=200, expert_agg='mean', gate_hidden=64, hidden_channels=64, infer_env=False, infer_env_components=64, infer_env_iters=30, infer_env_num=3, lamda=2.0, lr=0.005, num_layers=2, other_env_reduce='sample', pos_weight=5.0, result_name='twitch_stage1_lr0.005_weight_decay5e-05_dropout0.0_lamda2.0_K4_hidden_channels64_other_env_reducesample', runs=3, seed=123, store_result=True, tau=3.0, use_bn=False, variant=False, weight_decay=5e-05)
dataset twitch: all nodes 34120 | edges 429113 | classes 2 | feats 3170
train nodes 7897 | valid nodes 3949 | test in nodes 3949
test ood1 nodes 4648 test ood2 nodes 6551 test ood3 nodes 7126 
[INFO] env numbers: 6 train env numbers: 3
MODEL: CaNet(
  (experts): ModuleList(
    (0): ExpertNet(
      (convs): ModuleList(
        (0): CaNetConv()
        (1): CaNetConv()
      )
      (fcs): ModuleList(
        (0): Linear(in_features=3170, out_features=64, bias=True)
        (1): Linear(in_features=64, out_features=2, bias=True)
      )
      (act_fn): ReLU()
    )
    (1): ExpertNet(
      (convs): ModuleList(
        (0): CaNetConv()
        (1): CaNetConv()
      )
      (fcs): ModuleList(
        (0): Linear(in_features=3170, out_features=64, bias=True)
        (1): Linear(in_features=64, out_features=2, bias=True)
      )
      (act_fn): ReLU()
    )
    (2): ExpertNet(
      (convs): ModuleList(
        (0): CaNetConv()
        (1): CaNetConv()
      )
      (fcs): ModuleList(
        (0): Linear(in_features=3170, out_features=64, bias=True)
        (1): Linear(in_features=64, out_features=2, bias=True)
      )
      (act_fn): ReLU()
    )
    (3): ExpertNet(
      (convs): ModuleList(
        (0): CaNetConv()
        (1): CaNetConv()
      )
      (fcs): ModuleList(
        (0): Linear(in_features=3170, out_features=64, bias=True)
        (1): Linear(in_features=64, out_features=2, bias=True)
      )
      (act_fn): ReLU()
    )
  )
  (gate): Sequential(
    (0): Linear(in_features=3170, out_features=64, bias=True)
    (1): ReLU()
    (2): Linear(in_features=64, out_features=4, bias=True)
  )
)
[INFO] TensorBoard logging activated. Logs will be saved to: ./runs/twitch/Apr16_11-59-08_lamda_2.0
Epoch: 00, Loss: 2.0882, Train: 57.24%, Valid: 53.25%, Test In: 54.49% Test OOD1: 46.56% Test OOD2: 51.14% Test OOD3: 50.14% 
Epoch: 01, Loss: 2.0811, Train: 59.04%, Valid: 54.95%, Test In: 56.11% Test OOD1: 47.37% Test OOD2: 51.00% Test OOD3: 50.53% 
Epoch: 02, Loss: 2.0734, Train: 61.37%, Valid: 56.87%, Test In: 57.91% Test OOD1: 48.50% Test OOD2: 51.11% Test OOD3: 51.38% 
Epoch: 03, Loss: 2.0631, Train: 64.00%, Valid: 59.01%, Test In: 59.87% Test OOD1: 49.88% Test OOD2: 51.34% Test OOD3: 52.69% 
Epoch: 04, Loss: 2.0501, Train: 66.89%, Valid: 61.37%, Test In: 62.07% Test OOD1: 51.84% Test OOD2: 51.65% Test OOD3: 54.45% 
Epoch: 05, Loss: 2.0357, Train: 72.55%, Valid: 65.99%, Test In: 66.74% Test OOD1: 57.94% Test OOD2: 52.11% Test OOD3: 58.98% 
Epoch: 06, Loss: 2.0220, Train: 74.01%, Valid: 67.78%, Test In: 68.47% Test OOD1: 63.79% Test OOD2: 51.48% Test OOD3: 61.81% 
Epoch: 07, Loss: 2.0081, Train: 71.56%, Valid: 66.56%, Test In: 66.62% Test OOD1: 63.98% Test OOD2: 51.02% Test OOD3: 61.08% 
Epoch: 08, Loss: 1.9926, Train: 69.62%, Valid: 65.41%, Test In: 65.18% Test OOD1: 63.42% Test OOD2: 50.89% Test OOD3: 60.42% 
Epoch: 09, Loss: 1.9759, Train: 68.87%, Valid: 64.96%, Test In: 64.65% Test OOD1: 63.20% Test OOD2: 50.82% Test OOD3: 60.17% 
Epoch: 10, Loss: 1.9592, Train: 68.92%, Valid: 65.01%, Test In: 64.72% Test OOD1: 63.26% Test OOD2: 50.81% Test OOD3: 60.25% 
Epoch: 11, Loss: 1.9424, Train: 69.51%, Valid: 65.38%, Test In: 65.22% Test OOD1: 63.51% Test OOD2: 50.84% Test OOD3: 60.55% 
Epoch: 12, Loss: 1.9234, Train: 70.46%, Valid: 65.98%, Test In: 66.01% Test OOD1: 63.93% Test OOD2: 50.90% Test OOD3: 61.00% 
Epoch: 13, Loss: 1.9016, Train: 71.64%, Valid: 66.68%, Test In: 66.96% Test OOD1: 64.43% Test OOD2: 50.97% Test OOD3: 61.49% 
Epoch: 14, Loss: 1.8781, Train: 72.79%, Valid: 67.36%, Test In: 67.86% Test OOD1: 64.92% Test OOD2: 51.04% Test OOD3: 61.94% 
Epoch: 15, Loss: 1.8551, Train: 74.21%, Valid: 68.23%, Test In: 68.98% Test OOD1: 65.42% Test OOD2: 51.15% Test OOD3: 62.45% 
Epoch: 16, Loss: 1.8338, Train: 74.89%, Valid: 68.56%, Test In: 69.43% Test OOD1: 65.64% Test OOD2: 51.19% Test OOD3: 62.68% 
Epoch: 17, Loss: 1.8150, Train: 76.55%, Valid: 69.58%, Test In: 70.61% Test OOD1: 65.62% Test OOD2: 51.43% Test OOD3: 63.09% 
Epoch: 18, Loss: 1.7981, Train: 76.79%, Valid: 69.61%, Test In: 70.64% Test OOD1: 65.72% Test OOD2: 51.36% Test OOD3: 63.07% 
Epoch: 19, Loss: 1.7752, Train: 77.48%, Valid: 69.89%, Test In: 70.94% Test OOD1: 65.63% Test OOD2: 51.42% Test OOD3: 63.09% 
Epoch: 20, Loss: 1.7542, Train: 78.44%, Valid: 70.28%, Test In: 71.34% Test OOD1: 65.22% Test OOD2: 51.61% Test OOD3: 63.05% 
Epoch: 21, Loss: 1.7325, Train: 78.87%, Valid: 70.27%, Test In: 71.34% Test OOD1: 65.28% Test OOD2: 51.57% Test OOD3: 62.95% 
Epoch: 22, Loss: 1.7061, Train: 79.25%, Valid: 70.26%, Test In: 71.29% Test OOD1: 65.44% Test OOD2: 51.50% Test OOD3: 62.85% 
Epoch: 23, Loss: 1.6859, Train: 80.22%, Valid: 70.50%, Test In: 71.54% Test OOD1: 64.68% Test OOD2: 51.70% Test OOD3: 62.58% 
Epoch: 24, Loss: 1.6696, Train: 80.38%, Valid: 70.40%, Test In: 71.39% Test OOD1: 65.16% Test OOD2: 51.58% Test OOD3: 62.56% 
Epoch: 25, Loss: 1.6503, Train: 80.79%, Valid: 70.30%, Test In: 71.27% Test OOD1: 65.09% Test OOD2: 51.55% Test OOD3: 62.40% 
Epoch: 26, Loss: 1.6277, Train: 81.55%, Valid: 70.35%, Test In: 71.25% Test OOD1: 64.28% Test OOD2: 51.77% Test OOD3: 62.05% 
Epoch: 27, Loss: 1.6101, Train: 81.97%, Valid: 70.23%, Test In: 71.07% Test OOD1: 64.22% Test OOD2: 51.77% Test OOD3: 61.89% 
Epoch: 28, Loss: 1.5862, Train: 82.14%, Valid: 70.03%, Test In: 70.80% Test OOD1: 64.61% Test OOD2: 51.63% Test OOD3: 61.87% 
Epoch: 29, Loss: 1.5731, Train: 82.75%, Valid: 69.94%, Test In: 70.63% Test OOD1: 64.10% Test OOD2: 51.75% Test OOD3: 61.61% 
Epoch: 30, Loss: 1.5483, Train: 83.31%, Valid: 69.73%, Test In: 70.42% Test OOD1: 63.51% Test OOD2: 51.83% Test OOD3: 61.33% 
Epoch: 31, Loss: 1.5311, Train: 83.57%, Valid: 69.60%, Test In: 70.25% Test OOD1: 63.49% Test OOD2: 51.74% Test OOD3: 61.24% 
Epoch: 32, Loss: 1.5119, Train: 84.06%, Valid: 69.44%, Test In: 70.09% Test OOD1: 63.27% Test OOD2: 51.75% Test OOD3: 61.13% 
Epoch: 33, Loss: 1.4949, Train: 84.23%, Valid: 69.35%, Test In: 69.97% Test OOD1: 63.07% Test OOD2: 51.67% Test OOD3: 61.03% 
Epoch: 34, Loss: 1.4704, Train: 84.82%, Valid: 69.24%, Test In: 69.88% Test OOD1: 62.64% Test OOD2: 51.70% Test OOD3: 60.90% 
Epoch: 35, Loss: 1.4500, Train: 85.03%, Valid: 69.12%, Test In: 69.78% Test OOD1: 62.25% Test OOD2: 51.66% Test OOD3: 60.73% 
Epoch: 36, Loss: 1.4363, Train: 85.17%, Valid: 69.14%, Test In: 69.80% Test OOD1: 62.59% Test OOD2: 51.52% Test OOD3: 60.82% 
Epoch: 37, Loss: 1.4214, Train: 85.90%, Valid: 69.01%, Test In: 69.74% Test OOD1: 62.15% Test OOD2: 51.59% Test OOD3: 60.66% 
Epoch: 38, Loss: 1.4021, Train: 85.77%, Valid: 68.97%, Test In: 69.63% Test OOD1: 61.89% Test OOD2: 51.50% Test OOD3: 60.48% 
Epoch: 39, Loss: 1.3831, Train: 86.17%, Valid: 68.90%, Test In: 69.57% Test OOD1: 61.74% Test OOD2: 51.47% Test OOD3: 60.36% 
Epoch: 40, Loss: 1.3510, Train: 86.65%, Valid: 68.86%, Test In: 69.58% Test OOD1: 61.96% Test OOD2: 51.43% Test OOD3: 60.38% 
Epoch: 41, Loss: 1.3441, Train: 86.67%, Valid: 68.79%, Test In: 69.49% Test OOD1: 61.70% Test OOD2: 51.35% Test OOD3: 60.20% 
Epoch: 42, Loss: 1.3228, Train: 87.02%, Valid: 68.68%, Test In: 69.39% Test OOD1: 61.38% Test OOD2: 51.36% Test OOD3: 60.00% 
Epoch: 43, Loss: 1.3036, Train: 87.27%, Valid: 68.64%, Test In: 69.33% Test OOD1: 61.71% Test OOD2: 51.29% Test OOD3: 60.05% 
Epoch: 44, Loss: 1.2783, Train: 87.46%, Valid: 68.56%, Test In: 69.29% Test OOD1: 61.51% Test OOD2: 51.26% Test OOD3: 59.94% 
Epoch: 45, Loss: 1.2696, Train: 87.95%, Valid: 68.46%, Test In: 69.20% Test OOD1: 61.48% Test OOD2: 51.28% Test OOD3: 59.86% 
Epoch: 46, Loss: 1.2520, Train: 87.75%, Valid: 68.43%, Test In: 69.12% Test OOD1: 61.43% Test OOD2: 51.18% Test OOD3: 59.80% 
Epoch: 47, Loss: 1.2331, Train: 88.44%, Valid: 68.36%, Test In: 69.10% Test OOD1: 61.38% Test OOD2: 51.24% Test OOD3: 59.76% 
Epoch: 48, Loss: 1.2107, Train: 88.72%, Valid: 68.32%, Test In: 69.06% Test OOD1: 61.49% Test OOD2: 51.22% Test OOD3: 59.76% 
Epoch: 49, Loss: 1.1933, Train: 88.54%, Valid: 68.30%, Test In: 68.99% Test OOD1: 61.21% Test OOD2: 51.15% Test OOD3: 59.65% 
Epoch: 50, Loss: 1.1873, Train: 89.45%, Valid: 68.22%, Test In: 69.01% Test OOD1: 61.29% Test OOD2: 51.24% Test OOD3: 59.65% 
Epoch: 51, Loss: 1.1668, Train: 89.39%, Valid: 68.27%, Test In: 68.97% Test OOD1: 61.39% Test OOD2: 51.19% Test OOD3: 59.65% 
Epoch: 52, Loss: 1.1433, Train: 89.64%, Valid: 68.15%, Test In: 68.88% Test OOD1: 60.83% Test OOD2: 51.18% Test OOD3: 59.42% 
Epoch: 53, Loss: 1.1363, Train: 90.04%, Valid: 68.21%, Test In: 68.95% Test OOD1: 61.49% Test OOD2: 51.24% Test OOD3: 59.63% 
Epoch: 54, Loss: 1.1279, Train: 90.34%, Valid: 68.13%, Test In: 68.86% Test OOD1: 61.09% Test OOD2: 51.21% Test OOD3: 59.44% 
Epoch: 55, Loss: 1.0955, Train: 90.53%, Valid: 68.07%, Test In: 68.78% Test OOD1: 60.82% Test OOD2: 51.21% Test OOD3: 59.28% 
Epoch: 56, Loss: 1.0815, Train: 90.74%, Valid: 68.17%, Test In: 68.80% Test OOD1: 61.50% Test OOD2: 51.26% Test OOD3: 59.48% 
Epoch: 57, Loss: 1.0804, Train: 91.28%, Valid: 67.98%, Test In: 68.66% Test OOD1: 60.79% Test OOD2: 51.25% Test OOD3: 59.16% 
Epoch: 58, Loss: 1.0536, Train: 91.22%, Valid: 68.10%, Test In: 68.69% Test OOD1: 61.05% Test OOD2: 51.20% Test OOD3: 59.22% 
Epoch: 59, Loss: 1.0237, Train: 91.77%, Valid: 68.08%, Test In: 68.68% Test OOD1: 61.28% Test OOD2: 51.29% Test OOD3: 59.26% 
Epoch: 60, Loss: 1.0062, Train: 92.06%, Valid: 67.89%, Test In: 68.53% Test OOD1: 60.81% Test OOD2: 51.27% Test OOD3: 59.02% 
Epoch: 61, Loss: 0.9993, Train: 91.92%, Valid: 68.08%, Test In: 68.59% Test OOD1: 61.16% Test OOD2: 51.22% Test OOD3: 59.11% 
Epoch: 62, Loss: 1.0013, Train: 92.63%, Valid: 67.86%, Test In: 68.47% Test OOD1: 60.83% Test OOD2: 51.33% Test OOD3: 58.92% 
Epoch: 63, Loss: 0.9577, Train: 92.93%, Valid: 67.87%, Test In: 68.47% Test OOD1: 60.95% Test OOD2: 51.33% Test OOD3: 58.94% 
Epoch: 64, Loss: 0.9292, Train: 92.77%, Valid: 67.97%, Test In: 68.49% Test OOD1: 61.06% Test OOD2: 51.27% Test OOD3: 58.97% 
Epoch: 65, Loss: 0.9339, Train: 93.35%, Valid: 67.68%, Test In: 68.34% Test OOD1: 60.80% Test OOD2: 51.34% Test OOD3: 58.83% 
Epoch: 66, Loss: 0.9159, Train: 93.59%, Valid: 67.86%, Test In: 68.47% Test OOD1: 61.30% Test OOD2: 51.38% Test OOD3: 58.98% 
Epoch: 67, Loss: 0.9022, Train: 93.74%, Valid: 67.68%, Test In: 68.30% Test OOD1: 60.75% Test OOD2: 51.33% Test OOD3: 58.71% 
Epoch: 68, Loss: 0.8618, Train: 94.10%, Valid: 67.65%, Test In: 68.30% Test OOD1: 60.81% Test OOD2: 51.33% Test OOD3: 58.71% 
Epoch: 69, Loss: 0.8405, Train: 94.37%, Valid: 67.71%, Test In: 68.37% Test OOD1: 61.19% Test OOD2: 51.36% Test OOD3: 58.83% 
Epoch: 70, Loss: 0.8393, Train: 94.63%, Valid: 67.37%, Test In: 68.15% Test OOD1: 60.73% Test OOD2: 51.36% Test OOD3: 58.63% 
Epoch: 71, Loss: 0.8334, Train: 94.59%, Valid: 67.69%, Test In: 68.33% Test OOD1: 61.13% Test OOD2: 51.32% Test OOD3: 58.73% 
Epoch: 72, Loss: 0.8280, Train: 95.24%, Valid: 67.31%, Test In: 68.11% Test OOD1: 60.72% Test OOD2: 51.38% Test OOD3: 58.52% 
Epoch: 73, Loss: 0.7843, Train: 95.35%, Valid: 67.38%, Test In: 68.13% Test OOD1: 60.84% Test OOD2: 51.37% Test OOD3: 58.53% 
Epoch: 74, Loss: 0.7542, Train: 95.49%, Valid: 67.45%, Test In: 68.16% Test OOD1: 60.94% Test OOD2: 51.33% Test OOD3: 58.54% 
Epoch: 75, Loss: 0.7491, Train: 95.87%, Valid: 67.09%, Test In: 67.96% Test OOD1: 60.70% Test OOD2: 51.39% Test OOD3: 58.44% 
Epoch: 76, Loss: 0.7382, Train: 95.95%, Valid: 67.31%, Test In: 68.10% Test OOD1: 61.05% Test OOD2: 51.39% Test OOD3: 58.56% 
Epoch: 77, Loss: 0.7360, Train: 96.37%, Valid: 66.94%, Test In: 67.88% Test OOD1: 60.60% Test OOD2: 51.38% Test OOD3: 58.32% 
Epoch: 78, Loss: 0.7141, Train: 96.45%, Valid: 67.08%, Test In: 67.93% Test OOD1: 60.79% Test OOD2: 51.39% Test OOD3: 58.38% 
Epoch: 79, Loss: 0.6823, Train: 96.74%, Valid: 66.90%, Test In: 67.87% Test OOD1: 60.70% Test OOD2: 51.45% Test OOD3: 58.32% 
Epoch: 80, Loss: 0.6591, Train: 97.02%, Valid: 66.70%, Test In: 67.71% Test OOD1: 60.64% Test OOD2: 51.43% Test OOD3: 58.26% 
Epoch: 81, Loss: 0.6517, Train: 97.03%, Valid: 66.92%, Test In: 67.83% Test OOD1: 60.87% Test OOD2: 51.46% Test OOD3: 58.34% 
Epoch: 82, Loss: 0.6490, Train: 97.25%, Valid: 66.39%, Test In: 67.55% Test OOD1: 60.46% Test OOD2: 51.53% Test OOD3: 58.16% 
Epoch: 83, Loss: 0.6341, Train: 97.63%, Valid: 66.66%, Test In: 67.64% Test OOD1: 60.77% Test OOD2: 51.46% Test OOD3: 58.23% 
Epoch: 84, Loss: 0.6105, Train: 97.66%, Valid: 66.45%, Test In: 67.55% Test OOD1: 60.50% Test OOD2: 51.50% Test OOD3: 58.10% 
Epoch: 85, Loss: 0.5733, Train: 97.65%, Valid: 66.21%, Test In: 67.45% Test OOD1: 60.40% Test OOD2: 51.60% Test OOD3: 58.07% 
Epoch: 86, Loss: 0.5781, Train: 98.16%, Valid: 66.39%, Test In: 67.46% Test OOD1: 60.81% Test OOD2: 51.48% Test OOD3: 58.21% 
Epoch: 87, Loss: 0.5882, Train: 98.06%, Valid: 66.03%, Test In: 67.25% Test OOD1: 60.46% Test OOD2: 51.54% Test OOD3: 58.11% 
Epoch: 88, Loss: 0.5601, Train: 98.02%, Valid: 66.28%, Test In: 67.55% Test OOD1: 60.74% Test OOD2: 51.62% Test OOD3: 58.29% 
Epoch: 89, Loss: 0.5614, Train: 98.54%, Valid: 65.81%, Test In: 67.13% Test OOD1: 60.43% Test OOD2: 51.51% Test OOD3: 58.05% 
Epoch: 90, Loss: 0.5163, Train: 98.54%, Valid: 65.97%, Test In: 67.20% Test OOD1: 60.42% Test OOD2: 51.47% Test OOD3: 58.00% 
Epoch: 91, Loss: 0.5125, Train: 98.58%, Valid: 66.06%, Test In: 67.30% Test OOD1: 60.36% Test OOD2: 51.55% Test OOD3: 58.00% 
Epoch: 92, Loss: 0.4821, Train: 98.42%, Valid: 65.80%, Test In: 67.25% Test OOD1: 60.22% Test OOD2: 51.60% Test OOD3: 57.99% 
Epoch: 93, Loss: 0.5141, Train: 98.96%, Valid: 65.90%, Test In: 67.19% Test OOD1: 60.83% Test OOD2: 51.43% Test OOD3: 58.27% 
Epoch: 94, Loss: 0.4898, Train: 98.89%, Valid: 65.57%, Test In: 67.04% Test OOD1: 60.55% Test OOD2: 51.47% Test OOD3: 58.16% 
Epoch: 95, Loss: 0.5289, Train: 99.02%, Valid: 65.87%, Test In: 67.35% Test OOD1: 60.86% Test OOD2: 51.50% Test OOD3: 58.39% 
Epoch: 96, Loss: 0.4365, Train: 98.51%, Valid: 65.96%, Test In: 67.55% Test OOD1: 60.48% Test OOD2: 51.61% Test OOD3: 58.29% 
Epoch: 97, Loss: 0.5619, Train: 99.17%, Valid: 65.45%, Test In: 67.08% Test OOD1: 60.32% Test OOD2: 51.41% Test OOD3: 58.01% 
Epoch: 98, Loss: 0.4192, Train: 99.28%, Valid: 65.51%, Test In: 67.19% Test OOD1: 60.30% Test OOD2: 51.39% Test OOD3: 57.97% 
Epoch: 99, Loss: 0.7666, Train: 99.30%, Valid: 65.20%, Test In: 66.90% Test OOD1: 60.04% Test OOD2: 51.42% Test OOD3: 57.82% 
Epoch: 100, Loss: 0.4033, Train: 99.05%, Valid: 65.89%, Test In: 67.31% Test OOD1: 60.28% Test OOD2: 51.50% Test OOD3: 57.98% 
Epoch: 101, Loss: 0.4580, Train: 98.96%, Valid: 65.89%, Test In: 67.41% Test OOD1: 60.32% Test OOD2: 51.54% Test OOD3: 58.12% 
Epoch: 102, Loss: 0.4951, Train: 99.45%, Valid: 65.61%, Test In: 67.24% Test OOD1: 60.67% Test OOD2: 51.43% Test OOD3: 58.34% 
Epoch: 103, Loss: 0.3514, Train: 99.56%, Valid: 65.38%, Test In: 67.17% Test OOD1: 60.71% Test OOD2: 51.32% Test OOD3: 58.37% 
Epoch: 104, Loss: 0.3629, Train: 99.53%, Valid: 65.22%, Test In: 67.12% Test OOD1: 60.51% Test OOD2: 51.34% Test OOD3: 58.33% 
Epoch: 105, Loss: 0.4210, Train: 99.64%, Valid: 65.37%, Test In: 67.23% Test OOD1: 60.76% Test OOD2: 51.27% Test OOD3: 58.44% 
Epoch: 106, Loss: 0.4156, Train: 99.62%, Valid: 65.24%, Test In: 67.20% Test OOD1: 60.57% Test OOD2: 51.32% Test OOD3: 58.43% 
Epoch: 107, Loss: 0.3559, Train: 99.64%, Valid: 65.61%, Test In: 67.42% Test OOD1: 60.74% Test OOD2: 51.34% Test OOD3: 58.58% 
Epoch: 108, Loss: 0.3272, Train: 99.59%, Valid: 65.58%, Test In: 67.47% Test OOD1: 60.43% Test OOD2: 51.42% Test OOD3: 58.45% 
Epoch: 109, Loss: 0.3340, Train: 99.66%, Valid: 65.53%, Test In: 67.38% Test OOD1: 60.21% Test OOD2: 51.40% Test OOD3: 58.26% 
Epoch: 110, Loss: 0.3075, Train: 99.74%, Valid: 65.44%, Test In: 67.27% Test OOD1: 60.02% Test OOD2: 51.33% Test OOD3: 58.06% 
Epoch: 111, Loss: 0.2826, Train: 99.76%, Valid: 65.18%, Test In: 67.06% Test OOD1: 59.74% Test OOD2: 51.30% Test OOD3: 57.84% 
Epoch: 112, Loss: 0.2726, Train: 99.82%, Valid: 65.21%, Test In: 67.01% Test OOD1: 59.83% Test OOD2: 51.21% Test OOD3: 57.78% 
Epoch: 113, Loss: 0.2703, Train: 99.81%, Valid: 65.00%, Test In: 66.89% Test OOD1: 59.60% Test OOD2: 51.23% Test OOD3: 57.62% 
Epoch: 114, Loss: 0.2653, Train: 99.85%, Valid: 65.12%, Test In: 66.89% Test OOD1: 59.76% Test OOD2: 51.17% Test OOD3: 57.65% 
Epoch: 115, Loss: 0.2569, Train: 99.85%, Valid: 65.05%, Test In: 66.84% Test OOD1: 59.73% Test OOD2: 51.20% Test OOD3: 57.60% 
Epoch: 116, Loss: 0.2422, Train: 99.86%, Valid: 65.11%, Test In: 66.85% Test OOD1: 59.79% Test OOD2: 51.21% Test OOD3: 57.64% 
Epoch: 117, Loss: 0.2299, Train: 99.87%, Valid: 65.20%, Test In: 66.90% Test OOD1: 59.87% Test OOD2: 51.21% Test OOD3: 57.68% 
Epoch: 118, Loss: 0.2228, Train: 99.87%, Valid: 65.13%, Test In: 66.91% Test OOD1: 59.81% Test OOD2: 51.25% Test OOD3: 57.68% 
Epoch: 119, Loss: 0.2149, Train: 99.90%, Valid: 65.23%, Test In: 66.99% Test OOD1: 59.91% Test OOD2: 51.23% Test OOD3: 57.77% 
Epoch: 120, Loss: 0.2046, Train: 99.90%, Valid: 65.12%, Test In: 67.02% Test OOD1: 59.81% Test OOD2: 51.24% Test OOD3: 57.77% 
Epoch: 121, Loss: 0.1929, Train: 99.92%, Valid: 65.14%, Test In: 67.09% Test OOD1: 59.87% Test OOD2: 51.22% Test OOD3: 57.85% 
Epoch: 122, Loss: 0.1847, Train: 99.93%, Valid: 65.10%, Test In: 67.13% Test OOD1: 59.82% Test OOD2: 51.22% Test OOD3: 57.86% 
Epoch: 123, Loss: 0.1774, Train: 99.94%, Valid: 65.07%, Test In: 67.17% Test OOD1: 59.80% Test OOD2: 51.21% Test OOD3: 57.91% 
Epoch: 124, Loss: 0.1701, Train: 99.95%, Valid: 65.11%, Test In: 67.23% Test OOD1: 59.86% Test OOD2: 51.19% Test OOD3: 57.95% 
Epoch: 125, Loss: 0.1638, Train: 99.95%, Valid: 65.05%, Test In: 67.23% Test OOD1: 59.78% Test OOD2: 51.21% Test OOD3: 57.95% 
Epoch: 126, Loss: 0.1578, Train: 99.96%, Valid: 65.11%, Test In: 67.27% Test OOD1: 59.84% Test OOD2: 51.21% Test OOD3: 58.00% 
Epoch: 127, Loss: 0.1530, Train: 99.97%, Valid: 65.07%, Test In: 67.26% Test OOD1: 59.80% Test OOD2: 51.23% Test OOD3: 57.99% 
Epoch: 128, Loss: 0.1486, Train: 99.97%, Valid: 65.11%, Test In: 67.29% Test OOD1: 59.84% Test OOD2: 51.25% Test OOD3: 58.03% 
Epoch: 129, Loss: 0.1441, Train: 99.97%, Valid: 65.13%, Test In: 67.30% Test OOD1: 59.87% Test OOD2: 51.26% Test OOD3: 58.04% 
Epoch: 130, Loss: 0.1377, Train: 99.98%, Valid: 65.13%, Test In: 67.30% Test OOD1: 59.89% Test OOD2: 51.26% Test OOD3: 58.06% 
Epoch: 131, Loss: 0.1306, Train: 99.98%, Valid: 65.15%, Test In: 67.30% Test OOD1: 59.91% Test OOD2: 51.25% Test OOD3: 58.07% 
Epoch: 132, Loss: 0.1248, Train: 99.98%, Valid: 65.14%, Test In: 67.30% Test OOD1: 59.90% Test OOD2: 51.24% Test OOD3: 58.06% 
Epoch: 133, Loss: 0.1207, Train: 99.99%, Valid: 65.16%, Test In: 67.30% Test OOD1: 59.92% Test OOD2: 51.22% Test OOD3: 58.08% 
Epoch: 134, Loss: 0.1177, Train: 99.99%, Valid: 65.18%, Test In: 67.30% Test OOD1: 59.90% Test OOD2: 51.21% Test OOD3: 58.07% 
Epoch: 135, Loss: 0.1149, Train: 99.99%, Valid: 65.17%, Test In: 67.29% Test OOD1: 59.88% Test OOD2: 51.20% Test OOD3: 58.08% 
Epoch: 136, Loss: 0.1107, Train: 99.99%, Valid: 65.19%, Test In: 67.31% Test OOD1: 59.86% Test OOD2: 51.18% Test OOD3: 58.06% 
Epoch: 137, Loss: 0.1050, Train: 99.99%, Valid: 65.18%, Test In: 67.29% Test OOD1: 59.81% Test OOD2: 51.16% Test OOD3: 58.05% 
Epoch: 138, Loss: 0.0991, Train: 99.99%, Valid: 65.21%, Test In: 67.30% Test OOD1: 59.79% Test OOD2: 51.15% Test OOD3: 58.06% 
Epoch: 139, Loss: 0.0958, Train: 99.99%, Valid: 65.24%, Test In: 67.32% Test OOD1: 59.79% Test OOD2: 51.13% Test OOD3: 58.05% 
Epoch: 140, Loss: 0.0941, Train: 99.99%, Valid: 65.23%, Test In: 67.32% Test OOD1: 59.75% Test OOD2: 51.11% Test OOD3: 58.06% 
Epoch: 141, Loss: 0.0911, Train: 100.00%, Valid: 65.23%, Test In: 67.32% Test OOD1: 59.71% Test OOD2: 51.10% Test OOD3: 58.04% 
Epoch: 142, Loss: 0.0870, Train: 100.00%, Valid: 65.25%, Test In: 67.34% Test OOD1: 59.73% Test OOD2: 51.08% Test OOD3: 58.06% 
Epoch: 143, Loss: 0.0839, Train: 100.00%, Valid: 65.22%, Test In: 67.33% Test OOD1: 59.70% Test OOD2: 51.08% Test OOD3: 58.06% 
Epoch: 144, Loss: 0.0813, Train: 100.00%, Valid: 65.26%, Test In: 67.34% Test OOD1: 59.74% Test OOD2: 51.07% Test OOD3: 58.07% 
Epoch: 145, Loss: 0.0783, Train: 100.00%, Valid: 65.26%, Test In: 67.35% Test OOD1: 59.75% Test OOD2: 51.05% Test OOD3: 58.10% 
Epoch: 146, Loss: 0.0756, Train: 100.00%, Valid: 65.23%, Test In: 67.33% Test OOD1: 59.72% Test OOD2: 51.06% Test OOD3: 58.10% 
Epoch: 147, Loss: 0.0737, Train: 100.00%, Valid: 65.27%, Test In: 67.34% Test OOD1: 59.75% Test OOD2: 51.05% Test OOD3: 58.11% 
Epoch: 148, Loss: 0.0714, Train: 100.00%, Valid: 65.23%, Test In: 67.32% Test OOD1: 59.72% Test OOD2: 51.05% Test OOD3: 58.11% 
Epoch: 149, Loss: 0.0684, Train: 100.00%, Valid: 65.23%, Test In: 67.31% Test OOD1: 59.72% Test OOD2: 51.05% Test OOD3: 58.12% 
Epoch: 150, Loss: 0.0662, Train: 100.00%, Valid: 65.25%, Test In: 67.31% Test OOD1: 59.75% Test OOD2: 51.04% Test OOD3: 58.14% 
Epoch: 151, Loss: 0.0645, Train: 100.00%, Valid: 65.21%, Test In: 67.29% Test OOD1: 59.71% Test OOD2: 51.04% Test OOD3: 58.13% 
Epoch: 152, Loss: 0.0623, Train: 100.00%, Valid: 65.22%, Test In: 67.28% Test OOD1: 59.70% Test OOD2: 51.04% Test OOD3: 58.14% 
Epoch: 153, Loss: 0.0603, Train: 100.00%, Valid: 65.21%, Test In: 67.26% Test OOD1: 59.69% Test OOD2: 51.04% Test OOD3: 58.13% 
Epoch: 154, Loss: 0.0584, Train: 100.00%, Valid: 65.18%, Test In: 67.23% Test OOD1: 59.66% Test OOD2: 51.04% Test OOD3: 58.13% 
Epoch: 155, Loss: 0.0562, Train: 100.00%, Valid: 65.18%, Test In: 67.21% Test OOD1: 59.64% Test OOD2: 51.04% Test OOD3: 58.13% 
Epoch: 156, Loss: 0.0544, Train: 100.00%, Valid: 65.17%, Test In: 67.19% Test OOD1: 59.63% Test OOD2: 51.05% Test OOD3: 58.13% 
Epoch: 157, Loss: 0.0529, Train: 100.00%, Valid: 65.18%, Test In: 67.17% Test OOD1: 59.64% Test OOD2: 51.05% Test OOD3: 58.15% 
Epoch: 158, Loss: 0.0511, Train: 100.00%, Valid: 65.18%, Test In: 67.16% Test OOD1: 59.63% Test OOD2: 51.05% Test OOD3: 58.17% 
Epoch: 159, Loss: 0.0493, Train: 100.00%, Valid: 65.20%, Test In: 67.16% Test OOD1: 59.64% Test OOD2: 51.05% Test OOD3: 58.18% 
Epoch: 160, Loss: 0.0479, Train: 100.00%, Valid: 65.20%, Test In: 67.15% Test OOD1: 59.63% Test OOD2: 51.06% Test OOD3: 58.20% 
Epoch: 161, Loss: 0.0463, Train: 100.00%, Valid: 65.20%, Test In: 67.15% Test OOD1: 59.63% Test OOD2: 51.06% Test OOD3: 58.22% 
Epoch: 162, Loss: 0.0449, Train: 100.00%, Valid: 65.21%, Test In: 67.14% Test OOD1: 59.63% Test OOD2: 51.06% Test OOD3: 58.23% 
Epoch: 163, Loss: 0.0436, Train: 100.00%, Valid: 65.20%, Test In: 67.13% Test OOD1: 59.61% Test OOD2: 51.06% Test OOD3: 58.23% 
Epoch: 164, Loss: 0.0421, Train: 100.00%, Valid: 65.22%, Test In: 67.14% Test OOD1: 59.62% Test OOD2: 51.07% Test OOD3: 58.25% 
Epoch: 165, Loss: 0.0409, Train: 100.00%, Valid: 65.25%, Test In: 67.14% Test OOD1: 59.64% Test OOD2: 51.06% Test OOD3: 58.27% 
Epoch: 166, Loss: 0.0396, Train: 100.00%, Valid: 65.25%, Test In: 67.13% Test OOD1: 59.62% Test OOD2: 51.07% Test OOD3: 58.27% 
Epoch: 167, Loss: 0.0383, Train: 100.00%, Valid: 65.27%, Test In: 67.15% Test OOD1: 59.64% Test OOD2: 51.06% Test OOD3: 58.29% 
Epoch: 168, Loss: 0.0371, Train: 100.00%, Valid: 65.29%, Test In: 67.15% Test OOD1: 59.65% Test OOD2: 51.06% Test OOD3: 58.29% 
Epoch: 169, Loss: 0.0360, Train: 100.00%, Valid: 65.28%, Test In: 67.14% Test OOD1: 59.64% Test OOD2: 51.07% Test OOD3: 58.29% 
Epoch: 170, Loss: 0.0348, Train: 100.00%, Valid: 65.30%, Test In: 67.16% Test OOD1: 59.67% Test OOD2: 51.07% Test OOD3: 58.30% 
Epoch: 171, Loss: 0.0337, Train: 100.00%, Valid: 65.31%, Test In: 67.15% Test OOD1: 59.68% Test OOD2: 51.07% Test OOD3: 58.30% 
Epoch: 172, Loss: 0.0325, Train: 100.00%, Valid: 65.32%, Test In: 67.15% Test OOD1: 59.68% Test OOD2: 51.07% Test OOD3: 58.30% 
Epoch: 173, Loss: 0.0313, Train: 100.00%, Valid: 65.33%, Test In: 67.16% Test OOD1: 59.70% Test OOD2: 51.08% Test OOD3: 58.31% 
Epoch: 174, Loss: 0.0302, Train: 100.00%, Valid: 65.32%, Test In: 67.15% Test OOD1: 59.69% Test OOD2: 51.08% Test OOD3: 58.29% 
Epoch: 175, Loss: 0.0290, Train: 100.00%, Valid: 65.35%, Test In: 67.16% Test OOD1: 59.71% Test OOD2: 51.09% Test OOD3: 58.30% 
Epoch: 176, Loss: 0.0279, Train: 100.00%, Valid: 65.36%, Test In: 67.15% Test OOD1: 59.70% Test OOD2: 51.09% Test OOD3: 58.30% 
Epoch: 177, Loss: 0.0269, Train: 100.00%, Valid: 65.38%, Test In: 67.17% Test OOD1: 59.70% Test OOD2: 51.10% Test OOD3: 58.31% 
Epoch: 178, Loss: 0.0259, Train: 100.00%, Valid: 65.42%, Test In: 67.19% Test OOD1: 59.72% Test OOD2: 51.09% Test OOD3: 58.32% 
Epoch: 179, Loss: 0.0251, Train: 100.00%, Valid: 65.43%, Test In: 67.18% Test OOD1: 59.70% Test OOD2: 51.10% Test OOD3: 58.32% 
Epoch: 180, Loss: 0.0242, Train: 100.00%, Valid: 65.46%, Test In: 67.20% Test OOD1: 59.70% Test OOD2: 51.10% Test OOD3: 58.33% 
Epoch: 181, Loss: 0.0234, Train: 100.00%, Valid: 65.48%, Test In: 67.21% Test OOD1: 59.70% Test OOD2: 51.10% Test OOD3: 58.33% 
Epoch: 182, Loss: 0.0227, Train: 100.00%, Valid: 65.49%, Test In: 67.21% Test OOD1: 59.69% Test OOD2: 51.11% Test OOD3: 58.33% 
Epoch: 183, Loss: 0.0220, Train: 100.00%, Valid: 65.50%, Test In: 67.22% Test OOD1: 59.68% Test OOD2: 51.11% Test OOD3: 58.33% 
Epoch: 184, Loss: 0.0213, Train: 100.00%, Valid: 65.51%, Test In: 67.22% Test OOD1: 59.69% Test OOD2: 51.11% Test OOD3: 58.33% 
Epoch: 185, Loss: 0.0207, Train: 100.00%, Valid: 65.51%, Test In: 67.22% Test OOD1: 59.68% Test OOD2: 51.12% Test OOD3: 58.33% 
Epoch: 186, Loss: 0.0201, Train: 100.00%, Valid: 65.52%, Test In: 67.22% Test OOD1: 59.68% Test OOD2: 51.12% Test OOD3: 58.32% 
Epoch: 187, Loss: 0.0195, Train: 100.00%, Valid: 65.53%, Test In: 67.22% Test OOD1: 59.69% Test OOD2: 51.11% Test OOD3: 58.33% 
Epoch: 188, Loss: 0.0190, Train: 100.00%, Valid: 65.52%, Test In: 67.21% Test OOD1: 59.68% Test OOD2: 51.11% Test OOD3: 58.32% 
Epoch: 189, Loss: 0.0185, Train: 100.00%, Valid: 65.54%, Test In: 67.24% Test OOD1: 59.70% Test OOD2: 51.12% Test OOD3: 58.33% 
Epoch: 190, Loss: 0.0180, Train: 100.00%, Valid: 65.53%, Test In: 67.22% Test OOD1: 59.69% Test OOD2: 51.12% Test OOD3: 58.32% 
Epoch: 191, Loss: 0.0176, Train: 100.00%, Valid: 65.55%, Test In: 67.24% Test OOD1: 59.70% Test OOD2: 51.13% Test OOD3: 58.33% 
Epoch: 192, Loss: 0.0171, Train: 100.00%, Valid: 65.55%, Test In: 67.25% Test OOD1: 59.70% Test OOD2: 51.13% Test OOD3: 58.33% 
Epoch: 193, Loss: 0.0167, Train: 100.00%, Valid: 65.55%, Test In: 67.25% Test OOD1: 59.69% Test OOD2: 51.13% Test OOD3: 58.33% 
Epoch: 194, Loss: 0.0163, Train: 100.00%, Valid: 65.57%, Test In: 67.26% Test OOD1: 59.72% Test OOD2: 51.14% Test OOD3: 58.34% 
Epoch: 195, Loss: 0.0160, Train: 100.00%, Valid: 65.57%, Test In: 67.26% Test OOD1: 59.70% Test OOD2: 51.14% Test OOD3: 58.34% 
Epoch: 196, Loss: 0.0156, Train: 100.00%, Valid: 65.57%, Test In: 67.25% Test OOD1: 59.70% Test OOD2: 51.14% Test OOD3: 58.34% 
Epoch: 197, Loss: 0.0153, Train: 100.00%, Valid: 65.60%, Test In: 67.27% Test OOD1: 59.73% Test OOD2: 51.14% Test OOD3: 58.36% 
Epoch: 198, Loss: 0.0150, Train: 100.00%, Valid: 65.59%, Test In: 67.25% Test OOD1: 59.70% Test OOD2: 51.14% Test OOD3: 58.35% 
Epoch: 199, Loss: 0.0147, Train: 100.00%, Valid: 65.60%, Test In: 67.26% Test OOD1: 59.71% Test OOD2: 51.15% Test OOD3: 58.35% 
Run 01:
Highest Train: 100.00
Highest Valid: 70.50
Highest In Test: 71.54
Highest OOD Test: 65.72
Highest OOD Test: 52.11
Highest OOD Test: 63.09
Chosen epoch: 24
Final Train: 80.22
Final In Test: 71.54
Final OOD Test: 64.68
Final OOD Test: 51.70
Final OOD Test: 62.58
Epoch: 00, Loss: 2.0829, Train: 48.39%, Valid: 47.16%, Test In: 48.04% Test OOD1: 43.00% Test OOD2: 50.67% Test OOD3: 47.34% 
Epoch: 01, Loss: 2.0741, Train: 48.19%, Valid: 46.83%, Test In: 47.83% Test OOD1: 42.73% Test OOD2: 50.49% Test OOD3: 47.17% 
Epoch: 02, Loss: 2.0631, Train: 49.78%, Valid: 48.03%, Test In: 49.09% Test OOD1: 43.22% Test OOD2: 50.53% Test OOD3: 47.61% 
Epoch: 03, Loss: 2.0490, Train: 53.44%, Valid: 50.86%, Test In: 51.94% Test OOD1: 44.60% Test OOD2: 50.80% Test OOD3: 48.86% 
Epoch: 04, Loss: 2.0342, Train: 65.83%, Valid: 60.56%, Test In: 61.31% Test OOD1: 51.20% Test OOD2: 51.82% Test OOD3: 54.26% 
Epoch: 05, Loss: 2.0196, Train: 74.33%, Valid: 67.78%, Test In: 68.71% Test OOD1: 63.57% Test OOD2: 51.66% Test OOD3: 61.91% 
Epoch: 06, Loss: 2.0031, Train: 70.97%, Valid: 66.00%, Test In: 66.07% Test OOD1: 63.86% Test OOD2: 51.11% Test OOD3: 61.08% 
Epoch: 07, Loss: 1.9847, Train: 68.75%, Valid: 64.61%, Test In: 64.36% Test OOD1: 63.21% Test OOD2: 50.98% Test OOD3: 60.30% 
Epoch: 08, Loss: 1.9663, Train: 67.86%, Valid: 63.97%, Test In: 63.65% Test OOD1: 62.91% Test OOD2: 50.92% Test OOD3: 59.99% 
Epoch: 09, Loss: 1.9499, Train: 67.73%, Valid: 63.80%, Test In: 63.50% Test OOD1: 62.87% Test OOD2: 50.90% Test OOD3: 59.99% 
Epoch: 10, Loss: 1.9344, Train: 68.17%, Valid: 63.98%, Test In: 63.77% Test OOD1: 63.04% Test OOD2: 50.91% Test OOD3: 60.22% 
Epoch: 11, Loss: 1.9178, Train: 69.05%, Valid: 64.45%, Test In: 64.41% Test OOD1: 63.38% Test OOD2: 50.96% Test OOD3: 60.60% 
Epoch: 12, Loss: 1.8992, Train: 70.29%, Valid: 65.15%, Test In: 65.36% Test OOD1: 63.85% Test OOD2: 51.03% Test OOD3: 61.07% 
Epoch: 13, Loss: 1.8782, Train: 71.80%, Valid: 66.01%, Test In: 66.54% Test OOD1: 64.43% Test OOD2: 51.08% Test OOD3: 61.59% 
Epoch: 14, Loss: 1.8550, Train: 73.54%, Valid: 67.08%, Test In: 67.87% Test OOD1: 65.04% Test OOD2: 51.17% Test OOD3: 62.10% 
Epoch: 15, Loss: 1.8310, Train: 74.99%, Valid: 67.99%, Test In: 68.92% Test OOD1: 65.38% Test OOD2: 51.24% Test OOD3: 62.48% 
Epoch: 16, Loss: 1.8069, Train: 76.31%, Valid: 68.75%, Test In: 69.79% Test OOD1: 65.47% Test OOD2: 51.34% Test OOD3: 62.74% 
Epoch: 17, Loss: 1.7817, Train: 76.99%, Valid: 69.00%, Test In: 70.05% Test OOD1: 65.49% Test OOD2: 51.31% Test OOD3: 62.77% 
Epoch: 18, Loss: 1.7559, Train: 78.21%, Valid: 69.68%, Test In: 70.77% Test OOD1: 65.12% Test OOD2: 51.55% Test OOD3: 62.76% 
Epoch: 19, Loss: 1.7312, Train: 78.45%, Valid: 69.66%, Test In: 70.69% Test OOD1: 65.27% Test OOD2: 51.34% Test OOD3: 62.63% 
Epoch: 20, Loss: 1.7030, Train: 79.15%, Valid: 69.91%, Test In: 70.96% Test OOD1: 65.09% Test OOD2: 51.34% Test OOD3: 62.49% 
Epoch: 21, Loss: 1.6758, Train: 79.85%, Valid: 70.11%, Test In: 71.16% Test OOD1: 64.74% Test OOD2: 51.47% Test OOD3: 62.32% 
Epoch: 22, Loss: 1.6554, Train: 80.33%, Valid: 70.15%, Test In: 71.12% Test OOD1: 64.84% Test OOD2: 51.31% Test OOD3: 62.19% 
Epoch: 23, Loss: 1.6288, Train: 80.51%, Valid: 69.92%, Test In: 70.79% Test OOD1: 65.02% Test OOD2: 51.21% Test OOD3: 62.07% 
Epoch: 24, Loss: 1.6080, Train: 81.34%, Valid: 70.17%, Test In: 70.96% Test OOD1: 64.51% Test OOD2: 51.38% Test OOD3: 61.82% 
Epoch: 25, Loss: 1.5800, Train: 81.77%, Valid: 70.06%, Test In: 70.80% Test OOD1: 64.30% Test OOD2: 51.35% Test OOD3: 61.61% 
Epoch: 26, Loss: 1.5571, Train: 81.97%, Valid: 69.84%, Test In: 70.45% Test OOD1: 64.58% Test OOD2: 51.17% Test OOD3: 61.55% 
Epoch: 27, Loss: 1.5347, Train: 82.50%, Valid: 69.77%, Test In: 70.39% Test OOD1: 63.95% Test OOD2: 51.30% Test OOD3: 61.26% 
Epoch: 28, Loss: 1.5112, Train: 83.06%, Valid: 69.75%, Test In: 70.34% Test OOD1: 63.59% Test OOD2: 51.34% Test OOD3: 61.10% 
Epoch: 29, Loss: 1.4869, Train: 83.18%, Valid: 69.55%, Test In: 70.12% Test OOD1: 63.20% Test OOD2: 51.22% Test OOD3: 60.89% 
Epoch: 30, Loss: 1.4757, Train: 83.59%, Valid: 69.51%, Test In: 70.09% Test OOD1: 63.04% Test OOD2: 51.24% Test OOD3: 60.86% 
Epoch: 31, Loss: 1.4565, Train: 84.01%, Valid: 69.48%, Test In: 70.04% Test OOD1: 63.14% Test OOD2: 51.19% Test OOD3: 60.88% 
Epoch: 32, Loss: 1.4326, Train: 84.21%, Valid: 69.34%, Test In: 69.93% Test OOD1: 62.23% Test OOD2: 51.27% Test OOD3: 60.59% 
Epoch: 33, Loss: 1.4086, Train: 84.46%, Valid: 69.25%, Test In: 69.85% Test OOD1: 62.01% Test OOD2: 51.26% Test OOD3: 60.52% 
Epoch: 34, Loss: 1.3915, Train: 84.76%, Valid: 69.24%, Test In: 69.77% Test OOD1: 62.67% Test OOD2: 51.12% Test OOD3: 60.70% 
Epoch: 35, Loss: 1.3779, Train: 85.31%, Valid: 69.18%, Test In: 69.76% Test OOD1: 61.84% Test OOD2: 51.30% Test OOD3: 60.42% 
Epoch: 36, Loss: 1.3574, Train: 85.46%, Valid: 69.09%, Test In: 69.65% Test OOD1: 61.68% Test OOD2: 51.24% Test OOD3: 60.30% 
Epoch: 37, Loss: 1.3292, Train: 85.70%, Valid: 69.01%, Test In: 69.55% Test OOD1: 61.77% Test OOD2: 51.18% Test OOD3: 60.27% 
Epoch: 38, Loss: 1.3227, Train: 86.30%, Valid: 68.91%, Test In: 69.45% Test OOD1: 61.34% Test OOD2: 51.26% Test OOD3: 60.04% 
Epoch: 39, Loss: 1.3017, Train: 86.54%, Valid: 68.86%, Test In: 69.35% Test OOD1: 61.67% Test OOD2: 51.18% Test OOD3: 60.09% 
Epoch: 40, Loss: 1.2888, Train: 86.85%, Valid: 68.73%, Test In: 69.23% Test OOD1: 61.19% Test OOD2: 51.18% Test OOD3: 59.87% 
Epoch: 41, Loss: 1.2761, Train: 87.04%, Valid: 68.61%, Test In: 69.10% Test OOD1: 61.14% Test OOD2: 51.17% Test OOD3: 59.81% 
Epoch: 42, Loss: 1.2516, Train: 87.59%, Valid: 68.60%, Test In: 69.04% Test OOD1: 61.45% Test OOD2: 51.16% Test OOD3: 59.88% 
Epoch: 43, Loss: 1.2302, Train: 87.86%, Valid: 68.49%, Test In: 68.89% Test OOD1: 61.15% Test OOD2: 51.17% Test OOD3: 59.72% 
Epoch: 44, Loss: 1.2148, Train: 87.89%, Valid: 68.39%, Test In: 68.77% Test OOD1: 61.04% Test OOD2: 51.13% Test OOD3: 59.67% 
Epoch: 45, Loss: 1.2102, Train: 88.49%, Valid: 68.43%, Test In: 68.76% Test OOD1: 61.37% Test OOD2: 51.14% Test OOD3: 59.74% 
Epoch: 46, Loss: 1.1848, Train: 88.84%, Valid: 68.27%, Test In: 68.60% Test OOD1: 60.93% Test OOD2: 51.15% Test OOD3: 59.55% 
Epoch: 47, Loss: 1.1669, Train: 88.83%, Valid: 68.29%, Test In: 68.57% Test OOD1: 61.17% Test OOD2: 51.12% Test OOD3: 59.60% 
Epoch: 48, Loss: 1.1549, Train: 89.49%, Valid: 68.24%, Test In: 68.52% Test OOD1: 61.03% Test OOD2: 51.15% Test OOD3: 59.51% 
Epoch: 49, Loss: 1.1236, Train: 89.72%, Valid: 68.15%, Test In: 68.42% Test OOD1: 60.91% Test OOD2: 51.15% Test OOD3: 59.42% 
Epoch: 50, Loss: 1.1084, Train: 89.81%, Valid: 68.20%, Test In: 68.41% Test OOD1: 61.14% Test OOD2: 51.14% Test OOD3: 59.45% 
Epoch: 51, Loss: 1.1086, Train: 90.33%, Valid: 67.92%, Test In: 68.23% Test OOD1: 60.69% Test OOD2: 51.17% Test OOD3: 59.22% 
Epoch: 52, Loss: 1.0928, Train: 90.49%, Valid: 68.15%, Test In: 68.32% Test OOD1: 61.24% Test OOD2: 51.16% Test OOD3: 59.39% 
Epoch: 53, Loss: 1.0768, Train: 90.81%, Valid: 67.96%, Test In: 68.18% Test OOD1: 60.86% Test OOD2: 51.16% Test OOD3: 59.18% 
Epoch: 54, Loss: 1.0405, Train: 91.26%, Valid: 67.89%, Test In: 68.11% Test OOD1: 60.85% Test OOD2: 51.20% Test OOD3: 59.11% 
Epoch: 55, Loss: 1.0295, Train: 91.28%, Valid: 68.07%, Test In: 68.17% Test OOD1: 61.21% Test OOD2: 51.18% Test OOD3: 59.18% 
Epoch: 56, Loss: 1.0300, Train: 91.69%, Valid: 67.77%, Test In: 67.97% Test OOD1: 60.70% Test OOD2: 51.21% Test OOD3: 58.92% 
Epoch: 57, Loss: 0.9898, Train: 92.24%, Valid: 67.89%, Test In: 68.03% Test OOD1: 61.01% Test OOD2: 51.23% Test OOD3: 59.01% 
Epoch: 58, Loss: 0.9675, Train: 92.17%, Valid: 67.93%, Test In: 68.02% Test OOD1: 61.02% Test OOD2: 51.23% Test OOD3: 58.96% 
Epoch: 59, Loss: 0.9552, Train: 92.71%, Valid: 67.72%, Test In: 67.87% Test OOD1: 60.86% Test OOD2: 51.27% Test OOD3: 58.88% 
Epoch: 60, Loss: 0.9311, Train: 92.99%, Valid: 67.81%, Test In: 67.93% Test OOD1: 61.01% Test OOD2: 51.24% Test OOD3: 58.88% 
Epoch: 61, Loss: 0.9295, Train: 93.10%, Valid: 67.64%, Test In: 67.78% Test OOD1: 60.79% Test OOD2: 51.28% Test OOD3: 58.77% 
Epoch: 62, Loss: 0.9148, Train: 93.60%, Valid: 67.75%, Test In: 67.83% Test OOD1: 61.15% Test OOD2: 51.28% Test OOD3: 58.88% 
Epoch: 63, Loss: 0.8831, Train: 93.76%, Valid: 67.50%, Test In: 67.70% Test OOD1: 60.79% Test OOD2: 51.30% Test OOD3: 58.72% 
Epoch: 64, Loss: 0.8594, Train: 94.10%, Valid: 67.56%, Test In: 67.66% Test OOD1: 60.98% Test OOD2: 51.31% Test OOD3: 58.76% 
Epoch: 65, Loss: 0.8449, Train: 94.35%, Valid: 67.62%, Test In: 67.70% Test OOD1: 61.01% Test OOD2: 51.27% Test OOD3: 58.72% 
Epoch: 66, Loss: 0.8219, Train: 94.57%, Valid: 67.20%, Test In: 67.45% Test OOD1: 60.64% Test OOD2: 51.32% Test OOD3: 58.56% 
Epoch: 67, Loss: 0.8088, Train: 94.98%, Valid: 67.48%, Test In: 67.58% Test OOD1: 61.08% Test OOD2: 51.31% Test OOD3: 58.69% 
Epoch: 68, Loss: 0.7813, Train: 95.14%, Valid: 67.30%, Test In: 67.47% Test OOD1: 60.86% Test OOD2: 51.32% Test OOD3: 58.57% 
Epoch: 69, Loss: 0.7433, Train: 95.50%, Valid: 66.94%, Test In: 67.28% Test OOD1: 60.68% Test OOD2: 51.35% Test OOD3: 58.49% 
Epoch: 70, Loss: 0.7496, Train: 95.68%, Valid: 67.33%, Test In: 67.46% Test OOD1: 61.00% Test OOD2: 51.32% Test OOD3: 58.56% 
Epoch: 71, Loss: 0.7384, Train: 95.85%, Valid: 66.90%, Test In: 67.23% Test OOD1: 60.65% Test OOD2: 51.37% Test OOD3: 58.43% 
Epoch: 72, Loss: 0.6929, Train: 96.33%, Valid: 66.90%, Test In: 67.26% Test OOD1: 60.80% Test OOD2: 51.36% Test OOD3: 58.48% 
Epoch: 73, Loss: 0.6824, Train: 96.33%, Valid: 67.00%, Test In: 67.28% Test OOD1: 60.87% Test OOD2: 51.38% Test OOD3: 58.48% 
Epoch: 74, Loss: 0.6581, Train: 96.64%, Valid: 66.72%, Test In: 67.13% Test OOD1: 60.70% Test OOD2: 51.38% Test OOD3: 58.41% 
Epoch: 75, Loss: 0.6318, Train: 96.90%, Valid: 66.81%, Test In: 67.19% Test OOD1: 60.75% Test OOD2: 51.37% Test OOD3: 58.42% 
Epoch: 76, Loss: 0.6410, Train: 96.91%, Valid: 66.67%, Test In: 67.08% Test OOD1: 60.62% Test OOD2: 51.40% Test OOD3: 58.34% 
Epoch: 77, Loss: 0.6111, Train: 97.30%, Valid: 66.70%, Test In: 67.11% Test OOD1: 60.80% Test OOD2: 51.38% Test OOD3: 58.40% 
Epoch: 78, Loss: 0.5748, Train: 97.37%, Valid: 66.54%, Test In: 67.03% Test OOD1: 60.57% Test OOD2: 51.41% Test OOD3: 58.31% 
Epoch: 79, Loss: 0.5702, Train: 97.52%, Valid: 66.54%, Test In: 67.03% Test OOD1: 60.66% Test OOD2: 51.42% Test OOD3: 58.33% 
Epoch: 80, Loss: 0.5427, Train: 97.80%, Valid: 66.62%, Test In: 67.08% Test OOD1: 60.78% Test OOD2: 51.40% Test OOD3: 58.37% 
Epoch: 81, Loss: 0.5247, Train: 97.80%, Valid: 66.29%, Test In: 66.94% Test OOD1: 60.42% Test OOD2: 51.44% Test OOD3: 58.24% 
Epoch: 82, Loss: 0.5275, Train: 98.08%, Valid: 66.48%, Test In: 67.05% Test OOD1: 60.74% Test OOD2: 51.41% Test OOD3: 58.34% 
Epoch: 83, Loss: 0.5010, Train: 98.18%, Valid: 66.37%, Test In: 67.00% Test OOD1: 60.56% Test OOD2: 51.43% Test OOD3: 58.26% 
Epoch: 84, Loss: 0.4728, Train: 98.32%, Valid: 66.23%, Test In: 66.97% Test OOD1: 60.52% Test OOD2: 51.43% Test OOD3: 58.27% 
Epoch: 85, Loss: 0.4568, Train: 98.49%, Valid: 66.31%, Test In: 67.02% Test OOD1: 60.65% Test OOD2: 51.40% Test OOD3: 58.31% 
Epoch: 86, Loss: 0.4285, Train: 98.57%, Valid: 66.24%, Test In: 67.02% Test OOD1: 60.55% Test OOD2: 51.40% Test OOD3: 58.27% 
Epoch: 87, Loss: 0.4233, Train: 98.75%, Valid: 66.15%, Test In: 67.01% Test OOD1: 60.54% Test OOD2: 51.37% Test OOD3: 58.27% 
Epoch: 88, Loss: 0.4202, Train: 98.83%, Valid: 66.04%, Test In: 66.95% Test OOD1: 60.38% Test OOD2: 51.36% Test OOD3: 58.18% 
Epoch: 89, Loss: 0.3903, Train: 99.00%, Valid: 66.14%, Test In: 67.02% Test OOD1: 60.55% Test OOD2: 51.33% Test OOD3: 58.22% 
Epoch: 90, Loss: 0.3723, Train: 99.07%, Valid: 65.93%, Test In: 66.96% Test OOD1: 60.41% Test OOD2: 51.33% Test OOD3: 58.17% 
Epoch: 91, Loss: 0.3566, Train: 99.16%, Valid: 65.99%, Test In: 67.03% Test OOD1: 60.48% Test OOD2: 51.32% Test OOD3: 58.17% 
Epoch: 92, Loss: 0.3387, Train: 99.31%, Valid: 65.99%, Test In: 67.04% Test OOD1: 60.59% Test OOD2: 51.29% Test OOD3: 58.18% 
Epoch: 93, Loss: 0.3309, Train: 99.30%, Valid: 65.76%, Test In: 66.95% Test OOD1: 60.34% Test OOD2: 51.32% Test OOD3: 58.08% 
Epoch: 94, Loss: 0.3222, Train: 99.46%, Valid: 65.93%, Test In: 67.03% Test OOD1: 60.55% Test OOD2: 51.28% Test OOD3: 58.12% 
Epoch: 95, Loss: 0.3046, Train: 99.50%, Valid: 65.75%, Test In: 66.98% Test OOD1: 60.42% Test OOD2: 51.28% Test OOD3: 58.06% 
Epoch: 96, Loss: 0.2818, Train: 99.52%, Valid: 65.69%, Test In: 66.99% Test OOD1: 60.40% Test OOD2: 51.27% Test OOD3: 58.06% 
Epoch: 97, Loss: 0.2740, Train: 99.63%, Valid: 65.79%, Test In: 67.05% Test OOD1: 60.59% Test OOD2: 51.23% Test OOD3: 58.12% 
Epoch: 98, Loss: 0.2696, Train: 99.62%, Valid: 65.61%, Test In: 67.01% Test OOD1: 60.40% Test OOD2: 51.24% Test OOD3: 58.07% 
Epoch: 99, Loss: 0.2541, Train: 99.68%, Valid: 65.64%, Test In: 67.03% Test OOD1: 60.48% Test OOD2: 51.22% Test OOD3: 58.09% 
Epoch: 100, Loss: 0.2435, Train: 99.73%, Valid: 65.56%, Test In: 67.01% Test OOD1: 60.44% Test OOD2: 51.17% Test OOD3: 58.06% 
Epoch: 101, Loss: 0.2336, Train: 99.74%, Valid: 65.50%, Test In: 67.00% Test OOD1: 60.36% Test OOD2: 51.18% Test OOD3: 58.05% 
Epoch: 102, Loss: 0.2188, Train: 99.78%, Valid: 65.53%, Test In: 67.02% Test OOD1: 60.42% Test OOD2: 51.15% Test OOD3: 58.06% 
Epoch: 103, Loss: 0.2067, Train: 99.80%, Valid: 65.47%, Test In: 67.01% Test OOD1: 60.38% Test OOD2: 51.13% Test OOD3: 58.05% 
Epoch: 104, Loss: 0.2004, Train: 99.82%, Valid: 65.47%, Test In: 67.03% Test OOD1: 60.38% Test OOD2: 51.13% Test OOD3: 58.07% 
Epoch: 105, Loss: 0.1945, Train: 99.84%, Valid: 65.43%, Test In: 67.00% Test OOD1: 60.34% Test OOD2: 51.11% Test OOD3: 58.06% 
Epoch: 106, Loss: 0.1831, Train: 99.87%, Valid: 65.40%, Test In: 66.99% Test OOD1: 60.33% Test OOD2: 51.09% Test OOD3: 58.06% 
Epoch: 107, Loss: 0.1700, Train: 99.88%, Valid: 65.36%, Test In: 66.97% Test OOD1: 60.27% Test OOD2: 51.08% Test OOD3: 58.06% 
Epoch: 108, Loss: 0.1621, Train: 99.89%, Valid: 65.34%, Test In: 66.94% Test OOD1: 60.24% Test OOD2: 51.06% Test OOD3: 58.05% 
Epoch: 109, Loss: 0.1573, Train: 99.90%, Valid: 65.33%, Test In: 66.96% Test OOD1: 60.24% Test OOD2: 51.04% Test OOD3: 58.07% 
Epoch: 110, Loss: 0.1494, Train: 99.91%, Valid: 65.30%, Test In: 66.93% Test OOD1: 60.19% Test OOD2: 51.03% Test OOD3: 58.06% 
Epoch: 111, Loss: 0.1394, Train: 99.92%, Valid: 65.33%, Test In: 66.93% Test OOD1: 60.22% Test OOD2: 51.02% Test OOD3: 58.08% 
Epoch: 112, Loss: 0.1324, Train: 99.92%, Valid: 65.29%, Test In: 66.91% Test OOD1: 60.17% Test OOD2: 51.02% Test OOD3: 58.07% 
Epoch: 113, Loss: 0.1268, Train: 99.93%, Valid: 65.30%, Test In: 66.89% Test OOD1: 60.17% Test OOD2: 51.02% Test OOD3: 58.07% 
Epoch: 114, Loss: 0.1208, Train: 99.94%, Valid: 65.33%, Test In: 66.89% Test OOD1: 60.20% Test OOD2: 51.04% Test OOD3: 58.09% 
Epoch: 115, Loss: 0.1142, Train: 99.94%, Valid: 65.29%, Test In: 66.87% Test OOD1: 60.16% Test OOD2: 51.04% Test OOD3: 58.09% 
Epoch: 116, Loss: 0.1082, Train: 99.95%, Valid: 65.33%, Test In: 66.86% Test OOD1: 60.21% Test OOD2: 51.02% Test OOD3: 58.11% 
Epoch: 117, Loss: 0.1034, Train: 99.95%, Valid: 65.33%, Test In: 66.85% Test OOD1: 60.19% Test OOD2: 51.04% Test OOD3: 58.11% 
Epoch: 118, Loss: 0.0982, Train: 99.96%, Valid: 65.31%, Test In: 66.83% Test OOD1: 60.15% Test OOD2: 51.03% Test OOD3: 58.11% 
Epoch: 119, Loss: 0.0932, Train: 99.97%, Valid: 65.34%, Test In: 66.83% Test OOD1: 60.20% Test OOD2: 51.00% Test OOD3: 58.13% 
Epoch: 120, Loss: 0.0889, Train: 99.97%, Valid: 65.33%, Test In: 66.82% Test OOD1: 60.15% Test OOD2: 51.01% Test OOD3: 58.15% 
Epoch: 121, Loss: 0.0842, Train: 99.97%, Valid: 65.34%, Test In: 66.82% Test OOD1: 60.12% Test OOD2: 51.01% Test OOD3: 58.16% 
Epoch: 122, Loss: 0.0802, Train: 99.98%, Valid: 65.38%, Test In: 66.83% Test OOD1: 60.16% Test OOD2: 50.99% Test OOD3: 58.18% 
Epoch: 123, Loss: 0.0766, Train: 99.98%, Valid: 65.37%, Test In: 66.82% Test OOD1: 60.10% Test OOD2: 51.01% Test OOD3: 58.19% 
Epoch: 124, Loss: 0.0725, Train: 99.98%, Valid: 65.39%, Test In: 66.82% Test OOD1: 60.10% Test OOD2: 51.01% Test OOD3: 58.20% 
Epoch: 125, Loss: 0.0690, Train: 99.99%, Valid: 65.42%, Test In: 66.82% Test OOD1: 60.15% Test OOD2: 51.00% Test OOD3: 58.22% 
Epoch: 126, Loss: 0.0661, Train: 99.99%, Valid: 65.39%, Test In: 66.80% Test OOD1: 60.12% Test OOD2: 51.03% Test OOD3: 58.22% 
Epoch: 127, Loss: 0.0629, Train: 99.99%, Valid: 65.39%, Test In: 66.79% Test OOD1: 60.11% Test OOD2: 51.04% Test OOD3: 58.21% 
Epoch: 128, Loss: 0.0598, Train: 99.99%, Valid: 65.40%, Test In: 66.79% Test OOD1: 60.15% Test OOD2: 51.04% Test OOD3: 58.22% 
Epoch: 129, Loss: 0.0573, Train: 99.99%, Valid: 65.39%, Test In: 66.78% Test OOD1: 60.12% Test OOD2: 51.05% Test OOD3: 58.21% 
Epoch: 130, Loss: 0.0546, Train: 99.99%, Valid: 65.41%, Test In: 66.78% Test OOD1: 60.12% Test OOD2: 51.07% Test OOD3: 58.22% 
Epoch: 131, Loss: 0.0521, Train: 99.99%, Valid: 65.45%, Test In: 66.80% Test OOD1: 60.17% Test OOD2: 51.07% Test OOD3: 58.24% 
Epoch: 132, Loss: 0.0501, Train: 99.99%, Valid: 65.46%, Test In: 66.82% Test OOD1: 60.16% Test OOD2: 51.08% Test OOD3: 58.26% 
Epoch: 133, Loss: 0.0480, Train: 99.99%, Valid: 65.49%, Test In: 66.85% Test OOD1: 60.17% Test OOD2: 51.09% Test OOD3: 58.27% 
Epoch: 134, Loss: 0.0460, Train: 100.00%, Valid: 65.53%, Test In: 66.87% Test OOD1: 60.19% Test OOD2: 51.09% Test OOD3: 58.28% 
Epoch: 135, Loss: 0.0443, Train: 100.00%, Valid: 65.52%, Test In: 66.87% Test OOD1: 60.17% Test OOD2: 51.09% Test OOD3: 58.29% 
Epoch: 136, Loss: 0.0425, Train: 100.00%, Valid: 65.51%, Test In: 66.88% Test OOD1: 60.15% Test OOD2: 51.10% Test OOD3: 58.29% 
Epoch: 137, Loss: 0.0409, Train: 100.00%, Valid: 65.52%, Test In: 66.88% Test OOD1: 60.17% Test OOD2: 51.09% Test OOD3: 58.30% 
Epoch: 138, Loss: 0.0394, Train: 100.00%, Valid: 65.52%, Test In: 66.87% Test OOD1: 60.16% Test OOD2: 51.09% Test OOD3: 58.31% 
Epoch: 139, Loss: 0.0378, Train: 100.00%, Valid: 65.51%, Test In: 66.87% Test OOD1: 60.15% Test OOD2: 51.10% Test OOD3: 58.32% 
Epoch: 140, Loss: 0.0364, Train: 100.00%, Valid: 65.53%, Test In: 66.87% Test OOD1: 60.16% Test OOD2: 51.10% Test OOD3: 58.33% 
Epoch: 141, Loss: 0.0352, Train: 100.00%, Valid: 65.54%, Test In: 66.86% Test OOD1: 60.15% Test OOD2: 51.11% Test OOD3: 58.34% 
Epoch: 142, Loss: 0.0341, Train: 100.00%, Valid: 65.53%, Test In: 66.87% Test OOD1: 60.12% Test OOD2: 51.12% Test OOD3: 58.34% 
Epoch: 143, Loss: 0.0331, Train: 100.00%, Valid: 65.56%, Test In: 66.87% Test OOD1: 60.15% Test OOD2: 51.12% Test OOD3: 58.36% 
Epoch: 144, Loss: 0.0321, Train: 100.00%, Valid: 65.55%, Test In: 66.87% Test OOD1: 60.13% Test OOD2: 51.12% Test OOD3: 58.36% 
Epoch: 145, Loss: 0.0310, Train: 100.00%, Valid: 65.55%, Test In: 66.87% Test OOD1: 60.11% Test OOD2: 51.14% Test OOD3: 58.36% 
Epoch: 146, Loss: 0.0300, Train: 100.00%, Valid: 65.58%, Test In: 66.88% Test OOD1: 60.13% Test OOD2: 51.13% Test OOD3: 58.36% 
Epoch: 147, Loss: 0.0290, Train: 100.00%, Valid: 65.58%, Test In: 66.87% Test OOD1: 60.12% Test OOD2: 51.13% Test OOD3: 58.36% 
Epoch: 148, Loss: 0.0280, Train: 100.00%, Valid: 65.58%, Test In: 66.87% Test OOD1: 60.10% Test OOD2: 51.15% Test OOD3: 58.36% 
Epoch: 149, Loss: 0.0272, Train: 100.00%, Valid: 65.60%, Test In: 66.88% Test OOD1: 60.12% Test OOD2: 51.14% Test OOD3: 58.36% 
Epoch: 150, Loss: 0.0264, Train: 100.00%, Valid: 65.61%, Test In: 66.88% Test OOD1: 60.12% Test OOD2: 51.14% Test OOD3: 58.37% 
Epoch: 151, Loss: 0.0257, Train: 100.00%, Valid: 65.61%, Test In: 66.87% Test OOD1: 60.09% Test OOD2: 51.15% Test OOD3: 58.37% 
Epoch: 152, Loss: 0.0251, Train: 100.00%, Valid: 65.65%, Test In: 66.88% Test OOD1: 60.12% Test OOD2: 51.15% Test OOD3: 58.39% 
Epoch: 153, Loss: 0.0245, Train: 100.00%, Valid: 65.65%, Test In: 66.88% Test OOD1: 60.10% Test OOD2: 51.17% Test OOD3: 58.40% 
Epoch: 154, Loss: 0.0238, Train: 100.00%, Valid: 65.66%, Test In: 66.88% Test OOD1: 60.09% Test OOD2: 51.17% Test OOD3: 58.40% 
Epoch: 155, Loss: 0.0232, Train: 100.00%, Valid: 65.68%, Test In: 66.89% Test OOD1: 60.08% Test OOD2: 51.19% Test OOD3: 58.41% 
Epoch: 156, Loss: 0.0226, Train: 100.00%, Valid: 65.70%, Test In: 66.89% Test OOD1: 60.08% Test OOD2: 51.20% Test OOD3: 58.41% 
Epoch: 157, Loss: 0.0220, Train: 100.00%, Valid: 65.70%, Test In: 66.90% Test OOD1: 60.06% Test OOD2: 51.21% Test OOD3: 58.42% 
Epoch: 158, Loss: 0.0215, Train: 100.00%, Valid: 65.72%, Test In: 66.92% Test OOD1: 60.07% Test OOD2: 51.23% Test OOD3: 58.42% 
Epoch: 159, Loss: 0.0210, Train: 100.00%, Valid: 65.74%, Test In: 66.93% Test OOD1: 60.08% Test OOD2: 51.24% Test OOD3: 58.43% 
Epoch: 160, Loss: 0.0205, Train: 100.00%, Valid: 65.75%, Test In: 66.94% Test OOD1: 60.06% Test OOD2: 51.26% Test OOD3: 58.43% 
Epoch: 161, Loss: 0.0200, Train: 100.00%, Valid: 65.76%, Test In: 66.95% Test OOD1: 60.08% Test OOD2: 51.26% Test OOD3: 58.44% 
Epoch: 162, Loss: 0.0196, Train: 100.00%, Valid: 65.78%, Test In: 66.95% Test OOD1: 60.09% Test OOD2: 51.27% Test OOD3: 58.45% 
Epoch: 163, Loss: 0.0192, Train: 100.00%, Valid: 65.79%, Test In: 66.96% Test OOD1: 60.10% Test OOD2: 51.28% Test OOD3: 58.46% 
Epoch: 164, Loss: 0.0188, Train: 100.00%, Valid: 65.80%, Test In: 66.96% Test OOD1: 60.10% Test OOD2: 51.29% Test OOD3: 58.46% 
Epoch: 165, Loss: 0.0183, Train: 100.00%, Valid: 65.82%, Test In: 66.97% Test OOD1: 60.12% Test OOD2: 51.29% Test OOD3: 58.46% 
Epoch: 166, Loss: 0.0180, Train: 100.00%, Valid: 65.82%, Test In: 66.96% Test OOD1: 60.11% Test OOD2: 51.31% Test OOD3: 58.46% 
Epoch: 167, Loss: 0.0176, Train: 100.00%, Valid: 65.82%, Test In: 66.96% Test OOD1: 60.11% Test OOD2: 51.31% Test OOD3: 58.46% 
Epoch: 168, Loss: 0.0173, Train: 100.00%, Valid: 65.83%, Test In: 66.96% Test OOD1: 60.11% Test OOD2: 51.32% Test OOD3: 58.47% 
Epoch: 169, Loss: 0.0170, Train: 100.00%, Valid: 65.83%, Test In: 66.96% Test OOD1: 60.11% Test OOD2: 51.32% Test OOD3: 58.47% 
Epoch: 170, Loss: 0.0167, Train: 100.00%, Valid: 65.83%, Test In: 66.97% Test OOD1: 60.09% Test OOD2: 51.33% Test OOD3: 58.47% 
Epoch: 171, Loss: 0.0164, Train: 100.00%, Valid: 65.84%, Test In: 66.97% Test OOD1: 60.11% Test OOD2: 51.32% Test OOD3: 58.47% 
Epoch: 172, Loss: 0.0160, Train: 100.00%, Valid: 65.82%, Test In: 66.96% Test OOD1: 60.07% Test OOD2: 51.34% Test OOD3: 58.46% 
Epoch: 173, Loss: 0.0157, Train: 100.00%, Valid: 65.83%, Test In: 66.97% Test OOD1: 60.11% Test OOD2: 51.32% Test OOD3: 58.46% 
Epoch: 174, Loss: 0.0153, Train: 100.00%, Valid: 65.83%, Test In: 66.96% Test OOD1: 60.08% Test OOD2: 51.34% Test OOD3: 58.45% 
Epoch: 175, Loss: 0.0150, Train: 100.00%, Valid: 65.84%, Test In: 66.97% Test OOD1: 60.10% Test OOD2: 51.34% Test OOD3: 58.45% 
Epoch: 176, Loss: 0.0146, Train: 100.00%, Valid: 65.85%, Test In: 66.97% Test OOD1: 60.10% Test OOD2: 51.34% Test OOD3: 58.45% 
Epoch: 177, Loss: 0.0143, Train: 100.00%, Valid: 65.85%, Test In: 66.98% Test OOD1: 60.10% Test OOD2: 51.35% Test OOD3: 58.45% 
Epoch: 178, Loss: 0.0141, Train: 100.00%, Valid: 65.86%, Test In: 66.99% Test OOD1: 60.13% Test OOD2: 51.34% Test OOD3: 58.46% 
Epoch: 179, Loss: 0.0138, Train: 100.00%, Valid: 65.85%, Test In: 66.98% Test OOD1: 60.10% Test OOD2: 51.36% Test OOD3: 58.45% 
Epoch: 180, Loss: 0.0135, Train: 100.00%, Valid: 65.86%, Test In: 67.00% Test OOD1: 60.14% Test OOD2: 51.35% Test OOD3: 58.46% 
Epoch: 181, Loss: 0.0133, Train: 100.00%, Valid: 65.84%, Test In: 66.99% Test OOD1: 60.10% Test OOD2: 51.37% Test OOD3: 58.45% 
Epoch: 182, Loss: 0.0131, Train: 100.00%, Valid: 65.88%, Test In: 67.01% Test OOD1: 60.15% Test OOD2: 51.37% Test OOD3: 58.47% 
Epoch: 183, Loss: 0.0129, Train: 100.00%, Valid: 65.87%, Test In: 67.01% Test OOD1: 60.16% Test OOD2: 51.37% Test OOD3: 58.47% 
Epoch: 184, Loss: 0.0126, Train: 100.00%, Valid: 65.88%, Test In: 67.02% Test OOD1: 60.14% Test OOD2: 51.38% Test OOD3: 58.47% 
Epoch: 185, Loss: 0.0124, Train: 100.00%, Valid: 65.89%, Test In: 67.01% Test OOD1: 60.17% Test OOD2: 51.37% Test OOD3: 58.47% 
Epoch: 186, Loss: 0.0122, Train: 100.00%, Valid: 65.88%, Test In: 67.01% Test OOD1: 60.14% Test OOD2: 51.38% Test OOD3: 58.46% 
Epoch: 187, Loss: 0.0120, Train: 100.00%, Valid: 65.88%, Test In: 67.01% Test OOD1: 60.12% Test OOD2: 51.38% Test OOD3: 58.46% 
Epoch: 188, Loss: 0.0118, Train: 100.00%, Valid: 65.90%, Test In: 67.03% Test OOD1: 60.17% Test OOD2: 51.38% Test OOD3: 58.48% 
Epoch: 189, Loss: 0.0117, Train: 100.00%, Valid: 65.89%, Test In: 67.03% Test OOD1: 60.14% Test OOD2: 51.39% Test OOD3: 58.47% 
Epoch: 190, Loss: 0.0115, Train: 100.00%, Valid: 65.87%, Test In: 67.02% Test OOD1: 60.13% Test OOD2: 51.39% Test OOD3: 58.46% 
Epoch: 191, Loss: 0.0113, Train: 100.00%, Valid: 65.87%, Test In: 67.02% Test OOD1: 60.11% Test OOD2: 51.39% Test OOD3: 58.45% 
Epoch: 192, Loss: 0.0112, Train: 100.00%, Valid: 65.86%, Test In: 67.00% Test OOD1: 60.10% Test OOD2: 51.39% Test OOD3: 58.44% 
Epoch: 193, Loss: 0.0110, Train: 100.00%, Valid: 65.86%, Test In: 67.00% Test OOD1: 60.11% Test OOD2: 51.40% Test OOD3: 58.44% 
Epoch: 194, Loss: 0.0108, Train: 100.00%, Valid: 65.87%, Test In: 67.00% Test OOD1: 60.12% Test OOD2: 51.39% Test OOD3: 58.45% 
Epoch: 195, Loss: 0.0107, Train: 100.00%, Valid: 65.86%, Test In: 66.99% Test OOD1: 60.10% Test OOD2: 51.39% Test OOD3: 58.44% 
Epoch: 196, Loss: 0.0106, Train: 100.00%, Valid: 65.86%, Test In: 66.99% Test OOD1: 60.08% Test OOD2: 51.40% Test OOD3: 58.44% 
Epoch: 197, Loss: 0.0105, Train: 100.00%, Valid: 65.88%, Test In: 67.00% Test OOD1: 60.12% Test OOD2: 51.39% Test OOD3: 58.45% 
Epoch: 198, Loss: 0.0104, Train: 100.00%, Valid: 65.87%, Test In: 67.00% Test OOD1: 60.09% Test OOD2: 51.40% Test OOD3: 58.45% 
Epoch: 199, Loss: 0.0103, Train: 100.00%, Valid: 65.88%, Test In: 66.99% Test OOD1: 60.11% Test OOD2: 51.39% Test OOD3: 58.45% 
Run 02:
Highest Train: 100.00
Highest Valid: 70.17
Highest In Test: 71.16
Highest OOD Test: 65.49
Highest OOD Test: 51.82
Highest OOD Test: 62.77
Chosen epoch: 25
Final Train: 81.34
Final In Test: 70.96
Final OOD Test: 64.51
Final OOD Test: 51.38
Final OOD Test: 61.82
Epoch: 00, Loss: 2.0887, Train: 46.92%, Valid: 45.73%, Test In: 47.01% Test OOD1: 42.54% Test OOD2: 50.38% Test OOD3: 46.85% 
Epoch: 01, Loss: 2.0819, Train: 48.04%, Valid: 46.72%, Test In: 47.84% Test OOD1: 42.64% Test OOD2: 50.32% Test OOD3: 46.99% 
Epoch: 02, Loss: 2.0742, Train: 48.40%, Valid: 47.01%, Test In: 48.12% Test OOD1: 42.64% Test OOD2: 50.32% Test OOD3: 47.03% 
Epoch: 03, Loss: 2.0639, Train: 49.12%, Valid: 47.61%, Test In: 48.72% Test OOD1: 42.86% Test OOD2: 50.37% Test OOD3: 47.25% 
Epoch: 04, Loss: 2.0509, Train: 51.31%, Valid: 49.30%, Test In: 50.46% Test OOD1: 43.61% Test OOD2: 50.53% Test OOD3: 47.93% 
Epoch: 05, Loss: 2.0376, Train: 59.32%, Valid: 55.61%, Test In: 56.65% Test OOD1: 46.91% Test OOD2: 51.11% Test OOD3: 50.72% 
Epoch: 06, Loss: 2.0245, Train: 72.58%, Valid: 66.41%, Test In: 67.22% Test OOD1: 57.84% Test OOD2: 52.08% Test OOD3: 58.70% 
Epoch: 07, Loss: 2.0093, Train: 73.84%, Valid: 68.01%, Test In: 68.74% Test OOD1: 64.58% Test OOD2: 51.25% Test OOD3: 61.94% 
Epoch: 08, Loss: 1.9914, Train: 70.78%, Valid: 66.19%, Test In: 66.24% Test OOD1: 63.82% Test OOD2: 51.01% Test OOD3: 61.01% 
Epoch: 09, Loss: 1.9729, Train: 69.41%, Valid: 65.27%, Test In: 65.11% Test OOD1: 63.39% Test OOD2: 50.92% Test OOD3: 60.54% 
Epoch: 10, Loss: 1.9554, Train: 69.05%, Valid: 64.98%, Test In: 64.79% Test OOD1: 63.29% Test OOD2: 50.91% Test OOD3: 60.46% 
Epoch: 11, Loss: 1.9381, Train: 69.34%, Valid: 65.09%, Test In: 64.99% Test OOD1: 63.41% Test OOD2: 50.94% Test OOD3: 60.63% 
Epoch: 12, Loss: 1.9195, Train: 70.09%, Valid: 65.50%, Test In: 65.57% Test OOD1: 63.68% Test OOD2: 51.00% Test OOD3: 60.98% 
Epoch: 13, Loss: 1.8990, Train: 71.15%, Valid: 66.08%, Test In: 66.41% Test OOD1: 64.07% Test OOD2: 51.08% Test OOD3: 61.40% 
Epoch: 14, Loss: 1.8771, Train: 72.34%, Valid: 66.74%, Test In: 67.35% Test OOD1: 64.49% Test OOD2: 51.14% Test OOD3: 61.83% 
Epoch: 15, Loss: 1.8542, Train: 73.81%, Valid: 67.67%, Test In: 68.48% Test OOD1: 64.97% Test OOD2: 51.22% Test OOD3: 62.30% 
Epoch: 16, Loss: 1.8306, Train: 75.19%, Valid: 68.56%, Test In: 69.54% Test OOD1: 65.29% Test OOD2: 51.31% Test OOD3: 62.69% 
Epoch: 17, Loss: 1.8070, Train: 76.20%, Valid: 69.17%, Test In: 70.22% Test OOD1: 65.34% Test OOD2: 51.38% Test OOD3: 62.91% 
Epoch: 18, Loss: 1.7837, Train: 77.28%, Valid: 69.78%, Test In: 70.90% Test OOD1: 65.07% Test OOD2: 51.51% Test OOD3: 63.00% 
Epoch: 19, Loss: 1.7604, Train: 77.65%, Valid: 69.90%, Test In: 71.00% Test OOD1: 65.16% Test OOD2: 51.46% Test OOD3: 62.94% 
Epoch: 20, Loss: 1.7383, Train: 78.66%, Valid: 70.35%, Test In: 71.46% Test OOD1: 64.67% Test OOD2: 51.59% Test OOD3: 62.79% 
Epoch: 21, Loss: 1.7148, Train: 79.02%, Valid: 70.41%, Test In: 71.49% Test OOD1: 64.96% Test OOD2: 51.49% Test OOD3: 62.71% 
Epoch: 22, Loss: 1.6891, Train: 79.60%, Valid: 70.50%, Test In: 71.57% Test OOD1: 65.03% Test OOD2: 51.48% Test OOD3: 62.60% 
Epoch: 23, Loss: 1.6652, Train: 80.37%, Valid: 70.63%, Test In: 71.66% Test OOD1: 64.55% Test OOD2: 51.69% Test OOD3: 62.37% 
Epoch: 24, Loss: 1.6473, Train: 80.46%, Valid: 70.33%, Test In: 71.27% Test OOD1: 65.37% Test OOD2: 51.36% Test OOD3: 62.39% 
Epoch: 25, Loss: 1.6368, Train: 81.27%, Valid: 70.50%, Test In: 71.39% Test OOD1: 64.74% Test OOD2: 51.63% Test OOD3: 62.12% 
Epoch: 26, Loss: 1.5980, Train: 81.86%, Valid: 70.42%, Test In: 71.23% Test OOD1: 64.13% Test OOD2: 51.82% Test OOD3: 61.79% 
Epoch: 27, Loss: 1.5912, Train: 82.09%, Valid: 70.17%, Test In: 70.93% Test OOD1: 64.74% Test OOD2: 51.57% Test OOD3: 61.84% 
Epoch: 28, Loss: 1.5600, Train: 82.54%, Valid: 69.98%, Test In: 70.71% Test OOD1: 64.37% Test OOD2: 51.58% Test OOD3: 61.57% 
Epoch: 29, Loss: 1.5487, Train: 83.20%, Valid: 69.94%, Test In: 70.62% Test OOD1: 64.00% Test OOD2: 51.77% Test OOD3: 61.41% 
Epoch: 30, Loss: 1.5183, Train: 83.48%, Valid: 69.77%, Test In: 70.42% Test OOD1: 63.55% Test OOD2: 51.78% Test OOD3: 61.17% 
Epoch: 31, Loss: 1.5098, Train: 83.89%, Valid: 69.71%, Test In: 70.34% Test OOD1: 63.26% Test OOD2: 51.72% Test OOD3: 61.04% 
Epoch: 32, Loss: 1.4809, Train: 84.18%, Valid: 69.52%, Test In: 70.19% Test OOD1: 63.47% Test OOD2: 51.60% Test OOD3: 61.09% 
Epoch: 33, Loss: 1.4651, Train: 84.37%, Valid: 69.46%, Test In: 70.08% Test OOD1: 63.15% Test OOD2: 51.51% Test OOD3: 60.96% 
Epoch: 34, Loss: 1.4390, Train: 84.95%, Valid: 69.49%, Test In: 70.15% Test OOD1: 62.41% Test OOD2: 51.64% Test OOD3: 60.73% 
Epoch: 35, Loss: 1.4225, Train: 85.29%, Valid: 69.43%, Test In: 70.11% Test OOD1: 62.60% Test OOD2: 51.55% Test OOD3: 60.77% 
Epoch: 36, Loss: 1.4039, Train: 85.43%, Valid: 69.33%, Test In: 70.00% Test OOD1: 62.33% Test OOD2: 51.46% Test OOD3: 60.64% 
Epoch: 37, Loss: 1.3741, Train: 85.81%, Valid: 69.27%, Test In: 69.97% Test OOD1: 62.08% Test OOD2: 51.46% Test OOD3: 60.52% 
Epoch: 38, Loss: 1.3642, Train: 86.11%, Valid: 69.20%, Test In: 69.87% Test OOD1: 62.26% Test OOD2: 51.37% Test OOD3: 60.51% 
Epoch: 39, Loss: 1.3456, Train: 86.64%, Valid: 69.11%, Test In: 69.81% Test OOD1: 61.45% Test OOD2: 51.46% Test OOD3: 60.18% 
Epoch: 40, Loss: 1.3228, Train: 86.79%, Valid: 69.04%, Test In: 69.71% Test OOD1: 61.66% Test OOD2: 51.36% Test OOD3: 60.17% 
Epoch: 41, Loss: 1.2938, Train: 87.16%, Valid: 68.91%, Test In: 69.60% Test OOD1: 61.88% Test OOD2: 51.28% Test OOD3: 60.18% 
Epoch: 42, Loss: 1.2818, Train: 87.55%, Valid: 68.80%, Test In: 69.49% Test OOD1: 61.48% Test OOD2: 51.33% Test OOD3: 60.01% 
Epoch: 43, Loss: 1.2586, Train: 87.67%, Valid: 68.68%, Test In: 69.36% Test OOD1: 61.43% Test OOD2: 51.22% Test OOD3: 59.90% 
Epoch: 44, Loss: 1.2453, Train: 88.35%, Valid: 68.60%, Test In: 69.30% Test OOD1: 61.60% Test OOD2: 51.27% Test OOD3: 59.91% 
Epoch: 45, Loss: 1.2224, Train: 88.30%, Valid: 68.51%, Test In: 69.15% Test OOD1: 61.49% Test OOD2: 51.20% Test OOD3: 59.81% 
Epoch: 46, Loss: 1.1977, Train: 88.75%, Valid: 68.46%, Test In: 69.12% Test OOD1: 61.27% Test OOD2: 51.17% Test OOD3: 59.67% 
Epoch: 47, Loss: 1.1765, Train: 89.26%, Valid: 68.37%, Test In: 69.04% Test OOD1: 61.47% Test OOD2: 51.23% Test OOD3: 59.74% 
Epoch: 48, Loss: 1.1578, Train: 89.25%, Valid: 68.33%, Test In: 68.94% Test OOD1: 61.45% Test OOD2: 51.17% Test OOD3: 59.69% 
Epoch: 49, Loss: 1.1423, Train: 89.78%, Valid: 68.32%, Test In: 68.97% Test OOD1: 61.11% Test OOD2: 51.17% Test OOD3: 59.50% 
Epoch: 50, Loss: 1.1329, Train: 90.03%, Valid: 68.28%, Test In: 68.88% Test OOD1: 61.24% Test OOD2: 51.19% Test OOD3: 59.54% 
Epoch: 51, Loss: 1.1040, Train: 90.39%, Valid: 68.23%, Test In: 68.85% Test OOD1: 61.27% Test OOD2: 51.19% Test OOD3: 59.49% 
Epoch: 52, Loss: 1.0790, Train: 90.67%, Valid: 68.23%, Test In: 68.82% Test OOD1: 61.09% Test OOD2: 51.17% Test OOD3: 59.37% 
Epoch: 53, Loss: 1.0629, Train: 90.88%, Valid: 68.17%, Test In: 68.73% Test OOD1: 61.09% Test OOD2: 51.19% Test OOD3: 59.37% 
Epoch: 54, Loss: 1.0430, Train: 91.45%, Valid: 68.15%, Test In: 68.76% Test OOD1: 61.32% Test OOD2: 51.23% Test OOD3: 59.42% 
Epoch: 55, Loss: 1.0399, Train: 91.51%, Valid: 68.11%, Test In: 68.64% Test OOD1: 60.97% Test OOD2: 51.19% Test OOD3: 59.25% 
Epoch: 56, Loss: 1.0123, Train: 91.95%, Valid: 68.09%, Test In: 68.61% Test OOD1: 60.92% Test OOD2: 51.20% Test OOD3: 59.16% 
Epoch: 57, Loss: 0.9819, Train: 92.34%, Valid: 68.10%, Test In: 68.58% Test OOD1: 61.16% Test OOD2: 51.23% Test OOD3: 59.23% 
Epoch: 58, Loss: 0.9587, Train: 92.46%, Valid: 68.02%, Test In: 68.48% Test OOD1: 60.94% Test OOD2: 51.23% Test OOD3: 59.08% 
Epoch: 59, Loss: 0.9437, Train: 92.92%, Valid: 68.02%, Test In: 68.46% Test OOD1: 60.98% Test OOD2: 51.23% Test OOD3: 59.02% 
Epoch: 60, Loss: 0.9385, Train: 93.19%, Valid: 67.92%, Test In: 68.36% Test OOD1: 60.84% Test OOD2: 51.25% Test OOD3: 58.96% 
Epoch: 61, Loss: 0.9209, Train: 93.45%, Valid: 67.87%, Test In: 68.39% Test OOD1: 61.00% Test OOD2: 51.26% Test OOD3: 59.00% 
Epoch: 62, Loss: 0.9113, Train: 93.85%, Valid: 67.87%, Test In: 68.34% Test OOD1: 61.05% Test OOD2: 51.25% Test OOD3: 59.01% 
Epoch: 63, Loss: 0.8811, Train: 93.94%, Valid: 67.78%, Test In: 68.27% Test OOD1: 61.01% Test OOD2: 51.27% Test OOD3: 58.93% 
Epoch: 64, Loss: 0.8424, Train: 94.39%, Valid: 67.73%, Test In: 68.22% Test OOD1: 61.04% Test OOD2: 51.27% Test OOD3: 58.85% 
Epoch: 65, Loss: 0.8309, Train: 94.65%, Valid: 67.64%, Test In: 68.09% Test OOD1: 60.79% Test OOD2: 51.28% Test OOD3: 58.69% 
Epoch: 66, Loss: 0.8242, Train: 94.86%, Valid: 67.53%, Test In: 68.08% Test OOD1: 60.74% Test OOD2: 51.29% Test OOD3: 58.64% 
Epoch: 67, Loss: 0.8017, Train: 95.19%, Valid: 67.63%, Test In: 68.16% Test OOD1: 61.12% Test OOD2: 51.28% Test OOD3: 58.83% 
Epoch: 68, Loss: 0.7766, Train: 95.36%, Valid: 67.40%, Test In: 68.06% Test OOD1: 60.83% Test OOD2: 51.30% Test OOD3: 58.72% 
Epoch: 69, Loss: 0.7565, Train: 95.66%, Valid: 67.45%, Test In: 68.11% Test OOD1: 60.97% Test OOD2: 51.28% Test OOD3: 58.73% 
Epoch: 70, Loss: 0.7386, Train: 96.01%, Valid: 67.33%, Test In: 67.97% Test OOD1: 60.81% Test OOD2: 51.29% Test OOD3: 58.61% 
Epoch: 71, Loss: 0.7157, Train: 96.17%, Valid: 67.05%, Test In: 67.80% Test OOD1: 60.47% Test OOD2: 51.31% Test OOD3: 58.41% 
Epoch: 72, Loss: 0.7083, Train: 96.41%, Valid: 67.25%, Test In: 67.93% Test OOD1: 60.97% Test OOD2: 51.25% Test OOD3: 58.56% 
Epoch: 73, Loss: 0.7053, Train: 96.61%, Valid: 66.90%, Test In: 67.73% Test OOD1: 60.65% Test OOD2: 51.31% Test OOD3: 58.43% 
Epoch: 74, Loss: 0.6688, Train: 96.94%, Valid: 66.95%, Test In: 67.78% Test OOD1: 60.82% Test OOD2: 51.28% Test OOD3: 58.47% 
Epoch: 75, Loss: 0.6348, Train: 97.12%, Valid: 66.88%, Test In: 67.75% Test OOD1: 60.74% Test OOD2: 51.29% Test OOD3: 58.41% 
Epoch: 76, Loss: 0.6224, Train: 97.31%, Valid: 66.57%, Test In: 67.57% Test OOD1: 60.44% Test OOD2: 51.33% Test OOD3: 58.25% 
Epoch: 77, Loss: 0.6192, Train: 97.56%, Valid: 66.80%, Test In: 67.73% Test OOD1: 60.80% Test OOD2: 51.28% Test OOD3: 58.35% 
Epoch: 78, Loss: 0.6124, Train: 97.60%, Valid: 66.47%, Test In: 67.55% Test OOD1: 60.51% Test OOD2: 51.37% Test OOD3: 58.22% 
Epoch: 79, Loss: 0.5858, Train: 97.93%, Valid: 66.51%, Test In: 67.56% Test OOD1: 60.70% Test OOD2: 51.34% Test OOD3: 58.28% 
Epoch: 80, Loss: 0.5599, Train: 98.01%, Valid: 66.44%, Test In: 67.55% Test OOD1: 60.62% Test OOD2: 51.37% Test OOD3: 58.23% 
Epoch: 81, Loss: 0.5415, Train: 98.10%, Valid: 66.20%, Test In: 67.42% Test OOD1: 60.42% Test OOD2: 51.39% Test OOD3: 58.14% 
Epoch: 82, Loss: 0.5325, Train: 98.36%, Valid: 66.38%, Test In: 67.55% Test OOD1: 60.73% Test OOD2: 51.35% Test OOD3: 58.25% 
Epoch: 83, Loss: 0.5278, Train: 98.34%, Valid: 66.06%, Test In: 67.40% Test OOD1: 60.42% Test OOD2: 51.42% Test OOD3: 58.13% 
Epoch: 84, Loss: 0.5121, Train: 98.57%, Valid: 66.20%, Test In: 67.50% Test OOD1: 60.63% Test OOD2: 51.38% Test OOD3: 58.19% 
Epoch: 85, Loss: 0.4948, Train: 98.63%, Valid: 66.02%, Test In: 67.42% Test OOD1: 60.47% Test OOD2: 51.41% Test OOD3: 58.11% 
Epoch: 86, Loss: 0.4694, Train: 98.73%, Valid: 65.91%, Test In: 67.38% Test OOD1: 60.41% Test OOD2: 51.43% Test OOD3: 58.08% 
Epoch: 87, Loss: 0.4519, Train: 98.88%, Valid: 66.00%, Test In: 67.46% Test OOD1: 60.59% Test OOD2: 51.42% Test OOD3: 58.14% 
Epoch: 88, Loss: 0.4462, Train: 98.89%, Valid: 65.73%, Test In: 67.30% Test OOD1: 60.34% Test OOD2: 51.49% Test OOD3: 58.05% 
Epoch: 89, Loss: 0.4398, Train: 99.09%, Valid: 65.88%, Test In: 67.40% Test OOD1: 60.65% Test OOD2: 51.46% Test OOD3: 58.16% 
Epoch: 90, Loss: 0.4335, Train: 99.07%, Valid: 65.64%, Test In: 67.28% Test OOD1: 60.37% Test OOD2: 51.51% Test OOD3: 58.04% 
Epoch: 91, Loss: 0.4126, Train: 99.19%, Valid: 65.68%, Test In: 67.32% Test OOD1: 60.44% Test OOD2: 51.50% Test OOD3: 58.07% 
Epoch: 92, Loss: 0.3920, Train: 99.26%, Valid: 65.61%, Test In: 67.31% Test OOD1: 60.39% Test OOD2: 51.49% Test OOD3: 58.05% 
Epoch: 93, Loss: 0.3742, Train: 99.28%, Valid: 65.50%, Test In: 67.28% Test OOD1: 60.23% Test OOD2: 51.52% Test OOD3: 58.01% 
Epoch: 94, Loss: 0.3658, Train: 99.40%, Valid: 65.65%, Test In: 67.38% Test OOD1: 60.42% Test OOD2: 51.49% Test OOD3: 58.10% 
Epoch: 95, Loss: 0.3643, Train: 99.40%, Valid: 65.45%, Test In: 67.28% Test OOD1: 60.19% Test OOD2: 51.49% Test OOD3: 58.04% 
Epoch: 96, Loss: 0.3556, Train: 99.50%, Valid: 65.64%, Test In: 67.39% Test OOD1: 60.34% Test OOD2: 51.47% Test OOD3: 58.12% 
Epoch: 97, Loss: 0.3458, Train: 99.52%, Valid: 65.51%, Test In: 67.30% Test OOD1: 60.20% Test OOD2: 51.46% Test OOD3: 58.07% 
Epoch: 98, Loss: 0.3245, Train: 99.58%, Valid: 65.51%, Test In: 67.29% Test OOD1: 60.20% Test OOD2: 51.46% Test OOD3: 58.09% 
Epoch: 99, Loss: 0.3060, Train: 99.64%, Valid: 65.56%, Test In: 67.29% Test OOD1: 60.27% Test OOD2: 51.47% Test OOD3: 58.12% 
Epoch: 100, Loss: 0.2952, Train: 99.64%, Valid: 65.41%, Test In: 67.21% Test OOD1: 60.16% Test OOD2: 51.47% Test OOD3: 58.09% 
Epoch: 101, Loss: 0.2898, Train: 99.71%, Valid: 65.54%, Test In: 67.24% Test OOD1: 60.30% Test OOD2: 51.48% Test OOD3: 58.17% 
Epoch: 102, Loss: 0.2872, Train: 99.70%, Valid: 65.39%, Test In: 67.15% Test OOD1: 60.15% Test OOD2: 51.49% Test OOD3: 58.11% 
Epoch: 103, Loss: 0.2794, Train: 99.75%, Valid: 65.45%, Test In: 67.15% Test OOD1: 60.21% Test OOD2: 51.48% Test OOD3: 58.14% 
Epoch: 104, Loss: 0.2711, Train: 99.76%, Valid: 65.40%, Test In: 67.10% Test OOD1: 60.11% Test OOD2: 51.50% Test OOD3: 58.09% 
Epoch: 105, Loss: 0.2531, Train: 99.78%, Valid: 65.38%, Test In: 67.05% Test OOD1: 60.10% Test OOD2: 51.49% Test OOD3: 58.09% 
Epoch: 106, Loss: 0.2365, Train: 99.81%, Valid: 65.44%, Test In: 67.05% Test OOD1: 60.12% Test OOD2: 51.50% Test OOD3: 58.10% 
Epoch: 107, Loss: 0.2273, Train: 99.82%, Valid: 65.39%, Test In: 67.00% Test OOD1: 60.02% Test OOD2: 51.51% Test OOD3: 58.06% 
Epoch: 108, Loss: 0.2251, Train: 99.85%, Valid: 65.43%, Test In: 67.00% Test OOD1: 60.06% Test OOD2: 51.50% Test OOD3: 58.09% 
Epoch: 109, Loss: 0.2265, Train: 99.86%, Valid: 65.39%, Test In: 66.98% Test OOD1: 59.92% Test OOD2: 51.53% Test OOD3: 58.04% 
Epoch: 110, Loss: 0.2212, Train: 99.89%, Valid: 65.43%, Test In: 66.98% Test OOD1: 59.97% Test OOD2: 51.51% Test OOD3: 58.07% 
Epoch: 111, Loss: 0.2131, Train: 99.89%, Valid: 65.32%, Test In: 66.95% Test OOD1: 59.86% Test OOD2: 51.53% Test OOD3: 58.02% 
Epoch: 112, Loss: 0.1961, Train: 99.91%, Valid: 65.38%, Test In: 66.95% Test OOD1: 59.91% Test OOD2: 51.53% Test OOD3: 58.04% 
Epoch: 113, Loss: 0.1826, Train: 99.92%, Valid: 65.31%, Test In: 66.93% Test OOD1: 59.86% Test OOD2: 51.52% Test OOD3: 58.02% 
Epoch: 114, Loss: 0.1752, Train: 99.93%, Valid: 65.24%, Test In: 66.90% Test OOD1: 59.83% Test OOD2: 51.53% Test OOD3: 58.01% 
Epoch: 115, Loss: 0.1730, Train: 99.94%, Valid: 65.27%, Test In: 66.89% Test OOD1: 59.88% Test OOD2: 51.52% Test OOD3: 58.05% 
Epoch: 116, Loss: 0.1729, Train: 99.94%, Valid: 65.15%, Test In: 66.86% Test OOD1: 59.76% Test OOD2: 51.52% Test OOD3: 58.02% 
Epoch: 117, Loss: 0.1695, Train: 99.95%, Valid: 65.26%, Test In: 66.88% Test OOD1: 59.90% Test OOD2: 51.50% Test OOD3: 58.10% 
Epoch: 118, Loss: 0.1657, Train: 99.95%, Valid: 65.15%, Test In: 66.87% Test OOD1: 59.78% Test OOD2: 51.52% Test OOD3: 58.07% 
Epoch: 119, Loss: 0.1536, Train: 99.96%, Valid: 65.21%, Test In: 66.87% Test OOD1: 59.86% Test OOD2: 51.49% Test OOD3: 58.13% 
Epoch: 120, Loss: 0.1418, Train: 99.97%, Valid: 65.20%, Test In: 66.87% Test OOD1: 59.85% Test OOD2: 51.50% Test OOD3: 58.14% 
Epoch: 121, Loss: 0.1326, Train: 99.97%, Valid: 65.16%, Test In: 66.85% Test OOD1: 59.81% Test OOD2: 51.51% Test OOD3: 58.15% 
Epoch: 122, Loss: 0.1288, Train: 99.98%, Valid: 65.22%, Test In: 66.85% Test OOD1: 59.87% Test OOD2: 51.49% Test OOD3: 58.20% 
Epoch: 123, Loss: 0.1281, Train: 99.98%, Valid: 65.15%, Test In: 66.84% Test OOD1: 59.78% Test OOD2: 51.51% Test OOD3: 58.18% 
Epoch: 124, Loss: 0.1263, Train: 99.99%, Valid: 65.22%, Test In: 66.82% Test OOD1: 59.84% Test OOD2: 51.50% Test OOD3: 58.22% 
Epoch: 125, Loss: 0.1243, Train: 99.99%, Valid: 65.13%, Test In: 66.79% Test OOD1: 59.73% Test OOD2: 51.52% Test OOD3: 58.18% 
Epoch: 126, Loss: 0.1172, Train: 99.99%, Valid: 65.19%, Test In: 66.78% Test OOD1: 59.78% Test OOD2: 51.51% Test OOD3: 58.21% 
Epoch: 127, Loss: 0.1099, Train: 99.99%, Valid: 65.12%, Test In: 66.76% Test OOD1: 59.69% Test OOD2: 51.53% Test OOD3: 58.19% 
Epoch: 128, Loss: 0.1014, Train: 99.99%, Valid: 65.16%, Test In: 66.76% Test OOD1: 59.72% Test OOD2: 51.52% Test OOD3: 58.21% 
Epoch: 129, Loss: 0.0952, Train: 99.99%, Valid: 65.19%, Test In: 66.76% Test OOD1: 59.74% Test OOD2: 51.53% Test OOD3: 58.23% 
Epoch: 130, Loss: 0.0923, Train: 99.99%, Valid: 65.17%, Test In: 66.77% Test OOD1: 59.69% Test OOD2: 51.55% Test OOD3: 58.23% 
Epoch: 131, Loss: 0.0916, Train: 99.99%, Valid: 65.26%, Test In: 66.77% Test OOD1: 59.78% Test OOD2: 51.54% Test OOD3: 58.27% 
Epoch: 132, Loss: 0.0917, Train: 99.99%, Valid: 65.17%, Test In: 66.75% Test OOD1: 59.64% Test OOD2: 51.58% Test OOD3: 58.21% 
Epoch: 133, Loss: 0.0899, Train: 100.00%, Valid: 65.26%, Test In: 66.75% Test OOD1: 59.74% Test OOD2: 51.57% Test OOD3: 58.26% 
Epoch: 134, Loss: 0.0890, Train: 99.99%, Valid: 65.19%, Test In: 66.74% Test OOD1: 59.64% Test OOD2: 51.62% Test OOD3: 58.23% 
Epoch: 135, Loss: 0.0846, Train: 100.00%, Valid: 65.27%, Test In: 66.75% Test OOD1: 59.76% Test OOD2: 51.61% Test OOD3: 58.30% 
Epoch: 136, Loss: 0.0803, Train: 99.99%, Valid: 65.24%, Test In: 66.76% Test OOD1: 59.71% Test OOD2: 51.64% Test OOD3: 58.30% 
Epoch: 137, Loss: 0.0729, Train: 100.00%, Valid: 65.27%, Test In: 66.76% Test OOD1: 59.74% Test OOD2: 51.64% Test OOD3: 58.33% 
Epoch: 138, Loss: 0.0673, Train: 100.00%, Valid: 65.28%, Test In: 66.75% Test OOD1: 59.73% Test OOD2: 51.65% Test OOD3: 58.35% 
Epoch: 139, Loss: 0.0656, Train: 100.00%, Valid: 65.27%, Test In: 66.76% Test OOD1: 59.66% Test OOD2: 51.67% Test OOD3: 58.35% 
Epoch: 140, Loss: 0.0660, Train: 100.00%, Valid: 65.34%, Test In: 66.76% Test OOD1: 59.74% Test OOD2: 51.66% Test OOD3: 58.41% 
Epoch: 141, Loss: 0.0661, Train: 100.00%, Valid: 65.32%, Test In: 66.77% Test OOD1: 59.63% Test OOD2: 51.68% Test OOD3: 58.37% 
Epoch: 142, Loss: 0.0631, Train: 100.00%, Valid: 65.38%, Test In: 66.78% Test OOD1: 59.70% Test OOD2: 51.66% Test OOD3: 58.40% 
Epoch: 143, Loss: 0.0590, Train: 100.00%, Valid: 65.34%, Test In: 66.76% Test OOD1: 59.62% Test OOD2: 51.67% Test OOD3: 58.37% 
Epoch: 144, Loss: 0.0548, Train: 100.00%, Valid: 65.38%, Test In: 66.77% Test OOD1: 59.59% Test OOD2: 51.67% Test OOD3: 58.36% 
Epoch: 145, Loss: 0.0524, Train: 100.00%, Valid: 65.42%, Test In: 66.78% Test OOD1: 59.62% Test OOD2: 51.67% Test OOD3: 58.39% 
Epoch: 146, Loss: 0.0519, Train: 100.00%, Valid: 65.38%, Test In: 66.77% Test OOD1: 59.58% Test OOD2: 51.69% Test OOD3: 58.39% 
Epoch: 147, Loss: 0.0516, Train: 100.00%, Valid: 65.47%, Test In: 66.79% Test OOD1: 59.63% Test OOD2: 51.69% Test OOD3: 58.42% 
Epoch: 148, Loss: 0.0504, Train: 100.00%, Valid: 65.44%, Test In: 66.79% Test OOD1: 59.56% Test OOD2: 51.71% Test OOD3: 58.41% 
Epoch: 149, Loss: 0.0480, Train: 100.00%, Valid: 65.47%, Test In: 66.79% Test OOD1: 59.59% Test OOD2: 51.72% Test OOD3: 58.42% 
Epoch: 150, Loss: 0.0452, Train: 100.00%, Valid: 65.46%, Test In: 66.79% Test OOD1: 59.58% Test OOD2: 51.73% Test OOD3: 58.42% 
Epoch: 151, Loss: 0.0431, Train: 100.00%, Valid: 65.47%, Test In: 66.80% Test OOD1: 59.55% Test OOD2: 51.74% Test OOD3: 58.41% 
Epoch: 152, Loss: 0.0419, Train: 100.00%, Valid: 65.51%, Test In: 66.81% Test OOD1: 59.58% Test OOD2: 51.75% Test OOD3: 58.42% 
Epoch: 153, Loss: 0.0414, Train: 100.00%, Valid: 65.49%, Test In: 66.80% Test OOD1: 59.54% Test OOD2: 51.76% Test OOD3: 58.41% 
Epoch: 154, Loss: 0.0407, Train: 100.00%, Valid: 65.55%, Test In: 66.81% Test OOD1: 59.56% Test OOD2: 51.75% Test OOD3: 58.42% 
Epoch: 155, Loss: 0.0395, Train: 100.00%, Valid: 65.55%, Test In: 66.82% Test OOD1: 59.50% Test OOD2: 51.76% Test OOD3: 58.40% 
Epoch: 156, Loss: 0.0377, Train: 100.00%, Valid: 65.57%, Test In: 66.81% Test OOD1: 59.50% Test OOD2: 51.75% Test OOD3: 58.40% 
Epoch: 157, Loss: 0.0360, Train: 100.00%, Valid: 65.59%, Test In: 66.82% Test OOD1: 59.50% Test OOD2: 51.75% Test OOD3: 58.41% 
Epoch: 158, Loss: 0.0348, Train: 100.00%, Valid: 65.59%, Test In: 66.82% Test OOD1: 59.46% Test OOD2: 51.76% Test OOD3: 58.40% 
Epoch: 159, Loss: 0.0342, Train: 100.00%, Valid: 65.62%, Test In: 66.83% Test OOD1: 59.50% Test OOD2: 51.75% Test OOD3: 58.42% 
Epoch: 160, Loss: 0.0337, Train: 100.00%, Valid: 65.59%, Test In: 66.83% Test OOD1: 59.46% Test OOD2: 51.76% Test OOD3: 58.42% 
Epoch: 161, Loss: 0.0331, Train: 100.00%, Valid: 65.63%, Test In: 66.85% Test OOD1: 59.48% Test OOD2: 51.77% Test OOD3: 58.44% 
Epoch: 162, Loss: 0.0321, Train: 100.00%, Valid: 65.62%, Test In: 66.86% Test OOD1: 59.47% Test OOD2: 51.78% Test OOD3: 58.44% 
Epoch: 163, Loss: 0.0308, Train: 100.00%, Valid: 65.64%, Test In: 66.86% Test OOD1: 59.48% Test OOD2: 51.78% Test OOD3: 58.45% 
Epoch: 164, Loss: 0.0298, Train: 100.00%, Valid: 65.66%, Test In: 66.89% Test OOD1: 59.49% Test OOD2: 51.78% Test OOD3: 58.47% 
Epoch: 165, Loss: 0.0291, Train: 100.00%, Valid: 65.65%, Test In: 66.89% Test OOD1: 59.47% Test OOD2: 51.79% Test OOD3: 58.46% 
Epoch: 166, Loss: 0.0287, Train: 100.00%, Valid: 65.69%, Test In: 66.91% Test OOD1: 59.52% Test OOD2: 51.79% Test OOD3: 58.49% 
Epoch: 167, Loss: 0.0283, Train: 100.00%, Valid: 65.68%, Test In: 66.91% Test OOD1: 59.48% Test OOD2: 51.79% Test OOD3: 58.48% 
Epoch: 168, Loss: 0.0275, Train: 100.00%, Valid: 65.72%, Test In: 66.92% Test OOD1: 59.52% Test OOD2: 51.79% Test OOD3: 58.50% 
Epoch: 169, Loss: 0.0267, Train: 100.00%, Valid: 65.71%, Test In: 66.92% Test OOD1: 59.50% Test OOD2: 51.78% Test OOD3: 58.49% 
Epoch: 170, Loss: 0.0260, Train: 100.00%, Valid: 65.73%, Test In: 66.92% Test OOD1: 59.50% Test OOD2: 51.78% Test OOD3: 58.50% 
Epoch: 171, Loss: 0.0254, Train: 100.00%, Valid: 65.74%, Test In: 66.92% Test OOD1: 59.50% Test OOD2: 51.78% Test OOD3: 58.50% 
Epoch: 172, Loss: 0.0249, Train: 100.00%, Valid: 65.73%, Test In: 66.92% Test OOD1: 59.48% Test OOD2: 51.77% Test OOD3: 58.49% 
Epoch: 173, Loss: 0.0244, Train: 100.00%, Valid: 65.76%, Test In: 66.93% Test OOD1: 59.49% Test OOD2: 51.76% Test OOD3: 58.50% 
Epoch: 174, Loss: 0.0239, Train: 100.00%, Valid: 65.75%, Test In: 66.93% Test OOD1: 59.47% Test OOD2: 51.77% Test OOD3: 58.50% 
Epoch: 175, Loss: 0.0235, Train: 100.00%, Valid: 65.78%, Test In: 66.95% Test OOD1: 59.50% Test OOD2: 51.76% Test OOD3: 58.52% 
Epoch: 176, Loss: 0.0230, Train: 100.00%, Valid: 65.77%, Test In: 66.95% Test OOD1: 59.47% Test OOD2: 51.76% Test OOD3: 58.51% 
Epoch: 177, Loss: 0.0226, Train: 100.00%, Valid: 65.79%, Test In: 66.96% Test OOD1: 59.50% Test OOD2: 51.76% Test OOD3: 58.52% 
Epoch: 178, Loss: 0.0222, Train: 100.00%, Valid: 65.77%, Test In: 66.95% Test OOD1: 59.47% Test OOD2: 51.76% Test OOD3: 58.50% 
Epoch: 179, Loss: 0.0219, Train: 100.00%, Valid: 65.79%, Test In: 66.96% Test OOD1: 59.50% Test OOD2: 51.76% Test OOD3: 58.52% 
Epoch: 180, Loss: 0.0215, Train: 100.00%, Valid: 65.78%, Test In: 66.96% Test OOD1: 59.49% Test OOD2: 51.76% Test OOD3: 58.51% 
Epoch: 181, Loss: 0.0211, Train: 100.00%, Valid: 65.79%, Test In: 66.98% Test OOD1: 59.52% Test OOD2: 51.76% Test OOD3: 58.52% 
Epoch: 182, Loss: 0.0207, Train: 100.00%, Valid: 65.79%, Test In: 66.98% Test OOD1: 59.50% Test OOD2: 51.76% Test OOD3: 58.52% 
Epoch: 183, Loss: 0.0204, Train: 100.00%, Valid: 65.78%, Test In: 66.99% Test OOD1: 59.51% Test OOD2: 51.76% Test OOD3: 58.52% 
Epoch: 184, Loss: 0.0201, Train: 100.00%, Valid: 65.79%, Test In: 66.98% Test OOD1: 59.50% Test OOD2: 51.75% Test OOD3: 58.51% 
Epoch: 185, Loss: 0.0198, Train: 100.00%, Valid: 65.79%, Test In: 67.00% Test OOD1: 59.52% Test OOD2: 51.76% Test OOD3: 58.52% 
Epoch: 186, Loss: 0.0194, Train: 100.00%, Valid: 65.79%, Test In: 67.00% Test OOD1: 59.51% Test OOD2: 51.75% Test OOD3: 58.51% 
Epoch: 187, Loss: 0.0189, Train: 100.00%, Valid: 65.80%, Test In: 67.00% Test OOD1: 59.52% Test OOD2: 51.75% Test OOD3: 58.52% 
Epoch: 188, Loss: 0.0187, Train: 100.00%, Valid: 65.79%, Test In: 67.01% Test OOD1: 59.52% Test OOD2: 51.75% Test OOD3: 58.52% 
Epoch: 189, Loss: 0.0184, Train: 100.00%, Valid: 65.80%, Test In: 67.01% Test OOD1: 59.50% Test OOD2: 51.74% Test OOD3: 58.51% 
Epoch: 190, Loss: 0.0182, Train: 100.00%, Valid: 65.80%, Test In: 67.01% Test OOD1: 59.53% Test OOD2: 51.74% Test OOD3: 58.52% 
Epoch: 191, Loss: 0.0179, Train: 100.00%, Valid: 65.81%, Test In: 67.03% Test OOD1: 59.51% Test OOD2: 51.74% Test OOD3: 58.52% 
Epoch: 192, Loss: 0.0176, Train: 100.00%, Valid: 65.82%, Test In: 67.03% Test OOD1: 59.53% Test OOD2: 51.74% Test OOD3: 58.53% 
Epoch: 193, Loss: 0.0173, Train: 100.00%, Valid: 65.82%, Test In: 67.04% Test OOD1: 59.53% Test OOD2: 51.74% Test OOD3: 58.53% 
Epoch: 194, Loss: 0.0172, Train: 100.00%, Valid: 65.82%, Test In: 67.04% Test OOD1: 59.51% Test OOD2: 51.73% Test OOD3: 58.53% 
Epoch: 195, Loss: 0.0170, Train: 100.00%, Valid: 65.82%, Test In: 67.04% Test OOD1: 59.51% Test OOD2: 51.73% Test OOD3: 58.53% 
Epoch: 196, Loss: 0.0168, Train: 100.00%, Valid: 65.83%, Test In: 67.04% Test OOD1: 59.50% Test OOD2: 51.73% Test OOD3: 58.53% 
Epoch: 197, Loss: 0.0165, Train: 100.00%, Valid: 65.84%, Test In: 67.05% Test OOD1: 59.54% Test OOD2: 51.72% Test OOD3: 58.55% 
Epoch: 198, Loss: 0.0163, Train: 100.00%, Valid: 65.84%, Test In: 67.05% Test OOD1: 59.52% Test OOD2: 51.72% Test OOD3: 58.55% 
Epoch: 199, Loss: 0.0160, Train: 100.00%, Valid: 65.85%, Test In: 67.06% Test OOD1: 59.53% Test OOD2: 51.72% Test OOD3: 58.55% 
Run 03:
Highest Train: 100.00
Highest Valid: 70.63
Highest In Test: 71.66
Highest OOD Test: 65.37
Highest OOD Test: 52.08
Highest OOD Test: 63.00
Chosen epoch: 24
Final Train: 80.37
Final In Test: 71.66
Final OOD Test: 64.55
Final OOD Test: 51.69
Final OOD Test: 62.37
All runs:
Highest Train: 100.00 ± 0.00
Highest Valid: 70.43 ± 0.24
Highest In Test: 71.45 ± 0.26
Highest OOD Test: 65.53 ± 0.18
Highest OOD Test: 52.00 ± 0.16
Highest OOD Test: 62.96 ± 0.17
  Final Train: 80.64 ± 0.61
   Final In  Test: 71.39 ± 0.38
   Final OOD Test: 64.58 ± 0.09
   Final OOD Test: 51.59 ± 0.18
   Final OOD Test: 62.25 ± 0.39
[INFO] TensorBoard writer closed.

Command: python main.py --dataset twitch --backbone_type gcn --env_type graph --combine_result --store_result --epochs 200 --runs 3 --num_layers 2 --expert_agg mean --tau 3 --lr 0.01 --weight_decay 5e-5 --dropout 0.0 --K 3 --hidden_channels 64 --seed 123 --device 0 --lr 0.005 --weight_decay 5e-05 --dropout 0.0 --lamda 2.0 --K 4 --hidden_channels 64 --other_env_reduce sample --result_name twitch_stage1_lr0.005_weight_decay5e-05_dropout0.0_lamda2.0_K4_hidden_channels64_other_env_reducesample
Return code: 0
Elapsed: 154.85s
