Namespace(K=3, backbone_type='gcn', combine_result=True, cpu=False, data_dir='./data/', dataset='twitch', device=0, display_step=1, dropout=0.1, env_type='graph', epochs=200, expert_agg='mean', gate_hidden=64, hidden_channels=32, infer_env=False, infer_env_components=64, infer_env_iters=30, infer_env_num=3, lamda=0.1, lr=0.005, num_layers=2, other_env_reduce='env', pos_weight=5.0, result_name='twitch_stage1_lr0.005_weight_decay5e-05_dropout0.1_lamda0.1_K3_hidden_channels32_other_env_reduceenv', runs=3, seed=123, store_result=True, tau=3.0, use_bn=False, variant=False, weight_decay=5e-05)
dataset twitch: all nodes 34120 | edges 429113 | classes 2 | feats 3170
train nodes 7897 | valid nodes 3949 | test in nodes 3949
test ood1 nodes 4648 test ood2 nodes 6551 test ood3 nodes 7126 
[INFO] env numbers: 6 train env numbers: 3
MODEL: CaNet(
  (experts): ModuleList(
    (0): ExpertNet(
      (convs): ModuleList(
        (0): CaNetConv()
        (1): CaNetConv()
      )
      (fcs): ModuleList(
        (0): Linear(in_features=3170, out_features=32, bias=True)
        (1): Linear(in_features=32, out_features=2, bias=True)
      )
      (act_fn): ReLU()
    )
    (1): ExpertNet(
      (convs): ModuleList(
        (0): CaNetConv()
        (1): CaNetConv()
      )
      (fcs): ModuleList(
        (0): Linear(in_features=3170, out_features=32, bias=True)
        (1): Linear(in_features=32, out_features=2, bias=True)
      )
      (act_fn): ReLU()
    )
    (2): ExpertNet(
      (convs): ModuleList(
        (0): CaNetConv()
        (1): CaNetConv()
      )
      (fcs): ModuleList(
        (0): Linear(in_features=3170, out_features=32, bias=True)
        (1): Linear(in_features=32, out_features=2, bias=True)
      )
      (act_fn): ReLU()
    )
  )
  (gate): Sequential(
    (0): Linear(in_features=3170, out_features=64, bias=True)
    (1): ReLU()
    (2): Linear(in_features=64, out_features=3, bias=True)
  )
)
[INFO] TensorBoard logging activated. Logs will be saved to: ./runs/twitch/Apr16_12-06-24_lamda_0.1
Epoch: 00, Loss: 0.7697, Train: 63.83%, Valid: 60.96%, Test In: 60.85% Test OOD1: 59.52% Test OOD2: 50.66% Test OOD3: 56.97% 
Epoch: 01, Loss: 0.7662, Train: 66.45%, Valid: 62.28%, Test In: 62.13% Test OOD1: 56.28% Test OOD2: 51.63% Test OOD3: 57.42% 
Epoch: 02, Loss: 0.7625, Train: 64.31%, Valid: 60.16%, Test In: 59.74% Test OOD1: 50.94% Test OOD2: 51.52% Test OOD3: 54.54% 
Epoch: 03, Loss: 0.7576, Train: 58.69%, Valid: 55.51%, Test In: 55.29% Test OOD1: 46.48% Test OOD2: 51.32% Test OOD3: 51.12% 
Epoch: 04, Loss: 0.7513, Train: 54.14%, Valid: 51.76%, Test In: 51.99% Test OOD1: 44.28% Test OOD2: 51.01% Test OOD3: 49.04% 
Epoch: 05, Loss: 0.7439, Train: 51.11%, Valid: 49.42%, Test In: 49.84% Test OOD1: 43.26% Test OOD2: 50.77% Test OOD3: 48.00% 
Epoch: 06, Loss: 0.7355, Train: 49.29%, Valid: 48.05%, Test In: 48.61% Test OOD1: 42.73% Test OOD2: 50.63% Test OOD3: 47.39% 
Epoch: 07, Loss: 0.7265, Train: 48.41%, Valid: 47.38%, Test In: 48.08% Test OOD1: 42.48% Test OOD2: 50.56% Test OOD3: 47.12% 
Epoch: 08, Loss: 0.7199, Train: 47.28%, Valid: 46.43%, Test In: 47.28% Test OOD1: 42.22% Test OOD2: 50.51% Test OOD3: 46.79% 
Epoch: 09, Loss: 0.7128, Train: 46.02%, Valid: 45.38%, Test In: 46.33% Test OOD1: 41.92% Test OOD2: 50.45% Test OOD3: 46.45% 
Epoch: 10, Loss: 0.7092, Train: 45.36%, Valid: 44.80%, Test In: 45.80% Test OOD1: 41.78% Test OOD2: 50.42% Test OOD3: 46.30% 
Epoch: 11, Loss: 0.7066, Train: 45.59%, Valid: 44.90%, Test In: 45.94% Test OOD1: 41.92% Test OOD2: 50.45% Test OOD3: 46.43% 
Epoch: 12, Loss: 0.7052, Train: 46.86%, Valid: 45.80%, Test In: 46.88% Test OOD1: 42.40% Test OOD2: 50.58% Test OOD3: 46.92% 
Epoch: 13, Loss: 0.7037, Train: 49.87%, Valid: 48.07%, Test In: 49.19% Test OOD1: 43.56% Test OOD2: 50.90% Test OOD3: 48.08% 
Epoch: 14, Loss: 0.7007, Train: 56.27%, Valid: 53.18%, Test In: 54.27% Test OOD1: 46.33% Test OOD2: 51.60% Test OOD3: 50.71% 
Epoch: 15, Loss: 0.6951, Train: 66.19%, Valid: 61.55%, Test In: 62.37% Test OOD1: 52.72% Test OOD2: 52.67% Test OOD3: 56.13% 
Epoch: 16, Loss: 0.6887, Train: 72.38%, Valid: 67.29%, Test In: 68.20% Test OOD1: 61.25% Test OOD2: 53.09% Test OOD3: 61.50% 
Epoch: 17, Loss: 0.6835, Train: 72.72%, Valid: 67.97%, Test In: 68.87% Test OOD1: 65.12% Test OOD2: 52.47% Test OOD3: 62.41% 
Epoch: 18, Loss: 0.6788, Train: 71.42%, Valid: 67.16%, Test In: 67.69% Test OOD1: 65.38% Test OOD2: 52.00% Test OOD3: 61.83% 
Epoch: 19, Loss: 0.6727, Train: 70.35%, Valid: 66.50%, Test In: 66.82% Test OOD1: 65.02% Test OOD2: 51.85% Test OOD3: 61.46% 
Epoch: 20, Loss: 0.6702, Train: 69.97%, Valid: 66.22%, Test In: 66.47% Test OOD1: 64.84% Test OOD2: 51.81% Test OOD3: 61.34% 
Epoch: 21, Loss: 0.6656, Train: 69.97%, Valid: 66.18%, Test In: 66.44% Test OOD1: 64.83% Test OOD2: 51.86% Test OOD3: 61.34% 
Epoch: 22, Loss: 0.6612, Train: 70.17%, Valid: 66.25%, Test In: 66.55% Test OOD1: 64.85% Test OOD2: 51.93% Test OOD3: 61.38% 
Epoch: 23, Loss: 0.6564, Train: 70.44%, Valid: 66.39%, Test In: 66.72% Test OOD1: 64.89% Test OOD2: 51.99% Test OOD3: 61.45% 
Epoch: 24, Loss: 0.6485, Train: 70.76%, Valid: 66.61%, Test In: 66.93% Test OOD1: 65.00% Test OOD2: 52.02% Test OOD3: 61.57% 
Epoch: 25, Loss: 0.6430, Train: 71.13%, Valid: 66.88%, Test In: 67.21% Test OOD1: 65.15% Test OOD2: 52.02% Test OOD3: 61.74% 
Epoch: 26, Loss: 0.6376, Train: 71.62%, Valid: 67.19%, Test In: 67.55% Test OOD1: 65.29% Test OOD2: 52.07% Test OOD3: 61.91% 
Epoch: 27, Loss: 0.6310, Train: 72.18%, Valid: 67.47%, Test In: 67.87% Test OOD1: 65.28% Test OOD2: 52.17% Test OOD3: 62.03% 
Epoch: 28, Loss: 0.6265, Train: 72.68%, Valid: 67.63%, Test In: 68.08% Test OOD1: 65.14% Test OOD2: 52.29% Test OOD3: 62.10% 
Epoch: 29, Loss: 0.6204, Train: 73.13%, Valid: 67.90%, Test In: 68.40% Test OOD1: 65.27% Test OOD2: 52.35% Test OOD3: 62.29% 
Epoch: 30, Loss: 0.6150, Train: 73.55%, Valid: 68.16%, Test In: 68.72% Test OOD1: 65.44% Test OOD2: 52.42% Test OOD3: 62.48% 
Epoch: 31, Loss: 0.6100, Train: 74.03%, Valid: 68.35%, Test In: 68.94% Test OOD1: 65.34% Test OOD2: 52.60% Test OOD3: 62.60% 
Epoch: 32, Loss: 0.6056, Train: 74.54%, Valid: 68.44%, Test In: 69.12% Test OOD1: 65.03% Test OOD2: 52.81% Test OOD3: 62.64% 
Epoch: 33, Loss: 0.5979, Train: 75.02%, Valid: 68.73%, Test In: 69.44% Test OOD1: 65.08% Test OOD2: 52.91% Test OOD3: 62.81% 
Epoch: 34, Loss: 0.5939, Train: 75.45%, Valid: 68.91%, Test In: 69.67% Test OOD1: 64.97% Test OOD2: 53.04% Test OOD3: 62.91% 
Epoch: 35, Loss: 0.5888, Train: 75.80%, Valid: 68.89%, Test In: 69.68% Test OOD1: 64.64% Test OOD2: 53.19% Test OOD3: 62.87% 
Epoch: 36, Loss: 0.5844, Train: 76.03%, Valid: 68.90%, Test In: 69.67% Test OOD1: 64.51% Test OOD2: 53.30% Test OOD3: 62.86% 
Epoch: 37, Loss: 0.5823, Train: 76.28%, Valid: 68.82%, Test In: 69.57% Test OOD1: 64.21% Test OOD2: 53.41% Test OOD3: 62.76% 
Epoch: 38, Loss: 0.5788, Train: 76.69%, Valid: 68.99%, Test In: 69.67% Test OOD1: 64.24% Test OOD2: 53.48% Test OOD3: 62.78% 
Epoch: 39, Loss: 0.5728, Train: 77.06%, Valid: 68.97%, Test In: 69.62% Test OOD1: 63.99% Test OOD2: 53.52% Test OOD3: 62.66% 
Epoch: 40, Loss: 0.5698, Train: 77.31%, Valid: 68.93%, Test In: 69.53% Test OOD1: 63.96% Test OOD2: 53.51% Test OOD3: 62.56% 
Epoch: 41, Loss: 0.5622, Train: 77.46%, Valid: 68.85%, Test In: 69.39% Test OOD1: 64.03% Test OOD2: 53.45% Test OOD3: 62.47% 
Epoch: 42, Loss: 0.5596, Train: 77.64%, Valid: 68.57%, Test In: 69.06% Test OOD1: 63.57% Test OOD2: 53.45% Test OOD3: 62.15% 
Epoch: 43, Loss: 0.5545, Train: 77.88%, Valid: 68.70%, Test In: 69.18% Test OOD1: 64.00% Test OOD2: 53.32% Test OOD3: 62.24% 
Epoch: 44, Loss: 0.5493, Train: 78.26%, Valid: 68.68%, Test In: 69.13% Test OOD1: 63.87% Test OOD2: 53.29% Test OOD3: 62.14% 
Epoch: 45, Loss: 0.5459, Train: 78.43%, Valid: 68.40%, Test In: 68.80% Test OOD1: 63.33% Test OOD2: 53.26% Test OOD3: 61.82% 
Epoch: 46, Loss: 0.5384, Train: 78.61%, Valid: 68.46%, Test In: 68.86% Test OOD1: 63.56% Test OOD2: 53.13% Test OOD3: 61.85% 
Epoch: 47, Loss: 0.5374, Train: 78.95%, Valid: 68.48%, Test In: 68.90% Test OOD1: 63.52% Test OOD2: 53.08% Test OOD3: 61.81% 
Epoch: 48, Loss: 0.5370, Train: 79.39%, Valid: 68.35%, Test In: 68.80% Test OOD1: 63.07% Test OOD2: 53.09% Test OOD3: 61.64% 
Epoch: 49, Loss: 0.5286, Train: 79.75%, Valid: 68.31%, Test In: 68.80% Test OOD1: 62.92% Test OOD2: 53.04% Test OOD3: 61.57% 
Epoch: 50, Loss: 0.5221, Train: 79.78%, Valid: 68.20%, Test In: 68.73% Test OOD1: 62.92% Test OOD2: 52.90% Test OOD3: 61.51% 
Epoch: 51, Loss: 0.5184, Train: 80.03%, Valid: 68.04%, Test In: 68.56% Test OOD1: 62.63% Test OOD2: 52.84% Test OOD3: 61.35% 
Epoch: 52, Loss: 0.5181, Train: 80.49%, Valid: 67.98%, Test In: 68.54% Test OOD1: 62.40% Test OOD2: 52.82% Test OOD3: 61.27% 
Epoch: 53, Loss: 0.5088, Train: 80.77%, Valid: 68.01%, Test In: 68.58% Test OOD1: 62.43% Test OOD2: 52.74% Test OOD3: 61.29% 
Epoch: 54, Loss: 0.5060, Train: 80.92%, Valid: 67.91%, Test In: 68.51% Test OOD1: 62.31% Test OOD2: 52.66% Test OOD3: 61.22% 
Epoch: 55, Loss: 0.4976, Train: 81.15%, Valid: 67.68%, Test In: 68.31% Test OOD1: 61.90% Test OOD2: 52.64% Test OOD3: 61.03% 
Epoch: 56, Loss: 0.4953, Train: 81.55%, Valid: 67.89%, Test In: 68.54% Test OOD1: 62.14% Test OOD2: 52.59% Test OOD3: 61.21% 
Epoch: 57, Loss: 0.4930, Train: 81.95%, Valid: 67.80%, Test In: 68.48% Test OOD1: 61.90% Test OOD2: 52.61% Test OOD3: 61.13% 
Epoch: 58, Loss: 0.4866, Train: 82.14%, Valid: 67.72%, Test In: 68.42% Test OOD1: 61.89% Test OOD2: 52.57% Test OOD3: 61.08% 
Epoch: 59, Loss: 0.4798, Train: 82.19%, Valid: 67.62%, Test In: 68.32% Test OOD1: 61.95% Test OOD2: 52.52% Test OOD3: 61.00% 
Epoch: 60, Loss: 0.4786, Train: 82.59%, Valid: 67.55%, Test In: 68.28% Test OOD1: 61.91% Test OOD2: 52.53% Test OOD3: 60.94% 
Epoch: 61, Loss: 0.4711, Train: 82.94%, Valid: 67.59%, Test In: 68.33% Test OOD1: 61.99% Test OOD2: 52.53% Test OOD3: 60.96% 
Epoch: 62, Loss: 0.4685, Train: 83.20%, Valid: 67.31%, Test In: 68.08% Test OOD1: 61.71% Test OOD2: 52.54% Test OOD3: 60.74% 
Epoch: 63, Loss: 0.4619, Train: 83.21%, Valid: 67.45%, Test In: 68.25% Test OOD1: 62.04% Test OOD2: 52.46% Test OOD3: 60.86% 
Epoch: 64, Loss: 0.4634, Train: 83.58%, Valid: 66.96%, Test In: 67.77% Test OOD1: 61.39% Test OOD2: 52.50% Test OOD3: 60.46% 
Epoch: 65, Loss: 0.4573, Train: 83.84%, Valid: 67.19%, Test In: 68.04% Test OOD1: 61.67% Test OOD2: 52.47% Test OOD3: 60.61% 
Epoch: 66, Loss: 0.4485, Train: 84.03%, Valid: 67.19%, Test In: 68.06% Test OOD1: 61.75% Test OOD2: 52.43% Test OOD3: 60.61% 
Epoch: 67, Loss: 0.4466, Train: 84.29%, Valid: 66.87%, Test In: 67.74% Test OOD1: 61.44% Test OOD2: 52.43% Test OOD3: 60.37% 
Epoch: 68, Loss: 0.4392, Train: 84.42%, Valid: 66.95%, Test In: 67.85% Test OOD1: 61.56% Test OOD2: 52.39% Test OOD3: 60.42% 
Epoch: 69, Loss: 0.4403, Train: 84.71%, Valid: 67.08%, Test In: 68.02% Test OOD1: 61.65% Test OOD2: 52.37% Test OOD3: 60.50% 
Epoch: 70, Loss: 0.4323, Train: 85.10%, Valid: 66.94%, Test In: 67.91% Test OOD1: 61.39% Test OOD2: 52.37% Test OOD3: 60.38% 
Epoch: 71, Loss: 0.4278, Train: 85.33%, Valid: 66.95%, Test In: 67.97% Test OOD1: 61.33% Test OOD2: 52.35% Test OOD3: 60.40% 
Epoch: 72, Loss: 0.4252, Train: 85.63%, Valid: 66.93%, Test In: 67.97% Test OOD1: 61.26% Test OOD2: 52.31% Test OOD3: 60.38% 
Epoch: 73, Loss: 0.4196, Train: 85.94%, Valid: 66.86%, Test In: 67.86% Test OOD1: 61.18% Test OOD2: 52.24% Test OOD3: 60.29% 
Epoch: 74, Loss: 0.4183, Train: 86.37%, Valid: 66.99%, Test In: 68.00% Test OOD1: 61.21% Test OOD2: 52.23% Test OOD3: 60.32% 
Epoch: 75, Loss: 0.4117, Train: 86.69%, Valid: 67.05%, Test In: 68.06% Test OOD1: 61.20% Test OOD2: 52.22% Test OOD3: 60.35% 
Epoch: 76, Loss: 0.4054, Train: 87.00%, Valid: 66.91%, Test In: 67.90% Test OOD1: 61.02% Test OOD2: 52.20% Test OOD3: 60.24% 
Epoch: 77, Loss: 0.4005, Train: 87.03%, Valid: 67.16%, Test In: 68.15% Test OOD1: 61.31% Test OOD2: 52.18% Test OOD3: 60.45% 
Epoch: 78, Loss: 0.4021, Train: 87.47%, Valid: 66.68%, Test In: 67.66% Test OOD1: 60.86% Test OOD2: 52.24% Test OOD3: 60.13% 
Epoch: 79, Loss: 0.3979, Train: 87.61%, Valid: 67.11%, Test In: 68.08% Test OOD1: 61.28% Test OOD2: 52.23% Test OOD3: 60.39% 
Epoch: 80, Loss: 0.3916, Train: 87.94%, Valid: 67.10%, Test In: 68.07% Test OOD1: 61.29% Test OOD2: 52.24% Test OOD3: 60.34% 
Epoch: 81, Loss: 0.3842, Train: 88.27%, Valid: 66.65%, Test In: 67.63% Test OOD1: 60.99% Test OOD2: 52.26% Test OOD3: 60.03% 
Epoch: 82, Loss: 0.3865, Train: 88.24%, Valid: 66.97%, Test In: 67.94% Test OOD1: 61.30% Test OOD2: 52.20% Test OOD3: 60.23% 
Epoch: 83, Loss: 0.3753, Train: 88.60%, Valid: 66.94%, Test In: 67.95% Test OOD1: 61.37% Test OOD2: 52.19% Test OOD3: 60.23% 
Epoch: 84, Loss: 0.3750, Train: 89.07%, Valid: 66.66%, Test In: 67.76% Test OOD1: 61.17% Test OOD2: 52.19% Test OOD3: 60.10% 
Epoch: 85, Loss: 0.3642, Train: 89.20%, Valid: 66.78%, Test In: 67.90% Test OOD1: 61.36% Test OOD2: 52.14% Test OOD3: 60.24% 
Epoch: 86, Loss: 0.3606, Train: 89.24%, Valid: 66.84%, Test In: 68.02% Test OOD1: 61.49% Test OOD2: 52.10% Test OOD3: 60.35% 
Epoch: 87, Loss: 0.3553, Train: 89.87%, Valid: 66.70%, Test In: 67.94% Test OOD1: 61.33% Test OOD2: 52.11% Test OOD3: 60.21% 
Epoch: 88, Loss: 0.3544, Train: 90.34%, Valid: 66.74%, Test In: 68.04% Test OOD1: 61.38% Test OOD2: 52.11% Test OOD3: 60.22% 
Epoch: 89, Loss: 0.3475, Train: 90.20%, Valid: 66.84%, Test In: 68.12% Test OOD1: 61.56% Test OOD2: 52.01% Test OOD3: 60.33% 
Epoch: 90, Loss: 0.3486, Train: 90.76%, Valid: 66.66%, Test In: 67.91% Test OOD1: 61.40% Test OOD2: 52.03% Test OOD3: 60.20% 
Epoch: 91, Loss: 0.3424, Train: 91.19%, Valid: 66.65%, Test In: 67.90% Test OOD1: 61.40% Test OOD2: 52.02% Test OOD3: 60.20% 
Epoch: 92, Loss: 0.3331, Train: 90.99%, Valid: 66.82%, Test In: 68.03% Test OOD1: 61.62% Test OOD2: 51.90% Test OOD3: 60.36% 
Epoch: 93, Loss: 0.3355, Train: 91.54%, Valid: 66.56%, Test In: 67.82% Test OOD1: 61.37% Test OOD2: 51.87% Test OOD3: 60.16% 
Epoch: 94, Loss: 0.3298, Train: 92.03%, Valid: 66.60%, Test In: 67.91% Test OOD1: 61.39% Test OOD2: 51.87% Test OOD3: 60.20% 
Epoch: 95, Loss: 0.3226, Train: 91.87%, Valid: 66.75%, Test In: 68.08% Test OOD1: 61.46% Test OOD2: 51.76% Test OOD3: 60.31% 
Epoch: 96, Loss: 0.3208, Train: 92.27%, Valid: 66.47%, Test In: 67.85% Test OOD1: 61.14% Test OOD2: 51.72% Test OOD3: 60.05% 
Epoch: 97, Loss: 0.3151, Train: 92.73%, Valid: 66.60%, Test In: 67.97% Test OOD1: 61.21% Test OOD2: 51.68% Test OOD3: 60.04% 
Epoch: 98, Loss: 0.3090, Train: 92.94%, Valid: 66.62%, Test In: 67.99% Test OOD1: 61.35% Test OOD2: 51.64% Test OOD3: 60.03% 
Epoch: 99, Loss: 0.3059, Train: 93.03%, Valid: 66.48%, Test In: 67.85% Test OOD1: 61.24% Test OOD2: 51.60% Test OOD3: 59.95% 
Epoch: 100, Loss: 0.3017, Train: 93.15%, Valid: 66.57%, Test In: 67.96% Test OOD1: 61.30% Test OOD2: 51.58% Test OOD3: 59.94% 
Epoch: 101, Loss: 0.2975, Train: 93.63%, Valid: 66.55%, Test In: 68.03% Test OOD1: 61.23% Test OOD2: 51.59% Test OOD3: 59.88% 
Epoch: 102, Loss: 0.2926, Train: 94.07%, Valid: 66.32%, Test In: 67.86% Test OOD1: 60.91% Test OOD2: 51.60% Test OOD3: 59.72% 
Epoch: 103, Loss: 0.2899, Train: 93.84%, Valid: 66.62%, Test In: 68.20% Test OOD1: 61.13% Test OOD2: 51.53% Test OOD3: 59.86% 
Epoch: 104, Loss: 0.2863, Train: 94.21%, Valid: 66.32%, Test In: 67.92% Test OOD1: 60.79% Test OOD2: 51.60% Test OOD3: 59.74% 
Epoch: 105, Loss: 0.2758, Train: 94.42%, Valid: 66.52%, Test In: 68.14% Test OOD1: 61.05% Test OOD2: 51.55% Test OOD3: 59.91% 
Epoch: 106, Loss: 0.2758, Train: 94.79%, Valid: 66.41%, Test In: 67.94% Test OOD1: 60.88% Test OOD2: 51.52% Test OOD3: 59.81% 
Epoch: 107, Loss: 0.2724, Train: 94.94%, Valid: 66.53%, Test In: 68.06% Test OOD1: 60.89% Test OOD2: 51.38% Test OOD3: 59.80% 
Epoch: 108, Loss: 0.2604, Train: 95.06%, Valid: 66.62%, Test In: 68.18% Test OOD1: 60.93% Test OOD2: 51.29% Test OOD3: 59.81% 
Epoch: 109, Loss: 0.2631, Train: 95.48%, Valid: 66.33%, Test In: 67.84% Test OOD1: 60.75% Test OOD2: 51.30% Test OOD3: 59.73% 
Epoch: 110, Loss: 0.2623, Train: 95.38%, Valid: 66.61%, Test In: 68.15% Test OOD1: 60.98% Test OOD2: 51.22% Test OOD3: 59.86% 
Epoch: 111, Loss: 0.2545, Train: 95.60%, Valid: 66.50%, Test In: 68.06% Test OOD1: 60.72% Test OOD2: 51.19% Test OOD3: 59.73% 
Epoch: 112, Loss: 0.2556, Train: 95.94%, Valid: 66.54%, Test In: 68.15% Test OOD1: 60.65% Test OOD2: 51.17% Test OOD3: 59.78% 
Epoch: 113, Loss: 0.2504, Train: 96.08%, Valid: 66.64%, Test In: 68.25% Test OOD1: 60.80% Test OOD2: 51.12% Test OOD3: 59.84% 
Epoch: 114, Loss: 0.2432, Train: 96.35%, Valid: 66.57%, Test In: 68.13% Test OOD1: 60.66% Test OOD2: 51.15% Test OOD3: 59.71% 
Epoch: 115, Loss: 0.2350, Train: 96.52%, Valid: 66.53%, Test In: 68.04% Test OOD1: 60.62% Test OOD2: 51.17% Test OOD3: 59.58% 
Epoch: 116, Loss: 0.2368, Train: 96.45%, Valid: 66.79%, Test In: 68.27% Test OOD1: 61.07% Test OOD2: 51.18% Test OOD3: 59.69% 
Epoch: 117, Loss: 0.2380, Train: 96.95%, Valid: 66.57%, Test In: 67.91% Test OOD1: 60.89% Test OOD2: 51.21% Test OOD3: 59.38% 
Epoch: 118, Loss: 0.2387, Train: 96.74%, Valid: 66.91%, Test In: 68.29% Test OOD1: 61.09% Test OOD2: 51.16% Test OOD3: 59.42% 
Epoch: 119, Loss: 0.2228, Train: 96.81%, Valid: 66.84%, Test In: 68.28% Test OOD1: 61.07% Test OOD2: 51.09% Test OOD3: 59.41% 
Epoch: 120, Loss: 0.2263, Train: 97.28%, Valid: 66.43%, Test In: 67.91% Test OOD1: 60.79% Test OOD2: 51.03% Test OOD3: 59.33% 
Epoch: 121, Loss: 0.2253, Train: 97.16%, Valid: 66.68%, Test In: 68.21% Test OOD1: 60.90% Test OOD2: 50.99% Test OOD3: 59.54% 
Epoch: 122, Loss: 0.2176, Train: 97.29%, Valid: 66.77%, Test In: 68.23% Test OOD1: 60.84% Test OOD2: 50.94% Test OOD3: 59.51% 
Epoch: 123, Loss: 0.2126, Train: 97.78%, Valid: 66.67%, Test In: 68.04% Test OOD1: 60.70% Test OOD2: 50.91% Test OOD3: 59.39% 
Epoch: 124, Loss: 0.2125, Train: 97.83%, Valid: 66.98%, Test In: 68.42% Test OOD1: 61.00% Test OOD2: 50.86% Test OOD3: 59.47% 
Epoch: 125, Loss: 0.2113, Train: 97.89%, Valid: 67.06%, Test In: 68.50% Test OOD1: 61.01% Test OOD2: 50.81% Test OOD3: 59.43% 
Epoch: 126, Loss: 0.2068, Train: 97.96%, Valid: 67.03%, Test In: 68.44% Test OOD1: 61.01% Test OOD2: 50.77% Test OOD3: 59.38% 
Epoch: 127, Loss: 0.2002, Train: 97.95%, Valid: 67.06%, Test In: 68.41% Test OOD1: 61.28% Test OOD2: 50.77% Test OOD3: 59.49% 
Epoch: 128, Loss: 0.2055, Train: 98.14%, Valid: 66.93%, Test In: 68.25% Test OOD1: 61.15% Test OOD2: 50.76% Test OOD3: 59.39% 
Epoch: 129, Loss: 0.1992, Train: 98.13%, Valid: 67.11%, Test In: 68.44% Test OOD1: 61.07% Test OOD2: 50.78% Test OOD3: 59.38% 
Epoch: 130, Loss: 0.1963, Train: 98.32%, Valid: 67.16%, Test In: 68.50% Test OOD1: 60.95% Test OOD2: 50.74% Test OOD3: 59.34% 
Epoch: 131, Loss: 0.1927, Train: 98.63%, Valid: 67.03%, Test In: 68.38% Test OOD1: 60.91% Test OOD2: 50.65% Test OOD3: 59.35% 
Epoch: 132, Loss: 0.1932, Train: 98.59%, Valid: 67.13%, Test In: 68.52% Test OOD1: 60.98% Test OOD2: 50.58% Test OOD3: 59.54% 
Epoch: 133, Loss: 0.1918, Train: 98.57%, Valid: 67.10%, Test In: 68.47% Test OOD1: 60.85% Test OOD2: 50.57% Test OOD3: 59.62% 
Epoch: 134, Loss: 0.1895, Train: 98.57%, Valid: 67.13%, Test In: 68.47% Test OOD1: 60.64% Test OOD2: 50.57% Test OOD3: 59.64% 
Epoch: 135, Loss: 0.1851, Train: 98.67%, Valid: 67.16%, Test In: 68.49% Test OOD1: 60.62% Test OOD2: 50.57% Test OOD3: 59.64% 
Epoch: 136, Loss: 0.1875, Train: 98.87%, Valid: 67.07%, Test In: 68.39% Test OOD1: 60.61% Test OOD2: 50.53% Test OOD3: 59.54% 
Epoch: 137, Loss: 0.1827, Train: 98.87%, Valid: 67.15%, Test In: 68.43% Test OOD1: 60.58% Test OOD2: 50.44% Test OOD3: 59.37% 
Epoch: 138, Loss: 0.1854, Train: 98.65%, Valid: 67.44%, Test In: 68.74% Test OOD1: 60.85% Test OOD2: 50.39% Test OOD3: 59.47% 
Epoch: 139, Loss: 0.1827, Train: 98.94%, Valid: 67.31%, Test In: 68.57% Test OOD1: 61.11% Test OOD2: 50.33% Test OOD3: 59.51% 
Epoch: 140, Loss: 0.1780, Train: 99.04%, Valid: 67.23%, Test In: 68.48% Test OOD1: 61.28% Test OOD2: 50.38% Test OOD3: 59.63% 
Epoch: 141, Loss: 0.1782, Train: 98.94%, Valid: 67.46%, Test In: 68.66% Test OOD1: 61.15% Test OOD2: 50.32% Test OOD3: 59.68% 
Epoch: 142, Loss: 0.1744, Train: 98.98%, Valid: 67.38%, Test In: 68.61% Test OOD1: 60.84% Test OOD2: 50.28% Test OOD3: 59.65% 
Epoch: 143, Loss: 0.1754, Train: 98.92%, Valid: 67.34%, Test In: 68.58% Test OOD1: 60.60% Test OOD2: 50.31% Test OOD3: 59.62% 
Epoch: 144, Loss: 0.1753, Train: 99.02%, Valid: 67.37%, Test In: 68.62% Test OOD1: 60.65% Test OOD2: 50.32% Test OOD3: 59.75% 
Epoch: 145, Loss: 0.1707, Train: 99.18%, Valid: 67.36%, Test In: 68.50% Test OOD1: 60.31% Test OOD2: 50.18% Test OOD3: 59.53% 
Epoch: 146, Loss: 0.1651, Train: 99.19%, Valid: 67.44%, Test In: 68.51% Test OOD1: 60.25% Test OOD2: 50.12% Test OOD3: 59.33% 
Epoch: 147, Loss: 0.1632, Train: 99.16%, Valid: 67.50%, Test In: 68.57% Test OOD1: 60.45% Test OOD2: 50.12% Test OOD3: 59.34% 
Epoch: 148, Loss: 0.1621, Train: 99.26%, Valid: 67.41%, Test In: 68.45% Test OOD1: 60.60% Test OOD2: 50.19% Test OOD3: 59.37% 
Epoch: 149, Loss: 0.1576, Train: 99.28%, Valid: 67.36%, Test In: 68.37% Test OOD1: 60.62% Test OOD2: 50.25% Test OOD3: 59.43% 
Epoch: 150, Loss: 0.1623, Train: 99.06%, Valid: 67.52%, Test In: 68.49% Test OOD1: 60.81% Test OOD2: 50.33% Test OOD3: 59.60% 
Epoch: 151, Loss: 0.1648, Train: 99.25%, Valid: 67.41%, Test In: 68.41% Test OOD1: 60.39% Test OOD2: 50.28% Test OOD3: 59.36% 
Epoch: 152, Loss: 0.1571, Train: 99.32%, Valid: 67.42%, Test In: 68.43% Test OOD1: 60.36% Test OOD2: 50.27% Test OOD3: 59.31% 
Epoch: 153, Loss: 0.1580, Train: 99.22%, Valid: 67.48%, Test In: 68.55% Test OOD1: 60.63% Test OOD2: 50.28% Test OOD3: 59.47% 
Epoch: 154, Loss: 0.1600, Train: 99.46%, Valid: 67.28%, Test In: 68.42% Test OOD1: 60.07% Test OOD2: 50.19% Test OOD3: 59.09% 
Epoch: 155, Loss: 0.1576, Train: 99.41%, Valid: 67.46%, Test In: 68.73% Test OOD1: 60.09% Test OOD2: 50.26% Test OOD3: 59.17% 
Epoch: 156, Loss: 0.1458, Train: 99.27%, Valid: 67.49%, Test In: 68.85% Test OOD1: 60.36% Test OOD2: 50.40% Test OOD3: 59.37% 
Epoch: 157, Loss: 0.1599, Train: 99.45%, Valid: 67.17%, Test In: 68.61% Test OOD1: 60.12% Test OOD2: 50.45% Test OOD3: 59.19% 
Epoch: 158, Loss: 0.1550, Train: 99.41%, Valid: 67.32%, Test In: 68.72% Test OOD1: 60.03% Test OOD2: 50.43% Test OOD3: 59.22% 
Epoch: 159, Loss: 0.1519, Train: 99.22%, Valid: 67.55%, Test In: 68.79% Test OOD1: 60.22% Test OOD2: 50.42% Test OOD3: 59.46% 
Epoch: 160, Loss: 0.1539, Train: 99.43%, Valid: 67.36%, Test In: 68.55% Test OOD1: 60.14% Test OOD2: 50.45% Test OOD3: 59.39% 
Epoch: 161, Loss: 0.1405, Train: 99.54%, Valid: 67.04%, Test In: 68.20% Test OOD1: 59.80% Test OOD2: 50.45% Test OOD3: 59.17% 
Epoch: 162, Loss: 0.1474, Train: 99.55%, Valid: 67.18%, Test In: 68.24% Test OOD1: 59.73% Test OOD2: 50.46% Test OOD3: 59.17% 
Epoch: 163, Loss: 0.1453, Train: 99.48%, Valid: 67.38%, Test In: 68.36% Test OOD1: 59.58% Test OOD2: 50.46% Test OOD3: 59.10% 
Epoch: 164, Loss: 0.1475, Train: 99.57%, Valid: 67.35%, Test In: 68.35% Test OOD1: 59.46% Test OOD2: 50.46% Test OOD3: 58.95% 
Epoch: 165, Loss: 0.1397, Train: 99.61%, Valid: 67.30%, Test In: 68.31% Test OOD1: 59.72% Test OOD2: 50.46% Test OOD3: 59.06% 
Epoch: 166, Loss: 0.1398, Train: 99.65%, Valid: 67.39%, Test In: 68.49% Test OOD1: 60.16% Test OOD2: 50.42% Test OOD3: 59.41% 
Epoch: 167, Loss: 0.1442, Train: 99.62%, Valid: 67.50%, Test In: 68.73% Test OOD1: 60.24% Test OOD2: 50.34% Test OOD3: 59.52% 
Epoch: 168, Loss: 0.1421, Train: 99.69%, Valid: 67.44%, Test In: 68.74% Test OOD1: 59.98% Test OOD2: 50.33% Test OOD3: 59.34% 
Epoch: 169, Loss: 0.1317, Train: 99.65%, Valid: 67.43%, Test In: 68.77% Test OOD1: 59.91% Test OOD2: 50.36% Test OOD3: 59.23% 
Epoch: 170, Loss: 0.1382, Train: 99.60%, Valid: 67.46%, Test In: 68.75% Test OOD1: 60.34% Test OOD2: 50.44% Test OOD3: 59.49% 
Epoch: 171, Loss: 0.1400, Train: 99.57%, Valid: 67.54%, Test In: 68.72% Test OOD1: 60.45% Test OOD2: 50.49% Test OOD3: 59.57% 
Epoch: 172, Loss: 0.1325, Train: 99.65%, Valid: 67.62%, Test In: 68.72% Test OOD1: 60.25% Test OOD2: 50.50% Test OOD3: 59.49% 
Epoch: 173, Loss: 0.1329, Train: 99.73%, Valid: 67.64%, Test In: 68.70% Test OOD1: 60.09% Test OOD2: 50.49% Test OOD3: 59.49% 
Epoch: 174, Loss: 0.1280, Train: 99.78%, Valid: 67.72%, Test In: 68.72% Test OOD1: 60.07% Test OOD2: 50.54% Test OOD3: 59.55% 
Epoch: 175, Loss: 0.1299, Train: 99.80%, Valid: 67.80%, Test In: 68.77% Test OOD1: 59.81% Test OOD2: 50.55% Test OOD3: 59.41% 
Epoch: 176, Loss: 0.1300, Train: 99.83%, Valid: 67.76%, Test In: 68.68% Test OOD1: 59.73% Test OOD2: 50.57% Test OOD3: 59.31% 
Epoch: 177, Loss: 0.1297, Train: 99.82%, Valid: 67.73%, Test In: 68.55% Test OOD1: 59.99% Test OOD2: 50.62% Test OOD3: 59.37% 
Epoch: 178, Loss: 0.1305, Train: 99.74%, Valid: 67.80%, Test In: 68.57% Test OOD1: 60.36% Test OOD2: 50.66% Test OOD3: 59.52% 
Epoch: 179, Loss: 0.1312, Train: 99.72%, Valid: 67.85%, Test In: 68.52% Test OOD1: 60.40% Test OOD2: 50.60% Test OOD3: 59.52% 
Epoch: 180, Loss: 0.1255, Train: 99.73%, Valid: 67.84%, Test In: 68.50% Test OOD1: 60.32% Test OOD2: 50.58% Test OOD3: 59.49% 
Epoch: 181, Loss: 0.1282, Train: 99.76%, Valid: 67.86%, Test In: 68.52% Test OOD1: 60.34% Test OOD2: 50.61% Test OOD3: 59.51% 
Epoch: 182, Loss: 0.1267, Train: 99.81%, Valid: 67.70%, Test In: 68.49% Test OOD1: 60.48% Test OOD2: 50.70% Test OOD3: 59.64% 
Epoch: 183, Loss: 0.1252, Train: 99.84%, Valid: 67.60%, Test In: 68.44% Test OOD1: 60.30% Test OOD2: 50.71% Test OOD3: 59.63% 
Epoch: 184, Loss: 0.1263, Train: 99.85%, Valid: 67.72%, Test In: 68.53% Test OOD1: 59.91% Test OOD2: 50.68% Test OOD3: 59.45% 
Epoch: 185, Loss: 0.1246, Train: 99.83%, Valid: 67.79%, Test In: 68.60% Test OOD1: 59.60% Test OOD2: 50.69% Test OOD3: 59.28% 
Epoch: 186, Loss: 0.1231, Train: 99.85%, Valid: 67.55%, Test In: 68.42% Test OOD1: 59.91% Test OOD2: 50.77% Test OOD3: 59.47% 
Epoch: 187, Loss: 0.1273, Train: 99.86%, Valid: 67.37%, Test In: 68.22% Test OOD1: 60.12% Test OOD2: 50.80% Test OOD3: 59.50% 
Epoch: 188, Loss: 0.1263, Train: 99.85%, Valid: 67.51%, Test In: 68.20% Test OOD1: 60.02% Test OOD2: 50.71% Test OOD3: 59.40% 
Epoch: 189, Loss: 0.1238, Train: 99.84%, Valid: 67.72%, Test In: 68.27% Test OOD1: 59.72% Test OOD2: 50.69% Test OOD3: 59.24% 
Epoch: 190, Loss: 0.1234, Train: 99.86%, Valid: 67.75%, Test In: 68.23% Test OOD1: 59.60% Test OOD2: 50.74% Test OOD3: 59.15% 
Epoch: 191, Loss: 0.1192, Train: 99.88%, Valid: 67.75%, Test In: 68.23% Test OOD1: 59.81% Test OOD2: 50.80% Test OOD3: 59.25% 
Epoch: 192, Loss: 0.1187, Train: 99.88%, Valid: 67.74%, Test In: 68.26% Test OOD1: 60.21% Test OOD2: 50.88% Test OOD3: 59.48% 
Epoch: 193, Loss: 0.1233, Train: 99.88%, Valid: 67.84%, Test In: 68.33% Test OOD1: 60.29% Test OOD2: 50.93% Test OOD3: 59.54% 
Epoch: 194, Loss: 0.1237, Train: 99.88%, Valid: 67.83%, Test In: 68.31% Test OOD1: 60.19% Test OOD2: 50.94% Test OOD3: 59.48% 
Epoch: 195, Loss: 0.1200, Train: 99.88%, Valid: 67.85%, Test In: 68.33% Test OOD1: 60.34% Test OOD2: 50.92% Test OOD3: 59.55% 
Epoch: 196, Loss: 0.1188, Train: 99.86%, Valid: 67.89%, Test In: 68.42% Test OOD1: 60.50% Test OOD2: 50.86% Test OOD3: 59.64% 
Epoch: 197, Loss: 0.1228, Train: 99.91%, Valid: 67.73%, Test In: 68.40% Test OOD1: 60.28% Test OOD2: 50.78% Test OOD3: 59.52% 
Epoch: 198, Loss: 0.1162, Train: 99.90%, Valid: 67.68%, Test In: 68.41% Test OOD1: 60.20% Test OOD2: 50.70% Test OOD3: 59.49% 
Epoch: 199, Loss: 0.1186, Train: 99.87%, Valid: 67.83%, Test In: 68.50% Test OOD1: 60.28% Test OOD2: 50.59% Test OOD3: 59.58% 
Run 01:
Highest Train: 99.91
Highest Valid: 68.99
Highest In Test: 69.68
Highest OOD Test: 65.44
Highest OOD Test: 53.52
Highest OOD Test: 62.91
Chosen epoch: 39
Final Train: 76.69
Final In Test: 69.67
Final OOD Test: 64.24
Final OOD Test: 53.48
Final OOD Test: 62.78
Epoch: 00, Loss: 0.7655, Train: 64.89%, Valid: 62.42%, Test In: 61.52% Test OOD1: 61.59% Test OOD2: 50.39% Test OOD3: 58.49% 
Epoch: 01, Loss: 0.7613, Train: 65.69%, Valid: 63.34%, Test In: 62.33% Test OOD1: 62.13% Test OOD2: 50.31% Test OOD3: 58.88% 
Epoch: 02, Loss: 0.7563, Train: 66.56%, Valid: 64.17%, Test In: 63.14% Test OOD1: 62.53% Test OOD2: 50.24% Test OOD3: 59.19% 
Epoch: 03, Loss: 0.7496, Train: 67.25%, Valid: 64.85%, Test In: 63.80% Test OOD1: 62.89% Test OOD2: 50.16% Test OOD3: 59.47% 
Epoch: 04, Loss: 0.7412, Train: 67.76%, Valid: 65.31%, Test In: 64.29% Test OOD1: 63.17% Test OOD2: 50.16% Test OOD3: 59.65% 
Epoch: 05, Loss: 0.7329, Train: 68.58%, Valid: 66.01%, Test In: 65.09% Test OOD1: 63.63% Test OOD2: 50.23% Test OOD3: 60.01% 
Epoch: 06, Loss: 0.7239, Train: 72.34%, Valid: 68.83%, Test In: 68.42% Test OOD1: 65.77% Test OOD2: 50.45% Test OOD3: 61.65% 
Epoch: 07, Loss: 0.7173, Train: 64.74%, Valid: 61.43%, Test In: 61.23% Test OOD1: 48.15% Test OOD2: 51.31% Test OOD3: 52.68% 
Epoch: 08, Loss: 0.7119, Train: 48.36%, Valid: 47.36%, Test In: 48.04% Test OOD1: 42.66% Test OOD2: 50.37% Test OOD3: 47.33% 
Epoch: 09, Loss: 0.7066, Train: 45.77%, Valid: 45.15%, Test In: 46.03% Test OOD1: 41.88% Test OOD2: 50.26% Test OOD3: 46.52% 
Epoch: 10, Loss: 0.7054, Train: 45.67%, Valid: 44.97%, Test In: 45.93% Test OOD1: 41.85% Test OOD2: 50.27% Test OOD3: 46.48% 
Epoch: 11, Loss: 0.7078, Train: 46.88%, Valid: 45.83%, Test In: 46.83% Test OOD1: 42.26% Test OOD2: 50.37% Test OOD3: 46.89% 
Epoch: 12, Loss: 0.7041, Train: 49.86%, Valid: 48.09%, Test In: 49.12% Test OOD1: 43.30% Test OOD2: 50.60% Test OOD3: 47.93% 
Epoch: 13, Loss: 0.6999, Train: 56.36%, Valid: 53.23%, Test In: 54.26% Test OOD1: 45.84% Test OOD2: 51.18% Test OOD3: 50.34% 
Epoch: 14, Loss: 0.6956, Train: 67.16%, Valid: 62.25%, Test In: 62.97% Test OOD1: 52.25% Test OOD2: 52.21% Test OOD3: 55.64% 
Epoch: 15, Loss: 0.6919, Train: 73.71%, Valid: 68.30%, Test In: 69.21% Test OOD1: 61.84% Test OOD2: 52.58% Test OOD3: 61.69% 
Epoch: 16, Loss: 0.6865, Train: 73.38%, Valid: 68.37%, Test In: 69.10% Test OOD1: 65.66% Test OOD2: 51.91% Test OOD3: 62.58% 
Epoch: 17, Loss: 0.6835, Train: 71.15%, Valid: 67.02%, Test In: 67.34% Test OOD1: 65.22% Test OOD2: 51.53% Test OOD3: 61.75% 
Epoch: 18, Loss: 0.6785, Train: 69.80%, Valid: 66.13%, Test In: 66.19% Test OOD1: 64.62% Test OOD2: 51.41% Test OOD3: 61.24% 
Epoch: 19, Loss: 0.6773, Train: 69.11%, Valid: 65.66%, Test In: 65.59% Test OOD1: 64.33% Test OOD2: 51.37% Test OOD3: 60.99% 
Epoch: 20, Loss: 0.6746, Train: 68.79%, Valid: 65.41%, Test In: 65.30% Test OOD1: 64.22% Test OOD2: 51.38% Test OOD3: 60.88% 
Epoch: 21, Loss: 0.6699, Train: 68.69%, Valid: 65.31%, Test In: 65.20% Test OOD1: 64.18% Test OOD2: 51.42% Test OOD3: 60.86% 
Epoch: 22, Loss: 0.6657, Train: 68.74%, Valid: 65.30%, Test In: 65.21% Test OOD1: 64.20% Test OOD2: 51.48% Test OOD3: 60.89% 
Epoch: 23, Loss: 0.6616, Train: 68.89%, Valid: 65.33%, Test In: 65.29% Test OOD1: 64.22% Test OOD2: 51.55% Test OOD3: 60.94% 
Epoch: 24, Loss: 0.6585, Train: 69.11%, Valid: 65.39%, Test In: 65.40% Test OOD1: 64.25% Test OOD2: 51.64% Test OOD3: 61.00% 
Epoch: 25, Loss: 0.6529, Train: 69.37%, Valid: 65.49%, Test In: 65.55% Test OOD1: 64.29% Test OOD2: 51.71% Test OOD3: 61.08% 
Epoch: 26, Loss: 0.6493, Train: 69.68%, Valid: 65.64%, Test In: 65.74% Test OOD1: 64.36% Test OOD2: 51.79% Test OOD3: 61.19% 
Epoch: 27, Loss: 0.6475, Train: 70.06%, Valid: 65.87%, Test In: 66.01% Test OOD1: 64.49% Test OOD2: 51.86% Test OOD3: 61.34% 
Epoch: 28, Loss: 0.6407, Train: 70.50%, Valid: 66.18%, Test In: 66.33% Test OOD1: 64.67% Test OOD2: 51.92% Test OOD3: 61.53% 
Epoch: 29, Loss: 0.6356, Train: 71.00%, Valid: 66.53%, Test In: 66.71% Test OOD1: 64.88% Test OOD2: 52.00% Test OOD3: 61.73% 
Epoch: 30, Loss: 0.6314, Train: 71.57%, Valid: 66.87%, Test In: 67.09% Test OOD1: 65.03% Test OOD2: 52.11% Test OOD3: 61.91% 
Epoch: 31, Loss: 0.6267, Train: 72.13%, Valid: 67.15%, Test In: 67.43% Test OOD1: 65.05% Test OOD2: 52.25% Test OOD3: 62.03% 
Epoch: 32, Loss: 0.6205, Train: 72.65%, Valid: 67.34%, Test In: 67.66% Test OOD1: 64.92% Test OOD2: 52.39% Test OOD3: 62.10% 
Epoch: 33, Loss: 0.6133, Train: 73.13%, Valid: 67.51%, Test In: 67.87% Test OOD1: 64.86% Test OOD2: 52.52% Test OOD3: 62.22% 
Epoch: 34, Loss: 0.6114, Train: 73.66%, Valid: 67.76%, Test In: 68.16% Test OOD1: 64.92% Test OOD2: 52.64% Test OOD3: 62.38% 
Epoch: 35, Loss: 0.6042, Train: 74.16%, Valid: 67.99%, Test In: 68.45% Test OOD1: 64.96% Test OOD2: 52.76% Test OOD3: 62.52% 
Epoch: 36, Loss: 0.5995, Train: 74.55%, Valid: 67.96%, Test In: 68.51% Test OOD1: 64.65% Test OOD2: 52.89% Test OOD3: 62.50% 
Epoch: 37, Loss: 0.5948, Train: 74.92%, Valid: 67.85%, Test In: 68.51% Test OOD1: 64.27% Test OOD2: 52.99% Test OOD3: 62.42% 
Epoch: 38, Loss: 0.5899, Train: 75.45%, Valid: 68.14%, Test In: 68.85% Test OOD1: 64.37% Test OOD2: 53.06% Test OOD3: 62.56% 
Epoch: 39, Loss: 0.5838, Train: 75.86%, Valid: 68.24%, Test In: 68.99% Test OOD1: 64.26% Test OOD2: 53.15% Test OOD3: 62.58% 
Epoch: 40, Loss: 0.5765, Train: 76.04%, Valid: 67.98%, Test In: 68.78% Test OOD1: 63.74% Test OOD2: 53.26% Test OOD3: 62.36% 
Epoch: 41, Loss: 0.5738, Train: 76.32%, Valid: 68.11%, Test In: 68.88% Test OOD1: 63.78% Test OOD2: 53.34% Test OOD3: 62.38% 
Epoch: 42, Loss: 0.5672, Train: 76.63%, Valid: 68.14%, Test In: 68.89% Test OOD1: 63.65% Test OOD2: 53.37% Test OOD3: 62.31% 
Epoch: 43, Loss: 0.5646, Train: 76.90%, Valid: 67.91%, Test In: 68.68% Test OOD1: 63.10% Test OOD2: 53.41% Test OOD3: 62.03% 
Epoch: 44, Loss: 0.5592, Train: 77.36%, Valid: 68.31%, Test In: 69.05% Test OOD1: 63.62% Test OOD2: 53.36% Test OOD3: 62.23% 
Epoch: 45, Loss: 0.5543, Train: 77.62%, Valid: 68.03%, Test In: 68.78% Test OOD1: 63.05% Test OOD2: 53.38% Test OOD3: 61.96% 
Epoch: 46, Loss: 0.5492, Train: 77.87%, Valid: 67.89%, Test In: 68.62% Test OOD1: 62.76% Test OOD2: 53.36% Test OOD3: 61.79% 
Epoch: 47, Loss: 0.5450, Train: 78.22%, Valid: 68.13%, Test In: 68.87% Test OOD1: 63.22% Test OOD2: 53.28% Test OOD3: 61.95% 
Epoch: 48, Loss: 0.5380, Train: 78.46%, Valid: 67.93%, Test In: 68.65% Test OOD1: 62.90% Test OOD2: 53.25% Test OOD3: 61.77% 
Epoch: 49, Loss: 0.5334, Train: 78.61%, Valid: 67.57%, Test In: 68.26% Test OOD1: 62.37% Test OOD2: 53.23% Test OOD3: 61.49% 
Epoch: 50, Loss: 0.5249, Train: 78.77%, Valid: 67.61%, Test In: 68.30% Test OOD1: 62.64% Test OOD2: 53.13% Test OOD3: 61.55% 
Epoch: 51, Loss: 0.5237, Train: 79.03%, Valid: 67.59%, Test In: 68.28% Test OOD1: 62.65% Test OOD2: 53.07% Test OOD3: 61.54% 
Epoch: 52, Loss: 0.5193, Train: 79.40%, Valid: 67.26%, Test In: 67.99% Test OOD1: 62.07% Test OOD2: 53.07% Test OOD3: 61.30% 
Epoch: 53, Loss: 0.5162, Train: 79.64%, Valid: 67.13%, Test In: 67.89% Test OOD1: 61.94% Test OOD2: 53.01% Test OOD3: 61.24% 
Epoch: 54, Loss: 0.5086, Train: 79.71%, Valid: 67.18%, Test In: 67.93% Test OOD1: 62.17% Test OOD2: 52.88% Test OOD3: 61.31% 
Epoch: 55, Loss: 0.5072, Train: 80.03%, Valid: 66.92%, Test In: 67.71% Test OOD1: 61.76% Test OOD2: 52.84% Test OOD3: 61.15% 
Epoch: 56, Loss: 0.5023, Train: 80.37%, Valid: 66.73%, Test In: 67.60% Test OOD1: 61.48% Test OOD2: 52.80% Test OOD3: 61.04% 
Epoch: 57, Loss: 0.4977, Train: 80.75%, Valid: 67.03%, Test In: 67.95% Test OOD1: 61.91% Test OOD2: 52.73% Test OOD3: 61.26% 
Epoch: 58, Loss: 0.4914, Train: 80.88%, Valid: 66.92%, Test In: 67.88% Test OOD1: 61.83% Test OOD2: 52.66% Test OOD3: 61.19% 
Epoch: 59, Loss: 0.4891, Train: 80.86%, Valid: 66.54%, Test In: 67.52% Test OOD1: 61.36% Test OOD2: 52.61% Test OOD3: 60.88% 
Epoch: 60, Loss: 0.4857, Train: 81.34%, Valid: 66.78%, Test In: 67.82% Test OOD1: 61.65% Test OOD2: 52.57% Test OOD3: 61.03% 
Epoch: 61, Loss: 0.4740, Train: 81.63%, Valid: 66.91%, Test In: 67.96% Test OOD1: 61.88% Test OOD2: 52.49% Test OOD3: 61.08% 
Epoch: 62, Loss: 0.4753, Train: 81.89%, Valid: 66.66%, Test In: 67.76% Test OOD1: 61.54% Test OOD2: 52.48% Test OOD3: 60.83% 
Epoch: 63, Loss: 0.4706, Train: 82.12%, Valid: 66.64%, Test In: 67.77% Test OOD1: 61.50% Test OOD2: 52.41% Test OOD3: 60.75% 
Epoch: 64, Loss: 0.4687, Train: 82.39%, Valid: 66.91%, Test In: 68.03% Test OOD1: 61.78% Test OOD2: 52.32% Test OOD3: 60.87% 
Epoch: 65, Loss: 0.4587, Train: 82.75%, Valid: 66.86%, Test In: 68.00% Test OOD1: 61.61% Test OOD2: 52.31% Test OOD3: 60.74% 
Epoch: 66, Loss: 0.4549, Train: 82.98%, Valid: 66.46%, Test In: 67.62% Test OOD1: 61.00% Test OOD2: 52.30% Test OOD3: 60.34% 
Epoch: 67, Loss: 0.4569, Train: 83.31%, Valid: 66.88%, Test In: 68.02% Test OOD1: 61.47% Test OOD2: 52.26% Test OOD3: 60.60% 
Epoch: 68, Loss: 0.4487, Train: 83.48%, Valid: 67.09%, Test In: 68.21% Test OOD1: 61.80% Test OOD2: 52.21% Test OOD3: 60.74% 
Epoch: 69, Loss: 0.4435, Train: 83.68%, Valid: 66.64%, Test In: 67.78% Test OOD1: 61.24% Test OOD2: 52.21% Test OOD3: 60.31% 
Epoch: 70, Loss: 0.4424, Train: 83.91%, Valid: 66.60%, Test In: 67.78% Test OOD1: 61.23% Test OOD2: 52.23% Test OOD3: 60.24% 
Epoch: 71, Loss: 0.4354, Train: 84.01%, Valid: 66.98%, Test In: 68.04% Test OOD1: 61.54% Test OOD2: 52.07% Test OOD3: 60.43% 
Epoch: 72, Loss: 0.4285, Train: 84.54%, Valid: 67.01%, Test In: 68.13% Test OOD1: 61.50% Test OOD2: 52.12% Test OOD3: 60.36% 
Epoch: 73, Loss: 0.4245, Train: 84.89%, Valid: 66.68%, Test In: 67.87% Test OOD1: 61.09% Test OOD2: 52.13% Test OOD3: 60.08% 
Epoch: 74, Loss: 0.4227, Train: 84.69%, Valid: 66.73%, Test In: 67.85% Test OOD1: 61.04% Test OOD2: 51.98% Test OOD3: 60.09% 
Epoch: 75, Loss: 0.4163, Train: 84.82%, Valid: 66.83%, Test In: 68.01% Test OOD1: 61.37% Test OOD2: 52.01% Test OOD3: 60.31% 
Epoch: 76, Loss: 0.4097, Train: 85.14%, Valid: 66.68%, Test In: 67.85% Test OOD1: 61.12% Test OOD2: 52.01% Test OOD3: 60.15% 
Epoch: 77, Loss: 0.4080, Train: 85.45%, Valid: 66.58%, Test In: 67.75% Test OOD1: 60.79% Test OOD2: 51.94% Test OOD3: 59.94% 
Epoch: 78, Loss: 0.4048, Train: 85.84%, Valid: 66.94%, Test In: 68.18% Test OOD1: 61.24% Test OOD2: 51.94% Test OOD3: 60.30% 
Epoch: 79, Loss: 0.4008, Train: 85.82%, Valid: 66.90%, Test In: 68.17% Test OOD1: 61.23% Test OOD2: 51.91% Test OOD3: 60.33% 
Epoch: 80, Loss: 0.3923, Train: 85.68%, Valid: 66.44%, Test In: 67.74% Test OOD1: 60.79% Test OOD2: 51.88% Test OOD3: 59.98% 
Epoch: 81, Loss: 0.3910, Train: 86.00%, Valid: 66.59%, Test In: 67.91% Test OOD1: 61.12% Test OOD2: 51.87% Test OOD3: 60.10% 
Epoch: 82, Loss: 0.3864, Train: 86.19%, Valid: 66.96%, Test In: 68.26% Test OOD1: 61.39% Test OOD2: 51.80% Test OOD3: 60.23% 
Epoch: 83, Loss: 0.3813, Train: 86.78%, Valid: 66.83%, Test In: 68.16% Test OOD1: 61.08% Test OOD2: 51.83% Test OOD3: 59.91% 
Epoch: 84, Loss: 0.3725, Train: 87.02%, Valid: 66.74%, Test In: 68.10% Test OOD1: 60.82% Test OOD2: 51.84% Test OOD3: 59.71% 
Epoch: 85, Loss: 0.3791, Train: 87.03%, Valid: 66.96%, Test In: 68.31% Test OOD1: 61.06% Test OOD2: 51.84% Test OOD3: 59.91% 
Epoch: 86, Loss: 0.3668, Train: 87.24%, Valid: 66.80%, Test In: 68.15% Test OOD1: 61.11% Test OOD2: 51.86% Test OOD3: 59.87% 
Epoch: 87, Loss: 0.3609, Train: 87.25%, Valid: 66.71%, Test In: 67.96% Test OOD1: 60.83% Test OOD2: 51.83% Test OOD3: 59.70% 
Epoch: 88, Loss: 0.3599, Train: 87.80%, Valid: 66.96%, Test In: 68.25% Test OOD1: 61.37% Test OOD2: 51.82% Test OOD3: 60.00% 
Epoch: 89, Loss: 0.3567, Train: 87.96%, Valid: 67.13%, Test In: 68.35% Test OOD1: 61.02% Test OOD2: 51.76% Test OOD3: 59.89% 
Epoch: 90, Loss: 0.3502, Train: 88.45%, Valid: 67.11%, Test In: 68.32% Test OOD1: 60.91% Test OOD2: 51.78% Test OOD3: 59.82% 
Epoch: 91, Loss: 0.3466, Train: 88.64%, Valid: 67.22%, Test In: 68.44% Test OOD1: 60.96% Test OOD2: 51.74% Test OOD3: 59.90% 
Epoch: 92, Loss: 0.3432, Train: 88.62%, Valid: 67.31%, Test In: 68.49% Test OOD1: 61.02% Test OOD2: 51.69% Test OOD3: 59.98% 
Epoch: 93, Loss: 0.3383, Train: 89.03%, Valid: 67.05%, Test In: 68.19% Test OOD1: 61.10% Test OOD2: 51.71% Test OOD3: 59.87% 
Epoch: 94, Loss: 0.3388, Train: 89.21%, Valid: 67.16%, Test In: 68.23% Test OOD1: 61.08% Test OOD2: 51.66% Test OOD3: 59.86% 
Epoch: 95, Loss: 0.3328, Train: 89.42%, Valid: 67.30%, Test In: 68.32% Test OOD1: 60.91% Test OOD2: 51.62% Test OOD3: 59.79% 
Epoch: 96, Loss: 0.3253, Train: 89.79%, Valid: 67.02%, Test In: 68.05% Test OOD1: 60.57% Test OOD2: 51.65% Test OOD3: 59.51% 
Epoch: 97, Loss: 0.3213, Train: 89.93%, Valid: 67.15%, Test In: 68.23% Test OOD1: 60.62% Test OOD2: 51.63% Test OOD3: 59.59% 
Epoch: 98, Loss: 0.3134, Train: 90.18%, Valid: 67.21%, Test In: 68.31% Test OOD1: 60.75% Test OOD2: 51.63% Test OOD3: 59.67% 
Epoch: 99, Loss: 0.3145, Train: 90.60%, Valid: 67.01%, Test In: 68.21% Test OOD1: 60.94% Test OOD2: 51.65% Test OOD3: 59.71% 
Epoch: 100, Loss: 0.3063, Train: 90.62%, Valid: 67.26%, Test In: 68.47% Test OOD1: 60.96% Test OOD2: 51.59% Test OOD3: 59.83% 
Epoch: 101, Loss: 0.3034, Train: 91.05%, Valid: 67.18%, Test In: 68.41% Test OOD1: 60.76% Test OOD2: 51.61% Test OOD3: 59.74% 
Epoch: 102, Loss: 0.3011, Train: 91.44%, Valid: 67.26%, Test In: 68.47% Test OOD1: 60.82% Test OOD2: 51.65% Test OOD3: 59.82% 
Epoch: 103, Loss: 0.2961, Train: 91.38%, Valid: 67.47%, Test In: 68.63% Test OOD1: 60.75% Test OOD2: 51.61% Test OOD3: 59.86% 
Epoch: 104, Loss: 0.2898, Train: 91.85%, Valid: 67.21%, Test In: 68.42% Test OOD1: 60.77% Test OOD2: 51.64% Test OOD3: 59.75% 
Epoch: 105, Loss: 0.2888, Train: 91.85%, Valid: 67.50%, Test In: 68.72% Test OOD1: 61.25% Test OOD2: 51.62% Test OOD3: 60.01% 
Epoch: 106, Loss: 0.2872, Train: 92.16%, Valid: 67.17%, Test In: 68.40% Test OOD1: 60.57% Test OOD2: 51.62% Test OOD3: 59.42% 
Epoch: 107, Loss: 0.2846, Train: 92.45%, Valid: 67.36%, Test In: 68.59% Test OOD1: 61.20% Test OOD2: 51.63% Test OOD3: 59.73% 
Epoch: 108, Loss: 0.2744, Train: 92.55%, Valid: 67.32%, Test In: 68.55% Test OOD1: 60.78% Test OOD2: 51.56% Test OOD3: 59.45% 
Epoch: 109, Loss: 0.2710, Train: 92.87%, Valid: 67.12%, Test In: 68.40% Test OOD1: 60.26% Test OOD2: 51.48% Test OOD3: 59.11% 
Epoch: 110, Loss: 0.2730, Train: 93.14%, Valid: 67.25%, Test In: 68.58% Test OOD1: 61.13% Test OOD2: 51.43% Test OOD3: 59.66% 
Epoch: 111, Loss: 0.2756, Train: 93.25%, Valid: 67.14%, Test In: 68.41% Test OOD1: 60.64% Test OOD2: 51.34% Test OOD3: 59.37% 
Epoch: 112, Loss: 0.2584, Train: 93.34%, Valid: 67.03%, Test In: 68.32% Test OOD1: 60.39% Test OOD2: 51.30% Test OOD3: 59.27% 
Epoch: 113, Loss: 0.2603, Train: 93.61%, Valid: 67.06%, Test In: 68.39% Test OOD1: 61.09% Test OOD2: 51.33% Test OOD3: 59.74% 
Epoch: 114, Loss: 0.2571, Train: 94.00%, Valid: 66.93%, Test In: 68.25% Test OOD1: 60.53% Test OOD2: 51.33% Test OOD3: 59.46% 
Epoch: 115, Loss: 0.2492, Train: 94.19%, Valid: 66.96%, Test In: 68.23% Test OOD1: 60.13% Test OOD2: 51.33% Test OOD3: 59.27% 
Epoch: 116, Loss: 0.2470, Train: 94.29%, Valid: 67.22%, Test In: 68.41% Test OOD1: 60.86% Test OOD2: 51.32% Test OOD3: 59.78% 
Epoch: 117, Loss: 0.2522, Train: 94.70%, Valid: 66.91%, Test In: 67.97% Test OOD1: 60.47% Test OOD2: 51.31% Test OOD3: 59.49% 
Epoch: 118, Loss: 0.2446, Train: 94.59%, Valid: 67.31%, Test In: 68.32% Test OOD1: 60.53% Test OOD2: 51.28% Test OOD3: 59.59% 
Epoch: 119, Loss: 0.2389, Train: 94.94%, Valid: 67.33%, Test In: 68.30% Test OOD1: 60.57% Test OOD2: 51.27% Test OOD3: 59.59% 
Epoch: 120, Loss: 0.2243, Train: 95.41%, Valid: 67.02%, Test In: 67.96% Test OOD1: 60.51% Test OOD2: 51.27% Test OOD3: 59.52% 
Epoch: 121, Loss: 0.2316, Train: 95.28%, Valid: 67.34%, Test In: 68.32% Test OOD1: 60.85% Test OOD2: 51.24% Test OOD3: 59.86% 
Epoch: 122, Loss: 0.2211, Train: 95.26%, Valid: 67.27%, Test In: 68.24% Test OOD1: 60.57% Test OOD2: 51.24% Test OOD3: 59.74% 
Epoch: 123, Loss: 0.2204, Train: 95.40%, Valid: 67.10%, Test In: 68.03% Test OOD1: 60.55% Test OOD2: 51.22% Test OOD3: 59.66% 
Epoch: 124, Loss: 0.2205, Train: 95.57%, Valid: 67.30%, Test In: 68.28% Test OOD1: 61.21% Test OOD2: 51.18% Test OOD3: 60.01% 
Epoch: 125, Loss: 0.2201, Train: 96.10%, Valid: 67.28%, Test In: 68.26% Test OOD1: 60.71% Test OOD2: 51.20% Test OOD3: 59.66% 
Epoch: 126, Loss: 0.2082, Train: 96.29%, Valid: 67.16%, Test In: 68.10% Test OOD1: 60.02% Test OOD2: 51.26% Test OOD3: 59.14% 
Epoch: 127, Loss: 0.2188, Train: 96.53%, Valid: 67.35%, Test In: 68.30% Test OOD1: 60.72% Test OOD2: 51.24% Test OOD3: 59.59% 
Epoch: 128, Loss: 0.2104, Train: 96.81%, Valid: 67.02%, Test In: 67.93% Test OOD1: 60.78% Test OOD2: 51.23% Test OOD3: 59.53% 
Epoch: 129, Loss: 0.2069, Train: 96.73%, Valid: 67.04%, Test In: 67.95% Test OOD1: 60.42% Test OOD2: 51.20% Test OOD3: 59.36% 
Epoch: 130, Loss: 0.2008, Train: 96.50%, Valid: 67.38%, Test In: 68.36% Test OOD1: 60.47% Test OOD2: 51.23% Test OOD3: 59.55% 
Epoch: 131, Loss: 0.2037, Train: 96.99%, Valid: 67.17%, Test In: 68.17% Test OOD1: 60.65% Test OOD2: 51.15% Test OOD3: 59.56% 
Epoch: 132, Loss: 0.1927, Train: 97.37%, Valid: 66.87%, Test In: 67.94% Test OOD1: 60.84% Test OOD2: 51.10% Test OOD3: 59.55% 
Epoch: 133, Loss: 0.1979, Train: 97.31%, Valid: 67.28%, Test In: 68.36% Test OOD1: 60.77% Test OOD2: 51.08% Test OOD3: 59.57% 
Epoch: 134, Loss: 0.1902, Train: 97.34%, Valid: 67.36%, Test In: 68.44% Test OOD1: 60.14% Test OOD2: 51.08% Test OOD3: 59.17% 
Epoch: 135, Loss: 0.1924, Train: 97.59%, Valid: 67.11%, Test In: 68.13% Test OOD1: 60.14% Test OOD2: 50.98% Test OOD3: 59.06% 
Epoch: 136, Loss: 0.1913, Train: 97.77%, Valid: 67.04%, Test In: 68.10% Test OOD1: 60.78% Test OOD2: 50.97% Test OOD3: 59.44% 
Epoch: 137, Loss: 0.1838, Train: 97.69%, Valid: 67.11%, Test In: 68.09% Test OOD1: 60.92% Test OOD2: 50.99% Test OOD3: 59.51% 
Epoch: 138, Loss: 0.1899, Train: 97.79%, Valid: 67.02%, Test In: 67.92% Test OOD1: 60.40% Test OOD2: 51.00% Test OOD3: 59.03% 
Epoch: 139, Loss: 0.1724, Train: 97.83%, Valid: 67.09%, Test In: 68.04% Test OOD1: 60.37% Test OOD2: 51.06% Test OOD3: 58.99% 
Epoch: 140, Loss: 0.1805, Train: 97.97%, Valid: 67.15%, Test In: 68.16% Test OOD1: 60.86% Test OOD2: 51.06% Test OOD3: 59.26% 
Epoch: 141, Loss: 0.1706, Train: 98.31%, Valid: 66.90%, Test In: 67.92% Test OOD1: 60.95% Test OOD2: 51.04% Test OOD3: 59.21% 
Epoch: 142, Loss: 0.1721, Train: 98.48%, Valid: 66.85%, Test In: 67.96% Test OOD1: 60.73% Test OOD2: 50.95% Test OOD3: 59.11% 
Epoch: 143, Loss: 0.1713, Train: 98.39%, Valid: 67.13%, Test In: 68.36% Test OOD1: 60.56% Test OOD2: 50.92% Test OOD3: 59.23% 
Epoch: 144, Loss: 0.1679, Train: 98.37%, Valid: 67.07%, Test In: 68.32% Test OOD1: 60.48% Test OOD2: 50.90% Test OOD3: 59.31% 
Epoch: 145, Loss: 0.1640, Train: 98.44%, Valid: 66.83%, Test In: 68.04% Test OOD1: 60.63% Test OOD2: 50.86% Test OOD3: 59.40% 
Epoch: 146, Loss: 0.1595, Train: 98.48%, Valid: 66.84%, Test In: 68.06% Test OOD1: 60.93% Test OOD2: 50.90% Test OOD3: 59.64% 
Epoch: 147, Loss: 0.1667, Train: 98.64%, Valid: 66.89%, Test In: 68.07% Test OOD1: 60.98% Test OOD2: 50.91% Test OOD3: 59.59% 
Epoch: 148, Loss: 0.1587, Train: 98.76%, Valid: 66.89%, Test In: 67.97% Test OOD1: 60.68% Test OOD2: 50.88% Test OOD3: 59.29% 
Epoch: 149, Loss: 0.1602, Train: 98.80%, Valid: 67.10%, Test In: 68.21% Test OOD1: 60.72% Test OOD2: 50.87% Test OOD3: 59.30% 
Epoch: 150, Loss: 0.1529, Train: 98.91%, Valid: 67.06%, Test In: 68.18% Test OOD1: 60.77% Test OOD2: 50.87% Test OOD3: 59.31% 
Epoch: 151, Loss: 0.1539, Train: 99.02%, Valid: 66.85%, Test In: 67.95% Test OOD1: 60.67% Test OOD2: 50.88% Test OOD3: 59.23% 
Epoch: 152, Loss: 0.1541, Train: 99.01%, Valid: 66.92%, Test In: 68.07% Test OOD1: 60.64% Test OOD2: 50.92% Test OOD3: 59.28% 
Epoch: 153, Loss: 0.1480, Train: 99.02%, Valid: 66.96%, Test In: 68.12% Test OOD1: 60.42% Test OOD2: 50.95% Test OOD3: 59.23% 
Epoch: 154, Loss: 0.1470, Train: 99.07%, Valid: 66.87%, Test In: 68.04% Test OOD1: 60.35% Test OOD2: 50.98% Test OOD3: 59.17% 
Epoch: 155, Loss: 0.1415, Train: 99.10%, Valid: 66.89%, Test In: 68.07% Test OOD1: 60.64% Test OOD2: 50.97% Test OOD3: 59.31% 
Epoch: 156, Loss: 0.1397, Train: 99.09%, Valid: 66.93%, Test In: 68.12% Test OOD1: 61.04% Test OOD2: 50.91% Test OOD3: 59.54% 
Epoch: 157, Loss: 0.1421, Train: 99.22%, Valid: 66.79%, Test In: 67.87% Test OOD1: 60.73% Test OOD2: 50.90% Test OOD3: 59.36% 
Epoch: 158, Loss: 0.1427, Train: 99.25%, Valid: 66.89%, Test In: 67.99% Test OOD1: 60.57% Test OOD2: 50.90% Test OOD3: 59.40% 
Epoch: 159, Loss: 0.1407, Train: 99.27%, Valid: 66.90%, Test In: 68.06% Test OOD1: 60.35% Test OOD2: 50.91% Test OOD3: 59.39% 
Epoch: 160, Loss: 0.1339, Train: 99.30%, Valid: 66.83%, Test In: 67.98% Test OOD1: 60.28% Test OOD2: 50.92% Test OOD3: 59.35% 
Epoch: 161, Loss: 0.1378, Train: 99.32%, Valid: 66.90%, Test In: 68.05% Test OOD1: 60.54% Test OOD2: 50.95% Test OOD3: 59.53% 
Epoch: 162, Loss: 0.1321, Train: 99.36%, Valid: 66.94%, Test In: 68.10% Test OOD1: 60.69% Test OOD2: 51.00% Test OOD3: 59.58% 
Epoch: 163, Loss: 0.1383, Train: 99.43%, Valid: 66.87%, Test In: 67.96% Test OOD1: 60.48% Test OOD2: 51.03% Test OOD3: 59.40% 
Epoch: 164, Loss: 0.1456, Train: 99.48%, Valid: 67.03%, Test In: 68.12% Test OOD1: 60.50% Test OOD2: 51.00% Test OOD3: 59.41% 
Epoch: 165, Loss: 0.1342, Train: 99.53%, Valid: 66.94%, Test In: 67.99% Test OOD1: 60.47% Test OOD2: 50.98% Test OOD3: 59.37% 
Epoch: 166, Loss: 0.1362, Train: 99.54%, Valid: 66.72%, Test In: 67.65% Test OOD1: 60.51% Test OOD2: 50.96% Test OOD3: 59.30% 
Epoch: 167, Loss: 0.1349, Train: 99.47%, Valid: 66.89%, Test In: 67.79% Test OOD1: 60.86% Test OOD2: 50.94% Test OOD3: 59.51% 
Epoch: 168, Loss: 0.1318, Train: 99.43%, Valid: 66.91%, Test In: 67.82% Test OOD1: 60.74% Test OOD2: 50.98% Test OOD3: 59.47% 
Epoch: 169, Loss: 0.1323, Train: 99.44%, Valid: 66.76%, Test In: 67.69% Test OOD1: 60.42% Test OOD2: 51.04% Test OOD3: 59.32% 
Epoch: 170, Loss: 0.1337, Train: 99.54%, Valid: 66.92%, Test In: 68.03% Test OOD1: 60.43% Test OOD2: 51.04% Test OOD3: 59.49% 
Epoch: 171, Loss: 0.1284, Train: 99.62%, Valid: 66.77%, Test In: 68.02% Test OOD1: 60.32% Test OOD2: 51.02% Test OOD3: 59.40% 
Epoch: 172, Loss: 0.1256, Train: 99.65%, Valid: 66.63%, Test In: 67.95% Test OOD1: 60.25% Test OOD2: 50.96% Test OOD3: 59.28% 
Epoch: 173, Loss: 0.1276, Train: 99.62%, Valid: 66.94%, Test In: 68.36% Test OOD1: 60.57% Test OOD2: 50.93% Test OOD3: 59.46% 
Epoch: 174, Loss: 0.1258, Train: 99.60%, Valid: 66.98%, Test In: 68.46% Test OOD1: 60.65% Test OOD2: 50.95% Test OOD3: 59.44% 
Epoch: 175, Loss: 0.1243, Train: 99.61%, Valid: 66.79%, Test In: 68.32% Test OOD1: 60.76% Test OOD2: 51.00% Test OOD3: 59.37% 
Epoch: 176, Loss: 0.1316, Train: 99.61%, Valid: 66.83%, Test In: 68.36% Test OOD1: 61.19% Test OOD2: 51.09% Test OOD3: 59.61% 
Epoch: 177, Loss: 0.1212, Train: 99.61%, Valid: 66.78%, Test In: 68.26% Test OOD1: 61.26% Test OOD2: 51.22% Test OOD3: 59.64% 
Epoch: 178, Loss: 0.1236, Train: 99.63%, Valid: 66.79%, Test In: 68.20% Test OOD1: 61.09% Test OOD2: 51.33% Test OOD3: 59.57% 
Epoch: 179, Loss: 0.1234, Train: 99.66%, Valid: 66.78%, Test In: 68.16% Test OOD1: 60.76% Test OOD2: 51.39% Test OOD3: 59.41% 
Epoch: 180, Loss: 0.1147, Train: 99.66%, Valid: 66.82%, Test In: 68.15% Test OOD1: 60.76% Test OOD2: 51.40% Test OOD3: 59.43% 
Epoch: 181, Loss: 0.1166, Train: 99.69%, Valid: 66.65%, Test In: 67.97% Test OOD1: 60.61% Test OOD2: 51.35% Test OOD3: 59.29% 
Epoch: 182, Loss: 0.1183, Train: 99.72%, Valid: 66.56%, Test In: 67.90% Test OOD1: 60.33% Test OOD2: 51.31% Test OOD3: 59.13% 
Epoch: 183, Loss: 0.1206, Train: 99.73%, Valid: 66.78%, Test In: 68.08% Test OOD1: 60.29% Test OOD2: 51.26% Test OOD3: 59.12% 
Epoch: 184, Loss: 0.1162, Train: 99.72%, Valid: 66.80%, Test In: 68.01% Test OOD1: 60.01% Test OOD2: 51.25% Test OOD3: 58.93% 
Epoch: 185, Loss: 0.1159, Train: 99.72%, Valid: 66.73%, Test In: 67.86% Test OOD1: 60.10% Test OOD2: 51.17% Test OOD3: 58.87% 
Epoch: 186, Loss: 0.1143, Train: 99.76%, Valid: 66.86%, Test In: 68.03% Test OOD1: 60.60% Test OOD2: 51.03% Test OOD3: 59.09% 
Epoch: 187, Loss: 0.1065, Train: 99.75%, Valid: 66.86%, Test In: 68.07% Test OOD1: 60.98% Test OOD2: 50.93% Test OOD3: 59.20% 
Epoch: 188, Loss: 0.1143, Train: 99.72%, Valid: 66.81%, Test In: 67.98% Test OOD1: 60.88% Test OOD2: 50.89% Test OOD3: 59.12% 
Epoch: 189, Loss: 0.1084, Train: 99.71%, Valid: 66.96%, Test In: 68.18% Test OOD1: 61.01% Test OOD2: 50.86% Test OOD3: 59.27% 
Epoch: 190, Loss: 0.1099, Train: 99.71%, Valid: 67.01%, Test In: 68.20% Test OOD1: 61.17% Test OOD2: 50.84% Test OOD3: 59.43% 
Epoch: 191, Loss: 0.1118, Train: 99.72%, Valid: 66.89%, Test In: 67.98% Test OOD1: 61.16% Test OOD2: 50.85% Test OOD3: 59.47% 
Epoch: 192, Loss: 0.1057, Train: 99.74%, Valid: 67.05%, Test In: 68.14% Test OOD1: 61.28% Test OOD2: 50.81% Test OOD3: 59.60% 
Epoch: 193, Loss: 0.1086, Train: 99.76%, Valid: 67.27%, Test In: 68.39% Test OOD1: 61.12% Test OOD2: 50.82% Test OOD3: 59.60% 
Epoch: 194, Loss: 0.1080, Train: 99.76%, Valid: 67.20%, Test In: 68.32% Test OOD1: 60.76% Test OOD2: 50.85% Test OOD3: 59.47% 
Epoch: 195, Loss: 0.1074, Train: 99.76%, Valid: 67.18%, Test In: 68.21% Test OOD1: 60.74% Test OOD2: 50.82% Test OOD3: 59.48% 
Epoch: 196, Loss: 0.1097, Train: 99.78%, Valid: 67.23%, Test In: 68.34% Test OOD1: 61.12% Test OOD2: 50.77% Test OOD3: 59.65% 
Epoch: 197, Loss: 0.1117, Train: 99.82%, Valid: 67.13%, Test In: 68.23% Test OOD1: 60.84% Test OOD2: 50.80% Test OOD3: 59.46% 
Epoch: 198, Loss: 0.1051, Train: 99.84%, Valid: 66.93%, Test In: 68.09% Test OOD1: 60.38% Test OOD2: 50.85% Test OOD3: 59.16% 
Epoch: 199, Loss: 0.1076, Train: 99.85%, Valid: 67.04%, Test In: 68.29% Test OOD1: 60.53% Test OOD2: 50.87% Test OOD3: 59.20% 
Run 02:
Highest Train: 99.85
Highest Valid: 68.83
Highest In Test: 69.21
Highest OOD Test: 65.77
Highest OOD Test: 53.41
Highest OOD Test: 62.58
Chosen epoch: 7
Final Train: 72.34
Final In Test: 68.42
Final OOD Test: 65.77
Final OOD Test: 50.45
Final OOD Test: 61.65
Epoch: 00, Loss: 0.7630, Train: 66.90%, Valid: 62.88%, Test In: 63.64% Test OOD1: 62.21% Test OOD2: 50.81% Test OOD3: 60.03% 
Epoch: 01, Loss: 0.7598, Train: 65.38%, Valid: 60.66%, Test In: 62.46% Test OOD1: 54.66% Test OOD2: 51.75% Test OOD3: 57.16% 
Epoch: 02, Loss: 0.7562, Train: 59.32%, Valid: 55.69%, Test In: 56.94% Test OOD1: 48.05% Test OOD2: 51.14% Test OOD3: 52.37% 
Epoch: 03, Loss: 0.7515, Train: 54.89%, Valid: 52.28%, Test In: 53.07% Test OOD1: 45.43% Test OOD2: 50.87% Test OOD3: 50.14% 
Epoch: 04, Loss: 0.7458, Train: 52.44%, Valid: 50.39%, Test In: 51.02% Test OOD1: 44.21% Test OOD2: 50.69% Test OOD3: 49.03% 
Epoch: 05, Loss: 0.7384, Train: 50.66%, Valid: 49.04%, Test In: 49.65% Test OOD1: 43.42% Test OOD2: 50.61% Test OOD3: 48.27% 
Epoch: 06, Loss: 0.7311, Train: 49.43%, Valid: 48.12%, Test In: 48.76% Test OOD1: 42.94% Test OOD2: 50.53% Test OOD3: 47.75% 
Epoch: 07, Loss: 0.7232, Train: 49.14%, Valid: 47.95%, Test In: 48.65% Test OOD1: 42.82% Test OOD2: 50.52% Test OOD3: 47.58% 
Epoch: 08, Loss: 0.7165, Train: 49.58%, Valid: 48.33%, Test In: 49.09% Test OOD1: 42.97% Test OOD2: 50.57% Test OOD3: 47.65% 
Epoch: 09, Loss: 0.7125, Train: 49.42%, Valid: 48.17%, Test In: 49.02% Test OOD1: 42.98% Test OOD2: 50.59% Test OOD3: 47.59% 
Epoch: 10, Loss: 0.7081, Train: 48.56%, Valid: 47.40%, Test In: 48.33% Test OOD1: 42.80% Test OOD2: 50.57% Test OOD3: 47.37% 
Epoch: 11, Loss: 0.7064, Train: 48.27%, Valid: 47.07%, Test In: 48.06% Test OOD1: 42.78% Test OOD2: 50.59% Test OOD3: 47.35% 
Epoch: 12, Loss: 0.7022, Train: 49.07%, Valid: 47.61%, Test In: 48.63% Test OOD1: 43.12% Test OOD2: 50.69% Test OOD3: 47.70% 
Epoch: 13, Loss: 0.7011, Train: 51.42%, Valid: 49.38%, Test In: 50.44% Test OOD1: 44.05% Test OOD2: 50.95% Test OOD3: 48.61% 
Epoch: 14, Loss: 0.6987, Train: 56.47%, Valid: 53.36%, Test In: 54.45% Test OOD1: 46.23% Test OOD2: 51.50% Test OOD3: 50.69% 
Epoch: 15, Loss: 0.6961, Train: 64.73%, Valid: 60.23%, Test In: 61.13% Test OOD1: 51.22% Test OOD2: 52.41% Test OOD3: 54.95% 
Epoch: 16, Loss: 0.6912, Train: 71.45%, Valid: 66.27%, Test In: 67.20% Test OOD1: 59.02% Test OOD2: 52.97% Test OOD3: 60.38% 
Epoch: 17, Loss: 0.6864, Train: 72.87%, Valid: 67.89%, Test In: 68.89% Test OOD1: 64.30% Test OOD2: 52.67% Test OOD3: 62.45% 
Epoch: 18, Loss: 0.6816, Train: 71.75%, Valid: 67.21%, Test In: 67.90% Test OOD1: 65.25% Test OOD2: 52.06% Test OOD3: 62.02% 
Epoch: 19, Loss: 0.6781, Train: 70.25%, Valid: 66.32%, Test In: 66.69% Test OOD1: 64.86% Test OOD2: 51.80% Test OOD3: 61.44% 
Epoch: 20, Loss: 0.6738, Train: 69.40%, Valid: 65.78%, Test In: 65.96% Test OOD1: 64.50% Test OOD2: 51.68% Test OOD3: 61.13% 
Epoch: 21, Loss: 0.6700, Train: 69.04%, Valid: 65.54%, Test In: 65.63% Test OOD1: 64.37% Test OOD2: 51.64% Test OOD3: 61.01% 
Epoch: 22, Loss: 0.6671, Train: 68.97%, Valid: 65.48%, Test In: 65.55% Test OOD1: 64.36% Test OOD2: 51.65% Test OOD3: 61.00% 
Epoch: 23, Loss: 0.6633, Train: 69.12%, Valid: 65.56%, Test In: 65.65% Test OOD1: 64.42% Test OOD2: 51.70% Test OOD3: 61.05% 
Epoch: 24, Loss: 0.6590, Train: 69.40%, Valid: 65.72%, Test In: 65.87% Test OOD1: 64.50% Test OOD2: 51.77% Test OOD3: 61.12% 
Epoch: 25, Loss: 0.6530, Train: 69.74%, Valid: 65.91%, Test In: 66.11% Test OOD1: 64.57% Test OOD2: 51.84% Test OOD3: 61.19% 
Epoch: 26, Loss: 0.6485, Train: 70.11%, Valid: 66.14%, Test In: 66.36% Test OOD1: 64.65% Test OOD2: 51.90% Test OOD3: 61.30% 
Epoch: 27, Loss: 0.6434, Train: 70.52%, Valid: 66.42%, Test In: 66.66% Test OOD1: 64.80% Test OOD2: 51.94% Test OOD3: 61.46% 
Epoch: 28, Loss: 0.6373, Train: 70.96%, Valid: 66.73%, Test In: 66.98% Test OOD1: 64.97% Test OOD2: 51.99% Test OOD3: 61.64% 
Epoch: 29, Loss: 0.6344, Train: 71.46%, Valid: 67.01%, Test In: 67.29% Test OOD1: 65.03% Test OOD2: 52.09% Test OOD3: 61.78% 
Epoch: 30, Loss: 0.6276, Train: 71.94%, Valid: 67.21%, Test In: 67.52% Test OOD1: 64.96% Test OOD2: 52.24% Test OOD3: 61.85% 
Epoch: 31, Loss: 0.6232, Train: 72.43%, Valid: 67.42%, Test In: 67.76% Test OOD1: 64.97% Test OOD2: 52.36% Test OOD3: 61.97% 
Epoch: 32, Loss: 0.6191, Train: 72.96%, Valid: 67.72%, Test In: 68.08% Test OOD1: 65.08% Test OOD2: 52.47% Test OOD3: 62.15% 
Epoch: 33, Loss: 0.6124, Train: 73.49%, Valid: 67.99%, Test In: 68.39% Test OOD1: 65.13% Test OOD2: 52.60% Test OOD3: 62.31% 
Epoch: 34, Loss: 0.6078, Train: 73.96%, Valid: 68.11%, Test In: 68.57% Test OOD1: 64.95% Test OOD2: 52.76% Test OOD3: 62.38% 
Epoch: 35, Loss: 0.6031, Train: 74.45%, Valid: 68.27%, Test In: 68.80% Test OOD1: 64.80% Test OOD2: 52.90% Test OOD3: 62.48% 
Epoch: 36, Loss: 0.5994, Train: 74.98%, Valid: 68.57%, Test In: 69.14% Test OOD1: 64.87% Test OOD2: 52.99% Test OOD3: 62.64% 
Epoch: 37, Loss: 0.5941, Train: 75.36%, Valid: 68.58%, Test In: 69.25% Test OOD1: 64.56% Test OOD2: 53.13% Test OOD3: 62.62% 
Epoch: 38, Loss: 0.5881, Train: 75.73%, Valid: 68.67%, Test In: 69.36% Test OOD1: 64.40% Test OOD2: 53.22% Test OOD3: 62.63% 
Epoch: 39, Loss: 0.5860, Train: 76.01%, Valid: 68.74%, Test In: 69.40% Test OOD1: 64.28% Test OOD2: 53.32% Test OOD3: 62.60% 
Epoch: 40, Loss: 0.5787, Train: 76.19%, Valid: 68.65%, Test In: 69.31% Test OOD1: 64.03% Test OOD2: 53.40% Test OOD3: 62.47% 
Epoch: 41, Loss: 0.5777, Train: 76.49%, Valid: 68.76%, Test In: 69.38% Test OOD1: 64.05% Test OOD2: 53.42% Test OOD3: 62.45% 
Epoch: 42, Loss: 0.5707, Train: 76.80%, Valid: 68.71%, Test In: 69.33% Test OOD1: 63.75% Test OOD2: 53.45% Test OOD3: 62.28% 
Epoch: 43, Loss: 0.5654, Train: 77.11%, Valid: 68.77%, Test In: 69.36% Test OOD1: 63.69% Test OOD2: 53.46% Test OOD3: 62.21% 
Epoch: 44, Loss: 0.5605, Train: 77.30%, Valid: 68.78%, Test In: 69.34% Test OOD1: 63.71% Test OOD2: 53.44% Test OOD3: 62.13% 
Epoch: 45, Loss: 0.5539, Train: 77.34%, Valid: 68.36%, Test In: 68.94% Test OOD1: 63.01% Test OOD2: 53.46% Test OOD3: 61.77% 
Epoch: 46, Loss: 0.5513, Train: 77.61%, Valid: 68.63%, Test In: 69.17% Test OOD1: 63.56% Test OOD2: 53.36% Test OOD3: 61.92% 
Epoch: 47, Loss: 0.5495, Train: 78.02%, Valid: 68.47%, Test In: 68.99% Test OOD1: 62.96% Test OOD2: 53.38% Test OOD3: 61.70% 
Epoch: 48, Loss: 0.5438, Train: 78.51%, Valid: 68.46%, Test In: 68.98% Test OOD1: 62.71% Test OOD2: 53.34% Test OOD3: 61.63% 
Epoch: 49, Loss: 0.5384, Train: 78.80%, Valid: 68.59%, Test In: 69.12% Test OOD1: 63.07% Test OOD2: 53.23% Test OOD3: 61.73% 
Epoch: 50, Loss: 0.5337, Train: 78.82%, Valid: 68.15%, Test In: 68.72% Test OOD1: 62.46% Test OOD2: 53.18% Test OOD3: 61.39% 
Epoch: 51, Loss: 0.5288, Train: 78.75%, Valid: 67.82%, Test In: 68.41% Test OOD1: 62.21% Test OOD2: 53.09% Test OOD3: 61.19% 
Epoch: 52, Loss: 0.5205, Train: 79.05%, Valid: 67.98%, Test In: 68.58% Test OOD1: 62.57% Test OOD2: 52.99% Test OOD3: 61.32% 
Epoch: 53, Loss: 0.5159, Train: 79.53%, Valid: 67.99%, Test In: 68.60% Test OOD1: 62.46% Test OOD2: 52.96% Test OOD3: 61.31% 
Epoch: 54, Loss: 0.5120, Train: 79.90%, Valid: 67.75%, Test In: 68.36% Test OOD1: 62.01% Test OOD2: 52.95% Test OOD3: 61.12% 
Epoch: 55, Loss: 0.5113, Train: 80.06%, Valid: 67.82%, Test In: 68.47% Test OOD1: 62.41% Test OOD2: 52.81% Test OOD3: 61.22% 
Epoch: 56, Loss: 0.5008, Train: 80.01%, Valid: 67.65%, Test In: 68.32% Test OOD1: 62.48% Test OOD2: 52.68% Test OOD3: 61.11% 
Epoch: 57, Loss: 0.4988, Train: 80.09%, Valid: 67.28%, Test In: 67.98% Test OOD1: 62.07% Test OOD2: 52.65% Test OOD3: 60.80% 
Epoch: 58, Loss: 0.4911, Train: 80.53%, Valid: 67.35%, Test In: 68.09% Test OOD1: 62.16% Test OOD2: 52.59% Test OOD3: 60.83% 
Epoch: 59, Loss: 0.4867, Train: 80.93%, Valid: 67.55%, Test In: 68.33% Test OOD1: 62.47% Test OOD2: 52.50% Test OOD3: 60.99% 
Epoch: 60, Loss: 0.4870, Train: 81.36%, Valid: 67.34%, Test In: 68.18% Test OOD1: 62.03% Test OOD2: 52.48% Test OOD3: 60.76% 
Epoch: 61, Loss: 0.4811, Train: 81.57%, Valid: 67.19%, Test In: 68.07% Test OOD1: 61.80% Test OOD2: 52.44% Test OOD3: 60.61% 
Epoch: 62, Loss: 0.4788, Train: 81.63%, Valid: 67.31%, Test In: 68.23% Test OOD1: 62.08% Test OOD2: 52.34% Test OOD3: 60.72% 
Epoch: 63, Loss: 0.4737, Train: 82.00%, Valid: 67.14%, Test In: 68.12% Test OOD1: 61.74% Test OOD2: 52.33% Test OOD3: 60.55% 
Epoch: 64, Loss: 0.4666, Train: 82.47%, Valid: 67.02%, Test In: 68.06% Test OOD1: 61.46% Test OOD2: 52.33% Test OOD3: 60.40% 
Epoch: 65, Loss: 0.4618, Train: 82.65%, Valid: 67.27%, Test In: 68.33% Test OOD1: 61.83% Test OOD2: 52.27% Test OOD3: 60.61% 
Epoch: 66, Loss: 0.4592, Train: 82.79%, Valid: 67.11%, Test In: 68.24% Test OOD1: 61.63% Test OOD2: 52.28% Test OOD3: 60.46% 
Epoch: 67, Loss: 0.4556, Train: 83.18%, Valid: 66.84%, Test In: 68.04% Test OOD1: 61.25% Test OOD2: 52.33% Test OOD3: 60.20% 
Epoch: 68, Loss: 0.4509, Train: 83.47%, Valid: 67.10%, Test In: 68.30% Test OOD1: 61.44% Test OOD2: 52.25% Test OOD3: 60.32% 
Epoch: 69, Loss: 0.4421, Train: 83.86%, Valid: 67.24%, Test In: 68.51% Test OOD1: 61.69% Test OOD2: 52.22% Test OOD3: 60.42% 
Epoch: 70, Loss: 0.4448, Train: 84.10%, Valid: 66.86%, Test In: 68.18% Test OOD1: 61.30% Test OOD2: 52.25% Test OOD3: 60.08% 
Epoch: 71, Loss: 0.4345, Train: 83.91%, Valid: 66.80%, Test In: 68.12% Test OOD1: 61.39% Test OOD2: 52.15% Test OOD3: 60.03% 
Epoch: 72, Loss: 0.4325, Train: 84.05%, Valid: 66.94%, Test In: 68.33% Test OOD1: 61.72% Test OOD2: 52.10% Test OOD3: 60.22% 
Epoch: 73, Loss: 0.4267, Train: 84.36%, Valid: 66.73%, Test In: 68.13% Test OOD1: 61.44% Test OOD2: 52.12% Test OOD3: 59.97% 
Epoch: 74, Loss: 0.4217, Train: 84.69%, Valid: 66.63%, Test In: 68.03% Test OOD1: 61.30% Test OOD2: 52.13% Test OOD3: 59.82% 
Epoch: 75, Loss: 0.4188, Train: 84.87%, Valid: 66.92%, Test In: 68.30% Test OOD1: 61.58% Test OOD2: 52.04% Test OOD3: 60.01% 
Epoch: 76, Loss: 0.4137, Train: 85.25%, Valid: 66.93%, Test In: 68.28% Test OOD1: 61.52% Test OOD2: 52.03% Test OOD3: 59.93% 
Epoch: 77, Loss: 0.4068, Train: 85.44%, Valid: 66.71%, Test In: 67.99% Test OOD1: 61.26% Test OOD2: 52.01% Test OOD3: 59.66% 
Epoch: 78, Loss: 0.4042, Train: 85.71%, Valid: 66.84%, Test In: 68.19% Test OOD1: 61.54% Test OOD2: 51.98% Test OOD3: 59.85% 
Epoch: 79, Loss: 0.4013, Train: 85.76%, Valid: 66.92%, Test In: 68.24% Test OOD1: 61.64% Test OOD2: 51.92% Test OOD3: 59.90% 
Epoch: 80, Loss: 0.3949, Train: 85.81%, Valid: 66.96%, Test In: 68.18% Test OOD1: 61.48% Test OOD2: 51.82% Test OOD3: 59.78% 
Epoch: 81, Loss: 0.3934, Train: 86.36%, Valid: 66.86%, Test In: 68.18% Test OOD1: 61.48% Test OOD2: 51.87% Test OOD3: 59.79% 
Epoch: 82, Loss: 0.3905, Train: 86.67%, Valid: 67.08%, Test In: 68.43% Test OOD1: 61.61% Test OOD2: 51.81% Test OOD3: 59.95% 
Epoch: 83, Loss: 0.3822, Train: 86.73%, Valid: 67.25%, Test In: 68.48% Test OOD1: 61.48% Test OOD2: 51.70% Test OOD3: 59.87% 
Epoch: 84, Loss: 0.3821, Train: 87.26%, Valid: 67.22%, Test In: 68.49% Test OOD1: 61.41% Test OOD2: 51.70% Test OOD3: 59.81% 
Epoch: 85, Loss: 0.3763, Train: 87.61%, Valid: 67.22%, Test In: 68.57% Test OOD1: 61.55% Test OOD2: 51.69% Test OOD3: 59.92% 
Epoch: 86, Loss: 0.3730, Train: 87.69%, Valid: 67.15%, Test In: 68.49% Test OOD1: 61.49% Test OOD2: 51.68% Test OOD3: 59.89% 
Epoch: 87, Loss: 0.3678, Train: 87.60%, Valid: 67.11%, Test In: 68.41% Test OOD1: 61.35% Test OOD2: 51.59% Test OOD3: 59.80% 
Epoch: 88, Loss: 0.3654, Train: 88.00%, Valid: 67.18%, Test In: 68.55% Test OOD1: 61.54% Test OOD2: 51.62% Test OOD3: 59.93% 
Epoch: 89, Loss: 0.3603, Train: 88.49%, Valid: 67.16%, Test In: 68.56% Test OOD1: 61.58% Test OOD2: 51.64% Test OOD3: 59.89% 
Epoch: 90, Loss: 0.3535, Train: 88.34%, Valid: 67.40%, Test In: 68.81% Test OOD1: 61.62% Test OOD2: 51.55% Test OOD3: 59.92% 
Epoch: 91, Loss: 0.3556, Train: 88.58%, Valid: 67.24%, Test In: 68.61% Test OOD1: 61.29% Test OOD2: 51.58% Test OOD3: 59.65% 
Epoch: 92, Loss: 0.3438, Train: 88.85%, Valid: 67.33%, Test In: 68.77% Test OOD1: 61.58% Test OOD2: 51.61% Test OOD3: 59.84% 
Epoch: 93, Loss: 0.3365, Train: 89.07%, Valid: 67.25%, Test In: 68.63% Test OOD1: 61.45% Test OOD2: 51.64% Test OOD3: 59.72% 
Epoch: 94, Loss: 0.3392, Train: 89.13%, Valid: 67.27%, Test In: 68.59% Test OOD1: 61.21% Test OOD2: 51.62% Test OOD3: 59.54% 
Epoch: 95, Loss: 0.3286, Train: 89.08%, Valid: 67.49%, Test In: 68.84% Test OOD1: 61.57% Test OOD2: 51.59% Test OOD3: 59.83% 
Epoch: 96, Loss: 0.3352, Train: 89.85%, Valid: 67.20%, Test In: 68.65% Test OOD1: 61.37% Test OOD2: 51.68% Test OOD3: 59.65% 
Epoch: 97, Loss: 0.3287, Train: 89.83%, Valid: 67.40%, Test In: 68.80% Test OOD1: 61.20% Test OOD2: 51.62% Test OOD3: 59.63% 
Epoch: 98, Loss: 0.3157, Train: 89.64%, Valid: 67.55%, Test In: 68.90% Test OOD1: 61.24% Test OOD2: 51.51% Test OOD3: 59.68% 
Epoch: 99, Loss: 0.3220, Train: 90.29%, Valid: 67.30%, Test In: 68.71% Test OOD1: 61.05% Test OOD2: 51.53% Test OOD3: 59.47% 
Epoch: 100, Loss: 0.3096, Train: 90.54%, Valid: 67.12%, Test In: 68.59% Test OOD1: 61.06% Test OOD2: 51.52% Test OOD3: 59.45% 
Epoch: 101, Loss: 0.3102, Train: 90.07%, Valid: 67.41%, Test In: 68.78% Test OOD1: 61.09% Test OOD2: 51.42% Test OOD3: 59.56% 
Epoch: 102, Loss: 0.3084, Train: 90.35%, Valid: 67.36%, Test In: 68.72% Test OOD1: 61.00% Test OOD2: 51.40% Test OOD3: 59.49% 
Epoch: 103, Loss: 0.2958, Train: 90.98%, Valid: 67.23%, Test In: 68.69% Test OOD1: 61.04% Test OOD2: 51.40% Test OOD3: 59.48% 
Epoch: 104, Loss: 0.2970, Train: 91.14%, Valid: 67.49%, Test In: 68.94% Test OOD1: 61.15% Test OOD2: 51.32% Test OOD3: 59.53% 
Epoch: 105, Loss: 0.2927, Train: 91.19%, Valid: 67.61%, Test In: 69.05% Test OOD1: 60.89% Test OOD2: 51.24% Test OOD3: 59.47% 
Epoch: 106, Loss: 0.2863, Train: 91.72%, Valid: 67.34%, Test In: 68.91% Test OOD1: 60.90% Test OOD2: 51.31% Test OOD3: 59.50% 
Epoch: 107, Loss: 0.2851, Train: 91.87%, Valid: 67.32%, Test In: 68.91% Test OOD1: 61.05% Test OOD2: 51.28% Test OOD3: 59.52% 
Epoch: 108, Loss: 0.2856, Train: 91.55%, Valid: 67.60%, Test In: 69.01% Test OOD1: 60.84% Test OOD2: 51.09% Test OOD3: 59.36% 
Epoch: 109, Loss: 0.2818, Train: 92.03%, Valid: 67.51%, Test In: 68.97% Test OOD1: 60.89% Test OOD2: 51.06% Test OOD3: 59.31% 
Epoch: 110, Loss: 0.2706, Train: 92.46%, Valid: 67.40%, Test In: 68.88% Test OOD1: 61.01% Test OOD2: 51.12% Test OOD3: 59.46% 
Epoch: 111, Loss: 0.2692, Train: 92.37%, Valid: 67.49%, Test In: 68.89% Test OOD1: 60.84% Test OOD2: 51.07% Test OOD3: 59.44% 
Epoch: 112, Loss: 0.2686, Train: 92.40%, Valid: 67.55%, Test In: 68.93% Test OOD1: 60.43% Test OOD2: 50.99% Test OOD3: 59.33% 
Epoch: 113, Loss: 0.2677, Train: 93.03%, Valid: 67.55%, Test In: 69.06% Test OOD1: 60.66% Test OOD2: 51.03% Test OOD3: 59.41% 
Epoch: 114, Loss: 0.2622, Train: 93.39%, Valid: 67.55%, Test In: 69.17% Test OOD1: 61.07% Test OOD2: 51.08% Test OOD3: 59.53% 
Epoch: 115, Loss: 0.2643, Train: 93.35%, Valid: 67.62%, Test In: 69.21% Test OOD1: 60.76% Test OOD2: 51.02% Test OOD3: 59.38% 
Epoch: 116, Loss: 0.2536, Train: 93.05%, Valid: 67.73%, Test In: 69.29% Test OOD1: 60.43% Test OOD2: 51.00% Test OOD3: 59.31% 
Epoch: 117, Loss: 0.2564, Train: 93.52%, Valid: 67.66%, Test In: 69.32% Test OOD1: 61.02% Test OOD2: 51.08% Test OOD3: 59.56% 
Epoch: 118, Loss: 0.2487, Train: 93.83%, Valid: 67.47%, Test In: 69.18% Test OOD1: 61.16% Test OOD2: 51.10% Test OOD3: 59.60% 
Epoch: 119, Loss: 0.2433, Train: 93.76%, Valid: 67.49%, Test In: 69.14% Test OOD1: 60.96% Test OOD2: 51.03% Test OOD3: 59.49% 
Epoch: 120, Loss: 0.2359, Train: 93.52%, Valid: 67.62%, Test In: 69.22% Test OOD1: 60.78% Test OOD2: 50.98% Test OOD3: 59.44% 
Epoch: 121, Loss: 0.2411, Train: 93.97%, Valid: 67.54%, Test In: 69.15% Test OOD1: 60.58% Test OOD2: 51.03% Test OOD3: 59.38% 
Epoch: 122, Loss: 0.2377, Train: 94.51%, Valid: 67.56%, Test In: 69.21% Test OOD1: 60.79% Test OOD2: 51.07% Test OOD3: 59.57% 
Epoch: 123, Loss: 0.2279, Train: 94.60%, Valid: 67.66%, Test In: 69.32% Test OOD1: 60.92% Test OOD2: 51.08% Test OOD3: 59.71% 
Epoch: 124, Loss: 0.2311, Train: 94.71%, Valid: 67.63%, Test In: 69.33% Test OOD1: 60.67% Test OOD2: 51.02% Test OOD3: 59.51% 
Epoch: 125, Loss: 0.2236, Train: 94.69%, Valid: 67.74%, Test In: 69.45% Test OOD1: 60.77% Test OOD2: 50.96% Test OOD3: 59.52% 
Epoch: 126, Loss: 0.2232, Train: 94.91%, Valid: 67.74%, Test In: 69.44% Test OOD1: 60.85% Test OOD2: 50.91% Test OOD3: 59.53% 
Epoch: 127, Loss: 0.2219, Train: 95.20%, Valid: 67.64%, Test In: 69.29% Test OOD1: 60.70% Test OOD2: 50.91% Test OOD3: 59.44% 
Epoch: 128, Loss: 0.2171, Train: 95.04%, Valid: 67.84%, Test In: 69.44% Test OOD1: 60.79% Test OOD2: 50.86% Test OOD3: 59.53% 
Epoch: 129, Loss: 0.2226, Train: 95.32%, Valid: 67.72%, Test In: 69.43% Test OOD1: 60.71% Test OOD2: 50.93% Test OOD3: 59.42% 
Epoch: 130, Loss: 0.2121, Train: 95.45%, Valid: 67.59%, Test In: 69.48% Test OOD1: 60.98% Test OOD2: 50.94% Test OOD3: 59.47% 
Epoch: 131, Loss: 0.2096, Train: 95.52%, Valid: 67.62%, Test In: 69.59% Test OOD1: 61.13% Test OOD2: 50.91% Test OOD3: 59.56% 
Epoch: 132, Loss: 0.2199, Train: 95.87%, Valid: 67.50%, Test In: 69.45% Test OOD1: 60.59% Test OOD2: 50.90% Test OOD3: 59.39% 
Epoch: 133, Loss: 0.2039, Train: 95.98%, Valid: 67.57%, Test In: 69.52% Test OOD1: 60.34% Test OOD2: 50.86% Test OOD3: 59.41% 
Epoch: 134, Loss: 0.1997, Train: 96.06%, Valid: 67.60%, Test In: 69.58% Test OOD1: 60.48% Test OOD2: 50.85% Test OOD3: 59.53% 
Epoch: 135, Loss: 0.2032, Train: 96.28%, Valid: 67.39%, Test In: 69.35% Test OOD1: 60.47% Test OOD2: 50.94% Test OOD3: 59.50% 
Epoch: 136, Loss: 0.2112, Train: 96.38%, Valid: 67.52%, Test In: 69.48% Test OOD1: 60.76% Test OOD2: 50.96% Test OOD3: 59.60% 
Epoch: 137, Loss: 0.1959, Train: 96.46%, Valid: 67.59%, Test In: 69.52% Test OOD1: 60.69% Test OOD2: 50.95% Test OOD3: 59.54% 
Epoch: 138, Loss: 0.1922, Train: 96.63%, Valid: 67.58%, Test In: 69.43% Test OOD1: 60.27% Test OOD2: 50.98% Test OOD3: 59.37% 
Epoch: 139, Loss: 0.1972, Train: 96.78%, Valid: 67.72%, Test In: 69.50% Test OOD1: 60.27% Test OOD2: 50.96% Test OOD3: 59.40% 
Epoch: 140, Loss: 0.1864, Train: 96.99%, Valid: 67.69%, Test In: 69.46% Test OOD1: 60.40% Test OOD2: 50.93% Test OOD3: 59.41% 
Epoch: 141, Loss: 0.1816, Train: 97.11%, Valid: 67.62%, Test In: 69.38% Test OOD1: 60.40% Test OOD2: 50.90% Test OOD3: 59.32% 
Epoch: 142, Loss: 0.1813, Train: 97.02%, Valid: 67.70%, Test In: 69.51% Test OOD1: 60.59% Test OOD2: 50.85% Test OOD3: 59.35% 
Epoch: 143, Loss: 0.1748, Train: 97.01%, Valid: 67.62%, Test In: 69.49% Test OOD1: 60.94% Test OOD2: 50.80% Test OOD3: 59.45% 
Epoch: 144, Loss: 0.1819, Train: 97.11%, Valid: 67.37%, Test In: 69.25% Test OOD1: 61.07% Test OOD2: 50.80% Test OOD3: 59.49% 
Epoch: 145, Loss: 0.1859, Train: 97.11%, Valid: 67.47%, Test In: 69.33% Test OOD1: 61.14% Test OOD2: 50.76% Test OOD3: 59.56% 
Epoch: 146, Loss: 0.1793, Train: 97.23%, Valid: 67.51%, Test In: 69.35% Test OOD1: 60.95% Test OOD2: 50.71% Test OOD3: 59.52% 
Epoch: 147, Loss: 0.1759, Train: 97.43%, Valid: 67.48%, Test In: 69.27% Test OOD1: 60.55% Test OOD2: 50.67% Test OOD3: 59.35% 
Epoch: 148, Loss: 0.1745, Train: 97.55%, Valid: 67.56%, Test In: 69.42% Test OOD1: 60.68% Test OOD2: 50.63% Test OOD3: 59.42% 
Epoch: 149, Loss: 0.1631, Train: 97.61%, Valid: 67.55%, Test In: 69.55% Test OOD1: 60.82% Test OOD2: 50.59% Test OOD3: 59.48% 
Epoch: 150, Loss: 0.1645, Train: 97.75%, Valid: 67.43%, Test In: 69.53% Test OOD1: 60.84% Test OOD2: 50.59% Test OOD3: 59.50% 
Epoch: 151, Loss: 0.1625, Train: 97.80%, Valid: 67.46%, Test In: 69.54% Test OOD1: 60.86% Test OOD2: 50.60% Test OOD3: 59.56% 
Epoch: 152, Loss: 0.1603, Train: 97.72%, Valid: 67.60%, Test In: 69.66% Test OOD1: 60.83% Test OOD2: 50.57% Test OOD3: 59.61% 
Epoch: 153, Loss: 0.1677, Train: 97.89%, Valid: 67.48%, Test In: 69.51% Test OOD1: 60.72% Test OOD2: 50.61% Test OOD3: 59.55% 
Epoch: 154, Loss: 0.1579, Train: 97.98%, Valid: 67.36%, Test In: 69.41% Test OOD1: 60.87% Test OOD2: 50.62% Test OOD3: 59.58% 
Epoch: 155, Loss: 0.1554, Train: 98.01%, Valid: 67.34%, Test In: 69.40% Test OOD1: 61.18% Test OOD2: 50.59% Test OOD3: 59.64% 
Epoch: 156, Loss: 0.1614, Train: 98.14%, Valid: 67.40%, Test In: 69.35% Test OOD1: 60.89% Test OOD2: 50.59% Test OOD3: 59.50% 
Epoch: 157, Loss: 0.1501, Train: 98.05%, Valid: 67.43%, Test In: 69.25% Test OOD1: 60.56% Test OOD2: 50.57% Test OOD3: 59.38% 
Epoch: 158, Loss: 0.1550, Train: 98.07%, Valid: 67.54%, Test In: 69.31% Test OOD1: 60.69% Test OOD2: 50.57% Test OOD3: 59.49% 
Epoch: 159, Loss: 0.1565, Train: 98.22%, Valid: 67.36%, Test In: 69.15% Test OOD1: 60.89% Test OOD2: 50.55% Test OOD3: 59.59% 
Epoch: 160, Loss: 0.1554, Train: 98.28%, Valid: 67.20%, Test In: 69.07% Test OOD1: 60.77% Test OOD2: 50.56% Test OOD3: 59.55% 
Epoch: 161, Loss: 0.1522, Train: 98.24%, Valid: 67.34%, Test In: 69.28% Test OOD1: 60.61% Test OOD2: 50.57% Test OOD3: 59.55% 
Epoch: 162, Loss: 0.1543, Train: 98.29%, Valid: 67.40%, Test In: 69.41% Test OOD1: 60.54% Test OOD2: 50.59% Test OOD3: 59.61% 
Epoch: 163, Loss: 0.1546, Train: 98.55%, Valid: 67.25%, Test In: 69.31% Test OOD1: 60.49% Test OOD2: 50.62% Test OOD3: 59.56% 
Epoch: 164, Loss: 0.1448, Train: 98.64%, Valid: 67.19%, Test In: 69.25% Test OOD1: 60.43% Test OOD2: 50.66% Test OOD3: 59.53% 
Epoch: 165, Loss: 0.1489, Train: 98.61%, Valid: 67.38%, Test In: 69.38% Test OOD1: 60.32% Test OOD2: 50.70% Test OOD3: 59.53% 
Epoch: 166, Loss: 0.1437, Train: 98.60%, Valid: 67.38%, Test In: 69.32% Test OOD1: 60.35% Test OOD2: 50.71% Test OOD3: 59.44% 
Epoch: 167, Loss: 0.1448, Train: 98.72%, Valid: 67.15%, Test In: 69.11% Test OOD1: 60.48% Test OOD2: 50.68% Test OOD3: 59.42% 
Epoch: 168, Loss: 0.1405, Train: 98.78%, Valid: 67.06%, Test In: 69.05% Test OOD1: 60.71% Test OOD2: 50.62% Test OOD3: 59.52% 
Epoch: 169, Loss: 0.1426, Train: 98.75%, Valid: 67.09%, Test In: 69.06% Test OOD1: 60.72% Test OOD2: 50.60% Test OOD3: 59.54% 
Epoch: 170, Loss: 0.1472, Train: 98.80%, Valid: 67.05%, Test In: 68.96% Test OOD1: 60.33% Test OOD2: 50.60% Test OOD3: 59.48% 
Epoch: 171, Loss: 0.1349, Train: 98.81%, Valid: 67.09%, Test In: 68.95% Test OOD1: 60.09% Test OOD2: 50.58% Test OOD3: 59.47% 
Epoch: 172, Loss: 0.1450, Train: 98.91%, Valid: 67.09%, Test In: 69.03% Test OOD1: 60.29% Test OOD2: 50.55% Test OOD3: 59.61% 
Epoch: 173, Loss: 0.1435, Train: 99.04%, Valid: 67.05%, Test In: 69.02% Test OOD1: 60.23% Test OOD2: 50.52% Test OOD3: 59.60% 
Epoch: 174, Loss: 0.1392, Train: 99.06%, Valid: 67.08%, Test In: 69.03% Test OOD1: 60.12% Test OOD2: 50.49% Test OOD3: 59.57% 
Epoch: 175, Loss: 0.1376, Train: 99.04%, Valid: 67.22%, Test In: 69.17% Test OOD1: 59.91% Test OOD2: 50.44% Test OOD3: 59.49% 
Epoch: 176, Loss: 0.1411, Train: 99.07%, Valid: 67.17%, Test In: 69.18% Test OOD1: 60.08% Test OOD2: 50.40% Test OOD3: 59.54% 
Epoch: 177, Loss: 0.1382, Train: 99.14%, Valid: 66.96%, Test In: 68.98% Test OOD1: 60.03% Test OOD2: 50.33% Test OOD3: 59.53% 
Epoch: 178, Loss: 0.1288, Train: 99.13%, Valid: 66.97%, Test In: 68.96% Test OOD1: 59.98% Test OOD2: 50.26% Test OOD3: 59.51% 
Epoch: 179, Loss: 0.1292, Train: 99.01%, Valid: 67.19%, Test In: 69.06% Test OOD1: 60.05% Test OOD2: 50.21% Test OOD3: 59.56% 
Epoch: 180, Loss: 0.1296, Train: 98.98%, Valid: 67.19%, Test In: 68.99% Test OOD1: 60.20% Test OOD2: 50.20% Test OOD3: 59.63% 
Epoch: 181, Loss: 0.1348, Train: 99.00%, Valid: 67.00%, Test In: 68.77% Test OOD1: 60.56% Test OOD2: 50.21% Test OOD3: 59.76% 
Epoch: 182, Loss: 0.1306, Train: 99.02%, Valid: 67.09%, Test In: 68.88% Test OOD1: 60.93% Test OOD2: 50.28% Test OOD3: 59.91% 
Epoch: 183, Loss: 0.1303, Train: 99.01%, Valid: 67.25%, Test In: 69.04% Test OOD1: 60.90% Test OOD2: 50.35% Test OOD3: 59.99% 
Epoch: 184, Loss: 0.1310, Train: 99.04%, Valid: 67.38%, Test In: 69.15% Test OOD1: 60.39% Test OOD2: 50.40% Test OOD3: 59.93% 
Epoch: 185, Loss: 0.1336, Train: 99.15%, Valid: 67.45%, Test In: 69.24% Test OOD1: 60.30% Test OOD2: 50.43% Test OOD3: 59.92% 
Epoch: 186, Loss: 0.1293, Train: 99.24%, Valid: 67.45%, Test In: 69.37% Test OOD1: 60.59% Test OOD2: 50.46% Test OOD3: 60.03% 
Epoch: 187, Loss: 0.1327, Train: 99.35%, Valid: 67.35%, Test In: 69.30% Test OOD1: 60.48% Test OOD2: 50.44% Test OOD3: 59.92% 
Epoch: 188, Loss: 0.1215, Train: 99.37%, Valid: 67.34%, Test In: 69.22% Test OOD1: 60.24% Test OOD2: 50.35% Test OOD3: 59.69% 
Epoch: 189, Loss: 0.1274, Train: 99.36%, Valid: 67.53%, Test In: 69.33% Test OOD1: 60.17% Test OOD2: 50.30% Test OOD3: 59.64% 
Epoch: 190, Loss: 0.1230, Train: 99.32%, Valid: 67.56%, Test In: 69.32% Test OOD1: 60.26% Test OOD2: 50.27% Test OOD3: 59.62% 
Epoch: 191, Loss: 0.1352, Train: 99.36%, Valid: 67.47%, Test In: 69.15% Test OOD1: 60.31% Test OOD2: 50.27% Test OOD3: 59.61% 
Epoch: 192, Loss: 0.1220, Train: 99.30%, Valid: 67.47%, Test In: 69.06% Test OOD1: 60.37% Test OOD2: 50.28% Test OOD3: 59.65% 
Epoch: 193, Loss: 0.1244, Train: 99.28%, Valid: 67.69%, Test In: 69.19% Test OOD1: 60.49% Test OOD2: 50.33% Test OOD3: 59.81% 
Epoch: 194, Loss: 0.1218, Train: 99.30%, Valid: 67.66%, Test In: 69.14% Test OOD1: 60.58% Test OOD2: 50.37% Test OOD3: 59.88% 
Epoch: 195, Loss: 0.1212, Train: 99.35%, Valid: 67.43%, Test In: 68.93% Test OOD1: 60.52% Test OOD2: 50.36% Test OOD3: 59.86% 
Epoch: 196, Loss: 0.1251, Train: 99.40%, Valid: 67.41%, Test In: 69.01% Test OOD1: 60.48% Test OOD2: 50.35% Test OOD3: 59.85% 
Epoch: 197, Loss: 0.1148, Train: 99.39%, Valid: 67.37%, Test In: 69.13% Test OOD1: 60.65% Test OOD2: 50.38% Test OOD3: 59.93% 
Epoch: 198, Loss: 0.1172, Train: 99.40%, Valid: 67.29%, Test In: 69.11% Test OOD1: 60.59% Test OOD2: 50.41% Test OOD3: 60.02% 
Epoch: 199, Loss: 0.1160, Train: 99.38%, Valid: 67.15%, Test In: 69.01% Test OOD1: 60.53% Test OOD2: 50.45% Test OOD3: 60.02% 
Run 03:
Highest Train: 99.40
Highest Valid: 68.78
Highest In Test: 69.66
Highest OOD Test: 65.25
Highest OOD Test: 53.46
Highest OOD Test: 62.64
Chosen epoch: 45
Final Train: 77.30
Final In Test: 69.34
Final OOD Test: 63.71
Final OOD Test: 53.44
Final OOD Test: 62.13
All runs:
Highest Train: 99.72 ± 0.28
Highest Valid: 68.87 ± 0.11
Highest In Test: 69.52 ± 0.26
Highest OOD Test: 65.49 ± 0.26
Highest OOD Test: 53.46 ± 0.06
Highest OOD Test: 62.71 ± 0.17
  Final Train: 75.44 ± 2.71
   Final In  Test: 69.14 ± 0.65
   Final OOD Test: 64.57 ± 1.07
   Final OOD Test: 52.46 ± 1.74
   Final OOD Test: 62.19 ± 0.57
[INFO] TensorBoard writer closed.

Command: python main.py --dataset twitch --backbone_type gcn --env_type graph --combine_result --store_result --epochs 200 --runs 3 --num_layers 2 --expert_agg mean --tau 3 --lr 0.01 --weight_decay 5e-5 --dropout 0.0 --K 3 --hidden_channels 64 --seed 123 --device 0 --lr 0.005 --weight_decay 5e-05 --dropout 0.1 --lamda 0.1 --K 3 --hidden_channels 32 --other_env_reduce env --result_name twitch_stage1_lr0.005_weight_decay5e-05_dropout0.1_lamda0.1_K3_hidden_channels32_other_env_reduceenv
Return code: 0
Elapsed: 125.63s
