Namespace(K=3, backbone_type='gcn', combine_result=True, cpu=False, data_dir='./data/', dataset='twitch', device=0, display_step=1, dropout=0.1, env_type='graph', epochs=200, expert_agg='mean', gate_hidden=64, hidden_channels=64, infer_env=False, infer_env_components=64, infer_env_iters=30, infer_env_num=3, lamda=0.1, lr=0.005, num_layers=2, other_env_reduce='sample', pos_weight=5.0, result_name='twitch_stage1_lr0.005_weight_decay5e-05_dropout0.1_lamda0.1_K3_hidden_channels64_other_env_reducesample', runs=3, seed=123, store_result=True, tau=3.0, use_bn=False, variant=False, weight_decay=5e-05)
dataset twitch: all nodes 34120 | edges 429113 | classes 2 | feats 3170
train nodes 7897 | valid nodes 3949 | test in nodes 3949
test ood1 nodes 4648 test ood2 nodes 6551 test ood3 nodes 7126 
[INFO] env numbers: 6 train env numbers: 3
MODEL: CaNet(
  (experts): ModuleList(
    (0): ExpertNet(
      (convs): ModuleList(
        (0): CaNetConv()
        (1): CaNetConv()
      )
      (fcs): ModuleList(
        (0): Linear(in_features=3170, out_features=64, bias=True)
        (1): Linear(in_features=64, out_features=2, bias=True)
      )
      (act_fn): ReLU()
    )
    (1): ExpertNet(
      (convs): ModuleList(
        (0): CaNetConv()
        (1): CaNetConv()
      )
      (fcs): ModuleList(
        (0): Linear(in_features=3170, out_features=64, bias=True)
        (1): Linear(in_features=64, out_features=2, bias=True)
      )
      (act_fn): ReLU()
    )
    (2): ExpertNet(
      (convs): ModuleList(
        (0): CaNetConv()
        (1): CaNetConv()
      )
      (fcs): ModuleList(
        (0): Linear(in_features=3170, out_features=64, bias=True)
        (1): Linear(in_features=64, out_features=2, bias=True)
      )
      (act_fn): ReLU()
    )
  )
  (gate): Sequential(
    (0): Linear(in_features=3170, out_features=64, bias=True)
    (1): ReLU()
    (2): Linear(in_features=64, out_features=3, bias=True)
  )
)
[INFO] TensorBoard logging activated. Logs will be saved to: ./runs/twitch/Apr16_12-08-33_lamda_0.1
Epoch: 00, Loss: 0.7671, Train: 46.34%, Valid: 45.06%, Test In: 45.82% Test OOD1: 42.58% Test OOD2: 51.06% Test OOD3: 47.29% 
Epoch: 01, Loss: 0.7620, Train: 46.18%, Valid: 45.19%, Test In: 45.89% Test OOD1: 42.31% Test OOD2: 50.63% Test OOD3: 46.91% 
Epoch: 02, Loss: 0.7556, Train: 45.76%, Valid: 45.04%, Test In: 45.68% Test OOD1: 41.98% Test OOD2: 50.49% Test OOD3: 46.63% 
Epoch: 03, Loss: 0.7458, Train: 45.32%, Valid: 44.78%, Test In: 45.47% Test OOD1: 41.75% Test OOD2: 50.40% Test OOD3: 46.43% 
Epoch: 04, Loss: 0.7336, Train: 45.19%, Valid: 44.76%, Test In: 45.53% Test OOD1: 41.67% Test OOD2: 50.38% Test OOD3: 46.34% 
Epoch: 05, Loss: 0.7206, Train: 44.93%, Valid: 44.59%, Test In: 45.47% Test OOD1: 41.60% Test OOD2: 50.34% Test OOD3: 46.20% 
Epoch: 06, Loss: 0.7149, Train: 44.43%, Valid: 44.12%, Test In: 45.09% Test OOD1: 41.45% Test OOD2: 50.30% Test OOD3: 46.02% 
Epoch: 07, Loss: 0.7151, Train: 45.47%, Valid: 44.82%, Test In: 45.86% Test OOD1: 41.80% Test OOD2: 50.37% Test OOD3: 46.38% 
Epoch: 08, Loss: 0.7136, Train: 48.48%, Valid: 47.04%, Test In: 48.14% Test OOD1: 42.83% Test OOD2: 50.63% Test OOD3: 47.44% 
Epoch: 09, Loss: 0.7068, Train: 57.14%, Valid: 53.84%, Test In: 55.03% Test OOD1: 46.20% Test OOD2: 51.50% Test OOD3: 50.70% 
Epoch: 10, Loss: 0.6995, Train: 71.47%, Valid: 66.14%, Test In: 67.16% Test OOD1: 57.55% Test OOD2: 52.84% Test OOD3: 59.38% 
Epoch: 11, Loss: 0.6920, Train: 73.33%, Valid: 68.27%, Test In: 69.22% Test OOD1: 65.65% Test OOD2: 52.16% Test OOD3: 62.52% 
Epoch: 12, Loss: 0.6858, Train: 70.59%, Valid: 66.59%, Test In: 66.97% Test OOD1: 64.94% Test OOD2: 51.63% Test OOD3: 61.56% 
Epoch: 13, Loss: 0.6809, Train: 69.55%, Valid: 65.92%, Test In: 66.08% Test OOD1: 64.50% Test OOD2: 51.54% Test OOD3: 61.20% 
Epoch: 14, Loss: 0.6744, Train: 69.38%, Valid: 65.76%, Test In: 65.90% Test OOD1: 64.47% Test OOD2: 51.58% Test OOD3: 61.17% 
Epoch: 15, Loss: 0.6679, Train: 69.61%, Valid: 65.86%, Test In: 66.05% Test OOD1: 64.53% Test OOD2: 51.70% Test OOD3: 61.26% 
Epoch: 16, Loss: 0.6595, Train: 70.01%, Valid: 66.04%, Test In: 66.30% Test OOD1: 64.61% Test OOD2: 51.82% Test OOD3: 61.36% 
Epoch: 17, Loss: 0.6525, Train: 70.48%, Valid: 66.35%, Test In: 66.65% Test OOD1: 64.77% Test OOD2: 51.90% Test OOD3: 61.54% 
Epoch: 18, Loss: 0.6440, Train: 71.07%, Valid: 66.77%, Test In: 67.10% Test OOD1: 65.05% Test OOD2: 51.95% Test OOD3: 61.81% 
Epoch: 19, Loss: 0.6372, Train: 71.83%, Valid: 67.23%, Test In: 67.63% Test OOD1: 65.30% Test OOD2: 52.05% Test OOD3: 62.07% 
Epoch: 20, Loss: 0.6307, Train: 72.72%, Valid: 67.61%, Test In: 68.10% Test OOD1: 65.32% Test OOD2: 52.26% Test OOD3: 62.27% 
Epoch: 21, Loss: 0.6244, Train: 73.58%, Valid: 68.12%, Test In: 68.69% Test OOD1: 65.62% Test OOD2: 52.39% Test OOD3: 62.62% 
Epoch: 22, Loss: 0.6149, Train: 74.37%, Valid: 68.60%, Test In: 69.23% Test OOD1: 65.83% Test OOD2: 52.55% Test OOD3: 62.95% 
Epoch: 23, Loss: 0.6058, Train: 75.11%, Valid: 68.68%, Test In: 69.44% Test OOD1: 65.44% Test OOD2: 52.82% Test OOD3: 63.06% 
Epoch: 24, Loss: 0.5996, Train: 75.68%, Valid: 69.05%, Test In: 69.87% Test OOD1: 65.51% Test OOD2: 52.96% Test OOD3: 63.27% 
Epoch: 25, Loss: 0.5947, Train: 76.21%, Valid: 69.01%, Test In: 69.93% Test OOD1: 64.98% Test OOD2: 53.13% Test OOD3: 63.21% 
Epoch: 26, Loss: 0.5909, Train: 76.77%, Valid: 69.21%, Test In: 70.14% Test OOD1: 64.85% Test OOD2: 53.23% Test OOD3: 63.22% 
Epoch: 27, Loss: 0.5824, Train: 77.25%, Valid: 69.33%, Test In: 70.26% Test OOD1: 64.84% Test OOD2: 53.29% Test OOD3: 63.21% 
Epoch: 28, Loss: 0.5760, Train: 77.48%, Valid: 68.85%, Test In: 69.83% Test OOD1: 64.01% Test OOD2: 53.38% Test OOD3: 62.81% 
Epoch: 29, Loss: 0.5723, Train: 77.89%, Valid: 69.16%, Test In: 70.08% Test OOD1: 64.55% Test OOD2: 53.31% Test OOD3: 62.93% 
Epoch: 30, Loss: 0.5676, Train: 78.32%, Valid: 69.09%, Test In: 69.99% Test OOD1: 64.32% Test OOD2: 53.29% Test OOD3: 62.79% 
Epoch: 31, Loss: 0.5574, Train: 78.57%, Valid: 68.70%, Test In: 69.59% Test OOD1: 63.64% Test OOD2: 53.31% Test OOD3: 62.41% 
Epoch: 32, Loss: 0.5482, Train: 78.71%, Valid: 68.60%, Test In: 69.48% Test OOD1: 63.58% Test OOD2: 53.23% Test OOD3: 62.26% 
Epoch: 33, Loss: 0.5463, Train: 79.18%, Valid: 68.78%, Test In: 69.65% Test OOD1: 63.78% Test OOD2: 53.12% Test OOD3: 62.33% 
Epoch: 34, Loss: 0.5411, Train: 79.74%, Valid: 68.59%, Test In: 69.44% Test OOD1: 63.17% Test OOD2: 53.11% Test OOD3: 62.06% 
Epoch: 35, Loss: 0.5337, Train: 79.96%, Valid: 68.26%, Test In: 69.10% Test OOD1: 62.64% Test OOD2: 53.03% Test OOD3: 61.72% 
Epoch: 36, Loss: 0.5268, Train: 80.03%, Valid: 68.28%, Test In: 69.15% Test OOD1: 62.97% Test OOD2: 52.84% Test OOD3: 61.77% 
Epoch: 37, Loss: 0.5228, Train: 80.42%, Valid: 68.23%, Test In: 69.12% Test OOD1: 62.91% Test OOD2: 52.75% Test OOD3: 61.72% 
Epoch: 38, Loss: 0.5143, Train: 80.93%, Valid: 67.88%, Test In: 68.74% Test OOD1: 62.14% Test OOD2: 52.75% Test OOD3: 61.36% 
Epoch: 39, Loss: 0.5132, Train: 81.20%, Valid: 67.80%, Test In: 68.66% Test OOD1: 62.07% Test OOD2: 52.67% Test OOD3: 61.29% 
Epoch: 40, Loss: 0.5055, Train: 81.48%, Valid: 67.97%, Test In: 68.86% Test OOD1: 62.44% Test OOD2: 52.59% Test OOD3: 61.46% 
Epoch: 41, Loss: 0.4960, Train: 81.87%, Valid: 67.83%, Test In: 68.71% Test OOD1: 62.10% Test OOD2: 52.57% Test OOD3: 61.29% 
Epoch: 42, Loss: 0.4894, Train: 82.22%, Valid: 67.57%, Test In: 68.44% Test OOD1: 61.62% Test OOD2: 52.55% Test OOD3: 61.05% 
Epoch: 43, Loss: 0.4837, Train: 82.38%, Valid: 67.72%, Test In: 68.58% Test OOD1: 61.93% Test OOD2: 52.44% Test OOD3: 61.21% 
Epoch: 44, Loss: 0.4800, Train: 82.88%, Valid: 67.81%, Test In: 68.61% Test OOD1: 61.88% Test OOD2: 52.39% Test OOD3: 61.26% 
Epoch: 45, Loss: 0.4706, Train: 83.33%, Valid: 67.65%, Test In: 68.49% Test OOD1: 61.50% Test OOD2: 52.38% Test OOD3: 61.09% 
Epoch: 46, Loss: 0.4690, Train: 83.60%, Valid: 67.71%, Test In: 68.59% Test OOD1: 61.55% Test OOD2: 52.33% Test OOD3: 61.14% 
Epoch: 47, Loss: 0.4601, Train: 83.84%, Valid: 67.76%, Test In: 68.64% Test OOD1: 61.70% Test OOD2: 52.29% Test OOD3: 61.19% 
Epoch: 48, Loss: 0.4548, Train: 84.18%, Valid: 67.61%, Test In: 68.45% Test OOD1: 61.49% Test OOD2: 52.31% Test OOD3: 61.00% 
Epoch: 49, Loss: 0.4524, Train: 84.60%, Valid: 67.72%, Test In: 68.57% Test OOD1: 61.53% Test OOD2: 52.29% Test OOD3: 61.00% 
Epoch: 50, Loss: 0.4426, Train: 85.00%, Valid: 67.70%, Test In: 68.58% Test OOD1: 61.45% Test OOD2: 52.24% Test OOD3: 60.89% 
Epoch: 51, Loss: 0.4360, Train: 85.37%, Valid: 67.49%, Test In: 68.45% Test OOD1: 61.13% Test OOD2: 52.20% Test OOD3: 60.67% 
Epoch: 52, Loss: 0.4298, Train: 85.81%, Valid: 67.51%, Test In: 68.57% Test OOD1: 61.11% Test OOD2: 52.15% Test OOD3: 60.64% 
Epoch: 53, Loss: 0.4246, Train: 86.10%, Valid: 67.44%, Test In: 68.52% Test OOD1: 61.02% Test OOD2: 52.09% Test OOD3: 60.52% 
Epoch: 54, Loss: 0.4188, Train: 86.53%, Valid: 67.25%, Test In: 68.41% Test OOD1: 60.82% Test OOD2: 52.04% Test OOD3: 60.32% 
Epoch: 55, Loss: 0.4155, Train: 86.77%, Valid: 67.42%, Test In: 68.68% Test OOD1: 61.12% Test OOD2: 52.03% Test OOD3: 60.50% 
Epoch: 56, Loss: 0.4112, Train: 87.13%, Valid: 66.91%, Test In: 68.16% Test OOD1: 60.57% Test OOD2: 51.92% Test OOD3: 60.05% 
Epoch: 57, Loss: 0.4093, Train: 87.07%, Valid: 67.45%, Test In: 68.69% Test OOD1: 61.29% Test OOD2: 51.86% Test OOD3: 60.47% 
Epoch: 58, Loss: 0.4049, Train: 88.03%, Valid: 67.33%, Test In: 68.65% Test OOD1: 60.97% Test OOD2: 51.93% Test OOD3: 60.28% 
Epoch: 59, Loss: 0.3903, Train: 88.28%, Valid: 66.94%, Test In: 68.30% Test OOD1: 60.61% Test OOD2: 51.87% Test OOD3: 60.02% 
Epoch: 60, Loss: 0.3901, Train: 87.81%, Valid: 67.31%, Test In: 68.64% Test OOD1: 61.00% Test OOD2: 51.78% Test OOD3: 60.37% 
Epoch: 61, Loss: 0.3835, Train: 88.61%, Valid: 67.20%, Test In: 68.71% Test OOD1: 60.86% Test OOD2: 51.87% Test OOD3: 60.38% 
Epoch: 62, Loss: 0.3753, Train: 89.24%, Valid: 66.75%, Test In: 68.35% Test OOD1: 60.37% Test OOD2: 51.86% Test OOD3: 60.09% 
Epoch: 63, Loss: 0.3725, Train: 89.08%, Valid: 67.01%, Test In: 68.56% Test OOD1: 60.58% Test OOD2: 51.75% Test OOD3: 60.18% 
Epoch: 64, Loss: 0.3599, Train: 89.03%, Valid: 67.12%, Test In: 68.75% Test OOD1: 60.81% Test OOD2: 51.70% Test OOD3: 60.32% 
Epoch: 65, Loss: 0.3631, Train: 89.96%, Valid: 66.87%, Test In: 68.53% Test OOD1: 60.57% Test OOD2: 51.75% Test OOD3: 60.12% 
Epoch: 66, Loss: 0.3523, Train: 90.36%, Valid: 66.87%, Test In: 68.51% Test OOD1: 60.48% Test OOD2: 51.76% Test OOD3: 60.07% 
Epoch: 67, Loss: 0.3556, Train: 90.00%, Valid: 67.33%, Test In: 68.88% Test OOD1: 60.83% Test OOD2: 51.72% Test OOD3: 60.29% 
Epoch: 68, Loss: 0.3485, Train: 90.68%, Valid: 67.32%, Test In: 68.85% Test OOD1: 60.91% Test OOD2: 51.79% Test OOD3: 60.34% 
Epoch: 69, Loss: 0.3387, Train: 91.16%, Valid: 67.07%, Test In: 68.58% Test OOD1: 60.78% Test OOD2: 51.84% Test OOD3: 60.20% 
Epoch: 70, Loss: 0.3383, Train: 91.09%, Valid: 67.44%, Test In: 68.91% Test OOD1: 60.99% Test OOD2: 51.78% Test OOD3: 60.29% 
Epoch: 71, Loss: 0.3281, Train: 91.24%, Valid: 67.54%, Test In: 69.02% Test OOD1: 61.14% Test OOD2: 51.72% Test OOD3: 60.35% 
Epoch: 72, Loss: 0.3263, Train: 92.03%, Valid: 67.16%, Test In: 68.70% Test OOD1: 61.19% Test OOD2: 51.73% Test OOD3: 60.26% 
Epoch: 73, Loss: 0.3226, Train: 92.04%, Valid: 67.22%, Test In: 68.76% Test OOD1: 61.18% Test OOD2: 51.67% Test OOD3: 60.23% 
Epoch: 74, Loss: 0.3088, Train: 91.63%, Valid: 67.37%, Test In: 68.92% Test OOD1: 61.07% Test OOD2: 51.57% Test OOD3: 60.16% 
Epoch: 75, Loss: 0.3140, Train: 92.59%, Valid: 67.04%, Test In: 68.72% Test OOD1: 61.03% Test OOD2: 51.63% Test OOD3: 60.12% 
Epoch: 76, Loss: 0.3018, Train: 92.93%, Valid: 66.99%, Test In: 68.71% Test OOD1: 60.90% Test OOD2: 51.57% Test OOD3: 60.05% 
Epoch: 77, Loss: 0.2946, Train: 92.86%, Valid: 67.18%, Test In: 68.86% Test OOD1: 60.80% Test OOD2: 51.46% Test OOD3: 59.94% 
Epoch: 78, Loss: 0.2915, Train: 93.02%, Valid: 67.19%, Test In: 68.86% Test OOD1: 60.71% Test OOD2: 51.37% Test OOD3: 59.81% 
Epoch: 79, Loss: 0.2871, Train: 93.62%, Valid: 67.05%, Test In: 68.76% Test OOD1: 60.91% Test OOD2: 51.38% Test OOD3: 59.91% 
Epoch: 80, Loss: 0.2799, Train: 93.67%, Valid: 67.20%, Test In: 68.91% Test OOD1: 60.95% Test OOD2: 51.34% Test OOD3: 60.02% 
Epoch: 81, Loss: 0.2770, Train: 93.86%, Valid: 67.25%, Test In: 68.91% Test OOD1: 60.51% Test OOD2: 51.21% Test OOD3: 59.70% 
Epoch: 82, Loss: 0.2676, Train: 93.87%, Valid: 67.44%, Test In: 69.05% Test OOD1: 60.74% Test OOD2: 51.10% Test OOD3: 59.85% 
Epoch: 83, Loss: 0.2639, Train: 94.57%, Valid: 67.12%, Test In: 68.74% Test OOD1: 60.93% Test OOD2: 51.09% Test OOD3: 59.80% 
Epoch: 84, Loss: 0.2582, Train: 94.60%, Valid: 67.26%, Test In: 68.85% Test OOD1: 60.98% Test OOD2: 51.06% Test OOD3: 59.77% 
Epoch: 85, Loss: 0.2520, Train: 94.45%, Valid: 67.50%, Test In: 68.94% Test OOD1: 60.57% Test OOD2: 51.00% Test OOD3: 59.55% 
Epoch: 86, Loss: 0.2540, Train: 95.06%, Valid: 67.41%, Test In: 68.88% Test OOD1: 60.83% Test OOD2: 51.00% Test OOD3: 59.66% 
Epoch: 87, Loss: 0.2394, Train: 95.29%, Valid: 67.43%, Test In: 68.91% Test OOD1: 61.13% Test OOD2: 50.95% Test OOD3: 59.83% 
Epoch: 88, Loss: 0.2356, Train: 95.42%, Valid: 67.43%, Test In: 68.87% Test OOD1: 60.65% Test OOD2: 50.84% Test OOD3: 59.48% 
Epoch: 89, Loss: 0.2291, Train: 95.27%, Valid: 67.60%, Test In: 69.02% Test OOD1: 60.60% Test OOD2: 50.82% Test OOD3: 59.47% 
Epoch: 90, Loss: 0.2304, Train: 95.91%, Valid: 67.27%, Test In: 68.79% Test OOD1: 60.79% Test OOD2: 50.81% Test OOD3: 59.51% 
Epoch: 91, Loss: 0.2217, Train: 96.00%, Valid: 67.36%, Test In: 68.93% Test OOD1: 61.12% Test OOD2: 50.85% Test OOD3: 59.73% 
Epoch: 92, Loss: 0.2172, Train: 96.23%, Valid: 67.28%, Test In: 68.87% Test OOD1: 60.82% Test OOD2: 50.81% Test OOD3: 59.48% 
Epoch: 93, Loss: 0.2149, Train: 96.04%, Valid: 67.48%, Test In: 69.11% Test OOD1: 61.11% Test OOD2: 50.86% Test OOD3: 59.69% 
Epoch: 94, Loss: 0.2114, Train: 96.63%, Valid: 67.13%, Test In: 68.73% Test OOD1: 61.00% Test OOD2: 50.81% Test OOD3: 59.56% 
Epoch: 95, Loss: 0.2152, Train: 96.37%, Valid: 67.52%, Test In: 69.17% Test OOD1: 61.35% Test OOD2: 50.84% Test OOD3: 59.83% 
Epoch: 96, Loss: 0.2118, Train: 96.85%, Valid: 67.51%, Test In: 69.10% Test OOD1: 60.83% Test OOD2: 50.78% Test OOD3: 59.45% 
Epoch: 97, Loss: 0.1967, Train: 97.08%, Valid: 67.51%, Test In: 69.12% Test OOD1: 60.75% Test OOD2: 50.77% Test OOD3: 59.36% 
Epoch: 98, Loss: 0.1947, Train: 97.08%, Valid: 67.57%, Test In: 69.21% Test OOD1: 61.20% Test OOD2: 50.81% Test OOD3: 59.53% 
Epoch: 99, Loss: 0.2086, Train: 97.50%, Valid: 67.37%, Test In: 68.91% Test OOD1: 61.05% Test OOD2: 50.77% Test OOD3: 59.35% 
Epoch: 100, Loss: 0.1873, Train: 97.33%, Valid: 67.40%, Test In: 68.92% Test OOD1: 61.03% Test OOD2: 50.70% Test OOD3: 59.27% 
Epoch: 101, Loss: 0.1939, Train: 97.23%, Valid: 67.46%, Test In: 69.14% Test OOD1: 61.32% Test OOD2: 50.66% Test OOD3: 59.46% 
Epoch: 102, Loss: 0.1889, Train: 97.80%, Valid: 67.12%, Test In: 68.89% Test OOD1: 61.17% Test OOD2: 50.63% Test OOD3: 59.38% 
Epoch: 103, Loss: 0.1771, Train: 97.97%, Valid: 67.03%, Test In: 68.82% Test OOD1: 60.96% Test OOD2: 50.58% Test OOD3: 59.27% 
Epoch: 104, Loss: 0.1833, Train: 97.71%, Valid: 67.40%, Test In: 69.21% Test OOD1: 61.05% Test OOD2: 50.60% Test OOD3: 59.33% 
Epoch: 105, Loss: 0.1839, Train: 98.08%, Valid: 67.34%, Test In: 69.12% Test OOD1: 60.99% Test OOD2: 50.59% Test OOD3: 59.29% 
Epoch: 106, Loss: 0.1647, Train: 98.27%, Valid: 67.16%, Test In: 68.80% Test OOD1: 61.10% Test OOD2: 50.51% Test OOD3: 59.31% 
Epoch: 107, Loss: 0.1793, Train: 98.25%, Valid: 67.48%, Test In: 69.00% Test OOD1: 61.32% Test OOD2: 50.55% Test OOD3: 59.46% 
Epoch: 108, Loss: 0.1614, Train: 98.23%, Valid: 67.61%, Test In: 69.04% Test OOD1: 61.31% Test OOD2: 50.53% Test OOD3: 59.42% 
Epoch: 109, Loss: 0.1648, Train: 98.56%, Valid: 67.40%, Test In: 68.83% Test OOD1: 61.02% Test OOD2: 50.54% Test OOD3: 59.22% 
Epoch: 110, Loss: 0.1603, Train: 98.73%, Valid: 67.43%, Test In: 68.79% Test OOD1: 60.99% Test OOD2: 50.58% Test OOD3: 59.24% 
Epoch: 111, Loss: 0.1536, Train: 98.67%, Valid: 67.67%, Test In: 68.97% Test OOD1: 61.11% Test OOD2: 50.50% Test OOD3: 59.29% 
Epoch: 112, Loss: 0.1581, Train: 98.77%, Valid: 67.65%, Test In: 69.02% Test OOD1: 61.16% Test OOD2: 50.40% Test OOD3: 59.29% 
Epoch: 113, Loss: 0.1511, Train: 98.89%, Valid: 67.38%, Test In: 68.82% Test OOD1: 61.17% Test OOD2: 50.35% Test OOD3: 59.26% 
Epoch: 114, Loss: 0.1528, Train: 98.88%, Valid: 67.46%, Test In: 68.93% Test OOD1: 61.34% Test OOD2: 50.37% Test OOD3: 59.39% 
Epoch: 115, Loss: 0.1460, Train: 98.85%, Valid: 67.56%, Test In: 69.02% Test OOD1: 61.29% Test OOD2: 50.41% Test OOD3: 59.55% 
Epoch: 116, Loss: 0.1492, Train: 99.01%, Valid: 67.46%, Test In: 68.95% Test OOD1: 61.00% Test OOD2: 50.50% Test OOD3: 59.47% 
Epoch: 117, Loss: 0.1416, Train: 99.12%, Valid: 67.38%, Test In: 68.87% Test OOD1: 60.78% Test OOD2: 50.53% Test OOD3: 59.47% 
Epoch: 118, Loss: 0.1423, Train: 99.13%, Valid: 67.52%, Test In: 69.06% Test OOD1: 60.68% Test OOD2: 50.56% Test OOD3: 59.55% 
Epoch: 119, Loss: 0.1319, Train: 99.18%, Valid: 67.49%, Test In: 69.06% Test OOD1: 60.63% Test OOD2: 50.51% Test OOD3: 59.53% 
Epoch: 120, Loss: 0.1334, Train: 99.28%, Valid: 67.22%, Test In: 68.84% Test OOD1: 60.68% Test OOD2: 50.44% Test OOD3: 59.48% 
Epoch: 121, Loss: 0.1318, Train: 99.30%, Valid: 67.24%, Test In: 68.86% Test OOD1: 60.84% Test OOD2: 50.44% Test OOD3: 59.55% 
Epoch: 122, Loss: 0.1294, Train: 99.26%, Valid: 67.39%, Test In: 68.97% Test OOD1: 60.77% Test OOD2: 50.47% Test OOD3: 59.55% 
Epoch: 123, Loss: 0.1325, Train: 99.35%, Valid: 67.28%, Test In: 68.89% Test OOD1: 60.59% Test OOD2: 50.49% Test OOD3: 59.35% 
Epoch: 124, Loss: 0.1211, Train: 99.44%, Valid: 67.19%, Test In: 68.80% Test OOD1: 60.57% Test OOD2: 50.48% Test OOD3: 59.22% 
Epoch: 125, Loss: 0.1251, Train: 99.50%, Valid: 67.34%, Test In: 68.92% Test OOD1: 60.64% Test OOD2: 50.50% Test OOD3: 59.29% 
Epoch: 126, Loss: 0.1191, Train: 99.51%, Valid: 67.43%, Test In: 68.96% Test OOD1: 60.64% Test OOD2: 50.49% Test OOD3: 59.29% 
Epoch: 127, Loss: 0.1241, Train: 99.54%, Valid: 67.44%, Test In: 68.97% Test OOD1: 60.37% Test OOD2: 50.48% Test OOD3: 59.26% 
Epoch: 128, Loss: 0.1178, Train: 99.57%, Valid: 67.48%, Test In: 69.02% Test OOD1: 60.39% Test OOD2: 50.44% Test OOD3: 59.34% 
Epoch: 129, Loss: 0.1179, Train: 99.61%, Valid: 67.46%, Test In: 68.95% Test OOD1: 60.52% Test OOD2: 50.40% Test OOD3: 59.38% 
Epoch: 130, Loss: 0.1172, Train: 99.66%, Valid: 67.45%, Test In: 68.86% Test OOD1: 60.37% Test OOD2: 50.36% Test OOD3: 59.27% 
Epoch: 131, Loss: 0.1160, Train: 99.68%, Valid: 67.52%, Test In: 68.85% Test OOD1: 59.98% Test OOD2: 50.32% Test OOD3: 59.11% 
Epoch: 132, Loss: 0.1160, Train: 99.71%, Valid: 67.61%, Test In: 68.83% Test OOD1: 60.17% Test OOD2: 50.37% Test OOD3: 59.24% 
Epoch: 133, Loss: 0.1115, Train: 99.74%, Valid: 67.55%, Test In: 68.71% Test OOD1: 60.51% Test OOD2: 50.39% Test OOD3: 59.36% 
Epoch: 134, Loss: 0.1156, Train: 99.76%, Valid: 67.53%, Test In: 68.71% Test OOD1: 60.50% Test OOD2: 50.42% Test OOD3: 59.25% 
Epoch: 135, Loss: 0.1035, Train: 99.74%, Valid: 67.54%, Test In: 68.76% Test OOD1: 60.57% Test OOD2: 50.40% Test OOD3: 59.19% 
Epoch: 136, Loss: 0.1153, Train: 99.76%, Valid: 67.54%, Test In: 68.74% Test OOD1: 60.88% Test OOD2: 50.38% Test OOD3: 59.31% 
Epoch: 137, Loss: 0.1051, Train: 99.81%, Valid: 67.48%, Test In: 68.70% Test OOD1: 60.76% Test OOD2: 50.38% Test OOD3: 59.28% 
Epoch: 138, Loss: 0.1025, Train: 99.81%, Valid: 67.49%, Test In: 68.80% Test OOD1: 60.39% Test OOD2: 50.35% Test OOD3: 59.17% 
Epoch: 139, Loss: 0.1057, Train: 99.82%, Valid: 67.62%, Test In: 68.93% Test OOD1: 60.58% Test OOD2: 50.29% Test OOD3: 59.18% 
Epoch: 140, Loss: 0.1048, Train: 99.83%, Valid: 67.65%, Test In: 68.90% Test OOD1: 60.69% Test OOD2: 50.23% Test OOD3: 59.15% 
Epoch: 141, Loss: 0.1034, Train: 99.87%, Valid: 67.66%, Test In: 68.77% Test OOD1: 60.48% Test OOD2: 50.19% Test OOD3: 59.04% 
Epoch: 142, Loss: 0.1032, Train: 99.88%, Valid: 67.82%, Test In: 68.85% Test OOD1: 60.50% Test OOD2: 50.19% Test OOD3: 59.10% 
Epoch: 143, Loss: 0.0969, Train: 99.88%, Valid: 67.95%, Test In: 68.92% Test OOD1: 60.44% Test OOD2: 50.21% Test OOD3: 59.08% 
Epoch: 144, Loss: 0.1015, Train: 99.91%, Valid: 67.85%, Test In: 68.74% Test OOD1: 60.46% Test OOD2: 50.24% Test OOD3: 59.08% 
Epoch: 145, Loss: 0.1019, Train: 99.91%, Valid: 67.89%, Test In: 68.78% Test OOD1: 60.70% Test OOD2: 50.25% Test OOD3: 59.14% 
Epoch: 146, Loss: 0.0968, Train: 99.89%, Valid: 67.97%, Test In: 68.93% Test OOD1: 60.53% Test OOD2: 50.20% Test OOD3: 58.93% 
Epoch: 147, Loss: 0.0958, Train: 99.90%, Valid: 67.78%, Test In: 68.86% Test OOD1: 60.52% Test OOD2: 50.13% Test OOD3: 58.85% 
Epoch: 148, Loss: 0.0980, Train: 99.90%, Valid: 67.61%, Test In: 68.71% Test OOD1: 60.77% Test OOD2: 50.10% Test OOD3: 59.00% 
Epoch: 149, Loss: 0.0924, Train: 99.90%, Valid: 67.68%, Test In: 68.83% Test OOD1: 60.61% Test OOD2: 50.09% Test OOD3: 59.03% 
Epoch: 150, Loss: 0.0938, Train: 99.90%, Valid: 67.71%, Test In: 68.91% Test OOD1: 60.36% Test OOD2: 50.10% Test OOD3: 59.07% 
Epoch: 151, Loss: 0.0957, Train: 99.91%, Valid: 67.69%, Test In: 68.88% Test OOD1: 60.60% Test OOD2: 50.20% Test OOD3: 59.31% 
Epoch: 152, Loss: 0.0939, Train: 99.91%, Valid: 67.70%, Test In: 68.88% Test OOD1: 60.89% Test OOD2: 50.28% Test OOD3: 59.45% 
Epoch: 153, Loss: 0.0920, Train: 99.91%, Valid: 67.80%, Test In: 68.98% Test OOD1: 60.95% Test OOD2: 50.34% Test OOD3: 59.41% 
Epoch: 154, Loss: 0.0898, Train: 99.92%, Valid: 67.83%, Test In: 68.97% Test OOD1: 60.84% Test OOD2: 50.41% Test OOD3: 59.28% 
Epoch: 155, Loss: 0.0938, Train: 99.94%, Valid: 67.82%, Test In: 68.88% Test OOD1: 61.04% Test OOD2: 50.51% Test OOD3: 59.30% 
Epoch: 156, Loss: 0.0874, Train: 99.94%, Valid: 67.87%, Test In: 68.84% Test OOD1: 61.07% Test OOD2: 50.57% Test OOD3: 59.26% 
Epoch: 157, Loss: 0.0870, Train: 99.94%, Valid: 67.98%, Test In: 68.84% Test OOD1: 60.96% Test OOD2: 50.59% Test OOD3: 59.22% 
Epoch: 158, Loss: 0.0866, Train: 99.94%, Valid: 68.01%, Test In: 68.80% Test OOD1: 60.85% Test OOD2: 50.60% Test OOD3: 59.12% 
Epoch: 159, Loss: 0.0895, Train: 99.95%, Valid: 67.93%, Test In: 68.75% Test OOD1: 61.00% Test OOD2: 50.60% Test OOD3: 59.14% 
Epoch: 160, Loss: 0.0883, Train: 99.95%, Valid: 67.76%, Test In: 68.68% Test OOD1: 60.97% Test OOD2: 50.58% Test OOD3: 59.04% 
Epoch: 161, Loss: 0.0877, Train: 99.94%, Valid: 67.69%, Test In: 68.72% Test OOD1: 60.87% Test OOD2: 50.58% Test OOD3: 59.07% 
Epoch: 162, Loss: 0.0803, Train: 99.92%, Valid: 67.76%, Test In: 68.88% Test OOD1: 61.02% Test OOD2: 50.60% Test OOD3: 59.23% 
Epoch: 163, Loss: 0.0902, Train: 99.94%, Valid: 67.60%, Test In: 68.77% Test OOD1: 60.98% Test OOD2: 50.61% Test OOD3: 59.20% 
Epoch: 164, Loss: 0.0859, Train: 99.96%, Valid: 67.54%, Test In: 68.67% Test OOD1: 60.91% Test OOD2: 50.61% Test OOD3: 59.11% 
Epoch: 165, Loss: 0.0838, Train: 99.96%, Valid: 67.72%, Test In: 68.85% Test OOD1: 60.83% Test OOD2: 50.59% Test OOD3: 59.04% 
Epoch: 166, Loss: 0.0843, Train: 99.96%, Valid: 67.82%, Test In: 68.94% Test OOD1: 60.61% Test OOD2: 50.61% Test OOD3: 59.01% 
Epoch: 167, Loss: 0.0807, Train: 99.95%, Valid: 67.78%, Test In: 68.86% Test OOD1: 60.87% Test OOD2: 50.67% Test OOD3: 59.21% 
Epoch: 168, Loss: 0.0783, Train: 99.96%, Valid: 67.75%, Test In: 68.86% Test OOD1: 61.04% Test OOD2: 50.68% Test OOD3: 59.31% 
Epoch: 169, Loss: 0.0798, Train: 99.98%, Valid: 67.64%, Test In: 68.80% Test OOD1: 60.63% Test OOD2: 50.65% Test OOD3: 59.09% 
Epoch: 170, Loss: 0.0789, Train: 99.98%, Valid: 67.54%, Test In: 68.77% Test OOD1: 60.34% Test OOD2: 50.56% Test OOD3: 58.86% 
Epoch: 171, Loss: 0.0802, Train: 99.97%, Valid: 67.61%, Test In: 68.90% Test OOD1: 60.74% Test OOD2: 50.47% Test OOD3: 59.03% 
Epoch: 172, Loss: 0.0787, Train: 99.96%, Valid: 67.46%, Test In: 68.74% Test OOD1: 61.24% Test OOD2: 50.50% Test OOD3: 59.32% 
Epoch: 173, Loss: 0.0794, Train: 99.95%, Valid: 67.38%, Test In: 68.66% Test OOD1: 61.35% Test OOD2: 50.45% Test OOD3: 59.42% 
Epoch: 174, Loss: 0.0794, Train: 99.95%, Valid: 67.52%, Test In: 68.84% Test OOD1: 61.05% Test OOD2: 50.38% Test OOD3: 59.28% 
Epoch: 175, Loss: 0.0770, Train: 99.97%, Valid: 67.54%, Test In: 68.91% Test OOD1: 60.49% Test OOD2: 50.37% Test OOD3: 59.00% 
Epoch: 176, Loss: 0.0785, Train: 99.98%, Valid: 67.42%, Test In: 68.75% Test OOD1: 60.48% Test OOD2: 50.41% Test OOD3: 59.01% 
Epoch: 177, Loss: 0.0773, Train: 99.99%, Valid: 67.35%, Test In: 68.60% Test OOD1: 60.56% Test OOD2: 50.47% Test OOD3: 59.03% 
Epoch: 178, Loss: 0.0774, Train: 99.98%, Valid: 67.49%, Test In: 68.72% Test OOD1: 60.51% Test OOD2: 50.51% Test OOD3: 59.01% 
Epoch: 179, Loss: 0.0755, Train: 99.97%, Valid: 67.62%, Test In: 68.84% Test OOD1: 60.78% Test OOD2: 50.55% Test OOD3: 59.18% 
Epoch: 180, Loss: 0.0770, Train: 99.97%, Valid: 67.67%, Test In: 68.81% Test OOD1: 61.13% Test OOD2: 50.64% Test OOD3: 59.42% 
Epoch: 181, Loss: 0.0782, Train: 99.98%, Valid: 67.68%, Test In: 68.81% Test OOD1: 61.08% Test OOD2: 50.75% Test OOD3: 59.44% 
Epoch: 182, Loss: 0.0760, Train: 99.98%, Valid: 67.82%, Test In: 68.95% Test OOD1: 60.97% Test OOD2: 50.74% Test OOD3: 59.35% 
Epoch: 183, Loss: 0.0736, Train: 99.99%, Valid: 67.83%, Test In: 68.97% Test OOD1: 60.90% Test OOD2: 50.69% Test OOD3: 59.24% 
Epoch: 184, Loss: 0.0726, Train: 99.99%, Valid: 67.77%, Test In: 68.91% Test OOD1: 60.88% Test OOD2: 50.71% Test OOD3: 59.21% 
Epoch: 185, Loss: 0.0751, Train: 99.99%, Valid: 67.91%, Test In: 69.08% Test OOD1: 60.84% Test OOD2: 50.69% Test OOD3: 59.30% 
Epoch: 186, Loss: 0.0702, Train: 99.99%, Valid: 67.96%, Test In: 69.11% Test OOD1: 60.72% Test OOD2: 50.68% Test OOD3: 59.32% 
Epoch: 187, Loss: 0.0715, Train: 99.99%, Valid: 67.89%, Test In: 69.01% Test OOD1: 60.49% Test OOD2: 50.62% Test OOD3: 59.20% 
Epoch: 188, Loss: 0.0742, Train: 99.99%, Valid: 67.92%, Test In: 69.05% Test OOD1: 60.49% Test OOD2: 50.47% Test OOD3: 59.06% 
Epoch: 189, Loss: 0.0708, Train: 99.99%, Valid: 67.88%, Test In: 68.99% Test OOD1: 60.61% Test OOD2: 50.38% Test OOD3: 58.93% 
Epoch: 190, Loss: 0.0692, Train: 99.99%, Valid: 67.77%, Test In: 68.85% Test OOD1: 60.67% Test OOD2: 50.36% Test OOD3: 58.95% 
Epoch: 191, Loss: 0.0723, Train: 99.99%, Valid: 67.77%, Test In: 68.89% Test OOD1: 60.72% Test OOD2: 50.40% Test OOD3: 59.02% 
Epoch: 192, Loss: 0.0749, Train: 99.99%, Valid: 67.88%, Test In: 69.11% Test OOD1: 60.82% Test OOD2: 50.47% Test OOD3: 59.15% 
Epoch: 193, Loss: 0.0737, Train: 99.99%, Valid: 67.84%, Test In: 69.05% Test OOD1: 60.75% Test OOD2: 50.54% Test OOD3: 59.20% 
Epoch: 194, Loss: 0.0713, Train: 99.99%, Valid: 67.90%, Test In: 69.13% Test OOD1: 60.87% Test OOD2: 50.57% Test OOD3: 59.25% 
Epoch: 195, Loss: 0.0747, Train: 99.99%, Valid: 67.94%, Test In: 69.18% Test OOD1: 60.84% Test OOD2: 50.58% Test OOD3: 59.11% 
Epoch: 196, Loss: 0.0672, Train: 100.00%, Valid: 67.96%, Test In: 69.16% Test OOD1: 60.89% Test OOD2: 50.57% Test OOD3: 59.01% 
Epoch: 197, Loss: 0.0709, Train: 100.00%, Valid: 67.98%, Test In: 69.12% Test OOD1: 60.88% Test OOD2: 50.57% Test OOD3: 59.03% 
Epoch: 198, Loss: 0.0683, Train: 100.00%, Valid: 68.01%, Test In: 69.13% Test OOD1: 60.70% Test OOD2: 50.59% Test OOD3: 59.05% 
Epoch: 199, Loss: 0.0658, Train: 99.99%, Valid: 68.08%, Test In: 69.21% Test OOD1: 60.72% Test OOD2: 50.68% Test OOD3: 59.17% 
Run 01:
Highest Train: 100.00
Highest Valid: 69.33
Highest In Test: 70.26
Highest OOD Test: 65.83
Highest OOD Test: 53.38
Highest OOD Test: 63.27
Chosen epoch: 28
Final Train: 77.25
Final In Test: 70.26
Final OOD Test: 64.84
Final OOD Test: 53.29
Final OOD Test: 63.21
Epoch: 00, Loss: 0.7662, Train: 51.22%, Valid: 49.35%, Test In: 49.71% Test OOD1: 46.34% Test OOD2: 51.07% Test OOD3: 50.10% 
Epoch: 01, Loss: 0.7616, Train: 48.04%, Valid: 46.82%, Test In: 47.56% Test OOD1: 43.38% Test OOD2: 50.72% Test OOD3: 48.09% 
Epoch: 02, Loss: 0.7561, Train: 46.39%, Valid: 45.59%, Test In: 46.44% Test OOD1: 42.40% Test OOD2: 50.52% Test OOD3: 47.16% 
Epoch: 03, Loss: 0.7484, Train: 46.07%, Valid: 45.42%, Test In: 46.28% Test OOD1: 42.22% Test OOD2: 50.48% Test OOD3: 46.92% 
Epoch: 04, Loss: 0.7400, Train: 52.36%, Valid: 50.65%, Test In: 51.42% Test OOD1: 44.34% Test OOD2: 50.98% Test OOD3: 49.00% 
Epoch: 05, Loss: 0.7320, Train: 69.71%, Valid: 65.78%, Test In: 66.34% Test OOD1: 53.88% Test OOD2: 52.43% Test OOD3: 56.57% 
Epoch: 06, Loss: 0.7242, Train: 67.36%, Valid: 63.46%, Test In: 64.02% Test OOD1: 51.87% Test OOD2: 52.35% Test OOD3: 55.10% 
Epoch: 07, Loss: 0.7138, Train: 55.70%, Valid: 53.19%, Test In: 54.14% Test OOD1: 45.97% Test OOD2: 51.43% Test OOD3: 50.29% 
Epoch: 08, Loss: 0.7056, Train: 50.98%, Valid: 49.10%, Test In: 50.18% Test OOD1: 44.27% Test OOD2: 51.06% Test OOD3: 48.73% 
Epoch: 09, Loss: 0.7025, Train: 53.22%, Valid: 50.71%, Test In: 51.87% Test OOD1: 45.37% Test OOD2: 51.39% Test OOD3: 49.78% 
Epoch: 10, Loss: 0.7020, Train: 61.83%, Valid: 57.73%, Test In: 58.76% Test OOD1: 50.34% Test OOD2: 52.48% Test OOD3: 54.12% 
Epoch: 11, Loss: 0.6973, Train: 70.87%, Valid: 65.64%, Test In: 66.62% Test OOD1: 59.79% Test OOD2: 53.28% Test OOD3: 60.77% 
Epoch: 12, Loss: 0.6892, Train: 72.09%, Valid: 67.23%, Test In: 68.29% Test OOD1: 64.89% Test OOD2: 52.74% Test OOD3: 62.28% 
Epoch: 13, Loss: 0.6806, Train: 70.55%, Valid: 66.31%, Test In: 66.94% Test OOD1: 65.06% Test OOD2: 52.19% Test OOD3: 61.59% 
Epoch: 14, Loss: 0.6750, Train: 69.48%, Valid: 65.62%, Test In: 66.02% Test OOD1: 64.64% Test OOD2: 51.98% Test OOD3: 61.24% 
Epoch: 15, Loss: 0.6690, Train: 69.27%, Valid: 65.44%, Test In: 65.77% Test OOD1: 64.50% Test OOD2: 51.93% Test OOD3: 61.19% 
Epoch: 16, Loss: 0.6618, Train: 69.52%, Valid: 65.55%, Test In: 65.89% Test OOD1: 64.55% Test OOD2: 51.97% Test OOD3: 61.29% 
Epoch: 17, Loss: 0.6558, Train: 70.03%, Valid: 65.84%, Test In: 66.22% Test OOD1: 64.64% Test OOD2: 52.03% Test OOD3: 61.42% 
Epoch: 18, Loss: 0.6482, Train: 70.64%, Valid: 66.16%, Test In: 66.60% Test OOD1: 64.72% Test OOD2: 52.11% Test OOD3: 61.54% 
Epoch: 19, Loss: 0.6397, Train: 71.21%, Valid: 66.46%, Test In: 66.96% Test OOD1: 64.79% Test OOD2: 52.17% Test OOD3: 61.68% 
Epoch: 20, Loss: 0.6341, Train: 71.78%, Valid: 66.79%, Test In: 67.35% Test OOD1: 64.91% Test OOD2: 52.24% Test OOD3: 61.87% 
Epoch: 21, Loss: 0.6258, Train: 72.36%, Valid: 67.13%, Test In: 67.75% Test OOD1: 65.02% Test OOD2: 52.33% Test OOD3: 62.03% 
Epoch: 22, Loss: 0.6205, Train: 73.01%, Valid: 67.37%, Test In: 68.07% Test OOD1: 64.89% Test OOD2: 52.52% Test OOD3: 62.12% 
Epoch: 23, Loss: 0.6131, Train: 73.66%, Valid: 67.53%, Test In: 68.30% Test OOD1: 64.63% Test OOD2: 52.72% Test OOD3: 62.14% 
Epoch: 24, Loss: 0.6044, Train: 74.46%, Valid: 68.02%, Test In: 68.79% Test OOD1: 64.78% Test OOD2: 52.84% Test OOD3: 62.37% 
Epoch: 25, Loss: 0.5960, Train: 75.08%, Valid: 68.32%, Test In: 69.11% Test OOD1: 64.72% Test OOD2: 53.03% Test OOD3: 62.53% 
Epoch: 26, Loss: 0.5895, Train: 75.40%, Valid: 68.03%, Test In: 68.91% Test OOD1: 63.98% Test OOD2: 53.29% Test OOD3: 62.34% 
Epoch: 27, Loss: 0.5860, Train: 76.02%, Valid: 68.36%, Test In: 69.21% Test OOD1: 63.99% Test OOD2: 53.39% Test OOD3: 62.48% 
Epoch: 28, Loss: 0.5783, Train: 76.68%, Valid: 68.66%, Test In: 69.48% Test OOD1: 63.94% Test OOD2: 53.48% Test OOD3: 62.61% 
Epoch: 29, Loss: 0.5729, Train: 76.96%, Valid: 68.29%, Test In: 69.15% Test OOD1: 63.14% Test OOD2: 53.56% Test OOD3: 62.32% 
Epoch: 30, Loss: 0.5671, Train: 77.35%, Valid: 68.70%, Test In: 69.52% Test OOD1: 63.74% Test OOD2: 53.53% Test OOD3: 62.51% 
Epoch: 31, Loss: 0.5586, Train: 77.79%, Valid: 68.53%, Test In: 69.33% Test OOD1: 63.26% Test OOD2: 53.53% Test OOD3: 62.32% 
Epoch: 32, Loss: 0.5531, Train: 78.36%, Valid: 68.51%, Test In: 69.32% Test OOD1: 62.99% Test OOD2: 53.50% Test OOD3: 62.24% 
Epoch: 33, Loss: 0.5480, Train: 78.84%, Valid: 68.72%, Test In: 69.53% Test OOD1: 63.31% Test OOD2: 53.44% Test OOD3: 62.35% 
Epoch: 34, Loss: 0.5411, Train: 79.03%, Valid: 68.44%, Test In: 69.27% Test OOD1: 62.98% Test OOD2: 53.36% Test OOD3: 62.07% 
Epoch: 35, Loss: 0.5333, Train: 79.38%, Valid: 68.25%, Test In: 69.12% Test OOD1: 62.71% Test OOD2: 53.29% Test OOD3: 61.85% 
Epoch: 36, Loss: 0.5298, Train: 80.01%, Valid: 68.37%, Test In: 69.33% Test OOD1: 62.94% Test OOD2: 53.22% Test OOD3: 61.93% 
Epoch: 37, Loss: 0.5221, Train: 80.35%, Valid: 68.16%, Test In: 69.15% Test OOD1: 62.69% Test OOD2: 53.11% Test OOD3: 61.70% 
Epoch: 38, Loss: 0.5147, Train: 80.30%, Valid: 67.71%, Test In: 68.67% Test OOD1: 62.28% Test OOD2: 52.98% Test OOD3: 61.28% 
Epoch: 39, Loss: 0.5089, Train: 80.74%, Valid: 67.74%, Test In: 68.73% Test OOD1: 62.41% Test OOD2: 52.92% Test OOD3: 61.30% 
Epoch: 40, Loss: 0.5022, Train: 81.38%, Valid: 67.50%, Test In: 68.54% Test OOD1: 61.90% Test OOD2: 52.96% Test OOD3: 61.08% 
Epoch: 41, Loss: 0.4957, Train: 81.75%, Valid: 67.45%, Test In: 68.50% Test OOD1: 61.89% Test OOD2: 52.92% Test OOD3: 61.05% 
Epoch: 42, Loss: 0.4924, Train: 81.89%, Valid: 67.33%, Test In: 68.36% Test OOD1: 61.88% Test OOD2: 52.82% Test OOD3: 60.99% 
Epoch: 43, Loss: 0.4818, Train: 82.22%, Valid: 67.09%, Test In: 68.11% Test OOD1: 61.61% Test OOD2: 52.78% Test OOD3: 60.82% 
Epoch: 44, Loss: 0.4749, Train: 82.65%, Valid: 67.22%, Test In: 68.23% Test OOD1: 61.82% Test OOD2: 52.76% Test OOD3: 60.92% 
Epoch: 45, Loss: 0.4756, Train: 83.16%, Valid: 67.49%, Test In: 68.43% Test OOD1: 62.00% Test OOD2: 52.71% Test OOD3: 61.04% 
Epoch: 46, Loss: 0.4670, Train: 83.48%, Valid: 67.11%, Test In: 68.12% Test OOD1: 61.52% Test OOD2: 52.61% Test OOD3: 60.73% 
Epoch: 47, Loss: 0.4629, Train: 83.64%, Valid: 67.54%, Test In: 68.58% Test OOD1: 62.14% Test OOD2: 52.49% Test OOD3: 61.05% 
Epoch: 48, Loss: 0.4571, Train: 84.20%, Valid: 67.15%, Test In: 68.29% Test OOD1: 61.49% Test OOD2: 52.45% Test OOD3: 60.71% 
Epoch: 49, Loss: 0.4542, Train: 84.63%, Valid: 67.12%, Test In: 68.28% Test OOD1: 61.24% Test OOD2: 52.39% Test OOD3: 60.61% 
Epoch: 50, Loss: 0.4459, Train: 84.70%, Valid: 67.48%, Test In: 68.66% Test OOD1: 61.84% Test OOD2: 52.29% Test OOD3: 60.92% 
Epoch: 51, Loss: 0.4407, Train: 85.04%, Valid: 67.01%, Test In: 68.28% Test OOD1: 61.33% Test OOD2: 52.22% Test OOD3: 60.58% 
Epoch: 52, Loss: 0.4278, Train: 85.31%, Valid: 66.72%, Test In: 68.03% Test OOD1: 61.07% Test OOD2: 52.13% Test OOD3: 60.32% 
Epoch: 53, Loss: 0.4288, Train: 85.80%, Valid: 67.25%, Test In: 68.54% Test OOD1: 61.71% Test OOD2: 52.11% Test OOD3: 60.64% 
Epoch: 54, Loss: 0.4244, Train: 86.17%, Valid: 67.03%, Test In: 68.34% Test OOD1: 61.43% Test OOD2: 52.01% Test OOD3: 60.33% 
Epoch: 55, Loss: 0.4170, Train: 86.39%, Valid: 66.69%, Test In: 68.08% Test OOD1: 61.22% Test OOD2: 51.96% Test OOD3: 60.04% 
Epoch: 56, Loss: 0.4118, Train: 86.55%, Valid: 67.00%, Test In: 68.38% Test OOD1: 61.58% Test OOD2: 51.96% Test OOD3: 60.23% 
Epoch: 57, Loss: 0.4077, Train: 86.71%, Valid: 67.20%, Test In: 68.52% Test OOD1: 61.53% Test OOD2: 51.86% Test OOD3: 60.21% 
Epoch: 58, Loss: 0.4030, Train: 87.59%, Valid: 66.88%, Test In: 68.25% Test OOD1: 61.18% Test OOD2: 51.98% Test OOD3: 59.97% 
Epoch: 59, Loss: 0.3933, Train: 87.57%, Valid: 67.05%, Test In: 68.43% Test OOD1: 61.18% Test OOD2: 51.87% Test OOD3: 60.02% 
Epoch: 60, Loss: 0.3860, Train: 87.53%, Valid: 67.18%, Test In: 68.58% Test OOD1: 61.36% Test OOD2: 51.80% Test OOD3: 60.22% 
Epoch: 61, Loss: 0.3833, Train: 88.04%, Valid: 66.80%, Test In: 68.25% Test OOD1: 61.09% Test OOD2: 51.80% Test OOD3: 60.02% 
Epoch: 62, Loss: 0.3818, Train: 88.38%, Valid: 66.88%, Test In: 68.35% Test OOD1: 60.98% Test OOD2: 51.73% Test OOD3: 59.96% 
Epoch: 63, Loss: 0.3739, Train: 88.38%, Valid: 67.16%, Test In: 68.63% Test OOD1: 61.00% Test OOD2: 51.67% Test OOD3: 59.96% 
Epoch: 64, Loss: 0.3714, Train: 89.26%, Valid: 66.98%, Test In: 68.41% Test OOD1: 60.86% Test OOD2: 51.73% Test OOD3: 59.81% 
Epoch: 65, Loss: 0.3663, Train: 89.20%, Valid: 67.05%, Test In: 68.45% Test OOD1: 60.70% Test OOD2: 51.64% Test OOD3: 59.65% 
Epoch: 66, Loss: 0.3599, Train: 89.23%, Valid: 67.29%, Test In: 68.63% Test OOD1: 60.97% Test OOD2: 51.63% Test OOD3: 59.83% 
Epoch: 67, Loss: 0.3552, Train: 89.78%, Valid: 67.13%, Test In: 68.49% Test OOD1: 61.11% Test OOD2: 51.65% Test OOD3: 59.92% 
Epoch: 68, Loss: 0.3510, Train: 89.59%, Valid: 67.27%, Test In: 68.61% Test OOD1: 61.02% Test OOD2: 51.58% Test OOD3: 59.83% 
Epoch: 69, Loss: 0.3404, Train: 89.88%, Valid: 67.34%, Test In: 68.78% Test OOD1: 61.14% Test OOD2: 51.56% Test OOD3: 59.95% 
Epoch: 70, Loss: 0.3387, Train: 90.60%, Valid: 67.23%, Test In: 68.79% Test OOD1: 61.19% Test OOD2: 51.63% Test OOD3: 60.07% 
Epoch: 71, Loss: 0.3288, Train: 90.50%, Valid: 67.22%, Test In: 68.88% Test OOD1: 60.75% Test OOD2: 51.60% Test OOD3: 59.83% 
Epoch: 72, Loss: 0.3300, Train: 91.03%, Valid: 67.19%, Test In: 68.93% Test OOD1: 60.91% Test OOD2: 51.69% Test OOD3: 60.00% 
Epoch: 73, Loss: 0.3238, Train: 91.55%, Valid: 67.02%, Test In: 68.80% Test OOD1: 60.75% Test OOD2: 51.75% Test OOD3: 59.83% 
Epoch: 74, Loss: 0.3159, Train: 91.20%, Valid: 67.18%, Test In: 68.97% Test OOD1: 60.37% Test OOD2: 51.64% Test OOD3: 59.42% 
Epoch: 75, Loss: 0.3205, Train: 92.15%, Valid: 66.99%, Test In: 68.77% Test OOD1: 60.93% Test OOD2: 51.74% Test OOD3: 59.73% 
Epoch: 76, Loss: 0.3069, Train: 92.35%, Valid: 66.88%, Test In: 68.57% Test OOD1: 60.87% Test OOD2: 51.68% Test OOD3: 59.54% 
Epoch: 77, Loss: 0.3074, Train: 91.82%, Valid: 67.42%, Test In: 69.00% Test OOD1: 61.04% Test OOD2: 51.49% Test OOD3: 59.62% 
Epoch: 78, Loss: 0.3056, Train: 93.07%, Valid: 66.78%, Test In: 68.43% Test OOD1: 60.87% Test OOD2: 51.48% Test OOD3: 59.40% 
Epoch: 79, Loss: 0.3077, Train: 92.76%, Valid: 67.45%, Test In: 69.09% Test OOD1: 61.73% Test OOD2: 51.42% Test OOD3: 60.15% 
Epoch: 80, Loss: 0.3042, Train: 92.90%, Valid: 67.51%, Test In: 69.15% Test OOD1: 61.19% Test OOD2: 51.40% Test OOD3: 59.80% 
Epoch: 81, Loss: 0.2784, Train: 93.18%, Valid: 67.05%, Test In: 68.70% Test OOD1: 60.63% Test OOD2: 51.39% Test OOD3: 59.41% 
Epoch: 82, Loss: 0.2942, Train: 93.67%, Valid: 67.38%, Test In: 69.05% Test OOD1: 61.30% Test OOD2: 51.44% Test OOD3: 59.82% 
Epoch: 83, Loss: 0.2686, Train: 93.73%, Valid: 67.48%, Test In: 69.15% Test OOD1: 61.39% Test OOD2: 51.41% Test OOD3: 59.79% 
Epoch: 84, Loss: 0.2763, Train: 93.93%, Valid: 67.25%, Test In: 68.86% Test OOD1: 60.61% Test OOD2: 51.36% Test OOD3: 59.13% 
Epoch: 85, Loss: 0.2600, Train: 94.27%, Valid: 67.10%, Test In: 68.67% Test OOD1: 60.65% Test OOD2: 51.34% Test OOD3: 59.05% 
Epoch: 86, Loss: 0.2627, Train: 94.38%, Valid: 67.33%, Test In: 68.87% Test OOD1: 61.22% Test OOD2: 51.38% Test OOD3: 59.45% 
Epoch: 87, Loss: 0.2580, Train: 94.62%, Valid: 67.28%, Test In: 68.92% Test OOD1: 61.01% Test OOD2: 51.34% Test OOD3: 59.38% 
Epoch: 88, Loss: 0.2514, Train: 94.89%, Valid: 66.99%, Test In: 68.69% Test OOD1: 60.50% Test OOD2: 51.30% Test OOD3: 59.07% 
Epoch: 89, Loss: 0.2468, Train: 95.17%, Valid: 66.96%, Test In: 68.67% Test OOD1: 60.82% Test OOD2: 51.35% Test OOD3: 59.32% 
Epoch: 90, Loss: 0.2406, Train: 95.14%, Valid: 67.12%, Test In: 68.89% Test OOD1: 61.29% Test OOD2: 51.35% Test OOD3: 59.73% 
Epoch: 91, Loss: 0.2437, Train: 95.33%, Valid: 67.11%, Test In: 68.83% Test OOD1: 61.22% Test OOD2: 51.34% Test OOD3: 59.68% 
Epoch: 92, Loss: 0.2318, Train: 95.53%, Valid: 67.01%, Test In: 68.58% Test OOD1: 60.84% Test OOD2: 51.28% Test OOD3: 59.37% 
Epoch: 93, Loss: 0.2312, Train: 95.94%, Valid: 67.11%, Test In: 68.69% Test OOD1: 61.07% Test OOD2: 51.26% Test OOD3: 59.49% 
Epoch: 94, Loss: 0.2196, Train: 95.98%, Valid: 67.33%, Test In: 68.91% Test OOD1: 61.26% Test OOD2: 51.21% Test OOD3: 59.57% 
Epoch: 95, Loss: 0.2240, Train: 96.19%, Valid: 67.31%, Test In: 68.89% Test OOD1: 60.91% Test OOD2: 51.18% Test OOD3: 59.21% 
Epoch: 96, Loss: 0.2129, Train: 96.43%, Valid: 67.16%, Test In: 68.65% Test OOD1: 60.79% Test OOD2: 51.19% Test OOD3: 59.03% 
Epoch: 97, Loss: 0.2185, Train: 96.58%, Valid: 67.27%, Test In: 68.82% Test OOD1: 61.14% Test OOD2: 51.23% Test OOD3: 59.32% 
Epoch: 98, Loss: 0.2100, Train: 96.62%, Valid: 67.31%, Test In: 68.87% Test OOD1: 61.37% Test OOD2: 51.20% Test OOD3: 59.52% 
Epoch: 99, Loss: 0.2056, Train: 96.80%, Valid: 67.25%, Test In: 68.80% Test OOD1: 61.25% Test OOD2: 51.17% Test OOD3: 59.48% 
Epoch: 100, Loss: 0.2003, Train: 97.00%, Valid: 67.12%, Test In: 68.76% Test OOD1: 61.10% Test OOD2: 51.16% Test OOD3: 59.33% 
Epoch: 101, Loss: 0.2041, Train: 97.27%, Valid: 67.19%, Test In: 68.91% Test OOD1: 61.45% Test OOD2: 51.18% Test OOD3: 59.42% 
Epoch: 102, Loss: 0.1971, Train: 97.45%, Valid: 67.20%, Test In: 68.86% Test OOD1: 61.63% Test OOD2: 51.19% Test OOD3: 59.32% 
Epoch: 103, Loss: 0.1911, Train: 97.66%, Valid: 67.17%, Test In: 68.70% Test OOD1: 61.37% Test OOD2: 51.18% Test OOD3: 58.89% 
Epoch: 104, Loss: 0.1880, Train: 97.84%, Valid: 67.19%, Test In: 68.70% Test OOD1: 61.31% Test OOD2: 51.15% Test OOD3: 58.77% 
Epoch: 105, Loss: 0.1857, Train: 97.97%, Valid: 67.25%, Test In: 68.84% Test OOD1: 61.54% Test OOD2: 51.17% Test OOD3: 58.89% 
Epoch: 106, Loss: 0.1810, Train: 98.18%, Valid: 67.14%, Test In: 68.80% Test OOD1: 61.64% Test OOD2: 51.21% Test OOD3: 58.94% 
Epoch: 107, Loss: 0.1739, Train: 98.26%, Valid: 67.05%, Test In: 68.82% Test OOD1: 61.58% Test OOD2: 51.17% Test OOD3: 58.85% 
Epoch: 108, Loss: 0.1740, Train: 98.25%, Valid: 67.18%, Test In: 69.07% Test OOD1: 61.64% Test OOD2: 51.17% Test OOD3: 58.95% 
Epoch: 109, Loss: 0.1670, Train: 98.38%, Valid: 67.18%, Test In: 69.11% Test OOD1: 61.59% Test OOD2: 51.19% Test OOD3: 58.96% 
Epoch: 110, Loss: 0.1750, Train: 98.70%, Valid: 66.96%, Test In: 68.80% Test OOD1: 61.38% Test OOD2: 51.21% Test OOD3: 58.78% 
Epoch: 111, Loss: 0.1649, Train: 98.71%, Valid: 67.08%, Test In: 68.79% Test OOD1: 61.22% Test OOD2: 51.16% Test OOD3: 58.70% 
Epoch: 112, Loss: 0.1604, Train: 98.65%, Valid: 67.17%, Test In: 68.91% Test OOD1: 61.30% Test OOD2: 51.14% Test OOD3: 58.86% 
Epoch: 113, Loss: 0.1595, Train: 98.81%, Valid: 66.91%, Test In: 68.67% Test OOD1: 61.41% Test OOD2: 51.13% Test OOD3: 58.78% 
Epoch: 114, Loss: 0.1543, Train: 98.95%, Valid: 66.68%, Test In: 68.51% Test OOD1: 61.52% Test OOD2: 51.13% Test OOD3: 58.70% 
Epoch: 115, Loss: 0.1501, Train: 98.93%, Valid: 66.81%, Test In: 68.69% Test OOD1: 61.46% Test OOD2: 51.12% Test OOD3: 58.67% 
Epoch: 116, Loss: 0.1532, Train: 99.06%, Valid: 66.77%, Test In: 68.66% Test OOD1: 61.33% Test OOD2: 51.12% Test OOD3: 58.55% 
Epoch: 117, Loss: 0.1455, Train: 99.26%, Valid: 66.56%, Test In: 68.35% Test OOD1: 61.42% Test OOD2: 51.17% Test OOD3: 58.54% 
Epoch: 118, Loss: 0.1434, Train: 99.24%, Valid: 66.79%, Test In: 68.61% Test OOD1: 61.25% Test OOD2: 51.18% Test OOD3: 58.59% 
Epoch: 119, Loss: 0.1408, Train: 99.25%, Valid: 66.88%, Test In: 68.70% Test OOD1: 61.02% Test OOD2: 51.18% Test OOD3: 58.54% 
Epoch: 120, Loss: 0.1407, Train: 99.38%, Valid: 66.61%, Test In: 68.41% Test OOD1: 61.21% Test OOD2: 51.19% Test OOD3: 58.65% 
Epoch: 121, Loss: 0.1376, Train: 99.35%, Valid: 66.59%, Test In: 68.48% Test OOD1: 61.52% Test OOD2: 51.19% Test OOD3: 58.87% 
Epoch: 122, Loss: 0.1335, Train: 99.36%, Valid: 66.79%, Test In: 68.55% Test OOD1: 61.39% Test OOD2: 51.17% Test OOD3: 58.86% 
Epoch: 123, Loss: 0.1367, Train: 99.44%, Valid: 66.79%, Test In: 68.42% Test OOD1: 61.32% Test OOD2: 51.22% Test OOD3: 58.88% 
Epoch: 124, Loss: 0.1311, Train: 99.51%, Valid: 66.87%, Test In: 68.39% Test OOD1: 61.41% Test OOD2: 51.32% Test OOD3: 58.89% 
Epoch: 125, Loss: 0.1282, Train: 99.57%, Valid: 67.03%, Test In: 68.38% Test OOD1: 61.27% Test OOD2: 51.32% Test OOD3: 58.75% 
Epoch: 126, Loss: 0.1264, Train: 99.62%, Valid: 67.00%, Test In: 68.25% Test OOD1: 61.00% Test OOD2: 51.28% Test OOD3: 58.49% 
Epoch: 127, Loss: 0.1303, Train: 99.67%, Valid: 66.87%, Test In: 68.19% Test OOD1: 61.43% Test OOD2: 51.26% Test OOD3: 58.61% 
Epoch: 128, Loss: 0.1217, Train: 99.69%, Valid: 66.75%, Test In: 68.16% Test OOD1: 61.48% Test OOD2: 51.24% Test OOD3: 58.66% 
Epoch: 129, Loss: 0.1249, Train: 99.70%, Valid: 66.67%, Test In: 68.04% Test OOD1: 61.43% Test OOD2: 51.17% Test OOD3: 58.61% 
Epoch: 130, Loss: 0.1237, Train: 99.68%, Valid: 66.84%, Test In: 68.32% Test OOD1: 61.60% Test OOD2: 51.23% Test OOD3: 58.90% 
Epoch: 131, Loss: 0.1201, Train: 99.73%, Valid: 66.75%, Test In: 68.27% Test OOD1: 61.60% Test OOD2: 51.27% Test OOD3: 59.03% 
Epoch: 132, Loss: 0.1159, Train: 99.78%, Valid: 66.61%, Test In: 68.08% Test OOD1: 61.44% Test OOD2: 51.27% Test OOD3: 59.04% 
Epoch: 133, Loss: 0.1184, Train: 99.77%, Valid: 66.80%, Test In: 68.36% Test OOD1: 61.41% Test OOD2: 51.32% Test OOD3: 59.09% 
Epoch: 134, Loss: 0.1199, Train: 99.77%, Valid: 66.79%, Test In: 68.40% Test OOD1: 61.46% Test OOD2: 51.30% Test OOD3: 59.14% 
Epoch: 135, Loss: 0.1150, Train: 99.82%, Valid: 66.56%, Test In: 68.20% Test OOD1: 61.39% Test OOD2: 51.24% Test OOD3: 59.10% 
Epoch: 136, Loss: 0.1131, Train: 99.83%, Valid: 66.69%, Test In: 68.46% Test OOD1: 61.21% Test OOD2: 51.21% Test OOD3: 59.16% 
Epoch: 137, Loss: 0.1084, Train: 99.82%, Valid: 66.74%, Test In: 68.60% Test OOD1: 61.04% Test OOD2: 51.20% Test OOD3: 59.20% 
Epoch: 138, Loss: 0.1106, Train: 99.88%, Valid: 66.41%, Test In: 68.23% Test OOD1: 61.06% Test OOD2: 51.18% Test OOD3: 59.17% 
Epoch: 139, Loss: 0.1139, Train: 99.88%, Valid: 66.53%, Test In: 68.34% Test OOD1: 60.93% Test OOD2: 51.20% Test OOD3: 59.09% 
Epoch: 140, Loss: 0.1034, Train: 99.89%, Valid: 66.59%, Test In: 68.38% Test OOD1: 60.84% Test OOD2: 51.19% Test OOD3: 58.95% 
Epoch: 141, Loss: 0.1072, Train: 99.90%, Valid: 66.53%, Test In: 68.20% Test OOD1: 60.78% Test OOD2: 51.17% Test OOD3: 58.79% 
Epoch: 142, Loss: 0.1061, Train: 99.89%, Valid: 66.64%, Test In: 68.30% Test OOD1: 60.97% Test OOD2: 51.19% Test OOD3: 58.81% 
Epoch: 143, Loss: 0.1068, Train: 99.92%, Valid: 66.57%, Test In: 68.14% Test OOD1: 60.77% Test OOD2: 51.20% Test OOD3: 58.56% 
Epoch: 144, Loss: 0.1025, Train: 99.93%, Valid: 66.41%, Test In: 67.88% Test OOD1: 60.81% Test OOD2: 51.19% Test OOD3: 58.45% 
Epoch: 145, Loss: 0.1039, Train: 99.93%, Valid: 66.53%, Test In: 67.99% Test OOD1: 61.13% Test OOD2: 51.23% Test OOD3: 58.60% 
Epoch: 146, Loss: 0.0995, Train: 99.92%, Valid: 66.72%, Test In: 68.14% Test OOD1: 61.20% Test OOD2: 51.31% Test OOD3: 58.78% 
Epoch: 147, Loss: 0.0951, Train: 99.92%, Valid: 66.84%, Test In: 68.22% Test OOD1: 61.18% Test OOD2: 51.38% Test OOD3: 58.95% 
Epoch: 148, Loss: 0.1029, Train: 99.94%, Valid: 66.97%, Test In: 68.39% Test OOD1: 61.13% Test OOD2: 51.40% Test OOD3: 59.03% 
Epoch: 149, Loss: 0.0965, Train: 99.96%, Valid: 66.87%, Test In: 68.26% Test OOD1: 60.91% Test OOD2: 51.39% Test OOD3: 58.94% 
Epoch: 150, Loss: 0.0979, Train: 99.97%, Valid: 66.85%, Test In: 68.19% Test OOD1: 60.89% Test OOD2: 51.34% Test OOD3: 58.93% 
Epoch: 151, Loss: 0.0931, Train: 99.96%, Valid: 66.81%, Test In: 68.16% Test OOD1: 61.17% Test OOD2: 51.28% Test OOD3: 59.08% 
Epoch: 152, Loss: 0.0949, Train: 99.95%, Valid: 66.90%, Test In: 68.24% Test OOD1: 61.39% Test OOD2: 51.26% Test OOD3: 59.23% 
Epoch: 153, Loss: 0.0946, Train: 99.95%, Valid: 66.94%, Test In: 68.17% Test OOD1: 61.17% Test OOD2: 51.26% Test OOD3: 59.13% 
Epoch: 154, Loss: 0.0958, Train: 99.96%, Valid: 66.91%, Test In: 68.05% Test OOD1: 61.20% Test OOD2: 51.27% Test OOD3: 59.12% 
Epoch: 155, Loss: 0.0925, Train: 99.96%, Valid: 67.05%, Test In: 68.15% Test OOD1: 60.92% Test OOD2: 51.28% Test OOD3: 58.99% 
Epoch: 156, Loss: 0.0916, Train: 99.97%, Valid: 67.01%, Test In: 68.08% Test OOD1: 60.83% Test OOD2: 51.28% Test OOD3: 58.93% 
Epoch: 157, Loss: 0.0937, Train: 99.97%, Valid: 67.02%, Test In: 68.14% Test OOD1: 61.21% Test OOD2: 51.24% Test OOD3: 59.00% 
Epoch: 158, Loss: 0.0913, Train: 99.97%, Valid: 67.05%, Test In: 68.18% Test OOD1: 61.35% Test OOD2: 51.26% Test OOD3: 58.98% 
Epoch: 159, Loss: 0.0905, Train: 99.97%, Valid: 67.08%, Test In: 68.17% Test OOD1: 61.39% Test OOD2: 51.29% Test OOD3: 58.85% 
Epoch: 160, Loss: 0.0869, Train: 99.97%, Valid: 67.14%, Test In: 68.23% Test OOD1: 61.83% Test OOD2: 51.28% Test OOD3: 58.93% 
Epoch: 161, Loss: 0.0879, Train: 99.98%, Valid: 67.06%, Test In: 68.18% Test OOD1: 62.02% Test OOD2: 51.27% Test OOD3: 58.95% 
Epoch: 162, Loss: 0.0905, Train: 99.98%, Valid: 67.11%, Test In: 68.29% Test OOD1: 61.84% Test OOD2: 51.25% Test OOD3: 58.84% 
Epoch: 163, Loss: 0.0856, Train: 99.97%, Valid: 67.14%, Test In: 68.45% Test OOD1: 61.90% Test OOD2: 51.19% Test OOD3: 58.86% 
Epoch: 164, Loss: 0.0883, Train: 99.98%, Valid: 66.82%, Test In: 68.15% Test OOD1: 61.85% Test OOD2: 51.15% Test OOD3: 58.73% 
Epoch: 165, Loss: 0.0911, Train: 99.97%, Valid: 66.93%, Test In: 68.31% Test OOD1: 61.79% Test OOD2: 51.15% Test OOD3: 58.84% 
Epoch: 166, Loss: 0.0863, Train: 99.98%, Valid: 67.04%, Test In: 68.41% Test OOD1: 61.31% Test OOD2: 51.22% Test OOD3: 58.71% 
Epoch: 167, Loss: 0.0835, Train: 99.99%, Valid: 66.88%, Test In: 68.21% Test OOD1: 61.32% Test OOD2: 51.22% Test OOD3: 58.66% 
Epoch: 168, Loss: 0.0882, Train: 99.99%, Valid: 66.98%, Test In: 68.29% Test OOD1: 61.56% Test OOD2: 51.21% Test OOD3: 58.74% 
Epoch: 169, Loss: 0.0875, Train: 99.99%, Valid: 66.88%, Test In: 68.07% Test OOD1: 61.53% Test OOD2: 51.22% Test OOD3: 58.71% 
Epoch: 170, Loss: 0.0838, Train: 99.99%, Valid: 66.99%, Test In: 68.12% Test OOD1: 61.41% Test OOD2: 51.26% Test OOD3: 58.74% 
Epoch: 171, Loss: 0.0898, Train: 99.99%, Valid: 67.06%, Test In: 68.22% Test OOD1: 61.70% Test OOD2: 51.31% Test OOD3: 58.92% 
Epoch: 172, Loss: 0.0852, Train: 99.99%, Valid: 66.93%, Test In: 68.15% Test OOD1: 61.36% Test OOD2: 51.41% Test OOD3: 58.80% 
Epoch: 173, Loss: 0.0817, Train: 99.99%, Valid: 67.00%, Test In: 68.26% Test OOD1: 61.03% Test OOD2: 51.45% Test OOD3: 58.70% 
Epoch: 174, Loss: 0.0821, Train: 99.99%, Valid: 67.12%, Test In: 68.39% Test OOD1: 61.35% Test OOD2: 51.40% Test OOD3: 58.85% 
Epoch: 175, Loss: 0.0826, Train: 99.99%, Valid: 66.96%, Test In: 68.21% Test OOD1: 61.76% Test OOD2: 51.33% Test OOD3: 58.96% 
Epoch: 176, Loss: 0.0800, Train: 99.98%, Valid: 66.97%, Test In: 68.20% Test OOD1: 62.03% Test OOD2: 51.26% Test OOD3: 59.04% 
Epoch: 177, Loss: 0.0800, Train: 99.99%, Valid: 67.02%, Test In: 68.26% Test OOD1: 62.02% Test OOD2: 51.19% Test OOD3: 58.92% 
Epoch: 178, Loss: 0.0895, Train: 99.99%, Valid: 66.91%, Test In: 68.07% Test OOD1: 61.86% Test OOD2: 51.20% Test OOD3: 58.73% 
Epoch: 179, Loss: 0.0786, Train: 99.99%, Valid: 67.03%, Test In: 68.16% Test OOD1: 61.96% Test OOD2: 51.22% Test OOD3: 58.80% 
Epoch: 180, Loss: 0.0735, Train: 99.99%, Valid: 67.18%, Test In: 68.34% Test OOD1: 62.12% Test OOD2: 51.18% Test OOD3: 58.92% 
Epoch: 181, Loss: 0.0791, Train: 99.99%, Valid: 67.18%, Test In: 68.38% Test OOD1: 61.96% Test OOD2: 51.15% Test OOD3: 58.83% 
Epoch: 182, Loss: 0.0759, Train: 99.99%, Valid: 67.13%, Test In: 68.44% Test OOD1: 61.88% Test OOD2: 51.14% Test OOD3: 58.80% 
Epoch: 183, Loss: 0.0749, Train: 99.99%, Valid: 67.23%, Test In: 68.59% Test OOD1: 61.73% Test OOD2: 51.11% Test OOD3: 58.85% 
Epoch: 184, Loss: 0.0771, Train: 100.00%, Valid: 67.06%, Test In: 68.46% Test OOD1: 61.30% Test OOD2: 51.10% Test OOD3: 58.69% 
Epoch: 185, Loss: 0.0780, Train: 100.00%, Valid: 67.05%, Test In: 68.40% Test OOD1: 61.47% Test OOD2: 51.11% Test OOD3: 58.77% 
Epoch: 186, Loss: 0.0802, Train: 99.99%, Valid: 67.15%, Test In: 68.52% Test OOD1: 61.63% Test OOD2: 51.14% Test OOD3: 58.95% 
Epoch: 187, Loss: 0.0784, Train: 99.99%, Valid: 67.19%, Test In: 68.52% Test OOD1: 61.26% Test OOD2: 51.16% Test OOD3: 58.83% 
Epoch: 188, Loss: 0.0786, Train: 100.00%, Valid: 67.19%, Test In: 68.53% Test OOD1: 61.13% Test OOD2: 51.18% Test OOD3: 58.79% 
Epoch: 189, Loss: 0.0809, Train: 100.00%, Valid: 67.03%, Test In: 68.43% Test OOD1: 61.53% Test OOD2: 51.20% Test OOD3: 58.89% 
Epoch: 190, Loss: 0.0721, Train: 100.00%, Valid: 66.92%, Test In: 68.31% Test OOD1: 61.35% Test OOD2: 51.19% Test OOD3: 58.76% 
Epoch: 191, Loss: 0.0757, Train: 100.00%, Valid: 66.97%, Test In: 68.34% Test OOD1: 61.09% Test OOD2: 51.15% Test OOD3: 58.68% 
Epoch: 192, Loss: 0.0732, Train: 100.00%, Valid: 67.03%, Test In: 68.33% Test OOD1: 61.44% Test OOD2: 51.11% Test OOD3: 58.87% 
Epoch: 193, Loss: 0.0748, Train: 100.00%, Valid: 66.89%, Test In: 68.20% Test OOD1: 61.74% Test OOD2: 51.11% Test OOD3: 58.99% 
Epoch: 194, Loss: 0.0803, Train: 100.00%, Valid: 66.92%, Test In: 68.22% Test OOD1: 61.23% Test OOD2: 51.10% Test OOD3: 58.82% 
Epoch: 195, Loss: 0.0785, Train: 100.00%, Valid: 67.15%, Test In: 68.38% Test OOD1: 61.33% Test OOD2: 51.04% Test OOD3: 58.81% 
Epoch: 196, Loss: 0.0754, Train: 100.00%, Valid: 67.04%, Test In: 68.23% Test OOD1: 61.55% Test OOD2: 51.01% Test OOD3: 58.69% 
Epoch: 197, Loss: 0.0685, Train: 100.00%, Valid: 67.12%, Test In: 68.26% Test OOD1: 61.57% Test OOD2: 51.02% Test OOD3: 58.62% 
Epoch: 198, Loss: 0.0748, Train: 100.00%, Valid: 67.49%, Test In: 68.55% Test OOD1: 61.36% Test OOD2: 51.06% Test OOD3: 58.63% 
Epoch: 199, Loss: 0.0765, Train: 100.00%, Valid: 67.38%, Test In: 68.43% Test OOD1: 61.59% Test OOD2: 51.09% Test OOD3: 58.65% 
Run 02:
Highest Train: 100.00
Highest Valid: 68.72
Highest In Test: 69.53
Highest OOD Test: 65.06
Highest OOD Test: 53.56
Highest OOD Test: 62.61
Chosen epoch: 34
Final Train: 78.84
Final In Test: 69.53
Final OOD Test: 63.31
Final OOD Test: 53.44
Final OOD Test: 62.35
Epoch: 00, Loss: 0.7599, Train: 53.02%, Valid: 50.24%, Test In: 51.69% Test OOD1: 46.38% Test OOD2: 51.09% Test OOD3: 51.06% 
Epoch: 01, Loss: 0.7555, Train: 52.87%, Valid: 50.60%, Test In: 51.47% Test OOD1: 45.25% Test OOD2: 51.14% Test OOD3: 50.07% 
Epoch: 02, Loss: 0.7497, Train: 51.57%, Valid: 49.79%, Test In: 50.53% Test OOD1: 44.15% Test OOD2: 50.97% Test OOD3: 48.94% 
Epoch: 03, Loss: 0.7414, Train: 49.59%, Valid: 48.35%, Test In: 49.08% Test OOD1: 43.22% Test OOD2: 50.77% Test OOD3: 47.97% 
Epoch: 04, Loss: 0.7302, Train: 49.15%, Valid: 48.07%, Test In: 48.84% Test OOD1: 42.95% Test OOD2: 50.72% Test OOD3: 47.67% 
Epoch: 05, Loss: 0.7206, Train: 49.71%, Valid: 48.49%, Test In: 49.36% Test OOD1: 43.15% Test OOD2: 50.77% Test OOD3: 47.76% 
Epoch: 06, Loss: 0.7131, Train: 47.46%, Valid: 46.52%, Test In: 47.52% Test OOD1: 42.54% Test OOD2: 50.60% Test OOD3: 47.08% 
Epoch: 07, Loss: 0.7095, Train: 48.44%, Valid: 47.15%, Test In: 48.19% Test OOD1: 42.94% Test OOD2: 50.71% Test OOD3: 47.48% 
Epoch: 08, Loss: 0.7071, Train: 53.54%, Valid: 51.04%, Test In: 52.12% Test OOD1: 45.02% Test OOD2: 51.27% Test OOD3: 49.50% 
Epoch: 09, Loss: 0.7029, Train: 66.05%, Valid: 61.26%, Test In: 62.09% Test OOD1: 52.63% Test OOD2: 52.64% Test OOD3: 55.95% 
Epoch: 10, Loss: 0.6946, Train: 72.67%, Valid: 67.48%, Test In: 68.44% Test OOD1: 63.59% Test OOD2: 52.80% Test OOD3: 62.17% 
Epoch: 11, Loss: 0.6863, Train: 70.73%, Valid: 66.35%, Test In: 66.88% Test OOD1: 64.77% Test OOD2: 51.89% Test OOD3: 61.45% 
Epoch: 12, Loss: 0.6806, Train: 68.91%, Valid: 65.21%, Test In: 65.37% Test OOD1: 64.09% Test OOD2: 51.64% Test OOD3: 60.78% 
Epoch: 13, Loss: 0.6759, Train: 68.32%, Valid: 64.81%, Test In: 64.84% Test OOD1: 63.85% Test OOD2: 51.59% Test OOD3: 60.59% 
Epoch: 14, Loss: 0.6694, Train: 68.36%, Valid: 64.80%, Test In: 64.83% Test OOD1: 63.87% Test OOD2: 51.62% Test OOD3: 60.65% 
Epoch: 15, Loss: 0.6627, Train: 68.78%, Valid: 65.01%, Test In: 65.12% Test OOD1: 64.03% Test OOD2: 51.70% Test OOD3: 60.84% 
Epoch: 16, Loss: 0.6549, Train: 69.46%, Valid: 65.39%, Test In: 65.59% Test OOD1: 64.22% Test OOD2: 51.81% Test OOD3: 61.06% 
Epoch: 17, Loss: 0.6455, Train: 70.22%, Valid: 65.83%, Test In: 66.11% Test OOD1: 64.38% Test OOD2: 51.90% Test OOD3: 61.25% 
Epoch: 18, Loss: 0.6410, Train: 70.99%, Valid: 66.31%, Test In: 66.67% Test OOD1: 64.58% Test OOD2: 51.96% Test OOD3: 61.48% 
Epoch: 19, Loss: 0.6336, Train: 71.71%, Valid: 66.79%, Test In: 67.26% Test OOD1: 64.85% Test OOD2: 52.02% Test OOD3: 61.76% 
Epoch: 20, Loss: 0.6277, Train: 72.45%, Valid: 67.18%, Test In: 67.77% Test OOD1: 64.96% Test OOD2: 52.18% Test OOD3: 61.96% 
Epoch: 21, Loss: 0.6168, Train: 73.19%, Valid: 67.41%, Test In: 68.10% Test OOD1: 64.72% Test OOD2: 52.43% Test OOD3: 62.04% 
Epoch: 22, Loss: 0.6080, Train: 74.00%, Valid: 67.80%, Test In: 68.60% Test OOD1: 64.66% Test OOD2: 52.63% Test OOD3: 62.23% 
Epoch: 23, Loss: 0.6004, Train: 74.81%, Valid: 68.40%, Test In: 69.24% Test OOD1: 64.89% Test OOD2: 52.76% Test OOD3: 62.54% 
Epoch: 24, Loss: 0.5939, Train: 75.51%, Valid: 68.47%, Test In: 69.42% Test OOD1: 64.30% Test OOD2: 53.03% Test OOD3: 62.53% 
Epoch: 25, Loss: 0.5881, Train: 75.92%, Valid: 68.50%, Test In: 69.50% Test OOD1: 63.96% Test OOD2: 53.21% Test OOD3: 62.52% 
Epoch: 26, Loss: 0.5846, Train: 76.36%, Valid: 68.78%, Test In: 69.77% Test OOD1: 64.17% Test OOD2: 53.27% Test OOD3: 62.67% 
Epoch: 27, Loss: 0.5790, Train: 76.86%, Valid: 68.44%, Test In: 69.49% Test OOD1: 63.06% Test OOD2: 53.38% Test OOD3: 62.36% 
Epoch: 28, Loss: 0.5738, Train: 77.34%, Valid: 68.91%, Test In: 69.88% Test OOD1: 63.76% Test OOD2: 53.32% Test OOD3: 62.63% 
Epoch: 29, Loss: 0.5633, Train: 77.62%, Valid: 68.70%, Test In: 69.66% Test OOD1: 63.36% Test OOD2: 53.32% Test OOD3: 62.40% 
Epoch: 30, Loss: 0.5578, Train: 77.90%, Valid: 68.24%, Test In: 69.20% Test OOD1: 62.49% Test OOD2: 53.29% Test OOD3: 61.99% 
Epoch: 31, Loss: 0.5498, Train: 78.43%, Valid: 68.44%, Test In: 69.38% Test OOD1: 62.73% Test OOD2: 53.23% Test OOD3: 62.07% 
Epoch: 32, Loss: 0.5420, Train: 78.92%, Valid: 68.64%, Test In: 69.59% Test OOD1: 63.10% Test OOD2: 53.13% Test OOD3: 62.17% 
Epoch: 33, Loss: 0.5406, Train: 79.26%, Valid: 68.25%, Test In: 69.21% Test OOD1: 62.48% Test OOD2: 53.08% Test OOD3: 61.82% 
Epoch: 34, Loss: 0.5269, Train: 79.33%, Valid: 67.84%, Test In: 68.81% Test OOD1: 62.23% Test OOD2: 52.94% Test OOD3: 61.48% 
Epoch: 35, Loss: 0.5213, Train: 79.70%, Valid: 67.92%, Test In: 68.87% Test OOD1: 62.58% Test OOD2: 52.82% Test OOD3: 61.54% 
Epoch: 36, Loss: 0.5212, Train: 80.38%, Valid: 68.04%, Test In: 69.00% Test OOD1: 62.69% Test OOD2: 52.78% Test OOD3: 61.57% 
Epoch: 37, Loss: 0.5149, Train: 80.55%, Valid: 67.64%, Test In: 68.60% Test OOD1: 62.35% Test OOD2: 52.69% Test OOD3: 61.24% 
Epoch: 38, Loss: 0.5043, Train: 80.38%, Valid: 67.37%, Test In: 68.36% Test OOD1: 62.41% Test OOD2: 52.55% Test OOD3: 61.01% 
Epoch: 39, Loss: 0.5032, Train: 80.98%, Valid: 67.45%, Test In: 68.46% Test OOD1: 62.57% Test OOD2: 52.53% Test OOD3: 61.08% 
Epoch: 40, Loss: 0.4927, Train: 81.55%, Valid: 67.38%, Test In: 68.39% Test OOD1: 62.39% Test OOD2: 52.55% Test OOD3: 61.03% 
Epoch: 41, Loss: 0.4875, Train: 81.87%, Valid: 67.28%, Test In: 68.32% Test OOD1: 62.29% Test OOD2: 52.52% Test OOD3: 60.96% 
Epoch: 42, Loss: 0.4774, Train: 82.00%, Valid: 67.25%, Test In: 68.31% Test OOD1: 62.35% Test OOD2: 52.42% Test OOD3: 60.96% 
Epoch: 43, Loss: 0.4744, Train: 82.49%, Valid: 67.16%, Test In: 68.18% Test OOD1: 62.04% Test OOD2: 52.41% Test OOD3: 60.85% 
Epoch: 44, Loss: 0.4664, Train: 83.02%, Valid: 67.32%, Test In: 68.32% Test OOD1: 62.08% Test OOD2: 52.39% Test OOD3: 60.90% 
Epoch: 45, Loss: 0.4578, Train: 83.38%, Valid: 67.42%, Test In: 68.46% Test OOD1: 62.06% Test OOD2: 52.34% Test OOD3: 60.86% 
Epoch: 46, Loss: 0.4536, Train: 83.67%, Valid: 67.13%, Test In: 68.20% Test OOD1: 61.56% Test OOD2: 52.28% Test OOD3: 60.57% 
Epoch: 47, Loss: 0.4486, Train: 84.01%, Valid: 67.48%, Test In: 68.55% Test OOD1: 61.97% Test OOD2: 52.21% Test OOD3: 60.71% 
Epoch: 48, Loss: 0.4460, Train: 84.58%, Valid: 67.28%, Test In: 68.37% Test OOD1: 61.55% Test OOD2: 52.17% Test OOD3: 60.43% 
Epoch: 49, Loss: 0.4362, Train: 84.53%, Valid: 67.47%, Test In: 68.52% Test OOD1: 61.85% Test OOD2: 52.06% Test OOD3: 60.50% 
Epoch: 50, Loss: 0.4299, Train: 84.98%, Valid: 67.47%, Test In: 68.56% Test OOD1: 61.80% Test OOD2: 52.00% Test OOD3: 60.44% 
Epoch: 51, Loss: 0.4251, Train: 85.41%, Valid: 67.37%, Test In: 68.49% Test OOD1: 61.62% Test OOD2: 51.92% Test OOD3: 60.29% 
Epoch: 52, Loss: 0.4194, Train: 85.59%, Valid: 67.69%, Test In: 68.87% Test OOD1: 62.00% Test OOD2: 51.88% Test OOD3: 60.49% 
Epoch: 53, Loss: 0.4122, Train: 85.84%, Valid: 67.40%, Test In: 68.60% Test OOD1: 61.37% Test OOD2: 51.80% Test OOD3: 60.13% 
Epoch: 54, Loss: 0.4056, Train: 86.34%, Valid: 67.61%, Test In: 68.85% Test OOD1: 61.61% Test OOD2: 51.86% Test OOD3: 60.19% 
Epoch: 55, Loss: 0.3968, Train: 86.55%, Valid: 67.82%, Test In: 69.06% Test OOD1: 61.91% Test OOD2: 51.83% Test OOD3: 60.32% 
Epoch: 56, Loss: 0.3963, Train: 86.89%, Valid: 67.63%, Test In: 68.85% Test OOD1: 61.35% Test OOD2: 51.80% Test OOD3: 60.01% 
Epoch: 57, Loss: 0.3885, Train: 86.93%, Valid: 67.75%, Test In: 68.94% Test OOD1: 61.44% Test OOD2: 51.81% Test OOD3: 60.07% 
Epoch: 58, Loss: 0.3810, Train: 87.35%, Valid: 67.81%, Test In: 69.03% Test OOD1: 61.58% Test OOD2: 51.69% Test OOD3: 60.11% 
Epoch: 59, Loss: 0.3747, Train: 88.08%, Valid: 67.68%, Test In: 68.93% Test OOD1: 61.39% Test OOD2: 51.69% Test OOD3: 59.91% 
Epoch: 60, Loss: 0.3725, Train: 87.98%, Valid: 67.84%, Test In: 69.08% Test OOD1: 61.39% Test OOD2: 51.58% Test OOD3: 59.97% 
Epoch: 61, Loss: 0.3697, Train: 88.46%, Valid: 67.77%, Test In: 68.99% Test OOD1: 61.20% Test OOD2: 51.58% Test OOD3: 59.85% 
Epoch: 62, Loss: 0.3602, Train: 88.96%, Valid: 67.69%, Test In: 68.91% Test OOD1: 61.11% Test OOD2: 51.57% Test OOD3: 59.73% 
Epoch: 63, Loss: 0.3552, Train: 89.15%, Valid: 67.87%, Test In: 69.07% Test OOD1: 61.27% Test OOD2: 51.55% Test OOD3: 59.89% 
Epoch: 64, Loss: 0.3514, Train: 89.20%, Valid: 67.70%, Test In: 68.81% Test OOD1: 60.77% Test OOD2: 51.50% Test OOD3: 59.54% 
Epoch: 65, Loss: 0.3437, Train: 89.71%, Valid: 67.78%, Test In: 68.88% Test OOD1: 61.15% Test OOD2: 51.50% Test OOD3: 59.79% 
Epoch: 66, Loss: 0.3324, Train: 90.04%, Valid: 67.77%, Test In: 68.88% Test OOD1: 61.36% Test OOD2: 51.42% Test OOD3: 59.83% 
Epoch: 67, Loss: 0.3298, Train: 90.13%, Valid: 67.80%, Test In: 68.86% Test OOD1: 61.14% Test OOD2: 51.36% Test OOD3: 59.65% 
Epoch: 68, Loss: 0.3231, Train: 90.42%, Valid: 67.95%, Test In: 68.96% Test OOD1: 61.12% Test OOD2: 51.34% Test OOD3: 59.69% 
Epoch: 69, Loss: 0.3124, Train: 91.08%, Valid: 67.83%, Test In: 68.89% Test OOD1: 60.94% Test OOD2: 51.26% Test OOD3: 59.50% 
Epoch: 70, Loss: 0.3062, Train: 90.89%, Valid: 68.07%, Test In: 69.21% Test OOD1: 61.20% Test OOD2: 51.15% Test OOD3: 59.68% 
Epoch: 71, Loss: 0.3119, Train: 91.50%, Valid: 67.82%, Test In: 68.80% Test OOD1: 60.81% Test OOD2: 51.27% Test OOD3: 59.43% 
Epoch: 72, Loss: 0.3022, Train: 91.30%, Valid: 68.13%, Test In: 69.09% Test OOD1: 61.17% Test OOD2: 51.24% Test OOD3: 59.70% 
Epoch: 73, Loss: 0.2939, Train: 91.84%, Valid: 68.06%, Test In: 69.08% Test OOD1: 61.29% Test OOD2: 51.20% Test OOD3: 59.64% 
Epoch: 74, Loss: 0.2812, Train: 92.32%, Valid: 67.92%, Test In: 68.96% Test OOD1: 61.41% Test OOD2: 51.15% Test OOD3: 59.63% 
Epoch: 75, Loss: 0.2847, Train: 92.03%, Valid: 68.21%, Test In: 69.13% Test OOD1: 61.45% Test OOD2: 51.18% Test OOD3: 59.79% 
Epoch: 76, Loss: 0.2822, Train: 92.42%, Valid: 67.98%, Test In: 68.74% Test OOD1: 60.96% Test OOD2: 51.21% Test OOD3: 59.36% 
Epoch: 77, Loss: 0.2796, Train: 92.75%, Valid: 68.03%, Test In: 68.97% Test OOD1: 61.36% Test OOD2: 51.09% Test OOD3: 59.57% 
Epoch: 78, Loss: 0.2623, Train: 92.85%, Valid: 68.03%, Test In: 69.06% Test OOD1: 61.34% Test OOD2: 50.99% Test OOD3: 59.51% 
Epoch: 79, Loss: 0.2632, Train: 93.45%, Valid: 67.94%, Test In: 68.92% Test OOD1: 60.80% Test OOD2: 51.02% Test OOD3: 59.14% 
Epoch: 80, Loss: 0.2557, Train: 93.53%, Valid: 68.15%, Test In: 69.11% Test OOD1: 60.77% Test OOD2: 51.11% Test OOD3: 59.29% 
Epoch: 81, Loss: 0.2497, Train: 93.68%, Valid: 68.09%, Test In: 68.99% Test OOD1: 60.69% Test OOD2: 51.15% Test OOD3: 59.23% 
Epoch: 82, Loss: 0.2375, Train: 94.04%, Valid: 67.83%, Test In: 68.78% Test OOD1: 61.13% Test OOD2: 51.10% Test OOD3: 59.40% 
Epoch: 83, Loss: 0.2396, Train: 93.80%, Valid: 68.01%, Test In: 68.99% Test OOD1: 61.45% Test OOD2: 51.10% Test OOD3: 59.64% 
Epoch: 84, Loss: 0.2367, Train: 94.34%, Valid: 67.99%, Test In: 68.89% Test OOD1: 61.00% Test OOD2: 51.18% Test OOD3: 59.30% 
Epoch: 85, Loss: 0.2376, Train: 94.84%, Valid: 68.04%, Test In: 68.92% Test OOD1: 61.11% Test OOD2: 51.27% Test OOD3: 59.52% 
Epoch: 86, Loss: 0.2282, Train: 94.81%, Valid: 68.29%, Test In: 69.12% Test OOD1: 60.86% Test OOD2: 51.23% Test OOD3: 59.40% 
Epoch: 87, Loss: 0.2275, Train: 95.39%, Valid: 68.12%, Test In: 68.89% Test OOD1: 61.00% Test OOD2: 51.16% Test OOD3: 59.30% 
Epoch: 88, Loss: 0.2223, Train: 95.45%, Valid: 68.24%, Test In: 68.98% Test OOD1: 61.44% Test OOD2: 51.16% Test OOD3: 59.58% 
Epoch: 89, Loss: 0.2161, Train: 95.54%, Valid: 68.34%, Test In: 68.99% Test OOD1: 61.24% Test OOD2: 51.25% Test OOD3: 59.48% 
Epoch: 90, Loss: 0.2104, Train: 95.91%, Valid: 68.16%, Test In: 68.78% Test OOD1: 61.29% Test OOD2: 51.34% Test OOD3: 59.51% 
Epoch: 91, Loss: 0.2052, Train: 96.04%, Valid: 68.32%, Test In: 69.01% Test OOD1: 61.43% Test OOD2: 51.26% Test OOD3: 59.58% 
Epoch: 92, Loss: 0.1995, Train: 96.33%, Valid: 68.22%, Test In: 68.94% Test OOD1: 61.36% Test OOD2: 51.14% Test OOD3: 59.35% 
Epoch: 93, Loss: 0.1962, Train: 96.66%, Valid: 68.17%, Test In: 68.84% Test OOD1: 61.59% Test OOD2: 51.09% Test OOD3: 59.53% 
Epoch: 94, Loss: 0.1916, Train: 96.83%, Valid: 68.32%, Test In: 68.96% Test OOD1: 61.31% Test OOD2: 51.10% Test OOD3: 59.30% 
Epoch: 95, Loss: 0.1845, Train: 97.10%, Valid: 68.34%, Test In: 68.91% Test OOD1: 61.22% Test OOD2: 51.16% Test OOD3: 59.28% 
Epoch: 96, Loss: 0.1810, Train: 97.38%, Valid: 68.38%, Test In: 68.92% Test OOD1: 61.50% Test OOD2: 51.20% Test OOD3: 59.50% 
Epoch: 97, Loss: 0.1786, Train: 97.42%, Valid: 68.39%, Test In: 68.99% Test OOD1: 61.63% Test OOD2: 51.12% Test OOD3: 59.52% 
Epoch: 98, Loss: 0.1725, Train: 97.54%, Valid: 68.33%, Test In: 68.98% Test OOD1: 61.46% Test OOD2: 51.12% Test OOD3: 59.41% 
Epoch: 99, Loss: 0.1712, Train: 97.79%, Valid: 68.22%, Test In: 68.83% Test OOD1: 61.83% Test OOD2: 51.21% Test OOD3: 59.77% 
Epoch: 100, Loss: 0.1718, Train: 98.09%, Valid: 68.16%, Test In: 68.73% Test OOD1: 61.34% Test OOD2: 51.28% Test OOD3: 59.44% 
Epoch: 101, Loss: 0.1669, Train: 97.95%, Valid: 68.37%, Test In: 68.99% Test OOD1: 61.14% Test OOD2: 51.32% Test OOD3: 59.40% 
Epoch: 102, Loss: 0.1762, Train: 98.49%, Valid: 67.95%, Test In: 68.48% Test OOD1: 61.15% Test OOD2: 51.34% Test OOD3: 59.32% 
Epoch: 103, Loss: 0.1779, Train: 98.18%, Valid: 68.29%, Test In: 69.01% Test OOD1: 61.62% Test OOD2: 51.27% Test OOD3: 59.75% 
Epoch: 104, Loss: 0.1736, Train: 98.52%, Valid: 68.17%, Test In: 68.93% Test OOD1: 61.26% Test OOD2: 51.30% Test OOD3: 59.46% 
Epoch: 105, Loss: 0.1512, Train: 98.72%, Valid: 67.92%, Test In: 68.60% Test OOD1: 61.18% Test OOD2: 51.31% Test OOD3: 59.37% 
Epoch: 106, Loss: 0.1711, Train: 98.51%, Valid: 68.21%, Test In: 68.90% Test OOD1: 61.52% Test OOD2: 51.32% Test OOD3: 59.66% 
Epoch: 107, Loss: 0.1592, Train: 98.61%, Valid: 68.23%, Test In: 68.86% Test OOD1: 61.61% Test OOD2: 51.29% Test OOD3: 59.62% 
Epoch: 108, Loss: 0.1522, Train: 98.84%, Valid: 68.04%, Test In: 68.62% Test OOD1: 61.39% Test OOD2: 51.23% Test OOD3: 59.33% 
Epoch: 109, Loss: 0.1600, Train: 98.96%, Valid: 68.03%, Test In: 68.59% Test OOD1: 61.83% Test OOD2: 51.16% Test OOD3: 59.59% 
Epoch: 110, Loss: 0.1488, Train: 98.93%, Valid: 68.20%, Test In: 68.71% Test OOD1: 61.76% Test OOD2: 51.18% Test OOD3: 59.66% 
Epoch: 111, Loss: 0.1499, Train: 99.03%, Valid: 68.16%, Test In: 68.70% Test OOD1: 61.24% Test OOD2: 51.24% Test OOD3: 59.39% 
Epoch: 112, Loss: 0.1399, Train: 99.19%, Valid: 67.96%, Test In: 68.53% Test OOD1: 61.10% Test OOD2: 51.25% Test OOD3: 59.25% 
Epoch: 113, Loss: 0.1472, Train: 99.30%, Valid: 67.99%, Test In: 68.72% Test OOD1: 61.32% Test OOD2: 51.12% Test OOD3: 59.37% 
Epoch: 114, Loss: 0.1345, Train: 99.23%, Valid: 68.10%, Test In: 68.98% Test OOD1: 61.38% Test OOD2: 51.02% Test OOD3: 59.44% 
Epoch: 115, Loss: 0.1450, Train: 99.36%, Valid: 67.99%, Test In: 68.98% Test OOD1: 61.31% Test OOD2: 51.15% Test OOD3: 59.46% 
Epoch: 116, Loss: 0.1275, Train: 99.41%, Valid: 67.84%, Test In: 68.87% Test OOD1: 61.46% Test OOD2: 51.29% Test OOD3: 59.67% 
Epoch: 117, Loss: 0.1332, Train: 99.41%, Valid: 67.93%, Test In: 69.00% Test OOD1: 61.63% Test OOD2: 51.31% Test OOD3: 59.88% 
Epoch: 118, Loss: 0.1289, Train: 99.43%, Valid: 68.01%, Test In: 69.05% Test OOD1: 61.63% Test OOD2: 51.19% Test OOD3: 59.87% 
Epoch: 119, Loss: 0.1273, Train: 99.55%, Valid: 67.83%, Test In: 68.86% Test OOD1: 61.60% Test OOD2: 51.08% Test OOD3: 59.80% 
Epoch: 120, Loss: 0.1220, Train: 99.60%, Valid: 67.74%, Test In: 68.63% Test OOD1: 61.62% Test OOD2: 51.02% Test OOD3: 59.76% 
Epoch: 121, Loss: 0.1252, Train: 99.60%, Valid: 67.94%, Test In: 68.66% Test OOD1: 61.59% Test OOD2: 51.06% Test OOD3: 59.72% 
Epoch: 122, Loss: 0.1163, Train: 99.59%, Valid: 68.05%, Test In: 68.58% Test OOD1: 61.43% Test OOD2: 51.17% Test OOD3: 59.54% 
Epoch: 123, Loss: 0.1211, Train: 99.66%, Valid: 67.93%, Test In: 68.40% Test OOD1: 61.47% Test OOD2: 51.20% Test OOD3: 59.45% 
Epoch: 124, Loss: 0.1171, Train: 99.72%, Valid: 67.81%, Test In: 68.37% Test OOD1: 61.48% Test OOD2: 51.15% Test OOD3: 59.42% 
Epoch: 125, Loss: 0.1120, Train: 99.74%, Valid: 67.86%, Test In: 68.58% Test OOD1: 61.41% Test OOD2: 51.13% Test OOD3: 59.45% 
Epoch: 126, Loss: 0.1083, Train: 99.74%, Valid: 67.92%, Test In: 68.68% Test OOD1: 61.46% Test OOD2: 51.17% Test OOD3: 59.56% 
Epoch: 127, Loss: 0.1129, Train: 99.78%, Valid: 67.83%, Test In: 68.61% Test OOD1: 61.48% Test OOD2: 51.29% Test OOD3: 59.68% 
Epoch: 128, Loss: 0.1030, Train: 99.77%, Valid: 67.84%, Test In: 68.70% Test OOD1: 61.23% Test OOD2: 51.37% Test OOD3: 59.61% 
Epoch: 129, Loss: 0.1062, Train: 99.77%, Valid: 67.93%, Test In: 68.76% Test OOD1: 61.27% Test OOD2: 51.42% Test OOD3: 59.68% 
Epoch: 130, Loss: 0.1032, Train: 99.80%, Valid: 67.90%, Test In: 68.69% Test OOD1: 61.46% Test OOD2: 51.43% Test OOD3: 59.77% 
Epoch: 131, Loss: 0.1022, Train: 99.84%, Valid: 67.77%, Test In: 68.57% Test OOD1: 61.43% Test OOD2: 51.38% Test OOD3: 59.70% 
Epoch: 132, Loss: 0.0991, Train: 99.85%, Valid: 67.75%, Test In: 68.54% Test OOD1: 61.35% Test OOD2: 51.33% Test OOD3: 59.64% 
Epoch: 133, Loss: 0.0994, Train: 99.86%, Valid: 67.81%, Test In: 68.59% Test OOD1: 61.55% Test OOD2: 51.36% Test OOD3: 59.80% 
Epoch: 134, Loss: 0.0977, Train: 99.87%, Valid: 67.79%, Test In: 68.58% Test OOD1: 61.50% Test OOD2: 51.41% Test OOD3: 59.76% 
Epoch: 135, Loss: 0.0982, Train: 99.88%, Valid: 67.77%, Test In: 68.57% Test OOD1: 61.30% Test OOD2: 51.41% Test OOD3: 59.59% 
Epoch: 136, Loss: 0.0995, Train: 99.90%, Valid: 67.76%, Test In: 68.54% Test OOD1: 61.45% Test OOD2: 51.39% Test OOD3: 59.63% 
Epoch: 137, Loss: 0.0947, Train: 99.91%, Valid: 67.74%, Test In: 68.53% Test OOD1: 61.38% Test OOD2: 51.34% Test OOD3: 59.52% 
Epoch: 138, Loss: 0.0935, Train: 99.93%, Valid: 67.70%, Test In: 68.49% Test OOD1: 61.20% Test OOD2: 51.37% Test OOD3: 59.38% 
Epoch: 139, Loss: 0.0896, Train: 99.93%, Valid: 67.71%, Test In: 68.45% Test OOD1: 61.19% Test OOD2: 51.42% Test OOD3: 59.37% 
Epoch: 140, Loss: 0.0926, Train: 99.94%, Valid: 67.73%, Test In: 68.36% Test OOD1: 61.40% Test OOD2: 51.47% Test OOD3: 59.53% 
Epoch: 141, Loss: 0.0912, Train: 99.94%, Valid: 67.78%, Test In: 68.39% Test OOD1: 61.06% Test OOD2: 51.48% Test OOD3: 59.48% 
Epoch: 142, Loss: 0.0881, Train: 99.95%, Valid: 67.75%, Test In: 68.37% Test OOD1: 60.94% Test OOD2: 51.50% Test OOD3: 59.57% 
Epoch: 143, Loss: 0.0887, Train: 99.96%, Valid: 67.75%, Test In: 68.41% Test OOD1: 61.13% Test OOD2: 51.49% Test OOD3: 59.81% 
Epoch: 144, Loss: 0.0875, Train: 99.95%, Valid: 67.85%, Test In: 68.56% Test OOD1: 61.11% Test OOD2: 51.46% Test OOD3: 59.92% 
Epoch: 145, Loss: 0.0866, Train: 99.96%, Valid: 67.84%, Test In: 68.60% Test OOD1: 61.26% Test OOD2: 51.46% Test OOD3: 60.01% 
Epoch: 146, Loss: 0.0832, Train: 99.96%, Valid: 67.78%, Test In: 68.55% Test OOD1: 61.39% Test OOD2: 51.51% Test OOD3: 60.04% 
Epoch: 147, Loss: 0.0841, Train: 99.96%, Valid: 67.86%, Test In: 68.61% Test OOD1: 61.24% Test OOD2: 51.56% Test OOD3: 59.95% 
Epoch: 148, Loss: 0.0783, Train: 99.96%, Valid: 67.87%, Test In: 68.56% Test OOD1: 61.16% Test OOD2: 51.59% Test OOD3: 59.82% 
Epoch: 149, Loss: 0.0827, Train: 99.97%, Valid: 67.88%, Test In: 68.48% Test OOD1: 61.39% Test OOD2: 51.57% Test OOD3: 59.85% 
Epoch: 150, Loss: 0.0809, Train: 99.97%, Valid: 67.90%, Test In: 68.44% Test OOD1: 61.67% Test OOD2: 51.50% Test OOD3: 59.93% 
Epoch: 151, Loss: 0.0779, Train: 99.97%, Valid: 68.01%, Test In: 68.48% Test OOD1: 61.61% Test OOD2: 51.44% Test OOD3: 59.90% 
Epoch: 152, Loss: 0.0775, Train: 99.97%, Valid: 68.01%, Test In: 68.41% Test OOD1: 61.48% Test OOD2: 51.41% Test OOD3: 59.79% 
Epoch: 153, Loss: 0.0748, Train: 99.98%, Valid: 68.03%, Test In: 68.35% Test OOD1: 61.49% Test OOD2: 51.34% Test OOD3: 59.75% 
Epoch: 154, Loss: 0.0799, Train: 99.98%, Valid: 68.06%, Test In: 68.37% Test OOD1: 61.45% Test OOD2: 51.27% Test OOD3: 59.70% 
Epoch: 155, Loss: 0.0786, Train: 99.98%, Valid: 68.04%, Test In: 68.38% Test OOD1: 61.30% Test OOD2: 51.20% Test OOD3: 59.63% 
Epoch: 156, Loss: 0.0761, Train: 99.98%, Valid: 67.93%, Test In: 68.28% Test OOD1: 61.04% Test OOD2: 51.18% Test OOD3: 59.50% 
Epoch: 157, Loss: 0.0741, Train: 99.98%, Valid: 67.90%, Test In: 68.26% Test OOD1: 60.87% Test OOD2: 51.20% Test OOD3: 59.46% 
Epoch: 158, Loss: 0.0734, Train: 99.98%, Valid: 67.92%, Test In: 68.32% Test OOD1: 60.83% Test OOD2: 51.21% Test OOD3: 59.52% 
Epoch: 159, Loss: 0.0765, Train: 99.98%, Valid: 67.93%, Test In: 68.33% Test OOD1: 61.26% Test OOD2: 51.19% Test OOD3: 59.75% 
Epoch: 160, Loss: 0.0711, Train: 99.98%, Valid: 67.94%, Test In: 68.32% Test OOD1: 61.48% Test OOD2: 51.24% Test OOD3: 59.93% 
Epoch: 161, Loss: 0.0732, Train: 99.99%, Valid: 68.00%, Test In: 68.42% Test OOD1: 61.51% Test OOD2: 51.28% Test OOD3: 60.04% 
Epoch: 162, Loss: 0.0759, Train: 99.99%, Valid: 68.05%, Test In: 68.48% Test OOD1: 61.67% Test OOD2: 51.29% Test OOD3: 60.18% 
Epoch: 163, Loss: 0.0752, Train: 99.99%, Valid: 68.07%, Test In: 68.40% Test OOD1: 61.62% Test OOD2: 51.32% Test OOD3: 60.15% 
Epoch: 164, Loss: 0.0748, Train: 99.99%, Valid: 68.14%, Test In: 68.56% Test OOD1: 61.59% Test OOD2: 51.29% Test OOD3: 60.18% 
Epoch: 165, Loss: 0.0697, Train: 99.99%, Valid: 68.16%, Test In: 68.58% Test OOD1: 61.97% Test OOD2: 51.23% Test OOD3: 60.33% 
Epoch: 166, Loss: 0.0700, Train: 99.99%, Valid: 68.11%, Test In: 68.50% Test OOD1: 61.99% Test OOD2: 51.22% Test OOD3: 60.27% 
Epoch: 167, Loss: 0.0718, Train: 99.99%, Valid: 68.13%, Test In: 68.58% Test OOD1: 61.75% Test OOD2: 51.21% Test OOD3: 60.13% 
Epoch: 168, Loss: 0.0702, Train: 99.99%, Valid: 68.19%, Test In: 68.66% Test OOD1: 61.67% Test OOD2: 51.18% Test OOD3: 60.05% 
Epoch: 169, Loss: 0.0693, Train: 99.99%, Valid: 68.12%, Test In: 68.60% Test OOD1: 61.64% Test OOD2: 51.18% Test OOD3: 59.93% 
Epoch: 170, Loss: 0.0699, Train: 99.99%, Valid: 68.14%, Test In: 68.64% Test OOD1: 61.58% Test OOD2: 51.17% Test OOD3: 59.83% 
Epoch: 171, Loss: 0.0675, Train: 99.99%, Valid: 68.18%, Test In: 68.67% Test OOD1: 61.59% Test OOD2: 51.16% Test OOD3: 59.78% 
Epoch: 172, Loss: 0.0676, Train: 99.99%, Valid: 68.19%, Test In: 68.68% Test OOD1: 61.75% Test OOD2: 51.13% Test OOD3: 59.87% 
Epoch: 173, Loss: 0.0694, Train: 99.99%, Valid: 68.19%, Test In: 68.64% Test OOD1: 61.50% Test OOD2: 51.20% Test OOD3: 59.76% 
Epoch: 174, Loss: 0.0699, Train: 99.99%, Valid: 68.20%, Test In: 68.71% Test OOD1: 61.44% Test OOD2: 51.23% Test OOD3: 59.82% 
Epoch: 175, Loss: 0.0652, Train: 99.99%, Valid: 68.16%, Test In: 68.71% Test OOD1: 61.56% Test OOD2: 51.25% Test OOD3: 59.92% 
Epoch: 176, Loss: 0.0690, Train: 99.99%, Valid: 68.13%, Test In: 68.68% Test OOD1: 61.35% Test OOD2: 51.32% Test OOD3: 59.81% 
Epoch: 177, Loss: 0.0626, Train: 99.99%, Valid: 68.06%, Test In: 68.62% Test OOD1: 61.08% Test OOD2: 51.37% Test OOD3: 59.65% 
Epoch: 178, Loss: 0.0653, Train: 99.99%, Valid: 68.08%, Test In: 68.65% Test OOD1: 61.39% Test OOD2: 51.39% Test OOD3: 59.79% 
Epoch: 179, Loss: 0.0673, Train: 100.00%, Valid: 68.06%, Test In: 68.55% Test OOD1: 61.27% Test OOD2: 51.41% Test OOD3: 59.78% 
Epoch: 180, Loss: 0.0678, Train: 100.00%, Valid: 68.19%, Test In: 68.65% Test OOD1: 60.93% Test OOD2: 51.41% Test OOD3: 59.70% 
Epoch: 181, Loss: 0.0667, Train: 100.00%, Valid: 68.25%, Test In: 68.70% Test OOD1: 61.13% Test OOD2: 51.38% Test OOD3: 59.89% 
Epoch: 182, Loss: 0.0634, Train: 100.00%, Valid: 68.19%, Test In: 68.62% Test OOD1: 61.40% Test OOD2: 51.35% Test OOD3: 60.06% 
Epoch: 183, Loss: 0.0692, Train: 100.00%, Valid: 68.33%, Test In: 68.68% Test OOD1: 61.00% Test OOD2: 51.40% Test OOD3: 59.93% 
Epoch: 184, Loss: 0.0658, Train: 100.00%, Valid: 68.29%, Test In: 68.62% Test OOD1: 61.28% Test OOD2: 51.39% Test OOD3: 60.07% 
Epoch: 185, Loss: 0.0616, Train: 100.00%, Valid: 68.21%, Test In: 68.58% Test OOD1: 61.64% Test OOD2: 51.37% Test OOD3: 60.17% 
Epoch: 186, Loss: 0.0642, Train: 100.00%, Valid: 68.14%, Test In: 68.60% Test OOD1: 61.50% Test OOD2: 51.36% Test OOD3: 60.03% 
Epoch: 187, Loss: 0.0617, Train: 100.00%, Valid: 67.99%, Test In: 68.51% Test OOD1: 61.31% Test OOD2: 51.34% Test OOD3: 59.84% 
Epoch: 188, Loss: 0.0673, Train: 100.00%, Valid: 67.90%, Test In: 68.56% Test OOD1: 61.63% Test OOD2: 51.27% Test OOD3: 59.89% 
Epoch: 189, Loss: 0.0630, Train: 100.00%, Valid: 67.86%, Test In: 68.47% Test OOD1: 61.66% Test OOD2: 51.28% Test OOD3: 59.82% 
Epoch: 190, Loss: 0.0605, Train: 100.00%, Valid: 67.94%, Test In: 68.50% Test OOD1: 61.36% Test OOD2: 51.33% Test OOD3: 59.68% 
Epoch: 191, Loss: 0.0641, Train: 100.00%, Valid: 68.02%, Test In: 68.68% Test OOD1: 61.33% Test OOD2: 51.33% Test OOD3: 59.65% 
Epoch: 192, Loss: 0.0596, Train: 100.00%, Valid: 68.05%, Test In: 68.67% Test OOD1: 61.14% Test OOD2: 51.36% Test OOD3: 59.54% 
Epoch: 193, Loss: 0.0593, Train: 100.00%, Valid: 68.10%, Test In: 68.56% Test OOD1: 61.16% Test OOD2: 51.37% Test OOD3: 59.54% 
Epoch: 194, Loss: 0.0581, Train: 100.00%, Valid: 68.21%, Test In: 68.65% Test OOD1: 61.60% Test OOD2: 51.35% Test OOD3: 59.83% 
Epoch: 195, Loss: 0.0576, Train: 100.00%, Valid: 68.23%, Test In: 68.63% Test OOD1: 61.93% Test OOD2: 51.37% Test OOD3: 60.08% 
Epoch: 196, Loss: 0.0560, Train: 100.00%, Valid: 68.15%, Test In: 68.58% Test OOD1: 62.06% Test OOD2: 51.42% Test OOD3: 60.28% 
Epoch: 197, Loss: 0.0574, Train: 100.00%, Valid: 68.08%, Test In: 68.62% Test OOD1: 61.87% Test OOD2: 51.55% Test OOD3: 60.31% 
Epoch: 198, Loss: 0.0571, Train: 100.00%, Valid: 68.01%, Test In: 68.65% Test OOD1: 61.73% Test OOD2: 51.60% Test OOD3: 60.26% 
Epoch: 199, Loss: 0.0564, Train: 100.00%, Valid: 68.04%, Test In: 68.66% Test OOD1: 61.46% Test OOD2: 51.62% Test OOD3: 60.12% 
Run 03:
Highest Train: 100.00
Highest Valid: 68.91
Highest In Test: 69.88
Highest OOD Test: 64.96
Highest OOD Test: 53.38
Highest OOD Test: 62.67
Chosen epoch: 29
Final Train: 77.34
Final In Test: 69.88
Final OOD Test: 63.76
Final OOD Test: 53.32
Final OOD Test: 62.63
All runs:
Highest Train: 100.00 ± 0.00
Highest Valid: 68.99 ± 0.31
Highest In Test: 69.89 ± 0.36
Highest OOD Test: 65.28 ± 0.48
Highest OOD Test: 53.44 ± 0.10
Highest OOD Test: 62.85 ± 0.36
  Final Train: 77.81 ± 0.90
   Final In  Test: 69.89 ± 0.36
   Final OOD Test: 63.97 ± 0.78
   Final OOD Test: 53.35 ± 0.08
   Final OOD Test: 62.73 ± 0.44
[INFO] TensorBoard writer closed.

Command: python main.py --dataset twitch --backbone_type gcn --env_type graph --combine_result --store_result --epochs 200 --runs 3 --num_layers 2 --expert_agg mean --tau 3 --lr 0.01 --weight_decay 5e-5 --dropout 0.0 --K 3 --hidden_channels 64 --seed 123 --device 0 --lr 0.005 --weight_decay 5e-05 --dropout 0.1 --lamda 0.1 --K 3 --hidden_channels 64 --other_env_reduce sample --result_name twitch_stage1_lr0.005_weight_decay5e-05_dropout0.1_lamda0.1_K3_hidden_channels64_other_env_reducesample
Return code: 0
Elapsed: 138.22s
