Namespace(K=3, backbone_type='gcn', combine_result=True, cpu=False, data_dir='./data/', dataset='twitch', device=0, display_step=1, dropout=0.1, env_type='graph', epochs=200, expert_agg='mean', gate_hidden=64, hidden_channels=64, infer_env=False, infer_env_components=64, infer_env_iters=30, infer_env_num=3, lamda=0.5, lr=0.005, num_layers=2, other_env_reduce='env', pos_weight=5.0, result_name='twitch_stage1_lr0.005_weight_decay5e-05_dropout0.1_lamda0.5_K3_hidden_channels64_other_env_reduceenv', runs=3, seed=123, store_result=True, tau=3.0, use_bn=False, variant=False, weight_decay=5e-05)
dataset twitch: all nodes 34120 | edges 429113 | classes 2 | feats 3170
train nodes 7897 | valid nodes 3949 | test in nodes 3949
test ood1 nodes 4648 test ood2 nodes 6551 test ood3 nodes 7126 
[INFO] env numbers: 6 train env numbers: 3
MODEL: CaNet(
  (experts): ModuleList(
    (0): ExpertNet(
      (convs): ModuleList(
        (0): CaNetConv()
        (1): CaNetConv()
      )
      (fcs): ModuleList(
        (0): Linear(in_features=3170, out_features=64, bias=True)
        (1): Linear(in_features=64, out_features=2, bias=True)
      )
      (act_fn): ReLU()
    )
    (1): ExpertNet(
      (convs): ModuleList(
        (0): CaNetConv()
        (1): CaNetConv()
      )
      (fcs): ModuleList(
        (0): Linear(in_features=3170, out_features=64, bias=True)
        (1): Linear(in_features=64, out_features=2, bias=True)
      )
      (act_fn): ReLU()
    )
    (2): ExpertNet(
      (convs): ModuleList(
        (0): CaNetConv()
        (1): CaNetConv()
      )
      (fcs): ModuleList(
        (0): Linear(in_features=3170, out_features=64, bias=True)
        (1): Linear(in_features=64, out_features=2, bias=True)
      )
      (act_fn): ReLU()
    )
  )
  (gate): Sequential(
    (0): Linear(in_features=3170, out_features=64, bias=True)
    (1): ReLU()
    (2): Linear(in_features=64, out_features=3, bias=True)
  )
)
[INFO] TensorBoard logging activated. Logs will be saved to: ./runs/twitch/Apr16_12-30-31_lamda_0.5
Epoch: 00, Loss: 1.0460, Train: 55.12%, Valid: 51.82%, Test In: 53.03% Test OOD1: 46.04% Test OOD2: 51.81% Test OOD3: 50.14% 
Epoch: 01, Loss: 1.0407, Train: 52.01%, Valid: 49.60%, Test In: 50.56% Test OOD1: 44.46% Test OOD2: 51.14% Test OOD3: 48.67% 
Epoch: 02, Loss: 1.0341, Train: 49.63%, Valid: 47.86%, Test In: 48.70% Test OOD1: 43.35% Test OOD2: 50.84% Test OOD3: 47.75% 
Epoch: 03, Loss: 1.0243, Train: 47.96%, Valid: 46.67%, Test In: 47.53% Test OOD1: 42.61% Test OOD2: 50.63% Test OOD3: 47.07% 
Epoch: 04, Loss: 1.0126, Train: 47.12%, Valid: 46.10%, Test In: 47.03% Test OOD1: 42.27% Test OOD2: 50.51% Test OOD3: 46.74% 
Epoch: 05, Loss: 1.0007, Train: 48.47%, Valid: 47.17%, Test In: 48.13% Test OOD1: 42.68% Test OOD2: 50.56% Test OOD3: 47.07% 
Epoch: 06, Loss: 0.9966, Train: 56.25%, Valid: 53.28%, Test In: 54.34% Test OOD1: 45.30% Test OOD2: 51.09% Test OOD3: 49.37% 
Epoch: 07, Loss: 0.9935, Train: 71.36%, Valid: 66.00%, Test In: 66.98% Test OOD1: 54.84% Test OOD2: 52.22% Test OOD3: 56.55% 
Epoch: 08, Loss: 0.9848, Train: 75.32%, Valid: 69.51%, Test In: 70.80% Test OOD1: 65.09% Test OOD2: 51.68% Test OOD3: 62.36% 
Epoch: 09, Loss: 0.9734, Train: 73.04%, Valid: 68.25%, Test In: 68.88% Test OOD1: 65.26% Test OOD2: 51.26% Test OOD3: 62.20% 
Epoch: 10, Loss: 0.9624, Train: 72.18%, Valid: 67.77%, Test In: 68.17% Test OOD1: 65.01% Test OOD2: 51.18% Test OOD3: 62.03% 
Epoch: 11, Loss: 0.9522, Train: 72.39%, Valid: 67.95%, Test In: 68.41% Test OOD1: 65.17% Test OOD2: 51.26% Test OOD3: 62.18% 
Epoch: 12, Loss: 0.9406, Train: 73.02%, Valid: 68.37%, Test In: 68.98% Test OOD1: 65.48% Test OOD2: 51.38% Test OOD3: 62.44% 
Epoch: 13, Loss: 0.9287, Train: 73.61%, Valid: 68.78%, Test In: 69.49% Test OOD1: 65.79% Test OOD2: 51.50% Test OOD3: 62.68% 
Epoch: 14, Loss: 0.9158, Train: 74.66%, Valid: 69.39%, Test In: 70.26% Test OOD1: 66.10% Test OOD2: 51.76% Test OOD3: 63.05% 
Epoch: 15, Loss: 0.9061, Train: 74.43%, Valid: 69.31%, Test In: 70.08% Test OOD1: 66.17% Test OOD2: 51.66% Test OOD3: 62.98% 
Epoch: 16, Loss: 0.9002, Train: 75.56%, Valid: 69.83%, Test In: 70.72% Test OOD1: 66.03% Test OOD2: 51.97% Test OOD3: 63.30% 
Epoch: 17, Loss: 0.8923, Train: 76.00%, Valid: 69.97%, Test In: 70.88% Test OOD1: 65.92% Test OOD2: 52.06% Test OOD3: 63.39% 
Epoch: 18, Loss: 0.8868, Train: 76.00%, Valid: 69.94%, Test In: 70.81% Test OOD1: 66.14% Test OOD2: 51.95% Test OOD3: 63.36% 
Epoch: 19, Loss: 0.8811, Train: 76.64%, Valid: 70.14%, Test In: 71.05% Test OOD1: 65.93% Test OOD2: 52.10% Test OOD3: 63.46% 
Epoch: 20, Loss: 0.8736, Train: 77.35%, Valid: 70.23%, Test In: 71.22% Test OOD1: 65.44% Test OOD2: 52.29% Test OOD3: 63.51% 
Epoch: 21, Loss: 0.8686, Train: 77.54%, Valid: 70.24%, Test In: 71.24% Test OOD1: 65.63% Test OOD2: 52.26% Test OOD3: 63.51% 
Epoch: 22, Loss: 0.8588, Train: 77.77%, Valid: 70.19%, Test In: 71.20% Test OOD1: 65.71% Test OOD2: 52.27% Test OOD3: 63.50% 
Epoch: 23, Loss: 0.8503, Train: 78.32%, Valid: 70.18%, Test In: 71.22% Test OOD1: 65.37% Test OOD2: 52.39% Test OOD3: 63.42% 
Epoch: 24, Loss: 0.8429, Train: 78.84%, Valid: 70.12%, Test In: 71.18% Test OOD1: 65.07% Test OOD2: 52.47% Test OOD3: 63.30% 
Epoch: 25, Loss: 0.8373, Train: 79.22%, Valid: 70.18%, Test In: 71.21% Test OOD1: 65.21% Test OOD2: 52.45% Test OOD3: 63.28% 
Epoch: 26, Loss: 0.8296, Train: 79.53%, Valid: 70.17%, Test In: 71.17% Test OOD1: 65.32% Test OOD2: 52.42% Test OOD3: 63.24% 
Epoch: 27, Loss: 0.8196, Train: 79.94%, Valid: 70.03%, Test In: 71.02% Test OOD1: 65.05% Test OOD2: 52.44% Test OOD3: 63.07% 
Epoch: 28, Loss: 0.8115, Train: 80.36%, Valid: 69.86%, Test In: 70.83% Test OOD1: 64.66% Test OOD2: 52.49% Test OOD3: 62.83% 
Epoch: 29, Loss: 0.8073, Train: 80.83%, Valid: 69.96%, Test In: 70.87% Test OOD1: 64.67% Test OOD2: 52.47% Test OOD3: 62.76% 
Epoch: 30, Loss: 0.8009, Train: 81.31%, Valid: 70.05%, Test In: 70.89% Test OOD1: 64.64% Test OOD2: 52.47% Test OOD3: 62.69% 
Epoch: 31, Loss: 0.7930, Train: 81.74%, Valid: 69.82%, Test In: 70.64% Test OOD1: 64.09% Test OOD2: 52.49% Test OOD3: 62.36% 
Epoch: 32, Loss: 0.7813, Train: 81.99%, Valid: 69.56%, Test In: 70.36% Test OOD1: 63.64% Test OOD2: 52.46% Test OOD3: 62.06% 
Epoch: 33, Loss: 0.7808, Train: 82.41%, Valid: 69.70%, Test In: 70.47% Test OOD1: 63.74% Test OOD2: 52.39% Test OOD3: 62.08% 
Epoch: 34, Loss: 0.7718, Train: 83.01%, Valid: 69.61%, Test In: 70.36% Test OOD1: 63.29% Test OOD2: 52.38% Test OOD3: 61.84% 
Epoch: 35, Loss: 0.7638, Train: 83.45%, Valid: 69.45%, Test In: 70.14% Test OOD1: 62.92% Test OOD2: 52.34% Test OOD3: 61.61% 
Epoch: 36, Loss: 0.7545, Train: 83.46%, Valid: 69.51%, Test In: 70.16% Test OOD1: 63.15% Test OOD2: 52.19% Test OOD3: 61.66% 
Epoch: 37, Loss: 0.7495, Train: 83.84%, Valid: 69.34%, Test In: 69.97% Test OOD1: 62.79% Test OOD2: 52.14% Test OOD3: 61.46% 
Epoch: 38, Loss: 0.7373, Train: 84.30%, Valid: 69.21%, Test In: 69.84% Test OOD1: 62.52% Test OOD2: 52.12% Test OOD3: 61.32% 
Epoch: 39, Loss: 0.7374, Train: 84.52%, Valid: 69.45%, Test In: 70.10% Test OOD1: 62.85% Test OOD2: 52.00% Test OOD3: 61.48% 
Epoch: 40, Loss: 0.7300, Train: 84.81%, Valid: 69.33%, Test In: 70.03% Test OOD1: 62.63% Test OOD2: 51.94% Test OOD3: 61.36% 
Epoch: 41, Loss: 0.7152, Train: 85.10%, Valid: 69.07%, Test In: 69.79% Test OOD1: 62.21% Test OOD2: 51.91% Test OOD3: 61.10% 
Epoch: 42, Loss: 0.7122, Train: 85.46%, Valid: 69.21%, Test In: 69.97% Test OOD1: 62.34% Test OOD2: 51.81% Test OOD3: 61.14% 
Epoch: 43, Loss: 0.7002, Train: 85.63%, Valid: 69.25%, Test In: 70.06% Test OOD1: 62.36% Test OOD2: 51.71% Test OOD3: 61.12% 
Epoch: 44, Loss: 0.6977, Train: 86.19%, Valid: 69.13%, Test In: 69.99% Test OOD1: 61.99% Test OOD2: 51.72% Test OOD3: 60.91% 
Epoch: 45, Loss: 0.6849, Train: 86.47%, Valid: 69.08%, Test In: 70.00% Test OOD1: 61.80% Test OOD2: 51.66% Test OOD3: 60.77% 
Epoch: 46, Loss: 0.6806, Train: 86.78%, Valid: 69.16%, Test In: 70.15% Test OOD1: 61.97% Test OOD2: 51.57% Test OOD3: 60.78% 
Epoch: 47, Loss: 0.6688, Train: 86.92%, Valid: 69.08%, Test In: 70.05% Test OOD1: 61.78% Test OOD2: 51.56% Test OOD3: 60.58% 
Epoch: 48, Loss: 0.6602, Train: 87.53%, Valid: 68.86%, Test In: 69.91% Test OOD1: 61.89% Test OOD2: 51.44% Test OOD3: 60.46% 
Epoch: 49, Loss: 0.6558, Train: 87.21%, Valid: 68.94%, Test In: 69.95% Test OOD1: 61.76% Test OOD2: 51.39% Test OOD3: 60.39% 
Epoch: 50, Loss: 0.6473, Train: 87.96%, Valid: 68.82%, Test In: 69.89% Test OOD1: 61.87% Test OOD2: 51.35% Test OOD3: 60.37% 
Epoch: 51, Loss: 0.6343, Train: 88.16%, Valid: 68.68%, Test In: 69.79% Test OOD1: 61.47% Test OOD2: 51.27% Test OOD3: 60.22% 
Epoch: 52, Loss: 0.6246, Train: 88.13%, Valid: 68.79%, Test In: 69.84% Test OOD1: 61.38% Test OOD2: 51.18% Test OOD3: 60.21% 
Epoch: 53, Loss: 0.6167, Train: 88.97%, Valid: 68.56%, Test In: 69.65% Test OOD1: 61.47% Test OOD2: 51.17% Test OOD3: 60.20% 
Epoch: 54, Loss: 0.6092, Train: 88.73%, Valid: 68.59%, Test In: 69.61% Test OOD1: 61.23% Test OOD2: 51.09% Test OOD3: 60.13% 
Epoch: 55, Loss: 0.5989, Train: 88.85%, Valid: 68.65%, Test In: 69.61% Test OOD1: 61.17% Test OOD2: 51.06% Test OOD3: 60.11% 
Epoch: 56, Loss: 0.5863, Train: 89.62%, Valid: 68.41%, Test In: 69.44% Test OOD1: 61.39% Test OOD2: 51.08% Test OOD3: 60.18% 
Epoch: 57, Loss: 0.5860, Train: 89.19%, Valid: 68.50%, Test In: 69.45% Test OOD1: 61.15% Test OOD2: 51.00% Test OOD3: 60.15% 
Epoch: 58, Loss: 0.5825, Train: 89.67%, Valid: 68.50%, Test In: 69.49% Test OOD1: 61.03% Test OOD2: 51.07% Test OOD3: 60.04% 
Epoch: 59, Loss: 0.5763, Train: 89.94%, Valid: 68.52%, Test In: 69.52% Test OOD1: 61.49% Test OOD2: 51.03% Test OOD3: 60.34% 
Epoch: 60, Loss: 0.5655, Train: 90.22%, Valid: 68.48%, Test In: 69.46% Test OOD1: 61.04% Test OOD2: 50.99% Test OOD3: 60.19% 
Epoch: 61, Loss: 0.5434, Train: 90.36%, Valid: 68.43%, Test In: 69.39% Test OOD1: 60.78% Test OOD2: 50.96% Test OOD3: 60.01% 
Epoch: 62, Loss: 0.5531, Train: 90.69%, Valid: 68.44%, Test In: 69.39% Test OOD1: 61.35% Test OOD2: 51.00% Test OOD3: 60.22% 
Epoch: 63, Loss: 0.5346, Train: 90.98%, Valid: 68.46%, Test In: 69.34% Test OOD1: 61.13% Test OOD2: 50.98% Test OOD3: 60.05% 
Epoch: 64, Loss: 0.5228, Train: 91.00%, Valid: 68.45%, Test In: 69.32% Test OOD1: 60.70% Test OOD2: 50.91% Test OOD3: 59.81% 
Epoch: 65, Loss: 0.5241, Train: 91.47%, Valid: 68.51%, Test In: 69.34% Test OOD1: 61.01% Test OOD2: 50.92% Test OOD3: 60.00% 
Epoch: 66, Loss: 0.5072, Train: 91.85%, Valid: 68.55%, Test In: 69.38% Test OOD1: 61.09% Test OOD2: 50.96% Test OOD3: 60.05% 
Epoch: 67, Loss: 0.5038, Train: 91.80%, Valid: 68.59%, Test In: 69.42% Test OOD1: 60.83% Test OOD2: 50.92% Test OOD3: 59.90% 
Epoch: 68, Loss: 0.5005, Train: 92.14%, Valid: 68.60%, Test In: 69.34% Test OOD1: 61.01% Test OOD2: 50.85% Test OOD3: 60.03% 
Epoch: 69, Loss: 0.4887, Train: 92.70%, Valid: 68.46%, Test In: 69.21% Test OOD1: 60.89% Test OOD2: 50.77% Test OOD3: 60.00% 
Epoch: 70, Loss: 0.4808, Train: 92.88%, Valid: 68.45%, Test In: 69.20% Test OOD1: 60.84% Test OOD2: 50.76% Test OOD3: 59.90% 
Epoch: 71, Loss: 0.4689, Train: 92.80%, Valid: 68.53%, Test In: 69.26% Test OOD1: 60.72% Test OOD2: 50.74% Test OOD3: 59.82% 
Epoch: 72, Loss: 0.4679, Train: 93.65%, Valid: 68.35%, Test In: 69.09% Test OOD1: 60.58% Test OOD2: 50.69% Test OOD3: 59.75% 
Epoch: 73, Loss: 0.4578, Train: 93.70%, Valid: 68.40%, Test In: 69.11% Test OOD1: 60.35% Test OOD2: 50.66% Test OOD3: 59.61% 
Epoch: 74, Loss: 0.4427, Train: 93.62%, Valid: 68.42%, Test In: 69.09% Test OOD1: 60.34% Test OOD2: 50.70% Test OOD3: 59.44% 
Epoch: 75, Loss: 0.4457, Train: 94.25%, Valid: 68.23%, Test In: 68.95% Test OOD1: 60.69% Test OOD2: 50.75% Test OOD3: 59.44% 
Epoch: 76, Loss: 0.4379, Train: 94.39%, Valid: 68.25%, Test In: 68.95% Test OOD1: 60.57% Test OOD2: 50.67% Test OOD3: 59.34% 
Epoch: 77, Loss: 0.4256, Train: 94.64%, Valid: 68.09%, Test In: 68.83% Test OOD1: 60.15% Test OOD2: 50.65% Test OOD3: 59.03% 
Epoch: 78, Loss: 0.4394, Train: 94.56%, Valid: 68.16%, Test In: 69.05% Test OOD1: 60.81% Test OOD2: 50.59% Test OOD3: 59.35% 
Epoch: 79, Loss: 0.4288, Train: 95.24%, Valid: 68.05%, Test In: 68.99% Test OOD1: 60.73% Test OOD2: 50.54% Test OOD3: 59.34% 
Epoch: 80, Loss: 0.4090, Train: 95.34%, Valid: 68.18%, Test In: 69.03% Test OOD1: 60.22% Test OOD2: 50.46% Test OOD3: 59.19% 
Epoch: 81, Loss: 0.4056, Train: 95.30%, Valid: 68.31%, Test In: 69.22% Test OOD1: 60.30% Test OOD2: 50.47% Test OOD3: 59.21% 
Epoch: 82, Loss: 0.3955, Train: 95.90%, Valid: 68.17%, Test In: 69.13% Test OOD1: 60.53% Test OOD2: 50.57% Test OOD3: 59.23% 
Epoch: 83, Loss: 0.3820, Train: 96.10%, Valid: 68.11%, Test In: 69.00% Test OOD1: 60.54% Test OOD2: 50.66% Test OOD3: 59.12% 
Epoch: 84, Loss: 0.3817, Train: 95.85%, Valid: 68.31%, Test In: 69.14% Test OOD1: 60.64% Test OOD2: 50.70% Test OOD3: 59.16% 
Epoch: 85, Loss: 0.3749, Train: 96.35%, Valid: 68.20%, Test In: 68.98% Test OOD1: 60.84% Test OOD2: 50.69% Test OOD3: 59.22% 
Epoch: 86, Loss: 0.3640, Train: 96.57%, Valid: 68.06%, Test In: 68.88% Test OOD1: 60.86% Test OOD2: 50.68% Test OOD3: 59.18% 
Epoch: 87, Loss: 0.3562, Train: 96.52%, Valid: 68.19%, Test In: 69.03% Test OOD1: 60.75% Test OOD2: 50.63% Test OOD3: 59.16% 
Epoch: 88, Loss: 0.3506, Train: 96.96%, Valid: 68.08%, Test In: 68.96% Test OOD1: 60.43% Test OOD2: 50.56% Test OOD3: 59.05% 
Epoch: 89, Loss: 0.3378, Train: 97.34%, Valid: 67.93%, Test In: 68.82% Test OOD1: 60.30% Test OOD2: 50.58% Test OOD3: 58.93% 
Epoch: 90, Loss: 0.3443, Train: 97.04%, Valid: 68.02%, Test In: 68.99% Test OOD1: 60.82% Test OOD2: 50.73% Test OOD3: 59.12% 
Epoch: 91, Loss: 0.3378, Train: 97.22%, Valid: 67.94%, Test In: 68.90% Test OOD1: 60.96% Test OOD2: 50.76% Test OOD3: 59.13% 
Epoch: 92, Loss: 0.3171, Train: 97.60%, Valid: 67.79%, Test In: 68.74% Test OOD1: 60.92% Test OOD2: 50.70% Test OOD3: 59.13% 
Epoch: 93, Loss: 0.3242, Train: 97.53%, Valid: 67.88%, Test In: 68.93% Test OOD1: 60.98% Test OOD2: 50.72% Test OOD3: 59.19% 
Epoch: 94, Loss: 0.3095, Train: 97.82%, Valid: 67.79%, Test In: 68.86% Test OOD1: 60.86% Test OOD2: 50.70% Test OOD3: 59.08% 
Epoch: 95, Loss: 0.2988, Train: 98.19%, Valid: 67.59%, Test In: 68.68% Test OOD1: 60.70% Test OOD2: 50.68% Test OOD3: 58.97% 
Epoch: 96, Loss: 0.2979, Train: 98.07%, Valid: 67.73%, Test In: 68.90% Test OOD1: 60.74% Test OOD2: 50.72% Test OOD3: 59.02% 
Epoch: 97, Loss: 0.2879, Train: 98.17%, Valid: 67.71%, Test In: 68.90% Test OOD1: 60.61% Test OOD2: 50.72% Test OOD3: 58.98% 
Epoch: 98, Loss: 0.2811, Train: 98.50%, Valid: 67.42%, Test In: 68.60% Test OOD1: 60.66% Test OOD2: 50.71% Test OOD3: 59.01% 
Epoch: 99, Loss: 0.2924, Train: 98.48%, Valid: 67.58%, Test In: 68.76% Test OOD1: 60.70% Test OOD2: 50.74% Test OOD3: 59.04% 
Epoch: 100, Loss: 0.2762, Train: 98.60%, Valid: 67.49%, Test In: 68.69% Test OOD1: 60.69% Test OOD2: 50.72% Test OOD3: 58.97% 
Epoch: 101, Loss: 0.2682, Train: 98.83%, Valid: 67.20%, Test In: 68.40% Test OOD1: 60.61% Test OOD2: 50.60% Test OOD3: 58.92% 
Epoch: 102, Loss: 0.2661, Train: 98.69%, Valid: 67.44%, Test In: 68.68% Test OOD1: 60.55% Test OOD2: 50.54% Test OOD3: 58.92% 
Epoch: 103, Loss: 0.2566, Train: 98.80%, Valid: 67.55%, Test In: 68.71% Test OOD1: 60.27% Test OOD2: 50.52% Test OOD3: 58.83% 
Epoch: 104, Loss: 0.2560, Train: 99.16%, Valid: 67.24%, Test In: 68.30% Test OOD1: 60.47% Test OOD2: 50.48% Test OOD3: 58.91% 
Epoch: 105, Loss: 0.2489, Train: 99.06%, Valid: 67.57%, Test In: 68.61% Test OOD1: 60.59% Test OOD2: 50.54% Test OOD3: 58.97% 
Epoch: 106, Loss: 0.2387, Train: 99.04%, Valid: 67.69%, Test In: 68.62% Test OOD1: 60.63% Test OOD2: 50.57% Test OOD3: 59.02% 
Epoch: 107, Loss: 0.2399, Train: 99.24%, Valid: 67.50%, Test In: 68.35% Test OOD1: 60.76% Test OOD2: 50.56% Test OOD3: 59.07% 
Epoch: 108, Loss: 0.2337, Train: 99.26%, Valid: 67.54%, Test In: 68.48% Test OOD1: 60.80% Test OOD2: 50.55% Test OOD3: 58.99% 
Epoch: 109, Loss: 0.2233, Train: 99.28%, Valid: 67.56%, Test In: 68.59% Test OOD1: 60.45% Test OOD2: 50.54% Test OOD3: 58.70% 
Epoch: 110, Loss: 0.2268, Train: 99.46%, Valid: 67.45%, Test In: 68.45% Test OOD1: 60.45% Test OOD2: 50.50% Test OOD3: 58.65% 
Epoch: 111, Loss: 0.2108, Train: 99.52%, Valid: 67.32%, Test In: 68.30% Test OOD1: 60.53% Test OOD2: 50.44% Test OOD3: 58.66% 
Epoch: 112, Loss: 0.2111, Train: 99.45%, Valid: 67.33%, Test In: 68.43% Test OOD1: 60.70% Test OOD2: 50.48% Test OOD3: 58.75% 
Epoch: 113, Loss: 0.2056, Train: 99.52%, Valid: 67.35%, Test In: 68.42% Test OOD1: 60.72% Test OOD2: 50.47% Test OOD3: 58.84% 
Epoch: 114, Loss: 0.2023, Train: 99.70%, Valid: 67.16%, Test In: 68.15% Test OOD1: 60.42% Test OOD2: 50.46% Test OOD3: 58.75% 
Epoch: 115, Loss: 0.2001, Train: 99.73%, Valid: 67.17%, Test In: 68.26% Test OOD1: 60.19% Test OOD2: 50.56% Test OOD3: 58.65% 
Epoch: 116, Loss: 0.1924, Train: 99.73%, Valid: 67.13%, Test In: 68.39% Test OOD1: 60.25% Test OOD2: 50.68% Test OOD3: 58.63% 
Epoch: 117, Loss: 0.1906, Train: 99.73%, Valid: 67.05%, Test In: 68.39% Test OOD1: 60.35% Test OOD2: 50.78% Test OOD3: 58.63% 
Epoch: 118, Loss: 0.1832, Train: 99.76%, Valid: 67.03%, Test In: 68.36% Test OOD1: 60.24% Test OOD2: 50.85% Test OOD3: 58.61% 
Epoch: 119, Loss: 0.1780, Train: 99.79%, Valid: 66.94%, Test In: 68.36% Test OOD1: 60.12% Test OOD2: 50.84% Test OOD3: 58.45% 
Epoch: 120, Loss: 0.1763, Train: 99.83%, Valid: 66.75%, Test In: 68.23% Test OOD1: 60.18% Test OOD2: 50.79% Test OOD3: 58.34% 
Epoch: 121, Loss: 0.1717, Train: 99.87%, Valid: 66.61%, Test In: 68.06% Test OOD1: 60.33% Test OOD2: 50.74% Test OOD3: 58.42% 
Epoch: 122, Loss: 0.1711, Train: 99.86%, Valid: 66.83%, Test In: 68.15% Test OOD1: 60.29% Test OOD2: 50.72% Test OOD3: 58.55% 
Epoch: 123, Loss: 0.1735, Train: 99.85%, Valid: 66.89%, Test In: 68.27% Test OOD1: 60.48% Test OOD2: 50.80% Test OOD3: 58.63% 
Epoch: 124, Loss: 0.1655, Train: 99.87%, Valid: 66.83%, Test In: 68.28% Test OOD1: 60.70% Test OOD2: 50.86% Test OOD3: 58.69% 
Epoch: 125, Loss: 0.1602, Train: 99.92%, Valid: 66.70%, Test In: 68.10% Test OOD1: 60.48% Test OOD2: 50.86% Test OOD3: 58.61% 
Epoch: 126, Loss: 0.1688, Train: 99.90%, Valid: 66.96%, Test In: 68.31% Test OOD1: 60.52% Test OOD2: 50.89% Test OOD3: 58.81% 
Epoch: 127, Loss: 0.1890, Train: 99.91%, Valid: 66.90%, Test In: 68.22% Test OOD1: 60.03% Test OOD2: 50.89% Test OOD3: 58.49% 
Epoch: 128, Loss: 0.1838, Train: 99.93%, Valid: 66.76%, Test In: 68.25% Test OOD1: 60.25% Test OOD2: 50.86% Test OOD3: 58.50% 
Epoch: 129, Loss: 0.1650, Train: 99.95%, Valid: 66.50%, Test In: 67.95% Test OOD1: 60.27% Test OOD2: 50.76% Test OOD3: 58.42% 
Epoch: 130, Loss: 0.1496, Train: 99.95%, Valid: 66.59%, Test In: 67.96% Test OOD1: 60.17% Test OOD2: 50.64% Test OOD3: 58.41% 
Epoch: 131, Loss: 0.1586, Train: 99.93%, Valid: 66.90%, Test In: 68.33% Test OOD1: 60.26% Test OOD2: 50.67% Test OOD3: 58.58% 
Epoch: 132, Loss: 0.1598, Train: 99.95%, Valid: 66.80%, Test In: 68.22% Test OOD1: 60.39% Test OOD2: 50.65% Test OOD3: 58.56% 
Epoch: 133, Loss: 0.1430, Train: 99.97%, Valid: 66.68%, Test In: 68.02% Test OOD1: 60.51% Test OOD2: 50.65% Test OOD3: 58.57% 
Epoch: 134, Loss: 0.1504, Train: 99.97%, Valid: 66.82%, Test In: 68.20% Test OOD1: 60.62% Test OOD2: 50.71% Test OOD3: 58.72% 
Epoch: 135, Loss: 0.1422, Train: 99.96%, Valid: 67.13%, Test In: 68.45% Test OOD1: 60.49% Test OOD2: 50.80% Test OOD3: 58.76% 
Epoch: 136, Loss: 0.1366, Train: 99.97%, Valid: 67.11%, Test In: 68.40% Test OOD1: 60.45% Test OOD2: 50.79% Test OOD3: 58.78% 
Epoch: 137, Loss: 0.1392, Train: 99.98%, Valid: 66.90%, Test In: 68.26% Test OOD1: 60.56% Test OOD2: 50.72% Test OOD3: 58.74% 
Epoch: 138, Loss: 0.1353, Train: 99.99%, Valid: 66.83%, Test In: 68.24% Test OOD1: 60.53% Test OOD2: 50.68% Test OOD3: 58.64% 
Epoch: 139, Loss: 0.1296, Train: 99.98%, Valid: 66.91%, Test In: 68.33% Test OOD1: 60.27% Test OOD2: 50.63% Test OOD3: 58.48% 
Epoch: 140, Loss: 0.1351, Train: 99.99%, Valid: 66.90%, Test In: 68.38% Test OOD1: 60.17% Test OOD2: 50.59% Test OOD3: 58.43% 
Epoch: 141, Loss: 0.1289, Train: 99.99%, Valid: 66.81%, Test In: 68.32% Test OOD1: 60.24% Test OOD2: 50.58% Test OOD3: 58.42% 
Epoch: 142, Loss: 0.1301, Train: 99.99%, Valid: 66.80%, Test In: 68.29% Test OOD1: 60.36% Test OOD2: 50.59% Test OOD3: 58.41% 
Epoch: 143, Loss: 0.1308, Train: 99.99%, Valid: 66.90%, Test In: 68.42% Test OOD1: 60.45% Test OOD2: 50.67% Test OOD3: 58.38% 
Epoch: 144, Loss: 0.1289, Train: 99.99%, Valid: 66.88%, Test In: 68.35% Test OOD1: 60.38% Test OOD2: 50.71% Test OOD3: 58.30% 
Epoch: 145, Loss: 0.1210, Train: 99.99%, Valid: 66.87%, Test In: 68.23% Test OOD1: 60.23% Test OOD2: 50.70% Test OOD3: 58.24% 
Epoch: 146, Loss: 0.1233, Train: 99.99%, Valid: 67.00%, Test In: 68.40% Test OOD1: 60.33% Test OOD2: 50.74% Test OOD3: 58.30% 
Epoch: 147, Loss: 0.1191, Train: 99.99%, Valid: 66.86%, Test In: 68.36% Test OOD1: 60.48% Test OOD2: 50.69% Test OOD3: 58.41% 
Epoch: 148, Loss: 0.1202, Train: 100.00%, Valid: 66.80%, Test In: 68.26% Test OOD1: 60.43% Test OOD2: 50.62% Test OOD3: 58.47% 
Epoch: 149, Loss: 0.1157, Train: 99.99%, Valid: 66.93%, Test In: 68.31% Test OOD1: 60.32% Test OOD2: 50.62% Test OOD3: 58.52% 
Epoch: 150, Loss: 0.1192, Train: 99.99%, Valid: 67.02%, Test In: 68.35% Test OOD1: 60.38% Test OOD2: 50.62% Test OOD3: 58.60% 
Epoch: 151, Loss: 0.1191, Train: 100.00%, Valid: 67.01%, Test In: 68.26% Test OOD1: 60.58% Test OOD2: 50.60% Test OOD3: 58.63% 
Epoch: 152, Loss: 0.1133, Train: 100.00%, Valid: 67.04%, Test In: 68.22% Test OOD1: 60.78% Test OOD2: 50.61% Test OOD3: 58.63% 
Epoch: 153, Loss: 0.1140, Train: 100.00%, Valid: 67.13%, Test In: 68.28% Test OOD1: 60.92% Test OOD2: 50.68% Test OOD3: 58.63% 
Epoch: 154, Loss: 0.1098, Train: 100.00%, Valid: 67.24%, Test In: 68.30% Test OOD1: 60.83% Test OOD2: 50.74% Test OOD3: 58.59% 
Epoch: 155, Loss: 0.1142, Train: 100.00%, Valid: 67.19%, Test In: 68.22% Test OOD1: 60.84% Test OOD2: 50.76% Test OOD3: 58.56% 
Epoch: 156, Loss: 0.1134, Train: 100.00%, Valid: 67.21%, Test In: 68.33% Test OOD1: 60.96% Test OOD2: 50.87% Test OOD3: 58.64% 
Epoch: 157, Loss: 0.1064, Train: 100.00%, Valid: 67.16%, Test In: 68.37% Test OOD1: 60.82% Test OOD2: 50.92% Test OOD3: 58.63% 
Epoch: 158, Loss: 0.1101, Train: 100.00%, Valid: 67.14%, Test In: 68.35% Test OOD1: 60.54% Test OOD2: 50.95% Test OOD3: 58.52% 
Epoch: 159, Loss: 0.1203, Train: 100.00%, Valid: 67.13%, Test In: 68.53% Test OOD1: 60.77% Test OOD2: 51.03% Test OOD3: 58.64% 
Epoch: 160, Loss: 0.1204, Train: 100.00%, Valid: 66.95%, Test In: 68.40% Test OOD1: 60.74% Test OOD2: 50.97% Test OOD3: 58.50% 
Epoch: 161, Loss: 0.1093, Train: 100.00%, Valid: 66.85%, Test In: 68.18% Test OOD1: 60.53% Test OOD2: 50.88% Test OOD3: 58.34% 
Epoch: 162, Loss: 0.1077, Train: 100.00%, Valid: 66.93%, Test In: 68.23% Test OOD1: 60.63% Test OOD2: 50.83% Test OOD3: 58.43% 
Epoch: 163, Loss: 0.1087, Train: 100.00%, Valid: 66.93%, Test In: 68.21% Test OOD1: 60.68% Test OOD2: 50.73% Test OOD3: 58.40% 
Epoch: 164, Loss: 0.1098, Train: 100.00%, Valid: 66.82%, Test In: 68.08% Test OOD1: 60.70% Test OOD2: 50.65% Test OOD3: 58.38% 
Epoch: 165, Loss: 0.1055, Train: 100.00%, Valid: 66.76%, Test In: 68.10% Test OOD1: 60.78% Test OOD2: 50.63% Test OOD3: 58.45% 
Epoch: 166, Loss: 0.1033, Train: 100.00%, Valid: 66.96%, Test In: 68.39% Test OOD1: 60.68% Test OOD2: 50.64% Test OOD3: 58.53% 
Epoch: 167, Loss: 0.1064, Train: 100.00%, Valid: 66.97%, Test In: 68.33% Test OOD1: 60.47% Test OOD2: 50.66% Test OOD3: 58.52% 
Epoch: 168, Loss: 0.1063, Train: 100.00%, Valid: 66.87%, Test In: 68.27% Test OOD1: 60.53% Test OOD2: 50.70% Test OOD3: 58.60% 
Epoch: 169, Loss: 0.1064, Train: 100.00%, Valid: 66.96%, Test In: 68.44% Test OOD1: 60.64% Test OOD2: 50.77% Test OOD3: 58.69% 
Epoch: 170, Loss: 0.1051, Train: 100.00%, Valid: 67.04%, Test In: 68.40% Test OOD1: 60.66% Test OOD2: 50.80% Test OOD3: 58.67% 
Epoch: 171, Loss: 0.0974, Train: 100.00%, Valid: 67.13%, Test In: 68.35% Test OOD1: 60.69% Test OOD2: 50.81% Test OOD3: 58.65% 
Epoch: 172, Loss: 0.0961, Train: 100.00%, Valid: 67.11%, Test In: 68.28% Test OOD1: 60.83% Test OOD2: 50.81% Test OOD3: 58.69% 
Epoch: 173, Loss: 0.1030, Train: 100.00%, Valid: 67.07%, Test In: 68.27% Test OOD1: 60.92% Test OOD2: 50.78% Test OOD3: 58.69% 
Epoch: 174, Loss: 0.0988, Train: 100.00%, Valid: 67.07%, Test In: 68.23% Test OOD1: 60.81% Test OOD2: 50.73% Test OOD3: 58.59% 
Epoch: 175, Loss: 0.0963, Train: 100.00%, Valid: 67.04%, Test In: 68.20% Test OOD1: 60.73% Test OOD2: 50.68% Test OOD3: 58.54% 
Epoch: 176, Loss: 0.0905, Train: 100.00%, Valid: 67.01%, Test In: 68.24% Test OOD1: 60.80% Test OOD2: 50.67% Test OOD3: 58.61% 
Epoch: 177, Loss: 0.0933, Train: 100.00%, Valid: 66.96%, Test In: 68.19% Test OOD1: 60.72% Test OOD2: 50.67% Test OOD3: 58.59% 
Epoch: 178, Loss: 0.0982, Train: 100.00%, Valid: 66.95%, Test In: 68.18% Test OOD1: 60.63% Test OOD2: 50.69% Test OOD3: 58.55% 
Epoch: 179, Loss: 0.0981, Train: 100.00%, Valid: 66.85%, Test In: 68.22% Test OOD1: 60.92% Test OOD2: 50.70% Test OOD3: 58.74% 
Epoch: 180, Loss: 0.0981, Train: 100.00%, Valid: 66.86%, Test In: 68.23% Test OOD1: 61.08% Test OOD2: 50.69% Test OOD3: 58.94% 
Epoch: 181, Loss: 0.0918, Train: 100.00%, Valid: 67.03%, Test In: 68.37% Test OOD1: 61.02% Test OOD2: 50.72% Test OOD3: 59.06% 
Epoch: 182, Loss: 0.0948, Train: 100.00%, Valid: 67.05%, Test In: 68.44% Test OOD1: 61.04% Test OOD2: 50.72% Test OOD3: 59.17% 
Epoch: 183, Loss: 0.0916, Train: 100.00%, Valid: 67.03%, Test In: 68.45% Test OOD1: 60.97% Test OOD2: 50.74% Test OOD3: 59.15% 
Epoch: 184, Loss: 0.0853, Train: 100.00%, Valid: 67.07%, Test In: 68.47% Test OOD1: 60.68% Test OOD2: 50.75% Test OOD3: 59.06% 
Epoch: 185, Loss: 0.0912, Train: 100.00%, Valid: 67.18%, Test In: 68.59% Test OOD1: 60.52% Test OOD2: 50.84% Test OOD3: 59.07% 
Epoch: 186, Loss: 0.0914, Train: 100.00%, Valid: 67.18%, Test In: 68.63% Test OOD1: 60.63% Test OOD2: 50.87% Test OOD3: 59.13% 
Epoch: 187, Loss: 0.0892, Train: 100.00%, Valid: 67.06%, Test In: 68.53% Test OOD1: 60.81% Test OOD2: 50.84% Test OOD3: 59.17% 
Epoch: 188, Loss: 0.0914, Train: 100.00%, Valid: 67.12%, Test In: 68.59% Test OOD1: 60.75% Test OOD2: 50.85% Test OOD3: 59.13% 
Epoch: 189, Loss: 0.0941, Train: 100.00%, Valid: 67.13%, Test In: 68.63% Test OOD1: 60.75% Test OOD2: 50.87% Test OOD3: 59.10% 
Epoch: 190, Loss: 0.0844, Train: 100.00%, Valid: 67.02%, Test In: 68.52% Test OOD1: 60.70% Test OOD2: 50.86% Test OOD3: 58.96% 
Epoch: 191, Loss: 0.0892, Train: 100.00%, Valid: 66.96%, Test In: 68.45% Test OOD1: 60.69% Test OOD2: 50.85% Test OOD3: 58.82% 
Epoch: 192, Loss: 0.0907, Train: 100.00%, Valid: 67.02%, Test In: 68.55% Test OOD1: 60.78% Test OOD2: 50.87% Test OOD3: 58.70% 
Epoch: 193, Loss: 0.0908, Train: 100.00%, Valid: 67.07%, Test In: 68.59% Test OOD1: 60.87% Test OOD2: 50.87% Test OOD3: 58.68% 
Epoch: 194, Loss: 0.0895, Train: 100.00%, Valid: 67.11%, Test In: 68.56% Test OOD1: 60.84% Test OOD2: 50.83% Test OOD3: 58.65% 
Epoch: 195, Loss: 0.0821, Train: 100.00%, Valid: 67.17%, Test In: 68.61% Test OOD1: 60.96% Test OOD2: 50.80% Test OOD3: 58.79% 
Epoch: 196, Loss: 0.0827, Train: 100.00%, Valid: 67.24%, Test In: 68.66% Test OOD1: 61.21% Test OOD2: 50.79% Test OOD3: 59.05% 
Epoch: 197, Loss: 0.0858, Train: 100.00%, Valid: 67.24%, Test In: 68.58% Test OOD1: 61.14% Test OOD2: 50.74% Test OOD3: 59.13% 
Epoch: 198, Loss: 0.0823, Train: 100.00%, Valid: 67.21%, Test In: 68.48% Test OOD1: 60.89% Test OOD2: 50.70% Test OOD3: 59.12% 
Epoch: 199, Loss: 0.0893, Train: 100.00%, Valid: 67.19%, Test In: 68.52% Test OOD1: 60.91% Test OOD2: 50.70% Test OOD3: 59.14% 
Run 01:
Highest Train: 100.00
Highest Valid: 70.24
Highest In Test: 71.24
Highest OOD Test: 66.17
Highest OOD Test: 52.49
Highest OOD Test: 63.51
Chosen epoch: 22
Final Train: 77.54
Final In Test: 71.24
Final OOD Test: 65.63
Final OOD Test: 52.26
Final OOD Test: 63.51
Epoch: 00, Loss: 1.0437, Train: 53.11%, Valid: 50.44%, Test In: 51.52% Test OOD1: 45.77% Test OOD2: 50.88% Test OOD3: 49.84% 
Epoch: 01, Loss: 1.0391, Train: 48.04%, Valid: 46.60%, Test In: 47.67% Test OOD1: 42.69% Test OOD2: 50.50% Test OOD3: 47.40% 
Epoch: 02, Loss: 1.0337, Train: 46.27%, Valid: 45.39%, Test In: 46.43% Test OOD1: 41.94% Test OOD2: 50.36% Test OOD3: 46.56% 
Epoch: 03, Loss: 1.0265, Train: 46.12%, Valid: 45.36%, Test In: 46.39% Test OOD1: 41.88% Test OOD2: 50.36% Test OOD3: 46.46% 
Epoch: 04, Loss: 1.0191, Train: 50.71%, Valid: 48.96%, Test In: 50.08% Test OOD1: 43.31% Test OOD2: 50.66% Test OOD3: 47.80% 
Epoch: 05, Loss: 1.0106, Train: 61.74%, Valid: 57.91%, Test In: 59.02% Test OOD1: 47.42% Test OOD2: 51.46% Test OOD3: 51.35% 
Epoch: 06, Loss: 1.0007, Train: 68.74%, Valid: 63.98%, Test In: 64.99% Test OOD1: 51.93% Test OOD2: 51.92% Test OOD3: 54.64% 
Epoch: 07, Loss: 0.9904, Train: 70.17%, Valid: 65.15%, Test In: 66.24% Test OOD1: 53.42% Test OOD2: 52.05% Test OOD3: 55.55% 
Epoch: 08, Loss: 0.9846, Train: 73.49%, Valid: 67.92%, Test In: 69.37% Test OOD1: 58.49% Test OOD2: 52.30% Test OOD3: 58.90% 
Epoch: 09, Loss: 0.9789, Train: 75.15%, Valid: 69.29%, Test In: 70.77% Test OOD1: 64.90% Test OOD2: 51.79% Test OOD3: 62.40% 
Epoch: 10, Loss: 0.9699, Train: 73.05%, Valid: 68.18%, Test In: 69.00% Test OOD1: 65.47% Test OOD2: 51.36% Test OOD3: 62.28% 
Epoch: 11, Loss: 0.9585, Train: 72.02%, Valid: 67.59%, Test In: 68.15% Test OOD1: 65.09% Test OOD2: 51.26% Test OOD3: 61.95% 
Epoch: 12, Loss: 0.9467, Train: 72.36%, Valid: 67.78%, Test In: 68.44% Test OOD1: 65.28% Test OOD2: 51.38% Test OOD3: 62.09% 
Epoch: 13, Loss: 0.9354, Train: 72.65%, Valid: 68.02%, Test In: 68.69% Test OOD1: 65.45% Test OOD2: 51.43% Test OOD3: 62.20% 
Epoch: 14, Loss: 0.9251, Train: 73.01%, Valid: 68.35%, Test In: 69.01% Test OOD1: 65.64% Test OOD2: 51.44% Test OOD3: 62.34% 
Epoch: 15, Loss: 0.9145, Train: 74.11%, Valid: 69.03%, Test In: 69.82% Test OOD1: 65.90% Test OOD2: 51.63% Test OOD3: 62.75% 
Epoch: 16, Loss: 0.9017, Train: 74.67%, Valid: 69.46%, Test In: 70.25% Test OOD1: 66.01% Test OOD2: 51.67% Test OOD3: 62.95% 
Epoch: 17, Loss: 0.8937, Train: 75.44%, Valid: 69.90%, Test In: 70.74% Test OOD1: 65.89% Test OOD2: 51.86% Test OOD3: 63.18% 
Epoch: 18, Loss: 0.8864, Train: 76.02%, Valid: 70.18%, Test In: 71.06% Test OOD1: 65.81% Test OOD2: 51.99% Test OOD3: 63.30% 
Epoch: 19, Loss: 0.8791, Train: 76.58%, Valid: 70.33%, Test In: 71.24% Test OOD1: 65.64% Test OOD2: 52.19% Test OOD3: 63.35% 
Epoch: 20, Loss: 0.8737, Train: 77.15%, Valid: 70.39%, Test In: 71.35% Test OOD1: 65.39% Test OOD2: 52.39% Test OOD3: 63.35% 
Epoch: 21, Loss: 0.8659, Train: 77.54%, Valid: 70.53%, Test In: 71.47% Test OOD1: 65.53% Test OOD2: 52.46% Test OOD3: 63.38% 
Epoch: 22, Loss: 0.8596, Train: 78.21%, Valid: 70.40%, Test In: 71.40% Test OOD1: 64.75% Test OOD2: 52.68% Test OOD3: 63.18% 
Epoch: 23, Loss: 0.8529, Train: 78.62%, Valid: 70.67%, Test In: 71.61% Test OOD1: 65.17% Test OOD2: 52.66% Test OOD3: 63.27% 
Epoch: 24, Loss: 0.8432, Train: 79.03%, Valid: 70.62%, Test In: 71.55% Test OOD1: 65.11% Test OOD2: 52.71% Test OOD3: 63.19% 
Epoch: 25, Loss: 0.8338, Train: 79.44%, Valid: 70.32%, Test In: 71.24% Test OOD1: 64.60% Test OOD2: 52.77% Test OOD3: 62.94% 
Epoch: 26, Loss: 0.8273, Train: 79.83%, Valid: 70.27%, Test In: 71.15% Test OOD1: 64.60% Test OOD2: 52.76% Test OOD3: 62.86% 
Epoch: 27, Loss: 0.8216, Train: 80.18%, Valid: 70.38%, Test In: 71.26% Test OOD1: 64.87% Test OOD2: 52.71% Test OOD3: 62.90% 
Epoch: 28, Loss: 0.8120, Train: 80.59%, Valid: 70.20%, Test In: 71.09% Test OOD1: 64.53% Test OOD2: 52.71% Test OOD3: 62.69% 
Epoch: 29, Loss: 0.8031, Train: 80.90%, Valid: 69.93%, Test In: 70.79% Test OOD1: 64.11% Test OOD2: 52.71% Test OOD3: 62.41% 
Epoch: 30, Loss: 0.7974, Train: 81.37%, Valid: 70.11%, Test In: 70.94% Test OOD1: 64.27% Test OOD2: 52.67% Test OOD3: 62.44% 
Epoch: 31, Loss: 0.7859, Train: 81.87%, Valid: 70.15%, Test In: 70.96% Test OOD1: 64.15% Test OOD2: 52.64% Test OOD3: 62.36% 
Epoch: 32, Loss: 0.7812, Train: 82.33%, Valid: 69.91%, Test In: 70.68% Test OOD1: 63.59% Test OOD2: 52.62% Test OOD3: 62.06% 
Epoch: 33, Loss: 0.7754, Train: 82.67%, Valid: 69.85%, Test In: 70.60% Test OOD1: 63.39% Test OOD2: 52.54% Test OOD3: 61.94% 
Epoch: 34, Loss: 0.7661, Train: 83.06%, Valid: 69.79%, Test In: 70.55% Test OOD1: 63.16% Test OOD2: 52.45% Test OOD3: 61.80% 
Epoch: 35, Loss: 0.7597, Train: 83.59%, Valid: 69.67%, Test In: 70.39% Test OOD1: 62.75% Test OOD2: 52.41% Test OOD3: 61.58% 
Epoch: 36, Loss: 0.7517, Train: 84.01%, Valid: 69.68%, Test In: 70.38% Test OOD1: 62.69% Test OOD2: 52.35% Test OOD3: 61.49% 
Epoch: 37, Loss: 0.7452, Train: 84.38%, Valid: 69.42%, Test In: 70.09% Test OOD1: 62.31% Test OOD2: 52.31% Test OOD3: 61.23% 
Epoch: 38, Loss: 0.7353, Train: 84.51%, Valid: 69.40%, Test In: 70.05% Test OOD1: 62.40% Test OOD2: 52.19% Test OOD3: 61.18% 
Epoch: 39, Loss: 0.7297, Train: 85.17%, Valid: 69.30%, Test In: 69.95% Test OOD1: 62.15% Test OOD2: 52.18% Test OOD3: 61.06% 
Epoch: 40, Loss: 0.7207, Train: 85.47%, Valid: 69.25%, Test In: 69.93% Test OOD1: 62.11% Test OOD2: 52.05% Test OOD3: 60.96% 
Epoch: 41, Loss: 0.7131, Train: 85.74%, Valid: 69.00%, Test In: 69.73% Test OOD1: 61.90% Test OOD2: 52.00% Test OOD3: 60.77% 
Epoch: 42, Loss: 0.7083, Train: 85.93%, Valid: 69.15%, Test In: 69.94% Test OOD1: 62.12% Test OOD2: 51.96% Test OOD3: 60.88% 
Epoch: 43, Loss: 0.6976, Train: 86.58%, Valid: 68.89%, Test In: 69.73% Test OOD1: 61.79% Test OOD2: 51.92% Test OOD3: 60.67% 
Epoch: 44, Loss: 0.6902, Train: 86.65%, Valid: 68.96%, Test In: 69.83% Test OOD1: 61.89% Test OOD2: 51.76% Test OOD3: 60.70% 
Epoch: 45, Loss: 0.6899, Train: 87.10%, Valid: 68.77%, Test In: 69.70% Test OOD1: 61.50% Test OOD2: 51.86% Test OOD3: 60.50% 
Epoch: 46, Loss: 0.6802, Train: 87.62%, Valid: 68.90%, Test In: 69.87% Test OOD1: 61.57% Test OOD2: 51.70% Test OOD3: 60.52% 
Epoch: 47, Loss: 0.6670, Train: 87.97%, Valid: 68.69%, Test In: 69.72% Test OOD1: 61.36% Test OOD2: 51.54% Test OOD3: 60.35% 
Epoch: 48, Loss: 0.6623, Train: 88.28%, Valid: 68.50%, Test In: 69.58% Test OOD1: 61.17% Test OOD2: 51.60% Test OOD3: 60.23% 
Epoch: 49, Loss: 0.6583, Train: 88.52%, Valid: 68.75%, Test In: 69.84% Test OOD1: 61.54% Test OOD2: 51.60% Test OOD3: 60.37% 
Epoch: 50, Loss: 0.6484, Train: 89.28%, Valid: 68.19%, Test In: 69.36% Test OOD1: 61.32% Test OOD2: 51.46% Test OOD3: 60.10% 
Epoch: 51, Loss: 0.6390, Train: 88.96%, Valid: 68.38%, Test In: 69.51% Test OOD1: 61.55% Test OOD2: 51.32% Test OOD3: 60.20% 
Epoch: 52, Loss: 0.6255, Train: 89.47%, Valid: 68.20%, Test In: 69.31% Test OOD1: 61.38% Test OOD2: 51.39% Test OOD3: 60.04% 
Epoch: 53, Loss: 0.6230, Train: 90.04%, Valid: 68.35%, Test In: 69.54% Test OOD1: 61.71% Test OOD2: 51.31% Test OOD3: 60.22% 
Epoch: 54, Loss: 0.6132, Train: 90.07%, Valid: 68.36%, Test In: 69.56% Test OOD1: 61.67% Test OOD2: 51.27% Test OOD3: 60.23% 
Epoch: 55, Loss: 0.6013, Train: 90.06%, Valid: 68.19%, Test In: 69.38% Test OOD1: 61.37% Test OOD2: 51.22% Test OOD3: 60.05% 
Epoch: 56, Loss: 0.5993, Train: 90.62%, Valid: 68.29%, Test In: 69.52% Test OOD1: 61.70% Test OOD2: 51.18% Test OOD3: 60.23% 
Epoch: 57, Loss: 0.5899, Train: 91.11%, Valid: 68.25%, Test In: 69.41% Test OOD1: 61.64% Test OOD2: 51.21% Test OOD3: 60.14% 
Epoch: 58, Loss: 0.5783, Train: 90.91%, Valid: 68.30%, Test In: 69.43% Test OOD1: 61.52% Test OOD2: 51.13% Test OOD3: 60.10% 
Epoch: 59, Loss: 0.5704, Train: 91.32%, Valid: 68.20%, Test In: 69.33% Test OOD1: 61.68% Test OOD2: 51.13% Test OOD3: 60.17% 
Epoch: 60, Loss: 0.5602, Train: 91.84%, Valid: 68.03%, Test In: 69.17% Test OOD1: 61.52% Test OOD2: 51.12% Test OOD3: 60.03% 
Epoch: 61, Loss: 0.5533, Train: 91.40%, Valid: 68.32%, Test In: 69.53% Test OOD1: 61.40% Test OOD2: 51.03% Test OOD3: 60.06% 
Epoch: 62, Loss: 0.5494, Train: 92.26%, Valid: 68.21%, Test In: 69.41% Test OOD1: 61.46% Test OOD2: 51.02% Test OOD3: 60.01% 
Epoch: 63, Loss: 0.5371, Train: 92.60%, Valid: 68.19%, Test In: 69.35% Test OOD1: 61.24% Test OOD2: 50.99% Test OOD3: 59.83% 
Epoch: 64, Loss: 0.5303, Train: 92.09%, Valid: 68.45%, Test In: 69.63% Test OOD1: 61.05% Test OOD2: 50.94% Test OOD3: 59.80% 
Epoch: 65, Loss: 0.5269, Train: 93.00%, Valid: 68.19%, Test In: 69.35% Test OOD1: 61.16% Test OOD2: 50.97% Test OOD3: 59.72% 
Epoch: 66, Loss: 0.5153, Train: 92.88%, Valid: 68.34%, Test In: 69.52% Test OOD1: 61.39% Test OOD2: 50.96% Test OOD3: 59.91% 
Epoch: 67, Loss: 0.5042, Train: 92.90%, Valid: 68.35%, Test In: 69.60% Test OOD1: 61.11% Test OOD2: 50.94% Test OOD3: 59.78% 
Epoch: 68, Loss: 0.4950, Train: 93.49%, Valid: 68.24%, Test In: 69.49% Test OOD1: 61.05% Test OOD2: 50.97% Test OOD3: 59.74% 
Epoch: 69, Loss: 0.4841, Train: 93.37%, Valid: 68.40%, Test In: 69.77% Test OOD1: 61.28% Test OOD2: 51.01% Test OOD3: 59.92% 
Epoch: 70, Loss: 0.4750, Train: 93.63%, Valid: 68.37%, Test In: 69.79% Test OOD1: 61.07% Test OOD2: 50.97% Test OOD3: 59.73% 
Epoch: 71, Loss: 0.4588, Train: 94.06%, Valid: 68.24%, Test In: 69.66% Test OOD1: 61.13% Test OOD2: 51.03% Test OOD3: 59.70% 
Epoch: 72, Loss: 0.4515, Train: 94.20%, Valid: 68.18%, Test In: 69.62% Test OOD1: 61.07% Test OOD2: 51.01% Test OOD3: 59.59% 
Epoch: 73, Loss: 0.4509, Train: 94.64%, Valid: 68.08%, Test In: 69.49% Test OOD1: 60.91% Test OOD2: 50.97% Test OOD3: 59.43% 
Epoch: 74, Loss: 0.4351, Train: 94.66%, Valid: 68.19%, Test In: 69.58% Test OOD1: 60.83% Test OOD2: 50.91% Test OOD3: 59.40% 
Epoch: 75, Loss: 0.4320, Train: 95.33%, Valid: 68.07%, Test In: 69.45% Test OOD1: 60.40% Test OOD2: 50.88% Test OOD3: 59.26% 
Epoch: 76, Loss: 0.4304, Train: 94.94%, Valid: 68.33%, Test In: 69.76% Test OOD1: 60.43% Test OOD2: 50.83% Test OOD3: 59.37% 
Epoch: 77, Loss: 0.4297, Train: 95.60%, Valid: 68.15%, Test In: 69.58% Test OOD1: 60.80% Test OOD2: 50.89% Test OOD3: 59.56% 
Epoch: 78, Loss: 0.4090, Train: 95.63%, Valid: 68.22%, Test In: 69.64% Test OOD1: 60.71% Test OOD2: 50.85% Test OOD3: 59.58% 
Epoch: 79, Loss: 0.3955, Train: 95.60%, Valid: 68.24%, Test In: 69.66% Test OOD1: 60.65% Test OOD2: 50.84% Test OOD3: 59.60% 
Epoch: 80, Loss: 0.4021, Train: 96.19%, Valid: 68.12%, Test In: 69.54% Test OOD1: 60.66% Test OOD2: 50.87% Test OOD3: 59.52% 
Epoch: 81, Loss: 0.3781, Train: 96.18%, Valid: 68.18%, Test In: 69.68% Test OOD1: 60.66% Test OOD2: 50.82% Test OOD3: 59.37% 
Epoch: 82, Loss: 0.3666, Train: 96.50%, Valid: 68.08%, Test In: 69.63% Test OOD1: 60.79% Test OOD2: 50.83% Test OOD3: 59.32% 
Epoch: 83, Loss: 0.3656, Train: 96.62%, Valid: 68.04%, Test In: 69.59% Test OOD1: 60.14% Test OOD2: 50.82% Test OOD3: 58.99% 
Epoch: 84, Loss: 0.3619, Train: 97.06%, Valid: 68.10%, Test In: 69.60% Test OOD1: 60.46% Test OOD2: 50.85% Test OOD3: 59.14% 
Epoch: 85, Loss: 0.3451, Train: 97.06%, Valid: 68.16%, Test In: 69.62% Test OOD1: 60.73% Test OOD2: 50.85% Test OOD3: 59.19% 
Epoch: 86, Loss: 0.3408, Train: 97.08%, Valid: 68.16%, Test In: 69.57% Test OOD1: 60.30% Test OOD2: 50.86% Test OOD3: 59.01% 
Epoch: 87, Loss: 0.3417, Train: 97.51%, Valid: 68.04%, Test In: 69.44% Test OOD1: 60.75% Test OOD2: 50.89% Test OOD3: 59.19% 
Epoch: 88, Loss: 0.3317, Train: 97.57%, Valid: 68.01%, Test In: 69.46% Test OOD1: 60.44% Test OOD2: 50.88% Test OOD3: 59.08% 
Epoch: 89, Loss: 0.3139, Train: 97.66%, Valid: 67.91%, Test In: 69.47% Test OOD1: 60.25% Test OOD2: 50.84% Test OOD3: 58.98% 
Epoch: 90, Loss: 0.3142, Train: 97.93%, Valid: 67.82%, Test In: 69.44% Test OOD1: 60.54% Test OOD2: 50.84% Test OOD3: 59.12% 
Epoch: 91, Loss: 0.3144, Train: 98.14%, Valid: 67.74%, Test In: 69.35% Test OOD1: 60.17% Test OOD2: 50.85% Test OOD3: 59.02% 
Epoch: 92, Loss: 0.3036, Train: 97.87%, Valid: 68.02%, Test In: 69.57% Test OOD1: 60.10% Test OOD2: 50.82% Test OOD3: 59.00% 
Epoch: 93, Loss: 0.3027, Train: 98.33%, Valid: 67.88%, Test In: 69.26% Test OOD1: 60.50% Test OOD2: 50.77% Test OOD3: 59.13% 
Epoch: 94, Loss: 0.2879, Train: 98.41%, Valid: 67.91%, Test In: 69.18% Test OOD1: 60.54% Test OOD2: 50.76% Test OOD3: 59.08% 
Epoch: 95, Loss: 0.2832, Train: 98.18%, Valid: 68.09%, Test In: 69.38% Test OOD1: 60.42% Test OOD2: 50.75% Test OOD3: 58.98% 
Epoch: 96, Loss: 0.2935, Train: 98.63%, Valid: 67.90%, Test In: 69.14% Test OOD1: 60.31% Test OOD2: 50.81% Test OOD3: 58.81% 
Epoch: 97, Loss: 0.2739, Train: 98.72%, Valid: 67.83%, Test In: 69.16% Test OOD1: 60.50% Test OOD2: 50.81% Test OOD3: 58.80% 
Epoch: 98, Loss: 0.2688, Train: 98.65%, Valid: 67.92%, Test In: 69.25% Test OOD1: 60.40% Test OOD2: 50.85% Test OOD3: 58.76% 
Epoch: 99, Loss: 0.2575, Train: 98.80%, Valid: 67.81%, Test In: 69.12% Test OOD1: 60.30% Test OOD2: 50.94% Test OOD3: 58.79% 
Epoch: 100, Loss: 0.2519, Train: 98.92%, Valid: 67.72%, Test In: 69.17% Test OOD1: 60.53% Test OOD2: 50.96% Test OOD3: 58.96% 
Epoch: 101, Loss: 0.2455, Train: 98.97%, Valid: 67.70%, Test In: 69.22% Test OOD1: 60.65% Test OOD2: 50.94% Test OOD3: 59.00% 
Epoch: 102, Loss: 0.2456, Train: 99.09%, Valid: 67.72%, Test In: 69.11% Test OOD1: 60.45% Test OOD2: 50.97% Test OOD3: 58.85% 
Epoch: 103, Loss: 0.2478, Train: 99.10%, Valid: 67.74%, Test In: 69.20% Test OOD1: 60.56% Test OOD2: 50.90% Test OOD3: 58.81% 
Epoch: 104, Loss: 0.2409, Train: 99.27%, Valid: 67.63%, Test In: 69.07% Test OOD1: 60.53% Test OOD2: 50.89% Test OOD3: 58.62% 
Epoch: 105, Loss: 0.2288, Train: 99.34%, Valid: 67.57%, Test In: 69.01% Test OOD1: 60.45% Test OOD2: 50.90% Test OOD3: 58.48% 
Epoch: 106, Loss: 0.2222, Train: 99.33%, Valid: 67.61%, Test In: 69.09% Test OOD1: 60.61% Test OOD2: 50.90% Test OOD3: 58.53% 
Epoch: 107, Loss: 0.2277, Train: 99.44%, Valid: 67.54%, Test In: 69.03% Test OOD1: 60.63% Test OOD2: 50.93% Test OOD3: 58.51% 
Epoch: 108, Loss: 0.2154, Train: 99.48%, Valid: 67.58%, Test In: 69.02% Test OOD1: 60.60% Test OOD2: 50.97% Test OOD3: 58.53% 
Epoch: 109, Loss: 0.2121, Train: 99.46%, Valid: 67.69%, Test In: 69.10% Test OOD1: 60.59% Test OOD2: 50.98% Test OOD3: 58.57% 
Epoch: 110, Loss: 0.2184, Train: 99.57%, Valid: 67.64%, Test In: 68.98% Test OOD1: 60.57% Test OOD2: 50.98% Test OOD3: 58.54% 
Epoch: 111, Loss: 0.2082, Train: 99.56%, Valid: 67.68%, Test In: 68.94% Test OOD1: 60.62% Test OOD2: 50.93% Test OOD3: 58.58% 
Epoch: 112, Loss: 0.1969, Train: 99.58%, Valid: 67.66%, Test In: 68.86% Test OOD1: 60.69% Test OOD2: 50.87% Test OOD3: 58.59% 
Epoch: 113, Loss: 0.1963, Train: 99.65%, Valid: 67.52%, Test In: 68.71% Test OOD1: 60.74% Test OOD2: 50.88% Test OOD3: 58.57% 
Epoch: 114, Loss: 0.1993, Train: 99.63%, Valid: 67.60%, Test In: 68.74% Test OOD1: 60.87% Test OOD2: 50.88% Test OOD3: 58.54% 
Epoch: 115, Loss: 0.1827, Train: 99.66%, Valid: 67.61%, Test In: 68.70% Test OOD1: 60.75% Test OOD2: 50.91% Test OOD3: 58.45% 
Epoch: 116, Loss: 0.1865, Train: 99.73%, Valid: 67.53%, Test In: 68.62% Test OOD1: 60.62% Test OOD2: 50.95% Test OOD3: 58.36% 
Epoch: 117, Loss: 0.1881, Train: 99.74%, Valid: 67.60%, Test In: 68.65% Test OOD1: 60.64% Test OOD2: 50.98% Test OOD3: 58.34% 
Epoch: 118, Loss: 0.1788, Train: 99.81%, Valid: 67.58%, Test In: 68.56% Test OOD1: 60.48% Test OOD2: 51.04% Test OOD3: 58.28% 
Epoch: 119, Loss: 0.1777, Train: 99.84%, Valid: 67.56%, Test In: 68.49% Test OOD1: 60.57% Test OOD2: 51.11% Test OOD3: 58.39% 
Epoch: 120, Loss: 0.1780, Train: 99.82%, Valid: 67.65%, Test In: 68.51% Test OOD1: 60.60% Test OOD2: 51.18% Test OOD3: 58.54% 
Epoch: 121, Loss: 0.1709, Train: 99.82%, Valid: 67.66%, Test In: 68.49% Test OOD1: 60.64% Test OOD2: 51.18% Test OOD3: 58.58% 
Epoch: 122, Loss: 0.1625, Train: 99.80%, Valid: 67.58%, Test In: 68.50% Test OOD1: 60.95% Test OOD2: 51.13% Test OOD3: 58.69% 
Epoch: 123, Loss: 0.1707, Train: 99.88%, Valid: 67.52%, Test In: 68.45% Test OOD1: 60.84% Test OOD2: 51.16% Test OOD3: 58.64% 
Epoch: 124, Loss: 0.1593, Train: 99.89%, Valid: 67.66%, Test In: 68.53% Test OOD1: 60.67% Test OOD2: 51.14% Test OOD3: 58.51% 
Epoch: 125, Loss: 0.1609, Train: 99.90%, Valid: 67.65%, Test In: 68.51% Test OOD1: 60.78% Test OOD2: 51.11% Test OOD3: 58.45% 
Epoch: 126, Loss: 0.1601, Train: 99.94%, Valid: 67.53%, Test In: 68.33% Test OOD1: 60.88% Test OOD2: 51.18% Test OOD3: 58.40% 
Epoch: 127, Loss: 0.1576, Train: 99.91%, Valid: 67.56%, Test In: 68.44% Test OOD1: 61.14% Test OOD2: 51.19% Test OOD3: 58.53% 
Epoch: 128, Loss: 0.1539, Train: 99.92%, Valid: 67.65%, Test In: 68.53% Test OOD1: 61.03% Test OOD2: 51.21% Test OOD3: 58.56% 
Epoch: 129, Loss: 0.1516, Train: 99.94%, Valid: 67.53%, Test In: 68.49% Test OOD1: 60.94% Test OOD2: 51.20% Test OOD3: 58.50% 
Epoch: 130, Loss: 0.1499, Train: 99.94%, Valid: 67.35%, Test In: 68.54% Test OOD1: 60.99% Test OOD2: 51.17% Test OOD3: 58.52% 
Epoch: 131, Loss: 0.1468, Train: 99.94%, Valid: 67.48%, Test In: 68.63% Test OOD1: 60.71% Test OOD2: 51.15% Test OOD3: 58.46% 
Epoch: 132, Loss: 0.1444, Train: 99.96%, Valid: 67.39%, Test In: 68.55% Test OOD1: 60.69% Test OOD2: 51.19% Test OOD3: 58.47% 
Epoch: 133, Loss: 0.1513, Train: 99.94%, Valid: 67.36%, Test In: 68.58% Test OOD1: 61.00% Test OOD2: 51.11% Test OOD3: 58.59% 
Epoch: 134, Loss: 0.1580, Train: 99.98%, Valid: 67.39%, Test In: 68.41% Test OOD1: 60.76% Test OOD2: 51.18% Test OOD3: 58.46% 
Epoch: 135, Loss: 0.1564, Train: 99.95%, Valid: 67.45%, Test In: 68.54% Test OOD1: 61.08% Test OOD2: 51.12% Test OOD3: 58.60% 
Epoch: 136, Loss: 0.1368, Train: 99.95%, Valid: 67.43%, Test In: 68.54% Test OOD1: 61.19% Test OOD2: 51.13% Test OOD3: 58.67% 
Epoch: 137, Loss: 0.1380, Train: 99.98%, Valid: 67.40%, Test In: 68.47% Test OOD1: 61.00% Test OOD2: 51.15% Test OOD3: 58.59% 
Epoch: 138, Loss: 0.1381, Train: 99.99%, Valid: 67.36%, Test In: 68.46% Test OOD1: 60.93% Test OOD2: 51.09% Test OOD3: 58.53% 
Epoch: 139, Loss: 0.1302, Train: 99.99%, Valid: 67.33%, Test In: 68.45% Test OOD1: 60.96% Test OOD2: 51.02% Test OOD3: 58.55% 
Epoch: 140, Loss: 0.1377, Train: 99.99%, Valid: 67.20%, Test In: 68.23% Test OOD1: 60.85% Test OOD2: 51.05% Test OOD3: 58.54% 
Epoch: 141, Loss: 0.1376, Train: 99.99%, Valid: 67.29%, Test In: 68.33% Test OOD1: 60.81% Test OOD2: 51.04% Test OOD3: 58.70% 
Epoch: 142, Loss: 0.1285, Train: 99.98%, Valid: 67.35%, Test In: 68.46% Test OOD1: 60.98% Test OOD2: 51.00% Test OOD3: 58.93% 
Epoch: 143, Loss: 0.1358, Train: 99.99%, Valid: 67.31%, Test In: 68.44% Test OOD1: 60.88% Test OOD2: 51.06% Test OOD3: 58.93% 
Epoch: 144, Loss: 0.1316, Train: 99.99%, Valid: 67.31%, Test In: 68.45% Test OOD1: 60.85% Test OOD2: 51.09% Test OOD3: 58.90% 
Epoch: 145, Loss: 0.1326, Train: 99.99%, Valid: 67.40%, Test In: 68.55% Test OOD1: 60.88% Test OOD2: 51.06% Test OOD3: 58.89% 
Epoch: 146, Loss: 0.1297, Train: 99.99%, Valid: 67.39%, Test In: 68.47% Test OOD1: 60.78% Test OOD2: 51.08% Test OOD3: 58.83% 
Epoch: 147, Loss: 0.1201, Train: 100.00%, Valid: 67.32%, Test In: 68.32% Test OOD1: 60.77% Test OOD2: 51.08% Test OOD3: 58.84% 
Epoch: 148, Loss: 0.1245, Train: 100.00%, Valid: 67.44%, Test In: 68.40% Test OOD1: 61.02% Test OOD2: 51.04% Test OOD3: 59.08% 
Epoch: 149, Loss: 0.1160, Train: 99.99%, Valid: 67.40%, Test In: 68.37% Test OOD1: 61.22% Test OOD2: 51.00% Test OOD3: 59.22% 
Epoch: 150, Loss: 0.1267, Train: 100.00%, Valid: 67.24%, Test In: 68.22% Test OOD1: 61.25% Test OOD2: 51.03% Test OOD3: 59.23% 
Epoch: 151, Loss: 0.1178, Train: 100.00%, Valid: 67.23%, Test In: 68.19% Test OOD1: 61.20% Test OOD2: 51.08% Test OOD3: 59.21% 
Epoch: 152, Loss: 0.1194, Train: 99.99%, Valid: 67.37%, Test In: 68.24% Test OOD1: 61.14% Test OOD2: 51.08% Test OOD3: 59.11% 
Epoch: 153, Loss: 0.1197, Train: 100.00%, Valid: 67.33%, Test In: 68.18% Test OOD1: 61.06% Test OOD2: 51.12% Test OOD3: 58.99% 
Epoch: 154, Loss: 0.1129, Train: 100.00%, Valid: 67.38%, Test In: 68.19% Test OOD1: 60.89% Test OOD2: 51.18% Test OOD3: 58.92% 
Epoch: 155, Loss: 0.1165, Train: 100.00%, Valid: 67.58%, Test In: 68.42% Test OOD1: 60.80% Test OOD2: 51.16% Test OOD3: 58.97% 
Epoch: 156, Loss: 0.1125, Train: 100.00%, Valid: 67.54%, Test In: 68.44% Test OOD1: 61.06% Test OOD2: 51.15% Test OOD3: 59.10% 
Epoch: 157, Loss: 0.1115, Train: 100.00%, Valid: 67.50%, Test In: 68.34% Test OOD1: 61.15% Test OOD2: 51.13% Test OOD3: 59.15% 
Epoch: 158, Loss: 0.1119, Train: 100.00%, Valid: 67.55%, Test In: 68.32% Test OOD1: 61.25% Test OOD2: 51.05% Test OOD3: 59.21% 
Epoch: 159, Loss: 0.1094, Train: 100.00%, Valid: 67.61%, Test In: 68.35% Test OOD1: 61.31% Test OOD2: 50.97% Test OOD3: 59.24% 
Epoch: 160, Loss: 0.1097, Train: 100.00%, Valid: 67.49%, Test In: 68.23% Test OOD1: 61.28% Test OOD2: 50.95% Test OOD3: 59.16% 
Epoch: 161, Loss: 0.1096, Train: 100.00%, Valid: 67.46%, Test In: 68.16% Test OOD1: 61.20% Test OOD2: 50.98% Test OOD3: 59.15% 
Epoch: 162, Loss: 0.1111, Train: 100.00%, Valid: 67.54%, Test In: 68.24% Test OOD1: 61.26% Test OOD2: 50.93% Test OOD3: 59.20% 
Epoch: 163, Loss: 0.1023, Train: 100.00%, Valid: 67.49%, Test In: 68.20% Test OOD1: 61.21% Test OOD2: 50.94% Test OOD3: 59.19% 
Epoch: 164, Loss: 0.1132, Train: 100.00%, Valid: 67.35%, Test In: 68.09% Test OOD1: 60.97% Test OOD2: 51.06% Test OOD3: 59.06% 
Epoch: 165, Loss: 0.1115, Train: 100.00%, Valid: 67.34%, Test In: 68.13% Test OOD1: 60.92% Test OOD2: 51.09% Test OOD3: 59.02% 
Epoch: 166, Loss: 0.1082, Train: 100.00%, Valid: 67.45%, Test In: 68.29% Test OOD1: 60.82% Test OOD2: 51.05% Test OOD3: 58.93% 
Epoch: 167, Loss: 0.1088, Train: 100.00%, Valid: 67.32%, Test In: 68.22% Test OOD1: 60.92% Test OOD2: 51.09% Test OOD3: 58.83% 
Epoch: 168, Loss: 0.1021, Train: 100.00%, Valid: 67.34%, Test In: 68.26% Test OOD1: 61.05% Test OOD2: 51.10% Test OOD3: 58.90% 
Epoch: 169, Loss: 0.1051, Train: 100.00%, Valid: 67.39%, Test In: 68.32% Test OOD1: 61.18% Test OOD2: 51.07% Test OOD3: 58.95% 
Epoch: 170, Loss: 0.1101, Train: 100.00%, Valid: 67.48%, Test In: 68.33% Test OOD1: 61.07% Test OOD2: 51.06% Test OOD3: 58.92% 
Epoch: 171, Loss: 0.1087, Train: 100.00%, Valid: 67.38%, Test In: 68.20% Test OOD1: 61.17% Test OOD2: 51.10% Test OOD3: 58.90% 
Epoch: 172, Loss: 0.1037, Train: 100.00%, Valid: 67.42%, Test In: 68.20% Test OOD1: 61.28% Test OOD2: 51.08% Test OOD3: 58.93% 
Epoch: 173, Loss: 0.1004, Train: 100.00%, Valid: 67.51%, Test In: 68.24% Test OOD1: 61.29% Test OOD2: 51.08% Test OOD3: 59.00% 
Epoch: 174, Loss: 0.1052, Train: 100.00%, Valid: 67.48%, Test In: 68.25% Test OOD1: 61.30% Test OOD2: 51.14% Test OOD3: 58.98% 
Epoch: 175, Loss: 0.0963, Train: 100.00%, Valid: 67.39%, Test In: 68.22% Test OOD1: 61.40% Test OOD2: 51.16% Test OOD3: 58.98% 
Epoch: 176, Loss: 0.0992, Train: 100.00%, Valid: 67.36%, Test In: 68.28% Test OOD1: 61.46% Test OOD2: 51.10% Test OOD3: 59.00% 
Epoch: 177, Loss: 0.1009, Train: 100.00%, Valid: 67.40%, Test In: 68.39% Test OOD1: 61.37% Test OOD2: 51.06% Test OOD3: 58.99% 
Epoch: 178, Loss: 0.0994, Train: 100.00%, Valid: 67.41%, Test In: 68.47% Test OOD1: 61.27% Test OOD2: 51.09% Test OOD3: 58.96% 
Epoch: 179, Loss: 0.1003, Train: 100.00%, Valid: 67.47%, Test In: 68.52% Test OOD1: 61.31% Test OOD2: 51.09% Test OOD3: 59.00% 
Epoch: 180, Loss: 0.0976, Train: 100.00%, Valid: 67.42%, Test In: 68.49% Test OOD1: 61.54% Test OOD2: 51.04% Test OOD3: 59.04% 
Epoch: 181, Loss: 0.0946, Train: 100.00%, Valid: 67.46%, Test In: 68.50% Test OOD1: 61.38% Test OOD2: 51.02% Test OOD3: 58.93% 
Epoch: 182, Loss: 0.0980, Train: 100.00%, Valid: 67.45%, Test In: 68.40% Test OOD1: 61.09% Test OOD2: 51.05% Test OOD3: 58.86% 
Epoch: 183, Loss: 0.0944, Train: 100.00%, Valid: 67.47%, Test In: 68.36% Test OOD1: 61.03% Test OOD2: 51.02% Test OOD3: 58.93% 
Epoch: 184, Loss: 0.0990, Train: 100.00%, Valid: 67.38%, Test In: 68.36% Test OOD1: 61.00% Test OOD2: 50.98% Test OOD3: 58.96% 
Epoch: 185, Loss: 0.0941, Train: 100.00%, Valid: 67.21%, Test In: 68.26% Test OOD1: 61.14% Test OOD2: 51.04% Test OOD3: 58.97% 
Epoch: 186, Loss: 0.0970, Train: 100.00%, Valid: 67.14%, Test In: 68.28% Test OOD1: 61.34% Test OOD2: 51.05% Test OOD3: 59.08% 
Epoch: 187, Loss: 0.0972, Train: 100.00%, Valid: 67.25%, Test In: 68.50% Test OOD1: 61.34% Test OOD2: 51.01% Test OOD3: 59.18% 
Epoch: 188, Loss: 0.0931, Train: 100.00%, Valid: 67.24%, Test In: 68.56% Test OOD1: 61.31% Test OOD2: 51.02% Test OOD3: 59.20% 
Epoch: 189, Loss: 0.1004, Train: 100.00%, Valid: 67.14%, Test In: 68.52% Test OOD1: 61.40% Test OOD2: 51.09% Test OOD3: 59.15% 
Epoch: 190, Loss: 0.0969, Train: 100.00%, Valid: 67.29%, Test In: 68.66% Test OOD1: 61.32% Test OOD2: 51.01% Test OOD3: 59.11% 
Epoch: 191, Loss: 0.0975, Train: 100.00%, Valid: 67.43%, Test In: 68.70% Test OOD1: 61.09% Test OOD2: 51.07% Test OOD3: 59.02% 
Epoch: 192, Loss: 0.0915, Train: 100.00%, Valid: 67.43%, Test In: 68.58% Test OOD1: 60.95% Test OOD2: 51.13% Test OOD3: 58.90% 
Epoch: 193, Loss: 0.0975, Train: 100.00%, Valid: 67.36%, Test In: 68.47% Test OOD1: 61.18% Test OOD2: 51.09% Test OOD3: 58.88% 
Epoch: 194, Loss: 0.0965, Train: 100.00%, Valid: 67.32%, Test In: 68.42% Test OOD1: 61.28% Test OOD2: 51.08% Test OOD3: 58.79% 
Epoch: 195, Loss: 0.0900, Train: 100.00%, Valid: 67.35%, Test In: 68.44% Test OOD1: 61.27% Test OOD2: 51.12% Test OOD3: 58.79% 
Epoch: 196, Loss: 0.0961, Train: 100.00%, Valid: 67.27%, Test In: 68.36% Test OOD1: 61.51% Test OOD2: 51.16% Test OOD3: 58.86% 
Epoch: 197, Loss: 0.0979, Train: 100.00%, Valid: 67.34%, Test In: 68.44% Test OOD1: 61.55% Test OOD2: 51.13% Test OOD3: 58.91% 
Epoch: 198, Loss: 0.0905, Train: 100.00%, Valid: 67.41%, Test In: 68.52% Test OOD1: 61.33% Test OOD2: 51.15% Test OOD3: 58.82% 
Epoch: 199, Loss: 0.0895, Train: 100.00%, Valid: 67.31%, Test In: 68.47% Test OOD1: 61.18% Test OOD2: 51.17% Test OOD3: 58.68% 
Run 02:
Highest Train: 100.00
Highest Valid: 70.67
Highest In Test: 71.61
Highest OOD Test: 66.01
Highest OOD Test: 52.77
Highest OOD Test: 63.38
Chosen epoch: 24
Final Train: 78.62
Final In Test: 71.61
Final OOD Test: 65.17
Final OOD Test: 52.66
Final OOD Test: 63.27
Epoch: 00, Loss: 1.0378, Train: 64.31%, Valid: 58.75%, Test In: 60.96% Test OOD1: 53.58% Test OOD2: 51.88% Test OOD3: 54.73% 
Epoch: 01, Loss: 1.0333, Train: 61.05%, Valid: 56.44%, Test In: 57.99% Test OOD1: 49.29% Test OOD2: 51.97% Test OOD3: 52.48% 
Epoch: 02, Loss: 1.0274, Train: 55.83%, Valid: 52.66%, Test In: 53.88% Test OOD1: 45.86% Test OOD2: 51.37% Test OOD3: 50.02% 
Epoch: 03, Loss: 1.0192, Train: 52.25%, Valid: 50.04%, Test In: 51.12% Test OOD1: 44.16% Test OOD2: 50.95% Test OOD3: 48.55% 
Epoch: 04, Loss: 1.0085, Train: 52.39%, Valid: 50.19%, Test In: 51.24% Test OOD1: 44.08% Test OOD2: 50.90% Test OOD3: 48.43% 
Epoch: 05, Loss: 0.9989, Train: 56.49%, Valid: 53.44%, Test In: 54.51% Test OOD1: 45.64% Test OOD2: 51.21% Test OOD3: 49.74% 
Epoch: 06, Loss: 0.9917, Train: 67.95%, Valid: 62.85%, Test In: 63.82% Test OOD1: 52.23% Test OOD2: 52.06% Test OOD3: 54.67% 
Epoch: 07, Loss: 0.9867, Train: 74.95%, Valid: 69.04%, Test In: 70.39% Test OOD1: 63.65% Test OOD2: 51.99% Test OOD3: 61.70% 
Epoch: 08, Loss: 0.9779, Train: 73.19%, Valid: 68.07%, Test In: 68.80% Test OOD1: 65.18% Test OOD2: 51.36% Test OOD3: 62.11% 
Epoch: 09, Loss: 0.9677, Train: 71.31%, Valid: 66.98%, Test In: 67.27% Test OOD1: 64.57% Test OOD2: 51.15% Test OOD3: 61.61% 
Epoch: 10, Loss: 0.9549, Train: 70.90%, Valid: 66.76%, Test In: 66.97% Test OOD1: 64.48% Test OOD2: 51.13% Test OOD3: 61.48% 
Epoch: 11, Loss: 0.9432, Train: 71.62%, Valid: 67.21%, Test In: 67.59% Test OOD1: 64.86% Test OOD2: 51.27% Test OOD3: 61.80% 
Epoch: 12, Loss: 0.9325, Train: 72.12%, Valid: 67.59%, Test In: 68.04% Test OOD1: 65.16% Test OOD2: 51.35% Test OOD3: 62.00% 
Epoch: 13, Loss: 0.9216, Train: 72.97%, Valid: 68.18%, Test In: 68.74% Test OOD1: 65.59% Test OOD2: 51.47% Test OOD3: 62.35% 
Epoch: 14, Loss: 0.9103, Train: 74.12%, Valid: 68.90%, Test In: 69.62% Test OOD1: 65.97% Test OOD2: 51.66% Test OOD3: 62.79% 
Epoch: 15, Loss: 0.8995, Train: 74.55%, Valid: 69.20%, Test In: 69.93% Test OOD1: 66.16% Test OOD2: 51.68% Test OOD3: 62.97% 
Epoch: 16, Loss: 0.8904, Train: 75.92%, Valid: 69.90%, Test In: 70.75% Test OOD1: 65.82% Test OOD2: 52.04% Test OOD3: 63.38% 
Epoch: 17, Loss: 0.8850, Train: 75.96%, Valid: 69.92%, Test In: 70.75% Test OOD1: 66.09% Test OOD2: 51.94% Test OOD3: 63.33% 
Epoch: 18, Loss: 0.8779, Train: 76.51%, Valid: 70.07%, Test In: 70.95% Test OOD1: 65.96% Test OOD2: 52.05% Test OOD3: 63.39% 
Epoch: 19, Loss: 0.8697, Train: 77.35%, Valid: 70.25%, Test In: 71.21% Test OOD1: 65.39% Test OOD2: 52.31% Test OOD3: 63.43% 
Epoch: 20, Loss: 0.8642, Train: 77.77%, Valid: 70.31%, Test In: 71.29% Test OOD1: 65.35% Test OOD2: 52.37% Test OOD3: 63.38% 
Epoch: 21, Loss: 0.8515, Train: 78.14%, Valid: 70.39%, Test In: 71.37% Test OOD1: 65.49% Test OOD2: 52.39% Test OOD3: 63.36% 
Epoch: 22, Loss: 0.8452, Train: 78.78%, Valid: 70.38%, Test In: 71.40% Test OOD1: 65.09% Test OOD2: 52.50% Test OOD3: 63.23% 
Epoch: 23, Loss: 0.8346, Train: 79.22%, Valid: 70.20%, Test In: 71.21% Test OOD1: 64.78% Test OOD2: 52.57% Test OOD3: 63.06% 
Epoch: 24, Loss: 0.8271, Train: 79.51%, Valid: 70.17%, Test In: 71.14% Test OOD1: 65.03% Test OOD2: 52.50% Test OOD3: 63.03% 
Epoch: 25, Loss: 0.8177, Train: 79.93%, Valid: 70.01%, Test In: 70.97% Test OOD1: 64.80% Test OOD2: 52.52% Test OOD3: 62.86% 
Epoch: 26, Loss: 0.8127, Train: 80.50%, Valid: 69.89%, Test In: 70.83% Test OOD1: 64.40% Test OOD2: 52.55% Test OOD3: 62.63% 
Epoch: 27, Loss: 0.8055, Train: 80.88%, Valid: 69.91%, Test In: 70.81% Test OOD1: 64.51% Test OOD2: 52.49% Test OOD3: 62.56% 
Epoch: 28, Loss: 0.7976, Train: 81.30%, Valid: 69.85%, Test In: 70.70% Test OOD1: 64.38% Test OOD2: 52.43% Test OOD3: 62.37% 
Epoch: 29, Loss: 0.7859, Train: 81.98%, Valid: 69.77%, Test In: 70.62% Test OOD1: 63.96% Test OOD2: 52.43% Test OOD3: 62.14% 
Epoch: 30, Loss: 0.7789, Train: 82.13%, Valid: 69.67%, Test In: 70.46% Test OOD1: 64.01% Test OOD2: 52.30% Test OOD3: 62.00% 
Epoch: 31, Loss: 0.7681, Train: 82.56%, Valid: 69.57%, Test In: 70.36% Test OOD1: 63.76% Test OOD2: 52.25% Test OOD3: 61.82% 
Epoch: 32, Loss: 0.7595, Train: 83.11%, Valid: 69.44%, Test In: 70.23% Test OOD1: 63.38% Test OOD2: 52.26% Test OOD3: 61.61% 
Epoch: 33, Loss: 0.7570, Train: 83.18%, Valid: 69.41%, Test In: 70.14% Test OOD1: 63.31% Test OOD2: 52.12% Test OOD3: 61.44% 
Epoch: 34, Loss: 0.7429, Train: 83.94%, Valid: 69.50%, Test In: 70.24% Test OOD1: 63.25% Test OOD2: 52.15% Test OOD3: 61.42% 
Epoch: 35, Loss: 0.7347, Train: 84.18%, Valid: 69.22%, Test In: 69.92% Test OOD1: 62.76% Test OOD2: 52.05% Test OOD3: 61.12% 
Epoch: 36, Loss: 0.7338, Train: 84.29%, Valid: 69.35%, Test In: 70.04% Test OOD1: 63.01% Test OOD2: 51.92% Test OOD3: 61.19% 
Epoch: 37, Loss: 0.7226, Train: 84.68%, Valid: 69.13%, Test In: 69.86% Test OOD1: 62.54% Test OOD2: 51.85% Test OOD3: 60.94% 
Epoch: 38, Loss: 0.7079, Train: 85.11%, Valid: 69.12%, Test In: 69.88% Test OOD1: 62.52% Test OOD2: 51.80% Test OOD3: 60.91% 
Epoch: 39, Loss: 0.7045, Train: 85.11%, Valid: 69.22%, Test In: 69.95% Test OOD1: 62.75% Test OOD2: 51.70% Test OOD3: 60.98% 
Epoch: 40, Loss: 0.7023, Train: 85.38%, Valid: 68.89%, Test In: 69.64% Test OOD1: 62.03% Test OOD2: 51.59% Test OOD3: 60.56% 
Epoch: 41, Loss: 0.6986, Train: 85.84%, Valid: 69.14%, Test In: 69.95% Test OOD1: 62.46% Test OOD2: 51.53% Test OOD3: 60.72% 
Epoch: 42, Loss: 0.6802, Train: 86.08%, Valid: 69.18%, Test In: 69.94% Test OOD1: 62.39% Test OOD2: 51.60% Test OOD3: 60.64% 
Epoch: 43, Loss: 0.6806, Train: 86.58%, Valid: 68.99%, Test In: 69.81% Test OOD1: 61.93% Test OOD2: 51.52% Test OOD3: 60.37% 
Epoch: 44, Loss: 0.6685, Train: 86.43%, Valid: 69.05%, Test In: 69.89% Test OOD1: 62.00% Test OOD2: 51.41% Test OOD3: 60.39% 
Epoch: 45, Loss: 0.6627, Train: 86.95%, Valid: 69.02%, Test In: 69.90% Test OOD1: 62.21% Test OOD2: 51.44% Test OOD3: 60.40% 
Epoch: 46, Loss: 0.6541, Train: 87.58%, Valid: 68.79%, Test In: 69.73% Test OOD1: 61.94% Test OOD2: 51.46% Test OOD3: 60.23% 
Epoch: 47, Loss: 0.6492, Train: 87.33%, Valid: 68.85%, Test In: 69.81% Test OOD1: 61.94% Test OOD2: 51.33% Test OOD3: 60.26% 
Epoch: 48, Loss: 0.6415, Train: 87.70%, Valid: 68.88%, Test In: 69.82% Test OOD1: 61.95% Test OOD2: 51.33% Test OOD3: 60.19% 
Epoch: 49, Loss: 0.6300, Train: 88.44%, Valid: 68.78%, Test In: 69.80% Test OOD1: 61.90% Test OOD2: 51.34% Test OOD3: 60.12% 
Epoch: 50, Loss: 0.6240, Train: 88.27%, Valid: 68.92%, Test In: 69.90% Test OOD1: 61.96% Test OOD2: 51.26% Test OOD3: 60.19% 
Epoch: 51, Loss: 0.6157, Train: 88.51%, Valid: 68.92%, Test In: 69.84% Test OOD1: 61.74% Test OOD2: 51.26% Test OOD3: 60.13% 
Epoch: 52, Loss: 0.6061, Train: 89.30%, Valid: 68.91%, Test In: 69.89% Test OOD1: 61.98% Test OOD2: 51.26% Test OOD3: 60.24% 
Epoch: 53, Loss: 0.5997, Train: 89.21%, Valid: 68.97%, Test In: 69.89% Test OOD1: 61.88% Test OOD2: 51.20% Test OOD3: 60.22% 
Epoch: 54, Loss: 0.5896, Train: 89.72%, Valid: 68.89%, Test In: 69.79% Test OOD1: 61.52% Test OOD2: 51.22% Test OOD3: 60.05% 
Epoch: 55, Loss: 0.5774, Train: 90.19%, Valid: 68.93%, Test In: 69.84% Test OOD1: 61.64% Test OOD2: 51.19% Test OOD3: 60.05% 
Epoch: 56, Loss: 0.5651, Train: 90.44%, Valid: 68.89%, Test In: 69.79% Test OOD1: 61.43% Test OOD2: 51.17% Test OOD3: 59.90% 
Epoch: 57, Loss: 0.5570, Train: 90.76%, Valid: 68.79%, Test In: 69.68% Test OOD1: 61.26% Test OOD2: 51.21% Test OOD3: 59.77% 
Epoch: 58, Loss: 0.5461, Train: 90.83%, Valid: 68.89%, Test In: 69.73% Test OOD1: 61.51% Test OOD2: 51.12% Test OOD3: 59.84% 
Epoch: 59, Loss: 0.5328, Train: 91.49%, Valid: 68.73%, Test In: 69.53% Test OOD1: 61.08% Test OOD2: 51.14% Test OOD3: 59.51% 
Epoch: 60, Loss: 0.5411, Train: 91.09%, Valid: 69.00%, Test In: 69.70% Test OOD1: 61.54% Test OOD2: 51.05% Test OOD3: 59.76% 
Epoch: 61, Loss: 0.5353, Train: 91.74%, Valid: 68.92%, Test In: 69.59% Test OOD1: 61.34% Test OOD2: 51.05% Test OOD3: 59.56% 
Epoch: 62, Loss: 0.5090, Train: 92.35%, Valid: 68.77%, Test In: 69.43% Test OOD1: 61.51% Test OOD2: 51.08% Test OOD3: 59.60% 
Epoch: 63, Loss: 0.5101, Train: 91.53%, Valid: 68.96%, Test In: 69.60% Test OOD1: 61.33% Test OOD2: 50.95% Test OOD3: 59.55% 
Epoch: 64, Loss: 0.4979, Train: 92.27%, Valid: 68.85%, Test In: 69.55% Test OOD1: 61.56% Test OOD2: 50.93% Test OOD3: 59.59% 
Epoch: 65, Loss: 0.4807, Train: 93.00%, Valid: 68.68%, Test In: 69.48% Test OOD1: 61.32% Test OOD2: 50.98% Test OOD3: 59.49% 
Epoch: 66, Loss: 0.4850, Train: 92.54%, Valid: 68.86%, Test In: 69.64% Test OOD1: 61.04% Test OOD2: 50.89% Test OOD3: 59.36% 
Epoch: 67, Loss: 0.4673, Train: 92.88%, Valid: 68.75%, Test In: 69.55% Test OOD1: 61.62% Test OOD2: 50.93% Test OOD3: 59.54% 
Epoch: 68, Loss: 0.4602, Train: 93.80%, Valid: 68.59%, Test In: 69.42% Test OOD1: 61.59% Test OOD2: 51.01% Test OOD3: 59.43% 
Epoch: 69, Loss: 0.4485, Train: 93.82%, Valid: 68.70%, Test In: 69.49% Test OOD1: 61.17% Test OOD2: 50.97% Test OOD3: 59.24% 
Epoch: 70, Loss: 0.4297, Train: 93.87%, Valid: 68.84%, Test In: 69.61% Test OOD1: 61.17% Test OOD2: 50.91% Test OOD3: 59.23% 
Epoch: 71, Loss: 0.4359, Train: 94.67%, Valid: 68.69%, Test In: 69.54% Test OOD1: 61.20% Test OOD2: 50.94% Test OOD3: 59.22% 
Epoch: 72, Loss: 0.4134, Train: 94.89%, Valid: 68.61%, Test In: 69.49% Test OOD1: 60.89% Test OOD2: 50.92% Test OOD3: 59.07% 
Epoch: 73, Loss: 0.4076, Train: 94.87%, Valid: 68.62%, Test In: 69.55% Test OOD1: 61.11% Test OOD2: 50.85% Test OOD3: 59.24% 
Epoch: 74, Loss: 0.3973, Train: 95.43%, Valid: 68.41%, Test In: 69.45% Test OOD1: 61.32% Test OOD2: 50.90% Test OOD3: 59.29% 
Epoch: 75, Loss: 0.3833, Train: 95.73%, Valid: 68.32%, Test In: 69.36% Test OOD1: 61.12% Test OOD2: 50.94% Test OOD3: 59.18% 
Epoch: 76, Loss: 0.3817, Train: 95.77%, Valid: 68.42%, Test In: 69.40% Test OOD1: 61.11% Test OOD2: 50.88% Test OOD3: 59.19% 
Epoch: 77, Loss: 0.3707, Train: 96.18%, Valid: 68.36%, Test In: 69.34% Test OOD1: 61.03% Test OOD2: 50.91% Test OOD3: 59.12% 
Epoch: 78, Loss: 0.3614, Train: 96.62%, Valid: 68.24%, Test In: 69.21% Test OOD1: 60.81% Test OOD2: 50.97% Test OOD3: 59.03% 
Epoch: 79, Loss: 0.3617, Train: 96.56%, Valid: 68.38%, Test In: 69.32% Test OOD1: 61.02% Test OOD2: 50.93% Test OOD3: 59.11% 
Epoch: 80, Loss: 0.3515, Train: 96.97%, Valid: 68.31%, Test In: 69.25% Test OOD1: 60.79% Test OOD2: 50.96% Test OOD3: 59.01% 
Epoch: 81, Loss: 0.3340, Train: 97.34%, Valid: 68.12%, Test In: 69.06% Test OOD1: 60.70% Test OOD2: 51.02% Test OOD3: 58.89% 
Epoch: 82, Loss: 0.3352, Train: 97.17%, Valid: 68.18%, Test In: 69.11% Test OOD1: 61.07% Test OOD2: 50.98% Test OOD3: 58.99% 
Epoch: 83, Loss: 0.3245, Train: 97.41%, Valid: 68.19%, Test In: 69.09% Test OOD1: 60.83% Test OOD2: 50.99% Test OOD3: 58.87% 
Epoch: 84, Loss: 0.3103, Train: 97.86%, Valid: 68.03%, Test In: 68.98% Test OOD1: 60.65% Test OOD2: 51.09% Test OOD3: 58.76% 
Epoch: 85, Loss: 0.3216, Train: 97.79%, Valid: 68.18%, Test In: 69.15% Test OOD1: 60.91% Test OOD2: 51.09% Test OOD3: 58.86% 
Epoch: 86, Loss: 0.3016, Train: 98.03%, Valid: 68.26%, Test In: 69.17% Test OOD1: 60.84% Test OOD2: 51.13% Test OOD3: 58.85% 
Epoch: 87, Loss: 0.2921, Train: 98.42%, Valid: 68.11%, Test In: 68.98% Test OOD1: 60.65% Test OOD2: 51.20% Test OOD3: 58.78% 
Epoch: 88, Loss: 0.3003, Train: 98.41%, Valid: 68.16%, Test In: 69.05% Test OOD1: 60.80% Test OOD2: 51.16% Test OOD3: 58.86% 
Epoch: 89, Loss: 0.2815, Train: 98.50%, Valid: 68.13%, Test In: 69.04% Test OOD1: 60.77% Test OOD2: 51.19% Test OOD3: 58.89% 
Epoch: 90, Loss: 0.2790, Train: 98.79%, Valid: 67.81%, Test In: 68.74% Test OOD1: 60.65% Test OOD2: 51.26% Test OOD3: 58.81% 
Epoch: 91, Loss: 0.2825, Train: 98.75%, Valid: 67.89%, Test In: 68.79% Test OOD1: 60.78% Test OOD2: 51.25% Test OOD3: 58.71% 
Epoch: 92, Loss: 0.2621, Train: 98.86%, Valid: 67.90%, Test In: 68.81% Test OOD1: 60.66% Test OOD2: 51.24% Test OOD3: 58.52% 
Epoch: 93, Loss: 0.2571, Train: 99.15%, Valid: 67.72%, Test In: 68.64% Test OOD1: 60.49% Test OOD2: 51.28% Test OOD3: 58.39% 
Epoch: 94, Loss: 0.2627, Train: 99.08%, Valid: 67.88%, Test In: 68.80% Test OOD1: 60.50% Test OOD2: 51.24% Test OOD3: 58.43% 
Epoch: 95, Loss: 0.2440, Train: 99.19%, Valid: 67.89%, Test In: 68.84% Test OOD1: 60.51% Test OOD2: 51.25% Test OOD3: 58.56% 
Epoch: 96, Loss: 0.2264, Train: 99.36%, Valid: 67.72%, Test In: 68.74% Test OOD1: 60.47% Test OOD2: 51.28% Test OOD3: 58.66% 
Epoch: 97, Loss: 0.2250, Train: 99.38%, Valid: 67.70%, Test In: 68.72% Test OOD1: 60.51% Test OOD2: 51.26% Test OOD3: 58.72% 
Epoch: 98, Loss: 0.2207, Train: 99.40%, Valid: 67.79%, Test In: 68.73% Test OOD1: 60.47% Test OOD2: 51.25% Test OOD3: 58.68% 
Epoch: 99, Loss: 0.2188, Train: 99.51%, Valid: 67.73%, Test In: 68.60% Test OOD1: 60.53% Test OOD2: 51.27% Test OOD3: 58.64% 
Epoch: 100, Loss: 0.2093, Train: 99.57%, Valid: 67.69%, Test In: 68.57% Test OOD1: 60.60% Test OOD2: 51.26% Test OOD3: 58.62% 
Epoch: 101, Loss: 0.2090, Train: 99.62%, Valid: 67.79%, Test In: 68.62% Test OOD1: 60.36% Test OOD2: 51.30% Test OOD3: 58.49% 
Epoch: 102, Loss: 0.2026, Train: 99.67%, Valid: 67.77%, Test In: 68.59% Test OOD1: 60.23% Test OOD2: 51.32% Test OOD3: 58.40% 
Epoch: 103, Loss: 0.1978, Train: 99.73%, Valid: 67.54%, Test In: 68.46% Test OOD1: 60.17% Test OOD2: 51.33% Test OOD3: 58.36% 
Epoch: 104, Loss: 0.1980, Train: 99.72%, Valid: 67.64%, Test In: 68.55% Test OOD1: 60.30% Test OOD2: 51.33% Test OOD3: 58.44% 
Epoch: 105, Loss: 0.1926, Train: 99.76%, Valid: 67.62%, Test In: 68.49% Test OOD1: 60.14% Test OOD2: 51.34% Test OOD3: 58.34% 
Epoch: 106, Loss: 0.1982, Train: 99.77%, Valid: 67.59%, Test In: 68.48% Test OOD1: 60.39% Test OOD2: 51.31% Test OOD3: 58.43% 
Epoch: 107, Loss: 0.1921, Train: 99.84%, Valid: 67.47%, Test In: 68.31% Test OOD1: 60.26% Test OOD2: 51.36% Test OOD3: 58.37% 
Epoch: 108, Loss: 0.1894, Train: 99.82%, Valid: 67.72%, Test In: 68.49% Test OOD1: 60.48% Test OOD2: 51.34% Test OOD3: 58.44% 
Epoch: 109, Loss: 0.1823, Train: 99.86%, Valid: 67.63%, Test In: 68.36% Test OOD1: 60.45% Test OOD2: 51.37% Test OOD3: 58.37% 
Epoch: 110, Loss: 0.1729, Train: 99.88%, Valid: 67.57%, Test In: 68.26% Test OOD1: 60.15% Test OOD2: 51.37% Test OOD3: 58.16% 
Epoch: 111, Loss: 0.1750, Train: 99.87%, Valid: 67.71%, Test In: 68.40% Test OOD1: 60.16% Test OOD2: 51.32% Test OOD3: 58.09% 
Epoch: 112, Loss: 0.1785, Train: 99.90%, Valid: 67.60%, Test In: 68.34% Test OOD1: 59.99% Test OOD2: 51.34% Test OOD3: 58.02% 
Epoch: 113, Loss: 0.1684, Train: 99.91%, Valid: 67.58%, Test In: 68.34% Test OOD1: 60.12% Test OOD2: 51.33% Test OOD3: 58.08% 
Epoch: 114, Loss: 0.1573, Train: 99.90%, Valid: 67.60%, Test In: 68.39% Test OOD1: 60.48% Test OOD2: 51.36% Test OOD3: 58.32% 
Epoch: 115, Loss: 0.1695, Train: 99.93%, Valid: 67.51%, Test In: 68.33% Test OOD1: 60.55% Test OOD2: 51.42% Test OOD3: 58.41% 
Epoch: 116, Loss: 0.1555, Train: 99.93%, Valid: 67.45%, Test In: 68.35% Test OOD1: 60.66% Test OOD2: 51.45% Test OOD3: 58.52% 
Epoch: 117, Loss: 0.1454, Train: 99.93%, Valid: 67.50%, Test In: 68.43% Test OOD1: 60.60% Test OOD2: 51.43% Test OOD3: 58.51% 
Epoch: 118, Loss: 0.1525, Train: 99.95%, Valid: 67.46%, Test In: 68.39% Test OOD1: 60.30% Test OOD2: 51.44% Test OOD3: 58.31% 
Epoch: 119, Loss: 0.1454, Train: 99.96%, Valid: 67.45%, Test In: 68.35% Test OOD1: 60.05% Test OOD2: 51.46% Test OOD3: 58.18% 
Epoch: 120, Loss: 0.1441, Train: 99.96%, Valid: 67.57%, Test In: 68.40% Test OOD1: 60.04% Test OOD2: 51.47% Test OOD3: 58.21% 
Epoch: 121, Loss: 0.1488, Train: 99.96%, Valid: 67.53%, Test In: 68.38% Test OOD1: 60.24% Test OOD2: 51.49% Test OOD3: 58.32% 
Epoch: 122, Loss: 0.1375, Train: 99.97%, Valid: 67.61%, Test In: 68.44% Test OOD1: 60.49% Test OOD2: 51.51% Test OOD3: 58.48% 
Epoch: 123, Loss: 0.1369, Train: 99.96%, Valid: 67.73%, Test In: 68.55% Test OOD1: 60.85% Test OOD2: 51.54% Test OOD3: 58.75% 
Epoch: 124, Loss: 0.1419, Train: 99.98%, Valid: 67.68%, Test In: 68.49% Test OOD1: 60.83% Test OOD2: 51.55% Test OOD3: 58.74% 
Epoch: 125, Loss: 0.1337, Train: 99.98%, Valid: 67.69%, Test In: 68.51% Test OOD1: 60.89% Test OOD2: 51.49% Test OOD3: 58.73% 
Epoch: 126, Loss: 0.1347, Train: 99.98%, Valid: 67.75%, Test In: 68.58% Test OOD1: 60.78% Test OOD2: 51.50% Test OOD3: 58.69% 
Epoch: 127, Loss: 0.1309, Train: 99.99%, Valid: 67.73%, Test In: 68.54% Test OOD1: 60.63% Test OOD2: 51.50% Test OOD3: 58.58% 
Epoch: 128, Loss: 0.1300, Train: 99.98%, Valid: 67.61%, Test In: 68.51% Test OOD1: 60.98% Test OOD2: 51.35% Test OOD3: 58.61% 
Epoch: 129, Loss: 0.1350, Train: 99.98%, Valid: 67.47%, Test In: 68.42% Test OOD1: 60.87% Test OOD2: 51.32% Test OOD3: 58.48% 
Epoch: 130, Loss: 0.1251, Train: 99.99%, Valid: 67.44%, Test In: 68.38% Test OOD1: 60.54% Test OOD2: 51.32% Test OOD3: 58.28% 
Epoch: 131, Loss: 0.1251, Train: 99.99%, Valid: 67.33%, Test In: 68.41% Test OOD1: 60.57% Test OOD2: 51.22% Test OOD3: 58.26% 
Epoch: 132, Loss: 0.1227, Train: 99.99%, Valid: 67.32%, Test In: 68.37% Test OOD1: 60.38% Test OOD2: 51.19% Test OOD3: 58.18% 
Epoch: 133, Loss: 0.1159, Train: 99.99%, Valid: 67.34%, Test In: 68.37% Test OOD1: 60.46% Test OOD2: 51.23% Test OOD3: 58.33% 
Epoch: 134, Loss: 0.1172, Train: 99.99%, Valid: 67.43%, Test In: 68.39% Test OOD1: 60.85% Test OOD2: 51.21% Test OOD3: 58.59% 
Epoch: 135, Loss: 0.1251, Train: 99.99%, Valid: 67.46%, Test In: 68.30% Test OOD1: 60.93% Test OOD2: 51.22% Test OOD3: 58.66% 
Epoch: 136, Loss: 0.1221, Train: 99.99%, Valid: 67.53%, Test In: 68.30% Test OOD1: 60.85% Test OOD2: 51.28% Test OOD3: 58.65% 
Epoch: 137, Loss: 0.1156, Train: 99.99%, Valid: 67.52%, Test In: 68.32% Test OOD1: 60.63% Test OOD2: 51.25% Test OOD3: 58.43% 
Epoch: 138, Loss: 0.1163, Train: 100.00%, Valid: 67.49%, Test In: 68.29% Test OOD1: 60.34% Test OOD2: 51.26% Test OOD3: 58.26% 
Epoch: 139, Loss: 0.1127, Train: 100.00%, Valid: 67.46%, Test In: 68.35% Test OOD1: 60.39% Test OOD2: 51.26% Test OOD3: 58.31% 
Epoch: 140, Loss: 0.1140, Train: 100.00%, Valid: 67.42%, Test In: 68.38% Test OOD1: 60.49% Test OOD2: 51.30% Test OOD3: 58.39% 
Epoch: 141, Loss: 0.1137, Train: 100.00%, Valid: 67.45%, Test In: 68.46% Test OOD1: 60.51% Test OOD2: 51.29% Test OOD3: 58.43% 
Epoch: 142, Loss: 0.1153, Train: 100.00%, Valid: 67.49%, Test In: 68.55% Test OOD1: 60.51% Test OOD2: 51.32% Test OOD3: 58.53% 
Epoch: 143, Loss: 0.1079, Train: 100.00%, Valid: 67.47%, Test In: 68.60% Test OOD1: 60.40% Test OOD2: 51.32% Test OOD3: 58.56% 
Epoch: 144, Loss: 0.1034, Train: 100.00%, Valid: 67.45%, Test In: 68.61% Test OOD1: 60.41% Test OOD2: 51.32% Test OOD3: 58.62% 
Epoch: 145, Loss: 0.1079, Train: 100.00%, Valid: 67.51%, Test In: 68.66% Test OOD1: 60.66% Test OOD2: 51.33% Test OOD3: 58.77% 
Epoch: 146, Loss: 0.1069, Train: 100.00%, Valid: 67.55%, Test In: 68.67% Test OOD1: 60.63% Test OOD2: 51.37% Test OOD3: 58.76% 
Epoch: 147, Loss: 0.1014, Train: 100.00%, Valid: 67.52%, Test In: 68.61% Test OOD1: 60.57% Test OOD2: 51.44% Test OOD3: 58.78% 
Epoch: 148, Loss: 0.0982, Train: 100.00%, Valid: 67.49%, Test In: 68.61% Test OOD1: 60.65% Test OOD2: 51.49% Test OOD3: 58.81% 
Epoch: 149, Loss: 0.1035, Train: 100.00%, Valid: 67.51%, Test In: 68.60% Test OOD1: 60.67% Test OOD2: 51.50% Test OOD3: 58.69% 
Epoch: 150, Loss: 0.1033, Train: 100.00%, Valid: 67.55%, Test In: 68.63% Test OOD1: 60.69% Test OOD2: 51.52% Test OOD3: 58.63% 
Epoch: 151, Loss: 0.1010, Train: 100.00%, Valid: 67.64%, Test In: 68.69% Test OOD1: 60.88% Test OOD2: 51.50% Test OOD3: 58.70% 
Epoch: 152, Loss: 0.0955, Train: 100.00%, Valid: 67.62%, Test In: 68.65% Test OOD1: 60.90% Test OOD2: 51.46% Test OOD3: 58.68% 
Epoch: 153, Loss: 0.1059, Train: 100.00%, Valid: 67.65%, Test In: 68.66% Test OOD1: 60.71% Test OOD2: 51.39% Test OOD3: 58.55% 
Epoch: 154, Loss: 0.0987, Train: 100.00%, Valid: 67.63%, Test In: 68.60% Test OOD1: 60.24% Test OOD2: 51.31% Test OOD3: 58.26% 
Epoch: 155, Loss: 0.0982, Train: 100.00%, Valid: 67.62%, Test In: 68.60% Test OOD1: 59.96% Test OOD2: 51.19% Test OOD3: 58.02% 
Epoch: 156, Loss: 0.0998, Train: 100.00%, Valid: 67.52%, Test In: 68.48% Test OOD1: 59.85% Test OOD2: 51.17% Test OOD3: 57.88% 
Epoch: 157, Loss: 0.0967, Train: 100.00%, Valid: 67.58%, Test In: 68.45% Test OOD1: 59.94% Test OOD2: 51.25% Test OOD3: 57.97% 
Epoch: 158, Loss: 0.0967, Train: 100.00%, Valid: 67.68%, Test In: 68.50% Test OOD1: 60.40% Test OOD2: 51.31% Test OOD3: 58.19% 
Epoch: 159, Loss: 0.1015, Train: 100.00%, Valid: 67.62%, Test In: 68.40% Test OOD1: 60.67% Test OOD2: 51.40% Test OOD3: 58.30% 
Epoch: 160, Loss: 0.0944, Train: 100.00%, Valid: 67.56%, Test In: 68.27% Test OOD1: 60.90% Test OOD2: 51.47% Test OOD3: 58.41% 
Epoch: 161, Loss: 0.1034, Train: 100.00%, Valid: 67.71%, Test In: 68.37% Test OOD1: 60.92% Test OOD2: 51.49% Test OOD3: 58.47% 
Epoch: 162, Loss: 0.0962, Train: 100.00%, Valid: 67.69%, Test In: 68.39% Test OOD1: 60.85% Test OOD2: 51.50% Test OOD3: 58.45% 
Epoch: 163, Loss: 0.0952, Train: 100.00%, Valid: 67.61%, Test In: 68.42% Test OOD1: 60.87% Test OOD2: 51.51% Test OOD3: 58.48% 
Epoch: 164, Loss: 0.0957, Train: 100.00%, Valid: 67.71%, Test In: 68.60% Test OOD1: 60.90% Test OOD2: 51.49% Test OOD3: 58.50% 
Epoch: 165, Loss: 0.0897, Train: 100.00%, Valid: 67.72%, Test In: 68.66% Test OOD1: 60.75% Test OOD2: 51.52% Test OOD3: 58.41% 
Epoch: 166, Loss: 0.0913, Train: 100.00%, Valid: 67.69%, Test In: 68.65% Test OOD1: 60.88% Test OOD2: 51.49% Test OOD3: 58.41% 
Epoch: 167, Loss: 0.0925, Train: 100.00%, Valid: 67.75%, Test In: 68.66% Test OOD1: 60.98% Test OOD2: 51.50% Test OOD3: 58.47% 
Epoch: 168, Loss: 0.0928, Train: 100.00%, Valid: 67.79%, Test In: 68.64% Test OOD1: 60.85% Test OOD2: 51.55% Test OOD3: 58.39% 
Epoch: 169, Loss: 0.0929, Train: 100.00%, Valid: 67.77%, Test In: 68.64% Test OOD1: 61.06% Test OOD2: 51.51% Test OOD3: 58.48% 
Epoch: 170, Loss: 0.0871, Train: 100.00%, Valid: 67.66%, Test In: 68.56% Test OOD1: 61.18% Test OOD2: 51.48% Test OOD3: 58.55% 
Epoch: 171, Loss: 0.0876, Train: 100.00%, Valid: 67.63%, Test In: 68.51% Test OOD1: 61.07% Test OOD2: 51.50% Test OOD3: 58.52% 
Epoch: 172, Loss: 0.0907, Train: 100.00%, Valid: 67.66%, Test In: 68.60% Test OOD1: 60.99% Test OOD2: 51.46% Test OOD3: 58.55% 
Epoch: 173, Loss: 0.0908, Train: 100.00%, Valid: 67.62%, Test In: 68.55% Test OOD1: 60.69% Test OOD2: 51.50% Test OOD3: 58.46% 
Epoch: 174, Loss: 0.0875, Train: 100.00%, Valid: 67.51%, Test In: 68.50% Test OOD1: 60.61% Test OOD2: 51.49% Test OOD3: 58.45% 
Epoch: 175, Loss: 0.0845, Train: 100.00%, Valid: 67.48%, Test In: 68.50% Test OOD1: 60.59% Test OOD2: 51.52% Test OOD3: 58.47% 
Epoch: 176, Loss: 0.0861, Train: 100.00%, Valid: 67.53%, Test In: 68.57% Test OOD1: 60.66% Test OOD2: 51.60% Test OOD3: 58.54% 
Epoch: 177, Loss: 0.0818, Train: 100.00%, Valid: 67.54%, Test In: 68.56% Test OOD1: 60.94% Test OOD2: 51.59% Test OOD3: 58.68% 
Epoch: 178, Loss: 0.0876, Train: 100.00%, Valid: 67.63%, Test In: 68.53% Test OOD1: 61.05% Test OOD2: 51.59% Test OOD3: 58.74% 
Epoch: 179, Loss: 0.0883, Train: 100.00%, Valid: 67.80%, Test In: 68.54% Test OOD1: 60.79% Test OOD2: 51.61% Test OOD3: 58.58% 
Epoch: 180, Loss: 0.0861, Train: 100.00%, Valid: 67.89%, Test In: 68.52% Test OOD1: 60.88% Test OOD2: 51.53% Test OOD3: 58.61% 
Epoch: 181, Loss: 0.0859, Train: 100.00%, Valid: 68.00%, Test In: 68.53% Test OOD1: 60.77% Test OOD2: 51.52% Test OOD3: 58.61% 
Epoch: 182, Loss: 0.0823, Train: 100.00%, Valid: 68.04%, Test In: 68.55% Test OOD1: 60.94% Test OOD2: 51.48% Test OOD3: 58.75% 
Epoch: 183, Loss: 0.0864, Train: 100.00%, Valid: 68.16%, Test In: 68.64% Test OOD1: 60.90% Test OOD2: 51.48% Test OOD3: 58.81% 
Epoch: 184, Loss: 0.0887, Train: 100.00%, Valid: 67.99%, Test In: 68.64% Test OOD1: 60.97% Test OOD2: 51.43% Test OOD3: 58.85% 
Epoch: 185, Loss: 0.0800, Train: 100.00%, Valid: 68.03%, Test In: 68.78% Test OOD1: 60.98% Test OOD2: 51.41% Test OOD3: 58.85% 
Epoch: 186, Loss: 0.0884, Train: 100.00%, Valid: 68.08%, Test In: 68.89% Test OOD1: 60.80% Test OOD2: 51.46% Test OOD3: 58.68% 
Epoch: 187, Loss: 0.0837, Train: 100.00%, Valid: 67.93%, Test In: 68.76% Test OOD1: 60.95% Test OOD2: 51.44% Test OOD3: 58.56% 
Epoch: 188, Loss: 0.0807, Train: 100.00%, Valid: 67.91%, Test In: 68.70% Test OOD1: 61.21% Test OOD2: 51.36% Test OOD3: 58.55% 
Epoch: 189, Loss: 0.0804, Train: 100.00%, Valid: 67.99%, Test In: 68.71% Test OOD1: 61.21% Test OOD2: 51.37% Test OOD3: 58.44% 
Epoch: 190, Loss: 0.0808, Train: 100.00%, Valid: 68.02%, Test In: 68.68% Test OOD1: 61.23% Test OOD2: 51.35% Test OOD3: 58.38% 
Epoch: 191, Loss: 0.0825, Train: 100.00%, Valid: 68.00%, Test In: 68.65% Test OOD1: 61.38% Test OOD2: 51.30% Test OOD3: 58.40% 
Epoch: 192, Loss: 0.0834, Train: 100.00%, Valid: 68.11%, Test In: 68.69% Test OOD1: 60.97% Test OOD2: 51.33% Test OOD3: 58.18% 
Epoch: 193, Loss: 0.0866, Train: 100.00%, Valid: 68.12%, Test In: 68.77% Test OOD1: 61.21% Test OOD2: 51.24% Test OOD3: 58.38% 
Epoch: 194, Loss: 0.0802, Train: 100.00%, Valid: 68.07%, Test In: 68.75% Test OOD1: 61.23% Test OOD2: 51.25% Test OOD3: 58.44% 
Epoch: 195, Loss: 0.0792, Train: 100.00%, Valid: 68.03%, Test In: 68.75% Test OOD1: 61.15% Test OOD2: 51.23% Test OOD3: 58.41% 
Epoch: 196, Loss: 0.0776, Train: 100.00%, Valid: 67.96%, Test In: 68.76% Test OOD1: 61.18% Test OOD2: 51.19% Test OOD3: 58.45% 
Epoch: 197, Loss: 0.0802, Train: 100.00%, Valid: 67.96%, Test In: 68.77% Test OOD1: 60.96% Test OOD2: 51.20% Test OOD3: 58.36% 
Epoch: 198, Loss: 0.0755, Train: 100.00%, Valid: 67.93%, Test In: 68.68% Test OOD1: 60.86% Test OOD2: 51.20% Test OOD3: 58.26% 
Epoch: 199, Loss: 0.0790, Train: 100.00%, Valid: 68.02%, Test In: 68.73% Test OOD1: 61.01% Test OOD2: 51.19% Test OOD3: 58.30% 
Run 03:
Highest Train: 100.00
Highest Valid: 70.39
Highest In Test: 71.40
Highest OOD Test: 66.16
Highest OOD Test: 52.57
Highest OOD Test: 63.43
Chosen epoch: 22
Final Train: 78.14
Final In Test: 71.37
Final OOD Test: 65.49
Final OOD Test: 52.39
Final OOD Test: 63.36
All runs:
Highest Train: 100.00 ± 0.00
Highest Valid: 70.44 ± 0.22
Highest In Test: 71.41 ± 0.19
Highest OOD Test: 66.11 ± 0.09
Highest OOD Test: 52.61 ± 0.14
Highest OOD Test: 63.44 ± 0.07
  Final Train: 78.10 ± 0.54
   Final In  Test: 71.40 ± 0.19
   Final OOD Test: 65.43 ± 0.23
   Final OOD Test: 52.43 ± 0.21
   Final OOD Test: 63.38 ± 0.12
[INFO] TensorBoard writer closed.

Command: python main.py --dataset twitch --backbone_type gcn --env_type graph --combine_result --store_result --epochs 200 --runs 3 --num_layers 2 --expert_agg mean --tau 3 --lr 0.01 --weight_decay 5e-5 --dropout 0.0 --K 3 --hidden_channels 64 --seed 123 --device 0 --lr 0.005 --weight_decay 5e-05 --dropout 0.1 --lamda 0.5 --K 3 --hidden_channels 64 --other_env_reduce env --result_name twitch_stage1_lr0.005_weight_decay5e-05_dropout0.1_lamda0.5_K3_hidden_channels64_other_env_reduceenv
Return code: 0
Elapsed: 132.54s
