Namespace(K=3, backbone_type='gcn', combine_result=True, cpu=False, data_dir='./data/', dataset='twitch', device=0, display_step=1, dropout=0.1, env_type='graph', epochs=200, expert_agg='mean', gate_hidden=64, hidden_channels=32, infer_env=False, infer_env_components=64, infer_env_iters=30, infer_env_num=3, lamda=1.0, lr=0.005, num_layers=2, other_env_reduce='sample', pos_weight=5.0, result_name='twitch_stage1_lr0.005_weight_decay5e-05_dropout0.1_lamda1.0_K3_hidden_channels32_other_env_reducesample', runs=3, seed=123, store_result=True, tau=3.0, use_bn=False, variant=False, weight_decay=5e-05)
dataset twitch: all nodes 34120 | edges 429113 | classes 2 | feats 3170
train nodes 7897 | valid nodes 3949 | test in nodes 3949
test ood1 nodes 4648 test ood2 nodes 6551 test ood3 nodes 7126 
[INFO] env numbers: 6 train env numbers: 3
MODEL: CaNet(
  (experts): ModuleList(
    (0): ExpertNet(
      (convs): ModuleList(
        (0): CaNetConv()
        (1): CaNetConv()
      )
      (fcs): ModuleList(
        (0): Linear(in_features=3170, out_features=32, bias=True)
        (1): Linear(in_features=32, out_features=2, bias=True)
      )
      (act_fn): ReLU()
    )
    (1): ExpertNet(
      (convs): ModuleList(
        (0): CaNetConv()
        (1): CaNetConv()
      )
      (fcs): ModuleList(
        (0): Linear(in_features=3170, out_features=32, bias=True)
        (1): Linear(in_features=32, out_features=2, bias=True)
      )
      (act_fn): ReLU()
    )
    (2): ExpertNet(
      (convs): ModuleList(
        (0): CaNetConv()
        (1): CaNetConv()
      )
      (fcs): ModuleList(
        (0): Linear(in_features=3170, out_features=32, bias=True)
        (1): Linear(in_features=32, out_features=2, bias=True)
      )
      (act_fn): ReLU()
    )
  )
  (gate): Sequential(
    (0): Linear(in_features=3170, out_features=64, bias=True)
    (1): ReLU()
    (2): Linear(in_features=64, out_features=3, bias=True)
  )
)
[INFO] TensorBoard logging activated. Logs will be saved to: ./runs/twitch/Apr16_12-43-43_lamda_1.0
Epoch: 00, Loss: 1.3971, Train: 47.47%, Valid: 46.58%, Test In: 47.69% Test OOD1: 42.16% Test OOD2: 50.45% Test OOD3: 47.35% 
Epoch: 01, Loss: 1.3937, Train: 47.23%, Valid: 46.13%, Test In: 47.23% Test OOD1: 42.14% Test OOD2: 50.36% Test OOD3: 47.07% 
Epoch: 02, Loss: 1.3904, Train: 47.62%, Valid: 46.46%, Test In: 47.55% Test OOD1: 42.24% Test OOD2: 50.36% Test OOD3: 47.11% 
Epoch: 03, Loss: 1.3862, Train: 47.76%, Valid: 46.61%, Test In: 47.71% Test OOD1: 42.30% Test OOD2: 50.37% Test OOD3: 47.09% 
Epoch: 04, Loss: 1.3810, Train: 48.06%, Valid: 46.88%, Test In: 48.00% Test OOD1: 42.41% Test OOD2: 50.41% Test OOD3: 47.16% 
Epoch: 05, Loss: 1.3756, Train: 48.82%, Valid: 47.48%, Test In: 48.64% Test OOD1: 42.70% Test OOD2: 50.48% Test OOD3: 47.41% 
Epoch: 06, Loss: 1.3697, Train: 50.52%, Valid: 48.82%, Test In: 50.02% Test OOD1: 43.36% Test OOD2: 50.61% Test OOD3: 47.99% 
Epoch: 07, Loss: 1.3641, Train: 54.31%, Valid: 51.80%, Test In: 53.03% Test OOD1: 44.88% Test OOD2: 50.92% Test OOD3: 49.36% 
Epoch: 08, Loss: 1.3595, Train: 61.54%, Valid: 57.52%, Test In: 58.68% Test OOD1: 48.56% Test OOD2: 51.57% Test OOD3: 52.44% 
Epoch: 09, Loss: 1.3524, Train: 70.40%, Valid: 64.75%, Test In: 65.81% Test OOD1: 56.23% Test OOD2: 52.31% Test OOD3: 58.09% 
Epoch: 10, Loss: 1.3462, Train: 73.83%, Valid: 67.85%, Test In: 69.13% Test OOD1: 63.50% Test OOD2: 51.90% Test OOD3: 62.09% 
Epoch: 11, Loss: 1.3391, Train: 72.22%, Valid: 67.05%, Test In: 67.73% Test OOD1: 64.47% Test OOD2: 51.46% Test OOD3: 61.93% 
Epoch: 12, Loss: 1.3300, Train: 70.35%, Valid: 65.93%, Test In: 66.17% Test OOD1: 63.92% Test OOD2: 51.24% Test OOD3: 61.33% 
Epoch: 13, Loss: 1.3215, Train: 69.38%, Valid: 65.29%, Test In: 65.33% Test OOD1: 63.64% Test OOD2: 51.15% Test OOD3: 60.98% 
Epoch: 14, Loss: 1.3131, Train: 68.94%, Valid: 64.99%, Test In: 64.96% Test OOD1: 63.50% Test OOD2: 51.11% Test OOD3: 60.83% 
Epoch: 15, Loss: 1.3042, Train: 68.87%, Valid: 64.91%, Test In: 64.89% Test OOD1: 63.49% Test OOD2: 51.10% Test OOD3: 60.81% 
Epoch: 16, Loss: 1.2970, Train: 69.02%, Valid: 64.99%, Test In: 64.99% Test OOD1: 63.56% Test OOD2: 51.10% Test OOD3: 60.89% 
Epoch: 17, Loss: 1.2875, Train: 69.31%, Valid: 65.16%, Test In: 65.20% Test OOD1: 63.68% Test OOD2: 51.11% Test OOD3: 61.02% 
Epoch: 18, Loss: 1.2807, Train: 69.73%, Valid: 65.41%, Test In: 65.53% Test OOD1: 63.86% Test OOD2: 51.13% Test OOD3: 61.19% 
Epoch: 19, Loss: 1.2702, Train: 70.36%, Valid: 65.78%, Test In: 66.02% Test OOD1: 64.11% Test OOD2: 51.15% Test OOD3: 61.44% 
Epoch: 20, Loss: 1.2616, Train: 71.18%, Valid: 66.26%, Test In: 66.69% Test OOD1: 64.42% Test OOD2: 51.17% Test OOD3: 61.74% 
Epoch: 21, Loss: 1.2507, Train: 72.17%, Valid: 66.87%, Test In: 67.49% Test OOD1: 64.80% Test OOD2: 51.21% Test OOD3: 62.07% 
Epoch: 22, Loss: 1.2421, Train: 73.20%, Valid: 67.57%, Test In: 68.29% Test OOD1: 65.17% Test OOD2: 51.25% Test OOD3: 62.39% 
Epoch: 23, Loss: 1.2305, Train: 74.10%, Valid: 68.16%, Test In: 68.98% Test OOD1: 65.47% Test OOD2: 51.31% Test OOD3: 62.66% 
Epoch: 24, Loss: 1.2173, Train: 74.88%, Valid: 68.66%, Test In: 69.57% Test OOD1: 65.68% Test OOD2: 51.36% Test OOD3: 62.89% 
Epoch: 25, Loss: 1.2092, Train: 75.58%, Valid: 69.14%, Test In: 70.08% Test OOD1: 65.78% Test OOD2: 51.39% Test OOD3: 63.01% 
Epoch: 26, Loss: 1.2011, Train: 76.31%, Valid: 69.62%, Test In: 70.58% Test OOD1: 65.72% Test OOD2: 51.42% Test OOD3: 63.10% 
Epoch: 27, Loss: 1.1883, Train: 76.80%, Valid: 69.88%, Test In: 70.83% Test OOD1: 65.70% Test OOD2: 51.42% Test OOD3: 63.10% 
Epoch: 28, Loss: 1.1800, Train: 77.20%, Valid: 70.04%, Test In: 70.97% Test OOD1: 65.72% Test OOD2: 51.44% Test OOD3: 63.06% 
Epoch: 29, Loss: 1.1679, Train: 77.79%, Valid: 70.31%, Test In: 71.24% Test OOD1: 65.59% Test OOD2: 51.47% Test OOD3: 63.00% 
Epoch: 30, Loss: 1.1594, Train: 78.27%, Valid: 70.50%, Test In: 71.39% Test OOD1: 65.57% Test OOD2: 51.46% Test OOD3: 62.92% 
Epoch: 31, Loss: 1.1489, Train: 78.54%, Valid: 70.52%, Test In: 71.38% Test OOD1: 65.73% Test OOD2: 51.39% Test OOD3: 62.86% 
Epoch: 32, Loss: 1.1403, Train: 79.07%, Valid: 70.70%, Test In: 71.56% Test OOD1: 65.60% Test OOD2: 51.44% Test OOD3: 62.76% 
Epoch: 33, Loss: 1.1268, Train: 79.39%, Valid: 70.71%, Test In: 71.53% Test OOD1: 65.61% Test OOD2: 51.44% Test OOD3: 62.67% 
Epoch: 34, Loss: 1.1197, Train: 79.70%, Valid: 70.68%, Test In: 71.46% Test OOD1: 65.69% Test OOD2: 51.38% Test OOD3: 62.59% 
Epoch: 35, Loss: 1.1103, Train: 80.13%, Valid: 70.74%, Test In: 71.47% Test OOD1: 65.47% Test OOD2: 51.45% Test OOD3: 62.46% 
Epoch: 36, Loss: 1.1017, Train: 80.41%, Valid: 70.70%, Test In: 71.38% Test OOD1: 65.40% Test OOD2: 51.44% Test OOD3: 62.36% 
Epoch: 37, Loss: 1.0929, Train: 80.66%, Valid: 70.62%, Test In: 71.24% Test OOD1: 65.42% Test OOD2: 51.37% Test OOD3: 62.28% 
Epoch: 38, Loss: 1.0833, Train: 81.11%, Valid: 70.65%, Test In: 71.23% Test OOD1: 65.12% Test OOD2: 51.44% Test OOD3: 62.12% 
Epoch: 39, Loss: 1.0749, Train: 81.31%, Valid: 70.59%, Test In: 71.10% Test OOD1: 64.80% Test OOD2: 51.47% Test OOD3: 61.99% 
Epoch: 40, Loss: 1.0657, Train: 81.60%, Valid: 70.52%, Test In: 70.99% Test OOD1: 64.78% Test OOD2: 51.41% Test OOD3: 61.91% 
Epoch: 41, Loss: 1.0566, Train: 81.89%, Valid: 70.47%, Test In: 70.91% Test OOD1: 64.61% Test OOD2: 51.40% Test OOD3: 61.80% 
Epoch: 42, Loss: 1.0478, Train: 82.14%, Valid: 70.42%, Test In: 70.85% Test OOD1: 64.35% Test OOD2: 51.42% Test OOD3: 61.71% 
Epoch: 43, Loss: 1.0383, Train: 82.43%, Valid: 70.37%, Test In: 70.79% Test OOD1: 64.05% Test OOD2: 51.41% Test OOD3: 61.56% 
Epoch: 44, Loss: 1.0238, Train: 82.53%, Valid: 70.25%, Test In: 70.64% Test OOD1: 64.12% Test OOD2: 51.26% Test OOD3: 61.55% 
Epoch: 45, Loss: 1.0269, Train: 82.96%, Valid: 70.29%, Test In: 70.73% Test OOD1: 63.57% Test OOD2: 51.38% Test OOD3: 61.40% 
Epoch: 46, Loss: 1.0127, Train: 83.09%, Valid: 70.24%, Test In: 70.63% Test OOD1: 63.65% Test OOD2: 51.24% Test OOD3: 61.39% 
Epoch: 47, Loss: 1.0054, Train: 83.37%, Valid: 70.27%, Test In: 70.63% Test OOD1: 63.26% Test OOD2: 51.17% Test OOD3: 61.22% 
Epoch: 48, Loss: 1.0083, Train: 83.63%, Valid: 70.28%, Test In: 70.62% Test OOD1: 63.10% Test OOD2: 51.17% Test OOD3: 61.14% 
Epoch: 49, Loss: 0.9870, Train: 83.90%, Valid: 70.29%, Test In: 70.62% Test OOD1: 62.87% Test OOD2: 51.17% Test OOD3: 61.04% 
Epoch: 50, Loss: 0.9860, Train: 84.05%, Valid: 70.26%, Test In: 70.55% Test OOD1: 62.83% Test OOD2: 51.04% Test OOD3: 60.97% 
Epoch: 51, Loss: 0.9753, Train: 84.42%, Valid: 70.26%, Test In: 70.58% Test OOD1: 62.33% Test OOD2: 51.07% Test OOD3: 60.75% 
Epoch: 52, Loss: 0.9828, Train: 84.56%, Valid: 70.24%, Test In: 70.54% Test OOD1: 62.53% Test OOD2: 51.01% Test OOD3: 60.76% 
Epoch: 53, Loss: 0.9648, Train: 84.90%, Valid: 70.21%, Test In: 70.52% Test OOD1: 62.48% Test OOD2: 51.02% Test OOD3: 60.68% 
Epoch: 54, Loss: 0.9592, Train: 85.08%, Valid: 70.13%, Test In: 70.47% Test OOD1: 62.37% Test OOD2: 50.93% Test OOD3: 60.56% 
Epoch: 55, Loss: 0.9486, Train: 85.22%, Valid: 70.06%, Test In: 70.41% Test OOD1: 62.42% Test OOD2: 50.86% Test OOD3: 60.52% 
Epoch: 56, Loss: 0.9461, Train: 85.64%, Valid: 70.01%, Test In: 70.38% Test OOD1: 62.43% Test OOD2: 50.94% Test OOD3: 60.45% 
Epoch: 57, Loss: 0.9367, Train: 85.78%, Valid: 69.91%, Test In: 70.29% Test OOD1: 62.58% Test OOD2: 50.85% Test OOD3: 60.44% 
Epoch: 58, Loss: 0.9285, Train: 85.98%, Valid: 69.82%, Test In: 70.22% Test OOD1: 62.29% Test OOD2: 50.80% Test OOD3: 60.29% 
Epoch: 59, Loss: 0.9210, Train: 86.36%, Valid: 69.74%, Test In: 70.17% Test OOD1: 62.07% Test OOD2: 50.85% Test OOD3: 60.16% 
Epoch: 60, Loss: 0.9145, Train: 86.44%, Valid: 69.65%, Test In: 70.07% Test OOD1: 62.49% Test OOD2: 50.79% Test OOD3: 60.29% 
Epoch: 61, Loss: 0.9125, Train: 86.76%, Valid: 69.58%, Test In: 70.03% Test OOD1: 62.33% Test OOD2: 50.77% Test OOD3: 60.19% 
Epoch: 62, Loss: 0.9097, Train: 87.06%, Valid: 69.52%, Test In: 70.00% Test OOD1: 61.92% Test OOD2: 50.79% Test OOD3: 60.01% 
Epoch: 63, Loss: 0.8990, Train: 87.15%, Valid: 69.50%, Test In: 69.95% Test OOD1: 62.04% Test OOD2: 50.77% Test OOD3: 60.07% 
Epoch: 64, Loss: 0.8954, Train: 87.64%, Valid: 69.47%, Test In: 69.94% Test OOD1: 61.97% Test OOD2: 50.84% Test OOD3: 60.03% 
Epoch: 65, Loss: 0.8926, Train: 87.67%, Valid: 69.45%, Test In: 69.91% Test OOD1: 62.11% Test OOD2: 50.77% Test OOD3: 60.09% 
Epoch: 66, Loss: 0.8770, Train: 87.84%, Valid: 69.45%, Test In: 69.89% Test OOD1: 61.91% Test OOD2: 50.77% Test OOD3: 60.02% 
Epoch: 67, Loss: 0.8819, Train: 88.30%, Valid: 69.43%, Test In: 69.89% Test OOD1: 61.85% Test OOD2: 50.85% Test OOD3: 59.98% 
Epoch: 68, Loss: 0.8693, Train: 88.32%, Valid: 69.43%, Test In: 69.84% Test OOD1: 62.16% Test OOD2: 50.83% Test OOD3: 60.07% 
Epoch: 69, Loss: 0.8616, Train: 88.50%, Valid: 69.44%, Test In: 69.82% Test OOD1: 61.86% Test OOD2: 50.77% Test OOD3: 59.92% 
Epoch: 70, Loss: 0.8586, Train: 88.87%, Valid: 69.41%, Test In: 69.80% Test OOD1: 61.80% Test OOD2: 50.79% Test OOD3: 59.82% 
Epoch: 71, Loss: 0.8493, Train: 89.06%, Valid: 69.41%, Test In: 69.71% Test OOD1: 61.82% Test OOD2: 50.87% Test OOD3: 59.78% 
Epoch: 72, Loss: 0.8530, Train: 89.24%, Valid: 69.37%, Test In: 69.69% Test OOD1: 61.94% Test OOD2: 50.82% Test OOD3: 59.76% 
Epoch: 73, Loss: 0.8347, Train: 89.56%, Valid: 69.33%, Test In: 69.66% Test OOD1: 61.56% Test OOD2: 50.81% Test OOD3: 59.55% 
Epoch: 74, Loss: 0.8340, Train: 89.84%, Valid: 69.31%, Test In: 69.60% Test OOD1: 61.52% Test OOD2: 50.86% Test OOD3: 59.51% 
Epoch: 75, Loss: 0.8209, Train: 89.97%, Valid: 69.30%, Test In: 69.60% Test OOD1: 61.83% Test OOD2: 50.85% Test OOD3: 59.60% 
Epoch: 76, Loss: 0.8154, Train: 90.26%, Valid: 69.22%, Test In: 69.61% Test OOD1: 61.71% Test OOD2: 50.84% Test OOD3: 59.50% 
Epoch: 77, Loss: 0.8023, Train: 90.52%, Valid: 69.19%, Test In: 69.52% Test OOD1: 61.49% Test OOD2: 50.88% Test OOD3: 59.39% 
Epoch: 78, Loss: 0.7971, Train: 90.73%, Valid: 69.17%, Test In: 69.54% Test OOD1: 61.87% Test OOD2: 50.88% Test OOD3: 59.51% 
Epoch: 79, Loss: 0.7814, Train: 91.01%, Valid: 69.12%, Test In: 69.53% Test OOD1: 61.83% Test OOD2: 50.89% Test OOD3: 59.45% 
Epoch: 80, Loss: 0.7865, Train: 91.26%, Valid: 69.14%, Test In: 69.48% Test OOD1: 61.59% Test OOD2: 50.90% Test OOD3: 59.32% 
Epoch: 81, Loss: 0.7716, Train: 91.56%, Valid: 69.13%, Test In: 69.46% Test OOD1: 61.67% Test OOD2: 50.92% Test OOD3: 59.29% 
Epoch: 82, Loss: 0.7681, Train: 91.77%, Valid: 69.12%, Test In: 69.45% Test OOD1: 61.79% Test OOD2: 50.92% Test OOD3: 59.27% 
Epoch: 83, Loss: 0.7567, Train: 92.09%, Valid: 69.09%, Test In: 69.41% Test OOD1: 61.48% Test OOD2: 50.91% Test OOD3: 59.11% 
Epoch: 84, Loss: 0.7448, Train: 92.32%, Valid: 69.06%, Test In: 69.40% Test OOD1: 61.63% Test OOD2: 50.90% Test OOD3: 59.16% 
Epoch: 85, Loss: 0.7356, Train: 92.65%, Valid: 68.93%, Test In: 69.35% Test OOD1: 61.71% Test OOD2: 50.87% Test OOD3: 59.16% 
Epoch: 86, Loss: 0.7432, Train: 92.59%, Valid: 69.01%, Test In: 69.42% Test OOD1: 61.97% Test OOD2: 50.84% Test OOD3: 59.29% 
Epoch: 87, Loss: 0.7453, Train: 93.08%, Valid: 68.94%, Test In: 69.39% Test OOD1: 61.73% Test OOD2: 50.82% Test OOD3: 59.13% 
Epoch: 88, Loss: 0.7145, Train: 93.40%, Valid: 68.89%, Test In: 69.33% Test OOD1: 61.55% Test OOD2: 50.82% Test OOD3: 59.05% 
Epoch: 89, Loss: 0.7263, Train: 93.38%, Valid: 68.95%, Test In: 69.44% Test OOD1: 61.85% Test OOD2: 50.79% Test OOD3: 59.16% 
Epoch: 90, Loss: 0.7071, Train: 93.71%, Valid: 68.94%, Test In: 69.40% Test OOD1: 61.74% Test OOD2: 50.80% Test OOD3: 59.09% 
Epoch: 91, Loss: 0.6992, Train: 94.13%, Valid: 68.85%, Test In: 69.27% Test OOD1: 61.43% Test OOD2: 50.82% Test OOD3: 58.93% 
Epoch: 92, Loss: 0.6898, Train: 94.31%, Valid: 68.83%, Test In: 69.25% Test OOD1: 61.37% Test OOD2: 50.81% Test OOD3: 58.90% 
Epoch: 93, Loss: 0.6752, Train: 94.31%, Valid: 68.82%, Test In: 69.29% Test OOD1: 61.81% Test OOD2: 50.79% Test OOD3: 59.07% 
Epoch: 94, Loss: 0.6718, Train: 94.62%, Valid: 68.81%, Test In: 69.27% Test OOD1: 61.72% Test OOD2: 50.78% Test OOD3: 59.05% 
Epoch: 95, Loss: 0.6564, Train: 94.93%, Valid: 68.71%, Test In: 69.21% Test OOD1: 61.42% Test OOD2: 50.78% Test OOD3: 58.92% 
Epoch: 96, Loss: 0.6537, Train: 94.97%, Valid: 68.63%, Test In: 69.19% Test OOD1: 61.84% Test OOD2: 50.78% Test OOD3: 59.03% 
Epoch: 97, Loss: 0.6579, Train: 95.30%, Valid: 68.62%, Test In: 69.18% Test OOD1: 61.47% Test OOD2: 50.73% Test OOD3: 58.85% 
Epoch: 98, Loss: 0.6393, Train: 95.49%, Valid: 68.54%, Test In: 69.12% Test OOD1: 61.62% Test OOD2: 50.72% Test OOD3: 58.85% 
Epoch: 99, Loss: 0.6256, Train: 95.69%, Valid: 68.42%, Test In: 69.02% Test OOD1: 61.57% Test OOD2: 50.76% Test OOD3: 58.79% 
Epoch: 100, Loss: 0.6190, Train: 95.98%, Valid: 68.36%, Test In: 68.95% Test OOD1: 61.24% Test OOD2: 50.76% Test OOD3: 58.63% 
Epoch: 101, Loss: 0.6060, Train: 96.12%, Valid: 68.40%, Test In: 69.02% Test OOD1: 61.48% Test OOD2: 50.75% Test OOD3: 58.73% 
Epoch: 102, Loss: 0.6108, Train: 96.24%, Valid: 68.33%, Test In: 68.98% Test OOD1: 61.47% Test OOD2: 50.73% Test OOD3: 58.67% 
Epoch: 103, Loss: 0.5886, Train: 96.46%, Valid: 68.30%, Test In: 68.95% Test OOD1: 61.44% Test OOD2: 50.76% Test OOD3: 58.67% 
Epoch: 104, Loss: 0.5836, Train: 96.65%, Valid: 68.29%, Test In: 68.91% Test OOD1: 61.40% Test OOD2: 50.77% Test OOD3: 58.65% 
Epoch: 105, Loss: 0.5618, Train: 96.73%, Valid: 68.27%, Test In: 68.91% Test OOD1: 61.56% Test OOD2: 50.73% Test OOD3: 58.68% 
Epoch: 106, Loss: 0.5718, Train: 96.85%, Valid: 68.20%, Test In: 68.89% Test OOD1: 61.74% Test OOD2: 50.75% Test OOD3: 58.73% 
Epoch: 107, Loss: 0.5595, Train: 97.09%, Valid: 68.08%, Test In: 68.78% Test OOD1: 61.19% Test OOD2: 50.77% Test OOD3: 58.46% 
Epoch: 108, Loss: 0.5505, Train: 97.28%, Valid: 68.07%, Test In: 68.78% Test OOD1: 61.29% Test OOD2: 50.77% Test OOD3: 58.49% 
Epoch: 109, Loss: 0.5395, Train: 97.40%, Valid: 68.02%, Test In: 68.78% Test OOD1: 61.31% Test OOD2: 50.75% Test OOD3: 58.48% 
Epoch: 110, Loss: 0.5321, Train: 97.47%, Valid: 67.91%, Test In: 68.75% Test OOD1: 61.31% Test OOD2: 50.73% Test OOD3: 58.46% 
Epoch: 111, Loss: 0.5358, Train: 97.69%, Valid: 67.87%, Test In: 68.70% Test OOD1: 61.13% Test OOD2: 50.77% Test OOD3: 58.50% 
Epoch: 112, Loss: 0.5262, Train: 97.79%, Valid: 67.86%, Test In: 68.76% Test OOD1: 61.19% Test OOD2: 50.74% Test OOD3: 58.53% 
Epoch: 113, Loss: 0.5154, Train: 97.80%, Valid: 67.79%, Test In: 68.77% Test OOD1: 61.56% Test OOD2: 50.72% Test OOD3: 58.61% 
Epoch: 114, Loss: 0.4998, Train: 98.01%, Valid: 67.73%, Test In: 68.71% Test OOD1: 61.25% Test OOD2: 50.74% Test OOD3: 58.43% 
Epoch: 115, Loss: 0.4958, Train: 98.18%, Valid: 67.71%, Test In: 68.64% Test OOD1: 60.96% Test OOD2: 50.79% Test OOD3: 58.30% 
Epoch: 116, Loss: 0.4933, Train: 98.15%, Valid: 67.67%, Test In: 68.73% Test OOD1: 61.57% Test OOD2: 50.79% Test OOD3: 58.48% 
Epoch: 117, Loss: 0.4963, Train: 98.32%, Valid: 67.56%, Test In: 68.67% Test OOD1: 61.21% Test OOD2: 50.77% Test OOD3: 58.31% 
Epoch: 118, Loss: 0.4868, Train: 98.48%, Valid: 67.58%, Test In: 68.66% Test OOD1: 61.13% Test OOD2: 50.89% Test OOD3: 58.36% 
Epoch: 119, Loss: 0.4705, Train: 98.56%, Valid: 67.57%, Test In: 68.75% Test OOD1: 61.34% Test OOD2: 50.91% Test OOD3: 58.46% 
Epoch: 120, Loss: 0.4622, Train: 98.63%, Valid: 67.47%, Test In: 68.74% Test OOD1: 61.27% Test OOD2: 50.90% Test OOD3: 58.34% 
Epoch: 121, Loss: 0.4538, Train: 98.72%, Valid: 67.45%, Test In: 68.72% Test OOD1: 61.20% Test OOD2: 50.96% Test OOD3: 58.30% 
Epoch: 122, Loss: 0.4538, Train: 98.80%, Valid: 67.47%, Test In: 68.72% Test OOD1: 61.23% Test OOD2: 50.99% Test OOD3: 58.34% 
Epoch: 123, Loss: 0.4482, Train: 98.87%, Valid: 67.44%, Test In: 68.69% Test OOD1: 61.16% Test OOD2: 50.97% Test OOD3: 58.23% 
Epoch: 124, Loss: 0.4322, Train: 98.89%, Valid: 67.41%, Test In: 68.67% Test OOD1: 61.27% Test OOD2: 50.99% Test OOD3: 58.24% 
Epoch: 125, Loss: 0.4342, Train: 98.95%, Valid: 67.45%, Test In: 68.71% Test OOD1: 61.38% Test OOD2: 50.98% Test OOD3: 58.33% 
Epoch: 126, Loss: 0.4170, Train: 99.01%, Valid: 67.51%, Test In: 68.75% Test OOD1: 61.24% Test OOD2: 50.95% Test OOD3: 58.33% 
Epoch: 127, Loss: 0.4223, Train: 99.05%, Valid: 67.49%, Test In: 68.71% Test OOD1: 61.38% Test OOD2: 50.97% Test OOD3: 58.42% 
Epoch: 128, Loss: 0.4134, Train: 99.09%, Valid: 67.41%, Test In: 68.71% Test OOD1: 61.55% Test OOD2: 50.97% Test OOD3: 58.51% 
Epoch: 129, Loss: 0.4116, Train: 99.17%, Valid: 67.41%, Test In: 68.73% Test OOD1: 61.38% Test OOD2: 50.96% Test OOD3: 58.47% 
Epoch: 130, Loss: 0.3969, Train: 99.23%, Valid: 67.34%, Test In: 68.59% Test OOD1: 61.32% Test OOD2: 51.01% Test OOD3: 58.40% 
Epoch: 131, Loss: 0.3916, Train: 99.28%, Valid: 67.25%, Test In: 68.49% Test OOD1: 61.24% Test OOD2: 51.01% Test OOD3: 58.29% 
Epoch: 132, Loss: 0.3933, Train: 99.33%, Valid: 67.21%, Test In: 68.48% Test OOD1: 61.05% Test OOD2: 50.96% Test OOD3: 58.16% 
Epoch: 133, Loss: 0.3938, Train: 99.37%, Valid: 67.21%, Test In: 68.41% Test OOD1: 61.16% Test OOD2: 50.99% Test OOD3: 58.22% 
Epoch: 134, Loss: 0.3761, Train: 99.40%, Valid: 67.24%, Test In: 68.41% Test OOD1: 61.21% Test OOD2: 51.00% Test OOD3: 58.27% 
Epoch: 135, Loss: 0.3774, Train: 99.43%, Valid: 67.24%, Test In: 68.45% Test OOD1: 61.19% Test OOD2: 50.96% Test OOD3: 58.27% 
Epoch: 136, Loss: 0.3766, Train: 99.44%, Valid: 67.20%, Test In: 68.38% Test OOD1: 61.44% Test OOD2: 51.00% Test OOD3: 58.37% 
Epoch: 137, Loss: 0.3625, Train: 99.49%, Valid: 67.23%, Test In: 68.31% Test OOD1: 61.30% Test OOD2: 51.05% Test OOD3: 58.31% 
Epoch: 138, Loss: 0.3681, Train: 99.53%, Valid: 67.23%, Test In: 68.29% Test OOD1: 61.23% Test OOD2: 51.07% Test OOD3: 58.28% 
Epoch: 139, Loss: 0.3587, Train: 99.55%, Valid: 67.24%, Test In: 68.29% Test OOD1: 61.23% Test OOD2: 51.08% Test OOD3: 58.31% 
Epoch: 140, Loss: 0.3448, Train: 99.56%, Valid: 67.26%, Test In: 68.30% Test OOD1: 61.19% Test OOD2: 51.09% Test OOD3: 58.32% 
Epoch: 141, Loss: 0.3578, Train: 99.59%, Valid: 67.28%, Test In: 68.43% Test OOD1: 61.11% Test OOD2: 51.04% Test OOD3: 58.33% 
Epoch: 142, Loss: 0.3491, Train: 99.61%, Valid: 67.33%, Test In: 68.43% Test OOD1: 61.05% Test OOD2: 51.05% Test OOD3: 58.37% 
Epoch: 143, Loss: 0.3417, Train: 99.63%, Valid: 67.31%, Test In: 68.44% Test OOD1: 60.99% Test OOD2: 51.03% Test OOD3: 58.32% 
Epoch: 144, Loss: 0.3481, Train: 99.63%, Valid: 67.24%, Test In: 68.48% Test OOD1: 61.21% Test OOD2: 51.00% Test OOD3: 58.37% 
Epoch: 145, Loss: 0.3353, Train: 99.65%, Valid: 67.26%, Test In: 68.47% Test OOD1: 61.20% Test OOD2: 51.01% Test OOD3: 58.34% 
Epoch: 146, Loss: 0.3278, Train: 99.68%, Valid: 67.29%, Test In: 68.44% Test OOD1: 61.11% Test OOD2: 51.01% Test OOD3: 58.24% 
Epoch: 147, Loss: 0.3380, Train: 99.70%, Valid: 67.29%, Test In: 68.48% Test OOD1: 61.12% Test OOD2: 51.00% Test OOD3: 58.19% 
Epoch: 148, Loss: 0.3279, Train: 99.71%, Valid: 67.23%, Test In: 68.47% Test OOD1: 61.22% Test OOD2: 50.99% Test OOD3: 58.18% 
Epoch: 149, Loss: 0.3180, Train: 99.73%, Valid: 67.24%, Test In: 68.45% Test OOD1: 61.15% Test OOD2: 50.97% Test OOD3: 58.17% 
Epoch: 150, Loss: 0.3270, Train: 99.75%, Valid: 67.25%, Test In: 68.55% Test OOD1: 61.13% Test OOD2: 50.95% Test OOD3: 58.22% 
Epoch: 151, Loss: 0.3207, Train: 99.77%, Valid: 67.20%, Test In: 68.57% Test OOD1: 61.32% Test OOD2: 50.95% Test OOD3: 58.32% 
Epoch: 152, Loss: 0.3124, Train: 99.78%, Valid: 67.18%, Test In: 68.54% Test OOD1: 61.47% Test OOD2: 50.96% Test OOD3: 58.39% 
Epoch: 153, Loss: 0.3106, Train: 99.79%, Valid: 67.21%, Test In: 68.59% Test OOD1: 61.43% Test OOD2: 51.00% Test OOD3: 58.40% 
Epoch: 154, Loss: 0.3040, Train: 99.80%, Valid: 67.17%, Test In: 68.51% Test OOD1: 61.45% Test OOD2: 51.02% Test OOD3: 58.35% 
Epoch: 155, Loss: 0.3023, Train: 99.81%, Valid: 67.12%, Test In: 68.38% Test OOD1: 61.48% Test OOD2: 51.03% Test OOD3: 58.31% 
Epoch: 156, Loss: 0.2947, Train: 99.82%, Valid: 67.10%, Test In: 68.34% Test OOD1: 61.28% Test OOD2: 51.03% Test OOD3: 58.20% 
Epoch: 157, Loss: 0.2924, Train: 99.83%, Valid: 67.12%, Test In: 68.36% Test OOD1: 61.07% Test OOD2: 51.00% Test OOD3: 58.12% 
Epoch: 158, Loss: 0.2969, Train: 99.84%, Valid: 67.13%, Test In: 68.37% Test OOD1: 61.15% Test OOD2: 50.96% Test OOD3: 58.18% 
Epoch: 159, Loss: 0.2903, Train: 99.84%, Valid: 67.14%, Test In: 68.44% Test OOD1: 61.34% Test OOD2: 50.94% Test OOD3: 58.30% 
Epoch: 160, Loss: 0.2974, Train: 99.85%, Valid: 67.18%, Test In: 68.49% Test OOD1: 61.25% Test OOD2: 50.91% Test OOD3: 58.27% 
Epoch: 161, Loss: 0.2832, Train: 99.86%, Valid: 67.17%, Test In: 68.45% Test OOD1: 61.18% Test OOD2: 50.88% Test OOD3: 58.20% 
Epoch: 162, Loss: 0.2838, Train: 99.85%, Valid: 67.14%, Test In: 68.40% Test OOD1: 61.31% Test OOD2: 50.87% Test OOD3: 58.18% 
Epoch: 163, Loss: 0.2796, Train: 99.87%, Valid: 67.13%, Test In: 68.39% Test OOD1: 61.25% Test OOD2: 50.89% Test OOD3: 58.12% 
Epoch: 164, Loss: 0.2685, Train: 99.88%, Valid: 67.15%, Test In: 68.39% Test OOD1: 61.23% Test OOD2: 50.92% Test OOD3: 58.08% 
Epoch: 165, Loss: 0.2730, Train: 99.89%, Valid: 67.20%, Test In: 68.42% Test OOD1: 61.37% Test OOD2: 50.94% Test OOD3: 58.15% 
Epoch: 166, Loss: 0.2761, Train: 99.89%, Valid: 67.25%, Test In: 68.42% Test OOD1: 61.64% Test OOD2: 50.99% Test OOD3: 58.27% 
Epoch: 167, Loss: 0.2785, Train: 99.90%, Valid: 67.28%, Test In: 68.46% Test OOD1: 61.63% Test OOD2: 51.00% Test OOD3: 58.24% 
Epoch: 168, Loss: 0.2657, Train: 99.90%, Valid: 67.30%, Test In: 68.54% Test OOD1: 61.64% Test OOD2: 50.98% Test OOD3: 58.25% 
Epoch: 169, Loss: 0.2711, Train: 99.90%, Valid: 67.32%, Test In: 68.51% Test OOD1: 61.72% Test OOD2: 50.96% Test OOD3: 58.32% 
Epoch: 170, Loss: 0.2753, Train: 99.90%, Valid: 67.36%, Test In: 68.51% Test OOD1: 61.47% Test OOD2: 50.97% Test OOD3: 58.21% 
Epoch: 171, Loss: 0.2734, Train: 99.91%, Valid: 67.26%, Test In: 68.55% Test OOD1: 61.43% Test OOD2: 50.94% Test OOD3: 58.13% 
Epoch: 172, Loss: 0.2677, Train: 99.92%, Valid: 67.13%, Test In: 68.50% Test OOD1: 61.55% Test OOD2: 50.92% Test OOD3: 58.15% 
Epoch: 173, Loss: 0.2739, Train: 99.92%, Valid: 67.19%, Test In: 68.49% Test OOD1: 61.28% Test OOD2: 50.94% Test OOD3: 58.05% 
Epoch: 174, Loss: 0.2598, Train: 99.93%, Valid: 67.15%, Test In: 68.49% Test OOD1: 61.16% Test OOD2: 50.96% Test OOD3: 58.00% 
Epoch: 175, Loss: 0.2589, Train: 99.93%, Valid: 67.00%, Test In: 68.46% Test OOD1: 61.50% Test OOD2: 50.95% Test OOD3: 58.07% 
Epoch: 176, Loss: 0.2659, Train: 99.93%, Valid: 67.00%, Test In: 68.39% Test OOD1: 61.58% Test OOD2: 50.95% Test OOD3: 58.09% 
Epoch: 177, Loss: 0.2558, Train: 99.93%, Valid: 67.10%, Test In: 68.36% Test OOD1: 61.18% Test OOD2: 50.99% Test OOD3: 57.99% 
Epoch: 178, Loss: 0.2643, Train: 99.94%, Valid: 67.09%, Test In: 68.37% Test OOD1: 61.34% Test OOD2: 50.97% Test OOD3: 58.08% 
Epoch: 179, Loss: 0.2456, Train: 99.94%, Valid: 66.98%, Test In: 68.38% Test OOD1: 61.66% Test OOD2: 50.93% Test OOD3: 58.19% 
Epoch: 180, Loss: 0.2694, Train: 99.94%, Valid: 67.12%, Test In: 68.45% Test OOD1: 61.42% Test OOD2: 50.93% Test OOD3: 58.15% 
Epoch: 181, Loss: 0.2510, Train: 99.94%, Valid: 67.17%, Test In: 68.48% Test OOD1: 61.29% Test OOD2: 50.92% Test OOD3: 58.14% 
Epoch: 182, Loss: 0.2488, Train: 99.95%, Valid: 67.13%, Test In: 68.51% Test OOD1: 61.50% Test OOD2: 50.87% Test OOD3: 58.24% 
Epoch: 183, Loss: 0.2444, Train: 99.95%, Valid: 67.06%, Test In: 68.51% Test OOD1: 61.64% Test OOD2: 50.84% Test OOD3: 58.25% 
Epoch: 184, Loss: 0.2515, Train: 99.95%, Valid: 67.10%, Test In: 68.50% Test OOD1: 61.53% Test OOD2: 50.81% Test OOD3: 58.22% 
Epoch: 185, Loss: 0.2401, Train: 99.95%, Valid: 67.13%, Test In: 68.47% Test OOD1: 61.43% Test OOD2: 50.79% Test OOD3: 58.22% 
Epoch: 186, Loss: 0.2358, Train: 99.95%, Valid: 67.10%, Test In: 68.43% Test OOD1: 61.65% Test OOD2: 50.77% Test OOD3: 58.29% 
Epoch: 187, Loss: 0.2393, Train: 99.95%, Valid: 67.15%, Test In: 68.41% Test OOD1: 61.66% Test OOD2: 50.75% Test OOD3: 58.27% 
Epoch: 188, Loss: 0.2338, Train: 99.95%, Valid: 67.24%, Test In: 68.42% Test OOD1: 61.49% Test OOD2: 50.74% Test OOD3: 58.19% 
Epoch: 189, Loss: 0.2425, Train: 99.95%, Valid: 67.28%, Test In: 68.44% Test OOD1: 61.26% Test OOD2: 50.75% Test OOD3: 58.07% 
Epoch: 190, Loss: 0.2318, Train: 99.96%, Valid: 67.25%, Test In: 68.42% Test OOD1: 61.28% Test OOD2: 50.74% Test OOD3: 58.01% 
Epoch: 191, Loss: 0.2318, Train: 99.96%, Valid: 67.20%, Test In: 68.43% Test OOD1: 61.38% Test OOD2: 50.76% Test OOD3: 58.01% 
Epoch: 192, Loss: 0.2410, Train: 99.96%, Valid: 67.21%, Test In: 68.45% Test OOD1: 61.29% Test OOD2: 50.78% Test OOD3: 57.95% 
Epoch: 193, Loss: 0.2493, Train: 99.96%, Valid: 67.16%, Test In: 68.44% Test OOD1: 61.55% Test OOD2: 50.81% Test OOD3: 58.07% 
Epoch: 194, Loss: 0.2276, Train: 99.96%, Valid: 67.18%, Test In: 68.50% Test OOD1: 61.66% Test OOD2: 50.80% Test OOD3: 58.17% 
Epoch: 195, Loss: 0.2302, Train: 99.96%, Valid: 67.23%, Test In: 68.63% Test OOD1: 61.62% Test OOD2: 50.78% Test OOD3: 58.27% 
Epoch: 196, Loss: 0.2242, Train: 99.96%, Valid: 67.23%, Test In: 68.67% Test OOD1: 61.67% Test OOD2: 50.75% Test OOD3: 58.37% 
Epoch: 197, Loss: 0.2268, Train: 99.97%, Valid: 67.19%, Test In: 68.64% Test OOD1: 61.68% Test OOD2: 50.74% Test OOD3: 58.39% 
Epoch: 198, Loss: 0.2313, Train: 99.97%, Valid: 67.27%, Test In: 68.64% Test OOD1: 61.39% Test OOD2: 50.75% Test OOD3: 58.28% 
Epoch: 199, Loss: 0.2180, Train: 99.97%, Valid: 67.31%, Test In: 68.67% Test OOD1: 61.40% Test OOD2: 50.77% Test OOD3: 58.30% 
Run 01:
Highest Train: 99.97
Highest Valid: 70.74
Highest In Test: 71.56
Highest OOD Test: 65.78
Highest OOD Test: 52.31
Highest OOD Test: 63.10
Chosen epoch: 36
Final Train: 80.13
Final In Test: 71.47
Final OOD Test: 65.47
Final OOD Test: 51.45
Final OOD Test: 62.46
Epoch: 00, Loss: 1.3840, Train: 67.23%, Valid: 64.23%, Test In: 63.38% Test OOD1: 62.11% Test OOD2: 50.44% Test OOD3: 58.65% 
Epoch: 01, Loss: 1.3810, Train: 68.64%, Valid: 65.37%, Test In: 64.51% Test OOD1: 62.88% Test OOD2: 50.55% Test OOD3: 59.23% 
Epoch: 02, Loss: 1.3779, Train: 70.15%, Valid: 66.50%, Test In: 65.73% Test OOD1: 63.41% Test OOD2: 50.64% Test OOD3: 59.88% 
Epoch: 03, Loss: 1.3740, Train: 71.73%, Valid: 67.62%, Test In: 67.11% Test OOD1: 63.94% Test OOD2: 50.75% Test OOD3: 60.50% 
Epoch: 04, Loss: 1.3693, Train: 73.28%, Valid: 68.65%, Test In: 68.47% Test OOD1: 64.43% Test OOD2: 50.81% Test OOD3: 61.04% 
Epoch: 05, Loss: 1.3648, Train: 73.70%, Valid: 68.96%, Test In: 68.90% Test OOD1: 64.53% Test OOD2: 50.86% Test OOD3: 61.24% 
Epoch: 06, Loss: 1.3592, Train: 72.73%, Valid: 68.30%, Test In: 68.19% Test OOD1: 64.31% Test OOD2: 50.84% Test OOD3: 61.00% 
Epoch: 07, Loss: 1.3545, Train: 71.34%, Valid: 67.34%, Test In: 67.02% Test OOD1: 63.84% Test OOD2: 50.79% Test OOD3: 60.65% 
Epoch: 08, Loss: 1.3497, Train: 70.34%, Valid: 66.59%, Test In: 66.16% Test OOD1: 63.56% Test OOD2: 50.77% Test OOD3: 60.41% 
Epoch: 09, Loss: 1.3439, Train: 69.73%, Valid: 66.09%, Test In: 65.63% Test OOD1: 63.40% Test OOD2: 50.78% Test OOD3: 60.32% 
Epoch: 10, Loss: 1.3373, Train: 69.30%, Valid: 65.72%, Test In: 65.26% Test OOD1: 63.30% Test OOD2: 50.79% Test OOD3: 60.26% 
Epoch: 11, Loss: 1.3317, Train: 69.01%, Valid: 65.48%, Test In: 65.04% Test OOD1: 63.24% Test OOD2: 50.80% Test OOD3: 60.23% 
Epoch: 12, Loss: 1.3237, Train: 68.82%, Valid: 65.33%, Test In: 64.94% Test OOD1: 63.22% Test OOD2: 50.80% Test OOD3: 60.22% 
Epoch: 13, Loss: 1.3156, Train: 68.75%, Valid: 65.29%, Test In: 64.93% Test OOD1: 63.23% Test OOD2: 50.79% Test OOD3: 60.21% 
Epoch: 14, Loss: 1.3081, Train: 68.84%, Valid: 65.37%, Test In: 65.06% Test OOD1: 63.28% Test OOD2: 50.79% Test OOD3: 60.26% 
Epoch: 15, Loss: 1.3003, Train: 69.17%, Valid: 65.61%, Test In: 65.38% Test OOD1: 63.41% Test OOD2: 50.81% Test OOD3: 60.40% 
Epoch: 16, Loss: 1.2912, Train: 69.75%, Valid: 66.00%, Test In: 65.90% Test OOD1: 63.62% Test OOD2: 50.85% Test OOD3: 60.64% 
Epoch: 17, Loss: 1.2810, Train: 70.40%, Valid: 66.48%, Test In: 66.49% Test OOD1: 63.88% Test OOD2: 50.89% Test OOD3: 60.89% 
Epoch: 18, Loss: 1.2707, Train: 71.13%, Valid: 67.02%, Test In: 67.16% Test OOD1: 64.18% Test OOD2: 50.92% Test OOD3: 61.17% 
Epoch: 19, Loss: 1.2623, Train: 71.95%, Valid: 67.61%, Test In: 67.91% Test OOD1: 64.50% Test OOD2: 50.95% Test OOD3: 61.49% 
Epoch: 20, Loss: 1.2519, Train: 72.93%, Valid: 68.29%, Test In: 68.73% Test OOD1: 64.89% Test OOD2: 51.00% Test OOD3: 61.89% 
Epoch: 21, Loss: 1.2415, Train: 73.76%, Valid: 68.88%, Test In: 69.42% Test OOD1: 65.21% Test OOD2: 51.05% Test OOD3: 62.20% 
Epoch: 22, Loss: 1.2317, Train: 74.64%, Valid: 69.45%, Test In: 70.11% Test OOD1: 65.51% Test OOD2: 51.12% Test OOD3: 62.53% 
Epoch: 23, Loss: 1.2209, Train: 75.45%, Valid: 69.93%, Test In: 70.70% Test OOD1: 65.65% Test OOD2: 51.21% Test OOD3: 62.82% 
Epoch: 24, Loss: 1.2126, Train: 76.11%, Valid: 70.31%, Test In: 71.16% Test OOD1: 65.68% Test OOD2: 51.28% Test OOD3: 63.00% 
Epoch: 25, Loss: 1.2011, Train: 76.73%, Valid: 70.63%, Test In: 71.53% Test OOD1: 65.57% Test OOD2: 51.38% Test OOD3: 63.11% 
Epoch: 26, Loss: 1.1925, Train: 77.24%, Valid: 70.88%, Test In: 71.80% Test OOD1: 65.44% Test OOD2: 51.47% Test OOD3: 63.14% 
Epoch: 27, Loss: 1.1838, Train: 77.65%, Valid: 71.06%, Test In: 71.99% Test OOD1: 65.37% Test OOD2: 51.52% Test OOD3: 63.14% 
Epoch: 28, Loss: 1.1714, Train: 78.22%, Valid: 71.17%, Test In: 72.13% Test OOD1: 64.97% Test OOD2: 51.71% Test OOD3: 63.07% 
Epoch: 29, Loss: 1.1632, Train: 78.47%, Valid: 71.24%, Test In: 72.16% Test OOD1: 65.18% Test OOD2: 51.66% Test OOD3: 63.03% 
Epoch: 30, Loss: 1.1531, Train: 78.81%, Valid: 71.30%, Test In: 72.19% Test OOD1: 65.28% Test OOD2: 51.68% Test OOD3: 62.99% 
Epoch: 31, Loss: 1.1438, Train: 79.23%, Valid: 71.33%, Test In: 72.17% Test OOD1: 65.31% Test OOD2: 51.73% Test OOD3: 62.95% 
Epoch: 32, Loss: 1.1310, Train: 79.54%, Valid: 71.29%, Test In: 72.11% Test OOD1: 65.39% Test OOD2: 51.68% Test OOD3: 62.90% 
Epoch: 33, Loss: 1.1216, Train: 79.85%, Valid: 71.26%, Test In: 72.03% Test OOD1: 65.58% Test OOD2: 51.64% Test OOD3: 62.89% 
Epoch: 34, Loss: 1.1153, Train: 80.18%, Valid: 71.23%, Test In: 71.93% Test OOD1: 65.73% Test OOD2: 51.60% Test OOD3: 62.85% 
Epoch: 35, Loss: 1.1040, Train: 80.39%, Valid: 71.16%, Test In: 71.81% Test OOD1: 65.73% Test OOD2: 51.50% Test OOD3: 62.78% 
Epoch: 36, Loss: 1.0912, Train: 80.73%, Valid: 71.12%, Test In: 71.70% Test OOD1: 65.71% Test OOD2: 51.49% Test OOD3: 62.70% 
Epoch: 37, Loss: 1.0829, Train: 81.12%, Valid: 71.09%, Test In: 71.62% Test OOD1: 65.51% Test OOD2: 51.46% Test OOD3: 62.57% 
Epoch: 38, Loss: 1.0707, Train: 81.33%, Valid: 71.06%, Test In: 71.49% Test OOD1: 65.50% Test OOD2: 51.42% Test OOD3: 62.50% 
Epoch: 39, Loss: 1.0660, Train: 81.77%, Valid: 71.05%, Test In: 71.47% Test OOD1: 65.11% Test OOD2: 51.41% Test OOD3: 62.31% 
Epoch: 40, Loss: 1.0577, Train: 81.99%, Valid: 71.03%, Test In: 71.38% Test OOD1: 64.99% Test OOD2: 51.46% Test OOD3: 62.25% 
Epoch: 41, Loss: 1.0479, Train: 82.47%, Valid: 71.00%, Test In: 71.35% Test OOD1: 64.39% Test OOD2: 51.53% Test OOD3: 62.02% 
Epoch: 42, Loss: 1.0365, Train: 82.66%, Valid: 70.95%, Test In: 71.27% Test OOD1: 64.44% Test OOD2: 51.40% Test OOD3: 62.00% 
Epoch: 43, Loss: 1.0367, Train: 83.08%, Valid: 70.90%, Test In: 71.22% Test OOD1: 63.97% Test OOD2: 51.53% Test OOD3: 61.83% 
Epoch: 44, Loss: 1.0223, Train: 83.28%, Valid: 70.88%, Test In: 71.21% Test OOD1: 63.62% Test OOD2: 51.48% Test OOD3: 61.70% 
Epoch: 45, Loss: 1.0173, Train: 83.56%, Valid: 70.81%, Test In: 71.13% Test OOD1: 63.76% Test OOD2: 51.38% Test OOD3: 61.72% 
Epoch: 46, Loss: 1.0049, Train: 83.90%, Valid: 70.76%, Test In: 71.11% Test OOD1: 63.42% Test OOD2: 51.46% Test OOD3: 61.60% 
Epoch: 47, Loss: 0.9961, Train: 84.13%, Valid: 70.71%, Test In: 71.10% Test OOD1: 62.95% Test OOD2: 51.43% Test OOD3: 61.41% 
Epoch: 48, Loss: 0.9892, Train: 84.37%, Valid: 70.66%, Test In: 71.08% Test OOD1: 63.10% Test OOD2: 51.36% Test OOD3: 61.43% 
Epoch: 49, Loss: 0.9863, Train: 84.67%, Valid: 70.62%, Test In: 71.04% Test OOD1: 63.12% Test OOD2: 51.34% Test OOD3: 61.39% 
Epoch: 50, Loss: 0.9722, Train: 84.96%, Valid: 70.57%, Test In: 71.04% Test OOD1: 62.66% Test OOD2: 51.32% Test OOD3: 61.18% 
Epoch: 51, Loss: 0.9696, Train: 85.24%, Valid: 70.52%, Test In: 71.01% Test OOD1: 62.58% Test OOD2: 51.28% Test OOD3: 61.09% 
Epoch: 52, Loss: 0.9546, Train: 85.60%, Valid: 70.46%, Test In: 70.94% Test OOD1: 62.55% Test OOD2: 51.24% Test OOD3: 61.01% 
Epoch: 53, Loss: 0.9536, Train: 85.91%, Valid: 70.39%, Test In: 70.90% Test OOD1: 62.31% Test OOD2: 51.18% Test OOD3: 60.85% 
Epoch: 54, Loss: 0.9445, Train: 86.21%, Valid: 70.32%, Test In: 70.85% Test OOD1: 62.19% Test OOD2: 51.16% Test OOD3: 60.74% 
Epoch: 55, Loss: 0.9352, Train: 86.57%, Valid: 70.21%, Test In: 70.75% Test OOD1: 62.20% Test OOD2: 51.11% Test OOD3: 60.67% 
Epoch: 56, Loss: 0.9292, Train: 86.80%, Valid: 70.15%, Test In: 70.71% Test OOD1: 62.21% Test OOD2: 51.03% Test OOD3: 60.62% 
Epoch: 57, Loss: 0.9214, Train: 87.17%, Valid: 70.05%, Test In: 70.62% Test OOD1: 61.97% Test OOD2: 51.05% Test OOD3: 60.49% 
Epoch: 58, Loss: 0.9111, Train: 87.43%, Valid: 70.01%, Test In: 70.61% Test OOD1: 62.04% Test OOD2: 50.98% Test OOD3: 60.48% 
Epoch: 59, Loss: 0.9030, Train: 87.81%, Valid: 69.92%, Test In: 70.53% Test OOD1: 61.92% Test OOD2: 50.99% Test OOD3: 60.37% 
Epoch: 60, Loss: 0.8960, Train: 88.02%, Valid: 69.92%, Test In: 70.55% Test OOD1: 62.09% Test OOD2: 50.90% Test OOD3: 60.39% 
Epoch: 61, Loss: 0.8836, Train: 88.46%, Valid: 69.77%, Test In: 70.44% Test OOD1: 61.70% Test OOD2: 50.95% Test OOD3: 60.20% 
Epoch: 62, Loss: 0.8796, Train: 88.62%, Valid: 69.80%, Test In: 70.48% Test OOD1: 62.08% Test OOD2: 50.88% Test OOD3: 60.33% 
Epoch: 63, Loss: 0.8664, Train: 89.01%, Valid: 69.65%, Test In: 70.37% Test OOD1: 61.63% Test OOD2: 50.90% Test OOD3: 60.10% 
Epoch: 64, Loss: 0.8666, Train: 89.16%, Valid: 69.70%, Test In: 70.40% Test OOD1: 62.10% Test OOD2: 50.93% Test OOD3: 60.28% 
Epoch: 65, Loss: 0.8630, Train: 89.47%, Valid: 69.62%, Test In: 70.37% Test OOD1: 61.79% Test OOD2: 50.86% Test OOD3: 60.10% 
Epoch: 66, Loss: 0.8465, Train: 89.85%, Valid: 69.45%, Test In: 70.21% Test OOD1: 61.51% Test OOD2: 50.90% Test OOD3: 59.94% 
Epoch: 67, Loss: 0.8456, Train: 89.92%, Valid: 69.55%, Test In: 70.28% Test OOD1: 61.92% Test OOD2: 50.93% Test OOD3: 60.09% 
Epoch: 68, Loss: 0.8383, Train: 90.22%, Valid: 69.50%, Test In: 70.26% Test OOD1: 62.05% Test OOD2: 50.86% Test OOD3: 60.08% 
Epoch: 69, Loss: 0.8206, Train: 90.65%, Valid: 69.29%, Test In: 70.01% Test OOD1: 61.22% Test OOD2: 50.93% Test OOD3: 59.67% 
Epoch: 70, Loss: 0.8224, Train: 90.85%, Valid: 69.42%, Test In: 70.14% Test OOD1: 61.66% Test OOD2: 50.89% Test OOD3: 59.84% 
Epoch: 71, Loss: 0.7973, Train: 91.03%, Valid: 69.41%, Test In: 70.13% Test OOD1: 61.98% Test OOD2: 50.87% Test OOD3: 59.92% 
Epoch: 72, Loss: 0.7957, Train: 91.44%, Valid: 69.24%, Test In: 69.92% Test OOD1: 61.39% Test OOD2: 50.95% Test OOD3: 59.63% 
Epoch: 73, Loss: 0.7838, Train: 91.67%, Valid: 69.25%, Test In: 69.96% Test OOD1: 61.50% Test OOD2: 50.90% Test OOD3: 59.59% 
Epoch: 74, Loss: 0.7839, Train: 91.93%, Valid: 69.22%, Test In: 69.92% Test OOD1: 61.78% Test OOD2: 50.88% Test OOD3: 59.65% 
Epoch: 75, Loss: 0.7738, Train: 92.26%, Valid: 69.07%, Test In: 69.74% Test OOD1: 61.36% Test OOD2: 50.97% Test OOD3: 59.47% 
Epoch: 76, Loss: 0.7622, Train: 92.53%, Valid: 69.09%, Test In: 69.82% Test OOD1: 61.43% Test OOD2: 50.91% Test OOD3: 59.44% 
Epoch: 77, Loss: 0.7453, Train: 92.84%, Valid: 69.01%, Test In: 69.78% Test OOD1: 61.35% Test OOD2: 50.91% Test OOD3: 59.38% 
Epoch: 78, Loss: 0.7445, Train: 93.10%, Valid: 68.94%, Test In: 69.70% Test OOD1: 61.16% Test OOD2: 50.94% Test OOD3: 59.34% 
Epoch: 79, Loss: 0.7319, Train: 93.30%, Valid: 68.95%, Test In: 69.75% Test OOD1: 61.19% Test OOD2: 50.91% Test OOD3: 59.31% 
Epoch: 80, Loss: 0.7243, Train: 93.62%, Valid: 68.82%, Test In: 69.70% Test OOD1: 61.24% Test OOD2: 50.90% Test OOD3: 59.27% 
Epoch: 81, Loss: 0.7178, Train: 93.85%, Valid: 68.79%, Test In: 69.67% Test OOD1: 61.16% Test OOD2: 50.92% Test OOD3: 59.25% 
Epoch: 82, Loss: 0.7065, Train: 94.00%, Valid: 68.81%, Test In: 69.71% Test OOD1: 61.25% Test OOD2: 50.91% Test OOD3: 59.29% 
Epoch: 83, Loss: 0.7085, Train: 94.39%, Valid: 68.62%, Test In: 69.62% Test OOD1: 61.09% Test OOD2: 50.94% Test OOD3: 59.14% 
Epoch: 84, Loss: 0.6939, Train: 94.63%, Valid: 68.64%, Test In: 69.65% Test OOD1: 61.19% Test OOD2: 50.92% Test OOD3: 59.11% 
Epoch: 85, Loss: 0.6859, Train: 94.84%, Valid: 68.61%, Test In: 69.57% Test OOD1: 61.00% Test OOD2: 50.96% Test OOD3: 59.00% 
Epoch: 86, Loss: 0.6818, Train: 95.17%, Valid: 68.42%, Test In: 69.44% Test OOD1: 60.75% Test OOD2: 51.00% Test OOD3: 58.82% 
Epoch: 87, Loss: 0.6604, Train: 95.36%, Valid: 68.47%, Test In: 69.51% Test OOD1: 61.09% Test OOD2: 50.97% Test OOD3: 58.89% 
Epoch: 88, Loss: 0.6542, Train: 95.48%, Valid: 68.53%, Test In: 69.53% Test OOD1: 61.31% Test OOD2: 50.97% Test OOD3: 59.00% 
Epoch: 89, Loss: 0.6463, Train: 95.71%, Valid: 68.43%, Test In: 69.42% Test OOD1: 60.93% Test OOD2: 51.03% Test OOD3: 58.89% 
Epoch: 90, Loss: 0.6373, Train: 95.93%, Valid: 68.47%, Test In: 69.52% Test OOD1: 61.14% Test OOD2: 51.01% Test OOD3: 58.94% 
Epoch: 91, Loss: 0.6225, Train: 96.11%, Valid: 68.45%, Test In: 69.54% Test OOD1: 61.36% Test OOD2: 51.01% Test OOD3: 58.98% 
Epoch: 92, Loss: 0.6237, Train: 96.41%, Valid: 68.32%, Test In: 69.40% Test OOD1: 61.01% Test OOD2: 51.05% Test OOD3: 58.80% 
Epoch: 93, Loss: 0.6131, Train: 96.61%, Valid: 68.25%, Test In: 69.31% Test OOD1: 60.77% Test OOD2: 51.05% Test OOD3: 58.63% 
Epoch: 94, Loss: 0.6068, Train: 96.75%, Valid: 68.21%, Test In: 69.30% Test OOD1: 61.12% Test OOD2: 51.02% Test OOD3: 58.67% 
Epoch: 95, Loss: 0.5943, Train: 97.01%, Valid: 68.05%, Test In: 69.17% Test OOD1: 60.82% Test OOD2: 51.06% Test OOD3: 58.47% 
Epoch: 96, Loss: 0.5876, Train: 97.14%, Valid: 68.08%, Test In: 69.22% Test OOD1: 60.88% Test OOD2: 51.06% Test OOD3: 58.49% 
Epoch: 97, Loss: 0.5696, Train: 97.26%, Valid: 68.08%, Test In: 69.24% Test OOD1: 60.98% Test OOD2: 51.07% Test OOD3: 58.52% 
Epoch: 98, Loss: 0.5649, Train: 97.44%, Valid: 67.99%, Test In: 69.16% Test OOD1: 60.97% Test OOD2: 51.11% Test OOD3: 58.45% 
Epoch: 99, Loss: 0.5624, Train: 97.52%, Valid: 68.08%, Test In: 69.25% Test OOD1: 61.26% Test OOD2: 51.09% Test OOD3: 58.54% 
Epoch: 100, Loss: 0.5470, Train: 97.71%, Valid: 67.97%, Test In: 69.15% Test OOD1: 60.93% Test OOD2: 51.16% Test OOD3: 58.40% 
Epoch: 101, Loss: 0.5337, Train: 97.87%, Valid: 67.82%, Test In: 69.03% Test OOD1: 60.74% Test OOD2: 51.20% Test OOD3: 58.32% 
Epoch: 102, Loss: 0.5327, Train: 97.94%, Valid: 67.84%, Test In: 69.08% Test OOD1: 61.19% Test OOD2: 51.16% Test OOD3: 58.48% 
Epoch: 103, Loss: 0.5311, Train: 98.10%, Valid: 67.71%, Test In: 69.03% Test OOD1: 60.90% Test OOD2: 51.24% Test OOD3: 58.43% 
Epoch: 104, Loss: 0.5095, Train: 98.18%, Valid: 67.65%, Test In: 69.03% Test OOD1: 60.89% Test OOD2: 51.28% Test OOD3: 58.48% 
Epoch: 105, Loss: 0.5118, Train: 98.29%, Valid: 67.66%, Test In: 69.05% Test OOD1: 61.18% Test OOD2: 51.24% Test OOD3: 58.54% 
Epoch: 106, Loss: 0.5002, Train: 98.43%, Valid: 67.58%, Test In: 68.99% Test OOD1: 61.05% Test OOD2: 51.27% Test OOD3: 58.48% 
Epoch: 107, Loss: 0.4848, Train: 98.53%, Valid: 67.50%, Test In: 68.92% Test OOD1: 60.82% Test OOD2: 51.30% Test OOD3: 58.39% 
Epoch: 108, Loss: 0.4841, Train: 98.64%, Valid: 67.48%, Test In: 68.93% Test OOD1: 60.87% Test OOD2: 51.29% Test OOD3: 58.34% 
Epoch: 109, Loss: 0.4776, Train: 98.74%, Valid: 67.38%, Test In: 68.85% Test OOD1: 60.93% Test OOD2: 51.31% Test OOD3: 58.30% 
Epoch: 110, Loss: 0.4727, Train: 98.82%, Valid: 67.33%, Test In: 68.86% Test OOD1: 60.74% Test OOD2: 51.37% Test OOD3: 58.27% 
Epoch: 111, Loss: 0.4722, Train: 98.87%, Valid: 67.40%, Test In: 68.99% Test OOD1: 60.78% Test OOD2: 51.38% Test OOD3: 58.31% 
Epoch: 112, Loss: 0.4651, Train: 98.97%, Valid: 67.39%, Test In: 68.99% Test OOD1: 60.88% Test OOD2: 51.36% Test OOD3: 58.36% 
Epoch: 113, Loss: 0.4463, Train: 99.07%, Valid: 67.31%, Test In: 68.92% Test OOD1: 60.57% Test OOD2: 51.33% Test OOD3: 58.30% 
Epoch: 114, Loss: 0.4569, Train: 99.11%, Valid: 67.34%, Test In: 68.98% Test OOD1: 60.54% Test OOD2: 51.31% Test OOD3: 58.34% 
Epoch: 115, Loss: 0.4497, Train: 99.18%, Valid: 67.27%, Test In: 68.92% Test OOD1: 60.29% Test OOD2: 51.32% Test OOD3: 58.28% 
Epoch: 116, Loss: 0.4288, Train: 99.24%, Valid: 67.19%, Test In: 68.81% Test OOD1: 60.26% Test OOD2: 51.31% Test OOD3: 58.24% 
Epoch: 117, Loss: 0.4357, Train: 99.28%, Valid: 67.21%, Test In: 68.80% Test OOD1: 60.59% Test OOD2: 51.28% Test OOD3: 58.27% 
Epoch: 118, Loss: 0.4259, Train: 99.30%, Valid: 67.24%, Test In: 68.77% Test OOD1: 60.66% Test OOD2: 51.30% Test OOD3: 58.31% 
Epoch: 119, Loss: 0.4242, Train: 99.32%, Valid: 67.23%, Test In: 68.73% Test OOD1: 60.39% Test OOD2: 51.34% Test OOD3: 58.26% 
Epoch: 120, Loss: 0.4180, Train: 99.36%, Valid: 67.33%, Test In: 68.78% Test OOD1: 60.95% Test OOD2: 51.29% Test OOD3: 58.42% 
Epoch: 121, Loss: 0.3993, Train: 99.42%, Valid: 67.38%, Test In: 68.82% Test OOD1: 60.78% Test OOD2: 51.31% Test OOD3: 58.31% 
Epoch: 122, Loss: 0.4062, Train: 99.46%, Valid: 67.34%, Test In: 68.75% Test OOD1: 60.65% Test OOD2: 51.31% Test OOD3: 58.27% 
Epoch: 123, Loss: 0.3889, Train: 99.50%, Valid: 67.28%, Test In: 68.72% Test OOD1: 60.50% Test OOD2: 51.31% Test OOD3: 58.22% 
Epoch: 124, Loss: 0.3837, Train: 99.54%, Valid: 67.28%, Test In: 68.75% Test OOD1: 60.74% Test OOD2: 51.25% Test OOD3: 58.28% 
Epoch: 125, Loss: 0.3862, Train: 99.56%, Valid: 67.20%, Test In: 68.73% Test OOD1: 60.69% Test OOD2: 51.24% Test OOD3: 58.32% 
Epoch: 126, Loss: 0.3690, Train: 99.59%, Valid: 67.11%, Test In: 68.68% Test OOD1: 60.44% Test OOD2: 51.24% Test OOD3: 58.24% 
Epoch: 127, Loss: 0.3778, Train: 99.62%, Valid: 67.15%, Test In: 68.73% Test OOD1: 60.55% Test OOD2: 51.20% Test OOD3: 58.21% 
Epoch: 128, Loss: 0.3688, Train: 99.63%, Valid: 67.14%, Test In: 68.68% Test OOD1: 60.72% Test OOD2: 51.20% Test OOD3: 58.21% 
Epoch: 129, Loss: 0.3647, Train: 99.67%, Valid: 67.05%, Test In: 68.60% Test OOD1: 60.38% Test OOD2: 51.22% Test OOD3: 58.01% 
Epoch: 130, Loss: 0.3606, Train: 99.68%, Valid: 67.08%, Test In: 68.62% Test OOD1: 60.60% Test OOD2: 51.20% Test OOD3: 58.05% 
Epoch: 131, Loss: 0.3435, Train: 99.69%, Valid: 67.14%, Test In: 68.64% Test OOD1: 60.84% Test OOD2: 51.18% Test OOD3: 58.11% 
Epoch: 132, Loss: 0.3495, Train: 99.72%, Valid: 67.08%, Test In: 68.67% Test OOD1: 60.49% Test OOD2: 51.20% Test OOD3: 57.93% 
Epoch: 133, Loss: 0.3495, Train: 99.72%, Valid: 67.12%, Test In: 68.65% Test OOD1: 60.62% Test OOD2: 51.21% Test OOD3: 57.97% 
Epoch: 134, Loss: 0.3433, Train: 99.75%, Valid: 67.15%, Test In: 68.69% Test OOD1: 60.67% Test OOD2: 51.19% Test OOD3: 57.91% 
Epoch: 135, Loss: 0.3451, Train: 99.78%, Valid: 67.14%, Test In: 68.69% Test OOD1: 60.43% Test OOD2: 51.20% Test OOD3: 57.76% 
Epoch: 136, Loss: 0.3329, Train: 99.79%, Valid: 67.13%, Test In: 68.64% Test OOD1: 60.53% Test OOD2: 51.21% Test OOD3: 57.81% 
Epoch: 137, Loss: 0.3403, Train: 99.81%, Valid: 67.14%, Test In: 68.69% Test OOD1: 60.52% Test OOD2: 51.20% Test OOD3: 57.81% 
Epoch: 138, Loss: 0.3119, Train: 99.81%, Valid: 67.15%, Test In: 68.73% Test OOD1: 60.63% Test OOD2: 51.22% Test OOD3: 57.88% 
Epoch: 139, Loss: 0.3253, Train: 99.83%, Valid: 67.14%, Test In: 68.74% Test OOD1: 60.73% Test OOD2: 51.21% Test OOD3: 57.98% 
Epoch: 140, Loss: 0.3144, Train: 99.84%, Valid: 67.11%, Test In: 68.79% Test OOD1: 60.66% Test OOD2: 51.23% Test OOD3: 58.01% 
Epoch: 141, Loss: 0.3144, Train: 99.84%, Valid: 67.13%, Test In: 68.83% Test OOD1: 60.85% Test OOD2: 51.25% Test OOD3: 58.09% 
Epoch: 142, Loss: 0.3171, Train: 99.86%, Valid: 67.10%, Test In: 68.81% Test OOD1: 60.82% Test OOD2: 51.25% Test OOD3: 58.09% 
Epoch: 143, Loss: 0.3085, Train: 99.87%, Valid: 67.04%, Test In: 68.80% Test OOD1: 60.67% Test OOD2: 51.26% Test OOD3: 58.02% 
Epoch: 144, Loss: 0.3036, Train: 99.87%, Valid: 67.06%, Test In: 68.81% Test OOD1: 61.00% Test OOD2: 51.24% Test OOD3: 58.13% 
Epoch: 145, Loss: 0.3065, Train: 99.87%, Valid: 67.13%, Test In: 68.85% Test OOD1: 60.97% Test OOD2: 51.25% Test OOD3: 58.12% 
Epoch: 146, Loss: 0.2917, Train: 99.89%, Valid: 67.15%, Test In: 68.88% Test OOD1: 60.87% Test OOD2: 51.22% Test OOD3: 58.07% 
Epoch: 147, Loss: 0.2898, Train: 99.89%, Valid: 67.16%, Test In: 68.91% Test OOD1: 60.90% Test OOD2: 51.19% Test OOD3: 58.08% 
Epoch: 148, Loss: 0.3001, Train: 99.90%, Valid: 67.13%, Test In: 68.90% Test OOD1: 60.77% Test OOD2: 51.21% Test OOD3: 58.03% 
Epoch: 149, Loss: 0.2902, Train: 99.91%, Valid: 67.05%, Test In: 68.87% Test OOD1: 60.71% Test OOD2: 51.21% Test OOD3: 58.00% 
Epoch: 150, Loss: 0.2900, Train: 99.92%, Valid: 66.99%, Test In: 68.84% Test OOD1: 60.86% Test OOD2: 51.21% Test OOD3: 58.06% 
Epoch: 151, Loss: 0.2917, Train: 99.92%, Valid: 66.96%, Test In: 68.86% Test OOD1: 60.74% Test OOD2: 51.25% Test OOD3: 58.02% 
Epoch: 152, Loss: 0.2862, Train: 99.92%, Valid: 66.92%, Test In: 68.86% Test OOD1: 60.66% Test OOD2: 51.28% Test OOD3: 57.97% 
Epoch: 153, Loss: 0.2796, Train: 99.93%, Valid: 66.92%, Test In: 68.85% Test OOD1: 60.67% Test OOD2: 51.31% Test OOD3: 57.91% 
Epoch: 154, Loss: 0.2776, Train: 99.94%, Valid: 66.90%, Test In: 68.84% Test OOD1: 60.84% Test OOD2: 51.30% Test OOD3: 57.93% 
Epoch: 155, Loss: 0.2804, Train: 99.94%, Valid: 66.95%, Test In: 68.89% Test OOD1: 60.58% Test OOD2: 51.34% Test OOD3: 57.84% 
Epoch: 156, Loss: 0.2750, Train: 99.94%, Valid: 67.00%, Test In: 68.89% Test OOD1: 60.59% Test OOD2: 51.38% Test OOD3: 57.88% 
Epoch: 157, Loss: 0.2783, Train: 99.95%, Valid: 66.97%, Test In: 68.89% Test OOD1: 60.67% Test OOD2: 51.39% Test OOD3: 57.92% 
Epoch: 158, Loss: 0.2622, Train: 99.95%, Valid: 66.97%, Test In: 68.87% Test OOD1: 60.60% Test OOD2: 51.44% Test OOD3: 57.92% 
Epoch: 159, Loss: 0.2644, Train: 99.95%, Valid: 66.98%, Test In: 68.86% Test OOD1: 60.59% Test OOD2: 51.48% Test OOD3: 57.95% 
Epoch: 160, Loss: 0.2595, Train: 99.96%, Valid: 66.98%, Test In: 68.85% Test OOD1: 60.67% Test OOD2: 51.47% Test OOD3: 57.99% 
Epoch: 161, Loss: 0.2572, Train: 99.96%, Valid: 66.98%, Test In: 68.84% Test OOD1: 60.61% Test OOD2: 51.47% Test OOD3: 57.97% 
Epoch: 162, Loss: 0.2671, Train: 99.96%, Valid: 66.96%, Test In: 68.82% Test OOD1: 60.47% Test OOD2: 51.48% Test OOD3: 57.91% 
Epoch: 163, Loss: 0.2570, Train: 99.96%, Valid: 67.01%, Test In: 68.86% Test OOD1: 60.78% Test OOD2: 51.48% Test OOD3: 58.04% 
Epoch: 164, Loss: 0.2686, Train: 99.96%, Valid: 67.07%, Test In: 68.92% Test OOD1: 60.73% Test OOD2: 51.47% Test OOD3: 58.04% 
Epoch: 165, Loss: 0.2568, Train: 99.96%, Valid: 67.06%, Test In: 68.92% Test OOD1: 60.81% Test OOD2: 51.48% Test OOD3: 58.10% 
Epoch: 166, Loss: 0.2527, Train: 99.97%, Valid: 67.03%, Test In: 68.91% Test OOD1: 60.75% Test OOD2: 51.46% Test OOD3: 58.07% 
Epoch: 167, Loss: 0.2610, Train: 99.97%, Valid: 67.02%, Test In: 68.93% Test OOD1: 60.58% Test OOD2: 51.42% Test OOD3: 57.99% 
Epoch: 168, Loss: 0.2594, Train: 99.97%, Valid: 67.00%, Test In: 68.88% Test OOD1: 60.51% Test OOD2: 51.40% Test OOD3: 57.91% 
Epoch: 169, Loss: 0.2559, Train: 99.98%, Valid: 66.95%, Test In: 68.79% Test OOD1: 60.30% Test OOD2: 51.35% Test OOD3: 57.76% 
Epoch: 170, Loss: 0.2524, Train: 99.97%, Valid: 66.97%, Test In: 68.83% Test OOD1: 60.31% Test OOD2: 51.32% Test OOD3: 57.75% 
Epoch: 171, Loss: 0.2558, Train: 99.98%, Valid: 66.94%, Test In: 68.81% Test OOD1: 60.30% Test OOD2: 51.33% Test OOD3: 57.73% 
Epoch: 172, Loss: 0.2479, Train: 99.98%, Valid: 66.95%, Test In: 68.82% Test OOD1: 60.44% Test OOD2: 51.35% Test OOD3: 57.83% 
Epoch: 173, Loss: 0.2421, Train: 99.98%, Valid: 67.01%, Test In: 68.90% Test OOD1: 60.54% Test OOD2: 51.39% Test OOD3: 57.91% 
Epoch: 174, Loss: 0.2447, Train: 99.97%, Valid: 67.03%, Test In: 68.96% Test OOD1: 60.52% Test OOD2: 51.44% Test OOD3: 57.91% 
Epoch: 175, Loss: 0.2440, Train: 99.98%, Valid: 67.06%, Test In: 68.94% Test OOD1: 60.06% Test OOD2: 51.49% Test OOD3: 57.68% 
Epoch: 176, Loss: 0.2432, Train: 99.98%, Valid: 67.13%, Test In: 68.96% Test OOD1: 60.22% Test OOD2: 51.52% Test OOD3: 57.66% 
Epoch: 177, Loss: 0.2386, Train: 99.98%, Valid: 67.16%, Test In: 68.98% Test OOD1: 60.46% Test OOD2: 51.55% Test OOD3: 57.71% 
Epoch: 178, Loss: 0.2398, Train: 99.98%, Valid: 67.20%, Test In: 68.93% Test OOD1: 60.21% Test OOD2: 51.55% Test OOD3: 57.62% 
Epoch: 179, Loss: 0.2362, Train: 99.98%, Valid: 67.26%, Test In: 68.95% Test OOD1: 60.40% Test OOD2: 51.53% Test OOD3: 57.69% 
Epoch: 180, Loss: 0.2340, Train: 99.98%, Valid: 67.26%, Test In: 68.94% Test OOD1: 60.79% Test OOD2: 51.50% Test OOD3: 57.86% 
Epoch: 181, Loss: 0.2533, Train: 99.99%, Valid: 67.23%, Test In: 68.92% Test OOD1: 60.52% Test OOD2: 51.51% Test OOD3: 57.78% 
Epoch: 182, Loss: 0.2319, Train: 99.99%, Valid: 67.18%, Test In: 68.88% Test OOD1: 60.11% Test OOD2: 51.53% Test OOD3: 57.63% 
Epoch: 183, Loss: 0.2447, Train: 99.99%, Valid: 67.20%, Test In: 68.99% Test OOD1: 60.43% Test OOD2: 51.52% Test OOD3: 57.73% 
Epoch: 184, Loss: 0.2367, Train: 99.99%, Valid: 67.15%, Test In: 69.01% Test OOD1: 60.24% Test OOD2: 51.51% Test OOD3: 57.62% 
Epoch: 185, Loss: 0.2350, Train: 99.99%, Valid: 67.07%, Test In: 68.95% Test OOD1: 59.89% Test OOD2: 51.52% Test OOD3: 57.45% 
Epoch: 186, Loss: 0.2371, Train: 99.99%, Valid: 67.12%, Test In: 69.00% Test OOD1: 60.31% Test OOD2: 51.48% Test OOD3: 57.64% 
Epoch: 187, Loss: 0.2226, Train: 99.99%, Valid: 67.08%, Test In: 68.95% Test OOD1: 60.59% Test OOD2: 51.42% Test OOD3: 57.74% 
Epoch: 188, Loss: 0.2268, Train: 99.99%, Valid: 67.06%, Test In: 68.92% Test OOD1: 60.39% Test OOD2: 51.43% Test OOD3: 57.66% 
Epoch: 189, Loss: 0.2333, Train: 99.99%, Valid: 67.16%, Test In: 68.97% Test OOD1: 60.52% Test OOD2: 51.50% Test OOD3: 57.72% 
Epoch: 190, Loss: 0.2289, Train: 99.99%, Valid: 67.20%, Test In: 69.02% Test OOD1: 60.67% Test OOD2: 51.51% Test OOD3: 57.77% 
Epoch: 191, Loss: 0.2281, Train: 100.00%, Valid: 67.19%, Test In: 69.03% Test OOD1: 60.35% Test OOD2: 51.54% Test OOD3: 57.63% 
Epoch: 192, Loss: 0.2369, Train: 100.00%, Valid: 67.26%, Test In: 69.05% Test OOD1: 60.32% Test OOD2: 51.57% Test OOD3: 57.65% 
Epoch: 193, Loss: 0.2220, Train: 100.00%, Valid: 67.26%, Test In: 69.09% Test OOD1: 60.50% Test OOD2: 51.57% Test OOD3: 57.76% 
Epoch: 194, Loss: 0.2283, Train: 100.00%, Valid: 67.19%, Test In: 69.08% Test OOD1: 60.48% Test OOD2: 51.55% Test OOD3: 57.74% 
Epoch: 195, Loss: 0.2211, Train: 100.00%, Valid: 67.10%, Test In: 69.01% Test OOD1: 60.36% Test OOD2: 51.53% Test OOD3: 57.70% 
Epoch: 196, Loss: 0.2145, Train: 100.00%, Valid: 66.98%, Test In: 68.95% Test OOD1: 60.41% Test OOD2: 51.55% Test OOD3: 57.72% 
Epoch: 197, Loss: 0.2140, Train: 100.00%, Valid: 66.95%, Test In: 68.96% Test OOD1: 60.39% Test OOD2: 51.58% Test OOD3: 57.69% 
Epoch: 198, Loss: 0.2150, Train: 100.00%, Valid: 66.89%, Test In: 68.98% Test OOD1: 60.32% Test OOD2: 51.61% Test OOD3: 57.65% 
Epoch: 199, Loss: 0.2353, Train: 100.00%, Valid: 66.94%, Test In: 69.05% Test OOD1: 60.39% Test OOD2: 51.63% Test OOD3: 57.72% 
Run 02:
Highest Train: 100.00
Highest Valid: 71.33
Highest In Test: 72.19
Highest OOD Test: 65.73
Highest OOD Test: 51.73
Highest OOD Test: 63.14
Chosen epoch: 32
Final Train: 79.23
Final In Test: 72.17
Final OOD Test: 65.31
Final OOD Test: 51.73
Final OOD Test: 62.95
Epoch: 00, Loss: 1.3888, Train: 61.30%, Valid: 57.20%, Test In: 58.32% Test OOD1: 50.04% Test OOD2: 50.79% Test OOD3: 53.76% 
Epoch: 01, Loss: 1.3860, Train: 57.26%, Valid: 53.68%, Test In: 54.94% Test OOD1: 46.54% Test OOD2: 50.71% Test OOD3: 50.03% 
Epoch: 02, Loss: 1.3832, Train: 55.45%, Valid: 52.17%, Test In: 53.51% Test OOD1: 45.29% Test OOD2: 50.62% Test OOD3: 49.17% 
Epoch: 03, Loss: 1.3797, Train: 55.72%, Valid: 52.49%, Test In: 53.84% Test OOD1: 45.29% Test OOD2: 50.71% Test OOD3: 49.26% 
Epoch: 04, Loss: 1.3756, Train: 57.30%, Valid: 53.79%, Test In: 55.09% Test OOD1: 45.96% Test OOD2: 50.87% Test OOD3: 49.79% 
Epoch: 05, Loss: 1.3704, Train: 59.26%, Valid: 55.40%, Test In: 56.60% Test OOD1: 46.80% Test OOD2: 51.06% Test OOD3: 50.57% 
Epoch: 06, Loss: 1.3654, Train: 63.48%, Valid: 58.90%, Test In: 59.95% Test OOD1: 49.01% Test OOD2: 51.45% Test OOD3: 52.41% 
Epoch: 07, Loss: 1.3605, Train: 70.16%, Valid: 64.45%, Test In: 65.52% Test OOD1: 54.46% Test OOD2: 52.04% Test OOD3: 56.39% 
Epoch: 08, Loss: 1.3557, Train: 74.20%, Valid: 67.94%, Test In: 69.22% Test OOD1: 61.98% Test OOD2: 51.75% Test OOD3: 60.81% 
Epoch: 09, Loss: 1.3506, Train: 73.55%, Valid: 67.80%, Test In: 68.57% Test OOD1: 64.41% Test OOD2: 51.28% Test OOD3: 61.72% 
Epoch: 10, Loss: 1.3440, Train: 71.27%, Valid: 66.59%, Test In: 66.75% Test OOD1: 63.99% Test OOD2: 51.08% Test OOD3: 61.25% 
Epoch: 11, Loss: 1.3385, Train: 69.78%, Valid: 65.70%, Test In: 65.54% Test OOD1: 63.57% Test OOD2: 50.98% Test OOD3: 60.75% 
Epoch: 12, Loss: 1.3288, Train: 68.83%, Valid: 65.10%, Test In: 64.81% Test OOD1: 63.32% Test OOD2: 50.91% Test OOD3: 60.38% 
Epoch: 13, Loss: 1.3215, Train: 68.28%, Valid: 64.74%, Test In: 64.40% Test OOD1: 63.15% Test OOD2: 50.86% Test OOD3: 60.14% 
Epoch: 14, Loss: 1.3132, Train: 67.98%, Valid: 64.56%, Test In: 64.19% Test OOD1: 63.06% Test OOD2: 50.83% Test OOD3: 60.03% 
Epoch: 15, Loss: 1.3065, Train: 67.98%, Valid: 64.56%, Test In: 64.22% Test OOD1: 63.07% Test OOD2: 50.83% Test OOD3: 60.04% 
Epoch: 16, Loss: 1.2974, Train: 68.21%, Valid: 64.73%, Test In: 64.45% Test OOD1: 63.17% Test OOD2: 50.83% Test OOD3: 60.15% 
Epoch: 17, Loss: 1.2906, Train: 68.68%, Valid: 65.06%, Test In: 64.88% Test OOD1: 63.36% Test OOD2: 50.86% Test OOD3: 60.36% 
Epoch: 18, Loss: 1.2837, Train: 69.28%, Valid: 65.48%, Test In: 65.41% Test OOD1: 63.60% Test OOD2: 50.88% Test OOD3: 60.62% 
Epoch: 19, Loss: 1.2746, Train: 70.10%, Valid: 66.05%, Test In: 66.13% Test OOD1: 63.93% Test OOD2: 50.92% Test OOD3: 60.96% 
Epoch: 20, Loss: 1.2630, Train: 71.08%, Valid: 66.73%, Test In: 66.97% Test OOD1: 64.33% Test OOD2: 50.97% Test OOD3: 61.34% 
Epoch: 21, Loss: 1.2539, Train: 72.12%, Valid: 67.46%, Test In: 67.86% Test OOD1: 64.77% Test OOD2: 51.02% Test OOD3: 61.75% 
Epoch: 22, Loss: 1.2445, Train: 73.06%, Valid: 68.11%, Test In: 68.65% Test OOD1: 65.16% Test OOD2: 51.06% Test OOD3: 62.11% 
Epoch: 23, Loss: 1.2341, Train: 74.24%, Valid: 68.93%, Test In: 69.62% Test OOD1: 65.58% Test OOD2: 51.15% Test OOD3: 62.54% 
Epoch: 24, Loss: 1.2251, Train: 74.91%, Valid: 69.38%, Test In: 70.14% Test OOD1: 65.75% Test OOD2: 51.17% Test OOD3: 62.76% 
Epoch: 25, Loss: 1.2126, Train: 75.60%, Valid: 69.83%, Test In: 70.67% Test OOD1: 65.84% Test OOD2: 51.22% Test OOD3: 62.95% 
Epoch: 26, Loss: 1.2035, Train: 76.43%, Valid: 70.34%, Test In: 71.25% Test OOD1: 65.72% Test OOD2: 51.36% Test OOD3: 63.12% 
Epoch: 27, Loss: 1.1912, Train: 76.89%, Valid: 70.59%, Test In: 71.52% Test OOD1: 65.62% Test OOD2: 51.40% Test OOD3: 63.13% 
Epoch: 28, Loss: 1.1860, Train: 77.26%, Valid: 70.77%, Test In: 71.70% Test OOD1: 65.58% Test OOD2: 51.40% Test OOD3: 63.12% 
Epoch: 29, Loss: 1.1773, Train: 77.86%, Valid: 71.04%, Test In: 71.98% Test OOD1: 65.21% Test OOD2: 51.54% Test OOD3: 63.07% 
Epoch: 30, Loss: 1.1675, Train: 78.16%, Valid: 71.10%, Test In: 72.03% Test OOD1: 65.25% Test OOD2: 51.54% Test OOD3: 63.03% 
Epoch: 31, Loss: 1.1581, Train: 78.44%, Valid: 71.11%, Test In: 72.02% Test OOD1: 65.36% Test OOD2: 51.50% Test OOD3: 62.99% 
Epoch: 32, Loss: 1.1492, Train: 78.89%, Valid: 71.19%, Test In: 72.07% Test OOD1: 65.26% Test OOD2: 51.58% Test OOD3: 62.91% 
Epoch: 33, Loss: 1.1410, Train: 79.29%, Valid: 71.23%, Test In: 72.07% Test OOD1: 65.33% Test OOD2: 51.62% Test OOD3: 62.86% 
Epoch: 34, Loss: 1.1303, Train: 79.46%, Valid: 71.14%, Test In: 71.93% Test OOD1: 65.61% Test OOD2: 51.53% Test OOD3: 62.85% 
Epoch: 35, Loss: 1.1206, Train: 79.75%, Valid: 71.07%, Test In: 71.83% Test OOD1: 65.65% Test OOD2: 51.48% Test OOD3: 62.78% 
Epoch: 36, Loss: 1.1096, Train: 80.10%, Valid: 71.07%, Test In: 71.78% Test OOD1: 65.68% Test OOD2: 51.50% Test OOD3: 62.73% 
Epoch: 37, Loss: 1.1043, Train: 80.39%, Valid: 71.01%, Test In: 71.68% Test OOD1: 65.65% Test OOD2: 51.46% Test OOD3: 62.65% 
Epoch: 38, Loss: 1.0906, Train: 80.64%, Valid: 70.92%, Test In: 71.55% Test OOD1: 65.56% Test OOD2: 51.43% Test OOD3: 62.53% 
Epoch: 39, Loss: 1.0789, Train: 80.96%, Valid: 70.88%, Test In: 71.47% Test OOD1: 65.53% Test OOD2: 51.44% Test OOD3: 62.46% 
Epoch: 40, Loss: 1.0716, Train: 81.33%, Valid: 70.85%, Test In: 71.41% Test OOD1: 65.28% Test OOD2: 51.47% Test OOD3: 62.33% 
Epoch: 41, Loss: 1.0653, Train: 81.63%, Valid: 70.78%, Test In: 71.32% Test OOD1: 65.05% Test OOD2: 51.46% Test OOD3: 62.19% 
Epoch: 42, Loss: 1.0582, Train: 81.85%, Valid: 70.70%, Test In: 71.19% Test OOD1: 64.93% Test OOD2: 51.44% Test OOD3: 62.11% 
Epoch: 43, Loss: 1.0464, Train: 82.27%, Valid: 70.70%, Test In: 71.14% Test OOD1: 64.42% Test OOD2: 51.52% Test OOD3: 61.93% 
Epoch: 44, Loss: 1.0414, Train: 82.47%, Valid: 70.62%, Test In: 71.01% Test OOD1: 64.25% Test OOD2: 51.47% Test OOD3: 61.83% 
Epoch: 45, Loss: 1.0324, Train: 82.75%, Valid: 70.53%, Test In: 70.90% Test OOD1: 64.21% Test OOD2: 51.44% Test OOD3: 61.76% 
Epoch: 46, Loss: 1.0243, Train: 82.93%, Valid: 70.49%, Test In: 70.80% Test OOD1: 63.54% Test OOD2: 51.52% Test OOD3: 61.52% 
Epoch: 47, Loss: 1.0205, Train: 83.16%, Valid: 70.43%, Test In: 70.73% Test OOD1: 63.77% Test OOD2: 51.39% Test OOD3: 61.55% 
Epoch: 48, Loss: 1.0097, Train: 83.44%, Valid: 70.43%, Test In: 70.69% Test OOD1: 63.64% Test OOD2: 51.34% Test OOD3: 61.48% 
Epoch: 49, Loss: 1.0058, Train: 83.70%, Valid: 70.44%, Test In: 70.71% Test OOD1: 62.88% Test OOD2: 51.43% Test OOD3: 61.21% 
Epoch: 50, Loss: 0.9979, Train: 83.86%, Valid: 70.45%, Test In: 70.68% Test OOD1: 63.04% Test OOD2: 51.32% Test OOD3: 61.24% 
Epoch: 51, Loss: 0.9867, Train: 84.18%, Valid: 70.44%, Test In: 70.68% Test OOD1: 63.02% Test OOD2: 51.25% Test OOD3: 61.20% 
Epoch: 52, Loss: 0.9783, Train: 84.48%, Valid: 70.42%, Test In: 70.68% Test OOD1: 62.53% Test OOD2: 51.32% Test OOD3: 60.98% 
Epoch: 53, Loss: 0.9658, Train: 84.47%, Valid: 70.39%, Test In: 70.63% Test OOD1: 62.71% Test OOD2: 51.20% Test OOD3: 60.99% 
Epoch: 54, Loss: 0.9714, Train: 85.01%, Valid: 70.35%, Test In: 70.63% Test OOD1: 62.60% Test OOD2: 51.21% Test OOD3: 60.88% 
Epoch: 55, Loss: 0.9594, Train: 85.16%, Valid: 70.28%, Test In: 70.58% Test OOD1: 62.66% Test OOD2: 51.12% Test OOD3: 60.83% 
Epoch: 56, Loss: 0.9503, Train: 85.32%, Valid: 70.22%, Test In: 70.55% Test OOD1: 62.43% Test OOD2: 51.14% Test OOD3: 60.68% 
Epoch: 57, Loss: 0.9430, Train: 85.71%, Valid: 70.16%, Test In: 70.50% Test OOD1: 62.21% Test OOD2: 51.16% Test OOD3: 60.51% 
Epoch: 58, Loss: 0.9366, Train: 85.91%, Valid: 70.10%, Test In: 70.44% Test OOD1: 62.44% Test OOD2: 51.05% Test OOD3: 60.52% 
Epoch: 59, Loss: 0.9274, Train: 86.28%, Valid: 70.02%, Test In: 70.38% Test OOD1: 62.18% Test OOD2: 51.04% Test OOD3: 60.34% 
Epoch: 60, Loss: 0.9258, Train: 86.54%, Valid: 69.99%, Test In: 70.34% Test OOD1: 62.03% Test OOD2: 51.06% Test OOD3: 60.23% 
Epoch: 61, Loss: 0.9150, Train: 86.80%, Valid: 69.92%, Test In: 70.28% Test OOD1: 62.05% Test OOD2: 51.01% Test OOD3: 60.19% 
Epoch: 62, Loss: 0.9109, Train: 87.12%, Valid: 69.84%, Test In: 70.22% Test OOD1: 61.97% Test OOD2: 50.97% Test OOD3: 60.12% 
Epoch: 63, Loss: 0.9018, Train: 87.33%, Valid: 69.83%, Test In: 70.19% Test OOD1: 62.11% Test OOD2: 51.00% Test OOD3: 60.18% 
Epoch: 64, Loss: 0.8984, Train: 87.66%, Valid: 69.70%, Test In: 70.11% Test OOD1: 61.99% Test OOD2: 50.95% Test OOD3: 60.11% 
Epoch: 65, Loss: 0.8835, Train: 87.98%, Valid: 69.64%, Test In: 70.07% Test OOD1: 62.08% Test OOD2: 50.95% Test OOD3: 60.15% 
Epoch: 66, Loss: 0.8795, Train: 88.00%, Valid: 69.62%, Test In: 70.05% Test OOD1: 62.34% Test OOD2: 50.95% Test OOD3: 60.25% 
Epoch: 67, Loss: 0.8684, Train: 88.53%, Valid: 69.51%, Test In: 69.95% Test OOD1: 61.79% Test OOD2: 50.98% Test OOD3: 60.01% 
Epoch: 68, Loss: 0.8618, Train: 88.66%, Valid: 69.55%, Test In: 69.97% Test OOD1: 62.19% Test OOD2: 50.93% Test OOD3: 60.13% 
Epoch: 69, Loss: 0.8525, Train: 88.94%, Valid: 69.52%, Test In: 69.95% Test OOD1: 62.14% Test OOD2: 50.92% Test OOD3: 60.06% 
Epoch: 70, Loss: 0.8512, Train: 89.29%, Valid: 69.40%, Test In: 69.83% Test OOD1: 61.57% Test OOD2: 50.95% Test OOD3: 59.76% 
Epoch: 71, Loss: 0.8442, Train: 89.43%, Valid: 69.43%, Test In: 69.83% Test OOD1: 62.04% Test OOD2: 50.91% Test OOD3: 59.88% 
Epoch: 72, Loss: 0.8343, Train: 89.81%, Valid: 69.36%, Test In: 69.78% Test OOD1: 61.91% Test OOD2: 50.91% Test OOD3: 59.77% 
Epoch: 73, Loss: 0.8260, Train: 89.99%, Valid: 69.30%, Test In: 69.70% Test OOD1: 61.60% Test OOD2: 50.93% Test OOD3: 59.57% 
Epoch: 74, Loss: 0.8201, Train: 90.32%, Valid: 69.31%, Test In: 69.69% Test OOD1: 61.79% Test OOD2: 50.92% Test OOD3: 59.57% 
Epoch: 75, Loss: 0.8079, Train: 90.58%, Valid: 69.26%, Test In: 69.64% Test OOD1: 61.68% Test OOD2: 50.89% Test OOD3: 59.44% 
Epoch: 76, Loss: 0.7976, Train: 90.88%, Valid: 69.19%, Test In: 69.56% Test OOD1: 61.36% Test OOD2: 50.92% Test OOD3: 59.24% 
Epoch: 77, Loss: 0.7853, Train: 91.12%, Valid: 69.19%, Test In: 69.56% Test OOD1: 61.73% Test OOD2: 50.92% Test OOD3: 59.34% 
Epoch: 78, Loss: 0.7798, Train: 91.47%, Valid: 69.06%, Test In: 69.52% Test OOD1: 61.61% Test OOD2: 50.92% Test OOD3: 59.25% 
Epoch: 79, Loss: 0.7793, Train: 91.65%, Valid: 69.13%, Test In: 69.53% Test OOD1: 61.87% Test OOD2: 50.93% Test OOD3: 59.37% 
Epoch: 80, Loss: 0.7661, Train: 92.10%, Valid: 69.02%, Test In: 69.48% Test OOD1: 61.47% Test OOD2: 50.96% Test OOD3: 59.19% 
Epoch: 81, Loss: 0.7542, Train: 92.17%, Valid: 69.08%, Test In: 69.52% Test OOD1: 61.91% Test OOD2: 50.94% Test OOD3: 59.29% 
Epoch: 82, Loss: 0.7627, Train: 92.65%, Valid: 69.01%, Test In: 69.44% Test OOD1: 61.57% Test OOD2: 50.96% Test OOD3: 59.18% 
Epoch: 83, Loss: 0.7381, Train: 92.90%, Valid: 68.97%, Test In: 69.41% Test OOD1: 61.48% Test OOD2: 50.94% Test OOD3: 59.13% 
Epoch: 84, Loss: 0.7287, Train: 93.02%, Valid: 68.99%, Test In: 69.47% Test OOD1: 61.85% Test OOD2: 50.90% Test OOD3: 59.26% 
Epoch: 85, Loss: 0.7264, Train: 93.43%, Valid: 68.92%, Test In: 69.43% Test OOD1: 61.65% Test OOD2: 50.90% Test OOD3: 59.20% 
Epoch: 86, Loss: 0.7097, Train: 93.72%, Valid: 68.82%, Test In: 69.35% Test OOD1: 61.32% Test OOD2: 50.91% Test OOD3: 59.07% 
Epoch: 87, Loss: 0.7036, Train: 93.87%, Valid: 68.86%, Test In: 69.39% Test OOD1: 61.71% Test OOD2: 50.89% Test OOD3: 59.16% 
Epoch: 88, Loss: 0.6974, Train: 94.16%, Valid: 68.81%, Test In: 69.31% Test OOD1: 61.74% Test OOD2: 50.90% Test OOD3: 59.15% 
Epoch: 89, Loss: 0.6830, Train: 94.45%, Valid: 68.69%, Test In: 69.18% Test OOD1: 61.31% Test OOD2: 50.93% Test OOD3: 58.92% 
Epoch: 90, Loss: 0.6820, Train: 94.60%, Valid: 68.75%, Test In: 69.21% Test OOD1: 61.85% Test OOD2: 50.89% Test OOD3: 59.08% 
Epoch: 91, Loss: 0.6700, Train: 94.93%, Valid: 68.70%, Test In: 69.15% Test OOD1: 61.61% Test OOD2: 50.91% Test OOD3: 58.96% 
Epoch: 92, Loss: 0.6513, Train: 95.19%, Valid: 68.58%, Test In: 69.09% Test OOD1: 61.25% Test OOD2: 50.93% Test OOD3: 58.79% 
Epoch: 93, Loss: 0.6450, Train: 95.31%, Valid: 68.64%, Test In: 69.09% Test OOD1: 61.72% Test OOD2: 50.90% Test OOD3: 58.94% 
Epoch: 94, Loss: 0.6337, Train: 95.56%, Valid: 68.59%, Test In: 69.04% Test OOD1: 61.58% Test OOD2: 50.91% Test OOD3: 58.84% 
Epoch: 95, Loss: 0.6210, Train: 95.84%, Valid: 68.48%, Test In: 68.96% Test OOD1: 61.15% Test OOD2: 50.93% Test OOD3: 58.67% 
Epoch: 96, Loss: 0.6187, Train: 96.01%, Valid: 68.48%, Test In: 68.96% Test OOD1: 61.46% Test OOD2: 50.88% Test OOD3: 58.79% 
Epoch: 97, Loss: 0.6022, Train: 96.23%, Valid: 68.40%, Test In: 68.90% Test OOD1: 61.39% Test OOD2: 50.87% Test OOD3: 58.75% 
Epoch: 98, Loss: 0.5939, Train: 96.52%, Valid: 68.26%, Test In: 68.81% Test OOD1: 61.11% Test OOD2: 50.88% Test OOD3: 58.62% 
Epoch: 99, Loss: 0.5870, Train: 96.69%, Valid: 68.23%, Test In: 68.79% Test OOD1: 61.33% Test OOD2: 50.84% Test OOD3: 58.65% 
Epoch: 100, Loss: 0.5763, Train: 96.88%, Valid: 68.19%, Test In: 68.79% Test OOD1: 61.31% Test OOD2: 50.82% Test OOD3: 58.58% 
Epoch: 101, Loss: 0.5699, Train: 97.08%, Valid: 68.10%, Test In: 68.78% Test OOD1: 61.05% Test OOD2: 50.82% Test OOD3: 58.47% 
Epoch: 102, Loss: 0.5678, Train: 97.26%, Valid: 68.04%, Test In: 68.73% Test OOD1: 61.25% Test OOD2: 50.80% Test OOD3: 58.49% 
Epoch: 103, Loss: 0.5488, Train: 97.40%, Valid: 67.99%, Test In: 68.71% Test OOD1: 61.19% Test OOD2: 50.81% Test OOD3: 58.47% 
Epoch: 104, Loss: 0.5304, Train: 97.61%, Valid: 67.93%, Test In: 68.64% Test OOD1: 60.97% Test OOD2: 50.85% Test OOD3: 58.36% 
Epoch: 105, Loss: 0.5366, Train: 97.68%, Valid: 67.97%, Test In: 68.64% Test OOD1: 61.33% Test OOD2: 50.85% Test OOD3: 58.48% 
Epoch: 106, Loss: 0.5318, Train: 97.93%, Valid: 67.90%, Test In: 68.58% Test OOD1: 60.98% Test OOD2: 50.94% Test OOD3: 58.35% 
Epoch: 107, Loss: 0.5244, Train: 97.99%, Valid: 67.98%, Test In: 68.69% Test OOD1: 61.21% Test OOD2: 50.93% Test OOD3: 58.44% 
Epoch: 108, Loss: 0.5217, Train: 98.16%, Valid: 67.95%, Test In: 68.70% Test OOD1: 61.08% Test OOD2: 50.96% Test OOD3: 58.37% 
Epoch: 109, Loss: 0.4971, Train: 98.30%, Valid: 67.95%, Test In: 68.70% Test OOD1: 60.96% Test OOD2: 50.95% Test OOD3: 58.36% 
Epoch: 110, Loss: 0.4856, Train: 98.35%, Valid: 68.00%, Test In: 68.76% Test OOD1: 61.20% Test OOD2: 50.96% Test OOD3: 58.48% 
Epoch: 111, Loss: 0.4894, Train: 98.51%, Valid: 67.90%, Test In: 68.66% Test OOD1: 61.23% Test OOD2: 51.02% Test OOD3: 58.55% 
Epoch: 112, Loss: 0.4897, Train: 98.58%, Valid: 67.91%, Test In: 68.71% Test OOD1: 61.41% Test OOD2: 51.05% Test OOD3: 58.65% 
Epoch: 113, Loss: 0.4649, Train: 98.69%, Valid: 67.85%, Test In: 68.68% Test OOD1: 61.34% Test OOD2: 51.07% Test OOD3: 58.63% 
Epoch: 114, Loss: 0.4645, Train: 98.82%, Valid: 67.73%, Test In: 68.54% Test OOD1: 60.99% Test OOD2: 51.11% Test OOD3: 58.46% 
Epoch: 115, Loss: 0.4506, Train: 98.88%, Valid: 67.69%, Test In: 68.51% Test OOD1: 61.04% Test OOD2: 51.08% Test OOD3: 58.42% 
Epoch: 116, Loss: 0.4475, Train: 98.92%, Valid: 67.68%, Test In: 68.49% Test OOD1: 61.31% Test OOD2: 51.03% Test OOD3: 58.49% 
Epoch: 117, Loss: 0.4453, Train: 99.01%, Valid: 67.66%, Test In: 68.47% Test OOD1: 60.96% Test OOD2: 51.08% Test OOD3: 58.34% 
Epoch: 118, Loss: 0.4423, Train: 99.02%, Valid: 67.80%, Test In: 68.55% Test OOD1: 61.34% Test OOD2: 51.04% Test OOD3: 58.47% 
Epoch: 119, Loss: 0.4283, Train: 99.10%, Valid: 67.80%, Test In: 68.59% Test OOD1: 61.34% Test OOD2: 51.07% Test OOD3: 58.50% 
Epoch: 120, Loss: 0.4189, Train: 99.15%, Valid: 67.77%, Test In: 68.60% Test OOD1: 61.35% Test OOD2: 51.08% Test OOD3: 58.49% 
Epoch: 121, Loss: 0.4151, Train: 99.17%, Valid: 67.79%, Test In: 68.62% Test OOD1: 61.32% Test OOD2: 51.07% Test OOD3: 58.54% 
Epoch: 122, Loss: 0.4270, Train: 99.26%, Valid: 67.70%, Test In: 68.54% Test OOD1: 61.34% Test OOD2: 51.07% Test OOD3: 58.54% 
Epoch: 123, Loss: 0.4019, Train: 99.31%, Valid: 67.70%, Test In: 68.60% Test OOD1: 61.24% Test OOD2: 51.07% Test OOD3: 58.52% 
Epoch: 124, Loss: 0.4006, Train: 99.34%, Valid: 67.74%, Test In: 68.61% Test OOD1: 61.32% Test OOD2: 51.05% Test OOD3: 58.58% 
Epoch: 125, Loss: 0.3986, Train: 99.39%, Valid: 67.70%, Test In: 68.56% Test OOD1: 61.24% Test OOD2: 51.03% Test OOD3: 58.50% 
Epoch: 126, Loss: 0.3937, Train: 99.40%, Valid: 67.66%, Test In: 68.54% Test OOD1: 61.32% Test OOD2: 50.96% Test OOD3: 58.45% 
Epoch: 127, Loss: 0.3947, Train: 99.43%, Valid: 67.56%, Test In: 68.42% Test OOD1: 61.45% Test OOD2: 50.95% Test OOD3: 58.49% 
Epoch: 128, Loss: 0.3874, Train: 99.48%, Valid: 67.51%, Test In: 68.41% Test OOD1: 61.15% Test OOD2: 51.02% Test OOD3: 58.40% 
Epoch: 129, Loss: 0.3800, Train: 99.53%, Valid: 67.38%, Test In: 68.44% Test OOD1: 61.17% Test OOD2: 51.03% Test OOD3: 58.37% 
Epoch: 130, Loss: 0.3793, Train: 99.56%, Valid: 67.28%, Test In: 68.43% Test OOD1: 61.32% Test OOD2: 51.05% Test OOD3: 58.48% 
Epoch: 131, Loss: 0.3773, Train: 99.59%, Valid: 67.29%, Test In: 68.44% Test OOD1: 60.92% Test OOD2: 51.13% Test OOD3: 58.37% 
Epoch: 132, Loss: 0.3620, Train: 99.61%, Valid: 67.38%, Test In: 68.49% Test OOD1: 61.01% Test OOD2: 51.08% Test OOD3: 58.41% 
Epoch: 133, Loss: 0.3549, Train: 99.59%, Valid: 67.37%, Test In: 68.44% Test OOD1: 61.44% Test OOD2: 50.96% Test OOD3: 58.56% 
Epoch: 134, Loss: 0.3652, Train: 99.62%, Valid: 67.48%, Test In: 68.45% Test OOD1: 61.30% Test OOD2: 51.00% Test OOD3: 58.49% 
Epoch: 135, Loss: 0.3508, Train: 99.65%, Valid: 67.50%, Test In: 68.43% Test OOD1: 60.96% Test OOD2: 51.06% Test OOD3: 58.34% 
Epoch: 136, Loss: 0.3622, Train: 99.66%, Valid: 67.45%, Test In: 68.51% Test OOD1: 61.23% Test OOD2: 51.01% Test OOD3: 58.46% 
Epoch: 137, Loss: 0.3399, Train: 99.69%, Valid: 67.39%, Test In: 68.53% Test OOD1: 61.07% Test OOD2: 51.06% Test OOD3: 58.43% 
Epoch: 138, Loss: 0.3462, Train: 99.72%, Valid: 67.44%, Test In: 68.57% Test OOD1: 60.86% Test OOD2: 51.14% Test OOD3: 58.40% 
Epoch: 139, Loss: 0.3360, Train: 99.72%, Valid: 67.44%, Test In: 68.65% Test OOD1: 61.05% Test OOD2: 51.15% Test OOD3: 58.51% 
Epoch: 140, Loss: 0.3310, Train: 99.73%, Valid: 67.36%, Test In: 68.66% Test OOD1: 61.13% Test OOD2: 51.14% Test OOD3: 58.54% 
Epoch: 141, Loss: 0.3341, Train: 99.75%, Valid: 67.42%, Test In: 68.67% Test OOD1: 61.08% Test OOD2: 51.16% Test OOD3: 58.50% 
Epoch: 142, Loss: 0.3120, Train: 99.76%, Valid: 67.42%, Test In: 68.63% Test OOD1: 60.86% Test OOD2: 51.20% Test OOD3: 58.40% 
Epoch: 143, Loss: 0.3360, Train: 99.78%, Valid: 67.31%, Test In: 68.62% Test OOD1: 61.00% Test OOD2: 51.16% Test OOD3: 58.39% 
Epoch: 144, Loss: 0.3139, Train: 99.78%, Valid: 67.27%, Test In: 68.63% Test OOD1: 61.17% Test OOD2: 51.12% Test OOD3: 58.40% 
Epoch: 145, Loss: 0.3149, Train: 99.81%, Valid: 67.31%, Test In: 68.62% Test OOD1: 61.02% Test OOD2: 51.19% Test OOD3: 58.34% 
Epoch: 146, Loss: 0.3065, Train: 99.82%, Valid: 67.26%, Test In: 68.58% Test OOD1: 61.03% Test OOD2: 51.22% Test OOD3: 58.34% 
Epoch: 147, Loss: 0.3182, Train: 99.82%, Valid: 67.25%, Test In: 68.66% Test OOD1: 61.32% Test OOD2: 51.22% Test OOD3: 58.41% 
Epoch: 148, Loss: 0.2981, Train: 99.84%, Valid: 67.28%, Test In: 68.73% Test OOD1: 61.27% Test OOD2: 51.27% Test OOD3: 58.32% 
Epoch: 149, Loss: 0.2909, Train: 99.85%, Valid: 67.28%, Test In: 68.78% Test OOD1: 61.14% Test OOD2: 51.32% Test OOD3: 58.24% 
Epoch: 150, Loss: 0.3025, Train: 99.86%, Valid: 67.30%, Test In: 68.80% Test OOD1: 61.37% Test OOD2: 51.33% Test OOD3: 58.36% 
Epoch: 151, Loss: 0.2910, Train: 99.87%, Valid: 67.28%, Test In: 68.76% Test OOD1: 61.32% Test OOD2: 51.34% Test OOD3: 58.32% 
Epoch: 152, Loss: 0.2875, Train: 99.89%, Valid: 67.25%, Test In: 68.73% Test OOD1: 61.12% Test OOD2: 51.29% Test OOD3: 58.19% 
Epoch: 153, Loss: 0.2993, Train: 99.89%, Valid: 67.20%, Test In: 68.70% Test OOD1: 61.28% Test OOD2: 51.21% Test OOD3: 58.24% 
Epoch: 154, Loss: 0.2833, Train: 99.90%, Valid: 67.14%, Test In: 68.62% Test OOD1: 61.32% Test OOD2: 51.17% Test OOD3: 58.31% 
Epoch: 155, Loss: 0.2856, Train: 99.91%, Valid: 67.13%, Test In: 68.60% Test OOD1: 61.18% Test OOD2: 51.18% Test OOD3: 58.25% 
Epoch: 156, Loss: 0.2861, Train: 99.91%, Valid: 67.19%, Test In: 68.69% Test OOD1: 61.16% Test OOD2: 51.19% Test OOD3: 58.26% 
Epoch: 157, Loss: 0.2802, Train: 99.92%, Valid: 67.16%, Test In: 68.69% Test OOD1: 60.95% Test OOD2: 51.21% Test OOD3: 58.19% 
Epoch: 158, Loss: 0.2739, Train: 99.91%, Valid: 67.18%, Test In: 68.68% Test OOD1: 61.08% Test OOD2: 51.23% Test OOD3: 58.26% 
Epoch: 159, Loss: 0.2779, Train: 99.92%, Valid: 67.21%, Test In: 68.64% Test OOD1: 60.88% Test OOD2: 51.26% Test OOD3: 58.16% 
Epoch: 160, Loss: 0.2736, Train: 99.92%, Valid: 67.22%, Test In: 68.61% Test OOD1: 60.96% Test OOD2: 51.21% Test OOD3: 58.14% 
Epoch: 161, Loss: 0.2727, Train: 99.92%, Valid: 67.19%, Test In: 68.62% Test OOD1: 61.19% Test OOD2: 51.17% Test OOD3: 58.22% 
Epoch: 162, Loss: 0.2793, Train: 99.93%, Valid: 67.18%, Test In: 68.63% Test OOD1: 61.29% Test OOD2: 51.15% Test OOD3: 58.29% 
Epoch: 163, Loss: 0.2685, Train: 99.93%, Valid: 67.20%, Test In: 68.66% Test OOD1: 61.18% Test OOD2: 51.15% Test OOD3: 58.29% 
Epoch: 164, Loss: 0.2630, Train: 99.94%, Valid: 67.23%, Test In: 68.72% Test OOD1: 61.08% Test OOD2: 51.15% Test OOD3: 58.28% 
Epoch: 165, Loss: 0.2633, Train: 99.94%, Valid: 67.19%, Test In: 68.69% Test OOD1: 60.98% Test OOD2: 51.19% Test OOD3: 58.26% 
Epoch: 166, Loss: 0.2572, Train: 99.95%, Valid: 67.16%, Test In: 68.62% Test OOD1: 61.10% Test OOD2: 51.25% Test OOD3: 58.36% 
Epoch: 167, Loss: 0.2655, Train: 99.95%, Valid: 67.14%, Test In: 68.58% Test OOD1: 61.23% Test OOD2: 51.24% Test OOD3: 58.39% 
Epoch: 168, Loss: 0.2484, Train: 99.95%, Valid: 67.11%, Test In: 68.50% Test OOD1: 60.92% Test OOD2: 51.30% Test OOD3: 58.26% 
Epoch: 169, Loss: 0.2615, Train: 99.95%, Valid: 67.14%, Test In: 68.52% Test OOD1: 61.13% Test OOD2: 51.28% Test OOD3: 58.31% 
Epoch: 170, Loss: 0.2602, Train: 99.96%, Valid: 67.16%, Test In: 68.50% Test OOD1: 61.25% Test OOD2: 51.26% Test OOD3: 58.35% 
Epoch: 171, Loss: 0.2512, Train: 99.96%, Valid: 67.16%, Test In: 68.49% Test OOD1: 60.90% Test OOD2: 51.30% Test OOD3: 58.17% 
Epoch: 172, Loss: 0.2767, Train: 99.96%, Valid: 67.21%, Test In: 68.58% Test OOD1: 61.26% Test OOD2: 51.24% Test OOD3: 58.34% 
Epoch: 173, Loss: 0.2650, Train: 99.96%, Valid: 67.18%, Test In: 68.59% Test OOD1: 61.07% Test OOD2: 51.27% Test OOD3: 58.28% 
Epoch: 174, Loss: 0.2474, Train: 99.97%, Valid: 67.13%, Test In: 68.54% Test OOD1: 60.84% Test OOD2: 51.30% Test OOD3: 58.18% 
Epoch: 175, Loss: 0.2594, Train: 99.97%, Valid: 67.14%, Test In: 68.55% Test OOD1: 61.04% Test OOD2: 51.30% Test OOD3: 58.24% 
Epoch: 176, Loss: 0.2537, Train: 99.97%, Valid: 67.06%, Test In: 68.50% Test OOD1: 60.99% Test OOD2: 51.27% Test OOD3: 58.16% 
Epoch: 177, Loss: 0.2481, Train: 99.97%, Valid: 67.05%, Test In: 68.50% Test OOD1: 61.03% Test OOD2: 51.27% Test OOD3: 58.14% 
Epoch: 178, Loss: 0.2404, Train: 99.97%, Valid: 67.12%, Test In: 68.51% Test OOD1: 61.15% Test OOD2: 51.25% Test OOD3: 58.17% 
Epoch: 179, Loss: 0.2472, Train: 99.97%, Valid: 67.19%, Test In: 68.53% Test OOD1: 60.90% Test OOD2: 51.26% Test OOD3: 58.05% 
Epoch: 180, Loss: 0.2424, Train: 99.97%, Valid: 67.25%, Test In: 68.64% Test OOD1: 60.97% Test OOD2: 51.22% Test OOD3: 58.09% 
Epoch: 181, Loss: 0.2423, Train: 99.97%, Valid: 67.25%, Test In: 68.73% Test OOD1: 61.07% Test OOD2: 51.19% Test OOD3: 58.21% 
Epoch: 182, Loss: 0.2433, Train: 99.97%, Valid: 67.31%, Test In: 68.78% Test OOD1: 60.85% Test OOD2: 51.24% Test OOD3: 58.27% 
Epoch: 183, Loss: 0.2263, Train: 99.98%, Valid: 67.30%, Test In: 68.80% Test OOD1: 60.69% Test OOD2: 51.27% Test OOD3: 58.28% 
Epoch: 184, Loss: 0.2433, Train: 99.98%, Valid: 67.21%, Test In: 68.77% Test OOD1: 60.94% Test OOD2: 51.23% Test OOD3: 58.34% 
Epoch: 185, Loss: 0.2283, Train: 99.98%, Valid: 67.11%, Test In: 68.69% Test OOD1: 61.16% Test OOD2: 51.17% Test OOD3: 58.42% 
Epoch: 186, Loss: 0.2323, Train: 99.98%, Valid: 67.13%, Test In: 68.66% Test OOD1: 60.95% Test OOD2: 51.18% Test OOD3: 58.32% 
Epoch: 187, Loss: 0.2313, Train: 99.98%, Valid: 67.11%, Test In: 68.60% Test OOD1: 60.68% Test OOD2: 51.18% Test OOD3: 58.18% 
Epoch: 188, Loss: 0.2385, Train: 99.98%, Valid: 67.13%, Test In: 68.62% Test OOD1: 60.95% Test OOD2: 51.10% Test OOD3: 58.25% 
Epoch: 189, Loss: 0.2275, Train: 99.98%, Valid: 67.14%, Test In: 68.64% Test OOD1: 61.06% Test OOD2: 51.07% Test OOD3: 58.27% 
Epoch: 190, Loss: 0.2301, Train: 99.98%, Valid: 67.21%, Test In: 68.67% Test OOD1: 60.88% Test OOD2: 51.11% Test OOD3: 58.19% 
Epoch: 191, Loss: 0.2341, Train: 99.98%, Valid: 67.22%, Test In: 68.67% Test OOD1: 60.67% Test OOD2: 51.17% Test OOD3: 58.10% 
Epoch: 192, Loss: 0.2309, Train: 99.98%, Valid: 67.16%, Test In: 68.67% Test OOD1: 60.86% Test OOD2: 51.16% Test OOD3: 58.17% 
Epoch: 193, Loss: 0.2309, Train: 99.99%, Valid: 67.14%, Test In: 68.65% Test OOD1: 60.76% Test OOD2: 51.18% Test OOD3: 58.08% 
Epoch: 194, Loss: 0.2262, Train: 99.99%, Valid: 67.12%, Test In: 68.62% Test OOD1: 60.65% Test OOD2: 51.19% Test OOD3: 58.02% 
Epoch: 195, Loss: 0.2278, Train: 99.99%, Valid: 67.16%, Test In: 68.63% Test OOD1: 60.93% Test OOD2: 51.16% Test OOD3: 58.19% 
Epoch: 196, Loss: 0.2207, Train: 99.99%, Valid: 67.21%, Test In: 68.65% Test OOD1: 60.88% Test OOD2: 51.18% Test OOD3: 58.25% 
Epoch: 197, Loss: 0.2267, Train: 99.99%, Valid: 67.26%, Test In: 68.69% Test OOD1: 60.80% Test OOD2: 51.18% Test OOD3: 58.25% 
Epoch: 198, Loss: 0.2242, Train: 99.99%, Valid: 67.29%, Test In: 68.75% Test OOD1: 61.14% Test OOD2: 51.14% Test OOD3: 58.36% 
Epoch: 199, Loss: 0.2257, Train: 99.99%, Valid: 67.31%, Test In: 68.81% Test OOD1: 61.04% Test OOD2: 51.16% Test OOD3: 58.32% 
Run 03:
Highest Train: 99.99
Highest Valid: 71.23
Highest In Test: 72.07
Highest OOD Test: 65.84
Highest OOD Test: 52.04
Highest OOD Test: 63.13
Chosen epoch: 34
Final Train: 79.29
Final In Test: 72.07
Final OOD Test: 65.33
Final OOD Test: 51.62
Final OOD Test: 62.86
All runs:
Highest Train: 99.99 ± 0.02
Highest Valid: 71.10 ± 0.32
Highest In Test: 71.94 ± 0.33
Highest OOD Test: 65.78 ± 0.05
Highest OOD Test: 52.03 ± 0.29
Highest OOD Test: 63.13 ± 0.02
  Final Train: 79.55 ± 0.51
   Final In  Test: 71.90 ± 0.38
   Final OOD Test: 65.37 ± 0.09
   Final OOD Test: 51.60 ± 0.14
   Final OOD Test: 62.76 ± 0.26
[INFO] TensorBoard writer closed.

Command: python main.py --dataset twitch --backbone_type gcn --env_type graph --combine_result --store_result --epochs 200 --runs 3 --num_layers 2 --expert_agg mean --tau 3 --lr 0.01 --weight_decay 5e-5 --dropout 0.0 --K 3 --hidden_channels 64 --seed 123 --device 0 --lr 0.005 --weight_decay 5e-05 --dropout 0.1 --lamda 1.0 --K 3 --hidden_channels 32 --other_env_reduce sample --result_name twitch_stage1_lr0.005_weight_decay5e-05_dropout0.1_lamda1.0_K3_hidden_channels32_other_env_reducesample
Return code: 0
Elapsed: 123.66s
