Namespace(K=3, backbone_type='gcn', combine_result=True, cpu=False, data_dir='./data/', dataset='twitch', device=0, display_step=1, dropout=0.2, env_type='graph', epochs=200, expert_agg='mean', gate_hidden=64, hidden_channels=32, infer_env=False, infer_env_components=64, infer_env_iters=30, infer_env_num=3, lamda=0.1, lr=0.005, num_layers=2, other_env_reduce='sample', pos_weight=5.0, result_name='twitch_stage1_lr0.005_weight_decay5e-05_dropout0.2_lamda0.1_K3_hidden_channels32_other_env_reducesample', runs=3, seed=123, store_result=True, tau=3.0, use_bn=False, variant=False, weight_decay=5e-05)
dataset twitch: all nodes 34120 | edges 429113 | classes 2 | feats 3170
train nodes 7897 | valid nodes 3949 | test in nodes 3949
test ood1 nodes 4648 test ood2 nodes 6551 test ood3 nodes 7126 
[INFO] env numbers: 6 train env numbers: 3
MODEL: CaNet(
  (experts): ModuleList(
    (0): ExpertNet(
      (convs): ModuleList(
        (0): CaNetConv()
        (1): CaNetConv()
      )
      (fcs): ModuleList(
        (0): Linear(in_features=3170, out_features=32, bias=True)
        (1): Linear(in_features=32, out_features=2, bias=True)
      )
      (act_fn): ReLU()
    )
    (1): ExpertNet(
      (convs): ModuleList(
        (0): CaNetConv()
        (1): CaNetConv()
      )
      (fcs): ModuleList(
        (0): Linear(in_features=3170, out_features=32, bias=True)
        (1): Linear(in_features=32, out_features=2, bias=True)
      )
      (act_fn): ReLU()
    )
    (2): ExpertNet(
      (convs): ModuleList(
        (0): CaNetConv()
        (1): CaNetConv()
      )
      (fcs): ModuleList(
        (0): Linear(in_features=3170, out_features=32, bias=True)
        (1): Linear(in_features=32, out_features=2, bias=True)
      )
      (act_fn): ReLU()
    )
  )
  (gate): Sequential(
    (0): Linear(in_features=3170, out_features=64, bias=True)
    (1): ReLU()
    (2): Linear(in_features=64, out_features=3, bias=True)
  )
)
[INFO] TensorBoard logging activated. Logs will be saved to: ./runs/twitch/Apr16_13-22-30_lamda_0.1
Epoch: 00, Loss: 0.7695, Train: 63.78%, Valid: 61.60%, Test In: 60.75% Test OOD1: 59.48% Test OOD2: 50.45% Test OOD3: 57.10% 
Epoch: 01, Loss: 0.7661, Train: 67.58%, Valid: 63.80%, Test In: 63.69% Test OOD1: 58.23% Test OOD2: 51.33% Test OOD3: 58.14% 
Epoch: 02, Loss: 0.7626, Train: 66.70%, Valid: 62.48%, Test In: 62.05% Test OOD1: 53.28% Test OOD2: 51.77% Test OOD3: 56.49% 
Epoch: 03, Loss: 0.7578, Train: 62.79%, Valid: 59.13%, Test In: 58.83% Test OOD1: 48.90% Test OOD2: 51.79% Test OOD3: 53.31% 
Epoch: 04, Loss: 0.7519, Train: 58.02%, Valid: 55.18%, Test In: 55.22% Test OOD1: 45.83% Test OOD2: 51.45% Test OOD3: 50.74% 
Epoch: 05, Loss: 0.7446, Train: 53.69%, Valid: 51.59%, Test In: 52.03% Test OOD1: 44.13% Test OOD2: 51.09% Test OOD3: 49.08% 
Epoch: 06, Loss: 0.7368, Train: 51.05%, Valid: 49.53%, Test In: 50.17% Test OOD1: 43.32% Test OOD2: 50.86% Test OOD3: 48.17% 
Epoch: 07, Loss: 0.7288, Train: 49.68%, Valid: 48.42%, Test In: 49.24% Test OOD1: 42.93% Test OOD2: 50.74% Test OOD3: 47.69% 
Epoch: 08, Loss: 0.7229, Train: 48.09%, Valid: 47.10%, Test In: 48.05% Test OOD1: 42.53% Test OOD2: 50.63% Test OOD3: 47.19% 
Epoch: 09, Loss: 0.7163, Train: 46.63%, Valid: 45.88%, Test In: 46.92% Test OOD1: 42.15% Test OOD2: 50.54% Test OOD3: 46.76% 
Epoch: 10, Loss: 0.7141, Train: 46.12%, Valid: 45.42%, Test In: 46.50% Test OOD1: 42.06% Test OOD2: 50.50% Test OOD3: 46.62% 
Epoch: 11, Loss: 0.7113, Train: 46.74%, Valid: 45.85%, Test In: 46.97% Test OOD1: 42.29% Test OOD2: 50.56% Test OOD3: 46.84% 
Epoch: 12, Loss: 0.7095, Train: 48.66%, Valid: 47.27%, Test In: 48.45% Test OOD1: 43.00% Test OOD2: 50.74% Test OOD3: 47.53% 
Epoch: 13, Loss: 0.7091, Train: 53.06%, Valid: 50.73%, Test In: 51.94% Test OOD1: 44.67% Test OOD2: 51.20% Test OOD3: 49.18% 
Epoch: 14, Loss: 0.7052, Train: 61.62%, Valid: 57.84%, Test In: 58.88% Test OOD1: 48.85% Test OOD2: 52.16% Test OOD3: 52.99% 
Epoch: 15, Loss: 0.6983, Train: 70.63%, Valid: 65.71%, Test In: 66.60% Test OOD1: 57.10% Test OOD2: 52.95% Test OOD3: 59.28% 
Epoch: 16, Loss: 0.6940, Train: 73.23%, Valid: 68.35%, Test In: 69.40% Test OOD1: 63.95% Test OOD2: 52.79% Test OOD3: 62.49% 
Epoch: 17, Loss: 0.6891, Train: 72.31%, Valid: 67.81%, Test In: 68.57% Test OOD1: 65.51% Test OOD2: 52.08% Test OOD3: 62.23% 
Epoch: 18, Loss: 0.6847, Train: 70.81%, Valid: 66.89%, Test In: 67.32% Test OOD1: 65.18% Test OOD2: 51.82% Test OOD3: 61.63% 
Epoch: 19, Loss: 0.6790, Train: 70.02%, Valid: 66.38%, Test In: 66.63% Test OOD1: 64.81% Test OOD2: 51.72% Test OOD3: 61.34% 
Epoch: 20, Loss: 0.6754, Train: 69.80%, Valid: 66.20%, Test In: 66.40% Test OOD1: 64.69% Test OOD2: 51.72% Test OOD3: 61.27% 
Epoch: 21, Loss: 0.6727, Train: 69.86%, Valid: 66.21%, Test In: 66.42% Test OOD1: 64.70% Test OOD2: 51.78% Test OOD3: 61.29% 
Epoch: 22, Loss: 0.6682, Train: 70.08%, Valid: 66.30%, Test In: 66.56% Test OOD1: 64.73% Test OOD2: 51.86% Test OOD3: 61.33% 
Epoch: 23, Loss: 0.6633, Train: 70.35%, Valid: 66.43%, Test In: 66.73% Test OOD1: 64.75% Test OOD2: 51.94% Test OOD3: 61.38% 
Epoch: 24, Loss: 0.6583, Train: 70.66%, Valid: 66.63%, Test In: 66.94% Test OOD1: 64.83% Test OOD2: 51.98% Test OOD3: 61.49% 
Epoch: 25, Loss: 0.6522, Train: 71.01%, Valid: 66.88%, Test In: 67.21% Test OOD1: 64.98% Test OOD2: 51.99% Test OOD3: 61.64% 
Epoch: 26, Loss: 0.6490, Train: 71.44%, Valid: 67.17%, Test In: 67.53% Test OOD1: 65.14% Test OOD2: 52.01% Test OOD3: 61.81% 
Epoch: 27, Loss: 0.6448, Train: 71.93%, Valid: 67.46%, Test In: 67.85% Test OOD1: 65.18% Test OOD2: 52.08% Test OOD3: 61.93% 
Epoch: 28, Loss: 0.6407, Train: 72.39%, Valid: 67.58%, Test In: 68.05% Test OOD1: 65.05% Test OOD2: 52.19% Test OOD3: 61.99% 
Epoch: 29, Loss: 0.6346, Train: 72.78%, Valid: 67.72%, Test In: 68.25% Test OOD1: 65.03% Test OOD2: 52.29% Test OOD3: 62.09% 
Epoch: 30, Loss: 0.6305, Train: 73.23%, Valid: 68.00%, Test In: 68.55% Test OOD1: 65.16% Test OOD2: 52.36% Test OOD3: 62.28% 
Epoch: 31, Loss: 0.6240, Train: 73.68%, Valid: 68.30%, Test In: 68.90% Test OOD1: 65.34% Test OOD2: 52.43% Test OOD3: 62.49% 
Epoch: 32, Loss: 0.6199, Train: 74.18%, Valid: 68.51%, Test In: 69.17% Test OOD1: 65.28% Test OOD2: 52.57% Test OOD3: 62.63% 
Epoch: 33, Loss: 0.6140, Train: 74.64%, Valid: 68.53%, Test In: 69.28% Test OOD1: 64.98% Test OOD2: 52.75% Test OOD3: 62.62% 
Epoch: 34, Loss: 0.6113, Train: 75.11%, Valid: 68.72%, Test In: 69.55% Test OOD1: 64.89% Test OOD2: 52.86% Test OOD3: 62.74% 
Epoch: 35, Loss: 0.6067, Train: 75.57%, Valid: 69.11%, Test In: 69.92% Test OOD1: 65.06% Test OOD2: 52.91% Test OOD3: 62.94% 
Epoch: 36, Loss: 0.6029, Train: 75.94%, Valid: 69.17%, Test In: 70.00% Test OOD1: 64.89% Test OOD2: 53.03% Test OOD3: 62.96% 
Epoch: 37, Loss: 0.6022, Train: 76.20%, Valid: 68.91%, Test In: 69.85% Test OOD1: 64.36% Test OOD2: 53.18% Test OOD3: 62.79% 
Epoch: 38, Loss: 0.5979, Train: 76.52%, Valid: 69.03%, Test In: 69.90% Test OOD1: 64.28% Test OOD2: 53.25% Test OOD3: 62.80% 
Epoch: 39, Loss: 0.5897, Train: 76.79%, Valid: 69.26%, Test In: 70.04% Test OOD1: 64.47% Test OOD2: 53.25% Test OOD3: 62.87% 
Epoch: 40, Loss: 0.5886, Train: 77.10%, Valid: 69.22%, Test In: 69.98% Test OOD1: 64.20% Test OOD2: 53.28% Test OOD3: 62.77% 
Epoch: 41, Loss: 0.5805, Train: 77.33%, Valid: 68.95%, Test In: 69.79% Test OOD1: 63.64% Test OOD2: 53.32% Test OOD3: 62.54% 
Epoch: 42, Loss: 0.5839, Train: 77.54%, Valid: 68.89%, Test In: 69.70% Test OOD1: 63.47% Test OOD2: 53.31% Test OOD3: 62.42% 
Epoch: 43, Loss: 0.5747, Train: 77.72%, Valid: 69.03%, Test In: 69.80% Test OOD1: 63.72% Test OOD2: 53.26% Test OOD3: 62.47% 
Epoch: 44, Loss: 0.5726, Train: 77.98%, Valid: 69.07%, Test In: 69.83% Test OOD1: 63.76% Test OOD2: 53.21% Test OOD3: 62.45% 
Epoch: 45, Loss: 0.5714, Train: 78.21%, Valid: 68.87%, Test In: 69.64% Test OOD1: 63.28% Test OOD2: 53.21% Test OOD3: 62.20% 
Epoch: 46, Loss: 0.5646, Train: 78.54%, Valid: 68.78%, Test In: 69.58% Test OOD1: 62.99% Test OOD2: 53.19% Test OOD3: 62.08% 
Epoch: 47, Loss: 0.5595, Train: 78.86%, Valid: 68.87%, Test In: 69.65% Test OOD1: 63.04% Test OOD2: 53.13% Test OOD3: 62.07% 
Epoch: 48, Loss: 0.5634, Train: 79.06%, Valid: 68.94%, Test In: 69.72% Test OOD1: 63.19% Test OOD2: 53.06% Test OOD3: 62.08% 
Epoch: 49, Loss: 0.5534, Train: 79.26%, Valid: 68.89%, Test In: 69.67% Test OOD1: 63.10% Test OOD2: 53.01% Test OOD3: 61.97% 
Epoch: 50, Loss: 0.5487, Train: 79.54%, Valid: 68.74%, Test In: 69.51% Test OOD1: 62.72% Test OOD2: 53.00% Test OOD3: 61.76% 
Epoch: 51, Loss: 0.5413, Train: 79.88%, Valid: 68.76%, Test In: 69.55% Test OOD1: 62.70% Test OOD2: 52.95% Test OOD3: 61.73% 
Epoch: 52, Loss: 0.5461, Train: 80.13%, Valid: 68.90%, Test In: 69.71% Test OOD1: 63.05% Test OOD2: 52.84% Test OOD3: 61.84% 
Epoch: 53, Loss: 0.5379, Train: 80.32%, Valid: 68.83%, Test In: 69.69% Test OOD1: 63.05% Test OOD2: 52.76% Test OOD3: 61.77% 
Epoch: 54, Loss: 0.5330, Train: 80.60%, Valid: 68.64%, Test In: 69.52% Test OOD1: 62.65% Test OOD2: 52.74% Test OOD3: 61.53% 
Epoch: 55, Loss: 0.5267, Train: 80.94%, Valid: 68.50%, Test In: 69.47% Test OOD1: 62.36% Test OOD2: 52.69% Test OOD3: 61.41% 
Epoch: 56, Loss: 0.5255, Train: 81.28%, Valid: 68.64%, Test In: 69.67% Test OOD1: 62.63% Test OOD2: 52.60% Test OOD3: 61.59% 
Epoch: 57, Loss: 0.5224, Train: 81.67%, Valid: 68.75%, Test In: 69.79% Test OOD1: 62.71% Test OOD2: 52.54% Test OOD3: 61.71% 
Epoch: 58, Loss: 0.5195, Train: 81.96%, Valid: 68.52%, Test In: 69.50% Test OOD1: 62.26% Test OOD2: 52.51% Test OOD3: 61.42% 
Epoch: 59, Loss: 0.5164, Train: 81.98%, Valid: 68.17%, Test In: 69.13% Test OOD1: 61.95% Test OOD2: 52.45% Test OOD3: 61.12% 
Epoch: 60, Loss: 0.5162, Train: 82.15%, Valid: 68.27%, Test In: 69.25% Test OOD1: 62.19% Test OOD2: 52.36% Test OOD3: 61.23% 
Epoch: 61, Loss: 0.5090, Train: 82.43%, Valid: 68.31%, Test In: 69.34% Test OOD1: 62.28% Test OOD2: 52.33% Test OOD3: 61.28% 
Epoch: 62, Loss: 0.5041, Train: 82.77%, Valid: 68.05%, Test In: 69.08% Test OOD1: 61.82% Test OOD2: 52.36% Test OOD3: 61.00% 
Epoch: 63, Loss: 0.4979, Train: 82.88%, Valid: 67.94%, Test In: 68.96% Test OOD1: 61.82% Test OOD2: 52.29% Test OOD3: 60.95% 
Epoch: 64, Loss: 0.5008, Train: 82.95%, Valid: 68.04%, Test In: 69.04% Test OOD1: 62.08% Test OOD2: 52.19% Test OOD3: 61.08% 
Epoch: 65, Loss: 0.4912, Train: 83.26%, Valid: 68.05%, Test In: 69.10% Test OOD1: 62.06% Test OOD2: 52.17% Test OOD3: 61.10% 
Epoch: 66, Loss: 0.4840, Train: 83.67%, Valid: 68.02%, Test In: 69.09% Test OOD1: 61.89% Test OOD2: 52.20% Test OOD3: 60.99% 
Epoch: 67, Loss: 0.4822, Train: 83.95%, Valid: 68.07%, Test In: 69.18% Test OOD1: 61.91% Test OOD2: 52.18% Test OOD3: 60.99% 
Epoch: 68, Loss: 0.4800, Train: 84.13%, Valid: 68.08%, Test In: 69.19% Test OOD1: 61.87% Test OOD2: 52.14% Test OOD3: 60.96% 
Epoch: 69, Loss: 0.4778, Train: 84.21%, Valid: 68.03%, Test In: 69.13% Test OOD1: 61.79% Test OOD2: 52.07% Test OOD3: 60.89% 
Epoch: 70, Loss: 0.4723, Train: 84.36%, Valid: 68.08%, Test In: 69.19% Test OOD1: 61.87% Test OOD2: 51.99% Test OOD3: 60.87% 
Epoch: 71, Loss: 0.4672, Train: 84.78%, Valid: 68.13%, Test In: 69.23% Test OOD1: 61.83% Test OOD2: 51.99% Test OOD3: 60.80% 
Epoch: 72, Loss: 0.4697, Train: 85.31%, Valid: 68.06%, Test In: 69.20% Test OOD1: 61.61% Test OOD2: 52.01% Test OOD3: 60.68% 
Epoch: 73, Loss: 0.4641, Train: 85.46%, Valid: 68.16%, Test In: 69.35% Test OOD1: 61.81% Test OOD2: 51.91% Test OOD3: 60.81% 
Epoch: 74, Loss: 0.4597, Train: 85.81%, Valid: 68.03%, Test In: 69.17% Test OOD1: 61.50% Test OOD2: 51.93% Test OOD3: 60.59% 
Epoch: 75, Loss: 0.4541, Train: 86.28%, Valid: 68.00%, Test In: 69.21% Test OOD1: 61.52% Test OOD2: 51.97% Test OOD3: 60.55% 
Epoch: 76, Loss: 0.4563, Train: 86.53%, Valid: 68.14%, Test In: 69.37% Test OOD1: 61.80% Test OOD2: 51.90% Test OOD3: 60.61% 
Epoch: 77, Loss: 0.4399, Train: 86.65%, Valid: 68.14%, Test In: 69.24% Test OOD1: 61.79% Test OOD2: 51.87% Test OOD3: 60.48% 
Epoch: 78, Loss: 0.4445, Train: 86.94%, Valid: 67.93%, Test In: 68.91% Test OOD1: 61.44% Test OOD2: 51.91% Test OOD3: 60.21% 
Epoch: 79, Loss: 0.4426, Train: 87.04%, Valid: 68.16%, Test In: 69.11% Test OOD1: 61.73% Test OOD2: 51.85% Test OOD3: 60.42% 
Epoch: 80, Loss: 0.4356, Train: 87.40%, Valid: 68.25%, Test In: 69.28% Test OOD1: 61.84% Test OOD2: 51.80% Test OOD3: 60.55% 
Epoch: 81, Loss: 0.4327, Train: 87.96%, Valid: 68.07%, Test In: 69.11% Test OOD1: 61.44% Test OOD2: 51.88% Test OOD3: 60.32% 
Epoch: 82, Loss: 0.4310, Train: 87.95%, Valid: 68.20%, Test In: 69.22% Test OOD1: 61.66% Test OOD2: 51.77% Test OOD3: 60.45% 
Epoch: 83, Loss: 0.4266, Train: 88.11%, Valid: 68.19%, Test In: 69.26% Test OOD1: 61.82% Test OOD2: 51.73% Test OOD3: 60.60% 
Epoch: 84, Loss: 0.4219, Train: 88.51%, Valid: 68.07%, Test In: 69.09% Test OOD1: 61.56% Test OOD2: 51.84% Test OOD3: 60.49% 
Epoch: 85, Loss: 0.4131, Train: 88.64%, Valid: 68.11%, Test In: 69.09% Test OOD1: 61.56% Test OOD2: 51.83% Test OOD3: 60.51% 
Epoch: 86, Loss: 0.4126, Train: 88.77%, Valid: 68.19%, Test In: 69.22% Test OOD1: 61.76% Test OOD2: 51.75% Test OOD3: 60.62% 
Epoch: 87, Loss: 0.4075, Train: 89.25%, Valid: 68.20%, Test In: 69.23% Test OOD1: 61.75% Test OOD2: 51.75% Test OOD3: 60.57% 
Epoch: 88, Loss: 0.4083, Train: 89.62%, Valid: 68.04%, Test In: 69.04% Test OOD1: 61.54% Test OOD2: 51.78% Test OOD3: 60.42% 
Epoch: 89, Loss: 0.3995, Train: 89.55%, Valid: 68.10%, Test In: 69.06% Test OOD1: 61.68% Test OOD2: 51.65% Test OOD3: 60.48% 
Epoch: 90, Loss: 0.4004, Train: 89.80%, Valid: 68.01%, Test In: 69.05% Test OOD1: 61.81% Test OOD2: 51.62% Test OOD3: 60.55% 
Epoch: 91, Loss: 0.3994, Train: 90.38%, Valid: 67.77%, Test In: 68.82% Test OOD1: 61.57% Test OOD2: 51.77% Test OOD3: 60.38% 
Epoch: 92, Loss: 0.3894, Train: 90.34%, Valid: 67.97%, Test In: 68.93% Test OOD1: 61.76% Test OOD2: 51.69% Test OOD3: 60.49% 
Epoch: 93, Loss: 0.3882, Train: 90.51%, Valid: 68.15%, Test In: 69.02% Test OOD1: 62.00% Test OOD2: 51.61% Test OOD3: 60.55% 
Epoch: 94, Loss: 0.3829, Train: 91.03%, Valid: 68.10%, Test In: 68.85% Test OOD1: 61.85% Test OOD2: 51.76% Test OOD3: 60.36% 
Epoch: 95, Loss: 0.3779, Train: 91.30%, Valid: 68.19%, Test In: 68.90% Test OOD1: 61.89% Test OOD2: 51.69% Test OOD3: 60.30% 
Epoch: 96, Loss: 0.3738, Train: 91.29%, Valid: 68.29%, Test In: 69.14% Test OOD1: 62.12% Test OOD2: 51.44% Test OOD3: 60.47% 
Epoch: 97, Loss: 0.3686, Train: 91.73%, Valid: 68.14%, Test In: 69.05% Test OOD1: 61.87% Test OOD2: 51.49% Test OOD3: 60.25% 
Epoch: 98, Loss: 0.3705, Train: 92.06%, Valid: 67.91%, Test In: 68.82% Test OOD1: 61.63% Test OOD2: 51.58% Test OOD3: 60.05% 
Epoch: 99, Loss: 0.3689, Train: 92.01%, Valid: 68.04%, Test In: 69.13% Test OOD1: 61.87% Test OOD2: 51.38% Test OOD3: 60.27% 
Epoch: 100, Loss: 0.3584, Train: 92.35%, Valid: 68.00%, Test In: 69.17% Test OOD1: 61.84% Test OOD2: 51.40% Test OOD3: 60.17% 
Epoch: 101, Loss: 0.3557, Train: 93.02%, Valid: 67.80%, Test In: 68.91% Test OOD1: 61.65% Test OOD2: 51.66% Test OOD3: 59.98% 
Epoch: 102, Loss: 0.3564, Train: 92.96%, Valid: 68.00%, Test In: 69.10% Test OOD1: 61.77% Test OOD2: 51.60% Test OOD3: 60.05% 
Epoch: 103, Loss: 0.3521, Train: 92.79%, Valid: 68.06%, Test In: 69.18% Test OOD1: 61.90% Test OOD2: 51.51% Test OOD3: 60.11% 
Epoch: 104, Loss: 0.3527, Train: 93.27%, Valid: 67.89%, Test In: 68.88% Test OOD1: 61.78% Test OOD2: 51.70% Test OOD3: 60.12% 
Epoch: 105, Loss: 0.3391, Train: 93.36%, Valid: 67.90%, Test In: 68.89% Test OOD1: 61.80% Test OOD2: 51.62% Test OOD3: 60.11% 
Epoch: 106, Loss: 0.3386, Train: 93.32%, Valid: 68.00%, Test In: 69.09% Test OOD1: 61.96% Test OOD2: 51.41% Test OOD3: 60.16% 
Epoch: 107, Loss: 0.3373, Train: 93.73%, Valid: 67.99%, Test In: 69.18% Test OOD1: 62.23% Test OOD2: 51.24% Test OOD3: 60.34% 
Epoch: 108, Loss: 0.3326, Train: 94.29%, Valid: 68.12%, Test In: 69.17% Test OOD1: 62.15% Test OOD2: 51.33% Test OOD3: 60.27% 
Epoch: 109, Loss: 0.3316, Train: 94.35%, Valid: 68.29%, Test In: 69.19% Test OOD1: 62.04% Test OOD2: 51.36% Test OOD3: 60.11% 
Epoch: 110, Loss: 0.3216, Train: 94.22%, Valid: 68.42%, Test In: 69.27% Test OOD1: 62.12% Test OOD2: 51.25% Test OOD3: 60.26% 
Epoch: 111, Loss: 0.3284, Train: 94.84%, Valid: 68.30%, Test In: 69.13% Test OOD1: 62.01% Test OOD2: 51.37% Test OOD3: 60.29% 
Epoch: 112, Loss: 0.3238, Train: 95.19%, Valid: 68.14%, Test In: 69.00% Test OOD1: 61.83% Test OOD2: 51.40% Test OOD3: 60.18% 
Epoch: 113, Loss: 0.3261, Train: 94.92%, Valid: 68.28%, Test In: 69.29% Test OOD1: 61.96% Test OOD2: 51.09% Test OOD3: 60.19% 
Epoch: 114, Loss: 0.3141, Train: 95.08%, Valid: 68.24%, Test In: 69.35% Test OOD1: 62.07% Test OOD2: 51.02% Test OOD3: 60.17% 
Epoch: 115, Loss: 0.3104, Train: 95.65%, Valid: 67.99%, Test In: 69.03% Test OOD1: 61.90% Test OOD2: 51.28% Test OOD3: 59.98% 
Epoch: 116, Loss: 0.3066, Train: 95.50%, Valid: 68.07%, Test In: 69.07% Test OOD1: 62.08% Test OOD2: 51.16% Test OOD3: 60.01% 
Epoch: 117, Loss: 0.2970, Train: 95.15%, Valid: 68.13%, Test In: 69.20% Test OOD1: 62.36% Test OOD2: 50.95% Test OOD3: 60.06% 
Epoch: 118, Loss: 0.3093, Train: 95.69%, Valid: 68.14%, Test In: 69.20% Test OOD1: 62.34% Test OOD2: 51.08% Test OOD3: 59.95% 
Epoch: 119, Loss: 0.2924, Train: 96.10%, Valid: 68.03%, Test In: 69.16% Test OOD1: 62.35% Test OOD2: 51.26% Test OOD3: 60.01% 
Epoch: 120, Loss: 0.2936, Train: 95.98%, Valid: 68.16%, Test In: 69.34% Test OOD1: 62.41% Test OOD2: 51.21% Test OOD3: 60.19% 
Epoch: 121, Loss: 0.2897, Train: 95.96%, Valid: 68.28%, Test In: 69.46% Test OOD1: 62.27% Test OOD2: 51.10% Test OOD3: 60.07% 
Epoch: 122, Loss: 0.2902, Train: 96.33%, Valid: 68.29%, Test In: 69.35% Test OOD1: 62.22% Test OOD2: 51.13% Test OOD3: 59.92% 
Epoch: 123, Loss: 0.2901, Train: 96.72%, Valid: 68.16%, Test In: 69.25% Test OOD1: 62.42% Test OOD2: 51.13% Test OOD3: 59.93% 
Epoch: 124, Loss: 0.2825, Train: 96.67%, Valid: 68.20%, Test In: 69.31% Test OOD1: 62.57% Test OOD2: 50.96% Test OOD3: 59.90% 
Epoch: 125, Loss: 0.2859, Train: 96.73%, Valid: 68.31%, Test In: 69.38% Test OOD1: 62.31% Test OOD2: 50.94% Test OOD3: 59.69% 
Epoch: 126, Loss: 0.2785, Train: 96.74%, Valid: 68.36%, Test In: 69.39% Test OOD1: 62.13% Test OOD2: 50.93% Test OOD3: 59.57% 
Epoch: 127, Loss: 0.2768, Train: 96.90%, Valid: 68.31%, Test In: 69.31% Test OOD1: 62.35% Test OOD2: 50.98% Test OOD3: 59.75% 
Epoch: 128, Loss: 0.2722, Train: 97.03%, Valid: 68.34%, Test In: 69.27% Test OOD1: 62.43% Test OOD2: 51.05% Test OOD3: 59.85% 
Epoch: 129, Loss: 0.2667, Train: 97.09%, Valid: 68.41%, Test In: 69.28% Test OOD1: 62.38% Test OOD2: 51.12% Test OOD3: 59.93% 
Epoch: 130, Loss: 0.2678, Train: 97.11%, Valid: 68.59%, Test In: 69.50% Test OOD1: 62.28% Test OOD2: 50.94% Test OOD3: 59.85% 
Epoch: 131, Loss: 0.2644, Train: 97.43%, Valid: 68.67%, Test In: 69.52% Test OOD1: 62.13% Test OOD2: 50.98% Test OOD3: 59.77% 
Epoch: 132, Loss: 0.2728, Train: 97.63%, Valid: 68.66%, Test In: 69.47% Test OOD1: 62.14% Test OOD2: 51.09% Test OOD3: 59.82% 
Epoch: 133, Loss: 0.2592, Train: 97.68%, Valid: 68.62%, Test In: 69.43% Test OOD1: 62.04% Test OOD2: 51.12% Test OOD3: 59.79% 
Epoch: 134, Loss: 0.2589, Train: 97.44%, Valid: 68.63%, Test In: 69.51% Test OOD1: 62.02% Test OOD2: 50.97% Test OOD3: 59.74% 
Epoch: 135, Loss: 0.2567, Train: 97.38%, Valid: 68.53%, Test In: 69.50% Test OOD1: 62.27% Test OOD2: 50.90% Test OOD3: 59.81% 
Epoch: 136, Loss: 0.2577, Train: 97.63%, Valid: 68.29%, Test In: 69.31% Test OOD1: 62.64% Test OOD2: 51.07% Test OOD3: 60.09% 
Epoch: 137, Loss: 0.2501, Train: 97.70%, Valid: 68.20%, Test In: 69.23% Test OOD1: 62.63% Test OOD2: 51.14% Test OOD3: 60.05% 
Epoch: 138, Loss: 0.2585, Train: 97.60%, Valid: 68.35%, Test In: 69.37% Test OOD1: 62.50% Test OOD2: 50.97% Test OOD3: 59.74% 
Epoch: 139, Loss: 0.2480, Train: 97.69%, Valid: 68.45%, Test In: 69.48% Test OOD1: 62.24% Test OOD2: 50.94% Test OOD3: 59.38% 
Epoch: 140, Loss: 0.2506, Train: 98.06%, Valid: 68.48%, Test In: 69.48% Test OOD1: 62.18% Test OOD2: 51.09% Test OOD3: 59.15% 
Epoch: 141, Loss: 0.2458, Train: 98.15%, Valid: 68.57%, Test In: 69.49% Test OOD1: 62.13% Test OOD2: 51.11% Test OOD3: 59.00% 
Epoch: 142, Loss: 0.2468, Train: 98.09%, Valid: 68.65%, Test In: 69.55% Test OOD1: 62.31% Test OOD2: 51.10% Test OOD3: 59.12% 
Epoch: 143, Loss: 0.2518, Train: 98.26%, Valid: 68.64%, Test In: 69.57% Test OOD1: 62.22% Test OOD2: 51.21% Test OOD3: 59.15% 
Epoch: 144, Loss: 0.2518, Train: 98.14%, Valid: 68.62%, Test In: 69.70% Test OOD1: 62.44% Test OOD2: 51.13% Test OOD3: 59.42% 
Epoch: 145, Loss: 0.2358, Train: 97.94%, Valid: 68.57%, Test In: 69.75% Test OOD1: 62.71% Test OOD2: 51.03% Test OOD3: 59.70% 
Epoch: 146, Loss: 0.2422, Train: 98.09%, Valid: 68.48%, Test In: 69.70% Test OOD1: 63.03% Test OOD2: 51.15% Test OOD3: 59.99% 
Epoch: 147, Loss: 0.2310, Train: 98.25%, Valid: 68.43%, Test In: 69.69% Test OOD1: 63.17% Test OOD2: 51.26% Test OOD3: 60.17% 
Epoch: 148, Loss: 0.2283, Train: 98.28%, Valid: 68.47%, Test In: 69.74% Test OOD1: 63.16% Test OOD2: 51.29% Test OOD3: 60.17% 
Epoch: 149, Loss: 0.2259, Train: 98.39%, Valid: 68.60%, Test In: 69.85% Test OOD1: 62.75% Test OOD2: 51.26% Test OOD3: 59.82% 
Epoch: 150, Loss: 0.2339, Train: 98.36%, Valid: 68.71%, Test In: 69.95% Test OOD1: 62.39% Test OOD2: 51.25% Test OOD3: 59.60% 
Epoch: 151, Loss: 0.2283, Train: 98.58%, Valid: 68.60%, Test In: 69.84% Test OOD1: 62.44% Test OOD2: 51.40% Test OOD3: 59.63% 
Epoch: 152, Loss: 0.2319, Train: 98.67%, Valid: 68.53%, Test In: 69.76% Test OOD1: 62.42% Test OOD2: 51.46% Test OOD3: 59.64% 
Epoch: 153, Loss: 0.2349, Train: 98.54%, Valid: 68.64%, Test In: 69.90% Test OOD1: 62.33% Test OOD2: 51.40% Test OOD3: 59.73% 
Epoch: 154, Loss: 0.2265, Train: 98.54%, Valid: 68.72%, Test In: 69.91% Test OOD1: 62.06% Test OOD2: 51.46% Test OOD3: 59.67% 
Epoch: 155, Loss: 0.2237, Train: 98.60%, Valid: 68.79%, Test In: 69.95% Test OOD1: 61.92% Test OOD2: 51.52% Test OOD3: 59.72% 
Epoch: 156, Loss: 0.2270, Train: 98.59%, Valid: 68.83%, Test In: 70.01% Test OOD1: 62.20% Test OOD2: 51.55% Test OOD3: 59.99% 
Epoch: 157, Loss: 0.2280, Train: 98.85%, Valid: 68.67%, Test In: 69.89% Test OOD1: 62.46% Test OOD2: 51.61% Test OOD3: 60.04% 
Epoch: 158, Loss: 0.2157, Train: 98.86%, Valid: 68.59%, Test In: 69.89% Test OOD1: 62.87% Test OOD2: 51.57% Test OOD3: 60.09% 
Epoch: 159, Loss: 0.2204, Train: 98.69%, Valid: 68.73%, Test In: 70.05% Test OOD1: 62.90% Test OOD2: 51.38% Test OOD3: 59.93% 
Epoch: 160, Loss: 0.2111, Train: 98.75%, Valid: 68.81%, Test In: 70.07% Test OOD1: 62.66% Test OOD2: 51.35% Test OOD3: 59.59% 
Epoch: 161, Loss: 0.2190, Train: 98.87%, Valid: 68.78%, Test In: 70.04% Test OOD1: 62.58% Test OOD2: 51.47% Test OOD3: 59.52% 
Epoch: 162, Loss: 0.2183, Train: 98.88%, Valid: 68.71%, Test In: 69.98% Test OOD1: 62.75% Test OOD2: 51.50% Test OOD3: 59.72% 
Epoch: 163, Loss: 0.2224, Train: 98.93%, Valid: 68.70%, Test In: 69.91% Test OOD1: 62.60% Test OOD2: 51.55% Test OOD3: 59.68% 
Epoch: 164, Loss: 0.2154, Train: 98.92%, Valid: 68.69%, Test In: 69.93% Test OOD1: 62.53% Test OOD2: 51.54% Test OOD3: 59.70% 
Epoch: 165, Loss: 0.2117, Train: 98.77%, Valid: 68.79%, Test In: 70.05% Test OOD1: 62.36% Test OOD2: 51.34% Test OOD3: 59.67% 
Epoch: 166, Loss: 0.2120, Train: 98.78%, Valid: 68.77%, Test In: 70.03% Test OOD1: 62.29% Test OOD2: 51.33% Test OOD3: 59.72% 
Epoch: 167, Loss: 0.2114, Train: 98.91%, Valid: 68.70%, Test In: 69.97% Test OOD1: 62.29% Test OOD2: 51.35% Test OOD3: 59.75% 
Epoch: 168, Loss: 0.2047, Train: 98.97%, Valid: 68.66%, Test In: 69.96% Test OOD1: 62.34% Test OOD2: 51.31% Test OOD3: 59.74% 
Epoch: 169, Loss: 0.2101, Train: 98.94%, Valid: 68.69%, Test In: 70.00% Test OOD1: 62.39% Test OOD2: 51.22% Test OOD3: 59.73% 
Epoch: 170, Loss: 0.2173, Train: 98.98%, Valid: 68.82%, Test In: 70.09% Test OOD1: 62.18% Test OOD2: 51.26% Test OOD3: 59.63% 
Epoch: 171, Loss: 0.2033, Train: 99.06%, Valid: 68.92%, Test In: 70.12% Test OOD1: 62.07% Test OOD2: 51.35% Test OOD3: 59.62% 
Epoch: 172, Loss: 0.2034, Train: 99.12%, Valid: 68.99%, Test In: 70.13% Test OOD1: 62.28% Test OOD2: 51.44% Test OOD3: 59.79% 
Epoch: 173, Loss: 0.2050, Train: 99.22%, Valid: 69.03%, Test In: 70.13% Test OOD1: 62.33% Test OOD2: 51.43% Test OOD3: 59.74% 
Epoch: 174, Loss: 0.1990, Train: 99.22%, Valid: 69.00%, Test In: 70.10% Test OOD1: 62.33% Test OOD2: 51.37% Test OOD3: 59.68% 
Epoch: 175, Loss: 0.2019, Train: 99.14%, Valid: 69.00%, Test In: 70.08% Test OOD1: 62.34% Test OOD2: 51.26% Test OOD3: 59.70% 
Epoch: 176, Loss: 0.2037, Train: 99.13%, Valid: 68.99%, Test In: 70.00% Test OOD1: 62.41% Test OOD2: 51.28% Test OOD3: 59.81% 
Epoch: 177, Loss: 0.1972, Train: 99.14%, Valid: 68.89%, Test In: 69.90% Test OOD1: 62.37% Test OOD2: 51.35% Test OOD3: 59.91% 
Epoch: 178, Loss: 0.2014, Train: 99.12%, Valid: 68.94%, Test In: 69.95% Test OOD1: 62.17% Test OOD2: 51.36% Test OOD3: 59.84% 
Epoch: 179, Loss: 0.2093, Train: 99.25%, Valid: 68.93%, Test In: 70.00% Test OOD1: 61.91% Test OOD2: 51.38% Test OOD3: 59.63% 
Epoch: 180, Loss: 0.1962, Train: 99.35%, Valid: 68.91%, Test In: 70.03% Test OOD1: 61.78% Test OOD2: 51.39% Test OOD3: 59.49% 
Epoch: 181, Loss: 0.1929, Train: 99.30%, Valid: 68.97%, Test In: 70.07% Test OOD1: 61.89% Test OOD2: 51.33% Test OOD3: 59.62% 
Epoch: 182, Loss: 0.1951, Train: 99.31%, Valid: 68.89%, Test In: 70.04% Test OOD1: 62.14% Test OOD2: 51.38% Test OOD3: 59.81% 
Epoch: 183, Loss: 0.2007, Train: 99.36%, Valid: 68.81%, Test In: 69.93% Test OOD1: 62.16% Test OOD2: 51.46% Test OOD3: 59.84% 
Epoch: 184, Loss: 0.1961, Train: 99.27%, Valid: 68.96%, Test In: 70.01% Test OOD1: 62.04% Test OOD2: 51.37% Test OOD3: 59.75% 
Epoch: 185, Loss: 0.1983, Train: 99.23%, Valid: 69.05%, Test In: 70.11% Test OOD1: 61.83% Test OOD2: 51.30% Test OOD3: 59.55% 
Epoch: 186, Loss: 0.1994, Train: 99.38%, Valid: 68.84%, Test In: 70.01% Test OOD1: 62.00% Test OOD2: 51.42% Test OOD3: 59.57% 
Epoch: 187, Loss: 0.2011, Train: 99.40%, Valid: 68.68%, Test In: 69.94% Test OOD1: 62.43% Test OOD2: 51.43% Test OOD3: 59.81% 
Epoch: 188, Loss: 0.1925, Train: 99.36%, Valid: 68.79%, Test In: 69.94% Test OOD1: 62.51% Test OOD2: 51.40% Test OOD3: 59.86% 
Epoch: 189, Loss: 0.2002, Train: 99.37%, Valid: 68.98%, Test In: 70.01% Test OOD1: 62.19% Test OOD2: 51.38% Test OOD3: 59.75% 
Epoch: 190, Loss: 0.1970, Train: 99.41%, Valid: 69.03%, Test In: 69.98% Test OOD1: 61.84% Test OOD2: 51.49% Test OOD3: 59.70% 
Epoch: 191, Loss: 0.1853, Train: 99.43%, Valid: 69.02%, Test In: 69.98% Test OOD1: 61.91% Test OOD2: 51.57% Test OOD3: 59.86% 
Epoch: 192, Loss: 0.1928, Train: 99.49%, Valid: 68.96%, Test In: 69.97% Test OOD1: 62.07% Test OOD2: 51.58% Test OOD3: 59.92% 
Epoch: 193, Loss: 0.1975, Train: 99.56%, Valid: 68.94%, Test In: 70.03% Test OOD1: 62.13% Test OOD2: 51.56% Test OOD3: 59.82% 
Epoch: 194, Loss: 0.1870, Train: 99.52%, Valid: 69.01%, Test In: 70.08% Test OOD1: 62.10% Test OOD2: 51.49% Test OOD3: 59.63% 
Epoch: 195, Loss: 0.1918, Train: 99.30%, Valid: 69.18%, Test In: 70.16% Test OOD1: 62.27% Test OOD2: 51.33% Test OOD3: 59.60% 
Epoch: 196, Loss: 0.1931, Train: 99.34%, Valid: 69.20%, Test In: 70.18% Test OOD1: 62.14% Test OOD2: 51.31% Test OOD3: 59.43% 
Epoch: 197, Loss: 0.1929, Train: 99.52%, Valid: 68.95%, Test In: 69.97% Test OOD1: 61.95% Test OOD2: 51.45% Test OOD3: 59.24% 
Epoch: 198, Loss: 0.1972, Train: 99.47%, Valid: 68.98%, Test In: 69.92% Test OOD1: 62.05% Test OOD2: 51.31% Test OOD3: 59.38% 
Epoch: 199, Loss: 0.1841, Train: 99.33%, Valid: 69.08%, Test In: 69.98% Test OOD1: 62.09% Test OOD2: 51.20% Test OOD3: 59.45% 
Run 01:
Highest Train: 99.56
Highest Valid: 69.26
Highest In Test: 70.18
Highest OOD Test: 65.51
Highest OOD Test: 53.32
Highest OOD Test: 62.96
Chosen epoch: 40
Final Train: 76.79
Final In Test: 70.04
Final OOD Test: 64.47
Final OOD Test: 53.25
Final OOD Test: 62.87
Epoch: 00, Loss: 0.7655, Train: 64.99%, Valid: 62.62%, Test In: 61.74% Test OOD1: 61.93% Test OOD2: 50.31% Test OOD3: 58.60% 
Epoch: 01, Loss: 0.7614, Train: 66.06%, Valid: 63.71%, Test In: 62.85% Test OOD1: 62.40% Test OOD2: 50.26% Test OOD3: 59.13% 
Epoch: 02, Loss: 0.7567, Train: 66.85%, Valid: 64.50%, Test In: 63.56% Test OOD1: 62.71% Test OOD2: 50.20% Test OOD3: 59.39% 
Epoch: 03, Loss: 0.7502, Train: 67.66%, Valid: 65.22%, Test In: 64.28% Test OOD1: 63.04% Test OOD2: 50.12% Test OOD3: 59.74% 
Epoch: 04, Loss: 0.7425, Train: 68.25%, Valid: 65.73%, Test In: 64.85% Test OOD1: 63.33% Test OOD2: 50.16% Test OOD3: 59.93% 
Epoch: 05, Loss: 0.7345, Train: 69.25%, Valid: 66.55%, Test In: 65.82% Test OOD1: 63.87% Test OOD2: 50.26% Test OOD3: 60.39% 
Epoch: 06, Loss: 0.7259, Train: 72.98%, Valid: 69.36%, Test In: 69.21% Test OOD1: 66.00% Test OOD2: 50.48% Test OOD3: 62.10% 
Epoch: 07, Loss: 0.7202, Train: 65.70%, Valid: 62.41%, Test In: 62.39% Test OOD1: 48.47% Test OOD2: 51.36% Test OOD3: 52.87% 
Epoch: 08, Loss: 0.7163, Train: 49.83%, Valid: 48.62%, Test In: 49.37% Test OOD1: 43.01% Test OOD2: 50.44% Test OOD3: 47.72% 
Epoch: 09, Loss: 0.7118, Train: 47.28%, Valid: 46.40%, Test In: 47.32% Test OOD1: 42.29% Test OOD2: 50.33% Test OOD3: 46.96% 
Epoch: 10, Loss: 0.7086, Train: 47.57%, Valid: 46.54%, Test In: 47.52% Test OOD1: 42.41% Test OOD2: 50.38% Test OOD3: 47.06% 
Epoch: 11, Loss: 0.7117, Train: 49.73%, Valid: 48.18%, Test In: 49.20% Test OOD1: 43.15% Test OOD2: 50.55% Test OOD3: 47.78% 
Epoch: 12, Loss: 0.7078, Train: 54.65%, Valid: 52.06%, Test In: 53.12% Test OOD1: 44.95% Test OOD2: 50.97% Test OOD3: 49.52% 
Epoch: 13, Loss: 0.7042, Train: 63.71%, Valid: 59.57%, Test In: 60.38% Test OOD1: 49.40% Test OOD2: 51.82% Test OOD3: 53.39% 
Epoch: 14, Loss: 0.6989, Train: 72.33%, Valid: 67.14%, Test In: 67.91% Test OOD1: 58.19% Test OOD2: 52.49% Test OOD3: 59.71% 
Epoch: 15, Loss: 0.6952, Train: 74.06%, Valid: 68.95%, Test In: 69.84% Test OOD1: 64.88% Test OOD2: 52.09% Test OOD3: 62.68% 
Epoch: 16, Loss: 0.6910, Train: 72.14%, Valid: 67.75%, Test In: 68.23% Test OOD1: 65.47% Test OOD2: 51.61% Test OOD3: 62.09% 
Epoch: 17, Loss: 0.6887, Train: 70.36%, Valid: 66.61%, Test In: 66.77% Test OOD1: 64.76% Test OOD2: 51.41% Test OOD3: 61.41% 
Epoch: 18, Loss: 0.6834, Train: 69.41%, Valid: 65.96%, Test In: 65.96% Test OOD1: 64.37% Test OOD2: 51.34% Test OOD3: 61.05% 
Epoch: 19, Loss: 0.6842, Train: 68.93%, Valid: 65.62%, Test In: 65.55% Test OOD1: 64.18% Test OOD2: 51.32% Test OOD3: 60.89% 
Epoch: 20, Loss: 0.6795, Train: 68.74%, Valid: 65.46%, Test In: 65.37% Test OOD1: 64.12% Test OOD2: 51.34% Test OOD3: 60.84% 
Epoch: 21, Loss: 0.6756, Train: 68.72%, Valid: 65.41%, Test In: 65.33% Test OOD1: 64.12% Test OOD2: 51.39% Test OOD3: 60.86% 
Epoch: 22, Loss: 0.6720, Train: 68.81%, Valid: 65.42%, Test In: 65.37% Test OOD1: 64.14% Test OOD2: 51.46% Test OOD3: 60.91% 
Epoch: 23, Loss: 0.6702, Train: 68.97%, Valid: 65.46%, Test In: 65.46% Test OOD1: 64.17% Test OOD2: 51.53% Test OOD3: 60.97% 
Epoch: 24, Loss: 0.6659, Train: 69.15%, Valid: 65.51%, Test In: 65.55% Test OOD1: 64.18% Test OOD2: 51.60% Test OOD3: 61.02% 
Epoch: 25, Loss: 0.6604, Train: 69.35%, Valid: 65.56%, Test In: 65.64% Test OOD1: 64.19% Test OOD2: 51.68% Test OOD3: 61.07% 
Epoch: 26, Loss: 0.6576, Train: 69.59%, Valid: 65.66%, Test In: 65.77% Test OOD1: 64.22% Test OOD2: 51.75% Test OOD3: 61.16% 
Epoch: 27, Loss: 0.6559, Train: 69.89%, Valid: 65.84%, Test In: 65.97% Test OOD1: 64.31% Test OOD2: 51.82% Test OOD3: 61.28% 
Epoch: 28, Loss: 0.6513, Train: 70.24%, Valid: 66.07%, Test In: 66.22% Test OOD1: 64.45% Test OOD2: 51.88% Test OOD3: 61.44% 
Epoch: 29, Loss: 0.6466, Train: 70.66%, Valid: 66.34%, Test In: 66.54% Test OOD1: 64.63% Test OOD2: 51.95% Test OOD3: 61.62% 
Epoch: 30, Loss: 0.6453, Train: 71.12%, Valid: 66.63%, Test In: 66.86% Test OOD1: 64.79% Test OOD2: 52.02% Test OOD3: 61.80% 
Epoch: 31, Loss: 0.6389, Train: 71.58%, Valid: 66.84%, Test In: 67.13% Test OOD1: 64.88% Test OOD2: 52.11% Test OOD3: 61.93% 
Epoch: 32, Loss: 0.6353, Train: 71.99%, Valid: 66.99%, Test In: 67.34% Test OOD1: 64.89% Test OOD2: 52.19% Test OOD3: 62.03% 
Epoch: 33, Loss: 0.6288, Train: 72.35%, Valid: 67.05%, Test In: 67.48% Test OOD1: 64.83% Test OOD2: 52.29% Test OOD3: 62.09% 
Epoch: 34, Loss: 0.6299, Train: 72.73%, Valid: 67.12%, Test In: 67.63% Test OOD1: 64.79% Test OOD2: 52.38% Test OOD3: 62.16% 
Epoch: 35, Loss: 0.6235, Train: 73.13%, Valid: 67.22%, Test In: 67.82% Test OOD1: 64.79% Test OOD2: 52.47% Test OOD3: 62.25% 
Epoch: 36, Loss: 0.6198, Train: 73.55%, Valid: 67.33%, Test In: 68.01% Test OOD1: 64.80% Test OOD2: 52.55% Test OOD3: 62.35% 
Epoch: 37, Loss: 0.6160, Train: 73.97%, Valid: 67.37%, Test In: 68.16% Test OOD1: 64.72% Test OOD2: 52.62% Test OOD3: 62.41% 
Epoch: 38, Loss: 0.6137, Train: 74.39%, Valid: 67.37%, Test In: 68.26% Test OOD1: 64.57% Test OOD2: 52.67% Test OOD3: 62.41% 
Epoch: 39, Loss: 0.6046, Train: 74.78%, Valid: 67.31%, Test In: 68.30% Test OOD1: 64.36% Test OOD2: 52.75% Test OOD3: 62.38% 
Epoch: 40, Loss: 0.5976, Train: 75.08%, Valid: 67.23%, Test In: 68.27% Test OOD1: 64.14% Test OOD2: 52.86% Test OOD3: 62.33% 
Epoch: 41, Loss: 0.5974, Train: 75.30%, Valid: 67.17%, Test In: 68.23% Test OOD1: 63.97% Test OOD2: 52.99% Test OOD3: 62.29% 
Epoch: 42, Loss: 0.5901, Train: 75.55%, Valid: 67.08%, Test In: 68.17% Test OOD1: 63.78% Test OOD2: 53.09% Test OOD3: 62.23% 
Epoch: 43, Loss: 0.5890, Train: 75.87%, Valid: 66.99%, Test In: 68.10% Test OOD1: 63.56% Test OOD2: 53.16% Test OOD3: 62.14% 
Epoch: 44, Loss: 0.5792, Train: 76.28%, Valid: 67.01%, Test In: 68.11% Test OOD1: 63.42% Test OOD2: 53.19% Test OOD3: 62.11% 
Epoch: 45, Loss: 0.5806, Train: 76.78%, Valid: 67.06%, Test In: 68.14% Test OOD1: 63.26% Test OOD2: 53.20% Test OOD3: 62.08% 
Epoch: 46, Loss: 0.5768, Train: 77.31%, Valid: 67.15%, Test In: 68.19% Test OOD1: 63.15% Test OOD2: 53.19% Test OOD3: 62.05% 
Epoch: 47, Loss: 0.5739, Train: 77.71%, Valid: 67.24%, Test In: 68.26% Test OOD1: 63.09% Test OOD2: 53.18% Test OOD3: 61.99% 
Epoch: 48, Loss: 0.5685, Train: 77.84%, Valid: 66.97%, Test In: 68.03% Test OOD1: 62.71% Test OOD2: 53.13% Test OOD3: 61.73% 
Epoch: 49, Loss: 0.5616, Train: 78.02%, Valid: 66.99%, Test In: 68.00% Test OOD1: 62.63% Test OOD2: 53.09% Test OOD3: 61.61% 
Epoch: 50, Loss: 0.5544, Train: 78.42%, Valid: 67.16%, Test In: 68.12% Test OOD1: 62.72% Test OOD2: 53.05% Test OOD3: 61.62% 
Epoch: 51, Loss: 0.5534, Train: 78.83%, Valid: 67.19%, Test In: 68.12% Test OOD1: 62.62% Test OOD2: 53.02% Test OOD3: 61.54% 
Epoch: 52, Loss: 0.5481, Train: 79.22%, Valid: 66.96%, Test In: 67.91% Test OOD1: 62.22% Test OOD2: 52.98% Test OOD3: 61.32% 
Epoch: 53, Loss: 0.5462, Train: 79.60%, Valid: 67.07%, Test In: 67.99% Test OOD1: 62.23% Test OOD2: 52.92% Test OOD3: 61.30% 
Epoch: 54, Loss: 0.5434, Train: 79.78%, Valid: 67.24%, Test In: 68.14% Test OOD1: 62.39% Test OOD2: 52.85% Test OOD3: 61.36% 
Epoch: 55, Loss: 0.5407, Train: 79.95%, Valid: 66.85%, Test In: 67.82% Test OOD1: 61.85% Test OOD2: 52.75% Test OOD3: 61.05% 
Epoch: 56, Loss: 0.5349, Train: 80.37%, Valid: 66.90%, Test In: 67.91% Test OOD1: 61.75% Test OOD2: 52.71% Test OOD3: 61.05% 
Epoch: 57, Loss: 0.5322, Train: 80.82%, Valid: 67.26%, Test In: 68.31% Test OOD1: 62.01% Test OOD2: 52.69% Test OOD3: 61.26% 
Epoch: 58, Loss: 0.5294, Train: 81.04%, Valid: 67.10%, Test In: 68.23% Test OOD1: 61.70% Test OOD2: 52.63% Test OOD3: 61.11% 
Epoch: 59, Loss: 0.5226, Train: 81.23%, Valid: 66.82%, Test In: 68.03% Test OOD1: 61.30% Test OOD2: 52.55% Test OOD3: 60.88% 
Epoch: 60, Loss: 0.5203, Train: 81.58%, Valid: 67.34%, Test In: 68.52% Test OOD1: 61.84% Test OOD2: 52.51% Test OOD3: 61.18% 
Epoch: 61, Loss: 0.5125, Train: 81.91%, Valid: 67.18%, Test In: 68.42% Test OOD1: 61.60% Test OOD2: 52.46% Test OOD3: 61.01% 
Epoch: 62, Loss: 0.5107, Train: 82.14%, Valid: 66.87%, Test In: 68.17% Test OOD1: 61.22% Test OOD2: 52.39% Test OOD3: 60.74% 
Epoch: 63, Loss: 0.5131, Train: 82.58%, Valid: 67.36%, Test In: 68.60% Test OOD1: 61.64% Test OOD2: 52.36% Test OOD3: 60.98% 
Epoch: 64, Loss: 0.5071, Train: 82.92%, Valid: 67.36%, Test In: 68.64% Test OOD1: 61.53% Test OOD2: 52.32% Test OOD3: 60.90% 
Epoch: 65, Loss: 0.4991, Train: 83.15%, Valid: 67.12%, Test In: 68.43% Test OOD1: 61.14% Test OOD2: 52.25% Test OOD3: 60.60% 
Epoch: 66, Loss: 0.5005, Train: 83.50%, Valid: 67.14%, Test In: 68.46% Test OOD1: 61.05% Test OOD2: 52.22% Test OOD3: 60.50% 
Epoch: 67, Loss: 0.4976, Train: 83.90%, Valid: 67.63%, Test In: 68.87% Test OOD1: 61.52% Test OOD2: 52.19% Test OOD3: 60.75% 
Epoch: 68, Loss: 0.4935, Train: 84.19%, Valid: 67.37%, Test In: 68.66% Test OOD1: 61.16% Test OOD2: 52.17% Test OOD3: 60.47% 
Epoch: 69, Loss: 0.4835, Train: 84.25%, Valid: 67.23%, Test In: 68.53% Test OOD1: 61.03% Test OOD2: 52.14% Test OOD3: 60.30% 
Epoch: 70, Loss: 0.4867, Train: 84.45%, Valid: 67.64%, Test In: 68.83% Test OOD1: 61.53% Test OOD2: 52.16% Test OOD3: 60.56% 
Epoch: 71, Loss: 0.4809, Train: 84.79%, Valid: 67.46%, Test In: 68.61% Test OOD1: 61.21% Test OOD2: 52.13% Test OOD3: 60.33% 
Epoch: 72, Loss: 0.4739, Train: 85.20%, Valid: 67.33%, Test In: 68.46% Test OOD1: 60.98% Test OOD2: 52.07% Test OOD3: 60.17% 
Epoch: 73, Loss: 0.4753, Train: 85.58%, Valid: 67.72%, Test In: 68.79% Test OOD1: 61.42% Test OOD2: 52.06% Test OOD3: 60.45% 
Epoch: 74, Loss: 0.4735, Train: 85.91%, Valid: 67.60%, Test In: 68.69% Test OOD1: 61.20% Test OOD2: 52.08% Test OOD3: 60.35% 
Epoch: 75, Loss: 0.4682, Train: 86.01%, Valid: 67.23%, Test In: 68.33% Test OOD1: 60.75% Test OOD2: 51.96% Test OOD3: 60.04% 
Epoch: 76, Loss: 0.4601, Train: 86.32%, Valid: 67.71%, Test In: 68.78% Test OOD1: 61.33% Test OOD2: 52.01% Test OOD3: 60.42% 
Epoch: 77, Loss: 0.4575, Train: 86.79%, Valid: 67.72%, Test In: 68.81% Test OOD1: 61.37% Test OOD2: 52.07% Test OOD3: 60.44% 
Epoch: 78, Loss: 0.4548, Train: 87.09%, Valid: 67.43%, Test In: 68.50% Test OOD1: 61.02% Test OOD2: 52.01% Test OOD3: 60.17% 
Epoch: 79, Loss: 0.4495, Train: 87.12%, Valid: 67.56%, Test In: 68.64% Test OOD1: 61.11% Test OOD2: 51.95% Test OOD3: 60.21% 
Epoch: 80, Loss: 0.4460, Train: 87.54%, Valid: 67.80%, Test In: 68.90% Test OOD1: 61.40% Test OOD2: 52.02% Test OOD3: 60.40% 
Epoch: 81, Loss: 0.4423, Train: 87.93%, Valid: 67.68%, Test In: 68.78% Test OOD1: 61.21% Test OOD2: 52.07% Test OOD3: 60.23% 
Epoch: 82, Loss: 0.4423, Train: 88.04%, Valid: 67.57%, Test In: 68.72% Test OOD1: 61.03% Test OOD2: 51.99% Test OOD3: 60.05% 
Epoch: 83, Loss: 0.4319, Train: 88.33%, Valid: 67.79%, Test In: 68.96% Test OOD1: 61.38% Test OOD2: 52.00% Test OOD3: 60.26% 
Epoch: 84, Loss: 0.4303, Train: 88.76%, Valid: 67.75%, Test In: 68.95% Test OOD1: 61.42% Test OOD2: 52.07% Test OOD3: 60.31% 
Epoch: 85, Loss: 0.4306, Train: 89.15%, Valid: 67.35%, Test In: 68.58% Test OOD1: 61.08% Test OOD2: 52.12% Test OOD3: 60.05% 
Epoch: 86, Loss: 0.4213, Train: 89.18%, Valid: 67.64%, Test In: 68.89% Test OOD1: 61.37% Test OOD2: 52.02% Test OOD3: 60.25% 
Epoch: 87, Loss: 0.4159, Train: 89.31%, Valid: 67.80%, Test In: 69.08% Test OOD1: 61.54% Test OOD2: 51.99% Test OOD3: 60.38% 
Epoch: 88, Loss: 0.4136, Train: 90.00%, Valid: 67.51%, Test In: 68.82% Test OOD1: 61.20% Test OOD2: 52.07% Test OOD3: 60.11% 
Epoch: 89, Loss: 0.4139, Train: 90.32%, Valid: 67.66%, Test In: 69.00% Test OOD1: 61.23% Test OOD2: 52.01% Test OOD3: 60.10% 
Epoch: 90, Loss: 0.4027, Train: 90.30%, Valid: 67.89%, Test In: 69.25% Test OOD1: 61.39% Test OOD2: 51.90% Test OOD3: 60.17% 
Epoch: 91, Loss: 0.4043, Train: 90.90%, Valid: 67.67%, Test In: 69.00% Test OOD1: 61.22% Test OOD2: 51.94% Test OOD3: 59.96% 
Epoch: 92, Loss: 0.3990, Train: 91.27%, Valid: 67.52%, Test In: 68.82% Test OOD1: 61.20% Test OOD2: 51.97% Test OOD3: 59.84% 
Epoch: 93, Loss: 0.3906, Train: 91.12%, Valid: 67.67%, Test In: 69.02% Test OOD1: 61.35% Test OOD2: 51.82% Test OOD3: 59.86% 
Epoch: 94, Loss: 0.3915, Train: 91.56%, Valid: 67.65%, Test In: 68.93% Test OOD1: 61.54% Test OOD2: 51.88% Test OOD3: 59.92% 
Epoch: 95, Loss: 0.3770, Train: 91.79%, Valid: 67.71%, Test In: 68.93% Test OOD1: 61.49% Test OOD2: 51.84% Test OOD3: 59.83% 
Epoch: 96, Loss: 0.3766, Train: 91.88%, Valid: 67.82%, Test In: 68.97% Test OOD1: 61.44% Test OOD2: 51.77% Test OOD3: 59.79% 
Epoch: 97, Loss: 0.3752, Train: 92.33%, Valid: 67.84%, Test In: 68.92% Test OOD1: 61.54% Test OOD2: 51.79% Test OOD3: 59.77% 
Epoch: 98, Loss: 0.3709, Train: 92.61%, Valid: 67.81%, Test In: 68.88% Test OOD1: 61.56% Test OOD2: 51.70% Test OOD3: 59.69% 
Epoch: 99, Loss: 0.3665, Train: 92.43%, Valid: 67.88%, Test In: 68.97% Test OOD1: 61.66% Test OOD2: 51.50% Test OOD3: 59.75% 
Epoch: 100, Loss: 0.3594, Train: 93.10%, Valid: 67.74%, Test In: 68.75% Test OOD1: 61.62% Test OOD2: 51.49% Test OOD3: 59.64% 
Epoch: 101, Loss: 0.3563, Train: 93.52%, Valid: 67.79%, Test In: 68.82% Test OOD1: 61.60% Test OOD2: 51.55% Test OOD3: 59.75% 
Epoch: 102, Loss: 0.3528, Train: 93.41%, Valid: 68.06%, Test In: 69.12% Test OOD1: 61.60% Test OOD2: 51.50% Test OOD3: 59.85% 
Epoch: 103, Loss: 0.3444, Train: 93.67%, Valid: 67.95%, Test In: 68.95% Test OOD1: 61.39% Test OOD2: 51.52% Test OOD3: 59.63% 
Epoch: 104, Loss: 0.3366, Train: 94.03%, Valid: 68.09%, Test In: 69.14% Test OOD1: 61.99% Test OOD2: 51.51% Test OOD3: 60.05% 
Epoch: 105, Loss: 0.3316, Train: 94.14%, Valid: 68.04%, Test In: 69.08% Test OOD1: 61.93% Test OOD2: 51.33% Test OOD3: 59.74% 
Epoch: 106, Loss: 0.3320, Train: 94.13%, Valid: 68.14%, Test In: 69.16% Test OOD1: 62.03% Test OOD2: 51.25% Test OOD3: 59.69% 
Epoch: 107, Loss: 0.3281, Train: 94.61%, Valid: 68.13%, Test In: 69.12% Test OOD1: 62.27% Test OOD2: 51.39% Test OOD3: 59.84% 
Epoch: 108, Loss: 0.3234, Train: 94.65%, Valid: 68.36%, Test In: 69.34% Test OOD1: 62.15% Test OOD2: 51.36% Test OOD3: 59.79% 
Epoch: 109, Loss: 0.3271, Train: 94.98%, Valid: 68.25%, Test In: 69.17% Test OOD1: 61.62% Test OOD2: 51.34% Test OOD3: 59.28% 
Epoch: 110, Loss: 0.3221, Train: 95.27%, Valid: 68.55%, Test In: 69.41% Test OOD1: 62.32% Test OOD2: 51.43% Test OOD3: 59.83% 
Epoch: 111, Loss: 0.3258, Train: 95.53%, Valid: 68.25%, Test In: 69.07% Test OOD1: 61.80% Test OOD2: 51.49% Test OOD3: 59.35% 
Epoch: 112, Loss: 0.3086, Train: 95.24%, Valid: 68.28%, Test In: 69.10% Test OOD1: 61.57% Test OOD2: 51.43% Test OOD3: 59.27% 
Epoch: 113, Loss: 0.3137, Train: 95.45%, Valid: 68.42%, Test In: 69.15% Test OOD1: 62.19% Test OOD2: 51.41% Test OOD3: 59.69% 
Epoch: 114, Loss: 0.3081, Train: 95.98%, Valid: 68.13%, Test In: 68.80% Test OOD1: 62.24% Test OOD2: 51.47% Test OOD3: 59.55% 
Epoch: 115, Loss: 0.3067, Train: 95.98%, Valid: 68.30%, Test In: 69.11% Test OOD1: 62.12% Test OOD2: 51.41% Test OOD3: 59.57% 
Epoch: 116, Loss: 0.2977, Train: 95.91%, Valid: 68.36%, Test In: 69.24% Test OOD1: 61.93% Test OOD2: 51.40% Test OOD3: 59.57% 
Epoch: 117, Loss: 0.3013, Train: 96.22%, Valid: 68.10%, Test In: 68.99% Test OOD1: 61.90% Test OOD2: 51.60% Test OOD3: 59.49% 
Epoch: 118, Loss: 0.3018, Train: 96.65%, Valid: 68.27%, Test In: 69.21% Test OOD1: 62.17% Test OOD2: 51.52% Test OOD3: 59.69% 
Epoch: 119, Loss: 0.2834, Train: 96.61%, Valid: 68.39%, Test In: 69.35% Test OOD1: 62.04% Test OOD2: 51.39% Test OOD3: 59.62% 
Epoch: 120, Loss: 0.2844, Train: 96.89%, Valid: 68.33%, Test In: 69.13% Test OOD1: 61.99% Test OOD2: 51.43% Test OOD3: 59.52% 
Epoch: 121, Loss: 0.2791, Train: 97.05%, Valid: 68.39%, Test In: 69.09% Test OOD1: 61.94% Test OOD2: 51.41% Test OOD3: 59.53% 
Epoch: 122, Loss: 0.2739, Train: 97.11%, Valid: 68.38%, Test In: 69.09% Test OOD1: 61.84% Test OOD2: 51.41% Test OOD3: 59.58% 
Epoch: 123, Loss: 0.2759, Train: 97.16%, Valid: 68.18%, Test In: 68.82% Test OOD1: 61.25% Test OOD2: 51.33% Test OOD3: 59.28% 
Epoch: 124, Loss: 0.2831, Train: 97.28%, Valid: 68.48%, Test In: 69.09% Test OOD1: 61.87% Test OOD2: 51.25% Test OOD3: 59.83% 
Epoch: 125, Loss: 0.2748, Train: 97.54%, Valid: 68.40%, Test In: 68.91% Test OOD1: 61.94% Test OOD2: 51.28% Test OOD3: 59.81% 
Epoch: 126, Loss: 0.2686, Train: 97.56%, Valid: 68.15%, Test In: 68.63% Test OOD1: 61.62% Test OOD2: 51.24% Test OOD3: 59.52% 
Epoch: 127, Loss: 0.2732, Train: 97.71%, Valid: 68.54%, Test In: 69.04% Test OOD1: 61.58% Test OOD2: 51.15% Test OOD3: 59.62% 
Epoch: 128, Loss: 0.2665, Train: 97.92%, Valid: 68.49%, Test In: 68.98% Test OOD1: 61.74% Test OOD2: 51.23% Test OOD3: 59.67% 
Epoch: 129, Loss: 0.2650, Train: 98.05%, Valid: 68.24%, Test In: 68.72% Test OOD1: 61.54% Test OOD2: 51.34% Test OOD3: 59.42% 
Epoch: 130, Loss: 0.2603, Train: 98.01%, Valid: 68.33%, Test In: 68.86% Test OOD1: 61.41% Test OOD2: 51.30% Test OOD3: 59.36% 
Epoch: 131, Loss: 0.2573, Train: 98.10%, Valid: 68.60%, Test In: 69.16% Test OOD1: 61.91% Test OOD2: 51.35% Test OOD3: 59.76% 
Epoch: 132, Loss: 0.2578, Train: 98.26%, Valid: 68.54%, Test In: 69.06% Test OOD1: 62.08% Test OOD2: 51.50% Test OOD3: 59.80% 
Epoch: 133, Loss: 0.2516, Train: 98.28%, Valid: 68.35%, Test In: 68.84% Test OOD1: 61.86% Test OOD2: 51.57% Test OOD3: 59.54% 
Epoch: 134, Loss: 0.2509, Train: 98.39%, Valid: 68.41%, Test In: 68.88% Test OOD1: 61.85% Test OOD2: 51.54% Test OOD3: 59.55% 
Epoch: 135, Loss: 0.2516, Train: 98.39%, Valid: 68.47%, Test In: 68.91% Test OOD1: 61.82% Test OOD2: 51.47% Test OOD3: 59.55% 
Epoch: 136, Loss: 0.2481, Train: 98.45%, Valid: 68.28%, Test In: 68.66% Test OOD1: 61.60% Test OOD2: 51.37% Test OOD3: 59.35% 
Epoch: 137, Loss: 0.2429, Train: 98.49%, Valid: 68.14%, Test In: 68.50% Test OOD1: 61.67% Test OOD2: 51.37% Test OOD3: 59.32% 
Epoch: 138, Loss: 0.2371, Train: 98.54%, Valid: 68.18%, Test In: 68.59% Test OOD1: 61.84% Test OOD2: 51.39% Test OOD3: 59.48% 
Epoch: 139, Loss: 0.2358, Train: 98.55%, Valid: 68.20%, Test In: 68.67% Test OOD1: 61.74% Test OOD2: 51.42% Test OOD3: 59.50% 
Epoch: 140, Loss: 0.2359, Train: 98.64%, Valid: 68.20%, Test In: 68.72% Test OOD1: 61.72% Test OOD2: 51.48% Test OOD3: 59.51% 
Epoch: 141, Loss: 0.2443, Train: 98.87%, Valid: 68.14%, Test In: 68.71% Test OOD1: 62.01% Test OOD2: 51.58% Test OOD3: 59.73% 
Epoch: 142, Loss: 0.2385, Train: 98.88%, Valid: 68.34%, Test In: 69.02% Test OOD1: 62.05% Test OOD2: 51.51% Test OOD3: 59.72% 
Epoch: 143, Loss: 0.2317, Train: 98.80%, Valid: 68.48%, Test In: 69.24% Test OOD1: 61.95% Test OOD2: 51.40% Test OOD3: 59.64% 
Epoch: 144, Loss: 0.2276, Train: 98.89%, Valid: 68.51%, Test In: 69.28% Test OOD1: 62.17% Test OOD2: 51.40% Test OOD3: 59.77% 
Epoch: 145, Loss: 0.2270, Train: 99.07%, Valid: 68.35%, Test In: 69.03% Test OOD1: 62.26% Test OOD2: 51.51% Test OOD3: 59.88% 
Epoch: 146, Loss: 0.2274, Train: 99.16%, Valid: 68.39%, Test In: 68.96% Test OOD1: 62.27% Test OOD2: 51.49% Test OOD3: 59.86% 
Epoch: 147, Loss: 0.2357, Train: 99.19%, Valid: 68.52%, Test In: 69.05% Test OOD1: 61.93% Test OOD2: 51.33% Test OOD3: 59.56% 
Epoch: 148, Loss: 0.2288, Train: 99.18%, Valid: 68.50%, Test In: 68.95% Test OOD1: 61.67% Test OOD2: 51.28% Test OOD3: 59.42% 
Epoch: 149, Loss: 0.2205, Train: 99.22%, Valid: 68.39%, Test In: 68.87% Test OOD1: 62.04% Test OOD2: 51.33% Test OOD3: 59.75% 
Epoch: 150, Loss: 0.2249, Train: 99.16%, Valid: 68.36%, Test In: 68.89% Test OOD1: 62.06% Test OOD2: 51.36% Test OOD3: 59.90% 
Epoch: 151, Loss: 0.2233, Train: 99.10%, Valid: 68.40%, Test In: 68.95% Test OOD1: 61.73% Test OOD2: 51.27% Test OOD3: 59.78% 
Epoch: 152, Loss: 0.2219, Train: 99.18%, Valid: 68.36%, Test In: 68.87% Test OOD1: 61.89% Test OOD2: 51.24% Test OOD3: 59.87% 
Epoch: 153, Loss: 0.2231, Train: 99.29%, Valid: 68.31%, Test In: 68.84% Test OOD1: 62.11% Test OOD2: 51.22% Test OOD3: 59.97% 
Epoch: 154, Loss: 0.2136, Train: 99.33%, Valid: 68.42%, Test In: 68.93% Test OOD1: 62.09% Test OOD2: 51.19% Test OOD3: 59.84% 
Epoch: 155, Loss: 0.2205, Train: 99.32%, Valid: 68.50%, Test In: 68.93% Test OOD1: 61.85% Test OOD2: 51.13% Test OOD3: 59.60% 
Epoch: 156, Loss: 0.2178, Train: 99.36%, Valid: 68.63%, Test In: 69.02% Test OOD1: 61.90% Test OOD2: 51.12% Test OOD3: 59.65% 
Epoch: 157, Loss: 0.2186, Train: 99.43%, Valid: 68.61%, Test In: 69.01% Test OOD1: 61.73% Test OOD2: 51.24% Test OOD3: 59.67% 
Epoch: 158, Loss: 0.2197, Train: 99.40%, Valid: 68.65%, Test In: 69.05% Test OOD1: 61.34% Test OOD2: 51.36% Test OOD3: 59.56% 
Epoch: 159, Loss: 0.2088, Train: 99.40%, Valid: 68.67%, Test In: 69.07% Test OOD1: 61.32% Test OOD2: 51.47% Test OOD3: 59.61% 
Epoch: 160, Loss: 0.2110, Train: 99.46%, Valid: 68.60%, Test In: 68.92% Test OOD1: 61.66% Test OOD2: 51.62% Test OOD3: 59.77% 
Epoch: 161, Loss: 0.2073, Train: 99.44%, Valid: 68.67%, Test In: 68.92% Test OOD1: 61.82% Test OOD2: 51.70% Test OOD3: 59.87% 
Epoch: 162, Loss: 0.2150, Train: 99.43%, Valid: 68.77%, Test In: 69.00% Test OOD1: 61.77% Test OOD2: 51.66% Test OOD3: 59.85% 
Epoch: 163, Loss: 0.2129, Train: 99.42%, Valid: 68.77%, Test In: 69.03% Test OOD1: 61.40% Test OOD2: 51.54% Test OOD3: 59.65% 
Epoch: 164, Loss: 0.2135, Train: 99.49%, Valid: 68.63%, Test In: 68.97% Test OOD1: 61.40% Test OOD2: 51.55% Test OOD3: 59.70% 
Epoch: 165, Loss: 0.2130, Train: 99.57%, Valid: 68.51%, Test In: 68.97% Test OOD1: 61.71% Test OOD2: 51.62% Test OOD3: 59.91% 
Epoch: 166, Loss: 0.2078, Train: 99.59%, Valid: 68.35%, Test In: 68.85% Test OOD1: 61.38% Test OOD2: 51.59% Test OOD3: 59.77% 
Epoch: 167, Loss: 0.2085, Train: 99.55%, Valid: 68.49%, Test In: 69.02% Test OOD1: 61.12% Test OOD2: 51.50% Test OOD3: 59.71% 
Epoch: 168, Loss: 0.1990, Train: 99.50%, Valid: 68.60%, Test In: 69.16% Test OOD1: 60.99% Test OOD2: 51.46% Test OOD3: 59.68% 
Epoch: 169, Loss: 0.2102, Train: 99.60%, Valid: 68.43%, Test In: 68.99% Test OOD1: 61.28% Test OOD2: 51.53% Test OOD3: 59.72% 
Epoch: 170, Loss: 0.2023, Train: 99.68%, Valid: 68.09%, Test In: 68.73% Test OOD1: 61.53% Test OOD2: 51.72% Test OOD3: 59.73% 
Epoch: 171, Loss: 0.2016, Train: 99.66%, Valid: 68.24%, Test In: 68.85% Test OOD1: 61.62% Test OOD2: 51.68% Test OOD3: 59.80% 
Epoch: 172, Loss: 0.2077, Train: 99.58%, Valid: 68.50%, Test In: 69.05% Test OOD1: 61.44% Test OOD2: 51.51% Test OOD3: 59.75% 
Epoch: 173, Loss: 0.2073, Train: 99.57%, Valid: 68.50%, Test In: 69.06% Test OOD1: 61.40% Test OOD2: 51.46% Test OOD3: 59.67% 
Epoch: 174, Loss: 0.2062, Train: 99.63%, Valid: 68.47%, Test In: 69.04% Test OOD1: 61.85% Test OOD2: 51.56% Test OOD3: 59.86% 
Epoch: 175, Loss: 0.1988, Train: 99.68%, Valid: 68.42%, Test In: 69.02% Test OOD1: 61.81% Test OOD2: 51.60% Test OOD3: 59.77% 
Epoch: 176, Loss: 0.2056, Train: 99.70%, Valid: 68.49%, Test In: 69.06% Test OOD1: 61.66% Test OOD2: 51.56% Test OOD3: 59.60% 
Epoch: 177, Loss: 0.2042, Train: 99.70%, Valid: 68.50%, Test In: 69.03% Test OOD1: 61.52% Test OOD2: 51.54% Test OOD3: 59.44% 
Epoch: 178, Loss: 0.1917, Train: 99.72%, Valid: 68.57%, Test In: 69.06% Test OOD1: 61.80% Test OOD2: 51.54% Test OOD3: 59.56% 
Epoch: 179, Loss: 0.2043, Train: 99.74%, Valid: 68.34%, Test In: 68.84% Test OOD1: 62.03% Test OOD2: 51.64% Test OOD3: 59.67% 
Epoch: 180, Loss: 0.1888, Train: 99.71%, Valid: 68.22%, Test In: 68.80% Test OOD1: 62.11% Test OOD2: 51.64% Test OOD3: 59.77% 
Epoch: 181, Loss: 0.1894, Train: 99.66%, Valid: 68.36%, Test In: 68.95% Test OOD1: 62.00% Test OOD2: 51.61% Test OOD3: 59.80% 
Epoch: 182, Loss: 0.1965, Train: 99.62%, Valid: 68.42%, Test In: 69.02% Test OOD1: 61.68% Test OOD2: 51.57% Test OOD3: 59.60% 
Epoch: 183, Loss: 0.1950, Train: 99.67%, Valid: 68.38%, Test In: 69.05% Test OOD1: 61.72% Test OOD2: 51.59% Test OOD3: 59.59% 
Epoch: 184, Loss: 0.2013, Train: 99.75%, Valid: 68.29%, Test In: 68.96% Test OOD1: 61.79% Test OOD2: 51.65% Test OOD3: 59.56% 
Epoch: 185, Loss: 0.1990, Train: 99.78%, Valid: 68.42%, Test In: 68.99% Test OOD1: 61.69% Test OOD2: 51.59% Test OOD3: 59.39% 
Epoch: 186, Loss: 0.1930, Train: 99.78%, Valid: 68.62%, Test In: 69.13% Test OOD1: 61.67% Test OOD2: 51.49% Test OOD3: 59.30% 
Epoch: 187, Loss: 0.1888, Train: 99.78%, Valid: 68.59%, Test In: 69.13% Test OOD1: 61.86% Test OOD2: 51.45% Test OOD3: 59.32% 
Epoch: 188, Loss: 0.1898, Train: 99.76%, Valid: 68.56%, Test In: 69.09% Test OOD1: 62.11% Test OOD2: 51.43% Test OOD3: 59.45% 
Epoch: 189, Loss: 0.1887, Train: 99.74%, Valid: 68.61%, Test In: 69.08% Test OOD1: 62.17% Test OOD2: 51.38% Test OOD3: 59.45% 
Epoch: 190, Loss: 0.1963, Train: 99.73%, Valid: 68.74%, Test In: 69.19% Test OOD1: 62.07% Test OOD2: 51.34% Test OOD3: 59.40% 
Epoch: 191, Loss: 0.1908, Train: 99.74%, Valid: 68.71%, Test In: 69.21% Test OOD1: 62.00% Test OOD2: 51.36% Test OOD3: 59.33% 
Epoch: 192, Loss: 0.1873, Train: 99.77%, Valid: 68.58%, Test In: 69.15% Test OOD1: 62.15% Test OOD2: 51.40% Test OOD3: 59.40% 
Epoch: 193, Loss: 0.1930, Train: 99.78%, Valid: 68.55%, Test In: 69.16% Test OOD1: 62.23% Test OOD2: 51.47% Test OOD3: 59.50% 
Epoch: 194, Loss: 0.1937, Train: 99.79%, Valid: 68.58%, Test In: 69.24% Test OOD1: 62.12% Test OOD2: 51.49% Test OOD3: 59.49% 
Epoch: 195, Loss: 0.1967, Train: 99.78%, Valid: 68.72%, Test In: 69.34% Test OOD1: 61.84% Test OOD2: 51.41% Test OOD3: 59.41% 
Epoch: 196, Loss: 0.1926, Train: 99.80%, Valid: 68.66%, Test In: 69.24% Test OOD1: 61.67% Test OOD2: 51.38% Test OOD3: 59.37% 
Epoch: 197, Loss: 0.1931, Train: 99.81%, Valid: 68.59%, Test In: 69.12% Test OOD1: 61.57% Test OOD2: 51.37% Test OOD3: 59.37% 
Epoch: 198, Loss: 0.1821, Train: 99.82%, Valid: 68.41%, Test In: 68.98% Test OOD1: 61.38% Test OOD2: 51.34% Test OOD3: 59.25% 
Epoch: 199, Loss: 0.1889, Train: 99.82%, Valid: 68.54%, Test In: 69.10% Test OOD1: 61.32% Test OOD2: 51.27% Test OOD3: 59.31% 
Run 02:
Highest Train: 99.82
Highest Valid: 69.36
Highest In Test: 69.84
Highest OOD Test: 66.00
Highest OOD Test: 53.20
Highest OOD Test: 62.68
Chosen epoch: 7
Final Train: 72.98
Final In Test: 69.21
Final OOD Test: 66.00
Final OOD Test: 50.48
Final OOD Test: 62.10
Epoch: 00, Loss: 0.7630, Train: 67.29%, Valid: 63.96%, Test In: 64.03% Test OOD1: 62.56% Test OOD2: 50.91% Test OOD3: 60.40% 
Epoch: 01, Loss: 0.7600, Train: 69.70%, Valid: 64.91%, Test In: 66.20% Test OOD1: 60.01% Test OOD2: 51.92% Test OOD3: 60.29% 
Epoch: 02, Loss: 0.7566, Train: 67.04%, Valid: 62.37%, Test In: 63.60% Test OOD1: 52.77% Test OOD2: 51.74% Test OOD3: 56.19% 
Epoch: 03, Loss: 0.7520, Train: 62.02%, Valid: 58.26%, Test In: 59.08% Test OOD1: 48.18% Test OOD2: 51.31% Test OOD3: 52.69% 
Epoch: 04, Loss: 0.7467, Train: 59.37%, Valid: 56.20%, Test In: 56.84% Test OOD1: 46.48% Test OOD2: 51.08% Test OOD3: 51.22% 
Epoch: 05, Loss: 0.7393, Train: 56.94%, Valid: 54.34%, Test In: 54.91% Test OOD1: 45.29% Test OOD2: 50.93% Test OOD3: 50.11% 
Epoch: 06, Loss: 0.7328, Train: 55.21%, Valid: 53.05%, Test In: 53.61% Test OOD1: 44.58% Test OOD2: 50.83% Test OOD3: 49.40% 
Epoch: 07, Loss: 0.7248, Train: 54.41%, Valid: 52.46%, Test In: 53.09% Test OOD1: 44.27% Test OOD2: 50.81% Test OOD3: 49.06% 
Epoch: 08, Loss: 0.7191, Train: 53.32%, Valid: 51.53%, Test In: 52.31% Test OOD1: 43.98% Test OOD2: 50.76% Test OOD3: 48.67% 
Epoch: 09, Loss: 0.7157, Train: 51.32%, Valid: 49.79%, Test In: 50.69% Test OOD1: 43.47% Test OOD2: 50.68% Test OOD3: 48.08% 
Epoch: 10, Loss: 0.7123, Train: 49.61%, Valid: 48.32%, Test In: 49.31% Test OOD1: 43.06% Test OOD2: 50.59% Test OOD3: 47.64% 
Epoch: 11, Loss: 0.7113, Train: 49.55%, Valid: 48.16%, Test In: 49.21% Test OOD1: 43.11% Test OOD2: 50.62% Test OOD3: 47.67% 
Epoch: 12, Loss: 0.7077, Train: 50.95%, Valid: 49.17%, Test In: 50.29% Test OOD1: 43.63% Test OOD2: 50.77% Test OOD3: 48.20% 
Epoch: 13, Loss: 0.7052, Train: 54.50%, Valid: 51.94%, Test In: 53.11% Test OOD1: 45.02% Test OOD2: 51.14% Test OOD3: 49.58% 
Epoch: 14, Loss: 0.7034, Train: 61.24%, Valid: 57.47%, Test In: 58.52% Test OOD1: 48.29% Test OOD2: 51.86% Test OOD3: 52.58% 
Epoch: 15, Loss: 0.7010, Train: 69.20%, Valid: 64.35%, Test In: 65.20% Test OOD1: 54.96% Test OOD2: 52.60% Test OOD3: 57.84% 
Epoch: 16, Loss: 0.6968, Train: 72.84%, Valid: 67.79%, Test In: 68.82% Test OOD1: 62.30% Test OOD2: 52.73% Test OOD3: 61.91% 
Epoch: 17, Loss: 0.6920, Train: 72.43%, Valid: 67.68%, Test In: 68.55% Test OOD1: 65.06% Test OOD2: 52.10% Test OOD3: 62.21% 
Epoch: 18, Loss: 0.6881, Train: 70.73%, Valid: 66.62%, Test In: 67.14% Test OOD1: 64.88% Test OOD2: 51.74% Test OOD3: 61.52% 
Epoch: 19, Loss: 0.6844, Train: 69.47%, Valid: 65.82%, Test In: 66.06% Test OOD1: 64.34% Test OOD2: 51.59% Test OOD3: 61.04% 
Epoch: 20, Loss: 0.6814, Train: 68.78%, Valid: 65.35%, Test In: 65.45% Test OOD1: 64.07% Test OOD2: 51.52% Test OOD3: 60.79% 
Epoch: 21, Loss: 0.6778, Train: 68.44%, Valid: 65.11%, Test In: 65.15% Test OOD1: 63.96% Test OOD2: 51.50% Test OOD3: 60.68% 
Epoch: 22, Loss: 0.6773, Train: 68.35%, Valid: 65.04%, Test In: 65.05% Test OOD1: 63.95% Test OOD2: 51.52% Test OOD3: 60.67% 
Epoch: 23, Loss: 0.6708, Train: 68.43%, Valid: 65.07%, Test In: 65.10% Test OOD1: 63.99% Test OOD2: 51.56% Test OOD3: 60.73% 
Epoch: 24, Loss: 0.6687, Train: 68.66%, Valid: 65.18%, Test In: 65.25% Test OOD1: 64.08% Test OOD2: 51.61% Test OOD3: 60.83% 
Epoch: 25, Loss: 0.6630, Train: 68.99%, Valid: 65.35%, Test In: 65.48% Test OOD1: 64.18% Test OOD2: 51.68% Test OOD3: 60.95% 
Epoch: 26, Loss: 0.6613, Train: 69.36%, Valid: 65.57%, Test In: 65.73% Test OOD1: 64.28% Test OOD2: 51.74% Test OOD3: 61.07% 
Epoch: 27, Loss: 0.6553, Train: 69.78%, Valid: 65.83%, Test In: 66.03% Test OOD1: 64.40% Test OOD2: 51.80% Test OOD3: 61.20% 
Epoch: 28, Loss: 0.6515, Train: 70.21%, Valid: 66.11%, Test In: 66.33% Test OOD1: 64.53% Test OOD2: 51.86% Test OOD3: 61.35% 
Epoch: 29, Loss: 0.6474, Train: 70.65%, Valid: 66.42%, Test In: 66.66% Test OOD1: 64.70% Test OOD2: 51.91% Test OOD3: 61.51% 
Epoch: 30, Loss: 0.6426, Train: 71.11%, Valid: 66.74%, Test In: 66.98% Test OOD1: 64.87% Test OOD2: 51.98% Test OOD3: 61.67% 
Epoch: 31, Loss: 0.6391, Train: 71.59%, Valid: 67.00%, Test In: 67.29% Test OOD1: 64.95% Test OOD2: 52.09% Test OOD3: 61.79% 
Epoch: 32, Loss: 0.6361, Train: 72.07%, Valid: 67.19%, Test In: 67.53% Test OOD1: 64.91% Test OOD2: 52.22% Test OOD3: 61.86% 
Epoch: 33, Loss: 0.6323, Train: 72.54%, Valid: 67.37%, Test In: 67.73% Test OOD1: 64.84% Test OOD2: 52.34% Test OOD3: 61.93% 
Epoch: 34, Loss: 0.6256, Train: 73.05%, Valid: 67.63%, Test In: 68.02% Test OOD1: 64.85% Test OOD2: 52.45% Test OOD3: 62.04% 
Epoch: 35, Loss: 0.6194, Train: 73.58%, Valid: 67.97%, Test In: 68.40% Test OOD1: 64.97% Test OOD2: 52.54% Test OOD3: 62.22% 
Epoch: 36, Loss: 0.6190, Train: 74.06%, Valid: 68.17%, Test In: 68.66% Test OOD1: 64.90% Test OOD2: 52.67% Test OOD3: 62.31% 
Epoch: 37, Loss: 0.6146, Train: 74.49%, Valid: 68.16%, Test In: 68.78% Test OOD1: 64.58% Test OOD2: 52.83% Test OOD3: 62.28% 
Epoch: 38, Loss: 0.6083, Train: 74.96%, Valid: 68.24%, Test In: 68.98% Test OOD1: 64.41% Test OOD2: 52.93% Test OOD3: 62.31% 
Epoch: 39, Loss: 0.6025, Train: 75.43%, Valid: 68.57%, Test In: 69.29% Test OOD1: 64.51% Test OOD2: 52.99% Test OOD3: 62.46% 
Epoch: 40, Loss: 0.5995, Train: 75.71%, Valid: 68.50%, Test In: 69.29% Test OOD1: 64.15% Test OOD2: 53.11% Test OOD3: 62.39% 
Epoch: 41, Loss: 0.5974, Train: 75.92%, Valid: 68.32%, Test In: 69.20% Test OOD1: 63.71% Test OOD2: 53.20% Test OOD3: 62.25% 
Epoch: 42, Loss: 0.5933, Train: 76.42%, Valid: 68.60%, Test In: 69.45% Test OOD1: 63.74% Test OOD2: 53.23% Test OOD3: 62.35% 
Epoch: 43, Loss: 0.5860, Train: 76.81%, Valid: 68.66%, Test In: 69.51% Test OOD1: 63.53% Test OOD2: 53.26% Test OOD3: 62.31% 
Epoch: 44, Loss: 0.5840, Train: 77.12%, Valid: 68.63%, Test In: 69.44% Test OOD1: 63.25% Test OOD2: 53.28% Test OOD3: 62.20% 
Epoch: 45, Loss: 0.5756, Train: 77.33%, Valid: 68.77%, Test In: 69.47% Test OOD1: 63.32% Test OOD2: 53.28% Test OOD3: 62.19% 
Epoch: 46, Loss: 0.5750, Train: 77.41%, Valid: 68.55%, Test In: 69.23% Test OOD1: 62.93% Test OOD2: 53.28% Test OOD3: 61.96% 
Epoch: 47, Loss: 0.5687, Train: 77.80%, Valid: 68.73%, Test In: 69.36% Test OOD1: 63.05% Test OOD2: 53.25% Test OOD3: 62.00% 
Epoch: 48, Loss: 0.5688, Train: 78.35%, Valid: 68.96%, Test In: 69.56% Test OOD1: 63.14% Test OOD2: 53.21% Test OOD3: 62.10% 
Epoch: 49, Loss: 0.5629, Train: 78.66%, Valid: 68.72%, Test In: 69.34% Test OOD1: 62.55% Test OOD2: 53.18% Test OOD3: 61.83% 
Epoch: 50, Loss: 0.5621, Train: 78.80%, Valid: 68.67%, Test In: 69.26% Test OOD1: 62.50% Test OOD2: 53.10% Test OOD3: 61.70% 
Epoch: 51, Loss: 0.5552, Train: 78.89%, Valid: 68.73%, Test In: 69.32% Test OOD1: 62.76% Test OOD2: 53.02% Test OOD3: 61.68% 
Epoch: 52, Loss: 0.5504, Train: 79.18%, Valid: 68.55%, Test In: 69.14% Test OOD1: 62.38% Test OOD2: 52.98% Test OOD3: 61.48% 
Epoch: 53, Loss: 0.5476, Train: 79.63%, Valid: 68.67%, Test In: 69.28% Test OOD1: 62.54% Test OOD2: 52.94% Test OOD3: 61.55% 
Epoch: 54, Loss: 0.5436, Train: 79.98%, Valid: 68.59%, Test In: 69.22% Test OOD1: 62.39% Test OOD2: 52.91% Test OOD3: 61.47% 
Epoch: 55, Loss: 0.5442, Train: 80.05%, Valid: 68.37%, Test In: 69.02% Test OOD1: 62.23% Test OOD2: 52.85% Test OOD3: 61.27% 
Epoch: 56, Loss: 0.5351, Train: 79.99%, Valid: 68.26%, Test In: 68.91% Test OOD1: 62.35% Test OOD2: 52.73% Test OOD3: 61.18% 
Epoch: 57, Loss: 0.5282, Train: 80.12%, Valid: 68.16%, Test In: 68.81% Test OOD1: 62.37% Test OOD2: 52.64% Test OOD3: 61.10% 
Epoch: 58, Loss: 0.5227, Train: 80.55%, Valid: 68.00%, Test In: 68.70% Test OOD1: 62.10% Test OOD2: 52.60% Test OOD3: 60.95% 
Epoch: 59, Loss: 0.5241, Train: 81.01%, Valid: 68.17%, Test In: 68.94% Test OOD1: 62.26% Test OOD2: 52.53% Test OOD3: 61.06% 
Epoch: 60, Loss: 0.5193, Train: 81.30%, Valid: 68.19%, Test In: 69.00% Test OOD1: 62.27% Test OOD2: 52.46% Test OOD3: 61.05% 
Epoch: 61, Loss: 0.5192, Train: 81.50%, Valid: 67.78%, Test In: 68.61% Test OOD1: 61.71% Test OOD2: 52.45% Test OOD3: 60.70% 
Epoch: 62, Loss: 0.5180, Train: 81.53%, Valid: 68.11%, Test In: 68.97% Test OOD1: 62.27% Test OOD2: 52.34% Test OOD3: 60.96% 
Epoch: 63, Loss: 0.5135, Train: 81.91%, Valid: 68.02%, Test In: 68.94% Test OOD1: 61.98% Test OOD2: 52.32% Test OOD3: 60.84% 
Epoch: 64, Loss: 0.5058, Train: 82.38%, Valid: 67.84%, Test In: 68.84% Test OOD1: 61.52% Test OOD2: 52.33% Test OOD3: 60.66% 
Epoch: 65, Loss: 0.5012, Train: 82.69%, Valid: 68.16%, Test In: 69.15% Test OOD1: 61.81% Test OOD2: 52.28% Test OOD3: 60.89% 
Epoch: 66, Loss: 0.4970, Train: 82.88%, Valid: 68.19%, Test In: 69.21% Test OOD1: 61.84% Test OOD2: 52.25% Test OOD3: 60.93% 
Epoch: 67, Loss: 0.4933, Train: 83.23%, Valid: 67.92%, Test In: 68.97% Test OOD1: 61.37% Test OOD2: 52.29% Test OOD3: 60.67% 
Epoch: 68, Loss: 0.4947, Train: 83.46%, Valid: 67.84%, Test In: 68.97% Test OOD1: 61.35% Test OOD2: 52.29% Test OOD3: 60.63% 
Epoch: 69, Loss: 0.4886, Train: 83.69%, Valid: 68.17%, Test In: 69.31% Test OOD1: 61.88% Test OOD2: 52.21% Test OOD3: 60.92% 
Epoch: 70, Loss: 0.4837, Train: 83.80%, Valid: 68.04%, Test In: 69.21% Test OOD1: 61.81% Test OOD2: 52.20% Test OOD3: 60.81% 
Epoch: 71, Loss: 0.4776, Train: 83.99%, Valid: 67.62%, Test In: 68.82% Test OOD1: 61.34% Test OOD2: 52.25% Test OOD3: 60.45% 
Epoch: 72, Loss: 0.4786, Train: 84.16%, Valid: 67.76%, Test In: 68.94% Test OOD1: 61.50% Test OOD2: 52.20% Test OOD3: 60.51% 
Epoch: 73, Loss: 0.4724, Train: 84.44%, Valid: 68.07%, Test In: 69.31% Test OOD1: 61.92% Test OOD2: 52.06% Test OOD3: 60.77% 
Epoch: 74, Loss: 0.4735, Train: 84.92%, Valid: 67.92%, Test In: 69.18% Test OOD1: 61.59% Test OOD2: 52.15% Test OOD3: 60.53% 
Epoch: 75, Loss: 0.4625, Train: 84.97%, Valid: 67.59%, Test In: 68.87% Test OOD1: 61.18% Test OOD2: 52.19% Test OOD3: 60.25% 
Epoch: 76, Loss: 0.4621, Train: 85.29%, Valid: 67.86%, Test In: 69.12% Test OOD1: 61.44% Test OOD2: 52.10% Test OOD3: 60.41% 
Epoch: 77, Loss: 0.4549, Train: 85.46%, Valid: 68.05%, Test In: 69.27% Test OOD1: 61.63% Test OOD2: 51.98% Test OOD3: 60.51% 
Epoch: 78, Loss: 0.4518, Train: 85.95%, Valid: 67.95%, Test In: 69.16% Test OOD1: 61.46% Test OOD2: 52.03% Test OOD3: 60.34% 
Epoch: 79, Loss: 0.4435, Train: 86.22%, Valid: 67.75%, Test In: 68.93% Test OOD1: 61.24% Test OOD2: 52.06% Test OOD3: 60.11% 
Epoch: 80, Loss: 0.4507, Train: 86.29%, Valid: 68.03%, Test In: 69.14% Test OOD1: 61.40% Test OOD2: 51.91% Test OOD3: 60.17% 
Epoch: 81, Loss: 0.4444, Train: 86.31%, Valid: 68.23%, Test In: 69.31% Test OOD1: 61.68% Test OOD2: 51.82% Test OOD3: 60.34% 
Epoch: 82, Loss: 0.4378, Train: 86.80%, Valid: 68.21%, Test In: 69.22% Test OOD1: 61.54% Test OOD2: 51.89% Test OOD3: 60.24% 
Epoch: 83, Loss: 0.4323, Train: 87.24%, Valid: 68.16%, Test In: 69.15% Test OOD1: 61.35% Test OOD2: 51.87% Test OOD3: 60.10% 
Epoch: 84, Loss: 0.4339, Train: 87.37%, Valid: 68.38%, Test In: 69.39% Test OOD1: 61.46% Test OOD2: 51.75% Test OOD3: 60.17% 
Epoch: 85, Loss: 0.4281, Train: 87.63%, Valid: 68.57%, Test In: 69.55% Test OOD1: 61.65% Test OOD2: 51.71% Test OOD3: 60.34% 
Epoch: 86, Loss: 0.4263, Train: 88.04%, Valid: 68.51%, Test In: 69.41% Test OOD1: 61.52% Test OOD2: 51.82% Test OOD3: 60.31% 
Epoch: 87, Loss: 0.4181, Train: 87.93%, Valid: 68.41%, Test In: 69.32% Test OOD1: 61.35% Test OOD2: 51.79% Test OOD3: 60.26% 
Epoch: 88, Loss: 0.4230, Train: 88.07%, Valid: 68.55%, Test In: 69.47% Test OOD1: 61.54% Test OOD2: 51.65% Test OOD3: 60.29% 
Epoch: 89, Loss: 0.4138, Train: 88.39%, Valid: 68.51%, Test In: 69.42% Test OOD1: 61.64% Test OOD2: 51.69% Test OOD3: 60.29% 
Epoch: 90, Loss: 0.4102, Train: 88.57%, Valid: 68.39%, Test In: 69.24% Test OOD1: 61.59% Test OOD2: 51.77% Test OOD3: 60.30% 
Epoch: 91, Loss: 0.4070, Train: 88.59%, Valid: 68.47%, Test In: 69.40% Test OOD1: 61.58% Test OOD2: 51.67% Test OOD3: 60.31% 
Epoch: 92, Loss: 0.3968, Train: 88.69%, Valid: 68.60%, Test In: 69.52% Test OOD1: 61.37% Test OOD2: 51.59% Test OOD3: 60.13% 
Epoch: 93, Loss: 0.3950, Train: 89.52%, Valid: 68.58%, Test In: 69.46% Test OOD1: 61.29% Test OOD2: 51.74% Test OOD3: 60.01% 
Epoch: 94, Loss: 0.3865, Train: 89.84%, Valid: 68.58%, Test In: 69.37% Test OOD1: 61.41% Test OOD2: 51.76% Test OOD3: 60.10% 
Epoch: 95, Loss: 0.3821, Train: 89.40%, Valid: 68.57%, Test In: 69.42% Test OOD1: 61.61% Test OOD2: 51.57% Test OOD3: 60.22% 
Epoch: 96, Loss: 0.3908, Train: 89.64%, Valid: 68.35%, Test In: 69.21% Test OOD1: 61.44% Test OOD2: 51.61% Test OOD3: 60.01% 
Epoch: 97, Loss: 0.3816, Train: 89.91%, Valid: 68.31%, Test In: 69.18% Test OOD1: 61.47% Test OOD2: 51.59% Test OOD3: 59.97% 
Epoch: 98, Loss: 0.3721, Train: 90.11%, Valid: 68.58%, Test In: 69.42% Test OOD1: 61.71% Test OOD2: 51.50% Test OOD3: 60.16% 
Epoch: 99, Loss: 0.3726, Train: 90.56%, Valid: 68.72%, Test In: 69.48% Test OOD1: 61.53% Test OOD2: 51.54% Test OOD3: 60.05% 
Epoch: 100, Loss: 0.3642, Train: 90.87%, Valid: 68.64%, Test In: 69.34% Test OOD1: 61.32% Test OOD2: 51.64% Test OOD3: 59.93% 
Epoch: 101, Loss: 0.3660, Train: 90.65%, Valid: 68.82%, Test In: 69.53% Test OOD1: 61.50% Test OOD2: 51.51% Test OOD3: 60.07% 
Epoch: 102, Loss: 0.3649, Train: 90.86%, Valid: 68.86%, Test In: 69.55% Test OOD1: 61.87% Test OOD2: 51.46% Test OOD3: 60.13% 
Epoch: 103, Loss: 0.3587, Train: 91.29%, Valid: 68.71%, Test In: 69.40% Test OOD1: 61.84% Test OOD2: 51.55% Test OOD3: 59.98% 
Epoch: 104, Loss: 0.3489, Train: 91.22%, Valid: 68.68%, Test In: 69.42% Test OOD1: 61.71% Test OOD2: 51.48% Test OOD3: 59.91% 
Epoch: 105, Loss: 0.3527, Train: 91.23%, Valid: 68.78%, Test In: 69.58% Test OOD1: 61.81% Test OOD2: 51.40% Test OOD3: 60.05% 
Epoch: 106, Loss: 0.3422, Train: 91.81%, Valid: 68.81%, Test In: 69.56% Test OOD1: 62.00% Test OOD2: 51.48% Test OOD3: 60.16% 
Epoch: 107, Loss: 0.3423, Train: 92.46%, Valid: 68.81%, Test In: 69.54% Test OOD1: 61.81% Test OOD2: 51.52% Test OOD3: 59.97% 
Epoch: 108, Loss: 0.3435, Train: 92.48%, Valid: 68.95%, Test In: 69.74% Test OOD1: 61.83% Test OOD2: 51.36% Test OOD3: 59.95% 
Epoch: 109, Loss: 0.3265, Train: 92.40%, Valid: 69.04%, Test In: 69.84% Test OOD1: 62.12% Test OOD2: 51.22% Test OOD3: 60.09% 
Epoch: 110, Loss: 0.3284, Train: 92.63%, Valid: 68.94%, Test In: 69.67% Test OOD1: 62.02% Test OOD2: 51.26% Test OOD3: 60.05% 
Epoch: 111, Loss: 0.3201, Train: 92.61%, Valid: 68.91%, Test In: 69.72% Test OOD1: 61.79% Test OOD2: 51.19% Test OOD3: 59.95% 
Epoch: 112, Loss: 0.3248, Train: 92.68%, Valid: 68.97%, Test In: 69.86% Test OOD1: 61.92% Test OOD2: 51.14% Test OOD3: 60.04% 
Epoch: 113, Loss: 0.3156, Train: 93.16%, Valid: 68.94%, Test In: 69.82% Test OOD1: 62.03% Test OOD2: 51.23% Test OOD3: 60.09% 
Epoch: 114, Loss: 0.3174, Train: 93.49%, Valid: 68.80%, Test In: 69.57% Test OOD1: 62.25% Test OOD2: 51.34% Test OOD3: 60.21% 
Epoch: 115, Loss: 0.3232, Train: 93.20%, Valid: 68.93%, Test In: 69.79% Test OOD1: 62.17% Test OOD2: 51.19% Test OOD3: 60.31% 
Epoch: 116, Loss: 0.3068, Train: 92.96%, Valid: 68.93%, Test In: 69.84% Test OOD1: 61.87% Test OOD2: 51.12% Test OOD3: 60.28% 
Epoch: 117, Loss: 0.3067, Train: 93.44%, Valid: 68.95%, Test In: 69.70% Test OOD1: 62.11% Test OOD2: 51.28% Test OOD3: 60.40% 
Epoch: 118, Loss: 0.3048, Train: 93.84%, Valid: 69.01%, Test In: 69.67% Test OOD1: 62.33% Test OOD2: 51.38% Test OOD3: 60.51% 
Epoch: 119, Loss: 0.3074, Train: 94.05%, Valid: 69.09%, Test In: 69.88% Test OOD1: 62.23% Test OOD2: 51.33% Test OOD3: 60.37% 
Epoch: 120, Loss: 0.2983, Train: 94.18%, Valid: 69.09%, Test In: 69.90% Test OOD1: 61.60% Test OOD2: 51.26% Test OOD3: 59.99% 
Epoch: 121, Loss: 0.2940, Train: 94.48%, Valid: 69.10%, Test In: 69.84% Test OOD1: 61.64% Test OOD2: 51.37% Test OOD3: 60.01% 
Epoch: 122, Loss: 0.2891, Train: 94.70%, Valid: 69.05%, Test In: 69.71% Test OOD1: 61.88% Test OOD2: 51.48% Test OOD3: 60.22% 
Epoch: 123, Loss: 0.2899, Train: 94.77%, Valid: 69.01%, Test In: 69.67% Test OOD1: 61.91% Test OOD2: 51.47% Test OOD3: 60.26% 
Epoch: 124, Loss: 0.2924, Train: 94.66%, Valid: 69.03%, Test In: 69.75% Test OOD1: 61.71% Test OOD2: 51.36% Test OOD3: 60.16% 
Epoch: 125, Loss: 0.2805, Train: 94.75%, Valid: 69.00%, Test In: 69.76% Test OOD1: 61.77% Test OOD2: 51.34% Test OOD3: 60.18% 
Epoch: 126, Loss: 0.2856, Train: 95.16%, Valid: 68.92%, Test In: 69.61% Test OOD1: 61.71% Test OOD2: 51.44% Test OOD3: 60.16% 
Epoch: 127, Loss: 0.2858, Train: 95.30%, Valid: 68.96%, Test In: 69.51% Test OOD1: 61.40% Test OOD2: 51.50% Test OOD3: 60.04% 
Epoch: 128, Loss: 0.2814, Train: 95.18%, Valid: 69.14%, Test In: 69.69% Test OOD1: 61.36% Test OOD2: 51.36% Test OOD3: 60.03% 
Epoch: 129, Loss: 0.2760, Train: 95.54%, Valid: 69.27%, Test In: 69.72% Test OOD1: 61.22% Test OOD2: 51.35% Test OOD3: 59.86% 
Epoch: 130, Loss: 0.2682, Train: 95.78%, Valid: 69.23%, Test In: 69.73% Test OOD1: 61.42% Test OOD2: 51.38% Test OOD3: 59.87% 
Epoch: 131, Loss: 0.2748, Train: 95.77%, Valid: 69.16%, Test In: 69.79% Test OOD1: 61.88% Test OOD2: 51.27% Test OOD3: 60.17% 
Epoch: 132, Loss: 0.2719, Train: 95.87%, Valid: 69.13%, Test In: 69.68% Test OOD1: 61.68% Test OOD2: 51.32% Test OOD3: 60.13% 
Epoch: 133, Loss: 0.2677, Train: 95.82%, Valid: 69.04%, Test In: 69.55% Test OOD1: 61.29% Test OOD2: 51.40% Test OOD3: 59.99% 
Epoch: 134, Loss: 0.2676, Train: 95.90%, Valid: 69.11%, Test In: 69.68% Test OOD1: 61.47% Test OOD2: 51.30% Test OOD3: 60.09% 
Epoch: 135, Loss: 0.2636, Train: 96.20%, Valid: 69.15%, Test In: 69.76% Test OOD1: 61.45% Test OOD2: 51.32% Test OOD3: 60.08% 
Epoch: 136, Loss: 0.2665, Train: 96.47%, Valid: 69.12%, Test In: 69.77% Test OOD1: 61.33% Test OOD2: 51.39% Test OOD3: 60.02% 
Epoch: 137, Loss: 0.2545, Train: 96.58%, Valid: 69.09%, Test In: 69.79% Test OOD1: 61.57% Test OOD2: 51.32% Test OOD3: 60.20% 
Epoch: 138, Loss: 0.2525, Train: 96.43%, Valid: 69.17%, Test In: 69.83% Test OOD1: 61.61% Test OOD2: 51.16% Test OOD3: 60.29% 
Epoch: 139, Loss: 0.2593, Train: 96.52%, Valid: 69.22%, Test In: 69.79% Test OOD1: 61.11% Test OOD2: 51.20% Test OOD3: 60.14% 
Epoch: 140, Loss: 0.2493, Train: 96.64%, Valid: 69.16%, Test In: 69.64% Test OOD1: 60.89% Test OOD2: 51.17% Test OOD3: 60.06% 
Epoch: 141, Loss: 0.2452, Train: 96.87%, Valid: 69.16%, Test In: 69.59% Test OOD1: 60.99% Test OOD2: 51.02% Test OOD3: 60.14% 
Epoch: 142, Loss: 0.2504, Train: 97.22%, Valid: 69.10%, Test In: 69.56% Test OOD1: 61.15% Test OOD2: 50.92% Test OOD3: 60.12% 
Epoch: 143, Loss: 0.2401, Train: 97.47%, Valid: 69.05%, Test In: 69.52% Test OOD1: 60.99% Test OOD2: 50.94% Test OOD3: 59.97% 
Epoch: 144, Loss: 0.2492, Train: 97.46%, Valid: 69.11%, Test In: 69.56% Test OOD1: 60.90% Test OOD2: 50.84% Test OOD3: 59.93% 
Epoch: 145, Loss: 0.2456, Train: 97.31%, Valid: 69.14%, Test In: 69.58% Test OOD1: 61.06% Test OOD2: 50.74% Test OOD3: 60.08% 
Epoch: 146, Loss: 0.2439, Train: 97.42%, Valid: 69.07%, Test In: 69.48% Test OOD1: 60.86% Test OOD2: 50.80% Test OOD3: 60.19% 
Epoch: 147, Loss: 0.2335, Train: 97.32%, Valid: 68.98%, Test In: 69.39% Test OOD1: 60.57% Test OOD2: 50.78% Test OOD3: 60.16% 
Epoch: 148, Loss: 0.2429, Train: 97.34%, Valid: 69.00%, Test In: 69.48% Test OOD1: 60.82% Test OOD2: 50.71% Test OOD3: 60.20% 
Epoch: 149, Loss: 0.2396, Train: 97.53%, Valid: 68.94%, Test In: 69.56% Test OOD1: 61.09% Test OOD2: 50.71% Test OOD3: 60.16% 
Epoch: 150, Loss: 0.2321, Train: 97.64%, Valid: 68.92%, Test In: 69.63% Test OOD1: 61.21% Test OOD2: 50.78% Test OOD3: 60.08% 
Epoch: 151, Loss: 0.2335, Train: 97.62%, Valid: 68.99%, Test In: 69.78% Test OOD1: 61.35% Test OOD2: 50.77% Test OOD3: 60.12% 
Epoch: 152, Loss: 0.2304, Train: 97.45%, Valid: 69.13%, Test In: 69.91% Test OOD1: 61.29% Test OOD2: 50.79% Test OOD3: 60.20% 
Epoch: 153, Loss: 0.2237, Train: 97.47%, Valid: 69.17%, Test In: 69.92% Test OOD1: 61.32% Test OOD2: 50.91% Test OOD3: 60.35% 
Epoch: 154, Loss: 0.2268, Train: 97.57%, Valid: 69.10%, Test In: 69.88% Test OOD1: 61.47% Test OOD2: 50.96% Test OOD3: 60.49% 
Epoch: 155, Loss: 0.2296, Train: 97.74%, Valid: 69.15%, Test In: 69.95% Test OOD1: 61.67% Test OOD2: 50.86% Test OOD3: 60.57% 
Epoch: 156, Loss: 0.2237, Train: 97.89%, Valid: 69.20%, Test In: 69.99% Test OOD1: 61.55% Test OOD2: 50.85% Test OOD3: 60.47% 
Epoch: 157, Loss: 0.2218, Train: 97.96%, Valid: 69.21%, Test In: 69.97% Test OOD1: 61.36% Test OOD2: 50.93% Test OOD3: 60.37% 
Epoch: 158, Loss: 0.2208, Train: 98.11%, Valid: 69.25%, Test In: 69.99% Test OOD1: 61.38% Test OOD2: 50.95% Test OOD3: 60.38% 
Epoch: 159, Loss: 0.2163, Train: 98.15%, Valid: 69.27%, Test In: 69.97% Test OOD1: 61.62% Test OOD2: 50.92% Test OOD3: 60.52% 
Epoch: 160, Loss: 0.2228, Train: 98.18%, Valid: 69.26%, Test In: 69.94% Test OOD1: 61.57% Test OOD2: 50.95% Test OOD3: 60.44% 
Epoch: 161, Loss: 0.2224, Train: 98.13%, Valid: 69.22%, Test In: 69.92% Test OOD1: 61.35% Test OOD2: 50.92% Test OOD3: 60.21% 
Epoch: 162, Loss: 0.2188, Train: 98.27%, Valid: 69.13%, Test In: 69.84% Test OOD1: 61.55% Test OOD2: 50.88% Test OOD3: 60.27% 
Epoch: 163, Loss: 0.2165, Train: 98.37%, Valid: 68.97%, Test In: 69.67% Test OOD1: 61.83% Test OOD2: 50.88% Test OOD3: 60.37% 
Epoch: 164, Loss: 0.2231, Train: 98.48%, Valid: 68.86%, Test In: 69.56% Test OOD1: 61.70% Test OOD2: 50.94% Test OOD3: 60.27% 
Epoch: 165, Loss: 0.2111, Train: 98.50%, Valid: 68.85%, Test In: 69.54% Test OOD1: 61.51% Test OOD2: 50.95% Test OOD3: 60.11% 
Epoch: 166, Loss: 0.2145, Train: 98.50%, Valid: 69.01%, Test In: 69.72% Test OOD1: 61.42% Test OOD2: 50.90% Test OOD3: 60.06% 
Epoch: 167, Loss: 0.2160, Train: 98.56%, Valid: 69.04%, Test In: 69.81% Test OOD1: 61.35% Test OOD2: 51.00% Test OOD3: 60.13% 
Epoch: 168, Loss: 0.2171, Train: 98.61%, Valid: 68.97%, Test In: 69.78% Test OOD1: 61.16% Test OOD2: 51.11% Test OOD3: 60.14% 
Epoch: 169, Loss: 0.2124, Train: 98.64%, Valid: 68.92%, Test In: 69.83% Test OOD1: 61.08% Test OOD2: 51.09% Test OOD3: 60.15% 
Epoch: 170, Loss: 0.2131, Train: 98.68%, Valid: 68.96%, Test In: 69.90% Test OOD1: 61.16% Test OOD2: 50.98% Test OOD3: 60.19% 
Epoch: 171, Loss: 0.2106, Train: 98.69%, Valid: 68.96%, Test In: 69.95% Test OOD1: 61.15% Test OOD2: 50.83% Test OOD3: 60.11% 
Epoch: 172, Loss: 0.2109, Train: 98.79%, Valid: 68.80%, Test In: 69.86% Test OOD1: 61.44% Test OOD2: 50.82% Test OOD3: 60.09% 
Epoch: 173, Loss: 0.2063, Train: 98.84%, Valid: 68.66%, Test In: 69.72% Test OOD1: 61.86% Test OOD2: 50.85% Test OOD3: 60.20% 
Epoch: 174, Loss: 0.2087, Train: 98.79%, Valid: 68.76%, Test In: 69.75% Test OOD1: 61.89% Test OOD2: 50.86% Test OOD3: 60.26% 
Epoch: 175, Loss: 0.2077, Train: 98.72%, Valid: 68.98%, Test In: 69.77% Test OOD1: 61.38% Test OOD2: 50.91% Test OOD3: 60.06% 
Epoch: 176, Loss: 0.2074, Train: 98.76%, Valid: 69.02%, Test In: 69.70% Test OOD1: 61.13% Test OOD2: 51.08% Test OOD3: 60.01% 
Epoch: 177, Loss: 0.2005, Train: 98.91%, Valid: 69.01%, Test In: 69.66% Test OOD1: 61.32% Test OOD2: 51.14% Test OOD3: 60.17% 
Epoch: 178, Loss: 0.2122, Train: 99.00%, Valid: 68.95%, Test In: 69.61% Test OOD1: 61.55% Test OOD2: 51.12% Test OOD3: 60.31% 
Epoch: 179, Loss: 0.2030, Train: 99.01%, Valid: 68.96%, Test In: 69.67% Test OOD1: 61.50% Test OOD2: 51.02% Test OOD3: 60.34% 
Epoch: 180, Loss: 0.2085, Train: 98.94%, Valid: 69.03%, Test In: 69.71% Test OOD1: 61.35% Test OOD2: 50.91% Test OOD3: 60.25% 
Epoch: 181, Loss: 0.2005, Train: 98.97%, Valid: 69.01%, Test In: 69.67% Test OOD1: 61.40% Test OOD2: 50.88% Test OOD3: 60.19% 
Epoch: 182, Loss: 0.1998, Train: 99.02%, Valid: 68.98%, Test In: 69.63% Test OOD1: 61.62% Test OOD2: 50.89% Test OOD3: 60.14% 
Epoch: 183, Loss: 0.2004, Train: 99.03%, Valid: 68.97%, Test In: 69.59% Test OOD1: 61.48% Test OOD2: 50.87% Test OOD3: 59.99% 
Epoch: 184, Loss: 0.1971, Train: 99.10%, Valid: 68.94%, Test In: 69.55% Test OOD1: 61.25% Test OOD2: 50.88% Test OOD3: 59.91% 
Epoch: 185, Loss: 0.2029, Train: 99.11%, Valid: 69.03%, Test In: 69.69% Test OOD1: 61.06% Test OOD2: 50.80% Test OOD3: 59.96% 
Epoch: 186, Loss: 0.1953, Train: 99.12%, Valid: 69.02%, Test In: 69.69% Test OOD1: 60.87% Test OOD2: 50.78% Test OOD3: 59.95% 
Epoch: 187, Loss: 0.2039, Train: 99.20%, Valid: 68.95%, Test In: 69.62% Test OOD1: 60.85% Test OOD2: 50.81% Test OOD3: 60.03% 
Epoch: 188, Loss: 0.1953, Train: 99.24%, Valid: 68.93%, Test In: 69.52% Test OOD1: 60.96% Test OOD2: 50.83% Test OOD3: 60.11% 
Epoch: 189, Loss: 0.1983, Train: 99.20%, Valid: 68.95%, Test In: 69.49% Test OOD1: 60.97% Test OOD2: 50.76% Test OOD3: 60.13% 
Epoch: 190, Loss: 0.1946, Train: 99.17%, Valid: 68.96%, Test In: 69.50% Test OOD1: 60.80% Test OOD2: 50.73% Test OOD3: 60.06% 
Epoch: 191, Loss: 0.1992, Train: 99.18%, Valid: 68.95%, Test In: 69.43% Test OOD1: 60.73% Test OOD2: 50.78% Test OOD3: 60.02% 
Epoch: 192, Loss: 0.1967, Train: 99.21%, Valid: 68.95%, Test In: 69.35% Test OOD1: 61.10% Test OOD2: 50.81% Test OOD3: 60.22% 
Epoch: 193, Loss: 0.1961, Train: 99.22%, Valid: 68.99%, Test In: 69.35% Test OOD1: 61.30% Test OOD2: 50.85% Test OOD3: 60.36% 
Epoch: 194, Loss: 0.1996, Train: 99.22%, Valid: 69.04%, Test In: 69.44% Test OOD1: 61.24% Test OOD2: 50.88% Test OOD3: 60.38% 
Epoch: 195, Loss: 0.1941, Train: 99.20%, Valid: 69.10%, Test In: 69.64% Test OOD1: 61.29% Test OOD2: 50.88% Test OOD3: 60.45% 
Epoch: 196, Loss: 0.1957, Train: 99.20%, Valid: 69.07%, Test In: 69.70% Test OOD1: 61.31% Test OOD2: 50.93% Test OOD3: 60.52% 
Epoch: 197, Loss: 0.1904, Train: 99.27%, Valid: 68.95%, Test In: 69.65% Test OOD1: 61.23% Test OOD2: 51.04% Test OOD3: 60.50% 
Epoch: 198, Loss: 0.1895, Train: 99.28%, Valid: 68.82%, Test In: 69.63% Test OOD1: 61.29% Test OOD2: 51.10% Test OOD3: 60.49% 
Epoch: 199, Loss: 0.1893, Train: 99.26%, Valid: 68.80%, Test In: 69.74% Test OOD1: 61.38% Test OOD2: 51.04% Test OOD3: 60.47% 
Run 03:
Highest Train: 99.28
Highest Valid: 69.27
Highest In Test: 69.99
Highest OOD Test: 65.06
Highest OOD Test: 53.28
Highest OOD Test: 62.46
Chosen epoch: 160
Final Train: 98.15
Final In Test: 69.97
Final OOD Test: 61.62
Final OOD Test: 50.92
Final OOD Test: 60.52
All runs:
Highest Train: 99.56 ± 0.27
Highest Valid: 69.30 ± 0.05
Highest In Test: 70.00 ± 0.17
Highest OOD Test: 65.52 ± 0.47
Highest OOD Test: 53.27 ± 0.06
Highest OOD Test: 62.70 ± 0.25
  Final Train: 82.64 ± 13.57
   Final In  Test: 69.74 ± 0.46
   Final OOD Test: 64.03 ± 2.22
   Final OOD Test: 51.55 ± 1.49
   Final OOD Test: 61.83 ± 1.20
[INFO] TensorBoard writer closed.

Command: python main.py --dataset twitch --backbone_type gcn --env_type graph --combine_result --store_result --epochs 200 --runs 3 --num_layers 2 --expert_agg mean --tau 3 --lr 0.01 --weight_decay 5e-5 --dropout 0.0 --K 3 --hidden_channels 64 --seed 123 --device 0 --lr 0.005 --weight_decay 5e-05 --dropout 0.2 --lamda 0.1 --K 3 --hidden_channels 32 --other_env_reduce sample --result_name twitch_stage1_lr0.005_weight_decay5e-05_dropout0.2_lamda0.1_K3_hidden_channels32_other_env_reducesample
Return code: 0
Elapsed: 160.25s
