Namespace(K=3, backbone_type='gcn', combine_result=True, cpu=False, data_dir='./data/', dataset='twitch', device=0, display_step=1, dropout=0.2, env_type='graph', epochs=200, expert_agg='mean', gate_hidden=64, hidden_channels=64, infer_env=False, infer_env_components=64, infer_env_iters=30, infer_env_num=3, lamda=0.5, lr=0.005, num_layers=2, other_env_reduce='sample', pos_weight=5.0, result_name='twitch_stage1_lr0.005_weight_decay5e-05_dropout0.2_lamda0.5_K3_hidden_channels64_other_env_reducesample', runs=3, seed=123, store_result=True, tau=3.0, use_bn=False, variant=False, weight_decay=5e-05)
dataset twitch: all nodes 34120 | edges 429113 | classes 2 | feats 3170
train nodes 7897 | valid nodes 3949 | test in nodes 3949
test ood1 nodes 4648 test ood2 nodes 6551 test ood3 nodes 7126 
[INFO] env numbers: 6 train env numbers: 3
MODEL: CaNet(
  (experts): ModuleList(
    (0): ExpertNet(
      (convs): ModuleList(
        (0): CaNetConv()
        (1): CaNetConv()
      )
      (fcs): ModuleList(
        (0): Linear(in_features=3170, out_features=64, bias=True)
        (1): Linear(in_features=64, out_features=2, bias=True)
      )
      (act_fn): ReLU()
    )
    (1): ExpertNet(
      (convs): ModuleList(
        (0): CaNetConv()
        (1): CaNetConv()
      )
      (fcs): ModuleList(
        (0): Linear(in_features=3170, out_features=64, bias=True)
        (1): Linear(in_features=64, out_features=2, bias=True)
      )
      (act_fn): ReLU()
    )
    (2): ExpertNet(
      (convs): ModuleList(
        (0): CaNetConv()
        (1): CaNetConv()
      )
      (fcs): ModuleList(
        (0): Linear(in_features=3170, out_features=64, bias=True)
        (1): Linear(in_features=64, out_features=2, bias=True)
      )
      (act_fn): ReLU()
    )
  )
  (gate): Sequential(
    (0): Linear(in_features=3170, out_features=64, bias=True)
    (1): ReLU()
    (2): Linear(in_features=64, out_features=3, bias=True)
  )
)
[INFO] TensorBoard logging activated. Logs will be saved to: ./runs/twitch/Apr16_13-57-35_lamda_0.5
Epoch: 00, Loss: 1.0454, Train: 59.90%, Valid: 56.01%, Test In: 57.13% Test OOD1: 48.42% Test OOD2: 52.12% Test OOD3: 52.12% 
Epoch: 01, Loss: 1.0409, Train: 54.48%, Valid: 51.72%, Test In: 52.74% Test OOD1: 45.50% Test OOD2: 51.24% Test OOD3: 49.52% 
Epoch: 02, Loss: 1.0354, Train: 52.13%, Valid: 50.02%, Test In: 50.91% Test OOD1: 44.40% Test OOD2: 51.02% Test OOD3: 48.69% 
Epoch: 03, Loss: 1.0274, Train: 50.26%, Valid: 48.64%, Test In: 49.51% Test OOD1: 43.59% Test OOD2: 50.79% Test OOD3: 48.04% 
Epoch: 04, Loss: 1.0187, Train: 49.87%, Valid: 48.39%, Test In: 49.29% Test OOD1: 43.37% Test OOD2: 50.73% Test OOD3: 47.87% 
Epoch: 05, Loss: 1.0102, Train: 55.48%, Valid: 52.90%, Test In: 53.82% Test OOD1: 45.36% Test OOD2: 51.19% Test OOD3: 49.72% 
Epoch: 06, Loss: 1.0072, Train: 70.63%, Valid: 65.52%, Test In: 66.19% Test OOD1: 55.24% Test OOD2: 52.42% Test OOD3: 57.32% 
Epoch: 07, Loss: 1.0014, Train: 74.29%, Valid: 68.97%, Test In: 69.89% Test OOD1: 65.11% Test OOD2: 51.60% Test OOD3: 62.32% 
Epoch: 08, Loss: 0.9932, Train: 71.39%, Valid: 67.21%, Test In: 67.42% Test OOD1: 64.51% Test OOD2: 51.17% Test OOD3: 61.61% 
Epoch: 09, Loss: 0.9826, Train: 70.27%, Valid: 66.48%, Test In: 66.51% Test OOD1: 64.15% Test OOD2: 51.06% Test OOD3: 61.25% 
Epoch: 10, Loss: 0.9727, Train: 70.25%, Valid: 66.49%, Test In: 66.53% Test OOD1: 64.22% Test OOD2: 51.08% Test OOD3: 61.31% 
Epoch: 11, Loss: 0.9643, Train: 70.84%, Valid: 66.90%, Test In: 67.08% Test OOD1: 64.53% Test OOD2: 51.18% Test OOD3: 61.62% 
Epoch: 12, Loss: 0.9533, Train: 71.49%, Valid: 67.38%, Test In: 67.69% Test OOD1: 64.87% Test OOD2: 51.27% Test OOD3: 61.91% 
Epoch: 13, Loss: 0.9440, Train: 72.60%, Valid: 68.12%, Test In: 68.64% Test OOD1: 65.37% Test OOD2: 51.42% Test OOD3: 62.34% 
Epoch: 14, Loss: 0.9297, Train: 73.33%, Valid: 68.63%, Test In: 69.24% Test OOD1: 65.74% Test OOD2: 51.50% Test OOD3: 62.63% 
Epoch: 15, Loss: 0.9191, Train: 74.50%, Valid: 69.36%, Test In: 70.09% Test OOD1: 66.02% Test OOD2: 51.71% Test OOD3: 63.05% 
Epoch: 16, Loss: 0.9115, Train: 74.77%, Valid: 69.59%, Test In: 70.32% Test OOD1: 66.20% Test OOD2: 51.64% Test OOD3: 63.16% 
Epoch: 17, Loss: 0.9056, Train: 75.97%, Valid: 70.21%, Test In: 71.06% Test OOD1: 65.81% Test OOD2: 51.93% Test OOD3: 63.49% 
Epoch: 18, Loss: 0.8985, Train: 76.34%, Valid: 70.42%, Test In: 71.28% Test OOD1: 65.87% Test OOD2: 51.93% Test OOD3: 63.54% 
Epoch: 19, Loss: 0.8892, Train: 76.74%, Valid: 70.61%, Test In: 71.46% Test OOD1: 65.88% Test OOD2: 51.94% Test OOD3: 63.58% 
Epoch: 20, Loss: 0.8864, Train: 77.48%, Valid: 70.77%, Test In: 71.70% Test OOD1: 65.29% Test OOD2: 52.15% Test OOD3: 63.58% 
Epoch: 21, Loss: 0.8807, Train: 77.91%, Valid: 70.87%, Test In: 71.80% Test OOD1: 65.28% Test OOD2: 52.15% Test OOD3: 63.56% 
Epoch: 22, Loss: 0.8696, Train: 78.31%, Valid: 70.90%, Test In: 71.83% Test OOD1: 65.35% Test OOD2: 52.14% Test OOD3: 63.52% 
Epoch: 23, Loss: 0.8602, Train: 78.78%, Valid: 70.81%, Test In: 71.75% Test OOD1: 65.14% Test OOD2: 52.20% Test OOD3: 63.42% 
Epoch: 24, Loss: 0.8546, Train: 79.32%, Valid: 70.75%, Test In: 71.70% Test OOD1: 65.02% Test OOD2: 52.20% Test OOD3: 63.30% 
Epoch: 25, Loss: 0.8472, Train: 79.78%, Valid: 70.81%, Test In: 71.70% Test OOD1: 65.16% Test OOD2: 52.18% Test OOD3: 63.23% 
Epoch: 26, Loss: 0.8416, Train: 80.25%, Valid: 70.87%, Test In: 71.67% Test OOD1: 65.24% Test OOD2: 52.21% Test OOD3: 63.13% 
Epoch: 27, Loss: 0.8294, Train: 80.74%, Valid: 70.89%, Test In: 71.63% Test OOD1: 65.20% Test OOD2: 52.23% Test OOD3: 63.00% 
Epoch: 28, Loss: 0.8221, Train: 81.27%, Valid: 70.89%, Test In: 71.62% Test OOD1: 65.01% Test OOD2: 52.21% Test OOD3: 62.83% 
Epoch: 29, Loss: 0.8199, Train: 81.68%, Valid: 70.94%, Test In: 71.65% Test OOD1: 64.97% Test OOD2: 52.10% Test OOD3: 62.73% 
Epoch: 30, Loss: 0.8151, Train: 82.00%, Valid: 70.82%, Test In: 71.49% Test OOD1: 64.77% Test OOD2: 52.05% Test OOD3: 62.50% 
Epoch: 31, Loss: 0.8000, Train: 82.21%, Valid: 70.69%, Test In: 71.27% Test OOD1: 64.52% Test OOD2: 51.99% Test OOD3: 62.28% 
Epoch: 32, Loss: 0.7984, Train: 82.95%, Valid: 70.73%, Test In: 71.32% Test OOD1: 64.50% Test OOD2: 51.98% Test OOD3: 62.20% 
Epoch: 33, Loss: 0.7895, Train: 83.34%, Valid: 70.69%, Test In: 71.23% Test OOD1: 64.33% Test OOD2: 51.90% Test OOD3: 62.06% 
Epoch: 34, Loss: 0.7904, Train: 83.66%, Valid: 70.50%, Test In: 70.99% Test OOD1: 63.88% Test OOD2: 51.84% Test OOD3: 61.76% 
Epoch: 35, Loss: 0.7748, Train: 83.60%, Valid: 70.43%, Test In: 70.86% Test OOD1: 63.73% Test OOD2: 51.67% Test OOD3: 61.68% 
Epoch: 36, Loss: 0.7715, Train: 84.34%, Valid: 70.34%, Test In: 70.77% Test OOD1: 63.53% Test OOD2: 51.72% Test OOD3: 61.52% 
Epoch: 37, Loss: 0.7597, Train: 84.30%, Valid: 70.44%, Test In: 70.88% Test OOD1: 63.92% Test OOD2: 51.42% Test OOD3: 61.63% 
Epoch: 38, Loss: 0.7603, Train: 84.82%, Valid: 70.19%, Test In: 70.62% Test OOD1: 63.25% Test OOD2: 51.54% Test OOD3: 61.28% 
Epoch: 39, Loss: 0.7623, Train: 84.52%, Valid: 70.28%, Test In: 70.75% Test OOD1: 63.45% Test OOD2: 51.33% Test OOD3: 61.48% 
Epoch: 40, Loss: 0.7502, Train: 84.68%, Valid: 70.25%, Test In: 70.76% Test OOD1: 63.41% Test OOD2: 51.24% Test OOD3: 61.48% 
Epoch: 41, Loss: 0.7392, Train: 85.30%, Valid: 70.18%, Test In: 70.70% Test OOD1: 63.03% Test OOD2: 51.31% Test OOD3: 61.19% 
Epoch: 42, Loss: 0.7339, Train: 85.40%, Valid: 70.23%, Test In: 70.79% Test OOD1: 63.05% Test OOD2: 51.20% Test OOD3: 61.20% 
Epoch: 43, Loss: 0.7231, Train: 85.18%, Valid: 70.20%, Test In: 70.82% Test OOD1: 63.12% Test OOD2: 51.01% Test OOD3: 61.31% 
Epoch: 44, Loss: 0.7265, Train: 85.69%, Valid: 70.18%, Test In: 70.82% Test OOD1: 62.84% Test OOD2: 51.04% Test OOD3: 61.10% 
Epoch: 45, Loss: 0.7171, Train: 86.12%, Valid: 70.08%, Test In: 70.77% Test OOD1: 62.70% Test OOD2: 51.03% Test OOD3: 60.87% 
Epoch: 46, Loss: 0.7141, Train: 86.21%, Valid: 70.14%, Test In: 70.82% Test OOD1: 62.92% Test OOD2: 50.91% Test OOD3: 60.93% 
Epoch: 47, Loss: 0.6970, Train: 86.07%, Valid: 70.17%, Test In: 70.82% Test OOD1: 62.83% Test OOD2: 50.84% Test OOD3: 60.89% 
Epoch: 48, Loss: 0.6978, Train: 86.44%, Valid: 70.16%, Test In: 70.83% Test OOD1: 62.60% Test OOD2: 50.85% Test OOD3: 60.66% 
Epoch: 49, Loss: 0.6914, Train: 86.99%, Valid: 70.11%, Test In: 70.79% Test OOD1: 62.93% Test OOD2: 50.84% Test OOD3: 60.66% 
Epoch: 50, Loss: 0.6836, Train: 86.88%, Valid: 70.16%, Test In: 70.84% Test OOD1: 62.95% Test OOD2: 50.76% Test OOD3: 60.68% 
Epoch: 51, Loss: 0.6706, Train: 86.91%, Valid: 70.21%, Test In: 70.87% Test OOD1: 62.64% Test OOD2: 50.72% Test OOD3: 60.58% 
Epoch: 52, Loss: 0.6735, Train: 87.54%, Valid: 70.18%, Test In: 70.88% Test OOD1: 62.62% Test OOD2: 50.80% Test OOD3: 60.58% 
Epoch: 53, Loss: 0.6670, Train: 87.80%, Valid: 70.17%, Test In: 70.91% Test OOD1: 62.63% Test OOD2: 50.73% Test OOD3: 60.53% 
Epoch: 54, Loss: 0.6570, Train: 87.88%, Valid: 70.17%, Test In: 70.92% Test OOD1: 62.60% Test OOD2: 50.69% Test OOD3: 60.57% 
Epoch: 55, Loss: 0.6521, Train: 88.31%, Valid: 70.12%, Test In: 70.89% Test OOD1: 62.40% Test OOD2: 50.74% Test OOD3: 60.51% 
Epoch: 56, Loss: 0.6412, Train: 88.46%, Valid: 70.09%, Test In: 70.85% Test OOD1: 62.29% Test OOD2: 50.70% Test OOD3: 60.46% 
Epoch: 57, Loss: 0.6384, Train: 88.70%, Valid: 69.97%, Test In: 70.77% Test OOD1: 62.79% Test OOD2: 50.71% Test OOD3: 60.66% 
Epoch: 58, Loss: 0.6370, Train: 89.05%, Valid: 69.94%, Test In: 70.71% Test OOD1: 62.43% Test OOD2: 50.72% Test OOD3: 60.44% 
Epoch: 59, Loss: 0.6316, Train: 89.46%, Valid: 69.95%, Test In: 70.74% Test OOD1: 62.62% Test OOD2: 50.80% Test OOD3: 60.59% 
Epoch: 60, Loss: 0.6166, Train: 89.49%, Valid: 70.03%, Test In: 70.80% Test OOD1: 62.30% Test OOD2: 50.74% Test OOD3: 60.49% 
Epoch: 61, Loss: 0.6092, Train: 90.22%, Valid: 69.92%, Test In: 70.73% Test OOD1: 62.30% Test OOD2: 50.82% Test OOD3: 60.41% 
Epoch: 62, Loss: 0.6075, Train: 90.36%, Valid: 69.97%, Test In: 70.78% Test OOD1: 62.40% Test OOD2: 50.79% Test OOD3: 60.49% 
Epoch: 63, Loss: 0.6024, Train: 90.86%, Valid: 69.97%, Test In: 70.74% Test OOD1: 61.92% Test OOD2: 50.86% Test OOD3: 60.29% 
Epoch: 64, Loss: 0.5872, Train: 90.99%, Valid: 69.95%, Test In: 70.66% Test OOD1: 62.00% Test OOD2: 50.80% Test OOD3: 60.22% 
Epoch: 65, Loss: 0.5833, Train: 91.38%, Valid: 69.91%, Test In: 70.57% Test OOD1: 62.22% Test OOD2: 50.81% Test OOD3: 60.25% 
Epoch: 66, Loss: 0.5761, Train: 91.79%, Valid: 69.89%, Test In: 70.48% Test OOD1: 61.76% Test OOD2: 50.84% Test OOD3: 59.99% 
Epoch: 67, Loss: 0.5725, Train: 91.79%, Valid: 69.88%, Test In: 70.50% Test OOD1: 62.16% Test OOD2: 50.76% Test OOD3: 60.11% 
Epoch: 68, Loss: 0.5635, Train: 92.50%, Valid: 69.75%, Test In: 70.36% Test OOD1: 62.06% Test OOD2: 50.80% Test OOD3: 60.05% 
Epoch: 69, Loss: 0.5543, Train: 92.51%, Valid: 69.81%, Test In: 70.52% Test OOD1: 61.61% Test OOD2: 50.78% Test OOD3: 59.95% 
Epoch: 70, Loss: 0.5432, Train: 92.88%, Valid: 69.73%, Test In: 70.51% Test OOD1: 61.94% Test OOD2: 50.79% Test OOD3: 60.13% 
Epoch: 71, Loss: 0.5406, Train: 93.38%, Valid: 69.65%, Test In: 70.42% Test OOD1: 61.49% Test OOD2: 50.86% Test OOD3: 59.83% 
Epoch: 72, Loss: 0.5393, Train: 93.13%, Valid: 69.70%, Test In: 70.51% Test OOD1: 61.92% Test OOD2: 50.81% Test OOD3: 60.10% 
Epoch: 73, Loss: 0.5315, Train: 93.87%, Valid: 69.65%, Test In: 70.41% Test OOD1: 61.47% Test OOD2: 50.92% Test OOD3: 59.80% 
Epoch: 74, Loss: 0.5125, Train: 94.20%, Valid: 69.61%, Test In: 70.37% Test OOD1: 61.52% Test OOD2: 50.94% Test OOD3: 59.76% 
Epoch: 75, Loss: 0.5171, Train: 94.03%, Valid: 69.60%, Test In: 70.45% Test OOD1: 61.92% Test OOD2: 50.89% Test OOD3: 59.90% 
Epoch: 76, Loss: 0.5020, Train: 94.58%, Valid: 69.62%, Test In: 70.46% Test OOD1: 61.43% Test OOD2: 50.95% Test OOD3: 59.68% 
Epoch: 77, Loss: 0.4886, Train: 95.09%, Valid: 69.52%, Test In: 70.38% Test OOD1: 61.41% Test OOD2: 51.02% Test OOD3: 59.60% 
Epoch: 78, Loss: 0.4931, Train: 94.89%, Valid: 69.64%, Test In: 70.57% Test OOD1: 61.71% Test OOD2: 50.93% Test OOD3: 59.68% 
Epoch: 79, Loss: 0.4876, Train: 95.47%, Valid: 69.64%, Test In: 70.47% Test OOD1: 61.67% Test OOD2: 50.99% Test OOD3: 59.63% 
Epoch: 80, Loss: 0.4698, Train: 95.86%, Valid: 69.65%, Test In: 70.37% Test OOD1: 61.43% Test OOD2: 51.04% Test OOD3: 59.42% 
Epoch: 81, Loss: 0.4746, Train: 95.75%, Valid: 69.57%, Test In: 70.39% Test OOD1: 61.88% Test OOD2: 50.96% Test OOD3: 59.45% 
Epoch: 82, Loss: 0.4646, Train: 96.11%, Valid: 69.59%, Test In: 70.42% Test OOD1: 62.00% Test OOD2: 51.05% Test OOD3: 59.73% 
Epoch: 83, Loss: 0.4457, Train: 96.47%, Valid: 69.60%, Test In: 70.32% Test OOD1: 61.28% Test OOD2: 51.08% Test OOD3: 59.36% 
Epoch: 84, Loss: 0.4540, Train: 96.45%, Valid: 69.50%, Test In: 70.35% Test OOD1: 62.20% Test OOD2: 51.03% Test OOD3: 59.72% 
Epoch: 85, Loss: 0.4346, Train: 96.71%, Valid: 69.43%, Test In: 70.29% Test OOD1: 62.36% Test OOD2: 51.07% Test OOD3: 59.82% 
Epoch: 86, Loss: 0.4362, Train: 97.08%, Valid: 69.51%, Test In: 70.26% Test OOD1: 61.60% Test OOD2: 51.12% Test OOD3: 59.47% 
Epoch: 87, Loss: 0.4335, Train: 97.18%, Valid: 69.47%, Test In: 70.32% Test OOD1: 62.03% Test OOD2: 51.11% Test OOD3: 59.71% 
Epoch: 88, Loss: 0.4226, Train: 97.36%, Valid: 69.35%, Test In: 70.21% Test OOD1: 62.12% Test OOD2: 51.04% Test OOD3: 59.70% 
Epoch: 89, Loss: 0.4094, Train: 97.64%, Valid: 69.35%, Test In: 70.16% Test OOD1: 61.45% Test OOD2: 51.02% Test OOD3: 59.35% 
Epoch: 90, Loss: 0.4144, Train: 97.57%, Valid: 69.40%, Test In: 70.26% Test OOD1: 61.73% Test OOD2: 51.00% Test OOD3: 59.48% 
Epoch: 91, Loss: 0.4032, Train: 97.85%, Valid: 69.26%, Test In: 70.10% Test OOD1: 62.04% Test OOD2: 51.05% Test OOD3: 59.58% 
Epoch: 92, Loss: 0.3849, Train: 97.97%, Valid: 69.27%, Test In: 70.10% Test OOD1: 62.17% Test OOD2: 51.09% Test OOD3: 59.56% 
Epoch: 93, Loss: 0.3768, Train: 97.95%, Valid: 69.38%, Test In: 70.21% Test OOD1: 62.23% Test OOD2: 51.12% Test OOD3: 59.59% 
Epoch: 94, Loss: 0.3775, Train: 98.18%, Valid: 69.18%, Test In: 70.08% Test OOD1: 62.32% Test OOD2: 51.16% Test OOD3: 59.56% 
Epoch: 95, Loss: 0.3659, Train: 98.38%, Valid: 69.11%, Test In: 70.02% Test OOD1: 62.11% Test OOD2: 51.20% Test OOD3: 59.48% 
Epoch: 96, Loss: 0.3593, Train: 98.43%, Valid: 69.17%, Test In: 70.09% Test OOD1: 61.83% Test OOD2: 51.17% Test OOD3: 59.36% 
Epoch: 97, Loss: 0.3638, Train: 98.61%, Valid: 69.00%, Test In: 69.99% Test OOD1: 61.86% Test OOD2: 51.16% Test OOD3: 59.31% 
Epoch: 98, Loss: 0.3531, Train: 98.77%, Valid: 68.89%, Test In: 69.90% Test OOD1: 61.85% Test OOD2: 51.17% Test OOD3: 59.30% 
Epoch: 99, Loss: 0.3544, Train: 98.89%, Valid: 68.98%, Test In: 69.94% Test OOD1: 61.64% Test OOD2: 51.19% Test OOD3: 59.29% 
Epoch: 100, Loss: 0.3638, Train: 99.05%, Valid: 68.85%, Test In: 69.82% Test OOD1: 61.85% Test OOD2: 51.20% Test OOD3: 59.28% 
Epoch: 101, Loss: 0.3381, Train: 98.97%, Valid: 68.71%, Test In: 69.73% Test OOD1: 62.30% Test OOD2: 51.15% Test OOD3: 59.42% 
Epoch: 102, Loss: 0.3481, Train: 99.18%, Valid: 68.79%, Test In: 69.66% Test OOD1: 61.95% Test OOD2: 51.27% Test OOD3: 59.44% 
Epoch: 103, Loss: 0.3289, Train: 99.20%, Valid: 68.91%, Test In: 69.72% Test OOD1: 61.70% Test OOD2: 51.26% Test OOD3: 59.41% 
Epoch: 104, Loss: 0.3341, Train: 99.14%, Valid: 68.74%, Test In: 69.66% Test OOD1: 62.07% Test OOD2: 51.17% Test OOD3: 59.43% 
Epoch: 105, Loss: 0.3235, Train: 99.36%, Valid: 68.38%, Test In: 69.31% Test OOD1: 61.90% Test OOD2: 51.19% Test OOD3: 59.22% 
Epoch: 106, Loss: 0.3373, Train: 99.27%, Valid: 68.52%, Test In: 69.52% Test OOD1: 62.14% Test OOD2: 51.14% Test OOD3: 59.41% 
Epoch: 107, Loss: 0.3242, Train: 99.49%, Valid: 68.55%, Test In: 69.44% Test OOD1: 61.77% Test OOD2: 51.22% Test OOD3: 59.35% 
Epoch: 108, Loss: 0.3180, Train: 99.52%, Valid: 68.47%, Test In: 69.39% Test OOD1: 62.02% Test OOD2: 51.18% Test OOD3: 59.39% 
Epoch: 109, Loss: 0.3042, Train: 99.41%, Valid: 68.31%, Test In: 69.27% Test OOD1: 62.49% Test OOD2: 51.14% Test OOD3: 59.51% 
Epoch: 110, Loss: 0.3157, Train: 99.61%, Valid: 68.40%, Test In: 69.30% Test OOD1: 62.07% Test OOD2: 51.17% Test OOD3: 59.38% 
Epoch: 111, Loss: 0.3022, Train: 99.63%, Valid: 68.51%, Test In: 69.44% Test OOD1: 61.99% Test OOD2: 51.16% Test OOD3: 59.39% 
Epoch: 112, Loss: 0.2949, Train: 99.61%, Valid: 68.51%, Test In: 69.43% Test OOD1: 62.15% Test OOD2: 51.16% Test OOD3: 59.44% 
Epoch: 113, Loss: 0.2965, Train: 99.73%, Valid: 68.47%, Test In: 69.31% Test OOD1: 62.01% Test OOD2: 51.25% Test OOD3: 59.37% 
Epoch: 114, Loss: 0.2899, Train: 99.69%, Valid: 68.56%, Test In: 69.44% Test OOD1: 62.22% Test OOD2: 51.25% Test OOD3: 59.48% 
Epoch: 115, Loss: 0.2869, Train: 99.67%, Valid: 68.58%, Test In: 69.54% Test OOD1: 62.24% Test OOD2: 51.28% Test OOD3: 59.56% 
Epoch: 116, Loss: 0.2809, Train: 99.77%, Valid: 68.55%, Test In: 69.54% Test OOD1: 61.86% Test OOD2: 51.44% Test OOD3: 59.48% 
Epoch: 117, Loss: 0.2900, Train: 99.72%, Valid: 68.64%, Test In: 69.72% Test OOD1: 62.09% Test OOD2: 51.35% Test OOD3: 59.56% 
Epoch: 118, Loss: 0.2766, Train: 99.73%, Valid: 68.44%, Test In: 69.62% Test OOD1: 62.27% Test OOD2: 51.36% Test OOD3: 59.57% 
Epoch: 119, Loss: 0.2613, Train: 99.80%, Valid: 68.34%, Test In: 69.50% Test OOD1: 62.14% Test OOD2: 51.36% Test OOD3: 59.47% 
Epoch: 120, Loss: 0.2754, Train: 99.80%, Valid: 68.38%, Test In: 69.52% Test OOD1: 62.15% Test OOD2: 51.28% Test OOD3: 59.42% 
Epoch: 121, Loss: 0.2616, Train: 99.82%, Valid: 68.30%, Test In: 69.45% Test OOD1: 62.16% Test OOD2: 51.23% Test OOD3: 59.32% 
Epoch: 122, Loss: 0.2637, Train: 99.86%, Valid: 68.18%, Test In: 69.32% Test OOD1: 61.96% Test OOD2: 51.29% Test OOD3: 59.16% 
Epoch: 123, Loss: 0.2669, Train: 99.87%, Valid: 68.27%, Test In: 69.42% Test OOD1: 61.73% Test OOD2: 51.35% Test OOD3: 59.08% 
Epoch: 124, Loss: 0.2519, Train: 99.86%, Valid: 68.29%, Test In: 69.50% Test OOD1: 61.77% Test OOD2: 51.37% Test OOD3: 59.10% 
Epoch: 125, Loss: 0.2460, Train: 99.88%, Valid: 68.25%, Test In: 69.51% Test OOD1: 61.65% Test OOD2: 51.43% Test OOD3: 59.08% 
Epoch: 126, Loss: 0.2417, Train: 99.89%, Valid: 68.25%, Test In: 69.61% Test OOD1: 61.66% Test OOD2: 51.41% Test OOD3: 59.12% 
Epoch: 127, Loss: 0.2433, Train: 99.89%, Valid: 68.35%, Test In: 69.72% Test OOD1: 61.73% Test OOD2: 51.40% Test OOD3: 59.17% 
Epoch: 128, Loss: 0.2534, Train: 99.92%, Valid: 68.24%, Test In: 69.66% Test OOD1: 61.72% Test OOD2: 51.41% Test OOD3: 59.15% 
Epoch: 129, Loss: 0.2462, Train: 99.93%, Valid: 68.06%, Test In: 69.55% Test OOD1: 62.18% Test OOD2: 51.29% Test OOD3: 59.17% 
Epoch: 130, Loss: 0.2402, Train: 99.93%, Valid: 68.24%, Test In: 69.60% Test OOD1: 62.23% Test OOD2: 51.28% Test OOD3: 59.16% 
Epoch: 131, Loss: 0.2401, Train: 99.95%, Valid: 68.34%, Test In: 69.53% Test OOD1: 61.96% Test OOD2: 51.38% Test OOD3: 59.11% 
Epoch: 132, Loss: 0.2530, Train: 99.94%, Valid: 68.26%, Test In: 69.56% Test OOD1: 62.39% Test OOD2: 51.35% Test OOD3: 59.38% 
Epoch: 133, Loss: 0.2410, Train: 99.95%, Valid: 68.34%, Test In: 69.60% Test OOD1: 62.14% Test OOD2: 51.45% Test OOD3: 59.38% 
Epoch: 134, Loss: 0.2371, Train: 99.96%, Valid: 68.59%, Test In: 69.72% Test OOD1: 61.70% Test OOD2: 51.46% Test OOD3: 59.23% 
Epoch: 135, Loss: 0.2363, Train: 99.96%, Valid: 68.49%, Test In: 69.67% Test OOD1: 61.99% Test OOD2: 51.43% Test OOD3: 59.32% 
Epoch: 136, Loss: 0.2315, Train: 99.96%, Valid: 68.34%, Test In: 69.49% Test OOD1: 62.14% Test OOD2: 51.41% Test OOD3: 59.30% 
Epoch: 137, Loss: 0.2308, Train: 99.97%, Valid: 68.47%, Test In: 69.56% Test OOD1: 62.02% Test OOD2: 51.34% Test OOD3: 59.13% 
Epoch: 138, Loss: 0.2300, Train: 99.97%, Valid: 68.41%, Test In: 69.50% Test OOD1: 62.19% Test OOD2: 51.32% Test OOD3: 59.07% 
Epoch: 139, Loss: 0.2271, Train: 99.97%, Valid: 68.17%, Test In: 69.29% Test OOD1: 62.31% Test OOD2: 51.35% Test OOD3: 59.00% 
Epoch: 140, Loss: 0.2308, Train: 99.98%, Valid: 68.15%, Test In: 69.33% Test OOD1: 62.27% Test OOD2: 51.36% Test OOD3: 59.00% 
Epoch: 141, Loss: 0.2157, Train: 99.98%, Valid: 68.26%, Test In: 69.45% Test OOD1: 62.12% Test OOD2: 51.42% Test OOD3: 59.04% 
Epoch: 142, Loss: 0.2224, Train: 99.97%, Valid: 68.23%, Test In: 69.46% Test OOD1: 62.27% Test OOD2: 51.41% Test OOD3: 59.22% 
Epoch: 143, Loss: 0.2225, Train: 99.98%, Valid: 68.08%, Test In: 69.38% Test OOD1: 62.22% Test OOD2: 51.42% Test OOD3: 59.17% 
Epoch: 144, Loss: 0.2192, Train: 99.98%, Valid: 68.07%, Test In: 69.43% Test OOD1: 62.13% Test OOD2: 51.40% Test OOD3: 59.10% 
Epoch: 145, Loss: 0.2210, Train: 99.98%, Valid: 68.09%, Test In: 69.44% Test OOD1: 61.98% Test OOD2: 51.42% Test OOD3: 59.07% 
Epoch: 146, Loss: 0.2167, Train: 99.99%, Valid: 68.18%, Test In: 69.44% Test OOD1: 61.42% Test OOD2: 51.45% Test OOD3: 58.80% 
Epoch: 147, Loss: 0.2245, Train: 99.98%, Valid: 68.22%, Test In: 69.52% Test OOD1: 61.86% Test OOD2: 51.37% Test OOD3: 58.99% 
Epoch: 148, Loss: 0.2238, Train: 99.98%, Valid: 68.12%, Test In: 69.46% Test OOD1: 62.07% Test OOD2: 51.26% Test OOD3: 58.97% 
Epoch: 149, Loss: 0.2169, Train: 99.99%, Valid: 68.16%, Test In: 69.42% Test OOD1: 61.99% Test OOD2: 51.20% Test OOD3: 58.92% 
Epoch: 150, Loss: 0.2224, Train: 99.98%, Valid: 68.19%, Test In: 69.39% Test OOD1: 62.28% Test OOD2: 51.14% Test OOD3: 59.12% 
Epoch: 151, Loss: 0.2234, Train: 99.99%, Valid: 68.08%, Test In: 69.24% Test OOD1: 62.10% Test OOD2: 51.12% Test OOD3: 59.01% 
Epoch: 152, Loss: 0.2151, Train: 99.99%, Valid: 68.08%, Test In: 69.28% Test OOD1: 61.75% Test OOD2: 51.08% Test OOD3: 58.83% 
Epoch: 153, Loss: 0.2010, Train: 99.99%, Valid: 68.13%, Test In: 69.41% Test OOD1: 61.62% Test OOD2: 51.06% Test OOD3: 58.81% 
Epoch: 154, Loss: 0.2128, Train: 99.99%, Valid: 68.05%, Test In: 69.39% Test OOD1: 61.34% Test OOD2: 51.21% Test OOD3: 58.82% 
Epoch: 155, Loss: 0.2130, Train: 99.99%, Valid: 68.10%, Test In: 69.52% Test OOD1: 61.60% Test OOD2: 51.26% Test OOD3: 59.09% 
Epoch: 156, Loss: 0.2139, Train: 99.99%, Valid: 68.16%, Test In: 69.70% Test OOD1: 62.22% Test OOD2: 51.23% Test OOD3: 59.33% 
Epoch: 157, Loss: 0.2103, Train: 99.99%, Valid: 68.01%, Test In: 69.55% Test OOD1: 62.45% Test OOD2: 51.21% Test OOD3: 59.35% 
Epoch: 158, Loss: 0.2132, Train: 99.99%, Valid: 68.05%, Test In: 69.60% Test OOD1: 62.58% Test OOD2: 51.18% Test OOD3: 59.43% 
Epoch: 159, Loss: 0.2080, Train: 99.99%, Valid: 68.26%, Test In: 69.75% Test OOD1: 62.37% Test OOD2: 51.15% Test OOD3: 59.32% 
Epoch: 160, Loss: 0.2188, Train: 100.00%, Valid: 68.02%, Test In: 69.51% Test OOD1: 61.91% Test OOD2: 51.11% Test OOD3: 58.99% 
Epoch: 161, Loss: 0.2199, Train: 100.00%, Valid: 67.84%, Test In: 69.45% Test OOD1: 62.24% Test OOD2: 51.06% Test OOD3: 59.09% 
Epoch: 162, Loss: 0.2123, Train: 100.00%, Valid: 67.95%, Test In: 69.58% Test OOD1: 62.09% Test OOD2: 51.08% Test OOD3: 59.06% 
Epoch: 163, Loss: 0.2126, Train: 100.00%, Valid: 67.97%, Test In: 69.60% Test OOD1: 61.61% Test OOD2: 51.14% Test OOD3: 58.91% 
Epoch: 164, Loss: 0.2112, Train: 100.00%, Valid: 67.97%, Test In: 69.61% Test OOD1: 62.24% Test OOD2: 51.12% Test OOD3: 59.17% 
Epoch: 165, Loss: 0.2029, Train: 99.99%, Valid: 67.99%, Test In: 69.57% Test OOD1: 62.55% Test OOD2: 51.13% Test OOD3: 59.26% 
Epoch: 166, Loss: 0.2068, Train: 100.00%, Valid: 68.23%, Test In: 69.76% Test OOD1: 62.09% Test OOD2: 51.25% Test OOD3: 59.07% 
Epoch: 167, Loss: 0.2008, Train: 99.99%, Valid: 68.32%, Test In: 69.78% Test OOD1: 62.06% Test OOD2: 51.23% Test OOD3: 58.95% 
Epoch: 168, Loss: 0.2033, Train: 99.99%, Valid: 68.27%, Test In: 69.74% Test OOD1: 62.27% Test OOD2: 51.11% Test OOD3: 58.95% 
Epoch: 169, Loss: 0.2036, Train: 100.00%, Valid: 68.31%, Test In: 69.75% Test OOD1: 61.87% Test OOD2: 51.12% Test OOD3: 58.81% 
Epoch: 170, Loss: 0.1921, Train: 100.00%, Valid: 68.45%, Test In: 69.89% Test OOD1: 61.63% Test OOD2: 51.09% Test OOD3: 58.74% 
Epoch: 171, Loss: 0.1982, Train: 100.00%, Valid: 68.45%, Test In: 69.96% Test OOD1: 61.98% Test OOD2: 51.01% Test OOD3: 58.98% 
Epoch: 172, Loss: 0.1979, Train: 100.00%, Valid: 68.29%, Test In: 69.82% Test OOD1: 61.95% Test OOD2: 51.06% Test OOD3: 59.06% 
Epoch: 173, Loss: 0.1972, Train: 100.00%, Valid: 68.26%, Test In: 69.81% Test OOD1: 61.88% Test OOD2: 51.05% Test OOD3: 59.02% 
Epoch: 174, Loss: 0.1972, Train: 100.00%, Valid: 68.32%, Test In: 69.88% Test OOD1: 61.72% Test OOD2: 51.03% Test OOD3: 58.96% 
Epoch: 175, Loss: 0.1955, Train: 100.00%, Valid: 68.32%, Test In: 69.85% Test OOD1: 61.26% Test OOD2: 51.14% Test OOD3: 58.78% 
Epoch: 176, Loss: 0.1883, Train: 100.00%, Valid: 68.32%, Test In: 69.83% Test OOD1: 61.33% Test OOD2: 51.24% Test OOD3: 58.80% 
Epoch: 177, Loss: 0.1895, Train: 100.00%, Valid: 68.24%, Test In: 69.78% Test OOD1: 61.96% Test OOD2: 51.26% Test OOD3: 59.03% 
Epoch: 178, Loss: 0.1898, Train: 100.00%, Valid: 68.21%, Test In: 69.76% Test OOD1: 62.01% Test OOD2: 51.30% Test OOD3: 59.02% 
Epoch: 179, Loss: 0.1842, Train: 100.00%, Valid: 68.23%, Test In: 69.77% Test OOD1: 62.09% Test OOD2: 51.31% Test OOD3: 59.00% 
Epoch: 180, Loss: 0.1962, Train: 100.00%, Valid: 68.11%, Test In: 69.60% Test OOD1: 62.23% Test OOD2: 51.26% Test OOD3: 58.96% 
Epoch: 181, Loss: 0.1893, Train: 100.00%, Valid: 68.04%, Test In: 69.46% Test OOD1: 62.24% Test OOD2: 51.20% Test OOD3: 58.97% 
Epoch: 182, Loss: 0.1892, Train: 100.00%, Valid: 68.09%, Test In: 69.50% Test OOD1: 61.92% Test OOD2: 51.22% Test OOD3: 58.81% 
Epoch: 183, Loss: 0.1866, Train: 100.00%, Valid: 68.10%, Test In: 69.58% Test OOD1: 61.85% Test OOD2: 51.15% Test OOD3: 58.79% 
Epoch: 184, Loss: 0.1837, Train: 100.00%, Valid: 68.01%, Test In: 69.58% Test OOD1: 62.00% Test OOD2: 51.08% Test OOD3: 58.89% 
Epoch: 185, Loss: 0.1900, Train: 100.00%, Valid: 67.94%, Test In: 69.59% Test OOD1: 62.15% Test OOD2: 51.04% Test OOD3: 59.02% 
Epoch: 186, Loss: 0.1881, Train: 100.00%, Valid: 68.02%, Test In: 69.71% Test OOD1: 62.12% Test OOD2: 51.01% Test OOD3: 59.05% 
Epoch: 187, Loss: 0.1866, Train: 100.00%, Valid: 68.10%, Test In: 69.77% Test OOD1: 61.95% Test OOD2: 51.02% Test OOD3: 58.99% 
Epoch: 188, Loss: 0.1832, Train: 100.00%, Valid: 68.10%, Test In: 69.76% Test OOD1: 62.06% Test OOD2: 51.00% Test OOD3: 59.01% 
Epoch: 189, Loss: 0.1857, Train: 100.00%, Valid: 68.05%, Test In: 69.69% Test OOD1: 62.19% Test OOD2: 51.00% Test OOD3: 58.99% 
Epoch: 190, Loss: 0.1813, Train: 100.00%, Valid: 68.09%, Test In: 69.66% Test OOD1: 62.19% Test OOD2: 51.02% Test OOD3: 58.93% 
Epoch: 191, Loss: 0.1783, Train: 100.00%, Valid: 68.15%, Test In: 69.63% Test OOD1: 62.10% Test OOD2: 51.08% Test OOD3: 58.80% 
Epoch: 192, Loss: 0.1886, Train: 100.00%, Valid: 68.10%, Test In: 69.50% Test OOD1: 61.95% Test OOD2: 51.14% Test OOD3: 58.58% 
Epoch: 193, Loss: 0.1882, Train: 100.00%, Valid: 67.98%, Test In: 69.40% Test OOD1: 62.43% Test OOD2: 51.07% Test OOD3: 58.57% 
Epoch: 194, Loss: 0.1790, Train: 100.00%, Valid: 67.87%, Test In: 69.32% Test OOD1: 62.49% Test OOD2: 51.05% Test OOD3: 58.41% 
Epoch: 195, Loss: 0.1849, Train: 100.00%, Valid: 67.90%, Test In: 69.36% Test OOD1: 61.95% Test OOD2: 51.15% Test OOD3: 58.16% 
Epoch: 196, Loss: 0.1821, Train: 100.00%, Valid: 67.99%, Test In: 69.45% Test OOD1: 62.03% Test OOD2: 51.18% Test OOD3: 58.23% 
Epoch: 197, Loss: 0.1871, Train: 100.00%, Valid: 67.90%, Test In: 69.41% Test OOD1: 62.18% Test OOD2: 51.13% Test OOD3: 58.32% 
Epoch: 198, Loss: 0.1796, Train: 100.00%, Valid: 67.87%, Test In: 69.39% Test OOD1: 62.15% Test OOD2: 51.09% Test OOD3: 58.31% 
Epoch: 199, Loss: 0.1850, Train: 100.00%, Valid: 68.06%, Test In: 69.66% Test OOD1: 62.15% Test OOD2: 51.12% Test OOD3: 58.45% 
Run 01:
Highest Train: 100.00
Highest Valid: 70.94
Highest In Test: 71.83
Highest OOD Test: 66.20
Highest OOD Test: 52.42
Highest OOD Test: 63.58
Chosen epoch: 30
Final Train: 81.68
Final In Test: 71.65
Final OOD Test: 64.97
Final OOD Test: 52.10
Final OOD Test: 62.73
Epoch: 00, Loss: 1.0434, Train: 57.67%, Valid: 54.09%, Test In: 55.36% Test OOD1: 48.27% Test OOD2: 51.49% Test OOD3: 51.99% 
Epoch: 01, Loss: 1.0394, Train: 52.08%, Valid: 49.71%, Test In: 51.09% Test OOD1: 44.32% Test OOD2: 50.98% Test OOD3: 49.16% 
Epoch: 02, Loss: 1.0350, Train: 49.72%, Valid: 48.03%, Test In: 49.33% Test OOD1: 43.21% Test OOD2: 50.72% Test OOD3: 48.04% 
Epoch: 03, Loss: 1.0293, Train: 52.21%, Valid: 50.10%, Test In: 51.39% Test OOD1: 43.95% Test OOD2: 50.91% Test OOD3: 48.69% 
Epoch: 04, Loss: 1.0233, Train: 63.73%, Valid: 59.64%, Test In: 60.74% Test OOD1: 49.02% Test OOD2: 51.84% Test OOD3: 53.14% 
Epoch: 05, Loss: 1.0159, Train: 72.99%, Valid: 67.90%, Test In: 68.99% Test OOD1: 58.87% Test OOD2: 52.28% Test OOD3: 59.75% 
Epoch: 06, Loss: 1.0070, Train: 74.42%, Valid: 69.11%, Test In: 70.43% Test OOD1: 62.65% Test OOD2: 52.04% Test OOD3: 61.48% 
Epoch: 07, Loss: 0.9999, Train: 74.63%, Valid: 69.06%, Test In: 70.48% Test OOD1: 64.73% Test OOD2: 51.72% Test OOD3: 62.25% 
Epoch: 08, Loss: 0.9949, Train: 73.67%, Valid: 68.38%, Test In: 69.49% Test OOD1: 65.32% Test OOD2: 51.54% Test OOD3: 62.37% 
Epoch: 09, Loss: 0.9869, Train: 71.99%, Valid: 67.36%, Test In: 68.07% Test OOD1: 64.90% Test OOD2: 51.34% Test OOD3: 62.02% 
Epoch: 10, Loss: 0.9770, Train: 70.69%, Valid: 66.60%, Test In: 66.98% Test OOD1: 64.41% Test OOD2: 51.19% Test OOD3: 61.53% 
Epoch: 11, Loss: 0.9681, Train: 70.43%, Valid: 66.47%, Test In: 66.81% Test OOD1: 64.34% Test OOD2: 51.16% Test OOD3: 61.44% 
Epoch: 12, Loss: 0.9586, Train: 71.18%, Valid: 66.93%, Test In: 67.44% Test OOD1: 64.66% Test OOD2: 51.28% Test OOD3: 61.75% 
Epoch: 13, Loss: 0.9465, Train: 72.06%, Valid: 67.52%, Test In: 68.19% Test OOD1: 65.05% Test OOD2: 51.38% Test OOD3: 62.09% 
Epoch: 14, Loss: 0.9374, Train: 72.62%, Valid: 67.99%, Test In: 68.68% Test OOD1: 65.30% Test OOD2: 51.36% Test OOD3: 62.30% 
Epoch: 15, Loss: 0.9261, Train: 73.63%, Valid: 68.73%, Test In: 69.52% Test OOD1: 65.67% Test OOD2: 51.45% Test OOD3: 62.66% 
Epoch: 16, Loss: 0.9124, Train: 74.63%, Valid: 69.38%, Test In: 70.23% Test OOD1: 65.79% Test OOD2: 51.62% Test OOD3: 63.00% 
Epoch: 17, Loss: 0.9069, Train: 75.20%, Valid: 69.76%, Test In: 70.67% Test OOD1: 65.84% Test OOD2: 51.70% Test OOD3: 63.16% 
Epoch: 18, Loss: 0.8996, Train: 75.93%, Valid: 70.14%, Test In: 71.13% Test OOD1: 65.66% Test OOD2: 51.87% Test OOD3: 63.33% 
Epoch: 19, Loss: 0.8909, Train: 76.65%, Valid: 70.45%, Test In: 71.49% Test OOD1: 65.29% Test OOD2: 52.07% Test OOD3: 63.42% 
Epoch: 20, Loss: 0.8866, Train: 77.23%, Valid: 70.77%, Test In: 71.79% Test OOD1: 65.18% Test OOD2: 52.16% Test OOD3: 63.45% 
Epoch: 21, Loss: 0.8792, Train: 77.90%, Valid: 70.92%, Test In: 71.90% Test OOD1: 64.68% Test OOD2: 52.32% Test OOD3: 63.37% 
Epoch: 22, Loss: 0.8711, Train: 78.26%, Valid: 71.04%, Test In: 71.97% Test OOD1: 64.97% Test OOD2: 52.33% Test OOD3: 63.36% 
Epoch: 23, Loss: 0.8656, Train: 78.81%, Valid: 71.00%, Test In: 71.89% Test OOD1: 64.65% Test OOD2: 52.41% Test OOD3: 63.21% 
Epoch: 24, Loss: 0.8562, Train: 79.27%, Valid: 70.97%, Test In: 71.83% Test OOD1: 64.63% Test OOD2: 52.39% Test OOD3: 63.14% 
Epoch: 25, Loss: 0.8487, Train: 79.69%, Valid: 70.97%, Test In: 71.83% Test OOD1: 64.70% Test OOD2: 52.35% Test OOD3: 63.11% 
Epoch: 26, Loss: 0.8398, Train: 80.18%, Valid: 70.89%, Test In: 71.67% Test OOD1: 64.46% Test OOD2: 52.42% Test OOD3: 62.94% 
Epoch: 27, Loss: 0.8347, Train: 80.66%, Valid: 71.00%, Test In: 71.73% Test OOD1: 64.55% Test OOD2: 52.42% Test OOD3: 62.87% 
Epoch: 28, Loss: 0.8254, Train: 81.30%, Valid: 71.13%, Test In: 71.86% Test OOD1: 64.50% Test OOD2: 52.41% Test OOD3: 62.82% 
Epoch: 29, Loss: 0.8184, Train: 81.78%, Valid: 71.09%, Test In: 71.80% Test OOD1: 64.34% Test OOD2: 52.38% Test OOD3: 62.68% 
Epoch: 30, Loss: 0.8134, Train: 81.94%, Valid: 71.06%, Test In: 71.74% Test OOD1: 64.55% Test OOD2: 52.26% Test OOD3: 62.63% 
Epoch: 31, Loss: 0.8020, Train: 82.55%, Valid: 70.88%, Test In: 71.54% Test OOD1: 63.99% Test OOD2: 52.25% Test OOD3: 62.35% 
Epoch: 32, Loss: 0.7953, Train: 82.88%, Valid: 70.91%, Test In: 71.54% Test OOD1: 64.33% Test OOD2: 52.17% Test OOD3: 62.39% 
Epoch: 33, Loss: 0.7927, Train: 83.38%, Valid: 70.75%, Test In: 71.37% Test OOD1: 64.03% Test OOD2: 52.16% Test OOD3: 62.20% 
Epoch: 34, Loss: 0.7870, Train: 83.75%, Valid: 70.55%, Test In: 71.14% Test OOD1: 63.67% Test OOD2: 52.08% Test OOD3: 61.95% 
Epoch: 35, Loss: 0.7767, Train: 83.90%, Valid: 70.54%, Test In: 71.14% Test OOD1: 63.97% Test OOD2: 51.89% Test OOD3: 61.97% 
Epoch: 36, Loss: 0.7661, Train: 84.57%, Valid: 70.40%, Test In: 71.01% Test OOD1: 63.72% Test OOD2: 51.95% Test OOD3: 61.77% 
Epoch: 37, Loss: 0.7658, Train: 84.78%, Valid: 70.20%, Test In: 70.75% Test OOD1: 63.31% Test OOD2: 51.89% Test OOD3: 61.53% 
Epoch: 38, Loss: 0.7587, Train: 84.97%, Valid: 70.26%, Test In: 70.88% Test OOD1: 63.59% Test OOD2: 51.71% Test OOD3: 61.53% 
Epoch: 39, Loss: 0.7517, Train: 85.34%, Valid: 70.34%, Test In: 70.95% Test OOD1: 63.59% Test OOD2: 51.64% Test OOD3: 61.53% 
Epoch: 40, Loss: 0.7442, Train: 85.94%, Valid: 70.09%, Test In: 70.73% Test OOD1: 62.98% Test OOD2: 51.70% Test OOD3: 61.26% 
Epoch: 41, Loss: 0.7305, Train: 85.59%, Valid: 70.14%, Test In: 70.78% Test OOD1: 62.86% Test OOD2: 51.41% Test OOD3: 61.20% 
Epoch: 42, Loss: 0.7332, Train: 86.16%, Valid: 70.27%, Test In: 71.00% Test OOD1: 63.07% Test OOD2: 51.41% Test OOD3: 61.22% 
Epoch: 43, Loss: 0.7227, Train: 86.89%, Valid: 70.17%, Test In: 70.99% Test OOD1: 62.93% Test OOD2: 51.53% Test OOD3: 61.15% 
Epoch: 44, Loss: 0.7254, Train: 86.74%, Valid: 70.22%, Test In: 71.02% Test OOD1: 62.85% Test OOD2: 51.32% Test OOD3: 61.07% 
Epoch: 45, Loss: 0.7119, Train: 86.60%, Valid: 70.11%, Test In: 70.91% Test OOD1: 62.42% Test OOD2: 51.20% Test OOD3: 60.90% 
Epoch: 46, Loss: 0.7099, Train: 87.54%, Valid: 69.99%, Test In: 70.90% Test OOD1: 62.57% Test OOD2: 51.30% Test OOD3: 60.85% 
Epoch: 47, Loss: 0.6982, Train: 87.49%, Valid: 70.12%, Test In: 71.05% Test OOD1: 62.89% Test OOD2: 51.16% Test OOD3: 60.90% 
Epoch: 48, Loss: 0.6939, Train: 87.20%, Valid: 70.04%, Test In: 71.01% Test OOD1: 62.79% Test OOD2: 50.99% Test OOD3: 60.85% 
Epoch: 49, Loss: 0.6920, Train: 87.99%, Valid: 69.80%, Test In: 70.84% Test OOD1: 62.49% Test OOD2: 51.09% Test OOD3: 60.73% 
Epoch: 50, Loss: 0.6792, Train: 88.26%, Valid: 69.72%, Test In: 70.77% Test OOD1: 62.43% Test OOD2: 51.05% Test OOD3: 60.67% 
Epoch: 51, Loss: 0.6758, Train: 88.04%, Valid: 69.84%, Test In: 70.88% Test OOD1: 62.72% Test OOD2: 50.87% Test OOD3: 60.68% 
Epoch: 52, Loss: 0.6604, Train: 88.48%, Valid: 69.81%, Test In: 70.87% Test OOD1: 62.78% Test OOD2: 50.89% Test OOD3: 60.62% 
Epoch: 53, Loss: 0.6622, Train: 89.17%, Valid: 69.61%, Test In: 70.72% Test OOD1: 62.62% Test OOD2: 50.96% Test OOD3: 60.54% 
Epoch: 54, Loss: 0.6556, Train: 88.99%, Valid: 69.71%, Test In: 70.80% Test OOD1: 62.45% Test OOD2: 50.85% Test OOD3: 60.48% 
Epoch: 55, Loss: 0.6444, Train: 89.01%, Valid: 69.72%, Test In: 70.86% Test OOD1: 62.51% Test OOD2: 50.72% Test OOD3: 60.46% 
Epoch: 56, Loss: 0.6406, Train: 89.76%, Valid: 69.66%, Test In: 70.81% Test OOD1: 62.56% Test OOD2: 50.82% Test OOD3: 60.40% 
Epoch: 57, Loss: 0.6328, Train: 90.00%, Valid: 69.66%, Test In: 70.84% Test OOD1: 62.46% Test OOD2: 50.81% Test OOD3: 60.37% 
Epoch: 58, Loss: 0.6271, Train: 89.71%, Valid: 69.77%, Test In: 70.95% Test OOD1: 62.21% Test OOD2: 50.65% Test OOD3: 60.33% 
Epoch: 59, Loss: 0.6233, Train: 90.21%, Valid: 69.75%, Test In: 70.91% Test OOD1: 62.16% Test OOD2: 50.71% Test OOD3: 60.31% 
Epoch: 60, Loss: 0.6104, Train: 90.64%, Valid: 69.65%, Test In: 70.80% Test OOD1: 62.29% Test OOD2: 50.77% Test OOD3: 60.30% 
Epoch: 61, Loss: 0.6021, Train: 90.51%, Valid: 69.72%, Test In: 70.82% Test OOD1: 61.99% Test OOD2: 50.64% Test OOD3: 60.15% 
Epoch: 62, Loss: 0.6043, Train: 90.94%, Valid: 69.61%, Test In: 70.75% Test OOD1: 62.33% Test OOD2: 50.68% Test OOD3: 60.23% 
Epoch: 63, Loss: 0.6005, Train: 91.38%, Valid: 69.56%, Test In: 70.68% Test OOD1: 62.00% Test OOD2: 50.68% Test OOD3: 59.99% 
Epoch: 64, Loss: 0.5844, Train: 91.46%, Valid: 69.60%, Test In: 70.71% Test OOD1: 61.87% Test OOD2: 50.64% Test OOD3: 59.88% 
Epoch: 65, Loss: 0.5759, Train: 91.75%, Valid: 69.61%, Test In: 70.73% Test OOD1: 62.22% Test OOD2: 50.67% Test OOD3: 60.05% 
Epoch: 66, Loss: 0.5751, Train: 92.23%, Valid: 69.61%, Test In: 70.75% Test OOD1: 61.92% Test OOD2: 50.72% Test OOD3: 59.91% 
Epoch: 67, Loss: 0.5611, Train: 92.34%, Valid: 69.59%, Test In: 70.76% Test OOD1: 61.70% Test OOD2: 50.74% Test OOD3: 59.80% 
Epoch: 68, Loss: 0.5560, Train: 92.51%, Valid: 69.60%, Test In: 70.83% Test OOD1: 61.98% Test OOD2: 50.75% Test OOD3: 59.99% 
Epoch: 69, Loss: 0.5524, Train: 93.03%, Valid: 69.52%, Test In: 70.72% Test OOD1: 61.54% Test OOD2: 50.82% Test OOD3: 59.79% 
Epoch: 70, Loss: 0.5452, Train: 93.03%, Valid: 69.55%, Test In: 70.78% Test OOD1: 61.74% Test OOD2: 50.80% Test OOD3: 59.85% 
Epoch: 71, Loss: 0.5335, Train: 93.36%, Valid: 69.51%, Test In: 70.75% Test OOD1: 61.84% Test OOD2: 50.82% Test OOD3: 59.92% 
Epoch: 72, Loss: 0.5230, Train: 93.81%, Valid: 69.44%, Test In: 70.60% Test OOD1: 61.56% Test OOD2: 50.85% Test OOD3: 59.75% 
Epoch: 73, Loss: 0.5224, Train: 93.90%, Valid: 69.47%, Test In: 70.66% Test OOD1: 61.75% Test OOD2: 50.82% Test OOD3: 59.81% 
Epoch: 74, Loss: 0.5149, Train: 93.91%, Valid: 69.50%, Test In: 70.71% Test OOD1: 61.66% Test OOD2: 50.80% Test OOD3: 59.66% 
Epoch: 75, Loss: 0.5067, Train: 94.54%, Valid: 69.44%, Test In: 70.67% Test OOD1: 61.64% Test OOD2: 50.89% Test OOD3: 59.67% 
Epoch: 76, Loss: 0.4997, Train: 94.66%, Valid: 69.47%, Test In: 70.75% Test OOD1: 61.30% Test OOD2: 50.87% Test OOD3: 59.50% 
Epoch: 77, Loss: 0.4938, Train: 94.86%, Valid: 69.41%, Test In: 70.73% Test OOD1: 61.69% Test OOD2: 50.90% Test OOD3: 59.56% 
Epoch: 78, Loss: 0.4914, Train: 95.46%, Valid: 69.27%, Test In: 70.55% Test OOD1: 61.69% Test OOD2: 51.02% Test OOD3: 59.51% 
Epoch: 79, Loss: 0.4810, Train: 95.53%, Valid: 69.31%, Test In: 70.58% Test OOD1: 61.25% Test OOD2: 50.99% Test OOD3: 59.35% 
Epoch: 80, Loss: 0.4793, Train: 95.70%, Valid: 69.21%, Test In: 70.55% Test OOD1: 61.70% Test OOD2: 51.02% Test OOD3: 59.47% 
Epoch: 81, Loss: 0.4653, Train: 96.06%, Valid: 69.01%, Test In: 70.38% Test OOD1: 62.01% Test OOD2: 51.05% Test OOD3: 59.54% 
Epoch: 82, Loss: 0.4673, Train: 96.22%, Valid: 69.05%, Test In: 70.54% Test OOD1: 61.51% Test OOD2: 50.99% Test OOD3: 59.42% 
Epoch: 83, Loss: 0.4508, Train: 96.49%, Valid: 69.06%, Test In: 70.52% Test OOD1: 61.17% Test OOD2: 51.02% Test OOD3: 59.31% 
Epoch: 84, Loss: 0.4486, Train: 96.72%, Valid: 69.01%, Test In: 70.44% Test OOD1: 61.80% Test OOD2: 51.01% Test OOD3: 59.42% 
Epoch: 85, Loss: 0.4365, Train: 96.81%, Valid: 69.09%, Test In: 70.41% Test OOD1: 61.94% Test OOD2: 51.00% Test OOD3: 59.40% 
Epoch: 86, Loss: 0.4366, Train: 96.97%, Valid: 69.31%, Test In: 70.44% Test OOD1: 61.39% Test OOD2: 51.04% Test OOD3: 59.13% 
Epoch: 87, Loss: 0.4382, Train: 97.11%, Valid: 69.31%, Test In: 70.44% Test OOD1: 61.81% Test OOD2: 51.04% Test OOD3: 59.17% 
Epoch: 88, Loss: 0.4296, Train: 97.26%, Valid: 69.35%, Test In: 70.43% Test OOD1: 61.74% Test OOD2: 51.03% Test OOD3: 59.12% 
Epoch: 89, Loss: 0.4185, Train: 97.51%, Valid: 69.44%, Test In: 70.46% Test OOD1: 61.21% Test OOD2: 51.08% Test OOD3: 58.94% 
Epoch: 90, Loss: 0.4180, Train: 97.55%, Valid: 69.34%, Test In: 70.55% Test OOD1: 61.57% Test OOD2: 51.04% Test OOD3: 59.12% 
Epoch: 91, Loss: 0.4145, Train: 97.87%, Valid: 69.14%, Test In: 70.10% Test OOD1: 61.65% Test OOD2: 51.07% Test OOD3: 59.05% 
Epoch: 92, Loss: 0.4252, Train: 97.56%, Valid: 69.20%, Test In: 70.45% Test OOD1: 61.87% Test OOD2: 50.94% Test OOD3: 59.15% 
Epoch: 93, Loss: 0.4182, Train: 98.02%, Valid: 69.23%, Test In: 70.32% Test OOD1: 61.70% Test OOD2: 51.10% Test OOD3: 59.13% 
Epoch: 94, Loss: 0.3983, Train: 98.10%, Valid: 69.22%, Test In: 70.13% Test OOD1: 61.62% Test OOD2: 51.17% Test OOD3: 59.08% 
Epoch: 95, Loss: 0.4016, Train: 97.94%, Valid: 69.24%, Test In: 70.24% Test OOD1: 61.95% Test OOD2: 51.07% Test OOD3: 59.15% 
Epoch: 96, Loss: 0.3872, Train: 97.93%, Valid: 69.16%, Test In: 70.20% Test OOD1: 62.25% Test OOD2: 51.09% Test OOD3: 59.27% 
Epoch: 97, Loss: 0.3808, Train: 98.30%, Valid: 69.31%, Test In: 70.13% Test OOD1: 61.89% Test OOD2: 51.21% Test OOD3: 59.13% 
Epoch: 98, Loss: 0.3736, Train: 98.45%, Valid: 69.36%, Test In: 70.16% Test OOD1: 61.54% Test OOD2: 51.24% Test OOD3: 58.96% 
Epoch: 99, Loss: 0.3676, Train: 98.50%, Valid: 69.24%, Test In: 70.19% Test OOD1: 61.77% Test OOD2: 51.22% Test OOD3: 58.94% 
Epoch: 100, Loss: 0.3626, Train: 98.72%, Valid: 69.22%, Test In: 70.12% Test OOD1: 61.62% Test OOD2: 51.26% Test OOD3: 58.85% 
Epoch: 101, Loss: 0.3486, Train: 98.85%, Valid: 69.16%, Test In: 70.01% Test OOD1: 61.61% Test OOD2: 51.32% Test OOD3: 58.85% 
Epoch: 102, Loss: 0.3485, Train: 98.83%, Valid: 69.07%, Test In: 70.01% Test OOD1: 61.90% Test OOD2: 51.26% Test OOD3: 58.94% 
Epoch: 103, Loss: 0.3408, Train: 98.89%, Valid: 68.94%, Test In: 69.92% Test OOD1: 62.09% Test OOD2: 51.26% Test OOD3: 58.95% 
Epoch: 104, Loss: 0.3456, Train: 99.01%, Valid: 69.03%, Test In: 69.89% Test OOD1: 61.77% Test OOD2: 51.34% Test OOD3: 58.82% 
Epoch: 105, Loss: 0.3391, Train: 99.06%, Valid: 69.01%, Test In: 69.98% Test OOD1: 61.73% Test OOD2: 51.30% Test OOD3: 58.81% 
Epoch: 106, Loss: 0.3295, Train: 99.11%, Valid: 69.00%, Test In: 70.05% Test OOD1: 61.56% Test OOD2: 51.28% Test OOD3: 58.84% 
Epoch: 107, Loss: 0.3294, Train: 99.19%, Valid: 69.17%, Test In: 70.09% Test OOD1: 61.22% Test OOD2: 51.26% Test OOD3: 58.84% 
Epoch: 108, Loss: 0.3270, Train: 99.29%, Valid: 69.05%, Test In: 69.92% Test OOD1: 61.43% Test OOD2: 51.26% Test OOD3: 58.97% 
Epoch: 109, Loss: 0.3191, Train: 99.31%, Valid: 68.94%, Test In: 69.78% Test OOD1: 61.86% Test OOD2: 51.16% Test OOD3: 59.16% 
Epoch: 110, Loss: 0.3260, Train: 99.29%, Valid: 69.05%, Test In: 69.87% Test OOD1: 61.98% Test OOD2: 51.06% Test OOD3: 59.19% 
Epoch: 111, Loss: 0.3156, Train: 99.36%, Valid: 68.95%, Test In: 69.77% Test OOD1: 62.03% Test OOD2: 51.08% Test OOD3: 59.08% 
Epoch: 112, Loss: 0.3078, Train: 99.42%, Valid: 68.92%, Test In: 69.72% Test OOD1: 61.85% Test OOD2: 51.16% Test OOD3: 58.92% 
Epoch: 113, Loss: 0.3095, Train: 99.45%, Valid: 69.10%, Test In: 69.88% Test OOD1: 61.56% Test OOD2: 51.11% Test OOD3: 58.76% 
Epoch: 114, Loss: 0.3082, Train: 99.49%, Valid: 68.93%, Test In: 69.78% Test OOD1: 61.84% Test OOD2: 51.11% Test OOD3: 58.84% 
Epoch: 115, Loss: 0.2982, Train: 99.58%, Valid: 68.96%, Test In: 69.75% Test OOD1: 61.50% Test OOD2: 51.22% Test OOD3: 58.74% 
Epoch: 116, Loss: 0.2943, Train: 99.61%, Valid: 69.12%, Test In: 69.86% Test OOD1: 61.23% Test OOD2: 51.19% Test OOD3: 58.65% 
Epoch: 117, Loss: 0.2929, Train: 99.61%, Valid: 69.06%, Test In: 69.80% Test OOD1: 61.39% Test OOD2: 51.11% Test OOD3: 58.66% 
Epoch: 118, Loss: 0.2845, Train: 99.65%, Valid: 68.78%, Test In: 69.51% Test OOD1: 61.56% Test OOD2: 51.07% Test OOD3: 58.62% 
Epoch: 119, Loss: 0.2925, Train: 99.68%, Valid: 68.78%, Test In: 69.45% Test OOD1: 61.48% Test OOD2: 51.07% Test OOD3: 58.61% 
Epoch: 120, Loss: 0.2862, Train: 99.73%, Valid: 68.92%, Test In: 69.38% Test OOD1: 61.16% Test OOD2: 51.14% Test OOD3: 58.60% 
Epoch: 121, Loss: 0.2941, Train: 99.74%, Valid: 68.60%, Test In: 69.25% Test OOD1: 61.71% Test OOD2: 51.07% Test OOD3: 58.91% 
Epoch: 122, Loss: 0.2694, Train: 99.74%, Valid: 68.56%, Test In: 69.26% Test OOD1: 61.99% Test OOD2: 51.06% Test OOD3: 59.17% 
Epoch: 123, Loss: 0.2748, Train: 99.79%, Valid: 68.79%, Test In: 69.29% Test OOD1: 61.83% Test OOD2: 51.14% Test OOD3: 59.21% 
Epoch: 124, Loss: 0.2742, Train: 99.80%, Valid: 68.94%, Test In: 69.38% Test OOD1: 61.71% Test OOD2: 51.13% Test OOD3: 59.13% 
Epoch: 125, Loss: 0.2736, Train: 99.82%, Valid: 68.91%, Test In: 69.26% Test OOD1: 61.69% Test OOD2: 51.08% Test OOD3: 58.90% 
Epoch: 126, Loss: 0.2710, Train: 99.84%, Valid: 69.14%, Test In: 69.34% Test OOD1: 61.42% Test OOD2: 51.05% Test OOD3: 58.63% 
Epoch: 127, Loss: 0.2695, Train: 99.86%, Valid: 69.20%, Test In: 69.33% Test OOD1: 61.33% Test OOD2: 51.04% Test OOD3: 58.58% 
Epoch: 128, Loss: 0.2615, Train: 99.87%, Valid: 69.07%, Test In: 69.22% Test OOD1: 61.67% Test OOD2: 50.98% Test OOD3: 58.76% 
Epoch: 129, Loss: 0.2644, Train: 99.87%, Valid: 69.02%, Test In: 69.19% Test OOD1: 61.92% Test OOD2: 50.94% Test OOD3: 58.88% 
Epoch: 130, Loss: 0.2602, Train: 99.87%, Valid: 69.05%, Test In: 69.35% Test OOD1: 61.81% Test OOD2: 50.97% Test OOD3: 58.92% 
Epoch: 131, Loss: 0.2609, Train: 99.89%, Valid: 69.02%, Test In: 69.39% Test OOD1: 61.54% Test OOD2: 50.99% Test OOD3: 58.80% 
Epoch: 132, Loss: 0.2601, Train: 99.90%, Valid: 68.81%, Test In: 69.30% Test OOD1: 61.62% Test OOD2: 50.94% Test OOD3: 58.73% 
Epoch: 133, Loss: 0.2519, Train: 99.88%, Valid: 68.84%, Test In: 69.41% Test OOD1: 61.55% Test OOD2: 50.92% Test OOD3: 58.64% 
Epoch: 134, Loss: 0.2624, Train: 99.92%, Valid: 68.81%, Test In: 69.31% Test OOD1: 60.97% Test OOD2: 51.05% Test OOD3: 58.29% 
Epoch: 135, Loss: 0.2592, Train: 99.90%, Valid: 68.77%, Test In: 69.38% Test OOD1: 61.30% Test OOD2: 51.05% Test OOD3: 58.43% 
Epoch: 136, Loss: 0.2629, Train: 99.91%, Valid: 68.74%, Test In: 69.29% Test OOD1: 61.54% Test OOD2: 51.06% Test OOD3: 58.50% 
Epoch: 137, Loss: 0.2451, Train: 99.92%, Valid: 68.76%, Test In: 69.26% Test OOD1: 61.77% Test OOD2: 51.08% Test OOD3: 58.48% 
Epoch: 138, Loss: 0.2462, Train: 99.91%, Valid: 68.72%, Test In: 69.33% Test OOD1: 62.09% Test OOD2: 51.06% Test OOD3: 58.75% 
Epoch: 139, Loss: 0.2502, Train: 99.94%, Valid: 68.75%, Test In: 69.42% Test OOD1: 61.79% Test OOD2: 51.08% Test OOD3: 58.70% 
Epoch: 140, Loss: 0.2448, Train: 99.95%, Valid: 68.79%, Test In: 69.56% Test OOD1: 61.51% Test OOD2: 51.09% Test OOD3: 58.69% 
Epoch: 141, Loss: 0.2398, Train: 99.94%, Valid: 68.76%, Test In: 69.71% Test OOD1: 61.79% Test OOD2: 51.06% Test OOD3: 58.93% 
Epoch: 142, Loss: 0.2425, Train: 99.96%, Valid: 68.58%, Test In: 69.56% Test OOD1: 61.73% Test OOD2: 51.07% Test OOD3: 58.91% 
Epoch: 143, Loss: 0.2387, Train: 99.96%, Valid: 68.74%, Test In: 69.65% Test OOD1: 61.49% Test OOD2: 51.15% Test OOD3: 58.86% 
Epoch: 144, Loss: 0.2387, Train: 99.95%, Valid: 68.84%, Test In: 69.72% Test OOD1: 61.73% Test OOD2: 51.17% Test OOD3: 58.99% 
Epoch: 145, Loss: 0.2420, Train: 99.96%, Valid: 68.69%, Test In: 69.51% Test OOD1: 61.87% Test OOD2: 51.17% Test OOD3: 58.96% 
Epoch: 146, Loss: 0.2260, Train: 99.97%, Valid: 68.62%, Test In: 69.35% Test OOD1: 61.85% Test OOD2: 51.21% Test OOD3: 58.85% 
Epoch: 147, Loss: 0.2404, Train: 99.96%, Valid: 68.82%, Test In: 69.53% Test OOD1: 61.82% Test OOD2: 51.26% Test OOD3: 58.87% 
Epoch: 148, Loss: 0.2292, Train: 99.96%, Valid: 68.85%, Test In: 69.49% Test OOD1: 61.67% Test OOD2: 51.32% Test OOD3: 58.81% 
Epoch: 149, Loss: 0.2283, Train: 99.97%, Valid: 68.73%, Test In: 69.28% Test OOD1: 61.46% Test OOD2: 51.34% Test OOD3: 58.67% 
Epoch: 150, Loss: 0.2290, Train: 99.97%, Valid: 68.70%, Test In: 69.30% Test OOD1: 61.79% Test OOD2: 51.35% Test OOD3: 58.87% 
Epoch: 151, Loss: 0.2279, Train: 99.97%, Valid: 68.80%, Test In: 69.41% Test OOD1: 61.79% Test OOD2: 51.37% Test OOD3: 58.92% 
Epoch: 152, Loss: 0.2180, Train: 99.97%, Valid: 68.81%, Test In: 69.39% Test OOD1: 61.52% Test OOD2: 51.43% Test OOD3: 58.89% 
Epoch: 153, Loss: 0.2231, Train: 99.97%, Valid: 68.86%, Test In: 69.45% Test OOD1: 61.24% Test OOD2: 51.49% Test OOD3: 58.81% 
Epoch: 154, Loss: 0.2256, Train: 99.97%, Valid: 68.82%, Test In: 69.48% Test OOD1: 61.31% Test OOD2: 51.46% Test OOD3: 58.70% 
Epoch: 155, Loss: 0.2206, Train: 99.98%, Valid: 68.79%, Test In: 69.49% Test OOD1: 61.19% Test OOD2: 51.44% Test OOD3: 58.63% 
Epoch: 156, Loss: 0.2209, Train: 99.98%, Valid: 68.75%, Test In: 69.49% Test OOD1: 61.29% Test OOD2: 51.46% Test OOD3: 58.73% 
Epoch: 157, Loss: 0.2162, Train: 99.97%, Valid: 68.72%, Test In: 69.47% Test OOD1: 61.51% Test OOD2: 51.48% Test OOD3: 58.89% 
Epoch: 158, Loss: 0.2143, Train: 99.97%, Valid: 68.75%, Test In: 69.52% Test OOD1: 61.68% Test OOD2: 51.46% Test OOD3: 59.02% 
Epoch: 159, Loss: 0.2212, Train: 99.98%, Valid: 68.75%, Test In: 69.47% Test OOD1: 61.77% Test OOD2: 51.42% Test OOD3: 59.03% 
Epoch: 160, Loss: 0.2117, Train: 99.98%, Valid: 68.56%, Test In: 69.24% Test OOD1: 62.03% Test OOD2: 51.39% Test OOD3: 59.04% 
Epoch: 161, Loss: 0.2217, Train: 99.98%, Valid: 68.61%, Test In: 69.27% Test OOD1: 61.89% Test OOD2: 51.43% Test OOD3: 59.00% 
Epoch: 162, Loss: 0.2182, Train: 99.98%, Valid: 68.70%, Test In: 69.32% Test OOD1: 61.68% Test OOD2: 51.51% Test OOD3: 58.94% 
Epoch: 163, Loss: 0.2062, Train: 99.98%, Valid: 68.86%, Test In: 69.34% Test OOD1: 61.36% Test OOD2: 51.56% Test OOD3: 58.86% 
Epoch: 164, Loss: 0.2081, Train: 99.98%, Valid: 68.91%, Test In: 69.32% Test OOD1: 61.44% Test OOD2: 51.52% Test OOD3: 58.94% 
Epoch: 165, Loss: 0.2123, Train: 99.98%, Valid: 69.00%, Test In: 69.36% Test OOD1: 61.50% Test OOD2: 51.47% Test OOD3: 59.04% 
Epoch: 166, Loss: 0.2126, Train: 99.98%, Valid: 69.06%, Test In: 69.33% Test OOD1: 61.44% Test OOD2: 51.53% Test OOD3: 58.99% 
Epoch: 167, Loss: 0.2070, Train: 99.98%, Valid: 69.05%, Test In: 69.29% Test OOD1: 61.62% Test OOD2: 51.44% Test OOD3: 59.04% 
Epoch: 168, Loss: 0.2066, Train: 99.98%, Valid: 69.02%, Test In: 69.33% Test OOD1: 61.79% Test OOD2: 51.33% Test OOD3: 59.09% 
Epoch: 169, Loss: 0.2151, Train: 99.98%, Valid: 68.88%, Test In: 69.14% Test OOD1: 61.68% Test OOD2: 51.30% Test OOD3: 58.94% 
Epoch: 170, Loss: 0.2097, Train: 99.99%, Valid: 68.90%, Test In: 69.22% Test OOD1: 61.41% Test OOD2: 51.34% Test OOD3: 58.80% 
Epoch: 171, Loss: 0.2054, Train: 99.98%, Valid: 68.93%, Test In: 69.40% Test OOD1: 61.37% Test OOD2: 51.36% Test OOD3: 58.76% 
Epoch: 172, Loss: 0.2198, Train: 99.99%, Valid: 68.83%, Test In: 69.26% Test OOD1: 61.38% Test OOD2: 51.37% Test OOD3: 58.79% 
Epoch: 173, Loss: 0.2065, Train: 99.99%, Valid: 68.70%, Test In: 69.11% Test OOD1: 61.61% Test OOD2: 51.34% Test OOD3: 58.90% 
Epoch: 174, Loss: 0.2168, Train: 99.98%, Valid: 68.76%, Test In: 69.22% Test OOD1: 61.80% Test OOD2: 51.35% Test OOD3: 59.05% 
Epoch: 175, Loss: 0.2015, Train: 99.98%, Valid: 68.82%, Test In: 69.22% Test OOD1: 61.44% Test OOD2: 51.44% Test OOD3: 58.96% 
Epoch: 176, Loss: 0.2038, Train: 99.99%, Valid: 68.82%, Test In: 69.14% Test OOD1: 61.04% Test OOD2: 51.48% Test OOD3: 58.81% 
Epoch: 177, Loss: 0.2104, Train: 99.99%, Valid: 68.80%, Test In: 69.23% Test OOD1: 61.55% Test OOD2: 51.39% Test OOD3: 58.99% 
Epoch: 178, Loss: 0.1944, Train: 99.99%, Valid: 68.86%, Test In: 69.43% Test OOD1: 61.75% Test OOD2: 51.40% Test OOD3: 59.00% 
Epoch: 179, Loss: 0.2094, Train: 99.99%, Valid: 68.93%, Test In: 69.45% Test OOD1: 61.25% Test OOD2: 51.45% Test OOD3: 58.85% 
Epoch: 180, Loss: 0.1957, Train: 99.99%, Valid: 68.84%, Test In: 69.39% Test OOD1: 61.60% Test OOD2: 51.35% Test OOD3: 58.91% 
Epoch: 181, Loss: 0.2074, Train: 99.99%, Valid: 68.80%, Test In: 69.50% Test OOD1: 62.27% Test OOD2: 51.24% Test OOD3: 59.07% 
Epoch: 182, Loss: 0.2020, Train: 99.99%, Valid: 68.80%, Test In: 69.52% Test OOD1: 62.34% Test OOD2: 51.23% Test OOD3: 59.09% 
Epoch: 183, Loss: 0.2010, Train: 99.99%, Valid: 68.85%, Test In: 69.57% Test OOD1: 61.94% Test OOD2: 51.33% Test OOD3: 58.93% 
Epoch: 184, Loss: 0.2080, Train: 99.99%, Valid: 68.87%, Test In: 69.66% Test OOD1: 61.97% Test OOD2: 51.37% Test OOD3: 58.95% 
Epoch: 185, Loss: 0.1990, Train: 99.99%, Valid: 68.74%, Test In: 69.60% Test OOD1: 62.24% Test OOD2: 51.31% Test OOD3: 59.02% 
Epoch: 186, Loss: 0.2048, Train: 99.99%, Valid: 68.80%, Test In: 69.58% Test OOD1: 61.92% Test OOD2: 51.38% Test OOD3: 58.79% 
Epoch: 187, Loss: 0.1955, Train: 99.99%, Valid: 68.81%, Test In: 69.50% Test OOD1: 61.29% Test OOD2: 51.47% Test OOD3: 58.49% 
Epoch: 188, Loss: 0.2046, Train: 99.99%, Valid: 68.78%, Test In: 69.44% Test OOD1: 61.46% Test OOD2: 51.40% Test OOD3: 58.53% 
Epoch: 189, Loss: 0.2033, Train: 99.99%, Valid: 68.67%, Test In: 69.32% Test OOD1: 61.76% Test OOD2: 51.33% Test OOD3: 58.61% 
Epoch: 190, Loss: 0.1974, Train: 99.99%, Valid: 68.62%, Test In: 69.15% Test OOD1: 61.60% Test OOD2: 51.36% Test OOD3: 58.47% 
Epoch: 191, Loss: 0.2050, Train: 99.99%, Valid: 68.69%, Test In: 69.15% Test OOD1: 61.50% Test OOD2: 51.46% Test OOD3: 58.45% 
Epoch: 192, Loss: 0.1927, Train: 99.99%, Valid: 68.73%, Test In: 69.28% Test OOD1: 61.65% Test OOD2: 51.51% Test OOD3: 58.64% 
Epoch: 193, Loss: 0.1955, Train: 99.99%, Valid: 68.72%, Test In: 69.36% Test OOD1: 61.73% Test OOD2: 51.57% Test OOD3: 58.74% 
Epoch: 194, Loss: 0.1970, Train: 99.99%, Valid: 68.78%, Test In: 69.50% Test OOD1: 61.76% Test OOD2: 51.63% Test OOD3: 58.78% 
Epoch: 195, Loss: 0.1934, Train: 99.99%, Valid: 68.78%, Test In: 69.65% Test OOD1: 62.06% Test OOD2: 51.67% Test OOD3: 59.02% 
Epoch: 196, Loss: 0.1877, Train: 99.99%, Valid: 68.80%, Test In: 69.69% Test OOD1: 62.21% Test OOD2: 51.69% Test OOD3: 59.13% 
Epoch: 197, Loss: 0.1923, Train: 99.99%, Valid: 68.86%, Test In: 69.71% Test OOD1: 62.02% Test OOD2: 51.73% Test OOD3: 59.00% 
Epoch: 198, Loss: 0.1841, Train: 99.99%, Valid: 68.79%, Test In: 69.65% Test OOD1: 62.06% Test OOD2: 51.67% Test OOD3: 58.91% 
Epoch: 199, Loss: 0.1862, Train: 99.99%, Valid: 68.61%, Test In: 69.50% Test OOD1: 62.06% Test OOD2: 51.55% Test OOD3: 58.83% 
Run 02:
Highest Train: 99.99
Highest Valid: 71.13
Highest In Test: 71.97
Highest OOD Test: 65.84
Highest OOD Test: 52.42
Highest OOD Test: 63.45
Chosen epoch: 29
Final Train: 81.30
Final In Test: 71.86
Final OOD Test: 64.50
Final OOD Test: 52.41
Final OOD Test: 62.82
Epoch: 00, Loss: 1.0385, Train: 69.20%, Valid: 64.06%, Test In: 65.57% Test OOD1: 59.60% Test OOD2: 52.46% Test OOD3: 59.21% 
Epoch: 01, Loss: 1.0345, Train: 68.21%, Valid: 62.89%, Test In: 64.20% Test OOD1: 56.06% Test OOD2: 52.69% Test OOD3: 57.80% 
Epoch: 02, Loss: 1.0297, Train: 63.79%, Valid: 59.30%, Test In: 60.56% Test OOD1: 50.92% Test OOD2: 52.24% Test OOD3: 54.27% 
Epoch: 03, Loss: 1.0232, Train: 61.12%, Valid: 57.33%, Test In: 58.47% Test OOD1: 48.67% Test OOD2: 51.86% Test OOD3: 52.45% 
Epoch: 04, Loss: 1.0148, Train: 64.64%, Valid: 60.34%, Test In: 61.31% Test OOD1: 50.66% Test OOD2: 52.10% Test OOD3: 53.94% 
Epoch: 05, Loss: 1.0082, Train: 72.13%, Valid: 66.79%, Test In: 67.60% Test OOD1: 58.15% Test OOD2: 52.54% Test OOD3: 59.09% 
Epoch: 06, Loss: 1.0009, Train: 73.89%, Valid: 68.59%, Test In: 69.57% Test OOD1: 64.97% Test OOD2: 51.56% Test OOD3: 62.20% 
Epoch: 07, Loss: 0.9946, Train: 71.39%, Valid: 67.03%, Test In: 67.34% Test OOD1: 64.46% Test OOD2: 51.21% Test OOD3: 61.54% 
Epoch: 08, Loss: 0.9858, Train: 70.12%, Valid: 66.20%, Test In: 66.27% Test OOD1: 64.04% Test OOD2: 51.09% Test OOD3: 61.15% 
Epoch: 09, Loss: 0.9774, Train: 69.69%, Valid: 65.94%, Test In: 65.96% Test OOD1: 63.93% Test OOD2: 51.06% Test OOD3: 61.00% 
Epoch: 10, Loss: 0.9662, Train: 70.05%, Valid: 66.19%, Test In: 66.30% Test OOD1: 64.14% Test OOD2: 51.11% Test OOD3: 61.19% 
Epoch: 11, Loss: 0.9551, Train: 70.98%, Valid: 66.83%, Test In: 67.11% Test OOD1: 64.59% Test OOD2: 51.24% Test OOD3: 61.60% 
Epoch: 12, Loss: 0.9444, Train: 71.86%, Valid: 67.45%, Test In: 67.89% Test OOD1: 65.04% Test OOD2: 51.33% Test OOD3: 61.97% 
Epoch: 13, Loss: 0.9338, Train: 73.07%, Valid: 68.26%, Test In: 68.88% Test OOD1: 65.58% Test OOD2: 51.47% Test OOD3: 62.46% 
Epoch: 14, Loss: 0.9224, Train: 73.99%, Valid: 68.92%, Test In: 69.62% Test OOD1: 65.92% Test OOD2: 51.56% Test OOD3: 62.82% 
Epoch: 15, Loss: 0.9136, Train: 75.04%, Valid: 69.62%, Test In: 70.39% Test OOD1: 66.06% Test OOD2: 51.73% Test OOD3: 63.21% 
Epoch: 16, Loss: 0.9055, Train: 75.39%, Valid: 69.88%, Test In: 70.68% Test OOD1: 66.26% Test OOD2: 51.69% Test OOD3: 63.32% 
Epoch: 17, Loss: 0.8971, Train: 76.73%, Valid: 70.45%, Test In: 71.38% Test OOD1: 65.44% Test OOD2: 52.10% Test OOD3: 63.55% 
Epoch: 18, Loss: 0.8941, Train: 76.91%, Valid: 70.55%, Test In: 71.47% Test OOD1: 65.78% Test OOD2: 52.04% Test OOD3: 63.52% 
Epoch: 19, Loss: 0.8840, Train: 77.17%, Valid: 70.67%, Test In: 71.58% Test OOD1: 65.99% Test OOD2: 51.94% Test OOD3: 63.50% 
Epoch: 20, Loss: 0.8801, Train: 78.04%, Valid: 70.88%, Test In: 71.85% Test OOD1: 65.30% Test OOD2: 52.19% Test OOD3: 63.43% 
Epoch: 21, Loss: 0.8674, Train: 78.65%, Valid: 70.82%, Test In: 71.80% Test OOD1: 64.63% Test OOD2: 52.31% Test OOD3: 63.24% 
Epoch: 22, Loss: 0.8636, Train: 78.91%, Valid: 70.77%, Test In: 71.70% Test OOD1: 64.88% Test OOD2: 52.26% Test OOD3: 63.18% 
Epoch: 23, Loss: 0.8516, Train: 79.15%, Valid: 70.79%, Test In: 71.70% Test OOD1: 65.27% Test OOD2: 52.15% Test OOD3: 63.18% 
Epoch: 24, Loss: 0.8478, Train: 79.67%, Valid: 70.86%, Test In: 71.77% Test OOD1: 65.15% Test OOD2: 52.14% Test OOD3: 63.09% 
Epoch: 25, Loss: 0.8397, Train: 80.29%, Valid: 70.76%, Test In: 71.64% Test OOD1: 64.55% Test OOD2: 52.25% Test OOD3: 62.81% 
Epoch: 26, Loss: 0.8325, Train: 80.77%, Valid: 70.64%, Test In: 71.51% Test OOD1: 64.19% Test OOD2: 52.29% Test OOD3: 62.57% 
Epoch: 27, Loss: 0.8288, Train: 81.22%, Valid: 70.82%, Test In: 71.69% Test OOD1: 64.48% Test OOD2: 52.24% Test OOD3: 62.61% 
Epoch: 28, Loss: 0.8205, Train: 81.38%, Valid: 70.79%, Test In: 71.67% Test OOD1: 64.82% Test OOD2: 52.11% Test OOD3: 62.60% 
Epoch: 29, Loss: 0.8112, Train: 81.76%, Valid: 70.70%, Test In: 71.56% Test OOD1: 64.71% Test OOD2: 52.04% Test OOD3: 62.45% 
Epoch: 30, Loss: 0.8045, Train: 82.33%, Valid: 70.65%, Test In: 71.48% Test OOD1: 64.50% Test OOD2: 52.04% Test OOD3: 62.27% 
Epoch: 31, Loss: 0.8004, Train: 82.64%, Valid: 70.50%, Test In: 71.31% Test OOD1: 64.38% Test OOD2: 51.95% Test OOD3: 62.09% 
Epoch: 32, Loss: 0.7938, Train: 82.75%, Valid: 70.40%, Test In: 71.20% Test OOD1: 64.44% Test OOD2: 51.81% Test OOD3: 62.01% 
Epoch: 33, Loss: 0.7881, Train: 83.11%, Valid: 70.40%, Test In: 71.17% Test OOD1: 64.48% Test OOD2: 51.78% Test OOD3: 61.97% 
Epoch: 34, Loss: 0.7728, Train: 83.53%, Valid: 70.23%, Test In: 71.00% Test OOD1: 64.04% Test OOD2: 51.77% Test OOD3: 61.71% 
Epoch: 35, Loss: 0.7703, Train: 84.01%, Valid: 70.22%, Test In: 70.99% Test OOD1: 63.99% Test OOD2: 51.78% Test OOD3: 61.63% 
Epoch: 36, Loss: 0.7696, Train: 84.15%, Valid: 70.22%, Test In: 70.95% Test OOD1: 64.00% Test OOD2: 51.63% Test OOD3: 61.58% 
Epoch: 37, Loss: 0.7588, Train: 84.07%, Valid: 70.10%, Test In: 70.83% Test OOD1: 63.61% Test OOD2: 51.42% Test OOD3: 61.41% 
Epoch: 38, Loss: 0.7516, Train: 84.74%, Valid: 70.12%, Test In: 70.88% Test OOD1: 63.46% Test OOD2: 51.51% Test OOD3: 61.31% 
Epoch: 39, Loss: 0.7483, Train: 85.15%, Valid: 70.18%, Test In: 70.95% Test OOD1: 63.50% Test OOD2: 51.53% Test OOD3: 61.31% 
Epoch: 40, Loss: 0.7483, Train: 85.02%, Valid: 70.18%, Test In: 70.98% Test OOD1: 63.33% Test OOD2: 51.33% Test OOD3: 61.25% 
Epoch: 41, Loss: 0.7331, Train: 85.11%, Valid: 70.16%, Test In: 70.95% Test OOD1: 62.90% Test OOD2: 51.31% Test OOD3: 61.03% 
Epoch: 42, Loss: 0.7316, Train: 85.93%, Valid: 70.19%, Test In: 71.00% Test OOD1: 62.93% Test OOD2: 51.39% Test OOD3: 60.95% 
Epoch: 43, Loss: 0.7302, Train: 85.88%, Valid: 70.23%, Test In: 71.09% Test OOD1: 63.28% Test OOD2: 51.24% Test OOD3: 61.06% 
Epoch: 44, Loss: 0.7196, Train: 85.98%, Valid: 70.11%, Test In: 70.95% Test OOD1: 62.74% Test OOD2: 51.17% Test OOD3: 60.81% 
Epoch: 45, Loss: 0.7151, Train: 86.34%, Valid: 69.99%, Test In: 70.90% Test OOD1: 62.55% Test OOD2: 51.27% Test OOD3: 60.67% 
Epoch: 46, Loss: 0.7185, Train: 86.60%, Valid: 69.96%, Test In: 70.92% Test OOD1: 62.94% Test OOD2: 51.14% Test OOD3: 60.76% 
Epoch: 47, Loss: 0.7034, Train: 87.01%, Valid: 69.83%, Test In: 70.83% Test OOD1: 62.78% Test OOD2: 51.12% Test OOD3: 60.56% 
Epoch: 48, Loss: 0.6968, Train: 87.39%, Valid: 69.78%, Test In: 70.81% Test OOD1: 62.76% Test OOD2: 51.12% Test OOD3: 60.52% 
Epoch: 49, Loss: 0.6885, Train: 87.17%, Valid: 69.74%, Test In: 70.75% Test OOD1: 62.65% Test OOD2: 50.99% Test OOD3: 60.52% 
Epoch: 50, Loss: 0.6881, Train: 87.69%, Valid: 69.68%, Test In: 70.72% Test OOD1: 62.42% Test OOD2: 50.96% Test OOD3: 60.28% 
Epoch: 51, Loss: 0.6761, Train: 88.20%, Valid: 69.68%, Test In: 70.78% Test OOD1: 62.88% Test OOD2: 50.97% Test OOD3: 60.44% 
Epoch: 52, Loss: 0.6737, Train: 87.93%, Valid: 69.68%, Test In: 70.77% Test OOD1: 63.03% Test OOD2: 50.82% Test OOD3: 60.57% 
Epoch: 53, Loss: 0.6665, Train: 88.52%, Valid: 69.63%, Test In: 70.71% Test OOD1: 62.37% Test OOD2: 50.93% Test OOD3: 60.26% 
Epoch: 54, Loss: 0.6628, Train: 88.74%, Valid: 69.70%, Test In: 70.77% Test OOD1: 62.54% Test OOD2: 51.00% Test OOD3: 60.44% 
Epoch: 55, Loss: 0.6523, Train: 89.07%, Valid: 69.75%, Test In: 70.81% Test OOD1: 62.82% Test OOD2: 50.99% Test OOD3: 60.50% 
Epoch: 56, Loss: 0.6354, Train: 89.38%, Valid: 69.75%, Test In: 70.77% Test OOD1: 62.43% Test OOD2: 50.96% Test OOD3: 60.20% 
Epoch: 57, Loss: 0.6498, Train: 89.77%, Valid: 69.80%, Test In: 70.79% Test OOD1: 62.61% Test OOD2: 51.05% Test OOD3: 60.35% 
Epoch: 58, Loss: 0.6264, Train: 89.80%, Valid: 69.81%, Test In: 70.74% Test OOD1: 62.61% Test OOD2: 51.05% Test OOD3: 60.39% 
Epoch: 59, Loss: 0.6206, Train: 90.28%, Valid: 69.76%, Test In: 70.65% Test OOD1: 62.26% Test OOD2: 51.01% Test OOD3: 60.09% 
Epoch: 60, Loss: 0.6142, Train: 90.24%, Valid: 69.75%, Test In: 70.67% Test OOD1: 62.64% Test OOD2: 50.92% Test OOD3: 60.23% 
Epoch: 61, Loss: 0.6162, Train: 91.04%, Valid: 69.62%, Test In: 70.56% Test OOD1: 62.59% Test OOD2: 50.99% Test OOD3: 60.14% 
Epoch: 62, Loss: 0.5988, Train: 90.93%, Valid: 69.67%, Test In: 70.60% Test OOD1: 62.55% Test OOD2: 50.95% Test OOD3: 60.16% 
Epoch: 63, Loss: 0.5912, Train: 91.42%, Valid: 69.63%, Test In: 70.50% Test OOD1: 62.08% Test OOD2: 50.95% Test OOD3: 59.87% 
Epoch: 64, Loss: 0.5846, Train: 91.51%, Valid: 69.63%, Test In: 70.57% Test OOD1: 62.51% Test OOD2: 50.96% Test OOD3: 60.04% 
Epoch: 65, Loss: 0.5735, Train: 92.17%, Valid: 69.51%, Test In: 70.47% Test OOD1: 62.42% Test OOD2: 51.02% Test OOD3: 59.93% 
Epoch: 66, Loss: 0.5711, Train: 92.08%, Valid: 69.58%, Test In: 70.51% Test OOD1: 62.00% Test OOD2: 50.96% Test OOD3: 59.76% 
Epoch: 67, Loss: 0.5646, Train: 92.49%, Valid: 69.51%, Test In: 70.47% Test OOD1: 62.14% Test OOD2: 50.98% Test OOD3: 59.83% 
Epoch: 68, Loss: 0.5467, Train: 93.04%, Valid: 69.39%, Test In: 70.34% Test OOD1: 61.95% Test OOD2: 51.01% Test OOD3: 59.64% 
Epoch: 69, Loss: 0.5465, Train: 92.78%, Valid: 69.40%, Test In: 70.38% Test OOD1: 62.26% Test OOD2: 50.93% Test OOD3: 59.77% 
Epoch: 70, Loss: 0.5385, Train: 93.66%, Valid: 69.28%, Test In: 70.18% Test OOD1: 61.90% Test OOD2: 51.04% Test OOD3: 59.53% 
Epoch: 71, Loss: 0.5413, Train: 93.48%, Valid: 69.34%, Test In: 70.25% Test OOD1: 62.18% Test OOD2: 50.96% Test OOD3: 59.70% 
Epoch: 72, Loss: 0.5215, Train: 93.95%, Valid: 69.29%, Test In: 70.19% Test OOD1: 62.06% Test OOD2: 50.97% Test OOD3: 59.54% 
Epoch: 73, Loss: 0.5136, Train: 94.51%, Valid: 69.22%, Test In: 70.14% Test OOD1: 62.15% Test OOD2: 51.09% Test OOD3: 59.59% 
Epoch: 74, Loss: 0.5080, Train: 94.35%, Valid: 69.29%, Test In: 70.22% Test OOD1: 62.35% Test OOD2: 51.05% Test OOD3: 59.75% 
Epoch: 75, Loss: 0.4979, Train: 94.84%, Valid: 69.29%, Test In: 70.16% Test OOD1: 62.00% Test OOD2: 51.11% Test OOD3: 59.54% 
Epoch: 76, Loss: 0.4979, Train: 95.16%, Valid: 69.19%, Test In: 70.09% Test OOD1: 62.37% Test OOD2: 51.15% Test OOD3: 59.64% 
Epoch: 77, Loss: 0.4800, Train: 95.24%, Valid: 69.29%, Test In: 70.13% Test OOD1: 62.17% Test OOD2: 51.11% Test OOD3: 59.55% 
Epoch: 78, Loss: 0.4788, Train: 95.73%, Valid: 69.25%, Test In: 70.02% Test OOD1: 61.64% Test OOD2: 51.15% Test OOD3: 59.23% 
Epoch: 79, Loss: 0.4759, Train: 95.77%, Valid: 69.19%, Test In: 70.09% Test OOD1: 61.88% Test OOD2: 51.11% Test OOD3: 59.29% 
Epoch: 80, Loss: 0.4601, Train: 96.06%, Valid: 69.21%, Test In: 70.11% Test OOD1: 61.60% Test OOD2: 51.13% Test OOD3: 59.15% 
Epoch: 81, Loss: 0.4467, Train: 96.52%, Valid: 69.20%, Test In: 70.05% Test OOD1: 61.19% Test OOD2: 51.17% Test OOD3: 59.04% 
Epoch: 82, Loss: 0.4527, Train: 96.38%, Valid: 69.11%, Test In: 70.07% Test OOD1: 62.04% Test OOD2: 51.21% Test OOD3: 59.46% 
Epoch: 83, Loss: 0.4399, Train: 96.82%, Valid: 68.95%, Test In: 69.95% Test OOD1: 62.06% Test OOD2: 51.34% Test OOD3: 59.51% 
Epoch: 84, Loss: 0.4304, Train: 97.01%, Valid: 68.96%, Test In: 69.96% Test OOD1: 62.11% Test OOD2: 51.37% Test OOD3: 59.54% 
Epoch: 85, Loss: 0.4266, Train: 97.17%, Valid: 69.04%, Test In: 70.00% Test OOD1: 61.79% Test OOD2: 51.35% Test OOD3: 59.34% 
Epoch: 86, Loss: 0.4193, Train: 97.60%, Valid: 68.82%, Test In: 69.84% Test OOD1: 61.84% Test OOD2: 51.42% Test OOD3: 59.30% 
Epoch: 87, Loss: 0.4108, Train: 97.34%, Valid: 68.91%, Test In: 69.96% Test OOD1: 61.93% Test OOD2: 51.31% Test OOD3: 59.26% 
Epoch: 88, Loss: 0.4121, Train: 97.86%, Valid: 68.80%, Test In: 69.85% Test OOD1: 61.55% Test OOD2: 51.31% Test OOD3: 59.15% 
Epoch: 89, Loss: 0.3892, Train: 98.04%, Valid: 68.74%, Test In: 69.82% Test OOD1: 61.63% Test OOD2: 51.32% Test OOD3: 59.22% 
Epoch: 90, Loss: 0.3976, Train: 98.15%, Valid: 68.76%, Test In: 69.84% Test OOD1: 61.58% Test OOD2: 51.31% Test OOD3: 59.20% 
Epoch: 91, Loss: 0.3881, Train: 98.29%, Valid: 68.76%, Test In: 69.80% Test OOD1: 61.59% Test OOD2: 51.35% Test OOD3: 59.19% 
Epoch: 92, Loss: 0.3749, Train: 98.40%, Valid: 68.76%, Test In: 69.79% Test OOD1: 61.71% Test OOD2: 51.36% Test OOD3: 59.20% 
Epoch: 93, Loss: 0.3730, Train: 98.57%, Valid: 68.82%, Test In: 69.75% Test OOD1: 61.64% Test OOD2: 51.36% Test OOD3: 59.11% 
Epoch: 94, Loss: 0.3666, Train: 98.72%, Valid: 68.89%, Test In: 69.70% Test OOD1: 61.47% Test OOD2: 51.39% Test OOD3: 59.01% 
Epoch: 95, Loss: 0.3695, Train: 98.59%, Valid: 68.83%, Test In: 69.69% Test OOD1: 62.12% Test OOD2: 51.40% Test OOD3: 59.22% 
Epoch: 96, Loss: 0.3569, Train: 98.97%, Valid: 68.80%, Test In: 69.56% Test OOD1: 61.58% Test OOD2: 51.49% Test OOD3: 58.94% 
Epoch: 97, Loss: 0.3543, Train: 98.80%, Valid: 68.87%, Test In: 69.71% Test OOD1: 61.82% Test OOD2: 51.39% Test OOD3: 59.01% 
Epoch: 98, Loss: 0.3472, Train: 99.04%, Valid: 68.74%, Test In: 69.61% Test OOD1: 61.56% Test OOD2: 51.43% Test OOD3: 58.91% 
Epoch: 99, Loss: 0.3415, Train: 99.09%, Valid: 68.74%, Test In: 69.64% Test OOD1: 61.45% Test OOD2: 51.32% Test OOD3: 58.88% 
Epoch: 100, Loss: 0.3372, Train: 99.06%, Valid: 68.83%, Test In: 69.71% Test OOD1: 61.41% Test OOD2: 51.20% Test OOD3: 58.89% 
Epoch: 101, Loss: 0.3351, Train: 99.32%, Valid: 68.61%, Test In: 69.45% Test OOD1: 61.44% Test OOD2: 51.29% Test OOD3: 58.91% 
Epoch: 102, Loss: 0.3357, Train: 99.26%, Valid: 68.75%, Test In: 69.45% Test OOD1: 61.79% Test OOD2: 51.21% Test OOD3: 59.09% 
Epoch: 103, Loss: 0.3269, Train: 99.34%, Valid: 68.76%, Test In: 69.31% Test OOD1: 61.59% Test OOD2: 51.16% Test OOD3: 59.00% 
Epoch: 104, Loss: 0.3330, Train: 99.45%, Valid: 68.75%, Test In: 69.31% Test OOD1: 61.68% Test OOD2: 51.17% Test OOD3: 59.02% 
Epoch: 105, Loss: 0.3155, Train: 99.51%, Valid: 68.90%, Test In: 69.36% Test OOD1: 61.46% Test OOD2: 51.20% Test OOD3: 58.89% 
Epoch: 106, Loss: 0.3173, Train: 99.55%, Valid: 68.85%, Test In: 69.34% Test OOD1: 61.33% Test OOD2: 51.15% Test OOD3: 58.72% 
Epoch: 107, Loss: 0.3125, Train: 99.41%, Valid: 68.74%, Test In: 69.34% Test OOD1: 61.93% Test OOD2: 51.10% Test OOD3: 58.93% 
Epoch: 108, Loss: 0.3196, Train: 99.62%, Valid: 68.70%, Test In: 69.25% Test OOD1: 61.69% Test OOD2: 51.24% Test OOD3: 58.81% 
Epoch: 109, Loss: 0.3132, Train: 99.66%, Valid: 68.74%, Test In: 69.26% Test OOD1: 61.52% Test OOD2: 51.20% Test OOD3: 58.73% 
Epoch: 110, Loss: 0.2973, Train: 99.61%, Valid: 68.81%, Test In: 69.31% Test OOD1: 61.55% Test OOD2: 51.11% Test OOD3: 58.73% 
Epoch: 111, Loss: 0.3026, Train: 99.78%, Valid: 68.64%, Test In: 69.11% Test OOD1: 61.37% Test OOD2: 51.22% Test OOD3: 58.63% 
Epoch: 112, Loss: 0.2983, Train: 99.74%, Valid: 68.86%, Test In: 69.25% Test OOD1: 61.68% Test OOD2: 51.20% Test OOD3: 58.84% 
Epoch: 113, Loss: 0.2956, Train: 99.75%, Valid: 68.97%, Test In: 69.35% Test OOD1: 61.61% Test OOD2: 51.20% Test OOD3: 58.89% 
Epoch: 114, Loss: 0.2933, Train: 99.76%, Valid: 68.86%, Test In: 69.35% Test OOD1: 61.76% Test OOD2: 51.20% Test OOD3: 58.99% 
Epoch: 115, Loss: 0.2947, Train: 99.73%, Valid: 68.86%, Test In: 69.49% Test OOD1: 61.91% Test OOD2: 51.24% Test OOD3: 59.06% 
Epoch: 116, Loss: 0.2823, Train: 99.80%, Valid: 68.97%, Test In: 69.53% Test OOD1: 61.60% Test OOD2: 51.36% Test OOD3: 58.92% 
Epoch: 117, Loss: 0.2722, Train: 99.82%, Valid: 68.95%, Test In: 69.51% Test OOD1: 61.45% Test OOD2: 51.42% Test OOD3: 58.80% 
Epoch: 118, Loss: 0.2712, Train: 99.81%, Valid: 68.78%, Test In: 69.47% Test OOD1: 61.65% Test OOD2: 51.36% Test OOD3: 58.81% 
Epoch: 119, Loss: 0.2681, Train: 99.85%, Valid: 68.66%, Test In: 69.40% Test OOD1: 61.52% Test OOD2: 51.35% Test OOD3: 58.76% 
Epoch: 120, Loss: 0.2768, Train: 99.84%, Valid: 68.86%, Test In: 69.47% Test OOD1: 61.53% Test OOD2: 51.28% Test OOD3: 58.81% 
Epoch: 121, Loss: 0.2667, Train: 99.89%, Valid: 68.86%, Test In: 69.40% Test OOD1: 61.22% Test OOD2: 51.26% Test OOD3: 58.73% 
Epoch: 122, Loss: 0.2621, Train: 99.89%, Valid: 68.78%, Test In: 69.40% Test OOD1: 61.35% Test OOD2: 51.20% Test OOD3: 58.75% 
Epoch: 123, Loss: 0.2587, Train: 99.87%, Valid: 68.72%, Test In: 69.45% Test OOD1: 61.64% Test OOD2: 51.12% Test OOD3: 58.84% 
Epoch: 124, Loss: 0.2614, Train: 99.91%, Valid: 68.76%, Test In: 69.48% Test OOD1: 61.37% Test OOD2: 51.20% Test OOD3: 58.72% 
Epoch: 125, Loss: 0.2671, Train: 99.91%, Valid: 68.75%, Test In: 69.47% Test OOD1: 61.51% Test OOD2: 51.19% Test OOD3: 58.74% 
Epoch: 126, Loss: 0.2577, Train: 99.90%, Valid: 68.71%, Test In: 69.42% Test OOD1: 61.64% Test OOD2: 51.14% Test OOD3: 58.74% 
Epoch: 127, Loss: 0.2568, Train: 99.94%, Valid: 68.68%, Test In: 69.33% Test OOD1: 61.21% Test OOD2: 51.20% Test OOD3: 58.65% 
Epoch: 128, Loss: 0.2617, Train: 99.91%, Valid: 68.81%, Test In: 69.41% Test OOD1: 61.47% Test OOD2: 51.13% Test OOD3: 58.70% 
Epoch: 129, Loss: 0.2556, Train: 99.91%, Valid: 68.82%, Test In: 69.36% Test OOD1: 61.57% Test OOD2: 51.08% Test OOD3: 58.69% 
Epoch: 130, Loss: 0.2533, Train: 99.95%, Valid: 68.66%, Test In: 69.25% Test OOD1: 61.35% Test OOD2: 51.18% Test OOD3: 58.62% 
Epoch: 131, Loss: 0.2576, Train: 99.94%, Valid: 68.70%, Test In: 69.31% Test OOD1: 61.51% Test OOD2: 51.12% Test OOD3: 58.58% 
Epoch: 132, Loss: 0.2385, Train: 99.94%, Valid: 68.78%, Test In: 69.38% Test OOD1: 61.43% Test OOD2: 51.09% Test OOD3: 58.50% 
Epoch: 133, Loss: 0.2500, Train: 99.96%, Valid: 68.72%, Test In: 69.34% Test OOD1: 61.29% Test OOD2: 51.16% Test OOD3: 58.44% 
Epoch: 134, Loss: 0.2402, Train: 99.96%, Valid: 68.61%, Test In: 69.33% Test OOD1: 61.27% Test OOD2: 51.17% Test OOD3: 58.40% 
Epoch: 135, Loss: 0.2424, Train: 99.96%, Valid: 68.56%, Test In: 69.32% Test OOD1: 61.30% Test OOD2: 51.13% Test OOD3: 58.39% 
Epoch: 136, Loss: 0.2394, Train: 99.97%, Valid: 68.58%, Test In: 69.35% Test OOD1: 61.00% Test OOD2: 51.21% Test OOD3: 58.35% 
Epoch: 137, Loss: 0.2351, Train: 99.97%, Valid: 68.52%, Test In: 69.40% Test OOD1: 61.25% Test OOD2: 51.21% Test OOD3: 58.55% 
Epoch: 138, Loss: 0.2272, Train: 99.96%, Valid: 68.34%, Test In: 69.29% Test OOD1: 61.57% Test OOD2: 51.21% Test OOD3: 58.76% 
Epoch: 139, Loss: 0.2311, Train: 99.98%, Valid: 68.47%, Test In: 69.34% Test OOD1: 61.42% Test OOD2: 51.30% Test OOD3: 58.75% 
Epoch: 140, Loss: 0.2353, Train: 99.98%, Valid: 68.66%, Test In: 69.42% Test OOD1: 61.26% Test OOD2: 51.35% Test OOD3: 58.73% 
Epoch: 141, Loss: 0.2312, Train: 99.97%, Valid: 68.61%, Test In: 69.38% Test OOD1: 61.58% Test OOD2: 51.33% Test OOD3: 58.73% 
Epoch: 142, Loss: 0.2350, Train: 99.98%, Valid: 68.56%, Test In: 69.26% Test OOD1: 61.56% Test OOD2: 51.36% Test OOD3: 58.63% 
Epoch: 143, Loss: 0.2201, Train: 99.99%, Valid: 68.63%, Test In: 69.26% Test OOD1: 61.36% Test OOD2: 51.39% Test OOD3: 58.48% 
Epoch: 144, Loss: 0.2234, Train: 99.99%, Valid: 68.79%, Test In: 69.41% Test OOD1: 61.22% Test OOD2: 51.41% Test OOD3: 58.47% 
Epoch: 145, Loss: 0.2263, Train: 99.99%, Valid: 68.79%, Test In: 69.51% Test OOD1: 61.40% Test OOD2: 51.39% Test OOD3: 58.62% 
Epoch: 146, Loss: 0.2282, Train: 99.99%, Valid: 68.78%, Test In: 69.52% Test OOD1: 61.48% Test OOD2: 51.44% Test OOD3: 58.79% 
Epoch: 147, Loss: 0.2198, Train: 99.99%, Valid: 68.86%, Test In: 69.59% Test OOD1: 61.64% Test OOD2: 51.43% Test OOD3: 58.93% 
Epoch: 148, Loss: 0.2256, Train: 99.99%, Valid: 68.81%, Test In: 69.54% Test OOD1: 61.66% Test OOD2: 51.44% Test OOD3: 58.96% 
Epoch: 149, Loss: 0.2248, Train: 99.99%, Valid: 68.66%, Test In: 69.48% Test OOD1: 61.55% Test OOD2: 51.49% Test OOD3: 58.87% 
Epoch: 150, Loss: 0.2251, Train: 99.99%, Valid: 68.64%, Test In: 69.47% Test OOD1: 61.42% Test OOD2: 51.48% Test OOD3: 58.72% 
Epoch: 151, Loss: 0.2159, Train: 99.99%, Valid: 68.65%, Test In: 69.42% Test OOD1: 61.29% Test OOD2: 51.52% Test OOD3: 58.59% 
Epoch: 152, Loss: 0.2083, Train: 99.99%, Valid: 68.64%, Test In: 69.36% Test OOD1: 61.14% Test OOD2: 51.55% Test OOD3: 58.51% 
Epoch: 153, Loss: 0.2203, Train: 99.99%, Valid: 68.61%, Test In: 69.38% Test OOD1: 61.42% Test OOD2: 51.55% Test OOD3: 58.61% 
Epoch: 154, Loss: 0.2144, Train: 99.99%, Valid: 68.68%, Test In: 69.50% Test OOD1: 61.56% Test OOD2: 51.52% Test OOD3: 58.65% 
Epoch: 155, Loss: 0.2087, Train: 99.99%, Valid: 68.64%, Test In: 69.50% Test OOD1: 61.66% Test OOD2: 51.52% Test OOD3: 58.64% 
Epoch: 156, Loss: 0.2119, Train: 99.99%, Valid: 68.59%, Test In: 69.46% Test OOD1: 61.56% Test OOD2: 51.52% Test OOD3: 58.61% 
Epoch: 157, Loss: 0.2081, Train: 100.00%, Valid: 68.54%, Test In: 69.45% Test OOD1: 61.27% Test OOD2: 51.49% Test OOD3: 58.46% 
Epoch: 158, Loss: 0.2091, Train: 99.99%, Valid: 68.48%, Test In: 69.47% Test OOD1: 61.04% Test OOD2: 51.41% Test OOD3: 58.30% 
Epoch: 159, Loss: 0.2164, Train: 100.00%, Valid: 68.28%, Test In: 69.35% Test OOD1: 61.05% Test OOD2: 51.42% Test OOD3: 58.28% 
Epoch: 160, Loss: 0.2117, Train: 100.00%, Valid: 68.25%, Test In: 69.29% Test OOD1: 61.08% Test OOD2: 51.44% Test OOD3: 58.36% 
Epoch: 161, Loss: 0.2046, Train: 100.00%, Valid: 68.24%, Test In: 69.23% Test OOD1: 61.17% Test OOD2: 51.41% Test OOD3: 58.43% 
Epoch: 162, Loss: 0.2139, Train: 100.00%, Valid: 68.23%, Test In: 69.20% Test OOD1: 61.16% Test OOD2: 51.44% Test OOD3: 58.43% 
Epoch: 163, Loss: 0.2024, Train: 100.00%, Valid: 68.20%, Test In: 69.17% Test OOD1: 61.25% Test OOD2: 51.49% Test OOD3: 58.48% 
Epoch: 164, Loss: 0.2103, Train: 100.00%, Valid: 68.24%, Test In: 69.24% Test OOD1: 61.46% Test OOD2: 51.47% Test OOD3: 58.60% 
Epoch: 165, Loss: 0.1988, Train: 100.00%, Valid: 68.35%, Test In: 69.31% Test OOD1: 61.51% Test OOD2: 51.45% Test OOD3: 58.60% 
Epoch: 166, Loss: 0.2006, Train: 100.00%, Valid: 68.40%, Test In: 69.37% Test OOD1: 61.29% Test OOD2: 51.46% Test OOD3: 58.51% 
Epoch: 167, Loss: 0.2134, Train: 100.00%, Valid: 68.35%, Test In: 69.41% Test OOD1: 61.51% Test OOD2: 51.44% Test OOD3: 58.55% 
Epoch: 168, Loss: 0.2035, Train: 100.00%, Valid: 68.33%, Test In: 69.42% Test OOD1: 61.41% Test OOD2: 51.43% Test OOD3: 58.45% 
Epoch: 169, Loss: 0.2024, Train: 100.00%, Valid: 68.35%, Test In: 69.46% Test OOD1: 61.01% Test OOD2: 51.44% Test OOD3: 58.23% 
Epoch: 170, Loss: 0.1995, Train: 100.00%, Valid: 68.32%, Test In: 69.47% Test OOD1: 60.99% Test OOD2: 51.38% Test OOD3: 58.20% 
Epoch: 171, Loss: 0.2028, Train: 100.00%, Valid: 68.25%, Test In: 69.43% Test OOD1: 61.20% Test OOD2: 51.31% Test OOD3: 58.29% 
Epoch: 172, Loss: 0.1925, Train: 100.00%, Valid: 68.28%, Test In: 69.44% Test OOD1: 61.03% Test OOD2: 51.32% Test OOD3: 58.28% 
Epoch: 173, Loss: 0.1960, Train: 100.00%, Valid: 68.36%, Test In: 69.48% Test OOD1: 61.05% Test OOD2: 51.29% Test OOD3: 58.39% 
Epoch: 174, Loss: 0.1989, Train: 100.00%, Valid: 68.36%, Test In: 69.41% Test OOD1: 61.15% Test OOD2: 51.30% Test OOD3: 58.49% 
Epoch: 175, Loss: 0.1965, Train: 100.00%, Valid: 68.28%, Test In: 69.38% Test OOD1: 61.62% Test OOD2: 51.25% Test OOD3: 58.74% 
Epoch: 176, Loss: 0.2051, Train: 100.00%, Valid: 68.41%, Test In: 69.48% Test OOD1: 61.22% Test OOD2: 51.34% Test OOD3: 58.61% 
Epoch: 177, Loss: 0.1901, Train: 100.00%, Valid: 68.42%, Test In: 69.56% Test OOD1: 60.76% Test OOD2: 51.41% Test OOD3: 58.38% 
Epoch: 178, Loss: 0.1895, Train: 100.00%, Valid: 68.39%, Test In: 69.62% Test OOD1: 61.25% Test OOD2: 51.40% Test OOD3: 58.53% 
Epoch: 179, Loss: 0.1930, Train: 100.00%, Valid: 68.41%, Test In: 69.67% Test OOD1: 61.04% Test OOD2: 51.46% Test OOD3: 58.42% 
Epoch: 180, Loss: 0.1972, Train: 100.00%, Valid: 68.48%, Test In: 69.71% Test OOD1: 61.09% Test OOD2: 51.44% Test OOD3: 58.41% 
Epoch: 181, Loss: 0.1892, Train: 100.00%, Valid: 68.52%, Test In: 69.73% Test OOD1: 61.38% Test OOD2: 51.42% Test OOD3: 58.50% 
Epoch: 182, Loss: 0.1892, Train: 100.00%, Valid: 68.53%, Test In: 69.72% Test OOD1: 61.36% Test OOD2: 51.45% Test OOD3: 58.46% 
Epoch: 183, Loss: 0.1953, Train: 100.00%, Valid: 68.51%, Test In: 69.67% Test OOD1: 61.06% Test OOD2: 51.43% Test OOD3: 58.31% 
Epoch: 184, Loss: 0.1912, Train: 100.00%, Valid: 68.39%, Test In: 69.59% Test OOD1: 61.35% Test OOD2: 51.36% Test OOD3: 58.45% 
Epoch: 185, Loss: 0.1911, Train: 100.00%, Valid: 68.39%, Test In: 69.53% Test OOD1: 61.12% Test OOD2: 51.42% Test OOD3: 58.34% 
Epoch: 186, Loss: 0.1884, Train: 100.00%, Valid: 68.30%, Test In: 69.45% Test OOD1: 60.79% Test OOD2: 51.40% Test OOD3: 58.16% 
Epoch: 187, Loss: 0.1886, Train: 100.00%, Valid: 68.22%, Test In: 69.41% Test OOD1: 60.85% Test OOD2: 51.31% Test OOD3: 58.18% 
Epoch: 188, Loss: 0.1850, Train: 100.00%, Valid: 68.17%, Test In: 69.34% Test OOD1: 60.95% Test OOD2: 51.29% Test OOD3: 58.20% 
Epoch: 189, Loss: 0.1899, Train: 100.00%, Valid: 68.12%, Test In: 69.27% Test OOD1: 60.88% Test OOD2: 51.30% Test OOD3: 58.12% 
Epoch: 190, Loss: 0.1845, Train: 100.00%, Valid: 68.14%, Test In: 69.28% Test OOD1: 60.91% Test OOD2: 51.26% Test OOD3: 58.10% 
Epoch: 191, Loss: 0.1860, Train: 100.00%, Valid: 68.22%, Test In: 69.32% Test OOD1: 60.96% Test OOD2: 51.25% Test OOD3: 58.09% 
Epoch: 192, Loss: 0.1821, Train: 100.00%, Valid: 68.39%, Test In: 69.39% Test OOD1: 60.97% Test OOD2: 51.27% Test OOD3: 58.10% 
Epoch: 193, Loss: 0.1809, Train: 100.00%, Valid: 68.51%, Test In: 69.42% Test OOD1: 61.00% Test OOD2: 51.34% Test OOD3: 58.13% 
Epoch: 194, Loss: 0.1836, Train: 100.00%, Valid: 68.54%, Test In: 69.48% Test OOD1: 61.24% Test OOD2: 51.36% Test OOD3: 58.28% 
Epoch: 195, Loss: 0.1821, Train: 100.00%, Valid: 68.66%, Test In: 69.64% Test OOD1: 61.24% Test OOD2: 51.45% Test OOD3: 58.35% 
Epoch: 196, Loss: 0.1860, Train: 100.00%, Valid: 68.61%, Test In: 69.71% Test OOD1: 61.25% Test OOD2: 51.52% Test OOD3: 58.40% 
Epoch: 197, Loss: 0.1854, Train: 100.00%, Valid: 68.51%, Test In: 69.72% Test OOD1: 61.42% Test OOD2: 51.48% Test OOD3: 58.51% 
Epoch: 198, Loss: 0.1768, Train: 100.00%, Valid: 68.49%, Test In: 69.78% Test OOD1: 61.39% Test OOD2: 51.46% Test OOD3: 58.57% 
Epoch: 199, Loss: 0.1749, Train: 100.00%, Valid: 68.58%, Test In: 69.82% Test OOD1: 61.09% Test OOD2: 51.52% Test OOD3: 58.50% 
Run 03:
Highest Train: 100.00
Highest Valid: 70.88
Highest In Test: 71.85
Highest OOD Test: 66.26
Highest OOD Test: 52.69
Highest OOD Test: 63.55
Chosen epoch: 21
Final Train: 78.04
Final In Test: 71.85
Final OOD Test: 65.30
Final OOD Test: 52.19
Final OOD Test: 63.43
All runs:
Highest Train: 100.00 ± 0.00
Highest Valid: 70.98 ± 0.13
Highest In Test: 71.89 ± 0.08
Highest OOD Test: 66.10 ± 0.23
Highest OOD Test: 52.51 ± 0.16
Highest OOD Test: 63.53 ± 0.07
  Final Train: 80.34 ± 2.00
   Final In  Test: 71.79 ± 0.12
   Final OOD Test: 64.92 ± 0.40
   Final OOD Test: 52.23 ± 0.16
   Final OOD Test: 62.99 ± 0.38
[INFO] TensorBoard writer closed.

Command: python main.py --dataset twitch --backbone_type gcn --env_type graph --combine_result --store_result --epochs 200 --runs 3 --num_layers 2 --expert_agg mean --tau 3 --lr 0.01 --weight_decay 5e-5 --dropout 0.0 --K 3 --hidden_channels 64 --seed 123 --device 0 --lr 0.005 --weight_decay 5e-05 --dropout 0.2 --lamda 0.5 --K 3 --hidden_channels 64 --other_env_reduce sample --result_name twitch_stage1_lr0.005_weight_decay5e-05_dropout0.2_lamda0.5_K3_hidden_channels64_other_env_reducesample
Return code: 0
Elapsed: 211.55s
