Namespace(K=3, backbone_type='gcn', combine_result=True, cpu=False, data_dir='./data/', dataset='twitch', device=0, display_step=1, dropout=0.2, env_type='graph', epochs=200, expert_agg='mean', gate_hidden=64, hidden_channels=64, infer_env=False, infer_env_components=64, infer_env_iters=30, infer_env_num=3, lamda=1.0, lr=0.005, num_layers=2, other_env_reduce='env', pos_weight=5.0, result_name='twitch_stage1_lr0.005_weight_decay5e-05_dropout0.2_lamda1.0_K3_hidden_channels64_other_env_reduceenv', runs=3, seed=123, store_result=True, tau=3.0, use_bn=False, variant=False, weight_decay=5e-05)
dataset twitch: all nodes 34120 | edges 429113 | classes 2 | feats 3170
train nodes 7897 | valid nodes 3949 | test in nodes 3949
test ood1 nodes 4648 test ood2 nodes 6551 test ood3 nodes 7126 
[INFO] env numbers: 6 train env numbers: 3
MODEL: CaNet(
  (experts): ModuleList(
    (0): ExpertNet(
      (convs): ModuleList(
        (0): CaNetConv()
        (1): CaNetConv()
      )
      (fcs): ModuleList(
        (0): Linear(in_features=3170, out_features=64, bias=True)
        (1): Linear(in_features=64, out_features=2, bias=True)
      )
      (act_fn): ReLU()
    )
    (1): ExpertNet(
      (convs): ModuleList(
        (0): CaNetConv()
        (1): CaNetConv()
      )
      (fcs): ModuleList(
        (0): Linear(in_features=3170, out_features=64, bias=True)
        (1): Linear(in_features=64, out_features=2, bias=True)
      )
      (act_fn): ReLU()
    )
    (2): ExpertNet(
      (convs): ModuleList(
        (0): CaNetConv()
        (1): CaNetConv()
      )
      (fcs): ModuleList(
        (0): Linear(in_features=3170, out_features=64, bias=True)
        (1): Linear(in_features=64, out_features=2, bias=True)
      )
      (act_fn): ReLU()
    )
  )
  (gate): Sequential(
    (0): Linear(in_features=3170, out_features=64, bias=True)
    (1): ReLU()
    (2): Linear(in_features=64, out_features=3, bias=True)
  )
)
[INFO] TensorBoard logging activated. Logs will be saved to: ./runs/twitch/Apr16_14-31-31_lamda_1.0
Epoch: 00, Loss: 1.3946, Train: 45.63%, Valid: 44.64%, Test In: 45.69% Test OOD1: 41.75% Test OOD2: 50.53% Test OOD3: 46.32% 
Epoch: 01, Loss: 1.3882, Train: 44.82%, Valid: 44.09%, Test In: 45.12% Test OOD1: 41.51% Test OOD2: 50.28% Test OOD3: 46.00% 
Epoch: 02, Loss: 1.3804, Train: 44.69%, Valid: 44.07%, Test In: 45.11% Test OOD1: 41.44% Test OOD2: 50.25% Test OOD3: 45.96% 
Epoch: 03, Loss: 1.3698, Train: 44.55%, Valid: 44.03%, Test In: 45.06% Test OOD1: 41.41% Test OOD2: 50.25% Test OOD3: 45.95% 
Epoch: 04, Loss: 1.3582, Train: 44.96%, Valid: 44.38%, Test In: 45.42% Test OOD1: 41.56% Test OOD2: 50.30% Test OOD3: 46.15% 
Epoch: 05, Loss: 1.3487, Train: 47.83%, Valid: 46.48%, Test In: 47.60% Test OOD1: 42.57% Test OOD2: 50.55% Test OOD3: 47.17% 
Epoch: 06, Loss: 1.3451, Train: 57.09%, Valid: 53.50%, Test In: 54.71% Test OOD1: 46.33% Test OOD2: 51.40% Test OOD3: 50.82% 
Epoch: 07, Loss: 1.3364, Train: 72.12%, Valid: 65.77%, Test In: 66.70% Test OOD1: 59.17% Test OOD2: 52.56% Test OOD3: 60.65% 
Epoch: 08, Loss: 1.3257, Train: 71.77%, Valid: 66.63%, Test In: 67.27% Test OOD1: 64.18% Test OOD2: 51.68% Test OOD3: 61.78% 
Epoch: 09, Loss: 1.3131, Train: 69.43%, Valid: 65.22%, Test In: 65.33% Test OOD1: 63.64% Test OOD2: 51.27% Test OOD3: 60.71% 
Epoch: 10, Loss: 1.3031, Train: 68.19%, Valid: 64.37%, Test In: 64.24% Test OOD1: 63.15% Test OOD2: 51.13% Test OOD3: 60.29% 
Epoch: 11, Loss: 1.2956, Train: 67.85%, Valid: 64.07%, Test In: 63.90% Test OOD1: 63.05% Test OOD2: 51.11% Test OOD3: 60.25% 
Epoch: 12, Loss: 1.2861, Train: 68.02%, Valid: 64.08%, Test In: 63.96% Test OOD1: 63.16% Test OOD2: 51.13% Test OOD3: 60.42% 
Epoch: 13, Loss: 1.2792, Train: 68.51%, Valid: 64.29%, Test In: 64.29% Test OOD1: 63.37% Test OOD2: 51.18% Test OOD3: 60.71% 
Epoch: 14, Loss: 1.2656, Train: 69.24%, Valid: 64.64%, Test In: 64.81% Test OOD1: 63.67% Test OOD2: 51.26% Test OOD3: 61.05% 
Epoch: 15, Loss: 1.2559, Train: 70.16%, Valid: 65.15%, Test In: 65.49% Test OOD1: 64.05% Test OOD2: 51.32% Test OOD3: 61.44% 
Epoch: 16, Loss: 1.2452, Train: 71.35%, Valid: 65.84%, Test In: 66.43% Test OOD1: 64.56% Test OOD2: 51.39% Test OOD3: 61.87% 
Epoch: 17, Loss: 1.2358, Train: 72.58%, Valid: 66.61%, Test In: 67.44% Test OOD1: 65.06% Test OOD2: 51.44% Test OOD3: 62.28% 
Epoch: 18, Loss: 1.2253, Train: 73.63%, Valid: 67.30%, Test In: 68.28% Test OOD1: 65.41% Test OOD2: 51.48% Test OOD3: 62.60% 
Epoch: 19, Loss: 1.2133, Train: 74.97%, Valid: 68.19%, Test In: 69.24% Test OOD1: 65.54% Test OOD2: 51.63% Test OOD3: 62.93% 
Epoch: 20, Loss: 1.2067, Train: 75.55%, Valid: 68.52%, Test In: 69.59% Test OOD1: 65.57% Test OOD2: 51.63% Test OOD3: 63.03% 
Epoch: 21, Loss: 1.1968, Train: 76.05%, Valid: 68.79%, Test In: 69.85% Test OOD1: 65.65% Test OOD2: 51.56% Test OOD3: 63.05% 
Epoch: 22, Loss: 1.1830, Train: 76.99%, Valid: 69.35%, Test In: 70.39% Test OOD1: 65.52% Test OOD2: 51.61% Test OOD3: 63.07% 
Epoch: 23, Loss: 1.1712, Train: 77.22%, Valid: 69.31%, Test In: 70.35% Test OOD1: 65.62% Test OOD2: 51.50% Test OOD3: 62.99% 
Epoch: 24, Loss: 1.1609, Train: 78.03%, Valid: 69.73%, Test In: 70.71% Test OOD1: 65.46% Test OOD2: 51.53% Test OOD3: 62.90% 
Epoch: 25, Loss: 1.1527, Train: 78.46%, Valid: 69.88%, Test In: 70.78% Test OOD1: 65.52% Test OOD2: 51.44% Test OOD3: 62.78% 
Epoch: 26, Loss: 1.1445, Train: 79.23%, Valid: 70.25%, Test In: 71.06% Test OOD1: 65.13% Test OOD2: 51.52% Test OOD3: 62.59% 
Epoch: 27, Loss: 1.1327, Train: 79.05%, Valid: 69.91%, Test In: 70.70% Test OOD1: 65.46% Test OOD2: 51.26% Test OOD3: 62.49% 
Epoch: 28, Loss: 1.1266, Train: 79.93%, Valid: 70.25%, Test In: 71.03% Test OOD1: 64.72% Test OOD2: 51.51% Test OOD3: 62.23% 
Epoch: 29, Loss: 1.1185, Train: 80.52%, Valid: 70.37%, Test In: 71.10% Test OOD1: 64.14% Test OOD2: 51.62% Test OOD3: 61.95% 
Epoch: 30, Loss: 1.1153, Train: 80.47%, Valid: 70.13%, Test In: 70.91% Test OOD1: 64.44% Test OOD2: 51.40% Test OOD3: 61.90% 
Epoch: 31, Loss: 1.0924, Train: 80.62%, Valid: 69.98%, Test In: 70.78% Test OOD1: 64.19% Test OOD2: 51.34% Test OOD3: 61.74% 
Epoch: 32, Loss: 1.0939, Train: 81.37%, Valid: 70.22%, Test In: 70.98% Test OOD1: 63.68% Test OOD2: 51.47% Test OOD3: 61.52% 
Epoch: 33, Loss: 1.0807, Train: 81.76%, Valid: 70.21%, Test In: 70.96% Test OOD1: 63.35% Test OOD2: 51.45% Test OOD3: 61.37% 
Epoch: 34, Loss: 1.0793, Train: 81.63%, Valid: 69.93%, Test In: 70.74% Test OOD1: 63.51% Test OOD2: 51.24% Test OOD3: 61.35% 
Epoch: 35, Loss: 1.0637, Train: 81.76%, Valid: 69.80%, Test In: 70.63% Test OOD1: 63.52% Test OOD2: 51.13% Test OOD3: 61.30% 
Epoch: 36, Loss: 1.0537, Train: 82.25%, Valid: 69.92%, Test In: 70.75% Test OOD1: 63.44% Test OOD2: 51.09% Test OOD3: 61.28% 
Epoch: 37, Loss: 1.0400, Train: 82.52%, Valid: 69.89%, Test In: 70.72% Test OOD1: 63.08% Test OOD2: 51.12% Test OOD3: 61.16% 
Epoch: 38, Loss: 1.0371, Train: 82.47%, Valid: 69.72%, Test In: 70.53% Test OOD1: 62.95% Test OOD2: 51.02% Test OOD3: 61.08% 
Epoch: 39, Loss: 1.0343, Train: 82.58%, Valid: 69.55%, Test In: 70.43% Test OOD1: 63.30% Test OOD2: 50.77% Test OOD3: 61.15% 
Epoch: 40, Loss: 1.0285, Train: 82.95%, Valid: 69.66%, Test In: 70.49% Test OOD1: 62.88% Test OOD2: 50.85% Test OOD3: 61.01% 
Epoch: 41, Loss: 1.0114, Train: 83.39%, Valid: 69.72%, Test In: 70.56% Test OOD1: 62.13% Test OOD2: 51.00% Test OOD3: 60.72% 
Epoch: 42, Loss: 1.0022, Train: 83.63%, Valid: 69.62%, Test In: 70.47% Test OOD1: 62.42% Test OOD2: 50.80% Test OOD3: 60.72% 
Epoch: 43, Loss: 0.9924, Train: 83.44%, Valid: 69.35%, Test In: 70.11% Test OOD1: 62.66% Test OOD2: 50.70% Test OOD3: 60.68% 
Epoch: 44, Loss: 0.9922, Train: 83.77%, Valid: 69.39%, Test In: 70.14% Test OOD1: 62.27% Test OOD2: 50.79% Test OOD3: 60.45% 
Epoch: 45, Loss: 0.9835, Train: 84.51%, Valid: 69.49%, Test In: 70.33% Test OOD1: 62.11% Test OOD2: 50.76% Test OOD3: 60.29% 
Epoch: 46, Loss: 0.9753, Train: 84.64%, Valid: 69.40%, Test In: 70.17% Test OOD1: 62.25% Test OOD2: 50.74% Test OOD3: 60.22% 
Epoch: 47, Loss: 0.9563, Train: 84.46%, Valid: 69.27%, Test In: 69.97% Test OOD1: 62.20% Test OOD2: 50.64% Test OOD3: 60.09% 
Epoch: 48, Loss: 0.9517, Train: 84.86%, Valid: 69.27%, Test In: 70.03% Test OOD1: 62.25% Test OOD2: 50.57% Test OOD3: 60.06% 
Epoch: 49, Loss: 0.9408, Train: 85.33%, Valid: 69.38%, Test In: 70.16% Test OOD1: 62.08% Test OOD2: 50.62% Test OOD3: 59.96% 
Epoch: 50, Loss: 0.9306, Train: 85.34%, Valid: 69.28%, Test In: 70.08% Test OOD1: 62.17% Test OOD2: 50.56% Test OOD3: 59.97% 
Epoch: 51, Loss: 0.9224, Train: 85.51%, Valid: 69.23%, Test In: 70.09% Test OOD1: 62.15% Test OOD2: 50.50% Test OOD3: 59.96% 
Epoch: 52, Loss: 0.9185, Train: 85.81%, Valid: 69.32%, Test In: 70.15% Test OOD1: 61.99% Test OOD2: 50.51% Test OOD3: 59.85% 
Epoch: 53, Loss: 0.9069, Train: 86.31%, Valid: 69.30%, Test In: 70.16% Test OOD1: 62.12% Test OOD2: 50.57% Test OOD3: 59.90% 
Epoch: 54, Loss: 0.8930, Train: 86.51%, Valid: 69.33%, Test In: 70.16% Test OOD1: 61.89% Test OOD2: 50.54% Test OOD3: 59.81% 
Epoch: 55, Loss: 0.8907, Train: 86.71%, Valid: 69.39%, Test In: 70.18% Test OOD1: 62.00% Test OOD2: 50.52% Test OOD3: 59.83% 
Epoch: 56, Loss: 0.8810, Train: 87.23%, Valid: 69.37%, Test In: 70.16% Test OOD1: 62.07% Test OOD2: 50.58% Test OOD3: 59.87% 
Epoch: 57, Loss: 0.8691, Train: 87.46%, Valid: 69.36%, Test In: 70.09% Test OOD1: 61.98% Test OOD2: 50.58% Test OOD3: 59.82% 
Epoch: 58, Loss: 0.8704, Train: 87.75%, Valid: 69.39%, Test In: 70.11% Test OOD1: 61.88% Test OOD2: 50.57% Test OOD3: 59.71% 
Epoch: 59, Loss: 0.8551, Train: 87.94%, Valid: 69.28%, Test In: 70.02% Test OOD1: 62.25% Test OOD2: 50.62% Test OOD3: 59.85% 
Epoch: 60, Loss: 0.8489, Train: 88.51%, Valid: 69.34%, Test In: 70.06% Test OOD1: 61.89% Test OOD2: 50.63% Test OOD3: 59.70% 
Epoch: 61, Loss: 0.8321, Train: 88.85%, Valid: 69.34%, Test In: 70.06% Test OOD1: 61.73% Test OOD2: 50.64% Test OOD3: 59.61% 
Epoch: 62, Loss: 0.8231, Train: 88.91%, Valid: 69.25%, Test In: 69.97% Test OOD1: 61.92% Test OOD2: 50.66% Test OOD3: 59.66% 
Epoch: 63, Loss: 0.8209, Train: 89.79%, Valid: 69.26%, Test In: 70.00% Test OOD1: 61.78% Test OOD2: 50.77% Test OOD3: 59.58% 
Epoch: 64, Loss: 0.8095, Train: 89.56%, Valid: 69.10%, Test In: 69.79% Test OOD1: 61.69% Test OOD2: 50.62% Test OOD3: 59.51% 
Epoch: 65, Loss: 0.8039, Train: 90.19%, Valid: 69.17%, Test In: 69.83% Test OOD1: 61.35% Test OOD2: 50.62% Test OOD3: 59.31% 
Epoch: 66, Loss: 0.7788, Train: 90.76%, Valid: 69.14%, Test In: 69.80% Test OOD1: 61.51% Test OOD2: 50.69% Test OOD3: 59.34% 
Epoch: 67, Loss: 0.7791, Train: 90.34%, Valid: 68.87%, Test In: 69.53% Test OOD1: 61.91% Test OOD2: 50.60% Test OOD3: 59.52% 
Epoch: 68, Loss: 0.7690, Train: 90.81%, Valid: 68.97%, Test In: 69.62% Test OOD1: 61.55% Test OOD2: 50.57% Test OOD3: 59.38% 
Epoch: 69, Loss: 0.7521, Train: 91.59%, Valid: 69.05%, Test In: 69.72% Test OOD1: 61.14% Test OOD2: 50.63% Test OOD3: 59.19% 
Epoch: 70, Loss: 0.7494, Train: 91.43%, Valid: 68.94%, Test In: 69.62% Test OOD1: 61.57% Test OOD2: 50.58% Test OOD3: 59.36% 
Epoch: 71, Loss: 0.7276, Train: 91.55%, Valid: 68.98%, Test In: 69.65% Test OOD1: 61.45% Test OOD2: 50.54% Test OOD3: 59.27% 
Epoch: 72, Loss: 0.7295, Train: 92.30%, Valid: 69.02%, Test In: 69.69% Test OOD1: 61.25% Test OOD2: 50.63% Test OOD3: 59.16% 
Epoch: 73, Loss: 0.7110, Train: 92.61%, Valid: 69.02%, Test In: 69.67% Test OOD1: 61.22% Test OOD2: 50.65% Test OOD3: 59.07% 
Epoch: 74, Loss: 0.7017, Train: 92.49%, Valid: 68.97%, Test In: 69.60% Test OOD1: 61.51% Test OOD2: 50.62% Test OOD3: 59.14% 
Epoch: 75, Loss: 0.6947, Train: 92.91%, Valid: 68.96%, Test In: 69.63% Test OOD1: 61.47% Test OOD2: 50.65% Test OOD3: 59.07% 
Epoch: 76, Loss: 0.6787, Train: 93.43%, Valid: 68.93%, Test In: 69.66% Test OOD1: 61.12% Test OOD2: 50.70% Test OOD3: 58.87% 
Epoch: 77, Loss: 0.6665, Train: 93.63%, Valid: 68.81%, Test In: 69.57% Test OOD1: 61.35% Test OOD2: 50.71% Test OOD3: 58.93% 
Epoch: 78, Loss: 0.6602, Train: 93.71%, Valid: 68.76%, Test In: 69.55% Test OOD1: 61.37% Test OOD2: 50.68% Test OOD3: 58.92% 
Epoch: 79, Loss: 0.6482, Train: 94.27%, Valid: 68.72%, Test In: 69.47% Test OOD1: 61.34% Test OOD2: 50.80% Test OOD3: 58.85% 
Epoch: 80, Loss: 0.6361, Train: 94.58%, Valid: 68.80%, Test In: 69.51% Test OOD1: 61.06% Test OOD2: 50.84% Test OOD3: 58.66% 
Epoch: 81, Loss: 0.6301, Train: 94.61%, Valid: 68.83%, Test In: 69.45% Test OOD1: 61.35% Test OOD2: 50.82% Test OOD3: 58.68% 
Epoch: 82, Loss: 0.6197, Train: 95.01%, Valid: 68.80%, Test In: 69.39% Test OOD1: 61.37% Test OOD2: 50.93% Test OOD3: 58.74% 
Epoch: 83, Loss: 0.5901, Train: 95.33%, Valid: 68.84%, Test In: 69.36% Test OOD1: 61.06% Test OOD2: 50.94% Test OOD3: 58.61% 
Epoch: 84, Loss: 0.5988, Train: 95.40%, Valid: 68.65%, Test In: 69.19% Test OOD1: 61.52% Test OOD2: 50.96% Test OOD3: 58.75% 
Epoch: 85, Loss: 0.5807, Train: 95.66%, Valid: 68.58%, Test In: 69.15% Test OOD1: 61.48% Test OOD2: 50.99% Test OOD3: 58.69% 
Epoch: 86, Loss: 0.5771, Train: 95.96%, Valid: 68.66%, Test In: 69.25% Test OOD1: 60.98% Test OOD2: 51.03% Test OOD3: 58.45% 
Epoch: 87, Loss: 0.5814, Train: 96.12%, Valid: 68.45%, Test In: 69.05% Test OOD1: 61.28% Test OOD2: 51.03% Test OOD3: 58.64% 
Epoch: 88, Loss: 0.5851, Train: 96.43%, Valid: 68.65%, Test In: 69.25% Test OOD1: 61.03% Test OOD2: 51.04% Test OOD3: 58.48% 
Epoch: 89, Loss: 0.5445, Train: 96.57%, Valid: 68.71%, Test In: 69.33% Test OOD1: 60.82% Test OOD2: 51.04% Test OOD3: 58.40% 
Epoch: 90, Loss: 0.5609, Train: 96.54%, Valid: 68.51%, Test In: 69.17% Test OOD1: 61.41% Test OOD2: 51.03% Test OOD3: 58.74% 
Epoch: 91, Loss: 0.5555, Train: 97.19%, Valid: 68.43%, Test In: 69.08% Test OOD1: 61.30% Test OOD2: 51.13% Test OOD3: 58.67% 
Epoch: 92, Loss: 0.5583, Train: 96.87%, Valid: 68.53%, Test In: 69.23% Test OOD1: 61.53% Test OOD2: 51.04% Test OOD3: 58.77% 
Epoch: 93, Loss: 0.5210, Train: 97.05%, Valid: 68.57%, Test In: 69.24% Test OOD1: 61.50% Test OOD2: 51.03% Test OOD3: 58.72% 
Epoch: 94, Loss: 0.5122, Train: 97.62%, Valid: 68.49%, Test In: 69.08% Test OOD1: 61.42% Test OOD2: 51.07% Test OOD3: 58.65% 
Epoch: 95, Loss: 0.5193, Train: 97.51%, Valid: 68.51%, Test In: 69.13% Test OOD1: 61.49% Test OOD2: 51.04% Test OOD3: 58.66% 
Epoch: 96, Loss: 0.4888, Train: 97.47%, Valid: 68.49%, Test In: 69.14% Test OOD1: 61.46% Test OOD2: 51.02% Test OOD3: 58.50% 
Epoch: 97, Loss: 0.5078, Train: 97.93%, Valid: 68.35%, Test In: 69.04% Test OOD1: 61.30% Test OOD2: 51.00% Test OOD3: 58.29% 
Epoch: 98, Loss: 0.4900, Train: 98.12%, Valid: 68.20%, Test In: 68.87% Test OOD1: 61.15% Test OOD2: 51.00% Test OOD3: 58.20% 
Epoch: 99, Loss: 0.4815, Train: 98.01%, Valid: 68.17%, Test In: 68.87% Test OOD1: 61.19% Test OOD2: 51.01% Test OOD3: 58.30% 
Epoch: 100, Loss: 0.4883, Train: 98.17%, Valid: 68.20%, Test In: 68.85% Test OOD1: 61.46% Test OOD2: 51.04% Test OOD3: 58.44% 
Epoch: 101, Loss: 0.4626, Train: 98.45%, Valid: 68.25%, Test In: 68.82% Test OOD1: 61.49% Test OOD2: 51.09% Test OOD3: 58.53% 
Epoch: 102, Loss: 0.4638, Train: 98.45%, Valid: 68.26%, Test In: 68.82% Test OOD1: 61.46% Test OOD2: 51.12% Test OOD3: 58.72% 
Epoch: 103, Loss: 0.4495, Train: 98.43%, Valid: 68.25%, Test In: 68.79% Test OOD1: 61.46% Test OOD2: 51.07% Test OOD3: 58.73% 
Epoch: 104, Loss: 0.4490, Train: 98.62%, Valid: 68.26%, Test In: 68.71% Test OOD1: 61.49% Test OOD2: 50.97% Test OOD3: 58.53% 
Epoch: 105, Loss: 0.4370, Train: 98.77%, Valid: 68.32%, Test In: 68.66% Test OOD1: 61.23% Test OOD2: 50.91% Test OOD3: 58.35% 
Epoch: 106, Loss: 0.4356, Train: 98.84%, Valid: 68.24%, Test In: 68.65% Test OOD1: 61.06% Test OOD2: 50.88% Test OOD3: 58.30% 
Epoch: 107, Loss: 0.4285, Train: 98.91%, Valid: 68.15%, Test In: 68.63% Test OOD1: 61.15% Test OOD2: 50.86% Test OOD3: 58.29% 
Epoch: 108, Loss: 0.4222, Train: 99.02%, Valid: 68.20%, Test In: 68.67% Test OOD1: 61.23% Test OOD2: 50.85% Test OOD3: 58.26% 
Epoch: 109, Loss: 0.4218, Train: 99.09%, Valid: 68.11%, Test In: 68.66% Test OOD1: 61.23% Test OOD2: 50.82% Test OOD3: 58.29% 
Epoch: 110, Loss: 0.4070, Train: 99.16%, Valid: 68.11%, Test In: 68.68% Test OOD1: 61.09% Test OOD2: 50.81% Test OOD3: 58.35% 
Epoch: 111, Loss: 0.4208, Train: 99.25%, Valid: 67.97%, Test In: 68.60% Test OOD1: 61.24% Test OOD2: 50.78% Test OOD3: 58.34% 
Epoch: 112, Loss: 0.3970, Train: 99.23%, Valid: 67.90%, Test In: 68.60% Test OOD1: 61.45% Test OOD2: 50.72% Test OOD3: 58.43% 
Epoch: 113, Loss: 0.4021, Train: 99.29%, Valid: 67.92%, Test In: 68.64% Test OOD1: 61.34% Test OOD2: 50.74% Test OOD3: 58.51% 
Epoch: 114, Loss: 0.3943, Train: 99.42%, Valid: 67.96%, Test In: 68.72% Test OOD1: 61.04% Test OOD2: 50.81% Test OOD3: 58.46% 
Epoch: 115, Loss: 0.3996, Train: 99.39%, Valid: 67.95%, Test In: 68.76% Test OOD1: 61.09% Test OOD2: 50.82% Test OOD3: 58.40% 
Epoch: 116, Loss: 0.3842, Train: 99.43%, Valid: 67.90%, Test In: 68.74% Test OOD1: 61.25% Test OOD2: 50.81% Test OOD3: 58.30% 
Epoch: 117, Loss: 0.3830, Train: 99.49%, Valid: 68.00%, Test In: 68.78% Test OOD1: 61.31% Test OOD2: 50.84% Test OOD3: 58.30% 
Epoch: 118, Loss: 0.3745, Train: 99.51%, Valid: 68.06%, Test In: 68.81% Test OOD1: 61.42% Test OOD2: 50.86% Test OOD3: 58.33% 
Epoch: 119, Loss: 0.3653, Train: 99.53%, Valid: 67.92%, Test In: 68.74% Test OOD1: 61.60% Test OOD2: 50.84% Test OOD3: 58.34% 
Epoch: 120, Loss: 0.3716, Train: 99.60%, Valid: 67.81%, Test In: 68.70% Test OOD1: 61.69% Test OOD2: 50.85% Test OOD3: 58.28% 
Epoch: 121, Loss: 0.3604, Train: 99.66%, Valid: 67.82%, Test In: 68.76% Test OOD1: 61.59% Test OOD2: 50.86% Test OOD3: 58.19% 
Epoch: 122, Loss: 0.3631, Train: 99.66%, Valid: 67.91%, Test In: 68.83% Test OOD1: 61.33% Test OOD2: 50.85% Test OOD3: 58.10% 
Epoch: 123, Loss: 0.3640, Train: 99.71%, Valid: 67.86%, Test In: 68.81% Test OOD1: 61.07% Test OOD2: 50.87% Test OOD3: 57.97% 
Epoch: 124, Loss: 0.3472, Train: 99.73%, Valid: 67.58%, Test In: 68.72% Test OOD1: 61.13% Test OOD2: 50.88% Test OOD3: 57.86% 
Epoch: 125, Loss: 0.3507, Train: 99.71%, Valid: 67.59%, Test In: 68.77% Test OOD1: 61.16% Test OOD2: 50.92% Test OOD3: 57.83% 
Epoch: 126, Loss: 0.3467, Train: 99.76%, Valid: 67.67%, Test In: 68.80% Test OOD1: 61.05% Test OOD2: 51.00% Test OOD3: 57.82% 
Epoch: 127, Loss: 0.3435, Train: 99.77%, Valid: 67.69%, Test In: 68.78% Test OOD1: 61.08% Test OOD2: 51.04% Test OOD3: 57.91% 
Epoch: 128, Loss: 0.3439, Train: 99.77%, Valid: 67.62%, Test In: 68.76% Test OOD1: 61.23% Test OOD2: 51.02% Test OOD3: 58.07% 
Epoch: 129, Loss: 0.3395, Train: 99.80%, Valid: 67.58%, Test In: 68.80% Test OOD1: 61.26% Test OOD2: 50.97% Test OOD3: 58.07% 
Epoch: 130, Loss: 0.3352, Train: 99.83%, Valid: 67.61%, Test In: 68.80% Test OOD1: 61.14% Test OOD2: 50.95% Test OOD3: 58.03% 
Epoch: 131, Loss: 0.3322, Train: 99.82%, Valid: 67.60%, Test In: 68.79% Test OOD1: 61.09% Test OOD2: 50.93% Test OOD3: 58.01% 
Epoch: 132, Loss: 0.3344, Train: 99.84%, Valid: 67.61%, Test In: 68.78% Test OOD1: 61.09% Test OOD2: 50.92% Test OOD3: 57.99% 
Epoch: 133, Loss: 0.3356, Train: 99.88%, Valid: 67.66%, Test In: 68.77% Test OOD1: 61.19% Test OOD2: 50.94% Test OOD3: 58.01% 
Epoch: 134, Loss: 0.3411, Train: 99.87%, Valid: 67.62%, Test In: 68.73% Test OOD1: 61.32% Test OOD2: 50.90% Test OOD3: 58.00% 
Epoch: 135, Loss: 0.3282, Train: 99.88%, Valid: 67.69%, Test In: 68.76% Test OOD1: 61.24% Test OOD2: 50.91% Test OOD3: 57.97% 
Epoch: 136, Loss: 0.3221, Train: 99.90%, Valid: 67.74%, Test In: 68.78% Test OOD1: 61.23% Test OOD2: 50.94% Test OOD3: 57.96% 
Epoch: 137, Loss: 0.3191, Train: 99.86%, Valid: 67.68%, Test In: 68.82% Test OOD1: 61.47% Test OOD2: 50.97% Test OOD3: 58.08% 
Epoch: 138, Loss: 0.3339, Train: 99.90%, Valid: 67.62%, Test In: 68.84% Test OOD1: 61.39% Test OOD2: 51.03% Test OOD3: 58.05% 
Epoch: 139, Loss: 0.3144, Train: 99.90%, Valid: 67.64%, Test In: 68.88% Test OOD1: 61.25% Test OOD2: 51.04% Test OOD3: 57.97% 
Epoch: 140, Loss: 0.3198, Train: 99.89%, Valid: 67.55%, Test In: 68.86% Test OOD1: 61.28% Test OOD2: 51.00% Test OOD3: 57.96% 
Epoch: 141, Loss: 0.3115, Train: 99.91%, Valid: 67.51%, Test In: 68.76% Test OOD1: 61.28% Test OOD2: 51.00% Test OOD3: 57.92% 
Epoch: 142, Loss: 0.3056, Train: 99.92%, Valid: 67.59%, Test In: 68.75% Test OOD1: 61.36% Test OOD2: 50.98% Test OOD3: 57.98% 
Epoch: 143, Loss: 0.3173, Train: 99.92%, Valid: 67.60%, Test In: 68.78% Test OOD1: 61.48% Test OOD2: 50.97% Test OOD3: 58.05% 
Epoch: 144, Loss: 0.3125, Train: 99.92%, Valid: 67.47%, Test In: 68.72% Test OOD1: 61.61% Test OOD2: 50.99% Test OOD3: 58.07% 
Epoch: 145, Loss: 0.2998, Train: 99.93%, Valid: 67.33%, Test In: 68.62% Test OOD1: 61.58% Test OOD2: 51.01% Test OOD3: 57.96% 
Epoch: 146, Loss: 0.3061, Train: 99.93%, Valid: 67.44%, Test In: 68.73% Test OOD1: 61.33% Test OOD2: 51.06% Test OOD3: 57.84% 
Epoch: 147, Loss: 0.3033, Train: 99.92%, Valid: 67.45%, Test In: 68.77% Test OOD1: 61.24% Test OOD2: 51.04% Test OOD3: 57.82% 
Epoch: 148, Loss: 0.3139, Train: 99.94%, Valid: 67.29%, Test In: 68.63% Test OOD1: 61.29% Test OOD2: 51.04% Test OOD3: 57.80% 
Epoch: 149, Loss: 0.3024, Train: 99.94%, Valid: 67.36%, Test In: 68.66% Test OOD1: 61.22% Test OOD2: 51.03% Test OOD3: 57.87% 
Epoch: 150, Loss: 0.3007, Train: 99.93%, Valid: 67.45%, Test In: 68.79% Test OOD1: 61.35% Test OOD2: 51.03% Test OOD3: 58.04% 
Epoch: 151, Loss: 0.3021, Train: 99.95%, Valid: 67.42%, Test In: 68.76% Test OOD1: 61.45% Test OOD2: 51.04% Test OOD3: 58.05% 
Epoch: 152, Loss: 0.2908, Train: 99.95%, Valid: 67.32%, Test In: 68.64% Test OOD1: 61.57% Test OOD2: 51.05% Test OOD3: 57.97% 
Epoch: 153, Loss: 0.2960, Train: 99.94%, Valid: 67.44%, Test In: 68.75% Test OOD1: 61.50% Test OOD2: 51.07% Test OOD3: 57.87% 
Epoch: 154, Loss: 0.2964, Train: 99.96%, Valid: 67.72%, Test In: 68.87% Test OOD1: 61.12% Test OOD2: 51.13% Test OOD3: 57.71% 
Epoch: 155, Loss: 0.3056, Train: 99.95%, Valid: 67.77%, Test In: 68.99% Test OOD1: 61.55% Test OOD2: 51.10% Test OOD3: 57.94% 
Epoch: 156, Loss: 0.2975, Train: 99.94%, Valid: 67.65%, Test In: 68.94% Test OOD1: 62.04% Test OOD2: 50.99% Test OOD3: 58.16% 
Epoch: 157, Loss: 0.2995, Train: 99.95%, Valid: 67.83%, Test In: 68.94% Test OOD1: 61.86% Test OOD2: 50.99% Test OOD3: 58.17% 
Epoch: 158, Loss: 0.2986, Train: 99.95%, Valid: 67.92%, Test In: 68.95% Test OOD1: 61.69% Test OOD2: 50.96% Test OOD3: 58.16% 
Epoch: 159, Loss: 0.2958, Train: 99.94%, Valid: 67.81%, Test In: 68.93% Test OOD1: 61.80% Test OOD2: 50.88% Test OOD3: 58.18% 
Epoch: 160, Loss: 0.2973, Train: 99.96%, Valid: 67.68%, Test In: 68.77% Test OOD1: 61.71% Test OOD2: 50.83% Test OOD3: 58.04% 
Epoch: 161, Loss: 0.2977, Train: 99.97%, Valid: 67.57%, Test In: 68.69% Test OOD1: 61.53% Test OOD2: 50.81% Test OOD3: 57.90% 
Epoch: 162, Loss: 0.2933, Train: 99.95%, Valid: 67.63%, Test In: 68.77% Test OOD1: 61.40% Test OOD2: 50.83% Test OOD3: 57.87% 
Epoch: 163, Loss: 0.2954, Train: 99.96%, Valid: 67.68%, Test In: 68.81% Test OOD1: 61.29% Test OOD2: 50.80% Test OOD3: 57.77% 
Epoch: 164, Loss: 0.2807, Train: 99.97%, Valid: 67.64%, Test In: 68.83% Test OOD1: 61.39% Test OOD2: 50.79% Test OOD3: 57.80% 
Epoch: 165, Loss: 0.2786, Train: 99.96%, Valid: 67.53%, Test In: 68.85% Test OOD1: 61.61% Test OOD2: 50.77% Test OOD3: 57.89% 
Epoch: 166, Loss: 0.2823, Train: 99.97%, Valid: 67.66%, Test In: 68.97% Test OOD1: 61.56% Test OOD2: 50.84% Test OOD3: 57.86% 
Epoch: 167, Loss: 0.2758, Train: 99.97%, Valid: 67.68%, Test In: 68.96% Test OOD1: 61.45% Test OOD2: 50.90% Test OOD3: 57.68% 
Epoch: 168, Loss: 0.2830, Train: 99.97%, Valid: 67.68%, Test In: 69.00% Test OOD1: 61.52% Test OOD2: 50.87% Test OOD3: 57.64% 
Epoch: 169, Loss: 0.2692, Train: 99.97%, Valid: 67.76%, Test In: 69.03% Test OOD1: 61.39% Test OOD2: 50.87% Test OOD3: 57.59% 
Epoch: 170, Loss: 0.2733, Train: 99.97%, Valid: 67.89%, Test In: 69.05% Test OOD1: 61.19% Test OOD2: 50.89% Test OOD3: 57.55% 
Epoch: 171, Loss: 0.2808, Train: 99.97%, Valid: 67.90%, Test In: 68.98% Test OOD1: 61.31% Test OOD2: 50.84% Test OOD3: 57.64% 
Epoch: 172, Loss: 0.2837, Train: 99.97%, Valid: 67.93%, Test In: 68.97% Test OOD1: 61.41% Test OOD2: 50.79% Test OOD3: 57.73% 
Epoch: 173, Loss: 0.2658, Train: 99.97%, Valid: 67.97%, Test In: 68.98% Test OOD1: 61.42% Test OOD2: 50.81% Test OOD3: 57.77% 
Epoch: 174, Loss: 0.2798, Train: 99.97%, Valid: 67.98%, Test In: 69.03% Test OOD1: 61.51% Test OOD2: 50.85% Test OOD3: 57.87% 
Epoch: 175, Loss: 0.2674, Train: 99.97%, Valid: 68.00%, Test In: 69.12% Test OOD1: 61.31% Test OOD2: 50.92% Test OOD3: 57.79% 
Epoch: 176, Loss: 0.2626, Train: 99.97%, Valid: 67.94%, Test In: 69.13% Test OOD1: 61.34% Test OOD2: 50.93% Test OOD3: 57.80% 
Epoch: 177, Loss: 0.2584, Train: 99.97%, Valid: 67.74%, Test In: 69.01% Test OOD1: 61.57% Test OOD2: 50.87% Test OOD3: 57.90% 
Epoch: 178, Loss: 0.2655, Train: 99.97%, Valid: 67.71%, Test In: 69.01% Test OOD1: 61.49% Test OOD2: 50.86% Test OOD3: 57.89% 
Epoch: 179, Loss: 0.2566, Train: 99.97%, Valid: 67.67%, Test In: 68.95% Test OOD1: 61.41% Test OOD2: 50.90% Test OOD3: 57.90% 
Epoch: 180, Loss: 0.2787, Train: 99.97%, Valid: 67.44%, Test In: 68.77% Test OOD1: 61.53% Test OOD2: 50.91% Test OOD3: 57.87% 
Epoch: 181, Loss: 0.2565, Train: 99.97%, Valid: 67.31%, Test In: 68.71% Test OOD1: 61.60% Test OOD2: 50.92% Test OOD3: 57.80% 
Epoch: 182, Loss: 0.2713, Train: 99.97%, Valid: 67.46%, Test In: 68.84% Test OOD1: 61.34% Test OOD2: 50.94% Test OOD3: 57.55% 
Epoch: 183, Loss: 0.2677, Train: 99.98%, Valid: 67.56%, Test In: 68.85% Test OOD1: 61.12% Test OOD2: 50.97% Test OOD3: 57.33% 
Epoch: 184, Loss: 0.2727, Train: 99.98%, Valid: 67.47%, Test In: 68.75% Test OOD1: 61.48% Test OOD2: 50.94% Test OOD3: 57.48% 
Epoch: 185, Loss: 0.2588, Train: 99.98%, Valid: 67.44%, Test In: 68.74% Test OOD1: 61.76% Test OOD2: 50.92% Test OOD3: 57.63% 
Epoch: 186, Loss: 0.2591, Train: 99.98%, Valid: 67.53%, Test In: 68.76% Test OOD1: 61.75% Test OOD2: 50.91% Test OOD3: 57.66% 
Epoch: 187, Loss: 0.2679, Train: 99.99%, Valid: 67.64%, Test In: 68.73% Test OOD1: 61.65% Test OOD2: 50.92% Test OOD3: 57.68% 
Epoch: 188, Loss: 0.2697, Train: 99.98%, Valid: 67.57%, Test In: 68.69% Test OOD1: 61.73% Test OOD2: 50.93% Test OOD3: 57.78% 
Epoch: 189, Loss: 0.2576, Train: 99.98%, Valid: 67.57%, Test In: 68.72% Test OOD1: 61.67% Test OOD2: 50.95% Test OOD3: 57.81% 
Epoch: 190, Loss: 0.2598, Train: 99.98%, Valid: 67.59%, Test In: 68.80% Test OOD1: 61.48% Test OOD2: 50.98% Test OOD3: 57.73% 
Epoch: 191, Loss: 0.2591, Train: 99.98%, Valid: 67.57%, Test In: 68.82% Test OOD1: 61.49% Test OOD2: 51.02% Test OOD3: 57.71% 
Epoch: 192, Loss: 0.2558, Train: 99.98%, Valid: 67.61%, Test In: 68.85% Test OOD1: 61.39% Test OOD2: 51.11% Test OOD3: 57.67% 
Epoch: 193, Loss: 0.2587, Train: 99.98%, Valid: 67.67%, Test In: 68.91% Test OOD1: 61.36% Test OOD2: 51.17% Test OOD3: 57.62% 
Epoch: 194, Loss: 0.2591, Train: 99.98%, Valid: 67.60%, Test In: 68.93% Test OOD1: 61.86% Test OOD2: 51.13% Test OOD3: 57.77% 
Epoch: 195, Loss: 0.2660, Train: 99.98%, Valid: 67.67%, Test In: 68.92% Test OOD1: 62.03% Test OOD2: 51.12% Test OOD3: 57.89% 
Epoch: 196, Loss: 0.2597, Train: 99.98%, Valid: 67.72%, Test In: 68.84% Test OOD1: 61.95% Test OOD2: 51.11% Test OOD3: 57.89% 
Epoch: 197, Loss: 0.2619, Train: 99.98%, Valid: 67.66%, Test In: 68.74% Test OOD1: 61.99% Test OOD2: 51.08% Test OOD3: 57.83% 
Epoch: 198, Loss: 0.2498, Train: 99.98%, Valid: 67.69%, Test In: 68.69% Test OOD1: 62.00% Test OOD2: 51.04% Test OOD3: 57.75% 
Epoch: 199, Loss: 0.2571, Train: 99.98%, Valid: 67.82%, Test In: 68.63% Test OOD1: 61.65% Test OOD2: 51.06% Test OOD3: 57.55% 
Run 01:
Highest Train: 99.99
Highest Valid: 70.37
Highest In Test: 71.10
Highest OOD Test: 65.65
Highest OOD Test: 52.56
Highest OOD Test: 63.07
Chosen epoch: 30
Final Train: 80.52
Final In Test: 71.10
Final OOD Test: 64.14
Final OOD Test: 51.62
Final OOD Test: 61.95
Epoch: 00, Loss: 1.3905, Train: 47.29%, Valid: 45.97%, Test In: 47.20% Test OOD1: 42.60% Test OOD2: 50.47% Test OOD3: 46.96% 
Epoch: 01, Loss: 1.3850, Train: 45.85%, Valid: 44.93%, Test In: 46.10% Test OOD1: 41.87% Test OOD2: 50.36% Test OOD3: 46.44% 
Epoch: 02, Loss: 1.3787, Train: 45.29%, Valid: 44.56%, Test In: 45.72% Test OOD1: 41.63% Test OOD2: 50.30% Test OOD3: 46.21% 
Epoch: 03, Loss: 1.3707, Train: 46.14%, Valid: 45.24%, Test In: 46.41% Test OOD1: 41.90% Test OOD2: 50.37% Test OOD3: 46.48% 
Epoch: 04, Loss: 1.3629, Train: 50.30%, Valid: 48.34%, Test In: 49.64% Test OOD1: 43.29% Test OOD2: 50.67% Test OOD3: 47.86% 
Epoch: 05, Loss: 1.3535, Train: 58.23%, Valid: 54.47%, Test In: 55.81% Test OOD1: 46.61% Test OOD2: 51.36% Test OOD3: 50.83% 
Epoch: 06, Loss: 1.3420, Train: 67.78%, Valid: 62.10%, Test In: 63.29% Test OOD1: 53.32% Test OOD2: 52.18% Test OOD3: 56.17% 
Epoch: 07, Loss: 1.3320, Train: 73.59%, Valid: 67.40%, Test In: 68.62% Test OOD1: 62.98% Test OOD2: 52.19% Test OOD3: 62.07% 
Epoch: 08, Loss: 1.3243, Train: 72.00%, Valid: 66.81%, Test In: 67.58% Test OOD1: 64.48% Test OOD2: 51.35% Test OOD3: 61.77% 
Epoch: 09, Loss: 1.3151, Train: 70.07%, Valid: 65.66%, Test In: 65.98% Test OOD1: 63.90% Test OOD2: 51.15% Test OOD3: 61.04% 
Epoch: 10, Loss: 1.3036, Train: 69.21%, Valid: 65.10%, Test In: 65.28% Test OOD1: 63.60% Test OOD2: 51.06% Test OOD3: 60.75% 
Epoch: 11, Loss: 1.2927, Train: 69.14%, Valid: 65.05%, Test In: 65.24% Test OOD1: 63.61% Test OOD2: 51.06% Test OOD3: 60.78% 
Epoch: 12, Loss: 1.2829, Train: 69.63%, Valid: 65.32%, Test In: 65.64% Test OOD1: 63.84% Test OOD2: 51.11% Test OOD3: 61.03% 
Epoch: 13, Loss: 1.2711, Train: 70.40%, Valid: 65.80%, Test In: 66.25% Test OOD1: 64.18% Test OOD2: 51.16% Test OOD3: 61.37% 
Epoch: 14, Loss: 1.2595, Train: 71.28%, Valid: 66.36%, Test In: 66.98% Test OOD1: 64.57% Test OOD2: 51.20% Test OOD3: 61.72% 
Epoch: 15, Loss: 1.2464, Train: 72.33%, Valid: 67.10%, Test In: 67.88% Test OOD1: 65.03% Test OOD2: 51.24% Test OOD3: 62.12% 
Epoch: 16, Loss: 1.2323, Train: 73.45%, Valid: 67.84%, Test In: 68.76% Test OOD1: 65.43% Test OOD2: 51.33% Test OOD3: 62.51% 
Epoch: 17, Loss: 1.2238, Train: 74.04%, Valid: 68.22%, Test In: 69.19% Test OOD1: 65.64% Test OOD2: 51.37% Test OOD3: 62.73% 
Epoch: 18, Loss: 1.2145, Train: 74.97%, Valid: 68.84%, Test In: 69.87% Test OOD1: 65.79% Test OOD2: 51.47% Test OOD3: 62.99% 
Epoch: 19, Loss: 1.1997, Train: 75.71%, Valid: 69.33%, Test In: 70.37% Test OOD1: 65.86% Test OOD2: 51.54% Test OOD3: 63.14% 
Epoch: 20, Loss: 1.1943, Train: 76.53%, Valid: 69.89%, Test In: 70.93% Test OOD1: 65.83% Test OOD2: 51.61% Test OOD3: 63.25% 
Epoch: 21, Loss: 1.1855, Train: 77.33%, Valid: 70.37%, Test In: 71.40% Test OOD1: 65.69% Test OOD2: 51.71% Test OOD3: 63.26% 
Epoch: 22, Loss: 1.1763, Train: 77.64%, Valid: 70.42%, Test In: 71.39% Test OOD1: 65.88% Test OOD2: 51.66% Test OOD3: 63.22% 
Epoch: 23, Loss: 1.1703, Train: 78.60%, Valid: 70.75%, Test In: 71.75% Test OOD1: 65.10% Test OOD2: 51.96% Test OOD3: 63.06% 
Epoch: 24, Loss: 1.1635, Train: 78.54%, Valid: 70.52%, Test In: 71.46% Test OOD1: 65.68% Test OOD2: 51.75% Test OOD3: 63.05% 
Epoch: 25, Loss: 1.1524, Train: 79.05%, Valid: 70.59%, Test In: 71.52% Test OOD1: 65.42% Test OOD2: 51.81% Test OOD3: 62.93% 
Epoch: 26, Loss: 1.1397, Train: 79.77%, Valid: 70.67%, Test In: 71.56% Test OOD1: 64.54% Test OOD2: 52.01% Test OOD3: 62.64% 
Epoch: 27, Loss: 1.1329, Train: 80.10%, Valid: 70.61%, Test In: 71.47% Test OOD1: 64.51% Test OOD2: 52.00% Test OOD3: 62.50% 
Epoch: 28, Loss: 1.1240, Train: 80.33%, Valid: 70.59%, Test In: 71.44% Test OOD1: 64.87% Test OOD2: 51.84% Test OOD3: 62.49% 
Epoch: 29, Loss: 1.1153, Train: 80.78%, Valid: 70.59%, Test In: 71.46% Test OOD1: 64.56% Test OOD2: 51.89% Test OOD3: 62.34% 
Epoch: 30, Loss: 1.1087, Train: 81.24%, Valid: 70.43%, Test In: 71.29% Test OOD1: 63.79% Test OOD2: 51.99% Test OOD3: 62.03% 
Epoch: 31, Loss: 1.0972, Train: 81.49%, Valid: 70.31%, Test In: 71.16% Test OOD1: 63.72% Test OOD2: 51.94% Test OOD3: 61.94% 
Epoch: 32, Loss: 1.0901, Train: 81.72%, Valid: 70.32%, Test In: 71.18% Test OOD1: 64.19% Test OOD2: 51.75% Test OOD3: 62.03% 
Epoch: 33, Loss: 1.0848, Train: 82.10%, Valid: 70.24%, Test In: 71.11% Test OOD1: 64.00% Test OOD2: 51.75% Test OOD3: 61.93% 
Epoch: 34, Loss: 1.0785, Train: 82.53%, Valid: 70.10%, Test In: 70.96% Test OOD1: 63.35% Test OOD2: 51.82% Test OOD3: 61.69% 
Epoch: 35, Loss: 1.0716, Train: 82.73%, Valid: 69.97%, Test In: 70.87% Test OOD1: 63.42% Test OOD2: 51.77% Test OOD3: 61.67% 
Epoch: 36, Loss: 1.0543, Train: 82.84%, Valid: 69.91%, Test In: 70.86% Test OOD1: 63.82% Test OOD2: 51.56% Test OOD3: 61.75% 
Epoch: 37, Loss: 1.0554, Train: 83.22%, Valid: 69.83%, Test In: 70.80% Test OOD1: 63.43% Test OOD2: 51.56% Test OOD3: 61.56% 
Epoch: 38, Loss: 1.0403, Train: 83.71%, Valid: 69.79%, Test In: 70.75% Test OOD1: 62.78% Test OOD2: 51.62% Test OOD3: 61.30% 
Epoch: 39, Loss: 1.0408, Train: 83.97%, Valid: 69.92%, Test In: 70.86% Test OOD1: 63.03% Test OOD2: 51.47% Test OOD3: 61.36% 
Epoch: 40, Loss: 1.0274, Train: 84.26%, Valid: 69.90%, Test In: 70.83% Test OOD1: 62.80% Test OOD2: 51.29% Test OOD3: 61.19% 
Epoch: 41, Loss: 1.0144, Train: 84.64%, Valid: 69.80%, Test In: 70.70% Test OOD1: 61.94% Test OOD2: 51.29% Test OOD3: 60.80% 
Epoch: 42, Loss: 1.0131, Train: 85.23%, Valid: 69.87%, Test In: 70.80% Test OOD1: 61.86% Test OOD2: 51.31% Test OOD3: 60.74% 
Epoch: 43, Loss: 1.0007, Train: 85.27%, Valid: 69.97%, Test In: 70.87% Test OOD1: 62.32% Test OOD2: 51.20% Test OOD3: 60.87% 
Epoch: 44, Loss: 0.9977, Train: 85.47%, Valid: 69.84%, Test In: 70.78% Test OOD1: 62.31% Test OOD2: 51.11% Test OOD3: 60.76% 
Epoch: 45, Loss: 0.9869, Train: 86.02%, Valid: 69.66%, Test In: 70.63% Test OOD1: 61.84% Test OOD2: 51.11% Test OOD3: 60.50% 
Epoch: 46, Loss: 0.9777, Train: 86.17%, Valid: 69.67%, Test In: 70.61% Test OOD1: 61.99% Test OOD2: 51.11% Test OOD3: 60.47% 
Epoch: 47, Loss: 0.9667, Train: 86.23%, Valid: 69.66%, Test In: 70.58% Test OOD1: 62.55% Test OOD2: 50.90% Test OOD3: 60.55% 
Epoch: 48, Loss: 0.9625, Train: 86.65%, Valid: 69.57%, Test In: 70.55% Test OOD1: 62.11% Test OOD2: 50.92% Test OOD3: 60.29% 
Epoch: 49, Loss: 0.9468, Train: 87.14%, Valid: 69.49%, Test In: 70.46% Test OOD1: 61.72% Test OOD2: 50.94% Test OOD3: 60.05% 
Epoch: 50, Loss: 0.9341, Train: 87.22%, Valid: 69.42%, Test In: 70.40% Test OOD1: 62.20% Test OOD2: 50.78% Test OOD3: 60.16% 
Epoch: 51, Loss: 0.9308, Train: 87.70%, Valid: 69.41%, Test In: 70.39% Test OOD1: 62.17% Test OOD2: 50.80% Test OOD3: 60.12% 
Epoch: 52, Loss: 0.9106, Train: 88.20%, Valid: 69.27%, Test In: 70.23% Test OOD1: 61.89% Test OOD2: 50.81% Test OOD3: 59.99% 
Epoch: 53, Loss: 0.9112, Train: 88.20%, Valid: 69.15%, Test In: 70.18% Test OOD1: 62.22% Test OOD2: 50.62% Test OOD3: 60.10% 
Epoch: 54, Loss: 0.9025, Train: 88.38%, Valid: 69.18%, Test In: 70.17% Test OOD1: 62.21% Test OOD2: 50.63% Test OOD3: 60.02% 
Epoch: 55, Loss: 0.8864, Train: 89.23%, Valid: 69.25%, Test In: 70.31% Test OOD1: 61.91% Test OOD2: 50.62% Test OOD3: 59.86% 
Epoch: 56, Loss: 0.8861, Train: 88.80%, Valid: 69.27%, Test In: 70.23% Test OOD1: 61.62% Test OOD2: 50.57% Test OOD3: 59.71% 
Epoch: 57, Loss: 0.8807, Train: 89.17%, Valid: 69.29%, Test In: 70.31% Test OOD1: 62.14% Test OOD2: 50.58% Test OOD3: 59.88% 
Epoch: 58, Loss: 0.8613, Train: 89.79%, Valid: 69.27%, Test In: 70.34% Test OOD1: 62.14% Test OOD2: 50.64% Test OOD3: 59.90% 
Epoch: 59, Loss: 0.8643, Train: 89.56%, Valid: 69.17%, Test In: 70.15% Test OOD1: 61.94% Test OOD2: 50.65% Test OOD3: 59.85% 
Epoch: 60, Loss: 0.8422, Train: 89.81%, Valid: 69.10%, Test In: 70.12% Test OOD1: 62.07% Test OOD2: 50.59% Test OOD3: 59.85% 
Epoch: 61, Loss: 0.8273, Train: 90.37%, Valid: 69.20%, Test In: 70.18% Test OOD1: 61.86% Test OOD2: 50.64% Test OOD3: 59.70% 
Epoch: 62, Loss: 0.8184, Train: 90.47%, Valid: 69.18%, Test In: 70.14% Test OOD1: 61.80% Test OOD2: 50.58% Test OOD3: 59.60% 
Epoch: 63, Loss: 0.8126, Train: 90.72%, Valid: 69.16%, Test In: 70.10% Test OOD1: 61.64% Test OOD2: 50.56% Test OOD3: 59.46% 
Epoch: 64, Loss: 0.7952, Train: 91.16%, Valid: 69.15%, Test In: 70.07% Test OOD1: 61.61% Test OOD2: 50.59% Test OOD3: 59.43% 
Epoch: 65, Loss: 0.7857, Train: 91.12%, Valid: 69.03%, Test In: 69.97% Test OOD1: 61.92% Test OOD2: 50.61% Test OOD3: 59.60% 
Epoch: 66, Loss: 0.7789, Train: 91.50%, Valid: 68.90%, Test In: 69.96% Test OOD1: 61.80% Test OOD2: 50.64% Test OOD3: 59.58% 
Epoch: 67, Loss: 0.7710, Train: 91.97%, Valid: 69.05%, Test In: 70.02% Test OOD1: 61.34% Test OOD2: 50.74% Test OOD3: 59.35% 
Epoch: 68, Loss: 0.7547, Train: 92.06%, Valid: 68.90%, Test In: 69.90% Test OOD1: 61.52% Test OOD2: 50.71% Test OOD3: 59.34% 
Epoch: 69, Loss: 0.7407, Train: 92.60%, Valid: 68.97%, Test In: 69.93% Test OOD1: 61.09% Test OOD2: 50.77% Test OOD3: 59.12% 
Epoch: 70, Loss: 0.7271, Train: 92.43%, Valid: 68.95%, Test In: 69.89% Test OOD1: 61.13% Test OOD2: 50.76% Test OOD3: 59.12% 
Epoch: 71, Loss: 0.7250, Train: 92.95%, Valid: 68.88%, Test In: 69.87% Test OOD1: 61.29% Test OOD2: 50.77% Test OOD3: 59.26% 
Epoch: 72, Loss: 0.7026, Train: 93.00%, Valid: 68.80%, Test In: 69.82% Test OOD1: 61.31% Test OOD2: 50.76% Test OOD3: 59.29% 
Epoch: 73, Loss: 0.6987, Train: 93.34%, Valid: 68.80%, Test In: 69.85% Test OOD1: 61.24% Test OOD2: 50.78% Test OOD3: 59.29% 
Epoch: 74, Loss: 0.6877, Train: 93.58%, Valid: 68.75%, Test In: 69.84% Test OOD1: 61.34% Test OOD2: 50.77% Test OOD3: 59.34% 
Epoch: 75, Loss: 0.6862, Train: 93.56%, Valid: 68.60%, Test In: 69.76% Test OOD1: 61.31% Test OOD2: 50.73% Test OOD3: 59.32% 
Epoch: 76, Loss: 0.6848, Train: 94.29%, Valid: 68.85%, Test In: 69.76% Test OOD1: 60.93% Test OOD2: 50.83% Test OOD3: 59.10% 
Epoch: 77, Loss: 0.6702, Train: 93.83%, Valid: 68.60%, Test In: 69.57% Test OOD1: 61.39% Test OOD2: 50.77% Test OOD3: 59.22% 
Epoch: 78, Loss: 0.6645, Train: 94.30%, Valid: 68.60%, Test In: 69.51% Test OOD1: 60.94% Test OOD2: 50.80% Test OOD3: 58.92% 
Epoch: 79, Loss: 0.6459, Train: 94.72%, Valid: 68.70%, Test In: 69.62% Test OOD1: 60.83% Test OOD2: 50.86% Test OOD3: 58.98% 
Epoch: 80, Loss: 0.6405, Train: 94.29%, Valid: 68.54%, Test In: 69.58% Test OOD1: 61.37% Test OOD2: 50.86% Test OOD3: 59.27% 
Epoch: 81, Loss: 0.6300, Train: 94.76%, Valid: 68.45%, Test In: 69.54% Test OOD1: 61.30% Test OOD2: 50.89% Test OOD3: 59.26% 
Epoch: 82, Loss: 0.6220, Train: 95.50%, Valid: 68.72%, Test In: 69.70% Test OOD1: 60.63% Test OOD2: 50.90% Test OOD3: 58.98% 
Epoch: 83, Loss: 0.6189, Train: 95.17%, Valid: 68.64%, Test In: 69.65% Test OOD1: 61.12% Test OOD2: 50.89% Test OOD3: 59.10% 
Epoch: 84, Loss: 0.6067, Train: 95.44%, Valid: 68.56%, Test In: 69.60% Test OOD1: 61.25% Test OOD2: 50.92% Test OOD3: 59.08% 
Epoch: 85, Loss: 0.5929, Train: 95.88%, Valid: 68.66%, Test In: 69.60% Test OOD1: 60.98% Test OOD2: 51.00% Test OOD3: 58.97% 
Epoch: 86, Loss: 0.5987, Train: 95.61%, Valid: 68.77%, Test In: 69.71% Test OOD1: 60.91% Test OOD2: 50.95% Test OOD3: 58.95% 
Epoch: 87, Loss: 0.6031, Train: 95.27%, Valid: 68.29%, Test In: 69.38% Test OOD1: 61.80% Test OOD2: 50.92% Test OOD3: 59.24% 
Epoch: 88, Loss: 0.5919, Train: 95.95%, Valid: 68.46%, Test In: 69.48% Test OOD1: 61.51% Test OOD2: 50.93% Test OOD3: 59.12% 
Epoch: 89, Loss: 0.5836, Train: 96.34%, Valid: 68.67%, Test In: 69.69% Test OOD1: 60.85% Test OOD2: 50.91% Test OOD3: 58.89% 
Epoch: 90, Loss: 0.5975, Train: 96.17%, Valid: 68.44%, Test In: 69.66% Test OOD1: 61.34% Test OOD2: 50.87% Test OOD3: 59.11% 
Epoch: 91, Loss: 0.5610, Train: 96.42%, Valid: 68.33%, Test In: 69.59% Test OOD1: 61.60% Test OOD2: 50.90% Test OOD3: 59.08% 
Epoch: 92, Loss: 0.5691, Train: 97.02%, Valid: 68.53%, Test In: 69.70% Test OOD1: 61.09% Test OOD2: 50.94% Test OOD3: 58.86% 
Epoch: 93, Loss: 0.5498, Train: 96.90%, Valid: 68.59%, Test In: 69.81% Test OOD1: 60.93% Test OOD2: 50.95% Test OOD3: 58.80% 
Epoch: 94, Loss: 0.5712, Train: 96.87%, Valid: 68.44%, Test In: 69.61% Test OOD1: 61.37% Test OOD2: 50.98% Test OOD3: 58.79% 
Epoch: 95, Loss: 0.5323, Train: 97.15%, Valid: 68.43%, Test In: 69.47% Test OOD1: 61.47% Test OOD2: 51.03% Test OOD3: 58.60% 
Epoch: 96, Loss: 0.5389, Train: 97.22%, Valid: 68.41%, Test In: 69.46% Test OOD1: 61.39% Test OOD2: 51.02% Test OOD3: 58.50% 
Epoch: 97, Loss: 0.5165, Train: 97.20%, Valid: 68.36%, Test In: 69.44% Test OOD1: 61.26% Test OOD2: 51.04% Test OOD3: 58.51% 
Epoch: 98, Loss: 0.5169, Train: 97.55%, Valid: 68.47%, Test In: 69.53% Test OOD1: 60.98% Test OOD2: 51.08% Test OOD3: 58.49% 
Epoch: 99, Loss: 0.5050, Train: 97.61%, Valid: 68.38%, Test In: 69.49% Test OOD1: 61.20% Test OOD2: 51.06% Test OOD3: 58.67% 
Epoch: 100, Loss: 0.4928, Train: 97.50%, Valid: 68.22%, Test In: 69.44% Test OOD1: 61.53% Test OOD2: 51.02% Test OOD3: 58.85% 
Epoch: 101, Loss: 0.4879, Train: 97.70%, Valid: 68.28%, Test In: 69.48% Test OOD1: 61.54% Test OOD2: 51.00% Test OOD3: 58.85% 
Epoch: 102, Loss: 0.4782, Train: 97.92%, Valid: 68.40%, Test In: 69.53% Test OOD1: 61.38% Test OOD2: 50.99% Test OOD3: 58.71% 
Epoch: 103, Loss: 0.4729, Train: 98.03%, Valid: 68.44%, Test In: 69.55% Test OOD1: 61.41% Test OOD2: 50.96% Test OOD3: 58.62% 
Epoch: 104, Loss: 0.4844, Train: 98.11%, Valid: 68.43%, Test In: 69.46% Test OOD1: 61.40% Test OOD2: 50.91% Test OOD3: 58.48% 
Epoch: 105, Loss: 0.4678, Train: 98.35%, Valid: 68.55%, Test In: 69.43% Test OOD1: 61.23% Test OOD2: 50.95% Test OOD3: 58.33% 
Epoch: 106, Loss: 0.4675, Train: 98.34%, Valid: 68.55%, Test In: 69.41% Test OOD1: 61.20% Test OOD2: 50.95% Test OOD3: 58.33% 
Epoch: 107, Loss: 0.4574, Train: 98.27%, Valid: 68.33%, Test In: 69.21% Test OOD1: 61.42% Test OOD2: 50.94% Test OOD3: 58.42% 
Epoch: 108, Loss: 0.4619, Train: 98.53%, Valid: 68.34%, Test In: 69.19% Test OOD1: 61.27% Test OOD2: 51.02% Test OOD3: 58.37% 
Epoch: 109, Loss: 0.4463, Train: 98.52%, Valid: 68.30%, Test In: 69.18% Test OOD1: 61.35% Test OOD2: 51.03% Test OOD3: 58.51% 
Epoch: 110, Loss: 0.4456, Train: 98.50%, Valid: 68.26%, Test In: 69.23% Test OOD1: 61.34% Test OOD2: 51.03% Test OOD3: 58.60% 
Epoch: 111, Loss: 0.4437, Train: 98.72%, Valid: 68.27%, Test In: 69.30% Test OOD1: 61.28% Test OOD2: 51.08% Test OOD3: 58.59% 
Epoch: 112, Loss: 0.4356, Train: 98.72%, Valid: 68.15%, Test In: 69.19% Test OOD1: 61.57% Test OOD2: 51.05% Test OOD3: 58.69% 
Epoch: 113, Loss: 0.4249, Train: 98.72%, Valid: 68.17%, Test In: 69.25% Test OOD1: 61.62% Test OOD2: 51.01% Test OOD3: 58.74% 
Epoch: 114, Loss: 0.4188, Train: 98.85%, Valid: 68.26%, Test In: 69.28% Test OOD1: 61.63% Test OOD2: 51.01% Test OOD3: 58.79% 
Epoch: 115, Loss: 0.4155, Train: 98.94%, Valid: 68.34%, Test In: 69.30% Test OOD1: 61.54% Test OOD2: 51.01% Test OOD3: 58.81% 
Epoch: 116, Loss: 0.4156, Train: 98.89%, Valid: 68.32%, Test In: 69.32% Test OOD1: 61.50% Test OOD2: 51.00% Test OOD3: 58.83% 
Epoch: 117, Loss: 0.4189, Train: 99.10%, Valid: 68.45%, Test In: 69.33% Test OOD1: 61.23% Test OOD2: 51.06% Test OOD3: 58.67% 
Epoch: 118, Loss: 0.4111, Train: 99.01%, Valid: 68.26%, Test In: 69.18% Test OOD1: 61.35% Test OOD2: 51.04% Test OOD3: 58.63% 
Epoch: 119, Loss: 0.4080, Train: 99.11%, Valid: 68.24%, Test In: 69.05% Test OOD1: 61.29% Test OOD2: 51.05% Test OOD3: 58.48% 
Epoch: 120, Loss: 0.4065, Train: 99.25%, Valid: 68.31%, Test In: 68.99% Test OOD1: 61.23% Test OOD2: 51.12% Test OOD3: 58.40% 
Epoch: 121, Loss: 0.4078, Train: 99.03%, Valid: 68.00%, Test In: 68.86% Test OOD1: 61.70% Test OOD2: 51.09% Test OOD3: 58.53% 
Epoch: 122, Loss: 0.3934, Train: 99.22%, Valid: 68.15%, Test In: 68.97% Test OOD1: 61.60% Test OOD2: 51.11% Test OOD3: 58.50% 
Epoch: 123, Loss: 0.3887, Train: 99.37%, Valid: 68.24%, Test In: 69.04% Test OOD1: 61.47% Test OOD2: 51.11% Test OOD3: 58.48% 
Epoch: 124, Loss: 0.4001, Train: 99.21%, Valid: 67.99%, Test In: 69.01% Test OOD1: 61.77% Test OOD2: 51.10% Test OOD3: 58.64% 
Epoch: 125, Loss: 0.3910, Train: 99.41%, Valid: 68.21%, Test In: 69.12% Test OOD1: 61.56% Test OOD2: 51.13% Test OOD3: 58.56% 
Epoch: 126, Loss: 0.3739, Train: 99.51%, Valid: 68.27%, Test In: 69.07% Test OOD1: 61.49% Test OOD2: 51.12% Test OOD3: 58.55% 
Epoch: 127, Loss: 0.3822, Train: 99.32%, Valid: 68.02%, Test In: 68.88% Test OOD1: 61.78% Test OOD2: 51.03% Test OOD3: 58.68% 
Epoch: 128, Loss: 0.3740, Train: 99.39%, Valid: 68.05%, Test In: 68.85% Test OOD1: 61.74% Test OOD2: 51.01% Test OOD3: 58.66% 
Epoch: 129, Loss: 0.3738, Train: 99.59%, Valid: 68.22%, Test In: 68.86% Test OOD1: 61.48% Test OOD2: 51.05% Test OOD3: 58.55% 
Epoch: 130, Loss: 0.3788, Train: 99.54%, Valid: 68.02%, Test In: 68.88% Test OOD1: 61.58% Test OOD2: 51.02% Test OOD3: 58.55% 
Epoch: 131, Loss: 0.3609, Train: 99.58%, Valid: 68.08%, Test In: 69.06% Test OOD1: 61.43% Test OOD2: 51.07% Test OOD3: 58.53% 
Epoch: 132, Loss: 0.3740, Train: 99.72%, Valid: 68.16%, Test In: 69.12% Test OOD1: 61.33% Test OOD2: 51.14% Test OOD3: 58.46% 
Epoch: 133, Loss: 0.3665, Train: 99.66%, Valid: 68.10%, Test In: 69.16% Test OOD1: 61.61% Test OOD2: 51.13% Test OOD3: 58.53% 
Epoch: 134, Loss: 0.3622, Train: 99.64%, Valid: 68.21%, Test In: 69.26% Test OOD1: 61.63% Test OOD2: 51.15% Test OOD3: 58.49% 
Epoch: 135, Loss: 0.3465, Train: 99.68%, Valid: 68.27%, Test In: 69.24% Test OOD1: 61.62% Test OOD2: 51.12% Test OOD3: 58.46% 
Epoch: 136, Loss: 0.3484, Train: 99.72%, Valid: 68.22%, Test In: 69.17% Test OOD1: 61.59% Test OOD2: 51.11% Test OOD3: 58.43% 
Epoch: 137, Loss: 0.3471, Train: 99.64%, Valid: 67.94%, Test In: 68.99% Test OOD1: 61.74% Test OOD2: 51.05% Test OOD3: 58.48% 
Epoch: 138, Loss: 0.3502, Train: 99.74%, Valid: 67.98%, Test In: 69.05% Test OOD1: 61.48% Test OOD2: 51.06% Test OOD3: 58.38% 
Epoch: 139, Loss: 0.3464, Train: 99.81%, Valid: 68.13%, Test In: 69.19% Test OOD1: 61.19% Test OOD2: 51.12% Test OOD3: 58.30% 
Epoch: 140, Loss: 0.3462, Train: 99.77%, Valid: 68.08%, Test In: 69.30% Test OOD1: 61.38% Test OOD2: 51.14% Test OOD3: 58.41% 
Epoch: 141, Loss: 0.3346, Train: 99.73%, Valid: 67.78%, Test In: 69.18% Test OOD1: 61.82% Test OOD2: 51.12% Test OOD3: 58.55% 
Epoch: 142, Loss: 0.3489, Train: 99.82%, Valid: 68.00%, Test In: 69.28% Test OOD1: 61.65% Test OOD2: 51.20% Test OOD3: 58.53% 
Epoch: 143, Loss: 0.3380, Train: 99.83%, Valid: 68.21%, Test In: 69.44% Test OOD1: 61.46% Test OOD2: 51.26% Test OOD3: 58.53% 
Epoch: 144, Loss: 0.3402, Train: 99.80%, Valid: 68.05%, Test In: 69.32% Test OOD1: 61.66% Test OOD2: 51.20% Test OOD3: 58.58% 
Epoch: 145, Loss: 0.3338, Train: 99.84%, Valid: 68.01%, Test In: 69.16% Test OOD1: 61.66% Test OOD2: 51.16% Test OOD3: 58.51% 
Epoch: 146, Loss: 0.3331, Train: 99.86%, Valid: 68.21%, Test In: 69.20% Test OOD1: 61.47% Test OOD2: 51.11% Test OOD3: 58.46% 
Epoch: 147, Loss: 0.3249, Train: 99.85%, Valid: 68.25%, Test In: 69.21% Test OOD1: 61.44% Test OOD2: 51.08% Test OOD3: 58.52% 
Epoch: 148, Loss: 0.3320, Train: 99.86%, Valid: 67.97%, Test In: 69.07% Test OOD1: 61.66% Test OOD2: 51.03% Test OOD3: 58.52% 
Epoch: 149, Loss: 0.3268, Train: 99.87%, Valid: 67.78%, Test In: 68.99% Test OOD1: 61.76% Test OOD2: 51.04% Test OOD3: 58.47% 
Epoch: 150, Loss: 0.3215, Train: 99.87%, Valid: 68.03%, Test In: 69.27% Test OOD1: 61.51% Test OOD2: 51.13% Test OOD3: 58.50% 
Epoch: 151, Loss: 0.3139, Train: 99.89%, Valid: 68.13%, Test In: 69.33% Test OOD1: 61.39% Test OOD2: 51.15% Test OOD3: 58.47% 
Epoch: 152, Loss: 0.3193, Train: 99.88%, Valid: 67.96%, Test In: 69.14% Test OOD1: 61.71% Test OOD2: 51.11% Test OOD3: 58.51% 
Epoch: 153, Loss: 0.3162, Train: 99.90%, Valid: 68.12%, Test In: 69.12% Test OOD1: 61.57% Test OOD2: 51.14% Test OOD3: 58.39% 
Epoch: 154, Loss: 0.3260, Train: 99.91%, Valid: 68.50%, Test In: 69.29% Test OOD1: 60.96% Test OOD2: 51.18% Test OOD3: 58.19% 
Epoch: 155, Loss: 0.3213, Train: 99.91%, Valid: 68.36%, Test In: 69.18% Test OOD1: 61.12% Test OOD2: 51.12% Test OOD3: 58.21% 
Epoch: 156, Loss: 0.3197, Train: 99.89%, Valid: 68.17%, Test In: 69.08% Test OOD1: 61.38% Test OOD2: 51.13% Test OOD3: 58.31% 
Epoch: 157, Loss: 0.3233, Train: 99.91%, Valid: 68.40%, Test In: 69.27% Test OOD1: 61.05% Test OOD2: 51.26% Test OOD3: 58.32% 
Epoch: 158, Loss: 0.3183, Train: 99.90%, Valid: 68.26%, Test In: 69.26% Test OOD1: 61.28% Test OOD2: 51.27% Test OOD3: 58.52% 
Epoch: 159, Loss: 0.3108, Train: 99.89%, Valid: 68.04%, Test In: 69.14% Test OOD1: 61.41% Test OOD2: 51.24% Test OOD3: 58.58% 
Epoch: 160, Loss: 0.3108, Train: 99.93%, Valid: 68.00%, Test In: 69.08% Test OOD1: 61.19% Test OOD2: 51.27% Test OOD3: 58.44% 
Epoch: 161, Loss: 0.3132, Train: 99.92%, Valid: 68.07%, Test In: 69.15% Test OOD1: 60.98% Test OOD2: 51.35% Test OOD3: 58.39% 
Epoch: 162, Loss: 0.3030, Train: 99.91%, Valid: 68.02%, Test In: 69.08% Test OOD1: 61.09% Test OOD2: 51.34% Test OOD3: 58.46% 
Epoch: 163, Loss: 0.2969, Train: 99.93%, Valid: 68.16%, Test In: 69.06% Test OOD1: 60.95% Test OOD2: 51.30% Test OOD3: 58.41% 
Epoch: 164, Loss: 0.2993, Train: 99.93%, Valid: 68.29%, Test In: 69.12% Test OOD1: 60.83% Test OOD2: 51.33% Test OOD3: 58.40% 
Epoch: 165, Loss: 0.3052, Train: 99.92%, Valid: 68.30%, Test In: 69.08% Test OOD1: 60.87% Test OOD2: 51.36% Test OOD3: 58.44% 
Epoch: 166, Loss: 0.3015, Train: 99.96%, Valid: 68.38%, Test In: 69.13% Test OOD1: 60.70% Test OOD2: 51.37% Test OOD3: 58.38% 
Epoch: 167, Loss: 0.2998, Train: 99.95%, Valid: 68.28%, Test In: 69.13% Test OOD1: 61.10% Test OOD2: 51.35% Test OOD3: 58.59% 
Epoch: 168, Loss: 0.2881, Train: 99.93%, Valid: 68.17%, Test In: 69.15% Test OOD1: 61.38% Test OOD2: 51.33% Test OOD3: 58.83% 
Epoch: 169, Loss: 0.3082, Train: 99.95%, Valid: 68.35%, Test In: 69.25% Test OOD1: 61.28% Test OOD2: 51.35% Test OOD3: 58.84% 
Epoch: 170, Loss: 0.2950, Train: 99.95%, Valid: 68.36%, Test In: 69.24% Test OOD1: 61.33% Test OOD2: 51.33% Test OOD3: 58.86% 
Epoch: 171, Loss: 0.2902, Train: 99.92%, Valid: 68.09%, Test In: 69.12% Test OOD1: 61.71% Test OOD2: 51.25% Test OOD3: 59.00% 
Epoch: 172, Loss: 0.3064, Train: 99.94%, Valid: 68.26%, Test In: 69.22% Test OOD1: 61.29% Test OOD2: 51.31% Test OOD3: 58.77% 
Epoch: 173, Loss: 0.2935, Train: 99.95%, Valid: 68.25%, Test In: 69.13% Test OOD1: 60.90% Test OOD2: 51.28% Test OOD3: 58.45% 
Epoch: 174, Loss: 0.2957, Train: 99.95%, Valid: 67.95%, Test In: 68.88% Test OOD1: 61.27% Test OOD2: 51.21% Test OOD3: 58.45% 
Epoch: 175, Loss: 0.2804, Train: 99.94%, Valid: 67.92%, Test In: 68.85% Test OOD1: 61.28% Test OOD2: 51.21% Test OOD3: 58.43% 
Epoch: 176, Loss: 0.2910, Train: 99.96%, Valid: 68.26%, Test In: 69.02% Test OOD1: 60.81% Test OOD2: 51.26% Test OOD3: 58.28% 
Epoch: 177, Loss: 0.2933, Train: 99.96%, Valid: 68.25%, Test In: 69.04% Test OOD1: 60.93% Test OOD2: 51.27% Test OOD3: 58.33% 
Epoch: 178, Loss: 0.2877, Train: 99.95%, Valid: 67.93%, Test In: 68.99% Test OOD1: 61.55% Test OOD2: 51.22% Test OOD3: 58.54% 
Epoch: 179, Loss: 0.2833, Train: 99.96%, Valid: 67.95%, Test In: 69.13% Test OOD1: 61.68% Test OOD2: 51.18% Test OOD3: 58.60% 
Epoch: 180, Loss: 0.2788, Train: 99.97%, Valid: 68.20%, Test In: 69.40% Test OOD1: 61.49% Test OOD2: 51.21% Test OOD3: 58.61% 
Epoch: 181, Loss: 0.2914, Train: 99.96%, Valid: 68.09%, Test In: 69.38% Test OOD1: 61.75% Test OOD2: 51.20% Test OOD3: 58.65% 
Epoch: 182, Loss: 0.2789, Train: 99.96%, Valid: 67.79%, Test In: 69.17% Test OOD1: 62.13% Test OOD2: 51.14% Test OOD3: 58.63% 
Epoch: 183, Loss: 0.2841, Train: 99.97%, Valid: 67.87%, Test In: 69.20% Test OOD1: 61.98% Test OOD2: 51.15% Test OOD3: 58.54% 
Epoch: 184, Loss: 0.2817, Train: 99.97%, Valid: 68.00%, Test In: 69.26% Test OOD1: 61.74% Test OOD2: 51.21% Test OOD3: 58.44% 
Epoch: 185, Loss: 0.2727, Train: 99.97%, Valid: 68.04%, Test In: 69.27% Test OOD1: 61.77% Test OOD2: 51.21% Test OOD3: 58.45% 
Epoch: 186, Loss: 0.2814, Train: 99.96%, Valid: 67.88%, Test In: 69.18% Test OOD1: 62.06% Test OOD2: 51.18% Test OOD3: 58.54% 
Epoch: 187, Loss: 0.2826, Train: 99.97%, Valid: 68.08%, Test In: 69.33% Test OOD1: 61.84% Test OOD2: 51.23% Test OOD3: 58.53% 
Epoch: 188, Loss: 0.2701, Train: 99.97%, Valid: 68.26%, Test In: 69.53% Test OOD1: 61.63% Test OOD2: 51.31% Test OOD3: 58.57% 
Epoch: 189, Loss: 0.2835, Train: 99.97%, Valid: 68.20%, Test In: 69.56% Test OOD1: 61.77% Test OOD2: 51.31% Test OOD3: 58.64% 
Epoch: 190, Loss: 0.2802, Train: 99.97%, Valid: 68.01%, Test In: 69.40% Test OOD1: 62.00% Test OOD2: 51.27% Test OOD3: 58.57% 
Epoch: 191, Loss: 0.2749, Train: 99.97%, Valid: 67.99%, Test In: 69.36% Test OOD1: 62.02% Test OOD2: 51.26% Test OOD3: 58.50% 
Epoch: 192, Loss: 0.2675, Train: 99.98%, Valid: 68.09%, Test In: 69.44% Test OOD1: 61.77% Test OOD2: 51.28% Test OOD3: 58.43% 
Epoch: 193, Loss: 0.2762, Train: 99.98%, Valid: 68.06%, Test In: 69.43% Test OOD1: 61.51% Test OOD2: 51.31% Test OOD3: 58.31% 
Epoch: 194, Loss: 0.2792, Train: 99.98%, Valid: 67.91%, Test In: 69.34% Test OOD1: 61.66% Test OOD2: 51.28% Test OOD3: 58.30% 
Epoch: 195, Loss: 0.2666, Train: 99.98%, Valid: 67.83%, Test In: 69.29% Test OOD1: 61.80% Test OOD2: 51.26% Test OOD3: 58.35% 
Epoch: 196, Loss: 0.2646, Train: 99.98%, Valid: 67.93%, Test In: 69.32% Test OOD1: 61.79% Test OOD2: 51.24% Test OOD3: 58.38% 
Epoch: 197, Loss: 0.2670, Train: 99.98%, Valid: 68.13%, Test In: 69.40% Test OOD1: 61.52% Test OOD2: 51.20% Test OOD3: 58.26% 
Epoch: 198, Loss: 0.2663, Train: 99.98%, Valid: 68.08%, Test In: 69.37% Test OOD1: 61.62% Test OOD2: 51.16% Test OOD3: 58.26% 
Epoch: 199, Loss: 0.2570, Train: 99.99%, Valid: 67.99%, Test In: 69.33% Test OOD1: 61.68% Test OOD2: 51.13% Test OOD3: 58.24% 
Run 02:
Highest Train: 99.99
Highest Valid: 70.75
Highest In Test: 71.75
Highest OOD Test: 65.88
Highest OOD Test: 52.19
Highest OOD Test: 63.26
Chosen epoch: 24
Final Train: 78.60
Final In Test: 71.75
Final OOD Test: 65.10
Final OOD Test: 51.96
Final OOD Test: 63.06
Epoch: 00, Loss: 1.3854, Train: 46.99%, Valid: 45.59%, Test In: 47.01% Test OOD1: 42.52% Test OOD2: 50.53% Test OOD3: 46.66% 
Epoch: 01, Loss: 1.3797, Train: 46.83%, Valid: 45.61%, Test In: 46.88% Test OOD1: 42.34% Test OOD2: 50.48% Test OOD3: 46.75% 
Epoch: 02, Loss: 1.3726, Train: 46.85%, Valid: 45.66%, Test In: 46.92% Test OOD1: 42.32% Test OOD2: 50.46% Test OOD3: 46.77% 
Epoch: 03, Loss: 1.3633, Train: 47.41%, Valid: 46.09%, Test In: 47.35% Test OOD1: 42.53% Test OOD2: 50.52% Test OOD3: 47.02% 
Epoch: 04, Loss: 1.3524, Train: 50.19%, Valid: 48.12%, Test In: 49.43% Test OOD1: 43.60% Test OOD2: 50.81% Test OOD3: 48.06% 
Epoch: 05, Loss: 1.3436, Train: 59.50%, Valid: 55.16%, Test In: 56.48% Test OOD1: 48.09% Test OOD2: 51.72% Test OOD3: 52.03% 
Epoch: 06, Loss: 1.3346, Train: 72.44%, Valid: 65.92%, Test In: 66.95% Test OOD1: 61.11% Test OOD2: 52.58% Test OOD3: 61.26% 
Epoch: 07, Loss: 1.3264, Train: 70.88%, Valid: 65.82%, Test In: 66.38% Test OOD1: 63.99% Test OOD2: 51.51% Test OOD3: 61.36% 
Epoch: 08, Loss: 1.3145, Train: 68.49%, Valid: 64.37%, Test In: 64.37% Test OOD1: 63.22% Test OOD2: 51.20% Test OOD3: 60.37% 
Epoch: 09, Loss: 1.3054, Train: 67.43%, Valid: 63.65%, Test In: 63.49% Test OOD1: 62.85% Test OOD2: 51.10% Test OOD3: 60.01% 
Epoch: 10, Loss: 1.2947, Train: 67.26%, Valid: 63.45%, Test In: 63.29% Test OOD1: 62.81% Test OOD2: 51.08% Test OOD3: 60.03% 
Epoch: 11, Loss: 1.2861, Train: 67.58%, Valid: 63.55%, Test In: 63.47% Test OOD1: 62.94% Test OOD2: 51.12% Test OOD3: 60.24% 
Epoch: 12, Loss: 1.2757, Train: 68.22%, Valid: 63.84%, Test In: 63.89% Test OOD1: 63.20% Test OOD2: 51.19% Test OOD3: 60.57% 
Epoch: 13, Loss: 1.2674, Train: 69.06%, Valid: 64.27%, Test In: 64.49% Test OOD1: 63.53% Test OOD2: 51.24% Test OOD3: 60.94% 
Epoch: 14, Loss: 1.2556, Train: 70.07%, Valid: 64.81%, Test In: 65.22% Test OOD1: 63.94% Test OOD2: 51.30% Test OOD3: 61.34% 
Epoch: 15, Loss: 1.2470, Train: 71.26%, Valid: 65.50%, Test In: 66.11% Test OOD1: 64.43% Test OOD2: 51.36% Test OOD3: 61.77% 
Epoch: 16, Loss: 1.2340, Train: 72.60%, Valid: 66.31%, Test In: 67.14% Test OOD1: 64.95% Test OOD2: 51.45% Test OOD3: 62.19% 
Epoch: 17, Loss: 1.2209, Train: 73.98%, Valid: 67.17%, Test In: 68.15% Test OOD1: 65.31% Test OOD2: 51.60% Test OOD3: 62.56% 
Epoch: 18, Loss: 1.2130, Train: 74.81%, Valid: 67.68%, Test In: 68.69% Test OOD1: 65.48% Test OOD2: 51.67% Test OOD3: 62.74% 
Epoch: 19, Loss: 1.2047, Train: 75.60%, Valid: 68.22%, Test In: 69.22% Test OOD1: 65.61% Test OOD2: 51.66% Test OOD3: 62.85% 
Epoch: 20, Loss: 1.1913, Train: 76.84%, Valid: 69.10%, Test In: 70.03% Test OOD1: 65.46% Test OOD2: 51.74% Test OOD3: 62.93% 
Epoch: 21, Loss: 1.1781, Train: 76.80%, Valid: 68.91%, Test In: 69.80% Test OOD1: 65.67% Test OOD2: 51.51% Test OOD3: 62.82% 
Epoch: 22, Loss: 1.1681, Train: 77.53%, Valid: 69.25%, Test In: 70.13% Test OOD1: 65.47% Test OOD2: 51.60% Test OOD3: 62.74% 
Epoch: 23, Loss: 1.1519, Train: 78.38%, Valid: 69.72%, Test In: 70.59% Test OOD1: 65.20% Test OOD2: 51.61% Test OOD3: 62.62% 
Epoch: 24, Loss: 1.1456, Train: 78.42%, Valid: 69.64%, Test In: 70.47% Test OOD1: 65.48% Test OOD2: 51.32% Test OOD3: 62.52% 
Epoch: 25, Loss: 1.1391, Train: 79.29%, Valid: 70.02%, Test In: 70.85% Test OOD1: 64.96% Test OOD2: 51.45% Test OOD3: 62.32% 
Epoch: 26, Loss: 1.1278, Train: 79.84%, Valid: 70.12%, Test In: 70.94% Test OOD1: 64.48% Test OOD2: 51.51% Test OOD3: 62.07% 
Epoch: 27, Loss: 1.1187, Train: 80.05%, Valid: 70.08%, Test In: 70.92% Test OOD1: 64.63% Test OOD2: 51.31% Test OOD3: 61.97% 
Epoch: 28, Loss: 1.1124, Train: 80.64%, Valid: 70.18%, Test In: 71.03% Test OOD1: 64.05% Test OOD2: 51.42% Test OOD3: 61.69% 
Epoch: 29, Loss: 1.0993, Train: 81.10%, Valid: 70.12%, Test In: 70.97% Test OOD1: 63.59% Test OOD2: 51.45% Test OOD3: 61.43% 
Epoch: 30, Loss: 1.0932, Train: 81.05%, Valid: 69.88%, Test In: 70.74% Test OOD1: 64.08% Test OOD2: 51.10% Test OOD3: 61.47% 
Epoch: 31, Loss: 1.0846, Train: 81.57%, Valid: 69.85%, Test In: 70.73% Test OOD1: 63.58% Test OOD2: 51.27% Test OOD3: 61.27% 
Epoch: 32, Loss: 1.0778, Train: 82.11%, Valid: 69.86%, Test In: 70.76% Test OOD1: 63.07% Test OOD2: 51.43% Test OOD3: 61.08% 
Epoch: 33, Loss: 1.0751, Train: 82.07%, Valid: 69.69%, Test In: 70.65% Test OOD1: 63.58% Test OOD2: 51.07% Test OOD3: 61.18% 
Epoch: 34, Loss: 1.0508, Train: 82.22%, Valid: 69.58%, Test In: 70.50% Test OOD1: 63.33% Test OOD2: 51.04% Test OOD3: 61.05% 
Epoch: 35, Loss: 1.0508, Train: 82.86%, Valid: 69.78%, Test In: 70.73% Test OOD1: 62.99% Test OOD2: 51.28% Test OOD3: 60.99% 
Epoch: 36, Loss: 1.0466, Train: 83.04%, Valid: 69.73%, Test In: 70.69% Test OOD1: 63.02% Test OOD2: 51.15% Test OOD3: 60.95% 
Epoch: 37, Loss: 1.0292, Train: 82.72%, Valid: 69.45%, Test In: 70.27% Test OOD1: 62.84% Test OOD2: 50.94% Test OOD3: 60.77% 
Epoch: 38, Loss: 1.0316, Train: 83.30%, Valid: 69.61%, Test In: 70.49% Test OOD1: 62.97% Test OOD2: 51.00% Test OOD3: 60.86% 
Epoch: 39, Loss: 1.0133, Train: 83.86%, Valid: 69.72%, Test In: 70.60% Test OOD1: 62.74% Test OOD2: 51.11% Test OOD3: 60.77% 
Epoch: 40, Loss: 1.0161, Train: 83.91%, Valid: 69.50%, Test In: 70.38% Test OOD1: 62.65% Test OOD2: 50.96% Test OOD3: 60.54% 
Epoch: 41, Loss: 0.9945, Train: 83.72%, Valid: 69.33%, Test In: 70.09% Test OOD1: 62.38% Test OOD2: 50.82% Test OOD3: 60.34% 
Epoch: 42, Loss: 0.9950, Train: 84.53%, Valid: 69.51%, Test In: 70.33% Test OOD1: 62.48% Test OOD2: 50.89% Test OOD3: 60.34% 
Epoch: 43, Loss: 0.9844, Train: 85.02%, Valid: 69.57%, Test In: 70.46% Test OOD1: 62.61% Test OOD2: 50.85% Test OOD3: 60.30% 
Epoch: 44, Loss: 0.9751, Train: 84.79%, Valid: 69.33%, Test In: 70.07% Test OOD1: 62.09% Test OOD2: 50.73% Test OOD3: 60.00% 
Epoch: 45, Loss: 0.9697, Train: 84.86%, Valid: 69.22%, Test In: 69.95% Test OOD1: 62.07% Test OOD2: 50.65% Test OOD3: 59.92% 
Epoch: 46, Loss: 0.9608, Train: 85.53%, Valid: 69.22%, Test In: 70.07% Test OOD1: 62.38% Test OOD2: 50.69% Test OOD3: 59.99% 
Epoch: 47, Loss: 0.9497, Train: 85.78%, Valid: 69.12%, Test In: 70.00% Test OOD1: 62.40% Test OOD2: 50.64% Test OOD3: 59.99% 
Epoch: 48, Loss: 0.9380, Train: 85.50%, Valid: 68.89%, Test In: 69.72% Test OOD1: 62.38% Test OOD2: 50.50% Test OOD3: 59.95% 
Epoch: 49, Loss: 0.9324, Train: 86.06%, Valid: 68.95%, Test In: 69.85% Test OOD1: 62.24% Test OOD2: 50.60% Test OOD3: 59.90% 
Epoch: 50, Loss: 0.9206, Train: 86.66%, Valid: 69.02%, Test In: 69.95% Test OOD1: 62.17% Test OOD2: 50.59% Test OOD3: 59.85% 
Epoch: 51, Loss: 0.9094, Train: 86.47%, Valid: 68.92%, Test In: 69.80% Test OOD1: 62.17% Test OOD2: 50.41% Test OOD3: 59.82% 
Epoch: 52, Loss: 0.9060, Train: 87.03%, Valid: 69.00%, Test In: 69.89% Test OOD1: 62.13% Test OOD2: 50.48% Test OOD3: 59.81% 
Epoch: 53, Loss: 0.8957, Train: 87.49%, Valid: 69.11%, Test In: 70.02% Test OOD1: 61.85% Test OOD2: 50.60% Test OOD3: 59.74% 
Epoch: 54, Loss: 0.8914, Train: 87.23%, Valid: 68.99%, Test In: 69.84% Test OOD1: 61.72% Test OOD2: 50.50% Test OOD3: 59.68% 
Epoch: 55, Loss: 0.8792, Train: 88.09%, Valid: 69.08%, Test In: 69.98% Test OOD1: 61.98% Test OOD2: 50.57% Test OOD3: 59.78% 
Epoch: 56, Loss: 0.8566, Train: 88.23%, Valid: 69.02%, Test In: 69.92% Test OOD1: 62.12% Test OOD2: 50.60% Test OOD3: 59.81% 
Epoch: 57, Loss: 0.8615, Train: 88.18%, Valid: 68.97%, Test In: 69.80% Test OOD1: 61.77% Test OOD2: 50.59% Test OOD3: 59.66% 
Epoch: 58, Loss: 0.8429, Train: 88.91%, Valid: 69.03%, Test In: 69.83% Test OOD1: 61.75% Test OOD2: 50.66% Test OOD3: 59.60% 
Epoch: 59, Loss: 0.8285, Train: 88.73%, Valid: 68.81%, Test In: 69.62% Test OOD1: 62.18% Test OOD2: 50.58% Test OOD3: 59.67% 
Epoch: 60, Loss: 0.8234, Train: 89.57%, Valid: 69.03%, Test In: 69.77% Test OOD1: 61.63% Test OOD2: 50.66% Test OOD3: 59.46% 
Epoch: 61, Loss: 0.8158, Train: 89.57%, Valid: 68.96%, Test In: 69.72% Test OOD1: 61.60% Test OOD2: 50.60% Test OOD3: 59.42% 
Epoch: 62, Loss: 0.7988, Train: 89.99%, Valid: 68.89%, Test In: 69.72% Test OOD1: 61.98% Test OOD2: 50.63% Test OOD3: 59.51% 
Epoch: 63, Loss: 0.7931, Train: 90.58%, Valid: 68.98%, Test In: 69.74% Test OOD1: 61.62% Test OOD2: 50.64% Test OOD3: 59.37% 
Epoch: 64, Loss: 0.7817, Train: 90.22%, Valid: 68.82%, Test In: 69.58% Test OOD1: 61.65% Test OOD2: 50.52% Test OOD3: 59.39% 
Epoch: 65, Loss: 0.7781, Train: 91.28%, Valid: 68.91%, Test In: 69.67% Test OOD1: 61.68% Test OOD2: 50.62% Test OOD3: 59.37% 
Epoch: 66, Loss: 0.7634, Train: 91.14%, Valid: 68.71%, Test In: 69.51% Test OOD1: 61.86% Test OOD2: 50.55% Test OOD3: 59.41% 
Epoch: 67, Loss: 0.7461, Train: 91.54%, Valid: 68.78%, Test In: 69.52% Test OOD1: 61.39% Test OOD2: 50.52% Test OOD3: 59.20% 
Epoch: 68, Loss: 0.7263, Train: 92.08%, Valid: 68.85%, Test In: 69.56% Test OOD1: 61.10% Test OOD2: 50.52% Test OOD3: 59.05% 
Epoch: 69, Loss: 0.7311, Train: 92.13%, Valid: 68.67%, Test In: 69.51% Test OOD1: 61.55% Test OOD2: 50.53% Test OOD3: 59.20% 
Epoch: 70, Loss: 0.7169, Train: 92.81%, Valid: 68.83%, Test In: 69.59% Test OOD1: 61.09% Test OOD2: 50.57% Test OOD3: 59.05% 
Epoch: 71, Loss: 0.7176, Train: 92.45%, Valid: 68.71%, Test In: 69.45% Test OOD1: 61.46% Test OOD2: 50.48% Test OOD3: 59.25% 
Epoch: 72, Loss: 0.6945, Train: 93.40%, Valid: 68.71%, Test In: 69.49% Test OOD1: 61.51% Test OOD2: 50.60% Test OOD3: 59.24% 
Epoch: 73, Loss: 0.6796, Train: 93.49%, Valid: 68.67%, Test In: 69.44% Test OOD1: 61.56% Test OOD2: 50.62% Test OOD3: 59.24% 
Epoch: 74, Loss: 0.6878, Train: 93.87%, Valid: 68.76%, Test In: 69.47% Test OOD1: 61.52% Test OOD2: 50.66% Test OOD3: 59.20% 
Epoch: 75, Loss: 0.6568, Train: 93.98%, Valid: 68.76%, Test In: 69.44% Test OOD1: 61.35% Test OOD2: 50.67% Test OOD3: 59.14% 
Epoch: 76, Loss: 0.6533, Train: 94.67%, Valid: 68.75%, Test In: 69.44% Test OOD1: 60.96% Test OOD2: 50.75% Test OOD3: 58.97% 
Epoch: 77, Loss: 0.6300, Train: 94.70%, Valid: 68.63%, Test In: 69.35% Test OOD1: 61.06% Test OOD2: 50.72% Test OOD3: 59.00% 
Epoch: 78, Loss: 0.6269, Train: 95.11%, Valid: 68.59%, Test In: 69.29% Test OOD1: 60.94% Test OOD2: 50.73% Test OOD3: 58.94% 
Epoch: 79, Loss: 0.6284, Train: 94.89%, Valid: 68.43%, Test In: 69.20% Test OOD1: 61.15% Test OOD2: 50.67% Test OOD3: 59.04% 
Epoch: 80, Loss: 0.6132, Train: 95.93%, Valid: 68.59%, Test In: 69.35% Test OOD1: 60.65% Test OOD2: 50.84% Test OOD3: 58.85% 
Epoch: 81, Loss: 0.5916, Train: 95.47%, Valid: 68.46%, Test In: 69.26% Test OOD1: 61.25% Test OOD2: 50.78% Test OOD3: 59.14% 
Epoch: 82, Loss: 0.5921, Train: 96.20%, Valid: 68.51%, Test In: 69.32% Test OOD1: 61.25% Test OOD2: 50.92% Test OOD3: 59.14% 
Epoch: 83, Loss: 0.5832, Train: 96.20%, Valid: 68.47%, Test In: 69.31% Test OOD1: 61.23% Test OOD2: 50.94% Test OOD3: 59.20% 
Epoch: 84, Loss: 0.5683, Train: 96.55%, Valid: 68.44%, Test In: 69.35% Test OOD1: 61.11% Test OOD2: 50.98% Test OOD3: 59.11% 
Epoch: 85, Loss: 0.5594, Train: 96.74%, Valid: 68.38%, Test In: 69.30% Test OOD1: 60.86% Test OOD2: 50.95% Test OOD3: 58.96% 
Epoch: 86, Loss: 0.5387, Train: 96.80%, Valid: 68.24%, Test In: 69.22% Test OOD1: 60.90% Test OOD2: 50.94% Test OOD3: 58.98% 
Epoch: 87, Loss: 0.5321, Train: 97.20%, Valid: 68.24%, Test In: 69.18% Test OOD1: 60.72% Test OOD2: 50.96% Test OOD3: 58.87% 
Epoch: 88, Loss: 0.5288, Train: 97.28%, Valid: 68.28%, Test In: 69.17% Test OOD1: 60.72% Test OOD2: 50.94% Test OOD3: 58.85% 
Epoch: 89, Loss: 0.5110, Train: 97.25%, Valid: 68.19%, Test In: 69.07% Test OOD1: 61.02% Test OOD2: 50.93% Test OOD3: 58.95% 
Epoch: 90, Loss: 0.5244, Train: 97.95%, Valid: 68.33%, Test In: 69.14% Test OOD1: 60.64% Test OOD2: 51.04% Test OOD3: 58.82% 
Epoch: 91, Loss: 0.5322, Train: 97.11%, Valid: 68.22%, Test In: 69.13% Test OOD1: 61.13% Test OOD2: 50.95% Test OOD3: 59.06% 
Epoch: 92, Loss: 0.5327, Train: 97.91%, Valid: 68.37%, Test In: 69.22% Test OOD1: 60.91% Test OOD2: 51.01% Test OOD3: 58.97% 
Epoch: 93, Loss: 0.4999, Train: 98.20%, Valid: 68.38%, Test In: 69.22% Test OOD1: 60.94% Test OOD2: 51.02% Test OOD3: 58.97% 
Epoch: 94, Loss: 0.5117, Train: 97.71%, Valid: 68.24%, Test In: 69.21% Test OOD1: 60.92% Test OOD2: 50.96% Test OOD3: 58.94% 
Epoch: 95, Loss: 0.4998, Train: 98.00%, Valid: 68.24%, Test In: 69.15% Test OOD1: 60.89% Test OOD2: 50.97% Test OOD3: 58.89% 
Epoch: 96, Loss: 0.4640, Train: 98.46%, Valid: 68.26%, Test In: 69.07% Test OOD1: 60.81% Test OOD2: 51.02% Test OOD3: 58.83% 
Epoch: 97, Loss: 0.4742, Train: 98.34%, Valid: 68.19%, Test In: 69.03% Test OOD1: 61.08% Test OOD2: 51.00% Test OOD3: 58.94% 
Epoch: 98, Loss: 0.4656, Train: 98.17%, Valid: 68.15%, Test In: 69.06% Test OOD1: 60.99% Test OOD2: 50.98% Test OOD3: 58.85% 
Epoch: 99, Loss: 0.4617, Train: 98.46%, Valid: 68.21%, Test In: 69.13% Test OOD1: 60.98% Test OOD2: 50.99% Test OOD3: 58.81% 
Epoch: 100, Loss: 0.4426, Train: 98.74%, Valid: 68.28%, Test In: 69.18% Test OOD1: 61.01% Test OOD2: 51.03% Test OOD3: 58.86% 
Epoch: 101, Loss: 0.4472, Train: 98.53%, Valid: 68.17%, Test In: 69.13% Test OOD1: 61.30% Test OOD2: 50.98% Test OOD3: 58.97% 
Epoch: 102, Loss: 0.4319, Train: 98.48%, Valid: 68.06%, Test In: 69.11% Test OOD1: 61.42% Test OOD2: 50.96% Test OOD3: 59.02% 
Epoch: 103, Loss: 0.4355, Train: 98.89%, Valid: 68.14%, Test In: 69.18% Test OOD1: 61.27% Test OOD2: 50.99% Test OOD3: 58.96% 
Epoch: 104, Loss: 0.4376, Train: 99.03%, Valid: 68.23%, Test In: 69.15% Test OOD1: 61.14% Test OOD2: 51.00% Test OOD3: 58.93% 
Epoch: 105, Loss: 0.4272, Train: 98.90%, Valid: 68.17%, Test In: 69.04% Test OOD1: 61.05% Test OOD2: 50.96% Test OOD3: 58.80% 
Epoch: 106, Loss: 0.4228, Train: 98.97%, Valid: 68.02%, Test In: 68.93% Test OOD1: 60.99% Test OOD2: 50.91% Test OOD3: 58.69% 
Epoch: 107, Loss: 0.4069, Train: 99.22%, Valid: 68.09%, Test In: 68.88% Test OOD1: 60.77% Test OOD2: 50.96% Test OOD3: 58.58% 
Epoch: 108, Loss: 0.4097, Train: 99.19%, Valid: 68.09%, Test In: 68.81% Test OOD1: 60.76% Test OOD2: 50.99% Test OOD3: 58.59% 
Epoch: 109, Loss: 0.4106, Train: 99.14%, Valid: 67.94%, Test In: 68.67% Test OOD1: 60.88% Test OOD2: 50.97% Test OOD3: 58.57% 
Epoch: 110, Loss: 0.4036, Train: 99.33%, Valid: 67.95%, Test In: 68.65% Test OOD1: 60.70% Test OOD2: 51.00% Test OOD3: 58.53% 
Epoch: 111, Loss: 0.3975, Train: 99.42%, Valid: 68.03%, Test In: 68.75% Test OOD1: 60.59% Test OOD2: 51.04% Test OOD3: 58.61% 
Epoch: 112, Loss: 0.3842, Train: 99.43%, Valid: 68.00%, Test In: 68.83% Test OOD1: 60.70% Test OOD2: 50.98% Test OOD3: 58.67% 
Epoch: 113, Loss: 0.3897, Train: 99.47%, Valid: 67.97%, Test In: 68.88% Test OOD1: 60.77% Test OOD2: 50.92% Test OOD3: 58.68% 
Epoch: 114, Loss: 0.3882, Train: 99.46%, Valid: 67.95%, Test In: 68.88% Test OOD1: 61.02% Test OOD2: 50.86% Test OOD3: 58.82% 
Epoch: 115, Loss: 0.3814, Train: 99.51%, Valid: 68.08%, Test In: 68.96% Test OOD1: 61.04% Test OOD2: 50.83% Test OOD3: 58.87% 
Epoch: 116, Loss: 0.3772, Train: 99.56%, Valid: 68.17%, Test In: 69.03% Test OOD1: 60.90% Test OOD2: 50.83% Test OOD3: 58.78% 
Epoch: 117, Loss: 0.3692, Train: 99.54%, Valid: 68.07%, Test In: 68.99% Test OOD1: 60.97% Test OOD2: 50.77% Test OOD3: 58.73% 
Epoch: 118, Loss: 0.3667, Train: 99.54%, Valid: 67.95%, Test In: 68.93% Test OOD1: 60.94% Test OOD2: 50.70% Test OOD3: 58.65% 
Epoch: 119, Loss: 0.3647, Train: 99.61%, Valid: 67.93%, Test In: 68.93% Test OOD1: 60.94% Test OOD2: 50.64% Test OOD3: 58.65% 
Epoch: 120, Loss: 0.3709, Train: 99.65%, Valid: 68.00%, Test In: 69.04% Test OOD1: 60.95% Test OOD2: 50.64% Test OOD3: 58.70% 
Epoch: 121, Loss: 0.3565, Train: 99.65%, Valid: 67.95%, Test In: 69.02% Test OOD1: 61.16% Test OOD2: 50.61% Test OOD3: 58.77% 
Epoch: 122, Loss: 0.3551, Train: 99.68%, Valid: 67.96%, Test In: 69.01% Test OOD1: 61.15% Test OOD2: 50.62% Test OOD3: 58.69% 
Epoch: 123, Loss: 0.3543, Train: 99.72%, Valid: 67.97%, Test In: 69.04% Test OOD1: 61.12% Test OOD2: 50.70% Test OOD3: 58.61% 
Epoch: 124, Loss: 0.3476, Train: 99.69%, Valid: 67.77%, Test In: 68.95% Test OOD1: 61.24% Test OOD2: 50.73% Test OOD3: 58.64% 
Epoch: 125, Loss: 0.3613, Train: 99.74%, Valid: 67.81%, Test In: 69.04% Test OOD1: 60.86% Test OOD2: 50.77% Test OOD3: 58.46% 
Epoch: 126, Loss: 0.3487, Train: 99.75%, Valid: 67.79%, Test In: 69.09% Test OOD1: 60.77% Test OOD2: 50.78% Test OOD3: 58.48% 
Epoch: 127, Loss: 0.3336, Train: 99.76%, Valid: 67.77%, Test In: 69.12% Test OOD1: 60.85% Test OOD2: 50.79% Test OOD3: 58.64% 
Epoch: 128, Loss: 0.3379, Train: 99.76%, Valid: 67.74%, Test In: 69.10% Test OOD1: 60.96% Test OOD2: 50.78% Test OOD3: 58.80% 
Epoch: 129, Loss: 0.3390, Train: 99.77%, Valid: 67.78%, Test In: 69.12% Test OOD1: 61.05% Test OOD2: 50.80% Test OOD3: 58.90% 
Epoch: 130, Loss: 0.3325, Train: 99.80%, Valid: 67.88%, Test In: 69.14% Test OOD1: 61.04% Test OOD2: 50.80% Test OOD3: 58.88% 
Epoch: 131, Loss: 0.3342, Train: 99.82%, Valid: 67.86%, Test In: 69.06% Test OOD1: 61.00% Test OOD2: 50.78% Test OOD3: 58.77% 
Epoch: 132, Loss: 0.3237, Train: 99.83%, Valid: 67.81%, Test In: 68.92% Test OOD1: 60.94% Test OOD2: 50.75% Test OOD3: 58.61% 
Epoch: 133, Loss: 0.3316, Train: 99.82%, Valid: 67.72%, Test In: 68.84% Test OOD1: 61.02% Test OOD2: 50.76% Test OOD3: 58.52% 
Epoch: 134, Loss: 0.3329, Train: 99.83%, Valid: 67.73%, Test In: 68.91% Test OOD1: 60.89% Test OOD2: 50.80% Test OOD3: 58.41% 
Epoch: 135, Loss: 0.3244, Train: 99.88%, Valid: 67.76%, Test In: 68.94% Test OOD1: 60.57% Test OOD2: 50.86% Test OOD3: 58.24% 
Epoch: 136, Loss: 0.3384, Train: 99.83%, Valid: 67.59%, Test In: 68.82% Test OOD1: 60.92% Test OOD2: 50.78% Test OOD3: 58.47% 
Epoch: 137, Loss: 0.3165, Train: 99.79%, Valid: 67.41%, Test In: 68.65% Test OOD1: 61.15% Test OOD2: 50.69% Test OOD3: 58.70% 
Epoch: 138, Loss: 0.3252, Train: 99.88%, Valid: 67.65%, Test In: 68.77% Test OOD1: 60.87% Test OOD2: 50.77% Test OOD3: 58.75% 
Epoch: 139, Loss: 0.3290, Train: 99.84%, Valid: 67.81%, Test In: 68.95% Test OOD1: 60.86% Test OOD2: 50.79% Test OOD3: 58.88% 
Epoch: 140, Loss: 0.3339, Train: 99.84%, Valid: 67.78%, Test In: 68.93% Test OOD1: 61.05% Test OOD2: 50.85% Test OOD3: 58.96% 
Epoch: 141, Loss: 0.3082, Train: 99.89%, Valid: 67.83%, Test In: 68.94% Test OOD1: 61.15% Test OOD2: 50.98% Test OOD3: 58.95% 
Epoch: 142, Loss: 0.3290, Train: 99.89%, Valid: 67.96%, Test In: 69.11% Test OOD1: 61.19% Test OOD2: 51.11% Test OOD3: 58.97% 
Epoch: 143, Loss: 0.3154, Train: 99.88%, Valid: 67.91%, Test In: 69.09% Test OOD1: 61.38% Test OOD2: 51.11% Test OOD3: 59.00% 
Epoch: 144, Loss: 0.3205, Train: 99.90%, Valid: 67.83%, Test In: 68.99% Test OOD1: 61.43% Test OOD2: 51.07% Test OOD3: 58.91% 
Epoch: 145, Loss: 0.3128, Train: 99.89%, Valid: 67.86%, Test In: 68.93% Test OOD1: 61.37% Test OOD2: 51.01% Test OOD3: 58.85% 
Epoch: 146, Loss: 0.3209, Train: 99.89%, Valid: 68.06%, Test In: 69.00% Test OOD1: 61.10% Test OOD2: 51.02% Test OOD3: 58.75% 
Epoch: 147, Loss: 0.3081, Train: 99.92%, Valid: 68.04%, Test In: 68.93% Test OOD1: 60.95% Test OOD2: 51.01% Test OOD3: 58.72% 
Epoch: 148, Loss: 0.3064, Train: 99.92%, Valid: 67.81%, Test In: 68.77% Test OOD1: 61.10% Test OOD2: 50.99% Test OOD3: 58.81% 
Epoch: 149, Loss: 0.3036, Train: 99.87%, Valid: 67.53%, Test In: 68.63% Test OOD1: 61.37% Test OOD2: 50.94% Test OOD3: 58.93% 
Epoch: 150, Loss: 0.3177, Train: 99.92%, Valid: 67.76%, Test In: 68.87% Test OOD1: 61.09% Test OOD2: 51.03% Test OOD3: 58.84% 
Epoch: 151, Loss: 0.3005, Train: 99.95%, Valid: 67.87%, Test In: 68.96% Test OOD1: 60.88% Test OOD2: 51.06% Test OOD3: 58.74% 
Epoch: 152, Loss: 0.3142, Train: 99.94%, Valid: 67.79%, Test In: 68.90% Test OOD1: 61.14% Test OOD2: 51.04% Test OOD3: 58.70% 
Epoch: 153, Loss: 0.2942, Train: 99.92%, Valid: 67.76%, Test In: 68.83% Test OOD1: 61.33% Test OOD2: 51.05% Test OOD3: 58.67% 
Epoch: 154, Loss: 0.3115, Train: 99.96%, Valid: 67.85%, Test In: 68.93% Test OOD1: 61.21% Test OOD2: 51.12% Test OOD3: 58.64% 
Epoch: 155, Loss: 0.2863, Train: 99.96%, Valid: 67.89%, Test In: 68.96% Test OOD1: 61.29% Test OOD2: 51.10% Test OOD3: 58.70% 
Epoch: 156, Loss: 0.3005, Train: 99.95%, Valid: 67.79%, Test In: 68.86% Test OOD1: 61.34% Test OOD2: 51.00% Test OOD3: 58.68% 
Epoch: 157, Loss: 0.2897, Train: 99.95%, Valid: 67.71%, Test In: 68.79% Test OOD1: 61.14% Test OOD2: 50.90% Test OOD3: 58.59% 
Epoch: 158, Loss: 0.2930, Train: 99.96%, Valid: 67.79%, Test In: 68.88% Test OOD1: 60.73% Test OOD2: 50.88% Test OOD3: 58.45% 
Epoch: 159, Loss: 0.2935, Train: 99.96%, Valid: 67.81%, Test In: 68.96% Test OOD1: 60.57% Test OOD2: 50.83% Test OOD3: 58.39% 
Epoch: 160, Loss: 0.2972, Train: 99.96%, Valid: 67.84%, Test In: 69.05% Test OOD1: 60.68% Test OOD2: 50.86% Test OOD3: 58.45% 
Epoch: 161, Loss: 0.2869, Train: 99.95%, Valid: 67.85%, Test In: 69.07% Test OOD1: 60.92% Test OOD2: 50.88% Test OOD3: 58.56% 
Epoch: 162, Loss: 0.2931, Train: 99.96%, Valid: 67.86%, Test In: 69.07% Test OOD1: 61.00% Test OOD2: 50.90% Test OOD3: 58.60% 
Epoch: 163, Loss: 0.2859, Train: 99.97%, Valid: 67.78%, Test In: 69.05% Test OOD1: 61.00% Test OOD2: 50.91% Test OOD3: 58.59% 
Epoch: 164, Loss: 0.2891, Train: 99.98%, Valid: 67.81%, Test In: 69.02% Test OOD1: 60.94% Test OOD2: 50.93% Test OOD3: 58.55% 
Epoch: 165, Loss: 0.2843, Train: 99.97%, Valid: 67.82%, Test In: 68.90% Test OOD1: 61.18% Test OOD2: 50.83% Test OOD3: 58.56% 
Epoch: 166, Loss: 0.2815, Train: 99.98%, Valid: 67.81%, Test In: 68.86% Test OOD1: 61.09% Test OOD2: 50.78% Test OOD3: 58.40% 
Epoch: 167, Loss: 0.2827, Train: 99.98%, Valid: 67.79%, Test In: 68.83% Test OOD1: 60.87% Test OOD2: 50.74% Test OOD3: 58.15% 
Epoch: 168, Loss: 0.2932, Train: 99.98%, Valid: 67.77%, Test In: 68.82% Test OOD1: 60.79% Test OOD2: 50.61% Test OOD3: 57.99% 
Epoch: 169, Loss: 0.2768, Train: 99.97%, Valid: 67.76%, Test In: 68.88% Test OOD1: 60.73% Test OOD2: 50.56% Test OOD3: 57.92% 
Epoch: 170, Loss: 0.2776, Train: 99.98%, Valid: 67.74%, Test In: 68.93% Test OOD1: 60.65% Test OOD2: 50.60% Test OOD3: 57.92% 
Epoch: 171, Loss: 0.2848, Train: 99.98%, Valid: 67.71%, Test In: 68.98% Test OOD1: 60.90% Test OOD2: 50.63% Test OOD3: 58.18% 
Epoch: 172, Loss: 0.2694, Train: 99.97%, Valid: 67.82%, Test In: 69.09% Test OOD1: 61.02% Test OOD2: 50.67% Test OOD3: 58.44% 
Epoch: 173, Loss: 0.2697, Train: 99.98%, Valid: 67.95%, Test In: 69.18% Test OOD1: 60.93% Test OOD2: 50.76% Test OOD3: 58.54% 
Epoch: 174, Loss: 0.2761, Train: 99.98%, Valid: 67.90%, Test In: 69.06% Test OOD1: 60.99% Test OOD2: 50.79% Test OOD3: 58.57% 
Epoch: 175, Loss: 0.2759, Train: 99.97%, Valid: 67.81%, Test In: 68.94% Test OOD1: 61.09% Test OOD2: 50.70% Test OOD3: 58.58% 
Epoch: 176, Loss: 0.2893, Train: 99.98%, Valid: 68.09%, Test In: 69.08% Test OOD1: 60.62% Test OOD2: 50.78% Test OOD3: 58.36% 
Epoch: 177, Loss: 0.2772, Train: 99.99%, Valid: 67.95%, Test In: 68.90% Test OOD1: 60.76% Test OOD2: 50.78% Test OOD3: 58.38% 
Epoch: 178, Loss: 0.2739, Train: 99.98%, Valid: 67.74%, Test In: 68.76% Test OOD1: 61.21% Test OOD2: 50.68% Test OOD3: 58.57% 
Epoch: 179, Loss: 0.2819, Train: 99.99%, Valid: 67.91%, Test In: 69.00% Test OOD1: 61.00% Test OOD2: 50.76% Test OOD3: 58.53% 
Epoch: 180, Loss: 0.2859, Train: 99.99%, Valid: 67.93%, Test In: 69.03% Test OOD1: 60.89% Test OOD2: 50.82% Test OOD3: 58.46% 
Epoch: 181, Loss: 0.2698, Train: 99.98%, Valid: 67.78%, Test In: 68.93% Test OOD1: 61.16% Test OOD2: 50.71% Test OOD3: 58.58% 
Epoch: 182, Loss: 0.2686, Train: 99.98%, Valid: 67.79%, Test In: 68.98% Test OOD1: 61.06% Test OOD2: 50.72% Test OOD3: 58.60% 
Epoch: 183, Loss: 0.2767, Train: 99.99%, Valid: 67.99%, Test In: 69.11% Test OOD1: 60.69% Test OOD2: 50.84% Test OOD3: 58.47% 
Epoch: 184, Loss: 0.2705, Train: 99.98%, Valid: 67.94%, Test In: 69.02% Test OOD1: 60.85% Test OOD2: 50.78% Test OOD3: 58.50% 
Epoch: 185, Loss: 0.2727, Train: 99.97%, Valid: 67.77%, Test In: 68.86% Test OOD1: 61.13% Test OOD2: 50.75% Test OOD3: 58.51% 
Epoch: 186, Loss: 0.2762, Train: 99.99%, Valid: 67.84%, Test In: 68.87% Test OOD1: 60.90% Test OOD2: 50.87% Test OOD3: 58.29% 
Epoch: 187, Loss: 0.2624, Train: 99.99%, Valid: 67.93%, Test In: 68.91% Test OOD1: 60.76% Test OOD2: 50.96% Test OOD3: 58.15% 
Epoch: 188, Loss: 0.2707, Train: 99.98%, Valid: 67.78%, Test In: 68.78% Test OOD1: 61.14% Test OOD2: 50.89% Test OOD3: 58.30% 
Epoch: 189, Loss: 0.2714, Train: 99.99%, Valid: 67.75%, Test In: 68.75% Test OOD1: 61.15% Test OOD2: 50.89% Test OOD3: 58.30% 
Epoch: 190, Loss: 0.2585, Train: 100.00%, Valid: 67.79%, Test In: 68.72% Test OOD1: 60.93% Test OOD2: 50.92% Test OOD3: 58.24% 
Epoch: 191, Loss: 0.2782, Train: 99.99%, Valid: 67.70%, Test In: 68.74% Test OOD1: 60.95% Test OOD2: 50.88% Test OOD3: 58.24% 
Epoch: 192, Loss: 0.2549, Train: 99.99%, Valid: 67.62%, Test In: 68.78% Test OOD1: 60.97% Test OOD2: 50.87% Test OOD3: 58.30% 
Epoch: 193, Loss: 0.2703, Train: 100.00%, Valid: 67.62%, Test In: 68.80% Test OOD1: 60.79% Test OOD2: 50.90% Test OOD3: 58.29% 
Epoch: 194, Loss: 0.2560, Train: 99.99%, Valid: 67.60%, Test In: 68.86% Test OOD1: 60.87% Test OOD2: 50.88% Test OOD3: 58.38% 
Epoch: 195, Loss: 0.2673, Train: 99.99%, Valid: 67.64%, Test In: 68.97% Test OOD1: 60.89% Test OOD2: 50.89% Test OOD3: 58.43% 
Epoch: 196, Loss: 0.2688, Train: 100.00%, Valid: 67.75%, Test In: 68.99% Test OOD1: 60.68% Test OOD2: 50.98% Test OOD3: 58.34% 
Epoch: 197, Loss: 0.2544, Train: 100.00%, Valid: 67.75%, Test In: 68.90% Test OOD1: 60.86% Test OOD2: 51.03% Test OOD3: 58.41% 
Epoch: 198, Loss: 0.2601, Train: 99.99%, Valid: 67.72%, Test In: 68.85% Test OOD1: 61.24% Test OOD2: 50.97% Test OOD3: 58.56% 
Epoch: 199, Loss: 0.2621, Train: 99.99%, Valid: 67.85%, Test In: 69.04% Test OOD1: 61.15% Test OOD2: 51.01% Test OOD3: 58.53% 
Run 03:
Highest Train: 100.00
Highest Valid: 70.18
Highest In Test: 71.03
Highest OOD Test: 65.67
Highest OOD Test: 52.58
Highest OOD Test: 62.93
Chosen epoch: 29
Final Train: 80.64
Final In Test: 71.03
Final OOD Test: 64.05
Final OOD Test: 51.42
Final OOD Test: 61.69
All runs:
Highest Train: 99.99 ± 0.01
Highest Valid: 70.44 ± 0.29
Highest In Test: 71.29 ± 0.39
Highest OOD Test: 65.73 ± 0.13
Highest OOD Test: 52.45 ± 0.22
Highest OOD Test: 63.09 ± 0.17
  Final Train: 79.92 ± 1.14
   Final In  Test: 71.29 ± 0.39
   Final OOD Test: 64.43 ± 0.58
   Final OOD Test: 51.66 ± 0.27
   Final OOD Test: 62.24 ± 0.73
[INFO] TensorBoard writer closed.

Command: python main.py --dataset twitch --backbone_type gcn --env_type graph --combine_result --store_result --epochs 200 --runs 3 --num_layers 2 --expert_agg mean --tau 3 --lr 0.01 --weight_decay 5e-5 --dropout 0.0 --K 3 --hidden_channels 64 --seed 123 --device 0 --lr 0.005 --weight_decay 5e-05 --dropout 0.2 --lamda 1.0 --K 3 --hidden_channels 64 --other_env_reduce env --result_name twitch_stage1_lr0.005_weight_decay5e-05_dropout0.2_lamda1.0_K3_hidden_channels64_other_env_reduceenv
Return code: 0
Elapsed: 254.13s
