Namespace(K=4, backbone_type='gcn', combine_result=True, cpu=False, data_dir='./data/', dataset='twitch', device=0, display_step=1, dropout=0.0, env_type='graph', epochs=200, expert_agg='mean', gate_hidden=64, hidden_channels=64, infer_env=False, infer_env_components=64, infer_env_iters=30, infer_env_num=3, lamda=0.5, lr=0.001, num_layers=2, other_env_reduce='sample', pos_weight=5.0, result_name='twitch_stage1_lr0.001_weight_decay0.0005_dropout0.0_lamda0.5_K4_hidden_channels64_other_env_reducesample', runs=3, seed=123, store_result=True, tau=3.0, use_bn=False, variant=False, weight_decay=0.0005)
dataset twitch: all nodes 34120 | edges 429113 | classes 2 | feats 3170
train nodes 7897 | valid nodes 3949 | test in nodes 3949
test ood1 nodes 4648 test ood2 nodes 6551 test ood3 nodes 7126 
[INFO] env numbers: 6 train env numbers: 3
Traceback (most recent call last):
  File "main.py", line 91, in <module>
    model = CaNet(d, c, args, device).to(device)
  File "/public/wc/.conda/envs/pygood/lib/python3.8/site-packages/torch/nn/modules/module.py", line 899, in to
    return self._apply(convert)
  File "/public/wc/.conda/envs/pygood/lib/python3.8/site-packages/torch/nn/modules/module.py", line 570, in _apply
    module._apply(fn)
  File "/public/wc/.conda/envs/pygood/lib/python3.8/site-packages/torch/nn/modules/module.py", line 570, in _apply
    module._apply(fn)
  File "/public/wc/.conda/envs/pygood/lib/python3.8/site-packages/torch/nn/modules/module.py", line 570, in _apply
    module._apply(fn)
  [Previous line repeated 1 more time]
  File "/public/wc/.conda/envs/pygood/lib/python3.8/site-packages/torch/nn/modules/module.py", line 593, in _apply
    param_applied = fn(param)
  File "/public/wc/.conda/envs/pygood/lib/python3.8/site-packages/torch/nn/modules/module.py", line 897, in convert
    return t.to(device, dtype if t.is_floating_point() or t.is_complex() else None, non_blocking)
RuntimeError: CUDA error: out of memory
CUDA kernel errors might be asynchronously reported at some other API call,so the stacktrace below might be incorrect.
For debugging consider passing CUDA_LAUNCH_BLOCKING=1.

Command: python main.py --dataset twitch --backbone_type gcn --env_type graph --combine_result --store_result --epochs 200 --runs 3 --num_layers 2 --expert_agg mean --tau 3 --lr 0.01 --weight_decay 5e-5 --dropout 0.0 --K 3 --hidden_channels 64 --seed 123 --device 0 --lr 0.001 --weight_decay 0.0005 --dropout 0.0 --lamda 0.5 --K 4 --hidden_channels 64 --other_env_reduce sample --result_name twitch_stage1_lr0.001_weight_decay0.0005_dropout0.0_lamda0.5_K4_hidden_channels64_other_env_reducesample
Return code: 1
Elapsed: 34.08s
