Namespace(K=4, backbone_type='gcn', combine_result=True, cpu=False, data_dir='./data/', dataset='twitch', device=0, display_step=1, dropout=0.1, env_type='graph', epochs=200, expert_agg='mean', gate_hidden=64, hidden_channels=64, infer_env=False, infer_env_components=64, infer_env_iters=30, infer_env_num=3, lamda=0.1, lr=0.001, num_layers=2, other_env_reduce='sample', pos_weight=5.0, result_name='twitch_stage1_lr0.001_weight_decay0.0005_dropout0.1_lamda0.1_K4_hidden_channels64_other_env_reducesample', runs=3, seed=123, store_result=True, tau=3.0, use_bn=False, variant=False, weight_decay=0.0005)
dataset twitch: all nodes 34120 | edges 429113 | classes 2 | feats 3170
train nodes 7897 | valid nodes 3949 | test in nodes 3949
test ood1 nodes 4648 test ood2 nodes 6551 test ood3 nodes 7126 
[INFO] env numbers: 6 train env numbers: 3
MODEL: CaNet(
  (experts): ModuleList(
    (0): ExpertNet(
      (convs): ModuleList(
        (0): CaNetConv()
        (1): CaNetConv()
      )
      (fcs): ModuleList(
        (0): Linear(in_features=3170, out_features=64, bias=True)
        (1): Linear(in_features=64, out_features=2, bias=True)
      )
      (act_fn): ReLU()
    )
    (1): ExpertNet(
      (convs): ModuleList(
        (0): CaNetConv()
        (1): CaNetConv()
      )
      (fcs): ModuleList(
        (0): Linear(in_features=3170, out_features=64, bias=True)
        (1): Linear(in_features=64, out_features=2, bias=True)
      )
      (act_fn): ReLU()
    )
    (2): ExpertNet(
      (convs): ModuleList(
        (0): CaNetConv()
        (1): CaNetConv()
      )
      (fcs): ModuleList(
        (0): Linear(in_features=3170, out_features=64, bias=True)
        (1): Linear(in_features=64, out_features=2, bias=True)
      )
      (act_fn): ReLU()
    )
    (3): ExpertNet(
      (convs): ModuleList(
        (0): CaNetConv()
        (1): CaNetConv()
      )
      (fcs): ModuleList(
        (0): Linear(in_features=3170, out_features=64, bias=True)
        (1): Linear(in_features=64, out_features=2, bias=True)
      )
      (act_fn): ReLU()
    )
  )
  (gate): Sequential(
    (0): Linear(in_features=3170, out_features=64, bias=True)
    (1): ReLU()
    (2): Linear(in_features=64, out_features=4, bias=True)
  )
)
[INFO] TensorBoard logging activated. Logs will be saved to: ./runs/twitch/Apr16_17-51-08_lamda_0.1
Epoch: 00, Loss: 0.7657, Train: 58.04%, Valid: 55.76%, Test In: 57.22% Test OOD1: 56.74% Test OOD2: 50.50% Test OOD3: 53.93% 
Epoch: 01, Loss: 0.7649, Train: 63.08%, Valid: 60.47%, Test In: 60.85% Test OOD1: 60.83% Test OOD2: 50.92% Test OOD3: 57.46% 
Epoch: 02, Loss: 0.7643, Train: 64.85%, Valid: 62.24%, Test In: 62.25% Test OOD1: 61.96% Test OOD2: 51.21% Test OOD3: 58.74% 
Epoch: 03, Loss: 0.7635, Train: 65.69%, Valid: 63.18%, Test In: 62.95% Test OOD1: 62.57% Test OOD2: 51.35% Test OOD3: 59.46% 
Epoch: 04, Loss: 0.7629, Train: 66.30%, Valid: 63.89%, Test In: 63.63% Test OOD1: 62.97% Test OOD2: 51.54% Test OOD3: 59.84% 
Epoch: 05, Loss: 0.7621, Train: 66.75%, Valid: 64.44%, Test In: 64.15% Test OOD1: 63.31% Test OOD2: 51.66% Test OOD3: 60.12% 
Epoch: 06, Loss: 0.7614, Train: 67.20%, Valid: 64.80%, Test In: 64.61% Test OOD1: 63.55% Test OOD2: 51.68% Test OOD3: 60.34% 
Epoch: 07, Loss: 0.7606, Train: 67.63%, Valid: 65.14%, Test In: 64.97% Test OOD1: 63.80% Test OOD2: 51.68% Test OOD3: 60.55% 
Epoch: 08, Loss: 0.7597, Train: 68.01%, Valid: 65.44%, Test In: 65.31% Test OOD1: 64.03% Test OOD2: 51.69% Test OOD3: 60.74% 
Epoch: 09, Loss: 0.7587, Train: 68.41%, Valid: 65.78%, Test In: 65.67% Test OOD1: 64.23% Test OOD2: 51.74% Test OOD3: 60.91% 
Epoch: 10, Loss: 0.7577, Train: 68.88%, Valid: 66.16%, Test In: 66.11% Test OOD1: 64.42% Test OOD2: 51.80% Test OOD3: 61.08% 
Epoch: 11, Loss: 0.7565, Train: 69.43%, Valid: 66.58%, Test In: 66.68% Test OOD1: 64.60% Test OOD2: 51.90% Test OOD3: 61.28% 
Epoch: 12, Loss: 0.7553, Train: 70.16%, Valid: 67.08%, Test In: 67.40% Test OOD1: 64.77% Test OOD2: 52.04% Test OOD3: 61.54% 
Epoch: 13, Loss: 0.7540, Train: 71.03%, Valid: 67.69%, Test In: 68.27% Test OOD1: 64.91% Test OOD2: 52.21% Test OOD3: 61.83% 
Epoch: 14, Loss: 0.7524, Train: 71.86%, Valid: 68.27%, Test In: 69.08% Test OOD1: 64.63% Test OOD2: 52.48% Test OOD3: 61.98% 
Epoch: 15, Loss: 0.7508, Train: 72.11%, Valid: 68.39%, Test In: 69.28% Test OOD1: 63.19% Test OOD2: 52.83% Test OOD3: 61.70% 
Epoch: 16, Loss: 0.7492, Train: 71.02%, Valid: 67.61%, Test In: 68.46% Test OOD1: 60.70% Test OOD2: 52.97% Test OOD3: 60.75% 
Epoch: 17, Loss: 0.7472, Train: 69.29%, Valid: 66.12%, Test In: 66.86% Test OOD1: 57.84% Test OOD2: 52.93% Test OOD3: 59.34% 
Epoch: 18, Loss: 0.7452, Train: 67.28%, Valid: 64.37%, Test In: 65.03% Test OOD1: 55.25% Test OOD2: 52.78% Test OOD3: 57.84% 
Epoch: 19, Loss: 0.7427, Train: 65.15%, Valid: 62.49%, Test In: 63.19% Test OOD1: 53.08% Test OOD2: 52.59% Test OOD3: 56.38% 
Epoch: 20, Loss: 0.7407, Train: 63.02%, Valid: 60.62%, Test In: 61.40% Test OOD1: 51.25% Test OOD2: 52.37% Test OOD3: 55.03% 
Epoch: 21, Loss: 0.7381, Train: 61.00%, Valid: 58.86%, Test In: 59.73% Test OOD1: 49.73% Test OOD2: 52.16% Test OOD3: 53.84% 
Epoch: 22, Loss: 0.7356, Train: 59.20%, Valid: 57.31%, Test In: 58.24% Test OOD1: 48.54% Test OOD2: 51.95% Test OOD3: 52.85% 
Epoch: 23, Loss: 0.7328, Train: 57.65%, Valid: 55.95%, Test In: 56.96% Test OOD1: 47.60% Test OOD2: 51.75% Test OOD3: 52.04% 
Epoch: 24, Loss: 0.7305, Train: 56.36%, Valid: 54.81%, Test In: 55.89% Test OOD1: 46.88% Test OOD2: 51.59% Test OOD3: 51.40% 
Epoch: 25, Loss: 0.7276, Train: 55.36%, Valid: 53.93%, Test In: 55.05% Test OOD1: 46.34% Test OOD2: 51.46% Test OOD3: 50.90% 
Epoch: 26, Loss: 0.7257, Train: 54.62%, Valid: 53.27%, Test In: 54.44% Test OOD1: 45.95% Test OOD2: 51.36% Test OOD3: 50.52% 
Epoch: 27, Loss: 0.7237, Train: 54.14%, Valid: 52.82%, Test In: 54.04% Test OOD1: 45.70% Test OOD2: 51.29% Test OOD3: 50.26% 
Epoch: 28, Loss: 0.7220, Train: 53.94%, Valid: 52.62%, Test In: 53.89% Test OOD1: 45.58% Test OOD2: 51.25% Test OOD3: 50.13% 
Epoch: 29, Loss: 0.7197, Train: 54.04%, Valid: 52.67%, Test In: 53.99% Test OOD1: 45.59% Test OOD2: 51.24% Test OOD3: 50.11% 
Epoch: 30, Loss: 0.7193, Train: 54.53%, Valid: 53.06%, Test In: 54.40% Test OOD1: 45.77% Test OOD2: 51.27% Test OOD3: 50.25% 
Epoch: 31, Loss: 0.7181, Train: 55.46%, Valid: 53.81%, Test In: 55.20% Test OOD1: 46.16% Test OOD2: 51.34% Test OOD3: 50.58% 
Epoch: 32, Loss: 0.7173, Train: 56.82%, Valid: 54.92%, Test In: 56.35% Test OOD1: 46.79% Test OOD2: 51.46% Test OOD3: 51.10% 
Epoch: 33, Loss: 0.7167, Train: 58.71%, Valid: 56.47%, Test In: 57.92% Test OOD1: 47.74% Test OOD2: 51.64% Test OOD3: 51.88% 
Epoch: 34, Loss: 0.7177, Train: 61.19%, Valid: 58.57%, Test In: 59.95% Test OOD1: 49.14% Test OOD2: 51.88% Test OOD3: 53.00% 
Epoch: 35, Loss: 0.7157, Train: 64.13%, Valid: 61.06%, Test In: 62.39% Test OOD1: 51.19% Test OOD2: 52.13% Test OOD3: 54.53% 
Epoch: 36, Loss: 0.7153, Train: 67.15%, Valid: 63.65%, Test In: 65.00% Test OOD1: 54.02% Test OOD2: 52.38% Test OOD3: 56.49% 
Epoch: 37, Loss: 0.7137, Train: 69.70%, Valid: 65.85%, Test In: 67.30% Test OOD1: 57.60% Test OOD2: 52.55% Test OOD3: 58.69% 
Epoch: 38, Loss: 0.7129, Train: 71.33%, Valid: 67.23%, Test In: 68.86% Test OOD1: 61.20% Test OOD2: 52.41% Test OOD3: 60.59% 
Epoch: 39, Loss: 0.7127, Train: 71.79%, Valid: 67.60%, Test In: 69.12% Test OOD1: 63.55% Test OOD2: 52.26% Test OOD3: 61.64% 
Epoch: 40, Loss: 0.7105, Train: 71.01%, Valid: 67.22%, Test In: 68.40% Test OOD1: 64.42% Test OOD2: 51.98% Test OOD3: 61.77% 
Epoch: 41, Loss: 0.7094, Train: 69.89%, Valid: 66.49%, Test In: 67.34% Test OOD1: 64.29% Test OOD2: 51.71% Test OOD3: 61.48% 
Epoch: 42, Loss: 0.7083, Train: 68.93%, Valid: 65.88%, Test In: 66.40% Test OOD1: 64.01% Test OOD2: 51.52% Test OOD3: 61.10% 
Epoch: 43, Loss: 0.7073, Train: 68.15%, Valid: 65.35%, Test In: 65.66% Test OOD1: 63.76% Test OOD2: 51.40% Test OOD3: 60.75% 
Epoch: 44, Loss: 0.7060, Train: 67.54%, Valid: 64.92%, Test In: 65.09% Test OOD1: 63.56% Test OOD2: 51.31% Test OOD3: 60.46% 
Epoch: 45, Loss: 0.7059, Train: 67.06%, Valid: 64.59%, Test In: 64.62% Test OOD1: 63.38% Test OOD2: 51.24% Test OOD3: 60.21% 
Epoch: 46, Loss: 0.7047, Train: 66.67%, Valid: 64.31%, Test In: 64.25% Test OOD1: 63.24% Test OOD2: 51.19% Test OOD3: 60.01% 
Epoch: 47, Loss: 0.7038, Train: 66.36%, Valid: 64.08%, Test In: 63.95% Test OOD1: 63.12% Test OOD2: 51.15% Test OOD3: 59.86% 
Epoch: 48, Loss: 0.7034, Train: 66.11%, Valid: 63.90%, Test In: 63.72% Test OOD1: 63.02% Test OOD2: 51.13% Test OOD3: 59.73% 
Epoch: 49, Loss: 0.7021, Train: 65.92%, Valid: 63.75%, Test In: 63.55% Test OOD1: 62.95% Test OOD2: 51.11% Test OOD3: 59.64% 
Epoch: 50, Loss: 0.7010, Train: 65.77%, Valid: 63.64%, Test In: 63.40% Test OOD1: 62.90% Test OOD2: 51.09% Test OOD3: 59.57% 
Epoch: 51, Loss: 0.7006, Train: 65.65%, Valid: 63.55%, Test In: 63.29% Test OOD1: 62.86% Test OOD2: 51.09% Test OOD3: 59.53% 
Epoch: 52, Loss: 0.6993, Train: 65.57%, Valid: 63.49%, Test In: 63.21% Test OOD1: 62.84% Test OOD2: 51.09% Test OOD3: 59.50% 
Epoch: 53, Loss: 0.6979, Train: 65.52%, Valid: 63.44%, Test In: 63.15% Test OOD1: 62.83% Test OOD2: 51.09% Test OOD3: 59.48% 
Epoch: 54, Loss: 0.6976, Train: 65.49%, Valid: 63.41%, Test In: 63.12% Test OOD1: 62.83% Test OOD2: 51.10% Test OOD3: 59.48% 
Epoch: 55, Loss: 0.6961, Train: 65.48%, Valid: 63.40%, Test In: 63.10% Test OOD1: 62.84% Test OOD2: 51.11% Test OOD3: 59.49% 
Epoch: 56, Loss: 0.6954, Train: 65.49%, Valid: 63.40%, Test In: 63.10% Test OOD1: 62.86% Test OOD2: 51.13% Test OOD3: 59.51% 
Epoch: 57, Loss: 0.6951, Train: 65.51%, Valid: 63.41%, Test In: 63.11% Test OOD1: 62.89% Test OOD2: 51.14% Test OOD3: 59.53% 
Epoch: 58, Loss: 0.6937, Train: 65.55%, Valid: 63.43%, Test In: 63.13% Test OOD1: 62.92% Test OOD2: 51.16% Test OOD3: 59.57% 
Epoch: 59, Loss: 0.6926, Train: 65.59%, Valid: 63.46%, Test In: 63.16% Test OOD1: 62.96% Test OOD2: 51.17% Test OOD3: 59.60% 
Epoch: 60, Loss: 0.6924, Train: 65.65%, Valid: 63.49%, Test In: 63.20% Test OOD1: 63.00% Test OOD2: 51.19% Test OOD3: 59.64% 
Epoch: 61, Loss: 0.6916, Train: 65.72%, Valid: 63.53%, Test In: 63.25% Test OOD1: 63.05% Test OOD2: 51.21% Test OOD3: 59.69% 
Epoch: 62, Loss: 0.6898, Train: 65.79%, Valid: 63.59%, Test In: 63.32% Test OOD1: 63.10% Test OOD2: 51.22% Test OOD3: 59.74% 
Epoch: 63, Loss: 0.6888, Train: 65.88%, Valid: 63.67%, Test In: 63.40% Test OOD1: 63.17% Test OOD2: 51.24% Test OOD3: 59.80% 
Epoch: 64, Loss: 0.6886, Train: 65.99%, Valid: 63.75%, Test In: 63.49% Test OOD1: 63.24% Test OOD2: 51.26% Test OOD3: 59.87% 
Epoch: 65, Loss: 0.6874, Train: 66.12%, Valid: 63.86%, Test In: 63.61% Test OOD1: 63.32% Test OOD2: 51.29% Test OOD3: 59.95% 
Epoch: 66, Loss: 0.6857, Train: 66.28%, Valid: 63.98%, Test In: 63.74% Test OOD1: 63.42% Test OOD2: 51.31% Test OOD3: 60.04% 
Epoch: 67, Loss: 0.6846, Train: 66.46%, Valid: 64.13%, Test In: 63.91% Test OOD1: 63.53% Test OOD2: 51.34% Test OOD3: 60.15% 
Epoch: 68, Loss: 0.6838, Train: 66.67%, Valid: 64.30%, Test In: 64.11% Test OOD1: 63.66% Test OOD2: 51.38% Test OOD3: 60.28% 
Epoch: 69, Loss: 0.6825, Train: 66.92%, Valid: 64.49%, Test In: 64.33% Test OOD1: 63.80% Test OOD2: 51.43% Test OOD3: 60.42% 
Epoch: 70, Loss: 0.6803, Train: 67.18%, Valid: 64.70%, Test In: 64.57% Test OOD1: 63.95% Test OOD2: 51.49% Test OOD3: 60.57% 
Epoch: 71, Loss: 0.6795, Train: 67.46%, Valid: 64.91%, Test In: 64.84% Test OOD1: 64.11% Test OOD2: 51.55% Test OOD3: 60.74% 
Epoch: 72, Loss: 0.6782, Train: 67.75%, Valid: 65.14%, Test In: 65.10% Test OOD1: 64.28% Test OOD2: 51.60% Test OOD3: 60.91% 
Epoch: 73, Loss: 0.6766, Train: 68.06%, Valid: 65.39%, Test In: 65.38% Test OOD1: 64.45% Test OOD2: 51.66% Test OOD3: 61.08% 
Epoch: 74, Loss: 0.6755, Train: 68.37%, Valid: 65.64%, Test In: 65.67% Test OOD1: 64.64% Test OOD2: 51.72% Test OOD3: 61.26% 
Epoch: 75, Loss: 0.6740, Train: 68.73%, Valid: 65.92%, Test In: 66.00% Test OOD1: 64.84% Test OOD2: 51.80% Test OOD3: 61.46% 
Epoch: 76, Loss: 0.6723, Train: 69.11%, Valid: 66.22%, Test In: 66.36% Test OOD1: 65.05% Test OOD2: 51.88% Test OOD3: 61.67% 
Epoch: 77, Loss: 0.6709, Train: 69.50%, Valid: 66.53%, Test In: 66.71% Test OOD1: 65.27% Test OOD2: 51.98% Test OOD3: 61.88% 
Epoch: 78, Loss: 0.6679, Train: 69.87%, Valid: 66.82%, Test In: 67.04% Test OOD1: 65.46% Test OOD2: 52.06% Test OOD3: 62.08% 
Epoch: 79, Loss: 0.6666, Train: 70.22%, Valid: 67.10%, Test In: 67.36% Test OOD1: 65.66% Test OOD2: 52.14% Test OOD3: 62.28% 
Epoch: 80, Loss: 0.6646, Train: 70.58%, Valid: 67.39%, Test In: 67.70% Test OOD1: 65.85% Test OOD2: 52.23% Test OOD3: 62.47% 
Epoch: 81, Loss: 0.6629, Train: 70.95%, Valid: 67.67%, Test In: 68.03% Test OOD1: 66.04% Test OOD2: 52.33% Test OOD3: 62.66% 
Epoch: 82, Loss: 0.6604, Train: 71.30%, Valid: 67.94%, Test In: 68.34% Test OOD1: 66.23% Test OOD2: 52.42% Test OOD3: 62.84% 
Epoch: 83, Loss: 0.6577, Train: 71.66%, Valid: 68.20%, Test In: 68.66% Test OOD1: 66.40% Test OOD2: 52.53% Test OOD3: 63.01% 
Epoch: 84, Loss: 0.6559, Train: 72.00%, Valid: 68.46%, Test In: 68.93% Test OOD1: 66.53% Test OOD2: 52.63% Test OOD3: 63.15% 
Epoch: 85, Loss: 0.6540, Train: 72.27%, Valid: 68.65%, Test In: 69.16% Test OOD1: 66.67% Test OOD2: 52.70% Test OOD3: 63.29% 
Epoch: 86, Loss: 0.6524, Train: 72.54%, Valid: 68.85%, Test In: 69.40% Test OOD1: 66.79% Test OOD2: 52.78% Test OOD3: 63.40% 
Epoch: 87, Loss: 0.6509, Train: 72.81%, Valid: 69.04%, Test In: 69.61% Test OOD1: 66.85% Test OOD2: 52.88% Test OOD3: 63.51% 
Epoch: 88, Loss: 0.6491, Train: 73.07%, Valid: 69.21%, Test In: 69.79% Test OOD1: 66.87% Test OOD2: 52.98% Test OOD3: 63.60% 
Epoch: 89, Loss: 0.6450, Train: 73.25%, Valid: 69.33%, Test In: 69.92% Test OOD1: 66.93% Test OOD2: 53.03% Test OOD3: 63.68% 
Epoch: 90, Loss: 0.6438, Train: 73.44%, Valid: 69.45%, Test In: 70.06% Test OOD1: 66.95% Test OOD2: 53.10% Test OOD3: 63.73% 
Epoch: 91, Loss: 0.6434, Train: 73.60%, Valid: 69.54%, Test In: 70.15% Test OOD1: 66.97% Test OOD2: 53.14% Test OOD3: 63.77% 
Epoch: 92, Loss: 0.6427, Train: 73.72%, Valid: 69.60%, Test In: 70.19% Test OOD1: 67.02% Test OOD2: 53.17% Test OOD3: 63.81% 
Epoch: 93, Loss: 0.6403, Train: 73.87%, Valid: 69.68%, Test In: 70.29% Test OOD1: 66.97% Test OOD2: 53.22% Test OOD3: 63.83% 
Epoch: 94, Loss: 0.6380, Train: 74.00%, Valid: 69.74%, Test In: 70.35% Test OOD1: 66.95% Test OOD2: 53.27% Test OOD3: 63.84% 
Epoch: 95, Loss: 0.6356, Train: 74.06%, Valid: 69.77%, Test In: 70.37% Test OOD1: 67.05% Test OOD2: 53.26% Test OOD3: 63.86% 
Epoch: 96, Loss: 0.6363, Train: 74.18%, Valid: 69.80%, Test In: 70.41% Test OOD1: 67.03% Test OOD2: 53.31% Test OOD3: 63.86% 
Epoch: 97, Loss: 0.6338, Train: 74.27%, Valid: 69.84%, Test In: 70.45% Test OOD1: 67.04% Test OOD2: 53.32% Test OOD3: 63.87% 
Epoch: 98, Loss: 0.6322, Train: 74.33%, Valid: 69.85%, Test In: 70.49% Test OOD1: 67.10% Test OOD2: 53.32% Test OOD3: 63.87% 
Epoch: 99, Loss: 0.6302, Train: 74.42%, Valid: 69.88%, Test In: 70.50% Test OOD1: 67.10% Test OOD2: 53.35% Test OOD3: 63.87% 
Epoch: 100, Loss: 0.6308, Train: 74.51%, Valid: 69.89%, Test In: 70.52% Test OOD1: 67.10% Test OOD2: 53.37% Test OOD3: 63.86% 
Epoch: 101, Loss: 0.6280, Train: 74.57%, Valid: 69.89%, Test In: 70.54% Test OOD1: 67.14% Test OOD2: 53.36% Test OOD3: 63.86% 
Epoch: 102, Loss: 0.6273, Train: 74.68%, Valid: 69.90%, Test In: 70.56% Test OOD1: 67.08% Test OOD2: 53.41% Test OOD3: 63.84% 
Epoch: 103, Loss: 0.6259, Train: 74.74%, Valid: 69.91%, Test In: 70.57% Test OOD1: 67.12% Test OOD2: 53.40% Test OOD3: 63.83% 
Epoch: 104, Loss: 0.6253, Train: 74.81%, Valid: 69.92%, Test In: 70.58% Test OOD1: 67.11% Test OOD2: 53.41% Test OOD3: 63.82% 
Epoch: 105, Loss: 0.6246, Train: 74.89%, Valid: 69.93%, Test In: 70.60% Test OOD1: 67.08% Test OOD2: 53.42% Test OOD3: 63.80% 
Epoch: 106, Loss: 0.6235, Train: 74.98%, Valid: 69.93%, Test In: 70.62% Test OOD1: 67.00% Test OOD2: 53.46% Test OOD3: 63.78% 
Epoch: 107, Loss: 0.6216, Train: 75.04%, Valid: 69.93%, Test In: 70.61% Test OOD1: 67.01% Test OOD2: 53.45% Test OOD3: 63.77% 
Epoch: 108, Loss: 0.6213, Train: 75.09%, Valid: 69.92%, Test In: 70.61% Test OOD1: 67.00% Test OOD2: 53.45% Test OOD3: 63.75% 
Epoch: 109, Loss: 0.6190, Train: 75.16%, Valid: 69.93%, Test In: 70.61% Test OOD1: 66.94% Test OOD2: 53.47% Test OOD3: 63.71% 
Epoch: 110, Loss: 0.6186, Train: 75.25%, Valid: 69.94%, Test In: 70.62% Test OOD1: 66.85% Test OOD2: 53.48% Test OOD3: 63.68% 
Epoch: 111, Loss: 0.6184, Train: 75.29%, Valid: 69.95%, Test In: 70.61% Test OOD1: 66.89% Test OOD2: 53.45% Test OOD3: 63.68% 
Epoch: 112, Loss: 0.6165, Train: 75.32%, Valid: 69.95%, Test In: 70.60% Test OOD1: 66.91% Test OOD2: 53.43% Test OOD3: 63.66% 
Epoch: 113, Loss: 0.6143, Train: 75.39%, Valid: 69.93%, Test In: 70.58% Test OOD1: 66.75% Test OOD2: 53.47% Test OOD3: 63.60% 
Epoch: 114, Loss: 0.6154, Train: 75.44%, Valid: 69.93%, Test In: 70.57% Test OOD1: 66.75% Test OOD2: 53.45% Test OOD3: 63.59% 
Epoch: 115, Loss: 0.6109, Train: 75.47%, Valid: 69.94%, Test In: 70.56% Test OOD1: 66.80% Test OOD2: 53.41% Test OOD3: 63.57% 
Epoch: 116, Loss: 0.6107, Train: 75.53%, Valid: 69.96%, Test In: 70.56% Test OOD1: 66.78% Test OOD2: 53.39% Test OOD3: 63.55% 
Epoch: 117, Loss: 0.6108, Train: 75.61%, Valid: 69.96%, Test In: 70.55% Test OOD1: 66.66% Test OOD2: 53.41% Test OOD3: 63.50% 
Epoch: 118, Loss: 0.6090, Train: 75.62%, Valid: 69.96%, Test In: 70.55% Test OOD1: 66.72% Test OOD2: 53.37% Test OOD3: 63.50% 
Epoch: 119, Loss: 0.6105, Train: 75.65%, Valid: 69.96%, Test In: 70.54% Test OOD1: 66.74% Test OOD2: 53.34% Test OOD3: 63.48% 
Epoch: 120, Loss: 0.6091, Train: 75.71%, Valid: 69.95%, Test In: 70.53% Test OOD1: 66.62% Test OOD2: 53.37% Test OOD3: 63.44% 
Epoch: 121, Loss: 0.6066, Train: 75.76%, Valid: 69.97%, Test In: 70.53% Test OOD1: 66.64% Test OOD2: 53.34% Test OOD3: 63.42% 
Epoch: 122, Loss: 0.6053, Train: 75.76%, Valid: 69.98%, Test In: 70.52% Test OOD1: 66.71% Test OOD2: 53.30% Test OOD3: 63.43% 
Epoch: 123, Loss: 0.6065, Train: 75.86%, Valid: 70.02%, Test In: 70.54% Test OOD1: 66.62% Test OOD2: 53.29% Test OOD3: 63.40% 
Epoch: 124, Loss: 0.6036, Train: 75.91%, Valid: 70.03%, Test In: 70.55% Test OOD1: 66.59% Test OOD2: 53.29% Test OOD3: 63.38% 
Epoch: 125, Loss: 0.6042, Train: 75.93%, Valid: 70.04%, Test In: 70.55% Test OOD1: 66.60% Test OOD2: 53.29% Test OOD3: 63.37% 
Epoch: 126, Loss: 0.6005, Train: 75.93%, Valid: 70.02%, Test In: 70.54% Test OOD1: 66.60% Test OOD2: 53.30% Test OOD3: 63.35% 
Epoch: 127, Loss: 0.6009, Train: 75.99%, Valid: 70.04%, Test In: 70.55% Test OOD1: 66.55% Test OOD2: 53.29% Test OOD3: 63.32% 
Epoch: 128, Loss: 0.5989, Train: 76.10%, Valid: 70.08%, Test In: 70.57% Test OOD1: 66.49% Test OOD2: 53.28% Test OOD3: 63.31% 
Epoch: 129, Loss: 0.5980, Train: 76.09%, Valid: 70.08%, Test In: 70.58% Test OOD1: 66.57% Test OOD2: 53.24% Test OOD3: 63.32% 
Epoch: 130, Loss: 0.5989, Train: 76.10%, Valid: 70.06%, Test In: 70.57% Test OOD1: 66.55% Test OOD2: 53.24% Test OOD3: 63.31% 
Epoch: 131, Loss: 0.5934, Train: 76.14%, Valid: 70.05%, Test In: 70.57% Test OOD1: 66.47% Test OOD2: 53.24% Test OOD3: 63.28% 
Epoch: 132, Loss: 0.5955, Train: 76.21%, Valid: 70.05%, Test In: 70.59% Test OOD1: 66.41% Test OOD2: 53.22% Test OOD3: 63.26% 
Epoch: 133, Loss: 0.5925, Train: 76.20%, Valid: 70.03%, Test In: 70.59% Test OOD1: 66.53% Test OOD2: 53.17% Test OOD3: 63.28% 
Epoch: 134, Loss: 0.5911, Train: 76.19%, Valid: 69.99%, Test In: 70.56% Test OOD1: 66.46% Test OOD2: 53.20% Test OOD3: 63.24% 
Epoch: 135, Loss: 0.5905, Train: 76.29%, Valid: 70.00%, Test In: 70.58% Test OOD1: 66.37% Test OOD2: 53.19% Test OOD3: 63.20% 
Epoch: 136, Loss: 0.5892, Train: 76.37%, Valid: 70.02%, Test In: 70.60% Test OOD1: 66.35% Test OOD2: 53.16% Test OOD3: 63.19% 
Epoch: 137, Loss: 0.5892, Train: 76.35%, Valid: 69.99%, Test In: 70.58% Test OOD1: 66.35% Test OOD2: 53.16% Test OOD3: 63.17% 
Epoch: 138, Loss: 0.5884, Train: 76.33%, Valid: 69.95%, Test In: 70.57% Test OOD1: 66.32% Test OOD2: 53.15% Test OOD3: 63.15% 
Epoch: 139, Loss: 0.5835, Train: 76.44%, Valid: 69.95%, Test In: 70.57% Test OOD1: 66.18% Test OOD2: 53.16% Test OOD3: 63.10% 
Epoch: 140, Loss: 0.5830, Train: 76.52%, Valid: 69.97%, Test In: 70.59% Test OOD1: 66.18% Test OOD2: 53.12% Test OOD3: 63.10% 
Epoch: 141, Loss: 0.5836, Train: 76.48%, Valid: 69.94%, Test In: 70.57% Test OOD1: 66.25% Test OOD2: 53.08% Test OOD3: 63.11% 
Epoch: 142, Loss: 0.5825, Train: 76.52%, Valid: 69.92%, Test In: 70.56% Test OOD1: 65.99% Test OOD2: 53.13% Test OOD3: 63.04% 
Epoch: 143, Loss: 0.5829, Train: 76.63%, Valid: 69.95%, Test In: 70.58% Test OOD1: 66.01% Test OOD2: 53.09% Test OOD3: 63.05% 
Epoch: 144, Loss: 0.5791, Train: 76.70%, Valid: 69.98%, Test In: 70.59% Test OOD1: 66.15% Test OOD2: 53.02% Test OOD3: 63.09% 
Epoch: 145, Loss: 0.5787, Train: 76.74%, Valid: 69.96%, Test In: 70.57% Test OOD1: 66.02% Test OOD2: 53.03% Test OOD3: 63.06% 
Epoch: 146, Loss: 0.5793, Train: 76.69%, Valid: 69.93%, Test In: 70.55% Test OOD1: 65.99% Test OOD2: 53.02% Test OOD3: 63.05% 
Epoch: 147, Loss: 0.5767, Train: 76.83%, Valid: 69.95%, Test In: 70.56% Test OOD1: 65.91% Test OOD2: 53.01% Test OOD3: 63.05% 
Epoch: 148, Loss: 0.5740, Train: 76.95%, Valid: 70.00%, Test In: 70.56% Test OOD1: 65.95% Test OOD2: 52.98% Test OOD3: 63.07% 
Epoch: 149, Loss: 0.5764, Train: 76.89%, Valid: 69.97%, Test In: 70.53% Test OOD1: 66.10% Test OOD2: 52.91% Test OOD3: 63.11% 
Epoch: 150, Loss: 0.5719, Train: 76.90%, Valid: 69.95%, Test In: 70.53% Test OOD1: 65.78% Test OOD2: 52.99% Test OOD3: 63.04% 
Epoch: 151, Loss: 0.5709, Train: 77.02%, Valid: 69.98%, Test In: 70.53% Test OOD1: 65.69% Test OOD2: 52.98% Test OOD3: 63.03% 
Epoch: 152, Loss: 0.5681, Train: 77.09%, Valid: 70.02%, Test In: 70.52% Test OOD1: 65.99% Test OOD2: 52.87% Test OOD3: 63.11% 
Epoch: 153, Loss: 0.5707, Train: 77.13%, Valid: 70.04%, Test In: 70.52% Test OOD1: 66.00% Test OOD2: 52.84% Test OOD3: 63.12% 
Epoch: 154, Loss: 0.5704, Train: 77.25%, Valid: 70.04%, Test In: 70.53% Test OOD1: 65.55% Test OOD2: 52.95% Test OOD3: 63.01% 
Epoch: 155, Loss: 0.5666, Train: 77.22%, Valid: 70.04%, Test In: 70.52% Test OOD1: 65.72% Test OOD2: 52.89% Test OOD3: 63.06% 
Epoch: 156, Loss: 0.5632, Train: 77.24%, Valid: 70.05%, Test In: 70.51% Test OOD1: 65.90% Test OOD2: 52.83% Test OOD3: 63.10% 
Epoch: 157, Loss: 0.5654, Train: 77.41%, Valid: 70.07%, Test In: 70.53% Test OOD1: 65.66% Test OOD2: 52.89% Test OOD3: 63.04% 
Epoch: 158, Loss: 0.5645, Train: 77.48%, Valid: 70.07%, Test In: 70.53% Test OOD1: 65.57% Test OOD2: 52.90% Test OOD3: 63.02% 
Epoch: 159, Loss: 0.5609, Train: 77.39%, Valid: 70.05%, Test In: 70.53% Test OOD1: 65.74% Test OOD2: 52.84% Test OOD3: 63.06% 
Epoch: 160, Loss: 0.5603, Train: 77.42%, Valid: 70.04%, Test In: 70.53% Test OOD1: 65.72% Test OOD2: 52.83% Test OOD3: 63.05% 
Epoch: 161, Loss: 0.5601, Train: 77.59%, Valid: 70.06%, Test In: 70.54% Test OOD1: 65.54% Test OOD2: 52.86% Test OOD3: 63.00% 
Epoch: 162, Loss: 0.5587, Train: 77.69%, Valid: 70.08%, Test In: 70.56% Test OOD1: 65.61% Test OOD2: 52.84% Test OOD3: 63.03% 
Epoch: 163, Loss: 0.5562, Train: 77.61%, Valid: 70.05%, Test In: 70.54% Test OOD1: 65.71% Test OOD2: 52.80% Test OOD3: 63.05% 
Epoch: 164, Loss: 0.5553, Train: 77.63%, Valid: 70.04%, Test In: 70.55% Test OOD1: 65.55% Test OOD2: 52.83% Test OOD3: 63.00% 
Epoch: 165, Loss: 0.5569, Train: 77.82%, Valid: 70.07%, Test In: 70.57% Test OOD1: 65.41% Test OOD2: 52.85% Test OOD3: 62.96% 
Epoch: 166, Loss: 0.5537, Train: 77.90%, Valid: 70.09%, Test In: 70.57% Test OOD1: 65.53% Test OOD2: 52.81% Test OOD3: 62.99% 
Epoch: 167, Loss: 0.5542, Train: 77.84%, Valid: 70.06%, Test In: 70.55% Test OOD1: 65.61% Test OOD2: 52.78% Test OOD3: 63.01% 
Epoch: 168, Loss: 0.5552, Train: 77.93%, Valid: 70.06%, Test In: 70.56% Test OOD1: 65.35% Test OOD2: 52.84% Test OOD3: 62.94% 
Epoch: 169, Loss: 0.5490, Train: 78.00%, Valid: 70.05%, Test In: 70.57% Test OOD1: 65.21% Test OOD2: 52.86% Test OOD3: 62.89% 
Epoch: 170, Loss: 0.5490, Train: 78.04%, Valid: 70.07%, Test In: 70.58% Test OOD1: 65.38% Test OOD2: 52.82% Test OOD3: 62.95% 
Epoch: 171, Loss: 0.5476, Train: 78.13%, Valid: 70.09%, Test In: 70.58% Test OOD1: 65.41% Test OOD2: 52.80% Test OOD3: 62.96% 
Epoch: 172, Loss: 0.5463, Train: 78.17%, Valid: 70.06%, Test In: 70.58% Test OOD1: 65.11% Test OOD2: 52.86% Test OOD3: 62.86% 
Epoch: 173, Loss: 0.5442, Train: 78.17%, Valid: 70.05%, Test In: 70.57% Test OOD1: 65.07% Test OOD2: 52.87% Test OOD3: 62.84% 
Epoch: 174, Loss: 0.5469, Train: 78.28%, Valid: 70.09%, Test In: 70.58% Test OOD1: 65.26% Test OOD2: 52.81% Test OOD3: 62.90% 
Epoch: 175, Loss: 0.5434, Train: 78.40%, Valid: 70.11%, Test In: 70.60% Test OOD1: 65.30% Test OOD2: 52.78% Test OOD3: 62.89% 
Epoch: 176, Loss: 0.5435, Train: 78.40%, Valid: 70.09%, Test In: 70.60% Test OOD1: 65.30% Test OOD2: 52.78% Test OOD3: 62.87% 
Epoch: 177, Loss: 0.5412, Train: 78.44%, Valid: 70.06%, Test In: 70.60% Test OOD1: 65.03% Test OOD2: 52.84% Test OOD3: 62.76% 
Epoch: 178, Loss: 0.5398, Train: 78.54%, Valid: 70.07%, Test In: 70.61% Test OOD1: 65.16% Test OOD2: 52.80% Test OOD3: 62.79% 
Epoch: 179, Loss: 0.5404, Train: 78.59%, Valid: 70.07%, Test In: 70.61% Test OOD1: 65.51% Test OOD2: 52.70% Test OOD3: 62.89% 
Epoch: 180, Loss: 0.5400, Train: 78.64%, Valid: 70.06%, Test In: 70.61% Test OOD1: 65.33% Test OOD2: 52.75% Test OOD3: 62.82% 
Epoch: 181, Loss: 0.5348, Train: 78.68%, Valid: 70.01%, Test In: 70.62% Test OOD1: 64.90% Test OOD2: 52.84% Test OOD3: 62.67% 
Epoch: 182, Loss: 0.5363, Train: 78.77%, Valid: 70.03%, Test In: 70.62% Test OOD1: 65.16% Test OOD2: 52.75% Test OOD3: 62.76% 
Epoch: 183, Loss: 0.5358, Train: 78.82%, Valid: 70.03%, Test In: 70.60% Test OOD1: 65.47% Test OOD2: 52.63% Test OOD3: 62.86% 
Epoch: 184, Loss: 0.5344, Train: 78.96%, Valid: 70.04%, Test In: 70.63% Test OOD1: 65.14% Test OOD2: 52.69% Test OOD3: 62.76% 
Epoch: 185, Loss: 0.5285, Train: 78.94%, Valid: 69.99%, Test In: 70.63% Test OOD1: 64.79% Test OOD2: 52.74% Test OOD3: 62.65% 
Epoch: 186, Loss: 0.5305, Train: 78.97%, Valid: 69.99%, Test In: 70.62% Test OOD1: 64.97% Test OOD2: 52.68% Test OOD3: 62.71% 
Epoch: 187, Loss: 0.5290, Train: 79.12%, Valid: 70.02%, Test In: 70.62% Test OOD1: 65.03% Test OOD2: 52.63% Test OOD3: 62.74% 
Epoch: 188, Loss: 0.5260, Train: 79.23%, Valid: 70.02%, Test In: 70.64% Test OOD1: 64.94% Test OOD2: 52.59% Test OOD3: 62.73% 
Epoch: 189, Loss: 0.5283, Train: 79.21%, Valid: 70.00%, Test In: 70.63% Test OOD1: 64.92% Test OOD2: 52.58% Test OOD3: 62.72% 
Epoch: 190, Loss: 0.5236, Train: 79.24%, Valid: 69.99%, Test In: 70.61% Test OOD1: 64.96% Test OOD2: 52.57% Test OOD3: 62.74% 
Epoch: 191, Loss: 0.5253, Train: 79.37%, Valid: 70.00%, Test In: 70.63% Test OOD1: 64.84% Test OOD2: 52.55% Test OOD3: 62.71% 
Epoch: 192, Loss: 0.5205, Train: 79.40%, Valid: 70.00%, Test In: 70.64% Test OOD1: 64.82% Test OOD2: 52.51% Test OOD3: 62.71% 
Epoch: 193, Loss: 0.5240, Train: 79.47%, Valid: 70.00%, Test In: 70.63% Test OOD1: 64.88% Test OOD2: 52.49% Test OOD3: 62.73% 
Epoch: 194, Loss: 0.5176, Train: 79.54%, Valid: 69.99%, Test In: 70.62% Test OOD1: 64.84% Test OOD2: 52.49% Test OOD3: 62.71% 
Epoch: 195, Loss: 0.5213, Train: 79.56%, Valid: 70.01%, Test In: 70.63% Test OOD1: 64.82% Test OOD2: 52.46% Test OOD3: 62.71% 
Epoch: 196, Loss: 0.5142, Train: 79.67%, Valid: 70.02%, Test In: 70.64% Test OOD1: 64.78% Test OOD2: 52.45% Test OOD3: 62.70% 
Epoch: 197, Loss: 0.5162, Train: 79.74%, Valid: 70.03%, Test In: 70.63% Test OOD1: 64.84% Test OOD2: 52.43% Test OOD3: 62.72% 
Epoch: 198, Loss: 0.5127, Train: 79.73%, Valid: 70.02%, Test In: 70.62% Test OOD1: 64.85% Test OOD2: 52.41% Test OOD3: 62.73% 
Epoch: 199, Loss: 0.5132, Train: 79.84%, Valid: 70.02%, Test In: 70.63% Test OOD1: 64.66% Test OOD2: 52.43% Test OOD3: 62.67% 
Run 01:
Highest Train: 79.84
Highest Valid: 70.11
Highest In Test: 70.64
Highest OOD Test: 67.14
Highest OOD Test: 53.48
Highest OOD Test: 63.87
Chosen epoch: 176
Final Train: 78.40
Final In Test: 70.60
Final OOD Test: 65.30
Final OOD Test: 52.78
Final OOD Test: 62.89
Epoch: 00, Loss: 0.7679, Train: 59.16%, Valid: 56.60%, Test In: 57.04% Test OOD1: 53.64% Test OOD2: 52.96% Test OOD3: 54.94% 
Epoch: 01, Loss: 0.7670, Train: 63.98%, Valid: 61.34%, Test In: 61.70% Test OOD1: 59.97% Test OOD2: 52.13% Test OOD3: 57.37% 
Epoch: 02, Loss: 0.7663, Train: 64.31%, Valid: 61.84%, Test In: 62.15% Test OOD1: 61.35% Test OOD2: 51.59% Test OOD3: 57.82% 
Epoch: 03, Loss: 0.7655, Train: 64.41%, Valid: 62.04%, Test In: 62.27% Test OOD1: 61.78% Test OOD2: 51.36% Test OOD3: 58.00% 
Epoch: 04, Loss: 0.7648, Train: 64.58%, Valid: 62.24%, Test In: 62.37% Test OOD1: 62.01% Test OOD2: 51.25% Test OOD3: 58.24% 
Epoch: 05, Loss: 0.7640, Train: 64.91%, Valid: 62.53%, Test In: 62.61% Test OOD1: 62.22% Test OOD2: 51.19% Test OOD3: 58.52% 
Epoch: 06, Loss: 0.7632, Train: 65.31%, Valid: 62.86%, Test In: 62.93% Test OOD1: 62.42% Test OOD2: 51.18% Test OOD3: 58.82% 
Epoch: 07, Loss: 0.7623, Train: 65.75%, Valid: 63.24%, Test In: 63.33% Test OOD1: 62.67% Test OOD2: 51.21% Test OOD3: 59.11% 
Epoch: 08, Loss: 0.7614, Train: 66.23%, Valid: 63.63%, Test In: 63.78% Test OOD1: 62.92% Test OOD2: 51.27% Test OOD3: 59.41% 
Epoch: 09, Loss: 0.7602, Train: 66.71%, Valid: 64.02%, Test In: 64.27% Test OOD1: 63.15% Test OOD2: 51.33% Test OOD3: 59.66% 
Epoch: 10, Loss: 0.7592, Train: 67.23%, Valid: 64.44%, Test In: 64.81% Test OOD1: 63.39% Test OOD2: 51.37% Test OOD3: 59.88% 
Epoch: 11, Loss: 0.7579, Train: 67.82%, Valid: 64.89%, Test In: 65.37% Test OOD1: 63.59% Test OOD2: 51.43% Test OOD3: 60.10% 
Epoch: 12, Loss: 0.7567, Train: 68.50%, Valid: 65.39%, Test In: 66.04% Test OOD1: 63.79% Test OOD2: 51.51% Test OOD3: 60.31% 
Epoch: 13, Loss: 0.7551, Train: 69.31%, Valid: 65.95%, Test In: 66.80% Test OOD1: 63.99% Test OOD2: 51.62% Test OOD3: 60.52% 
Epoch: 14, Loss: 0.7534, Train: 70.12%, Valid: 66.50%, Test In: 67.53% Test OOD1: 64.02% Test OOD2: 51.77% Test OOD3: 60.71% 
Epoch: 15, Loss: 0.7516, Train: 70.57%, Valid: 66.84%, Test In: 68.01% Test OOD1: 63.60% Test OOD2: 51.96% Test OOD3: 60.77% 
Epoch: 16, Loss: 0.7498, Train: 70.53%, Valid: 66.86%, Test In: 68.11% Test OOD1: 62.61% Test OOD2: 52.18% Test OOD3: 60.62% 
Epoch: 17, Loss: 0.7479, Train: 70.19%, Valid: 66.60%, Test In: 67.87% Test OOD1: 61.18% Test OOD2: 52.40% Test OOD3: 60.21% 
Epoch: 18, Loss: 0.7457, Train: 69.64%, Valid: 66.14%, Test In: 67.38% Test OOD1: 59.60% Test OOD2: 52.55% Test OOD3: 59.60% 
Epoch: 19, Loss: 0.7431, Train: 69.07%, Valid: 65.65%, Test In: 66.87% Test OOD1: 58.25% Test OOD2: 52.60% Test OOD3: 58.98% 
Epoch: 20, Loss: 0.7410, Train: 68.71%, Valid: 65.35%, Test In: 66.55% Test OOD1: 57.42% Test OOD2: 52.62% Test OOD3: 58.55% 
Epoch: 21, Loss: 0.7383, Train: 68.65%, Valid: 65.31%, Test In: 66.50% Test OOD1: 57.13% Test OOD2: 52.64% Test OOD3: 58.37% 
Epoch: 22, Loss: 0.7362, Train: 69.03%, Valid: 65.67%, Test In: 66.86% Test OOD1: 57.53% Test OOD2: 52.67% Test OOD3: 58.57% 
Epoch: 23, Loss: 0.7337, Train: 69.66%, Valid: 66.24%, Test In: 67.45% Test OOD1: 58.40% Test OOD2: 52.69% Test OOD3: 59.04% 
Epoch: 24, Loss: 0.7314, Train: 70.35%, Valid: 66.87%, Test In: 68.10% Test OOD1: 59.56% Test OOD2: 52.68% Test OOD3: 59.64% 
Epoch: 25, Loss: 0.7285, Train: 70.92%, Valid: 67.37%, Test In: 68.63% Test OOD1: 60.66% Test OOD2: 52.62% Test OOD3: 60.17% 
Epoch: 26, Loss: 0.7261, Train: 71.31%, Valid: 67.71%, Test In: 69.00% Test OOD1: 61.51% Test OOD2: 52.55% Test OOD3: 60.56% 
Epoch: 27, Loss: 0.7238, Train: 71.57%, Valid: 67.91%, Test In: 69.22% Test OOD1: 62.07% Test OOD2: 52.50% Test OOD3: 60.83% 
Epoch: 28, Loss: 0.7217, Train: 71.69%, Valid: 67.99%, Test In: 69.34% Test OOD1: 62.27% Test OOD2: 52.48% Test OOD3: 60.95% 
Epoch: 29, Loss: 0.7202, Train: 71.71%, Valid: 67.98%, Test In: 69.36% Test OOD1: 62.20% Test OOD2: 52.50% Test OOD3: 60.95% 
Epoch: 30, Loss: 0.7183, Train: 71.64%, Valid: 67.90%, Test In: 69.30% Test OOD1: 61.94% Test OOD2: 52.55% Test OOD3: 60.88% 
Epoch: 31, Loss: 0.7174, Train: 71.56%, Valid: 67.78%, Test In: 69.21% Test OOD1: 61.71% Test OOD2: 52.59% Test OOD3: 60.81% 
Epoch: 32, Loss: 0.7158, Train: 71.51%, Valid: 67.67%, Test In: 69.12% Test OOD1: 61.66% Test OOD2: 52.62% Test OOD3: 60.81% 
Epoch: 33, Loss: 0.7153, Train: 71.55%, Valid: 67.64%, Test In: 69.12% Test OOD1: 61.92% Test OOD2: 52.60% Test OOD3: 60.96% 
Epoch: 34, Loss: 0.7142, Train: 71.66%, Valid: 67.68%, Test In: 69.18% Test OOD1: 62.55% Test OOD2: 52.53% Test OOD3: 61.24% 
Epoch: 35, Loss: 0.7137, Train: 71.73%, Valid: 67.68%, Test In: 69.15% Test OOD1: 63.36% Test OOD2: 52.41% Test OOD3: 61.55% 
Epoch: 36, Loss: 0.7137, Train: 71.62%, Valid: 67.53%, Test In: 68.92% Test OOD1: 64.10% Test OOD2: 52.25% Test OOD3: 61.72% 
Epoch: 37, Loss: 0.7124, Train: 71.16%, Valid: 67.19%, Test In: 68.35% Test OOD1: 64.50% Test OOD2: 52.07% Test OOD3: 61.69% 
Epoch: 38, Loss: 0.7112, Train: 70.35%, Valid: 66.65%, Test In: 67.55% Test OOD1: 64.53% Test OOD2: 51.87% Test OOD3: 61.46% 
Epoch: 39, Loss: 0.7100, Train: 69.38%, Valid: 66.02%, Test In: 66.68% Test OOD1: 64.26% Test OOD2: 51.71% Test OOD3: 61.13% 
Epoch: 40, Loss: 0.7092, Train: 68.52%, Valid: 65.44%, Test In: 65.86% Test OOD1: 63.92% Test OOD2: 51.56% Test OOD3: 60.79% 
Epoch: 41, Loss: 0.7082, Train: 67.79%, Valid: 64.93%, Test In: 65.16% Test OOD1: 63.66% Test OOD2: 51.44% Test OOD3: 60.48% 
Epoch: 42, Loss: 0.7074, Train: 67.21%, Valid: 64.52%, Test In: 64.60% Test OOD1: 63.43% Test OOD2: 51.35% Test OOD3: 60.21% 
Epoch: 43, Loss: 0.7046, Train: 66.73%, Valid: 64.17%, Test In: 64.15% Test OOD1: 63.25% Test OOD2: 51.28% Test OOD3: 59.99% 
Epoch: 44, Loss: 0.7052, Train: 66.33%, Valid: 63.89%, Test In: 63.79% Test OOD1: 63.09% Test OOD2: 51.23% Test OOD3: 59.80% 
Epoch: 45, Loss: 0.7042, Train: 66.00%, Valid: 63.66%, Test In: 63.48% Test OOD1: 62.96% Test OOD2: 51.18% Test OOD3: 59.64% 
Epoch: 46, Loss: 0.7028, Train: 65.73%, Valid: 63.47%, Test In: 63.24% Test OOD1: 62.86% Test OOD2: 51.14% Test OOD3: 59.52% 
Epoch: 47, Loss: 0.7017, Train: 65.52%, Valid: 63.32%, Test In: 63.04% Test OOD1: 62.77% Test OOD2: 51.11% Test OOD3: 59.42% 
Epoch: 48, Loss: 0.7011, Train: 65.35%, Valid: 63.19%, Test In: 62.88% Test OOD1: 62.71% Test OOD2: 51.09% Test OOD3: 59.34% 
Epoch: 49, Loss: 0.6996, Train: 65.22%, Valid: 63.10%, Test In: 62.76% Test OOD1: 62.66% Test OOD2: 51.07% Test OOD3: 59.29% 
Epoch: 50, Loss: 0.6989, Train: 65.12%, Valid: 63.02%, Test In: 62.66% Test OOD1: 62.62% Test OOD2: 51.05% Test OOD3: 59.24% 
Epoch: 51, Loss: 0.6978, Train: 65.05%, Valid: 62.96%, Test In: 62.59% Test OOD1: 62.59% Test OOD2: 51.04% Test OOD3: 59.22% 
Epoch: 52, Loss: 0.6973, Train: 65.00%, Valid: 62.91%, Test In: 62.54% Test OOD1: 62.57% Test OOD2: 51.04% Test OOD3: 59.20% 
Epoch: 53, Loss: 0.6963, Train: 64.97%, Valid: 62.88%, Test In: 62.50% Test OOD1: 62.56% Test OOD2: 51.04% Test OOD3: 59.20% 
Epoch: 54, Loss: 0.6952, Train: 64.97%, Valid: 62.87%, Test In: 62.49% Test OOD1: 62.57% Test OOD2: 51.04% Test OOD3: 59.21% 
Epoch: 55, Loss: 0.6945, Train: 64.98%, Valid: 62.87%, Test In: 62.50% Test OOD1: 62.59% Test OOD2: 51.05% Test OOD3: 59.23% 
Epoch: 56, Loss: 0.6938, Train: 65.02%, Valid: 62.89%, Test In: 62.51% Test OOD1: 62.61% Test OOD2: 51.06% Test OOD3: 59.26% 
Epoch: 57, Loss: 0.6920, Train: 65.06%, Valid: 62.91%, Test In: 62.55% Test OOD1: 62.65% Test OOD2: 51.07% Test OOD3: 59.30% 
Epoch: 58, Loss: 0.6914, Train: 65.12%, Valid: 62.94%, Test In: 62.58% Test OOD1: 62.69% Test OOD2: 51.09% Test OOD3: 59.34% 
Epoch: 59, Loss: 0.6905, Train: 65.19%, Valid: 62.99%, Test In: 62.63% Test OOD1: 62.73% Test OOD2: 51.11% Test OOD3: 59.39% 
Epoch: 60, Loss: 0.6897, Train: 65.27%, Valid: 63.03%, Test In: 62.69% Test OOD1: 62.78% Test OOD2: 51.12% Test OOD3: 59.45% 
Epoch: 61, Loss: 0.6887, Train: 65.36%, Valid: 63.09%, Test In: 62.76% Test OOD1: 62.84% Test OOD2: 51.14% Test OOD3: 59.51% 
Epoch: 62, Loss: 0.6888, Train: 65.46%, Valid: 63.17%, Test In: 62.84% Test OOD1: 62.90% Test OOD2: 51.16% Test OOD3: 59.58% 
Epoch: 63, Loss: 0.6876, Train: 65.56%, Valid: 63.25%, Test In: 62.92% Test OOD1: 62.96% Test OOD2: 51.19% Test OOD3: 59.65% 
Epoch: 64, Loss: 0.6866, Train: 65.68%, Valid: 63.34%, Test In: 63.02% Test OOD1: 63.04% Test OOD2: 51.21% Test OOD3: 59.73% 
Epoch: 65, Loss: 0.6858, Train: 65.82%, Valid: 63.44%, Test In: 63.14% Test OOD1: 63.12% Test OOD2: 51.24% Test OOD3: 59.81% 
Epoch: 66, Loss: 0.6845, Train: 65.97%, Valid: 63.55%, Test In: 63.27% Test OOD1: 63.22% Test OOD2: 51.27% Test OOD3: 59.92% 
Epoch: 67, Loss: 0.6826, Train: 66.15%, Valid: 63.69%, Test In: 63.43% Test OOD1: 63.33% Test OOD2: 51.31% Test OOD3: 60.03% 
Epoch: 68, Loss: 0.6822, Train: 66.35%, Valid: 63.84%, Test In: 63.60% Test OOD1: 63.45% Test OOD2: 51.35% Test OOD3: 60.15% 
Epoch: 69, Loss: 0.6800, Train: 66.57%, Valid: 64.00%, Test In: 63.79% Test OOD1: 63.58% Test OOD2: 51.40% Test OOD3: 60.29% 
Epoch: 70, Loss: 0.6787, Train: 66.81%, Valid: 64.18%, Test In: 64.01% Test OOD1: 63.72% Test OOD2: 51.45% Test OOD3: 60.44% 
Epoch: 71, Loss: 0.6784, Train: 67.07%, Valid: 64.37%, Test In: 64.25% Test OOD1: 63.88% Test OOD2: 51.51% Test OOD3: 60.60% 
Epoch: 72, Loss: 0.6777, Train: 67.35%, Valid: 64.57%, Test In: 64.49% Test OOD1: 64.03% Test OOD2: 51.58% Test OOD3: 60.76% 
Epoch: 73, Loss: 0.6753, Train: 67.64%, Valid: 64.79%, Test In: 64.75% Test OOD1: 64.20% Test OOD2: 51.64% Test OOD3: 60.94% 
Epoch: 74, Loss: 0.6725, Train: 67.93%, Valid: 65.01%, Test In: 65.03% Test OOD1: 64.38% Test OOD2: 51.71% Test OOD3: 61.12% 
Epoch: 75, Loss: 0.6727, Train: 68.25%, Valid: 65.24%, Test In: 65.32% Test OOD1: 64.57% Test OOD2: 51.78% Test OOD3: 61.30% 
Epoch: 76, Loss: 0.6702, Train: 68.57%, Valid: 65.49%, Test In: 65.62% Test OOD1: 64.76% Test OOD2: 51.86% Test OOD3: 61.49% 
Epoch: 77, Loss: 0.6680, Train: 68.90%, Valid: 65.75%, Test In: 65.92% Test OOD1: 64.95% Test OOD2: 51.93% Test OOD3: 61.68% 
Epoch: 78, Loss: 0.6655, Train: 69.25%, Valid: 66.02%, Test In: 66.23% Test OOD1: 65.14% Test OOD2: 52.02% Test OOD3: 61.88% 
Epoch: 79, Loss: 0.6633, Train: 69.59%, Valid: 66.28%, Test In: 66.54% Test OOD1: 65.34% Test OOD2: 52.10% Test OOD3: 62.07% 
Epoch: 80, Loss: 0.6625, Train: 69.95%, Valid: 66.55%, Test In: 66.86% Test OOD1: 65.54% Test OOD2: 52.19% Test OOD3: 62.27% 
Epoch: 81, Loss: 0.6599, Train: 70.29%, Valid: 66.82%, Test In: 67.17% Test OOD1: 65.72% Test OOD2: 52.28% Test OOD3: 62.45% 
Epoch: 82, Loss: 0.6581, Train: 70.64%, Valid: 67.09%, Test In: 67.48% Test OOD1: 65.90% Test OOD2: 52.37% Test OOD3: 62.62% 
Epoch: 83, Loss: 0.6553, Train: 70.98%, Valid: 67.36%, Test In: 67.79% Test OOD1: 66.06% Test OOD2: 52.46% Test OOD3: 62.79% 
Epoch: 84, Loss: 0.6534, Train: 71.31%, Valid: 67.61%, Test In: 68.08% Test OOD1: 66.21% Test OOD2: 52.55% Test OOD3: 62.95% 
Epoch: 85, Loss: 0.6517, Train: 71.62%, Valid: 67.85%, Test In: 68.37% Test OOD1: 66.35% Test OOD2: 52.63% Test OOD3: 63.09% 
Epoch: 86, Loss: 0.6489, Train: 71.96%, Valid: 68.09%, Test In: 68.66% Test OOD1: 66.46% Test OOD2: 52.73% Test OOD3: 63.22% 
Epoch: 87, Loss: 0.6471, Train: 72.25%, Valid: 68.31%, Test In: 68.91% Test OOD1: 66.57% Test OOD2: 52.81% Test OOD3: 63.34% 
Epoch: 88, Loss: 0.6439, Train: 72.50%, Valid: 68.50%, Test In: 69.12% Test OOD1: 66.65% Test OOD2: 52.88% Test OOD3: 63.44% 
Epoch: 89, Loss: 0.6425, Train: 72.76%, Valid: 68.69%, Test In: 69.32% Test OOD1: 66.72% Test OOD2: 52.96% Test OOD3: 63.53% 
Epoch: 90, Loss: 0.6387, Train: 73.00%, Valid: 68.86%, Test In: 69.52% Test OOD1: 66.76% Test OOD2: 53.05% Test OOD3: 63.61% 
Epoch: 91, Loss: 0.6378, Train: 73.26%, Valid: 69.03%, Test In: 69.70% Test OOD1: 66.76% Test OOD2: 53.15% Test OOD3: 63.67% 
Epoch: 92, Loss: 0.6330, Train: 73.43%, Valid: 69.15%, Test In: 69.83% Test OOD1: 66.78% Test OOD2: 53.20% Test OOD3: 63.71% 
Epoch: 93, Loss: 0.6315, Train: 73.58%, Valid: 69.26%, Test In: 69.94% Test OOD1: 66.82% Test OOD2: 53.24% Test OOD3: 63.74% 
Epoch: 94, Loss: 0.6307, Train: 73.75%, Valid: 69.37%, Test In: 70.04% Test OOD1: 66.82% Test OOD2: 53.28% Test OOD3: 63.77% 
Epoch: 95, Loss: 0.6295, Train: 73.96%, Valid: 69.48%, Test In: 70.16% Test OOD1: 66.72% Test OOD2: 53.37% Test OOD3: 63.76% 
Epoch: 96, Loss: 0.6276, Train: 74.05%, Valid: 69.54%, Test In: 70.21% Test OOD1: 66.80% Test OOD2: 53.37% Test OOD3: 63.77% 
Epoch: 97, Loss: 0.6267, Train: 74.14%, Valid: 69.58%, Test In: 70.26% Test OOD1: 66.84% Test OOD2: 53.39% Test OOD3: 63.77% 
Epoch: 98, Loss: 0.6256, Train: 74.28%, Valid: 69.64%, Test In: 70.31% Test OOD1: 66.76% Test OOD2: 53.46% Test OOD3: 63.73% 
Epoch: 99, Loss: 0.6221, Train: 74.40%, Valid: 69.70%, Test In: 70.36% Test OOD1: 66.77% Test OOD2: 53.47% Test OOD3: 63.71% 
Epoch: 100, Loss: 0.6214, Train: 74.47%, Valid: 69.75%, Test In: 70.39% Test OOD1: 66.88% Test OOD2: 53.44% Test OOD3: 63.71% 
Epoch: 101, Loss: 0.6194, Train: 74.62%, Valid: 69.78%, Test In: 70.42% Test OOD1: 66.77% Test OOD2: 53.52% Test OOD3: 63.65% 
Epoch: 102, Loss: 0.6171, Train: 74.65%, Valid: 69.78%, Test In: 70.40% Test OOD1: 66.89% Test OOD2: 53.50% Test OOD3: 63.63% 
Epoch: 103, Loss: 0.6175, Train: 74.71%, Valid: 69.79%, Test In: 70.41% Test OOD1: 66.93% Test OOD2: 53.49% Test OOD3: 63.62% 
Epoch: 104, Loss: 0.6158, Train: 74.87%, Valid: 69.82%, Test In: 70.43% Test OOD1: 66.72% Test OOD2: 53.57% Test OOD3: 63.54% 
Epoch: 105, Loss: 0.6146, Train: 74.90%, Valid: 69.84%, Test In: 70.42% Test OOD1: 66.94% Test OOD2: 53.48% Test OOD3: 63.57% 
Epoch: 106, Loss: 0.6125, Train: 74.94%, Valid: 69.85%, Test In: 70.41% Test OOD1: 67.00% Test OOD2: 53.44% Test OOD3: 63.56% 
Epoch: 107, Loss: 0.6134, Train: 75.07%, Valid: 69.86%, Test In: 70.41% Test OOD1: 66.83% Test OOD2: 53.51% Test OOD3: 63.50% 
Epoch: 108, Loss: 0.6098, Train: 75.11%, Valid: 69.83%, Test In: 70.39% Test OOD1: 66.76% Test OOD2: 53.55% Test OOD3: 63.46% 
Epoch: 109, Loss: 0.6101, Train: 75.14%, Valid: 69.83%, Test In: 70.37% Test OOD1: 66.86% Test OOD2: 53.49% Test OOD3: 63.46% 
Epoch: 110, Loss: 0.6075, Train: 75.21%, Valid: 69.86%, Test In: 70.37% Test OOD1: 66.94% Test OOD2: 53.43% Test OOD3: 63.47% 
Epoch: 111, Loss: 0.6078, Train: 75.31%, Valid: 69.86%, Test In: 70.37% Test OOD1: 66.82% Test OOD2: 53.46% Test OOD3: 63.44% 
Epoch: 112, Loss: 0.6050, Train: 75.35%, Valid: 69.84%, Test In: 70.35% Test OOD1: 66.71% Test OOD2: 53.50% Test OOD3: 63.40% 
Epoch: 113, Loss: 0.6018, Train: 75.33%, Valid: 69.81%, Test In: 70.32% Test OOD1: 66.77% Test OOD2: 53.46% Test OOD3: 63.40% 
Epoch: 114, Loss: 0.6043, Train: 75.40%, Valid: 69.81%, Test In: 70.32% Test OOD1: 66.73% Test OOD2: 53.44% Test OOD3: 63.39% 
Epoch: 115, Loss: 0.6029, Train: 75.53%, Valid: 69.85%, Test In: 70.35% Test OOD1: 66.67% Test OOD2: 53.40% Test OOD3: 63.37% 
Epoch: 116, Loss: 0.6025, Train: 75.56%, Valid: 69.84%, Test In: 70.34% Test OOD1: 66.65% Test OOD2: 53.37% Test OOD3: 63.36% 
Epoch: 117, Loss: 0.6027, Train: 75.59%, Valid: 69.80%, Test In: 70.32% Test OOD1: 66.49% Test OOD2: 53.41% Test OOD3: 63.30% 
Epoch: 118, Loss: 0.5971, Train: 75.56%, Valid: 69.77%, Test In: 70.30% Test OOD1: 66.49% Test OOD2: 53.39% Test OOD3: 63.28% 
Epoch: 119, Loss: 0.5969, Train: 75.55%, Valid: 69.76%, Test In: 70.29% Test OOD1: 66.57% Test OOD2: 53.33% Test OOD3: 63.28% 
Epoch: 120, Loss: 0.5998, Train: 75.69%, Valid: 69.79%, Test In: 70.32% Test OOD1: 66.40% Test OOD2: 53.34% Test OOD3: 63.24% 
Epoch: 121, Loss: 0.5957, Train: 75.82%, Valid: 69.83%, Test In: 70.35% Test OOD1: 66.31% Test OOD2: 53.32% Test OOD3: 63.21% 
Epoch: 122, Loss: 0.5961, Train: 75.75%, Valid: 69.79%, Test In: 70.31% Test OOD1: 66.37% Test OOD2: 53.30% Test OOD3: 63.20% 
Epoch: 123, Loss: 0.5935, Train: 75.63%, Valid: 69.75%, Test In: 70.27% Test OOD1: 66.45% Test OOD2: 53.26% Test OOD3: 63.19% 
Epoch: 124, Loss: 0.5933, Train: 75.73%, Valid: 69.78%, Test In: 70.28% Test OOD1: 66.27% Test OOD2: 53.30% Test OOD3: 63.13% 
Epoch: 125, Loss: 0.5914, Train: 75.89%, Valid: 69.83%, Test In: 70.30% Test OOD1: 66.13% Test OOD2: 53.30% Test OOD3: 63.09% 
Epoch: 126, Loss: 0.5917, Train: 75.92%, Valid: 69.86%, Test In: 70.32% Test OOD1: 66.28% Test OOD2: 53.22% Test OOD3: 63.11% 
Epoch: 127, Loss: 0.5900, Train: 75.81%, Valid: 69.82%, Test In: 70.29% Test OOD1: 66.46% Test OOD2: 53.15% Test OOD3: 63.13% 
Epoch: 128, Loss: 0.5906, Train: 75.83%, Valid: 69.83%, Test In: 70.30% Test OOD1: 66.34% Test OOD2: 53.18% Test OOD3: 63.09% 
Epoch: 129, Loss: 0.5875, Train: 75.93%, Valid: 69.85%, Test In: 70.32% Test OOD1: 66.09% Test OOD2: 53.24% Test OOD3: 63.03% 
Epoch: 130, Loss: 0.5854, Train: 76.01%, Valid: 69.88%, Test In: 70.34% Test OOD1: 66.13% Test OOD2: 53.20% Test OOD3: 63.04% 
Epoch: 131, Loss: 0.5859, Train: 76.00%, Valid: 69.89%, Test In: 70.36% Test OOD1: 66.34% Test OOD2: 53.12% Test OOD3: 63.10% 
Epoch: 132, Loss: 0.5850, Train: 76.01%, Valid: 69.90%, Test In: 70.37% Test OOD1: 66.36% Test OOD2: 53.10% Test OOD3: 63.11% 
Epoch: 133, Loss: 0.5837, Train: 76.11%, Valid: 69.93%, Test In: 70.41% Test OOD1: 66.12% Test OOD2: 53.17% Test OOD3: 63.06% 
Epoch: 134, Loss: 0.5830, Train: 76.21%, Valid: 69.97%, Test In: 70.45% Test OOD1: 65.96% Test OOD2: 53.19% Test OOD3: 63.03% 
Epoch: 135, Loss: 0.5833, Train: 76.29%, Valid: 70.00%, Test In: 70.50% Test OOD1: 66.10% Test OOD2: 53.12% Test OOD3: 63.09% 
Epoch: 136, Loss: 0.5812, Train: 76.30%, Valid: 70.01%, Test In: 70.52% Test OOD1: 66.15% Test OOD2: 53.09% Test OOD3: 63.12% 
Epoch: 137, Loss: 0.5809, Train: 76.29%, Valid: 70.01%, Test In: 70.51% Test OOD1: 65.93% Test OOD2: 53.15% Test OOD3: 63.06% 
Epoch: 138, Loss: 0.5790, Train: 76.37%, Valid: 70.01%, Test In: 70.52% Test OOD1: 65.75% Test OOD2: 53.18% Test OOD3: 63.01% 
Epoch: 139, Loss: 0.5783, Train: 76.47%, Valid: 70.04%, Test In: 70.56% Test OOD1: 65.93% Test OOD2: 53.11% Test OOD3: 63.07% 
Epoch: 140, Loss: 0.5797, Train: 76.49%, Valid: 70.03%, Test In: 70.57% Test OOD1: 66.12% Test OOD2: 53.03% Test OOD3: 63.11% 
Epoch: 141, Loss: 0.5776, Train: 76.49%, Valid: 70.01%, Test In: 70.56% Test OOD1: 66.02% Test OOD2: 53.07% Test OOD3: 63.07% 
Epoch: 142, Loss: 0.5717, Train: 76.48%, Valid: 69.98%, Test In: 70.53% Test OOD1: 65.70% Test OOD2: 53.16% Test OOD3: 62.97% 
Epoch: 143, Loss: 0.5750, Train: 76.53%, Valid: 69.98%, Test In: 70.54% Test OOD1: 65.73% Test OOD2: 53.13% Test OOD3: 62.97% 
Epoch: 144, Loss: 0.5724, Train: 76.58%, Valid: 70.00%, Test In: 70.54% Test OOD1: 66.09% Test OOD2: 53.00% Test OOD3: 63.07% 
Epoch: 145, Loss: 0.5704, Train: 76.62%, Valid: 70.01%, Test In: 70.54% Test OOD1: 66.13% Test OOD2: 52.97% Test OOD3: 63.07% 
Epoch: 146, Loss: 0.5713, Train: 76.65%, Valid: 69.99%, Test In: 70.54% Test OOD1: 65.81% Test OOD2: 53.07% Test OOD3: 62.98% 
Epoch: 147, Loss: 0.5722, Train: 76.68%, Valid: 69.99%, Test In: 70.55% Test OOD1: 65.63% Test OOD2: 53.11% Test OOD3: 62.91% 
Epoch: 148, Loss: 0.5729, Train: 76.78%, Valid: 70.02%, Test In: 70.56% Test OOD1: 65.89% Test OOD2: 53.02% Test OOD3: 62.99% 
Epoch: 149, Loss: 0.5647, Train: 76.84%, Valid: 70.04%, Test In: 70.56% Test OOD1: 66.04% Test OOD2: 52.95% Test OOD3: 63.03% 
Epoch: 150, Loss: 0.5691, Train: 76.91%, Valid: 70.05%, Test In: 70.57% Test OOD1: 65.95% Test OOD2: 52.96% Test OOD3: 63.01% 
Epoch: 151, Loss: 0.5671, Train: 76.96%, Valid: 70.03%, Test In: 70.57% Test OOD1: 65.61% Test OOD2: 53.06% Test OOD3: 62.92% 
Epoch: 152, Loss: 0.5637, Train: 76.97%, Valid: 70.02%, Test In: 70.58% Test OOD1: 65.57% Test OOD2: 53.07% Test OOD3: 62.91% 
Epoch: 153, Loss: 0.5620, Train: 77.02%, Valid: 70.05%, Test In: 70.57% Test OOD1: 65.83% Test OOD2: 52.98% Test OOD3: 62.99% 
Epoch: 154, Loss: 0.5622, Train: 77.10%, Valid: 70.07%, Test In: 70.58% Test OOD1: 65.91% Test OOD2: 52.93% Test OOD3: 63.02% 
Epoch: 155, Loss: 0.5621, Train: 77.24%, Valid: 70.09%, Test In: 70.61% Test OOD1: 65.74% Test OOD2: 52.97% Test OOD3: 62.98% 
Epoch: 156, Loss: 0.5595, Train: 77.28%, Valid: 70.07%, Test In: 70.60% Test OOD1: 65.54% Test OOD2: 53.01% Test OOD3: 62.92% 
Epoch: 157, Loss: 0.5600, Train: 77.24%, Valid: 70.05%, Test In: 70.60% Test OOD1: 65.63% Test OOD2: 52.99% Test OOD3: 62.94% 
Epoch: 158, Loss: 0.5607, Train: 77.28%, Valid: 70.05%, Test In: 70.60% Test OOD1: 65.75% Test OOD2: 52.94% Test OOD3: 62.97% 
Epoch: 159, Loss: 0.5585, Train: 77.40%, Valid: 70.07%, Test In: 70.62% Test OOD1: 65.69% Test OOD2: 52.94% Test OOD3: 62.96% 
Epoch: 160, Loss: 0.5564, Train: 77.52%, Valid: 70.09%, Test In: 70.65% Test OOD1: 65.56% Test OOD2: 52.97% Test OOD3: 62.94% 
Epoch: 161, Loss: 0.5556, Train: 77.52%, Valid: 70.07%, Test In: 70.65% Test OOD1: 65.55% Test OOD2: 52.97% Test OOD3: 62.93% 
Epoch: 162, Loss: 0.5515, Train: 77.49%, Valid: 70.04%, Test In: 70.65% Test OOD1: 65.60% Test OOD2: 52.95% Test OOD3: 62.94% 
Epoch: 163, Loss: 0.5560, Train: 77.57%, Valid: 70.05%, Test In: 70.66% Test OOD1: 65.56% Test OOD2: 52.94% Test OOD3: 62.95% 
Epoch: 164, Loss: 0.5543, Train: 77.73%, Valid: 70.08%, Test In: 70.69% Test OOD1: 65.53% Test OOD2: 52.94% Test OOD3: 62.96% 
Epoch: 165, Loss: 0.5521, Train: 77.78%, Valid: 70.09%, Test In: 70.71% Test OOD1: 65.48% Test OOD2: 52.94% Test OOD3: 62.95% 
Epoch: 166, Loss: 0.5505, Train: 77.75%, Valid: 70.07%, Test In: 70.71% Test OOD1: 65.43% Test OOD2: 52.94% Test OOD3: 62.91% 
Epoch: 167, Loss: 0.5485, Train: 77.78%, Valid: 70.06%, Test In: 70.71% Test OOD1: 65.49% Test OOD2: 52.91% Test OOD3: 62.92% 
Epoch: 168, Loss: 0.5463, Train: 77.91%, Valid: 70.09%, Test In: 70.73% Test OOD1: 65.45% Test OOD2: 52.90% Test OOD3: 62.91% 
Epoch: 169, Loss: 0.5445, Train: 78.00%, Valid: 70.11%, Test In: 70.74% Test OOD1: 65.50% Test OOD2: 52.87% Test OOD3: 62.93% 
Epoch: 170, Loss: 0.5428, Train: 78.01%, Valid: 70.09%, Test In: 70.74% Test OOD1: 65.44% Test OOD2: 52.87% Test OOD3: 62.89% 
Epoch: 171, Loss: 0.5435, Train: 78.02%, Valid: 70.07%, Test In: 70.73% Test OOD1: 65.34% Test OOD2: 52.88% Test OOD3: 62.84% 
Epoch: 172, Loss: 0.5440, Train: 78.09%, Valid: 70.07%, Test In: 70.73% Test OOD1: 65.35% Test OOD2: 52.86% Test OOD3: 62.84% 
Epoch: 173, Loss: 0.5425, Train: 78.19%, Valid: 70.09%, Test In: 70.74% Test OOD1: 65.47% Test OOD2: 52.79% Test OOD3: 62.89% 
Epoch: 174, Loss: 0.5389, Train: 78.28%, Valid: 70.09%, Test In: 70.75% Test OOD1: 65.48% Test OOD2: 52.76% Test OOD3: 62.90% 
Epoch: 175, Loss: 0.5391, Train: 78.27%, Valid: 70.07%, Test In: 70.74% Test OOD1: 65.45% Test OOD2: 52.77% Test OOD3: 62.87% 
Epoch: 176, Loss: 0.5369, Train: 78.28%, Valid: 70.05%, Test In: 70.73% Test OOD1: 65.35% Test OOD2: 52.79% Test OOD3: 62.82% 
Epoch: 177, Loss: 0.5339, Train: 78.38%, Valid: 70.06%, Test In: 70.75% Test OOD1: 65.29% Test OOD2: 52.77% Test OOD3: 62.80% 
Epoch: 178, Loss: 0.5352, Train: 78.51%, Valid: 70.10%, Test In: 70.75% Test OOD1: 65.40% Test OOD2: 52.72% Test OOD3: 62.86% 
Epoch: 179, Loss: 0.5333, Train: 78.57%, Valid: 70.10%, Test In: 70.76% Test OOD1: 65.37% Test OOD2: 52.71% Test OOD3: 62.86% 
Epoch: 180, Loss: 0.5319, Train: 78.54%, Valid: 70.07%, Test In: 70.74% Test OOD1: 65.24% Test OOD2: 52.72% Test OOD3: 62.81% 
Epoch: 181, Loss: 0.5310, Train: 78.63%, Valid: 70.08%, Test In: 70.75% Test OOD1: 65.20% Test OOD2: 52.72% Test OOD3: 62.81% 
Epoch: 182, Loss: 0.5278, Train: 78.76%, Valid: 70.11%, Test In: 70.76% Test OOD1: 65.25% Test OOD2: 52.69% Test OOD3: 62.84% 
Epoch: 183, Loss: 0.5281, Train: 78.86%, Valid: 70.12%, Test In: 70.77% Test OOD1: 65.28% Test OOD2: 52.64% Test OOD3: 62.86% 
Epoch: 184, Loss: 0.5285, Train: 78.92%, Valid: 70.11%, Test In: 70.77% Test OOD1: 65.13% Test OOD2: 52.65% Test OOD3: 62.81% 
Epoch: 185, Loss: 0.5270, Train: 78.94%, Valid: 70.08%, Test In: 70.76% Test OOD1: 64.96% Test OOD2: 52.70% Test OOD3: 62.75% 
Epoch: 186, Loss: 0.5284, Train: 79.00%, Valid: 70.09%, Test In: 70.77% Test OOD1: 65.05% Test OOD2: 52.63% Test OOD3: 62.79% 
Epoch: 187, Loss: 0.5233, Train: 79.13%, Valid: 70.11%, Test In: 70.78% Test OOD1: 65.13% Test OOD2: 52.57% Test OOD3: 62.83% 
Epoch: 188, Loss: 0.5243, Train: 79.29%, Valid: 70.13%, Test In: 70.80% Test OOD1: 64.98% Test OOD2: 52.57% Test OOD3: 62.79% 
Epoch: 189, Loss: 0.5229, Train: 79.27%, Valid: 70.10%, Test In: 70.79% Test OOD1: 64.95% Test OOD2: 52.54% Test OOD3: 62.77% 
Epoch: 190, Loss: 0.5202, Train: 79.28%, Valid: 70.09%, Test In: 70.77% Test OOD1: 65.02% Test OOD2: 52.50% Test OOD3: 62.80% 
Epoch: 191, Loss: 0.5161, Train: 79.40%, Valid: 70.11%, Test In: 70.78% Test OOD1: 64.94% Test OOD2: 52.51% Test OOD3: 62.78% 
Epoch: 192, Loss: 0.5184, Train: 79.53%, Valid: 70.15%, Test In: 70.81% Test OOD1: 64.94% Test OOD2: 52.44% Test OOD3: 62.80% 
Epoch: 193, Loss: 0.5182, Train: 79.53%, Valid: 70.14%, Test In: 70.79% Test OOD1: 65.08% Test OOD2: 52.40% Test OOD3: 62.86% 
Epoch: 194, Loss: 0.5159, Train: 79.58%, Valid: 70.15%, Test In: 70.78% Test OOD1: 64.94% Test OOD2: 52.44% Test OOD3: 62.82% 
Epoch: 195, Loss: 0.5125, Train: 79.69%, Valid: 70.18%, Test In: 70.80% Test OOD1: 64.78% Test OOD2: 52.43% Test OOD3: 62.77% 
Epoch: 196, Loss: 0.5119, Train: 79.76%, Valid: 70.21%, Test In: 70.80% Test OOD1: 65.03% Test OOD2: 52.38% Test OOD3: 62.84% 
Epoch: 197, Loss: 0.5103, Train: 79.85%, Valid: 70.22%, Test In: 70.80% Test OOD1: 65.03% Test OOD2: 52.38% Test OOD3: 62.84% 
Epoch: 198, Loss: 0.5071, Train: 79.99%, Valid: 70.25%, Test In: 70.81% Test OOD1: 64.75% Test OOD2: 52.39% Test OOD3: 62.74% 
Epoch: 199, Loss: 0.5074, Train: 80.02%, Valid: 70.26%, Test In: 70.79% Test OOD1: 64.86% Test OOD2: 52.35% Test OOD3: 62.77% 
Run 02:
Highest Train: 80.02
Highest Valid: 70.26
Highest In Test: 70.81
Highest OOD Test: 67.00
Highest OOD Test: 53.57
Highest OOD Test: 63.77
Chosen epoch: 200
Final Train: 80.02
Final In Test: 70.79
Final OOD Test: 64.86
Final OOD Test: 52.35
Final OOD Test: 62.77
Epoch: 00, Loss: 0.7643, Train: 60.84%, Valid: 59.12%, Test In: 58.78% Test OOD1: 59.34% Test OOD2: 50.05% Test OOD3: 55.24% 
Epoch: 01, Loss: 0.7634, Train: 62.55%, Valid: 60.89%, Test In: 60.30% Test OOD1: 60.57% Test OOD2: 50.36% Test OOD3: 56.63% 
Epoch: 02, Loss: 0.7626, Train: 63.34%, Valid: 61.78%, Test In: 61.01% Test OOD1: 61.27% Test OOD2: 50.46% Test OOD3: 57.50% 
Epoch: 03, Loss: 0.7619, Train: 63.80%, Valid: 62.22%, Test In: 61.51% Test OOD1: 61.70% Test OOD2: 50.49% Test OOD3: 57.93% 
Epoch: 04, Loss: 0.7611, Train: 64.06%, Valid: 62.47%, Test In: 61.78% Test OOD1: 61.95% Test OOD2: 50.50% Test OOD3: 58.13% 
Epoch: 05, Loss: 0.7605, Train: 64.25%, Valid: 62.64%, Test In: 61.94% Test OOD1: 62.08% Test OOD2: 50.52% Test OOD3: 58.24% 
Epoch: 06, Loss: 0.7597, Train: 64.41%, Valid: 62.76%, Test In: 62.08% Test OOD1: 62.14% Test OOD2: 50.52% Test OOD3: 58.32% 
Epoch: 07, Loss: 0.7589, Train: 64.59%, Valid: 62.91%, Test In: 62.25% Test OOD1: 62.20% Test OOD2: 50.53% Test OOD3: 58.39% 
Epoch: 08, Loss: 0.7580, Train: 64.76%, Valid: 63.06%, Test In: 62.42% Test OOD1: 62.29% Test OOD2: 50.53% Test OOD3: 58.50% 
Epoch: 09, Loss: 0.7571, Train: 64.94%, Valid: 63.22%, Test In: 62.59% Test OOD1: 62.38% Test OOD2: 50.54% Test OOD3: 58.60% 
Epoch: 10, Loss: 0.7560, Train: 65.11%, Valid: 63.35%, Test In: 62.75% Test OOD1: 62.47% Test OOD2: 50.54% Test OOD3: 58.70% 
Epoch: 11, Loss: 0.7549, Train: 65.29%, Valid: 63.50%, Test In: 62.93% Test OOD1: 62.56% Test OOD2: 50.55% Test OOD3: 58.81% 
Epoch: 12, Loss: 0.7538, Train: 65.48%, Valid: 63.67%, Test In: 63.10% Test OOD1: 62.65% Test OOD2: 50.56% Test OOD3: 58.92% 
Epoch: 13, Loss: 0.7524, Train: 65.66%, Valid: 63.82%, Test In: 63.27% Test OOD1: 62.72% Test OOD2: 50.57% Test OOD3: 59.02% 
Epoch: 14, Loss: 0.7510, Train: 65.84%, Valid: 63.98%, Test In: 63.45% Test OOD1: 62.81% Test OOD2: 50.57% Test OOD3: 59.11% 
Epoch: 15, Loss: 0.7493, Train: 66.03%, Valid: 64.14%, Test In: 63.63% Test OOD1: 62.88% Test OOD2: 50.58% Test OOD3: 59.21% 
Epoch: 16, Loss: 0.7476, Train: 66.22%, Valid: 64.31%, Test In: 63.82% Test OOD1: 62.97% Test OOD2: 50.59% Test OOD3: 59.31% 
Epoch: 17, Loss: 0.7459, Train: 66.43%, Valid: 64.49%, Test In: 64.04% Test OOD1: 63.06% Test OOD2: 50.60% Test OOD3: 59.41% 
Epoch: 18, Loss: 0.7442, Train: 66.66%, Valid: 64.70%, Test In: 64.27% Test OOD1: 63.16% Test OOD2: 50.62% Test OOD3: 59.51% 
Epoch: 19, Loss: 0.7420, Train: 66.91%, Valid: 64.91%, Test In: 64.52% Test OOD1: 63.28% Test OOD2: 50.64% Test OOD3: 59.62% 
Epoch: 20, Loss: 0.7398, Train: 67.20%, Valid: 65.16%, Test In: 64.82% Test OOD1: 63.41% Test OOD2: 50.66% Test OOD3: 59.76% 
Epoch: 21, Loss: 0.7380, Train: 67.54%, Valid: 65.45%, Test In: 65.17% Test OOD1: 63.57% Test OOD2: 50.68% Test OOD3: 59.92% 
Epoch: 22, Loss: 0.7353, Train: 67.94%, Valid: 65.78%, Test In: 65.58% Test OOD1: 63.75% Test OOD2: 50.72% Test OOD3: 60.12% 
Epoch: 23, Loss: 0.7335, Train: 68.40%, Valid: 66.16%, Test In: 66.05% Test OOD1: 63.97% Test OOD2: 50.76% Test OOD3: 60.36% 
Epoch: 24, Loss: 0.7312, Train: 68.96%, Valid: 66.59%, Test In: 66.61% Test OOD1: 64.22% Test OOD2: 50.83% Test OOD3: 60.64% 
Epoch: 25, Loss: 0.7289, Train: 69.62%, Valid: 67.10%, Test In: 67.27% Test OOD1: 64.50% Test OOD2: 50.90% Test OOD3: 60.97% 
Epoch: 26, Loss: 0.7268, Train: 70.41%, Valid: 67.70%, Test In: 68.08% Test OOD1: 64.83% Test OOD2: 51.02% Test OOD3: 61.33% 
Epoch: 27, Loss: 0.7251, Train: 71.30%, Valid: 68.37%, Test In: 68.97% Test OOD1: 65.06% Test OOD2: 51.19% Test OOD3: 61.65% 
Epoch: 28, Loss: 0.7226, Train: 72.14%, Valid: 68.95%, Test In: 69.75% Test OOD1: 64.75% Test OOD2: 51.45% Test OOD3: 61.82% 
Epoch: 29, Loss: 0.7214, Train: 72.53%, Valid: 69.05%, Test In: 70.16% Test OOD1: 63.52% Test OOD2: 51.70% Test OOD3: 61.39% 
Epoch: 30, Loss: 0.7204, Train: 71.92%, Valid: 68.51%, Test In: 69.77% Test OOD1: 61.00% Test OOD2: 51.95% Test OOD3: 60.19% 
Epoch: 31, Loss: 0.7191, Train: 70.54%, Valid: 67.23%, Test In: 68.45% Test OOD1: 57.87% Test OOD2: 52.12% Test OOD3: 58.45% 
Epoch: 32, Loss: 0.7179, Train: 68.79%, Valid: 65.58%, Test In: 66.76% Test OOD1: 55.18% Test OOD2: 52.12% Test OOD3: 56.79% 
Epoch: 33, Loss: 0.7164, Train: 67.20%, Valid: 64.09%, Test In: 65.30% Test OOD1: 53.43% Test OOD2: 52.07% Test OOD3: 55.65% 
Epoch: 34, Loss: 0.7158, Train: 66.19%, Valid: 63.12%, Test In: 64.38% Test OOD1: 52.58% Test OOD2: 52.05% Test OOD3: 55.09% 
Epoch: 35, Loss: 0.7154, Train: 66.05%, Valid: 62.90%, Test In: 64.20% Test OOD1: 52.60% Test OOD2: 52.09% Test OOD3: 55.11% 
Epoch: 36, Loss: 0.7141, Train: 66.71%, Valid: 63.39%, Test In: 64.72% Test OOD1: 53.40% Test OOD2: 52.18% Test OOD3: 55.67% 
Epoch: 37, Loss: 0.7140, Train: 68.05%, Valid: 64.48%, Test In: 65.86% Test OOD1: 55.09% Test OOD2: 52.31% Test OOD3: 56.80% 
Epoch: 38, Loss: 0.7133, Train: 69.67%, Valid: 65.85%, Test In: 67.34% Test OOD1: 57.62% Test OOD2: 52.43% Test OOD3: 58.39% 
Epoch: 39, Loss: 0.7126, Train: 71.06%, Valid: 67.03%, Test In: 68.67% Test OOD1: 60.62% Test OOD2: 52.39% Test OOD3: 60.07% 
Epoch: 40, Loss: 0.7120, Train: 71.77%, Valid: 67.60%, Test In: 69.23% Test OOD1: 63.10% Test OOD2: 52.21% Test OOD3: 61.33% 
Epoch: 41, Loss: 0.7111, Train: 71.50%, Valid: 67.50%, Test In: 68.86% Test OOD1: 64.37% Test OOD2: 52.05% Test OOD3: 61.79% 
Epoch: 42, Loss: 0.7101, Train: 70.46%, Valid: 66.88%, Test In: 67.90% Test OOD1: 64.57% Test OOD2: 51.77% Test OOD3: 61.62% 
Epoch: 43, Loss: 0.7086, Train: 69.35%, Valid: 66.17%, Test In: 66.84% Test OOD1: 64.25% Test OOD2: 51.55% Test OOD3: 61.25% 
Epoch: 44, Loss: 0.7075, Train: 68.44%, Valid: 65.57%, Test In: 65.97% Test OOD1: 63.92% Test OOD2: 51.40% Test OOD3: 60.85% 
Epoch: 45, Loss: 0.7068, Train: 67.73%, Valid: 65.08%, Test In: 65.29% Test OOD1: 63.66% Test OOD2: 51.29% Test OOD3: 60.51% 
Epoch: 46, Loss: 0.7056, Train: 67.18%, Valid: 64.70%, Test In: 64.77% Test OOD1: 63.44% Test OOD2: 51.22% Test OOD3: 60.24% 
Epoch: 47, Loss: 0.7049, Train: 66.75%, Valid: 64.39%, Test In: 64.35% Test OOD1: 63.28% Test OOD2: 51.16% Test OOD3: 60.01% 
Epoch: 48, Loss: 0.7037, Train: 66.40%, Valid: 64.14%, Test In: 64.03% Test OOD1: 63.14% Test OOD2: 51.12% Test OOD3: 59.84% 
Epoch: 49, Loss: 0.7031, Train: 66.13%, Valid: 63.94%, Test In: 63.77% Test OOD1: 63.03% Test OOD2: 51.09% Test OOD3: 59.71% 
Epoch: 50, Loss: 0.7017, Train: 65.93%, Valid: 63.79%, Test In: 63.57% Test OOD1: 62.96% Test OOD2: 51.07% Test OOD3: 59.61% 
Epoch: 51, Loss: 0.7016, Train: 65.76%, Valid: 63.66%, Test In: 63.41% Test OOD1: 62.90% Test OOD2: 51.06% Test OOD3: 59.53% 
Epoch: 52, Loss: 0.7007, Train: 65.64%, Valid: 63.57%, Test In: 63.29% Test OOD1: 62.86% Test OOD2: 51.06% Test OOD3: 59.48% 
Epoch: 53, Loss: 0.7000, Train: 65.55%, Valid: 63.50%, Test In: 63.19% Test OOD1: 62.83% Test OOD2: 51.06% Test OOD3: 59.45% 
Epoch: 54, Loss: 0.6987, Train: 65.49%, Valid: 63.44%, Test In: 63.13% Test OOD1: 62.82% Test OOD2: 51.06% Test OOD3: 59.43% 
Epoch: 55, Loss: 0.6976, Train: 65.46%, Valid: 63.41%, Test In: 63.09% Test OOD1: 62.82% Test OOD2: 51.07% Test OOD3: 59.43% 
Epoch: 56, Loss: 0.6972, Train: 65.44%, Valid: 63.39%, Test In: 63.06% Test OOD1: 62.82% Test OOD2: 51.08% Test OOD3: 59.44% 
Epoch: 57, Loss: 0.6960, Train: 65.43%, Valid: 63.38%, Test In: 63.05% Test OOD1: 62.84% Test OOD2: 51.09% Test OOD3: 59.45% 
Epoch: 58, Loss: 0.6957, Train: 65.44%, Valid: 63.38%, Test In: 63.04% Test OOD1: 62.86% Test OOD2: 51.10% Test OOD3: 59.47% 
Epoch: 59, Loss: 0.6939, Train: 65.46%, Valid: 63.38%, Test In: 63.05% Test OOD1: 62.88% Test OOD2: 51.11% Test OOD3: 59.49% 
Epoch: 60, Loss: 0.6936, Train: 65.48%, Valid: 63.39%, Test In: 63.07% Test OOD1: 62.90% Test OOD2: 51.12% Test OOD3: 59.52% 
Epoch: 61, Loss: 0.6928, Train: 65.52%, Valid: 63.42%, Test In: 63.09% Test OOD1: 62.93% Test OOD2: 51.13% Test OOD3: 59.55% 
Epoch: 62, Loss: 0.6917, Train: 65.58%, Valid: 63.45%, Test In: 63.13% Test OOD1: 62.97% Test OOD2: 51.14% Test OOD3: 59.59% 
Epoch: 63, Loss: 0.6898, Train: 65.64%, Valid: 63.50%, Test In: 63.18% Test OOD1: 63.02% Test OOD2: 51.15% Test OOD3: 59.63% 
Epoch: 64, Loss: 0.6907, Train: 65.72%, Valid: 63.56%, Test In: 63.25% Test OOD1: 63.07% Test OOD2: 51.17% Test OOD3: 59.68% 
Epoch: 65, Loss: 0.6881, Train: 65.82%, Valid: 63.64%, Test In: 63.33% Test OOD1: 63.14% Test OOD2: 51.18% Test OOD3: 59.74% 
Epoch: 66, Loss: 0.6885, Train: 65.93%, Valid: 63.73%, Test In: 63.43% Test OOD1: 63.21% Test OOD2: 51.20% Test OOD3: 59.81% 
Epoch: 67, Loss: 0.6864, Train: 66.07%, Valid: 63.84%, Test In: 63.56% Test OOD1: 63.30% Test OOD2: 51.23% Test OOD3: 59.90% 
Epoch: 68, Loss: 0.6859, Train: 66.24%, Valid: 63.98%, Test In: 63.71% Test OOD1: 63.41% Test OOD2: 51.26% Test OOD3: 60.00% 
Epoch: 69, Loss: 0.6852, Train: 66.43%, Valid: 64.14%, Test In: 63.89% Test OOD1: 63.52% Test OOD2: 51.30% Test OOD3: 60.11% 
Epoch: 70, Loss: 0.6831, Train: 66.65%, Valid: 64.31%, Test In: 64.09% Test OOD1: 63.65% Test OOD2: 51.34% Test OOD3: 60.24% 
Epoch: 71, Loss: 0.6818, Train: 66.89%, Valid: 64.49%, Test In: 64.30% Test OOD1: 63.79% Test OOD2: 51.39% Test OOD3: 60.37% 
Epoch: 72, Loss: 0.6805, Train: 67.14%, Valid: 64.69%, Test In: 64.54% Test OOD1: 63.94% Test OOD2: 51.44% Test OOD3: 60.52% 
Epoch: 73, Loss: 0.6794, Train: 67.41%, Valid: 64.90%, Test In: 64.79% Test OOD1: 64.10% Test OOD2: 51.50% Test OOD3: 60.67% 
Epoch: 74, Loss: 0.6776, Train: 67.70%, Valid: 65.14%, Test In: 65.06% Test OOD1: 64.27% Test OOD2: 51.56% Test OOD3: 60.84% 
Epoch: 75, Loss: 0.6758, Train: 68.01%, Valid: 65.39%, Test In: 65.35% Test OOD1: 64.45% Test OOD2: 51.62% Test OOD3: 61.01% 
Epoch: 76, Loss: 0.6740, Train: 68.35%, Valid: 65.66%, Test In: 65.65% Test OOD1: 64.65% Test OOD2: 51.69% Test OOD3: 61.20% 
Epoch: 77, Loss: 0.6726, Train: 68.72%, Valid: 65.95%, Test In: 66.00% Test OOD1: 64.86% Test OOD2: 51.77% Test OOD3: 61.41% 
Epoch: 78, Loss: 0.6705, Train: 69.11%, Valid: 66.26%, Test In: 66.36% Test OOD1: 65.08% Test OOD2: 51.85% Test OOD3: 61.61% 
Epoch: 79, Loss: 0.6689, Train: 69.48%, Valid: 66.55%, Test In: 66.71% Test OOD1: 65.30% Test OOD2: 51.93% Test OOD3: 61.82% 
Epoch: 80, Loss: 0.6666, Train: 69.86%, Valid: 66.85%, Test In: 67.05% Test OOD1: 65.51% Test OOD2: 52.02% Test OOD3: 62.03% 
Epoch: 81, Loss: 0.6648, Train: 70.25%, Valid: 67.15%, Test In: 67.41% Test OOD1: 65.71% Test OOD2: 52.11% Test OOD3: 62.25% 
Epoch: 82, Loss: 0.6620, Train: 70.65%, Valid: 67.47%, Test In: 67.77% Test OOD1: 65.93% Test OOD2: 52.21% Test OOD3: 62.46% 
Epoch: 83, Loss: 0.6608, Train: 71.04%, Valid: 67.75%, Test In: 68.13% Test OOD1: 66.14% Test OOD2: 52.31% Test OOD3: 62.65% 
Epoch: 84, Loss: 0.6594, Train: 71.41%, Valid: 68.04%, Test In: 68.46% Test OOD1: 66.34% Test OOD2: 52.41% Test OOD3: 62.84% 
Epoch: 85, Loss: 0.6572, Train: 71.79%, Valid: 68.33%, Test In: 68.78% Test OOD1: 66.52% Test OOD2: 52.51% Test OOD3: 63.03% 
Epoch: 86, Loss: 0.6546, Train: 72.17%, Valid: 68.60%, Test In: 69.09% Test OOD1: 66.67% Test OOD2: 52.62% Test OOD3: 63.19% 
Epoch: 87, Loss: 0.6528, Train: 72.46%, Valid: 68.82%, Test In: 69.35% Test OOD1: 66.80% Test OOD2: 52.71% Test OOD3: 63.34% 
Epoch: 88, Loss: 0.6504, Train: 72.73%, Valid: 69.02%, Test In: 69.59% Test OOD1: 66.90% Test OOD2: 52.79% Test OOD3: 63.46% 
Epoch: 89, Loss: 0.6469, Train: 73.06%, Valid: 69.24%, Test In: 69.84% Test OOD1: 66.94% Test OOD2: 52.92% Test OOD3: 63.57% 
Epoch: 90, Loss: 0.6443, Train: 73.30%, Valid: 69.41%, Test In: 70.00% Test OOD1: 66.96% Test OOD2: 53.01% Test OOD3: 63.66% 
Epoch: 91, Loss: 0.6441, Train: 73.48%, Valid: 69.53%, Test In: 70.13% Test OOD1: 67.00% Test OOD2: 53.06% Test OOD3: 63.73% 
Epoch: 92, Loss: 0.6415, Train: 73.63%, Valid: 69.64%, Test In: 70.24% Test OOD1: 67.05% Test OOD2: 53.10% Test OOD3: 63.79% 
Epoch: 93, Loss: 0.6400, Train: 73.83%, Valid: 69.75%, Test In: 70.34% Test OOD1: 67.02% Test OOD2: 53.16% Test OOD3: 63.83% 
Epoch: 94, Loss: 0.6393, Train: 74.01%, Valid: 69.85%, Test In: 70.42% Test OOD1: 66.97% Test OOD2: 53.22% Test OOD3: 63.86% 
Epoch: 95, Loss: 0.6367, Train: 74.08%, Valid: 69.90%, Test In: 70.48% Test OOD1: 67.10% Test OOD2: 53.21% Test OOD3: 63.89% 
Epoch: 96, Loss: 0.6347, Train: 74.23%, Valid: 69.96%, Test In: 70.53% Test OOD1: 67.07% Test OOD2: 53.25% Test OOD3: 63.91% 
Epoch: 97, Loss: 0.6326, Train: 74.37%, Valid: 70.01%, Test In: 70.57% Test OOD1: 67.05% Test OOD2: 53.29% Test OOD3: 63.91% 
Epoch: 98, Loss: 0.6324, Train: 74.46%, Valid: 70.03%, Test In: 70.61% Test OOD1: 67.10% Test OOD2: 53.30% Test OOD3: 63.91% 
Epoch: 99, Loss: 0.6313, Train: 74.50%, Valid: 70.03%, Test In: 70.60% Test OOD1: 67.21% Test OOD2: 53.28% Test OOD3: 63.92% 
Epoch: 100, Loss: 0.6284, Train: 74.66%, Valid: 70.06%, Test In: 70.63% Test OOD1: 67.05% Test OOD2: 53.37% Test OOD3: 63.89% 
Epoch: 101, Loss: 0.6295, Train: 74.71%, Valid: 70.06%, Test In: 70.63% Test OOD1: 67.14% Test OOD2: 53.35% Test OOD3: 63.90% 
Epoch: 102, Loss: 0.6260, Train: 74.78%, Valid: 70.06%, Test In: 70.63% Test OOD1: 67.19% Test OOD2: 53.34% Test OOD3: 63.89% 
Epoch: 103, Loss: 0.6254, Train: 74.86%, Valid: 70.07%, Test In: 70.62% Test OOD1: 67.20% Test OOD2: 53.34% Test OOD3: 63.87% 
Epoch: 104, Loss: 0.6233, Train: 74.96%, Valid: 70.07%, Test In: 70.62% Test OOD1: 67.13% Test OOD2: 53.36% Test OOD3: 63.84% 
Epoch: 105, Loss: 0.6227, Train: 75.05%, Valid: 70.07%, Test In: 70.63% Test OOD1: 67.06% Test OOD2: 53.38% Test OOD3: 63.80% 
Epoch: 106, Loss: 0.6219, Train: 75.05%, Valid: 70.06%, Test In: 70.61% Test OOD1: 67.20% Test OOD2: 53.33% Test OOD3: 63.80% 
Epoch: 107, Loss: 0.6215, Train: 75.13%, Valid: 70.05%, Test In: 70.60% Test OOD1: 67.14% Test OOD2: 53.35% Test OOD3: 63.77% 
Epoch: 108, Loss: 0.6199, Train: 75.25%, Valid: 70.05%, Test In: 70.61% Test OOD1: 66.96% Test OOD2: 53.39% Test OOD3: 63.71% 
Epoch: 109, Loss: 0.6190, Train: 75.27%, Valid: 70.05%, Test In: 70.60% Test OOD1: 67.03% Test OOD2: 53.36% Test OOD3: 63.71% 
Epoch: 110, Loss: 0.6163, Train: 75.28%, Valid: 70.04%, Test In: 70.58% Test OOD1: 67.12% Test OOD2: 53.32% Test OOD3: 63.70% 
Epoch: 111, Loss: 0.6154, Train: 75.38%, Valid: 70.04%, Test In: 70.59% Test OOD1: 66.96% Test OOD2: 53.36% Test OOD3: 63.64% 
Epoch: 112, Loss: 0.6158, Train: 75.46%, Valid: 70.03%, Test In: 70.59% Test OOD1: 66.83% Test OOD2: 53.39% Test OOD3: 63.59% 
Epoch: 113, Loss: 0.6143, Train: 75.48%, Valid: 70.02%, Test In: 70.57% Test OOD1: 66.84% Test OOD2: 53.38% Test OOD3: 63.57% 
Epoch: 114, Loss: 0.6131, Train: 75.49%, Valid: 70.00%, Test In: 70.57% Test OOD1: 66.89% Test OOD2: 53.36% Test OOD3: 63.56% 
Epoch: 115, Loss: 0.6139, Train: 75.57%, Valid: 70.02%, Test In: 70.57% Test OOD1: 66.81% Test OOD2: 53.36% Test OOD3: 63.52% 
Epoch: 116, Loss: 0.6118, Train: 75.64%, Valid: 70.02%, Test In: 70.57% Test OOD1: 66.70% Test OOD2: 53.37% Test OOD3: 63.49% 
Epoch: 117, Loss: 0.6082, Train: 75.65%, Valid: 70.01%, Test In: 70.56% Test OOD1: 66.69% Test OOD2: 53.38% Test OOD3: 63.46% 
Epoch: 118, Loss: 0.6085, Train: 75.67%, Valid: 70.01%, Test In: 70.54% Test OOD1: 66.75% Test OOD2: 53.34% Test OOD3: 63.46% 
Epoch: 119, Loss: 0.6083, Train: 75.72%, Valid: 70.03%, Test In: 70.55% Test OOD1: 66.71% Test OOD2: 53.33% Test OOD3: 63.44% 
Epoch: 120, Loss: 0.6080, Train: 75.78%, Valid: 70.03%, Test In: 70.54% Test OOD1: 66.60% Test OOD2: 53.36% Test OOD3: 63.40% 
Epoch: 121, Loss: 0.6053, Train: 75.82%, Valid: 70.05%, Test In: 70.55% Test OOD1: 66.60% Test OOD2: 53.33% Test OOD3: 63.40% 
Epoch: 122, Loss: 0.6042, Train: 75.84%, Valid: 70.05%, Test In: 70.55% Test OOD1: 66.62% Test OOD2: 53.30% Test OOD3: 63.39% 
Epoch: 123, Loss: 0.6049, Train: 75.81%, Valid: 70.01%, Test In: 70.53% Test OOD1: 66.68% Test OOD2: 53.28% Test OOD3: 63.40% 
Epoch: 124, Loss: 0.6038, Train: 75.93%, Valid: 70.03%, Test In: 70.54% Test OOD1: 66.47% Test OOD2: 53.31% Test OOD3: 63.36% 
Epoch: 125, Loss: 0.6011, Train: 75.97%, Valid: 70.03%, Test In: 70.54% Test OOD1: 66.43% Test OOD2: 53.31% Test OOD3: 63.34% 
Epoch: 126, Loss: 0.6015, Train: 75.93%, Valid: 70.01%, Test In: 70.53% Test OOD1: 66.54% Test OOD2: 53.27% Test OOD3: 63.36% 
Epoch: 127, Loss: 0.5991, Train: 76.00%, Valid: 70.04%, Test In: 70.55% Test OOD1: 66.50% Test OOD2: 53.25% Test OOD3: 63.35% 
Epoch: 128, Loss: 0.5993, Train: 76.14%, Valid: 70.08%, Test In: 70.58% Test OOD1: 66.30% Test OOD2: 53.28% Test OOD3: 63.30% 
Epoch: 129, Loss: 0.5969, Train: 76.14%, Valid: 70.06%, Test In: 70.58% Test OOD1: 66.31% Test OOD2: 53.28% Test OOD3: 63.29% 
Epoch: 130, Loss: 0.5961, Train: 76.05%, Valid: 70.02%, Test In: 70.55% Test OOD1: 66.44% Test OOD2: 53.24% Test OOD3: 63.31% 
Epoch: 131, Loss: 0.5959, Train: 76.18%, Valid: 70.07%, Test In: 70.59% Test OOD1: 66.42% Test OOD2: 53.21% Test OOD3: 63.30% 
Epoch: 132, Loss: 0.5937, Train: 76.34%, Valid: 70.13%, Test In: 70.64% Test OOD1: 66.30% Test OOD2: 53.20% Test OOD3: 63.28% 
Epoch: 133, Loss: 0.5928, Train: 76.33%, Valid: 70.08%, Test In: 70.61% Test OOD1: 66.25% Test OOD2: 53.22% Test OOD3: 63.25% 
Epoch: 134, Loss: 0.5921, Train: 76.25%, Valid: 70.02%, Test In: 70.58% Test OOD1: 66.31% Test OOD2: 53.21% Test OOD3: 63.26% 
Epoch: 135, Loss: 0.5928, Train: 76.25%, Valid: 70.01%, Test In: 70.56% Test OOD1: 66.43% Test OOD2: 53.16% Test OOD3: 63.27% 
Epoch: 136, Loss: 0.5935, Train: 76.40%, Valid: 70.05%, Test In: 70.60% Test OOD1: 66.33% Test OOD2: 53.16% Test OOD3: 63.25% 
Epoch: 137, Loss: 0.5916, Train: 76.53%, Valid: 70.08%, Test In: 70.62% Test OOD1: 66.20% Test OOD2: 53.16% Test OOD3: 63.23% 
Epoch: 138, Loss: 0.5891, Train: 76.50%, Valid: 70.06%, Test In: 70.61% Test OOD1: 66.29% Test OOD2: 53.13% Test OOD3: 63.24% 
Epoch: 139, Loss: 0.5870, Train: 76.38%, Valid: 69.97%, Test In: 70.53% Test OOD1: 66.36% Test OOD2: 53.10% Test OOD3: 63.23% 
Epoch: 140, Loss: 0.5862, Train: 76.47%, Valid: 69.97%, Test In: 70.53% Test OOD1: 66.16% Test OOD2: 53.14% Test OOD3: 63.17% 
Epoch: 141, Loss: 0.5865, Train: 76.66%, Valid: 70.02%, Test In: 70.56% Test OOD1: 65.98% Test OOD2: 53.14% Test OOD3: 63.14% 
Epoch: 142, Loss: 0.5843, Train: 76.66%, Valid: 70.03%, Test In: 70.57% Test OOD1: 66.17% Test OOD2: 53.06% Test OOD3: 63.18% 
Epoch: 143, Loss: 0.5814, Train: 76.62%, Valid: 70.00%, Test In: 70.55% Test OOD1: 66.24% Test OOD2: 53.02% Test OOD3: 63.18% 
Epoch: 144, Loss: 0.5813, Train: 76.63%, Valid: 69.95%, Test In: 70.53% Test OOD1: 66.10% Test OOD2: 53.05% Test OOD3: 63.13% 
Epoch: 145, Loss: 0.5832, Train: 76.75%, Valid: 69.97%, Test In: 70.55% Test OOD1: 65.96% Test OOD2: 53.06% Test OOD3: 63.09% 
Epoch: 146, Loss: 0.5792, Train: 76.83%, Valid: 69.98%, Test In: 70.56% Test OOD1: 65.95% Test OOD2: 53.05% Test OOD3: 63.09% 
Epoch: 147, Loss: 0.5774, Train: 76.85%, Valid: 69.98%, Test In: 70.56% Test OOD1: 65.97% Test OOD2: 53.03% Test OOD3: 63.08% 
Epoch: 148, Loss: 0.5782, Train: 76.82%, Valid: 69.97%, Test In: 70.55% Test OOD1: 66.11% Test OOD2: 52.98% Test OOD3: 63.11% 
Epoch: 149, Loss: 0.5786, Train: 76.89%, Valid: 69.98%, Test In: 70.57% Test OOD1: 66.05% Test OOD2: 52.99% Test OOD3: 63.10% 
Epoch: 150, Loss: 0.5750, Train: 77.04%, Valid: 69.99%, Test In: 70.59% Test OOD1: 65.76% Test OOD2: 53.06% Test OOD3: 63.03% 
Epoch: 151, Loss: 0.5721, Train: 77.03%, Valid: 69.97%, Test In: 70.59% Test OOD1: 65.82% Test OOD2: 53.05% Test OOD3: 63.04% 
Epoch: 152, Loss: 0.5739, Train: 76.99%, Valid: 69.94%, Test In: 70.58% Test OOD1: 65.93% Test OOD2: 53.03% Test OOD3: 63.06% 
Epoch: 153, Loss: 0.5722, Train: 77.09%, Valid: 69.96%, Test In: 70.60% Test OOD1: 65.87% Test OOD2: 53.04% Test OOD3: 63.06% 
Epoch: 154, Loss: 0.5689, Train: 77.19%, Valid: 69.98%, Test In: 70.60% Test OOD1: 65.81% Test OOD2: 53.06% Test OOD3: 63.05% 
Epoch: 155, Loss: 0.5689, Train: 77.17%, Valid: 69.95%, Test In: 70.60% Test OOD1: 65.86% Test OOD2: 53.04% Test OOD3: 63.06% 
Epoch: 156, Loss: 0.5706, Train: 77.19%, Valid: 69.95%, Test In: 70.60% Test OOD1: 65.77% Test OOD2: 53.06% Test OOD3: 63.04% 
Epoch: 157, Loss: 0.5676, Train: 77.29%, Valid: 69.97%, Test In: 70.60% Test OOD1: 65.71% Test OOD2: 53.06% Test OOD3: 63.03% 
Epoch: 158, Loss: 0.5662, Train: 77.33%, Valid: 70.01%, Test In: 70.58% Test OOD1: 65.89% Test OOD2: 52.99% Test OOD3: 63.07% 
Epoch: 159, Loss: 0.5673, Train: 77.31%, Valid: 69.99%, Test In: 70.54% Test OOD1: 65.90% Test OOD2: 52.97% Test OOD3: 63.04% 
Epoch: 160, Loss: 0.5623, Train: 77.35%, Valid: 69.98%, Test In: 70.54% Test OOD1: 65.60% Test OOD2: 53.05% Test OOD3: 62.95% 
Epoch: 161, Loss: 0.5624, Train: 77.44%, Valid: 70.02%, Test In: 70.53% Test OOD1: 65.56% Test OOD2: 53.04% Test OOD3: 62.93% 
Epoch: 162, Loss: 0.5626, Train: 77.45%, Valid: 70.04%, Test In: 70.51% Test OOD1: 65.84% Test OOD2: 52.95% Test OOD3: 63.01% 
Epoch: 163, Loss: 0.5602, Train: 77.49%, Valid: 70.05%, Test In: 70.50% Test OOD1: 65.82% Test OOD2: 52.94% Test OOD3: 63.00% 
Epoch: 164, Loss: 0.5592, Train: 77.54%, Valid: 70.05%, Test In: 70.50% Test OOD1: 65.49% Test OOD2: 53.02% Test OOD3: 62.90% 
Epoch: 165, Loss: 0.5598, Train: 77.69%, Valid: 70.09%, Test In: 70.53% Test OOD1: 65.55% Test OOD2: 52.98% Test OOD3: 62.93% 
Epoch: 166, Loss: 0.5561, Train: 77.69%, Valid: 70.10%, Test In: 70.53% Test OOD1: 65.71% Test OOD2: 52.91% Test OOD3: 62.98% 
Epoch: 167, Loss: 0.5541, Train: 77.69%, Valid: 70.07%, Test In: 70.51% Test OOD1: 65.53% Test OOD2: 52.96% Test OOD3: 62.92% 
Epoch: 168, Loss: 0.5545, Train: 77.80%, Valid: 70.08%, Test In: 70.52% Test OOD1: 65.35% Test OOD2: 53.00% Test OOD3: 62.87% 
Epoch: 169, Loss: 0.5559, Train: 77.89%, Valid: 70.11%, Test In: 70.55% Test OOD1: 65.43% Test OOD2: 52.95% Test OOD3: 62.90% 
Epoch: 170, Loss: 0.5549, Train: 77.94%, Valid: 70.13%, Test In: 70.57% Test OOD1: 65.66% Test OOD2: 52.87% Test OOD3: 62.97% 
Epoch: 171, Loss: 0.5539, Train: 77.95%, Valid: 70.10%, Test In: 70.56% Test OOD1: 65.55% Test OOD2: 52.88% Test OOD3: 62.94% 
Epoch: 172, Loss: 0.5483, Train: 78.02%, Valid: 70.08%, Test In: 70.58% Test OOD1: 65.29% Test OOD2: 52.92% Test OOD3: 62.86% 
Epoch: 173, Loss: 0.5486, Train: 78.10%, Valid: 70.09%, Test In: 70.61% Test OOD1: 65.41% Test OOD2: 52.87% Test OOD3: 62.91% 
Epoch: 174, Loss: 0.5502, Train: 78.13%, Valid: 70.10%, Test In: 70.62% Test OOD1: 65.66% Test OOD2: 52.78% Test OOD3: 62.98% 
Epoch: 175, Loss: 0.5487, Train: 78.19%, Valid: 70.08%, Test In: 70.63% Test OOD1: 65.50% Test OOD2: 52.81% Test OOD3: 62.94% 
Epoch: 176, Loss: 0.5453, Train: 78.22%, Valid: 70.05%, Test In: 70.63% Test OOD1: 65.25% Test OOD2: 52.85% Test OOD3: 62.85% 
Epoch: 177, Loss: 0.5449, Train: 78.32%, Valid: 70.08%, Test In: 70.66% Test OOD1: 65.38% Test OOD2: 52.80% Test OOD3: 62.89% 
Epoch: 178, Loss: 0.5395, Train: 78.36%, Valid: 70.09%, Test In: 70.64% Test OOD1: 65.56% Test OOD2: 52.74% Test OOD3: 62.93% 
Epoch: 179, Loss: 0.5444, Train: 78.40%, Valid: 70.07%, Test In: 70.63% Test OOD1: 65.39% Test OOD2: 52.77% Test OOD3: 62.87% 
Epoch: 180, Loss: 0.5429, Train: 78.43%, Valid: 70.06%, Test In: 70.62% Test OOD1: 65.29% Test OOD2: 52.78% Test OOD3: 62.82% 
Epoch: 181, Loss: 0.5437, Train: 78.56%, Valid: 70.09%, Test In: 70.64% Test OOD1: 65.35% Test OOD2: 52.72% Test OOD3: 62.83% 
Epoch: 182, Loss: 0.5395, Train: 78.59%, Valid: 70.08%, Test In: 70.62% Test OOD1: 65.37% Test OOD2: 52.70% Test OOD3: 62.82% 
Epoch: 183, Loss: 0.5405, Train: 78.63%, Valid: 70.07%, Test In: 70.59% Test OOD1: 65.31% Test OOD2: 52.70% Test OOD3: 62.77% 
Epoch: 184, Loss: 0.5381, Train: 78.69%, Valid: 70.07%, Test In: 70.58% Test OOD1: 65.28% Test OOD2: 52.68% Test OOD3: 62.75% 
Epoch: 185, Loss: 0.5348, Train: 78.75%, Valid: 70.07%, Test In: 70.58% Test OOD1: 65.22% Test OOD2: 52.66% Test OOD3: 62.73% 
Epoch: 186, Loss: 0.5344, Train: 78.81%, Valid: 70.08%, Test In: 70.58% Test OOD1: 65.25% Test OOD2: 52.62% Test OOD3: 62.74% 
Epoch: 187, Loss: 0.5359, Train: 78.87%, Valid: 70.08%, Test In: 70.57% Test OOD1: 65.21% Test OOD2: 52.61% Test OOD3: 62.72% 
Epoch: 188, Loss: 0.5341, Train: 78.89%, Valid: 70.06%, Test In: 70.57% Test OOD1: 65.06% Test OOD2: 52.62% Test OOD3: 62.68% 
Epoch: 189, Loss: 0.5317, Train: 79.05%, Valid: 70.10%, Test In: 70.58% Test OOD1: 65.02% Test OOD2: 52.58% Test OOD3: 62.69% 
Epoch: 190, Loss: 0.5300, Train: 79.11%, Valid: 70.12%, Test In: 70.60% Test OOD1: 65.02% Test OOD2: 52.53% Test OOD3: 62.71% 
Epoch: 191, Loss: 0.5281, Train: 79.09%, Valid: 70.09%, Test In: 70.59% Test OOD1: 65.04% Test OOD2: 52.53% Test OOD3: 62.72% 
Epoch: 192, Loss: 0.5274, Train: 79.16%, Valid: 70.10%, Test In: 70.59% Test OOD1: 64.94% Test OOD2: 52.55% Test OOD3: 62.70% 
Epoch: 193, Loss: 0.5256, Train: 79.28%, Valid: 70.14%, Test In: 70.60% Test OOD1: 64.94% Test OOD2: 52.51% Test OOD3: 62.72% 
Epoch: 194, Loss: 0.5266, Train: 79.29%, Valid: 70.13%, Test In: 70.59% Test OOD1: 65.05% Test OOD2: 52.46% Test OOD3: 62.76% 
Epoch: 195, Loss: 0.5201, Train: 79.30%, Valid: 70.12%, Test In: 70.58% Test OOD1: 65.01% Test OOD2: 52.46% Test OOD3: 62.75% 
Epoch: 196, Loss: 0.5247, Train: 79.41%, Valid: 70.13%, Test In: 70.60% Test OOD1: 64.97% Test OOD2: 52.46% Test OOD3: 62.75% 
Epoch: 197, Loss: 0.5189, Train: 79.50%, Valid: 70.16%, Test In: 70.62% Test OOD1: 64.95% Test OOD2: 52.43% Test OOD3: 62.74% 
Epoch: 198, Loss: 0.5171, Train: 79.55%, Valid: 70.16%, Test In: 70.63% Test OOD1: 64.90% Test OOD2: 52.42% Test OOD3: 62.71% 
Epoch: 199, Loss: 0.5205, Train: 79.55%, Valid: 70.15%, Test In: 70.62% Test OOD1: 64.87% Test OOD2: 52.44% Test OOD3: 62.66% 
Run 03:
Highest Train: 79.55
Highest Valid: 70.16
Highest In Test: 70.66
Highest OOD Test: 67.21
Highest OOD Test: 53.39
Highest OOD Test: 63.92
Chosen epoch: 199
Final Train: 79.55
Final In Test: 70.63
Final OOD Test: 64.90
Final OOD Test: 52.42
Final OOD Test: 62.71
All runs:
Highest Train: 79.80 ± 0.24
Highest Valid: 70.18 ± 0.07
Highest In Test: 70.70 ± 0.09
Highest OOD Test: 67.12 ± 0.11
Highest OOD Test: 53.48 ± 0.09
Highest OOD Test: 63.85 ± 0.07
  Final Train: 79.32 ± 0.83
   Final In  Test: 70.67 ± 0.10
   Final OOD Test: 65.02 ± 0.24
   Final OOD Test: 52.52 ± 0.23
   Final OOD Test: 62.79 ± 0.09
[INFO] TensorBoard writer closed.

Command: python main.py --dataset twitch --backbone_type gcn --env_type graph --combine_result --store_result --epochs 200 --runs 3 --num_layers 2 --expert_agg mean --tau 3 --lr 0.01 --weight_decay 5e-5 --dropout 0.0 --K 3 --hidden_channels 64 --seed 123 --device 0 --lr 0.001 --weight_decay 0.0005 --dropout 0.1 --lamda 0.1 --K 4 --hidden_channels 64 --other_env_reduce sample --result_name twitch_stage1_lr0.001_weight_decay0.0005_dropout0.1_lamda0.1_K4_hidden_channels64_other_env_reducesample
Return code: 0
Elapsed: 246.63s
