Namespace(K=4, backbone_type='gcn', combine_result=True, cpu=False, data_dir='./data/', dataset='twitch', device=0, display_step=1, dropout=0.1, env_type='graph', epochs=200, expert_agg='mean', gate_hidden=64, hidden_channels=64, infer_env=False, infer_env_components=64, infer_env_iters=30, infer_env_num=3, lamda=2.0, lr=0.001, num_layers=2, other_env_reduce='sample', pos_weight=5.0, result_name='twitch_stage1_lr0.001_weight_decay0.0005_dropout0.1_lamda2.0_K4_hidden_channels64_other_env_reducesample', runs=3, seed=123, store_result=True, tau=3.0, use_bn=False, variant=False, weight_decay=0.0005)
dataset twitch: all nodes 34120 | edges 429113 | classes 2 | feats 3170
train nodes 7897 | valid nodes 3949 | test in nodes 3949
test ood1 nodes 4648 test ood2 nodes 6551 test ood3 nodes 7126 
[INFO] env numbers: 6 train env numbers: 3
MODEL: CaNet(
  (experts): ModuleList(
    (0): ExpertNet(
      (convs): ModuleList(
        (0): CaNetConv()
        (1): CaNetConv()
      )
      (fcs): ModuleList(
        (0): Linear(in_features=3170, out_features=64, bias=True)
        (1): Linear(in_features=64, out_features=2, bias=True)
      )
      (act_fn): ReLU()
    )
    (1): ExpertNet(
      (convs): ModuleList(
        (0): CaNetConv()
        (1): CaNetConv()
      )
      (fcs): ModuleList(
        (0): Linear(in_features=3170, out_features=64, bias=True)
        (1): Linear(in_features=64, out_features=2, bias=True)
      )
      (act_fn): ReLU()
    )
    (2): ExpertNet(
      (convs): ModuleList(
        (0): CaNetConv()
        (1): CaNetConv()
      )
      (fcs): ModuleList(
        (0): Linear(in_features=3170, out_features=64, bias=True)
        (1): Linear(in_features=64, out_features=2, bias=True)
      )
      (act_fn): ReLU()
    )
    (3): ExpertNet(
      (convs): ModuleList(
        (0): CaNetConv()
        (1): CaNetConv()
      )
      (fcs): ModuleList(
        (0): Linear(in_features=3170, out_features=64, bias=True)
        (1): Linear(in_features=64, out_features=2, bias=True)
      )
      (act_fn): ReLU()
    )
  )
  (gate): Sequential(
    (0): Linear(in_features=3170, out_features=64, bias=True)
    (1): ReLU()
    (2): Linear(in_features=64, out_features=4, bias=True)
  )
)
[INFO] TensorBoard logging activated. Logs will be saved to: ./runs/twitch/Apr16_19-34-24_lamda_2.0
Epoch: 00, Loss: 2.0882, Train: 56.09%, Valid: 53.24%, Test In: 55.56% Test OOD1: 51.26% Test OOD2: 50.56% Test OOD3: 51.64% 
Epoch: 01, Loss: 2.0869, Train: 60.90%, Valid: 56.95%, Test In: 59.40% Test OOD1: 53.57% Test OOD2: 51.02% Test OOD3: 53.92% 
Epoch: 02, Loss: 2.0857, Train: 62.53%, Valid: 58.34%, Test In: 60.70% Test OOD1: 53.85% Test OOD2: 51.24% Test OOD3: 54.67% 
Epoch: 03, Loss: 2.0844, Train: 63.60%, Valid: 59.22%, Test In: 61.49% Test OOD1: 53.97% Test OOD2: 51.40% Test OOD3: 55.06% 
Epoch: 04, Loss: 2.0832, Train: 64.39%, Valid: 59.97%, Test In: 61.99% Test OOD1: 54.13% Test OOD2: 51.66% Test OOD3: 55.30% 
Epoch: 05, Loss: 2.0819, Train: 64.82%, Valid: 60.52%, Test In: 62.32% Test OOD1: 54.19% Test OOD2: 51.91% Test OOD3: 55.43% 
Epoch: 06, Loss: 2.0808, Train: 64.76%, Valid: 60.55%, Test In: 62.36% Test OOD1: 53.85% Test OOD2: 51.97% Test OOD3: 55.30% 
Epoch: 07, Loss: 2.0795, Train: 64.43%, Valid: 60.29%, Test In: 62.14% Test OOD1: 53.30% Test OOD2: 52.01% Test OOD3: 55.06% 
Epoch: 08, Loss: 2.0782, Train: 64.16%, Valid: 60.08%, Test In: 61.91% Test OOD1: 52.95% Test OOD2: 52.01% Test OOD3: 54.94% 
Epoch: 09, Loss: 2.0767, Train: 64.06%, Valid: 60.01%, Test In: 61.79% Test OOD1: 52.84% Test OOD2: 52.01% Test OOD3: 54.91% 
Epoch: 10, Loss: 2.0752, Train: 64.06%, Valid: 60.04%, Test In: 61.79% Test OOD1: 52.84% Test OOD2: 52.02% Test OOD3: 54.94% 
Epoch: 11, Loss: 2.0736, Train: 64.12%, Valid: 60.12%, Test In: 61.82% Test OOD1: 52.89% Test OOD2: 52.03% Test OOD3: 55.00% 
Epoch: 12, Loss: 2.0718, Train: 64.19%, Valid: 60.21%, Test In: 61.84% Test OOD1: 52.93% Test OOD2: 52.04% Test OOD3: 55.06% 
Epoch: 13, Loss: 2.0697, Train: 64.25%, Valid: 60.29%, Test In: 61.85% Test OOD1: 52.96% Test OOD2: 52.05% Test OOD3: 55.11% 
Epoch: 14, Loss: 2.0678, Train: 64.30%, Valid: 60.36%, Test In: 61.86% Test OOD1: 52.97% Test OOD2: 52.06% Test OOD3: 55.15% 
Epoch: 15, Loss: 2.0657, Train: 64.32%, Valid: 60.39%, Test In: 61.84% Test OOD1: 52.96% Test OOD2: 52.07% Test OOD3: 55.19% 
Epoch: 16, Loss: 2.0633, Train: 64.43%, Valid: 60.47%, Test In: 61.88% Test OOD1: 53.01% Test OOD2: 52.09% Test OOD3: 55.28% 
Epoch: 17, Loss: 2.0606, Train: 64.57%, Valid: 60.58%, Test In: 61.96% Test OOD1: 53.09% Test OOD2: 52.12% Test OOD3: 55.40% 
Epoch: 18, Loss: 2.0579, Train: 64.77%, Valid: 60.74%, Test In: 62.10% Test OOD1: 53.24% Test OOD2: 52.16% Test OOD3: 55.56% 
Epoch: 19, Loss: 2.0550, Train: 65.05%, Valid: 60.97%, Test In: 62.29% Test OOD1: 53.44% Test OOD2: 52.21% Test OOD3: 55.78% 
Epoch: 20, Loss: 2.0520, Train: 65.44%, Valid: 61.30%, Test In: 62.59% Test OOD1: 53.78% Test OOD2: 52.27% Test OOD3: 56.08% 
Epoch: 21, Loss: 2.0495, Train: 65.97%, Valid: 61.74%, Test In: 63.02% Test OOD1: 54.28% Test OOD2: 52.35% Test OOD3: 56.50% 
Epoch: 22, Loss: 2.0462, Train: 66.68%, Valid: 62.33%, Test In: 63.59% Test OOD1: 55.02% Test OOD2: 52.44% Test OOD3: 57.05% 
Epoch: 23, Loss: 2.0429, Train: 67.54%, Valid: 63.04%, Test In: 64.32% Test OOD1: 56.01% Test OOD2: 52.53% Test OOD3: 57.76% 
Epoch: 24, Loss: 2.0396, Train: 68.52%, Valid: 63.83%, Test In: 65.17% Test OOD1: 57.31% Test OOD2: 52.60% Test OOD3: 58.60% 
Epoch: 25, Loss: 2.0363, Train: 69.50%, Valid: 64.66%, Test In: 66.02% Test OOD1: 58.86% Test OOD2: 52.61% Test OOD3: 59.52% 
Epoch: 26, Loss: 2.0333, Train: 70.31%, Valid: 65.40%, Test In: 66.78% Test OOD1: 60.46% Test OOD2: 52.53% Test OOD3: 60.38% 
Epoch: 27, Loss: 2.0295, Train: 70.81%, Valid: 65.93%, Test In: 67.26% Test OOD1: 61.88% Test OOD2: 52.37% Test OOD3: 61.01% 
Epoch: 28, Loss: 2.0263, Train: 70.92%, Valid: 66.20%, Test In: 67.35% Test OOD1: 62.93% Test OOD2: 52.17% Test OOD3: 61.30% 
Epoch: 29, Loss: 2.0226, Train: 70.66%, Valid: 66.17%, Test In: 67.09% Test OOD1: 63.48% Test OOD2: 51.94% Test OOD3: 61.36% 
Epoch: 30, Loss: 2.0193, Train: 70.16%, Valid: 65.94%, Test In: 66.59% Test OOD1: 63.64% Test OOD2: 51.74% Test OOD3: 61.22% 
Epoch: 31, Loss: 2.0151, Train: 69.53%, Valid: 65.59%, Test In: 66.00% Test OOD1: 63.59% Test OOD2: 51.61% Test OOD3: 60.99% 
Epoch: 32, Loss: 2.0117, Train: 68.87%, Valid: 65.22%, Test In: 65.43% Test OOD1: 63.47% Test OOD2: 51.51% Test OOD3: 60.74% 
Epoch: 33, Loss: 2.0074, Train: 68.27%, Valid: 64.89%, Test In: 64.94% Test OOD1: 63.33% Test OOD2: 51.42% Test OOD3: 60.50% 
Epoch: 34, Loss: 2.0045, Train: 67.76%, Valid: 64.57%, Test In: 64.52% Test OOD1: 63.20% Test OOD2: 51.33% Test OOD3: 60.29% 
Epoch: 35, Loss: 1.9999, Train: 67.35%, Valid: 64.32%, Test In: 64.18% Test OOD1: 63.07% Test OOD2: 51.25% Test OOD3: 60.11% 
Epoch: 36, Loss: 1.9973, Train: 67.02%, Valid: 64.10%, Test In: 63.90% Test OOD1: 62.96% Test OOD2: 51.19% Test OOD3: 59.96% 
Epoch: 37, Loss: 1.9923, Train: 66.75%, Valid: 63.93%, Test In: 63.69% Test OOD1: 62.87% Test OOD2: 51.14% Test OOD3: 59.85% 
Epoch: 38, Loss: 1.9881, Train: 66.54%, Valid: 63.79%, Test In: 63.52% Test OOD1: 62.80% Test OOD2: 51.11% Test OOD3: 59.76% 
Epoch: 39, Loss: 1.9847, Train: 66.39%, Valid: 63.68%, Test In: 63.38% Test OOD1: 62.75% Test OOD2: 51.08% Test OOD3: 59.69% 
Epoch: 40, Loss: 1.9799, Train: 66.27%, Valid: 63.60%, Test In: 63.28% Test OOD1: 62.71% Test OOD2: 51.05% Test OOD3: 59.64% 
Epoch: 41, Loss: 1.9759, Train: 66.20%, Valid: 63.55%, Test In: 63.21% Test OOD1: 62.69% Test OOD2: 51.03% Test OOD3: 59.61% 
Epoch: 42, Loss: 1.9736, Train: 66.16%, Valid: 63.52%, Test In: 63.18% Test OOD1: 62.68% Test OOD2: 51.02% Test OOD3: 59.60% 
Epoch: 43, Loss: 1.9701, Train: 66.16%, Valid: 63.52%, Test In: 63.19% Test OOD1: 62.69% Test OOD2: 51.01% Test OOD3: 59.61% 
Epoch: 44, Loss: 1.9641, Train: 66.20%, Valid: 63.55%, Test In: 63.23% Test OOD1: 62.71% Test OOD2: 51.00% Test OOD3: 59.64% 
Epoch: 45, Loss: 1.9628, Train: 66.27%, Valid: 63.60%, Test In: 63.30% Test OOD1: 62.74% Test OOD2: 51.01% Test OOD3: 59.69% 
Epoch: 46, Loss: 1.9583, Train: 66.37%, Valid: 63.67%, Test In: 63.38% Test OOD1: 62.78% Test OOD2: 51.01% Test OOD3: 59.75% 
Epoch: 47, Loss: 1.9540, Train: 66.50%, Valid: 63.76%, Test In: 63.50% Test OOD1: 62.84% Test OOD2: 51.02% Test OOD3: 59.82% 
Epoch: 48, Loss: 1.9512, Train: 66.67%, Valid: 63.88%, Test In: 63.65% Test OOD1: 62.92% Test OOD2: 51.03% Test OOD3: 59.91% 
Epoch: 49, Loss: 1.9465, Train: 66.87%, Valid: 64.03%, Test In: 63.82% Test OOD1: 63.00% Test OOD2: 51.04% Test OOD3: 60.01% 
Epoch: 50, Loss: 1.9424, Train: 67.10%, Valid: 64.19%, Test In: 64.02% Test OOD1: 63.10% Test OOD2: 51.05% Test OOD3: 60.12% 
Epoch: 51, Loss: 1.9388, Train: 67.35%, Valid: 64.37%, Test In: 64.24% Test OOD1: 63.21% Test OOD2: 51.06% Test OOD3: 60.24% 
Epoch: 52, Loss: 1.9340, Train: 67.62%, Valid: 64.57%, Test In: 64.48% Test OOD1: 63.33% Test OOD2: 51.09% Test OOD3: 60.37% 
Epoch: 53, Loss: 1.9289, Train: 67.93%, Valid: 64.80%, Test In: 64.76% Test OOD1: 63.47% Test OOD2: 51.10% Test OOD3: 60.51% 
Epoch: 54, Loss: 1.9243, Train: 68.26%, Valid: 65.04%, Test In: 65.06% Test OOD1: 63.61% Test OOD2: 51.13% Test OOD3: 60.66% 
Epoch: 55, Loss: 1.9196, Train: 68.63%, Valid: 65.31%, Test In: 65.40% Test OOD1: 63.77% Test OOD2: 51.15% Test OOD3: 60.82% 
Epoch: 56, Loss: 1.9155, Train: 69.03%, Valid: 65.61%, Test In: 65.76% Test OOD1: 63.96% Test OOD2: 51.18% Test OOD3: 60.99% 
Epoch: 57, Loss: 1.9096, Train: 69.46%, Valid: 65.92%, Test In: 66.14% Test OOD1: 64.15% Test OOD2: 51.22% Test OOD3: 61.18% 
Epoch: 58, Loss: 1.9050, Train: 69.90%, Valid: 66.23%, Test In: 66.52% Test OOD1: 64.34% Test OOD2: 51.24% Test OOD3: 61.36% 
Epoch: 59, Loss: 1.8995, Train: 70.32%, Valid: 66.55%, Test In: 66.90% Test OOD1: 64.53% Test OOD2: 51.27% Test OOD3: 61.54% 
Epoch: 60, Loss: 1.8937, Train: 70.77%, Valid: 66.89%, Test In: 67.29% Test OOD1: 64.72% Test OOD2: 51.31% Test OOD3: 61.72% 
Epoch: 61, Loss: 1.8890, Train: 71.19%, Valid: 67.19%, Test In: 67.66% Test OOD1: 64.90% Test OOD2: 51.33% Test OOD3: 61.89% 
Epoch: 62, Loss: 1.8824, Train: 71.66%, Valid: 67.54%, Test In: 68.08% Test OOD1: 65.10% Test OOD2: 51.38% Test OOD3: 62.08% 
Epoch: 63, Loss: 1.8774, Train: 72.10%, Valid: 67.87%, Test In: 68.45% Test OOD1: 65.27% Test OOD2: 51.42% Test OOD3: 62.26% 
Epoch: 64, Loss: 1.8736, Train: 72.46%, Valid: 68.13%, Test In: 68.76% Test OOD1: 65.42% Test OOD2: 51.45% Test OOD3: 62.40% 
Epoch: 65, Loss: 1.8640, Train: 72.80%, Valid: 68.37%, Test In: 69.04% Test OOD1: 65.55% Test OOD2: 51.48% Test OOD3: 62.54% 
Epoch: 66, Loss: 1.8580, Train: 73.23%, Valid: 68.68%, Test In: 69.40% Test OOD1: 65.69% Test OOD2: 51.53% Test OOD3: 62.70% 
Epoch: 67, Loss: 1.8540, Train: 73.59%, Valid: 68.94%, Test In: 69.69% Test OOD1: 65.80% Test OOD2: 51.57% Test OOD3: 62.82% 
Epoch: 68, Loss: 1.8505, Train: 73.87%, Valid: 69.14%, Test In: 69.89% Test OOD1: 65.89% Test OOD2: 51.60% Test OOD3: 62.90% 
Epoch: 69, Loss: 1.8413, Train: 74.13%, Valid: 69.32%, Test In: 70.07% Test OOD1: 65.97% Test OOD2: 51.63% Test OOD3: 62.98% 
Epoch: 70, Loss: 1.8344, Train: 74.48%, Valid: 69.57%, Test In: 70.33% Test OOD1: 66.04% Test OOD2: 51.68% Test OOD3: 63.07% 
Epoch: 71, Loss: 1.8294, Train: 74.79%, Valid: 69.77%, Test In: 70.55% Test OOD1: 66.09% Test OOD2: 51.73% Test OOD3: 63.14% 
Epoch: 72, Loss: 1.8250, Train: 74.93%, Valid: 69.86%, Test In: 70.63% Test OOD1: 66.16% Test OOD2: 51.73% Test OOD3: 63.16% 
Epoch: 73, Loss: 1.8208, Train: 75.23%, Valid: 70.05%, Test In: 70.82% Test OOD1: 66.18% Test OOD2: 51.78% Test OOD3: 63.21% 
Epoch: 74, Loss: 1.8147, Train: 75.48%, Valid: 70.19%, Test In: 70.98% Test OOD1: 66.19% Test OOD2: 51.82% Test OOD3: 63.25% 
Epoch: 75, Loss: 1.8057, Train: 75.68%, Valid: 70.30%, Test In: 71.08% Test OOD1: 66.22% Test OOD2: 51.84% Test OOD3: 63.26% 
Epoch: 76, Loss: 1.8048, Train: 75.89%, Valid: 70.41%, Test In: 71.19% Test OOD1: 66.23% Test OOD2: 51.87% Test OOD3: 63.27% 
Epoch: 77, Loss: 1.7984, Train: 76.14%, Valid: 70.55%, Test In: 71.32% Test OOD1: 66.19% Test OOD2: 51.91% Test OOD3: 63.29% 
Epoch: 78, Loss: 1.7893, Train: 76.30%, Valid: 70.61%, Test In: 71.38% Test OOD1: 66.21% Test OOD2: 51.92% Test OOD3: 63.29% 
Epoch: 79, Loss: 1.7879, Train: 76.44%, Valid: 70.66%, Test In: 71.42% Test OOD1: 66.25% Test OOD2: 51.92% Test OOD3: 63.29% 
Epoch: 80, Loss: 1.7831, Train: 76.69%, Valid: 70.78%, Test In: 71.53% Test OOD1: 66.15% Test OOD2: 51.98% Test OOD3: 63.28% 
Epoch: 81, Loss: 1.7802, Train: 76.84%, Valid: 70.83%, Test In: 71.58% Test OOD1: 66.16% Test OOD2: 51.98% Test OOD3: 63.27% 
Epoch: 82, Loss: 1.7712, Train: 76.95%, Valid: 70.85%, Test In: 71.60% Test OOD1: 66.20% Test OOD2: 51.97% Test OOD3: 63.27% 
Epoch: 83, Loss: 1.7665, Train: 77.15%, Valid: 70.94%, Test In: 71.67% Test OOD1: 66.10% Test OOD2: 52.01% Test OOD3: 63.25% 
Epoch: 84, Loss: 1.7627, Train: 77.32%, Valid: 70.99%, Test In: 71.72% Test OOD1: 66.03% Test OOD2: 52.02% Test OOD3: 63.23% 
Epoch: 85, Loss: 1.7564, Train: 77.38%, Valid: 71.00%, Test In: 71.71% Test OOD1: 66.13% Test OOD2: 52.00% Test OOD3: 63.23% 
Epoch: 86, Loss: 1.7514, Train: 77.56%, Valid: 71.05%, Test In: 71.75% Test OOD1: 66.02% Test OOD2: 52.02% Test OOD3: 63.20% 
Epoch: 87, Loss: 1.7489, Train: 77.71%, Valid: 71.08%, Test In: 71.78% Test OOD1: 65.95% Test OOD2: 52.03% Test OOD3: 63.17% 
Epoch: 88, Loss: 1.7433, Train: 77.78%, Valid: 71.08%, Test In: 71.76% Test OOD1: 66.02% Test OOD2: 52.00% Test OOD3: 63.17% 
Epoch: 89, Loss: 1.7372, Train: 77.89%, Valid: 71.08%, Test In: 71.77% Test OOD1: 66.00% Test OOD2: 52.00% Test OOD3: 63.15% 
Epoch: 90, Loss: 1.7354, Train: 78.07%, Valid: 71.12%, Test In: 71.81% Test OOD1: 65.84% Test OOD2: 52.02% Test OOD3: 63.09% 
Epoch: 91, Loss: 1.7329, Train: 78.17%, Valid: 71.12%, Test In: 71.80% Test OOD1: 65.86% Test OOD2: 52.00% Test OOD3: 63.08% 
Epoch: 92, Loss: 1.7265, Train: 78.25%, Valid: 71.11%, Test In: 71.78% Test OOD1: 65.91% Test OOD2: 51.97% Test OOD3: 63.07% 
Epoch: 93, Loss: 1.7152, Train: 78.36%, Valid: 71.11%, Test In: 71.78% Test OOD1: 65.83% Test OOD2: 51.96% Test OOD3: 63.02% 
Epoch: 94, Loss: 1.7181, Train: 78.53%, Valid: 71.14%, Test In: 71.82% Test OOD1: 65.64% Test OOD2: 51.99% Test OOD3: 62.95% 
Epoch: 95, Loss: 1.7118, Train: 78.57%, Valid: 71.11%, Test In: 71.78% Test OOD1: 65.78% Test OOD2: 51.93% Test OOD3: 62.97% 
Epoch: 96, Loss: 1.7065, Train: 78.60%, Valid: 71.08%, Test In: 71.73% Test OOD1: 65.85% Test OOD2: 51.88% Test OOD3: 62.97% 
Epoch: 97, Loss: 1.7017, Train: 78.78%, Valid: 71.13%, Test In: 71.79% Test OOD1: 65.59% Test OOD2: 51.91% Test OOD3: 62.87% 
Epoch: 98, Loss: 1.6951, Train: 78.89%, Valid: 71.13%, Test In: 71.80% Test OOD1: 65.49% Test OOD2: 51.89% Test OOD3: 62.82% 
Epoch: 99, Loss: 1.6925, Train: 78.90%, Valid: 71.09%, Test In: 71.74% Test OOD1: 65.66% Test OOD2: 51.82% Test OOD3: 62.85% 
Epoch: 100, Loss: 1.6908, Train: 78.99%, Valid: 71.09%, Test In: 71.74% Test OOD1: 65.60% Test OOD2: 51.81% Test OOD3: 62.81% 
Epoch: 101, Loss: 1.6813, Train: 79.16%, Valid: 71.14%, Test In: 71.79% Test OOD1: 65.31% Test OOD2: 51.83% Test OOD3: 62.71% 
Epoch: 102, Loss: 1.6784, Train: 79.26%, Valid: 71.14%, Test In: 71.79% Test OOD1: 65.23% Test OOD2: 51.81% Test OOD3: 62.66% 
Epoch: 103, Loss: 1.6735, Train: 79.25%, Valid: 71.08%, Test In: 71.72% Test OOD1: 65.39% Test OOD2: 51.74% Test OOD3: 62.69% 
Epoch: 104, Loss: 1.6724, Train: 79.36%, Valid: 71.10%, Test In: 71.74% Test OOD1: 65.27% Test OOD2: 51.73% Test OOD3: 62.64% 
Epoch: 105, Loss: 1.6660, Train: 79.56%, Valid: 71.15%, Test In: 71.80% Test OOD1: 64.92% Test OOD2: 51.75% Test OOD3: 62.51% 
Epoch: 106, Loss: 1.6588, Train: 79.60%, Valid: 71.12%, Test In: 71.77% Test OOD1: 64.95% Test OOD2: 51.71% Test OOD3: 62.51% 
Epoch: 107, Loss: 1.6553, Train: 79.63%, Valid: 71.08%, Test In: 71.73% Test OOD1: 65.02% Test OOD2: 51.65% Test OOD3: 62.52% 
Epoch: 108, Loss: 1.6576, Train: 79.82%, Valid: 71.12%, Test In: 71.77% Test OOD1: 64.72% Test OOD2: 51.67% Test OOD3: 62.41% 
Epoch: 109, Loss: 1.6506, Train: 79.92%, Valid: 71.11%, Test In: 71.77% Test OOD1: 64.61% Test OOD2: 51.65% Test OOD3: 62.35% 
Epoch: 110, Loss: 1.6422, Train: 79.98%, Valid: 71.09%, Test In: 71.75% Test OOD1: 64.62% Test OOD2: 51.61% Test OOD3: 62.34% 
Epoch: 111, Loss: 1.6390, Train: 80.04%, Valid: 71.06%, Test In: 71.70% Test OOD1: 64.75% Test OOD2: 51.56% Test OOD3: 62.36% 
Epoch: 112, Loss: 1.6381, Train: 80.18%, Valid: 71.08%, Test In: 71.73% Test OOD1: 64.50% Test OOD2: 51.57% Test OOD3: 62.25% 
Epoch: 113, Loss: 1.6289, Train: 80.28%, Valid: 71.07%, Test In: 71.71% Test OOD1: 64.45% Test OOD2: 51.55% Test OOD3: 62.21% 
Epoch: 114, Loss: 1.6305, Train: 80.33%, Valid: 71.04%, Test In: 71.67% Test OOD1: 64.59% Test OOD2: 51.50% Test OOD3: 62.25% 
Epoch: 115, Loss: 1.6205, Train: 80.46%, Valid: 71.05%, Test In: 71.68% Test OOD1: 64.45% Test OOD2: 51.50% Test OOD3: 62.18% 
Epoch: 116, Loss: 1.6196, Train: 80.60%, Valid: 71.05%, Test In: 71.69% Test OOD1: 64.30% Test OOD2: 51.50% Test OOD3: 62.10% 
Epoch: 117, Loss: 1.6215, Train: 80.73%, Valid: 71.05%, Test In: 71.68% Test OOD1: 64.19% Test OOD2: 51.49% Test OOD3: 62.04% 
Epoch: 118, Loss: 1.6109, Train: 80.74%, Valid: 70.99%, Test In: 71.62% Test OOD1: 64.45% Test OOD2: 51.44% Test OOD3: 62.12% 
Epoch: 119, Loss: 1.6093, Train: 80.92%, Valid: 70.99%, Test In: 71.65% Test OOD1: 64.25% Test OOD2: 51.45% Test OOD3: 62.02% 
Epoch: 120, Loss: 1.6025, Train: 81.12%, Valid: 71.01%, Test In: 71.68% Test OOD1: 63.86% Test OOD2: 51.48% Test OOD3: 61.86% 
Epoch: 121, Loss: 1.6046, Train: 81.13%, Valid: 70.96%, Test In: 71.63% Test OOD1: 64.15% Test OOD2: 51.43% Test OOD3: 61.96% 
Epoch: 122, Loss: 1.5952, Train: 81.26%, Valid: 70.95%, Test In: 71.62% Test OOD1: 64.11% Test OOD2: 51.42% Test OOD3: 61.93% 
Epoch: 123, Loss: 1.5912, Train: 81.44%, Valid: 70.95%, Test In: 71.63% Test OOD1: 63.87% Test OOD2: 51.43% Test OOD3: 61.84% 
Epoch: 124, Loss: 1.5895, Train: 81.56%, Valid: 70.94%, Test In: 71.63% Test OOD1: 63.76% Test OOD2: 51.43% Test OOD3: 61.79% 
Epoch: 125, Loss: 1.5887, Train: 81.64%, Valid: 70.91%, Test In: 71.61% Test OOD1: 63.80% Test OOD2: 51.41% Test OOD3: 61.80% 
Epoch: 126, Loss: 1.5820, Train: 81.73%, Valid: 70.87%, Test In: 71.57% Test OOD1: 63.98% Test OOD2: 51.38% Test OOD3: 61.87% 
Epoch: 127, Loss: 1.5737, Train: 81.94%, Valid: 70.89%, Test In: 71.60% Test OOD1: 63.53% Test OOD2: 51.41% Test OOD3: 61.68% 
Epoch: 128, Loss: 1.5667, Train: 81.99%, Valid: 70.85%, Test In: 71.58% Test OOD1: 63.57% Test OOD2: 51.39% Test OOD3: 61.69% 
Epoch: 129, Loss: 1.5703, Train: 82.09%, Valid: 70.82%, Test In: 71.56% Test OOD1: 63.73% Test OOD2: 51.37% Test OOD3: 61.76% 
Epoch: 130, Loss: 1.5682, Train: 82.16%, Valid: 70.78%, Test In: 71.53% Test OOD1: 63.80% Test OOD2: 51.35% Test OOD3: 61.77% 
Epoch: 131, Loss: 1.5589, Train: 82.33%, Valid: 70.77%, Test In: 71.55% Test OOD1: 63.44% Test OOD2: 51.36% Test OOD3: 61.61% 
Epoch: 132, Loss: 1.5618, Train: 82.45%, Valid: 70.74%, Test In: 71.54% Test OOD1: 63.36% Test OOD2: 51.36% Test OOD3: 61.56% 
Epoch: 133, Loss: 1.5533, Train: 82.46%, Valid: 70.69%, Test In: 71.48% Test OOD1: 63.71% Test OOD2: 51.32% Test OOD3: 61.69% 
Epoch: 134, Loss: 1.5482, Train: 82.59%, Valid: 70.67%, Test In: 71.47% Test OOD1: 63.63% Test OOD2: 51.32% Test OOD3: 61.64% 
Epoch: 135, Loss: 1.5496, Train: 82.80%, Valid: 70.68%, Test In: 71.50% Test OOD1: 63.24% Test OOD2: 51.34% Test OOD3: 61.46% 
Epoch: 136, Loss: 1.5422, Train: 82.83%, Valid: 70.63%, Test In: 71.46% Test OOD1: 63.40% Test OOD2: 51.32% Test OOD3: 61.52% 
Epoch: 137, Loss: 1.5401, Train: 82.91%, Valid: 70.60%, Test In: 71.42% Test OOD1: 63.47% Test OOD2: 51.30% Test OOD3: 61.53% 
Epoch: 138, Loss: 1.5395, Train: 83.13%, Valid: 70.61%, Test In: 71.44% Test OOD1: 63.18% Test OOD2: 51.32% Test OOD3: 61.40% 
Epoch: 139, Loss: 1.5327, Train: 83.21%, Valid: 70.58%, Test In: 71.42% Test OOD1: 63.22% Test OOD2: 51.32% Test OOD3: 61.40% 
Epoch: 140, Loss: 1.5273, Train: 83.24%, Valid: 70.53%, Test In: 71.37% Test OOD1: 63.32% Test OOD2: 51.30% Test OOD3: 61.44% 
Epoch: 141, Loss: 1.5249, Train: 83.44%, Valid: 70.53%, Test In: 71.37% Test OOD1: 63.08% Test OOD2: 51.32% Test OOD3: 61.32% 
Epoch: 142, Loss: 1.5211, Train: 83.59%, Valid: 70.52%, Test In: 71.37% Test OOD1: 62.90% Test OOD2: 51.32% Test OOD3: 61.24% 
Epoch: 143, Loss: 1.5159, Train: 83.58%, Valid: 70.47%, Test In: 71.31% Test OOD1: 63.23% Test OOD2: 51.28% Test OOD3: 61.37% 
Epoch: 144, Loss: 1.5100, Train: 83.68%, Valid: 70.44%, Test In: 71.30% Test OOD1: 63.18% Test OOD2: 51.28% Test OOD3: 61.34% 
Epoch: 145, Loss: 1.5132, Train: 83.90%, Valid: 70.44%, Test In: 71.31% Test OOD1: 62.78% Test OOD2: 51.31% Test OOD3: 61.16% 
Epoch: 146, Loss: 1.5026, Train: 83.97%, Valid: 70.41%, Test In: 71.27% Test OOD1: 62.89% Test OOD2: 51.29% Test OOD3: 61.20% 
Epoch: 147, Loss: 1.5068, Train: 84.01%, Valid: 70.37%, Test In: 71.24% Test OOD1: 63.02% Test OOD2: 51.27% Test OOD3: 61.25% 
Epoch: 148, Loss: 1.4998, Train: 84.16%, Valid: 70.37%, Test In: 71.23% Test OOD1: 62.85% Test OOD2: 51.29% Test OOD3: 61.18% 
Epoch: 149, Loss: 1.4965, Train: 84.27%, Valid: 70.35%, Test In: 71.21% Test OOD1: 62.82% Test OOD2: 51.29% Test OOD3: 61.15% 
Epoch: 150, Loss: 1.4883, Train: 84.37%, Valid: 70.33%, Test In: 71.20% Test OOD1: 62.77% Test OOD2: 51.28% Test OOD3: 61.11% 
Epoch: 151, Loss: 1.4840, Train: 84.46%, Valid: 70.31%, Test In: 71.18% Test OOD1: 62.84% Test OOD2: 51.28% Test OOD3: 61.12% 
Epoch: 152, Loss: 1.4807, Train: 84.57%, Valid: 70.29%, Test In: 71.16% Test OOD1: 62.84% Test OOD2: 51.27% Test OOD3: 61.10% 
Epoch: 153, Loss: 1.4775, Train: 84.69%, Valid: 70.27%, Test In: 71.13% Test OOD1: 62.75% Test OOD2: 51.27% Test OOD3: 61.04% 
Epoch: 154, Loss: 1.4714, Train: 84.82%, Valid: 70.26%, Test In: 71.12% Test OOD1: 62.72% Test OOD2: 51.27% Test OOD3: 61.00% 
Epoch: 155, Loss: 1.4744, Train: 84.94%, Valid: 70.24%, Test In: 71.10% Test OOD1: 62.66% Test OOD2: 51.28% Test OOD3: 60.94% 
Epoch: 156, Loss: 1.4650, Train: 85.02%, Valid: 70.22%, Test In: 71.07% Test OOD1: 62.69% Test OOD2: 51.28% Test OOD3: 60.94% 
Epoch: 157, Loss: 1.4638, Train: 85.08%, Valid: 70.19%, Test In: 71.04% Test OOD1: 62.87% Test OOD2: 51.28% Test OOD3: 60.98% 
Epoch: 158, Loss: 1.4609, Train: 85.26%, Valid: 70.18%, Test In: 71.04% Test OOD1: 62.58% Test OOD2: 51.30% Test OOD3: 60.83% 
Epoch: 159, Loss: 1.4504, Train: 85.39%, Valid: 70.15%, Test In: 71.03% Test OOD1: 62.49% Test OOD2: 51.31% Test OOD3: 60.77% 
Epoch: 160, Loss: 1.4476, Train: 85.44%, Valid: 70.13%, Test In: 71.00% Test OOD1: 62.72% Test OOD2: 51.31% Test OOD3: 60.85% 
Epoch: 161, Loss: 1.4486, Train: 85.58%, Valid: 70.10%, Test In: 70.99% Test OOD1: 62.53% Test OOD2: 51.32% Test OOD3: 60.75% 
Epoch: 162, Loss: 1.4420, Train: 85.71%, Valid: 70.10%, Test In: 70.98% Test OOD1: 62.55% Test OOD2: 51.33% Test OOD3: 60.74% 
Epoch: 163, Loss: 1.4408, Train: 85.85%, Valid: 70.09%, Test In: 70.97% Test OOD1: 62.47% Test OOD2: 51.34% Test OOD3: 60.70% 
Epoch: 164, Loss: 1.4407, Train: 85.93%, Valid: 70.05%, Test In: 70.94% Test OOD1: 62.43% Test OOD2: 51.34% Test OOD3: 60.67% 
Epoch: 165, Loss: 1.4355, Train: 86.03%, Valid: 70.04%, Test In: 70.92% Test OOD1: 62.51% Test OOD2: 51.35% Test OOD3: 60.69% 
Epoch: 166, Loss: 1.4211, Train: 86.16%, Valid: 70.03%, Test In: 70.91% Test OOD1: 62.51% Test OOD2: 51.36% Test OOD3: 60.68% 
Epoch: 167, Loss: 1.4259, Train: 86.30%, Valid: 69.98%, Test In: 70.88% Test OOD1: 62.24% Test OOD2: 51.36% Test OOD3: 60.54% 
Epoch: 168, Loss: 1.4223, Train: 86.36%, Valid: 69.97%, Test In: 70.84% Test OOD1: 62.50% Test OOD2: 51.37% Test OOD3: 60.64% 
Epoch: 169, Loss: 1.4062, Train: 86.51%, Valid: 69.95%, Test In: 70.82% Test OOD1: 62.43% Test OOD2: 51.39% Test OOD3: 60.59% 
Epoch: 170, Loss: 1.4074, Train: 86.67%, Valid: 69.89%, Test In: 70.78% Test OOD1: 62.11% Test OOD2: 51.39% Test OOD3: 60.41% 
Epoch: 171, Loss: 1.4041, Train: 86.72%, Valid: 69.89%, Test In: 70.75% Test OOD1: 62.39% Test OOD2: 51.39% Test OOD3: 60.53% 
Epoch: 172, Loss: 1.3983, Train: 86.84%, Valid: 69.87%, Test In: 70.73% Test OOD1: 62.35% Test OOD2: 51.40% Test OOD3: 60.49% 
Epoch: 173, Loss: 1.3989, Train: 87.02%, Valid: 69.82%, Test In: 70.71% Test OOD1: 62.02% Test OOD2: 51.39% Test OOD3: 60.31% 
Epoch: 174, Loss: 1.3888, Train: 87.09%, Valid: 69.81%, Test In: 70.68% Test OOD1: 62.17% Test OOD2: 51.39% Test OOD3: 60.37% 
Epoch: 175, Loss: 1.3824, Train: 87.18%, Valid: 69.79%, Test In: 70.66% Test OOD1: 62.23% Test OOD2: 51.39% Test OOD3: 60.39% 
Epoch: 176, Loss: 1.3816, Train: 87.28%, Valid: 69.77%, Test In: 70.63% Test OOD1: 62.19% Test OOD2: 51.37% Test OOD3: 60.35% 
Epoch: 177, Loss: 1.3780, Train: 87.43%, Valid: 69.75%, Test In: 70.61% Test OOD1: 62.06% Test OOD2: 51.36% Test OOD3: 60.26% 
Epoch: 178, Loss: 1.3713, Train: 87.51%, Valid: 69.76%, Test In: 70.60% Test OOD1: 62.21% Test OOD2: 51.35% Test OOD3: 60.32% 
Epoch: 179, Loss: 1.3750, Train: 87.60%, Valid: 69.73%, Test In: 70.56% Test OOD1: 62.22% Test OOD2: 51.33% Test OOD3: 60.30% 
Epoch: 180, Loss: 1.3652, Train: 87.79%, Valid: 69.71%, Test In: 70.55% Test OOD1: 62.04% Test OOD2: 51.32% Test OOD3: 60.19% 
Epoch: 181, Loss: 1.3579, Train: 87.95%, Valid: 69.68%, Test In: 70.51% Test OOD1: 61.91% Test OOD2: 51.31% Test OOD3: 60.10% 
Epoch: 182, Loss: 1.3556, Train: 88.00%, Valid: 69.67%, Test In: 70.48% Test OOD1: 62.14% Test OOD2: 51.30% Test OOD3: 60.19% 
Epoch: 183, Loss: 1.3541, Train: 88.20%, Valid: 69.64%, Test In: 70.45% Test OOD1: 61.95% Test OOD2: 51.29% Test OOD3: 60.09% 
Epoch: 184, Loss: 1.3418, Train: 88.35%, Valid: 69.60%, Test In: 70.42% Test OOD1: 61.77% Test OOD2: 51.29% Test OOD3: 59.99% 
Epoch: 185, Loss: 1.3488, Train: 88.39%, Valid: 69.62%, Test In: 70.39% Test OOD1: 62.07% Test OOD2: 51.29% Test OOD3: 60.13% 
Epoch: 186, Loss: 1.3361, Train: 88.56%, Valid: 69.60%, Test In: 70.38% Test OOD1: 61.89% Test OOD2: 51.30% Test OOD3: 60.04% 
Epoch: 187, Loss: 1.3311, Train: 88.70%, Valid: 69.56%, Test In: 70.35% Test OOD1: 61.75% Test OOD2: 51.30% Test OOD3: 59.96% 
Epoch: 188, Loss: 1.3229, Train: 88.77%, Valid: 69.57%, Test In: 70.34% Test OOD1: 61.98% Test OOD2: 51.31% Test OOD3: 60.05% 
Epoch: 189, Loss: 1.3179, Train: 88.95%, Valid: 69.55%, Test In: 70.32% Test OOD1: 61.84% Test OOD2: 51.32% Test OOD3: 59.97% 
Epoch: 190, Loss: 1.3092, Train: 89.11%, Valid: 69.52%, Test In: 70.29% Test OOD1: 61.72% Test OOD2: 51.33% Test OOD3: 59.88% 
Epoch: 191, Loss: 1.3096, Train: 89.21%, Valid: 69.51%, Test In: 70.27% Test OOD1: 61.81% Test OOD2: 51.34% Test OOD3: 59.90% 
Epoch: 192, Loss: 1.3088, Train: 89.37%, Valid: 69.51%, Test In: 70.26% Test OOD1: 61.78% Test OOD2: 51.37% Test OOD3: 59.88% 
Epoch: 193, Loss: 1.3078, Train: 89.51%, Valid: 69.46%, Test In: 70.22% Test OOD1: 61.62% Test OOD2: 51.38% Test OOD3: 59.78% 
Epoch: 194, Loss: 1.2967, Train: 89.59%, Valid: 69.48%, Test In: 70.23% Test OOD1: 61.84% Test OOD2: 51.39% Test OOD3: 59.87% 
Epoch: 195, Loss: 1.2893, Train: 89.75%, Valid: 69.46%, Test In: 70.22% Test OOD1: 61.75% Test OOD2: 51.40% Test OOD3: 59.81% 
Epoch: 196, Loss: 1.2821, Train: 89.85%, Valid: 69.44%, Test In: 70.20% Test OOD1: 61.77% Test OOD2: 51.40% Test OOD3: 59.80% 
Epoch: 197, Loss: 1.2775, Train: 89.96%, Valid: 69.46%, Test In: 70.20% Test OOD1: 61.91% Test OOD2: 51.40% Test OOD3: 59.85% 
Epoch: 198, Loss: 1.2737, Train: 90.15%, Valid: 69.41%, Test In: 70.18% Test OOD1: 61.64% Test OOD2: 51.39% Test OOD3: 59.68% 
Epoch: 199, Loss: 1.2737, Train: 90.24%, Valid: 69.41%, Test In: 70.16% Test OOD1: 61.77% Test OOD2: 51.37% Test OOD3: 59.73% 
Run 01:
Highest Train: 90.24
Highest Valid: 71.15
Highest In Test: 71.82
Highest OOD Test: 66.25
Highest OOD Test: 52.61
Highest OOD Test: 63.29
Chosen epoch: 106
Final Train: 79.56
Final In Test: 71.80
Final OOD Test: 64.92
Final OOD Test: 51.75
Final OOD Test: 62.51
Epoch: 00, Loss: 2.0856, Train: 55.51%, Valid: 52.53%, Test In: 54.05% Test OOD1: 47.18% Test OOD2: 52.46% Test OOD3: 51.81% 
Epoch: 01, Loss: 2.0841, Train: 59.75%, Valid: 56.08%, Test In: 57.84% Test OOD1: 49.25% Test OOD2: 52.37% Test OOD3: 53.31% 
Epoch: 02, Loss: 2.0828, Train: 60.89%, Valid: 57.13%, Test In: 58.80% Test OOD1: 49.59% Test OOD2: 52.19% Test OOD3: 53.38% 
Epoch: 03, Loss: 2.0814, Train: 60.80%, Valid: 57.11%, Test In: 58.64% Test OOD1: 49.41% Test OOD2: 52.07% Test OOD3: 52.94% 
Epoch: 04, Loss: 2.0801, Train: 60.39%, Valid: 56.88%, Test In: 58.25% Test OOD1: 49.22% Test OOD2: 51.95% Test OOD3: 52.60% 
Epoch: 05, Loss: 2.0787, Train: 60.01%, Valid: 56.53%, Test In: 57.94% Test OOD1: 49.13% Test OOD2: 51.87% Test OOD3: 52.39% 
Epoch: 06, Loss: 2.0772, Train: 59.57%, Valid: 56.15%, Test In: 57.62% Test OOD1: 48.93% Test OOD2: 51.82% Test OOD3: 52.19% 
Epoch: 07, Loss: 2.0757, Train: 59.10%, Valid: 55.79%, Test In: 57.25% Test OOD1: 48.68% Test OOD2: 51.76% Test OOD3: 52.03% 
Epoch: 08, Loss: 2.0739, Train: 58.59%, Valid: 55.38%, Test In: 56.87% Test OOD1: 48.38% Test OOD2: 51.69% Test OOD3: 51.85% 
Epoch: 09, Loss: 2.0720, Train: 58.04%, Valid: 54.98%, Test In: 56.46% Test OOD1: 48.06% Test OOD2: 51.62% Test OOD3: 51.67% 
Epoch: 10, Loss: 2.0702, Train: 57.54%, Valid: 54.59%, Test In: 56.07% Test OOD1: 47.76% Test OOD2: 51.55% Test OOD3: 51.49% 
Epoch: 11, Loss: 2.0681, Train: 57.03%, Valid: 54.19%, Test In: 55.67% Test OOD1: 47.47% Test OOD2: 51.49% Test OOD3: 51.30% 
Epoch: 12, Loss: 2.0659, Train: 56.54%, Valid: 53.81%, Test In: 55.25% Test OOD1: 47.20% Test OOD2: 51.42% Test OOD3: 51.10% 
Epoch: 13, Loss: 2.0631, Train: 56.11%, Valid: 53.46%, Test In: 54.90% Test OOD1: 46.97% Test OOD2: 51.38% Test OOD3: 50.94% 
Epoch: 14, Loss: 2.0603, Train: 55.80%, Valid: 53.22%, Test In: 54.64% Test OOD1: 46.80% Test OOD2: 51.35% Test OOD3: 50.84% 
Epoch: 15, Loss: 2.0578, Train: 55.68%, Valid: 53.12%, Test In: 54.54% Test OOD1: 46.73% Test OOD2: 51.34% Test OOD3: 50.81% 
Epoch: 16, Loss: 2.0551, Train: 55.72%, Valid: 53.14%, Test In: 54.56% Test OOD1: 46.74% Test OOD2: 51.35% Test OOD3: 50.86% 
Epoch: 17, Loss: 2.0520, Train: 55.94%, Valid: 53.33%, Test In: 54.74% Test OOD1: 46.86% Test OOD2: 51.38% Test OOD3: 51.01% 
Epoch: 18, Loss: 2.0489, Train: 56.47%, Valid: 53.74%, Test In: 55.15% Test OOD1: 47.16% Test OOD2: 51.43% Test OOD3: 51.28% 
Epoch: 19, Loss: 2.0454, Train: 57.35%, Valid: 54.45%, Test In: 55.86% Test OOD1: 47.67% Test OOD2: 51.52% Test OOD3: 51.74% 
Epoch: 20, Loss: 2.0426, Train: 58.70%, Valid: 55.55%, Test In: 56.93% Test OOD1: 48.51% Test OOD2: 51.67% Test OOD3: 52.45% 
Epoch: 21, Loss: 2.0390, Train: 60.59%, Valid: 57.09%, Test In: 58.43% Test OOD1: 49.76% Test OOD2: 51.87% Test OOD3: 53.47% 
Epoch: 22, Loss: 2.0362, Train: 63.01%, Valid: 59.08%, Test In: 60.34% Test OOD1: 51.60% Test OOD2: 52.12% Test OOD3: 54.90% 
Epoch: 23, Loss: 2.0324, Train: 65.74%, Valid: 61.34%, Test In: 62.60% Test OOD1: 54.07% Test OOD2: 52.39% Test OOD3: 56.70% 
Epoch: 24, Loss: 2.0294, Train: 68.31%, Valid: 63.49%, Test In: 64.80% Test OOD1: 57.07% Test OOD2: 52.61% Test OOD3: 58.71% 
Epoch: 25, Loss: 2.0260, Train: 70.16%, Valid: 65.07%, Test In: 66.48% Test OOD1: 60.14% Test OOD2: 52.59% Test OOD3: 60.43% 
Epoch: 26, Loss: 2.0219, Train: 70.95%, Valid: 65.95%, Test In: 67.33% Test OOD1: 62.35% Test OOD2: 52.31% Test OOD3: 61.35% 
Epoch: 27, Loss: 2.0183, Train: 70.88%, Valid: 66.16%, Test In: 67.28% Test OOD1: 63.48% Test OOD2: 51.98% Test OOD3: 61.52% 
Epoch: 28, Loss: 2.0152, Train: 70.27%, Valid: 65.90%, Test In: 66.68% Test OOD1: 63.72% Test OOD2: 51.70% Test OOD3: 61.33% 
Epoch: 29, Loss: 2.0103, Train: 69.44%, Valid: 65.45%, Test In: 65.89% Test OOD1: 63.61% Test OOD2: 51.55% Test OOD3: 61.01% 
Epoch: 30, Loss: 2.0065, Train: 68.61%, Valid: 64.98%, Test In: 65.18% Test OOD1: 63.41% Test OOD2: 51.45% Test OOD3: 60.71% 
Epoch: 31, Loss: 2.0037, Train: 67.94%, Valid: 64.58%, Test In: 64.62% Test OOD1: 63.24% Test OOD2: 51.36% Test OOD3: 60.44% 
Epoch: 32, Loss: 1.9979, Train: 67.43%, Valid: 64.26%, Test In: 64.18% Test OOD1: 63.09% Test OOD2: 51.28% Test OOD3: 60.22% 
Epoch: 33, Loss: 1.9945, Train: 67.01%, Valid: 63.99%, Test In: 63.82% Test OOD1: 62.96% Test OOD2: 51.21% Test OOD3: 60.03% 
Epoch: 34, Loss: 1.9901, Train: 66.67%, Valid: 63.76%, Test In: 63.54% Test OOD1: 62.84% Test OOD2: 51.16% Test OOD3: 59.87% 
Epoch: 35, Loss: 1.9863, Train: 66.38%, Valid: 63.56%, Test In: 63.30% Test OOD1: 62.74% Test OOD2: 51.13% Test OOD3: 59.75% 
Epoch: 36, Loss: 1.9829, Train: 66.16%, Valid: 63.40%, Test In: 63.11% Test OOD1: 62.67% Test OOD2: 51.09% Test OOD3: 59.65% 
Epoch: 37, Loss: 1.9791, Train: 65.98%, Valid: 63.27%, Test In: 62.96% Test OOD1: 62.61% Test OOD2: 51.06% Test OOD3: 59.57% 
Epoch: 38, Loss: 1.9754, Train: 65.84%, Valid: 63.17%, Test In: 62.85% Test OOD1: 62.56% Test OOD2: 51.04% Test OOD3: 59.52% 
Epoch: 39, Loss: 1.9701, Train: 65.75%, Valid: 63.09%, Test In: 62.77% Test OOD1: 62.53% Test OOD2: 51.02% Test OOD3: 59.48% 
Epoch: 40, Loss: 1.9667, Train: 65.69%, Valid: 63.05%, Test In: 62.71% Test OOD1: 62.50% Test OOD2: 51.01% Test OOD3: 59.47% 
Epoch: 41, Loss: 1.9658, Train: 65.67%, Valid: 63.02%, Test In: 62.68% Test OOD1: 62.49% Test OOD2: 51.00% Test OOD3: 59.46% 
Epoch: 42, Loss: 1.9614, Train: 65.68%, Valid: 63.02%, Test In: 62.69% Test OOD1: 62.50% Test OOD2: 50.99% Test OOD3: 59.48% 
Epoch: 43, Loss: 1.9568, Train: 65.72%, Valid: 63.04%, Test In: 62.72% Test OOD1: 62.52% Test OOD2: 50.99% Test OOD3: 59.51% 
Epoch: 44, Loss: 1.9548, Train: 65.80%, Valid: 63.09%, Test In: 62.78% Test OOD1: 62.55% Test OOD2: 50.99% Test OOD3: 59.55% 
Epoch: 45, Loss: 1.9503, Train: 65.91%, Valid: 63.16%, Test In: 62.87% Test OOD1: 62.60% Test OOD2: 51.00% Test OOD3: 59.62% 
Epoch: 46, Loss: 1.9488, Train: 66.06%, Valid: 63.25%, Test In: 62.99% Test OOD1: 62.66% Test OOD2: 51.00% Test OOD3: 59.70% 
Epoch: 47, Loss: 1.9454, Train: 66.24%, Valid: 63.37%, Test In: 63.13% Test OOD1: 62.73% Test OOD2: 51.02% Test OOD3: 59.79% 
Epoch: 48, Loss: 1.9424, Train: 66.45%, Valid: 63.51%, Test In: 63.30% Test OOD1: 62.81% Test OOD2: 51.03% Test OOD3: 59.89% 
Epoch: 49, Loss: 1.9388, Train: 66.70%, Valid: 63.68%, Test In: 63.50% Test OOD1: 62.91% Test OOD2: 51.05% Test OOD3: 60.01% 
Epoch: 50, Loss: 1.9339, Train: 66.98%, Valid: 63.87%, Test In: 63.74% Test OOD1: 63.03% Test OOD2: 51.07% Test OOD3: 60.15% 
Epoch: 51, Loss: 1.9296, Train: 67.30%, Valid: 64.09%, Test In: 64.01% Test OOD1: 63.16% Test OOD2: 51.09% Test OOD3: 60.30% 
Epoch: 52, Loss: 1.9263, Train: 67.65%, Valid: 64.33%, Test In: 64.31% Test OOD1: 63.31% Test OOD2: 51.11% Test OOD3: 60.46% 
Epoch: 53, Loss: 1.9229, Train: 68.02%, Valid: 64.59%, Test In: 64.64% Test OOD1: 63.46% Test OOD2: 51.14% Test OOD3: 60.63% 
Epoch: 54, Loss: 1.9175, Train: 68.44%, Valid: 64.89%, Test In: 65.01% Test OOD1: 63.63% Test OOD2: 51.17% Test OOD3: 60.81% 
Epoch: 55, Loss: 1.9126, Train: 68.89%, Valid: 65.21%, Test In: 65.40% Test OOD1: 63.82% Test OOD2: 51.20% Test OOD3: 61.01% 
Epoch: 56, Loss: 1.9091, Train: 69.36%, Valid: 65.52%, Test In: 65.81% Test OOD1: 64.01% Test OOD2: 51.24% Test OOD3: 61.21% 
Epoch: 57, Loss: 1.9024, Train: 69.83%, Valid: 65.85%, Test In: 66.23% Test OOD1: 64.22% Test OOD2: 51.27% Test OOD3: 61.41% 
Epoch: 58, Loss: 1.8974, Train: 70.33%, Valid: 66.20%, Test In: 66.65% Test OOD1: 64.42% Test OOD2: 51.31% Test OOD3: 61.61% 
Epoch: 59, Loss: 1.8903, Train: 70.83%, Valid: 66.56%, Test In: 67.09% Test OOD1: 64.61% Test OOD2: 51.35% Test OOD3: 61.81% 
Epoch: 60, Loss: 1.8854, Train: 71.35%, Valid: 66.95%, Test In: 67.52% Test OOD1: 64.80% Test OOD2: 51.40% Test OOD3: 62.01% 
Epoch: 61, Loss: 1.8794, Train: 71.85%, Valid: 67.32%, Test In: 67.95% Test OOD1: 64.99% Test OOD2: 51.44% Test OOD3: 62.20% 
Epoch: 62, Loss: 1.8737, Train: 72.26%, Valid: 67.62%, Test In: 68.29% Test OOD1: 65.14% Test OOD2: 51.47% Test OOD3: 62.36% 
Epoch: 63, Loss: 1.8677, Train: 72.62%, Valid: 67.89%, Test In: 68.59% Test OOD1: 65.26% Test OOD2: 51.50% Test OOD3: 62.49% 
Epoch: 64, Loss: 1.8591, Train: 73.04%, Valid: 68.20%, Test In: 68.95% Test OOD1: 65.41% Test OOD2: 51.54% Test OOD3: 62.63% 
Epoch: 65, Loss: 1.8510, Train: 73.51%, Valid: 68.54%, Test In: 69.32% Test OOD1: 65.53% Test OOD2: 51.59% Test OOD3: 62.78% 
Epoch: 66, Loss: 1.8449, Train: 73.85%, Valid: 68.79%, Test In: 69.58% Test OOD1: 65.62% Test OOD2: 51.64% Test OOD3: 62.88% 
Epoch: 67, Loss: 1.8395, Train: 74.10%, Valid: 68.98%, Test In: 69.77% Test OOD1: 65.71% Test OOD2: 51.65% Test OOD3: 62.94% 
Epoch: 68, Loss: 1.8324, Train: 74.35%, Valid: 69.17%, Test In: 69.95% Test OOD1: 65.79% Test OOD2: 51.66% Test OOD3: 62.99% 
Epoch: 69, Loss: 1.8256, Train: 74.70%, Valid: 69.43%, Test In: 70.21% Test OOD1: 65.85% Test OOD2: 51.71% Test OOD3: 63.07% 
Epoch: 70, Loss: 1.8189, Train: 75.02%, Valid: 69.66%, Test In: 70.43% Test OOD1: 65.88% Test OOD2: 51.76% Test OOD3: 63.12% 
Epoch: 71, Loss: 1.8100, Train: 75.23%, Valid: 69.81%, Test In: 70.57% Test OOD1: 65.94% Test OOD2: 51.77% Test OOD3: 63.15% 
Epoch: 72, Loss: 1.8090, Train: 75.43%, Valid: 69.94%, Test In: 70.70% Test OOD1: 66.00% Test OOD2: 51.78% Test OOD3: 63.16% 
Epoch: 73, Loss: 1.7968, Train: 75.71%, Valid: 70.13%, Test In: 70.87% Test OOD1: 66.01% Test OOD2: 51.83% Test OOD3: 63.19% 
Epoch: 74, Loss: 1.7932, Train: 75.96%, Valid: 70.30%, Test In: 71.03% Test OOD1: 66.01% Test OOD2: 51.86% Test OOD3: 63.20% 
Epoch: 75, Loss: 1.7885, Train: 76.14%, Valid: 70.41%, Test In: 71.13% Test OOD1: 66.04% Test OOD2: 51.87% Test OOD3: 63.20% 
Epoch: 76, Loss: 1.7834, Train: 76.33%, Valid: 70.51%, Test In: 71.21% Test OOD1: 66.07% Test OOD2: 51.89% Test OOD3: 63.20% 
Epoch: 77, Loss: 1.7769, Train: 76.60%, Valid: 70.65%, Test In: 71.36% Test OOD1: 66.00% Test OOD2: 51.94% Test OOD3: 63.19% 
Epoch: 78, Loss: 1.7687, Train: 76.78%, Valid: 70.74%, Test In: 71.44% Test OOD1: 66.00% Test OOD2: 51.96% Test OOD3: 63.18% 
Epoch: 79, Loss: 1.7644, Train: 76.93%, Valid: 70.81%, Test In: 71.48% Test OOD1: 66.03% Test OOD2: 51.95% Test OOD3: 63.16% 
Epoch: 80, Loss: 1.7576, Train: 77.14%, Valid: 70.89%, Test In: 71.57% Test OOD1: 65.96% Test OOD2: 51.99% Test OOD3: 63.14% 
Epoch: 81, Loss: 1.7524, Train: 77.32%, Valid: 70.95%, Test In: 71.63% Test OOD1: 65.92% Test OOD2: 52.01% Test OOD3: 63.12% 
Epoch: 82, Loss: 1.7500, Train: 77.43%, Valid: 70.98%, Test In: 71.64% Test OOD1: 65.99% Test OOD2: 51.99% Test OOD3: 63.12% 
Epoch: 83, Loss: 1.7424, Train: 77.63%, Valid: 71.04%, Test In: 71.71% Test OOD1: 65.88% Test OOD2: 52.03% Test OOD3: 63.08% 
Epoch: 84, Loss: 1.7376, Train: 77.77%, Valid: 71.06%, Test In: 71.73% Test OOD1: 65.89% Test OOD2: 52.03% Test OOD3: 63.07% 
Epoch: 85, Loss: 1.7343, Train: 77.89%, Valid: 71.07%, Test In: 71.74% Test OOD1: 65.90% Test OOD2: 52.02% Test OOD3: 63.06% 
Epoch: 86, Loss: 1.7282, Train: 78.00%, Valid: 71.06%, Test In: 71.73% Test OOD1: 65.93% Test OOD2: 52.01% Test OOD3: 63.05% 
Epoch: 87, Loss: 1.7217, Train: 78.16%, Valid: 71.08%, Test In: 71.76% Test OOD1: 65.82% Test OOD2: 52.02% Test OOD3: 63.02% 
Epoch: 88, Loss: 1.7175, Train: 78.26%, Valid: 71.06%, Test In: 71.74% Test OOD1: 65.85% Test OOD2: 52.00% Test OOD3: 63.00% 
Epoch: 89, Loss: 1.7141, Train: 78.36%, Valid: 71.06%, Test In: 71.74% Test OOD1: 65.84% Test OOD2: 51.99% Test OOD3: 62.98% 
Epoch: 90, Loss: 1.7046, Train: 78.52%, Valid: 71.08%, Test In: 71.77% Test OOD1: 65.70% Test OOD2: 51.99% Test OOD3: 62.94% 
Epoch: 91, Loss: 1.7016, Train: 78.57%, Valid: 71.04%, Test In: 71.74% Test OOD1: 65.75% Test OOD2: 51.95% Test OOD3: 62.93% 
Epoch: 92, Loss: 1.6960, Train: 78.61%, Valid: 71.00%, Test In: 71.70% Test OOD1: 65.79% Test OOD2: 51.91% Test OOD3: 62.92% 
Epoch: 93, Loss: 1.6934, Train: 78.80%, Valid: 71.04%, Test In: 71.75% Test OOD1: 65.58% Test OOD2: 51.93% Test OOD3: 62.85% 
Epoch: 94, Loss: 1.6937, Train: 78.96%, Valid: 71.06%, Test In: 71.77% Test OOD1: 65.40% Test OOD2: 51.94% Test OOD3: 62.78% 
Epoch: 95, Loss: 1.6833, Train: 78.96%, Valid: 71.00%, Test In: 71.70% Test OOD1: 65.54% Test OOD2: 51.87% Test OOD3: 62.79% 
Epoch: 96, Loss: 1.6827, Train: 79.01%, Valid: 70.97%, Test In: 71.68% Test OOD1: 65.51% Test OOD2: 51.83% Test OOD3: 62.76% 
Epoch: 97, Loss: 1.6779, Train: 79.24%, Valid: 71.03%, Test In: 71.75% Test OOD1: 65.18% Test OOD2: 51.87% Test OOD3: 62.65% 
Epoch: 98, Loss: 1.6737, Train: 79.38%, Valid: 71.05%, Test In: 71.77% Test OOD1: 65.02% Test OOD2: 51.87% Test OOD3: 62.59% 
Epoch: 99, Loss: 1.6695, Train: 79.37%, Valid: 70.99%, Test In: 71.71% Test OOD1: 65.17% Test OOD2: 51.80% Test OOD3: 62.62% 
Epoch: 100, Loss: 1.6672, Train: 79.46%, Valid: 70.98%, Test In: 71.69% Test OOD1: 65.10% Test OOD2: 51.78% Test OOD3: 62.58% 
Epoch: 101, Loss: 1.6609, Train: 79.62%, Valid: 71.01%, Test In: 71.71% Test OOD1: 64.92% Test OOD2: 51.79% Test OOD3: 62.51% 
Epoch: 102, Loss: 1.6570, Train: 79.70%, Valid: 71.00%, Test In: 71.70% Test OOD1: 64.85% Test OOD2: 51.77% Test OOD3: 62.47% 
Epoch: 103, Loss: 1.6515, Train: 79.82%, Valid: 71.01%, Test In: 71.70% Test OOD1: 64.77% Test OOD2: 51.75% Test OOD3: 62.42% 
Epoch: 104, Loss: 1.6503, Train: 79.93%, Valid: 71.01%, Test In: 71.68% Test OOD1: 64.70% Test OOD2: 51.73% Test OOD3: 62.39% 
Epoch: 105, Loss: 1.6459, Train: 79.92%, Valid: 70.96%, Test In: 71.62% Test OOD1: 64.87% Test OOD2: 51.67% Test OOD3: 62.43% 
Epoch: 106, Loss: 1.6387, Train: 80.02%, Valid: 70.95%, Test In: 71.62% Test OOD1: 64.79% Test OOD2: 51.66% Test OOD3: 62.38% 
Epoch: 107, Loss: 1.6404, Train: 80.23%, Valid: 71.00%, Test In: 71.66% Test OOD1: 64.51% Test OOD2: 51.68% Test OOD3: 62.27% 
Epoch: 108, Loss: 1.6304, Train: 80.34%, Valid: 71.00%, Test In: 71.65% Test OOD1: 64.49% Test OOD2: 51.67% Test OOD3: 62.25% 
Epoch: 109, Loss: 1.6294, Train: 80.36%, Valid: 70.96%, Test In: 71.62% Test OOD1: 64.54% Test OOD2: 51.62% Test OOD3: 62.26% 
Epoch: 110, Loss: 1.6282, Train: 80.43%, Valid: 70.94%, Test In: 71.60% Test OOD1: 64.53% Test OOD2: 51.59% Test OOD3: 62.24% 
Epoch: 111, Loss: 1.6257, Train: 80.58%, Valid: 70.96%, Test In: 71.61% Test OOD1: 64.48% Test OOD2: 51.59% Test OOD3: 62.21% 
Epoch: 112, Loss: 1.6142, Train: 80.72%, Valid: 70.98%, Test In: 71.64% Test OOD1: 64.23% Test OOD2: 51.60% Test OOD3: 62.10% 
Epoch: 113, Loss: 1.6062, Train: 80.79%, Valid: 70.96%, Test In: 71.63% Test OOD1: 64.21% Test OOD2: 51.57% Test OOD3: 62.08% 
Epoch: 114, Loss: 1.6083, Train: 80.85%, Valid: 70.92%, Test In: 71.59% Test OOD1: 64.36% Test OOD2: 51.54% Test OOD3: 62.13% 
Epoch: 115, Loss: 1.6113, Train: 80.97%, Valid: 70.93%, Test In: 71.60% Test OOD1: 64.21% Test OOD2: 51.54% Test OOD3: 62.06% 
Epoch: 116, Loss: 1.6022, Train: 81.12%, Valid: 70.93%, Test In: 71.62% Test OOD1: 64.02% Test OOD2: 51.54% Test OOD3: 61.97% 
Epoch: 117, Loss: 1.6041, Train: 81.21%, Valid: 70.91%, Test In: 71.61% Test OOD1: 64.05% Test OOD2: 51.53% Test OOD3: 61.97% 
Epoch: 118, Loss: 1.5968, Train: 81.31%, Valid: 70.88%, Test In: 71.60% Test OOD1: 63.99% Test OOD2: 51.51% Test OOD3: 61.93% 
Epoch: 119, Loss: 1.5921, Train: 81.41%, Valid: 70.85%, Test In: 71.59% Test OOD1: 63.95% Test OOD2: 51.49% Test OOD3: 61.90% 
Epoch: 120, Loss: 1.5840, Train: 81.47%, Valid: 70.80%, Test In: 71.54% Test OOD1: 64.10% Test OOD2: 51.45% Test OOD3: 61.95% 
Epoch: 121, Loss: 1.5831, Train: 81.66%, Valid: 70.81%, Test In: 71.57% Test OOD1: 63.82% Test OOD2: 51.46% Test OOD3: 61.82% 
Epoch: 122, Loss: 1.5787, Train: 81.80%, Valid: 70.80%, Test In: 71.58% Test OOD1: 63.67% Test OOD2: 51.46% Test OOD3: 61.75% 
Epoch: 123, Loss: 1.5769, Train: 81.80%, Valid: 70.73%, Test In: 71.50% Test OOD1: 63.98% Test OOD2: 51.41% Test OOD3: 61.85% 
Epoch: 124, Loss: 1.5777, Train: 81.96%, Valid: 70.73%, Test In: 71.51% Test OOD1: 63.72% Test OOD2: 51.42% Test OOD3: 61.74% 
Epoch: 125, Loss: 1.5678, Train: 82.13%, Valid: 70.73%, Test In: 71.52% Test OOD1: 63.54% Test OOD2: 51.43% Test OOD3: 61.65% 
Epoch: 126, Loss: 1.5646, Train: 82.16%, Valid: 70.68%, Test In: 71.49% Test OOD1: 63.78% Test OOD2: 51.40% Test OOD3: 61.73% 
Epoch: 127, Loss: 1.5647, Train: 82.26%, Valid: 70.68%, Test In: 71.48% Test OOD1: 63.64% Test OOD2: 51.40% Test OOD3: 61.66% 
Epoch: 128, Loss: 1.5556, Train: 82.41%, Valid: 70.67%, Test In: 71.48% Test OOD1: 63.50% Test OOD2: 51.41% Test OOD3: 61.59% 
Epoch: 129, Loss: 1.5597, Train: 82.48%, Valid: 70.65%, Test In: 71.45% Test OOD1: 63.67% Test OOD2: 51.38% Test OOD3: 61.65% 
Epoch: 130, Loss: 1.5535, Train: 82.60%, Valid: 70.65%, Test In: 71.45% Test OOD1: 63.53% Test OOD2: 51.39% Test OOD3: 61.58% 
Epoch: 131, Loss: 1.5435, Train: 82.76%, Valid: 70.65%, Test In: 71.45% Test OOD1: 63.25% Test OOD2: 51.40% Test OOD3: 61.46% 
Epoch: 132, Loss: 1.5438, Train: 82.80%, Valid: 70.62%, Test In: 71.42% Test OOD1: 63.55% Test OOD2: 51.37% Test OOD3: 61.58% 
Epoch: 133, Loss: 1.5415, Train: 82.91%, Valid: 70.62%, Test In: 71.41% Test OOD1: 63.49% Test OOD2: 51.37% Test OOD3: 61.55% 
Epoch: 134, Loss: 1.5374, Train: 83.06%, Valid: 70.62%, Test In: 71.42% Test OOD1: 63.26% Test OOD2: 51.37% Test OOD3: 61.45% 
Epoch: 135, Loss: 1.5354, Train: 83.18%, Valid: 70.61%, Test In: 71.42% Test OOD1: 63.26% Test OOD2: 51.37% Test OOD3: 61.44% 
Epoch: 136, Loss: 1.5266, Train: 83.25%, Valid: 70.59%, Test In: 71.40% Test OOD1: 63.38% Test OOD2: 51.36% Test OOD3: 61.48% 
Epoch: 137, Loss: 1.5301, Train: 83.38%, Valid: 70.58%, Test In: 71.39% Test OOD1: 63.29% Test OOD2: 51.35% Test OOD3: 61.42% 
Epoch: 138, Loss: 1.5166, Train: 83.56%, Valid: 70.58%, Test In: 71.40% Test OOD1: 63.04% Test OOD2: 51.37% Test OOD3: 61.30% 
Epoch: 139, Loss: 1.5236, Train: 83.61%, Valid: 70.55%, Test In: 71.36% Test OOD1: 63.20% Test OOD2: 51.35% Test OOD3: 61.36% 
Epoch: 140, Loss: 1.5107, Train: 83.66%, Valid: 70.51%, Test In: 71.33% Test OOD1: 63.35% Test OOD2: 51.34% Test OOD3: 61.39% 
Epoch: 141, Loss: 1.5100, Train: 83.86%, Valid: 70.51%, Test In: 71.34% Test OOD1: 63.10% Test OOD2: 51.37% Test OOD3: 61.26% 
Epoch: 142, Loss: 1.5016, Train: 84.01%, Valid: 70.49%, Test In: 71.32% Test OOD1: 62.94% Test OOD2: 51.37% Test OOD3: 61.17% 
Epoch: 143, Loss: 1.5010, Train: 83.98%, Valid: 70.44%, Test In: 71.26% Test OOD1: 63.30% Test OOD2: 51.35% Test OOD3: 61.31% 
Epoch: 144, Loss: 1.4980, Train: 84.10%, Valid: 70.42%, Test In: 71.24% Test OOD1: 63.29% Test OOD2: 51.35% Test OOD3: 61.29% 
Epoch: 145, Loss: 1.4914, Train: 84.31%, Valid: 70.42%, Test In: 71.24% Test OOD1: 62.95% Test OOD2: 51.38% Test OOD3: 61.11% 
Epoch: 146, Loss: 1.4907, Train: 84.40%, Valid: 70.39%, Test In: 71.21% Test OOD1: 63.06% Test OOD2: 51.38% Test OOD3: 61.14% 
Epoch: 147, Loss: 1.4873, Train: 84.47%, Valid: 70.34%, Test In: 71.17% Test OOD1: 63.12% Test OOD2: 51.37% Test OOD3: 61.13% 
Epoch: 148, Loss: 1.4883, Train: 84.60%, Valid: 70.31%, Test In: 71.14% Test OOD1: 63.06% Test OOD2: 51.37% Test OOD3: 61.08% 
Epoch: 149, Loss: 1.4789, Train: 84.81%, Valid: 70.29%, Test In: 71.13% Test OOD1: 62.81% Test OOD2: 51.40% Test OOD3: 60.95% 
Epoch: 150, Loss: 1.4760, Train: 84.89%, Valid: 70.25%, Test In: 71.09% Test OOD1: 62.81% Test OOD2: 51.39% Test OOD3: 60.93% 
Epoch: 151, Loss: 1.4656, Train: 84.93%, Valid: 70.22%, Test In: 71.03% Test OOD1: 63.00% Test OOD2: 51.37% Test OOD3: 61.00% 
Epoch: 152, Loss: 1.4703, Train: 85.15%, Valid: 70.21%, Test In: 71.03% Test OOD1: 62.75% Test OOD2: 51.40% Test OOD3: 60.87% 
Epoch: 153, Loss: 1.4620, Train: 85.28%, Valid: 70.18%, Test In: 71.01% Test OOD1: 62.66% Test OOD2: 51.40% Test OOD3: 60.81% 
Epoch: 154, Loss: 1.4578, Train: 85.34%, Valid: 70.16%, Test In: 70.97% Test OOD1: 62.72% Test OOD2: 51.39% Test OOD3: 60.82% 
Epoch: 155, Loss: 1.4526, Train: 85.45%, Valid: 70.15%, Test In: 70.96% Test OOD1: 62.79% Test OOD2: 51.40% Test OOD3: 60.84% 
Epoch: 156, Loss: 1.4460, Train: 85.63%, Valid: 70.13%, Test In: 70.96% Test OOD1: 62.58% Test OOD2: 51.41% Test OOD3: 60.74% 
Epoch: 157, Loss: 1.4482, Train: 85.69%, Valid: 70.10%, Test In: 70.93% Test OOD1: 62.62% Test OOD2: 51.40% Test OOD3: 60.75% 
Epoch: 158, Loss: 1.4469, Train: 85.78%, Valid: 70.08%, Test In: 70.91% Test OOD1: 62.66% Test OOD2: 51.40% Test OOD3: 60.77% 
Epoch: 159, Loss: 1.4425, Train: 85.92%, Valid: 70.07%, Test In: 70.91% Test OOD1: 62.59% Test OOD2: 51.41% Test OOD3: 60.72% 
Epoch: 160, Loss: 1.4329, Train: 86.04%, Valid: 70.03%, Test In: 70.90% Test OOD1: 62.43% Test OOD2: 51.41% Test OOD3: 60.64% 
Epoch: 161, Loss: 1.4267, Train: 86.11%, Valid: 70.02%, Test In: 70.88% Test OOD1: 62.52% Test OOD2: 51.40% Test OOD3: 60.68% 
Epoch: 162, Loss: 1.4202, Train: 86.26%, Valid: 70.01%, Test In: 70.88% Test OOD1: 62.49% Test OOD2: 51.41% Test OOD3: 60.66% 
Epoch: 163, Loss: 1.4178, Train: 86.42%, Valid: 69.99%, Test In: 70.86% Test OOD1: 62.30% Test OOD2: 51.42% Test OOD3: 60.54% 
Epoch: 164, Loss: 1.4171, Train: 86.49%, Valid: 69.96%, Test In: 70.81% Test OOD1: 62.40% Test OOD2: 51.42% Test OOD3: 60.57% 
Epoch: 165, Loss: 1.4122, Train: 86.62%, Valid: 69.96%, Test In: 70.80% Test OOD1: 62.45% Test OOD2: 51.43% Test OOD3: 60.56% 
Epoch: 166, Loss: 1.4022, Train: 86.81%, Valid: 69.93%, Test In: 70.78% Test OOD1: 62.20% Test OOD2: 51.44% Test OOD3: 60.41% 
Epoch: 167, Loss: 1.4011, Train: 86.88%, Valid: 69.93%, Test In: 70.75% Test OOD1: 62.33% Test OOD2: 51.44% Test OOD3: 60.45% 
Epoch: 168, Loss: 1.3921, Train: 86.96%, Valid: 69.93%, Test In: 70.73% Test OOD1: 62.50% Test OOD2: 51.44% Test OOD3: 60.51% 
Epoch: 169, Loss: 1.3876, Train: 87.14%, Valid: 69.91%, Test In: 70.71% Test OOD1: 62.32% Test OOD2: 51.45% Test OOD3: 60.39% 
Epoch: 170, Loss: 1.3864, Train: 87.29%, Valid: 69.90%, Test In: 70.70% Test OOD1: 62.18% Test OOD2: 51.45% Test OOD3: 60.31% 
Epoch: 171, Loss: 1.3778, Train: 87.35%, Valid: 69.91%, Test In: 70.69% Test OOD1: 62.42% Test OOD2: 51.44% Test OOD3: 60.42% 
Epoch: 172, Loss: 1.3747, Train: 87.50%, Valid: 69.89%, Test In: 70.67% Test OOD1: 62.24% Test OOD2: 51.43% Test OOD3: 60.32% 
Epoch: 173, Loss: 1.3787, Train: 87.64%, Valid: 69.89%, Test In: 70.66% Test OOD1: 62.23% Test OOD2: 51.42% Test OOD3: 60.31% 
Epoch: 174, Loss: 1.3658, Train: 87.78%, Valid: 69.86%, Test In: 70.63% Test OOD1: 62.14% Test OOD2: 51.43% Test OOD3: 60.26% 
Epoch: 175, Loss: 1.3641, Train: 87.87%, Valid: 69.85%, Test In: 70.60% Test OOD1: 62.22% Test OOD2: 51.43% Test OOD3: 60.31% 
Epoch: 176, Loss: 1.3553, Train: 88.00%, Valid: 69.84%, Test In: 70.58% Test OOD1: 62.22% Test OOD2: 51.43% Test OOD3: 60.32% 
Epoch: 177, Loss: 1.3456, Train: 88.18%, Valid: 69.81%, Test In: 70.56% Test OOD1: 62.04% Test OOD2: 51.43% Test OOD3: 60.22% 
Epoch: 178, Loss: 1.3548, Train: 88.25%, Valid: 69.81%, Test In: 70.52% Test OOD1: 62.25% Test OOD2: 51.43% Test OOD3: 60.31% 
Epoch: 179, Loss: 1.3462, Train: 88.43%, Valid: 69.79%, Test In: 70.49% Test OOD1: 62.10% Test OOD2: 51.42% Test OOD3: 60.23% 
Epoch: 180, Loss: 1.3377, Train: 88.61%, Valid: 69.75%, Test In: 70.45% Test OOD1: 61.92% Test OOD2: 51.42% Test OOD3: 60.13% 
Epoch: 181, Loss: 1.3350, Train: 88.74%, Valid: 69.73%, Test In: 70.43% Test OOD1: 61.96% Test OOD2: 51.42% Test OOD3: 60.13% 
Epoch: 182, Loss: 1.3237, Train: 88.82%, Valid: 69.71%, Test In: 70.39% Test OOD1: 62.09% Test OOD2: 51.42% Test OOD3: 60.16% 
Epoch: 183, Loss: 1.3249, Train: 89.03%, Valid: 69.64%, Test In: 70.35% Test OOD1: 61.76% Test OOD2: 51.42% Test OOD3: 59.97% 
Epoch: 184, Loss: 1.3171, Train: 89.14%, Valid: 69.67%, Test In: 70.37% Test OOD1: 61.94% Test OOD2: 51.41% Test OOD3: 60.04% 
Epoch: 185, Loss: 1.3169, Train: 89.21%, Valid: 69.65%, Test In: 70.33% Test OOD1: 62.02% Test OOD2: 51.40% Test OOD3: 60.07% 
Epoch: 186, Loss: 1.3078, Train: 89.41%, Valid: 69.60%, Test In: 70.33% Test OOD1: 61.71% Test OOD2: 51.41% Test OOD3: 59.91% 
Epoch: 187, Loss: 1.3022, Train: 89.49%, Valid: 69.63%, Test In: 70.31% Test OOD1: 61.98% Test OOD2: 51.40% Test OOD3: 60.02% 
Epoch: 188, Loss: 1.2896, Train: 89.63%, Valid: 69.58%, Test In: 70.28% Test OOD1: 61.92% Test OOD2: 51.38% Test OOD3: 59.97% 
Epoch: 189, Loss: 1.2848, Train: 89.80%, Valid: 69.53%, Test In: 70.25% Test OOD1: 61.78% Test OOD2: 51.37% Test OOD3: 59.87% 
Epoch: 190, Loss: 1.2899, Train: 89.94%, Valid: 69.50%, Test In: 70.21% Test OOD1: 61.83% Test OOD2: 51.36% Test OOD3: 59.86% 
Epoch: 191, Loss: 1.2746, Train: 90.05%, Valid: 69.49%, Test In: 70.20% Test OOD1: 61.96% Test OOD2: 51.35% Test OOD3: 59.92% 
Epoch: 192, Loss: 1.2717, Train: 90.27%, Valid: 69.41%, Test In: 70.15% Test OOD1: 61.61% Test OOD2: 51.34% Test OOD3: 59.75% 
Epoch: 193, Loss: 1.2742, Train: 90.35%, Valid: 69.44%, Test In: 70.14% Test OOD1: 61.85% Test OOD2: 51.34% Test OOD3: 59.87% 
Epoch: 194, Loss: 1.2637, Train: 90.60%, Valid: 69.39%, Test In: 70.11% Test OOD1: 61.51% Test OOD2: 51.34% Test OOD3: 59.70% 
Epoch: 195, Loss: 1.2645, Train: 90.67%, Valid: 69.44%, Test In: 70.12% Test OOD1: 61.66% Test OOD2: 51.32% Test OOD3: 59.77% 
Epoch: 196, Loss: 1.2517, Train: 90.86%, Valid: 69.41%, Test In: 70.08% Test OOD1: 61.50% Test OOD2: 51.32% Test OOD3: 59.69% 
Epoch: 197, Loss: 1.2418, Train: 91.01%, Valid: 69.41%, Test In: 70.06% Test OOD1: 61.51% Test OOD2: 51.32% Test OOD3: 59.69% 
Epoch: 198, Loss: 1.2403, Train: 91.08%, Valid: 69.43%, Test In: 70.06% Test OOD1: 61.69% Test OOD2: 51.30% Test OOD3: 59.77% 
Epoch: 199, Loss: 1.2323, Train: 91.19%, Valid: 69.41%, Test In: 70.03% Test OOD1: 61.70% Test OOD2: 51.30% Test OOD3: 59.77% 
Run 02:
Highest Train: 91.19
Highest Valid: 71.08
Highest In Test: 71.77
Highest OOD Test: 66.07
Highest OOD Test: 52.61
Highest OOD Test: 63.20
Chosen epoch: 88
Final Train: 78.16
Final In Test: 71.76
Final OOD Test: 65.82
Final OOD Test: 52.02
Final OOD Test: 63.02
Epoch: 00, Loss: 2.0881, Train: 62.92%, Valid: 59.96%, Test In: 60.72% Test OOD1: 59.34% Test OOD2: 50.01% Test OOD3: 55.24% 
Epoch: 01, Loss: 2.0867, Train: 66.00%, Valid: 62.21%, Test In: 63.81% Test OOD1: 60.39% Test OOD2: 50.31% Test OOD3: 56.79% 
Epoch: 02, Loss: 2.0853, Train: 68.20%, Valid: 63.84%, Test In: 65.73% Test OOD1: 60.67% Test OOD2: 50.53% Test OOD3: 57.77% 
Epoch: 03, Loss: 2.0841, Train: 68.98%, Valid: 64.42%, Test In: 66.66% Test OOD1: 59.64% Test OOD2: 50.80% Test OOD3: 57.82% 
Epoch: 04, Loss: 2.0828, Train: 68.58%, Valid: 64.11%, Test In: 66.14% Test OOD1: 57.69% Test OOD2: 51.14% Test OOD3: 57.31% 
Epoch: 05, Loss: 2.0816, Train: 67.63%, Valid: 63.33%, Test In: 65.03% Test OOD1: 55.73% Test OOD2: 51.53% Test OOD3: 56.52% 
Epoch: 06, Loss: 2.0804, Train: 66.52%, Valid: 62.47%, Test In: 63.90% Test OOD1: 54.23% Test OOD2: 51.71% Test OOD3: 55.75% 
Epoch: 07, Loss: 2.0790, Train: 65.38%, Valid: 61.53%, Test In: 62.87% Test OOD1: 53.02% Test OOD2: 51.79% Test OOD3: 55.07% 
Epoch: 08, Loss: 2.0774, Train: 64.43%, Valid: 60.70%, Test In: 62.01% Test OOD1: 52.15% Test OOD2: 51.82% Test OOD3: 54.55% 
Epoch: 09, Loss: 2.0758, Train: 63.62%, Valid: 60.00%, Test In: 61.27% Test OOD1: 51.48% Test OOD2: 51.81% Test OOD3: 54.16% 
Epoch: 10, Loss: 2.0741, Train: 62.90%, Valid: 59.39%, Test In: 60.64% Test OOD1: 50.93% Test OOD2: 51.81% Test OOD3: 53.84% 
Epoch: 11, Loss: 2.0723, Train: 62.21%, Valid: 58.80%, Test In: 60.04% Test OOD1: 50.43% Test OOD2: 51.81% Test OOD3: 53.53% 
Epoch: 12, Loss: 2.0703, Train: 61.53%, Valid: 58.23%, Test In: 59.47% Test OOD1: 49.97% Test OOD2: 51.78% Test OOD3: 53.23% 
Epoch: 13, Loss: 2.0680, Train: 60.89%, Valid: 57.69%, Test In: 58.94% Test OOD1: 49.56% Test OOD2: 51.73% Test OOD3: 52.95% 
Epoch: 14, Loss: 2.0656, Train: 60.33%, Valid: 57.22%, Test In: 58.48% Test OOD1: 49.22% Test OOD2: 51.68% Test OOD3: 52.71% 
Epoch: 15, Loss: 2.0630, Train: 59.80%, Valid: 56.79%, Test In: 58.03% Test OOD1: 48.90% Test OOD2: 51.64% Test OOD3: 52.49% 
Epoch: 16, Loss: 2.0602, Train: 59.35%, Valid: 56.41%, Test In: 57.66% Test OOD1: 48.62% Test OOD2: 51.61% Test OOD3: 52.30% 
Epoch: 17, Loss: 2.0576, Train: 59.06%, Valid: 56.17%, Test In: 57.42% Test OOD1: 48.43% Test OOD2: 51.59% Test OOD3: 52.18% 
Epoch: 18, Loss: 2.0547, Train: 58.95%, Valid: 56.07%, Test In: 57.33% Test OOD1: 48.36% Test OOD2: 51.57% Test OOD3: 52.14% 
Epoch: 19, Loss: 2.0515, Train: 59.08%, Valid: 56.18%, Test In: 57.44% Test OOD1: 48.45% Test OOD2: 51.58% Test OOD3: 52.23% 
Epoch: 20, Loss: 2.0483, Train: 59.46%, Valid: 56.49%, Test In: 57.74% Test OOD1: 48.68% Test OOD2: 51.62% Test OOD3: 52.43% 
Epoch: 21, Loss: 2.0457, Train: 60.25%, Valid: 57.14%, Test In: 58.37% Test OOD1: 49.17% Test OOD2: 51.69% Test OOD3: 52.83% 
Epoch: 22, Loss: 2.0419, Train: 61.50%, Valid: 58.18%, Test In: 59.38% Test OOD1: 49.99% Test OOD2: 51.82% Test OOD3: 53.49% 
Epoch: 23, Loss: 2.0389, Train: 63.21%, Valid: 59.59%, Test In: 60.73% Test OOD1: 51.25% Test OOD2: 52.01% Test OOD3: 54.46% 
Epoch: 24, Loss: 2.0354, Train: 65.36%, Valid: 61.36%, Test In: 62.51% Test OOD1: 53.03% Test OOD2: 52.22% Test OOD3: 55.79% 
Epoch: 25, Loss: 2.0327, Train: 67.66%, Valid: 63.32%, Test In: 64.45% Test OOD1: 55.42% Test OOD2: 52.45% Test OOD3: 57.48% 
Epoch: 26, Loss: 2.0295, Train: 69.68%, Valid: 65.03%, Test In: 66.24% Test OOD1: 58.24% Test OOD2: 52.58% Test OOD3: 59.30% 
Epoch: 27, Loss: 2.0264, Train: 70.97%, Valid: 66.15%, Test In: 67.46% Test OOD1: 60.97% Test OOD2: 52.47% Test OOD3: 60.77% 
Epoch: 28, Loss: 2.0219, Train: 71.33%, Valid: 66.65%, Test In: 67.92% Test OOD1: 62.80% Test OOD2: 52.16% Test OOD3: 61.47% 
Epoch: 29, Loss: 2.0184, Train: 71.06%, Valid: 66.65%, Test In: 67.69% Test OOD1: 63.71% Test OOD2: 51.85% Test OOD3: 61.51% 
Epoch: 30, Loss: 2.0150, Train: 70.42%, Valid: 66.32%, Test In: 67.04% Test OOD1: 63.91% Test OOD2: 51.57% Test OOD3: 61.27% 
Epoch: 31, Loss: 2.0110, Train: 69.61%, Valid: 65.83%, Test In: 66.24% Test OOD1: 63.76% Test OOD2: 51.43% Test OOD3: 60.94% 
Epoch: 32, Loss: 2.0063, Train: 68.77%, Valid: 65.34%, Test In: 65.51% Test OOD1: 63.54% Test OOD2: 51.34% Test OOD3: 60.62% 
Epoch: 33, Loss: 2.0029, Train: 68.09%, Valid: 64.90%, Test In: 64.92% Test OOD1: 63.35% Test OOD2: 51.25% Test OOD3: 60.35% 
Epoch: 34, Loss: 1.9989, Train: 67.56%, Valid: 64.55%, Test In: 64.47% Test OOD1: 63.17% Test OOD2: 51.18% Test OOD3: 60.13% 
Epoch: 35, Loss: 1.9953, Train: 67.15%, Valid: 64.29%, Test In: 64.13% Test OOD1: 63.03% Test OOD2: 51.12% Test OOD3: 59.95% 
Epoch: 36, Loss: 1.9895, Train: 66.84%, Valid: 64.07%, Test In: 63.85% Test OOD1: 62.92% Test OOD2: 51.07% Test OOD3: 59.81% 
Epoch: 37, Loss: 1.9862, Train: 66.59%, Valid: 63.90%, Test In: 63.64% Test OOD1: 62.84% Test OOD2: 51.04% Test OOD3: 59.71% 
Epoch: 38, Loss: 1.9824, Train: 66.41%, Valid: 63.76%, Test In: 63.48% Test OOD1: 62.77% Test OOD2: 51.01% Test OOD3: 59.64% 
Epoch: 39, Loss: 1.9772, Train: 66.28%, Valid: 63.67%, Test In: 63.37% Test OOD1: 62.72% Test OOD2: 50.99% Test OOD3: 59.58% 
Epoch: 40, Loss: 1.9740, Train: 66.20%, Valid: 63.61%, Test In: 63.30% Test OOD1: 62.69% Test OOD2: 50.98% Test OOD3: 59.55% 
Epoch: 41, Loss: 1.9700, Train: 66.16%, Valid: 63.58%, Test In: 63.26% Test OOD1: 62.68% Test OOD2: 50.97% Test OOD3: 59.54% 
Epoch: 42, Loss: 1.9671, Train: 66.15%, Valid: 63.57%, Test In: 63.26% Test OOD1: 62.68% Test OOD2: 50.96% Test OOD3: 59.55% 
Epoch: 43, Loss: 1.9632, Train: 66.18%, Valid: 63.59%, Test In: 63.28% Test OOD1: 62.69% Test OOD2: 50.96% Test OOD3: 59.57% 
Epoch: 44, Loss: 1.9596, Train: 66.24%, Valid: 63.63%, Test In: 63.34% Test OOD1: 62.72% Test OOD2: 50.96% Test OOD3: 59.61% 
Epoch: 45, Loss: 1.9544, Train: 66.34%, Valid: 63.70%, Test In: 63.43% Test OOD1: 62.76% Test OOD2: 50.97% Test OOD3: 59.66% 
Epoch: 46, Loss: 1.9503, Train: 66.48%, Valid: 63.79%, Test In: 63.54% Test OOD1: 62.81% Test OOD2: 50.97% Test OOD3: 59.73% 
Epoch: 47, Loss: 1.9485, Train: 66.64%, Valid: 63.91%, Test In: 63.69% Test OOD1: 62.88% Test OOD2: 50.98% Test OOD3: 59.81% 
Epoch: 48, Loss: 1.9435, Train: 66.84%, Valid: 64.05%, Test In: 63.87% Test OOD1: 62.96% Test OOD2: 50.99% Test OOD3: 59.91% 
Epoch: 49, Loss: 1.9399, Train: 67.07%, Valid: 64.23%, Test In: 64.07% Test OOD1: 63.05% Test OOD2: 51.01% Test OOD3: 60.02% 
Epoch: 50, Loss: 1.9333, Train: 67.34%, Valid: 64.43%, Test In: 64.30% Test OOD1: 63.16% Test OOD2: 51.02% Test OOD3: 60.14% 
Epoch: 51, Loss: 1.9307, Train: 67.65%, Valid: 64.65%, Test In: 64.58% Test OOD1: 63.29% Test OOD2: 51.04% Test OOD3: 60.28% 
Epoch: 52, Loss: 1.9265, Train: 67.99%, Valid: 64.90%, Test In: 64.89% Test OOD1: 63.43% Test OOD2: 51.07% Test OOD3: 60.43% 
Epoch: 53, Loss: 1.9205, Train: 68.35%, Valid: 65.17%, Test In: 65.23% Test OOD1: 63.58% Test OOD2: 51.08% Test OOD3: 60.59% 
Epoch: 54, Loss: 1.9148, Train: 68.73%, Valid: 65.46%, Test In: 65.58% Test OOD1: 63.74% Test OOD2: 51.10% Test OOD3: 60.76% 
Epoch: 55, Loss: 1.9110, Train: 69.17%, Valid: 65.79%, Test In: 65.98% Test OOD1: 63.92% Test OOD2: 51.13% Test OOD3: 60.94% 
Epoch: 56, Loss: 1.9062, Train: 69.65%, Valid: 66.15%, Test In: 66.41% Test OOD1: 64.12% Test OOD2: 51.17% Test OOD3: 61.15% 
Epoch: 57, Loss: 1.9010, Train: 70.14%, Valid: 66.53%, Test In: 66.86% Test OOD1: 64.32% Test OOD2: 51.20% Test OOD3: 61.36% 
Epoch: 58, Loss: 1.8962, Train: 70.65%, Valid: 66.91%, Test In: 67.30% Test OOD1: 64.52% Test OOD2: 51.24% Test OOD3: 61.57% 
Epoch: 59, Loss: 1.8896, Train: 71.13%, Valid: 67.27%, Test In: 67.73% Test OOD1: 64.72% Test OOD2: 51.28% Test OOD3: 61.77% 
Epoch: 60, Loss: 1.8821, Train: 71.61%, Valid: 67.62%, Test In: 68.16% Test OOD1: 64.91% Test OOD2: 51.32% Test OOD3: 61.97% 
Epoch: 61, Loss: 1.8766, Train: 72.11%, Valid: 67.98%, Test In: 68.60% Test OOD1: 65.11% Test OOD2: 51.36% Test OOD3: 62.18% 
Epoch: 62, Loss: 1.8692, Train: 72.54%, Valid: 68.31%, Test In: 68.96% Test OOD1: 65.27% Test OOD2: 51.40% Test OOD3: 62.36% 
Epoch: 63, Loss: 1.8644, Train: 72.92%, Valid: 68.60%, Test In: 69.28% Test OOD1: 65.42% Test OOD2: 51.43% Test OOD3: 62.51% 
Epoch: 64, Loss: 1.8577, Train: 73.37%, Valid: 68.93%, Test In: 69.66% Test OOD1: 65.54% Test OOD2: 51.49% Test OOD3: 62.69% 
Epoch: 65, Loss: 1.8508, Train: 73.75%, Valid: 69.21%, Test In: 69.96% Test OOD1: 65.65% Test OOD2: 51.54% Test OOD3: 62.82% 
Epoch: 66, Loss: 1.8470, Train: 74.01%, Valid: 69.41%, Test In: 70.17% Test OOD1: 65.74% Test OOD2: 51.56% Test OOD3: 62.90% 
Epoch: 67, Loss: 1.8395, Train: 74.29%, Valid: 69.60%, Test In: 70.37% Test OOD1: 65.82% Test OOD2: 51.59% Test OOD3: 62.99% 
Epoch: 68, Loss: 1.8355, Train: 74.64%, Valid: 69.85%, Test In: 70.63% Test OOD1: 65.84% Test OOD2: 51.66% Test OOD3: 63.09% 
Epoch: 69, Loss: 1.8283, Train: 74.90%, Valid: 70.02%, Test In: 70.81% Test OOD1: 65.88% Test OOD2: 51.70% Test OOD3: 63.15% 
Epoch: 70, Loss: 1.8245, Train: 75.05%, Valid: 70.11%, Test In: 70.89% Test OOD1: 65.96% Test OOD2: 51.71% Test OOD3: 63.18% 
Epoch: 71, Loss: 1.8188, Train: 75.26%, Valid: 70.25%, Test In: 71.03% Test OOD1: 65.99% Test OOD2: 51.76% Test OOD3: 63.22% 
Epoch: 72, Loss: 1.8106, Train: 75.53%, Valid: 70.40%, Test In: 71.18% Test OOD1: 65.98% Test OOD2: 51.81% Test OOD3: 63.27% 
Epoch: 73, Loss: 1.8046, Train: 75.67%, Valid: 70.47%, Test In: 71.24% Test OOD1: 66.05% Test OOD2: 51.82% Test OOD3: 63.28% 
Epoch: 74, Loss: 1.8012, Train: 75.83%, Valid: 70.55%, Test In: 71.31% Test OOD1: 66.10% Test OOD2: 51.85% Test OOD3: 63.30% 
Epoch: 75, Loss: 1.7962, Train: 76.02%, Valid: 70.64%, Test In: 71.39% Test OOD1: 66.12% Test OOD2: 51.88% Test OOD3: 63.32% 
Epoch: 76, Loss: 1.7904, Train: 76.21%, Valid: 70.72%, Test In: 71.46% Test OOD1: 66.11% Test OOD2: 51.92% Test OOD3: 63.32% 
Epoch: 77, Loss: 1.7861, Train: 76.33%, Valid: 70.76%, Test In: 71.50% Test OOD1: 66.18% Test OOD2: 51.92% Test OOD3: 63.32% 
Epoch: 78, Loss: 1.7789, Train: 76.52%, Valid: 70.82%, Test In: 71.56% Test OOD1: 66.16% Test OOD2: 51.97% Test OOD3: 63.32% 
Epoch: 79, Loss: 1.7763, Train: 76.65%, Valid: 70.85%, Test In: 71.58% Test OOD1: 66.21% Test OOD2: 51.97% Test OOD3: 63.32% 
Epoch: 80, Loss: 1.7709, Train: 76.78%, Valid: 70.88%, Test In: 71.60% Test OOD1: 66.24% Test OOD2: 51.98% Test OOD3: 63.31% 
Epoch: 81, Loss: 1.7671, Train: 76.99%, Valid: 70.96%, Test In: 71.68% Test OOD1: 66.15% Test OOD2: 52.02% Test OOD3: 63.29% 
Epoch: 82, Loss: 1.7640, Train: 77.07%, Valid: 70.96%, Test In: 71.67% Test OOD1: 66.24% Test OOD2: 52.01% Test OOD3: 63.28% 
Epoch: 83, Loss: 1.7569, Train: 77.20%, Valid: 71.00%, Test In: 71.69% Test OOD1: 66.23% Test OOD2: 52.01% Test OOD3: 63.26% 
Epoch: 84, Loss: 1.7559, Train: 77.35%, Valid: 71.04%, Test In: 71.73% Test OOD1: 66.19% Test OOD2: 52.03% Test OOD3: 63.23% 
Epoch: 85, Loss: 1.7489, Train: 77.48%, Valid: 71.06%, Test In: 71.76% Test OOD1: 66.15% Test OOD2: 52.03% Test OOD3: 63.21% 
Epoch: 86, Loss: 1.7429, Train: 77.61%, Valid: 71.09%, Test In: 71.77% Test OOD1: 66.11% Test OOD2: 52.03% Test OOD3: 63.18% 
Epoch: 87, Loss: 1.7371, Train: 77.67%, Valid: 71.09%, Test In: 71.75% Test OOD1: 66.18% Test OOD2: 52.00% Test OOD3: 63.16% 
Epoch: 88, Loss: 1.7320, Train: 77.83%, Valid: 71.13%, Test In: 71.79% Test OOD1: 66.10% Test OOD2: 52.01% Test OOD3: 63.12% 
Epoch: 89, Loss: 1.7301, Train: 77.97%, Valid: 71.15%, Test In: 71.81% Test OOD1: 66.00% Test OOD2: 52.02% Test OOD3: 63.08% 
Epoch: 90, Loss: 1.7225, Train: 78.05%, Valid: 71.15%, Test In: 71.81% Test OOD1: 66.02% Test OOD2: 52.00% Test OOD3: 63.06% 
Epoch: 91, Loss: 1.7193, Train: 78.15%, Valid: 71.16%, Test In: 71.81% Test OOD1: 66.00% Test OOD2: 51.98% Test OOD3: 63.03% 
Epoch: 92, Loss: 1.7124, Train: 78.23%, Valid: 71.15%, Test In: 71.79% Test OOD1: 66.01% Test OOD2: 51.95% Test OOD3: 63.00% 
Epoch: 93, Loss: 1.7130, Train: 78.38%, Valid: 71.17%, Test In: 71.82% Test OOD1: 65.88% Test OOD2: 51.95% Test OOD3: 62.95% 
Epoch: 94, Loss: 1.7076, Train: 78.46%, Valid: 71.17%, Test In: 71.80% Test OOD1: 65.87% Test OOD2: 51.93% Test OOD3: 62.93% 
Epoch: 95, Loss: 1.7029, Train: 78.55%, Valid: 71.17%, Test In: 71.80% Test OOD1: 65.81% Test OOD2: 51.91% Test OOD3: 62.89% 
Epoch: 96, Loss: 1.7010, Train: 78.67%, Valid: 71.17%, Test In: 71.80% Test OOD1: 65.73% Test OOD2: 51.89% Test OOD3: 62.85% 
Epoch: 97, Loss: 1.6946, Train: 78.78%, Valid: 71.17%, Test In: 71.80% Test OOD1: 65.64% Test OOD2: 51.87% Test OOD3: 62.81% 
Epoch: 98, Loss: 1.6895, Train: 78.83%, Valid: 71.15%, Test In: 71.78% Test OOD1: 65.67% Test OOD2: 51.83% Test OOD3: 62.80% 
Epoch: 99, Loss: 1.6838, Train: 78.96%, Valid: 71.16%, Test In: 71.79% Test OOD1: 65.51% Test OOD2: 51.82% Test OOD3: 62.74% 
Epoch: 100, Loss: 1.6808, Train: 79.08%, Valid: 71.16%, Test In: 71.80% Test OOD1: 65.38% Test OOD2: 51.81% Test OOD3: 62.69% 
Epoch: 101, Loss: 1.6731, Train: 79.14%, Valid: 71.14%, Test In: 71.77% Test OOD1: 65.40% Test OOD2: 51.76% Test OOD3: 62.68% 
Epoch: 102, Loss: 1.6714, Train: 79.25%, Valid: 71.14%, Test In: 71.77% Test OOD1: 65.31% Test OOD2: 51.74% Test OOD3: 62.64% 
Epoch: 103, Loss: 1.6658, Train: 79.41%, Valid: 71.15%, Test In: 71.79% Test OOD1: 65.06% Test OOD2: 51.74% Test OOD3: 62.55% 
Epoch: 104, Loss: 1.6627, Train: 79.47%, Valid: 71.13%, Test In: 71.76% Test OOD1: 65.07% Test OOD2: 51.70% Test OOD3: 62.54% 
Epoch: 105, Loss: 1.6598, Train: 79.52%, Valid: 71.10%, Test In: 71.73% Test OOD1: 65.14% Test OOD2: 51.66% Test OOD3: 62.54% 
Epoch: 106, Loss: 1.6583, Train: 79.67%, Valid: 71.11%, Test In: 71.76% Test OOD1: 64.92% Test OOD2: 51.66% Test OOD3: 62.45% 
Epoch: 107, Loss: 1.6510, Train: 79.77%, Valid: 71.10%, Test In: 71.74% Test OOD1: 64.90% Test OOD2: 51.64% Test OOD3: 62.43% 
Epoch: 108, Loss: 1.6471, Train: 79.85%, Valid: 71.10%, Test In: 71.74% Test OOD1: 64.85% Test OOD2: 51.62% Test OOD3: 62.40% 
Epoch: 109, Loss: 1.6469, Train: 79.91%, Valid: 71.07%, Test In: 71.72% Test OOD1: 64.84% Test OOD2: 51.60% Test OOD3: 62.37% 
Epoch: 110, Loss: 1.6409, Train: 80.04%, Valid: 71.07%, Test In: 71.71% Test OOD1: 64.80% Test OOD2: 51.58% Test OOD3: 62.35% 
Epoch: 111, Loss: 1.6355, Train: 80.20%, Valid: 71.09%, Test In: 71.76% Test OOD1: 64.50% Test OOD2: 51.60% Test OOD3: 62.22% 
Epoch: 112, Loss: 1.6331, Train: 80.21%, Valid: 71.05%, Test In: 71.72% Test OOD1: 64.64% Test OOD2: 51.56% Test OOD3: 62.26% 
Epoch: 113, Loss: 1.6329, Train: 80.28%, Valid: 71.03%, Test In: 71.69% Test OOD1: 64.72% Test OOD2: 51.53% Test OOD3: 62.28% 
Epoch: 114, Loss: 1.6255, Train: 80.44%, Valid: 71.06%, Test In: 71.72% Test OOD1: 64.50% Test OOD2: 51.55% Test OOD3: 62.18% 
Epoch: 115, Loss: 1.6231, Train: 80.57%, Valid: 71.06%, Test In: 71.73% Test OOD1: 64.38% Test OOD2: 51.55% Test OOD3: 62.12% 
Epoch: 116, Loss: 1.6168, Train: 80.66%, Valid: 71.05%, Test In: 71.72% Test OOD1: 64.36% Test OOD2: 51.53% Test OOD3: 62.09% 
Epoch: 117, Loss: 1.6145, Train: 80.73%, Valid: 71.03%, Test In: 71.71% Test OOD1: 64.38% Test OOD2: 51.52% Test OOD3: 62.09% 
Epoch: 118, Loss: 1.6097, Train: 80.78%, Valid: 71.01%, Test In: 71.68% Test OOD1: 64.46% Test OOD2: 51.50% Test OOD3: 62.11% 
Epoch: 119, Loss: 1.6095, Train: 80.92%, Valid: 71.01%, Test In: 71.69% Test OOD1: 64.31% Test OOD2: 51.49% Test OOD3: 62.04% 
Epoch: 120, Loss: 1.6093, Train: 81.09%, Valid: 71.03%, Test In: 71.72% Test OOD1: 64.05% Test OOD2: 51.51% Test OOD3: 61.93% 
Epoch: 121, Loss: 1.6032, Train: 81.15%, Valid: 71.01%, Test In: 71.69% Test OOD1: 64.18% Test OOD2: 51.48% Test OOD3: 61.97% 
Epoch: 122, Loss: 1.5960, Train: 81.19%, Valid: 70.98%, Test In: 71.66% Test OOD1: 64.21% Test OOD2: 51.45% Test OOD3: 61.97% 
Epoch: 123, Loss: 1.5925, Train: 81.32%, Valid: 70.96%, Test In: 71.66% Test OOD1: 64.13% Test OOD2: 51.44% Test OOD3: 61.93% 
Epoch: 124, Loss: 1.5857, Train: 81.46%, Valid: 70.96%, Test In: 71.66% Test OOD1: 64.03% Test OOD2: 51.43% Test OOD3: 61.89% 
Epoch: 125, Loss: 1.5863, Train: 81.58%, Valid: 70.95%, Test In: 71.66% Test OOD1: 63.85% Test OOD2: 51.44% Test OOD3: 61.81% 
Epoch: 126, Loss: 1.5737, Train: 81.65%, Valid: 70.92%, Test In: 71.62% Test OOD1: 63.95% Test OOD2: 51.41% Test OOD3: 61.84% 
Epoch: 127, Loss: 1.5803, Train: 81.73%, Valid: 70.89%, Test In: 71.59% Test OOD1: 63.96% Test OOD2: 51.38% Test OOD3: 61.83% 
Epoch: 128, Loss: 1.5735, Train: 81.84%, Valid: 70.88%, Test In: 71.59% Test OOD1: 63.89% Test OOD2: 51.37% Test OOD3: 61.79% 
Epoch: 129, Loss: 1.5734, Train: 81.98%, Valid: 70.87%, Test In: 71.59% Test OOD1: 63.76% Test OOD2: 51.39% Test OOD3: 61.72% 
Epoch: 130, Loss: 1.5668, Train: 82.11%, Valid: 70.86%, Test In: 71.58% Test OOD1: 63.65% Test OOD2: 51.39% Test OOD3: 61.67% 
Epoch: 131, Loss: 1.5656, Train: 82.18%, Valid: 70.84%, Test In: 71.56% Test OOD1: 63.65% Test OOD2: 51.38% Test OOD3: 61.65% 
Epoch: 132, Loss: 1.5646, Train: 82.24%, Valid: 70.80%, Test In: 71.51% Test OOD1: 63.84% Test OOD2: 51.35% Test OOD3: 61.72% 
Epoch: 133, Loss: 1.5567, Train: 82.41%, Valid: 70.81%, Test In: 71.54% Test OOD1: 63.58% Test OOD2: 51.38% Test OOD3: 61.61% 
Epoch: 134, Loss: 1.5507, Train: 82.56%, Valid: 70.81%, Test In: 71.53% Test OOD1: 63.37% Test OOD2: 51.39% Test OOD3: 61.51% 
Epoch: 135, Loss: 1.5508, Train: 82.60%, Valid: 70.77%, Test In: 71.49% Test OOD1: 63.59% Test OOD2: 51.36% Test OOD3: 61.59% 
Epoch: 136, Loss: 1.5461, Train: 82.70%, Valid: 70.75%, Test In: 71.48% Test OOD1: 63.63% Test OOD2: 51.37% Test OOD3: 61.59% 
Epoch: 137, Loss: 1.5397, Train: 82.85%, Valid: 70.75%, Test In: 71.48% Test OOD1: 63.35% Test OOD2: 51.40% Test OOD3: 61.47% 
Epoch: 138, Loss: 1.5422, Train: 82.93%, Valid: 70.71%, Test In: 71.45% Test OOD1: 63.51% Test OOD2: 51.38% Test OOD3: 61.51% 
Epoch: 139, Loss: 1.5335, Train: 83.02%, Valid: 70.68%, Test In: 71.42% Test OOD1: 63.50% Test OOD2: 51.37% Test OOD3: 61.49% 
Epoch: 140, Loss: 1.5335, Train: 83.18%, Valid: 70.67%, Test In: 71.42% Test OOD1: 63.28% Test OOD2: 51.38% Test OOD3: 61.38% 
Epoch: 141, Loss: 1.5246, Train: 83.26%, Valid: 70.63%, Test In: 71.39% Test OOD1: 63.40% Test OOD2: 51.36% Test OOD3: 61.41% 
Epoch: 142, Loss: 1.5194, Train: 83.38%, Valid: 70.60%, Test In: 71.37% Test OOD1: 63.29% Test OOD2: 51.36% Test OOD3: 61.35% 
Epoch: 143, Loss: 1.5204, Train: 83.49%, Valid: 70.57%, Test In: 71.35% Test OOD1: 63.24% Test OOD2: 51.34% Test OOD3: 61.31% 
Epoch: 144, Loss: 1.5173, Train: 83.61%, Valid: 70.55%, Test In: 71.34% Test OOD1: 63.23% Test OOD2: 51.33% Test OOD3: 61.29% 
Epoch: 145, Loss: 1.5136, Train: 83.72%, Valid: 70.52%, Test In: 71.33% Test OOD1: 63.18% Test OOD2: 51.33% Test OOD3: 61.24% 
Epoch: 146, Loss: 1.5070, Train: 83.84%, Valid: 70.49%, Test In: 71.31% Test OOD1: 63.01% Test OOD2: 51.33% Test OOD3: 61.15% 
Epoch: 147, Loss: 1.5096, Train: 83.92%, Valid: 70.48%, Test In: 71.29% Test OOD1: 63.14% Test OOD2: 51.31% Test OOD3: 61.19% 
Epoch: 148, Loss: 1.5047, Train: 84.03%, Valid: 70.46%, Test In: 71.28% Test OOD1: 63.13% Test OOD2: 51.31% Test OOD3: 61.17% 
Epoch: 149, Loss: 1.5007, Train: 84.20%, Valid: 70.43%, Test In: 71.27% Test OOD1: 62.85% Test OOD2: 51.32% Test OOD3: 61.03% 
Epoch: 150, Loss: 1.4949, Train: 84.23%, Valid: 70.41%, Test In: 71.24% Test OOD1: 63.11% Test OOD2: 51.31% Test OOD3: 61.13% 
Epoch: 151, Loss: 1.4847, Train: 84.35%, Valid: 70.38%, Test In: 71.22% Test OOD1: 63.05% Test OOD2: 51.31% Test OOD3: 61.09% 
Epoch: 152, Loss: 1.4852, Train: 84.51%, Valid: 70.36%, Test In: 71.21% Test OOD1: 62.83% Test OOD2: 51.32% Test OOD3: 60.98% 
Epoch: 153, Loss: 1.4783, Train: 84.52%, Valid: 70.33%, Test In: 71.17% Test OOD1: 63.15% Test OOD2: 51.30% Test OOD3: 61.12% 
Epoch: 154, Loss: 1.4763, Train: 84.67%, Valid: 70.30%, Test In: 71.15% Test OOD1: 63.00% Test OOD2: 51.32% Test OOD3: 61.03% 
Epoch: 155, Loss: 1.4733, Train: 84.85%, Valid: 70.28%, Test In: 71.14% Test OOD1: 62.83% Test OOD2: 51.33% Test OOD3: 60.94% 
Epoch: 156, Loss: 1.4718, Train: 84.86%, Valid: 70.25%, Test In: 71.09% Test OOD1: 63.09% Test OOD2: 51.32% Test OOD3: 61.05% 
Epoch: 157, Loss: 1.4702, Train: 85.03%, Valid: 70.24%, Test In: 71.07% Test OOD1: 62.86% Test OOD2: 51.34% Test OOD3: 60.92% 
Epoch: 158, Loss: 1.4664, Train: 85.17%, Valid: 70.23%, Test In: 71.04% Test OOD1: 62.82% Test OOD2: 51.34% Test OOD3: 60.88% 
Epoch: 159, Loss: 1.4558, Train: 85.27%, Valid: 70.21%, Test In: 71.01% Test OOD1: 62.85% Test OOD2: 51.34% Test OOD3: 60.88% 
Epoch: 160, Loss: 1.4517, Train: 85.40%, Valid: 70.18%, Test In: 70.99% Test OOD1: 62.72% Test OOD2: 51.34% Test OOD3: 60.80% 
Epoch: 161, Loss: 1.4499, Train: 85.49%, Valid: 70.18%, Test In: 70.97% Test OOD1: 62.87% Test OOD2: 51.34% Test OOD3: 60.84% 
Epoch: 162, Loss: 1.4430, Train: 85.65%, Valid: 70.14%, Test In: 70.95% Test OOD1: 62.63% Test OOD2: 51.34% Test OOD3: 60.70% 
Epoch: 163, Loss: 1.4408, Train: 85.69%, Valid: 70.12%, Test In: 70.92% Test OOD1: 62.81% Test OOD2: 51.34% Test OOD3: 60.76% 
Epoch: 164, Loss: 1.4373, Train: 85.88%, Valid: 70.11%, Test In: 70.91% Test OOD1: 62.65% Test OOD2: 51.34% Test OOD3: 60.67% 
Epoch: 165, Loss: 1.4306, Train: 85.98%, Valid: 70.08%, Test In: 70.88% Test OOD1: 62.64% Test OOD2: 51.33% Test OOD3: 60.63% 
Epoch: 166, Loss: 1.4205, Train: 86.02%, Valid: 70.06%, Test In: 70.85% Test OOD1: 62.79% Test OOD2: 51.32% Test OOD3: 60.67% 
Epoch: 167, Loss: 1.4193, Train: 86.25%, Valid: 70.04%, Test In: 70.85% Test OOD1: 62.47% Test OOD2: 51.33% Test OOD3: 60.51% 
Epoch: 168, Loss: 1.4230, Train: 86.30%, Valid: 70.05%, Test In: 70.83% Test OOD1: 62.64% Test OOD2: 51.32% Test OOD3: 60.57% 
Epoch: 169, Loss: 1.4143, Train: 86.42%, Valid: 70.02%, Test In: 70.80% Test OOD1: 62.61% Test OOD2: 51.32% Test OOD3: 60.54% 
Epoch: 170, Loss: 1.4062, Train: 86.60%, Valid: 69.99%, Test In: 70.78% Test OOD1: 62.44% Test OOD2: 51.33% Test OOD3: 60.44% 
Epoch: 171, Loss: 1.4057, Train: 86.73%, Valid: 69.97%, Test In: 70.75% Test OOD1: 62.41% Test OOD2: 51.33% Test OOD3: 60.40% 
Epoch: 172, Loss: 1.3989, Train: 86.85%, Valid: 69.94%, Test In: 70.72% Test OOD1: 62.43% Test OOD2: 51.33% Test OOD3: 60.38% 
Epoch: 173, Loss: 1.3981, Train: 87.02%, Valid: 69.89%, Test In: 70.68% Test OOD1: 62.15% Test OOD2: 51.33% Test OOD3: 60.24% 
Epoch: 174, Loss: 1.3879, Train: 87.09%, Valid: 69.89%, Test In: 70.67% Test OOD1: 62.39% Test OOD2: 51.34% Test OOD3: 60.34% 
Epoch: 175, Loss: 1.3907, Train: 87.23%, Valid: 69.84%, Test In: 70.63% Test OOD1: 62.20% Test OOD2: 51.34% Test OOD3: 60.22% 
Epoch: 176, Loss: 1.3876, Train: 87.35%, Valid: 69.83%, Test In: 70.62% Test OOD1: 62.26% Test OOD2: 51.35% Test OOD3: 60.23% 
Epoch: 177, Loss: 1.3767, Train: 87.46%, Valid: 69.82%, Test In: 70.60% Test OOD1: 62.26% Test OOD2: 51.36% Test OOD3: 60.22% 
Epoch: 178, Loss: 1.3785, Train: 87.53%, Valid: 69.79%, Test In: 70.57% Test OOD1: 62.36% Test OOD2: 51.36% Test OOD3: 60.25% 
Epoch: 179, Loss: 1.3783, Train: 87.73%, Valid: 69.78%, Test In: 70.56% Test OOD1: 62.16% Test OOD2: 51.37% Test OOD3: 60.15% 
Epoch: 180, Loss: 1.3634, Train: 87.81%, Valid: 69.76%, Test In: 70.54% Test OOD1: 62.23% Test OOD2: 51.37% Test OOD3: 60.17% 
Epoch: 181, Loss: 1.3599, Train: 87.91%, Valid: 69.75%, Test In: 70.51% Test OOD1: 62.27% Test OOD2: 51.37% Test OOD3: 60.18% 
Epoch: 182, Loss: 1.3564, Train: 88.14%, Valid: 69.72%, Test In: 70.50% Test OOD1: 61.89% Test OOD2: 51.36% Test OOD3: 59.99% 
Epoch: 183, Loss: 1.3507, Train: 88.18%, Valid: 69.73%, Test In: 70.49% Test OOD1: 62.17% Test OOD2: 51.34% Test OOD3: 60.13% 
Epoch: 184, Loss: 1.3446, Train: 88.32%, Valid: 69.70%, Test In: 70.45% Test OOD1: 62.07% Test OOD2: 51.32% Test OOD3: 60.08% 
Epoch: 185, Loss: 1.3470, Train: 88.50%, Valid: 69.67%, Test In: 70.44% Test OOD1: 61.88% Test OOD2: 51.31% Test OOD3: 59.99% 
Epoch: 186, Loss: 1.3389, Train: 88.57%, Valid: 69.67%, Test In: 70.42% Test OOD1: 62.08% Test OOD2: 51.30% Test OOD3: 60.09% 
Epoch: 187, Loss: 1.3399, Train: 88.70%, Valid: 69.65%, Test In: 70.39% Test OOD1: 62.02% Test OOD2: 51.29% Test OOD3: 60.06% 
Epoch: 188, Loss: 1.3354, Train: 88.84%, Valid: 69.61%, Test In: 70.38% Test OOD1: 61.88% Test OOD2: 51.28% Test OOD3: 59.98% 
Epoch: 189, Loss: 1.3215, Train: 88.99%, Valid: 69.60%, Test In: 70.36% Test OOD1: 61.82% Test OOD2: 51.27% Test OOD3: 59.94% 
Epoch: 190, Loss: 1.3208, Train: 89.09%, Valid: 69.59%, Test In: 70.33% Test OOD1: 61.85% Test OOD2: 51.26% Test OOD3: 59.95% 
Epoch: 191, Loss: 1.3116, Train: 89.15%, Valid: 69.60%, Test In: 70.33% Test OOD1: 61.99% Test OOD2: 51.26% Test OOD3: 60.01% 
Epoch: 192, Loss: 1.3076, Train: 89.38%, Valid: 69.59%, Test In: 70.34% Test OOD1: 61.67% Test OOD2: 51.27% Test OOD3: 59.85% 
Epoch: 193, Loss: 1.2978, Train: 89.49%, Valid: 69.60%, Test In: 70.33% Test OOD1: 61.69% Test OOD2: 51.27% Test OOD3: 59.87% 
Epoch: 194, Loss: 1.2959, Train: 89.48%, Valid: 69.62%, Test In: 70.33% Test OOD1: 62.04% Test OOD2: 51.28% Test OOD3: 60.04% 
Epoch: 195, Loss: 1.3032, Train: 89.71%, Valid: 69.59%, Test In: 70.31% Test OOD1: 61.70% Test OOD2: 51.28% Test OOD3: 59.87% 
Epoch: 196, Loss: 1.2875, Train: 89.85%, Valid: 69.59%, Test In: 70.30% Test OOD1: 61.69% Test OOD2: 51.30% Test OOD3: 59.86% 
Epoch: 197, Loss: 1.2760, Train: 89.93%, Valid: 69.58%, Test In: 70.28% Test OOD1: 61.82% Test OOD2: 51.31% Test OOD3: 59.90% 
Epoch: 198, Loss: 1.2769, Train: 90.13%, Valid: 69.55%, Test In: 70.25% Test OOD1: 61.61% Test OOD2: 51.32% Test OOD3: 59.79% 
Epoch: 199, Loss: 1.2684, Train: 90.25%, Valid: 69.53%, Test In: 70.23% Test OOD1: 61.65% Test OOD2: 51.33% Test OOD3: 59.78% 
Run 03:
Highest Train: 90.25
Highest Valid: 71.17
Highest In Test: 71.82
Highest OOD Test: 66.24
Highest OOD Test: 52.58
Highest OOD Test: 63.32
Chosen epoch: 98
Final Train: 78.78
Final In Test: 71.80
Final OOD Test: 65.64
Final OOD Test: 51.87
Final OOD Test: 62.81
All runs:
Highest Train: 90.56 ± 0.55
Highest Valid: 71.14 ± 0.05
Highest In Test: 71.80 ± 0.03
Highest OOD Test: 66.19 ± 0.10
Highest OOD Test: 52.60 ± 0.02
Highest OOD Test: 63.27 ± 0.07
  Final Train: 78.83 ± 0.70
   Final In  Test: 71.79 ± 0.02
   Final OOD Test: 65.46 ± 0.48
   Final OOD Test: 51.88 ± 0.14
   Final OOD Test: 62.78 ± 0.25
[INFO] TensorBoard writer closed.

Command: python main.py --dataset twitch --backbone_type gcn --env_type graph --combine_result --store_result --epochs 200 --runs 3 --num_layers 2 --expert_agg mean --tau 3 --lr 0.01 --weight_decay 5e-5 --dropout 0.0 --K 3 --hidden_channels 64 --seed 123 --device 0 --lr 0.001 --weight_decay 0.0005 --dropout 0.1 --lamda 2.0 --K 4 --hidden_channels 64 --other_env_reduce sample --result_name twitch_stage1_lr0.001_weight_decay0.0005_dropout0.1_lamda2.0_K4_hidden_channels64_other_env_reducesample
Return code: 0
Elapsed: 302.28s
