Namespace(K=3, backbone_type='gcn', combine_result=True, cpu=False, data_dir='./data/', dataset='twitch', device=0, display_step=1, dropout=0.2, env_type='graph', epochs=200, expert_agg='mean', gate_hidden=64, hidden_channels=64, infer_env=False, infer_env_components=64, infer_env_iters=30, infer_env_num=3, lamda=0.1, lr=0.001, num_layers=2, other_env_reduce='env', pos_weight=5.0, result_name='twitch_stage1_lr0.001_weight_decay0.0005_dropout0.2_lamda0.1_K3_hidden_channels64_other_env_reduceenv', runs=3, seed=123, store_result=True, tau=3.0, use_bn=False, variant=False, weight_decay=0.0005)
dataset twitch: all nodes 34120 | edges 429113 | classes 2 | feats 3170
train nodes 7897 | valid nodes 3949 | test in nodes 3949
test ood1 nodes 4648 test ood2 nodes 6551 test ood3 nodes 7126 
[INFO] env numbers: 6 train env numbers: 3
MODEL: CaNet(
  (experts): ModuleList(
    (0): ExpertNet(
      (convs): ModuleList(
        (0): CaNetConv()
        (1): CaNetConv()
      )
      (fcs): ModuleList(
        (0): Linear(in_features=3170, out_features=64, bias=True)
        (1): Linear(in_features=64, out_features=2, bias=True)
      )
      (act_fn): ReLU()
    )
    (1): ExpertNet(
      (convs): ModuleList(
        (0): CaNetConv()
        (1): CaNetConv()
      )
      (fcs): ModuleList(
        (0): Linear(in_features=3170, out_features=64, bias=True)
        (1): Linear(in_features=64, out_features=2, bias=True)
      )
      (act_fn): ReLU()
    )
    (2): ExpertNet(
      (convs): ModuleList(
        (0): CaNetConv()
        (1): CaNetConv()
      )
      (fcs): ModuleList(
        (0): Linear(in_features=3170, out_features=64, bias=True)
        (1): Linear(in_features=64, out_features=2, bias=True)
      )
      (act_fn): ReLU()
    )
  )
  (gate): Sequential(
    (0): Linear(in_features=3170, out_features=64, bias=True)
    (1): ReLU()
    (2): Linear(in_features=64, out_features=3, bias=True)
  )
)
[INFO] TensorBoard logging activated. Logs will be saved to: ./runs/twitch/Apr16_19-54-44_lamda_0.1
Epoch: 00, Loss: 0.7672, Train: 53.14%, Valid: 51.45%, Test In: 51.95% Test OOD1: 52.32% Test OOD2: 51.07% Test OOD3: 50.42% 
Epoch: 01, Loss: 0.7664, Train: 55.79%, Valid: 53.18%, Test In: 54.14% Test OOD1: 53.15% Test OOD2: 51.62% Test OOD3: 51.53% 
Epoch: 02, Loss: 0.7655, Train: 56.18%, Valid: 53.20%, Test In: 54.53% Test OOD1: 51.76% Test OOD2: 52.08% Test OOD3: 51.60% 
Epoch: 03, Loss: 0.7646, Train: 53.50%, Valid: 50.88%, Test In: 52.03% Test OOD1: 47.68% Test OOD2: 52.27% Test OOD3: 50.53% 
Epoch: 04, Loss: 0.7638, Train: 49.45%, Valid: 47.82%, Test In: 48.80% Test OOD1: 44.60% Test OOD2: 51.81% Test OOD3: 48.77% 
Epoch: 05, Loss: 0.7627, Train: 46.81%, Valid: 45.98%, Test In: 47.01% Test OOD1: 43.22% Test OOD2: 51.38% Test OOD3: 47.54% 
Epoch: 06, Loss: 0.7618, Train: 45.52%, Valid: 44.99%, Test In: 46.14% Test OOD1: 42.61% Test OOD2: 51.12% Test OOD3: 46.96% 
Epoch: 07, Loss: 0.7608, Train: 44.87%, Valid: 44.48%, Test In: 45.60% Test OOD1: 42.28% Test OOD2: 50.92% Test OOD3: 46.66% 
Epoch: 08, Loss: 0.7597, Train: 44.45%, Valid: 44.17%, Test In: 45.25% Test OOD1: 42.06% Test OOD2: 50.81% Test OOD3: 46.48% 
Epoch: 09, Loss: 0.7584, Train: 44.20%, Valid: 43.99%, Test In: 45.05% Test OOD1: 41.93% Test OOD2: 50.73% Test OOD3: 46.38% 
Epoch: 10, Loss: 0.7570, Train: 44.02%, Valid: 43.86%, Test In: 44.92% Test OOD1: 41.84% Test OOD2: 50.67% Test OOD3: 46.32% 
Epoch: 11, Loss: 0.7555, Train: 43.81%, Valid: 43.70%, Test In: 44.77% Test OOD1: 41.71% Test OOD2: 50.61% Test OOD3: 46.25% 
Epoch: 12, Loss: 0.7537, Train: 43.59%, Valid: 43.51%, Test In: 44.60% Test OOD1: 41.58% Test OOD2: 50.56% Test OOD3: 46.15% 
Epoch: 13, Loss: 0.7523, Train: 43.38%, Valid: 43.34%, Test In: 44.43% Test OOD1: 41.47% Test OOD2: 50.51% Test OOD3: 46.05% 
Epoch: 14, Loss: 0.7500, Train: 43.19%, Valid: 43.19%, Test In: 44.28% Test OOD1: 41.37% Test OOD2: 50.47% Test OOD3: 45.95% 
Epoch: 15, Loss: 0.7478, Train: 43.03%, Valid: 43.06%, Test In: 44.16% Test OOD1: 41.28% Test OOD2: 50.43% Test OOD3: 45.86% 
Epoch: 16, Loss: 0.7454, Train: 42.90%, Valid: 42.95%, Test In: 44.05% Test OOD1: 41.21% Test OOD2: 50.40% Test OOD3: 45.78% 
Epoch: 17, Loss: 0.7427, Train: 42.77%, Valid: 42.85%, Test In: 43.96% Test OOD1: 41.15% Test OOD2: 50.37% Test OOD3: 45.72% 
Epoch: 18, Loss: 0.7398, Train: 42.66%, Valid: 42.76%, Test In: 43.88% Test OOD1: 41.09% Test OOD2: 50.35% Test OOD3: 45.66% 
Epoch: 19, Loss: 0.7373, Train: 42.57%, Valid: 42.69%, Test In: 43.80% Test OOD1: 41.05% Test OOD2: 50.33% Test OOD3: 45.60% 
Epoch: 20, Loss: 0.7339, Train: 42.49%, Valid: 42.63%, Test In: 43.75% Test OOD1: 41.01% Test OOD2: 50.31% Test OOD3: 45.56% 
Epoch: 21, Loss: 0.7308, Train: 42.43%, Valid: 42.58%, Test In: 43.70% Test OOD1: 40.98% Test OOD2: 50.30% Test OOD3: 45.52% 
Epoch: 22, Loss: 0.7272, Train: 42.38%, Valid: 42.54%, Test In: 43.68% Test OOD1: 40.95% Test OOD2: 50.28% Test OOD3: 45.49% 
Epoch: 23, Loss: 0.7240, Train: 42.35%, Valid: 42.53%, Test In: 43.67% Test OOD1: 40.94% Test OOD2: 50.27% Test OOD3: 45.47% 
Epoch: 24, Loss: 0.7210, Train: 42.34%, Valid: 42.52%, Test In: 43.67% Test OOD1: 40.94% Test OOD2: 50.26% Test OOD3: 45.46% 
Epoch: 25, Loss: 0.7173, Train: 42.35%, Valid: 42.53%, Test In: 43.69% Test OOD1: 40.94% Test OOD2: 50.26% Test OOD3: 45.47% 
Epoch: 26, Loss: 0.7144, Train: 42.39%, Valid: 42.57%, Test In: 43.73% Test OOD1: 40.96% Test OOD2: 50.26% Test OOD3: 45.48% 
Epoch: 27, Loss: 0.7129, Train: 42.46%, Valid: 42.62%, Test In: 43.79% Test OOD1: 40.98% Test OOD2: 50.26% Test OOD3: 45.50% 
Epoch: 28, Loss: 0.7102, Train: 42.57%, Valid: 42.71%, Test In: 43.89% Test OOD1: 41.03% Test OOD2: 50.27% Test OOD3: 45.55% 
Epoch: 29, Loss: 0.7088, Train: 42.73%, Valid: 42.83%, Test In: 44.02% Test OOD1: 41.09% Test OOD2: 50.28% Test OOD3: 45.61% 
Epoch: 30, Loss: 0.7086, Train: 42.95%, Valid: 42.99%, Test In: 44.21% Test OOD1: 41.17% Test OOD2: 50.30% Test OOD3: 45.70% 
Epoch: 31, Loss: 0.7076, Train: 43.25%, Valid: 43.22%, Test In: 44.45% Test OOD1: 41.28% Test OOD2: 50.32% Test OOD3: 45.81% 
Epoch: 32, Loss: 0.7070, Train: 43.63%, Valid: 43.51%, Test In: 44.78% Test OOD1: 41.44% Test OOD2: 50.36% Test OOD3: 45.97% 
Epoch: 33, Loss: 0.7058, Train: 44.14%, Valid: 43.89%, Test In: 45.19% Test OOD1: 41.63% Test OOD2: 50.40% Test OOD3: 46.17% 
Epoch: 34, Loss: 0.7070, Train: 44.80%, Valid: 44.38%, Test In: 45.73% Test OOD1: 41.89% Test OOD2: 50.47% Test OOD3: 46.44% 
Epoch: 35, Loss: 0.7046, Train: 45.67%, Valid: 45.04%, Test In: 46.47% Test OOD1: 42.24% Test OOD2: 50.55% Test OOD3: 46.81% 
Epoch: 36, Loss: 0.7037, Train: 46.89%, Valid: 45.98%, Test In: 47.49% Test OOD1: 42.73% Test OOD2: 50.67% Test OOD3: 47.31% 
Epoch: 37, Loss: 0.7032, Train: 48.62%, Valid: 47.32%, Test In: 48.93% Test OOD1: 43.44% Test OOD2: 50.85% Test OOD3: 48.04% 
Epoch: 38, Loss: 0.7001, Train: 51.08%, Valid: 49.26%, Test In: 50.97% Test OOD1: 44.52% Test OOD2: 51.11% Test OOD3: 49.08% 
Epoch: 39, Loss: 0.7011, Train: 54.63%, Valid: 52.08%, Test In: 53.88% Test OOD1: 46.24% Test OOD2: 51.50% Test OOD3: 50.67% 
Epoch: 40, Loss: 0.6977, Train: 59.33%, Valid: 55.93%, Test In: 57.72% Test OOD1: 48.99% Test OOD2: 52.03% Test OOD3: 53.01% 
Epoch: 41, Loss: 0.6962, Train: 64.43%, Valid: 60.29%, Test In: 62.00% Test OOD1: 53.03% Test OOD2: 52.55% Test OOD3: 56.10% 
Epoch: 42, Loss: 0.6951, Train: 68.40%, Valid: 63.89%, Test In: 65.56% Test OOD1: 57.92% Test OOD2: 52.88% Test OOD3: 59.22% 
Epoch: 43, Loss: 0.6954, Train: 70.23%, Valid: 65.71%, Test In: 67.39% Test OOD1: 61.94% Test OOD2: 52.71% Test OOD3: 61.15% 
Epoch: 44, Loss: 0.6927, Train: 70.30%, Valid: 65.94%, Test In: 67.30% Test OOD1: 63.70% Test OOD2: 52.37% Test OOD3: 61.47% 
Epoch: 45, Loss: 0.6914, Train: 69.27%, Valid: 65.43%, Test In: 66.38% Test OOD1: 63.90% Test OOD2: 52.01% Test OOD3: 61.16% 
Epoch: 46, Loss: 0.6910, Train: 68.29%, Valid: 64.89%, Test In: 65.51% Test OOD1: 63.66% Test OOD2: 51.77% Test OOD3: 60.80% 
Epoch: 47, Loss: 0.6898, Train: 67.62%, Valid: 64.47%, Test In: 64.89% Test OOD1: 63.47% Test OOD2: 51.61% Test OOD3: 60.51% 
Epoch: 48, Loss: 0.6882, Train: 67.13%, Valid: 64.18%, Test In: 64.44% Test OOD1: 63.33% Test OOD2: 51.51% Test OOD3: 60.29% 
Epoch: 49, Loss: 0.6881, Train: 66.78%, Valid: 63.96%, Test In: 64.11% Test OOD1: 63.23% Test OOD2: 51.45% Test OOD3: 60.13% 
Epoch: 50, Loss: 0.6851, Train: 66.51%, Valid: 63.79%, Test In: 63.86% Test OOD1: 63.14% Test OOD2: 51.40% Test OOD3: 60.00% 
Epoch: 51, Loss: 0.6854, Train: 66.30%, Valid: 63.66%, Test In: 63.67% Test OOD1: 63.09% Test OOD2: 51.37% Test OOD3: 59.92% 
Epoch: 52, Loss: 0.6841, Train: 66.15%, Valid: 63.56%, Test In: 63.53% Test OOD1: 63.05% Test OOD2: 51.35% Test OOD3: 59.85% 
Epoch: 53, Loss: 0.6835, Train: 66.04%, Valid: 63.48%, Test In: 63.42% Test OOD1: 63.02% Test OOD2: 51.34% Test OOD3: 59.81% 
Epoch: 54, Loss: 0.6808, Train: 65.97%, Valid: 63.43%, Test In: 63.35% Test OOD1: 63.01% Test OOD2: 51.34% Test OOD3: 59.79% 
Epoch: 55, Loss: 0.6796, Train: 65.92%, Valid: 63.39%, Test In: 63.30% Test OOD1: 63.01% Test OOD2: 51.34% Test OOD3: 59.78% 
Epoch: 56, Loss: 0.6790, Train: 65.90%, Valid: 63.37%, Test In: 63.27% Test OOD1: 63.01% Test OOD2: 51.34% Test OOD3: 59.78% 
Epoch: 57, Loss: 0.6781, Train: 65.89%, Valid: 63.36%, Test In: 63.25% Test OOD1: 63.02% Test OOD2: 51.34% Test OOD3: 59.78% 
Epoch: 58, Loss: 0.6778, Train: 65.90%, Valid: 63.36%, Test In: 63.24% Test OOD1: 63.03% Test OOD2: 51.35% Test OOD3: 59.79% 
Epoch: 59, Loss: 0.6757, Train: 65.91%, Valid: 63.37%, Test In: 63.24% Test OOD1: 63.06% Test OOD2: 51.36% Test OOD3: 59.80% 
Epoch: 60, Loss: 0.6752, Train: 65.93%, Valid: 63.40%, Test In: 63.26% Test OOD1: 63.09% Test OOD2: 51.36% Test OOD3: 59.82% 
Epoch: 61, Loss: 0.6750, Train: 65.97%, Valid: 63.44%, Test In: 63.28% Test OOD1: 63.12% Test OOD2: 51.37% Test OOD3: 59.85% 
Epoch: 62, Loss: 0.6731, Train: 66.02%, Valid: 63.49%, Test In: 63.32% Test OOD1: 63.16% Test OOD2: 51.37% Test OOD3: 59.88% 
Epoch: 63, Loss: 0.6717, Train: 66.09%, Valid: 63.55%, Test In: 63.38% Test OOD1: 63.21% Test OOD2: 51.38% Test OOD3: 59.92% 
Epoch: 64, Loss: 0.6719, Train: 66.19%, Valid: 63.63%, Test In: 63.46% Test OOD1: 63.27% Test OOD2: 51.40% Test OOD3: 59.97% 
Epoch: 65, Loss: 0.6692, Train: 66.33%, Valid: 63.74%, Test In: 63.58% Test OOD1: 63.35% Test OOD2: 51.42% Test OOD3: 60.05% 
Epoch: 66, Loss: 0.6678, Train: 66.49%, Valid: 63.87%, Test In: 63.72% Test OOD1: 63.45% Test OOD2: 51.46% Test OOD3: 60.14% 
Epoch: 67, Loss: 0.6672, Train: 66.69%, Valid: 64.02%, Test In: 63.89% Test OOD1: 63.56% Test OOD2: 51.49% Test OOD3: 60.24% 
Epoch: 68, Loss: 0.6655, Train: 66.91%, Valid: 64.18%, Test In: 64.07% Test OOD1: 63.68% Test OOD2: 51.54% Test OOD3: 60.36% 
Epoch: 69, Loss: 0.6649, Train: 67.13%, Valid: 64.37%, Test In: 64.28% Test OOD1: 63.82% Test OOD2: 51.58% Test OOD3: 60.49% 
Epoch: 70, Loss: 0.6618, Train: 67.39%, Valid: 64.56%, Test In: 64.50% Test OOD1: 63.95% Test OOD2: 51.63% Test OOD3: 60.63% 
Epoch: 71, Loss: 0.6619, Train: 67.68%, Valid: 64.78%, Test In: 64.75% Test OOD1: 64.11% Test OOD2: 51.69% Test OOD3: 60.79% 
Epoch: 72, Loss: 0.6600, Train: 68.00%, Valid: 65.01%, Test In: 65.03% Test OOD1: 64.28% Test OOD2: 51.76% Test OOD3: 60.96% 
Epoch: 73, Loss: 0.6592, Train: 68.33%, Valid: 65.27%, Test In: 65.33% Test OOD1: 64.46% Test OOD2: 51.83% Test OOD3: 61.14% 
Epoch: 74, Loss: 0.6560, Train: 68.68%, Valid: 65.53%, Test In: 65.63% Test OOD1: 64.64% Test OOD2: 51.89% Test OOD3: 61.32% 
Epoch: 75, Loss: 0.6548, Train: 69.04%, Valid: 65.81%, Test In: 65.94% Test OOD1: 64.83% Test OOD2: 51.97% Test OOD3: 61.50% 
Epoch: 76, Loss: 0.6539, Train: 69.39%, Valid: 66.08%, Test In: 66.25% Test OOD1: 65.02% Test OOD2: 52.04% Test OOD3: 61.69% 
Epoch: 77, Loss: 0.6518, Train: 69.77%, Valid: 66.37%, Test In: 66.58% Test OOD1: 65.22% Test OOD2: 52.12% Test OOD3: 61.88% 
Epoch: 78, Loss: 0.6505, Train: 70.15%, Valid: 66.67%, Test In: 66.92% Test OOD1: 65.42% Test OOD2: 52.22% Test OOD3: 62.07% 
Epoch: 79, Loss: 0.6499, Train: 70.54%, Valid: 66.96%, Test In: 67.27% Test OOD1: 65.62% Test OOD2: 52.31% Test OOD3: 62.25% 
Epoch: 80, Loss: 0.6475, Train: 70.90%, Valid: 67.24%, Test In: 67.57% Test OOD1: 65.81% Test OOD2: 52.40% Test OOD3: 62.43% 
Epoch: 81, Loss: 0.6465, Train: 71.23%, Valid: 67.48%, Test In: 67.85% Test OOD1: 66.00% Test OOD2: 52.47% Test OOD3: 62.60% 
Epoch: 82, Loss: 0.6435, Train: 71.57%, Valid: 67.73%, Test In: 68.13% Test OOD1: 66.15% Test OOD2: 52.56% Test OOD3: 62.76% 
Epoch: 83, Loss: 0.6427, Train: 71.94%, Valid: 67.97%, Test In: 68.41% Test OOD1: 66.25% Test OOD2: 52.68% Test OOD3: 62.90% 
Epoch: 84, Loss: 0.6402, Train: 72.22%, Valid: 68.16%, Test In: 68.62% Test OOD1: 66.36% Test OOD2: 52.75% Test OOD3: 63.03% 
Epoch: 85, Loss: 0.6392, Train: 72.44%, Valid: 68.32%, Test In: 68.80% Test OOD1: 66.48% Test OOD2: 52.80% Test OOD3: 63.14% 
Epoch: 86, Loss: 0.6383, Train: 72.68%, Valid: 68.48%, Test In: 68.97% Test OOD1: 66.54% Test OOD2: 52.86% Test OOD3: 63.24% 
Epoch: 87, Loss: 0.6373, Train: 72.93%, Valid: 68.63%, Test In: 69.12% Test OOD1: 66.54% Test OOD2: 52.96% Test OOD3: 63.32% 
Epoch: 88, Loss: 0.6338, Train: 73.06%, Valid: 68.73%, Test In: 69.22% Test OOD1: 66.65% Test OOD2: 52.97% Test OOD3: 63.38% 
Epoch: 89, Loss: 0.6332, Train: 73.22%, Valid: 68.83%, Test In: 69.32% Test OOD1: 66.69% Test OOD2: 53.01% Test OOD3: 63.43% 
Epoch: 90, Loss: 0.6291, Train: 73.36%, Valid: 68.90%, Test In: 69.41% Test OOD1: 66.70% Test OOD2: 53.06% Test OOD3: 63.47% 
Epoch: 91, Loss: 0.6295, Train: 73.53%, Valid: 68.97%, Test In: 69.48% Test OOD1: 66.63% Test OOD2: 53.14% Test OOD3: 63.49% 
Epoch: 92, Loss: 0.6286, Train: 73.60%, Valid: 69.01%, Test In: 69.52% Test OOD1: 66.71% Test OOD2: 53.13% Test OOD3: 63.51% 
Epoch: 93, Loss: 0.6291, Train: 73.68%, Valid: 69.04%, Test In: 69.56% Test OOD1: 66.74% Test OOD2: 53.14% Test OOD3: 63.52% 
Epoch: 94, Loss: 0.6256, Train: 73.76%, Valid: 69.06%, Test In: 69.58% Test OOD1: 66.75% Test OOD2: 53.15% Test OOD3: 63.52% 
Epoch: 95, Loss: 0.6236, Train: 73.82%, Valid: 69.07%, Test In: 69.59% Test OOD1: 66.77% Test OOD2: 53.15% Test OOD3: 63.52% 
Epoch: 96, Loss: 0.6221, Train: 73.89%, Valid: 69.07%, Test In: 69.60% Test OOD1: 66.75% Test OOD2: 53.16% Test OOD3: 63.51% 
Epoch: 97, Loss: 0.6235, Train: 73.96%, Valid: 69.08%, Test In: 69.60% Test OOD1: 66.73% Test OOD2: 53.17% Test OOD3: 63.49% 
Epoch: 98, Loss: 0.6225, Train: 74.05%, Valid: 69.08%, Test In: 69.59% Test OOD1: 66.64% Test OOD2: 53.21% Test OOD3: 63.46% 
Epoch: 99, Loss: 0.6195, Train: 74.04%, Valid: 69.06%, Test In: 69.57% Test OOD1: 66.73% Test OOD2: 53.17% Test OOD3: 63.45% 
Epoch: 100, Loss: 0.6201, Train: 74.02%, Valid: 69.02%, Test In: 69.53% Test OOD1: 66.80% Test OOD2: 53.15% Test OOD3: 63.44% 
Epoch: 101, Loss: 0.6181, Train: 74.15%, Valid: 69.00%, Test In: 69.53% Test OOD1: 66.58% Test OOD2: 53.23% Test OOD3: 63.40% 
Epoch: 102, Loss: 0.6167, Train: 74.22%, Valid: 68.95%, Test In: 69.50% Test OOD1: 66.41% Test OOD2: 53.29% Test OOD3: 63.35% 
Epoch: 103, Loss: 0.6158, Train: 74.14%, Valid: 68.93%, Test In: 69.47% Test OOD1: 66.60% Test OOD2: 53.22% Test OOD3: 63.37% 
Epoch: 104, Loss: 0.6128, Train: 74.10%, Valid: 68.90%, Test In: 69.44% Test OOD1: 66.68% Test OOD2: 53.17% Test OOD3: 63.37% 
Epoch: 105, Loss: 0.6132, Train: 74.25%, Valid: 68.90%, Test In: 69.46% Test OOD1: 66.45% Test OOD2: 53.26% Test OOD3: 63.33% 
Epoch: 106, Loss: 0.6124, Train: 74.39%, Valid: 68.86%, Test In: 69.43% Test OOD1: 66.10% Test OOD2: 53.38% Test OOD3: 63.25% 
Epoch: 107, Loss: 0.6121, Train: 74.39%, Valid: 68.86%, Test In: 69.42% Test OOD1: 66.18% Test OOD2: 53.34% Test OOD3: 63.25% 
Epoch: 108, Loss: 0.6124, Train: 74.30%, Valid: 68.85%, Test In: 69.41% Test OOD1: 66.41% Test OOD2: 53.25% Test OOD3: 63.28% 
Epoch: 109, Loss: 0.6111, Train: 74.31%, Valid: 68.85%, Test In: 69.39% Test OOD1: 66.43% Test OOD2: 53.24% Test OOD3: 63.26% 
Epoch: 110, Loss: 0.6089, Train: 74.44%, Valid: 68.86%, Test In: 69.40% Test OOD1: 66.22% Test OOD2: 53.32% Test OOD3: 63.22% 
Epoch: 111, Loss: 0.6096, Train: 74.54%, Valid: 68.83%, Test In: 69.36% Test OOD1: 65.96% Test OOD2: 53.41% Test OOD3: 63.14% 
Epoch: 112, Loss: 0.6077, Train: 74.52%, Valid: 68.82%, Test In: 69.34% Test OOD1: 66.01% Test OOD2: 53.39% Test OOD3: 63.13% 
Epoch: 113, Loss: 0.6030, Train: 74.48%, Valid: 68.82%, Test In: 69.32% Test OOD1: 66.14% Test OOD2: 53.34% Test OOD3: 63.13% 
Epoch: 114, Loss: 0.6076, Train: 74.48%, Valid: 68.82%, Test In: 69.31% Test OOD1: 66.19% Test OOD2: 53.32% Test OOD3: 63.12% 
Epoch: 115, Loss: 0.6058, Train: 74.59%, Valid: 68.85%, Test In: 69.32% Test OOD1: 66.06% Test OOD2: 53.35% Test OOD3: 63.08% 
Epoch: 116, Loss: 0.6007, Train: 74.69%, Valid: 68.84%, Test In: 69.30% Test OOD1: 65.88% Test OOD2: 53.40% Test OOD3: 63.02% 
Epoch: 117, Loss: 0.6040, Train: 74.70%, Valid: 68.84%, Test In: 69.30% Test OOD1: 65.92% Test OOD2: 53.38% Test OOD3: 63.01% 
Epoch: 118, Loss: 0.6011, Train: 74.69%, Valid: 68.84%, Test In: 69.30% Test OOD1: 66.02% Test OOD2: 53.34% Test OOD3: 63.01% 
Epoch: 119, Loss: 0.5981, Train: 74.70%, Valid: 68.83%, Test In: 69.29% Test OOD1: 66.03% Test OOD2: 53.32% Test OOD3: 63.00% 
Epoch: 120, Loss: 0.5959, Train: 74.73%, Valid: 68.79%, Test In: 69.27% Test OOD1: 65.90% Test OOD2: 53.36% Test OOD3: 62.95% 
Epoch: 121, Loss: 0.5951, Train: 74.78%, Valid: 68.76%, Test In: 69.24% Test OOD1: 65.78% Test OOD2: 53.39% Test OOD3: 62.90% 
Epoch: 122, Loss: 0.5950, Train: 74.84%, Valid: 68.76%, Test In: 69.25% Test OOD1: 65.75% Test OOD2: 53.38% Test OOD3: 62.88% 
Epoch: 123, Loss: 0.5954, Train: 74.87%, Valid: 68.80%, Test In: 69.29% Test OOD1: 65.87% Test OOD2: 53.31% Test OOD3: 62.91% 
Epoch: 124, Loss: 0.5929, Train: 74.89%, Valid: 68.82%, Test In: 69.32% Test OOD1: 65.97% Test OOD2: 53.26% Test OOD3: 62.92% 
Epoch: 125, Loss: 0.5889, Train: 74.95%, Valid: 68.83%, Test In: 69.33% Test OOD1: 65.92% Test OOD2: 53.26% Test OOD3: 62.90% 
Epoch: 126, Loss: 0.5900, Train: 75.03%, Valid: 68.82%, Test In: 69.33% Test OOD1: 65.77% Test OOD2: 53.30% Test OOD3: 62.85% 
Epoch: 127, Loss: 0.5918, Train: 75.04%, Valid: 68.78%, Test In: 69.31% Test OOD1: 65.68% Test OOD2: 53.32% Test OOD3: 62.82% 
Epoch: 128, Loss: 0.5886, Train: 75.12%, Valid: 68.80%, Test In: 69.34% Test OOD1: 65.63% Test OOD2: 53.31% Test OOD3: 62.81% 
Epoch: 129, Loss: 0.5917, Train: 75.19%, Valid: 68.86%, Test In: 69.38% Test OOD1: 65.74% Test OOD2: 53.24% Test OOD3: 62.84% 
Epoch: 130, Loss: 0.5899, Train: 75.25%, Valid: 68.89%, Test In: 69.40% Test OOD1: 65.76% Test OOD2: 53.20% Test OOD3: 62.83% 
Epoch: 131, Loss: 0.5828, Train: 75.26%, Valid: 68.84%, Test In: 69.36% Test OOD1: 65.70% Test OOD2: 53.21% Test OOD3: 62.79% 
Epoch: 132, Loss: 0.5882, Train: 75.22%, Valid: 68.77%, Test In: 69.30% Test OOD1: 65.61% Test OOD2: 53.24% Test OOD3: 62.74% 
Epoch: 133, Loss: 0.5837, Train: 75.25%, Valid: 68.73%, Test In: 69.26% Test OOD1: 65.51% Test OOD2: 53.26% Test OOD3: 62.69% 
Epoch: 134, Loss: 0.5828, Train: 75.32%, Valid: 68.73%, Test In: 69.27% Test OOD1: 65.47% Test OOD2: 53.25% Test OOD3: 62.67% 
Epoch: 135, Loss: 0.5774, Train: 75.42%, Valid: 68.79%, Test In: 69.31% Test OOD1: 65.54% Test OOD2: 53.19% Test OOD3: 62.67% 
Epoch: 136, Loss: 0.5808, Train: 75.45%, Valid: 68.79%, Test In: 69.31% Test OOD1: 65.58% Test OOD2: 53.15% Test OOD3: 62.66% 
Epoch: 137, Loss: 0.5804, Train: 75.42%, Valid: 68.75%, Test In: 69.28% Test OOD1: 65.55% Test OOD2: 53.14% Test OOD3: 62.63% 
Epoch: 138, Loss: 0.5771, Train: 75.42%, Valid: 68.71%, Test In: 69.24% Test OOD1: 65.48% Test OOD2: 53.15% Test OOD3: 62.59% 
Epoch: 139, Loss: 0.5722, Train: 75.45%, Valid: 68.68%, Test In: 69.21% Test OOD1: 65.40% Test OOD2: 53.16% Test OOD3: 62.55% 
Epoch: 140, Loss: 0.5758, Train: 75.54%, Valid: 68.72%, Test In: 69.25% Test OOD1: 65.45% Test OOD2: 53.11% Test OOD3: 62.56% 
Epoch: 141, Loss: 0.5731, Train: 75.60%, Valid: 68.73%, Test In: 69.27% Test OOD1: 65.45% Test OOD2: 53.07% Test OOD3: 62.55% 
Epoch: 142, Loss: 0.5773, Train: 75.67%, Valid: 68.72%, Test In: 69.28% Test OOD1: 65.37% Test OOD2: 53.07% Test OOD3: 62.52% 
Epoch: 143, Loss: 0.5701, Train: 75.70%, Valid: 68.68%, Test In: 69.26% Test OOD1: 65.26% Test OOD2: 53.10% Test OOD3: 62.48% 
Epoch: 144, Loss: 0.5678, Train: 75.68%, Valid: 68.64%, Test In: 69.24% Test OOD1: 65.25% Test OOD2: 53.08% Test OOD3: 62.47% 
Epoch: 145, Loss: 0.5699, Train: 75.73%, Valid: 68.66%, Test In: 69.26% Test OOD1: 65.29% Test OOD2: 53.02% Test OOD3: 62.48% 
Epoch: 146, Loss: 0.5691, Train: 75.89%, Valid: 68.71%, Test In: 69.32% Test OOD1: 65.25% Test OOD2: 52.98% Test OOD3: 62.47% 
Epoch: 147, Loss: 0.5668, Train: 76.01%, Valid: 68.72%, Test In: 69.34% Test OOD1: 65.14% Test OOD2: 52.98% Test OOD3: 62.44% 
Epoch: 148, Loss: 0.5644, Train: 75.92%, Valid: 68.64%, Test In: 69.29% Test OOD1: 65.10% Test OOD2: 52.99% Test OOD3: 62.41% 
Epoch: 149, Loss: 0.5617, Train: 75.80%, Valid: 68.58%, Test In: 69.24% Test OOD1: 65.09% Test OOD2: 52.98% Test OOD3: 62.39% 
Epoch: 150, Loss: 0.5602, Train: 75.85%, Valid: 68.58%, Test In: 69.24% Test OOD1: 65.02% Test OOD2: 52.98% Test OOD3: 62.36% 
Epoch: 151, Loss: 0.5638, Train: 76.05%, Valid: 68.63%, Test In: 69.28% Test OOD1: 65.00% Test OOD2: 52.94% Test OOD3: 62.36% 
Epoch: 152, Loss: 0.5609, Train: 76.20%, Valid: 68.70%, Test In: 69.33% Test OOD1: 65.04% Test OOD2: 52.88% Test OOD3: 62.37% 
Epoch: 153, Loss: 0.5582, Train: 76.20%, Valid: 68.68%, Test In: 69.32% Test OOD1: 65.05% Test OOD2: 52.86% Test OOD3: 62.36% 
Epoch: 154, Loss: 0.5560, Train: 76.09%, Valid: 68.59%, Test In: 69.26% Test OOD1: 64.98% Test OOD2: 52.89% Test OOD3: 62.32% 
Epoch: 155, Loss: 0.5498, Train: 76.08%, Valid: 68.55%, Test In: 69.23% Test OOD1: 64.82% Test OOD2: 52.93% Test OOD3: 62.25% 
Epoch: 156, Loss: 0.5578, Train: 76.23%, Valid: 68.58%, Test In: 69.26% Test OOD1: 64.86% Test OOD2: 52.88% Test OOD3: 62.26% 
Epoch: 157, Loss: 0.5519, Train: 76.35%, Valid: 68.63%, Test In: 69.31% Test OOD1: 65.02% Test OOD2: 52.78% Test OOD3: 62.31% 
Epoch: 158, Loss: 0.5481, Train: 76.38%, Valid: 68.63%, Test In: 69.31% Test OOD1: 65.05% Test OOD2: 52.77% Test OOD3: 62.31% 
Epoch: 159, Loss: 0.5523, Train: 76.41%, Valid: 68.62%, Test In: 69.30% Test OOD1: 65.00% Test OOD2: 52.80% Test OOD3: 62.28% 
Epoch: 160, Loss: 0.5496, Train: 76.43%, Valid: 68.61%, Test In: 69.29% Test OOD1: 64.89% Test OOD2: 52.86% Test OOD3: 62.23% 
Epoch: 161, Loss: 0.5487, Train: 76.48%, Valid: 68.62%, Test In: 69.30% Test OOD1: 64.88% Test OOD2: 52.86% Test OOD3: 62.22% 
Epoch: 162, Loss: 0.5495, Train: 76.57%, Valid: 68.66%, Test In: 69.33% Test OOD1: 65.01% Test OOD2: 52.80% Test OOD3: 62.26% 
Epoch: 163, Loss: 0.5472, Train: 76.70%, Valid: 68.70%, Test In: 69.36% Test OOD1: 64.99% Test OOD2: 52.79% Test OOD3: 62.26% 
Epoch: 164, Loss: 0.5437, Train: 76.84%, Valid: 68.75%, Test In: 69.39% Test OOD1: 64.94% Test OOD2: 52.80% Test OOD3: 62.23% 
Epoch: 165, Loss: 0.5411, Train: 76.84%, Valid: 68.75%, Test In: 69.39% Test OOD1: 64.94% Test OOD2: 52.80% Test OOD3: 62.22% 
Epoch: 166, Loss: 0.5410, Train: 76.83%, Valid: 68.73%, Test In: 69.39% Test OOD1: 64.97% Test OOD2: 52.78% Test OOD3: 62.22% 
Epoch: 167, Loss: 0.5388, Train: 77.01%, Valid: 68.79%, Test In: 69.43% Test OOD1: 64.92% Test OOD2: 52.75% Test OOD3: 62.19% 
Epoch: 168, Loss: 0.5378, Train: 77.19%, Valid: 68.84%, Test In: 69.47% Test OOD1: 64.88% Test OOD2: 52.70% Test OOD3: 62.17% 
Epoch: 169, Loss: 0.5394, Train: 77.18%, Valid: 68.84%, Test In: 69.47% Test OOD1: 64.86% Test OOD2: 52.71% Test OOD3: 62.15% 
Epoch: 170, Loss: 0.5356, Train: 77.09%, Valid: 68.81%, Test In: 69.45% Test OOD1: 64.92% Test OOD2: 52.68% Test OOD3: 62.17% 
Epoch: 171, Loss: 0.5282, Train: 77.23%, Valid: 68.83%, Test In: 69.47% Test OOD1: 64.73% Test OOD2: 52.69% Test OOD3: 62.12% 
Epoch: 172, Loss: 0.5331, Train: 77.42%, Valid: 68.86%, Test In: 69.49% Test OOD1: 64.62% Test OOD2: 52.65% Test OOD3: 62.10% 
Epoch: 173, Loss: 0.5340, Train: 77.39%, Valid: 68.86%, Test In: 69.49% Test OOD1: 64.79% Test OOD2: 52.57% Test OOD3: 62.17% 
Epoch: 174, Loss: 0.5305, Train: 77.33%, Valid: 68.84%, Test In: 69.47% Test OOD1: 64.88% Test OOD2: 52.52% Test OOD3: 62.21% 
Epoch: 175, Loss: 0.5332, Train: 77.50%, Valid: 68.87%, Test In: 69.51% Test OOD1: 64.65% Test OOD2: 52.56% Test OOD3: 62.15% 
Epoch: 176, Loss: 0.5271, Train: 77.64%, Valid: 68.85%, Test In: 69.52% Test OOD1: 64.39% Test OOD2: 52.59% Test OOD3: 62.07% 
Epoch: 177, Loss: 0.5205, Train: 77.62%, Valid: 68.84%, Test In: 69.53% Test OOD1: 64.45% Test OOD2: 52.55% Test OOD3: 62.10% 
Epoch: 178, Loss: 0.5216, Train: 77.56%, Valid: 68.82%, Test In: 69.51% Test OOD1: 64.60% Test OOD2: 52.46% Test OOD3: 62.14% 
Epoch: 179, Loss: 0.5278, Train: 77.70%, Valid: 68.84%, Test In: 69.54% Test OOD1: 64.49% Test OOD2: 52.45% Test OOD3: 62.11% 
Epoch: 180, Loss: 0.5241, Train: 77.92%, Valid: 68.87%, Test In: 69.58% Test OOD1: 64.27% Test OOD2: 52.46% Test OOD3: 62.03% 
Epoch: 181, Loss: 0.5222, Train: 77.96%, Valid: 68.86%, Test In: 69.60% Test OOD1: 64.15% Test OOD2: 52.45% Test OOD3: 61.99% 
Epoch: 182, Loss: 0.5178, Train: 77.91%, Valid: 68.83%, Test In: 69.58% Test OOD1: 64.16% Test OOD2: 52.42% Test OOD3: 61.97% 
Epoch: 183, Loss: 0.5230, Train: 78.02%, Valid: 68.82%, Test In: 69.57% Test OOD1: 64.27% Test OOD2: 52.32% Test OOD3: 61.99% 
Epoch: 184, Loss: 0.5176, Train: 78.21%, Valid: 68.82%, Test In: 69.58% Test OOD1: 64.12% Test OOD2: 52.30% Test OOD3: 61.93% 
Epoch: 185, Loss: 0.5142, Train: 78.32%, Valid: 68.80%, Test In: 69.56% Test OOD1: 63.98% Test OOD2: 52.29% Test OOD3: 61.87% 
Epoch: 186, Loss: 0.5147, Train: 78.28%, Valid: 68.76%, Test In: 69.52% Test OOD1: 63.97% Test OOD2: 52.27% Test OOD3: 61.86% 
Epoch: 187, Loss: 0.5144, Train: 78.27%, Valid: 68.72%, Test In: 69.49% Test OOD1: 64.09% Test OOD2: 52.19% Test OOD3: 61.90% 
Epoch: 188, Loss: 0.5102, Train: 78.43%, Valid: 68.72%, Test In: 69.48% Test OOD1: 64.02% Test OOD2: 52.15% Test OOD3: 61.90% 
Epoch: 189, Loss: 0.5102, Train: 78.54%, Valid: 68.68%, Test In: 69.45% Test OOD1: 63.82% Test OOD2: 52.18% Test OOD3: 61.82% 
Epoch: 190, Loss: 0.5035, Train: 78.51%, Valid: 68.63%, Test In: 69.41% Test OOD1: 63.82% Test OOD2: 52.16% Test OOD3: 61.82% 
Epoch: 191, Loss: 0.5104, Train: 78.51%, Valid: 68.60%, Test In: 69.39% Test OOD1: 63.89% Test OOD2: 52.10% Test OOD3: 61.85% 
Epoch: 192, Loss: 0.5030, Train: 78.63%, Valid: 68.60%, Test In: 69.38% Test OOD1: 63.88% Test OOD2: 52.05% Test OOD3: 61.85% 
Epoch: 193, Loss: 0.5021, Train: 78.74%, Valid: 68.61%, Test In: 69.41% Test OOD1: 63.83% Test OOD2: 52.05% Test OOD3: 61.83% 
Epoch: 194, Loss: 0.5008, Train: 78.77%, Valid: 68.61%, Test In: 69.41% Test OOD1: 63.80% Test OOD2: 52.05% Test OOD3: 61.82% 
Epoch: 195, Loss: 0.5056, Train: 78.82%, Valid: 68.63%, Test In: 69.44% Test OOD1: 63.87% Test OOD2: 52.03% Test OOD3: 61.86% 
Epoch: 196, Loss: 0.5005, Train: 78.96%, Valid: 68.67%, Test In: 69.47% Test OOD1: 63.91% Test OOD2: 51.99% Test OOD3: 61.88% 
Epoch: 197, Loss: 0.5003, Train: 79.07%, Valid: 68.69%, Test In: 69.50% Test OOD1: 63.86% Test OOD2: 51.98% Test OOD3: 61.87% 
Epoch: 198, Loss: 0.4935, Train: 79.11%, Valid: 68.66%, Test In: 69.53% Test OOD1: 63.67% Test OOD2: 52.02% Test OOD3: 61.80% 
Epoch: 199, Loss: 0.4967, Train: 79.14%, Valid: 68.64%, Test In: 69.55% Test OOD1: 63.71% Test OOD2: 52.03% Test OOD3: 61.83% 
Run 01:
Highest Train: 79.14
Highest Valid: 69.08
Highest In Test: 69.60
Highest OOD Test: 66.80
Highest OOD Test: 53.41
Highest OOD Test: 63.52
Chosen epoch: 98
Final Train: 73.96
Final In Test: 69.60
Final OOD Test: 66.73
Final OOD Test: 53.17
Final OOD Test: 63.49
Epoch: 00, Loss: 0.7663, Train: 50.61%, Valid: 50.49%, Test In: 50.98% Test OOD1: 51.12% Test OOD2: 50.09% Test OOD3: 48.69% 
Epoch: 01, Loss: 0.7655, Train: 51.77%, Valid: 51.00%, Test In: 51.67% Test OOD1: 50.41% Test OOD2: 50.63% Test OOD3: 49.72% 
Epoch: 02, Loss: 0.7646, Train: 52.58%, Valid: 51.64%, Test In: 52.23% Test OOD1: 49.44% Test OOD2: 51.04% Test OOD3: 50.63% 
Epoch: 03, Loss: 0.7639, Train: 53.90%, Valid: 52.67%, Test In: 53.32% Test OOD1: 49.55% Test OOD2: 51.24% Test OOD3: 51.50% 
Epoch: 04, Loss: 0.7631, Train: 54.93%, Valid: 53.53%, Test In: 54.03% Test OOD1: 49.79% Test OOD2: 51.36% Test OOD3: 52.08% 
Epoch: 05, Loss: 0.7623, Train: 55.57%, Valid: 53.89%, Test In: 54.46% Test OOD1: 49.62% Test OOD2: 51.48% Test OOD3: 52.20% 
Epoch: 06, Loss: 0.7615, Train: 55.58%, Valid: 53.75%, Test In: 54.34% Test OOD1: 49.05% Test OOD2: 51.54% Test OOD3: 51.99% 
Epoch: 07, Loss: 0.7606, Train: 54.91%, Valid: 53.16%, Test In: 53.80% Test OOD1: 48.25% Test OOD2: 51.57% Test OOD3: 51.60% 
Epoch: 08, Loss: 0.7598, Train: 54.00%, Valid: 52.39%, Test In: 53.12% Test OOD1: 47.43% Test OOD2: 51.54% Test OOD3: 51.17% 
Epoch: 09, Loss: 0.7587, Train: 53.07%, Valid: 51.57%, Test In: 52.40% Test OOD1: 46.63% Test OOD2: 51.47% Test OOD3: 50.72% 
Epoch: 10, Loss: 0.7576, Train: 52.20%, Valid: 50.82%, Test In: 51.76% Test OOD1: 45.95% Test OOD2: 51.39% Test OOD3: 50.27% 
Epoch: 11, Loss: 0.7566, Train: 51.37%, Valid: 50.13%, Test In: 51.13% Test OOD1: 45.38% Test OOD2: 51.30% Test OOD3: 49.84% 
Epoch: 12, Loss: 0.7553, Train: 50.63%, Valid: 49.52%, Test In: 50.56% Test OOD1: 44.89% Test OOD2: 51.21% Test OOD3: 49.44% 
Epoch: 13, Loss: 0.7539, Train: 49.95%, Valid: 48.94%, Test In: 50.04% Test OOD1: 44.44% Test OOD2: 51.12% Test OOD3: 49.07% 
Epoch: 14, Loss: 0.7524, Train: 49.33%, Valid: 48.42%, Test In: 49.54% Test OOD1: 44.10% Test OOD2: 51.05% Test OOD3: 48.76% 
Epoch: 15, Loss: 0.7506, Train: 48.75%, Valid: 47.95%, Test In: 49.08% Test OOD1: 43.81% Test OOD2: 50.98% Test OOD3: 48.47% 
Epoch: 16, Loss: 0.7486, Train: 48.28%, Valid: 47.56%, Test In: 48.70% Test OOD1: 43.57% Test OOD2: 50.93% Test OOD3: 48.25% 
Epoch: 17, Loss: 0.7467, Train: 47.92%, Valid: 47.24%, Test In: 48.40% Test OOD1: 43.39% Test OOD2: 50.89% Test OOD3: 48.07% 
Epoch: 18, Loss: 0.7449, Train: 47.66%, Valid: 47.04%, Test In: 48.19% Test OOD1: 43.27% Test OOD2: 50.86% Test OOD3: 47.95% 
Epoch: 19, Loss: 0.7425, Train: 47.53%, Valid: 46.94%, Test In: 48.08% Test OOD1: 43.20% Test OOD2: 50.84% Test OOD3: 47.86% 
Epoch: 20, Loss: 0.7407, Train: 47.57%, Valid: 46.98%, Test In: 48.14% Test OOD1: 43.21% Test OOD2: 50.84% Test OOD3: 47.86% 
Epoch: 21, Loss: 0.7381, Train: 47.84%, Valid: 47.21%, Test In: 48.38% Test OOD1: 43.31% Test OOD2: 50.86% Test OOD3: 47.94% 
Epoch: 22, Loss: 0.7363, Train: 48.39%, Valid: 47.67%, Test In: 48.86% Test OOD1: 43.52% Test OOD2: 50.91% Test OOD3: 48.14% 
Epoch: 23, Loss: 0.7340, Train: 49.26%, Valid: 48.42%, Test In: 49.62% Test OOD1: 43.85% Test OOD2: 50.99% Test OOD3: 48.44% 
Epoch: 24, Loss: 0.7313, Train: 50.53%, Valid: 49.49%, Test In: 50.72% Test OOD1: 44.35% Test OOD2: 51.11% Test OOD3: 48.90% 
Epoch: 25, Loss: 0.7290, Train: 52.17%, Valid: 50.86%, Test In: 52.13% Test OOD1: 45.04% Test OOD2: 51.26% Test OOD3: 49.51% 
Epoch: 26, Loss: 0.7266, Train: 54.06%, Valid: 52.46%, Test In: 53.76% Test OOD1: 45.88% Test OOD2: 51.45% Test OOD3: 50.24% 
Epoch: 27, Loss: 0.7238, Train: 55.96%, Valid: 54.06%, Test In: 55.38% Test OOD1: 46.79% Test OOD2: 51.65% Test OOD3: 50.97% 
Epoch: 28, Loss: 0.7214, Train: 57.34%, Valid: 55.21%, Test In: 56.55% Test OOD1: 47.51% Test OOD2: 51.80% Test OOD3: 51.53% 
Epoch: 29, Loss: 0.7186, Train: 57.95%, Valid: 55.68%, Test In: 57.05% Test OOD1: 47.86% Test OOD2: 51.87% Test OOD3: 51.79% 
Epoch: 30, Loss: 0.7166, Train: 57.66%, Valid: 55.40%, Test In: 56.79% Test OOD1: 47.76% Test OOD2: 51.86% Test OOD3: 51.70% 
Epoch: 31, Loss: 0.7139, Train: 56.60%, Valid: 54.44%, Test In: 55.88% Test OOD1: 47.27% Test OOD2: 51.77% Test OOD3: 51.31% 
Epoch: 32, Loss: 0.7106, Train: 55.05%, Valid: 53.07%, Test In: 54.55% Test OOD1: 46.56% Test OOD2: 51.63% Test OOD3: 50.74% 
Epoch: 33, Loss: 0.7082, Train: 53.39%, Valid: 51.62%, Test In: 53.10% Test OOD1: 45.82% Test OOD2: 51.48% Test OOD3: 50.13% 
Epoch: 34, Loss: 0.7071, Train: 51.91%, Valid: 50.34%, Test In: 51.82% Test OOD1: 45.20% Test OOD2: 51.35% Test OOD3: 49.60% 
Epoch: 35, Loss: 0.7043, Train: 50.83%, Valid: 49.39%, Test In: 50.88% Test OOD1: 44.77% Test OOD2: 51.26% Test OOD3: 49.22% 
Epoch: 36, Loss: 0.7023, Train: 50.26%, Valid: 48.87%, Test In: 50.37% Test OOD1: 44.57% Test OOD2: 51.22% Test OOD3: 49.06% 
Epoch: 37, Loss: 0.7028, Train: 50.23%, Valid: 48.80%, Test In: 50.32% Test OOD1: 44.60% Test OOD2: 51.24% Test OOD3: 49.11% 
Epoch: 38, Loss: 0.7006, Train: 50.71%, Valid: 49.14%, Test In: 50.71% Test OOD1: 44.87% Test OOD2: 51.32% Test OOD3: 49.39% 
Epoch: 39, Loss: 0.7008, Train: 51.87%, Valid: 50.01%, Test In: 51.64% Test OOD1: 45.48% Test OOD2: 51.48% Test OOD3: 49.97% 
Epoch: 40, Loss: 0.7001, Train: 53.84%, Valid: 51.55%, Test In: 53.24% Test OOD1: 46.56% Test OOD2: 51.75% Test OOD3: 50.98% 
Epoch: 41, Loss: 0.6987, Train: 56.77%, Valid: 53.92%, Test In: 55.62% Test OOD1: 48.28% Test OOD2: 52.15% Test OOD3: 52.52% 
Epoch: 42, Loss: 0.6978, Train: 60.63%, Valid: 57.12%, Test In: 58.77% Test OOD1: 50.93% Test OOD2: 52.62% Test OOD3: 54.72% 
Epoch: 43, Loss: 0.6970, Train: 64.89%, Valid: 60.80%, Test In: 62.38% Test OOD1: 54.60% Test OOD2: 53.10% Test OOD3: 57.50% 
Epoch: 44, Loss: 0.6945, Train: 68.33%, Valid: 63.96%, Test In: 65.46% Test OOD1: 58.85% Test OOD2: 53.40% Test OOD3: 60.16% 
Epoch: 45, Loss: 0.6922, Train: 69.98%, Valid: 65.64%, Test In: 67.11% Test OOD1: 62.37% Test OOD2: 53.24% Test OOD3: 61.72% 
Epoch: 46, Loss: 0.6929, Train: 70.07%, Valid: 65.97%, Test In: 67.32% Test OOD1: 64.05% Test OOD2: 52.70% Test OOD3: 61.90% 
Epoch: 47, Loss: 0.6908, Train: 69.43%, Valid: 65.63%, Test In: 66.57% Test OOD1: 64.38% Test OOD2: 52.27% Test OOD3: 61.52% 
Epoch: 48, Loss: 0.6905, Train: 68.51%, Valid: 65.08%, Test In: 65.65% Test OOD1: 64.13% Test OOD2: 51.99% Test OOD3: 61.07% 
Epoch: 49, Loss: 0.6885, Train: 67.67%, Valid: 64.58%, Test In: 64.90% Test OOD1: 63.82% Test OOD2: 51.80% Test OOD3: 60.72% 
Epoch: 50, Loss: 0.6857, Train: 67.11%, Valid: 64.24%, Test In: 64.38% Test OOD1: 63.60% Test OOD2: 51.67% Test OOD3: 60.46% 
Epoch: 51, Loss: 0.6855, Train: 66.72%, Valid: 63.99%, Test In: 64.03% Test OOD1: 63.44% Test OOD2: 51.58% Test OOD3: 60.27% 
Epoch: 52, Loss: 0.6835, Train: 66.44%, Valid: 63.81%, Test In: 63.78% Test OOD1: 63.33% Test OOD2: 51.53% Test OOD3: 60.14% 
Epoch: 53, Loss: 0.6843, Train: 66.25%, Valid: 63.69%, Test In: 63.60% Test OOD1: 63.25% Test OOD2: 51.48% Test OOD3: 60.06% 
Epoch: 54, Loss: 0.6819, Train: 66.13%, Valid: 63.60%, Test In: 63.47% Test OOD1: 63.21% Test OOD2: 51.46% Test OOD3: 60.00% 
Epoch: 55, Loss: 0.6815, Train: 66.05%, Valid: 63.53%, Test In: 63.39% Test OOD1: 63.18% Test OOD2: 51.44% Test OOD3: 59.97% 
Epoch: 56, Loss: 0.6789, Train: 66.01%, Valid: 63.50%, Test In: 63.34% Test OOD1: 63.17% Test OOD2: 51.43% Test OOD3: 59.95% 
Epoch: 57, Loss: 0.6794, Train: 65.99%, Valid: 63.49%, Test In: 63.32% Test OOD1: 63.17% Test OOD2: 51.43% Test OOD3: 59.95% 
Epoch: 58, Loss: 0.6787, Train: 66.01%, Valid: 63.49%, Test In: 63.32% Test OOD1: 63.18% Test OOD2: 51.44% Test OOD3: 59.97% 
Epoch: 59, Loss: 0.6771, Train: 66.04%, Valid: 63.52%, Test In: 63.34% Test OOD1: 63.20% Test OOD2: 51.44% Test OOD3: 59.99% 
Epoch: 60, Loss: 0.6759, Train: 66.09%, Valid: 63.55%, Test In: 63.37% Test OOD1: 63.24% Test OOD2: 51.45% Test OOD3: 60.03% 
Epoch: 61, Loss: 0.6735, Train: 66.16%, Valid: 63.60%, Test In: 63.42% Test OOD1: 63.27% Test OOD2: 51.46% Test OOD3: 60.07% 
Epoch: 62, Loss: 0.6732, Train: 66.23%, Valid: 63.65%, Test In: 63.49% Test OOD1: 63.32% Test OOD2: 51.48% Test OOD3: 60.12% 
Epoch: 63, Loss: 0.6720, Train: 66.32%, Valid: 63.71%, Test In: 63.56% Test OOD1: 63.37% Test OOD2: 51.50% Test OOD3: 60.18% 
Epoch: 64, Loss: 0.6714, Train: 66.43%, Valid: 63.79%, Test In: 63.65% Test OOD1: 63.43% Test OOD2: 51.52% Test OOD3: 60.24% 
Epoch: 65, Loss: 0.6694, Train: 66.55%, Valid: 63.89%, Test In: 63.75% Test OOD1: 63.51% Test OOD2: 51.55% Test OOD3: 60.32% 
Epoch: 66, Loss: 0.6657, Train: 66.70%, Valid: 64.00%, Test In: 63.87% Test OOD1: 63.59% Test OOD2: 51.58% Test OOD3: 60.41% 
Epoch: 67, Loss: 0.6677, Train: 66.87%, Valid: 64.12%, Test In: 64.02% Test OOD1: 63.69% Test OOD2: 51.62% Test OOD3: 60.50% 
Epoch: 68, Loss: 0.6655, Train: 67.07%, Valid: 64.26%, Test In: 64.18% Test OOD1: 63.79% Test OOD2: 51.66% Test OOD3: 60.61% 
Epoch: 69, Loss: 0.6638, Train: 67.29%, Valid: 64.42%, Test In: 64.37% Test OOD1: 63.92% Test OOD2: 51.71% Test OOD3: 60.72% 
Epoch: 70, Loss: 0.6629, Train: 67.53%, Valid: 64.60%, Test In: 64.58% Test OOD1: 64.05% Test OOD2: 51.77% Test OOD3: 60.84% 
Epoch: 71, Loss: 0.6611, Train: 67.78%, Valid: 64.79%, Test In: 64.79% Test OOD1: 64.19% Test OOD2: 51.82% Test OOD3: 60.97% 
Epoch: 72, Loss: 0.6586, Train: 68.05%, Valid: 64.99%, Test In: 65.02% Test OOD1: 64.33% Test OOD2: 51.87% Test OOD3: 61.10% 
Epoch: 73, Loss: 0.6576, Train: 68.32%, Valid: 65.20%, Test In: 65.26% Test OOD1: 64.48% Test OOD2: 51.92% Test OOD3: 61.24% 
Epoch: 74, Loss: 0.6559, Train: 68.61%, Valid: 65.43%, Test In: 65.51% Test OOD1: 64.65% Test OOD2: 51.98% Test OOD3: 61.40% 
Epoch: 75, Loss: 0.6554, Train: 68.94%, Valid: 65.69%, Test In: 65.80% Test OOD1: 64.83% Test OOD2: 52.05% Test OOD3: 61.55% 
Epoch: 76, Loss: 0.6524, Train: 69.29%, Valid: 65.95%, Test In: 66.10% Test OOD1: 65.01% Test OOD2: 52.12% Test OOD3: 61.71% 
Epoch: 77, Loss: 0.6514, Train: 69.64%, Valid: 66.23%, Test In: 66.41% Test OOD1: 65.18% Test OOD2: 52.21% Test OOD3: 61.88% 
Epoch: 78, Loss: 0.6512, Train: 70.00%, Valid: 66.49%, Test In: 66.71% Test OOD1: 65.35% Test OOD2: 52.29% Test OOD3: 62.04% 
Epoch: 79, Loss: 0.6484, Train: 70.31%, Valid: 66.73%, Test In: 66.98% Test OOD1: 65.52% Test OOD2: 52.36% Test OOD3: 62.20% 
Epoch: 80, Loss: 0.6469, Train: 70.61%, Valid: 66.96%, Test In: 67.25% Test OOD1: 65.69% Test OOD2: 52.43% Test OOD3: 62.36% 
Epoch: 81, Loss: 0.6453, Train: 70.94%, Valid: 67.20%, Test In: 67.53% Test OOD1: 65.85% Test OOD2: 52.52% Test OOD3: 62.51% 
Epoch: 82, Loss: 0.6419, Train: 71.29%, Valid: 67.45%, Test In: 67.81% Test OOD1: 65.96% Test OOD2: 52.63% Test OOD3: 62.64% 
Epoch: 83, Loss: 0.6423, Train: 71.59%, Valid: 67.65%, Test In: 68.06% Test OOD1: 66.06% Test OOD2: 52.72% Test OOD3: 62.77% 
Epoch: 84, Loss: 0.6407, Train: 71.82%, Valid: 67.82%, Test In: 68.26% Test OOD1: 66.17% Test OOD2: 52.78% Test OOD3: 62.90% 
Epoch: 85, Loss: 0.6379, Train: 72.06%, Valid: 67.99%, Test In: 68.45% Test OOD1: 66.27% Test OOD2: 52.84% Test OOD3: 63.02% 
Epoch: 86, Loss: 0.6370, Train: 72.33%, Valid: 68.17%, Test In: 68.65% Test OOD1: 66.29% Test OOD2: 52.94% Test OOD3: 63.12% 
Epoch: 87, Loss: 0.6350, Train: 72.60%, Valid: 68.33%, Test In: 68.81% Test OOD1: 66.26% Test OOD2: 53.05% Test OOD3: 63.20% 
Epoch: 88, Loss: 0.6314, Train: 72.75%, Valid: 68.45%, Test In: 68.94% Test OOD1: 66.35% Test OOD2: 53.09% Test OOD3: 63.29% 
Epoch: 89, Loss: 0.6309, Train: 72.93%, Valid: 68.57%, Test In: 69.06% Test OOD1: 66.36% Test OOD2: 53.16% Test OOD3: 63.34% 
Epoch: 90, Loss: 0.6294, Train: 73.09%, Valid: 68.67%, Test In: 69.16% Test OOD1: 66.36% Test OOD2: 53.22% Test OOD3: 63.39% 
Epoch: 91, Loss: 0.6281, Train: 73.24%, Valid: 68.74%, Test In: 69.23% Test OOD1: 66.35% Test OOD2: 53.29% Test OOD3: 63.42% 
Epoch: 92, Loss: 0.6271, Train: 73.36%, Valid: 68.80%, Test In: 69.29% Test OOD1: 66.36% Test OOD2: 53.33% Test OOD3: 63.45% 
Epoch: 93, Loss: 0.6260, Train: 73.41%, Valid: 68.85%, Test In: 69.35% Test OOD1: 66.49% Test OOD2: 53.32% Test OOD3: 63.47% 
Epoch: 94, Loss: 0.6250, Train: 73.53%, Valid: 68.88%, Test In: 69.38% Test OOD1: 66.44% Test OOD2: 53.37% Test OOD3: 63.47% 
Epoch: 95, Loss: 0.6245, Train: 73.65%, Valid: 68.90%, Test In: 69.39% Test OOD1: 66.29% Test OOD2: 53.45% Test OOD3: 63.43% 
Epoch: 96, Loss: 0.6229, Train: 73.71%, Valid: 68.92%, Test In: 69.42% Test OOD1: 66.36% Test OOD2: 53.45% Test OOD3: 63.44% 
Epoch: 97, Loss: 0.6203, Train: 73.67%, Valid: 68.92%, Test In: 69.43% Test OOD1: 66.63% Test OOD2: 53.36% Test OOD3: 63.47% 
Epoch: 98, Loss: 0.6206, Train: 73.80%, Valid: 68.93%, Test In: 69.45% Test OOD1: 66.46% Test OOD2: 53.45% Test OOD3: 63.43% 
Epoch: 99, Loss: 0.6169, Train: 73.93%, Valid: 68.92%, Test In: 69.43% Test OOD1: 66.21% Test OOD2: 53.54% Test OOD3: 63.36% 
Epoch: 100, Loss: 0.6189, Train: 73.98%, Valid: 68.93%, Test In: 69.45% Test OOD1: 66.25% Test OOD2: 53.53% Test OOD3: 63.35% 
Epoch: 101, Loss: 0.6141, Train: 73.92%, Valid: 68.92%, Test In: 69.47% Test OOD1: 66.53% Test OOD2: 53.43% Test OOD3: 63.39% 
Epoch: 102, Loss: 0.6130, Train: 73.94%, Valid: 68.91%, Test In: 69.45% Test OOD1: 66.55% Test OOD2: 53.42% Test OOD3: 63.37% 
Epoch: 103, Loss: 0.6149, Train: 74.06%, Valid: 68.90%, Test In: 69.43% Test OOD1: 66.34% Test OOD2: 53.50% Test OOD3: 63.32% 
Epoch: 104, Loss: 0.6139, Train: 74.13%, Valid: 68.86%, Test In: 69.40% Test OOD1: 66.15% Test OOD2: 53.56% Test OOD3: 63.25% 
Epoch: 105, Loss: 0.6135, Train: 74.16%, Valid: 68.84%, Test In: 69.38% Test OOD1: 66.13% Test OOD2: 53.56% Test OOD3: 63.23% 
Epoch: 106, Loss: 0.6110, Train: 74.12%, Valid: 68.81%, Test In: 69.38% Test OOD1: 66.29% Test OOD2: 53.50% Test OOD3: 63.24% 
Epoch: 107, Loss: 0.6090, Train: 74.11%, Valid: 68.79%, Test In: 69.36% Test OOD1: 66.34% Test OOD2: 53.47% Test OOD3: 63.23% 
Epoch: 108, Loss: 0.6091, Train: 74.19%, Valid: 68.80%, Test In: 69.35% Test OOD1: 66.23% Test OOD2: 53.50% Test OOD3: 63.19% 
Epoch: 109, Loss: 0.6100, Train: 74.31%, Valid: 68.80%, Test In: 69.34% Test OOD1: 66.03% Test OOD2: 53.56% Test OOD3: 63.13% 
Epoch: 110, Loss: 0.6059, Train: 74.34%, Valid: 68.79%, Test In: 69.32% Test OOD1: 66.00% Test OOD2: 53.56% Test OOD3: 63.10% 
Epoch: 111, Loss: 0.6061, Train: 74.29%, Valid: 68.75%, Test In: 69.28% Test OOD1: 66.06% Test OOD2: 53.53% Test OOD3: 63.09% 
Epoch: 112, Loss: 0.6043, Train: 74.28%, Valid: 68.73%, Test In: 69.25% Test OOD1: 66.10% Test OOD2: 53.50% Test OOD3: 63.08% 
Epoch: 113, Loss: 0.6051, Train: 74.34%, Valid: 68.74%, Test In: 69.25% Test OOD1: 66.05% Test OOD2: 53.51% Test OOD3: 63.05% 
Epoch: 114, Loss: 0.6032, Train: 74.44%, Valid: 68.76%, Test In: 69.24% Test OOD1: 65.93% Test OOD2: 53.53% Test OOD3: 63.01% 
Epoch: 115, Loss: 0.6022, Train: 74.46%, Valid: 68.75%, Test In: 69.23% Test OOD1: 65.90% Test OOD2: 53.53% Test OOD3: 62.98% 
Epoch: 116, Loss: 0.6002, Train: 74.45%, Valid: 68.73%, Test In: 69.21% Test OOD1: 65.94% Test OOD2: 53.51% Test OOD3: 62.97% 
Epoch: 117, Loss: 0.5998, Train: 74.45%, Valid: 68.72%, Test In: 69.20% Test OOD1: 65.97% Test OOD2: 53.49% Test OOD3: 62.96% 
Epoch: 118, Loss: 0.5985, Train: 74.48%, Valid: 68.71%, Test In: 69.18% Test OOD1: 65.91% Test OOD2: 53.51% Test OOD3: 62.93% 
Epoch: 119, Loss: 0.5988, Train: 74.56%, Valid: 68.72%, Test In: 69.19% Test OOD1: 65.80% Test OOD2: 53.53% Test OOD3: 62.89% 
Epoch: 120, Loss: 0.5983, Train: 74.62%, Valid: 68.74%, Test In: 69.21% Test OOD1: 65.80% Test OOD2: 53.51% Test OOD3: 62.87% 
Epoch: 121, Loss: 0.5966, Train: 74.65%, Valid: 68.78%, Test In: 69.26% Test OOD1: 65.90% Test OOD2: 53.44% Test OOD3: 62.88% 
Epoch: 122, Loss: 0.5975, Train: 74.71%, Valid: 68.81%, Test In: 69.29% Test OOD1: 65.95% Test OOD2: 53.39% Test OOD3: 62.88% 
Epoch: 123, Loss: 0.5929, Train: 74.73%, Valid: 68.75%, Test In: 69.22% Test OOD1: 65.78% Test OOD2: 53.46% Test OOD3: 62.81% 
Epoch: 124, Loss: 0.5948, Train: 74.75%, Valid: 68.69%, Test In: 69.17% Test OOD1: 65.60% Test OOD2: 53.51% Test OOD3: 62.73% 
Epoch: 125, Loss: 0.5957, Train: 74.82%, Valid: 68.72%, Test In: 69.20% Test OOD1: 65.58% Test OOD2: 53.48% Test OOD3: 62.72% 
Epoch: 126, Loss: 0.5953, Train: 74.92%, Valid: 68.83%, Test In: 69.31% Test OOD1: 65.74% Test OOD2: 53.38% Test OOD3: 62.77% 
Epoch: 127, Loss: 0.5912, Train: 74.96%, Valid: 68.87%, Test In: 69.34% Test OOD1: 65.79% Test OOD2: 53.33% Test OOD3: 62.78% 
Epoch: 128, Loss: 0.5892, Train: 75.01%, Valid: 68.83%, Test In: 69.31% Test OOD1: 65.64% Test OOD2: 53.38% Test OOD3: 62.73% 
Epoch: 129, Loss: 0.5877, Train: 75.06%, Valid: 68.79%, Test In: 69.28% Test OOD1: 65.48% Test OOD2: 53.44% Test OOD3: 62.67% 
Epoch: 130, Loss: 0.5883, Train: 75.12%, Valid: 68.80%, Test In: 69.31% Test OOD1: 65.49% Test OOD2: 53.42% Test OOD3: 62.68% 
Epoch: 131, Loss: 0.5841, Train: 75.09%, Valid: 68.80%, Test In: 69.33% Test OOD1: 65.63% Test OOD2: 53.37% Test OOD3: 62.72% 
Epoch: 132, Loss: 0.5864, Train: 75.14%, Valid: 68.83%, Test In: 69.36% Test OOD1: 65.66% Test OOD2: 53.34% Test OOD3: 62.73% 
Epoch: 133, Loss: 0.5865, Train: 75.25%, Valid: 68.86%, Test In: 69.40% Test OOD1: 65.57% Test OOD2: 53.35% Test OOD3: 62.71% 
Epoch: 134, Loss: 0.5832, Train: 75.30%, Valid: 68.81%, Test In: 69.37% Test OOD1: 65.45% Test OOD2: 53.39% Test OOD3: 62.65% 
Epoch: 135, Loss: 0.5827, Train: 75.29%, Valid: 68.77%, Test In: 69.33% Test OOD1: 65.44% Test OOD2: 53.39% Test OOD3: 62.62% 
Epoch: 136, Loss: 0.5844, Train: 75.31%, Valid: 68.78%, Test In: 69.35% Test OOD1: 65.53% Test OOD2: 53.33% Test OOD3: 62.63% 
Epoch: 137, Loss: 0.5838, Train: 75.39%, Valid: 68.82%, Test In: 69.37% Test OOD1: 65.56% Test OOD2: 53.27% Test OOD3: 62.64% 
Epoch: 138, Loss: 0.5785, Train: 75.46%, Valid: 68.81%, Test In: 69.37% Test OOD1: 65.51% Test OOD2: 53.24% Test OOD3: 62.62% 
Epoch: 139, Loss: 0.5777, Train: 75.44%, Valid: 68.71%, Test In: 69.28% Test OOD1: 65.40% Test OOD2: 53.29% Test OOD3: 62.54% 
Epoch: 140, Loss: 0.5734, Train: 75.39%, Valid: 68.58%, Test In: 69.19% Test OOD1: 65.31% Test OOD2: 53.32% Test OOD3: 62.47% 
Epoch: 141, Loss: 0.5783, Train: 75.43%, Valid: 68.59%, Test In: 69.21% Test OOD1: 65.39% Test OOD2: 53.25% Test OOD3: 62.49% 
Epoch: 142, Loss: 0.5716, Train: 75.52%, Valid: 68.66%, Test In: 69.25% Test OOD1: 65.48% Test OOD2: 53.15% Test OOD3: 62.53% 
Epoch: 143, Loss: 0.5758, Train: 75.63%, Valid: 68.68%, Test In: 69.27% Test OOD1: 65.42% Test OOD2: 53.14% Test OOD3: 62.52% 
Epoch: 144, Loss: 0.5787, Train: 75.65%, Valid: 68.59%, Test In: 69.20% Test OOD1: 65.28% Test OOD2: 53.17% Test OOD3: 62.45% 
Epoch: 145, Loss: 0.5752, Train: 75.65%, Valid: 68.56%, Test In: 69.17% Test OOD1: 65.25% Test OOD2: 53.16% Test OOD3: 62.42% 
Epoch: 146, Loss: 0.5668, Train: 75.65%, Valid: 68.54%, Test In: 69.16% Test OOD1: 65.26% Test OOD2: 53.12% Test OOD3: 62.42% 
Epoch: 147, Loss: 0.5690, Train: 75.74%, Valid: 68.58%, Test In: 69.18% Test OOD1: 65.24% Test OOD2: 53.08% Test OOD3: 62.41% 
Epoch: 148, Loss: 0.5685, Train: 75.86%, Valid: 68.61%, Test In: 69.20% Test OOD1: 65.12% Test OOD2: 53.07% Test OOD3: 62.38% 
Epoch: 149, Loss: 0.5686, Train: 75.96%, Valid: 68.63%, Test In: 69.23% Test OOD1: 65.04% Test OOD2: 53.04% Test OOD3: 62.35% 
Epoch: 150, Loss: 0.5672, Train: 75.94%, Valid: 68.63%, Test In: 69.24% Test OOD1: 65.12% Test OOD2: 52.99% Test OOD3: 62.37% 
Epoch: 151, Loss: 0.5627, Train: 75.94%, Valid: 68.60%, Test In: 69.21% Test OOD1: 64.98% Test OOD2: 52.99% Test OOD3: 62.32% 
Epoch: 152, Loss: 0.5614, Train: 76.07%, Valid: 68.64%, Test In: 69.23% Test OOD1: 64.84% Test OOD2: 53.00% Test OOD3: 62.28% 
Epoch: 153, Loss: 0.5624, Train: 76.22%, Valid: 68.73%, Test In: 69.31% Test OOD1: 64.94% Test OOD2: 52.95% Test OOD3: 62.33% 
Epoch: 154, Loss: 0.5648, Train: 76.34%, Valid: 68.82%, Test In: 69.38% Test OOD1: 65.07% Test OOD2: 52.88% Test OOD3: 62.38% 
Epoch: 155, Loss: 0.5615, Train: 76.34%, Valid: 68.77%, Test In: 69.32% Test OOD1: 64.96% Test OOD2: 52.91% Test OOD3: 62.32% 
Epoch: 156, Loss: 0.5577, Train: 76.23%, Valid: 68.67%, Test In: 69.23% Test OOD1: 64.81% Test OOD2: 52.93% Test OOD3: 62.25% 
Epoch: 157, Loss: 0.5548, Train: 76.18%, Valid: 68.65%, Test In: 69.20% Test OOD1: 64.89% Test OOD2: 52.88% Test OOD3: 62.26% 
Epoch: 158, Loss: 0.5583, Train: 76.42%, Valid: 68.77%, Test In: 69.30% Test OOD1: 65.02% Test OOD2: 52.85% Test OOD3: 62.31% 
Epoch: 159, Loss: 0.5577, Train: 76.65%, Valid: 68.87%, Test In: 69.37% Test OOD1: 64.96% Test OOD2: 52.85% Test OOD3: 62.33% 
Epoch: 160, Loss: 0.5536, Train: 76.63%, Valid: 68.82%, Test In: 69.34% Test OOD1: 64.98% Test OOD2: 52.84% Test OOD3: 62.31% 
Epoch: 161, Loss: 0.5558, Train: 76.47%, Valid: 68.70%, Test In: 69.24% Test OOD1: 64.96% Test OOD2: 52.83% Test OOD3: 62.25% 
Epoch: 162, Loss: 0.5543, Train: 76.49%, Valid: 68.67%, Test In: 69.22% Test OOD1: 64.91% Test OOD2: 52.83% Test OOD3: 62.21% 
Epoch: 163, Loss: 0.5479, Train: 76.64%, Valid: 68.70%, Test In: 69.24% Test OOD1: 64.84% Test OOD2: 52.83% Test OOD3: 62.18% 
Epoch: 164, Loss: 0.5482, Train: 76.78%, Valid: 68.74%, Test In: 69.27% Test OOD1: 64.87% Test OOD2: 52.81% Test OOD3: 62.19% 
Epoch: 165, Loss: 0.5495, Train: 76.85%, Valid: 68.75%, Test In: 69.28% Test OOD1: 64.91% Test OOD2: 52.77% Test OOD3: 62.20% 
Epoch: 166, Loss: 0.5451, Train: 76.86%, Valid: 68.69%, Test In: 69.25% Test OOD1: 64.76% Test OOD2: 52.81% Test OOD3: 62.13% 
Epoch: 167, Loss: 0.5430, Train: 76.90%, Valid: 68.66%, Test In: 69.24% Test OOD1: 64.68% Test OOD2: 52.82% Test OOD3: 62.09% 
Epoch: 168, Loss: 0.5403, Train: 77.01%, Valid: 68.69%, Test In: 69.26% Test OOD1: 64.77% Test OOD2: 52.77% Test OOD3: 62.12% 
Epoch: 169, Loss: 0.5468, Train: 77.17%, Valid: 68.73%, Test In: 69.28% Test OOD1: 64.84% Test OOD2: 52.72% Test OOD3: 62.15% 
Epoch: 170, Loss: 0.5407, Train: 77.35%, Valid: 68.75%, Test In: 69.30% Test OOD1: 64.74% Test OOD2: 52.71% Test OOD3: 62.13% 
Epoch: 171, Loss: 0.5415, Train: 77.23%, Valid: 68.69%, Test In: 69.26% Test OOD1: 64.86% Test OOD2: 52.67% Test OOD3: 62.14% 
Epoch: 172, Loss: 0.5369, Train: 77.12%, Valid: 68.59%, Test In: 69.21% Test OOD1: 64.83% Test OOD2: 52.67% Test OOD3: 62.10% 
Epoch: 173, Loss: 0.5386, Train: 77.21%, Valid: 68.56%, Test In: 69.21% Test OOD1: 64.60% Test OOD2: 52.70% Test OOD3: 62.03% 
Epoch: 174, Loss: 0.5393, Train: 77.43%, Valid: 68.59%, Test In: 69.25% Test OOD1: 64.54% Test OOD2: 52.68% Test OOD3: 62.04% 
Epoch: 175, Loss: 0.5333, Train: 77.54%, Valid: 68.64%, Test In: 69.29% Test OOD1: 64.71% Test OOD2: 52.58% Test OOD3: 62.13% 
Epoch: 176, Loss: 0.5318, Train: 77.58%, Valid: 68.62%, Test In: 69.30% Test OOD1: 64.67% Test OOD2: 52.56% Test OOD3: 62.13% 
Epoch: 177, Loss: 0.5350, Train: 77.65%, Valid: 68.59%, Test In: 69.30% Test OOD1: 64.52% Test OOD2: 52.57% Test OOD3: 62.08% 
Epoch: 178, Loss: 0.5281, Train: 77.66%, Valid: 68.53%, Test In: 69.28% Test OOD1: 64.35% Test OOD2: 52.57% Test OOD3: 62.03% 
Epoch: 179, Loss: 0.5277, Train: 77.73%, Valid: 68.52%, Test In: 69.29% Test OOD1: 64.31% Test OOD2: 52.54% Test OOD3: 62.03% 
Epoch: 180, Loss: 0.5289, Train: 77.89%, Valid: 68.56%, Test In: 69.32% Test OOD1: 64.37% Test OOD2: 52.50% Test OOD3: 62.07% 
Epoch: 181, Loss: 0.5333, Train: 77.99%, Valid: 68.59%, Test In: 69.34% Test OOD1: 64.55% Test OOD2: 52.42% Test OOD3: 62.14% 
Epoch: 182, Loss: 0.5224, Train: 77.97%, Valid: 68.55%, Test In: 69.30% Test OOD1: 64.53% Test OOD2: 52.39% Test OOD3: 62.10% 
Epoch: 183, Loss: 0.5223, Train: 77.97%, Valid: 68.47%, Test In: 69.25% Test OOD1: 64.25% Test OOD2: 52.45% Test OOD3: 61.97% 
Epoch: 184, Loss: 0.5229, Train: 77.91%, Valid: 68.40%, Test In: 69.20% Test OOD1: 64.07% Test OOD2: 52.48% Test OOD3: 61.88% 
Epoch: 185, Loss: 0.5189, Train: 78.00%, Valid: 68.42%, Test In: 69.22% Test OOD1: 64.28% Test OOD2: 52.41% Test OOD3: 61.95% 
Epoch: 186, Loss: 0.5221, Train: 78.28%, Valid: 68.52%, Test In: 69.31% Test OOD1: 64.39% Test OOD2: 52.35% Test OOD3: 62.01% 
Epoch: 187, Loss: 0.5154, Train: 78.43%, Valid: 68.54%, Test In: 69.35% Test OOD1: 64.37% Test OOD2: 52.33% Test OOD3: 62.01% 
Epoch: 188, Loss: 0.5151, Train: 78.43%, Valid: 68.50%, Test In: 69.33% Test OOD1: 64.22% Test OOD2: 52.36% Test OOD3: 61.95% 
Epoch: 189, Loss: 0.5171, Train: 78.33%, Valid: 68.45%, Test In: 69.30% Test OOD1: 64.16% Test OOD2: 52.38% Test OOD3: 61.92% 
Epoch: 190, Loss: 0.5176, Train: 78.48%, Valid: 68.46%, Test In: 69.34% Test OOD1: 64.01% Test OOD2: 52.42% Test OOD3: 61.89% 
Epoch: 191, Loss: 0.5160, Train: 78.67%, Valid: 68.51%, Test In: 69.39% Test OOD1: 64.17% Test OOD2: 52.37% Test OOD3: 61.97% 
Epoch: 192, Loss: 0.5080, Train: 78.86%, Valid: 68.56%, Test In: 69.44% Test OOD1: 64.13% Test OOD2: 52.35% Test OOD3: 61.99% 
Epoch: 193, Loss: 0.5078, Train: 78.89%, Valid: 68.56%, Test In: 69.43% Test OOD1: 64.07% Test OOD2: 52.36% Test OOD3: 61.97% 
Epoch: 194, Loss: 0.5099, Train: 78.86%, Valid: 68.52%, Test In: 69.42% Test OOD1: 64.00% Test OOD2: 52.40% Test OOD3: 61.95% 
Epoch: 195, Loss: 0.5051, Train: 78.92%, Valid: 68.53%, Test In: 69.43% Test OOD1: 63.98% Test OOD2: 52.40% Test OOD3: 61.94% 
Epoch: 196, Loss: 0.5065, Train: 79.04%, Valid: 68.59%, Test In: 69.45% Test OOD1: 64.04% Test OOD2: 52.33% Test OOD3: 61.96% 
Epoch: 197, Loss: 0.5035, Train: 79.11%, Valid: 68.60%, Test In: 69.46% Test OOD1: 64.13% Test OOD2: 52.31% Test OOD3: 62.00% 
Epoch: 198, Loss: 0.4982, Train: 79.21%, Valid: 68.59%, Test In: 69.46% Test OOD1: 64.13% Test OOD2: 52.30% Test OOD3: 61.99% 
Epoch: 199, Loss: 0.4992, Train: 79.22%, Valid: 68.59%, Test In: 69.45% Test OOD1: 64.08% Test OOD2: 52.27% Test OOD3: 61.98% 
Run 02:
Highest Train: 79.22
Highest Valid: 68.93
Highest In Test: 69.47
Highest OOD Test: 66.63
Highest OOD Test: 53.56
Highest OOD Test: 63.47
Chosen epoch: 99
Final Train: 73.80
Final In Test: 69.45
Final OOD Test: 66.46
Final OOD Test: 53.45
Final OOD Test: 63.43
Epoch: 00, Loss: 0.7598, Train: 56.44%, Valid: 54.70%, Test In: 55.35% Test OOD1: 51.74% Test OOD2: 50.07% Test OOD3: 51.96% 
Epoch: 01, Loss: 0.7590, Train: 57.20%, Valid: 55.12%, Test In: 55.63% Test OOD1: 51.75% Test OOD2: 50.89% Test OOD3: 53.22% 
Epoch: 02, Loss: 0.7581, Train: 56.26%, Valid: 54.15%, Test In: 55.02% Test OOD1: 49.92% Test OOD2: 51.26% Test OOD3: 53.43% 
Epoch: 03, Loss: 0.7574, Train: 54.13%, Valid: 52.28%, Test In: 53.54% Test OOD1: 48.21% Test OOD2: 51.23% Test OOD3: 52.49% 
Epoch: 04, Loss: 0.7566, Train: 53.17%, Valid: 51.48%, Test In: 52.86% Test OOD1: 47.44% Test OOD2: 51.14% Test OOD3: 51.66% 
Epoch: 05, Loss: 0.7559, Train: 52.43%, Valid: 50.95%, Test In: 52.21% Test OOD1: 46.86% Test OOD2: 51.25% Test OOD3: 51.22% 
Epoch: 06, Loss: 0.7551, Train: 51.77%, Valid: 50.43%, Test In: 51.65% Test OOD1: 46.32% Test OOD2: 51.33% Test OOD3: 50.90% 
Epoch: 07, Loss: 0.7542, Train: 51.37%, Valid: 50.11%, Test In: 51.28% Test OOD1: 45.90% Test OOD2: 51.31% Test OOD3: 50.61% 
Epoch: 08, Loss: 0.7532, Train: 51.01%, Valid: 49.86%, Test In: 51.01% Test OOD1: 45.56% Test OOD2: 51.28% Test OOD3: 50.30% 
Epoch: 09, Loss: 0.7522, Train: 50.60%, Valid: 49.52%, Test In: 50.68% Test OOD1: 45.25% Test OOD2: 51.24% Test OOD3: 49.97% 
Epoch: 10, Loss: 0.7511, Train: 50.15%, Valid: 49.13%, Test In: 50.29% Test OOD1: 44.91% Test OOD2: 51.17% Test OOD3: 49.63% 
Epoch: 11, Loss: 0.7497, Train: 49.70%, Valid: 48.76%, Test In: 49.93% Test OOD1: 44.58% Test OOD2: 51.09% Test OOD3: 49.31% 
Epoch: 12, Loss: 0.7485, Train: 49.30%, Valid: 48.41%, Test In: 49.59% Test OOD1: 44.28% Test OOD2: 51.03% Test OOD3: 49.02% 
Epoch: 13, Loss: 0.7471, Train: 48.90%, Valid: 48.07%, Test In: 49.25% Test OOD1: 44.02% Test OOD2: 50.97% Test OOD3: 48.75% 
Epoch: 14, Loss: 0.7452, Train: 48.48%, Valid: 47.69%, Test In: 48.89% Test OOD1: 43.75% Test OOD2: 50.90% Test OOD3: 48.46% 
Epoch: 15, Loss: 0.7434, Train: 48.00%, Valid: 47.30%, Test In: 48.49% Test OOD1: 43.47% Test OOD2: 50.83% Test OOD3: 48.18% 
Epoch: 16, Loss: 0.7415, Train: 47.55%, Valid: 46.92%, Test In: 48.12% Test OOD1: 43.23% Test OOD2: 50.76% Test OOD3: 47.92% 
Epoch: 17, Loss: 0.7393, Train: 47.15%, Valid: 46.59%, Test In: 47.77% Test OOD1: 43.02% Test OOD2: 50.70% Test OOD3: 47.69% 
Epoch: 18, Loss: 0.7374, Train: 46.78%, Valid: 46.28%, Test In: 47.46% Test OOD1: 42.83% Test OOD2: 50.65% Test OOD3: 47.45% 
Epoch: 19, Loss: 0.7347, Train: 46.42%, Valid: 45.98%, Test In: 47.17% Test OOD1: 42.65% Test OOD2: 50.60% Test OOD3: 47.25% 
Epoch: 20, Loss: 0.7325, Train: 46.10%, Valid: 45.70%, Test In: 46.90% Test OOD1: 42.49% Test OOD2: 50.55% Test OOD3: 47.07% 
Epoch: 21, Loss: 0.7296, Train: 45.85%, Valid: 45.49%, Test In: 46.69% Test OOD1: 42.37% Test OOD2: 50.52% Test OOD3: 46.93% 
Epoch: 22, Loss: 0.7271, Train: 45.66%, Valid: 45.32%, Test In: 46.53% Test OOD1: 42.28% Test OOD2: 50.50% Test OOD3: 46.83% 
Epoch: 23, Loss: 0.7244, Train: 45.54%, Valid: 45.21%, Test In: 46.43% Test OOD1: 42.22% Test OOD2: 50.49% Test OOD3: 46.76% 
Epoch: 24, Loss: 0.7211, Train: 45.48%, Valid: 45.16%, Test In: 46.37% Test OOD1: 42.20% Test OOD2: 50.49% Test OOD3: 46.72% 
Epoch: 25, Loss: 0.7183, Train: 45.45%, Valid: 45.12%, Test In: 46.36% Test OOD1: 42.18% Test OOD2: 50.49% Test OOD3: 46.69% 
Epoch: 26, Loss: 0.7159, Train: 45.44%, Valid: 45.11%, Test In: 46.35% Test OOD1: 42.17% Test OOD2: 50.49% Test OOD3: 46.68% 
Epoch: 27, Loss: 0.7140, Train: 45.46%, Valid: 45.11%, Test In: 46.37% Test OOD1: 42.18% Test OOD2: 50.49% Test OOD3: 46.68% 
Epoch: 28, Loss: 0.7114, Train: 45.49%, Valid: 45.12%, Test In: 46.39% Test OOD1: 42.20% Test OOD2: 50.50% Test OOD3: 46.69% 
Epoch: 29, Loss: 0.7102, Train: 45.51%, Valid: 45.13%, Test In: 46.41% Test OOD1: 42.22% Test OOD2: 50.51% Test OOD3: 46.70% 
Epoch: 30, Loss: 0.7078, Train: 45.57%, Valid: 45.16%, Test In: 46.46% Test OOD1: 42.25% Test OOD2: 50.52% Test OOD3: 46.72% 
Epoch: 31, Loss: 0.7058, Train: 45.70%, Valid: 45.23%, Test In: 46.55% Test OOD1: 42.31% Test OOD2: 50.54% Test OOD3: 46.78% 
Epoch: 32, Loss: 0.7056, Train: 45.94%, Valid: 45.40%, Test In: 46.76% Test OOD1: 42.41% Test OOD2: 50.58% Test OOD3: 46.89% 
Epoch: 33, Loss: 0.7039, Train: 46.34%, Valid: 45.68%, Test In: 47.07% Test OOD1: 42.59% Test OOD2: 50.63% Test OOD3: 47.07% 
Epoch: 34, Loss: 0.7040, Train: 46.96%, Valid: 46.14%, Test In: 47.57% Test OOD1: 42.86% Test OOD2: 50.70% Test OOD3: 47.34% 
Epoch: 35, Loss: 0.7011, Train: 47.89%, Valid: 46.86%, Test In: 48.34% Test OOD1: 43.27% Test OOD2: 50.81% Test OOD3: 47.76% 
Epoch: 36, Loss: 0.7020, Train: 49.29%, Valid: 47.93%, Test In: 49.50% Test OOD1: 43.90% Test OOD2: 50.97% Test OOD3: 48.37% 
Epoch: 37, Loss: 0.7006, Train: 51.34%, Valid: 49.54%, Test In: 51.19% Test OOD1: 44.86% Test OOD2: 51.21% Test OOD3: 49.29% 
Epoch: 38, Loss: 0.6988, Train: 54.34%, Valid: 51.91%, Test In: 53.62% Test OOD1: 46.40% Test OOD2: 51.59% Test OOD3: 50.68% 
Epoch: 39, Loss: 0.6983, Train: 58.46%, Valid: 55.25%, Test In: 56.95% Test OOD1: 48.87% Test OOD2: 52.09% Test OOD3: 52.77% 
Epoch: 40, Loss: 0.6959, Train: 63.34%, Valid: 59.37%, Test In: 61.02% Test OOD1: 52.61% Test OOD2: 52.63% Test OOD3: 55.68% 
Epoch: 41, Loss: 0.6950, Train: 67.60%, Valid: 63.19%, Test In: 64.76% Test OOD1: 57.39% Test OOD2: 53.03% Test OOD3: 58.87% 
Epoch: 42, Loss: 0.6932, Train: 69.81%, Valid: 65.31%, Test In: 66.87% Test OOD1: 61.65% Test OOD2: 52.95% Test OOD3: 61.06% 
Epoch: 43, Loss: 0.6917, Train: 70.01%, Valid: 65.73%, Test In: 67.13% Test OOD1: 63.67% Test OOD2: 52.48% Test OOD3: 61.53% 
Epoch: 44, Loss: 0.6910, Train: 69.31%, Valid: 65.40%, Test In: 66.35% Test OOD1: 64.03% Test OOD2: 52.08% Test OOD3: 61.21% 
Epoch: 45, Loss: 0.6890, Train: 68.30%, Valid: 64.82%, Test In: 65.39% Test OOD1: 63.79% Test OOD2: 51.83% Test OOD3: 60.77% 
Epoch: 46, Loss: 0.6889, Train: 67.44%, Valid: 64.33%, Test In: 64.64% Test OOD1: 63.52% Test OOD2: 51.67% Test OOD3: 60.43% 
Epoch: 47, Loss: 0.6865, Train: 66.87%, Valid: 63.97%, Test In: 64.11% Test OOD1: 63.31% Test OOD2: 51.55% Test OOD3: 60.17% 
Epoch: 48, Loss: 0.6874, Train: 66.45%, Valid: 63.71%, Test In: 63.74% Test OOD1: 63.16% Test OOD2: 51.47% Test OOD3: 59.98% 
Epoch: 49, Loss: 0.6858, Train: 66.14%, Valid: 63.51%, Test In: 63.45% Test OOD1: 63.05% Test OOD2: 51.41% Test OOD3: 59.84% 
Epoch: 50, Loss: 0.6838, Train: 65.91%, Valid: 63.36%, Test In: 63.25% Test OOD1: 62.96% Test OOD2: 51.37% Test OOD3: 59.73% 
Epoch: 51, Loss: 0.6833, Train: 65.74%, Valid: 63.24%, Test In: 63.09% Test OOD1: 62.90% Test OOD2: 51.34% Test OOD3: 59.65% 
Epoch: 52, Loss: 0.6820, Train: 65.61%, Valid: 63.15%, Test In: 62.97% Test OOD1: 62.86% Test OOD2: 51.31% Test OOD3: 59.59% 
Epoch: 53, Loss: 0.6806, Train: 65.53%, Valid: 63.09%, Test In: 62.89% Test OOD1: 62.83% Test OOD2: 51.30% Test OOD3: 59.56% 
Epoch: 54, Loss: 0.6806, Train: 65.47%, Valid: 63.04%, Test In: 62.84% Test OOD1: 62.82% Test OOD2: 51.30% Test OOD3: 59.53% 
Epoch: 55, Loss: 0.6793, Train: 65.45%, Valid: 63.02%, Test In: 62.81% Test OOD1: 62.81% Test OOD2: 51.29% Test OOD3: 59.53% 
Epoch: 56, Loss: 0.6786, Train: 65.44%, Valid: 63.01%, Test In: 62.79% Test OOD1: 62.82% Test OOD2: 51.30% Test OOD3: 59.53% 
Epoch: 57, Loss: 0.6776, Train: 65.46%, Valid: 63.02%, Test In: 62.80% Test OOD1: 62.83% Test OOD2: 51.30% Test OOD3: 59.55% 
Epoch: 58, Loss: 0.6761, Train: 65.50%, Valid: 63.04%, Test In: 62.82% Test OOD1: 62.86% Test OOD2: 51.31% Test OOD3: 59.57% 
Epoch: 59, Loss: 0.6746, Train: 65.55%, Valid: 63.08%, Test In: 62.85% Test OOD1: 62.89% Test OOD2: 51.32% Test OOD3: 59.61% 
Epoch: 60, Loss: 0.6741, Train: 65.62%, Valid: 63.13%, Test In: 62.90% Test OOD1: 62.93% Test OOD2: 51.34% Test OOD3: 59.65% 
Epoch: 61, Loss: 0.6724, Train: 65.70%, Valid: 63.20%, Test In: 62.96% Test OOD1: 62.98% Test OOD2: 51.35% Test OOD3: 59.70% 
Epoch: 62, Loss: 0.6710, Train: 65.80%, Valid: 63.28%, Test In: 63.03% Test OOD1: 63.03% Test OOD2: 51.37% Test OOD3: 59.75% 
Epoch: 63, Loss: 0.6699, Train: 65.91%, Valid: 63.36%, Test In: 63.13% Test OOD1: 63.10% Test OOD2: 51.39% Test OOD3: 59.82% 
Epoch: 64, Loss: 0.6684, Train: 66.04%, Valid: 63.45%, Test In: 63.23% Test OOD1: 63.18% Test OOD2: 51.42% Test OOD3: 59.89% 
Epoch: 65, Loss: 0.6689, Train: 66.19%, Valid: 63.57%, Test In: 63.37% Test OOD1: 63.26% Test OOD2: 51.45% Test OOD3: 59.98% 
Epoch: 66, Loss: 0.6670, Train: 66.38%, Valid: 63.72%, Test In: 63.53% Test OOD1: 63.38% Test OOD2: 51.48% Test OOD3: 60.09% 
Epoch: 67, Loss: 0.6666, Train: 66.60%, Valid: 63.88%, Test In: 63.71% Test OOD1: 63.51% Test OOD2: 51.53% Test OOD3: 60.21% 
Epoch: 68, Loss: 0.6647, Train: 66.85%, Valid: 64.06%, Test In: 63.92% Test OOD1: 63.64% Test OOD2: 51.59% Test OOD3: 60.34% 
Epoch: 69, Loss: 0.6636, Train: 67.11%, Valid: 64.27%, Test In: 64.16% Test OOD1: 63.79% Test OOD2: 51.64% Test OOD3: 60.48% 
Epoch: 70, Loss: 0.6620, Train: 67.40%, Valid: 64.49%, Test In: 64.42% Test OOD1: 63.95% Test OOD2: 51.70% Test OOD3: 60.63% 
Epoch: 71, Loss: 0.6612, Train: 67.70%, Valid: 64.71%, Test In: 64.68% Test OOD1: 64.11% Test OOD2: 51.77% Test OOD3: 60.79% 
Epoch: 72, Loss: 0.6583, Train: 68.01%, Valid: 64.95%, Test In: 64.96% Test OOD1: 64.28% Test OOD2: 51.83% Test OOD3: 60.95% 
Epoch: 73, Loss: 0.6551, Train: 68.35%, Valid: 65.20%, Test In: 65.25% Test OOD1: 64.45% Test OOD2: 51.90% Test OOD3: 61.12% 
Epoch: 74, Loss: 0.6553, Train: 68.69%, Valid: 65.46%, Test In: 65.55% Test OOD1: 64.64% Test OOD2: 51.97% Test OOD3: 61.28% 
Epoch: 75, Loss: 0.6538, Train: 69.01%, Valid: 65.71%, Test In: 65.84% Test OOD1: 64.81% Test OOD2: 52.04% Test OOD3: 61.45% 
Epoch: 76, Loss: 0.6522, Train: 69.34%, Valid: 65.96%, Test In: 66.14% Test OOD1: 65.00% Test OOD2: 52.11% Test OOD3: 61.62% 
Epoch: 77, Loss: 0.6504, Train: 69.69%, Valid: 66.23%, Test In: 66.44% Test OOD1: 65.17% Test OOD2: 52.19% Test OOD3: 61.79% 
Epoch: 78, Loss: 0.6478, Train: 70.04%, Valid: 66.49%, Test In: 66.75% Test OOD1: 65.33% Test OOD2: 52.28% Test OOD3: 61.96% 
Epoch: 79, Loss: 0.6455, Train: 70.36%, Valid: 66.72%, Test In: 67.03% Test OOD1: 65.50% Test OOD2: 52.35% Test OOD3: 62.13% 
Epoch: 80, Loss: 0.6441, Train: 70.70%, Valid: 66.98%, Test In: 67.32% Test OOD1: 65.66% Test OOD2: 52.43% Test OOD3: 62.29% 
Epoch: 81, Loss: 0.6424, Train: 71.01%, Valid: 67.21%, Test In: 67.58% Test OOD1: 65.80% Test OOD2: 52.51% Test OOD3: 62.45% 
Epoch: 82, Loss: 0.6387, Train: 71.31%, Valid: 67.44%, Test In: 67.83% Test OOD1: 65.94% Test OOD2: 52.58% Test OOD3: 62.59% 
Epoch: 83, Loss: 0.6382, Train: 71.62%, Valid: 67.65%, Test In: 68.08% Test OOD1: 66.06% Test OOD2: 52.66% Test OOD3: 62.73% 
Epoch: 84, Loss: 0.6379, Train: 71.90%, Valid: 67.85%, Test In: 68.31% Test OOD1: 66.17% Test OOD2: 52.74% Test OOD3: 62.87% 
Epoch: 85, Loss: 0.6362, Train: 72.13%, Valid: 68.02%, Test In: 68.49% Test OOD1: 66.26% Test OOD2: 52.80% Test OOD3: 62.99% 
Epoch: 86, Loss: 0.6341, Train: 72.30%, Valid: 68.15%, Test In: 68.64% Test OOD1: 66.37% Test OOD2: 52.84% Test OOD3: 63.09% 
Epoch: 87, Loss: 0.6319, Train: 72.59%, Valid: 68.34%, Test In: 68.85% Test OOD1: 66.36% Test OOD2: 52.95% Test OOD3: 63.18% 
Epoch: 88, Loss: 0.6323, Train: 72.82%, Valid: 68.47%, Test In: 68.99% Test OOD1: 66.31% Test OOD2: 53.03% Test OOD3: 63.25% 
Epoch: 89, Loss: 0.6284, Train: 72.94%, Valid: 68.56%, Test In: 69.09% Test OOD1: 66.38% Test OOD2: 53.06% Test OOD3: 63.31% 
Epoch: 90, Loss: 0.6258, Train: 73.06%, Valid: 68.64%, Test In: 69.17% Test OOD1: 66.41% Test OOD2: 53.10% Test OOD3: 63.36% 
Epoch: 91, Loss: 0.6270, Train: 73.19%, Valid: 68.71%, Test In: 69.24% Test OOD1: 66.40% Test OOD2: 53.15% Test OOD3: 63.39% 
Epoch: 92, Loss: 0.6261, Train: 73.37%, Valid: 68.78%, Test In: 69.31% Test OOD1: 66.26% Test OOD2: 53.24% Test OOD3: 63.41% 
Epoch: 93, Loss: 0.6248, Train: 73.43%, Valid: 68.84%, Test In: 69.36% Test OOD1: 66.40% Test OOD2: 53.23% Test OOD3: 63.45% 
Epoch: 94, Loss: 0.6208, Train: 73.46%, Valid: 68.86%, Test In: 69.38% Test OOD1: 66.54% Test OOD2: 53.20% Test OOD3: 63.47% 
Epoch: 95, Loss: 0.6230, Train: 73.59%, Valid: 68.90%, Test In: 69.43% Test OOD1: 66.44% Test OOD2: 53.27% Test OOD3: 63.47% 
Epoch: 96, Loss: 0.6173, Train: 73.75%, Valid: 68.92%, Test In: 69.43% Test OOD1: 66.21% Test OOD2: 53.37% Test OOD3: 63.43% 
Epoch: 97, Loss: 0.6166, Train: 73.79%, Valid: 68.93%, Test In: 69.45% Test OOD1: 66.28% Test OOD2: 53.36% Test OOD3: 63.44% 
Epoch: 98, Loss: 0.6171, Train: 73.76%, Valid: 68.93%, Test In: 69.46% Test OOD1: 66.47% Test OOD2: 53.30% Test OOD3: 63.45% 
Epoch: 99, Loss: 0.6180, Train: 73.81%, Valid: 68.90%, Test In: 69.44% Test OOD1: 66.42% Test OOD2: 53.33% Test OOD3: 63.42% 
Epoch: 100, Loss: 0.6144, Train: 73.91%, Valid: 68.88%, Test In: 69.42% Test OOD1: 66.22% Test OOD2: 53.41% Test OOD3: 63.36% 
Epoch: 101, Loss: 0.6124, Train: 73.95%, Valid: 68.84%, Test In: 69.39% Test OOD1: 66.14% Test OOD2: 53.43% Test OOD3: 63.31% 
Epoch: 102, Loss: 0.6117, Train: 73.93%, Valid: 68.83%, Test In: 69.40% Test OOD1: 66.29% Test OOD2: 53.39% Test OOD3: 63.32% 
Epoch: 103, Loss: 0.6111, Train: 73.96%, Valid: 68.83%, Test In: 69.40% Test OOD1: 66.36% Test OOD2: 53.36% Test OOD3: 63.31% 
Epoch: 104, Loss: 0.6090, Train: 74.06%, Valid: 68.85%, Test In: 69.41% Test OOD1: 66.25% Test OOD2: 53.40% Test OOD3: 63.26% 
Epoch: 105, Loss: 0.6106, Train: 74.14%, Valid: 68.87%, Test In: 69.42% Test OOD1: 66.16% Test OOD2: 53.42% Test OOD3: 63.20% 
Epoch: 106, Loss: 0.6063, Train: 74.16%, Valid: 68.82%, Test In: 69.38% Test OOD1: 66.09% Test OOD2: 53.44% Test OOD3: 63.15% 
Epoch: 107, Loss: 0.6048, Train: 74.13%, Valid: 68.74%, Test In: 69.31% Test OOD1: 66.04% Test OOD2: 53.46% Test OOD3: 63.09% 
Epoch: 108, Loss: 0.6055, Train: 74.11%, Valid: 68.66%, Test In: 69.26% Test OOD1: 65.99% Test OOD2: 53.46% Test OOD3: 63.05% 
Epoch: 109, Loss: 0.6054, Train: 74.17%, Valid: 68.65%, Test In: 69.26% Test OOD1: 65.95% Test OOD2: 53.47% Test OOD3: 63.01% 
Epoch: 110, Loss: 0.6012, Train: 74.31%, Valid: 68.74%, Test In: 69.32% Test OOD1: 65.90% Test OOD2: 53.46% Test OOD3: 62.99% 
Epoch: 111, Loss: 0.6022, Train: 74.38%, Valid: 68.75%, Test In: 69.33% Test OOD1: 65.85% Test OOD2: 53.45% Test OOD3: 62.96% 
Epoch: 112, Loss: 0.5990, Train: 74.38%, Valid: 68.68%, Test In: 69.28% Test OOD1: 65.74% Test OOD2: 53.48% Test OOD3: 62.91% 
Epoch: 113, Loss: 0.5999, Train: 74.33%, Valid: 68.61%, Test In: 69.25% Test OOD1: 65.73% Test OOD2: 53.48% Test OOD3: 62.88% 
Epoch: 114, Loss: 0.5997, Train: 74.33%, Valid: 68.56%, Test In: 69.23% Test OOD1: 65.70% Test OOD2: 53.47% Test OOD3: 62.85% 
Epoch: 115, Loss: 0.5983, Train: 74.44%, Valid: 68.60%, Test In: 69.26% Test OOD1: 65.59% Test OOD2: 53.48% Test OOD3: 62.81% 
Epoch: 116, Loss: 0.5904, Train: 74.60%, Valid: 68.70%, Test In: 69.32% Test OOD1: 65.59% Test OOD2: 53.44% Test OOD3: 62.80% 
Epoch: 117, Loss: 0.5950, Train: 74.66%, Valid: 68.72%, Test In: 69.35% Test OOD1: 65.63% Test OOD2: 53.38% Test OOD3: 62.79% 
Epoch: 118, Loss: 0.5934, Train: 74.61%, Valid: 68.65%, Test In: 69.29% Test OOD1: 65.63% Test OOD2: 53.36% Test OOD3: 62.75% 
Epoch: 119, Loss: 0.5919, Train: 74.54%, Valid: 68.54%, Test In: 69.21% Test OOD1: 65.51% Test OOD2: 53.39% Test OOD3: 62.69% 
Epoch: 120, Loss: 0.5895, Train: 74.53%, Valid: 68.50%, Test In: 69.17% Test OOD1: 65.42% Test OOD2: 53.40% Test OOD3: 62.65% 
Epoch: 121, Loss: 0.5891, Train: 74.60%, Valid: 68.53%, Test In: 69.17% Test OOD1: 65.45% Test OOD2: 53.36% Test OOD3: 62.64% 
Epoch: 122, Loss: 0.5864, Train: 74.69%, Valid: 68.59%, Test In: 69.19% Test OOD1: 65.49% Test OOD2: 53.30% Test OOD3: 62.65% 
Epoch: 123, Loss: 0.5861, Train: 74.76%, Valid: 68.64%, Test In: 69.20% Test OOD1: 65.52% Test OOD2: 53.25% Test OOD3: 62.64% 
Epoch: 124, Loss: 0.5833, Train: 74.76%, Valid: 68.61%, Test In: 69.16% Test OOD1: 65.48% Test OOD2: 53.24% Test OOD3: 62.61% 
Epoch: 125, Loss: 0.5862, Train: 74.79%, Valid: 68.58%, Test In: 69.14% Test OOD1: 65.34% Test OOD2: 53.27% Test OOD3: 62.55% 
Epoch: 126, Loss: 0.5843, Train: 74.82%, Valid: 68.58%, Test In: 69.12% Test OOD1: 65.34% Test OOD2: 53.23% Test OOD3: 62.53% 
Epoch: 127, Loss: 0.5830, Train: 74.89%, Valid: 68.61%, Test In: 69.14% Test OOD1: 65.38% Test OOD2: 53.17% Test OOD3: 62.53% 
Epoch: 128, Loss: 0.5822, Train: 74.98%, Valid: 68.61%, Test In: 69.15% Test OOD1: 65.27% Test OOD2: 53.17% Test OOD3: 62.49% 
Epoch: 129, Loss: 0.5762, Train: 75.02%, Valid: 68.59%, Test In: 69.13% Test OOD1: 65.20% Test OOD2: 53.16% Test OOD3: 62.46% 
Epoch: 130, Loss: 0.5745, Train: 74.96%, Valid: 68.52%, Test In: 69.08% Test OOD1: 65.09% Test OOD2: 53.16% Test OOD3: 62.41% 
Epoch: 131, Loss: 0.5752, Train: 75.01%, Valid: 68.53%, Test In: 69.07% Test OOD1: 65.13% Test OOD2: 53.11% Test OOD3: 62.42% 
Epoch: 132, Loss: 0.5757, Train: 75.18%, Valid: 68.60%, Test In: 69.11% Test OOD1: 65.08% Test OOD2: 53.10% Test OOD3: 62.40% 
Epoch: 133, Loss: 0.5729, Train: 75.26%, Valid: 68.62%, Test In: 69.11% Test OOD1: 65.08% Test OOD2: 53.08% Test OOD3: 62.40% 
Epoch: 134, Loss: 0.5716, Train: 75.22%, Valid: 68.58%, Test In: 69.08% Test OOD1: 65.13% Test OOD2: 53.04% Test OOD3: 62.40% 
Epoch: 135, Loss: 0.5728, Train: 75.27%, Valid: 68.57%, Test In: 69.08% Test OOD1: 64.95% Test OOD2: 53.07% Test OOD3: 62.35% 
Epoch: 136, Loss: 0.5719, Train: 75.35%, Valid: 68.56%, Test In: 69.07% Test OOD1: 64.72% Test OOD2: 53.11% Test OOD3: 62.27% 
Epoch: 137, Loss: 0.5677, Train: 75.44%, Valid: 68.58%, Test In: 69.09% Test OOD1: 64.93% Test OOD2: 53.02% Test OOD3: 62.32% 
Epoch: 138, Loss: 0.5663, Train: 75.47%, Valid: 68.57%, Test In: 69.08% Test OOD1: 65.03% Test OOD2: 52.96% Test OOD3: 62.33% 
Epoch: 139, Loss: 0.5628, Train: 75.44%, Valid: 68.51%, Test In: 69.04% Test OOD1: 64.83% Test OOD2: 53.01% Test OOD3: 62.27% 
Epoch: 140, Loss: 0.5661, Train: 75.48%, Valid: 68.50%, Test In: 69.03% Test OOD1: 64.74% Test OOD2: 53.03% Test OOD3: 62.23% 
Epoch: 141, Loss: 0.5670, Train: 75.52%, Valid: 68.52%, Test In: 69.03% Test OOD1: 64.97% Test OOD2: 52.94% Test OOD3: 62.28% 
Epoch: 142, Loss: 0.5647, Train: 75.67%, Valid: 68.59%, Test In: 69.09% Test OOD1: 65.02% Test OOD2: 52.91% Test OOD3: 62.31% 
Epoch: 143, Loss: 0.5635, Train: 75.73%, Valid: 68.57%, Test In: 69.09% Test OOD1: 64.77% Test OOD2: 52.98% Test OOD3: 62.24% 
Epoch: 144, Loss: 0.5548, Train: 75.69%, Valid: 68.52%, Test In: 69.07% Test OOD1: 64.57% Test OOD2: 53.04% Test OOD3: 62.18% 
Epoch: 145, Loss: 0.5607, Train: 75.74%, Valid: 68.56%, Test In: 69.09% Test OOD1: 64.74% Test OOD2: 52.97% Test OOD3: 62.23% 
Epoch: 146, Loss: 0.5589, Train: 75.93%, Valid: 68.64%, Test In: 69.15% Test OOD1: 64.73% Test OOD2: 52.95% Test OOD3: 62.24% 
Epoch: 147, Loss: 0.5546, Train: 76.09%, Valid: 68.70%, Test In: 69.21% Test OOD1: 64.64% Test OOD2: 52.95% Test OOD3: 62.22% 
Epoch: 148, Loss: 0.5532, Train: 76.05%, Valid: 68.66%, Test In: 69.20% Test OOD1: 64.56% Test OOD2: 52.97% Test OOD3: 62.20% 
Epoch: 149, Loss: 0.5511, Train: 75.98%, Valid: 68.63%, Test In: 69.19% Test OOD1: 64.64% Test OOD2: 52.93% Test OOD3: 62.21% 
Epoch: 150, Loss: 0.5497, Train: 76.12%, Valid: 68.68%, Test In: 69.22% Test OOD1: 64.67% Test OOD2: 52.88% Test OOD3: 62.22% 
Epoch: 151, Loss: 0.5517, Train: 76.33%, Valid: 68.72%, Test In: 69.27% Test OOD1: 64.49% Test OOD2: 52.92% Test OOD3: 62.16% 
Epoch: 152, Loss: 0.5513, Train: 76.37%, Valid: 68.71%, Test In: 69.29% Test OOD1: 64.50% Test OOD2: 52.91% Test OOD3: 62.16% 
Epoch: 153, Loss: 0.5483, Train: 76.37%, Valid: 68.70%, Test In: 69.30% Test OOD1: 64.64% Test OOD2: 52.86% Test OOD3: 62.21% 
Epoch: 154, Loss: 0.5451, Train: 76.33%, Valid: 68.65%, Test In: 69.31% Test OOD1: 64.52% Test OOD2: 52.89% Test OOD3: 62.18% 
Epoch: 155, Loss: 0.5451, Train: 76.39%, Valid: 68.64%, Test In: 69.33% Test OOD1: 64.41% Test OOD2: 52.91% Test OOD3: 62.15% 
Epoch: 156, Loss: 0.5500, Train: 76.57%, Valid: 68.70%, Test In: 69.37% Test OOD1: 64.52% Test OOD2: 52.86% Test OOD3: 62.21% 
Epoch: 157, Loss: 0.5429, Train: 76.65%, Valid: 68.71%, Test In: 69.40% Test OOD1: 64.65% Test OOD2: 52.79% Test OOD3: 62.26% 
Epoch: 158, Loss: 0.5379, Train: 76.66%, Valid: 68.70%, Test In: 69.42% Test OOD1: 64.55% Test OOD2: 52.82% Test OOD3: 62.24% 
Epoch: 159, Loss: 0.5419, Train: 76.71%, Valid: 68.69%, Test In: 69.45% Test OOD1: 64.36% Test OOD2: 52.85% Test OOD3: 62.19% 
Epoch: 160, Loss: 0.5407, Train: 76.88%, Valid: 68.74%, Test In: 69.49% Test OOD1: 64.45% Test OOD2: 52.80% Test OOD3: 62.22% 
Epoch: 161, Loss: 0.5391, Train: 76.92%, Valid: 68.76%, Test In: 69.49% Test OOD1: 64.74% Test OOD2: 52.68% Test OOD3: 62.31% 
Epoch: 162, Loss: 0.5344, Train: 76.95%, Valid: 68.74%, Test In: 69.50% Test OOD1: 64.67% Test OOD2: 52.67% Test OOD3: 62.29% 
Epoch: 163, Loss: 0.5307, Train: 77.01%, Valid: 68.71%, Test In: 69.50% Test OOD1: 64.20% Test OOD2: 52.77% Test OOD3: 62.13% 
Epoch: 164, Loss: 0.5360, Train: 77.15%, Valid: 68.74%, Test In: 69.54% Test OOD1: 64.29% Test OOD2: 52.71% Test OOD3: 62.17% 
Epoch: 165, Loss: 0.5333, Train: 77.22%, Valid: 68.78%, Test In: 69.54% Test OOD1: 64.73% Test OOD2: 52.56% Test OOD3: 62.31% 
Epoch: 166, Loss: 0.5309, Train: 77.30%, Valid: 68.79%, Test In: 69.55% Test OOD1: 64.80% Test OOD2: 52.52% Test OOD3: 62.33% 
Epoch: 167, Loss: 0.5288, Train: 77.41%, Valid: 68.77%, Test In: 69.57% Test OOD1: 64.35% Test OOD2: 52.62% Test OOD3: 62.19% 
Epoch: 168, Loss: 0.5293, Train: 77.44%, Valid: 68.75%, Test In: 69.56% Test OOD1: 64.16% Test OOD2: 52.65% Test OOD3: 62.12% 
Epoch: 169, Loss: 0.5277, Train: 77.50%, Valid: 68.76%, Test In: 69.58% Test OOD1: 64.46% Test OOD2: 52.55% Test OOD3: 62.22% 
Epoch: 170, Loss: 0.5261, Train: 77.62%, Valid: 68.78%, Test In: 69.59% Test OOD1: 64.63% Test OOD2: 52.48% Test OOD3: 62.27% 
Epoch: 171, Loss: 0.5220, Train: 77.78%, Valid: 68.78%, Test In: 69.62% Test OOD1: 64.48% Test OOD2: 52.50% Test OOD3: 62.24% 
Epoch: 172, Loss: 0.5240, Train: 77.77%, Valid: 68.71%, Test In: 69.60% Test OOD1: 64.17% Test OOD2: 52.54% Test OOD3: 62.15% 
Epoch: 173, Loss: 0.5192, Train: 77.72%, Valid: 68.65%, Test In: 69.59% Test OOD1: 64.05% Test OOD2: 52.54% Test OOD3: 62.11% 
Epoch: 174, Loss: 0.5173, Train: 77.79%, Valid: 68.66%, Test In: 69.61% Test OOD1: 64.19% Test OOD2: 52.48% Test OOD3: 62.16% 
Epoch: 175, Loss: 0.5177, Train: 77.96%, Valid: 68.69%, Test In: 69.63% Test OOD1: 64.32% Test OOD2: 52.46% Test OOD3: 62.20% 
Epoch: 176, Loss: 0.5208, Train: 78.03%, Valid: 68.67%, Test In: 69.63% Test OOD1: 64.28% Test OOD2: 52.46% Test OOD3: 62.17% 
Epoch: 177, Loss: 0.5144, Train: 78.05%, Valid: 68.63%, Test In: 69.62% Test OOD1: 64.14% Test OOD2: 52.48% Test OOD3: 62.12% 
Epoch: 178, Loss: 0.5167, Train: 78.02%, Valid: 68.58%, Test In: 69.61% Test OOD1: 64.06% Test OOD2: 52.48% Test OOD3: 62.08% 
Epoch: 179, Loss: 0.5141, Train: 78.07%, Valid: 68.57%, Test In: 69.62% Test OOD1: 63.98% Test OOD2: 52.48% Test OOD3: 62.05% 
Epoch: 180, Loss: 0.5115, Train: 78.20%, Valid: 68.60%, Test In: 69.64% Test OOD1: 64.05% Test OOD2: 52.45% Test OOD3: 62.07% 
Epoch: 181, Loss: 0.5085, Train: 78.35%, Valid: 68.65%, Test In: 69.65% Test OOD1: 64.13% Test OOD2: 52.39% Test OOD3: 62.07% 
Epoch: 182, Loss: 0.5092, Train: 78.39%, Valid: 68.63%, Test In: 69.65% Test OOD1: 64.05% Test OOD2: 52.36% Test OOD3: 62.03% 
Epoch: 183, Loss: 0.5098, Train: 78.39%, Valid: 68.59%, Test In: 69.65% Test OOD1: 63.77% Test OOD2: 52.40% Test OOD3: 61.95% 
Epoch: 184, Loss: 0.5097, Train: 78.43%, Valid: 68.59%, Test In: 69.64% Test OOD1: 63.66% Test OOD2: 52.38% Test OOD3: 61.89% 
Epoch: 185, Loss: 0.5055, Train: 78.54%, Valid: 68.63%, Test In: 69.64% Test OOD1: 63.69% Test OOD2: 52.33% Test OOD3: 61.88% 
Epoch: 186, Loss: 0.5010, Train: 78.68%, Valid: 68.67%, Test In: 69.66% Test OOD1: 63.80% Test OOD2: 52.28% Test OOD3: 61.92% 
Epoch: 187, Loss: 0.5057, Train: 78.83%, Valid: 68.71%, Test In: 69.66% Test OOD1: 63.86% Test OOD2: 52.23% Test OOD3: 61.91% 
Epoch: 188, Loss: 0.4978, Train: 78.87%, Valid: 68.71%, Test In: 69.64% Test OOD1: 63.75% Test OOD2: 52.21% Test OOD3: 61.86% 
Epoch: 189, Loss: 0.4985, Train: 78.84%, Valid: 68.67%, Test In: 69.62% Test OOD1: 63.64% Test OOD2: 52.22% Test OOD3: 61.81% 
Epoch: 190, Loss: 0.4985, Train: 78.88%, Valid: 68.64%, Test In: 69.61% Test OOD1: 63.55% Test OOD2: 52.24% Test OOD3: 61.77% 
Epoch: 191, Loss: 0.4966, Train: 79.06%, Valid: 68.71%, Test In: 69.60% Test OOD1: 63.63% Test OOD2: 52.17% Test OOD3: 61.80% 
Epoch: 192, Loss: 0.4983, Train: 79.11%, Valid: 68.76%, Test In: 69.58% Test OOD1: 63.88% Test OOD2: 52.09% Test OOD3: 61.88% 
Epoch: 193, Loss: 0.4971, Train: 79.16%, Valid: 68.77%, Test In: 69.61% Test OOD1: 63.83% Test OOD2: 52.11% Test OOD3: 61.88% 
Epoch: 194, Loss: 0.4954, Train: 79.19%, Valid: 68.75%, Test In: 69.63% Test OOD1: 63.61% Test OOD2: 52.17% Test OOD3: 61.82% 
Epoch: 195, Loss: 0.4898, Train: 79.26%, Valid: 68.75%, Test In: 69.63% Test OOD1: 63.37% Test OOD2: 52.21% Test OOD3: 61.74% 
Epoch: 196, Loss: 0.4881, Train: 79.34%, Valid: 68.79%, Test In: 69.64% Test OOD1: 63.51% Test OOD2: 52.14% Test OOD3: 61.80% 
Epoch: 197, Loss: 0.4867, Train: 79.49%, Valid: 68.84%, Test In: 69.66% Test OOD1: 63.73% Test OOD2: 52.11% Test OOD3: 61.89% 
Epoch: 198, Loss: 0.4870, Train: 79.61%, Valid: 68.86%, Test In: 69.68% Test OOD1: 63.76% Test OOD2: 52.13% Test OOD3: 61.91% 
Epoch: 199, Loss: 0.4872, Train: 79.58%, Valid: 68.84%, Test In: 69.68% Test OOD1: 63.66% Test OOD2: 52.10% Test OOD3: 61.88% 
Run 03:
Highest Train: 79.61
Highest Valid: 68.93
Highest In Test: 69.68
Highest OOD Test: 66.54
Highest OOD Test: 53.48
Highest OOD Test: 63.47
Chosen epoch: 98
Final Train: 73.79
Final In Test: 69.45
Final OOD Test: 66.28
Final OOD Test: 53.36
Final OOD Test: 63.44
All runs:
Highest Train: 79.32 ± 0.25
Highest Valid: 68.98 ± 0.08
Highest In Test: 69.58 ± 0.11
Highest OOD Test: 66.66 ± 0.13
Highest OOD Test: 53.49 ± 0.08
Highest OOD Test: 63.49 ± 0.03
  Final Train: 73.85 ± 0.09
   Final In  Test: 69.50 ± 0.08
   Final OOD Test: 66.49 ± 0.23
   Final OOD Test: 53.33 ± 0.14
   Final OOD Test: 63.45 ± 0.03
[INFO] TensorBoard writer closed.

Command: python main.py --dataset twitch --backbone_type gcn --env_type graph --combine_result --store_result --epochs 200 --runs 3 --num_layers 2 --expert_agg mean --tau 3 --lr 0.01 --weight_decay 5e-5 --dropout 0.0 --K 3 --hidden_channels 64 --seed 123 --device 0 --lr 0.001 --weight_decay 0.0005 --dropout 0.2 --lamda 0.1 --K 3 --hidden_channels 64 --other_env_reduce env --result_name twitch_stage1_lr0.001_weight_decay0.0005_dropout0.2_lamda0.1_K3_hidden_channels64_other_env_reduceenv
Return code: 0
Elapsed: 211.35s
