Namespace(K=3, backbone_type='gcn', combine_result=True, cpu=False, data_dir='./data/', dataset='twitch', device=0, display_step=1, dropout=0.2, env_type='graph', epochs=200, expert_agg='mean', gate_hidden=64, hidden_channels=64, infer_env=False, infer_env_components=64, infer_env_iters=30, infer_env_num=3, lamda=1.0, lr=0.001, num_layers=2, other_env_reduce='env', pos_weight=5.0, result_name='twitch_stage1_lr0.001_weight_decay0.0005_dropout0.2_lamda1.0_K3_hidden_channels64_other_env_reduceenv', runs=3, seed=123, store_result=True, tau=3.0, use_bn=False, variant=False, weight_decay=0.0005)
dataset twitch: all nodes 34120 | edges 429113 | classes 2 | feats 3170
train nodes 7897 | valid nodes 3949 | test in nodes 3949
test ood1 nodes 4648 test ood2 nodes 6551 test ood3 nodes 7126 
[INFO] env numbers: 6 train env numbers: 3
MODEL: CaNet(
  (experts): ModuleList(
    (0): ExpertNet(
      (convs): ModuleList(
        (0): CaNetConv()
        (1): CaNetConv()
      )
      (fcs): ModuleList(
        (0): Linear(in_features=3170, out_features=64, bias=True)
        (1): Linear(in_features=64, out_features=2, bias=True)
      )
      (act_fn): ReLU()
    )
    (1): ExpertNet(
      (convs): ModuleList(
        (0): CaNetConv()
        (1): CaNetConv()
      )
      (fcs): ModuleList(
        (0): Linear(in_features=3170, out_features=64, bias=True)
        (1): Linear(in_features=64, out_features=2, bias=True)
      )
      (act_fn): ReLU()
    )
    (2): ExpertNet(
      (convs): ModuleList(
        (0): CaNetConv()
        (1): CaNetConv()
      )
      (fcs): ModuleList(
        (0): Linear(in_features=3170, out_features=64, bias=True)
        (1): Linear(in_features=64, out_features=2, bias=True)
      )
      (act_fn): ReLU()
    )
  )
  (gate): Sequential(
    (0): Linear(in_features=3170, out_features=64, bias=True)
    (1): ReLU()
    (2): Linear(in_features=64, out_features=3, bias=True)
  )
)
[INFO] TensorBoard logging activated. Logs will be saved to: ./runs/twitch/Apr16_21-02-40_lamda_1.0
Epoch: 00, Loss: 1.3946, Train: 53.24%, Valid: 51.18%, Test In: 52.09% Test OOD1: 50.32% Test OOD2: 51.18% Test OOD3: 49.88% 
Epoch: 01, Loss: 1.3935, Train: 54.40%, Valid: 51.55%, Test In: 52.98% Test OOD1: 48.61% Test OOD2: 51.58% Test OOD3: 49.84% 
Epoch: 02, Loss: 1.3924, Train: 52.33%, Valid: 49.84%, Test In: 51.30% Test OOD1: 45.71% Test OOD2: 51.54% Test OOD3: 48.84% 
Epoch: 03, Loss: 1.3912, Train: 49.95%, Valid: 48.17%, Test In: 49.41% Test OOD1: 43.93% Test OOD2: 51.26% Test OOD3: 48.00% 
Epoch: 04, Loss: 1.3902, Train: 48.29%, Valid: 47.02%, Test In: 48.12% Test OOD1: 43.06% Test OOD2: 51.05% Test OOD3: 47.37% 
Epoch: 05, Loss: 1.3889, Train: 47.03%, Valid: 46.08%, Test In: 47.23% Test OOD1: 42.54% Test OOD2: 50.90% Test OOD3: 46.88% 
Epoch: 06, Loss: 1.3878, Train: 46.25%, Valid: 45.47%, Test In: 46.65% Test OOD1: 42.26% Test OOD2: 50.77% Test OOD3: 46.61% 
Epoch: 07, Loss: 1.3865, Train: 45.78%, Valid: 45.11%, Test In: 46.30% Test OOD1: 42.09% Test OOD2: 50.67% Test OOD3: 46.43% 
Epoch: 08, Loss: 1.3852, Train: 45.46%, Valid: 44.87%, Test In: 46.06% Test OOD1: 41.97% Test OOD2: 50.60% Test OOD3: 46.31% 
Epoch: 09, Loss: 1.3838, Train: 45.23%, Valid: 44.70%, Test In: 45.88% Test OOD1: 41.89% Test OOD2: 50.55% Test OOD3: 46.25% 
Epoch: 10, Loss: 1.3820, Train: 45.08%, Valid: 44.60%, Test In: 45.77% Test OOD1: 41.82% Test OOD2: 50.52% Test OOD3: 46.21% 
Epoch: 11, Loss: 1.3803, Train: 44.94%, Valid: 44.50%, Test In: 45.67% Test OOD1: 41.76% Test OOD2: 50.50% Test OOD3: 46.18% 
Epoch: 12, Loss: 1.3784, Train: 44.82%, Valid: 44.40%, Test In: 45.57% Test OOD1: 41.72% Test OOD2: 50.48% Test OOD3: 46.14% 
Epoch: 13, Loss: 1.3768, Train: 44.70%, Valid: 44.33%, Test In: 45.50% Test OOD1: 41.68% Test OOD2: 50.46% Test OOD3: 46.12% 
Epoch: 14, Loss: 1.3744, Train: 44.60%, Valid: 44.27%, Test In: 45.43% Test OOD1: 41.64% Test OOD2: 50.44% Test OOD3: 46.09% 
Epoch: 15, Loss: 1.3720, Train: 44.52%, Valid: 44.22%, Test In: 45.37% Test OOD1: 41.61% Test OOD2: 50.43% Test OOD3: 46.07% 
Epoch: 16, Loss: 1.3695, Train: 44.45%, Valid: 44.17%, Test In: 45.32% Test OOD1: 41.59% Test OOD2: 50.42% Test OOD3: 46.06% 
Epoch: 17, Loss: 1.3667, Train: 44.40%, Valid: 44.14%, Test In: 45.29% Test OOD1: 41.58% Test OOD2: 50.41% Test OOD3: 46.05% 
Epoch: 18, Loss: 1.3641, Train: 44.38%, Valid: 44.13%, Test In: 45.28% Test OOD1: 41.57% Test OOD2: 50.40% Test OOD3: 46.05% 
Epoch: 19, Loss: 1.3621, Train: 44.39%, Valid: 44.15%, Test In: 45.30% Test OOD1: 41.58% Test OOD2: 50.40% Test OOD3: 46.07% 
Epoch: 20, Loss: 1.3591, Train: 44.45%, Valid: 44.20%, Test In: 45.36% Test OOD1: 41.60% Test OOD2: 50.40% Test OOD3: 46.11% 
Epoch: 21, Loss: 1.3568, Train: 44.58%, Valid: 44.30%, Test In: 45.47% Test OOD1: 41.66% Test OOD2: 50.41% Test OOD3: 46.17% 
Epoch: 22, Loss: 1.3541, Train: 44.80%, Valid: 44.48%, Test In: 45.66% Test OOD1: 41.74% Test OOD2: 50.43% Test OOD3: 46.27% 
Epoch: 23, Loss: 1.3518, Train: 45.15%, Valid: 44.75%, Test In: 45.95% Test OOD1: 41.88% Test OOD2: 50.46% Test OOD3: 46.42% 
Epoch: 24, Loss: 1.3500, Train: 45.65%, Valid: 45.14%, Test In: 46.37% Test OOD1: 42.08% Test OOD2: 50.51% Test OOD3: 46.64% 
Epoch: 25, Loss: 1.3476, Train: 46.36%, Valid: 45.68%, Test In: 46.96% Test OOD1: 42.36% Test OOD2: 50.59% Test OOD3: 46.94% 
Epoch: 26, Loss: 1.3458, Train: 47.35%, Valid: 46.45%, Test In: 47.78% Test OOD1: 42.76% Test OOD2: 50.68% Test OOD3: 47.35% 
Epoch: 27, Loss: 1.3441, Train: 48.74%, Valid: 47.53%, Test In: 48.92% Test OOD1: 43.34% Test OOD2: 50.82% Test OOD3: 47.94% 
Epoch: 28, Loss: 1.3414, Train: 50.68%, Valid: 49.07%, Test In: 50.50% Test OOD1: 44.19% Test OOD2: 51.02% Test OOD3: 48.78% 
Epoch: 29, Loss: 1.3393, Train: 53.40%, Valid: 51.24%, Test In: 52.73% Test OOD1: 45.48% Test OOD2: 51.30% Test OOD3: 50.00% 
Epoch: 30, Loss: 1.3381, Train: 57.11%, Valid: 54.21%, Test In: 55.71% Test OOD1: 47.53% Test OOD2: 51.71% Test OOD3: 51.81% 
Epoch: 31, Loss: 1.3356, Train: 61.71%, Valid: 57.99%, Test In: 59.40% Test OOD1: 50.63% Test OOD2: 52.20% Test OOD3: 54.34% 
Epoch: 32, Loss: 1.3320, Train: 66.31%, Valid: 61.86%, Test In: 63.24% Test OOD1: 54.94% Test OOD2: 52.66% Test OOD3: 57.41% 
Epoch: 33, Loss: 1.3303, Train: 69.47%, Valid: 64.59%, Test In: 66.06% Test OOD1: 59.53% Test OOD2: 52.83% Test OOD3: 60.12% 
Epoch: 34, Loss: 1.3275, Train: 70.55%, Valid: 65.76%, Test In: 67.17% Test OOD1: 62.49% Test OOD2: 52.48% Test OOD3: 61.30% 
Epoch: 35, Loss: 1.3240, Train: 70.24%, Valid: 65.80%, Test In: 66.86% Test OOD1: 63.53% Test OOD2: 52.11% Test OOD3: 61.39% 
Epoch: 36, Loss: 1.3215, Train: 69.37%, Valid: 65.35%, Test In: 65.99% Test OOD1: 63.58% Test OOD2: 51.85% Test OOD3: 61.07% 
Epoch: 37, Loss: 1.3197, Train: 68.46%, Valid: 64.83%, Test In: 65.19% Test OOD1: 63.40% Test OOD2: 51.69% Test OOD3: 60.73% 
Epoch: 38, Loss: 1.3153, Train: 67.72%, Valid: 64.41%, Test In: 64.58% Test OOD1: 63.22% Test OOD2: 51.55% Test OOD3: 60.45% 
Epoch: 39, Loss: 1.3157, Train: 67.17%, Valid: 64.06%, Test In: 64.10% Test OOD1: 63.05% Test OOD2: 51.44% Test OOD3: 60.21% 
Epoch: 40, Loss: 1.3113, Train: 66.74%, Valid: 63.78%, Test In: 63.73% Test OOD1: 62.91% Test OOD2: 51.36% Test OOD3: 60.01% 
Epoch: 41, Loss: 1.3090, Train: 66.41%, Valid: 63.55%, Test In: 63.44% Test OOD1: 62.80% Test OOD2: 51.30% Test OOD3: 59.87% 
Epoch: 42, Loss: 1.3064, Train: 66.14%, Valid: 63.37%, Test In: 63.21% Test OOD1: 62.71% Test OOD2: 51.25% Test OOD3: 59.74% 
Epoch: 43, Loss: 1.3055, Train: 65.93%, Valid: 63.22%, Test In: 63.03% Test OOD1: 62.63% Test OOD2: 51.21% Test OOD3: 59.65% 
Epoch: 44, Loss: 1.3014, Train: 65.77%, Valid: 63.10%, Test In: 62.89% Test OOD1: 62.57% Test OOD2: 51.17% Test OOD3: 59.58% 
Epoch: 45, Loss: 1.3000, Train: 65.65%, Valid: 63.00%, Test In: 62.78% Test OOD1: 62.53% Test OOD2: 51.15% Test OOD3: 59.53% 
Epoch: 46, Loss: 1.2985, Train: 65.56%, Valid: 62.94%, Test In: 62.70% Test OOD1: 62.50% Test OOD2: 51.13% Test OOD3: 59.50% 
Epoch: 47, Loss: 1.2971, Train: 65.52%, Valid: 62.90%, Test In: 62.66% Test OOD1: 62.48% Test OOD2: 51.11% Test OOD3: 59.49% 
Epoch: 48, Loss: 1.2948, Train: 65.50%, Valid: 62.87%, Test In: 62.64% Test OOD1: 62.47% Test OOD2: 51.11% Test OOD3: 59.49% 
Epoch: 49, Loss: 1.2945, Train: 65.51%, Valid: 62.88%, Test In: 62.64% Test OOD1: 62.47% Test OOD2: 51.10% Test OOD3: 59.50% 
Epoch: 50, Loss: 1.2896, Train: 65.55%, Valid: 62.89%, Test In: 62.66% Test OOD1: 62.49% Test OOD2: 51.09% Test OOD3: 59.52% 
Epoch: 51, Loss: 1.2910, Train: 65.60%, Valid: 62.92%, Test In: 62.69% Test OOD1: 62.51% Test OOD2: 51.09% Test OOD3: 59.56% 
Epoch: 52, Loss: 1.2894, Train: 65.68%, Valid: 62.96%, Test In: 62.75% Test OOD1: 62.54% Test OOD2: 51.10% Test OOD3: 59.60% 
Epoch: 53, Loss: 1.2870, Train: 65.78%, Valid: 63.03%, Test In: 62.82% Test OOD1: 62.58% Test OOD2: 51.10% Test OOD3: 59.65% 
Epoch: 54, Loss: 1.2845, Train: 65.91%, Valid: 63.11%, Test In: 62.93% Test OOD1: 62.63% Test OOD2: 51.10% Test OOD3: 59.72% 
Epoch: 55, Loss: 1.2824, Train: 66.07%, Valid: 63.21%, Test In: 63.05% Test OOD1: 62.69% Test OOD2: 51.12% Test OOD3: 59.80% 
Epoch: 56, Loss: 1.2818, Train: 66.25%, Valid: 63.33%, Test In: 63.19% Test OOD1: 62.76% Test OOD2: 51.13% Test OOD3: 59.89% 
Epoch: 57, Loss: 1.2788, Train: 66.46%, Valid: 63.47%, Test In: 63.36% Test OOD1: 62.86% Test OOD2: 51.16% Test OOD3: 60.00% 
Epoch: 58, Loss: 1.2785, Train: 66.71%, Valid: 63.64%, Test In: 63.56% Test OOD1: 62.96% Test OOD2: 51.18% Test OOD3: 60.11% 
Epoch: 59, Loss: 1.2749, Train: 66.98%, Valid: 63.82%, Test In: 63.79% Test OOD1: 63.08% Test OOD2: 51.20% Test OOD3: 60.25% 
Epoch: 60, Loss: 1.2730, Train: 67.28%, Valid: 64.04%, Test In: 64.05% Test OOD1: 63.21% Test OOD2: 51.23% Test OOD3: 60.39% 
Epoch: 61, Loss: 1.2710, Train: 67.62%, Valid: 64.27%, Test In: 64.33% Test OOD1: 63.36% Test OOD2: 51.26% Test OOD3: 60.55% 
Epoch: 62, Loss: 1.2676, Train: 67.98%, Valid: 64.52%, Test In: 64.63% Test OOD1: 63.52% Test OOD2: 51.30% Test OOD3: 60.72% 
Epoch: 63, Loss: 1.2645, Train: 68.35%, Valid: 64.79%, Test In: 64.96% Test OOD1: 63.68% Test OOD2: 51.34% Test OOD3: 60.90% 
Epoch: 64, Loss: 1.2648, Train: 68.74%, Valid: 65.06%, Test In: 65.29% Test OOD1: 63.85% Test OOD2: 51.38% Test OOD3: 61.07% 
Epoch: 65, Loss: 1.2608, Train: 69.15%, Valid: 65.34%, Test In: 65.64% Test OOD1: 64.03% Test OOD2: 51.42% Test OOD3: 61.25% 
Epoch: 66, Loss: 1.2577, Train: 69.55%, Valid: 65.62%, Test In: 65.98% Test OOD1: 64.21% Test OOD2: 51.46% Test OOD3: 61.42% 
Epoch: 67, Loss: 1.2534, Train: 69.97%, Valid: 65.93%, Test In: 66.34% Test OOD1: 64.40% Test OOD2: 51.51% Test OOD3: 61.60% 
Epoch: 68, Loss: 1.2504, Train: 70.40%, Valid: 66.25%, Test In: 66.71% Test OOD1: 64.57% Test OOD2: 51.55% Test OOD3: 61.76% 
Epoch: 69, Loss: 1.2495, Train: 70.79%, Valid: 66.54%, Test In: 67.06% Test OOD1: 64.74% Test OOD2: 51.60% Test OOD3: 61.92% 
Epoch: 70, Loss: 1.2437, Train: 71.17%, Valid: 66.82%, Test In: 67.38% Test OOD1: 64.90% Test OOD2: 51.64% Test OOD3: 62.07% 
Epoch: 71, Loss: 1.2422, Train: 71.57%, Valid: 67.12%, Test In: 67.72% Test OOD1: 65.06% Test OOD2: 51.69% Test OOD3: 62.22% 
Epoch: 72, Loss: 1.2395, Train: 71.94%, Valid: 67.39%, Test In: 68.03% Test OOD1: 65.21% Test OOD2: 51.73% Test OOD3: 62.35% 
Epoch: 73, Loss: 1.2356, Train: 72.30%, Valid: 67.67%, Test In: 68.32% Test OOD1: 65.35% Test OOD2: 51.77% Test OOD3: 62.47% 
Epoch: 74, Loss: 1.2320, Train: 72.62%, Valid: 67.91%, Test In: 68.59% Test OOD1: 65.46% Test OOD2: 51.80% Test OOD3: 62.58% 
Epoch: 75, Loss: 1.2290, Train: 72.98%, Valid: 68.19%, Test In: 68.88% Test OOD1: 65.57% Test OOD2: 51.84% Test OOD3: 62.69% 
Epoch: 76, Loss: 1.2246, Train: 73.24%, Valid: 68.39%, Test In: 69.08% Test OOD1: 65.67% Test OOD2: 51.86% Test OOD3: 62.76% 
Epoch: 77, Loss: 1.2199, Train: 73.53%, Valid: 68.61%, Test In: 69.31% Test OOD1: 65.76% Test OOD2: 51.89% Test OOD3: 62.83% 
Epoch: 78, Loss: 1.2192, Train: 73.81%, Valid: 68.83%, Test In: 69.53% Test OOD1: 65.84% Test OOD2: 51.92% Test OOD3: 62.90% 
Epoch: 79, Loss: 1.2165, Train: 74.09%, Valid: 69.04%, Test In: 69.74% Test OOD1: 65.91% Test OOD2: 51.96% Test OOD3: 62.96% 
Epoch: 80, Loss: 1.2117, Train: 74.28%, Valid: 69.19%, Test In: 69.87% Test OOD1: 65.98% Test OOD2: 51.96% Test OOD3: 62.98% 
Epoch: 81, Loss: 1.2115, Train: 74.46%, Valid: 69.32%, Test In: 70.00% Test OOD1: 66.04% Test OOD2: 51.96% Test OOD3: 63.00% 
Epoch: 82, Loss: 1.2070, Train: 74.71%, Valid: 69.51%, Test In: 70.17% Test OOD1: 66.07% Test OOD2: 52.00% Test OOD3: 63.04% 
Epoch: 83, Loss: 1.2025, Train: 75.03%, Valid: 69.72%, Test In: 70.38% Test OOD1: 66.06% Test OOD2: 52.06% Test OOD3: 63.08% 
Epoch: 84, Loss: 1.1992, Train: 75.12%, Valid: 69.80%, Test In: 70.43% Test OOD1: 66.14% Test OOD2: 52.04% Test OOD3: 63.07% 
Epoch: 85, Loss: 1.1963, Train: 75.26%, Valid: 69.89%, Test In: 70.51% Test OOD1: 66.19% Test OOD2: 52.02% Test OOD3: 63.07% 
Epoch: 86, Loss: 1.1916, Train: 75.52%, Valid: 70.06%, Test In: 70.67% Test OOD1: 66.16% Test OOD2: 52.08% Test OOD3: 63.08% 
Epoch: 87, Loss: 1.1923, Train: 75.71%, Valid: 70.18%, Test In: 70.78% Test OOD1: 66.15% Test OOD2: 52.10% Test OOD3: 63.09% 
Epoch: 88, Loss: 1.1869, Train: 75.77%, Valid: 70.21%, Test In: 70.80% Test OOD1: 66.22% Test OOD2: 52.08% Test OOD3: 63.08% 
Epoch: 89, Loss: 1.1810, Train: 75.95%, Valid: 70.30%, Test In: 70.90% Test OOD1: 66.20% Test OOD2: 52.11% Test OOD3: 63.07% 
Epoch: 90, Loss: 1.1784, Train: 76.07%, Valid: 70.36%, Test In: 70.96% Test OOD1: 66.21% Test OOD2: 52.11% Test OOD3: 63.07% 
Epoch: 91, Loss: 1.1775, Train: 76.27%, Valid: 70.47%, Test In: 71.05% Test OOD1: 66.15% Test OOD2: 52.13% Test OOD3: 63.06% 
Epoch: 92, Loss: 1.1759, Train: 76.37%, Valid: 70.51%, Test In: 71.09% Test OOD1: 66.19% Test OOD2: 52.10% Test OOD3: 63.05% 
Epoch: 93, Loss: 1.1745, Train: 76.42%, Valid: 70.51%, Test In: 71.08% Test OOD1: 66.25% Test OOD2: 52.04% Test OOD3: 63.04% 
Epoch: 94, Loss: 1.1717, Train: 76.58%, Valid: 70.58%, Test In: 71.16% Test OOD1: 66.20% Test OOD2: 52.05% Test OOD3: 63.02% 
Epoch: 95, Loss: 1.1647, Train: 76.72%, Valid: 70.63%, Test In: 71.22% Test OOD1: 66.11% Test OOD2: 52.09% Test OOD3: 63.00% 
Epoch: 96, Loss: 1.1647, Train: 76.75%, Valid: 70.60%, Test In: 71.20% Test OOD1: 66.12% Test OOD2: 52.05% Test OOD3: 62.98% 
Epoch: 97, Loss: 1.1654, Train: 76.83%, Valid: 70.61%, Test In: 71.20% Test OOD1: 66.14% Test OOD2: 52.01% Test OOD3: 62.96% 
Epoch: 98, Loss: 1.1634, Train: 76.99%, Valid: 70.68%, Test In: 71.24% Test OOD1: 66.10% Test OOD2: 52.00% Test OOD3: 62.94% 
Epoch: 99, Loss: 1.1561, Train: 77.05%, Valid: 70.67%, Test In: 71.24% Test OOD1: 66.09% Test OOD2: 51.98% Test OOD3: 62.91% 
Epoch: 100, Loss: 1.1579, Train: 77.08%, Valid: 70.63%, Test In: 71.22% Test OOD1: 66.06% Test OOD2: 51.96% Test OOD3: 62.88% 
Epoch: 101, Loss: 1.1552, Train: 77.21%, Valid: 70.67%, Test In: 71.26% Test OOD1: 65.97% Test OOD2: 51.98% Test OOD3: 62.85% 
Epoch: 102, Loss: 1.1493, Train: 77.37%, Valid: 70.72%, Test In: 71.32% Test OOD1: 65.82% Test OOD2: 52.00% Test OOD3: 62.82% 
Epoch: 103, Loss: 1.1453, Train: 77.41%, Valid: 70.70%, Test In: 71.29% Test OOD1: 65.83% Test OOD2: 51.95% Test OOD3: 62.80% 
Epoch: 104, Loss: 1.1443, Train: 77.40%, Valid: 70.65%, Test In: 71.23% Test OOD1: 65.90% Test OOD2: 51.87% Test OOD3: 62.79% 
Epoch: 105, Loss: 1.1394, Train: 77.50%, Valid: 70.67%, Test In: 71.24% Test OOD1: 65.83% Test OOD2: 51.86% Test OOD3: 62.76% 
Epoch: 106, Loss: 1.1386, Train: 77.70%, Valid: 70.76%, Test In: 71.33% Test OOD1: 65.60% Test OOD2: 51.91% Test OOD3: 62.71% 
Epoch: 107, Loss: 1.1359, Train: 77.75%, Valid: 70.74%, Test In: 71.32% Test OOD1: 65.51% Test OOD2: 51.89% Test OOD3: 62.67% 
Epoch: 108, Loss: 1.1355, Train: 77.68%, Valid: 70.66%, Test In: 71.23% Test OOD1: 65.62% Test OOD2: 51.80% Test OOD3: 62.67% 
Epoch: 109, Loss: 1.1359, Train: 77.72%, Valid: 70.64%, Test In: 71.18% Test OOD1: 65.66% Test OOD2: 51.73% Test OOD3: 62.65% 
Epoch: 110, Loss: 1.1259, Train: 77.94%, Valid: 70.74%, Test In: 71.30% Test OOD1: 65.44% Test OOD2: 51.77% Test OOD3: 62.59% 
Epoch: 111, Loss: 1.1338, Train: 78.08%, Valid: 70.79%, Test In: 71.35% Test OOD1: 65.23% Test OOD2: 51.79% Test OOD3: 62.53% 
Epoch: 112, Loss: 1.1252, Train: 78.03%, Valid: 70.72%, Test In: 71.27% Test OOD1: 65.35% Test OOD2: 51.71% Test OOD3: 62.54% 
Epoch: 113, Loss: 1.1175, Train: 78.00%, Valid: 70.66%, Test In: 71.19% Test OOD1: 65.44% Test OOD2: 51.63% Test OOD3: 62.53% 
Epoch: 114, Loss: 1.1248, Train: 78.18%, Valid: 70.73%, Test In: 71.26% Test OOD1: 65.29% Test OOD2: 51.63% Test OOD3: 62.48% 
Epoch: 115, Loss: 1.1152, Train: 78.38%, Valid: 70.81%, Test In: 71.36% Test OOD1: 65.03% Test OOD2: 51.68% Test OOD3: 62.40% 
Epoch: 116, Loss: 1.1125, Train: 78.41%, Valid: 70.79%, Test In: 71.34% Test OOD1: 65.01% Test OOD2: 51.66% Test OOD3: 62.38% 
Epoch: 117, Loss: 1.1134, Train: 78.31%, Valid: 70.69%, Test In: 71.21% Test OOD1: 65.26% Test OOD2: 51.55% Test OOD3: 62.42% 
Epoch: 118, Loss: 1.1108, Train: 78.40%, Valid: 70.70%, Test In: 71.23% Test OOD1: 65.19% Test OOD2: 51.54% Test OOD3: 62.39% 
Epoch: 119, Loss: 1.1083, Train: 78.62%, Valid: 70.79%, Test In: 71.35% Test OOD1: 64.91% Test OOD2: 51.59% Test OOD3: 62.30% 
Epoch: 120, Loss: 1.1045, Train: 78.71%, Valid: 70.80%, Test In: 71.35% Test OOD1: 64.93% Test OOD2: 51.57% Test OOD3: 62.29% 
Epoch: 121, Loss: 1.1013, Train: 78.72%, Valid: 70.76%, Test In: 71.30% Test OOD1: 64.99% Test OOD2: 51.51% Test OOD3: 62.30% 
Epoch: 122, Loss: 1.0996, Train: 78.78%, Valid: 70.75%, Test In: 71.32% Test OOD1: 64.91% Test OOD2: 51.51% Test OOD3: 62.26% 
Epoch: 123, Loss: 1.0976, Train: 78.87%, Valid: 70.75%, Test In: 71.33% Test OOD1: 64.85% Test OOD2: 51.50% Test OOD3: 62.23% 
Epoch: 124, Loss: 1.0933, Train: 78.93%, Valid: 70.73%, Test In: 71.30% Test OOD1: 64.93% Test OOD2: 51.46% Test OOD3: 62.25% 
Epoch: 125, Loss: 1.0920, Train: 79.06%, Valid: 70.76%, Test In: 71.33% Test OOD1: 64.82% Test OOD2: 51.46% Test OOD3: 62.20% 
Epoch: 126, Loss: 1.0885, Train: 79.13%, Valid: 70.75%, Test In: 71.34% Test OOD1: 64.72% Test OOD2: 51.46% Test OOD3: 62.16% 
Epoch: 127, Loss: 1.0920, Train: 79.20%, Valid: 70.74%, Test In: 71.35% Test OOD1: 64.62% Test OOD2: 51.48% Test OOD3: 62.11% 
Epoch: 128, Loss: 1.0896, Train: 79.26%, Valid: 70.72%, Test In: 71.32% Test OOD1: 64.69% Test OOD2: 51.44% Test OOD3: 62.12% 
Epoch: 129, Loss: 1.0895, Train: 79.35%, Valid: 70.71%, Test In: 71.31% Test OOD1: 64.69% Test OOD2: 51.42% Test OOD3: 62.10% 
Epoch: 130, Loss: 1.0801, Train: 79.47%, Valid: 70.72%, Test In: 71.34% Test OOD1: 64.51% Test OOD2: 51.46% Test OOD3: 62.02% 
Epoch: 131, Loss: 1.0734, Train: 79.55%, Valid: 70.71%, Test In: 71.35% Test OOD1: 64.38% Test OOD2: 51.48% Test OOD3: 61.95% 
Epoch: 132, Loss: 1.0782, Train: 79.57%, Valid: 70.66%, Test In: 71.29% Test OOD1: 64.49% Test OOD2: 51.42% Test OOD3: 61.98% 
Epoch: 133, Loss: 1.0780, Train: 79.68%, Valid: 70.66%, Test In: 71.29% Test OOD1: 64.48% Test OOD2: 51.41% Test OOD3: 61.96% 
Epoch: 134, Loss: 1.0733, Train: 79.86%, Valid: 70.70%, Test In: 71.35% Test OOD1: 64.24% Test OOD2: 51.46% Test OOD3: 61.86% 
Epoch: 135, Loss: 1.0679, Train: 79.91%, Valid: 70.68%, Test In: 71.33% Test OOD1: 64.19% Test OOD2: 51.45% Test OOD3: 61.84% 
Epoch: 136, Loss: 1.0709, Train: 79.91%, Valid: 70.61%, Test In: 71.26% Test OOD1: 64.33% Test OOD2: 51.40% Test OOD3: 61.88% 
Epoch: 137, Loss: 1.0679, Train: 80.00%, Valid: 70.61%, Test In: 71.26% Test OOD1: 64.30% Test OOD2: 51.39% Test OOD3: 61.87% 
Epoch: 138, Loss: 1.0652, Train: 80.18%, Valid: 70.65%, Test In: 71.31% Test OOD1: 64.09% Test OOD2: 51.42% Test OOD3: 61.78% 
Epoch: 139, Loss: 1.0580, Train: 80.26%, Valid: 70.64%, Test In: 71.30% Test OOD1: 63.98% Test OOD2: 51.41% Test OOD3: 61.72% 
Epoch: 140, Loss: 1.0619, Train: 80.23%, Valid: 70.56%, Test In: 71.21% Test OOD1: 64.20% Test OOD2: 51.33% Test OOD3: 61.80% 
Epoch: 141, Loss: 1.0617, Train: 80.36%, Valid: 70.57%, Test In: 71.24% Test OOD1: 64.09% Test OOD2: 51.36% Test OOD3: 61.76% 
Epoch: 142, Loss: 1.0642, Train: 80.49%, Valid: 70.58%, Test In: 71.26% Test OOD1: 63.95% Test OOD2: 51.37% Test OOD3: 61.69% 
Epoch: 143, Loss: 1.0525, Train: 80.55%, Valid: 70.54%, Test In: 71.23% Test OOD1: 63.94% Test OOD2: 51.34% Test OOD3: 61.68% 
Epoch: 144, Loss: 1.0507, Train: 80.57%, Valid: 70.49%, Test In: 71.19% Test OOD1: 64.04% Test OOD2: 51.30% Test OOD3: 61.71% 
Epoch: 145, Loss: 1.0525, Train: 80.73%, Valid: 70.52%, Test In: 71.23% Test OOD1: 63.89% Test OOD2: 51.33% Test OOD3: 61.63% 
Epoch: 146, Loss: 1.0486, Train: 80.91%, Valid: 70.55%, Test In: 71.27% Test OOD1: 63.66% Test OOD2: 51.35% Test OOD3: 61.53% 
Epoch: 147, Loss: 1.0422, Train: 80.89%, Valid: 70.50%, Test In: 71.20% Test OOD1: 63.82% Test OOD2: 51.28% Test OOD3: 61.58% 
Epoch: 148, Loss: 1.0462, Train: 80.90%, Valid: 70.45%, Test In: 71.17% Test OOD1: 63.95% Test OOD2: 51.26% Test OOD3: 61.62% 
Epoch: 149, Loss: 1.0425, Train: 81.10%, Valid: 70.51%, Test In: 71.23% Test OOD1: 63.68% Test OOD2: 51.31% Test OOD3: 61.50% 
Epoch: 150, Loss: 1.0405, Train: 81.23%, Valid: 70.53%, Test In: 71.24% Test OOD1: 63.56% Test OOD2: 51.29% Test OOD3: 61.45% 
Epoch: 151, Loss: 1.0446, Train: 81.27%, Valid: 70.50%, Test In: 71.22% Test OOD1: 63.65% Test OOD2: 51.26% Test OOD3: 61.48% 
Epoch: 152, Loss: 1.0346, Train: 81.32%, Valid: 70.48%, Test In: 71.20% Test OOD1: 63.72% Test OOD2: 51.25% Test OOD3: 61.50% 
Epoch: 153, Loss: 1.0324, Train: 81.45%, Valid: 70.50%, Test In: 71.23% Test OOD1: 63.59% Test OOD2: 51.26% Test OOD3: 61.42% 
Epoch: 154, Loss: 1.0315, Train: 81.59%, Valid: 70.52%, Test In: 71.25% Test OOD1: 63.42% Test OOD2: 51.26% Test OOD3: 61.33% 
Epoch: 155, Loss: 1.0292, Train: 81.69%, Valid: 70.51%, Test In: 71.24% Test OOD1: 63.45% Test OOD2: 51.25% Test OOD3: 61.33% 
Epoch: 156, Loss: 1.0293, Train: 81.68%, Valid: 70.46%, Test In: 71.18% Test OOD1: 63.69% Test OOD2: 51.20% Test OOD3: 61.41% 
Epoch: 157, Loss: 1.0229, Train: 81.74%, Valid: 70.44%, Test In: 71.16% Test OOD1: 63.66% Test OOD2: 51.21% Test OOD3: 61.38% 
Epoch: 158, Loss: 1.0216, Train: 81.94%, Valid: 70.49%, Test In: 71.22% Test OOD1: 63.39% Test OOD2: 51.25% Test OOD3: 61.24% 
Epoch: 159, Loss: 1.0225, Train: 82.02%, Valid: 70.48%, Test In: 71.19% Test OOD1: 63.52% Test OOD2: 51.20% Test OOD3: 61.28% 
Epoch: 160, Loss: 1.0218, Train: 82.00%, Valid: 70.41%, Test In: 71.11% Test OOD1: 63.74% Test OOD2: 51.15% Test OOD3: 61.36% 
Epoch: 161, Loss: 1.0234, Train: 82.09%, Valid: 70.39%, Test In: 71.10% Test OOD1: 63.68% Test OOD2: 51.16% Test OOD3: 61.32% 
Epoch: 162, Loss: 1.0196, Train: 82.28%, Valid: 70.42%, Test In: 71.14% Test OOD1: 63.38% Test OOD2: 51.20% Test OOD3: 61.18% 
Epoch: 163, Loss: 1.0139, Train: 82.41%, Valid: 70.41%, Test In: 71.13% Test OOD1: 63.42% Test OOD2: 51.18% Test OOD3: 61.17% 
Epoch: 164, Loss: 1.0127, Train: 82.39%, Valid: 70.33%, Test In: 71.04% Test OOD1: 63.67% Test OOD2: 51.12% Test OOD3: 61.27% 
Epoch: 165, Loss: 1.0079, Train: 82.51%, Valid: 70.32%, Test In: 71.03% Test OOD1: 63.51% Test OOD2: 51.14% Test OOD3: 61.18% 
Epoch: 166, Loss: 1.0075, Train: 82.72%, Valid: 70.35%, Test In: 71.09% Test OOD1: 63.00% Test OOD2: 51.21% Test OOD3: 60.94% 
Epoch: 167, Loss: 1.0124, Train: 82.78%, Valid: 70.33%, Test In: 71.06% Test OOD1: 63.37% Test OOD2: 51.16% Test OOD3: 61.10% 
Epoch: 168, Loss: 0.9948, Train: 82.75%, Valid: 70.28%, Test In: 70.99% Test OOD1: 63.67% Test OOD2: 51.10% Test OOD3: 61.22% 
Epoch: 169, Loss: 1.0071, Train: 82.88%, Valid: 70.28%, Test In: 71.02% Test OOD1: 63.42% Test OOD2: 51.12% Test OOD3: 61.10% 
Epoch: 170, Loss: 1.0007, Train: 82.99%, Valid: 70.28%, Test In: 71.03% Test OOD1: 63.19% Test OOD2: 51.15% Test OOD3: 60.99% 
Epoch: 171, Loss: 0.9978, Train: 83.08%, Valid: 70.27%, Test In: 71.02% Test OOD1: 63.35% Test OOD2: 51.12% Test OOD3: 61.06% 
Epoch: 172, Loss: 0.9970, Train: 83.11%, Valid: 70.25%, Test In: 70.98% Test OOD1: 63.52% Test OOD2: 51.08% Test OOD3: 61.13% 
Epoch: 173, Loss: 0.9963, Train: 83.19%, Valid: 70.22%, Test In: 70.98% Test OOD1: 63.42% Test OOD2: 51.06% Test OOD3: 61.09% 
Epoch: 174, Loss: 0.9886, Train: 83.31%, Valid: 70.23%, Test In: 71.01% Test OOD1: 63.23% Test OOD2: 51.08% Test OOD3: 61.02% 
Epoch: 175, Loss: 0.9912, Train: 83.47%, Valid: 70.25%, Test In: 71.05% Test OOD1: 63.17% Test OOD2: 51.09% Test OOD3: 61.00% 
Epoch: 176, Loss: 0.9842, Train: 83.53%, Valid: 70.24%, Test In: 71.04% Test OOD1: 63.31% Test OOD2: 51.07% Test OOD3: 61.07% 
Epoch: 177, Loss: 0.9777, Train: 83.58%, Valid: 70.21%, Test In: 71.01% Test OOD1: 63.28% Test OOD2: 51.04% Test OOD3: 61.06% 
Epoch: 178, Loss: 0.9793, Train: 83.74%, Valid: 70.22%, Test In: 71.04% Test OOD1: 63.00% Test OOD2: 51.05% Test OOD3: 60.93% 
Epoch: 179, Loss: 0.9864, Train: 83.93%, Valid: 70.23%, Test In: 71.07% Test OOD1: 62.83% Test OOD2: 51.07% Test OOD3: 60.85% 
Epoch: 180, Loss: 0.9802, Train: 83.92%, Valid: 70.19%, Test In: 71.02% Test OOD1: 63.15% Test OOD2: 51.01% Test OOD3: 61.00% 
Epoch: 181, Loss: 0.9778, Train: 83.94%, Valid: 70.14%, Test In: 70.97% Test OOD1: 63.22% Test OOD2: 50.97% Test OOD3: 61.03% 
Epoch: 182, Loss: 0.9766, Train: 84.21%, Valid: 70.18%, Test In: 71.03% Test OOD1: 62.78% Test OOD2: 51.01% Test OOD3: 60.81% 
Epoch: 183, Loss: 0.9731, Train: 84.33%, Valid: 70.17%, Test In: 71.03% Test OOD1: 62.70% Test OOD2: 51.00% Test OOD3: 60.76% 
Epoch: 184, Loss: 0.9762, Train: 84.27%, Valid: 70.09%, Test In: 70.93% Test OOD1: 63.07% Test OOD2: 50.94% Test OOD3: 60.92% 
Epoch: 185, Loss: 0.9619, Train: 84.34%, Valid: 70.05%, Test In: 70.89% Test OOD1: 63.13% Test OOD2: 50.93% Test OOD3: 60.94% 
Epoch: 186, Loss: 0.9660, Train: 84.62%, Valid: 70.09%, Test In: 70.96% Test OOD1: 62.72% Test OOD2: 50.98% Test OOD3: 60.75% 
Epoch: 187, Loss: 0.9634, Train: 84.70%, Valid: 70.07%, Test In: 70.94% Test OOD1: 62.73% Test OOD2: 50.97% Test OOD3: 60.74% 
Epoch: 188, Loss: 0.9610, Train: 84.63%, Valid: 70.01%, Test In: 70.84% Test OOD1: 63.09% Test OOD2: 50.92% Test OOD3: 60.91% 
Epoch: 189, Loss: 0.9580, Train: 84.83%, Valid: 70.02%, Test In: 70.86% Test OOD1: 63.00% Test OOD2: 50.96% Test OOD3: 60.84% 
Epoch: 190, Loss: 0.9493, Train: 85.03%, Valid: 70.04%, Test In: 70.89% Test OOD1: 62.69% Test OOD2: 50.99% Test OOD3: 60.68% 
Epoch: 191, Loss: 0.9552, Train: 85.11%, Valid: 70.01%, Test In: 70.85% Test OOD1: 62.63% Test OOD2: 50.99% Test OOD3: 60.64% 
Epoch: 192, Loss: 0.9443, Train: 85.18%, Valid: 70.00%, Test In: 70.83% Test OOD1: 62.80% Test OOD2: 50.98% Test OOD3: 60.70% 
Epoch: 193, Loss: 0.9432, Train: 85.27%, Valid: 69.99%, Test In: 70.82% Test OOD1: 62.85% Test OOD2: 50.98% Test OOD3: 60.72% 
Epoch: 194, Loss: 0.9503, Train: 85.44%, Valid: 70.00%, Test In: 70.83% Test OOD1: 62.59% Test OOD2: 51.01% Test OOD3: 60.58% 
Epoch: 195, Loss: 0.9426, Train: 85.54%, Valid: 70.00%, Test In: 70.82% Test OOD1: 62.63% Test OOD2: 51.02% Test OOD3: 60.60% 
Epoch: 196, Loss: 0.9373, Train: 85.59%, Valid: 69.98%, Test In: 70.77% Test OOD1: 62.77% Test OOD2: 51.01% Test OOD3: 60.67% 
Epoch: 197, Loss: 0.9381, Train: 85.72%, Valid: 69.98%, Test In: 70.77% Test OOD1: 62.73% Test OOD2: 51.02% Test OOD3: 60.64% 
Epoch: 198, Loss: 0.9331, Train: 85.84%, Valid: 69.97%, Test In: 70.75% Test OOD1: 62.65% Test OOD2: 51.03% Test OOD3: 60.58% 
Epoch: 199, Loss: 0.9266, Train: 85.96%, Valid: 69.95%, Test In: 70.73% Test OOD1: 62.60% Test OOD2: 51.04% Test OOD3: 60.54% 
Run 01:
Highest Train: 85.96
Highest Valid: 70.81
Highest In Test: 71.36
Highest OOD Test: 66.25
Highest OOD Test: 52.83
Highest OOD Test: 63.09
Chosen epoch: 116
Final Train: 78.38
Final In Test: 71.36
Final OOD Test: 65.03
Final OOD Test: 51.68
Final OOD Test: 62.40
Epoch: 00, Loss: 1.3905, Train: 51.02%, Valid: 50.28%, Test In: 51.19% Test OOD1: 49.48% Test OOD2: 50.12% Test OOD3: 48.37% 
Epoch: 01, Loss: 1.3895, Train: 51.35%, Valid: 50.09%, Test In: 51.25% Test OOD1: 47.31% Test OOD2: 50.60% Test OOD3: 48.63% 
Epoch: 02, Loss: 1.3885, Train: 51.27%, Valid: 49.77%, Test In: 51.21% Test OOD1: 45.98% Test OOD2: 50.81% Test OOD3: 48.70% 
Epoch: 03, Loss: 1.3876, Train: 51.05%, Valid: 49.52%, Test In: 51.04% Test OOD1: 45.37% Test OOD2: 50.86% Test OOD3: 48.66% 
Epoch: 04, Loss: 1.3867, Train: 50.56%, Valid: 49.10%, Test In: 50.51% Test OOD1: 44.94% Test OOD2: 50.88% Test OOD3: 48.48% 
Epoch: 05, Loss: 1.3858, Train: 49.92%, Valid: 48.52%, Test In: 49.94% Test OOD1: 44.43% Test OOD2: 50.82% Test OOD3: 48.20% 
Epoch: 06, Loss: 1.3848, Train: 49.28%, Valid: 47.95%, Test In: 49.39% Test OOD1: 43.98% Test OOD2: 50.79% Test OOD3: 47.96% 
Epoch: 07, Loss: 1.3837, Train: 48.64%, Valid: 47.42%, Test In: 48.86% Test OOD1: 43.61% Test OOD2: 50.75% Test OOD3: 47.73% 
Epoch: 08, Loss: 1.3827, Train: 48.05%, Valid: 46.95%, Test In: 48.37% Test OOD1: 43.29% Test OOD2: 50.71% Test OOD3: 47.52% 
Epoch: 09, Loss: 1.3815, Train: 47.56%, Valid: 46.55%, Test In: 47.95% Test OOD1: 43.00% Test OOD2: 50.68% Test OOD3: 47.34% 
Epoch: 10, Loss: 1.3803, Train: 47.13%, Valid: 46.22%, Test In: 47.60% Test OOD1: 42.80% Test OOD2: 50.64% Test OOD3: 47.19% 
Epoch: 11, Loss: 1.3791, Train: 46.80%, Valid: 45.97%, Test In: 47.34% Test OOD1: 42.65% Test OOD2: 50.62% Test OOD3: 47.07% 
Epoch: 12, Loss: 1.3778, Train: 46.57%, Valid: 45.80%, Test In: 47.16% Test OOD1: 42.54% Test OOD2: 50.60% Test OOD3: 46.99% 
Epoch: 13, Loss: 1.3761, Train: 46.40%, Valid: 45.68%, Test In: 47.03% Test OOD1: 42.45% Test OOD2: 50.58% Test OOD3: 46.92% 
Epoch: 14, Loss: 1.3748, Train: 46.32%, Valid: 45.61%, Test In: 46.97% Test OOD1: 42.43% Test OOD2: 50.58% Test OOD3: 46.90% 
Epoch: 15, Loss: 1.3726, Train: 46.30%, Valid: 45.60%, Test In: 46.95% Test OOD1: 42.42% Test OOD2: 50.59% Test OOD3: 46.90% 
Epoch: 16, Loss: 1.3708, Train: 46.37%, Valid: 45.65%, Test In: 47.00% Test OOD1: 42.44% Test OOD2: 50.59% Test OOD3: 46.94% 
Epoch: 17, Loss: 1.3690, Train: 46.54%, Valid: 45.79%, Test In: 47.14% Test OOD1: 42.51% Test OOD2: 50.61% Test OOD3: 47.02% 
Epoch: 18, Loss: 1.3674, Train: 46.83%, Valid: 46.00%, Test In: 47.38% Test OOD1: 42.63% Test OOD2: 50.64% Test OOD3: 47.14% 
Epoch: 19, Loss: 1.3647, Train: 47.24%, Valid: 46.33%, Test In: 47.72% Test OOD1: 42.80% Test OOD2: 50.68% Test OOD3: 47.31% 
Epoch: 20, Loss: 1.3632, Train: 47.80%, Valid: 46.76%, Test In: 48.19% Test OOD1: 43.04% Test OOD2: 50.74% Test OOD3: 47.54% 
Epoch: 21, Loss: 1.3609, Train: 48.52%, Valid: 47.34%, Test In: 48.78% Test OOD1: 43.35% Test OOD2: 50.81% Test OOD3: 47.85% 
Epoch: 22, Loss: 1.3592, Train: 49.44%, Valid: 48.07%, Test In: 49.54% Test OOD1: 43.76% Test OOD2: 50.90% Test OOD3: 48.24% 
Epoch: 23, Loss: 1.3567, Train: 50.59%, Valid: 48.98%, Test In: 50.48% Test OOD1: 44.28% Test OOD2: 51.03% Test OOD3: 48.73% 
Epoch: 24, Loss: 1.3543, Train: 52.00%, Valid: 50.09%, Test In: 51.62% Test OOD1: 44.96% Test OOD2: 51.18% Test OOD3: 49.35% 
Epoch: 25, Loss: 1.3517, Train: 53.69%, Valid: 51.45%, Test In: 53.00% Test OOD1: 45.83% Test OOD2: 51.37% Test OOD3: 50.14% 
Epoch: 26, Loss: 1.3492, Train: 55.66%, Valid: 53.02%, Test In: 54.59% Test OOD1: 46.92% Test OOD2: 51.59% Test OOD3: 51.11% 
Epoch: 27, Loss: 1.3457, Train: 57.84%, Valid: 54.80%, Test In: 56.34% Test OOD1: 48.29% Test OOD2: 51.84% Test OOD3: 52.26% 
Epoch: 28, Loss: 1.3433, Train: 60.23%, Valid: 56.76%, Test In: 58.26% Test OOD1: 49.95% Test OOD2: 52.10% Test OOD3: 53.61% 
Epoch: 29, Loss: 1.3408, Train: 62.74%, Valid: 58.84%, Test In: 60.28% Test OOD1: 51.96% Test OOD2: 52.37% Test OOD3: 55.17% 
Epoch: 30, Loss: 1.3389, Train: 65.29%, Valid: 61.00%, Test In: 62.39% Test OOD1: 54.40% Test OOD2: 52.62% Test OOD3: 56.94% 
Epoch: 31, Loss: 1.3370, Train: 67.62%, Valid: 63.00%, Test In: 64.38% Test OOD1: 57.27% Test OOD2: 52.83% Test OOD3: 58.79% 
Epoch: 32, Loss: 1.3343, Train: 69.31%, Valid: 64.50%, Test In: 65.94% Test OOD1: 60.10% Test OOD2: 52.87% Test OOD3: 60.35% 
Epoch: 33, Loss: 1.3319, Train: 70.12%, Valid: 65.35%, Test In: 66.79% Test OOD1: 62.14% Test OOD2: 52.64% Test OOD3: 61.25% 
Epoch: 34, Loss: 1.3303, Train: 70.17%, Valid: 65.66%, Test In: 66.89% Test OOD1: 63.26% Test OOD2: 52.30% Test OOD3: 61.44% 
Epoch: 35, Loss: 1.3272, Train: 69.74%, Valid: 65.53%, Test In: 66.50% Test OOD1: 63.65% Test OOD2: 51.96% Test OOD3: 61.29% 
Epoch: 36, Loss: 1.3248, Train: 69.08%, Valid: 65.18%, Test In: 65.85% Test OOD1: 63.62% Test OOD2: 51.74% Test OOD3: 60.99% 
Epoch: 37, Loss: 1.3234, Train: 68.38%, Valid: 64.77%, Test In: 65.16% Test OOD1: 63.46% Test OOD2: 51.59% Test OOD3: 60.68% 
Epoch: 38, Loss: 1.3202, Train: 67.72%, Valid: 64.40%, Test In: 64.59% Test OOD1: 63.25% Test OOD2: 51.49% Test OOD3: 60.41% 
Epoch: 39, Loss: 1.3181, Train: 67.18%, Valid: 64.08%, Test In: 64.14% Test OOD1: 63.09% Test OOD2: 51.39% Test OOD3: 60.19% 
Epoch: 40, Loss: 1.3156, Train: 66.79%, Valid: 63.83%, Test In: 63.80% Test OOD1: 62.95% Test OOD2: 51.31% Test OOD3: 60.02% 
Epoch: 41, Loss: 1.3130, Train: 66.50%, Valid: 63.64%, Test In: 63.54% Test OOD1: 62.85% Test OOD2: 51.26% Test OOD3: 59.89% 
Epoch: 42, Loss: 1.3115, Train: 66.27%, Valid: 63.48%, Test In: 63.35% Test OOD1: 62.77% Test OOD2: 51.21% Test OOD3: 59.79% 
Epoch: 43, Loss: 1.3077, Train: 66.09%, Valid: 63.37%, Test In: 63.20% Test OOD1: 62.71% Test OOD2: 51.18% Test OOD3: 59.72% 
Epoch: 44, Loss: 1.3053, Train: 65.97%, Valid: 63.28%, Test In: 63.10% Test OOD1: 62.67% Test OOD2: 51.15% Test OOD3: 59.66% 
Epoch: 45, Loss: 1.3031, Train: 65.88%, Valid: 63.22%, Test In: 63.02% Test OOD1: 62.63% Test OOD2: 51.13% Test OOD3: 59.63% 
Epoch: 46, Loss: 1.3023, Train: 65.83%, Valid: 63.18%, Test In: 62.97% Test OOD1: 62.62% Test OOD2: 51.11% Test OOD3: 59.61% 
Epoch: 47, Loss: 1.3000, Train: 65.81%, Valid: 63.16%, Test In: 62.95% Test OOD1: 62.61% Test OOD2: 51.10% Test OOD3: 59.61% 
Epoch: 48, Loss: 1.2982, Train: 65.81%, Valid: 63.16%, Test In: 62.95% Test OOD1: 62.61% Test OOD2: 51.09% Test OOD3: 59.61% 
Epoch: 49, Loss: 1.2957, Train: 65.85%, Valid: 63.19%, Test In: 62.98% Test OOD1: 62.62% Test OOD2: 51.09% Test OOD3: 59.63% 
Epoch: 50, Loss: 1.2915, Train: 65.92%, Valid: 63.23%, Test In: 63.03% Test OOD1: 62.65% Test OOD2: 51.09% Test OOD3: 59.67% 
Epoch: 51, Loss: 1.2912, Train: 66.01%, Valid: 63.30%, Test In: 63.11% Test OOD1: 62.68% Test OOD2: 51.10% Test OOD3: 59.72% 
Epoch: 52, Loss: 1.2877, Train: 66.13%, Valid: 63.38%, Test In: 63.21% Test OOD1: 62.74% Test OOD2: 51.11% Test OOD3: 59.79% 
Epoch: 53, Loss: 1.2869, Train: 66.29%, Valid: 63.48%, Test In: 63.34% Test OOD1: 62.80% Test OOD2: 51.12% Test OOD3: 59.87% 
Epoch: 54, Loss: 1.2851, Train: 66.47%, Valid: 63.61%, Test In: 63.49% Test OOD1: 62.89% Test OOD2: 51.14% Test OOD3: 59.96% 
Epoch: 55, Loss: 1.2837, Train: 66.67%, Valid: 63.75%, Test In: 63.66% Test OOD1: 62.97% Test OOD2: 51.16% Test OOD3: 60.06% 
Epoch: 56, Loss: 1.2793, Train: 66.89%, Valid: 63.91%, Test In: 63.85% Test OOD1: 63.07% Test OOD2: 51.19% Test OOD3: 60.17% 
Epoch: 57, Loss: 1.2778, Train: 67.13%, Valid: 64.08%, Test In: 64.06% Test OOD1: 63.18% Test OOD2: 51.21% Test OOD3: 60.29% 
Epoch: 58, Loss: 1.2753, Train: 67.39%, Valid: 64.27%, Test In: 64.28% Test OOD1: 63.29% Test OOD2: 51.23% Test OOD3: 60.41% 
Epoch: 59, Loss: 1.2739, Train: 67.67%, Valid: 64.48%, Test In: 64.53% Test OOD1: 63.42% Test OOD2: 51.26% Test OOD3: 60.55% 
Epoch: 60, Loss: 1.2702, Train: 67.99%, Valid: 64.72%, Test In: 64.81% Test OOD1: 63.57% Test OOD2: 51.29% Test OOD3: 60.70% 
Epoch: 61, Loss: 1.2684, Train: 68.34%, Valid: 64.98%, Test In: 65.12% Test OOD1: 63.73% Test OOD2: 51.32% Test OOD3: 60.86% 
Epoch: 62, Loss: 1.2654, Train: 68.70%, Valid: 65.24%, Test In: 65.44% Test OOD1: 63.89% Test OOD2: 51.35% Test OOD3: 61.02% 
Epoch: 63, Loss: 1.2632, Train: 69.09%, Valid: 65.54%, Test In: 65.78% Test OOD1: 64.08% Test OOD2: 51.39% Test OOD3: 61.18% 
Epoch: 64, Loss: 1.2597, Train: 69.52%, Valid: 65.86%, Test In: 66.16% Test OOD1: 64.27% Test OOD2: 51.42% Test OOD3: 61.36% 
Epoch: 65, Loss: 1.2565, Train: 69.94%, Valid: 66.18%, Test In: 66.53% Test OOD1: 64.45% Test OOD2: 51.46% Test OOD3: 61.54% 
Epoch: 66, Loss: 1.2519, Train: 70.35%, Valid: 66.48%, Test In: 66.89% Test OOD1: 64.63% Test OOD2: 51.51% Test OOD3: 61.72% 
Epoch: 67, Loss: 1.2501, Train: 70.72%, Valid: 66.77%, Test In: 67.22% Test OOD1: 64.80% Test OOD2: 51.54% Test OOD3: 61.87% 
Epoch: 68, Loss: 1.2480, Train: 71.13%, Valid: 67.09%, Test In: 67.58% Test OOD1: 64.99% Test OOD2: 51.58% Test OOD3: 62.04% 
Epoch: 69, Loss: 1.2449, Train: 71.58%, Valid: 67.43%, Test In: 67.97% Test OOD1: 65.18% Test OOD2: 51.63% Test OOD3: 62.22% 
Epoch: 70, Loss: 1.2400, Train: 72.01%, Valid: 67.75%, Test In: 68.34% Test OOD1: 65.34% Test OOD2: 51.69% Test OOD3: 62.39% 
Epoch: 71, Loss: 1.2365, Train: 72.33%, Valid: 68.00%, Test In: 68.60% Test OOD1: 65.48% Test OOD2: 51.71% Test OOD3: 62.51% 
Epoch: 72, Loss: 1.2312, Train: 72.59%, Valid: 68.21%, Test In: 68.81% Test OOD1: 65.59% Test OOD2: 51.73% Test OOD3: 62.61% 
Epoch: 73, Loss: 1.2319, Train: 72.93%, Valid: 68.47%, Test In: 69.09% Test OOD1: 65.71% Test OOD2: 51.77% Test OOD3: 62.74% 
Epoch: 74, Loss: 1.2273, Train: 73.37%, Valid: 68.80%, Test In: 69.46% Test OOD1: 65.83% Test OOD2: 51.84% Test OOD3: 62.90% 
Epoch: 75, Loss: 1.2261, Train: 73.66%, Valid: 69.01%, Test In: 69.69% Test OOD1: 65.91% Test OOD2: 51.88% Test OOD3: 62.99% 
Epoch: 76, Loss: 1.2218, Train: 73.79%, Valid: 69.11%, Test In: 69.77% Test OOD1: 66.00% Test OOD2: 51.87% Test OOD3: 63.03% 
Epoch: 77, Loss: 1.2204, Train: 74.02%, Valid: 69.27%, Test In: 69.95% Test OOD1: 66.07% Test OOD2: 51.90% Test OOD3: 63.09% 
Epoch: 78, Loss: 1.2178, Train: 74.36%, Valid: 69.52%, Test In: 70.20% Test OOD1: 66.09% Test OOD2: 51.97% Test OOD3: 63.18% 
Epoch: 79, Loss: 1.2148, Train: 74.61%, Valid: 69.68%, Test In: 70.36% Test OOD1: 66.12% Test OOD2: 52.01% Test OOD3: 63.24% 
Epoch: 80, Loss: 1.2127, Train: 74.73%, Valid: 69.74%, Test In: 70.43% Test OOD1: 66.19% Test OOD2: 52.02% Test OOD3: 63.25% 
Epoch: 81, Loss: 1.2131, Train: 74.85%, Valid: 69.81%, Test In: 70.47% Test OOD1: 66.25% Test OOD2: 52.02% Test OOD3: 63.26% 
Epoch: 82, Loss: 1.2075, Train: 75.18%, Valid: 70.00%, Test In: 70.69% Test OOD1: 66.20% Test OOD2: 52.10% Test OOD3: 63.33% 
Epoch: 83, Loss: 1.2066, Train: 75.40%, Valid: 70.12%, Test In: 70.82% Test OOD1: 66.18% Test OOD2: 52.15% Test OOD3: 63.35% 
Epoch: 84, Loss: 1.2021, Train: 75.49%, Valid: 70.15%, Test In: 70.84% Test OOD1: 66.23% Test OOD2: 52.16% Test OOD3: 63.34% 
Epoch: 85, Loss: 1.1999, Train: 75.54%, Valid: 70.15%, Test In: 70.84% Test OOD1: 66.30% Test OOD2: 52.15% Test OOD3: 63.33% 
Epoch: 86, Loss: 1.1993, Train: 75.72%, Valid: 70.25%, Test In: 70.92% Test OOD1: 66.29% Test OOD2: 52.18% Test OOD3: 63.34% 
Epoch: 87, Loss: 1.1959, Train: 75.92%, Valid: 70.33%, Test In: 71.01% Test OOD1: 66.25% Test OOD2: 52.22% Test OOD3: 63.35% 
Epoch: 88, Loss: 1.1905, Train: 76.02%, Valid: 70.36%, Test In: 71.03% Test OOD1: 66.26% Test OOD2: 52.23% Test OOD3: 63.34% 
Epoch: 89, Loss: 1.1903, Train: 76.08%, Valid: 70.35%, Test In: 71.02% Test OOD1: 66.30% Test OOD2: 52.23% Test OOD3: 63.34% 
Epoch: 90, Loss: 1.1862, Train: 76.19%, Valid: 70.38%, Test In: 71.05% Test OOD1: 66.30% Test OOD2: 52.25% Test OOD3: 63.33% 
Epoch: 91, Loss: 1.1838, Train: 76.39%, Valid: 70.47%, Test In: 71.12% Test OOD1: 66.24% Test OOD2: 52.27% Test OOD3: 63.32% 
Epoch: 92, Loss: 1.1828, Train: 76.51%, Valid: 70.52%, Test In: 71.16% Test OOD1: 66.23% Test OOD2: 52.28% Test OOD3: 63.31% 
Epoch: 93, Loss: 1.1785, Train: 76.54%, Valid: 70.51%, Test In: 71.13% Test OOD1: 66.28% Test OOD2: 52.25% Test OOD3: 63.29% 
Epoch: 94, Loss: 1.1791, Train: 76.55%, Valid: 70.46%, Test In: 71.08% Test OOD1: 66.33% Test OOD2: 52.23% Test OOD3: 63.26% 
Epoch: 95, Loss: 1.1756, Train: 76.73%, Valid: 70.54%, Test In: 71.15% Test OOD1: 66.22% Test OOD2: 52.26% Test OOD3: 63.24% 
Epoch: 96, Loss: 1.1722, Train: 76.91%, Valid: 70.61%, Test In: 71.22% Test OOD1: 66.11% Test OOD2: 52.29% Test OOD3: 63.21% 
Epoch: 97, Loss: 1.1702, Train: 76.96%, Valid: 70.62%, Test In: 71.20% Test OOD1: 66.16% Test OOD2: 52.25% Test OOD3: 63.20% 
Epoch: 98, Loss: 1.1686, Train: 77.01%, Valid: 70.62%, Test In: 71.18% Test OOD1: 66.20% Test OOD2: 52.22% Test OOD3: 63.17% 
Epoch: 99, Loss: 1.1639, Train: 77.12%, Valid: 70.65%, Test In: 71.20% Test OOD1: 66.16% Test OOD2: 52.21% Test OOD3: 63.15% 
Epoch: 100, Loss: 1.1651, Train: 77.27%, Valid: 70.69%, Test In: 71.26% Test OOD1: 66.00% Test OOD2: 52.23% Test OOD3: 63.11% 
Epoch: 101, Loss: 1.1587, Train: 77.34%, Valid: 70.70%, Test In: 71.26% Test OOD1: 65.96% Test OOD2: 52.22% Test OOD3: 63.08% 
Epoch: 102, Loss: 1.1570, Train: 77.41%, Valid: 70.70%, Test In: 71.25% Test OOD1: 65.97% Test OOD2: 52.19% Test OOD3: 63.05% 
Epoch: 103, Loss: 1.1575, Train: 77.48%, Valid: 70.71%, Test In: 71.25% Test OOD1: 65.95% Test OOD2: 52.16% Test OOD3: 63.02% 
Epoch: 104, Loss: 1.1578, Train: 77.55%, Valid: 70.72%, Test In: 71.24% Test OOD1: 65.91% Test OOD2: 52.13% Test OOD3: 62.99% 
Epoch: 105, Loss: 1.1508, Train: 77.70%, Valid: 70.76%, Test In: 71.28% Test OOD1: 65.79% Test OOD2: 52.13% Test OOD3: 62.95% 
Epoch: 106, Loss: 1.1525, Train: 77.80%, Valid: 70.77%, Test In: 71.31% Test OOD1: 65.66% Test OOD2: 52.13% Test OOD3: 62.91% 
Epoch: 107, Loss: 1.1463, Train: 77.84%, Valid: 70.76%, Test In: 71.28% Test OOD1: 65.65% Test OOD2: 52.09% Test OOD3: 62.88% 
Epoch: 108, Loss: 1.1462, Train: 77.91%, Valid: 70.77%, Test In: 71.27% Test OOD1: 65.69% Test OOD2: 52.04% Test OOD3: 62.86% 
Epoch: 109, Loss: 1.1419, Train: 78.08%, Valid: 70.81%, Test In: 71.32% Test OOD1: 65.56% Test OOD2: 52.04% Test OOD3: 62.82% 
Epoch: 110, Loss: 1.1425, Train: 78.10%, Valid: 70.78%, Test In: 71.29% Test OOD1: 65.54% Test OOD2: 52.02% Test OOD3: 62.78% 
Epoch: 111, Loss: 1.1403, Train: 78.12%, Valid: 70.74%, Test In: 71.26% Test OOD1: 65.53% Test OOD2: 51.98% Test OOD3: 62.75% 
Epoch: 112, Loss: 1.1351, Train: 78.23%, Valid: 70.76%, Test In: 71.27% Test OOD1: 65.51% Test OOD2: 51.95% Test OOD3: 62.71% 
Epoch: 113, Loss: 1.1320, Train: 78.33%, Valid: 70.77%, Test In: 71.28% Test OOD1: 65.51% Test OOD2: 51.93% Test OOD3: 62.68% 
Epoch: 114, Loss: 1.1303, Train: 78.36%, Valid: 70.73%, Test In: 71.25% Test OOD1: 65.47% Test OOD2: 51.90% Test OOD3: 62.64% 
Epoch: 115, Loss: 1.1300, Train: 78.40%, Valid: 70.71%, Test In: 71.24% Test OOD1: 65.38% Test OOD2: 51.88% Test OOD3: 62.59% 
Epoch: 116, Loss: 1.1220, Train: 78.55%, Valid: 70.75%, Test In: 71.27% Test OOD1: 65.33% Test OOD2: 51.88% Test OOD3: 62.55% 
Epoch: 117, Loss: 1.1198, Train: 78.66%, Valid: 70.77%, Test In: 71.29% Test OOD1: 65.33% Test OOD2: 51.85% Test OOD3: 62.52% 
Epoch: 118, Loss: 1.1222, Train: 78.67%, Valid: 70.73%, Test In: 71.27% Test OOD1: 65.31% Test OOD2: 51.82% Test OOD3: 62.48% 
Epoch: 119, Loss: 1.1204, Train: 78.75%, Valid: 70.73%, Test In: 71.29% Test OOD1: 65.17% Test OOD2: 51.81% Test OOD3: 62.42% 
Epoch: 120, Loss: 1.1173, Train: 78.88%, Valid: 70.77%, Test In: 71.33% Test OOD1: 65.05% Test OOD2: 51.81% Test OOD3: 62.36% 
Epoch: 121, Loss: 1.1118, Train: 78.93%, Valid: 70.75%, Test In: 71.31% Test OOD1: 65.14% Test OOD2: 51.75% Test OOD3: 62.35% 
Epoch: 122, Loss: 1.1128, Train: 78.93%, Valid: 70.70%, Test In: 71.24% Test OOD1: 65.31% Test OOD2: 51.67% Test OOD3: 62.35% 
Epoch: 123, Loss: 1.1058, Train: 79.09%, Valid: 70.74%, Test In: 71.29% Test OOD1: 65.12% Test OOD2: 51.69% Test OOD3: 62.28% 
Epoch: 124, Loss: 1.1042, Train: 79.18%, Valid: 70.75%, Test In: 71.33% Test OOD1: 64.89% Test OOD2: 51.70% Test OOD3: 62.19% 
Epoch: 125, Loss: 1.1087, Train: 79.18%, Valid: 70.71%, Test In: 71.28% Test OOD1: 65.00% Test OOD2: 51.64% Test OOD3: 62.19% 
Epoch: 126, Loss: 1.1033, Train: 79.24%, Valid: 70.69%, Test In: 71.24% Test OOD1: 65.12% Test OOD2: 51.58% Test OOD3: 62.21% 
Epoch: 127, Loss: 1.0988, Train: 79.34%, Valid: 70.71%, Test In: 71.28% Test OOD1: 64.97% Test OOD2: 51.59% Test OOD3: 62.14% 
Epoch: 128, Loss: 1.0956, Train: 79.44%, Valid: 70.72%, Test In: 71.30% Test OOD1: 64.84% Test OOD2: 51.58% Test OOD3: 62.08% 
Epoch: 129, Loss: 1.0948, Train: 79.48%, Valid: 70.70%, Test In: 71.27% Test OOD1: 64.90% Test OOD2: 51.54% Test OOD3: 62.08% 
Epoch: 130, Loss: 1.0907, Train: 79.60%, Valid: 70.71%, Test In: 71.30% Test OOD1: 64.82% Test OOD2: 51.54% Test OOD3: 62.04% 
Epoch: 131, Loss: 1.0850, Train: 79.64%, Valid: 70.69%, Test In: 71.31% Test OOD1: 64.73% Test OOD2: 51.54% Test OOD3: 62.00% 
Epoch: 132, Loss: 1.0865, Train: 79.67%, Valid: 70.66%, Test In: 71.26% Test OOD1: 64.79% Test OOD2: 51.50% Test OOD3: 61.99% 
Epoch: 133, Loss: 1.0871, Train: 79.71%, Valid: 70.63%, Test In: 71.25% Test OOD1: 64.79% Test OOD2: 51.47% Test OOD3: 61.97% 
Epoch: 134, Loss: 1.0803, Train: 79.91%, Valid: 70.69%, Test In: 71.31% Test OOD1: 64.64% Test OOD2: 51.48% Test OOD3: 61.91% 
Epoch: 135, Loss: 1.0749, Train: 79.96%, Valid: 70.67%, Test In: 71.31% Test OOD1: 64.59% Test OOD2: 51.46% Test OOD3: 61.87% 
Epoch: 136, Loss: 1.0742, Train: 79.92%, Valid: 70.58%, Test In: 71.24% Test OOD1: 64.68% Test OOD2: 51.41% Test OOD3: 61.89% 
Epoch: 137, Loss: 1.0736, Train: 80.06%, Valid: 70.59%, Test In: 71.26% Test OOD1: 64.56% Test OOD2: 51.42% Test OOD3: 61.84% 
Epoch: 138, Loss: 1.0723, Train: 80.24%, Valid: 70.62%, Test In: 71.31% Test OOD1: 64.37% Test OOD2: 51.42% Test OOD3: 61.77% 
Epoch: 139, Loss: 1.0704, Train: 80.24%, Valid: 70.56%, Test In: 71.24% Test OOD1: 64.50% Test OOD2: 51.35% Test OOD3: 61.80% 
Epoch: 140, Loss: 1.0603, Train: 80.28%, Valid: 70.50%, Test In: 71.21% Test OOD1: 64.46% Test OOD2: 51.34% Test OOD3: 61.78% 
Epoch: 141, Loss: 1.0629, Train: 80.46%, Valid: 70.53%, Test In: 71.27% Test OOD1: 64.21% Test OOD2: 51.37% Test OOD3: 61.70% 
Epoch: 142, Loss: 1.0594, Train: 80.57%, Valid: 70.51%, Test In: 71.26% Test OOD1: 64.17% Test OOD2: 51.36% Test OOD3: 61.69% 
Epoch: 143, Loss: 1.0626, Train: 80.60%, Valid: 70.46%, Test In: 71.19% Test OOD1: 64.28% Test OOD2: 51.30% Test OOD3: 61.73% 
Epoch: 144, Loss: 1.0581, Train: 80.70%, Valid: 70.46%, Test In: 71.20% Test OOD1: 64.13% Test OOD2: 51.31% Test OOD3: 61.68% 
Epoch: 145, Loss: 1.0566, Train: 80.85%, Valid: 70.47%, Test In: 71.20% Test OOD1: 64.05% Test OOD2: 51.32% Test OOD3: 61.65% 
Epoch: 146, Loss: 1.0467, Train: 80.91%, Valid: 70.48%, Test In: 71.20% Test OOD1: 63.95% Test OOD2: 51.31% Test OOD3: 61.61% 
Epoch: 147, Loss: 1.0459, Train: 80.89%, Valid: 70.43%, Test In: 71.10% Test OOD1: 64.17% Test OOD2: 51.26% Test OOD3: 61.67% 
Epoch: 148, Loss: 1.0462, Train: 81.08%, Valid: 70.48%, Test In: 71.15% Test OOD1: 64.00% Test OOD2: 51.31% Test OOD3: 61.60% 
Epoch: 149, Loss: 1.0457, Train: 81.23%, Valid: 70.51%, Test In: 71.19% Test OOD1: 63.82% Test OOD2: 51.30% Test OOD3: 61.51% 
Epoch: 150, Loss: 1.0444, Train: 81.14%, Valid: 70.43%, Test In: 71.06% Test OOD1: 64.14% Test OOD2: 51.21% Test OOD3: 61.60% 
Epoch: 151, Loss: 1.0381, Train: 81.33%, Valid: 70.49%, Test In: 71.14% Test OOD1: 63.81% Test OOD2: 51.28% Test OOD3: 61.47% 
Epoch: 152, Loss: 1.0354, Train: 81.53%, Valid: 70.54%, Test In: 71.16% Test OOD1: 63.69% Test OOD2: 51.27% Test OOD3: 61.40% 
Epoch: 153, Loss: 1.0350, Train: 81.57%, Valid: 70.54%, Test In: 71.12% Test OOD1: 63.81% Test OOD2: 51.20% Test OOD3: 61.42% 
Epoch: 154, Loss: 1.0345, Train: 81.56%, Valid: 70.47%, Test In: 71.04% Test OOD1: 64.01% Test OOD2: 51.15% Test OOD3: 61.47% 
Epoch: 155, Loss: 1.0316, Train: 81.79%, Valid: 70.56%, Test In: 71.13% Test OOD1: 63.62% Test OOD2: 51.21% Test OOD3: 61.31% 
Epoch: 156, Loss: 1.0263, Train: 81.94%, Valid: 70.60%, Test In: 71.14% Test OOD1: 63.46% Test OOD2: 51.20% Test OOD3: 61.22% 
Epoch: 157, Loss: 1.0215, Train: 81.94%, Valid: 70.52%, Test In: 71.06% Test OOD1: 63.82% Test OOD2: 51.11% Test OOD3: 61.35% 
Epoch: 158, Loss: 1.0198, Train: 82.00%, Valid: 70.49%, Test In: 71.02% Test OOD1: 63.89% Test OOD2: 51.07% Test OOD3: 61.37% 
Epoch: 159, Loss: 1.0167, Train: 82.24%, Valid: 70.58%, Test In: 71.12% Test OOD1: 63.37% Test OOD2: 51.14% Test OOD3: 61.17% 
Epoch: 160, Loss: 1.0151, Train: 82.37%, Valid: 70.56%, Test In: 71.11% Test OOD1: 63.40% Test OOD2: 51.12% Test OOD3: 61.18% 
Epoch: 161, Loss: 1.0167, Train: 82.33%, Valid: 70.45%, Test In: 70.98% Test OOD1: 63.82% Test OOD2: 51.02% Test OOD3: 61.34% 
Epoch: 162, Loss: 1.0107, Train: 82.37%, Valid: 70.42%, Test In: 70.95% Test OOD1: 63.77% Test OOD2: 51.00% Test OOD3: 61.31% 
Epoch: 163, Loss: 1.0012, Train: 82.56%, Valid: 70.44%, Test In: 71.00% Test OOD1: 63.41% Test OOD2: 51.05% Test OOD3: 61.15% 
Epoch: 164, Loss: 1.0043, Train: 82.74%, Valid: 70.44%, Test In: 71.01% Test OOD1: 63.36% Test OOD2: 51.06% Test OOD3: 61.12% 
Epoch: 165, Loss: 1.0093, Train: 82.67%, Valid: 70.34%, Test In: 70.88% Test OOD1: 63.79% Test OOD2: 50.97% Test OOD3: 61.28% 
Epoch: 166, Loss: 0.9988, Train: 82.79%, Valid: 70.36%, Test In: 70.91% Test OOD1: 63.51% Test OOD2: 51.01% Test OOD3: 61.15% 
Epoch: 167, Loss: 1.0017, Train: 83.00%, Valid: 70.39%, Test In: 70.95% Test OOD1: 63.23% Test OOD2: 51.06% Test OOD3: 61.01% 
Epoch: 168, Loss: 0.9982, Train: 83.09%, Valid: 70.36%, Test In: 70.91% Test OOD1: 63.44% Test OOD2: 51.04% Test OOD3: 61.09% 
Epoch: 169, Loss: 0.9996, Train: 83.12%, Valid: 70.31%, Test In: 70.86% Test OOD1: 63.55% Test OOD2: 50.99% Test OOD3: 61.12% 
Epoch: 170, Loss: 0.9929, Train: 83.29%, Valid: 70.33%, Test In: 70.88% Test OOD1: 63.30% Test OOD2: 51.04% Test OOD3: 61.01% 
Epoch: 171, Loss: 0.9883, Train: 83.45%, Valid: 70.31%, Test In: 70.89% Test OOD1: 63.11% Test OOD2: 51.08% Test OOD3: 60.92% 
Epoch: 172, Loss: 0.9899, Train: 83.50%, Valid: 70.26%, Test In: 70.84% Test OOD1: 63.29% Test OOD2: 51.06% Test OOD3: 61.00% 
Epoch: 173, Loss: 0.9842, Train: 83.59%, Valid: 70.24%, Test In: 70.83% Test OOD1: 63.30% Test OOD2: 51.06% Test OOD3: 61.00% 
Epoch: 174, Loss: 0.9858, Train: 83.80%, Valid: 70.26%, Test In: 70.86% Test OOD1: 63.07% Test OOD2: 51.09% Test OOD3: 60.92% 
Epoch: 175, Loss: 0.9773, Train: 83.89%, Valid: 70.24%, Test In: 70.84% Test OOD1: 63.00% Test OOD2: 51.09% Test OOD3: 60.89% 
Epoch: 176, Loss: 0.9732, Train: 83.96%, Valid: 70.20%, Test In: 70.80% Test OOD1: 63.10% Test OOD2: 51.08% Test OOD3: 60.93% 
Epoch: 177, Loss: 0.9760, Train: 84.10%, Valid: 70.19%, Test In: 70.82% Test OOD1: 63.09% Test OOD2: 51.08% Test OOD3: 60.92% 
Epoch: 178, Loss: 0.9730, Train: 84.23%, Valid: 70.17%, Test In: 70.81% Test OOD1: 62.94% Test OOD2: 51.09% Test OOD3: 60.85% 
Epoch: 179, Loss: 0.9646, Train: 84.37%, Valid: 70.15%, Test In: 70.82% Test OOD1: 62.80% Test OOD2: 51.11% Test OOD3: 60.80% 
Epoch: 180, Loss: 0.9694, Train: 84.44%, Valid: 70.12%, Test In: 70.81% Test OOD1: 62.96% Test OOD2: 51.10% Test OOD3: 60.87% 
Epoch: 181, Loss: 0.9709, Train: 84.47%, Valid: 70.07%, Test In: 70.74% Test OOD1: 63.22% Test OOD2: 51.07% Test OOD3: 60.97% 
Epoch: 182, Loss: 0.9621, Train: 84.68%, Valid: 70.07%, Test In: 70.76% Test OOD1: 62.99% Test OOD2: 51.11% Test OOD3: 60.86% 
Epoch: 183, Loss: 0.9526, Train: 84.80%, Valid: 70.05%, Test In: 70.76% Test OOD1: 62.87% Test OOD2: 51.13% Test OOD3: 60.79% 
Epoch: 184, Loss: 0.9524, Train: 84.90%, Valid: 70.03%, Test In: 70.73% Test OOD1: 62.97% Test OOD2: 51.12% Test OOD3: 60.82% 
Epoch: 185, Loss: 0.9525, Train: 85.04%, Valid: 70.02%, Test In: 70.71% Test OOD1: 63.07% Test OOD2: 51.11% Test OOD3: 60.86% 
Epoch: 186, Loss: 0.9504, Train: 85.17%, Valid: 70.03%, Test In: 70.72% Test OOD1: 62.94% Test OOD2: 51.12% Test OOD3: 60.79% 
Epoch: 187, Loss: 0.9435, Train: 85.26%, Valid: 70.02%, Test In: 70.71% Test OOD1: 62.90% Test OOD2: 51.12% Test OOD3: 60.77% 
Epoch: 188, Loss: 0.9444, Train: 85.46%, Valid: 70.04%, Test In: 70.73% Test OOD1: 62.84% Test OOD2: 51.13% Test OOD3: 60.74% 
Epoch: 189, Loss: 0.9451, Train: 85.53%, Valid: 70.04%, Test In: 70.70% Test OOD1: 62.91% Test OOD2: 51.11% Test OOD3: 60.77% 
Epoch: 190, Loss: 0.9414, Train: 85.67%, Valid: 70.05%, Test In: 70.70% Test OOD1: 62.75% Test OOD2: 51.12% Test OOD3: 60.68% 
Epoch: 191, Loss: 0.9399, Train: 85.83%, Valid: 70.06%, Test In: 70.70% Test OOD1: 62.86% Test OOD2: 51.11% Test OOD3: 60.74% 
Epoch: 192, Loss: 0.9294, Train: 85.90%, Valid: 70.04%, Test In: 70.67% Test OOD1: 62.86% Test OOD2: 51.10% Test OOD3: 60.74% 
Epoch: 193, Loss: 0.9243, Train: 86.06%, Valid: 70.06%, Test In: 70.69% Test OOD1: 62.70% Test OOD2: 51.12% Test OOD3: 60.66% 
Epoch: 194, Loss: 0.9258, Train: 86.17%, Valid: 70.04%, Test In: 70.68% Test OOD1: 62.89% Test OOD2: 51.11% Test OOD3: 60.76% 
Epoch: 195, Loss: 0.9201, Train: 86.23%, Valid: 70.04%, Test In: 70.66% Test OOD1: 62.92% Test OOD2: 51.10% Test OOD3: 60.79% 
Epoch: 196, Loss: 0.9218, Train: 86.36%, Valid: 70.05%, Test In: 70.66% Test OOD1: 62.85% Test OOD2: 51.11% Test OOD3: 60.76% 
Epoch: 197, Loss: 0.9193, Train: 86.50%, Valid: 70.04%, Test In: 70.66% Test OOD1: 62.86% Test OOD2: 51.12% Test OOD3: 60.75% 
Epoch: 198, Loss: 0.9164, Train: 86.62%, Valid: 70.04%, Test In: 70.66% Test OOD1: 62.75% Test OOD2: 51.12% Test OOD3: 60.70% 
Epoch: 199, Loss: 0.9104, Train: 86.83%, Valid: 70.05%, Test In: 70.69% Test OOD1: 62.61% Test OOD2: 51.14% Test OOD3: 60.64% 
Run 02:
Highest Train: 86.83
Highest Valid: 70.81
Highest In Test: 71.33
Highest OOD Test: 66.33
Highest OOD Test: 52.87
Highest OOD Test: 63.35
Chosen epoch: 110
Final Train: 78.08
Final In Test: 71.32
Final OOD Test: 65.56
Final OOD Test: 52.04
Final OOD Test: 62.82
Epoch: 00, Loss: 1.3854, Train: 55.36%, Valid: 52.95%, Test In: 53.93% Test OOD1: 48.56% Test OOD2: 50.59% Test OOD3: 49.80% 
Epoch: 01, Loss: 1.3844, Train: 53.76%, Valid: 51.44%, Test In: 52.76% Test OOD1: 46.58% Test OOD2: 50.84% Test OOD3: 48.83% 
Epoch: 02, Loss: 1.3833, Train: 52.38%, Valid: 50.02%, Test In: 51.61% Test OOD1: 45.26% Test OOD2: 50.84% Test OOD3: 48.21% 
Epoch: 03, Loss: 1.3824, Train: 51.21%, Valid: 49.08%, Test In: 50.71% Test OOD1: 44.54% Test OOD2: 50.81% Test OOD3: 47.80% 
Epoch: 04, Loss: 1.3814, Train: 50.63%, Valid: 48.68%, Test In: 50.28% Test OOD1: 44.21% Test OOD2: 50.78% Test OOD3: 47.62% 
Epoch: 05, Loss: 1.3805, Train: 50.16%, Valid: 48.40%, Test In: 49.93% Test OOD1: 44.00% Test OOD2: 50.80% Test OOD3: 47.61% 
Epoch: 06, Loss: 1.3794, Train: 49.68%, Valid: 48.06%, Test In: 49.54% Test OOD1: 43.77% Test OOD2: 50.79% Test OOD3: 47.56% 
Epoch: 07, Loss: 1.3784, Train: 49.28%, Valid: 47.78%, Test In: 49.25% Test OOD1: 43.58% Test OOD2: 50.76% Test OOD3: 47.53% 
Epoch: 08, Loss: 1.3771, Train: 48.95%, Valid: 47.55%, Test In: 49.03% Test OOD1: 43.46% Test OOD2: 50.75% Test OOD3: 47.51% 
Epoch: 09, Loss: 1.3759, Train: 48.69%, Valid: 47.38%, Test In: 48.86% Test OOD1: 43.39% Test OOD2: 50.72% Test OOD3: 47.49% 
Epoch: 10, Loss: 1.3746, Train: 48.53%, Valid: 47.27%, Test In: 48.73% Test OOD1: 43.33% Test OOD2: 50.71% Test OOD3: 47.48% 
Epoch: 11, Loss: 1.3731, Train: 48.40%, Valid: 47.18%, Test In: 48.64% Test OOD1: 43.29% Test OOD2: 50.70% Test OOD3: 47.48% 
Epoch: 12, Loss: 1.3716, Train: 48.33%, Valid: 47.14%, Test In: 48.59% Test OOD1: 43.26% Test OOD2: 50.70% Test OOD3: 47.48% 
Epoch: 13, Loss: 1.3700, Train: 48.25%, Valid: 47.09%, Test In: 48.53% Test OOD1: 43.24% Test OOD2: 50.69% Test OOD3: 47.48% 
Epoch: 14, Loss: 1.3677, Train: 48.16%, Valid: 47.01%, Test In: 48.45% Test OOD1: 43.20% Test OOD2: 50.69% Test OOD3: 47.47% 
Epoch: 15, Loss: 1.3660, Train: 48.07%, Valid: 46.95%, Test In: 48.37% Test OOD1: 43.16% Test OOD2: 50.69% Test OOD3: 47.47% 
Epoch: 16, Loss: 1.3637, Train: 48.03%, Valid: 46.92%, Test In: 48.34% Test OOD1: 43.15% Test OOD2: 50.69% Test OOD3: 47.48% 
Epoch: 17, Loss: 1.3615, Train: 48.06%, Valid: 46.95%, Test In: 48.36% Test OOD1: 43.16% Test OOD2: 50.70% Test OOD3: 47.52% 
Epoch: 18, Loss: 1.3594, Train: 48.16%, Valid: 47.03%, Test In: 48.44% Test OOD1: 43.20% Test OOD2: 50.71% Test OOD3: 47.59% 
Epoch: 19, Loss: 1.3571, Train: 48.36%, Valid: 47.20%, Test In: 48.61% Test OOD1: 43.29% Test OOD2: 50.73% Test OOD3: 47.69% 
Epoch: 20, Loss: 1.3548, Train: 48.69%, Valid: 47.45%, Test In: 48.88% Test OOD1: 43.44% Test OOD2: 50.77% Test OOD3: 47.84% 
Epoch: 21, Loss: 1.3522, Train: 49.18%, Valid: 47.84%, Test In: 49.28% Test OOD1: 43.66% Test OOD2: 50.83% Test OOD3: 48.07% 
Epoch: 22, Loss: 1.3499, Train: 49.86%, Valid: 48.36%, Test In: 49.82% Test OOD1: 43.98% Test OOD2: 50.91% Test OOD3: 48.38% 
Epoch: 23, Loss: 1.3477, Train: 50.80%, Valid: 49.11%, Test In: 50.57% Test OOD1: 44.42% Test OOD2: 51.02% Test OOD3: 48.80% 
Epoch: 24, Loss: 1.3447, Train: 52.13%, Valid: 50.14%, Test In: 51.65% Test OOD1: 45.07% Test OOD2: 51.16% Test OOD3: 49.41% 
Epoch: 25, Loss: 1.3426, Train: 53.96%, Valid: 51.59%, Test In: 53.11% Test OOD1: 46.02% Test OOD2: 51.37% Test OOD3: 50.28% 
Epoch: 26, Loss: 1.3402, Train: 56.42%, Valid: 53.54%, Test In: 55.09% Test OOD1: 47.45% Test OOD2: 51.65% Test OOD3: 51.51% 
Epoch: 27, Loss: 1.3394, Train: 59.59%, Valid: 56.13%, Test In: 57.59% Test OOD1: 49.56% Test OOD2: 52.02% Test OOD3: 53.25% 
Epoch: 28, Loss: 1.3367, Train: 63.29%, Valid: 59.20%, Test In: 60.56% Test OOD1: 52.55% Test OOD2: 52.41% Test OOD3: 55.53% 
Epoch: 29, Loss: 1.3347, Train: 66.82%, Valid: 62.21%, Test In: 63.52% Test OOD1: 56.30% Test OOD2: 52.75% Test OOD3: 58.14% 
Epoch: 30, Loss: 1.3317, Train: 69.25%, Valid: 64.34%, Test In: 65.72% Test OOD1: 60.05% Test OOD2: 52.84% Test OOD3: 60.33% 
Epoch: 31, Loss: 1.3291, Train: 70.17%, Valid: 65.36%, Test In: 66.73% Test OOD1: 62.48% Test OOD2: 52.52% Test OOD3: 61.34% 
Epoch: 32, Loss: 1.3274, Train: 69.99%, Valid: 65.53%, Test In: 66.63% Test OOD1: 63.51% Test OOD2: 52.13% Test OOD3: 61.38% 
Epoch: 33, Loss: 1.3245, Train: 69.29%, Valid: 65.22%, Test In: 65.97% Test OOD1: 63.62% Test OOD2: 51.80% Test OOD3: 61.09% 
Epoch: 34, Loss: 1.3219, Train: 68.50%, Valid: 64.77%, Test In: 65.20% Test OOD1: 63.46% Test OOD2: 51.63% Test OOD3: 60.74% 
Epoch: 35, Loss: 1.3185, Train: 67.76%, Valid: 64.33%, Test In: 64.54% Test OOD1: 63.24% Test OOD2: 51.52% Test OOD3: 60.43% 
Epoch: 36, Loss: 1.3169, Train: 67.13%, Valid: 63.97%, Test In: 64.01% Test OOD1: 63.06% Test OOD2: 51.42% Test OOD3: 60.18% 
Epoch: 37, Loss: 1.3135, Train: 66.64%, Valid: 63.65%, Test In: 63.60% Test OOD1: 62.89% Test OOD2: 51.34% Test OOD3: 59.97% 
Epoch: 38, Loss: 1.3113, Train: 66.28%, Valid: 63.41%, Test In: 63.28% Test OOD1: 62.77% Test OOD2: 51.28% Test OOD3: 59.81% 
Epoch: 39, Loss: 1.3102, Train: 65.98%, Valid: 63.21%, Test In: 63.03% Test OOD1: 62.66% Test OOD2: 51.23% Test OOD3: 59.67% 
Epoch: 40, Loss: 1.3071, Train: 65.74%, Valid: 63.06%, Test In: 62.83% Test OOD1: 62.57% Test OOD2: 51.19% Test OOD3: 59.57% 
Epoch: 41, Loss: 1.3041, Train: 65.56%, Valid: 62.93%, Test In: 62.67% Test OOD1: 62.50% Test OOD2: 51.16% Test OOD3: 59.49% 
Epoch: 42, Loss: 1.3015, Train: 65.42%, Valid: 62.81%, Test In: 62.55% Test OOD1: 62.45% Test OOD2: 51.13% Test OOD3: 59.42% 
Epoch: 43, Loss: 1.2998, Train: 65.32%, Valid: 62.73%, Test In: 62.46% Test OOD1: 62.40% Test OOD2: 51.12% Test OOD3: 59.39% 
Epoch: 44, Loss: 1.2989, Train: 65.25%, Valid: 62.67%, Test In: 62.39% Test OOD1: 62.37% Test OOD2: 51.10% Test OOD3: 59.37% 
Epoch: 45, Loss: 1.2951, Train: 65.21%, Valid: 62.64%, Test In: 62.36% Test OOD1: 62.36% Test OOD2: 51.10% Test OOD3: 59.36% 
Epoch: 46, Loss: 1.2951, Train: 65.21%, Valid: 62.62%, Test In: 62.34% Test OOD1: 62.36% Test OOD2: 51.09% Test OOD3: 59.37% 
Epoch: 47, Loss: 1.2916, Train: 65.23%, Valid: 62.62%, Test In: 62.35% Test OOD1: 62.37% Test OOD2: 51.09% Test OOD3: 59.39% 
Epoch: 48, Loss: 1.2941, Train: 65.29%, Valid: 62.65%, Test In: 62.38% Test OOD1: 62.39% Test OOD2: 51.09% Test OOD3: 59.43% 
Epoch: 49, Loss: 1.2905, Train: 65.36%, Valid: 62.69%, Test In: 62.44% Test OOD1: 62.41% Test OOD2: 51.10% Test OOD3: 59.47% 
Epoch: 50, Loss: 1.2877, Train: 65.46%, Valid: 62.74%, Test In: 62.50% Test OOD1: 62.45% Test OOD2: 51.11% Test OOD3: 59.53% 
Epoch: 51, Loss: 1.2855, Train: 65.58%, Valid: 62.81%, Test In: 62.59% Test OOD1: 62.50% Test OOD2: 51.12% Test OOD3: 59.59% 
Epoch: 52, Loss: 1.2846, Train: 65.72%, Valid: 62.89%, Test In: 62.69% Test OOD1: 62.56% Test OOD2: 51.13% Test OOD3: 59.67% 
Epoch: 53, Loss: 1.2838, Train: 65.88%, Valid: 63.00%, Test In: 62.82% Test OOD1: 62.63% Test OOD2: 51.15% Test OOD3: 59.75% 
Epoch: 54, Loss: 1.2818, Train: 66.07%, Valid: 63.12%, Test In: 62.96% Test OOD1: 62.71% Test OOD2: 51.17% Test OOD3: 59.85% 
Epoch: 55, Loss: 1.2808, Train: 66.28%, Valid: 63.26%, Test In: 63.13% Test OOD1: 62.81% Test OOD2: 51.20% Test OOD3: 59.96% 
Epoch: 56, Loss: 1.2787, Train: 66.52%, Valid: 63.41%, Test In: 63.32% Test OOD1: 62.91% Test OOD2: 51.23% Test OOD3: 60.07% 
Epoch: 57, Loss: 1.2777, Train: 66.78%, Valid: 63.59%, Test In: 63.53% Test OOD1: 63.03% Test OOD2: 51.25% Test OOD3: 60.20% 
Epoch: 58, Loss: 1.2737, Train: 67.06%, Valid: 63.77%, Test In: 63.76% Test OOD1: 63.16% Test OOD2: 51.28% Test OOD3: 60.33% 
Epoch: 59, Loss: 1.2723, Train: 67.36%, Valid: 63.98%, Test In: 64.02% Test OOD1: 63.30% Test OOD2: 51.31% Test OOD3: 60.48% 
Epoch: 60, Loss: 1.2705, Train: 67.70%, Valid: 64.21%, Test In: 64.30% Test OOD1: 63.45% Test OOD2: 51.34% Test OOD3: 60.64% 
Epoch: 61, Loss: 1.2667, Train: 68.06%, Valid: 64.45%, Test In: 64.59% Test OOD1: 63.60% Test OOD2: 51.38% Test OOD3: 60.80% 
Epoch: 62, Loss: 1.2643, Train: 68.42%, Valid: 64.70%, Test In: 64.90% Test OOD1: 63.77% Test OOD2: 51.42% Test OOD3: 60.97% 
Epoch: 63, Loss: 1.2615, Train: 68.79%, Valid: 64.96%, Test In: 65.22% Test OOD1: 63.95% Test OOD2: 51.46% Test OOD3: 61.14% 
Epoch: 64, Loss: 1.2591, Train: 69.17%, Valid: 65.22%, Test In: 65.53% Test OOD1: 64.12% Test OOD2: 51.50% Test OOD3: 61.30% 
Epoch: 65, Loss: 1.2574, Train: 69.59%, Valid: 65.52%, Test In: 65.88% Test OOD1: 64.30% Test OOD2: 51.55% Test OOD3: 61.48% 
Epoch: 66, Loss: 1.2551, Train: 70.03%, Valid: 65.84%, Test In: 66.26% Test OOD1: 64.49% Test OOD2: 51.60% Test OOD3: 61.65% 
Epoch: 67, Loss: 1.2532, Train: 70.43%, Valid: 66.14%, Test In: 66.60% Test OOD1: 64.67% Test OOD2: 51.65% Test OOD3: 61.81% 
Epoch: 68, Loss: 1.2497, Train: 70.79%, Valid: 66.41%, Test In: 66.91% Test OOD1: 64.83% Test OOD2: 51.69% Test OOD3: 61.95% 
Epoch: 69, Loss: 1.2464, Train: 71.17%, Valid: 66.70%, Test In: 67.24% Test OOD1: 64.98% Test OOD2: 51.73% Test OOD3: 62.10% 
Epoch: 70, Loss: 1.2437, Train: 71.60%, Valid: 67.02%, Test In: 67.59% Test OOD1: 65.14% Test OOD2: 51.78% Test OOD3: 62.25% 
Epoch: 71, Loss: 1.2396, Train: 72.02%, Valid: 67.34%, Test In: 67.95% Test OOD1: 65.30% Test OOD2: 51.83% Test OOD3: 62.40% 
Epoch: 72, Loss: 1.2345, Train: 72.37%, Valid: 67.60%, Test In: 68.23% Test OOD1: 65.43% Test OOD2: 51.87% Test OOD3: 62.52% 
Epoch: 73, Loss: 1.2316, Train: 72.68%, Valid: 67.83%, Test In: 68.48% Test OOD1: 65.53% Test OOD2: 51.91% Test OOD3: 62.63% 
Epoch: 74, Loss: 1.2309, Train: 72.98%, Valid: 68.07%, Test In: 68.73% Test OOD1: 65.64% Test OOD2: 51.93% Test OOD3: 62.72% 
Epoch: 75, Loss: 1.2266, Train: 73.29%, Valid: 68.30%, Test In: 68.98% Test OOD1: 65.73% Test OOD2: 51.94% Test OOD3: 62.81% 
Epoch: 76, Loss: 1.2258, Train: 73.58%, Valid: 68.53%, Test In: 69.20% Test OOD1: 65.80% Test OOD2: 51.95% Test OOD3: 62.88% 
Epoch: 77, Loss: 1.2197, Train: 73.86%, Valid: 68.75%, Test In: 69.42% Test OOD1: 65.88% Test OOD2: 51.97% Test OOD3: 62.94% 
Epoch: 78, Loss: 1.2163, Train: 74.18%, Valid: 68.99%, Test In: 69.66% Test OOD1: 65.93% Test OOD2: 52.00% Test OOD3: 63.01% 
Epoch: 79, Loss: 1.2096, Train: 74.40%, Valid: 69.16%, Test In: 69.82% Test OOD1: 65.97% Test OOD2: 52.01% Test OOD3: 63.05% 
Epoch: 80, Loss: 1.2096, Train: 74.55%, Valid: 69.25%, Test In: 69.93% Test OOD1: 66.03% Test OOD2: 52.00% Test OOD3: 63.06% 
Epoch: 81, Loss: 1.2043, Train: 74.83%, Valid: 69.46%, Test In: 70.13% Test OOD1: 66.06% Test OOD2: 52.03% Test OOD3: 63.10% 
Epoch: 82, Loss: 1.1991, Train: 75.14%, Valid: 69.69%, Test In: 70.33% Test OOD1: 66.07% Test OOD2: 52.07% Test OOD3: 63.14% 
Epoch: 83, Loss: 1.1991, Train: 75.25%, Valid: 69.77%, Test In: 70.39% Test OOD1: 66.13% Test OOD2: 52.03% Test OOD3: 63.13% 
Epoch: 84, Loss: 1.1951, Train: 75.37%, Valid: 69.85%, Test In: 70.44% Test OOD1: 66.20% Test OOD2: 52.00% Test OOD3: 63.13% 
Epoch: 85, Loss: 1.1930, Train: 75.56%, Valid: 69.97%, Test In: 70.55% Test OOD1: 66.20% Test OOD2: 52.02% Test OOD3: 63.14% 
Epoch: 86, Loss: 1.1895, Train: 75.80%, Valid: 70.12%, Test In: 70.70% Test OOD1: 66.16% Test OOD2: 52.06% Test OOD3: 63.16% 
Epoch: 87, Loss: 1.1831, Train: 75.94%, Valid: 70.19%, Test In: 70.75% Test OOD1: 66.17% Test OOD2: 52.04% Test OOD3: 63.15% 
Epoch: 88, Loss: 1.1846, Train: 76.10%, Valid: 70.28%, Test In: 70.84% Test OOD1: 66.15% Test OOD2: 52.04% Test OOD3: 63.14% 
Epoch: 89, Loss: 1.1744, Train: 76.25%, Valid: 70.35%, Test In: 70.90% Test OOD1: 66.14% Test OOD2: 52.03% Test OOD3: 63.13% 
Epoch: 90, Loss: 1.1777, Train: 76.42%, Valid: 70.44%, Test In: 70.98% Test OOD1: 66.10% Test OOD2: 52.03% Test OOD3: 63.12% 
Epoch: 91, Loss: 1.1716, Train: 76.58%, Valid: 70.51%, Test In: 71.06% Test OOD1: 66.05% Test OOD2: 52.04% Test OOD3: 63.11% 
Epoch: 92, Loss: 1.1716, Train: 76.69%, Valid: 70.54%, Test In: 71.09% Test OOD1: 66.03% Test OOD2: 52.02% Test OOD3: 63.09% 
Epoch: 93, Loss: 1.1671, Train: 76.82%, Valid: 70.58%, Test In: 71.13% Test OOD1: 65.98% Test OOD2: 52.02% Test OOD3: 63.08% 
Epoch: 94, Loss: 1.1634, Train: 76.93%, Valid: 70.60%, Test In: 71.15% Test OOD1: 65.98% Test OOD2: 52.00% Test OOD3: 63.05% 
Epoch: 95, Loss: 1.1646, Train: 77.05%, Valid: 70.64%, Test In: 71.18% Test OOD1: 65.93% Test OOD2: 52.00% Test OOD3: 63.02% 
Epoch: 96, Loss: 1.1572, Train: 77.22%, Valid: 70.71%, Test In: 71.25% Test OOD1: 65.83% Test OOD2: 52.02% Test OOD3: 62.99% 
Epoch: 97, Loss: 1.1549, Train: 77.31%, Valid: 70.71%, Test In: 71.25% Test OOD1: 65.80% Test OOD2: 51.99% Test OOD3: 62.96% 
Epoch: 98, Loss: 1.1523, Train: 77.38%, Valid: 70.69%, Test In: 71.23% Test OOD1: 65.81% Test OOD2: 51.95% Test OOD3: 62.94% 
Epoch: 99, Loss: 1.1514, Train: 77.53%, Valid: 70.73%, Test In: 71.29% Test OOD1: 65.66% Test OOD2: 51.97% Test OOD3: 62.90% 
Epoch: 100, Loss: 1.1479, Train: 77.63%, Valid: 70.74%, Test In: 71.32% Test OOD1: 65.57% Test OOD2: 51.97% Test OOD3: 62.85% 
Epoch: 101, Loss: 1.1452, Train: 77.65%, Valid: 70.69%, Test In: 71.26% Test OOD1: 65.63% Test OOD2: 51.90% Test OOD3: 62.83% 
Epoch: 102, Loss: 1.1377, Train: 77.75%, Valid: 70.70%, Test In: 71.27% Test OOD1: 65.59% Test OOD2: 51.87% Test OOD3: 62.80% 
Epoch: 103, Loss: 1.1345, Train: 77.85%, Valid: 70.70%, Test In: 71.28% Test OOD1: 65.52% Test OOD2: 51.85% Test OOD3: 62.75% 
Epoch: 104, Loss: 1.1370, Train: 77.91%, Valid: 70.67%, Test In: 71.28% Test OOD1: 65.42% Test OOD2: 51.86% Test OOD3: 62.70% 
Epoch: 105, Loss: 1.1385, Train: 78.01%, Valid: 70.68%, Test In: 71.28% Test OOD1: 65.41% Test OOD2: 51.82% Test OOD3: 62.66% 
Epoch: 106, Loss: 1.1281, Train: 78.12%, Valid: 70.69%, Test In: 71.29% Test OOD1: 65.32% Test OOD2: 51.80% Test OOD3: 62.61% 
Epoch: 107, Loss: 1.1250, Train: 78.15%, Valid: 70.66%, Test In: 71.27% Test OOD1: 65.26% Test OOD2: 51.79% Test OOD3: 62.56% 
Epoch: 108, Loss: 1.1229, Train: 78.21%, Valid: 70.63%, Test In: 71.24% Test OOD1: 65.23% Test OOD2: 51.77% Test OOD3: 62.52% 
Epoch: 109, Loss: 1.1230, Train: 78.43%, Valid: 70.72%, Test In: 71.31% Test OOD1: 65.07% Test OOD2: 51.78% Test OOD3: 62.45% 
Epoch: 110, Loss: 1.1188, Train: 78.39%, Valid: 70.63%, Test In: 71.23% Test OOD1: 65.15% Test OOD2: 51.71% Test OOD3: 62.43% 
Epoch: 111, Loss: 1.1167, Train: 78.48%, Valid: 70.62%, Test In: 71.25% Test OOD1: 64.99% Test OOD2: 51.73% Test OOD3: 62.36% 
Epoch: 112, Loss: 1.1100, Train: 78.70%, Valid: 70.71%, Test In: 71.33% Test OOD1: 64.77% Test OOD2: 51.78% Test OOD3: 62.29% 
Epoch: 113, Loss: 1.1138, Train: 78.68%, Valid: 70.64%, Test In: 71.24% Test OOD1: 65.01% Test OOD2: 51.67% Test OOD3: 62.31% 
Epoch: 114, Loss: 1.1132, Train: 78.69%, Valid: 70.59%, Test In: 71.22% Test OOD1: 64.93% Test OOD2: 51.65% Test OOD3: 62.28% 
Epoch: 115, Loss: 1.1086, Train: 78.87%, Valid: 70.65%, Test In: 71.31% Test OOD1: 64.66% Test OOD2: 51.71% Test OOD3: 62.19% 
Epoch: 116, Loss: 1.1011, Train: 79.00%, Valid: 70.68%, Test In: 71.30% Test OOD1: 64.72% Test OOD2: 51.66% Test OOD3: 62.20% 
Epoch: 117, Loss: 1.1030, Train: 79.02%, Valid: 70.64%, Test In: 71.21% Test OOD1: 64.89% Test OOD2: 51.59% Test OOD3: 62.22% 
Epoch: 118, Loss: 1.1001, Train: 79.05%, Valid: 70.59%, Test In: 71.21% Test OOD1: 64.76% Test OOD2: 51.59% Test OOD3: 62.18% 
Epoch: 119, Loss: 1.0993, Train: 79.24%, Valid: 70.65%, Test In: 71.31% Test OOD1: 64.44% Test OOD2: 51.64% Test OOD3: 62.08% 
Epoch: 120, Loss: 1.0965, Train: 79.34%, Valid: 70.66%, Test In: 71.31% Test OOD1: 64.42% Test OOD2: 51.60% Test OOD3: 62.07% 
Epoch: 121, Loss: 1.0920, Train: 79.35%, Valid: 70.61%, Test In: 71.22% Test OOD1: 64.62% Test OOD2: 51.51% Test OOD3: 62.11% 
Epoch: 122, Loss: 1.0862, Train: 79.49%, Valid: 70.64%, Test In: 71.24% Test OOD1: 64.50% Test OOD2: 51.55% Test OOD3: 62.07% 
Epoch: 123, Loss: 1.0903, Train: 79.59%, Valid: 70.64%, Test In: 71.26% Test OOD1: 64.35% Test OOD2: 51.56% Test OOD3: 62.01% 
Epoch: 124, Loss: 1.0822, Train: 79.65%, Valid: 70.62%, Test In: 71.25% Test OOD1: 64.34% Test OOD2: 51.50% Test OOD3: 61.98% 
Epoch: 125, Loss: 1.0815, Train: 79.76%, Valid: 70.62%, Test In: 71.25% Test OOD1: 64.30% Test OOD2: 51.46% Test OOD3: 61.95% 
Epoch: 126, Loss: 1.0826, Train: 79.82%, Valid: 70.59%, Test In: 71.23% Test OOD1: 64.28% Test OOD2: 51.46% Test OOD3: 61.92% 
Epoch: 127, Loss: 1.0788, Train: 79.95%, Valid: 70.60%, Test In: 71.24% Test OOD1: 64.20% Test OOD2: 51.47% Test OOD3: 61.87% 
Epoch: 128, Loss: 1.0746, Train: 80.03%, Valid: 70.58%, Test In: 71.22% Test OOD1: 64.19% Test OOD2: 51.44% Test OOD3: 61.84% 
Epoch: 129, Loss: 1.0684, Train: 80.03%, Valid: 70.51%, Test In: 71.16% Test OOD1: 64.23% Test OOD2: 51.36% Test OOD3: 61.84% 
Epoch: 130, Loss: 1.0680, Train: 80.22%, Valid: 70.56%, Test In: 71.22% Test OOD1: 64.02% Test OOD2: 51.37% Test OOD3: 61.75% 
Epoch: 131, Loss: 1.0682, Train: 80.26%, Valid: 70.51%, Test In: 71.16% Test OOD1: 64.10% Test OOD2: 51.35% Test OOD3: 61.75% 
Epoch: 132, Loss: 1.0635, Train: 80.36%, Valid: 70.50%, Test In: 71.14% Test OOD1: 64.10% Test OOD2: 51.35% Test OOD3: 61.73% 
Epoch: 133, Loss: 1.0595, Train: 80.44%, Valid: 70.49%, Test In: 71.12% Test OOD1: 64.11% Test OOD2: 51.31% Test OOD3: 61.71% 
Epoch: 134, Loss: 1.0569, Train: 80.51%, Valid: 70.47%, Test In: 71.13% Test OOD1: 64.04% Test OOD2: 51.26% Test OOD3: 61.66% 
Epoch: 135, Loss: 1.0638, Train: 80.60%, Valid: 70.46%, Test In: 71.12% Test OOD1: 63.99% Test OOD2: 51.26% Test OOD3: 61.62% 
Epoch: 136, Loss: 1.0551, Train: 80.78%, Valid: 70.50%, Test In: 71.16% Test OOD1: 63.80% Test OOD2: 51.29% Test OOD3: 61.54% 
Epoch: 137, Loss: 1.0551, Train: 80.81%, Valid: 70.44%, Test In: 71.09% Test OOD1: 63.96% Test OOD2: 51.23% Test OOD3: 61.58% 
Epoch: 138, Loss: 1.0468, Train: 80.85%, Valid: 70.40%, Test In: 71.05% Test OOD1: 64.00% Test OOD2: 51.17% Test OOD3: 61.57% 
Epoch: 139, Loss: 1.0455, Train: 81.04%, Valid: 70.44%, Test In: 71.11% Test OOD1: 63.77% Test OOD2: 51.19% Test OOD3: 61.46% 
Epoch: 140, Loss: 1.0428, Train: 81.11%, Valid: 70.42%, Test In: 71.08% Test OOD1: 63.77% Test OOD2: 51.19% Test OOD3: 61.44% 
Epoch: 141, Loss: 1.0485, Train: 81.21%, Valid: 70.41%, Test In: 71.06% Test OOD1: 63.79% Test OOD2: 51.17% Test OOD3: 61.44% 
Epoch: 142, Loss: 1.0396, Train: 81.26%, Valid: 70.37%, Test In: 71.01% Test OOD1: 63.89% Test OOD2: 51.12% Test OOD3: 61.47% 
Epoch: 143, Loss: 1.0369, Train: 81.39%, Valid: 70.40%, Test In: 71.02% Test OOD1: 63.77% Test OOD2: 51.11% Test OOD3: 61.41% 
Epoch: 144, Loss: 1.0322, Train: 81.53%, Valid: 70.42%, Test In: 71.04% Test OOD1: 63.63% Test OOD2: 51.14% Test OOD3: 61.36% 
Epoch: 145, Loss: 1.0378, Train: 81.54%, Valid: 70.37%, Test In: 70.98% Test OOD1: 63.71% Test OOD2: 51.12% Test OOD3: 61.39% 
Epoch: 146, Loss: 1.0346, Train: 81.76%, Valid: 70.42%, Test In: 71.03% Test OOD1: 63.56% Test OOD2: 51.14% Test OOD3: 61.32% 
Epoch: 147, Loss: 1.0226, Train: 81.79%, Valid: 70.36%, Test In: 70.96% Test OOD1: 63.72% Test OOD2: 51.09% Test OOD3: 61.38% 
Epoch: 148, Loss: 1.0182, Train: 81.77%, Valid: 70.29%, Test In: 70.89% Test OOD1: 63.77% Test OOD2: 51.06% Test OOD3: 61.39% 
Epoch: 149, Loss: 1.0244, Train: 82.03%, Valid: 70.37%, Test In: 70.96% Test OOD1: 63.45% Test OOD2: 51.12% Test OOD3: 61.25% 
Epoch: 150, Loss: 1.0162, Train: 82.14%, Valid: 70.34%, Test In: 70.94% Test OOD1: 63.46% Test OOD2: 51.12% Test OOD3: 61.26% 
Epoch: 151, Loss: 1.0176, Train: 82.17%, Valid: 70.30%, Test In: 70.89% Test OOD1: 63.57% Test OOD2: 51.09% Test OOD3: 61.30% 
Epoch: 152, Loss: 1.0117, Train: 82.31%, Valid: 70.30%, Test In: 70.90% Test OOD1: 63.49% Test OOD2: 51.09% Test OOD3: 61.26% 
Epoch: 153, Loss: 1.0169, Train: 82.42%, Valid: 70.28%, Test In: 70.88% Test OOD1: 63.49% Test OOD2: 51.10% Test OOD3: 61.24% 
Epoch: 154, Loss: 1.0093, Train: 82.51%, Valid: 70.27%, Test In: 70.87% Test OOD1: 63.47% Test OOD2: 51.11% Test OOD3: 61.22% 
Epoch: 155, Loss: 1.0085, Train: 82.64%, Valid: 70.28%, Test In: 70.89% Test OOD1: 63.36% Test OOD2: 51.13% Test OOD3: 61.16% 
Epoch: 156, Loss: 1.0109, Train: 82.74%, Valid: 70.24%, Test In: 70.84% Test OOD1: 63.59% Test OOD2: 51.11% Test OOD3: 61.25% 
Epoch: 157, Loss: 1.0056, Train: 82.79%, Valid: 70.21%, Test In: 70.82% Test OOD1: 63.55% Test OOD2: 51.10% Test OOD3: 61.21% 
Epoch: 158, Loss: 0.9961, Train: 82.98%, Valid: 70.26%, Test In: 70.89% Test OOD1: 63.14% Test OOD2: 51.15% Test OOD3: 61.02% 
Epoch: 159, Loss: 0.9996, Train: 83.09%, Valid: 70.23%, Test In: 70.86% Test OOD1: 63.38% Test OOD2: 51.13% Test OOD3: 61.10% 
Epoch: 160, Loss: 0.9983, Train: 83.14%, Valid: 70.18%, Test In: 70.79% Test OOD1: 63.65% Test OOD2: 51.08% Test OOD3: 61.18% 
Epoch: 161, Loss: 1.0015, Train: 83.23%, Valid: 70.19%, Test In: 70.82% Test OOD1: 63.39% Test OOD2: 51.08% Test OOD3: 61.07% 
Epoch: 162, Loss: 0.9899, Train: 83.49%, Valid: 70.25%, Test In: 70.90% Test OOD1: 62.95% Test OOD2: 51.13% Test OOD3: 60.87% 
Epoch: 163, Loss: 0.9926, Train: 83.55%, Valid: 70.22%, Test In: 70.86% Test OOD1: 63.26% Test OOD2: 51.07% Test OOD3: 61.01% 
Epoch: 164, Loss: 0.9893, Train: 83.56%, Valid: 70.16%, Test In: 70.81% Test OOD1: 63.48% Test OOD2: 51.01% Test OOD3: 61.11% 
Epoch: 165, Loss: 0.9891, Train: 83.74%, Valid: 70.21%, Test In: 70.86% Test OOD1: 63.16% Test OOD2: 51.03% Test OOD3: 60.98% 
Epoch: 166, Loss: 0.9774, Train: 83.92%, Valid: 70.24%, Test In: 70.91% Test OOD1: 62.88% Test OOD2: 51.05% Test OOD3: 60.86% 
Epoch: 167, Loss: 0.9730, Train: 83.97%, Valid: 70.20%, Test In: 70.86% Test OOD1: 63.14% Test OOD2: 51.00% Test OOD3: 60.97% 
Epoch: 168, Loss: 0.9773, Train: 84.05%, Valid: 70.17%, Test In: 70.83% Test OOD1: 63.35% Test OOD2: 50.98% Test OOD3: 61.05% 
Epoch: 169, Loss: 0.9733, Train: 84.10%, Valid: 70.16%, Test In: 70.82% Test OOD1: 63.31% Test OOD2: 50.95% Test OOD3: 61.02% 
Epoch: 170, Loss: 0.9693, Train: 84.34%, Valid: 70.20%, Test In: 70.87% Test OOD1: 63.00% Test OOD2: 50.98% Test OOD3: 60.87% 
Epoch: 171, Loss: 0.9689, Train: 84.48%, Valid: 70.19%, Test In: 70.86% Test OOD1: 63.01% Test OOD2: 50.97% Test OOD3: 60.86% 
Epoch: 172, Loss: 0.9642, Train: 84.49%, Valid: 70.11%, Test In: 70.78% Test OOD1: 63.32% Test OOD2: 50.92% Test OOD3: 60.99% 
Epoch: 173, Loss: 0.9626, Train: 84.64%, Valid: 70.13%, Test In: 70.79% Test OOD1: 63.16% Test OOD2: 50.91% Test OOD3: 60.93% 
Epoch: 174, Loss: 0.9579, Train: 84.80%, Valid: 70.13%, Test In: 70.81% Test OOD1: 62.92% Test OOD2: 50.93% Test OOD3: 60.82% 
Epoch: 175, Loss: 0.9514, Train: 84.94%, Valid: 70.10%, Test In: 70.78% Test OOD1: 62.99% Test OOD2: 50.94% Test OOD3: 60.85% 
Epoch: 176, Loss: 0.9556, Train: 85.12%, Valid: 70.09%, Test In: 70.78% Test OOD1: 63.01% Test OOD2: 50.96% Test OOD3: 60.85% 
Epoch: 177, Loss: 0.9501, Train: 85.12%, Valid: 70.06%, Test In: 70.70% Test OOD1: 63.14% Test OOD2: 50.92% Test OOD3: 60.90% 
Epoch: 178, Loss: 0.9496, Train: 85.28%, Valid: 70.07%, Test In: 70.70% Test OOD1: 63.00% Test OOD2: 50.94% Test OOD3: 60.83% 
Epoch: 179, Loss: 0.9451, Train: 85.60%, Valid: 70.12%, Test In: 70.74% Test OOD1: 62.72% Test OOD2: 51.00% Test OOD3: 60.69% 
Epoch: 180, Loss: 0.9461, Train: 85.42%, Valid: 70.02%, Test In: 70.59% Test OOD1: 63.11% Test OOD2: 50.92% Test OOD3: 60.88% 
Epoch: 181, Loss: 0.9429, Train: 85.68%, Valid: 70.10%, Test In: 70.65% Test OOD1: 62.87% Test OOD2: 50.94% Test OOD3: 60.76% 
Epoch: 182, Loss: 0.9325, Train: 85.93%, Valid: 70.14%, Test In: 70.68% Test OOD1: 62.70% Test OOD2: 50.97% Test OOD3: 60.67% 
Epoch: 183, Loss: 0.9439, Train: 85.91%, Valid: 70.08%, Test In: 70.60% Test OOD1: 62.85% Test OOD2: 50.94% Test OOD3: 60.73% 
Epoch: 184, Loss: 0.9392, Train: 86.05%, Valid: 70.10%, Test In: 70.60% Test OOD1: 62.69% Test OOD2: 50.93% Test OOD3: 60.64% 
Epoch: 185, Loss: 0.9313, Train: 86.27%, Valid: 70.13%, Test In: 70.60% Test OOD1: 62.56% Test OOD2: 50.94% Test OOD3: 60.56% 
Epoch: 186, Loss: 0.9255, Train: 86.39%, Valid: 70.11%, Test In: 70.56% Test OOD1: 62.73% Test OOD2: 50.93% Test OOD3: 60.61% 
Epoch: 187, Loss: 0.9210, Train: 86.41%, Valid: 70.06%, Test In: 70.49% Test OOD1: 62.74% Test OOD2: 50.90% Test OOD3: 60.60% 
Epoch: 188, Loss: 0.9153, Train: 86.59%, Valid: 70.07%, Test In: 70.49% Test OOD1: 62.51% Test OOD2: 50.90% Test OOD3: 60.47% 
Epoch: 189, Loss: 0.9196, Train: 86.79%, Valid: 70.07%, Test In: 70.48% Test OOD1: 62.61% Test OOD2: 50.92% Test OOD3: 60.49% 
Epoch: 190, Loss: 0.9201, Train: 86.80%, Valid: 70.02%, Test In: 70.40% Test OOD1: 62.86% Test OOD2: 50.90% Test OOD3: 60.60% 
Epoch: 191, Loss: 0.9117, Train: 86.89%, Valid: 70.02%, Test In: 70.37% Test OOD1: 62.83% Test OOD2: 50.91% Test OOD3: 60.58% 
Epoch: 192, Loss: 0.9076, Train: 87.10%, Valid: 70.04%, Test In: 70.38% Test OOD1: 62.60% Test OOD2: 50.94% Test OOD3: 60.45% 
Epoch: 193, Loss: 0.9055, Train: 87.29%, Valid: 70.04%, Test In: 70.36% Test OOD1: 62.57% Test OOD2: 50.96% Test OOD3: 60.44% 
Epoch: 194, Loss: 0.8997, Train: 87.29%, Valid: 69.99%, Test In: 70.26% Test OOD1: 62.84% Test OOD2: 50.94% Test OOD3: 60.56% 
Epoch: 195, Loss: 0.8970, Train: 87.55%, Valid: 70.02%, Test In: 70.29% Test OOD1: 62.55% Test OOD2: 50.97% Test OOD3: 60.42% 
Epoch: 196, Loss: 0.8854, Train: 87.79%, Valid: 70.03%, Test In: 70.30% Test OOD1: 62.42% Test OOD2: 50.99% Test OOD3: 60.36% 
Epoch: 197, Loss: 0.8886, Train: 87.81%, Valid: 69.99%, Test In: 70.23% Test OOD1: 62.72% Test OOD2: 50.97% Test OOD3: 60.51% 
Epoch: 198, Loss: 0.8863, Train: 87.86%, Valid: 69.96%, Test In: 70.20% Test OOD1: 62.71% Test OOD2: 50.96% Test OOD3: 60.51% 
Epoch: 199, Loss: 0.8762, Train: 88.17%, Valid: 70.01%, Test In: 70.26% Test OOD1: 62.37% Test OOD2: 51.00% Test OOD3: 60.33% 
Run 03:
Highest Train: 88.17
Highest Valid: 70.74
Highest In Test: 71.33
Highest OOD Test: 66.20
Highest OOD Test: 52.84
Highest OOD Test: 63.16
Chosen epoch: 101
Final Train: 77.63
Final In Test: 71.32
Final OOD Test: 65.57
Final OOD Test: 51.97
Final OOD Test: 62.85
All runs:
Highest Train: 86.98 ± 1.12
Highest Valid: 70.79 ± 0.04
Highest In Test: 71.34 ± 0.01
Highest OOD Test: 66.26 ± 0.07
Highest OOD Test: 52.85 ± 0.02
Highest OOD Test: 63.20 ± 0.14
  Final Train: 78.03 ± 0.38
   Final In  Test: 71.33 ± 0.02
   Final OOD Test: 65.38 ± 0.31
   Final OOD Test: 51.89 ± 0.19
   Final OOD Test: 62.69 ± 0.25
[INFO] TensorBoard writer closed.

Command: python main.py --dataset twitch --backbone_type gcn --env_type graph --combine_result --store_result --epochs 200 --runs 3 --num_layers 2 --expert_agg mean --tau 3 --lr 0.01 --weight_decay 5e-5 --dropout 0.0 --K 3 --hidden_channels 64 --seed 123 --device 0 --lr 0.001 --weight_decay 0.0005 --dropout 0.2 --lamda 1.0 --K 3 --hidden_channels 64 --other_env_reduce env --result_name twitch_stage1_lr0.001_weight_decay0.0005_dropout0.2_lamda1.0_K3_hidden_channels64_other_env_reduceenv
Return code: 0
Elapsed: 186.68s
