Namespace(K=4, backbone_type='gcn', combine_result=True, cpu=False, data_dir='./data/', dataset='twitch', device=0, display_step=1, dropout=0.0, env_type='graph', epochs=200, expert_agg='mean', gate_hidden=64, hidden_channels=32, infer_env=False, infer_env_components=64, infer_env_iters=30, infer_env_num=3, lamda=0.1, lr=0.001, num_layers=2, other_env_reduce='env', pos_weight=5.0, result_name='twitch_stage1_lr0.001_weight_decay5e-05_dropout0.0_lamda0.1_K4_hidden_channels32_other_env_reduceenv', runs=3, seed=123, store_result=True, tau=3.0, use_bn=False, variant=False, weight_decay=5e-05)
dataset twitch: all nodes 34120 | edges 429113 | classes 2 | feats 3170
train nodes 7897 | valid nodes 3949 | test in nodes 3949
test ood1 nodes 4648 test ood2 nodes 6551 test ood3 nodes 7126 
[INFO] env numbers: 6 train env numbers: 3
MODEL: CaNet(
  (experts): ModuleList(
    (0): ExpertNet(
      (convs): ModuleList(
        (0): CaNetConv()
        (1): CaNetConv()
      )
      (fcs): ModuleList(
        (0): Linear(in_features=3170, out_features=32, bias=True)
        (1): Linear(in_features=32, out_features=2, bias=True)
      )
      (act_fn): ReLU()
    )
    (1): ExpertNet(
      (convs): ModuleList(
        (0): CaNetConv()
        (1): CaNetConv()
      )
      (fcs): ModuleList(
        (0): Linear(in_features=3170, out_features=32, bias=True)
        (1): Linear(in_features=32, out_features=2, bias=True)
      )
      (act_fn): ReLU()
    )
    (2): ExpertNet(
      (convs): ModuleList(
        (0): CaNetConv()
        (1): CaNetConv()
      )
      (fcs): ModuleList(
        (0): Linear(in_features=3170, out_features=32, bias=True)
        (1): Linear(in_features=32, out_features=2, bias=True)
      )
      (act_fn): ReLU()
    )
    (3): ExpertNet(
      (convs): ModuleList(
        (0): CaNetConv()
        (1): CaNetConv()
      )
      (fcs): ModuleList(
        (0): Linear(in_features=3170, out_features=32, bias=True)
        (1): Linear(in_features=32, out_features=2, bias=True)
      )
      (act_fn): ReLU()
    )
  )
  (gate): Sequential(
    (0): Linear(in_features=3170, out_features=64, bias=True)
    (1): ReLU()
    (2): Linear(in_features=64, out_features=4, bias=True)
  )
)
[INFO] TensorBoard logging activated. Logs will be saved to: ./runs/twitch/Apr16_22-10-21_lamda_0.1
Epoch: 00, Loss: 0.7676, Train: 59.88%, Valid: 58.10%, Test In: 57.94% Test OOD1: 58.10% Test OOD2: 51.16% Test OOD3: 56.07% 
Epoch: 01, Loss: 0.7670, Train: 61.90%, Valid: 60.00%, Test In: 59.58% Test OOD1: 59.89% Test OOD2: 50.99% Test OOD3: 57.01% 
Epoch: 02, Loss: 0.7663, Train: 62.70%, Valid: 60.83%, Test In: 60.18% Test OOD1: 60.58% Test OOD2: 50.80% Test OOD3: 57.54% 
Epoch: 03, Loss: 0.7657, Train: 63.07%, Valid: 61.24%, Test In: 60.51% Test OOD1: 60.92% Test OOD2: 50.62% Test OOD3: 57.72% 
Epoch: 04, Loss: 0.7651, Train: 63.44%, Valid: 61.53%, Test In: 60.72% Test OOD1: 61.14% Test OOD2: 50.52% Test OOD3: 57.84% 
Epoch: 05, Loss: 0.7645, Train: 63.80%, Valid: 61.80%, Test In: 61.00% Test OOD1: 61.36% Test OOD2: 50.48% Test OOD3: 57.96% 
Epoch: 06, Loss: 0.7639, Train: 64.13%, Valid: 62.07%, Test In: 61.25% Test OOD1: 61.54% Test OOD2: 50.50% Test OOD3: 58.09% 
Epoch: 07, Loss: 0.7633, Train: 64.45%, Valid: 62.35%, Test In: 61.51% Test OOD1: 61.71% Test OOD2: 50.52% Test OOD3: 58.23% 
Epoch: 08, Loss: 0.7626, Train: 64.81%, Valid: 62.66%, Test In: 61.80% Test OOD1: 61.88% Test OOD2: 50.55% Test OOD3: 58.38% 
Epoch: 09, Loss: 0.7618, Train: 65.20%, Valid: 63.00%, Test In: 62.10% Test OOD1: 62.09% Test OOD2: 50.58% Test OOD3: 58.55% 
Epoch: 10, Loss: 0.7610, Train: 65.58%, Valid: 63.34%, Test In: 62.41% Test OOD1: 62.29% Test OOD2: 50.61% Test OOD3: 58.71% 
Epoch: 11, Loss: 0.7601, Train: 65.95%, Valid: 63.65%, Test In: 62.72% Test OOD1: 62.47% Test OOD2: 50.66% Test OOD3: 58.86% 
Epoch: 12, Loss: 0.7592, Train: 66.29%, Valid: 63.94%, Test In: 63.02% Test OOD1: 62.63% Test OOD2: 50.69% Test OOD3: 58.99% 
Epoch: 13, Loss: 0.7582, Train: 66.63%, Valid: 64.22%, Test In: 63.32% Test OOD1: 62.81% Test OOD2: 50.73% Test OOD3: 59.12% 
Epoch: 14, Loss: 0.7571, Train: 66.98%, Valid: 64.51%, Test In: 63.64% Test OOD1: 62.98% Test OOD2: 50.76% Test OOD3: 59.25% 
Epoch: 15, Loss: 0.7559, Train: 67.35%, Valid: 64.81%, Test In: 63.97% Test OOD1: 63.15% Test OOD2: 50.79% Test OOD3: 59.39% 
Epoch: 16, Loss: 0.7547, Train: 67.73%, Valid: 65.12%, Test In: 64.32% Test OOD1: 63.34% Test OOD2: 50.81% Test OOD3: 59.53% 
Epoch: 17, Loss: 0.7534, Train: 68.12%, Valid: 65.42%, Test In: 64.68% Test OOD1: 63.55% Test OOD2: 50.82% Test OOD3: 59.68% 
Epoch: 18, Loss: 0.7519, Train: 68.51%, Valid: 65.73%, Test In: 65.04% Test OOD1: 63.79% Test OOD2: 50.84% Test OOD3: 59.82% 
Epoch: 19, Loss: 0.7504, Train: 68.89%, Valid: 66.04%, Test In: 65.40% Test OOD1: 64.05% Test OOD2: 50.86% Test OOD3: 59.97% 
Epoch: 20, Loss: 0.7488, Train: 69.27%, Valid: 66.33%, Test In: 65.73% Test OOD1: 64.30% Test OOD2: 50.88% Test OOD3: 60.13% 
Epoch: 21, Loss: 0.7471, Train: 69.67%, Valid: 66.64%, Test In: 66.09% Test OOD1: 64.54% Test OOD2: 50.91% Test OOD3: 60.28% 
Epoch: 22, Loss: 0.7453, Train: 70.09%, Valid: 66.96%, Test In: 66.46% Test OOD1: 64.77% Test OOD2: 50.95% Test OOD3: 60.47% 
Epoch: 23, Loss: 0.7434, Train: 70.54%, Valid: 67.31%, Test In: 66.87% Test OOD1: 65.00% Test OOD2: 51.01% Test OOD3: 60.68% 
Epoch: 24, Loss: 0.7415, Train: 71.02%, Valid: 67.67%, Test In: 67.28% Test OOD1: 65.21% Test OOD2: 51.07% Test OOD3: 60.92% 
Epoch: 25, Loss: 0.7395, Train: 71.53%, Valid: 68.04%, Test In: 67.73% Test OOD1: 65.39% Test OOD2: 51.16% Test OOD3: 61.18% 
Epoch: 26, Loss: 0.7375, Train: 72.07%, Valid: 68.42%, Test In: 68.21% Test OOD1: 65.51% Test OOD2: 51.25% Test OOD3: 61.44% 
Epoch: 27, Loss: 0.7354, Train: 72.62%, Valid: 68.83%, Test In: 68.70% Test OOD1: 65.58% Test OOD2: 51.35% Test OOD3: 61.69% 
Epoch: 28, Loss: 0.7333, Train: 73.15%, Valid: 69.23%, Test In: 69.23% Test OOD1: 65.56% Test OOD2: 51.45% Test OOD3: 61.90% 
Epoch: 29, Loss: 0.7313, Train: 73.66%, Valid: 69.62%, Test In: 69.74% Test OOD1: 65.37% Test OOD2: 51.58% Test OOD3: 62.05% 
Epoch: 30, Loss: 0.7293, Train: 74.06%, Valid: 69.96%, Test In: 70.21% Test OOD1: 64.97% Test OOD2: 51.75% Test OOD3: 62.07% 
Epoch: 31, Loss: 0.7273, Train: 74.31%, Valid: 70.21%, Test In: 70.58% Test OOD1: 64.25% Test OOD2: 51.96% Test OOD3: 61.93% 
Epoch: 32, Loss: 0.7254, Train: 74.38%, Valid: 70.30%, Test In: 70.77% Test OOD1: 63.15% Test OOD2: 52.16% Test OOD3: 61.55% 
Epoch: 33, Loss: 0.7235, Train: 74.25%, Valid: 70.20%, Test In: 70.74% Test OOD1: 61.73% Test OOD2: 52.35% Test OOD3: 60.98% 
Epoch: 34, Loss: 0.7218, Train: 73.97%, Valid: 69.95%, Test In: 70.50% Test OOD1: 60.11% Test OOD2: 52.49% Test OOD3: 60.20% 
Epoch: 35, Loss: 0.7201, Train: 73.50%, Valid: 69.48%, Test In: 70.05% Test OOD1: 58.43% Test OOD2: 52.56% Test OOD3: 59.26% 
Epoch: 36, Loss: 0.7185, Train: 72.84%, Valid: 68.84%, Test In: 69.39% Test OOD1: 56.77% Test OOD2: 52.57% Test OOD3: 58.26% 
Epoch: 37, Loss: 0.7169, Train: 72.02%, Valid: 68.05%, Test In: 68.57% Test OOD1: 55.23% Test OOD2: 52.54% Test OOD3: 57.28% 
Epoch: 38, Loss: 0.7155, Train: 71.12%, Valid: 67.19%, Test In: 67.68% Test OOD1: 53.95% Test OOD2: 52.49% Test OOD3: 56.39% 
Epoch: 39, Loss: 0.7142, Train: 70.24%, Valid: 66.35%, Test In: 66.84% Test OOD1: 52.96% Test OOD2: 52.44% Test OOD3: 55.68% 
Epoch: 40, Loss: 0.7130, Train: 69.52%, Valid: 65.65%, Test In: 66.15% Test OOD1: 52.32% Test OOD2: 52.40% Test OOD3: 55.21% 
Epoch: 41, Loss: 0.7119, Train: 69.06%, Valid: 65.17%, Test In: 65.69% Test OOD1: 51.99% Test OOD2: 52.39% Test OOD3: 54.98% 
Epoch: 42, Loss: 0.7109, Train: 68.96%, Valid: 65.02%, Test In: 65.57% Test OOD1: 52.03% Test OOD2: 52.40% Test OOD3: 55.02% 
Epoch: 43, Loss: 0.7099, Train: 69.24%, Valid: 65.22%, Test In: 65.80% Test OOD1: 52.44% Test OOD2: 52.45% Test OOD3: 55.33% 
Epoch: 44, Loss: 0.7090, Train: 69.87%, Valid: 65.73%, Test In: 66.35% Test OOD1: 53.20% Test OOD2: 52.53% Test OOD3: 55.91% 
Epoch: 45, Loss: 0.7081, Train: 70.74%, Valid: 66.47%, Test In: 67.14% Test OOD1: 54.33% Test OOD2: 52.63% Test OOD3: 56.73% 
Epoch: 46, Loss: 0.7071, Train: 71.75%, Valid: 67.31%, Test In: 68.05% Test OOD1: 55.82% Test OOD2: 52.73% Test OOD3: 57.78% 
Epoch: 47, Loss: 0.7061, Train: 72.76%, Valid: 68.15%, Test In: 69.01% Test OOD1: 57.60% Test OOD2: 52.82% Test OOD3: 58.99% 
Epoch: 48, Loss: 0.7050, Train: 73.63%, Valid: 68.89%, Test In: 69.87% Test OOD1: 59.61% Test OOD2: 52.86% Test OOD3: 60.22% 
Epoch: 49, Loss: 0.7038, Train: 74.26%, Valid: 69.48%, Test In: 70.55% Test OOD1: 61.61% Test OOD2: 52.82% Test OOD3: 61.31% 
Epoch: 50, Loss: 0.7026, Train: 74.64%, Valid: 69.83%, Test In: 70.94% Test OOD1: 63.38% Test OOD2: 52.67% Test OOD3: 62.14% 
Epoch: 51, Loss: 0.7012, Train: 74.81%, Valid: 69.96%, Test In: 71.05% Test OOD1: 64.70% Test OOD2: 52.47% Test OOD3: 62.67% 
Epoch: 52, Loss: 0.6998, Train: 74.78%, Valid: 69.90%, Test In: 70.91% Test OOD1: 65.57% Test OOD2: 52.28% Test OOD3: 62.92% 
Epoch: 53, Loss: 0.6984, Train: 74.53%, Valid: 69.71%, Test In: 70.61% Test OOD1: 66.08% Test OOD2: 52.13% Test OOD3: 63.00% 
Epoch: 54, Loss: 0.6968, Train: 74.14%, Valid: 69.47%, Test In: 70.26% Test OOD1: 66.33% Test OOD2: 52.03% Test OOD3: 62.95% 
Epoch: 55, Loss: 0.6953, Train: 73.70%, Valid: 69.18%, Test In: 69.90% Test OOD1: 66.40% Test OOD2: 51.95% Test OOD3: 62.84% 
Epoch: 56, Loss: 0.6937, Train: 73.29%, Valid: 68.89%, Test In: 69.54% Test OOD1: 66.37% Test OOD2: 51.88% Test OOD3: 62.72% 
Epoch: 57, Loss: 0.6921, Train: 72.94%, Valid: 68.64%, Test In: 69.23% Test OOD1: 66.29% Test OOD2: 51.83% Test OOD3: 62.61% 
Epoch: 58, Loss: 0.6904, Train: 72.66%, Valid: 68.45%, Test In: 68.97% Test OOD1: 66.19% Test OOD2: 51.80% Test OOD3: 62.52% 
Epoch: 59, Loss: 0.6887, Train: 72.44%, Valid: 68.30%, Test In: 68.78% Test OOD1: 66.10% Test OOD2: 51.78% Test OOD3: 62.45% 
Epoch: 60, Loss: 0.6869, Train: 72.28%, Valid: 68.18%, Test In: 68.63% Test OOD1: 66.01% Test OOD2: 51.78% Test OOD3: 62.40% 
Epoch: 61, Loss: 0.6851, Train: 72.17%, Valid: 68.11%, Test In: 68.52% Test OOD1: 65.96% Test OOD2: 51.78% Test OOD3: 62.37% 
Epoch: 62, Loss: 0.6833, Train: 72.09%, Valid: 68.05%, Test In: 68.44% Test OOD1: 65.93% Test OOD2: 51.78% Test OOD3: 62.36% 
Epoch: 63, Loss: 0.6814, Train: 72.06%, Valid: 68.02%, Test In: 68.40% Test OOD1: 65.92% Test OOD2: 51.80% Test OOD3: 62.35% 
Epoch: 64, Loss: 0.6795, Train: 72.05%, Valid: 68.01%, Test In: 68.38% Test OOD1: 65.93% Test OOD2: 51.81% Test OOD3: 62.36% 
Epoch: 65, Loss: 0.6775, Train: 72.07%, Valid: 68.02%, Test In: 68.38% Test OOD1: 65.94% Test OOD2: 51.83% Test OOD3: 62.38% 
Epoch: 66, Loss: 0.6754, Train: 72.12%, Valid: 68.05%, Test In: 68.41% Test OOD1: 65.96% Test OOD2: 51.85% Test OOD3: 62.41% 
Epoch: 67, Loss: 0.6732, Train: 72.19%, Valid: 68.09%, Test In: 68.46% Test OOD1: 66.00% Test OOD2: 51.87% Test OOD3: 62.45% 
Epoch: 68, Loss: 0.6710, Train: 72.28%, Valid: 68.14%, Test In: 68.53% Test OOD1: 66.05% Test OOD2: 51.90% Test OOD3: 62.49% 
Epoch: 69, Loss: 0.6687, Train: 72.40%, Valid: 68.21%, Test In: 68.62% Test OOD1: 66.10% Test OOD2: 51.93% Test OOD3: 62.54% 
Epoch: 70, Loss: 0.6664, Train: 72.54%, Valid: 68.30%, Test In: 68.73% Test OOD1: 66.16% Test OOD2: 51.97% Test OOD3: 62.60% 
Epoch: 71, Loss: 0.6640, Train: 72.70%, Valid: 68.39%, Test In: 68.84% Test OOD1: 66.23% Test OOD2: 52.01% Test OOD3: 62.66% 
Epoch: 72, Loss: 0.6615, Train: 72.86%, Valid: 68.48%, Test In: 68.95% Test OOD1: 66.30% Test OOD2: 52.05% Test OOD3: 62.72% 
Epoch: 73, Loss: 0.6590, Train: 73.02%, Valid: 68.58%, Test In: 69.06% Test OOD1: 66.36% Test OOD2: 52.09% Test OOD3: 62.79% 
Epoch: 74, Loss: 0.6564, Train: 73.19%, Valid: 68.68%, Test In: 69.18% Test OOD1: 66.43% Test OOD2: 52.13% Test OOD3: 62.85% 
Epoch: 75, Loss: 0.6538, Train: 73.37%, Valid: 68.78%, Test In: 69.30% Test OOD1: 66.50% Test OOD2: 52.17% Test OOD3: 62.91% 
Epoch: 76, Loss: 0.6512, Train: 73.55%, Valid: 68.89%, Test In: 69.43% Test OOD1: 66.56% Test OOD2: 52.22% Test OOD3: 62.98% 
Epoch: 77, Loss: 0.6485, Train: 73.74%, Valid: 69.00%, Test In: 69.56% Test OOD1: 66.62% Test OOD2: 52.27% Test OOD3: 63.04% 
Epoch: 78, Loss: 0.6458, Train: 73.94%, Valid: 69.12%, Test In: 69.68% Test OOD1: 66.69% Test OOD2: 52.32% Test OOD3: 63.11% 
Epoch: 79, Loss: 0.6431, Train: 74.14%, Valid: 69.23%, Test In: 69.81% Test OOD1: 66.74% Test OOD2: 52.37% Test OOD3: 63.18% 
Epoch: 80, Loss: 0.6403, Train: 74.34%, Valid: 69.35%, Test In: 69.94% Test OOD1: 66.78% Test OOD2: 52.42% Test OOD3: 63.25% 
Epoch: 81, Loss: 0.6375, Train: 74.54%, Valid: 69.46%, Test In: 70.06% Test OOD1: 66.82% Test OOD2: 52.47% Test OOD3: 63.32% 
Epoch: 82, Loss: 0.6347, Train: 74.74%, Valid: 69.57%, Test In: 70.18% Test OOD1: 66.85% Test OOD2: 52.53% Test OOD3: 63.38% 
Epoch: 83, Loss: 0.6319, Train: 74.94%, Valid: 69.69%, Test In: 70.30% Test OOD1: 66.85% Test OOD2: 52.59% Test OOD3: 63.44% 
Epoch: 84, Loss: 0.6290, Train: 75.14%, Valid: 69.79%, Test In: 70.43% Test OOD1: 66.84% Test OOD2: 52.66% Test OOD3: 63.50% 
Epoch: 85, Loss: 0.6262, Train: 75.35%, Valid: 69.90%, Test In: 70.54% Test OOD1: 66.83% Test OOD2: 52.73% Test OOD3: 63.55% 
Epoch: 86, Loss: 0.6234, Train: 75.54%, Valid: 70.00%, Test In: 70.65% Test OOD1: 66.79% Test OOD2: 52.79% Test OOD3: 63.60% 
Epoch: 87, Loss: 0.6206, Train: 75.73%, Valid: 70.09%, Test In: 70.74% Test OOD1: 66.76% Test OOD2: 52.86% Test OOD3: 63.64% 
Epoch: 88, Loss: 0.6179, Train: 75.91%, Valid: 70.18%, Test In: 70.83% Test OOD1: 66.70% Test OOD2: 52.92% Test OOD3: 63.68% 
Epoch: 89, Loss: 0.6152, Train: 76.09%, Valid: 70.26%, Test In: 70.91% Test OOD1: 66.62% Test OOD2: 52.99% Test OOD3: 63.72% 
Epoch: 90, Loss: 0.6125, Train: 76.26%, Valid: 70.33%, Test In: 70.97% Test OOD1: 66.55% Test OOD2: 53.05% Test OOD3: 63.75% 
Epoch: 91, Loss: 0.6098, Train: 76.41%, Valid: 70.39%, Test In: 71.02% Test OOD1: 66.47% Test OOD2: 53.11% Test OOD3: 63.77% 
Epoch: 92, Loss: 0.6072, Train: 76.56%, Valid: 70.43%, Test In: 71.07% Test OOD1: 66.39% Test OOD2: 53.16% Test OOD3: 63.78% 
Epoch: 93, Loss: 0.6047, Train: 76.70%, Valid: 70.47%, Test In: 71.11% Test OOD1: 66.31% Test OOD2: 53.21% Test OOD3: 63.78% 
Epoch: 94, Loss: 0.6021, Train: 76.83%, Valid: 70.50%, Test In: 71.13% Test OOD1: 66.25% Test OOD2: 53.25% Test OOD3: 63.79% 
Epoch: 95, Loss: 0.5996, Train: 76.96%, Valid: 70.53%, Test In: 71.15% Test OOD1: 66.19% Test OOD2: 53.28% Test OOD3: 63.78% 
Epoch: 96, Loss: 0.5972, Train: 77.08%, Valid: 70.54%, Test In: 71.16% Test OOD1: 66.13% Test OOD2: 53.32% Test OOD3: 63.77% 
Epoch: 97, Loss: 0.5947, Train: 77.20%, Valid: 70.56%, Test In: 71.16% Test OOD1: 66.10% Test OOD2: 53.34% Test OOD3: 63.75% 
Epoch: 98, Loss: 0.5923, Train: 77.32%, Valid: 70.56%, Test In: 71.17% Test OOD1: 66.07% Test OOD2: 53.36% Test OOD3: 63.73% 
Epoch: 99, Loss: 0.5899, Train: 77.43%, Valid: 70.56%, Test In: 71.17% Test OOD1: 66.04% Test OOD2: 53.38% Test OOD3: 63.71% 
Epoch: 100, Loss: 0.5874, Train: 77.55%, Valid: 70.56%, Test In: 71.17% Test OOD1: 66.04% Test OOD2: 53.38% Test OOD3: 63.69% 
Epoch: 101, Loss: 0.5850, Train: 77.66%, Valid: 70.54%, Test In: 71.16% Test OOD1: 66.02% Test OOD2: 53.39% Test OOD3: 63.66% 
Epoch: 102, Loss: 0.5826, Train: 77.77%, Valid: 70.53%, Test In: 71.14% Test OOD1: 66.03% Test OOD2: 53.39% Test OOD3: 63.64% 
Epoch: 103, Loss: 0.5803, Train: 77.89%, Valid: 70.52%, Test In: 71.12% Test OOD1: 66.00% Test OOD2: 53.40% Test OOD3: 63.61% 
Epoch: 104, Loss: 0.5779, Train: 78.00%, Valid: 70.50%, Test In: 71.10% Test OOD1: 66.03% Test OOD2: 53.40% Test OOD3: 63.59% 
Epoch: 105, Loss: 0.5755, Train: 78.12%, Valid: 70.47%, Test In: 71.06% Test OOD1: 65.96% Test OOD2: 53.41% Test OOD3: 63.54% 
Epoch: 106, Loss: 0.5731, Train: 78.22%, Valid: 70.46%, Test In: 71.04% Test OOD1: 66.04% Test OOD2: 53.40% Test OOD3: 63.53% 
Epoch: 107, Loss: 0.5708, Train: 78.35%, Valid: 70.42%, Test In: 71.00% Test OOD1: 65.92% Test OOD2: 53.42% Test OOD3: 63.47% 
Epoch: 108, Loss: 0.5684, Train: 78.45%, Valid: 70.39%, Test In: 70.96% Test OOD1: 65.94% Test OOD2: 53.41% Test OOD3: 63.45% 
Epoch: 109, Loss: 0.5660, Train: 78.56%, Valid: 70.36%, Test In: 70.91% Test OOD1: 65.91% Test OOD2: 53.41% Test OOD3: 63.42% 
Epoch: 110, Loss: 0.5636, Train: 78.69%, Valid: 70.32%, Test In: 70.86% Test OOD1: 65.81% Test OOD2: 53.42% Test OOD3: 63.36% 
Epoch: 111, Loss: 0.5611, Train: 78.79%, Valid: 70.29%, Test In: 70.82% Test OOD1: 65.84% Test OOD2: 53.40% Test OOD3: 63.34% 
Epoch: 112, Loss: 0.5587, Train: 78.92%, Valid: 70.24%, Test In: 70.76% Test OOD1: 65.74% Test OOD2: 53.41% Test OOD3: 63.28% 
Epoch: 113, Loss: 0.5562, Train: 79.02%, Valid: 70.20%, Test In: 70.71% Test OOD1: 65.72% Test OOD2: 53.40% Test OOD3: 63.24% 
Epoch: 114, Loss: 0.5538, Train: 79.14%, Valid: 70.15%, Test In: 70.65% Test OOD1: 65.64% Test OOD2: 53.40% Test OOD3: 63.19% 
Epoch: 115, Loss: 0.5514, Train: 79.23%, Valid: 70.13%, Test In: 70.60% Test OOD1: 65.66% Test OOD2: 53.37% Test OOD3: 63.17% 
Epoch: 116, Loss: 0.5490, Train: 79.38%, Valid: 70.06%, Test In: 70.54% Test OOD1: 65.50% Test OOD2: 53.37% Test OOD3: 63.09% 
Epoch: 117, Loss: 0.5464, Train: 79.47%, Valid: 70.03%, Test In: 70.49% Test OOD1: 65.48% Test OOD2: 53.35% Test OOD3: 63.06% 
Epoch: 118, Loss: 0.5438, Train: 79.57%, Valid: 70.00%, Test In: 70.44% Test OOD1: 65.47% Test OOD2: 53.33% Test OOD3: 63.03% 
Epoch: 119, Loss: 0.5414, Train: 79.69%, Valid: 69.95%, Test In: 70.38% Test OOD1: 65.36% Test OOD2: 53.32% Test OOD3: 62.97% 
Epoch: 120, Loss: 0.5388, Train: 79.82%, Valid: 69.90%, Test In: 70.33% Test OOD1: 65.21% Test OOD2: 53.32% Test OOD3: 62.90% 
Epoch: 121, Loss: 0.5363, Train: 79.88%, Valid: 69.89%, Test In: 70.29% Test OOD1: 65.26% Test OOD2: 53.27% Test OOD3: 62.89% 
Epoch: 122, Loss: 0.5337, Train: 80.00%, Valid: 69.84%, Test In: 70.24% Test OOD1: 65.15% Test OOD2: 53.26% Test OOD3: 62.84% 
Epoch: 123, Loss: 0.5311, Train: 80.14%, Valid: 69.79%, Test In: 70.19% Test OOD1: 64.97% Test OOD2: 53.26% Test OOD3: 62.76% 
Epoch: 124, Loss: 0.5286, Train: 80.20%, Valid: 69.78%, Test In: 70.16% Test OOD1: 65.03% Test OOD2: 53.22% Test OOD3: 62.76% 
Epoch: 125, Loss: 0.5259, Train: 80.33%, Valid: 69.74%, Test In: 70.12% Test OOD1: 64.90% Test OOD2: 53.22% Test OOD3: 62.69% 
Epoch: 126, Loss: 0.5233, Train: 80.43%, Valid: 69.71%, Test In: 70.08% Test OOD1: 64.81% Test OOD2: 53.20% Test OOD3: 62.65% 
Epoch: 127, Loss: 0.5207, Train: 80.54%, Valid: 69.67%, Test In: 70.04% Test OOD1: 64.72% Test OOD2: 53.19% Test OOD3: 62.60% 
Epoch: 128, Loss: 0.5180, Train: 80.62%, Valid: 69.65%, Test In: 70.01% Test OOD1: 64.73% Test OOD2: 53.16% Test OOD3: 62.58% 
Epoch: 129, Loss: 0.5153, Train: 80.74%, Valid: 69.60%, Test In: 69.97% Test OOD1: 64.57% Test OOD2: 53.16% Test OOD3: 62.51% 
Epoch: 130, Loss: 0.5126, Train: 80.85%, Valid: 69.58%, Test In: 69.94% Test OOD1: 64.48% Test OOD2: 53.14% Test OOD3: 62.47% 
Epoch: 131, Loss: 0.5099, Train: 80.92%, Valid: 69.57%, Test In: 69.92% Test OOD1: 64.48% Test OOD2: 53.11% Test OOD3: 62.45% 
Epoch: 132, Loss: 0.5073, Train: 81.05%, Valid: 69.52%, Test In: 69.89% Test OOD1: 64.30% Test OOD2: 53.11% Test OOD3: 62.37% 
Epoch: 133, Loss: 0.5046, Train: 81.12%, Valid: 69.50%, Test In: 69.87% Test OOD1: 64.28% Test OOD2: 53.09% Test OOD3: 62.35% 
Epoch: 134, Loss: 0.5019, Train: 81.26%, Valid: 69.47%, Test In: 69.83% Test OOD1: 64.15% Test OOD2: 53.08% Test OOD3: 62.29% 
Epoch: 135, Loss: 0.4993, Train: 81.30%, Valid: 69.46%, Test In: 69.82% Test OOD1: 64.16% Test OOD2: 53.06% Test OOD3: 62.28% 
Epoch: 136, Loss: 0.4966, Train: 81.46%, Valid: 69.42%, Test In: 69.78% Test OOD1: 63.98% Test OOD2: 53.06% Test OOD3: 62.20% 
Epoch: 137, Loss: 0.4938, Train: 81.51%, Valid: 69.40%, Test In: 69.77% Test OOD1: 63.99% Test OOD2: 53.03% Test OOD3: 62.19% 
Epoch: 138, Loss: 0.4911, Train: 81.61%, Valid: 69.38%, Test In: 69.75% Test OOD1: 63.94% Test OOD2: 53.02% Test OOD3: 62.15% 
Epoch: 139, Loss: 0.4884, Train: 81.74%, Valid: 69.35%, Test In: 69.72% Test OOD1: 63.79% Test OOD2: 53.01% Test OOD3: 62.09% 
Epoch: 140, Loss: 0.4858, Train: 81.78%, Valid: 69.34%, Test In: 69.71% Test OOD1: 63.84% Test OOD2: 52.98% Test OOD3: 62.09% 
Epoch: 141, Loss: 0.4831, Train: 81.91%, Valid: 69.31%, Test In: 69.69% Test OOD1: 63.71% Test OOD2: 52.98% Test OOD3: 62.04% 
Epoch: 142, Loss: 0.4804, Train: 82.00%, Valid: 69.28%, Test In: 69.67% Test OOD1: 63.63% Test OOD2: 52.97% Test OOD3: 62.00% 
Epoch: 143, Loss: 0.4778, Train: 82.07%, Valid: 69.27%, Test In: 69.66% Test OOD1: 63.65% Test OOD2: 52.94% Test OOD3: 61.98% 
Epoch: 144, Loss: 0.4752, Train: 82.21%, Valid: 69.24%, Test In: 69.63% Test OOD1: 63.50% Test OOD2: 52.94% Test OOD3: 61.92% 
Epoch: 145, Loss: 0.4725, Train: 82.26%, Valid: 69.22%, Test In: 69.62% Test OOD1: 63.48% Test OOD2: 52.92% Test OOD3: 61.89% 
Epoch: 146, Loss: 0.4698, Train: 82.38%, Valid: 69.20%, Test In: 69.60% Test OOD1: 63.44% Test OOD2: 52.90% Test OOD3: 61.86% 
Epoch: 147, Loss: 0.4673, Train: 82.47%, Valid: 69.18%, Test In: 69.57% Test OOD1: 63.33% Test OOD2: 52.89% Test OOD3: 61.81% 
Epoch: 148, Loss: 0.4647, Train: 82.56%, Valid: 69.17%, Test In: 69.56% Test OOD1: 63.32% Test OOD2: 52.87% Test OOD3: 61.78% 
Epoch: 149, Loss: 0.4620, Train: 82.65%, Valid: 69.15%, Test In: 69.55% Test OOD1: 63.26% Test OOD2: 52.85% Test OOD3: 61.74% 
Epoch: 150, Loss: 0.4593, Train: 82.74%, Valid: 69.13%, Test In: 69.52% Test OOD1: 63.18% Test OOD2: 52.84% Test OOD3: 61.70% 
Epoch: 151, Loss: 0.4568, Train: 82.82%, Valid: 69.12%, Test In: 69.52% Test OOD1: 63.18% Test OOD2: 52.81% Test OOD3: 61.68% 
Epoch: 152, Loss: 0.4542, Train: 82.91%, Valid: 69.10%, Test In: 69.49% Test OOD1: 63.07% Test OOD2: 52.81% Test OOD3: 61.62% 
Epoch: 153, Loss: 0.4517, Train: 83.03%, Valid: 69.09%, Test In: 69.48% Test OOD1: 63.07% Test OOD2: 52.78% Test OOD3: 61.59% 
Epoch: 154, Loss: 0.4492, Train: 83.05%, Valid: 69.07%, Test In: 69.47% Test OOD1: 63.02% Test OOD2: 52.77% Test OOD3: 61.56% 
Epoch: 155, Loss: 0.4467, Train: 83.24%, Valid: 69.04%, Test In: 69.44% Test OOD1: 62.89% Test OOD2: 52.76% Test OOD3: 61.48% 
Epoch: 156, Loss: 0.4443, Train: 83.22%, Valid: 69.05%, Test In: 69.44% Test OOD1: 63.03% Test OOD2: 52.72% Test OOD3: 61.51% 
Epoch: 157, Loss: 0.4420, Train: 83.37%, Valid: 69.00%, Test In: 69.40% Test OOD1: 62.76% Test OOD2: 52.74% Test OOD3: 61.40% 
Epoch: 158, Loss: 0.4394, Train: 83.44%, Valid: 69.01%, Test In: 69.41% Test OOD1: 62.88% Test OOD2: 52.70% Test OOD3: 61.42% 
Epoch: 159, Loss: 0.4369, Train: 83.51%, Valid: 68.99%, Test In: 69.40% Test OOD1: 62.81% Test OOD2: 52.69% Test OOD3: 61.38% 
Epoch: 160, Loss: 0.4346, Train: 83.59%, Valid: 68.98%, Test In: 69.39% Test OOD1: 62.74% Test OOD2: 52.68% Test OOD3: 61.34% 
Epoch: 161, Loss: 0.4323, Train: 83.71%, Valid: 68.96%, Test In: 69.38% Test OOD1: 62.73% Test OOD2: 52.66% Test OOD3: 61.31% 
Epoch: 162, Loss: 0.4297, Train: 83.72%, Valid: 68.97%, Test In: 69.39% Test OOD1: 62.77% Test OOD2: 52.64% Test OOD3: 61.31% 
Epoch: 163, Loss: 0.4274, Train: 83.84%, Valid: 68.94%, Test In: 69.37% Test OOD1: 62.62% Test OOD2: 52.65% Test OOD3: 61.24% 
Epoch: 164, Loss: 0.4252, Train: 83.92%, Valid: 68.93%, Test In: 69.37% Test OOD1: 62.67% Test OOD2: 52.62% Test OOD3: 61.24% 
Epoch: 165, Loss: 0.4228, Train: 83.95%, Valid: 68.93%, Test In: 69.37% Test OOD1: 62.69% Test OOD2: 52.61% Test OOD3: 61.24% 
Epoch: 166, Loss: 0.4206, Train: 84.09%, Valid: 68.90%, Test In: 69.33% Test OOD1: 62.50% Test OOD2: 52.61% Test OOD3: 61.16% 
Epoch: 167, Loss: 0.4185, Train: 84.11%, Valid: 68.91%, Test In: 69.35% Test OOD1: 62.67% Test OOD2: 52.58% Test OOD3: 61.20% 
Epoch: 168, Loss: 0.4163, Train: 84.21%, Valid: 68.88%, Test In: 69.33% Test OOD1: 62.49% Test OOD2: 52.59% Test OOD3: 61.12% 
Epoch: 169, Loss: 0.4141, Train: 84.27%, Valid: 68.88%, Test In: 69.33% Test OOD1: 62.53% Test OOD2: 52.57% Test OOD3: 61.12% 
Epoch: 170, Loss: 0.4119, Train: 84.35%, Valid: 68.87%, Test In: 69.32% Test OOD1: 62.50% Test OOD2: 52.56% Test OOD3: 61.09% 
Epoch: 171, Loss: 0.4097, Train: 84.40%, Valid: 68.86%, Test In: 69.32% Test OOD1: 62.44% Test OOD2: 52.55% Test OOD3: 61.06% 
Epoch: 172, Loss: 0.4074, Train: 84.50%, Valid: 68.85%, Test In: 69.31% Test OOD1: 62.43% Test OOD2: 52.54% Test OOD3: 61.04% 
Epoch: 173, Loss: 0.4054, Train: 84.55%, Valid: 68.84%, Test In: 69.31% Test OOD1: 62.37% Test OOD2: 52.53% Test OOD3: 61.01% 
Epoch: 174, Loss: 0.4034, Train: 84.61%, Valid: 68.83%, Test In: 69.31% Test OOD1: 62.38% Test OOD2: 52.51% Test OOD3: 61.00% 
Epoch: 175, Loss: 0.4013, Train: 84.73%, Valid: 68.81%, Test In: 69.29% Test OOD1: 62.26% Test OOD2: 52.51% Test OOD3: 60.94% 
Epoch: 176, Loss: 0.3991, Train: 84.73%, Valid: 68.81%, Test In: 69.30% Test OOD1: 62.31% Test OOD2: 52.49% Test OOD3: 60.95% 
Epoch: 177, Loss: 0.3971, Train: 84.86%, Valid: 68.79%, Test In: 69.29% Test OOD1: 62.21% Test OOD2: 52.48% Test OOD3: 60.90% 
Epoch: 178, Loss: 0.3950, Train: 84.89%, Valid: 68.78%, Test In: 69.28% Test OOD1: 62.18% Test OOD2: 52.47% Test OOD3: 60.88% 
Epoch: 179, Loss: 0.3930, Train: 84.95%, Valid: 68.78%, Test In: 69.29% Test OOD1: 62.20% Test OOD2: 52.45% Test OOD3: 60.87% 
Epoch: 180, Loss: 0.3910, Train: 85.06%, Valid: 68.75%, Test In: 69.26% Test OOD1: 62.06% Test OOD2: 52.45% Test OOD3: 60.81% 
Epoch: 181, Loss: 0.3890, Train: 85.05%, Valid: 68.76%, Test In: 69.28% Test OOD1: 62.15% Test OOD2: 52.42% Test OOD3: 60.84% 
Epoch: 182, Loss: 0.3871, Train: 85.20%, Valid: 68.73%, Test In: 69.25% Test OOD1: 61.99% Test OOD2: 52.43% Test OOD3: 60.77% 
Epoch: 183, Loss: 0.3851, Train: 85.20%, Valid: 68.73%, Test In: 69.25% Test OOD1: 62.04% Test OOD2: 52.41% Test OOD3: 60.78% 
Epoch: 184, Loss: 0.3831, Train: 85.30%, Valid: 68.72%, Test In: 69.24% Test OOD1: 61.98% Test OOD2: 52.40% Test OOD3: 60.74% 
Epoch: 185, Loss: 0.3811, Train: 85.35%, Valid: 68.70%, Test In: 69.23% Test OOD1: 61.90% Test OOD2: 52.39% Test OOD3: 60.71% 
Epoch: 186, Loss: 0.3793, Train: 85.40%, Valid: 68.70%, Test In: 69.23% Test OOD1: 61.95% Test OOD2: 52.37% Test OOD3: 60.71% 
Epoch: 187, Loss: 0.3774, Train: 85.50%, Valid: 68.67%, Test In: 69.20% Test OOD1: 61.78% Test OOD2: 52.37% Test OOD3: 60.64% 
Epoch: 188, Loss: 0.3756, Train: 85.50%, Valid: 68.68%, Test In: 69.22% Test OOD1: 61.90% Test OOD2: 52.34% Test OOD3: 60.67% 
Epoch: 189, Loss: 0.3737, Train: 85.64%, Valid: 68.64%, Test In: 69.18% Test OOD1: 61.71% Test OOD2: 52.35% Test OOD3: 60.59% 
Epoch: 190, Loss: 0.3719, Train: 85.62%, Valid: 68.66%, Test In: 69.20% Test OOD1: 61.83% Test OOD2: 52.32% Test OOD3: 60.63% 
Epoch: 191, Loss: 0.3701, Train: 85.77%, Valid: 68.63%, Test In: 69.17% Test OOD1: 61.66% Test OOD2: 52.32% Test OOD3: 60.55% 
Epoch: 192, Loss: 0.3683, Train: 85.75%, Valid: 68.62%, Test In: 69.18% Test OOD1: 61.74% Test OOD2: 52.30% Test OOD3: 60.58% 
Epoch: 193, Loss: 0.3666, Train: 85.87%, Valid: 68.61%, Test In: 69.16% Test OOD1: 61.62% Test OOD2: 52.28% Test OOD3: 60.51% 
Epoch: 194, Loss: 0.3649, Train: 85.89%, Valid: 68.59%, Test In: 69.16% Test OOD1: 61.63% Test OOD2: 52.28% Test OOD3: 60.51% 
Epoch: 195, Loss: 0.3631, Train: 85.95%, Valid: 68.60%, Test In: 69.16% Test OOD1: 61.63% Test OOD2: 52.25% Test OOD3: 60.50% 
Epoch: 196, Loss: 0.3614, Train: 86.05%, Valid: 68.57%, Test In: 69.13% Test OOD1: 61.47% Test OOD2: 52.26% Test OOD3: 60.42% 
Epoch: 197, Loss: 0.3597, Train: 86.04%, Valid: 68.58%, Test In: 69.15% Test OOD1: 61.65% Test OOD2: 52.23% Test OOD3: 60.48% 
Epoch: 198, Loss: 0.3581, Train: 86.18%, Valid: 68.56%, Test In: 69.12% Test OOD1: 61.38% Test OOD2: 52.23% Test OOD3: 60.36% 
Epoch: 199, Loss: 0.3564, Train: 86.16%, Valid: 68.57%, Test In: 69.14% Test OOD1: 61.56% Test OOD2: 52.22% Test OOD3: 60.43% 
Run 01:
Highest Train: 86.18
Highest Valid: 70.56
Highest In Test: 71.17
Highest OOD Test: 66.85
Highest OOD Test: 53.42
Highest OOD Test: 63.79
Chosen epoch: 99
Final Train: 77.32
Final In Test: 71.17
Final OOD Test: 66.07
Final OOD Test: 53.36
Final OOD Test: 63.73
Epoch: 00, Loss: 0.7763, Train: 42.18%, Valid: 42.46%, Test In: 43.06% Test OOD1: 40.61% Test OOD2: 50.01% Test OOD3: 45.72% 
Epoch: 01, Loss: 0.7756, Train: 44.00%, Valid: 43.78%, Test In: 44.51% Test OOD1: 41.65% Test OOD2: 50.30% Test OOD3: 47.00% 
Epoch: 02, Loss: 0.7749, Train: 46.30%, Valid: 45.56%, Test In: 46.23% Test OOD1: 42.97% Test OOD2: 50.57% Test OOD3: 48.60% 
Epoch: 03, Loss: 0.7742, Train: 49.16%, Valid: 47.85%, Test In: 48.41% Test OOD1: 44.56% Test OOD2: 50.80% Test OOD3: 50.55% 
Epoch: 04, Loss: 0.7735, Train: 52.18%, Valid: 50.38%, Test In: 50.74% Test OOD1: 46.29% Test OOD2: 51.05% Test OOD3: 52.45% 
Epoch: 05, Loss: 0.7728, Train: 55.21%, Valid: 52.91%, Test In: 53.09% Test OOD1: 48.00% Test OOD2: 51.29% Test OOD3: 54.18% 
Epoch: 06, Loss: 0.7720, Train: 58.10%, Valid: 55.45%, Test In: 55.34% Test OOD1: 49.66% Test OOD2: 51.54% Test OOD3: 55.73% 
Epoch: 07, Loss: 0.7711, Train: 60.47%, Valid: 57.51%, Test In: 57.18% Test OOD1: 51.08% Test OOD2: 51.73% Test OOD3: 57.00% 
Epoch: 08, Loss: 0.7702, Train: 62.36%, Valid: 59.15%, Test In: 58.68% Test OOD1: 52.31% Test OOD2: 51.85% Test OOD3: 58.01% 
Epoch: 09, Loss: 0.7693, Train: 64.04%, Valid: 60.61%, Test In: 60.08% Test OOD1: 53.46% Test OOD2: 51.93% Test OOD3: 58.83% 
Epoch: 10, Loss: 0.7682, Train: 65.46%, Valid: 61.86%, Test In: 61.32% Test OOD1: 54.46% Test OOD2: 51.98% Test OOD3: 59.47% 
Epoch: 11, Loss: 0.7671, Train: 66.60%, Valid: 62.89%, Test In: 62.27% Test OOD1: 55.25% Test OOD2: 52.10% Test OOD3: 59.96% 
Epoch: 12, Loss: 0.7659, Train: 67.44%, Valid: 63.62%, Test In: 62.96% Test OOD1: 55.78% Test OOD2: 52.19% Test OOD3: 60.28% 
Epoch: 13, Loss: 0.7645, Train: 68.03%, Valid: 64.19%, Test In: 63.44% Test OOD1: 56.11% Test OOD2: 52.22% Test OOD3: 60.51% 
Epoch: 14, Loss: 0.7631, Train: 68.46%, Valid: 64.64%, Test In: 63.76% Test OOD1: 56.27% Test OOD2: 52.23% Test OOD3: 60.64% 
Epoch: 15, Loss: 0.7616, Train: 68.77%, Valid: 64.98%, Test In: 63.99% Test OOD1: 56.35% Test OOD2: 52.24% Test OOD3: 60.68% 
Epoch: 16, Loss: 0.7600, Train: 69.00%, Valid: 65.21%, Test In: 64.16% Test OOD1: 56.35% Test OOD2: 52.24% Test OOD3: 60.67% 
Epoch: 17, Loss: 0.7583, Train: 69.14%, Valid: 65.37%, Test In: 64.28% Test OOD1: 56.27% Test OOD2: 52.26% Test OOD3: 60.61% 
Epoch: 18, Loss: 0.7565, Train: 69.26%, Valid: 65.51%, Test In: 64.40% Test OOD1: 56.15% Test OOD2: 52.28% Test OOD3: 60.54% 
Epoch: 19, Loss: 0.7545, Train: 69.38%, Valid: 65.64%, Test In: 64.53% Test OOD1: 56.04% Test OOD2: 52.30% Test OOD3: 60.44% 
Epoch: 20, Loss: 0.7525, Train: 69.52%, Valid: 65.77%, Test In: 64.68% Test OOD1: 55.94% Test OOD2: 52.31% Test OOD3: 60.35% 
Epoch: 21, Loss: 0.7504, Train: 69.66%, Valid: 65.91%, Test In: 64.86% Test OOD1: 55.83% Test OOD2: 52.32% Test OOD3: 60.24% 
Epoch: 22, Loss: 0.7482, Train: 69.75%, Valid: 65.99%, Test In: 64.98% Test OOD1: 55.64% Test OOD2: 52.34% Test OOD3: 60.08% 
Epoch: 23, Loss: 0.7460, Train: 69.78%, Valid: 66.03%, Test In: 65.08% Test OOD1: 55.40% Test OOD2: 52.38% Test OOD3: 59.90% 
Epoch: 24, Loss: 0.7438, Train: 69.81%, Valid: 66.07%, Test In: 65.17% Test OOD1: 55.18% Test OOD2: 52.40% Test OOD3: 59.71% 
Epoch: 25, Loss: 0.7415, Train: 69.83%, Valid: 66.12%, Test In: 65.28% Test OOD1: 54.95% Test OOD2: 52.42% Test OOD3: 59.50% 
Epoch: 26, Loss: 0.7393, Train: 69.85%, Valid: 66.14%, Test In: 65.39% Test OOD1: 54.71% Test OOD2: 52.45% Test OOD3: 59.25% 
Epoch: 27, Loss: 0.7371, Train: 69.85%, Valid: 66.14%, Test In: 65.47% Test OOD1: 54.44% Test OOD2: 52.48% Test OOD3: 58.99% 
Epoch: 28, Loss: 0.7350, Train: 69.81%, Valid: 66.09%, Test In: 65.51% Test OOD1: 54.16% Test OOD2: 52.50% Test OOD3: 58.71% 
Epoch: 29, Loss: 0.7329, Train: 69.71%, Valid: 66.00%, Test In: 65.50% Test OOD1: 53.85% Test OOD2: 52.52% Test OOD3: 58.40% 
Epoch: 30, Loss: 0.7309, Train: 69.51%, Valid: 65.82%, Test In: 65.40% Test OOD1: 53.49% Test OOD2: 52.52% Test OOD3: 58.02% 
Epoch: 31, Loss: 0.7289, Train: 69.18%, Valid: 65.50%, Test In: 65.15% Test OOD1: 53.02% Test OOD2: 52.50% Test OOD3: 57.54% 
Epoch: 32, Loss: 0.7269, Train: 68.69%, Valid: 65.03%, Test In: 64.77% Test OOD1: 52.47% Test OOD2: 52.47% Test OOD3: 56.98% 
Epoch: 33, Loss: 0.7249, Train: 68.05%, Valid: 64.44%, Test In: 64.24% Test OOD1: 51.87% Test OOD2: 52.41% Test OOD3: 56.36% 
Epoch: 34, Loss: 0.7229, Train: 67.32%, Valid: 63.75%, Test In: 63.63% Test OOD1: 51.28% Test OOD2: 52.35% Test OOD3: 55.75% 
Epoch: 35, Loss: 0.7210, Train: 66.52%, Valid: 63.00%, Test In: 62.98% Test OOD1: 50.72% Test OOD2: 52.27% Test OOD3: 55.16% 
Epoch: 36, Loss: 0.7191, Train: 65.71%, Valid: 62.23%, Test In: 62.32% Test OOD1: 50.21% Test OOD2: 52.19% Test OOD3: 54.62% 
Epoch: 37, Loss: 0.7173, Train: 64.95%, Valid: 61.52%, Test In: 61.69% Test OOD1: 49.77% Test OOD2: 52.12% Test OOD3: 54.17% 
Epoch: 38, Loss: 0.7157, Train: 64.30%, Valid: 60.92%, Test In: 61.17% Test OOD1: 49.45% Test OOD2: 52.06% Test OOD3: 53.81% 
Epoch: 39, Loss: 0.7143, Train: 63.85%, Valid: 60.48%, Test In: 60.80% Test OOD1: 49.25% Test OOD2: 52.02% Test OOD3: 53.57% 
Epoch: 40, Loss: 0.7130, Train: 63.69%, Valid: 60.28%, Test In: 60.66% Test OOD1: 49.20% Test OOD2: 52.01% Test OOD3: 53.47% 
Epoch: 41, Loss: 0.7119, Train: 63.88%, Valid: 60.39%, Test In: 60.82% Test OOD1: 49.36% Test OOD2: 52.03% Test OOD3: 53.55% 
Epoch: 42, Loss: 0.7109, Train: 64.47%, Valid: 60.84%, Test In: 61.29% Test OOD1: 49.74% Test OOD2: 52.09% Test OOD3: 53.82% 
Epoch: 43, Loss: 0.7100, Train: 65.47%, Valid: 61.63%, Test In: 62.12% Test OOD1: 50.40% Test OOD2: 52.20% Test OOD3: 54.32% 
Epoch: 44, Loss: 0.7091, Train: 66.83%, Valid: 62.74%, Test In: 63.22% Test OOD1: 51.37% Test OOD2: 52.34% Test OOD3: 55.07% 
Epoch: 45, Loss: 0.7082, Train: 68.42%, Valid: 64.09%, Test In: 64.57% Test OOD1: 52.72% Test OOD2: 52.48% Test OOD3: 56.07% 
Epoch: 46, Loss: 0.7072, Train: 70.12%, Valid: 65.55%, Test In: 66.07% Test OOD1: 54.43% Test OOD2: 52.62% Test OOD3: 57.30% 
Epoch: 47, Loss: 0.7061, Train: 71.72%, Valid: 66.92%, Test In: 67.56% Test OOD1: 56.48% Test OOD2: 52.75% Test OOD3: 58.70% 
Epoch: 48, Loss: 0.7049, Train: 73.06%, Valid: 68.09%, Test In: 68.90% Test OOD1: 58.75% Test OOD2: 52.85% Test OOD3: 60.11% 
Epoch: 49, Loss: 0.7037, Train: 74.05%, Valid: 68.99%, Test In: 69.93% Test OOD1: 61.07% Test OOD2: 52.87% Test OOD3: 61.37% 
Epoch: 50, Loss: 0.7023, Train: 74.64%, Valid: 69.55%, Test In: 70.59% Test OOD1: 63.15% Test OOD2: 52.76% Test OOD3: 62.32% 
Epoch: 51, Loss: 0.7008, Train: 74.90%, Valid: 69.78%, Test In: 70.83% Test OOD1: 64.68% Test OOD2: 52.56% Test OOD3: 62.89% 
Epoch: 52, Loss: 0.6993, Train: 74.85%, Valid: 69.72%, Test In: 70.71% Test OOD1: 65.67% Test OOD2: 52.36% Test OOD3: 63.13% 
Epoch: 53, Loss: 0.6978, Train: 74.52%, Valid: 69.50%, Test In: 70.38% Test OOD1: 66.21% Test OOD2: 52.19% Test OOD3: 63.14% 
Epoch: 54, Loss: 0.6962, Train: 74.02%, Valid: 69.17%, Test In: 69.96% Test OOD1: 66.40% Test OOD2: 52.05% Test OOD3: 63.03% 
Epoch: 55, Loss: 0.6946, Train: 73.45%, Valid: 68.79%, Test In: 69.50% Test OOD1: 66.40% Test OOD2: 51.95% Test OOD3: 62.84% 
Epoch: 56, Loss: 0.6930, Train: 72.91%, Valid: 68.43%, Test In: 69.06% Test OOD1: 66.26% Test OOD2: 51.85% Test OOD3: 62.65% 
Epoch: 57, Loss: 0.6914, Train: 72.45%, Valid: 68.13%, Test In: 68.66% Test OOD1: 66.08% Test OOD2: 51.79% Test OOD3: 62.47% 
Epoch: 58, Loss: 0.6898, Train: 72.07%, Valid: 67.86%, Test In: 68.33% Test OOD1: 65.91% Test OOD2: 51.74% Test OOD3: 62.33% 
Epoch: 59, Loss: 0.6882, Train: 71.76%, Valid: 67.66%, Test In: 68.05% Test OOD1: 65.75% Test OOD2: 51.71% Test OOD3: 62.21% 
Epoch: 60, Loss: 0.6865, Train: 71.52%, Valid: 67.49%, Test In: 67.84% Test OOD1: 65.63% Test OOD2: 51.70% Test OOD3: 62.11% 
Epoch: 61, Loss: 0.6848, Train: 71.34%, Valid: 67.36%, Test In: 67.67% Test OOD1: 65.55% Test OOD2: 51.69% Test OOD3: 62.04% 
Epoch: 62, Loss: 0.6831, Train: 71.21%, Valid: 67.26%, Test In: 67.54% Test OOD1: 65.49% Test OOD2: 51.68% Test OOD3: 62.00% 
Epoch: 63, Loss: 0.6814, Train: 71.12%, Valid: 67.19%, Test In: 67.45% Test OOD1: 65.45% Test OOD2: 51.68% Test OOD3: 61.96% 
Epoch: 64, Loss: 0.6796, Train: 71.06%, Valid: 67.14%, Test In: 67.39% Test OOD1: 65.43% Test OOD2: 51.69% Test OOD3: 61.94% 
Epoch: 65, Loss: 0.6778, Train: 71.03%, Valid: 67.12%, Test In: 67.35% Test OOD1: 65.42% Test OOD2: 51.70% Test OOD3: 61.93% 
Epoch: 66, Loss: 0.6759, Train: 71.03%, Valid: 67.11%, Test In: 67.33% Test OOD1: 65.42% Test OOD2: 51.71% Test OOD3: 61.93% 
Epoch: 67, Loss: 0.6740, Train: 71.06%, Valid: 67.11%, Test In: 67.34% Test OOD1: 65.43% Test OOD2: 51.73% Test OOD3: 61.94% 
Epoch: 68, Loss: 0.6721, Train: 71.10%, Valid: 67.13%, Test In: 67.36% Test OOD1: 65.45% Test OOD2: 51.74% Test OOD3: 61.96% 
Epoch: 69, Loss: 0.6701, Train: 71.16%, Valid: 67.17%, Test In: 67.40% Test OOD1: 65.48% Test OOD2: 51.76% Test OOD3: 61.98% 
Epoch: 70, Loss: 0.6681, Train: 71.25%, Valid: 67.21%, Test In: 67.45% Test OOD1: 65.51% Test OOD2: 51.78% Test OOD3: 62.02% 
Epoch: 71, Loss: 0.6660, Train: 71.35%, Valid: 67.27%, Test In: 67.53% Test OOD1: 65.56% Test OOD2: 51.81% Test OOD3: 62.07% 
Epoch: 72, Loss: 0.6639, Train: 71.48%, Valid: 67.34%, Test In: 67.61% Test OOD1: 65.62% Test OOD2: 51.84% Test OOD3: 62.12% 
Epoch: 73, Loss: 0.6617, Train: 71.63%, Valid: 67.43%, Test In: 67.71% Test OOD1: 65.68% Test OOD2: 51.87% Test OOD3: 62.17% 
Epoch: 74, Loss: 0.6595, Train: 71.79%, Valid: 67.52%, Test In: 67.82% Test OOD1: 65.75% Test OOD2: 51.90% Test OOD3: 62.24% 
Epoch: 75, Loss: 0.6573, Train: 71.96%, Valid: 67.62%, Test In: 67.94% Test OOD1: 65.82% Test OOD2: 51.94% Test OOD3: 62.30% 
Epoch: 76, Loss: 0.6551, Train: 72.14%, Valid: 67.73%, Test In: 68.07% Test OOD1: 65.89% Test OOD2: 51.98% Test OOD3: 62.37% 
Epoch: 77, Loss: 0.6527, Train: 72.32%, Valid: 67.84%, Test In: 68.21% Test OOD1: 65.96% Test OOD2: 52.01% Test OOD3: 62.45% 
Epoch: 78, Loss: 0.6504, Train: 72.52%, Valid: 67.95%, Test In: 68.34% Test OOD1: 66.03% Test OOD2: 52.05% Test OOD3: 62.51% 
Epoch: 79, Loss: 0.6480, Train: 72.73%, Valid: 68.07%, Test In: 68.48% Test OOD1: 66.11% Test OOD2: 52.09% Test OOD3: 62.59% 
Epoch: 80, Loss: 0.6455, Train: 72.94%, Valid: 68.19%, Test In: 68.62% Test OOD1: 66.18% Test OOD2: 52.13% Test OOD3: 62.67% 
Epoch: 81, Loss: 0.6431, Train: 73.16%, Valid: 68.32%, Test In: 68.77% Test OOD1: 66.26% Test OOD2: 52.17% Test OOD3: 62.75% 
Epoch: 82, Loss: 0.6405, Train: 73.38%, Valid: 68.45%, Test In: 68.92% Test OOD1: 66.34% Test OOD2: 52.23% Test OOD3: 62.83% 
Epoch: 83, Loss: 0.6379, Train: 73.61%, Valid: 68.58%, Test In: 69.06% Test OOD1: 66.40% Test OOD2: 52.28% Test OOD3: 62.90% 
Epoch: 84, Loss: 0.6353, Train: 73.85%, Valid: 68.70%, Test In: 69.21% Test OOD1: 66.47% Test OOD2: 52.33% Test OOD3: 62.98% 
Epoch: 85, Loss: 0.6327, Train: 74.08%, Valid: 68.82%, Test In: 69.35% Test OOD1: 66.52% Test OOD2: 52.39% Test OOD3: 63.06% 
Epoch: 86, Loss: 0.6301, Train: 74.32%, Valid: 68.95%, Test In: 69.49% Test OOD1: 66.56% Test OOD2: 52.44% Test OOD3: 63.13% 
Epoch: 87, Loss: 0.6274, Train: 74.55%, Valid: 69.06%, Test In: 69.64% Test OOD1: 66.60% Test OOD2: 52.49% Test OOD3: 63.21% 
Epoch: 88, Loss: 0.6247, Train: 74.79%, Valid: 69.18%, Test In: 69.78% Test OOD1: 66.63% Test OOD2: 52.56% Test OOD3: 63.27% 
Epoch: 89, Loss: 0.6220, Train: 75.01%, Valid: 69.30%, Test In: 69.90% Test OOD1: 66.64% Test OOD2: 52.62% Test OOD3: 63.33% 
Epoch: 90, Loss: 0.6194, Train: 75.23%, Valid: 69.39%, Test In: 70.01% Test OOD1: 66.64% Test OOD2: 52.67% Test OOD3: 63.39% 
Epoch: 91, Loss: 0.6167, Train: 75.45%, Valid: 69.49%, Test In: 70.12% Test OOD1: 66.61% Test OOD2: 52.74% Test OOD3: 63.44% 
Epoch: 92, Loss: 0.6140, Train: 75.65%, Valid: 69.57%, Test In: 70.21% Test OOD1: 66.58% Test OOD2: 52.80% Test OOD3: 63.49% 
Epoch: 93, Loss: 0.6114, Train: 75.84%, Valid: 69.65%, Test In: 70.29% Test OOD1: 66.53% Test OOD2: 52.86% Test OOD3: 63.52% 
Epoch: 94, Loss: 0.6088, Train: 76.02%, Valid: 69.71%, Test In: 70.36% Test OOD1: 66.47% Test OOD2: 52.91% Test OOD3: 63.55% 
Epoch: 95, Loss: 0.6062, Train: 76.19%, Valid: 69.76%, Test In: 70.42% Test OOD1: 66.40% Test OOD2: 52.97% Test OOD3: 63.57% 
Epoch: 96, Loss: 0.6035, Train: 76.35%, Valid: 69.81%, Test In: 70.47% Test OOD1: 66.34% Test OOD2: 53.03% Test OOD3: 63.59% 
Epoch: 97, Loss: 0.6010, Train: 76.51%, Valid: 69.86%, Test In: 70.51% Test OOD1: 66.26% Test OOD2: 53.08% Test OOD3: 63.61% 
Epoch: 98, Loss: 0.5984, Train: 76.65%, Valid: 69.89%, Test In: 70.54% Test OOD1: 66.19% Test OOD2: 53.13% Test OOD3: 63.62% 
Epoch: 99, Loss: 0.5958, Train: 76.80%, Valid: 69.92%, Test In: 70.56% Test OOD1: 66.12% Test OOD2: 53.18% Test OOD3: 63.63% 
Epoch: 100, Loss: 0.5933, Train: 76.93%, Valid: 69.94%, Test In: 70.58% Test OOD1: 66.05% Test OOD2: 53.22% Test OOD3: 63.63% 
Epoch: 101, Loss: 0.5907, Train: 77.06%, Valid: 69.96%, Test In: 70.59% Test OOD1: 65.99% Test OOD2: 53.26% Test OOD3: 63.62% 
Epoch: 102, Loss: 0.5882, Train: 77.19%, Valid: 69.98%, Test In: 70.60% Test OOD1: 65.93% Test OOD2: 53.29% Test OOD3: 63.62% 
Epoch: 103, Loss: 0.5857, Train: 77.32%, Valid: 69.98%, Test In: 70.60% Test OOD1: 65.87% Test OOD2: 53.32% Test OOD3: 63.60% 
Epoch: 104, Loss: 0.5832, Train: 77.44%, Valid: 69.98%, Test In: 70.60% Test OOD1: 65.82% Test OOD2: 53.35% Test OOD3: 63.59% 
Epoch: 105, Loss: 0.5808, Train: 77.55%, Valid: 69.99%, Test In: 70.59% Test OOD1: 65.78% Test OOD2: 53.37% Test OOD3: 63.57% 
Epoch: 106, Loss: 0.5783, Train: 77.67%, Valid: 69.98%, Test In: 70.59% Test OOD1: 65.74% Test OOD2: 53.38% Test OOD3: 63.55% 
Epoch: 107, Loss: 0.5759, Train: 77.79%, Valid: 69.98%, Test In: 70.58% Test OOD1: 65.71% Test OOD2: 53.40% Test OOD3: 63.52% 
Epoch: 108, Loss: 0.5735, Train: 77.91%, Valid: 69.98%, Test In: 70.57% Test OOD1: 65.68% Test OOD2: 53.41% Test OOD3: 63.50% 
Epoch: 109, Loss: 0.5711, Train: 78.03%, Valid: 69.97%, Test In: 70.56% Test OOD1: 65.64% Test OOD2: 53.42% Test OOD3: 63.47% 
Epoch: 110, Loss: 0.5687, Train: 78.15%, Valid: 69.96%, Test In: 70.54% Test OOD1: 65.62% Test OOD2: 53.42% Test OOD3: 63.45% 
Epoch: 111, Loss: 0.5663, Train: 78.27%, Valid: 69.95%, Test In: 70.52% Test OOD1: 65.57% Test OOD2: 53.43% Test OOD3: 63.41% 
Epoch: 112, Loss: 0.5639, Train: 78.40%, Valid: 69.94%, Test In: 70.51% Test OOD1: 65.53% Test OOD2: 53.43% Test OOD3: 63.37% 
Epoch: 113, Loss: 0.5615, Train: 78.52%, Valid: 69.93%, Test In: 70.49% Test OOD1: 65.50% Test OOD2: 53.43% Test OOD3: 63.34% 
Epoch: 114, Loss: 0.5591, Train: 78.65%, Valid: 69.92%, Test In: 70.47% Test OOD1: 65.44% Test OOD2: 53.43% Test OOD3: 63.31% 
Epoch: 115, Loss: 0.5567, Train: 78.77%, Valid: 69.91%, Test In: 70.44% Test OOD1: 65.39% Test OOD2: 53.43% Test OOD3: 63.28% 
Epoch: 116, Loss: 0.5543, Train: 78.90%, Valid: 69.89%, Test In: 70.41% Test OOD1: 65.32% Test OOD2: 53.43% Test OOD3: 63.24% 
Epoch: 117, Loss: 0.5520, Train: 79.02%, Valid: 69.88%, Test In: 70.38% Test OOD1: 65.29% Test OOD2: 53.42% Test OOD3: 63.21% 
Epoch: 118, Loss: 0.5496, Train: 79.15%, Valid: 69.85%, Test In: 70.34% Test OOD1: 65.16% Test OOD2: 53.43% Test OOD3: 63.16% 
Epoch: 119, Loss: 0.5473, Train: 79.27%, Valid: 69.84%, Test In: 70.32% Test OOD1: 65.18% Test OOD2: 53.40% Test OOD3: 63.15% 
Epoch: 120, Loss: 0.5450, Train: 79.40%, Valid: 69.80%, Test In: 70.26% Test OOD1: 65.01% Test OOD2: 53.41% Test OOD3: 63.09% 
Epoch: 121, Loss: 0.5427, Train: 79.52%, Valid: 69.78%, Test In: 70.24% Test OOD1: 64.98% Test OOD2: 53.38% Test OOD3: 63.07% 
Epoch: 122, Loss: 0.5403, Train: 79.64%, Valid: 69.76%, Test In: 70.20% Test OOD1: 64.93% Test OOD2: 53.37% Test OOD3: 63.04% 
Epoch: 123, Loss: 0.5380, Train: 79.78%, Valid: 69.74%, Test In: 70.15% Test OOD1: 64.78% Test OOD2: 53.37% Test OOD3: 62.98% 
Epoch: 124, Loss: 0.5357, Train: 79.88%, Valid: 69.73%, Test In: 70.12% Test OOD1: 64.78% Test OOD2: 53.34% Test OOD3: 62.97% 
Epoch: 125, Loss: 0.5334, Train: 80.01%, Valid: 69.70%, Test In: 70.07% Test OOD1: 64.66% Test OOD2: 53.32% Test OOD3: 62.91% 
Epoch: 126, Loss: 0.5311, Train: 80.13%, Valid: 69.68%, Test In: 70.03% Test OOD1: 64.59% Test OOD2: 53.30% Test OOD3: 62.88% 
Epoch: 127, Loss: 0.5288, Train: 80.27%, Valid: 69.65%, Test In: 69.98% Test OOD1: 64.51% Test OOD2: 53.28% Test OOD3: 62.84% 
Epoch: 128, Loss: 0.5265, Train: 80.36%, Valid: 69.64%, Test In: 69.96% Test OOD1: 64.47% Test OOD2: 53.25% Test OOD3: 62.81% 
Epoch: 129, Loss: 0.5242, Train: 80.51%, Valid: 69.59%, Test In: 69.89% Test OOD1: 64.31% Test OOD2: 53.25% Test OOD3: 62.74% 
Epoch: 130, Loss: 0.5218, Train: 80.61%, Valid: 69.59%, Test In: 69.87% Test OOD1: 64.31% Test OOD2: 53.22% Test OOD3: 62.73% 
Epoch: 131, Loss: 0.5195, Train: 80.74%, Valid: 69.55%, Test In: 69.82% Test OOD1: 64.19% Test OOD2: 53.20% Test OOD3: 62.67% 
Epoch: 132, Loss: 0.5172, Train: 80.87%, Valid: 69.51%, Test In: 69.77% Test OOD1: 64.09% Test OOD2: 53.19% Test OOD3: 62.62% 
Epoch: 133, Loss: 0.5149, Train: 80.97%, Valid: 69.50%, Test In: 69.74% Test OOD1: 64.06% Test OOD2: 53.17% Test OOD3: 62.60% 
Epoch: 134, Loss: 0.5125, Train: 81.11%, Valid: 69.45%, Test In: 69.69% Test OOD1: 63.93% Test OOD2: 53.16% Test OOD3: 62.53% 
Epoch: 135, Loss: 0.5102, Train: 81.23%, Valid: 69.42%, Test In: 69.65% Test OOD1: 63.87% Test OOD2: 53.15% Test OOD3: 62.49% 
Epoch: 136, Loss: 0.5079, Train: 81.34%, Valid: 69.39%, Test In: 69.62% Test OOD1: 63.81% Test OOD2: 53.13% Test OOD3: 62.45% 
Epoch: 137, Loss: 0.5056, Train: 81.47%, Valid: 69.34%, Test In: 69.58% Test OOD1: 63.72% Test OOD2: 53.12% Test OOD3: 62.40% 
Epoch: 138, Loss: 0.5032, Train: 81.59%, Valid: 69.31%, Test In: 69.55% Test OOD1: 63.66% Test OOD2: 53.10% Test OOD3: 62.35% 
Epoch: 139, Loss: 0.5009, Train: 81.70%, Valid: 69.28%, Test In: 69.53% Test OOD1: 63.62% Test OOD2: 53.08% Test OOD3: 62.32% 
Epoch: 140, Loss: 0.4985, Train: 81.84%, Valid: 69.24%, Test In: 69.48% Test OOD1: 63.52% Test OOD2: 53.07% Test OOD3: 62.26% 
Epoch: 141, Loss: 0.4962, Train: 81.93%, Valid: 69.21%, Test In: 69.46% Test OOD1: 63.50% Test OOD2: 53.05% Test OOD3: 62.24% 
Epoch: 142, Loss: 0.4939, Train: 82.10%, Valid: 69.18%, Test In: 69.44% Test OOD1: 63.44% Test OOD2: 53.03% Test OOD3: 62.19% 
Epoch: 143, Loss: 0.4917, Train: 82.18%, Valid: 69.13%, Test In: 69.40% Test OOD1: 63.35% Test OOD2: 53.01% Test OOD3: 62.15% 
Epoch: 144, Loss: 0.4892, Train: 82.29%, Valid: 69.13%, Test In: 69.39% Test OOD1: 63.39% Test OOD2: 52.99% Test OOD3: 62.14% 
Epoch: 145, Loss: 0.4869, Train: 82.46%, Valid: 69.07%, Test In: 69.33% Test OOD1: 63.20% Test OOD2: 52.98% Test OOD3: 62.06% 
Epoch: 146, Loss: 0.4846, Train: 82.51%, Valid: 69.07%, Test In: 69.34% Test OOD1: 63.29% Test OOD2: 52.95% Test OOD3: 62.08% 
Epoch: 147, Loss: 0.4822, Train: 82.66%, Valid: 69.00%, Test In: 69.28% Test OOD1: 63.11% Test OOD2: 52.94% Test OOD3: 62.00% 
Epoch: 148, Loss: 0.4799, Train: 82.77%, Valid: 68.99%, Test In: 69.28% Test OOD1: 63.14% Test OOD2: 52.92% Test OOD3: 61.99% 
Epoch: 149, Loss: 0.4776, Train: 82.88%, Valid: 68.95%, Test In: 69.25% Test OOD1: 63.08% Test OOD2: 52.90% Test OOD3: 61.95% 
Epoch: 150, Loss: 0.4752, Train: 82.98%, Valid: 68.90%, Test In: 69.21% Test OOD1: 62.99% Test OOD2: 52.88% Test OOD3: 61.90% 
Epoch: 151, Loss: 0.4730, Train: 83.10%, Valid: 68.90%, Test In: 69.22% Test OOD1: 63.01% Test OOD2: 52.86% Test OOD3: 61.89% 
Epoch: 152, Loss: 0.4707, Train: 83.22%, Valid: 68.84%, Test In: 69.17% Test OOD1: 62.87% Test OOD2: 52.85% Test OOD3: 61.82% 
Epoch: 153, Loss: 0.4683, Train: 83.28%, Valid: 68.83%, Test In: 69.17% Test OOD1: 62.91% Test OOD2: 52.82% Test OOD3: 61.81% 
Epoch: 154, Loss: 0.4661, Train: 83.45%, Valid: 68.79%, Test In: 69.14% Test OOD1: 62.81% Test OOD2: 52.81% Test OOD3: 61.74% 
Epoch: 155, Loss: 0.4639, Train: 83.52%, Valid: 68.78%, Test In: 69.13% Test OOD1: 62.81% Test OOD2: 52.79% Test OOD3: 61.72% 
Epoch: 156, Loss: 0.4616, Train: 83.60%, Valid: 68.73%, Test In: 69.10% Test OOD1: 62.73% Test OOD2: 52.77% Test OOD3: 61.67% 
Epoch: 157, Loss: 0.4595, Train: 83.73%, Valid: 68.71%, Test In: 69.09% Test OOD1: 62.69% Test OOD2: 52.76% Test OOD3: 61.63% 
Epoch: 158, Loss: 0.4570, Train: 83.84%, Valid: 68.69%, Test In: 69.08% Test OOD1: 62.67% Test OOD2: 52.74% Test OOD3: 61.60% 
Epoch: 159, Loss: 0.4548, Train: 83.92%, Valid: 68.64%, Test In: 69.04% Test OOD1: 62.57% Test OOD2: 52.73% Test OOD3: 61.54% 
Epoch: 160, Loss: 0.4525, Train: 84.00%, Valid: 68.63%, Test In: 69.04% Test OOD1: 62.59% Test OOD2: 52.71% Test OOD3: 61.53% 
Epoch: 161, Loss: 0.4503, Train: 84.16%, Valid: 68.59%, Test In: 69.02% Test OOD1: 62.49% Test OOD2: 52.70% Test OOD3: 61.46% 
Epoch: 162, Loss: 0.4482, Train: 84.22%, Valid: 68.58%, Test In: 69.01% Test OOD1: 62.49% Test OOD2: 52.69% Test OOD3: 61.44% 
Epoch: 163, Loss: 0.4459, Train: 84.30%, Valid: 68.55%, Test In: 68.99% Test OOD1: 62.46% Test OOD2: 52.67% Test OOD3: 61.41% 
Epoch: 164, Loss: 0.4438, Train: 84.44%, Valid: 68.52%, Test In: 68.97% Test OOD1: 62.34% Test OOD2: 52.67% Test OOD3: 61.34% 
Epoch: 165, Loss: 0.4415, Train: 84.51%, Valid: 68.53%, Test In: 68.97% Test OOD1: 62.41% Test OOD2: 52.64% Test OOD3: 61.34% 
Epoch: 166, Loss: 0.4393, Train: 84.61%, Valid: 68.45%, Test In: 68.92% Test OOD1: 62.24% Test OOD2: 52.64% Test OOD3: 61.26% 
Epoch: 167, Loss: 0.4372, Train: 84.69%, Valid: 68.47%, Test In: 68.94% Test OOD1: 62.32% Test OOD2: 52.63% Test OOD3: 61.27% 
Epoch: 168, Loss: 0.4350, Train: 84.83%, Valid: 68.42%, Test In: 68.90% Test OOD1: 62.19% Test OOD2: 52.62% Test OOD3: 61.20% 
Epoch: 169, Loss: 0.4329, Train: 84.88%, Valid: 68.41%, Test In: 68.89% Test OOD1: 62.19% Test OOD2: 52.61% Test OOD3: 61.18% 
Epoch: 170, Loss: 0.4307, Train: 84.99%, Valid: 68.40%, Test In: 68.88% Test OOD1: 62.19% Test OOD2: 52.60% Test OOD3: 61.15% 
Epoch: 171, Loss: 0.4285, Train: 85.11%, Valid: 68.34%, Test In: 68.85% Test OOD1: 62.05% Test OOD2: 52.61% Test OOD3: 61.08% 
Epoch: 172, Loss: 0.4264, Train: 85.14%, Valid: 68.36%, Test In: 68.86% Test OOD1: 62.15% Test OOD2: 52.59% Test OOD3: 61.10% 
Epoch: 173, Loss: 0.4243, Train: 85.29%, Valid: 68.29%, Test In: 68.81% Test OOD1: 61.97% Test OOD2: 52.59% Test OOD3: 61.01% 
Epoch: 174, Loss: 0.4221, Train: 85.35%, Valid: 68.31%, Test In: 68.84% Test OOD1: 62.05% Test OOD2: 52.58% Test OOD3: 61.02% 
Epoch: 175, Loss: 0.4201, Train: 85.47%, Valid: 68.25%, Test In: 68.79% Test OOD1: 61.94% Test OOD2: 52.57% Test OOD3: 60.96% 
Epoch: 176, Loss: 0.4180, Train: 85.54%, Valid: 68.25%, Test In: 68.80% Test OOD1: 61.93% Test OOD2: 52.57% Test OOD3: 60.94% 
Epoch: 177, Loss: 0.4159, Train: 85.64%, Valid: 68.22%, Test In: 68.78% Test OOD1: 61.92% Test OOD2: 52.56% Test OOD3: 60.91% 
Epoch: 178, Loss: 0.4138, Train: 85.73%, Valid: 68.18%, Test In: 68.75% Test OOD1: 61.82% Test OOD2: 52.56% Test OOD3: 60.86% 
Epoch: 179, Loss: 0.4117, Train: 85.80%, Valid: 68.20%, Test In: 68.77% Test OOD1: 61.90% Test OOD2: 52.54% Test OOD3: 60.87% 
Epoch: 180, Loss: 0.4096, Train: 85.93%, Valid: 68.13%, Test In: 68.72% Test OOD1: 61.75% Test OOD2: 52.55% Test OOD3: 60.79% 
Epoch: 181, Loss: 0.4075, Train: 85.96%, Valid: 68.16%, Test In: 68.75% Test OOD1: 61.83% Test OOD2: 52.53% Test OOD3: 60.81% 
Epoch: 182, Loss: 0.4055, Train: 86.10%, Valid: 68.10%, Test In: 68.70% Test OOD1: 61.71% Test OOD2: 52.53% Test OOD3: 60.74% 
Epoch: 183, Loss: 0.4035, Train: 86.13%, Valid: 68.11%, Test In: 68.71% Test OOD1: 61.75% Test OOD2: 52.52% Test OOD3: 60.75% 
Epoch: 184, Loss: 0.4016, Train: 86.25%, Valid: 68.07%, Test In: 68.69% Test OOD1: 61.71% Test OOD2: 52.51% Test OOD3: 60.71% 
Epoch: 185, Loss: 0.3995, Train: 86.34%, Valid: 68.04%, Test In: 68.68% Test OOD1: 61.64% Test OOD2: 52.51% Test OOD3: 60.67% 
Epoch: 186, Loss: 0.3975, Train: 86.38%, Valid: 68.04%, Test In: 68.68% Test OOD1: 61.70% Test OOD2: 52.50% Test OOD3: 60.68% 
Epoch: 187, Loss: 0.3955, Train: 86.53%, Valid: 67.99%, Test In: 68.64% Test OOD1: 61.56% Test OOD2: 52.50% Test OOD3: 60.60% 
Epoch: 188, Loss: 0.3936, Train: 86.53%, Valid: 68.02%, Test In: 68.66% Test OOD1: 61.66% Test OOD2: 52.49% Test OOD3: 60.63% 
Epoch: 189, Loss: 0.3916, Train: 86.69%, Valid: 67.95%, Test In: 68.62% Test OOD1: 61.53% Test OOD2: 52.49% Test OOD3: 60.55% 
Epoch: 190, Loss: 0.3898, Train: 86.71%, Valid: 67.97%, Test In: 68.63% Test OOD1: 61.57% Test OOD2: 52.48% Test OOD3: 60.56% 
Epoch: 191, Loss: 0.3878, Train: 86.81%, Valid: 67.94%, Test In: 68.62% Test OOD1: 61.54% Test OOD2: 52.47% Test OOD3: 60.52% 
Epoch: 192, Loss: 0.3859, Train: 86.92%, Valid: 67.91%, Test In: 68.60% Test OOD1: 61.46% Test OOD2: 52.47% Test OOD3: 60.47% 
Epoch: 193, Loss: 0.3839, Train: 86.93%, Valid: 67.93%, Test In: 68.62% Test OOD1: 61.56% Test OOD2: 52.45% Test OOD3: 60.50% 
Epoch: 194, Loss: 0.3821, Train: 87.11%, Valid: 67.85%, Test In: 68.57% Test OOD1: 61.36% Test OOD2: 52.45% Test OOD3: 60.40% 
Epoch: 195, Loss: 0.3803, Train: 87.09%, Valid: 67.90%, Test In: 68.61% Test OOD1: 61.49% Test OOD2: 52.43% Test OOD3: 60.45% 
Epoch: 196, Loss: 0.3784, Train: 87.25%, Valid: 67.83%, Test In: 68.56% Test OOD1: 61.34% Test OOD2: 52.43% Test OOD3: 60.36% 
Epoch: 197, Loss: 0.3764, Train: 87.28%, Valid: 67.84%, Test In: 68.58% Test OOD1: 61.39% Test OOD2: 52.43% Test OOD3: 60.37% 
Epoch: 198, Loss: 0.3746, Train: 87.37%, Valid: 67.82%, Test In: 68.56% Test OOD1: 61.37% Test OOD2: 52.41% Test OOD3: 60.34% 
Epoch: 199, Loss: 0.3727, Train: 87.49%, Valid: 67.79%, Test In: 68.54% Test OOD1: 61.27% Test OOD2: 52.41% Test OOD3: 60.29% 
Run 02:
Highest Train: 87.49
Highest Valid: 69.99
Highest In Test: 70.83
Highest OOD Test: 66.64
Highest OOD Test: 53.43
Highest OOD Test: 63.63
Chosen epoch: 106
Final Train: 77.55
Final In Test: 70.59
Final OOD Test: 65.78
Final OOD Test: 53.37
Final OOD Test: 63.57
Epoch: 00, Loss: 0.7735, Train: 44.60%, Valid: 44.81%, Test In: 44.21% Test OOD1: 44.23% Test OOD2: 50.64% Test OOD3: 48.07% 
Epoch: 01, Loss: 0.7728, Train: 49.28%, Valid: 48.14%, Test In: 47.65% Test OOD1: 46.17% Test OOD2: 51.03% Test OOD3: 50.47% 
Epoch: 02, Loss: 0.7721, Train: 55.13%, Valid: 52.65%, Test In: 52.28% Test OOD1: 49.90% Test OOD2: 51.57% Test OOD3: 53.78% 
Epoch: 03, Loss: 0.7715, Train: 58.67%, Valid: 55.48%, Test In: 55.14% Test OOD1: 52.37% Test OOD2: 51.68% Test OOD3: 56.08% 
Epoch: 04, Loss: 0.7709, Train: 58.61%, Valid: 55.60%, Test In: 54.90% Test OOD1: 52.19% Test OOD2: 51.61% Test OOD3: 56.27% 
Epoch: 05, Loss: 0.7702, Train: 58.61%, Valid: 55.56%, Test In: 54.87% Test OOD1: 51.69% Test OOD2: 51.70% Test OOD3: 55.99% 
Epoch: 06, Loss: 0.7695, Train: 58.80%, Valid: 55.77%, Test In: 55.07% Test OOD1: 51.32% Test OOD2: 51.86% Test OOD3: 55.82% 
Epoch: 07, Loss: 0.7688, Train: 58.75%, Valid: 55.75%, Test In: 55.17% Test OOD1: 50.83% Test OOD2: 52.03% Test OOD3: 55.63% 
Epoch: 08, Loss: 0.7679, Train: 58.50%, Valid: 55.52%, Test In: 55.00% Test OOD1: 50.23% Test OOD2: 52.12% Test OOD3: 55.39% 
Epoch: 09, Loss: 0.7670, Train: 58.21%, Valid: 55.30%, Test In: 54.80% Test OOD1: 49.65% Test OOD2: 52.15% Test OOD3: 55.07% 
Epoch: 10, Loss: 0.7660, Train: 57.87%, Valid: 55.07%, Test In: 54.59% Test OOD1: 49.08% Test OOD2: 52.12% Test OOD3: 54.66% 
Epoch: 11, Loss: 0.7650, Train: 57.37%, Valid: 54.71%, Test In: 54.28% Test OOD1: 48.51% Test OOD2: 52.04% Test OOD3: 54.22% 
Epoch: 12, Loss: 0.7638, Train: 56.80%, Valid: 54.29%, Test In: 53.88% Test OOD1: 47.95% Test OOD2: 51.95% Test OOD3: 53.69% 
Epoch: 13, Loss: 0.7626, Train: 56.19%, Valid: 53.80%, Test In: 53.45% Test OOD1: 47.39% Test OOD2: 51.85% Test OOD3: 53.10% 
Epoch: 14, Loss: 0.7612, Train: 55.52%, Valid: 53.24%, Test In: 52.99% Test OOD1: 46.84% Test OOD2: 51.74% Test OOD3: 52.52% 
Epoch: 15, Loss: 0.7598, Train: 54.80%, Valid: 52.63%, Test In: 52.48% Test OOD1: 46.32% Test OOD2: 51.64% Test OOD3: 51.92% 
Epoch: 16, Loss: 0.7582, Train: 54.06%, Valid: 52.00%, Test In: 51.95% Test OOD1: 45.82% Test OOD2: 51.53% Test OOD3: 51.34% 
Epoch: 17, Loss: 0.7565, Train: 53.34%, Valid: 51.40%, Test In: 51.45% Test OOD1: 45.39% Test OOD2: 51.42% Test OOD3: 50.80% 
Epoch: 18, Loss: 0.7547, Train: 52.64%, Valid: 50.85%, Test In: 50.96% Test OOD1: 45.00% Test OOD2: 51.32% Test OOD3: 50.32% 
Epoch: 19, Loss: 0.7528, Train: 52.02%, Valid: 50.34%, Test In: 50.51% Test OOD1: 44.65% Test OOD2: 51.23% Test OOD3: 49.87% 
Epoch: 20, Loss: 0.7507, Train: 51.46%, Valid: 49.88%, Test In: 50.12% Test OOD1: 44.33% Test OOD2: 51.15% Test OOD3: 49.46% 
Epoch: 21, Loss: 0.7486, Train: 50.93%, Valid: 49.44%, Test In: 49.74% Test OOD1: 44.04% Test OOD2: 51.06% Test OOD3: 49.10% 
Epoch: 22, Loss: 0.7463, Train: 50.42%, Valid: 49.03%, Test In: 49.38% Test OOD1: 43.77% Test OOD2: 50.99% Test OOD3: 48.76% 
Epoch: 23, Loss: 0.7439, Train: 49.95%, Valid: 48.66%, Test In: 49.05% Test OOD1: 43.54% Test OOD2: 50.93% Test OOD3: 48.47% 
Epoch: 24, Loss: 0.7414, Train: 49.54%, Valid: 48.33%, Test In: 48.76% Test OOD1: 43.34% Test OOD2: 50.86% Test OOD3: 48.23% 
Epoch: 25, Loss: 0.7389, Train: 49.18%, Valid: 48.06%, Test In: 48.52% Test OOD1: 43.17% Test OOD2: 50.82% Test OOD3: 48.02% 
Epoch: 26, Loss: 0.7363, Train: 48.91%, Valid: 47.85%, Test In: 48.34% Test OOD1: 43.05% Test OOD2: 50.78% Test OOD3: 47.85% 
Epoch: 27, Loss: 0.7338, Train: 48.72%, Valid: 47.70%, Test In: 48.21% Test OOD1: 42.96% Test OOD2: 50.75% Test OOD3: 47.71% 
Epoch: 28, Loss: 0.7313, Train: 48.63%, Valid: 47.64%, Test In: 48.17% Test OOD1: 42.90% Test OOD2: 50.72% Test OOD3: 47.62% 
Epoch: 29, Loss: 0.7289, Train: 48.65%, Valid: 47.66%, Test In: 48.21% Test OOD1: 42.88% Test OOD2: 50.71% Test OOD3: 47.57% 
Epoch: 30, Loss: 0.7266, Train: 48.79%, Valid: 47.79%, Test In: 48.35% Test OOD1: 42.91% Test OOD2: 50.72% Test OOD3: 47.56% 
Epoch: 31, Loss: 0.7245, Train: 49.08%, Valid: 48.04%, Test In: 48.62% Test OOD1: 42.99% Test OOD2: 50.73% Test OOD3: 47.61% 
Epoch: 32, Loss: 0.7226, Train: 49.51%, Valid: 48.40%, Test In: 48.98% Test OOD1: 43.12% Test OOD2: 50.76% Test OOD3: 47.70% 
Epoch: 33, Loss: 0.7209, Train: 50.09%, Valid: 48.88%, Test In: 49.46% Test OOD1: 43.30% Test OOD2: 50.79% Test OOD3: 47.84% 
Epoch: 34, Loss: 0.7194, Train: 50.79%, Valid: 49.46%, Test In: 50.06% Test OOD1: 43.52% Test OOD2: 50.85% Test OOD3: 48.02% 
Epoch: 35, Loss: 0.7181, Train: 51.66%, Valid: 50.16%, Test In: 50.79% Test OOD1: 43.80% Test OOD2: 50.91% Test OOD3: 48.26% 
Epoch: 36, Loss: 0.7171, Train: 52.71%, Valid: 51.02%, Test In: 51.66% Test OOD1: 44.15% Test OOD2: 51.00% Test OOD3: 48.56% 
Epoch: 37, Loss: 0.7162, Train: 54.00%, Valid: 52.07%, Test In: 52.74% Test OOD1: 44.57% Test OOD2: 51.10% Test OOD3: 48.93% 
Epoch: 38, Loss: 0.7153, Train: 55.58%, Valid: 53.36%, Test In: 54.04% Test OOD1: 45.12% Test OOD2: 51.23% Test OOD3: 49.41% 
Epoch: 39, Loss: 0.7146, Train: 57.50%, Valid: 54.93%, Test In: 55.62% Test OOD1: 45.83% Test OOD2: 51.39% Test OOD3: 50.02% 
Epoch: 40, Loss: 0.7137, Train: 59.74%, Valid: 56.77%, Test In: 57.48% Test OOD1: 46.73% Test OOD2: 51.60% Test OOD3: 50.79% 
Epoch: 41, Loss: 0.7128, Train: 62.29%, Valid: 58.89%, Test In: 59.58% Test OOD1: 47.89% Test OOD2: 51.83% Test OOD3: 51.75% 
Epoch: 42, Loss: 0.7119, Train: 65.03%, Valid: 61.18%, Test In: 61.85% Test OOD1: 49.39% Test OOD2: 52.10% Test OOD3: 52.97% 
Epoch: 43, Loss: 0.7108, Train: 67.75%, Valid: 63.50%, Test In: 64.15% Test OOD1: 51.34% Test OOD2: 52.37% Test OOD3: 54.45% 
Epoch: 44, Loss: 0.7096, Train: 70.20%, Valid: 65.61%, Test In: 66.33% Test OOD1: 53.76% Test OOD2: 52.60% Test OOD3: 56.20% 
Epoch: 45, Loss: 0.7083, Train: 72.17%, Valid: 67.26%, Test In: 68.17% Test OOD1: 56.53% Test OOD2: 52.77% Test OOD3: 58.08% 
Epoch: 46, Loss: 0.7069, Train: 73.55%, Valid: 68.41%, Test In: 69.52% Test OOD1: 59.43% Test OOD2: 52.84% Test OOD3: 59.87% 
Epoch: 47, Loss: 0.7056, Train: 74.33%, Valid: 69.11%, Test In: 70.29% Test OOD1: 62.06% Test OOD2: 52.77% Test OOD3: 61.27% 
Epoch: 48, Loss: 0.7042, Train: 74.58%, Valid: 69.36%, Test In: 70.53% Test OOD1: 64.05% Test OOD2: 52.57% Test OOD3: 62.13% 
Epoch: 49, Loss: 0.7028, Train: 74.46%, Valid: 69.26%, Test In: 70.38% Test OOD1: 65.19% Test OOD2: 52.31% Test OOD3: 62.53% 
Epoch: 50, Loss: 0.7014, Train: 74.09%, Valid: 68.95%, Test In: 69.98% Test OOD1: 65.72% Test OOD2: 52.08% Test OOD3: 62.58% 
Epoch: 51, Loss: 0.7000, Train: 73.52%, Valid: 68.56%, Test In: 69.43% Test OOD1: 65.88% Test OOD2: 51.92% Test OOD3: 62.43% 
Epoch: 52, Loss: 0.6986, Train: 72.85%, Valid: 68.14%, Test In: 68.84% Test OOD1: 65.82% Test OOD2: 51.80% Test OOD3: 62.20% 
Epoch: 53, Loss: 0.6972, Train: 72.17%, Valid: 67.69%, Test In: 68.28% Test OOD1: 65.64% Test OOD2: 51.72% Test OOD3: 61.95% 
Epoch: 54, Loss: 0.6958, Train: 71.57%, Valid: 67.29%, Test In: 67.77% Test OOD1: 65.41% Test OOD2: 51.65% Test OOD3: 61.72% 
Epoch: 55, Loss: 0.6944, Train: 71.07%, Valid: 66.95%, Test In: 67.33% Test OOD1: 65.18% Test OOD2: 51.58% Test OOD3: 61.54% 
Epoch: 56, Loss: 0.6929, Train: 70.66%, Valid: 66.69%, Test In: 66.98% Test OOD1: 64.99% Test OOD2: 51.54% Test OOD3: 61.40% 
Epoch: 57, Loss: 0.6914, Train: 70.34%, Valid: 66.46%, Test In: 66.69% Test OOD1: 64.83% Test OOD2: 51.52% Test OOD3: 61.29% 
Epoch: 58, Loss: 0.6899, Train: 70.10%, Valid: 66.29%, Test In: 66.46% Test OOD1: 64.71% Test OOD2: 51.50% Test OOD3: 61.21% 
Epoch: 59, Loss: 0.6884, Train: 69.92%, Valid: 66.15%, Test In: 66.28% Test OOD1: 64.64% Test OOD2: 51.49% Test OOD3: 61.15% 
Epoch: 60, Loss: 0.6868, Train: 69.79%, Valid: 66.05%, Test In: 66.16% Test OOD1: 64.58% Test OOD2: 51.49% Test OOD3: 61.12% 
Epoch: 61, Loss: 0.6852, Train: 69.70%, Valid: 65.98%, Test In: 66.07% Test OOD1: 64.55% Test OOD2: 51.49% Test OOD3: 61.10% 
Epoch: 62, Loss: 0.6835, Train: 69.65%, Valid: 65.94%, Test In: 66.01% Test OOD1: 64.54% Test OOD2: 51.50% Test OOD3: 61.10% 
Epoch: 63, Loss: 0.6818, Train: 69.63%, Valid: 65.92%, Test In: 65.98% Test OOD1: 64.54% Test OOD2: 51.51% Test OOD3: 61.11% 
Epoch: 64, Loss: 0.6801, Train: 69.65%, Valid: 65.91%, Test In: 65.97% Test OOD1: 64.56% Test OOD2: 51.52% Test OOD3: 61.13% 
Epoch: 65, Loss: 0.6783, Train: 69.69%, Valid: 65.93%, Test In: 65.99% Test OOD1: 64.58% Test OOD2: 51.54% Test OOD3: 61.16% 
Epoch: 66, Loss: 0.6764, Train: 69.76%, Valid: 65.95%, Test In: 66.03% Test OOD1: 64.62% Test OOD2: 51.56% Test OOD3: 61.20% 
Epoch: 67, Loss: 0.6746, Train: 69.85%, Valid: 66.00%, Test In: 66.09% Test OOD1: 64.66% Test OOD2: 51.59% Test OOD3: 61.25% 
Epoch: 68, Loss: 0.6726, Train: 69.95%, Valid: 66.05%, Test In: 66.16% Test OOD1: 64.72% Test OOD2: 51.61% Test OOD3: 61.30% 
Epoch: 69, Loss: 0.6707, Train: 70.06%, Valid: 66.12%, Test In: 66.23% Test OOD1: 64.77% Test OOD2: 51.64% Test OOD3: 61.35% 
Epoch: 70, Loss: 0.6687, Train: 70.19%, Valid: 66.19%, Test In: 66.32% Test OOD1: 64.83% Test OOD2: 51.66% Test OOD3: 61.42% 
Epoch: 71, Loss: 0.6666, Train: 70.32%, Valid: 66.27%, Test In: 66.41% Test OOD1: 64.89% Test OOD2: 51.68% Test OOD3: 61.48% 
Epoch: 72, Loss: 0.6646, Train: 70.46%, Valid: 66.36%, Test In: 66.51% Test OOD1: 64.95% Test OOD2: 51.71% Test OOD3: 61.55% 
Epoch: 73, Loss: 0.6624, Train: 70.61%, Valid: 66.46%, Test In: 66.61% Test OOD1: 65.02% Test OOD2: 51.73% Test OOD3: 61.61% 
Epoch: 74, Loss: 0.6602, Train: 70.77%, Valid: 66.56%, Test In: 66.73% Test OOD1: 65.09% Test OOD2: 51.76% Test OOD3: 61.68% 
Epoch: 75, Loss: 0.6580, Train: 70.94%, Valid: 66.67%, Test In: 66.86% Test OOD1: 65.17% Test OOD2: 51.80% Test OOD3: 61.76% 
Epoch: 76, Loss: 0.6556, Train: 71.13%, Valid: 66.79%, Test In: 67.00% Test OOD1: 65.26% Test OOD2: 51.83% Test OOD3: 61.84% 
Epoch: 77, Loss: 0.6533, Train: 71.35%, Valid: 66.92%, Test In: 67.17% Test OOD1: 65.36% Test OOD2: 51.87% Test OOD3: 61.93% 
Epoch: 78, Loss: 0.6508, Train: 71.58%, Valid: 67.07%, Test In: 67.34% Test OOD1: 65.46% Test OOD2: 51.91% Test OOD3: 62.02% 
Epoch: 79, Loss: 0.6483, Train: 71.82%, Valid: 67.23%, Test In: 67.53% Test OOD1: 65.56% Test OOD2: 51.96% Test OOD3: 62.12% 
Epoch: 80, Loss: 0.6457, Train: 72.08%, Valid: 67.39%, Test In: 67.72% Test OOD1: 65.67% Test OOD2: 52.01% Test OOD3: 62.23% 
Epoch: 81, Loss: 0.6431, Train: 72.35%, Valid: 67.55%, Test In: 67.92% Test OOD1: 65.79% Test OOD2: 52.06% Test OOD3: 62.33% 
Epoch: 82, Loss: 0.6404, Train: 72.62%, Valid: 67.71%, Test In: 68.13% Test OOD1: 65.89% Test OOD2: 52.11% Test OOD3: 62.44% 
Epoch: 83, Loss: 0.6376, Train: 72.90%, Valid: 67.87%, Test In: 68.33% Test OOD1: 66.00% Test OOD2: 52.17% Test OOD3: 62.54% 
Epoch: 84, Loss: 0.6348, Train: 73.18%, Valid: 68.04%, Test In: 68.52% Test OOD1: 66.11% Test OOD2: 52.22% Test OOD3: 62.65% 
Epoch: 85, Loss: 0.6319, Train: 73.46%, Valid: 68.21%, Test In: 68.72% Test OOD1: 66.21% Test OOD2: 52.27% Test OOD3: 62.76% 
Epoch: 86, Loss: 0.6290, Train: 73.74%, Valid: 68.38%, Test In: 68.93% Test OOD1: 66.30% Test OOD2: 52.34% Test OOD3: 62.86% 
Epoch: 87, Loss: 0.6260, Train: 74.04%, Valid: 68.54%, Test In: 69.12% Test OOD1: 66.39% Test OOD2: 52.40% Test OOD3: 62.97% 
Epoch: 88, Loss: 0.6230, Train: 74.33%, Valid: 68.71%, Test In: 69.32% Test OOD1: 66.45% Test OOD2: 52.47% Test OOD3: 63.08% 
Epoch: 89, Loss: 0.6200, Train: 74.61%, Valid: 68.86%, Test In: 69.50% Test OOD1: 66.50% Test OOD2: 52.54% Test OOD3: 63.17% 
Epoch: 90, Loss: 0.6169, Train: 74.87%, Valid: 69.01%, Test In: 69.67% Test OOD1: 66.53% Test OOD2: 52.62% Test OOD3: 63.26% 
Epoch: 91, Loss: 0.6138, Train: 75.12%, Valid: 69.14%, Test In: 69.84% Test OOD1: 66.55% Test OOD2: 52.68% Test OOD3: 63.34% 
Epoch: 92, Loss: 0.6107, Train: 75.36%, Valid: 69.26%, Test In: 69.98% Test OOD1: 66.54% Test OOD2: 52.75% Test OOD3: 63.41% 
Epoch: 93, Loss: 0.6075, Train: 75.59%, Valid: 69.38%, Test In: 70.12% Test OOD1: 66.52% Test OOD2: 52.83% Test OOD3: 63.48% 
Epoch: 94, Loss: 0.6044, Train: 75.82%, Valid: 69.49%, Test In: 70.25% Test OOD1: 66.47% Test OOD2: 52.90% Test OOD3: 63.53% 
Epoch: 95, Loss: 0.6013, Train: 76.03%, Valid: 69.60%, Test In: 70.36% Test OOD1: 66.41% Test OOD2: 52.98% Test OOD3: 63.58% 
Epoch: 96, Loss: 0.5982, Train: 76.22%, Valid: 69.69%, Test In: 70.45% Test OOD1: 66.34% Test OOD2: 53.04% Test OOD3: 63.62% 
Epoch: 97, Loss: 0.5951, Train: 76.41%, Valid: 69.77%, Test In: 70.54% Test OOD1: 66.27% Test OOD2: 53.10% Test OOD3: 63.65% 
Epoch: 98, Loss: 0.5921, Train: 76.58%, Valid: 69.85%, Test In: 70.60% Test OOD1: 66.19% Test OOD2: 53.16% Test OOD3: 63.67% 
Epoch: 99, Loss: 0.5891, Train: 76.75%, Valid: 69.91%, Test In: 70.66% Test OOD1: 66.11% Test OOD2: 53.21% Test OOD3: 63.69% 
Epoch: 100, Loss: 0.5861, Train: 76.90%, Valid: 69.96%, Test In: 70.71% Test OOD1: 66.03% Test OOD2: 53.27% Test OOD3: 63.70% 
Epoch: 101, Loss: 0.5832, Train: 77.05%, Valid: 70.01%, Test In: 70.75% Test OOD1: 65.96% Test OOD2: 53.31% Test OOD3: 63.70% 
Epoch: 102, Loss: 0.5804, Train: 77.19%, Valid: 70.05%, Test In: 70.78% Test OOD1: 65.90% Test OOD2: 53.35% Test OOD3: 63.70% 
Epoch: 103, Loss: 0.5776, Train: 77.32%, Valid: 70.08%, Test In: 70.81% Test OOD1: 65.84% Test OOD2: 53.37% Test OOD3: 63.69% 
Epoch: 104, Loss: 0.5748, Train: 77.46%, Valid: 70.11%, Test In: 70.84% Test OOD1: 65.79% Test OOD2: 53.40% Test OOD3: 63.67% 
Epoch: 105, Loss: 0.5721, Train: 77.60%, Valid: 70.14%, Test In: 70.86% Test OOD1: 65.75% Test OOD2: 53.42% Test OOD3: 63.66% 
Epoch: 106, Loss: 0.5694, Train: 77.73%, Valid: 70.15%, Test In: 70.88% Test OOD1: 65.72% Test OOD2: 53.42% Test OOD3: 63.64% 
Epoch: 107, Loss: 0.5667, Train: 77.86%, Valid: 70.17%, Test In: 70.90% Test OOD1: 65.69% Test OOD2: 53.44% Test OOD3: 63.62% 
Epoch: 108, Loss: 0.5640, Train: 77.98%, Valid: 70.17%, Test In: 70.90% Test OOD1: 65.66% Test OOD2: 53.44% Test OOD3: 63.60% 
Epoch: 109, Loss: 0.5614, Train: 78.11%, Valid: 70.19%, Test In: 70.90% Test OOD1: 65.65% Test OOD2: 53.45% Test OOD3: 63.57% 
Epoch: 110, Loss: 0.5587, Train: 78.24%, Valid: 70.19%, Test In: 70.90% Test OOD1: 65.62% Test OOD2: 53.44% Test OOD3: 63.54% 
Epoch: 111, Loss: 0.5561, Train: 78.37%, Valid: 70.19%, Test In: 70.88% Test OOD1: 65.61% Test OOD2: 53.44% Test OOD3: 63.51% 
Epoch: 112, Loss: 0.5534, Train: 78.50%, Valid: 70.17%, Test In: 70.86% Test OOD1: 65.57% Test OOD2: 53.44% Test OOD3: 63.48% 
Epoch: 113, Loss: 0.5508, Train: 78.62%, Valid: 70.16%, Test In: 70.84% Test OOD1: 65.57% Test OOD2: 53.43% Test OOD3: 63.45% 
Epoch: 114, Loss: 0.5482, Train: 78.76%, Valid: 70.13%, Test In: 70.80% Test OOD1: 65.47% Test OOD2: 53.44% Test OOD3: 63.40% 
Epoch: 115, Loss: 0.5455, Train: 78.87%, Valid: 70.12%, Test In: 70.78% Test OOD1: 65.51% Test OOD2: 53.42% Test OOD3: 63.39% 
Epoch: 116, Loss: 0.5428, Train: 79.02%, Valid: 70.08%, Test In: 70.73% Test OOD1: 65.38% Test OOD2: 53.42% Test OOD3: 63.33% 
Epoch: 117, Loss: 0.5401, Train: 79.14%, Valid: 70.06%, Test In: 70.70% Test OOD1: 65.39% Test OOD2: 53.40% Test OOD3: 63.30% 
Epoch: 118, Loss: 0.5374, Train: 79.26%, Valid: 70.03%, Test In: 70.65% Test OOD1: 65.34% Test OOD2: 53.39% Test OOD3: 63.27% 
Epoch: 119, Loss: 0.5347, Train: 79.40%, Valid: 69.98%, Test In: 70.59% Test OOD1: 65.23% Test OOD2: 53.39% Test OOD3: 63.21% 
Epoch: 120, Loss: 0.5320, Train: 79.51%, Valid: 69.96%, Test In: 70.55% Test OOD1: 65.25% Test OOD2: 53.37% Test OOD3: 63.19% 
Epoch: 121, Loss: 0.5293, Train: 79.64%, Valid: 69.91%, Test In: 70.50% Test OOD1: 65.16% Test OOD2: 53.36% Test OOD3: 63.14% 
Epoch: 122, Loss: 0.5266, Train: 79.77%, Valid: 69.87%, Test In: 70.44% Test OOD1: 65.08% Test OOD2: 53.34% Test OOD3: 63.09% 
Epoch: 123, Loss: 0.5238, Train: 79.88%, Valid: 69.84%, Test In: 70.38% Test OOD1: 65.08% Test OOD2: 53.31% Test OOD3: 63.06% 
Epoch: 124, Loss: 0.5211, Train: 80.00%, Valid: 69.79%, Test In: 70.32% Test OOD1: 64.97% Test OOD2: 53.30% Test OOD3: 63.00% 
Epoch: 125, Loss: 0.5184, Train: 80.12%, Valid: 69.77%, Test In: 70.27% Test OOD1: 64.91% Test OOD2: 53.27% Test OOD3: 62.96% 
Epoch: 126, Loss: 0.5156, Train: 80.23%, Valid: 69.73%, Test In: 70.22% Test OOD1: 64.89% Test OOD2: 53.24% Test OOD3: 62.93% 
Epoch: 127, Loss: 0.5129, Train: 80.38%, Valid: 69.68%, Test In: 70.16% Test OOD1: 64.71% Test OOD2: 53.23% Test OOD3: 62.85% 
Epoch: 128, Loss: 0.5102, Train: 80.44%, Valid: 69.67%, Test In: 70.12% Test OOD1: 64.80% Test OOD2: 53.18% Test OOD3: 62.85% 
Epoch: 129, Loss: 0.5075, Train: 80.61%, Valid: 69.61%, Test In: 70.06% Test OOD1: 64.57% Test OOD2: 53.18% Test OOD3: 62.75% 
Epoch: 130, Loss: 0.5047, Train: 80.71%, Valid: 69.58%, Test In: 70.01% Test OOD1: 64.55% Test OOD2: 53.15% Test OOD3: 62.72% 
Epoch: 131, Loss: 0.5019, Train: 80.79%, Valid: 69.56%, Test In: 69.98% Test OOD1: 64.57% Test OOD2: 53.11% Test OOD3: 62.70% 
Epoch: 132, Loss: 0.4993, Train: 80.96%, Valid: 69.50%, Test In: 69.93% Test OOD1: 64.36% Test OOD2: 53.10% Test OOD3: 62.61% 
Epoch: 133, Loss: 0.4965, Train: 81.05%, Valid: 69.48%, Test In: 69.89% Test OOD1: 64.34% Test OOD2: 53.07% Test OOD3: 62.58% 
Epoch: 134, Loss: 0.4938, Train: 81.15%, Valid: 69.44%, Test In: 69.86% Test OOD1: 64.29% Test OOD2: 53.04% Test OOD3: 62.54% 
Epoch: 135, Loss: 0.4911, Train: 81.27%, Valid: 69.41%, Test In: 69.83% Test OOD1: 64.22% Test OOD2: 53.01% Test OOD3: 62.49% 
Epoch: 136, Loss: 0.4883, Train: 81.40%, Valid: 69.36%, Test In: 69.78% Test OOD1: 64.09% Test OOD2: 53.00% Test OOD3: 62.42% 
Epoch: 137, Loss: 0.4857, Train: 81.48%, Valid: 69.35%, Test In: 69.76% Test OOD1: 64.11% Test OOD2: 52.96% Test OOD3: 62.40% 
Epoch: 138, Loss: 0.4829, Train: 81.59%, Valid: 69.31%, Test In: 69.73% Test OOD1: 64.04% Test OOD2: 52.94% Test OOD3: 62.36% 
Epoch: 139, Loss: 0.4802, Train: 81.73%, Valid: 69.26%, Test In: 69.69% Test OOD1: 63.90% Test OOD2: 52.92% Test OOD3: 62.29% 
Epoch: 140, Loss: 0.4776, Train: 81.80%, Valid: 69.25%, Test In: 69.68% Test OOD1: 63.95% Test OOD2: 52.88% Test OOD3: 62.28% 
Epoch: 141, Loss: 0.4749, Train: 81.93%, Valid: 69.21%, Test In: 69.65% Test OOD1: 63.84% Test OOD2: 52.87% Test OOD3: 62.22% 
Epoch: 142, Loss: 0.4723, Train: 82.01%, Valid: 69.18%, Test In: 69.62% Test OOD1: 63.83% Test OOD2: 52.84% Test OOD3: 62.19% 
Epoch: 143, Loss: 0.4698, Train: 82.15%, Valid: 69.14%, Test In: 69.59% Test OOD1: 63.69% Test OOD2: 52.82% Test OOD3: 62.13% 
Epoch: 144, Loss: 0.4671, Train: 82.21%, Valid: 69.13%, Test In: 69.58% Test OOD1: 63.75% Test OOD2: 52.78% Test OOD3: 62.12% 
Epoch: 145, Loss: 0.4645, Train: 82.34%, Valid: 69.08%, Test In: 69.55% Test OOD1: 63.64% Test OOD2: 52.77% Test OOD3: 62.07% 
Epoch: 146, Loss: 0.4619, Train: 82.45%, Valid: 69.05%, Test In: 69.53% Test OOD1: 63.54% Test OOD2: 52.75% Test OOD3: 62.02% 
Epoch: 147, Loss: 0.4594, Train: 82.51%, Valid: 69.04%, Test In: 69.53% Test OOD1: 63.61% Test OOD2: 52.71% Test OOD3: 62.02% 
Epoch: 148, Loss: 0.4569, Train: 82.62%, Valid: 68.98%, Test In: 69.49% Test OOD1: 63.44% Test OOD2: 52.71% Test OOD3: 61.95% 
Epoch: 149, Loss: 0.4544, Train: 82.77%, Valid: 68.97%, Test In: 69.48% Test OOD1: 63.41% Test OOD2: 52.68% Test OOD3: 61.91% 
Epoch: 150, Loss: 0.4519, Train: 82.78%, Valid: 68.95%, Test In: 69.46% Test OOD1: 63.44% Test OOD2: 52.65% Test OOD3: 61.90% 
Epoch: 151, Loss: 0.4494, Train: 82.93%, Valid: 68.90%, Test In: 69.43% Test OOD1: 63.27% Test OOD2: 52.64% Test OOD3: 61.83% 
Epoch: 152, Loss: 0.4470, Train: 83.03%, Valid: 68.89%, Test In: 69.42% Test OOD1: 63.30% Test OOD2: 52.61% Test OOD3: 61.81% 
Epoch: 153, Loss: 0.4445, Train: 83.08%, Valid: 68.87%, Test In: 69.40% Test OOD1: 63.26% Test OOD2: 52.59% Test OOD3: 61.78% 
Epoch: 154, Loss: 0.4421, Train: 83.21%, Valid: 68.82%, Test In: 69.37% Test OOD1: 63.12% Test OOD2: 52.58% Test OOD3: 61.71% 
Epoch: 155, Loss: 0.4398, Train: 83.28%, Valid: 68.82%, Test In: 69.37% Test OOD1: 63.20% Test OOD2: 52.55% Test OOD3: 61.71% 
Epoch: 156, Loss: 0.4375, Train: 83.38%, Valid: 68.78%, Test In: 69.33% Test OOD1: 63.07% Test OOD2: 52.55% Test OOD3: 61.65% 
Epoch: 157, Loss: 0.4350, Train: 83.46%, Valid: 68.76%, Test In: 69.31% Test OOD1: 63.03% Test OOD2: 52.53% Test OOD3: 61.62% 
Epoch: 158, Loss: 0.4327, Train: 83.56%, Valid: 68.75%, Test In: 69.31% Test OOD1: 63.05% Test OOD2: 52.50% Test OOD3: 61.60% 
Epoch: 159, Loss: 0.4305, Train: 83.68%, Valid: 68.70%, Test In: 69.27% Test OOD1: 62.89% Test OOD2: 52.50% Test OOD3: 61.53% 
Epoch: 160, Loss: 0.4282, Train: 83.69%, Valid: 68.70%, Test In: 69.26% Test OOD1: 62.95% Test OOD2: 52.47% Test OOD3: 61.52% 
Epoch: 161, Loss: 0.4259, Train: 83.86%, Valid: 68.67%, Test In: 69.23% Test OOD1: 62.83% Test OOD2: 52.47% Test OOD3: 61.46% 
Epoch: 162, Loss: 0.4236, Train: 83.91%, Valid: 68.65%, Test In: 69.22% Test OOD1: 62.83% Test OOD2: 52.45% Test OOD3: 61.44% 
Epoch: 163, Loss: 0.4213, Train: 83.96%, Valid: 68.63%, Test In: 69.20% Test OOD1: 62.78% Test OOD2: 52.43% Test OOD3: 61.40% 
Epoch: 164, Loss: 0.4192, Train: 84.11%, Valid: 68.61%, Test In: 69.18% Test OOD1: 62.70% Test OOD2: 52.43% Test OOD3: 61.35% 
Epoch: 165, Loss: 0.4169, Train: 84.14%, Valid: 68.61%, Test In: 69.17% Test OOD1: 62.75% Test OOD2: 52.41% Test OOD3: 61.34% 
Epoch: 166, Loss: 0.4147, Train: 84.24%, Valid: 68.57%, Test In: 69.13% Test OOD1: 62.58% Test OOD2: 52.40% Test OOD3: 61.26% 
Epoch: 167, Loss: 0.4127, Train: 84.30%, Valid: 68.59%, Test In: 69.14% Test OOD1: 62.71% Test OOD2: 52.38% Test OOD3: 61.28% 
Epoch: 168, Loss: 0.4105, Train: 84.47%, Valid: 68.54%, Test In: 69.10% Test OOD1: 62.50% Test OOD2: 52.39% Test OOD3: 61.18% 
Epoch: 169, Loss: 0.4084, Train: 84.42%, Valid: 68.55%, Test In: 69.09% Test OOD1: 62.63% Test OOD2: 52.36% Test OOD3: 61.22% 
Epoch: 170, Loss: 0.4064, Train: 84.60%, Valid: 68.53%, Test In: 69.06% Test OOD1: 62.45% Test OOD2: 52.36% Test OOD3: 61.12% 
Epoch: 171, Loss: 0.4042, Train: 84.66%, Valid: 68.52%, Test In: 69.06% Test OOD1: 62.51% Test OOD2: 52.35% Test OOD3: 61.12% 
Epoch: 172, Loss: 0.4020, Train: 84.67%, Valid: 68.52%, Test In: 69.04% Test OOD1: 62.49% Test OOD2: 52.33% Test OOD3: 61.10% 
Epoch: 173, Loss: 0.4000, Train: 84.83%, Valid: 68.48%, Test In: 69.01% Test OOD1: 62.34% Test OOD2: 52.34% Test OOD3: 61.02% 
Epoch: 174, Loss: 0.3981, Train: 84.82%, Valid: 68.50%, Test In: 69.02% Test OOD1: 62.49% Test OOD2: 52.31% Test OOD3: 61.06% 
Epoch: 175, Loss: 0.3962, Train: 84.96%, Valid: 68.45%, Test In: 68.97% Test OOD1: 62.29% Test OOD2: 52.32% Test OOD3: 60.97% 
Epoch: 176, Loss: 0.3941, Train: 85.00%, Valid: 68.46%, Test In: 68.98% Test OOD1: 62.35% Test OOD2: 52.29% Test OOD3: 60.98% 
Epoch: 177, Loss: 0.3920, Train: 85.08%, Valid: 68.45%, Test In: 68.97% Test OOD1: 62.33% Test OOD2: 52.28% Test OOD3: 60.95% 
Epoch: 178, Loss: 0.3902, Train: 85.17%, Valid: 68.42%, Test In: 68.94% Test OOD1: 62.23% Test OOD2: 52.28% Test OOD3: 60.90% 
Epoch: 179, Loss: 0.3882, Train: 85.21%, Valid: 68.43%, Test In: 68.95% Test OOD1: 62.28% Test OOD2: 52.26% Test OOD3: 60.90% 
Epoch: 180, Loss: 0.3863, Train: 85.32%, Valid: 68.40%, Test In: 68.93% Test OOD1: 62.22% Test OOD2: 52.26% Test OOD3: 60.86% 
Epoch: 181, Loss: 0.3846, Train: 85.35%, Valid: 68.40%, Test In: 68.93% Test OOD1: 62.19% Test OOD2: 52.24% Test OOD3: 60.84% 
Epoch: 182, Loss: 0.3829, Train: 85.46%, Valid: 68.38%, Test In: 68.91% Test OOD1: 62.16% Test OOD2: 52.24% Test OOD3: 60.81% 
Epoch: 183, Loss: 0.3809, Train: 85.50%, Valid: 68.37%, Test In: 68.91% Test OOD1: 62.16% Test OOD2: 52.22% Test OOD3: 60.79% 
Epoch: 184, Loss: 0.3789, Train: 85.60%, Valid: 68.36%, Test In: 68.90% Test OOD1: 62.08% Test OOD2: 52.21% Test OOD3: 60.75% 
Epoch: 185, Loss: 0.3772, Train: 85.65%, Valid: 68.34%, Test In: 68.89% Test OOD1: 62.12% Test OOD2: 52.20% Test OOD3: 60.75% 
Epoch: 186, Loss: 0.3755, Train: 85.71%, Valid: 68.34%, Test In: 68.88% Test OOD1: 62.06% Test OOD2: 52.19% Test OOD3: 60.71% 
Epoch: 187, Loss: 0.3738, Train: 85.83%, Valid: 68.32%, Test In: 68.88% Test OOD1: 62.01% Test OOD2: 52.18% Test OOD3: 60.67% 
Epoch: 188, Loss: 0.3720, Train: 85.83%, Valid: 68.32%, Test In: 68.88% Test OOD1: 62.08% Test OOD2: 52.17% Test OOD3: 60.68% 
Epoch: 189, Loss: 0.3703, Train: 85.98%, Valid: 68.31%, Test In: 68.87% Test OOD1: 61.92% Test OOD2: 52.16% Test OOD3: 60.61% 
Epoch: 190, Loss: 0.3687, Train: 85.97%, Valid: 68.31%, Test In: 68.88% Test OOD1: 62.04% Test OOD2: 52.14% Test OOD3: 60.64% 
Epoch: 191, Loss: 0.3669, Train: 86.10%, Valid: 68.30%, Test In: 68.87% Test OOD1: 61.91% Test OOD2: 52.13% Test OOD3: 60.58% 
Epoch: 192, Loss: 0.3651, Train: 86.14%, Valid: 68.30%, Test In: 68.87% Test OOD1: 61.94% Test OOD2: 52.12% Test OOD3: 60.58% 
Epoch: 193, Loss: 0.3633, Train: 86.20%, Valid: 68.29%, Test In: 68.87% Test OOD1: 61.93% Test OOD2: 52.11% Test OOD3: 60.57% 
Epoch: 194, Loss: 0.3617, Train: 86.32%, Valid: 68.29%, Test In: 68.87% Test OOD1: 61.84% Test OOD2: 52.10% Test OOD3: 60.52% 
Epoch: 195, Loss: 0.3601, Train: 86.31%, Valid: 68.28%, Test In: 68.88% Test OOD1: 61.94% Test OOD2: 52.09% Test OOD3: 60.55% 
Epoch: 196, Loss: 0.3585, Train: 86.49%, Valid: 68.27%, Test In: 68.87% Test OOD1: 61.77% Test OOD2: 52.09% Test OOD3: 60.47% 
Epoch: 197, Loss: 0.3569, Train: 86.43%, Valid: 68.28%, Test In: 68.88% Test OOD1: 61.90% Test OOD2: 52.07% Test OOD3: 60.52% 
Epoch: 198, Loss: 0.3552, Train: 86.62%, Valid: 68.25%, Test In: 68.87% Test OOD1: 61.74% Test OOD2: 52.08% Test OOD3: 60.44% 
Epoch: 199, Loss: 0.3535, Train: 86.60%, Valid: 68.26%, Test In: 68.88% Test OOD1: 61.82% Test OOD2: 52.05% Test OOD3: 60.47% 
Run 03:
Highest Train: 86.62
Highest Valid: 70.19
Highest In Test: 70.90
Highest OOD Test: 66.55
Highest OOD Test: 53.45
Highest OOD Test: 63.70
Chosen epoch: 111
Final Train: 78.24
Final In Test: 70.90
Final OOD Test: 65.62
Final OOD Test: 53.44
Final OOD Test: 63.54
All runs:
Highest Train: 86.76 ± 0.67
Highest Valid: 70.25 ± 0.29
Highest In Test: 70.96 ± 0.18
Highest OOD Test: 66.68 ± 0.16
Highest OOD Test: 53.43 ± 0.01
Highest OOD Test: 63.71 ± 0.08
  Final Train: 77.70 ± 0.48
   Final In  Test: 70.89 ± 0.29
   Final OOD Test: 65.82 ± 0.23
   Final OOD Test: 53.39 ± 0.05
   Final OOD Test: 63.61 ± 0.10
[INFO] TensorBoard writer closed.

Command: python main.py --dataset twitch --backbone_type gcn --env_type graph --combine_result --store_result --epochs 200 --runs 3 --num_layers 2 --expert_agg mean --tau 3 --lr 0.01 --weight_decay 5e-5 --dropout 0.0 --K 3 --hidden_channels 64 --seed 123 --device 0 --lr 0.001 --weight_decay 5e-05 --dropout 0.0 --lamda 0.1 --K 4 --hidden_channels 32 --other_env_reduce env --result_name twitch_stage1_lr0.001_weight_decay5e-05_dropout0.0_lamda0.1_K4_hidden_channels32_other_env_reduceenv
Return code: 0
Elapsed: 218.37s
